[00:00:00.000015] Starting generation for run 1...
[00:00:00.003182] Starting generation for run 2...
[00:00:00.003260] Starting generation for run 3...
[00:00:00.003303] Starting generation for run 4...
[00:00:00.003345] Starting generation for run 5...
[00:00:00.003387] Starting generation for run 6...
[00:00:00.003429] Starting generation for run 7...
[00:00:00.003478] Starting generation for run 8...
[00:00:00.003524] Starting generation for run 9...
[00:00:00.003573] Starting generation for run 10...
[00:00:00.003623] Starting generation for run 11...
[00:00:00.003674] Starting generation for run 12...
[00:00:00.003730] Starting generation for run 13...
[00:00:00.003789] Starting generation for run 14...
[00:00:00.003832] Starting generation for run 15...
[00:00:00.003876] Starting generation for run 16...
[00:00:00.003926] Starting generation for run 17...
[00:00:00.003969] Starting generation for run 18...
[00:00:00.004012] Starting generation for run 19...
[00:00:00.004054] Starting generation for run 20...
[00:01:40.988091] Generation for run 0 done!
[00:01:40.988170] Generation for run 1 done!
[00:01:40.988194] Generation for run 2 done!
[00:01:40.988217] Generation for run 3 done!
[00:01:40.988242] Generation for run 4 done!
[00:01:40.988263] Generation for run 5 done!
[00:01:40.988284] Generation for run 6 done!
[00:01:40.988303] Generation for run 7 done!
[00:01:40.988322] Generation for run 8 done!
[00:01:40.988341] Generation for run 9 done!
[00:01:40.988360] Generation for run 10 done!
[00:01:40.988378] Generation for run 11 done!
[00:01:40.988399] Generation for run 12 done!
[00:01:40.988418] Generation for run 13 done!
[00:01:40.988436] Generation for run 14 done!
[00:01:40.988455] Generation for run 15 done!
[00:03:21.795629] Generation for run 16 done!
[00:03:21.873475] Generation for run 17 done!
[00:03:21.873535] Generation for run 18 done!
[00:03:21.873541] Generation for run 19 done!
[00:03:21.891033] Grading run 1...
[00:03:21.946601] 	Command being timed: "python hlc_orderer.py report_logs/raw/10_sock_200_iter_3_2_send_2_5_drift.run01.log.shuffled"
[00:03:21.946673] 	User time (seconds): 0.03
[00:03:21.946689] 	System time (seconds): 0.01
[00:03:21.946702] 	Percent of CPU this job got: 98%
[00:03:21.946718] 	Elapsed (wall clock) time (h:mm:ss or m:ss): 0:00.05
[00:03:21.946734] 	Average shared text size (kbytes): 0
[00:03:21.946765] 	Average unshared data size (kbytes): 0
[00:03:21.946779] 	Average stack size (kbytes): 0
[00:03:21.946793] 	Average total size (kbytes): 0
[00:03:21.946809] 	Maximum resident set size (kbytes): 15844
[00:03:21.946824] 	Average resident set size (kbytes): 0
[00:03:21.946852] 	Major (requiring I/O) page faults: 0
[00:03:21.946880] 	Minor (reclaiming a frame) page faults: 2983
[00:03:21.946898] 	Voluntary context switches: 4
[00:03:21.946923] 	Involuntary context switches: 20
[00:03:21.946948] 	Swaps: 0
[00:03:21.946972] 	File system inputs: 624
[00:03:21.946996] 	File system outputs: 568
[00:03:21.947017] 	Socket messages sent: 0
[00:03:21.947037] 	Socket messages received: 0
[00:03:21.947057] 	Signals delivered: 0
[00:03:21.947078] 	Page size (bytes): 4096
[00:03:21.947098] 	Exit status: 0
[00:03:21.947119] 
[00:10:49.286254] 2,674,126 / 14,425 / 0
[00:10:49.287263] 
[00:10:49.408262] 	Command being timed: "python vc_orderer.py report_logs/raw/10_sock_200_iter_3_2_send_2_5_drift.run01.log.shuffled"
[00:10:49.408324] 	User time (seconds): 0.08
[00:10:49.408335] 	System time (seconds): 0.01
[00:10:49.408344] 	Percent of CPU this job got: 81%
[00:10:49.408353] 	Elapsed (wall clock) time (h:mm:ss or m:ss): 0:00.11
[00:10:49.408360] 	Average shared text size (kbytes): 0
[00:10:49.408369] 	Average unshared data size (kbytes): 0
[00:10:49.408377] 	Average stack size (kbytes): 0
[00:10:49.408385] 	Average total size (kbytes): 0
[00:10:49.408393] 	Maximum resident set size (kbytes): 15572
[00:10:49.408401] 	Average resident set size (kbytes): 0
[00:10:49.408408] 	Major (requiring I/O) page faults: 19
[00:10:49.408415] 	Minor (reclaiming a frame) page faults: 2944
[00:10:49.408422] 	Voluntary context switches: 113
[00:10:49.408429] 	Involuntary context switches: 27
[00:10:49.408435] 	Swaps: 0
[00:10:49.408442] 	File system inputs: 6208
[00:10:49.408449] 	File system outputs: 568
[00:10:49.408456] 	Socket messages sent: 0
[00:10:49.408463] 	Socket messages received: 0
[00:10:49.408470] 	Signals delivered: 0
[00:10:49.408479] 	Page size (bytes): 4096
[00:10:49.408487] 	Exit status: 0
[00:10:49.408494] 
[00:18:35.833363] 2,670,046 / 18,505 / 0
[00:18:35.833453] 
[00:18:35.833485] Grading run 2...
[00:18:35.913492] 	Command being timed: "python hlc_orderer.py report_logs/raw/10_sock_200_iter_3_2_send_2_5_drift.run02.log.shuffled"
[00:18:35.913591] 	User time (seconds): 0.06
[00:18:35.913621] 	System time (seconds): 0.01
[00:18:35.913645] 	Percent of CPU this job got: 97%
[00:18:35.913672] 	Elapsed (wall clock) time (h:mm:ss or m:ss): 0:00.07
[00:18:35.913697] 	Average shared text size (kbytes): 0
[00:18:35.913721] 	Average unshared data size (kbytes): 0
[00:18:35.913756] 	Average stack size (kbytes): 0
[00:18:35.913783] 	Average total size (kbytes): 0
[00:18:35.913807] 	Maximum resident set size (kbytes): 15428
[00:18:35.913830] 	Average resident set size (kbytes): 0
[00:18:35.913855] 	Major (requiring I/O) page faults: 0
[00:18:35.913879] 	Minor (reclaiming a frame) page faults: 2962
[00:18:35.913903] 	Voluntary context switches: 6
[00:18:35.913927] 	Involuntary context switches: 29
[00:18:35.913950] 	Swaps: 0
[00:18:35.913974] 	File system inputs: 640
[00:18:35.914004] 	File system outputs: 576
[00:18:35.914031] 	Socket messages sent: 0
[00:18:35.914051] 	Socket messages received: 0
[00:18:35.914072] 	Signals delivered: 0
[00:18:35.914096] 	Page size (bytes): 4096
[00:18:35.914118] 	Exit status: 0
[00:18:35.914153] 
[00:26:56.213293] 2,750,454 / 17,460 / 0
[00:26:56.213359] 
[00:26:56.298788] 	Command being timed: "python vc_orderer.py report_logs/raw/10_sock_200_iter_3_2_send_2_5_drift.run02.log.shuffled"
[00:26:56.298840] 	User time (seconds): 0.06
[00:26:56.298850] 	System time (seconds): 0.01
[00:26:56.298859] 	Percent of CPU this job got: 96%
[00:26:56.298866] 	Elapsed (wall clock) time (h:mm:ss or m:ss): 0:00.08
[00:26:56.298873] 	Average shared text size (kbytes): 0
[00:26:56.298881] 	Average unshared data size (kbytes): 0
[00:26:56.298889] 	Average stack size (kbytes): 0
[00:26:56.298896] 	Average total size (kbytes): 0
[00:26:56.298904] 	Maximum resident set size (kbytes): 15380
[00:26:56.298912] 	Average resident set size (kbytes): 0
[00:26:56.298920] 	Major (requiring I/O) page faults: 0
[00:26:56.298932] 	Minor (reclaiming a frame) page faults: 2945
[00:26:56.298940] 	Voluntary context switches: 6
[00:26:56.298946] 	Involuntary context switches: 31
[00:26:56.298952] 	Swaps: 0
[00:26:56.298959] 	File system inputs: 632
[00:26:56.298966] 	File system outputs: 576
[00:26:56.298972] 	Socket messages sent: 0
[00:26:56.298979] 	Socket messages received: 0
[00:26:56.298985] 	Signals delivered: 0
[00:26:56.298993] 	Page size (bytes): 4096
[00:26:56.298999] 	Exit status: 0
[00:26:56.299006] 
[00:35:12.415676] 2,749,864 / 18,050 / 0
[00:35:12.415740] 
[00:35:12.415765] Grading run 3...
[00:35:12.483855] 	Command being timed: "python hlc_orderer.py report_logs/raw/10_sock_200_iter_3_2_send_2_5_drift.run03.log.shuffled"
[00:35:12.483910] 	User time (seconds): 0.05
[00:35:12.483919] 	System time (seconds): 0.00
[00:35:12.483927] 	Percent of CPU this job got: 95%
[00:35:12.483934] 	Elapsed (wall clock) time (h:mm:ss or m:ss): 0:00.06
[00:35:12.483941] 	Average shared text size (kbytes): 0
[00:35:12.483948] 	Average unshared data size (kbytes): 0
[00:35:12.483955] 	Average stack size (kbytes): 0
[00:35:12.483967] 	Average total size (kbytes): 0
[00:35:12.483974] 	Maximum resident set size (kbytes): 15540
[00:35:12.483981] 	Average resident set size (kbytes): 0
[00:35:12.483989] 	Major (requiring I/O) page faults: 0
[00:35:12.483997] 	Minor (reclaiming a frame) page faults: 2959
[00:35:12.484004] 	Voluntary context switches: 7
[00:35:12.484011] 	Involuntary context switches: 24
[00:35:12.484021] 	Swaps: 0
[00:35:12.484028] 	File system inputs: 792
[00:35:12.484035] 	File system outputs: 568
[00:35:12.484041] 	Socket messages sent: 0
[00:35:12.484048] 	Socket messages received: 0
[00:35:12.484055] 	Signals delivered: 0
[00:35:12.484064] 	Page size (bytes): 4096
[00:35:12.484071] 	Exit status: 0
[00:35:12.484081] 
[00:43:18.461090] 2,716,906 / 18,171 / 0
[00:43:18.461143] 
[00:43:18.522058] 	Command being timed: "python vc_orderer.py report_logs/raw/10_sock_200_iter_3_2_send_2_5_drift.run03.log.shuffled"
[00:43:18.522107] 	User time (seconds): 0.04
[00:43:18.522116] 	System time (seconds): 0.01
[00:43:18.522124] 	Percent of CPU this job got: 96%
[00:43:18.522133] 	Elapsed (wall clock) time (h:mm:ss or m:ss): 0:00.05
[00:43:18.522141] 	Average shared text size (kbytes): 0
[00:43:18.522148] 	Average unshared data size (kbytes): 0
[00:43:18.522156] 	Average stack size (kbytes): 0
[00:43:18.522164] 	Average total size (kbytes): 0
[00:43:18.522172] 	Maximum resident set size (kbytes): 15724
[00:43:18.522180] 	Average resident set size (kbytes): 0
[00:43:18.522188] 	Major (requiring I/O) page faults: 0
[00:43:18.522197] 	Minor (reclaiming a frame) page faults: 2933
[00:43:18.522205] 	Voluntary context switches: 5
[00:43:18.522216] 	Involuntary context switches: 23
[00:43:18.522225] 	Swaps: 0
[00:43:18.522233] 	File system inputs: 632
[00:43:18.522244] 	File system outputs: 568
[00:43:18.522252] 	Socket messages sent: 0
[00:43:18.522260] 	Socket messages received: 0
[00:43:18.522269] 	Signals delivered: 0
[00:43:18.522277] 	Page size (bytes): 4096
[00:43:18.522285] 	Exit status: 0
[00:43:18.522293] 
