[00:00:00.026092] Starting generation for run 1...
[00:00:00.026199] Starting generation for run 2...
[00:00:00.026211] Starting generation for run 3...
[00:00:00.026220] Starting generation for run 4...
[00:00:00.026227] Starting generation for run 5...
[00:00:00.026236] Starting generation for run 6...
[00:00:00.026243] Starting generation for run 7...
[00:00:00.026263] Starting generation for run 8...
[00:00:00.026324] Starting generation for run 9...
[00:00:00.026346] Starting generation for run 10...
[00:00:00.026434] Starting generation for run 11...
[00:00:00.027384] Starting generation for run 12...
[00:00:00.027493] Starting generation for run 13...
[00:00:00.027517] Starting generation for run 14...
[00:00:00.027549] Starting generation for run 15...
[00:00:00.028557] Starting generation for run 16...
[00:00:00.028599] Starting generation for run 17...
[00:00:00.028613] Starting generation for run 18...
[00:00:00.028631] Starting generation for run 19...
[00:00:00.028659] Starting generation for run 20...
[00:01:41.018372] Generation for run 0 done!
[00:01:41.018489] Generation for run 1 done!
[00:01:41.044973] Generation for run 2 done!
[00:01:41.047082] Generation for run 3 done!
[00:01:41.120670] Generation for run 4 done!
[00:01:41.120728] Generation for run 5 done!
[00:01:41.120741] Generation for run 6 done!
[00:01:41.120751] Generation for run 7 done!
[00:01:41.120760] Generation for run 8 done!
[00:01:41.120769] Generation for run 9 done!
[00:01:41.120778] Generation for run 10 done!
[00:01:41.135033] Generation for run 11 done!
[00:01:41.135083] Generation for run 12 done!
[00:01:41.135093] Generation for run 13 done!
[00:01:41.135102] Generation for run 14 done!
[00:01:41.135108] Generation for run 15 done!
[00:03:21.854716] Generation for run 16 done!
[00:03:21.854826] Generation for run 17 done!
[00:03:21.922189] Generation for run 18 done!
[00:03:21.922244] Generation for run 19 done!
[00:03:22.016876] Grading run 1...
[00:03:22.084783] 	Command being timed: "python hlc_orderer.py report_logs/raw/10_sock_200_iter_3_2_send_8_5_drift.run01.log.shuffled"
[00:03:22.084845] 	User time (seconds): 0.05
[00:03:22.084857] 	System time (seconds): 0.00
[00:03:22.084867] 	Percent of CPU this job got: 96%
[00:03:22.084880] 	Elapsed (wall clock) time (h:mm:ss or m:ss): 0:00.06
[00:03:22.084890] 	Average shared text size (kbytes): 0
[00:03:22.084898] 	Average unshared data size (kbytes): 0
[00:03:22.084911] 	Average stack size (kbytes): 0
[00:03:22.084923] 	Average total size (kbytes): 0
[00:03:22.084931] 	Maximum resident set size (kbytes): 16056
[00:03:22.084940] 	Average resident set size (kbytes): 0
[00:03:22.084950] 	Major (requiring I/O) page faults: 0
[00:03:22.084958] 	Minor (reclaiming a frame) page faults: 3049
[00:03:22.084966] 	Voluntary context switches: 1
[00:03:22.084974] 	Involuntary context switches: 29
[00:03:22.084985] 	Swaps: 0
[00:03:22.084994] 	File system inputs: 0
[00:03:22.085004] 	File system outputs: 600
[00:03:22.085013] 	Socket messages sent: 0
[00:03:22.085022] 	Socket messages received: 0
[00:03:22.085033] 	Signals delivered: 0
[00:03:22.085046] 	Page size (bytes): 4096
[00:03:22.085053] 	Exit status: 0
[00:03:22.085060] 
[00:12:53.131426] 2,951,617 / 22,098 / 0
[00:12:53.131490] 
[00:12:53.211136] 	Command being timed: "python vc_orderer.py report_logs/raw/10_sock_200_iter_3_2_send_8_5_drift.run01.log.shuffled"
[00:12:53.211192] 	User time (seconds): 0.06
[00:12:53.211202] 	System time (seconds): 0.00
[00:12:53.211211] 	Percent of CPU this job got: 96%
[00:12:53.211219] 	Elapsed (wall clock) time (h:mm:ss or m:ss): 0:00.07
[00:12:53.211227] 	Average shared text size (kbytes): 0
[00:12:53.211235] 	Average unshared data size (kbytes): 0
[00:12:53.211243] 	Average stack size (kbytes): 0
[00:12:53.211250] 	Average total size (kbytes): 0
[00:12:53.211258] 	Maximum resident set size (kbytes): 15640
[00:12:53.211266] 	Average resident set size (kbytes): 0
[00:12:53.211274] 	Major (requiring I/O) page faults: 0
[00:12:53.211282] 	Minor (reclaiming a frame) page faults: 3060
[00:12:53.211290] 	Voluntary context switches: 5
[00:12:53.211297] 	Involuntary context switches: 29
[00:12:53.211305] 	Swaps: 0
[00:12:53.211312] 	File system inputs: 656
[00:12:53.211320] 	File system outputs: 600
[00:12:53.211332] 	Socket messages sent: 0
[00:12:53.211340] 	Socket messages received: 0
[00:12:53.211348] 	Signals delivered: 0
[00:12:53.211356] 	Page size (bytes): 4096
[00:12:53.211363] 	Exit status: 0
[00:12:53.211370] 
[00:22:03.055403] 2,954,531 / 19,184 / 0
[00:22:03.055463] 
[00:22:03.055474] Grading run 2...
[00:22:03.137482] 	Command being timed: "python hlc_orderer.py report_logs/raw/10_sock_200_iter_3_2_send_8_5_drift.run02.log.shuffled"
[00:22:03.137556] 	User time (seconds): 0.06
[00:22:03.137565] 	System time (seconds): 0.01
[00:22:03.137573] 	Percent of CPU this job got: 97%
[00:22:03.137580] 	Elapsed (wall clock) time (h:mm:ss or m:ss): 0:00.07
[00:22:03.137587] 	Average shared text size (kbytes): 0
[00:22:03.137594] 	Average unshared data size (kbytes): 0
[00:22:03.137601] 	Average stack size (kbytes): 0
[00:22:03.137608] 	Average total size (kbytes): 0
[00:22:03.137615] 	Maximum resident set size (kbytes): 15752
[00:22:03.137622] 	Average resident set size (kbytes): 0
[00:22:03.137634] 	Major (requiring I/O) page faults: 0
[00:22:03.137641] 	Minor (reclaiming a frame) page faults: 3026
[00:22:03.137647] 	Voluntary context switches: 4
[00:22:03.137654] 	Involuntary context switches: 27
[00:22:03.137661] 	Swaps: 0
[00:22:03.137667] 	File system inputs: 656
[00:22:03.137674] 	File system outputs: 592
[00:22:03.137681] 	Socket messages sent: 0
[00:22:03.137688] 	Socket messages received: 0
[00:22:03.137694] 	Signals delivered: 0
[00:22:03.137701] 	Page size (bytes): 4096
[00:22:03.137708] 	Exit status: 0
[00:22:03.137714] 
[00:31:00.449928] 2,899,589 / 25,650 / 0
[00:31:00.449996] 
[00:31:00.524816] 	Command being timed: "python vc_orderer.py report_logs/raw/10_sock_200_iter_3_2_send_8_5_drift.run02.log.shuffled"
[00:31:00.524873] 	User time (seconds): 0.05
[00:31:00.524883] 	System time (seconds): 0.01
[00:31:00.524891] 	Percent of CPU this job got: 95%
[00:31:00.524899] 	Elapsed (wall clock) time (h:mm:ss or m:ss): 0:00.07
[00:31:00.524918] 	Average shared text size (kbytes): 0
[00:31:00.524926] 	Average unshared data size (kbytes): 0
[00:31:00.524933] 	Average stack size (kbytes): 0
[00:31:00.524940] 	Average total size (kbytes): 0
[00:31:00.524948] 	Maximum resident set size (kbytes): 15892
[00:31:00.524955] 	Average resident set size (kbytes): 0
[00:31:00.524962] 	Major (requiring I/O) page faults: 0
[00:31:00.524969] 	Minor (reclaiming a frame) page faults: 2984
[00:31:00.524977] 	Voluntary context switches: 6
[00:31:00.524984] 	Involuntary context switches: 28
[00:31:00.524991] 	Swaps: 0
[00:31:00.524999] 	File system inputs: 648
[00:31:00.525006] 	File system outputs: 592
[00:31:00.525013] 	Socket messages sent: 0
[00:31:00.525021] 	Socket messages received: 0
[00:31:00.525029] 	Signals delivered: 0
[00:31:00.525036] 	Page size (bytes): 4096
[00:31:00.525043] 	Exit status: 0
[00:31:00.525050] 
[00:40:11.292339] 2,906,461 / 18,778 / 0
[00:40:11.292400] 
[00:40:11.292412] Grading run 3...
[00:40:11.371782] 	Command being timed: "python hlc_orderer.py report_logs/raw/10_sock_200_iter_3_2_send_8_5_drift.run03.log.shuffled"
[00:40:11.371830] 	User time (seconds): 0.06
[00:40:11.371837] 	System time (seconds): 0.01
[00:40:11.371843] 	Percent of CPU this job got: 96%
[00:40:11.371849] 	Elapsed (wall clock) time (h:mm:ss or m:ss): 0:00.07
[00:40:11.371854] 	Average shared text size (kbytes): 0
[00:40:11.371859] 	Average unshared data size (kbytes): 0
[00:40:11.371867] 	Average stack size (kbytes): 0
[00:40:11.371873] 	Average total size (kbytes): 0
[00:40:11.371880] 	Maximum resident set size (kbytes): 15520
[00:40:11.371887] 	Average resident set size (kbytes): 0
[00:40:11.371894] 	Major (requiring I/O) page faults: 0
[00:40:11.371920] 	Minor (reclaiming a frame) page faults: 2981
[00:40:11.371929] 	Voluntary context switches: 3
[00:40:11.371939] 	Involuntary context switches: 31
[00:40:11.371947] 	Swaps: 0
[00:40:11.371953] 	File system inputs: 624
[00:40:11.371961] 	File system outputs: 568
[00:40:11.371968] 	Socket messages sent: 0
[00:40:11.371976] 	Socket messages received: 0
[00:40:11.371985] 	Signals delivered: 0
[00:40:11.371993] 	Page size (bytes): 4096
[00:40:11.372001] 	Exit status: 0
[00:40:11.372008] 
[00:47:27.761853] 2,673,534 / 19,688 / 0
[00:47:27.761912] 
[00:47:27.832844] 	Command being timed: "python vc_orderer.py report_logs/raw/10_sock_200_iter_3_2_send_8_5_drift.run03.log.shuffled"
[00:47:27.832914] 	User time (seconds): 0.06
[00:47:27.832926] 	System time (seconds): 0.00
[00:47:27.832934] 	Percent of CPU this job got: 98%
[00:47:27.832943] 	Elapsed (wall clock) time (h:mm:ss or m:ss): 0:00.06
[00:47:27.832951] 	Average shared text size (kbytes): 0
[00:47:27.832958] 	Average unshared data size (kbytes): 0
[00:47:27.832966] 	Average stack size (kbytes): 0
[00:47:27.832974] 	Average total size (kbytes): 0
[00:47:27.832986] 	Maximum resident set size (kbytes): 15448
[00:47:27.832995] 	Average resident set size (kbytes): 0
[00:47:27.833001] 	Major (requiring I/O) page faults: 1
[00:47:27.833006] 	Minor (reclaiming a frame) page faults: 2951
[00:47:27.833012] 	Voluntary context switches: 2
[00:47:27.833017] 	Involuntary context switches: 23
[00:47:27.833023] 	Swaps: 0
[00:47:27.833028] 	File system inputs: 8
[00:47:27.833034] 	File system outputs: 568
[00:47:27.833040] 	Socket messages sent: 0
[00:47:27.833045] 	Socket messages received: 0
[00:47:27.833051] 	Signals delivered: 0
[00:47:27.833056] 	Page size (bytes): 4096
[00:47:27.833062] 	Exit status: 0
[00:47:27.833067] 
