INFO:root:Random workload: num sockets: 10, num iterations: 50, base address: 43800, chance of send: 3 in 5, round delay (s): 0.5, max clock drift (s): 6.5, actual clock drifts: [4.118339347654729, 5.697516715882557, -5.709503533408842, 3.70384475669621, 2.6764642759852357, 3.6623357302487456, -5.6839423151664, 2.2176748197002834, 4.100212361441704, -3.3474575301089993]
INFO:<Node 1>:{"send": true, "recv": false, "from": 1, "to": 0, "vc": [0, 1, 0, 0, 0, 0, 0, 0, 0, 0], "hlc": [921693, 0]}
INFO:<Node 2>:{"send": true, "recv": false, "from": 2, "to": 4, "vc": [0, 0, 1, 0, 0, 0, 0, 0, 0, 0], "hlc": [921687, 1]}
INFO:<Node 3>:{"send": true, "recv": false, "from": 3, "to": 9, "vc": [0, 0, 0, 1, 0, 0, 0, 0, 0, 0], "hlc": [921691, 0]}
INFO:<Node 4>:{"send": true, "recv": false, "from": 4, "to": 0, "vc": [0, 0, 0, 0, 1, 0, 0, 0, 0, 0], "hlc": [921690, 0]}
INFO:<Node 6>:{"send": true, "recv": false, "from": 6, "to": 3, "vc": [0, 0, 0, 0, 0, 0, 1, 0, 0, 0], "hlc": [921687, 1]}
INFO:<Node 7>:{"send": true, "recv": false, "from": 7, "to": 5, "vc": [0, 0, 0, 0, 0, 0, 0, 1, 0, 0], "hlc": [921689, 0]}
INFO:<Node 8>:{"send": true, "recv": false, "from": 8, "to": 5, "vc": [0, 0, 0, 0, 0, 0, 0, 0, 1, 0], "hlc": [921691, 0]}
INFO:<Node 9>:{"send": true, "recv": false, "from": 9, "to": 7, "vc": [0, 0, 0, 0, 0, 0, 0, 0, 0, 1], "hlc": [921687, 1]}
INFO:<Node 0>:{"send": false, "recv": true, "to": 0, "from": 1, "vc": [1, 1, 0, 0, 0, 0, 0, 0, 0, 0], "hlc": [921693, 1]}
INFO:<Node 0>:{"send": false, "recv": true, "to": 0, "from": 4, "vc": [2, 1, 0, 0, 1, 0, 0, 0, 0, 0], "hlc": [921693, 2]}
INFO:<Node 3>:{"send": false, "recv": true, "to": 3, "from": 6, "vc": [0, 0, 0, 2, 0, 0, 1, 0, 0, 0], "hlc": [921691, 1]}
INFO:<Node 4>:{"send": false, "recv": true, "to": 4, "from": 2, "vc": [0, 0, 1, 0, 2, 0, 0, 0, 0, 0], "hlc": [921690, 1]}
INFO:<Node 5>:{"send": false, "recv": true, "to": 5, "from": 7, "vc": [0, 0, 0, 0, 0, 1, 0, 1, 0, 0], "hlc": [921691, 0]}
INFO:<Node 5>:{"send": false, "recv": true, "to": 5, "from": 8, "vc": [0, 0, 0, 0, 0, 2, 0, 1, 1, 0], "hlc": [921691, 1]}
INFO:<Node 7>:{"send": false, "recv": true, "to": 7, "from": 9, "vc": [0, 0, 0, 0, 0, 0, 0, 2, 0, 1], "hlc": [921690, 0]}
INFO:<Node 9>:{"send": false, "recv": true, "to": 9, "from": 3, "vc": [0, 0, 0, 1, 0, 0, 0, 0, 0, 2], "hlc": [921691, 1]}
INFO:<Node 2>:{"send": true, "recv": false, "from": 2, "to": 8, "vc": [0, 0, 2, 0, 0, 0, 0, 0, 0, 0], "hlc": [921687, 2]}
INFO:<Node 4>:{"send": true, "recv": false, "from": 4, "to": 0, "vc": [0, 0, 1, 0, 3, 0, 0, 0, 0, 0], "hlc": [921690, 2]}
INFO:<Node 7>:{"send": true, "recv": false, "from": 7, "to": 4, "vc": [0, 0, 0, 0, 0, 0, 0, 3, 0, 1], "hlc": [921690, 1]}
INFO:<Node 8>:{"send": true, "recv": false, "from": 8, "to": 5, "vc": [0, 0, 0, 0, 0, 0, 0, 0, 2, 0], "hlc": [921692, 0]}
INFO:<Node 0>:{"send": false, "recv": true, "to": 0, "from": 4, "vc": [3, 1, 1, 0, 3, 0, 0, 0, 0, 0], "hlc": [921693, 3]}
INFO:<Node 4>:{"send": false, "recv": true, "to": 4, "from": 7, "vc": [0, 0, 1, 0, 4, 0, 0, 3, 0, 1], "hlc": [921691, 0]}
INFO:<Node 5>:{"send": false, "recv": true, "to": 5, "from": 8, "vc": [0, 0, 0, 0, 0, 3, 0, 1, 2, 0], "hlc": [921692, 1]}
INFO:<Node 8>:{"send": false, "recv": true, "to": 8, "from": 2, "vc": [0, 0, 2, 0, 0, 0, 0, 0, 3, 0], "hlc": [921692, 1]}
INFO:<Node 0>:{"send": true, "recv": false, "from": 0, "to": 5, "vc": [4, 1, 1, 0, 3, 0, 0, 0, 0, 0], "hlc": [921693, 4]}
INFO:<Node 2>:{"send": true, "recv": false, "from": 2, "to": 9, "vc": [0, 0, 3, 0, 0, 0, 0, 0, 0, 0], "hlc": [921687, 3]}
INFO:<Node 3>:{"send": true, "recv": false, "from": 3, "to": 4, "vc": [0, 0, 0, 3, 0, 0, 1, 0, 0, 0], "hlc": [921692, 0]}
INFO:<Node 4>:{"send": true, "recv": false, "from": 4, "to": 0, "vc": [0, 0, 1, 0, 5, 0, 0, 3, 0, 1], "hlc": [921691, 1]}
INFO:<Node 6>:{"send": true, "recv": false, "from": 6, "to": 0, "vc": [0, 0, 0, 0, 0, 0, 2, 0, 0, 0], "hlc": [921687, 2]}
INFO:<Node 7>:{"send": true, "recv": false, "from": 7, "to": 6, "vc": [0, 0, 0, 0, 0, 0, 0, 4, 0, 1], "hlc": [921690, 2]}
INFO:<Node 8>:{"send": true, "recv": false, "from": 8, "to": 9, "vc": [0, 0, 2, 0, 0, 0, 0, 0, 4, 0], "hlc": [921692, 2]}
INFO:<Node 0>:{"send": false, "recv": true, "to": 0, "from": 4, "vc": [5, 1, 1, 0, 5, 0, 0, 3, 0, 1], "hlc": [921693, 5]}
INFO:<Node 0>:{"send": false, "recv": true, "to": 0, "from": 6, "vc": [6, 1, 1, 0, 5, 0, 2, 3, 0, 1], "hlc": [921693, 6]}
INFO:<Node 4>:{"send": false, "recv": true, "to": 4, "from": 3, "vc": [0, 0, 1, 3, 6, 0, 1, 3, 0, 1], "hlc": [921692, 1]}
INFO:<Node 5>:{"send": false, "recv": true, "to": 5, "from": 0, "vc": [4, 1, 1, 0, 3, 4, 0, 1, 2, 0], "hlc": [921693, 5]}
INFO:<Node 6>:{"send": false, "recv": true, "to": 6, "from": 7, "vc": [0, 0, 0, 0, 0, 0, 3, 4, 0, 1], "hlc": [921690, 3]}
INFO:<Node 9>:{"send": false, "recv": true, "to": 9, "from": 2, "vc": [0, 0, 3, 1, 0, 0, 0, 0, 0, 3], "hlc": [921691, 2]}
INFO:<Node 9>:{"send": false, "recv": true, "to": 9, "from": 8, "vc": [0, 0, 3, 1, 0, 0, 0, 0, 4, 4], "hlc": [921692, 3]}
INFO:<Node 2>:{"send": true, "recv": false, "from": 2, "to": 1, "vc": [0, 0, 4, 0, 0, 0, 0, 0, 0, 0], "hlc": [921687, 4]}
INFO:<Node 3>:{"send": true, "recv": false, "from": 3, "to": 5, "vc": [0, 0, 0, 4, 0, 0, 1, 0, 0, 0], "hlc": [921692, 1]}
INFO:<Node 4>:{"send": true, "recv": false, "from": 4, "to": 1, "vc": [0, 0, 1, 3, 7, 0, 1, 3, 0, 1], "hlc": [921692, 2]}
INFO:<Node 6>:{"send": true, "recv": false, "from": 6, "to": 4, "vc": [0, 0, 0, 0, 0, 0, 4, 4, 0, 1], "hlc": [921690, 4]}
INFO:<Node 7>:{"send": true, "recv": false, "from": 7, "to": 9, "vc": [0, 0, 0, 0, 0, 0, 0, 5, 0, 1], "hlc": [921691, 0]}
INFO:<Node 8>:{"send": true, "recv": false, "from": 8, "to": 9, "vc": [0, 0, 2, 0, 0, 0, 0, 0, 5, 0], "hlc": [921693, 0]}
INFO:<Node 9>:{"send": true, "recv": false, "from": 9, "to": 6, "vc": [0, 0, 3, 1, 0, 0, 0, 0, 4, 5], "hlc": [921692, 4]}
INFO:<Node 1>:{"send": false, "recv": true, "to": 1, "from": 2, "vc": [0, 2, 4, 0, 0, 0, 0, 0, 0, 0], "hlc": [921695, 0]}
INFO:<Node 1>:{"send": false, "recv": true, "to": 1, "from": 4, "vc": [0, 3, 4, 3, 7, 0, 1, 3, 0, 1], "hlc": [921695, 1]}
INFO:<Node 4>:{"send": false, "recv": true, "to": 4, "from": 6, "vc": [0, 0, 1, 3, 8, 0, 4, 4, 0, 1], "hlc": [921692, 3]}
INFO:<Node 5>:{"send": false, "recv": true, "to": 5, "from": 3, "vc": [4, 1, 1, 4, 3, 5, 1, 1, 2, 0], "hlc": [921693, 6]}
INFO:<Node 6>:{"send": false, "recv": true, "to": 6, "from": 9, "vc": [0, 0, 3, 1, 0, 0, 5, 4, 4, 5], "hlc": [921692, 5]}
INFO:<Node 9>:{"send": false, "recv": true, "to": 9, "from": 7, "vc": [0, 0, 3, 1, 0, 0, 0, 5, 4, 6], "hlc": [921692, 5]}
INFO:<Node 9>:{"send": false, "recv": true, "to": 9, "from": 8, "vc": [0, 0, 3, 1, 0, 0, 0, 5, 5, 7], "hlc": [921693, 1]}
INFO:<Node 0>:{"send": true, "recv": false, "from": 0, "to": 8, "vc": [7, 1, 1, 0, 5, 0, 2, 3, 0, 1], "hlc": [921693, 7]}
INFO:<Node 3>:{"send": true, "recv": false, "from": 3, "to": 2, "vc": [0, 0, 0, 5, 0, 0, 1, 0, 0, 0], "hlc": [921693, 0]}
INFO:<Node 4>:{"send": true, "recv": false, "from": 4, "to": 6, "vc": [0, 0, 1, 3, 9, 0, 4, 4, 0, 1], "hlc": [921692, 4]}
INFO:<Node 7>:{"send": true, "recv": false, "from": 7, "to": 3, "vc": [0, 0, 0, 0, 0, 0, 0, 6, 0, 1], "hlc": [921691, 1]}
INFO:<Node 8>:{"send": true, "recv": false, "from": 8, "to": 6, "vc": [0, 0, 2, 0, 0, 0, 0, 0, 6, 0], "hlc": [921693, 1]}
INFO:<Node 9>:{"send": true, "recv": false, "from": 9, "to": 7, "vc": [0, 0, 3, 1, 0, 0, 0, 5, 5, 8], "hlc": [921693, 2]}
INFO:<Node 2>:{"send": false, "recv": true, "to": 2, "from": 3, "vc": [0, 0, 5, 5, 0, 0, 1, 0, 0, 0], "hlc": [921693, 1]}
INFO:<Node 3>:{"send": false, "recv": true, "to": 3, "from": 7, "vc": [0, 0, 0, 6, 0, 0, 1, 6, 0, 1], "hlc": [921693, 1]}
INFO:<Node 6>:{"send": false, "recv": true, "to": 6, "from": 4, "vc": [0, 0, 3, 3, 9, 0, 6, 4, 4, 5], "hlc": [921692, 6]}
INFO:<Node 6>:{"send": false, "recv": true, "to": 6, "from": 8, "vc": [0, 0, 3, 3, 9, 0, 7, 4, 6, 5], "hlc": [921693, 2]}
INFO:<Node 7>:{"send": false, "recv": true, "to": 7, "from": 9, "vc": [0, 0, 3, 1, 0, 0, 0, 7, 5, 8], "hlc": [921693, 3]}
INFO:<Node 8>:{"send": false, "recv": true, "to": 8, "from": 0, "vc": [7, 1, 2, 0, 5, 0, 2, 3, 7, 1], "hlc": [921694, 0]}
INFO:<Node 0>:{"send": true, "recv": false, "from": 0, "to": 3, "vc": [8, 1, 1, 0, 5, 0, 2, 3, 0, 1], "hlc": [921694, 0]}
INFO:<Node 3>:{"send": true, "recv": false, "from": 3, "to": 2, "vc": [0, 0, 0, 7, 0, 0, 1, 6, 0, 1], "hlc": [921693, 2]}
INFO:<Node 4>:{"send": true, "recv": false, "from": 4, "to": 5, "vc": [0, 0, 1, 3, 10, 0, 4, 4, 0, 1], "hlc": [921692, 5]}
INFO:<Node 5>:{"send": true, "recv": false, "from": 5, "to": 3, "vc": [4, 1, 1, 4, 3, 6, 1, 1, 2, 0], "hlc": [921693, 7]}
INFO:<Node 7>:{"send": true, "recv": false, "from": 7, "to": 3, "vc": [0, 0, 3, 1, 0, 0, 0, 8, 5, 8], "hlc": [921693, 4]}
INFO:<Node 8>:{"send": true, "recv": false, "from": 8, "to": 4, "vc": [7, 1, 2, 0, 5, 0, 2, 3, 8, 1], "hlc": [921694, 1]}
INFO:<Node 9>:{"send": true, "recv": false, "from": 9, "to": 6, "vc": [0, 0, 3, 1, 0, 0, 0, 5, 5, 9], "hlc": [921693, 3]}
INFO:<Node 2>:{"send": false, "recv": true, "to": 2, "from": 3, "vc": [0, 0, 6, 7, 0, 0, 1, 6, 0, 1], "hlc": [921693, 3]}
INFO:<Node 3>:{"send": false, "recv": true, "to": 3, "from": 0, "vc": [8, 1, 1, 8, 5, 0, 2, 6, 0, 1], "hlc": [921694, 1]}
INFO:<Node 3>:{"send": false, "recv": true, "to": 3, "from": 5, "vc": [8, 1, 1, 9, 5, 6, 2, 6, 2, 1], "hlc": [921694, 2]}
INFO:<Node 3>:{"send": false, "recv": true, "to": 3, "from": 7, "vc": [8, 1, 3, 10, 5, 6, 2, 8, 5, 8], "hlc": [921694, 3]}
INFO:<Node 4>:{"send": false, "recv": true, "to": 4, "from": 8, "vc": [7, 1, 2, 3, 11, 0, 4, 4, 8, 1], "hlc": [921694, 2]}
INFO:<Node 5>:{"send": false, "recv": true, "to": 5, "from": 4, "vc": [4, 1, 1, 4, 10, 7, 4, 4, 2, 1], "hlc": [921694, 0]}
INFO:<Node 6>:{"send": false, "recv": true, "to": 6, "from": 9, "vc": [0, 0, 3, 3, 9, 0, 8, 5, 6, 9], "hlc": [921693, 4]}
INFO:<Node 0>:{"send": true, "recv": false, "from": 0, "to": 9, "vc": [9, 1, 1, 0, 5, 0, 2, 3, 0, 1], "hlc": [921694, 1]}
INFO:<Node 1>:{"send": true, "recv": false, "from": 1, "to": 2, "vc": [0, 4, 4, 3, 7, 0, 1, 3, 0, 1], "hlc": [921696, 0]}
INFO:<Node 3>:{"send": true, "recv": false, "from": 3, "to": 0, "vc": [8, 1, 3, 11, 5, 6, 2, 8, 5, 8], "hlc": [921694, 4]}
INFO:<Node 4>:{"send": true, "recv": false, "from": 4, "to": 0, "vc": [7, 1, 2, 3, 12, 0, 4, 4, 8, 1], "hlc": [921694, 3]}
INFO:<Node 0>:{"send": false, "recv": true, "to": 0, "from": 3, "vc": [10, 1, 3, 11, 5, 6, 2, 8, 5, 8], "hlc": [921695, 0]}
INFO:<Node 0>:{"send": false, "recv": true, "to": 0, "from": 4, "vc": [11, 1, 3, 11, 12, 6, 4, 8, 8, 8], "hlc": [921695, 1]}
INFO:<Node 2>:{"send": false, "recv": true, "to": 2, "from": 1, "vc": [0, 4, 7, 7, 7, 0, 1, 6, 0, 1], "hlc": [921696, 1]}
INFO:<Node 9>:{"send": false, "recv": true, "to": 9, "from": 0, "vc": [9, 1, 3, 1, 5, 0, 2, 5, 5, 10], "hlc": [921694, 2]}
INFO:<Node 1>:{"send": true, "recv": false, "from": 1, "to": 9, "vc": [0, 5, 4, 3, 7, 0, 1, 3, 0, 1], "hlc": [921696, 1]}
INFO:<Node 2>:{"send": true, "recv": false, "from": 2, "to": 4, "vc": [0, 4, 8, 7, 7, 0, 1, 6, 0, 1], "hlc": [921696, 2]}
INFO:<Node 3>:{"send": true, "recv": false, "from": 3, "to": 6, "vc": [8, 1, 3, 12, 5, 6, 2, 8, 5, 8], "hlc": [921694, 5]}
INFO:<Node 6>:{"send": true, "recv": false, "from": 6, "to": 5, "vc": [0, 0, 3, 3, 9, 0, 9, 5, 6, 9], "hlc": [921693, 5]}
INFO:<Node 7>:{"send": true, "recv": false, "from": 7, "to": 1, "vc": [0, 0, 3, 1, 0, 0, 0, 9, 5, 8], "hlc": [921693, 5]}
INFO:<Node 9>:{"send": true, "recv": false, "from": 9, "to": 3, "vc": [9, 1, 3, 1, 5, 0, 2, 5, 5, 11], "hlc": [921694, 3]}
INFO:<Node 1>:{"send": false, "recv": true, "to": 1, "from": 7, "vc": [0, 6, 4, 3, 7, 0, 1, 9, 5, 8], "hlc": [921697, 0]}
INFO:<Node 3>:{"send": false, "recv": true, "to": 3, "from": 9, "vc": [9, 1, 3, 13, 5, 6, 2, 8, 5, 11], "hlc": [921695, 0]}
INFO:<Node 4>:{"send": false, "recv": true, "to": 4, "from": 2, "vc": [7, 4, 8, 7, 13, 0, 4, 6, 8, 1], "hlc": [921696, 3]}
INFO:<Node 5>:{"send": false, "recv": true, "to": 5, "from": 6, "vc": [4, 1, 3, 4, 10, 8, 9, 5, 6, 9], "hlc": [921695, 0]}
INFO:<Node 6>:{"send": false, "recv": true, "to": 6, "from": 3, "vc": [8, 1, 3, 12, 9, 6, 10, 8, 6, 9], "hlc": [921694, 6]}
INFO:<Node 9>:{"send": false, "recv": true, "to": 9, "from": 1, "vc": [9, 5, 4, 3, 7, 0, 2, 5, 5, 12], "hlc": [921696, 2]}
INFO:<Node 1>:{"send": true, "recv": false, "from": 1, "to": 8, "vc": [0, 7, 4, 3, 7, 0, 1, 9, 5, 8], "hlc": [921697, 1]}
INFO:<Node 2>:{"send": true, "recv": false, "from": 2, "to": 1, "vc": [0, 4, 9, 7, 7, 0, 1, 6, 0, 1], "hlc": [921696, 3]}
INFO:<Node 3>:{"send": true, "recv": false, "from": 3, "to": 0, "vc": [9, 1, 3, 14, 5, 6, 2, 8, 5, 11], "hlc": [921695, 1]}
INFO:<Node 4>:{"send": true, "recv": false, "from": 4, "to": 7, "vc": [7, 4, 8, 7, 14, 0, 4, 6, 8, 1], "hlc": [921696, 4]}
INFO:<Node 5>:{"send": true, "recv": false, "from": 5, "to": 3, "vc": [4, 1, 3, 4, 10, 9, 9, 5, 6, 9], "hlc": [921695, 1]}
INFO:<Node 6>:{"send": true, "recv": false, "from": 6, "to": 7, "vc": [8, 1, 3, 12, 9, 6, 11, 8, 6, 9], "hlc": [921694, 7]}
INFO:<Node 9>:{"send": true, "recv": false, "from": 9, "to": 4, "vc": [9, 5, 4, 3, 7, 0, 2, 5, 5, 13], "hlc": [921696, 3]}
INFO:<Node 0>:{"send": false, "recv": true, "to": 0, "from": 3, "vc": [12, 1, 3, 14, 12, 6, 4, 8, 8, 11], "hlc": [921696, 0]}
INFO:<Node 1>:{"send": false, "recv": true, "to": 1, "from": 2, "vc": [0, 8, 9, 7, 7, 0, 1, 9, 5, 8], "hlc": [921697, 2]}
INFO:<Node 3>:{"send": false, "recv": true, "to": 3, "from": 5, "vc": [9, 1, 3, 15, 10, 9, 9, 8, 6, 11], "hlc": [921695, 2]}
INFO:<Node 4>:{"send": false, "recv": true, "to": 4, "from": 9, "vc": [9, 5, 8, 7, 15, 0, 4, 6, 8, 13], "hlc": [921696, 5]}
INFO:<Node 7>:{"send": false, "recv": true, "to": 7, "from": 4, "vc": [7, 4, 8, 7, 14, 0, 4, 10, 8, 8], "hlc": [921696, 5]}
INFO:<Node 7>:{"send": false, "recv": true, "to": 7, "from": 6, "vc": [8, 4, 8, 12, 14, 6, 11, 11, 8, 9], "hlc": [921696, 6]}
INFO:<Node 8>:{"send": false, "recv": true, "to": 8, "from": 1, "vc": [7, 7, 4, 3, 7, 0, 2, 9, 9, 8], "hlc": [921697, 2]}
INFO:<Node 5>:{"send": true, "recv": false, "from": 5, "to": 6, "vc": [4, 1, 3, 4, 10, 10, 9, 5, 6, 9], "hlc": [921695, 2]}
INFO:<Node 6>:{"send": true, "recv": false, "from": 6, "to": 3, "vc": [8, 1, 3, 12, 9, 6, 12, 8, 6, 9], "hlc": [921694, 8]}
INFO:<Node 3>:{"send": false, "recv": true, "to": 3, "from": 6, "vc": [9, 1, 3, 16, 10, 9, 12, 8, 6, 11], "hlc": [921696, 0]}
INFO:<Node 6>:{"send": false, "recv": true, "to": 6, "from": 5, "vc": [8, 1, 3, 12, 10, 10, 13, 8, 6, 9], "hlc": [921695, 3]}
INFO:<Node 2>:{"send": true, "recv": false, "from": 2, "to": 9, "vc": [0, 4, 10, 7, 7, 0, 1, 6, 0, 1], "hlc": [921696, 4]}
INFO:<Node 4>:{"send": true, "recv": false, "from": 4, "to": 5, "vc": [9, 5, 8, 7, 16, 0, 4, 6, 8, 13], "hlc": [921696, 6]}
INFO:<Node 6>:{"send": true, "recv": false, "from": 6, "to": 2, "vc": [8, 1, 3, 12, 10, 10, 14, 8, 6, 9], "hlc": [921695, 4]}
INFO:<Node 7>:{"send": true, "recv": false, "from": 7, "to": 6, "vc": [8, 4, 8, 12, 14, 6, 11, 12, 8, 9], "hlc": [921696, 7]}
INFO:<Node 8>:{"send": true, "recv": false, "from": 8, "to": 7, "vc": [7, 7, 4, 3, 7, 0, 2, 9, 10, 8], "hlc": [921697, 3]}
INFO:<Node 9>:{"send": true, "recv": false, "from": 9, "to": 5, "vc": [9, 5, 4, 3, 7, 0, 2, 5, 5, 14], "hlc": [921696, 4]}
INFO:<Node 2>:{"send": false, "recv": true, "to": 2, "from": 6, "vc": [8, 4, 11, 12, 10, 10, 14, 8, 6, 9], "hlc": [921696, 5]}
INFO:<Node 5>:{"send": false, "recv": true, "to": 5, "from": 4, "vc": [9, 5, 8, 7, 16, 11, 9, 6, 8, 13], "hlc": [921696, 7]}
INFO:<Node 5>:{"send": false, "recv": true, "to": 5, "from": 9, "vc": [9, 5, 8, 7, 16, 12, 9, 6, 8, 14], "hlc": [921696, 8]}
INFO:<Node 6>:{"send": false, "recv": true, "to": 6, "from": 7, "vc": [8, 4, 8, 12, 14, 10, 15, 12, 8, 9], "hlc": [921696, 8]}
INFO:<Node 7>:{"send": false, "recv": true, "to": 7, "from": 8, "vc": [8, 7, 8, 12, 14, 6, 11, 13, 10, 9], "hlc": [921697, 4]}
INFO:<Node 9>:{"send": false, "recv": true, "to": 9, "from": 2, "vc": [9, 5, 10, 7, 7, 0, 2, 6, 5, 15], "hlc": [921696, 5]}
INFO:<Node 0>:{"send": true, "recv": false, "from": 0, "to": 4, "vc": [13, 1, 3, 14, 12, 6, 4, 8, 8, 11], "hlc": [921697, 0]}
INFO:<Node 1>:{"send": true, "recv": false, "from": 1, "to": 6, "vc": [0, 9, 9, 7, 7, 0, 1, 9, 5, 8], "hlc": [921698, 0]}
INFO:<Node 2>:{"send": true, "recv": false, "from": 2, "to": 0, "vc": [8, 4, 12, 12, 10, 10, 14, 8, 6, 9], "hlc": [921696, 6]}
INFO:<Node 3>:{"send": true, "recv": false, "from": 3, "to": 8, "vc": [9, 1, 3, 17, 10, 9, 12, 8, 6, 11], "hlc": [921696, 1]}
INFO:<Node 5>:{"send": true, "recv": false, "from": 5, "to": 6, "vc": [9, 5, 8, 7, 16, 13, 9, 6, 8, 14], "hlc": [921696, 9]}
INFO:<Node 6>:{"send": true, "recv": false, "from": 6, "to": 3, "vc": [8, 4, 8, 12, 14, 10, 16, 12, 8, 9], "hlc": [921696, 9]}
INFO:<Node 7>:{"send": true, "recv": false, "from": 7, "to": 3, "vc": [8, 7, 8, 12, 14, 6, 11, 14, 10, 9], "hlc": [921697, 5]}
INFO:<Node 8>:{"send": true, "recv": false, "from": 8, "to": 2, "vc": [7, 7, 4, 3, 7, 0, 2, 9, 11, 8], "hlc": [921697, 4]}
INFO:<Node 9>:{"send": true, "recv": false, "from": 9, "to": 0, "vc": [9, 5, 10, 7, 7, 0, 2, 6, 5, 16], "hlc": [921696, 6]}
INFO:<Node 0>:{"send": false, "recv": true, "to": 0, "from": 2, "vc": [14, 4, 12, 14, 12, 10, 14, 8, 8, 11], "hlc": [921697, 1]}
INFO:<Node 0>:{"send": false, "recv": true, "to": 0, "from": 9, "vc": [15, 5, 12, 14, 12, 10, 14, 8, 8, 16], "hlc": [921697, 2]}
INFO:<Node 2>:{"send": false, "recv": true, "to": 2, "from": 8, "vc": [8, 7, 13, 12, 10, 10, 14, 9, 11, 9], "hlc": [921697, 5]}
INFO:<Node 3>:{"send": false, "recv": true, "to": 3, "from": 6, "vc": [9, 4, 8, 18, 14, 10, 16, 12, 8, 11], "hlc": [921697, 0]}
INFO:<Node 3>:{"send": false, "recv": true, "to": 3, "from": 7, "vc": [9, 7, 8, 19, 14, 10, 16, 14, 10, 11], "hlc": [921697, 6]}
INFO:<Node 4>:{"send": false, "recv": true, "to": 4, "from": 0, "vc": [13, 5, 8, 14, 17, 6, 4, 8, 8, 13], "hlc": [921697, 1]}
INFO:<Node 6>:{"send": false, "recv": true, "to": 6, "from": 1, "vc": [8, 9, 9, 12, 14, 10, 17, 12, 8, 9], "hlc": [921698, 1]}
INFO:<Node 6>:{"send": false, "recv": true, "to": 6, "from": 5, "vc": [9, 9, 9, 12, 16, 13, 18, 12, 8, 14], "hlc": [921698, 2]}
INFO:<Node 8>:{"send": false, "recv": true, "to": 8, "from": 3, "vc": [9, 7, 4, 17, 10, 9, 12, 9, 12, 11], "hlc": [921697, 5]}
INFO:<Node 0>:{"send": true, "recv": false, "from": 0, "to": 5, "vc": [16, 5, 12, 14, 12, 10, 14, 8, 8, 16], "hlc": [921697, 3]}
INFO:<Node 3>:{"send": true, "recv": false, "from": 3, "to": 5, "vc": [9, 7, 8, 20, 14, 10, 16, 14, 10, 11], "hlc": [921697, 7]}
INFO:<Node 5>:{"send": true, "recv": false, "from": 5, "to": 1, "vc": [9, 5, 8, 7, 16, 14, 9, 6, 8, 14], "hlc": [921697, 0]}
INFO:<Node 6>:{"send": true, "recv": false, "from": 6, "to": 8, "vc": [9, 9, 9, 12, 16, 13, 19, 12, 8, 14], "hlc": [921698, 3]}
INFO:<Node 1>:{"send": false, "recv": true, "to": 1, "from": 5, "vc": [9, 10, 9, 7, 16, 14, 9, 9, 8, 14], "hlc": [921699, 0]}
INFO:<Node 5>:{"send": false, "recv": true, "to": 5, "from": 0, "vc": [16, 5, 12, 14, 16, 15, 14, 8, 8, 16], "hlc": [921697, 4]}
INFO:<Node 5>:{"send": false, "recv": true, "to": 5, "from": 3, "vc": [16, 7, 12, 20, 16, 16, 16, 14, 10, 16], "hlc": [921697, 8]}
INFO:<Node 8>:{"send": false, "recv": true, "to": 8, "from": 6, "vc": [9, 9, 9, 17, 16, 13, 19, 12, 13, 14], "hlc": [921698, 4]}
INFO:<Node 1>:{"send": true, "recv": false, "from": 1, "to": 3, "vc": [9, 11, 9, 7, 16, 14, 9, 9, 8, 14], "hlc": [921699, 1]}
INFO:<Node 2>:{"send": true, "recv": false, "from": 2, "to": 8, "vc": [8, 7, 14, 12, 10, 10, 14, 9, 11, 9], "hlc": [921697, 6]}
INFO:<Node 4>:{"send": true, "recv": false, "from": 4, "to": 7, "vc": [13, 5, 8, 14, 18, 6, 4, 8, 8, 13], "hlc": [921697, 2]}
INFO:<Node 5>:{"send": true, "recv": false, "from": 5, "to": 8, "vc": [16, 7, 12, 20, 16, 17, 16, 14, 10, 16], "hlc": [921697, 9]}
INFO:<Node 6>:{"send": true, "recv": false, "from": 6, "to": 8, "vc": [9, 9, 9, 12, 16, 13, 20, 12, 8, 14], "hlc": [921698, 4]}
INFO:<Node 7>:{"send": true, "recv": false, "from": 7, "to": 9, "vc": [8, 7, 8, 12, 14, 6, 11, 15, 10, 9], "hlc": [921697, 6]}
INFO:<Node 8>:{"send": true, "recv": false, "from": 8, "to": 2, "vc": [9, 9, 9, 17, 16, 13, 19, 12, 14, 14], "hlc": [921698, 5]}
INFO:<Node 2>:{"send": false, "recv": true, "to": 2, "from": 8, "vc": [9, 9, 15, 17, 16, 13, 19, 12, 14, 14], "hlc": [921698, 6]}
INFO:<Node 3>:{"send": false, "recv": true, "to": 3, "from": 1, "vc": [9, 11, 9, 21, 16, 14, 16, 14, 10, 14], "hlc": [921699, 2]}
INFO:<Node 7>:{"send": false, "recv": true, "to": 7, "from": 4, "vc": [13, 7, 8, 14, 18, 6, 11, 16, 10, 13], "hlc": [921697, 7]}
INFO:<Node 8>:{"send": false, "recv": true, "to": 8, "from": 2, "vc": [9, 9, 14, 17, 16, 13, 19, 12, 15, 14], "hlc": [921698, 6]}
INFO:<Node 8>:{"send": false, "recv": true, "to": 8, "from": 5, "vc": [16, 9, 14, 20, 16, 17, 19, 14, 16, 16], "hlc": [921698, 7]}
INFO:<Node 8>:{"send": false, "recv": true, "to": 8, "from": 6, "vc": [16, 9, 14, 20, 16, 17, 20, 14, 17, 16], "hlc": [921698, 8]}
INFO:<Node 9>:{"send": false, "recv": true, "to": 9, "from": 7, "vc": [9, 7, 10, 12, 14, 6, 11, 15, 10, 17], "hlc": [921697, 7]}
INFO:<Node 0>:{"send": true, "recv": false, "from": 0, "to": 7, "vc": [17, 5, 12, 14, 12, 10, 14, 8, 8, 16], "hlc": [921698, 0]}
INFO:<Node 1>:{"send": true, "recv": false, "from": 1, "to": 6, "vc": [9, 12, 9, 7, 16, 14, 9, 9, 8, 14], "hlc": [921700, 0]}
INFO:<Node 2>:{"send": true, "recv": false, "from": 2, "to": 0, "vc": [9, 9, 16, 17, 16, 13, 19, 12, 14, 14], "hlc": [921698, 7]}
INFO:<Node 4>:{"send": true, "recv": false, "from": 4, "to": 9, "vc": [13, 5, 8, 14, 19, 6, 4, 8, 8, 13], "hlc": [921697, 3]}
INFO:<Node 5>:{"send": true, "recv": false, "from": 5, "to": 9, "vc": [16, 7, 12, 20, 16, 18, 16, 14, 10, 16], "hlc": [921698, 0]}
INFO:<Node 6>:{"send": true, "recv": false, "from": 6, "to": 0, "vc": [9, 9, 9, 12, 16, 13, 21, 12, 8, 14], "hlc": [921698, 5]}
INFO:<Node 7>:{"send": true, "recv": false, "from": 7, "to": 4, "vc": [13, 7, 8, 14, 18, 6, 11, 17, 10, 13], "hlc": [921697, 8]}
INFO:<Node 8>:{"send": true, "recv": false, "from": 8, "to": 3, "vc": [16, 9, 14, 20, 16, 17, 20, 14, 18, 16], "hlc": [921698, 9]}
INFO:<Node 9>:{"send": true, "recv": false, "from": 9, "to": 3, "vc": [9, 7, 10, 12, 14, 6, 11, 15, 10, 18], "hlc": [921697, 8]}
INFO:<Node 0>:{"send": false, "recv": true, "to": 0, "from": 2, "vc": [18, 9, 16, 17, 16, 13, 19, 12, 14, 16], "hlc": [921699, 0]}
INFO:<Node 0>:{"send": false, "recv": true, "to": 0, "from": 6, "vc": [19, 9, 16, 17, 16, 13, 21, 12, 14, 16], "hlc": [921699, 1]}
INFO:<Node 3>:{"send": false, "recv": true, "to": 3, "from": 8, "vc": [16, 11, 14, 22, 16, 17, 20, 14, 18, 16], "hlc": [921699, 3]}
INFO:<Node 3>:{"send": false, "recv": true, "to": 3, "from": 9, "vc": [16, 11, 14, 23, 16, 17, 20, 15, 18, 18], "hlc": [921699, 4]}
INFO:<Node 4>:{"send": false, "recv": true, "to": 4, "from": 7, "vc": [13, 7, 8, 14, 20, 6, 11, 17, 10, 13], "hlc": [921697, 9]}
INFO:<Node 6>:{"send": false, "recv": true, "to": 6, "from": 1, "vc": [9, 12, 9, 12, 16, 14, 22, 12, 8, 14], "hlc": [921700, 1]}
INFO:<Node 7>:{"send": false, "recv": true, "to": 7, "from": 0, "vc": [17, 7, 12, 14, 18, 10, 14, 18, 10, 16], "hlc": [921698, 1]}
INFO:<Node 9>:{"send": false, "recv": true, "to": 9, "from": 4, "vc": [13, 7, 10, 14, 19, 6, 11, 15, 10, 19], "hlc": [921697, 9]}
INFO:<Node 9>:{"send": false, "recv": true, "to": 9, "from": 5, "vc": [16, 7, 12, 20, 19, 18, 16, 15, 10, 20], "hlc": [921698, 1]}
INFO:<Node 0>:{"send": true, "recv": false, "from": 0, "to": 8, "vc": [20, 9, 16, 17, 16, 13, 21, 12, 14, 16], "hlc": [921699, 2]}
INFO:<Node 1>:{"send": true, "recv": false, "from": 1, "to": 6, "vc": [9, 13, 9, 7, 16, 14, 9, 9, 8, 14], "hlc": [921701, 0]}
INFO:<Node 2>:{"send": true, "recv": false, "from": 2, "to": 3, "vc": [9, 9, 17, 17, 16, 13, 19, 12, 14, 14], "hlc": [921698, 8]}
INFO:<Node 4>:{"send": true, "recv": false, "from": 4, "to": 1, "vc": [13, 7, 8, 14, 21, 6, 11, 17, 10, 13], "hlc": [921697, 10]}
INFO:<Node 5>:{"send": true, "recv": false, "from": 5, "to": 7, "vc": [16, 7, 12, 20, 16, 19, 16, 14, 10, 16], "hlc": [921698, 1]}
INFO:<Node 7>:{"send": true, "recv": false, "from": 7, "to": 0, "vc": [17, 7, 12, 14, 18, 10, 14, 19, 10, 16], "hlc": [921698, 2]}
INFO:<Node 9>:{"send": true, "recv": false, "from": 9, "to": 7, "vc": [16, 7, 12, 20, 19, 18, 16, 15, 10, 21], "hlc": [921698, 2]}
INFO:<Node 0>:{"send": false, "recv": true, "to": 0, "from": 7, "vc": [21, 9, 16, 17, 18, 13, 21, 19, 14, 16], "hlc": [921699, 3]}
INFO:<Node 1>:{"send": false, "recv": true, "to": 1, "from": 4, "vc": [13, 14, 9, 14, 21, 14, 11, 17, 10, 14], "hlc": [921701, 1]}
INFO:<Node 3>:{"send": false, "recv": true, "to": 3, "from": 2, "vc": [16, 11, 17, 24, 16, 17, 20, 15, 18, 18], "hlc": [921699, 5]}
INFO:<Node 6>:{"send": false, "recv": true, "to": 6, "from": 1, "vc": [9, 13, 9, 12, 16, 14, 23, 12, 8, 14], "hlc": [921701, 1]}
INFO:<Node 7>:{"send": false, "recv": true, "to": 7, "from": 5, "vc": [17, 7, 12, 20, 18, 19, 16, 20, 10, 16], "hlc": [921698, 3]}
INFO:<Node 7>:{"send": false, "recv": true, "to": 7, "from": 9, "vc": [17, 7, 12, 20, 19, 19, 16, 21, 10, 21], "hlc": [921698, 4]}
INFO:<Node 8>:{"send": false, "recv": true, "to": 8, "from": 0, "vc": [20, 9, 16, 20, 16, 17, 21, 14, 19, 16], "hlc": [921699, 3]}
INFO:<Node 0>:{"send": true, "recv": false, "from": 0, "to": 5, "vc": [22, 9, 16, 17, 18, 13, 21, 19, 14, 16], "hlc": [921699, 4]}
INFO:<Node 1>:{"send": true, "recv": false, "from": 1, "to": 2, "vc": [13, 15, 9, 14, 21, 14, 11, 17, 10, 14], "hlc": [921701, 2]}
INFO:<Node 4>:{"send": true, "recv": false, "from": 4, "to": 8, "vc": [13, 7, 8, 14, 22, 6, 11, 17, 10, 13], "hlc": [921698, 0]}
INFO:<Node 6>:{"send": true, "recv": false, "from": 6, "to": 8, "vc": [9, 13, 9, 12, 16, 14, 24, 12, 8, 14], "hlc": [921701, 2]}
INFO:<Node 8>:{"send": true, "recv": false, "from": 8, "to": 7, "vc": [20, 9, 16, 20, 16, 17, 21, 14, 20, 16], "hlc": [921699, 4]}
INFO:<Node 2>:{"send": false, "recv": true, "to": 2, "from": 1, "vc": [13, 15, 18, 17, 21, 14, 19, 17, 14, 14], "hlc": [921701, 3]}
INFO:<Node 5>:{"send": false, "recv": true, "to": 5, "from": 0, "vc": [22, 9, 16, 20, 18, 20, 21, 19, 14, 16], "hlc": [921699, 5]}
INFO:<Node 7>:{"send": false, "recv": true, "to": 7, "from": 8, "vc": [20, 9, 16, 20, 19, 19, 21, 22, 20, 21], "hlc": [921699, 5]}
INFO:<Node 8>:{"send": false, "recv": true, "to": 8, "from": 4, "vc": [20, 9, 16, 20, 22, 17, 21, 17, 21, 16], "hlc": [921700, 0]}
INFO:<Node 8>:{"send": false, "recv": true, "to": 8, "from": 6, "vc": [20, 13, 16, 20, 22, 17, 24, 17, 22, 16], "hlc": [921701, 3]}
INFO:<Node 0>:{"send": true, "recv": false, "from": 0, "to": 7, "vc": [23, 9, 16, 17, 18, 13, 21, 19, 14, 16], "hlc": [921700, 0]}
INFO:<Node 6>:{"send": true, "recv": false, "from": 6, "to": 4, "vc": [9, 13, 9, 12, 16, 14, 25, 12, 8, 14], "hlc": [921701, 3]}
INFO:<Node 9>:{"send": true, "recv": false, "from": 9, "to": 8, "vc": [16, 7, 12, 20, 19, 18, 16, 15, 10, 22], "hlc": [921698, 3]}
INFO:<Node 4>:{"send": false, "recv": true, "to": 4, "from": 6, "vc": [13, 13, 9, 14, 23, 14, 25, 17, 10, 14], "hlc": [921701, 4]}
INFO:<Node 7>:{"send": false, "recv": true, "to": 7, "from": 0, "vc": [23, 9, 16, 20, 19, 19, 21, 23, 20, 21], "hlc": [921700, 1]}
INFO:<Node 8>:{"send": false, "recv": true, "to": 8, "from": 9, "vc": [20, 13, 16, 20, 22, 18, 24, 17, 23, 22], "hlc": [921701, 4]}
INFO:<Node 0>:{"send": true, "recv": false, "from": 0, "to": 3, "vc": [24, 9, 16, 17, 18, 13, 21, 19, 14, 16], "hlc": [921700, 1]}
INFO:<Node 1>:{"send": true, "recv": false, "from": 1, "to": 8, "vc": [13, 16, 9, 14, 21, 14, 11, 17, 10, 14], "hlc": [921702, 0]}
INFO:<Node 2>:{"send": true, "recv": false, "from": 2, "to": 5, "vc": [13, 15, 19, 17, 21, 14, 19, 17, 14, 14], "hlc": [921701, 4]}
INFO:<Node 3>:{"send": true, "recv": false, "from": 3, "to": 2, "vc": [16, 11, 17, 25, 16, 17, 20, 15, 18, 18], "hlc": [921700, 0]}
INFO:<Node 5>:{"send": true, "recv": false, "from": 5, "to": 3, "vc": [22, 9, 16, 20, 18, 21, 21, 19, 14, 16], "hlc": [921700, 0]}
INFO:<Node 7>:{"send": true, "recv": false, "from": 7, "to": 1, "vc": [23, 9, 16, 20, 19, 19, 21, 24, 20, 21], "hlc": [921700, 2]}
INFO:<Node 9>:{"send": true, "recv": false, "from": 9, "to": 8, "vc": [16, 7, 12, 20, 19, 18, 16, 15, 10, 23], "hlc": [921698, 4]}
INFO:<Node 1>:{"send": false, "recv": true, "to": 1, "from": 7, "vc": [23, 17, 16, 20, 21, 19, 21, 24, 20, 21], "hlc": [921703, 0]}
INFO:<Node 2>:{"send": false, "recv": true, "to": 2, "from": 3, "vc": [16, 15, 20, 25, 21, 17, 20, 17, 18, 18], "hlc": [921701, 5]}
INFO:<Node 3>:{"send": false, "recv": true, "to": 3, "from": 0, "vc": [24, 11, 17, 26, 18, 17, 21, 19, 18, 18], "hlc": [921701, 0]}
INFO:<Node 3>:{"send": false, "recv": true, "to": 3, "from": 5, "vc": [24, 11, 17, 27, 18, 21, 21, 19, 18, 18], "hlc": [921701, 1]}
INFO:<Node 5>:{"send": false, "recv": true, "to": 5, "from": 2, "vc": [22, 15, 19, 20, 21, 22, 21, 19, 14, 16], "hlc": [921701, 5]}
INFO:<Node 8>:{"send": false, "recv": true, "to": 8, "from": 1, "vc": [20, 16, 16, 20, 22, 18, 24, 17, 24, 22], "hlc": [921702, 1]}
INFO:<Node 8>:{"send": false, "recv": true, "to": 8, "from": 9, "vc": [20, 16, 16, 20, 22, 18, 24, 17, 25, 23], "hlc": [921702, 2]}
INFO:<Node 1>:{"send": true, "recv": false, "from": 1, "to": 9, "vc": [23, 18, 16, 20, 21, 19, 21, 24, 20, 21], "hlc": [921703, 1]}
INFO:<Node 3>:{"send": true, "recv": false, "from": 3, "to": 9, "vc": [24, 11, 17, 28, 18, 21, 21, 19, 18, 18], "hlc": [921701, 2]}
INFO:<Node 6>:{"send": true, "recv": false, "from": 6, "to": 9, "vc": [9, 13, 9, 12, 16, 14, 26, 12, 8, 14], "hlc": [921701, 4]}
INFO:<Node 7>:{"send": true, "recv": false, "from": 7, "to": 0, "vc": [23, 9, 16, 20, 19, 19, 21, 25, 20, 21], "hlc": [921700, 3]}
INFO:<Node 0>:{"send": false, "recv": true, "to": 0, "from": 7, "vc": [25, 9, 16, 20, 19, 19, 21, 25, 20, 21], "hlc": [921701, 0]}
INFO:<Node 9>:{"send": false, "recv": true, "to": 9, "from": 1, "vc": [23, 18, 16, 20, 21, 19, 21, 24, 20, 24], "hlc": [921703, 2]}
INFO:<Node 9>:{"send": false, "recv": true, "to": 9, "from": 3, "vc": [24, 18, 17, 28, 21, 21, 21, 24, 20, 25], "hlc": [921703, 3]}
INFO:<Node 9>:{"send": false, "recv": true, "to": 9, "from": 6, "vc": [24, 18, 17, 28, 21, 21, 26, 24, 20, 26], "hlc": [921703, 4]}
INFO:<Node 0>:{"send": true, "recv": false, "from": 0, "to": 6, "vc": [26, 9, 16, 20, 19, 19, 21, 25, 20, 21], "hlc": [921701, 1]}
INFO:<Node 2>:{"send": true, "recv": false, "from": 2, "to": 3, "vc": [16, 15, 21, 25, 21, 17, 20, 17, 18, 18], "hlc": [921701, 6]}
INFO:<Node 3>:{"send": true, "recv": false, "from": 3, "to": 8, "vc": [24, 11, 17, 29, 18, 21, 21, 19, 18, 18], "hlc": [921701, 3]}
INFO:<Node 6>:{"send": true, "recv": false, "from": 6, "to": 8, "vc": [9, 13, 9, 12, 16, 14, 27, 12, 8, 14], "hlc": [921701, 5]}
INFO:<Node 8>:{"send": true, "recv": false, "from": 8, "to": 7, "vc": [20, 16, 16, 20, 22, 18, 24, 17, 26, 23], "hlc": [921702, 3]}
INFO:<Node 3>:{"send": false, "recv": true, "to": 3, "from": 2, "vc": [24, 15, 21, 30, 21, 21, 21, 19, 18, 18], "hlc": [921702, 0]}
INFO:<Node 6>:{"send": false, "recv": true, "to": 6, "from": 0, "vc": [26, 13, 16, 20, 19, 19, 28, 25, 20, 21], "hlc": [921701, 6]}
INFO:<Node 7>:{"send": false, "recv": true, "to": 7, "from": 8, "vc": [23, 16, 16, 20, 22, 19, 24, 26, 26, 23], "hlc": [921702, 4]}
INFO:<Node 8>:{"send": false, "recv": true, "to": 8, "from": 3, "vc": [24, 16, 17, 29, 22, 21, 24, 19, 27, 23], "hlc": [921702, 4]}
INFO:<Node 8>:{"send": false, "recv": true, "to": 8, "from": 6, "vc": [24, 16, 17, 29, 22, 21, 27, 19, 28, 23], "hlc": [921702, 5]}
INFO:<Node 0>:{"send": true, "recv": false, "from": 0, "to": 7, "vc": [27, 9, 16, 20, 19, 19, 21, 25, 20, 21], "hlc": [921702, 0]}
INFO:<Node 1>:{"send": true, "recv": false, "from": 1, "to": 5, "vc": [23, 19, 16, 20, 21, 19, 21, 24, 20, 21], "hlc": [921704, 0]}
INFO:<Node 2>:{"send": true, "recv": false, "from": 2, "to": 3, "vc": [16, 15, 22, 25, 21, 17, 20, 17, 18, 18], "hlc": [921701, 7]}
INFO:<Node 4>:{"send": true, "recv": false, "from": 4, "to": 1, "vc": [13, 13, 9, 14, 24, 14, 25, 17, 10, 14], "hlc": [921701, 5]}
INFO:<Node 7>:{"send": true, "recv": false, "from": 7, "to": 5, "vc": [23, 16, 16, 20, 22, 19, 24, 27, 26, 23], "hlc": [921702, 5]}
INFO:<Node 1>:{"send": false, "recv": true, "to": 1, "from": 4, "vc": [23, 20, 16, 20, 24, 19, 25, 24, 20, 21], "hlc": [921704, 1]}
INFO:<Node 3>:{"send": false, "recv": true, "to": 3, "from": 2, "vc": [24, 15, 22, 31, 21, 21, 21, 19, 18, 18], "hlc": [921702, 1]}
INFO:<Node 5>:{"send": false, "recv": true, "to": 5, "from": 1, "vc": [23, 19, 19, 20, 21, 23, 21, 24, 20, 21], "hlc": [921704, 1]}
INFO:<Node 5>:{"send": false, "recv": true, "to": 5, "from": 7, "vc": [23, 19, 19, 20, 22, 24, 24, 27, 26, 23], "hlc": [921704, 2]}
INFO:<Node 7>:{"send": false, "recv": true, "to": 7, "from": 0, "vc": [27, 16, 16, 20, 22, 19, 24, 28, 26, 23], "hlc": [921702, 6]}
INFO:<Node 0>:{"send": true, "recv": false, "from": 0, "to": 6, "vc": [28, 9, 16, 20, 19, 19, 21, 25, 20, 21], "hlc": [921702, 1]}
INFO:<Node 1>:{"send": true, "recv": false, "from": 1, "to": 7, "vc": [23, 21, 16, 20, 24, 19, 25, 24, 20, 21], "hlc": [921704, 2]}
INFO:<Node 4>:{"send": true, "recv": false, "from": 4, "to": 3, "vc": [13, 13, 9, 14, 25, 14, 25, 17, 10, 14], "hlc": [921701, 6]}
INFO:<Node 6>:{"send": true, "recv": false, "from": 6, "to": 8, "vc": [26, 13, 16, 20, 19, 19, 29, 25, 20, 21], "hlc": [921701, 7]}
INFO:<Node 7>:{"send": true, "recv": false, "from": 7, "to": 8, "vc": [27, 16, 16, 20, 22, 19, 24, 29, 26, 23], "hlc": [921702, 7]}
INFO:<Node 9>:{"send": true, "recv": false, "from": 9, "to": 2, "vc": [24, 18, 17, 28, 21, 21, 26, 24, 20, 27], "hlc": [921703, 5]}
INFO:<Node 2>:{"send": false, "recv": true, "to": 2, "from": 9, "vc": [24, 18, 23, 28, 21, 21, 26, 24, 20, 27], "hlc": [921703, 6]}
INFO:<Node 3>:{"send": false, "recv": true, "to": 3, "from": 4, "vc": [24, 15, 22, 32, 25, 21, 25, 19, 18, 18], "hlc": [921703, 0]}
INFO:<Node 6>:{"send": false, "recv": true, "to": 6, "from": 0, "vc": [28, 13, 16, 20, 19, 19, 30, 25, 20, 21], "hlc": [921702, 2]}
INFO:<Node 7>:{"send": false, "recv": true, "to": 7, "from": 1, "vc": [27, 21, 16, 20, 24, 19, 25, 30, 26, 23], "hlc": [921704, 3]}
INFO:<Node 8>:{"send": false, "recv": true, "to": 8, "from": 6, "vc": [26, 16, 17, 29, 22, 21, 29, 25, 29, 23], "hlc": [921703, 0]}
INFO:<Node 8>:{"send": false, "recv": true, "to": 8, "from": 7, "vc": [27, 16, 17, 29, 22, 21, 29, 29, 30, 23], "hlc": [921703, 1]}
INFO:<Node 1>:{"send": true, "recv": false, "from": 1, "to": 4, "vc": [23, 22, 16, 20, 24, 19, 25, 24, 20, 21], "hlc": [921705, 0]}
INFO:<Node 2>:{"send": true, "recv": false, "from": 2, "to": 9, "vc": [24, 18, 24, 28, 21, 21, 26, 24, 20, 27], "hlc": [921703, 7]}
INFO:<Node 4>:{"send": true, "recv": false, "from": 4, "to": 0, "vc": [13, 13, 9, 14, 26, 14, 25, 17, 10, 14], "hlc": [921702, 0]}
INFO:<Node 6>:{"send": true, "recv": false, "from": 6, "to": 1, "vc": [28, 13, 16, 20, 19, 19, 31, 25, 20, 21], "hlc": [921702, 3]}
INFO:<Node 7>:{"send": true, "recv": false, "from": 7, "to": 3, "vc": [27, 21, 16, 20, 24, 19, 25, 31, 26, 23], "hlc": [921704, 4]}
INFO:<Node 8>:{"send": true, "recv": false, "from": 8, "to": 5, "vc": [27, 16, 17, 29, 22, 21, 29, 29, 31, 23], "hlc": [921703, 2]}
INFO:<Node 0>:{"send": false, "recv": true, "to": 0, "from": 4, "vc": [29, 13, 16, 20, 26, 19, 25, 25, 20, 21], "hlc": [921703, 0]}
INFO:<Node 1>:{"send": false, "recv": true, "to": 1, "from": 6, "vc": [28, 23, 16, 20, 24, 19, 31, 25, 20, 21], "hlc": [921705, 1]}
INFO:<Node 3>:{"send": false, "recv": true, "to": 3, "from": 7, "vc": [27, 21, 22, 33, 25, 21, 25, 31, 26, 23], "hlc": [921704, 5]}
INFO:<Node 4>:{"send": false, "recv": true, "to": 4, "from": 1, "vc": [23, 22, 16, 20, 27, 19, 25, 24, 20, 21], "hlc": [921705, 1]}
INFO:<Node 5>:{"send": false, "recv": true, "to": 5, "from": 8, "vc": [27, 19, 19, 29, 22, 25, 29, 29, 31, 23], "hlc": [921704, 3]}
INFO:<Node 9>:{"send": false, "recv": true, "to": 9, "from": 2, "vc": [24, 18, 24, 28, 21, 21, 26, 24, 20, 28], "hlc": [921703, 8]}
INFO:<Node 1>:{"send": true, "recv": false, "from": 1, "to": 7, "vc": [28, 24, 16, 20, 24, 19, 31, 25, 20, 21], "hlc": [921705, 2]}
INFO:<Node 4>:{"send": true, "recv": false, "from": 4, "to": 8, "vc": [23, 22, 16, 20, 28, 19, 25, 24, 20, 21], "hlc": [921705, 2]}
INFO:<Node 6>:{"send": true, "recv": false, "from": 6, "to": 5, "vc": [28, 13, 16, 20, 19, 19, 32, 25, 20, 21], "hlc": [921702, 4]}
INFO:<Node 7>:{"send": true, "recv": false, "from": 7, "to": 5, "vc": [27, 21, 16, 20, 24, 19, 25, 32, 26, 23], "hlc": [921704, 5]}
INFO:<Node 8>:{"send": true, "recv": false, "from": 8, "to": 3, "vc": [27, 16, 17, 29, 22, 21, 29, 29, 32, 23], "hlc": [921703, 3]}
INFO:<Node 9>:{"send": true, "recv": false, "from": 9, "to": 0, "vc": [24, 18, 24, 28, 21, 21, 26, 24, 20, 29], "hlc": [921703, 9]}
INFO:<Node 0>:{"send": false, "recv": true, "to": 0, "from": 9, "vc": [30, 18, 24, 28, 26, 21, 26, 25, 20, 29], "hlc": [921704, 0]}
INFO:<Node 3>:{"send": false, "recv": true, "to": 3, "from": 8, "vc": [27, 21, 22, 34, 25, 21, 29, 31, 32, 23], "hlc": [921704, 6]}
INFO:<Node 5>:{"send": false, "recv": true, "to": 5, "from": 6, "vc": [28, 19, 19, 29, 22, 26, 32, 29, 31, 23], "hlc": [921704, 4]}
INFO:<Node 5>:{"send": false, "recv": true, "to": 5, "from": 7, "vc": [28, 21, 19, 29, 24, 27, 32, 32, 31, 23], "hlc": [921704, 6]}
INFO:<Node 7>:{"send": false, "recv": true, "to": 7, "from": 1, "vc": [28, 24, 16, 20, 24, 19, 31, 33, 26, 23], "hlc": [921705, 3]}
INFO:<Node 8>:{"send": false, "recv": true, "to": 8, "from": 4, "vc": [27, 22, 17, 29, 28, 21, 29, 29, 33, 23], "hlc": [921705, 3]}
INFO:<Node 2>:{"send": true, "recv": false, "from": 2, "to": 9, "vc": [24, 18, 25, 28, 21, 21, 26, 24, 20, 27], "hlc": [921703, 8]}
INFO:<Node 3>:{"send": true, "recv": false, "from": 3, "to": 0, "vc": [27, 21, 22, 35, 25, 21, 29, 31, 32, 23], "hlc": [921704, 7]}
INFO:<Node 4>:{"send": true, "recv": false, "from": 4, "to": 5, "vc": [23, 22, 16, 20, 29, 19, 25, 24, 20, 21], "hlc": [921705, 3]}
INFO:<Node 5>:{"send": true, "recv": false, "from": 5, "to": 0, "vc": [28, 21, 19, 29, 24, 28, 32, 32, 31, 23], "hlc": [921704, 7]}
INFO:<Node 6>:{"send": true, "recv": false, "from": 6, "to": 7, "vc": [28, 13, 16, 20, 19, 19, 33, 25, 20, 21], "hlc": [921702, 5]}
INFO:<Node 8>:{"send": true, "recv": false, "from": 8, "to": 1, "vc": [27, 22, 17, 29, 28, 21, 29, 29, 34, 23], "hlc": [921705, 4]}
INFO:<Node 9>:{"send": true, "recv": false, "from": 9, "to": 2, "vc": [24, 18, 24, 28, 21, 21, 26, 24, 20, 30], "hlc": [921703, 10]}
INFO:<Node 0>:{"send": false, "recv": true, "to": 0, "from": 3, "vc": [31, 21, 24, 35, 26, 21, 29, 31, 32, 29], "hlc": [921704, 8]}
INFO:<Node 0>:{"send": false, "recv": true, "to": 0, "from": 5, "vc": [32, 21, 24, 35, 26, 28, 32, 32, 32, 29], "hlc": [921704, 9]}
INFO:<Node 1>:{"send": false, "recv": true, "to": 1, "from": 8, "vc": [28, 25, 17, 29, 28, 21, 31, 29, 34, 23], "hlc": [921706, 0]}
INFO:<Node 2>:{"send": false, "recv": true, "to": 2, "from": 9, "vc": [24, 18, 26, 28, 21, 21, 26, 24, 20, 30], "hlc": [921703, 11]}
INFO:<Node 5>:{"send": false, "recv": true, "to": 5, "from": 4, "vc": [28, 22, 19, 29, 29, 29, 32, 32, 31, 23], "hlc": [921705, 4]}
INFO:<Node 7>:{"send": false, "recv": true, "to": 7, "from": 6, "vc": [28, 24, 16, 20, 24, 19, 33, 34, 26, 23], "hlc": [921705, 4]}
INFO:<Node 9>:{"send": false, "recv": true, "to": 9, "from": 2, "vc": [24, 18, 25, 28, 21, 21, 26, 24, 20, 31], "hlc": [921703, 11]}
INFO:<Node 4>:{"send": true, "recv": false, "from": 4, "to": 3, "vc": [23, 22, 16, 20, 30, 19, 25, 24, 20, 21], "hlc": [921705, 4]}
INFO:<Node 6>:{"send": true, "recv": false, "from": 6, "to": 8, "vc": [28, 13, 16, 20, 19, 19, 34, 25, 20, 21], "hlc": [921702, 6]}
INFO:<Node 8>:{"send": true, "recv": false, "from": 8, "to": 3, "vc": [27, 22, 17, 29, 28, 21, 29, 29, 35, 23], "hlc": [921705, 5]}
INFO:<Node 9>:{"send": true, "recv": false, "from": 9, "to": 8, "vc": [24, 18, 25, 28, 21, 21, 26, 24, 20, 32], "hlc": [921703, 12]}
INFO:<Node 3>:{"send": false, "recv": true, "to": 3, "from": 4, "vc": [27, 22, 22, 36, 30, 21, 29, 31, 32, 23], "hlc": [921705, 5]}
INFO:<Node 3>:{"send": false, "recv": true, "to": 3, "from": 8, "vc": [27, 22, 22, 37, 30, 21, 29, 31, 35, 23], "hlc": [921705, 6]}
INFO:<Node 8>:{"send": false, "recv": true, "to": 8, "from": 6, "vc": [28, 22, 17, 29, 28, 21, 34, 29, 36, 23], "hlc": [921705, 6]}
INFO:<Node 8>:{"send": false, "recv": true, "to": 8, "from": 9, "vc": [28, 22, 25, 29, 28, 21, 34, 29, 37, 32], "hlc": [921705, 7]}
INFO:<Node 1>:{"send": true, "recv": false, "from": 1, "to": 8, "vc": [28, 26, 17, 29, 28, 21, 31, 29, 34, 23], "hlc": [921707, 0]}
INFO:<Node 2>:{"send": true, "recv": false, "from": 2, "to": 5, "vc": [24, 18, 27, 28, 21, 21, 26, 24, 20, 30], "hlc": [921703, 12]}
INFO:<Node 3>:{"send": true, "recv": false, "from": 3, "to": 7, "vc": [27, 22, 22, 38, 30, 21, 29, 31, 35, 23], "hlc": [921705, 7]}
INFO:<Node 4>:{"send": true, "recv": false, "from": 4, "to": 3, "vc": [23, 22, 16, 20, 31, 19, 25, 24, 20, 21], "hlc": [921705, 5]}
INFO:<Node 5>:{"send": true, "recv": false, "from": 5, "to": 1, "vc": [28, 22, 19, 29, 29, 30, 32, 32, 31, 23], "hlc": [921705, 5]}
INFO:<Node 6>:{"send": true, "recv": false, "from": 6, "to": 1, "vc": [28, 13, 16, 20, 19, 19, 35, 25, 20, 21], "hlc": [921702, 7]}
INFO:<Node 8>:{"send": true, "recv": false, "from": 8, "to": 2, "vc": [28, 22, 25, 29, 28, 21, 34, 29, 38, 32], "hlc": [921705, 8]}
INFO:<Node 1>:{"send": false, "recv": true, "to": 1, "from": 5, "vc": [28, 27, 19, 29, 29, 30, 32, 32, 34, 23], "hlc": [921707, 1]}
INFO:<Node 1>:{"send": false, "recv": true, "to": 1, "from": 6, "vc": [28, 28, 19, 29, 29, 30, 35, 32, 34, 23], "hlc": [921707, 2]}
INFO:<Node 2>:{"send": false, "recv": true, "to": 2, "from": 8, "vc": [28, 22, 28, 29, 28, 21, 34, 29, 38, 32], "hlc": [921705, 9]}
INFO:<Node 3>:{"send": false, "recv": true, "to": 3, "from": 4, "vc": [27, 22, 22, 39, 31, 21, 29, 31, 35, 23], "hlc": [921705, 8]}
INFO:<Node 5>:{"send": false, "recv": true, "to": 5, "from": 2, "vc": [28, 22, 27, 29, 29, 31, 32, 32, 31, 30], "hlc": [921705, 6]}
INFO:<Node 7>:{"send": false, "recv": true, "to": 7, "from": 3, "vc": [28, 24, 22, 38, 30, 21, 33, 35, 35, 23], "hlc": [921705, 8]}
INFO:<Node 8>:{"send": false, "recv": true, "to": 8, "from": 1, "vc": [28, 26, 25, 29, 28, 21, 34, 29, 39, 32], "hlc": [921707, 1]}
INFO:<Node 0>:{"send": true, "recv": false, "from": 0, "to": 1, "vc": [33, 21, 24, 35, 26, 28, 32, 32, 32, 29], "hlc": [921705, 0]}
INFO:<Node 1>:{"send": true, "recv": false, "from": 1, "to": 9, "vc": [28, 29, 19, 29, 29, 30, 35, 32, 34, 23], "hlc": [921707, 3]}
INFO:<Node 2>:{"send": true, "recv": false, "from": 2, "to": 9, "vc": [28, 22, 29, 29, 28, 21, 34, 29, 38, 32], "hlc": [921705, 10]}
INFO:<Node 4>:{"send": true, "recv": false, "from": 4, "to": 1, "vc": [23, 22, 16, 20, 32, 19, 25, 24, 20, 21], "hlc": [921705, 6]}
INFO:<Node 9>:{"send": true, "recv": false, "from": 9, "to": 8, "vc": [24, 18, 25, 28, 21, 21, 26, 24, 20, 33], "hlc": [921703, 13]}
INFO:<Node 1>:{"send": false, "recv": true, "to": 1, "from": 0, "vc": [33, 30, 24, 35, 29, 30, 35, 32, 34, 29], "hlc": [921708, 0]}
INFO:<Node 1>:{"send": false, "recv": true, "to": 1, "from": 4, "vc": [33, 31, 24, 35, 32, 30, 35, 32, 34, 29], "hlc": [921708, 1]}
INFO:<Node 8>:{"send": false, "recv": true, "to": 8, "from": 9, "vc": [28, 26, 25, 29, 28, 21, 34, 29, 40, 33], "hlc": [921707, 2]}
INFO:<Node 9>:{"send": false, "recv": true, "to": 9, "from": 1, "vc": [28, 29, 25, 29, 29, 30, 35, 32, 34, 34], "hlc": [921707, 4]}
INFO:<Node 9>:{"send": false, "recv": true, "to": 9, "from": 2, "vc": [28, 29, 29, 29, 29, 30, 35, 32, 38, 35], "hlc": [921707, 5]}
INFO:<Node 0>:{"send": true, "recv": false, "from": 0, "to": 3, "vc": [34, 21, 24, 35, 26, 28, 32, 32, 32, 29], "hlc": [921706, 0]}
INFO:<Node 2>:{"send": true, "recv": false, "from": 2, "to": 4, "vc": [28, 22, 30, 29, 28, 21, 34, 29, 38, 32], "hlc": [921705, 11]}
INFO:<Node 3>:{"send": true, "recv": false, "from": 3, "to": 1, "vc": [27, 22, 22, 40, 31, 21, 29, 31, 35, 23], "hlc": [921706, 0]}
INFO:<Node 4>:{"send": true, "recv": false, "from": 4, "to": 1, "vc": [23, 22, 16, 20, 33, 19, 25, 24, 20, 21], "hlc": [921705, 7]}
INFO:<Node 5>:{"send": true, "recv": false, "from": 5, "to": 8, "vc": [28, 22, 27, 29, 29, 32, 32, 32, 31, 30], "hlc": [921706, 0]}
INFO:<Node 6>:{"send": true, "recv": false, "from": 6, "to": 4, "vc": [28, 13, 16, 20, 19, 19, 36, 25, 20, 21], "hlc": [921702, 8]}
INFO:<Node 7>:{"send": true, "recv": false, "from": 7, "to": 4, "vc": [28, 24, 22, 38, 30, 21, 33, 36, 35, 23], "hlc": [921705, 9]}
INFO:<Node 1>:{"send": false, "recv": true, "to": 1, "from": 3, "vc": [33, 32, 24, 40, 32, 30, 35, 32, 35, 29], "hlc": [921708, 2]}
INFO:<Node 1>:{"send": false, "recv": true, "to": 1, "from": 4, "vc": [33, 33, 24, 40, 33, 30, 35, 32, 35, 29], "hlc": [921708, 3]}
INFO:<Node 3>:{"send": false, "recv": true, "to": 3, "from": 0, "vc": [34, 22, 24, 41, 31, 28, 32, 32, 35, 29], "hlc": [921706, 1]}
INFO:<Node 4>:{"send": false, "recv": true, "to": 4, "from": 2, "vc": [28, 22, 30, 29, 34, 21, 34, 29, 38, 32], "hlc": [921705, 12]}
INFO:<Node 4>:{"send": false, "recv": true, "to": 4, "from": 6, "vc": [28, 22, 30, 29, 35, 21, 36, 29, 38, 32], "hlc": [921705, 13]}
INFO:<Node 4>:{"send": false, "recv": true, "to": 4, "from": 7, "vc": [28, 24, 30, 38, 36, 21, 36, 36, 38, 32], "hlc": [921705, 14]}
INFO:<Node 8>:{"send": false, "recv": true, "to": 8, "from": 5, "vc": [28, 26, 27, 29, 29, 32, 34, 32, 41, 33], "hlc": [921707, 3]}
INFO:<Node 1>:{"send": true, "recv": false, "from": 1, "to": 3, "vc": [33, 34, 24, 40, 33, 30, 35, 32, 35, 29], "hlc": [921708, 4]}
INFO:<Node 3>:{"send": true, "recv": false, "from": 3, "to": 6, "vc": [34, 22, 24, 42, 31, 28, 32, 32, 35, 29], "hlc": [921706, 2]}
INFO:<Node 4>:{"send": true, "recv": false, "from": 4, "to": 9, "vc": [28, 24, 30, 38, 37, 21, 36, 36, 38, 32], "hlc": [921705, 15]}
INFO:<Node 5>:{"send": true, "recv": false, "from": 5, "to": 1, "vc": [28, 22, 27, 29, 29, 33, 32, 32, 31, 30], "hlc": [921706, 1]}
INFO:<Node 6>:{"send": true, "recv": false, "from": 6, "to": 4, "vc": [28, 13, 16, 20, 19, 19, 37, 25, 20, 21], "hlc": [921702, 9]}
INFO:<Node 7>:{"send": true, "recv": false, "from": 7, "to": 8, "vc": [28, 24, 22, 38, 30, 21, 33, 37, 35, 23], "hlc": [921705, 10]}
INFO:<Node 9>:{"send": true, "recv": false, "from": 9, "to": 1, "vc": [28, 29, 29, 29, 29, 30, 35, 32, 38, 36], "hlc": [921707, 6]}
INFO:<Node 1>:{"send": false, "recv": true, "to": 1, "from": 5, "vc": [33, 35, 27, 40, 33, 33, 35, 32, 35, 30], "hlc": [921709, 0]}
INFO:<Node 1>:{"send": false, "recv": true, "to": 1, "from": 9, "vc": [33, 36, 29, 40, 33, 33, 35, 32, 38, 36], "hlc": [921709, 1]}
INFO:<Node 3>:{"send": false, "recv": true, "to": 3, "from": 1, "vc": [34, 34, 24, 43, 33, 30, 35, 32, 35, 29], "hlc": [921708, 5]}
INFO:<Node 4>:{"send": false, "recv": true, "to": 4, "from": 6, "vc": [28, 24, 30, 38, 38, 21, 37, 36, 38, 32], "hlc": [921706, 0]}
INFO:<Node 6>:{"send": false, "recv": true, "to": 6, "from": 3, "vc": [34, 22, 24, 42, 31, 28, 38, 32, 35, 29], "hlc": [921706, 3]}
INFO:<Node 8>:{"send": false, "recv": true, "to": 8, "from": 7, "vc": [28, 26, 27, 38, 30, 32, 34, 37, 42, 33], "hlc": [921707, 4]}
INFO:<Node 9>:{"send": false, "recv": true, "to": 9, "from": 4, "vc": [28, 29, 30, 38, 37, 30, 36, 36, 38, 37], "hlc": [921707, 7]}
INFO:<Node 0>:{"send": true, "recv": false, "from": 0, "to": 9, "vc": [35, 21, 24, 35, 26, 28, 32, 32, 32, 29], "hlc": [921707, 0]}
INFO:<Node 1>:{"send": true, "recv": false, "from": 1, "to": 0, "vc": [33, 37, 29, 40, 33, 33, 35, 32, 38, 36], "hlc": [921709, 2]}
INFO:<Node 2>:{"send": true, "recv": false, "from": 2, "to": 8, "vc": [28, 22, 31, 29, 28, 21, 34, 29, 38, 32], "hlc": [921705, 12]}
INFO:<Node 3>:{"send": true, "recv": false, "from": 3, "to": 4, "vc": [34, 34, 24, 44, 33, 30, 35, 32, 35, 29], "hlc": [921708, 6]}
INFO:<Node 8>:{"send": true, "recv": false, "from": 8, "to": 9, "vc": [28, 26, 27, 38, 30, 32, 34, 37, 43, 33], "hlc": [921707, 5]}
INFO:<Node 9>:{"send": true, "recv": false, "from": 9, "to": 7, "vc": [28, 29, 30, 38, 37, 30, 36, 36, 38, 38], "hlc": [921707, 8]}
INFO:<Node 0>:{"send": false, "recv": true, "to": 0, "from": 1, "vc": [36, 37, 29, 40, 33, 33, 35, 32, 38, 36], "hlc": [921709, 3]}
INFO:<Node 4>:{"send": false, "recv": true, "to": 4, "from": 3, "vc": [34, 34, 30, 44, 39, 30, 37, 36, 38, 32], "hlc": [921708, 7]}
INFO:<Node 7>:{"send": false, "recv": true, "to": 7, "from": 9, "vc": [28, 29, 30, 38, 37, 30, 36, 38, 38, 38], "hlc": [921707, 9]}
INFO:<Node 8>:{"send": false, "recv": true, "to": 8, "from": 2, "vc": [28, 26, 31, 38, 30, 32, 34, 37, 44, 33], "hlc": [921707, 6]}
INFO:<Node 9>:{"send": false, "recv": true, "to": 9, "from": 0, "vc": [35, 29, 30, 38, 37, 30, 36, 36, 38, 39], "hlc": [921707, 9]}
INFO:<Node 9>:{"send": false, "recv": true, "to": 9, "from": 8, "vc": [35, 29, 30, 38, 37, 32, 36, 37, 43, 40], "hlc": [921707, 10]}
INFO:<Node 0>:{"send": true, "recv": false, "from": 0, "to": 3, "vc": [37, 37, 29, 40, 33, 33, 35, 32, 38, 36], "hlc": [921709, 4]}
INFO:<Node 4>:{"send": true, "recv": false, "from": 4, "to": 9, "vc": [34, 34, 30, 44, 40, 30, 37, 36, 38, 32], "hlc": [921708, 8]}
INFO:<Node 6>:{"send": true, "recv": false, "from": 6, "to": 8, "vc": [34, 22, 24, 42, 31, 28, 39, 32, 35, 29], "hlc": [921706, 4]}
INFO:<Node 3>:{"send": false, "recv": true, "to": 3, "from": 0, "vc": [37, 37, 29, 45, 33, 33, 35, 32, 38, 36], "hlc": [921709, 5]}
INFO:<Node 8>:{"send": false, "recv": true, "to": 8, "from": 6, "vc": [34, 26, 31, 42, 31, 32, 39, 37, 45, 33], "hlc": [921708, 0]}
INFO:<Node 9>:{"send": false, "recv": true, "to": 9, "from": 4, "vc": [35, 34, 30, 44, 40, 32, 37, 37, 43, 41], "hlc": [921708, 9]}
INFO:<Node 0>:{"send": true, "recv": false, "from": 0, "to": 1, "vc": [38, 37, 29, 40, 33, 33, 35, 32, 38, 36], "hlc": [921709, 5]}
INFO:<Node 2>:{"send": true, "recv": false, "from": 2, "to": 4, "vc": [28, 22, 32, 29, 28, 21, 34, 29, 38, 32], "hlc": [921705, 13]}
INFO:<Node 4>:{"send": true, "recv": false, "from": 4, "to": 8, "vc": [34, 34, 30, 44, 41, 30, 37, 36, 38, 32], "hlc": [921708, 9]}
INFO:<Node 7>:{"send": true, "recv": false, "from": 7, "to": 3, "vc": [28, 29, 30, 38, 37, 30, 36, 39, 38, 38], "hlc": [921707, 10]}
INFO:<Node 8>:{"send": true, "recv": false, "from": 8, "to": 4, "vc": [34, 26, 31, 42, 31, 32, 39, 37, 46, 33], "hlc": [921708, 1]}
INFO:<Node 9>:{"send": true, "recv": false, "from": 9, "to": 4, "vc": [35, 34, 30, 44, 40, 32, 37, 37, 43, 42], "hlc": [921708, 10]}
INFO:<Node 1>:{"send": false, "recv": true, "to": 1, "from": 0, "vc": [38, 38, 29, 40, 33, 33, 35, 32, 38, 36], "hlc": [921710, 0]}
INFO:<Node 3>:{"send": false, "recv": true, "to": 3, "from": 7, "vc": [37, 37, 30, 46, 37, 33, 36, 39, 38, 38], "hlc": [921709, 6]}
INFO:<Node 4>:{"send": false, "recv": true, "to": 4, "from": 2, "vc": [34, 34, 32, 44, 42, 30, 37, 36, 38, 32], "hlc": [921708, 10]}
INFO:<Node 4>:{"send": false, "recv": true, "to": 4, "from": 8, "vc": [34, 34, 32, 44, 43, 32, 39, 37, 46, 33], "hlc": [921708, 11]}
INFO:<Node 4>:{"send": false, "recv": true, "to": 4, "from": 9, "vc": [35, 34, 32, 44, 44, 32, 39, 37, 46, 42], "hlc": [921708, 12]}
INFO:<Node 8>:{"send": false, "recv": true, "to": 8, "from": 4, "vc": [34, 34, 31, 44, 41, 32, 39, 37, 47, 33], "hlc": [921708, 10]}
INFO:<Node 2>:{"send": true, "recv": false, "from": 2, "to": 7, "vc": [28, 22, 33, 29, 28, 21, 34, 29, 38, 32], "hlc": [921705, 14]}
INFO:<Node 4>:{"send": true, "recv": false, "from": 4, "to": 7, "vc": [35, 34, 32, 44, 45, 32, 39, 37, 46, 42], "hlc": [921708, 13]}
INFO:<Node 7>:{"send": true, "recv": false, "from": 7, "to": 0, "vc": [28, 29, 30, 38, 37, 30, 36, 40, 38, 38], "hlc": [921707, 11]}
INFO:<Node 8>:{"send": true, "recv": false, "from": 8, "to": 9, "vc": [34, 34, 31, 44, 41, 32, 39, 37, 48, 33], "hlc": [921708, 11]}
INFO:<Node 0>:{"send": false, "recv": true, "to": 0, "from": 7, "vc": [39, 37, 30, 40, 37, 33, 36, 40, 38, 38], "hlc": [921709, 6]}
INFO:<Node 7>:{"send": false, "recv": true, "to": 7, "from": 2, "vc": [28, 29, 33, 38, 37, 30, 36, 41, 38, 38], "hlc": [921707, 12]}
INFO:<Node 7>:{"send": false, "recv": true, "to": 7, "from": 4, "vc": [35, 34, 33, 44, 45, 32, 39, 42, 46, 42], "hlc": [921708, 14]}
INFO:<Node 9>:{"send": false, "recv": true, "to": 9, "from": 8, "vc": [35, 34, 31, 44, 41, 32, 39, 37, 48, 43], "hlc": [921708, 12]}
INFO:<Node 0>:{"send": true, "recv": false, "from": 0, "to": 1, "vc": [40, 37, 30, 40, 37, 33, 36, 40, 38, 38], "hlc": [921709, 7]}
INFO:<Node 1>:{"send": true, "recv": false, "from": 1, "to": 7, "vc": [38, 39, 29, 40, 33, 33, 35, 32, 38, 36], "hlc": [921711, 0]}
INFO:<Node 3>:{"send": true, "recv": false, "from": 3, "to": 1, "vc": [37, 37, 30, 47, 37, 33, 36, 39, 38, 38], "hlc": [921709, 7]}
INFO:<Node 4>:{"send": true, "recv": false, "from": 4, "to": 8, "vc": [35, 34, 32, 44, 46, 32, 39, 37, 46, 42], "hlc": [921708, 14]}
INFO:<Node 6>:{"send": true, "recv": false, "from": 6, "to": 8, "vc": [34, 22, 24, 42, 31, 28, 40, 32, 35, 29], "hlc": [921706, 5]}
INFO:<Node 8>:{"send": true, "recv": false, "from": 8, "to": 1, "vc": [34, 34, 31, 44, 41, 32, 39, 37, 49, 33], "hlc": [921709, 0]}
INFO:<Node 9>:{"send": true, "recv": false, "from": 9, "to": 3, "vc": [35, 34, 31, 44, 41, 32, 39, 37, 48, 44], "hlc": [921708, 13]}
INFO:<Node 1>:{"send": false, "recv": true, "to": 1, "from": 0, "vc": [40, 40, 30, 40, 37, 33, 36, 40, 38, 38], "hlc": [921711, 1]}
INFO:<Node 1>:{"send": false, "recv": true, "to": 1, "from": 3, "vc": [40, 41, 30, 47, 37, 33, 36, 40, 38, 38], "hlc": [921711, 2]}
INFO:<Node 1>:{"send": false, "recv": true, "to": 1, "from": 8, "vc": [40, 42, 31, 47, 41, 33, 39, 40, 49, 38], "hlc": [921711, 3]}
INFO:<Node 3>:{"send": false, "recv": true, "to": 3, "from": 9, "vc": [37, 37, 31, 48, 41, 33, 39, 39, 48, 44], "hlc": [921709, 8]}
INFO:<Node 7>:{"send": false, "recv": true, "to": 7, "from": 1, "vc": [38, 39, 33, 44, 45, 33, 39, 43, 46, 42], "hlc": [921711, 1]}
INFO:<Node 8>:{"send": false, "recv": true, "to": 8, "from": 4, "vc": [35, 34, 32, 44, 46, 32, 39, 37, 50, 42], "hlc": [921709, 1]}
INFO:<Node 8>:{"send": false, "recv": true, "to": 8, "from": 6, "vc": [35, 34, 32, 44, 46, 32, 40, 37, 51, 42], "hlc": [921709, 2]}
INFO:<Node 3>:{"send": true, "recv": false, "from": 3, "to": 4, "vc": [37, 37, 31, 49, 41, 33, 39, 39, 48, 44], "hlc": [921709, 9]}
INFO:<Node 4>:{"send": true, "recv": false, "from": 4, "to": 8, "vc": [35, 34, 32, 44, 47, 32, 39, 37, 46, 42], "hlc": [921708, 15]}
INFO:<Node 5>:{"send": true, "recv": false, "from": 5, "to": 3, "vc": [28, 22, 27, 29, 29, 34, 32, 32, 31, 30], "hlc": [921709, 0]}
INFO:<Node 6>:{"send": true, "recv": false, "from": 6, "to": 3, "vc": [34, 22, 24, 42, 31, 28, 41, 32, 35, 29], "hlc": [921706, 6]}
INFO:<Node 7>:{"send": true, "recv": false, "from": 7, "to": 0, "vc": [38, 39, 33, 44, 45, 33, 39, 44, 46, 42], "hlc": [921711, 2]}
INFO:<Node 8>:{"send": true, "recv": false, "from": 8, "to": 4, "vc": [35, 34, 32, 44, 46, 32, 40, 37, 52, 42], "hlc": [921709, 3]}
INFO:<Node 9>:{"send": true, "recv": false, "from": 9, "to": 8, "vc": [35, 34, 31, 44, 41, 32, 39, 37, 48, 45], "hlc": [921708, 14]}
INFO:<Node 0>:{"send": false, "recv": true, "to": 0, "from": 7, "vc": [41, 39, 33, 44, 45, 33, 39, 44, 46, 42], "hlc": [921711, 3]}
INFO:<Node 3>:{"send": false, "recv": true, "to": 3, "from": 5, "vc": [37, 37, 31, 50, 41, 34, 39, 39, 48, 44], "hlc": [921710, 0]}
INFO:<Node 3>:{"send": false, "recv": true, "to": 3, "from": 6, "vc": [37, 37, 31, 51, 41, 34, 41, 39, 48, 44], "hlc": [921710, 1]}
INFO:<Node 4>:{"send": false, "recv": true, "to": 4, "from": 3, "vc": [37, 37, 32, 49, 48, 33, 39, 39, 48, 44], "hlc": [921709, 10]}
INFO:<Node 4>:{"send": false, "recv": true, "to": 4, "from": 8, "vc": [37, 37, 32, 49, 49, 33, 40, 39, 52, 44], "hlc": [921709, 11]}
INFO:<Node 8>:{"send": false, "recv": true, "to": 8, "from": 4, "vc": [35, 34, 32, 44, 47, 32, 40, 37, 53, 42], "hlc": [921710, 0]}
INFO:<Node 8>:{"send": false, "recv": true, "to": 8, "from": 9, "vc": [35, 34, 32, 44, 47, 32, 40, 37, 54, 45], "hlc": [921710, 1]}
INFO:<Node 0>:{"send": true, "recv": false, "from": 0, "to": 5, "vc": [42, 39, 33, 44, 45, 33, 39, 44, 46, 42], "hlc": [921711, 4]}
INFO:<Node 1>:{"send": true, "recv": false, "from": 1, "to": 8, "vc": [40, 43, 31, 47, 41, 33, 39, 40, 49, 38], "hlc": [921712, 0]}
INFO:<Node 4>:{"send": true, "recv": false, "from": 4, "to": 7, "vc": [37, 37, 32, 49, 50, 33, 40, 39, 52, 44], "hlc": [921709, 12]}
INFO:<Node 5>:{"send": true, "recv": false, "from": 5, "to": 2, "vc": [28, 22, 27, 29, 29, 35, 32, 32, 31, 30], "hlc": [921710, 0]}
INFO:<Node 8>:{"send": true, "recv": false, "from": 8, "to": 1, "vc": [35, 34, 32, 44, 47, 32, 40, 37, 55, 45], "hlc": [921710, 2]}
INFO:<Node 9>:{"send": true, "recv": false, "from": 9, "to": 5, "vc": [35, 34, 31, 44, 41, 32, 39, 37, 48, 46], "hlc": [921708, 15]}
INFO:<Node 1>:{"send": false, "recv": true, "to": 1, "from": 8, "vc": [40, 44, 32, 47, 47, 33, 40, 40, 55, 45], "hlc": [921712, 1]}
INFO:<Node 2>:{"send": false, "recv": true, "to": 2, "from": 5, "vc": [28, 22, 34, 29, 29, 35, 34, 32, 38, 32], "hlc": [921710, 1]}
INFO:<Node 5>:{"send": false, "recv": true, "to": 5, "from": 0, "vc": [42, 39, 33, 44, 45, 36, 39, 44, 46, 42], "hlc": [921711, 5]}
INFO:<Node 5>:{"send": false, "recv": true, "to": 5, "from": 9, "vc": [42, 39, 33, 44, 45, 37, 39, 44, 48, 46], "hlc": [921711, 6]}
INFO:<Node 7>:{"send": false, "recv": true, "to": 7, "from": 4, "vc": [38, 39, 33, 49, 50, 33, 40, 45, 52, 44], "hlc": [921711, 3]}
INFO:<Node 8>:{"send": false, "recv": true, "to": 8, "from": 1, "vc": [40, 43, 32, 47, 47, 33, 40, 40, 56, 45], "hlc": [921712, 1]}
INFO:<Node 0>:{"send": true, "recv": false, "from": 0, "to": 6, "vc": [43, 39, 33, 44, 45, 33, 39, 44, 46, 42], "hlc": [921711, 5]}
INFO:<Node 1>:{"send": true, "recv": false, "from": 1, "to": 9, "vc": [40, 45, 32, 47, 47, 33, 40, 40, 55, 45], "hlc": [921712, 2]}
INFO:<Node 4>:{"send": true, "recv": false, "from": 4, "to": 7, "vc": [37, 37, 32, 49, 51, 33, 40, 39, 52, 44], "hlc": [921709, 13]}
INFO:<Node 5>:{"send": true, "recv": false, "from": 5, "to": 7, "vc": [42, 39, 33, 44, 45, 38, 39, 44, 48, 46], "hlc": [921711, 7]}
INFO:<Node 7>:{"send": true, "recv": false, "from": 7, "to": 5, "vc": [38, 39, 33, 49, 50, 33, 40, 46, 52, 44], "hlc": [921711, 4]}
INFO:<Node 9>:{"send": true, "recv": false, "from": 9, "to": 2, "vc": [35, 34, 31, 44, 41, 32, 39, 37, 48, 47], "hlc": [921708, 16]}
INFO:<Node 2>:{"send": false, "recv": true, "to": 2, "from": 9, "vc": [35, 34, 35, 44, 41, 35, 39, 37, 48, 47], "hlc": [921710, 2]}
INFO:<Node 5>:{"send": false, "recv": true, "to": 5, "from": 7, "vc": [42, 39, 33, 49, 50, 39, 40, 46, 52, 46], "hlc": [921711, 8]}
INFO:<Node 6>:{"send": false, "recv": true, "to": 6, "from": 0, "vc": [43, 39, 33, 44, 45, 33, 42, 44, 46, 42], "hlc": [921711, 6]}
INFO:<Node 7>:{"send": false, "recv": true, "to": 7, "from": 4, "vc": [38, 39, 33, 49, 51, 33, 40, 47, 52, 44], "hlc": [921711, 5]}
INFO:<Node 7>:{"send": false, "recv": true, "to": 7, "from": 5, "vc": [42, 39, 33, 49, 51, 38, 40, 48, 52, 46], "hlc": [921711, 8]}
INFO:<Node 9>:{"send": false, "recv": true, "to": 9, "from": 1, "vc": [40, 45, 32, 47, 47, 33, 40, 40, 55, 48], "hlc": [921712, 3]}
INFO:<Node 1>:{"send": true, "recv": false, "from": 1, "to": 0, "vc": [40, 46, 32, 47, 47, 33, 40, 40, 55, 45], "hlc": [921713, 0]}
INFO:<Node 2>:{"send": true, "recv": false, "from": 2, "to": 7, "vc": [35, 34, 36, 44, 41, 35, 39, 37, 48, 47], "hlc": [921710, 3]}
INFO:<Node 3>:{"send": true, "recv": false, "from": 3, "to": 8, "vc": [37, 37, 31, 52, 41, 34, 41, 39, 48, 44], "hlc": [921711, 0]}
INFO:<Node 4>:{"send": true, "recv": false, "from": 4, "to": 8, "vc": [37, 37, 32, 49, 52, 33, 40, 39, 52, 44], "hlc": [921710, 0]}
INFO:<Node 5>:{"send": true, "recv": false, "from": 5, "to": 7, "vc": [42, 39, 33, 49, 50, 40, 40, 46, 52, 46], "hlc": [921711, 9]}
INFO:<Node 8>:{"send": true, "recv": false, "from": 8, "to": 9, "vc": [40, 43, 32, 47, 47, 33, 40, 40, 57, 45], "hlc": [921712, 2]}
INFO:<Node 0>:{"send": false, "recv": true, "to": 0, "from": 1, "vc": [44, 46, 33, 47, 47, 33, 40, 44, 55, 45], "hlc": [921713, 1]}
INFO:<Node 7>:{"send": false, "recv": true, "to": 7, "from": 2, "vc": [42, 39, 36, 49, 51, 38, 40, 49, 52, 47], "hlc": [921711, 9]}
INFO:<Node 7>:{"send": false, "recv": true, "to": 7, "from": 5, "vc": [42, 39, 36, 49, 51, 40, 40, 50, 52, 47], "hlc": [921711, 10]}
INFO:<Node 8>:{"send": false, "recv": true, "to": 8, "from": 3, "vc": [40, 43, 32, 52, 47, 34, 41, 40, 58, 45], "hlc": [921712, 3]}
INFO:<Node 8>:{"send": false, "recv": true, "to": 8, "from": 4, "vc": [40, 43, 32, 52, 52, 34, 41, 40, 59, 45], "hlc": [921712, 4]}
INFO:<Node 9>:{"send": false, "recv": true, "to": 9, "from": 8, "vc": [40, 45, 32, 47, 47, 33, 40, 40, 57, 49], "hlc": [921712, 4]}
INFO:<Node 0>:{"send": true, "recv": false, "from": 0, "to": 2, "vc": [45, 46, 33, 47, 47, 33, 40, 44, 55, 45], "hlc": [921713, 2]}
INFO:<Node 2>:{"send": true, "recv": false, "from": 2, "to": 8, "vc": [35, 34, 37, 44, 41, 35, 39, 37, 48, 47], "hlc": [921710, 4]}
INFO:<Node 4>:{"send": true, "recv": false, "from": 4, "to": 9, "vc": [37, 37, 32, 49, 53, 33, 40, 39, 52, 44], "hlc": [921710, 1]}
INFO:<Node 5>:{"send": true, "recv": false, "from": 5, "to": 4, "vc": [42, 39, 33, 49, 50, 41, 40, 46, 52, 46], "hlc": [921711, 10]}
INFO:<Node 8>:{"send": true, "recv": false, "from": 8, "to": 1, "vc": [40, 43, 32, 52, 52, 34, 41, 40, 60, 45], "hlc": [921712, 5]}
INFO:<Node 9>:{"send": true, "recv": false, "from": 9, "to": 5, "vc": [40, 45, 32, 47, 47, 33, 40, 40, 57, 50], "hlc": [921712, 5]}
INFO:<Node 1>:{"send": false, "recv": true, "to": 1, "from": 8, "vc": [40, 47, 32, 52, 52, 34, 41, 40, 60, 45], "hlc": [921714, 0]}
INFO:<Node 2>:{"send": false, "recv": true, "to": 2, "from": 0, "vc": [45, 46, 38, 47, 47, 35, 40, 44, 55, 47], "hlc": [921713, 3]}
INFO:<Node 4>:{"send": false, "recv": true, "to": 4, "from": 5, "vc": [42, 39, 33, 49, 54, 41, 40, 46, 52, 46], "hlc": [921711, 11]}
INFO:<Node 5>:{"send": false, "recv": true, "to": 5, "from": 9, "vc": [42, 45, 33, 49, 50, 42, 40, 46, 57, 50], "hlc": [921712, 6]}
INFO:<Node 8>:{"send": false, "recv": true, "to": 8, "from": 2, "vc": [40, 43, 37, 52, 52, 35, 41, 40, 61, 47], "hlc": [921712, 6]}
INFO:<Node 9>:{"send": false, "recv": true, "to": 9, "from": 4, "vc": [40, 45, 32, 49, 53, 33, 40, 40, 57, 51], "hlc": [921712, 6]}
INFO:<Node 1>:{"send": true, "recv": false, "from": 1, "to": 5, "vc": [40, 48, 32, 52, 52, 34, 41, 40, 60, 45], "hlc": [921714, 1]}
INFO:<Node 2>:{"send": true, "recv": false, "from": 2, "to": 9, "vc": [45, 46, 39, 47, 47, 35, 40, 44, 55, 47], "hlc": [921713, 4]}
INFO:<Node 3>:{"send": true, "recv": false, "from": 3, "to": 2, "vc": [37, 37, 31, 53, 41, 34, 41, 39, 48, 44], "hlc": [921712, 0]}
INFO:<Node 4>:{"send": true, "recv": false, "from": 4, "to": 0, "vc": [42, 39, 33, 49, 55, 41, 40, 46, 52, 46], "hlc": [921711, 12]}
INFO:<Node 5>:{"send": true, "recv": false, "from": 5, "to": 0, "vc": [42, 45, 33, 49, 50, 43, 40, 46, 57, 50], "hlc": [921712, 7]}
INFO:<Node 6>:{"send": true, "recv": false, "from": 6, "to": 9, "vc": [43, 39, 33, 44, 45, 33, 43, 44, 46, 42], "hlc": [921711, 7]}
INFO:<Node 0>:{"send": false, "recv": true, "to": 0, "from": 4, "vc": [46, 46, 33, 49, 55, 41, 40, 46, 55, 46], "hlc": [921713, 3]}
INFO:<Node 0>:{"send": false, "recv": true, "to": 0, "from": 5, "vc": [47, 46, 33, 49, 55, 43, 40, 46, 57, 50], "hlc": [921713, 4]}
INFO:<Node 2>:{"send": false, "recv": true, "to": 2, "from": 3, "vc": [45, 46, 40, 53, 47, 35, 41, 44, 55, 47], "hlc": [921713, 5]}
INFO:<Node 5>:{"send": false, "recv": true, "to": 5, "from": 1, "vc": [42, 48, 33, 52, 52, 44, 41, 46, 60, 50], "hlc": [921714, 2]}
INFO:<Node 9>:{"send": false, "recv": true, "to": 9, "from": 2, "vc": [45, 46, 39, 49, 53, 35, 40, 44, 57, 52], "hlc": [921713, 5]}
INFO:<Node 9>:{"send": false, "recv": true, "to": 9, "from": 6, "vc": [45, 46, 39, 49, 53, 35, 43, 44, 57, 53], "hlc": [921713, 6]}
INFO:<Node 0>:{"send": true, "recv": false, "from": 0, "to": 1, "vc": [48, 46, 33, 49, 55, 43, 40, 46, 57, 50], "hlc": [921713, 5]}
INFO:<Node 4>:{"send": true, "recv": false, "from": 4, "to": 3, "vc": [42, 39, 33, 49, 56, 41, 40, 46, 52, 46], "hlc": [921711, 13]}
INFO:<Node 6>:{"send": true, "recv": false, "from": 6, "to": 9, "vc": [43, 39, 33, 44, 45, 33, 44, 44, 46, 42], "hlc": [921711, 8]}
INFO:<Node 7>:{"send": true, "recv": false, "from": 7, "to": 0, "vc": [42, 39, 36, 49, 51, 40, 40, 51, 52, 47], "hlc": [921711, 11]}
INFO:<Node 0>:{"send": false, "recv": true, "to": 0, "from": 7, "vc": [49, 46, 36, 49, 55, 43, 40, 51, 57, 50], "hlc": [921713, 6]}
INFO:<Node 1>:{"send": false, "recv": true, "to": 1, "from": 0, "vc": [48, 49, 33, 52, 55, 43, 41, 46, 60, 50], "hlc": [921715, 0]}
INFO:<Node 3>:{"send": false, "recv": true, "to": 3, "from": 4, "vc": [42, 39, 33, 54, 56, 41, 41, 46, 52, 46], "hlc": [921713, 0]}
INFO:<Node 9>:{"send": false, "recv": true, "to": 9, "from": 6, "vc": [45, 46, 39, 49, 53, 35, 44, 44, 57, 54], "hlc": [921713, 7]}
INFO:<Node 0>:{"send": true, "recv": false, "from": 0, "to": 4, "vc": [50, 46, 36, 49, 55, 43, 40, 51, 57, 50], "hlc": [921713, 7]}
INFO:<Node 1>:{"send": true, "recv": false, "from": 1, "to": 2, "vc": [48, 50, 33, 52, 55, 43, 41, 46, 60, 50], "hlc": [921715, 1]}
INFO:<Node 5>:{"send": true, "recv": false, "from": 5, "to": 4, "vc": [42, 48, 33, 52, 52, 45, 41, 46, 60, 50], "hlc": [921714, 3]}
INFO:<Node 6>:{"send": true, "recv": false, "from": 6, "to": 3, "vc": [43, 39, 33, 44, 45, 33, 45, 44, 46, 42], "hlc": [921711, 9]}
INFO:<Node 7>:{"send": true, "recv": false, "from": 7, "to": 8, "vc": [42, 39, 36, 49, 51, 40, 40, 52, 52, 47], "hlc": [921711, 12]}
INFO:<Node 8>:{"send": true, "recv": false, "from": 8, "to": 7, "vc": [40, 43, 37, 52, 52, 35, 41, 40, 62, 47], "hlc": [921713, 0]}
INFO:<Node 2>:{"send": false, "recv": true, "to": 2, "from": 1, "vc": [48, 50, 41, 53, 55, 43, 41, 46, 60, 50], "hlc": [921715, 2]}
INFO:<Node 3>:{"send": false, "recv": true, "to": 3, "from": 6, "vc": [43, 39, 33, 55, 56, 41, 45, 46, 52, 46], "hlc": [921713, 1]}
INFO:<Node 4>:{"send": false, "recv": true, "to": 4, "from": 0, "vc": [50, 46, 36, 49, 57, 43, 40, 51, 57, 50], "hlc": [921713, 8]}
INFO:<Node 4>:{"send": false, "recv": true, "to": 4, "from": 5, "vc": [50, 48, 36, 52, 58, 45, 41, 51, 60, 50], "hlc": [921714, 4]}
INFO:<Node 7>:{"send": false, "recv": true, "to": 7, "from": 8, "vc": [42, 43, 37, 52, 52, 40, 41, 53, 62, 47], "hlc": [921713, 1]}
INFO:<Node 8>:{"send": false, "recv": true, "to": 8, "from": 7, "vc": [42, 43, 37, 52, 52, 40, 41, 52, 63, 47], "hlc": [921713, 1]}
INFO:<Node 1>:{"send": true, "recv": false, "from": 1, "to": 4, "vc": [48, 51, 33, 52, 55, 43, 41, 46, 60, 50], "hlc": [921715, 2]}
INFO:<Node 4>:{"send": true, "recv": false, "from": 4, "to": 0, "vc": [50, 48, 36, 52, 59, 45, 41, 51, 60, 50], "hlc": [921714, 5]}
INFO:<Node 5>:{"send": true, "recv": false, "from": 5, "to": 1, "vc": [42, 48, 33, 52, 52, 46, 41, 46, 60, 50], "hlc": [921714, 4]}
INFO:<Node 6>:{"send": true, "recv": false, "from": 6, "to": 3, "vc": [43, 39, 33, 44, 45, 33, 46, 44, 46, 42], "hlc": [921711, 10]}
INFO:<Node 7>:{"send": true, "recv": false, "from": 7, "to": 5, "vc": [42, 43, 37, 52, 52, 40, 41, 54, 62, 47], "hlc": [921713, 2]}
INFO:<Node 8>:{"send": true, "recv": false, "from": 8, "to": 1, "vc": [42, 43, 37, 52, 52, 40, 41, 52, 64, 47], "hlc": [921713, 2]}
INFO:<Node 9>:{"send": true, "recv": false, "from": 9, "to": 7, "vc": [45, 46, 39, 49, 53, 35, 44, 44, 57, 55], "hlc": [921713, 8]}
INFO:<Node 0>:{"send": false, "recv": true, "to": 0, "from": 4, "vc": [51, 48, 36, 52, 59, 45, 41, 51, 60, 50], "hlc": [921714, 6]}
INFO:<Node 1>:{"send": false, "recv": true, "to": 1, "from": 5, "vc": [48, 52, 33, 52, 55, 46, 41, 46, 60, 50], "hlc": [921716, 0]}
INFO:<Node 1>:{"send": false, "recv": true, "to": 1, "from": 8, "vc": [48, 53, 37, 52, 55, 46, 41, 52, 64, 50], "hlc": [921716, 1]}
INFO:<Node 3>:{"send": false, "recv": true, "to": 3, "from": 6, "vc": [43, 39, 33, 56, 56, 41, 46, 46, 52, 46], "hlc": [921714, 0]}
INFO:<Node 4>:{"send": false, "recv": true, "to": 4, "from": 1, "vc": [50, 51, 36, 52, 60, 45, 41, 51, 60, 50], "hlc": [921715, 3]}
INFO:<Node 5>:{"send": false, "recv": true, "to": 5, "from": 7, "vc": [42, 48, 37, 52, 52, 47, 41, 54, 62, 50], "hlc": [921714, 5]}
INFO:<Node 7>:{"send": false, "recv": true, "to": 7, "from": 9, "vc": [45, 46, 39, 52, 53, 40, 44, 55, 62, 55], "hlc": [921713, 9]}
INFO:<Node 0>:{"send": true, "recv": false, "from": 0, "to": 1, "vc": [52, 48, 36, 52, 59, 45, 41, 51, 60, 50], "hlc": [921714, 7]}
INFO:<Node 1>:{"send": true, "recv": false, "from": 1, "to": 3, "vc": [48, 54, 37, 52, 55, 46, 41, 52, 64, 50], "hlc": [921716, 2]}
INFO:<Node 2>:{"send": true, "recv": false, "from": 2, "to": 1, "vc": [48, 50, 42, 53, 55, 43, 41, 46, 60, 50], "hlc": [921715, 3]}
INFO:<Node 3>:{"send": true, "recv": false, "from": 3, "to": 4, "vc": [43, 39, 33, 57, 56, 41, 46, 46, 52, 46], "hlc": [921714, 1]}
INFO:<Node 4>:{"send": true, "recv": false, "from": 4, "to": 3, "vc": [50, 51, 36, 52, 61, 45, 41, 51, 60, 50], "hlc": [921715, 4]}
INFO:<Node 7>:{"send": true, "recv": false, "from": 7, "to": 0, "vc": [45, 46, 39, 52, 53, 40, 44, 56, 62, 55], "hlc": [921713, 10]}
INFO:<Node 8>:{"send": true, "recv": false, "from": 8, "to": 2, "vc": [42, 43, 37, 52, 52, 40, 41, 52, 65, 47], "hlc": [921714, 0]}
INFO:<Node 0>:{"send": false, "recv": true, "to": 0, "from": 7, "vc": [53, 48, 39, 52, 59, 45, 44, 56, 62, 55], "hlc": [921715, 0]}
INFO:<Node 1>:{"send": false, "recv": true, "to": 1, "from": 0, "vc": [52, 55, 37, 52, 59, 46, 41, 52, 64, 50], "hlc": [921716, 3]}
INFO:<Node 1>:{"send": false, "recv": true, "to": 1, "from": 2, "vc": [52, 56, 42, 53, 59, 46, 41, 52, 64, 50], "hlc": [921716, 4]}
INFO:<Node 2>:{"send": false, "recv": true, "to": 2, "from": 8, "vc": [48, 50, 43, 53, 55, 43, 41, 52, 65, 50], "hlc": [921715, 4]}
INFO:<Node 3>:{"send": false, "recv": true, "to": 3, "from": 1, "vc": [48, 54, 37, 58, 56, 46, 46, 52, 64, 50], "hlc": [921716, 3]}
INFO:<Node 3>:{"send": false, "recv": true, "to": 3, "from": 4, "vc": [50, 54, 37, 59, 61, 46, 46, 52, 64, 50], "hlc": [921716, 4]}
INFO:<Node 4>:{"send": false, "recv": true, "to": 4, "from": 3, "vc": [50, 51, 36, 57, 62, 45, 46, 51, 60, 50], "hlc": [921715, 5]}
INFO:<Node 1>:{"send": true, "recv": false, "from": 1, "to": 7, "vc": [52, 57, 42, 53, 59, 46, 41, 52, 64, 50], "hlc": [921716, 5]}
INFO:<Node 2>:{"send": true, "recv": false, "from": 2, "to": 9, "vc": [48, 50, 44, 53, 55, 43, 41, 52, 65, 50], "hlc": [921715, 5]}
INFO:<Node 3>:{"send": true, "recv": false, "from": 3, "to": 6, "vc": [50, 54, 37, 60, 61, 46, 46, 52, 64, 50], "hlc": [921716, 5]}
INFO:<Node 4>:{"send": true, "recv": false, "from": 4, "to": 9, "vc": [50, 51, 36, 57, 63, 45, 46, 51, 60, 50], "hlc": [921715, 6]}
INFO:<Node 5>:{"send": true, "recv": false, "from": 5, "to": 1, "vc": [42, 48, 37, 52, 52, 48, 41, 54, 62, 50], "hlc": [921714, 6]}
INFO:<Node 7>:{"send": true, "recv": false, "from": 7, "to": 5, "vc": [45, 46, 39, 52, 53, 40, 44, 57, 62, 55], "hlc": [921713, 11]}
INFO:<Node 8>:{"send": true, "recv": false, "from": 8, "to": 5, "vc": [42, 43, 37, 52, 52, 40, 41, 52, 66, 47], "hlc": [921715, 0]}
INFO:<Node 1>:{"send": false, "recv": true, "to": 1, "from": 5, "vc": [52, 58, 42, 53, 59, 48, 41, 54, 64, 50], "hlc": [921717, 0]}
INFO:<Node 5>:{"send": false, "recv": true, "to": 5, "from": 7, "vc": [45, 48, 39, 52, 53, 49, 44, 57, 62, 55], "hlc": [921715, 0]}
INFO:<Node 5>:{"send": false, "recv": true, "to": 5, "from": 8, "vc": [45, 48, 39, 52, 53, 50, 44, 57, 66, 55], "hlc": [921715, 1]}
INFO:<Node 6>:{"send": false, "recv": true, "to": 6, "from": 3, "vc": [50, 54, 37, 60, 61, 46, 47, 52, 64, 50], "hlc": [921716, 6]}
INFO:<Node 7>:{"send": false, "recv": true, "to": 7, "from": 1, "vc": [52, 57, 42, 53, 59, 46, 44, 58, 64, 55], "hlc": [921716, 6]}
INFO:<Node 9>:{"send": false, "recv": true, "to": 9, "from": 2, "vc": [48, 50, 44, 53, 55, 43, 44, 52, 65, 56], "hlc": [921715, 6]}
INFO:<Node 9>:{"send": false, "recv": true, "to": 9, "from": 4, "vc": [50, 51, 44, 57, 63, 45, 46, 52, 65, 57], "hlc": [921715, 7]}
INFO:<Node 0>:{"send": true, "recv": false, "from": 0, "to": 7, "vc": [54, 48, 39, 52, 59, 45, 44, 56, 62, 55], "hlc": [921715, 1]}
INFO:<Node 1>:{"send": true, "recv": false, "from": 1, "to": 2, "vc": [52, 59, 42, 53, 59, 48, 41, 54, 64, 50], "hlc": [921717, 1]}
INFO:<Node 2>:{"send": true, "recv": false, "from": 2, "to": 4, "vc": [48, 50, 45, 53, 55, 43, 41, 52, 65, 50], "hlc": [921715, 6]}
INFO:<Node 3>:{"send": true, "recv": false, "from": 3, "to": 9, "vc": [50, 54, 37, 61, 61, 46, 46, 52, 64, 50], "hlc": [921716, 6]}
INFO:<Node 4>:{"send": true, "recv": false, "from": 4, "to": 2, "vc": [50, 51, 36, 57, 64, 45, 46, 51, 60, 50], "hlc": [921715, 7]}
INFO:<Node 5>:{"send": true, "recv": false, "from": 5, "to": 4, "vc": [45, 48, 39, 52, 53, 51, 44, 57, 66, 55], "hlc": [921715, 2]}
INFO:<Node 6>:{"send": true, "recv": false, "from": 6, "to": 1, "vc": [50, 54, 37, 60, 61, 46, 48, 52, 64, 50], "hlc": [921716, 7]}
INFO:<Node 7>:{"send": true, "recv": false, "from": 7, "to": 3, "vc": [52, 57, 42, 53, 59, 46, 44, 59, 64, 55], "hlc": [921716, 7]}
INFO:<Node 8>:{"send": true, "recv": false, "from": 8, "to": 3, "vc": [42, 43, 37, 52, 52, 40, 41, 52, 67, 47], "hlc": [921715, 1]}
INFO:<Node 1>:{"send": false, "recv": true, "to": 1, "from": 6, "vc": [52, 60, 42, 60, 61, 48, 48, 54, 64, 50], "hlc": [921717, 2]}
INFO:<Node 2>:{"send": false, "recv": true, "to": 2, "from": 1, "vc": [52, 59, 46, 53, 59, 48, 41, 54, 65, 50], "hlc": [921717, 2]}
INFO:<Node 2>:{"send": false, "recv": true, "to": 2, "from": 4, "vc": [52, 59, 47, 57, 64, 48, 46, 54, 65, 50], "hlc": [921717, 3]}
INFO:<Node 3>:{"send": false, "recv": true, "to": 3, "from": 7, "vc": [52, 57, 42, 62, 61, 46, 46, 59, 64, 55], "hlc": [921716, 8]}
INFO:<Node 3>:{"send": false, "recv": true, "to": 3, "from": 8, "vc": [52, 57, 42, 63, 61, 46, 46, 59, 67, 55], "hlc": [921716, 9]}
INFO:<Node 4>:{"send": false, "recv": true, "to": 4, "from": 2, "vc": [50, 51, 45, 57, 65, 45, 46, 52, 65, 50], "hlc": [921715, 8]}
INFO:<Node 4>:{"send": false, "recv": true, "to": 4, "from": 5, "vc": [50, 51, 45, 57, 66, 51, 46, 57, 66, 55], "hlc": [921715, 9]}
INFO:<Node 7>:{"send": false, "recv": true, "to": 7, "from": 0, "vc": [54, 57, 42, 53, 59, 46, 44, 60, 64, 55], "hlc": [921716, 8]}
INFO:<Node 9>:{"send": false, "recv": true, "to": 9, "from": 3, "vc": [50, 54, 44, 61, 63, 46, 46, 52, 65, 58], "hlc": [921716, 7]}
INFO:<Node 1>:{"send": true, "recv": false, "from": 1, "to": 0, "vc": [52, 61, 42, 60, 61, 48, 48, 54, 64, 50], "hlc": [921717, 3]}
INFO:<Node 2>:{"send": true, "recv": false, "from": 2, "to": 6, "vc": [52, 59, 48, 57, 64, 48, 46, 54, 65, 50], "hlc": [921717, 4]}
INFO:<Node 4>:{"send": true, "recv": false, "from": 4, "to": 5, "vc": [50, 51, 45, 57, 67, 51, 46, 57, 66, 55], "hlc": [921715, 10]}
INFO:<Node 6>:{"send": true, "recv": false, "from": 6, "to": 7, "vc": [50, 54, 37, 60, 61, 46, 49, 52, 64, 50], "hlc": [921716, 8]}
INFO:<Node 7>:{"send": true, "recv": false, "from": 7, "to": 9, "vc": [54, 57, 42, 53, 59, 46, 44, 61, 64, 55], "hlc": [921716, 9]}
INFO:<Node 8>:{"send": true, "recv": false, "from": 8, "to": 7, "vc": [42, 43, 37, 52, 52, 40, 41, 52, 68, 47], "hlc": [921716, 0]}
INFO:<Node 9>:{"send": true, "recv": false, "from": 9, "to": 2, "vc": [50, 54, 44, 61, 63, 46, 46, 52, 65, 59], "hlc": [921716, 8]}
INFO:<Node 0>:{"send": false, "recv": true, "to": 0, "from": 1, "vc": [55, 61, 42, 60, 61, 48, 48, 56, 64, 55], "hlc": [921717, 4]}
INFO:<Node 2>:{"send": false, "recv": true, "to": 2, "from": 9, "vc": [52, 59, 49, 61, 64, 48, 46, 54, 65, 59], "hlc": [921717, 5]}
INFO:<Node 5>:{"send": false, "recv": true, "to": 5, "from": 4, "vc": [50, 51, 45, 57, 67, 52, 46, 57, 66, 55], "hlc": [921716, 0]}
INFO:<Node 6>:{"send": false, "recv": true, "to": 6, "from": 2, "vc": [52, 59, 48, 60, 64, 48, 50, 54, 65, 50], "hlc": [921717, 5]}
INFO:<Node 7>:{"send": false, "recv": true, "to": 7, "from": 6, "vc": [54, 57, 42, 60, 61, 46, 49, 62, 64, 55], "hlc": [921716, 10]}
INFO:<Node 7>:{"send": false, "recv": true, "to": 7, "from": 8, "vc": [54, 57, 42, 60, 61, 46, 49, 63, 68, 55], "hlc": [921716, 11]}
INFO:<Node 9>:{"send": false, "recv": true, "to": 9, "from": 7, "vc": [54, 57, 44, 61, 63, 46, 46, 61, 65, 60], "hlc": [921716, 10]}
INFO:<Node 0>:{"send": true, "recv": false, "from": 0, "to": 9, "vc": [56, 61, 42, 60, 61, 48, 48, 56, 64, 55], "hlc": [921717, 5]}
INFO:<Node 1>:{"send": true, "recv": false, "from": 1, "to": 8, "vc": [52, 62, 42, 60, 61, 48, 48, 54, 64, 50], "hlc": [921718, 0]}
INFO:<Node 2>:{"send": true, "recv": false, "from": 2, "to": 5, "vc": [52, 59, 50, 61, 64, 48, 46, 54, 65, 59], "hlc": [921717, 6]}
INFO:<Node 5>:{"send": true, "recv": false, "from": 5, "to": 9, "vc": [50, 51, 45, 57, 67, 53, 46, 57, 66, 55], "hlc": [921716, 1]}
INFO:<Node 6>:{"send": true, "recv": false, "from": 6, "to": 0, "vc": [52, 59, 48, 60, 64, 48, 51, 54, 65, 50], "hlc": [921717, 6]}
INFO:<Node 8>:{"send": true, "recv": false, "from": 8, "to": 2, "vc": [42, 43, 37, 52, 52, 40, 41, 52, 69, 47], "hlc": [921716, 1]}
INFO:<Node 9>:{"send": true, "recv": false, "from": 9, "to": 6, "vc": [54, 57, 44, 61, 63, 46, 46, 61, 65, 61], "hlc": [921716, 11]}
INFO:<Node 0>:{"send": false, "recv": true, "to": 0, "from": 6, "vc": [57, 61, 48, 60, 64, 48, 51, 56, 65, 55], "hlc": [921717, 7]}
INFO:<Node 2>:{"send": false, "recv": true, "to": 2, "from": 8, "vc": [52, 59, 51, 61, 64, 48, 46, 54, 69, 59], "hlc": [921717, 7]}
INFO:<Node 5>:{"send": false, "recv": true, "to": 5, "from": 2, "vc": [52, 59, 50, 61, 67, 54, 46, 57, 66, 59], "hlc": [921717, 7]}
INFO:<Node 6>:{"send": false, "recv": true, "to": 6, "from": 9, "vc": [54, 59, 48, 61, 64, 48, 52, 61, 65, 61], "hlc": [921717, 7]}
INFO:<Node 8>:{"send": false, "recv": true, "to": 8, "from": 1, "vc": [52, 62, 42, 60, 61, 48, 48, 54, 70, 50], "hlc": [921718, 1]}
INFO:<Node 9>:{"send": false, "recv": true, "to": 9, "from": 0, "vc": [56, 61, 44, 61, 63, 48, 48, 61, 65, 62], "hlc": [921717, 6]}
INFO:<Node 9>:{"send": false, "recv": true, "to": 9, "from": 5, "vc": [56, 61, 45, 61, 67, 53, 48, 61, 66, 63], "hlc": [921717, 7]}
