INFO:root:Random workload: num sockets: 10, num iterations: 50, base address: 32600, chance of send: 3 in 5, round delay (s): 0.5, max clock drift (s): 5.5, actual clock drifts: [4.582578087136238, 4.661347241719875, -2.6072762978053583, 4.244477923692438, 0.30801109752202205, 2.319896196745588, 3.768277303612054, -2.98536925244487, -3.2981121699556466, 1.7669213966819166]
INFO:<Node 0>:{"send": true, "recv": false, "from": 0, "to": 7, "vc": [1, 0, 0, 0, 0, 0, 0, 0, 0, 0], "hlc": [921574, 0]}
INFO:<Node 1>:{"send": true, "recv": false, "from": 1, "to": 8, "vc": [0, 1, 0, 0, 0, 0, 0, 0, 0, 0], "hlc": [921575, 0]}
INFO:<Node 2>:{"send": true, "recv": false, "from": 2, "to": 6, "vc": [0, 0, 1, 0, 0, 0, 0, 0, 0, 0], "hlc": [921570, 1]}
INFO:<Node 3>:{"send": true, "recv": false, "from": 3, "to": 0, "vc": [0, 0, 0, 1, 0, 0, 0, 0, 0, 0], "hlc": [921574, 0]}
INFO:<Node 4>:{"send": true, "recv": false, "from": 4, "to": 5, "vc": [0, 0, 0, 0, 1, 0, 0, 0, 0, 0], "hlc": [921570, 1]}
INFO:<Node 5>:{"send": true, "recv": false, "from": 5, "to": 4, "vc": [0, 0, 0, 0, 0, 1, 0, 0, 0, 0], "hlc": [921572, 0]}
INFO:<Node 6>:{"send": true, "recv": false, "from": 6, "to": 1, "vc": [0, 0, 0, 0, 0, 0, 1, 0, 0, 0], "hlc": [921574, 0]}
INFO:<Node 9>:{"send": true, "recv": false, "from": 9, "to": 5, "vc": [0, 0, 0, 0, 0, 0, 0, 0, 0, 1], "hlc": [921572, 0]}
INFO:<Node 0>:{"send": false, "recv": true, "to": 0, "from": 3, "vc": [2, 0, 0, 1, 0, 0, 0, 0, 0, 0], "hlc": [921575, 0]}
INFO:<Node 1>:{"send": false, "recv": true, "to": 1, "from": 6, "vc": [0, 2, 0, 0, 0, 0, 1, 0, 0, 0], "hlc": [921575, 1]}
INFO:<Node 4>:{"send": false, "recv": true, "to": 4, "from": 5, "vc": [0, 0, 0, 0, 2, 1, 0, 0, 0, 0], "hlc": [921572, 1]}
INFO:<Node 5>:{"send": false, "recv": true, "to": 5, "from": 4, "vc": [0, 0, 0, 0, 1, 2, 0, 0, 0, 0], "hlc": [921573, 0]}
INFO:<Node 5>:{"send": false, "recv": true, "to": 5, "from": 9, "vc": [0, 0, 0, 0, 1, 3, 0, 0, 0, 1], "hlc": [921573, 1]}
INFO:<Node 6>:{"send": false, "recv": true, "to": 6, "from": 2, "vc": [0, 0, 1, 0, 0, 0, 2, 0, 0, 0], "hlc": [921574, 1]}
INFO:<Node 7>:{"send": false, "recv": true, "to": 7, "from": 0, "vc": [1, 0, 0, 0, 0, 0, 0, 1, 0, 0], "hlc": [921574, 1]}
INFO:<Node 8>:{"send": false, "recv": true, "to": 8, "from": 1, "vc": [0, 1, 0, 0, 0, 0, 0, 0, 1, 0], "hlc": [921575, 1]}
INFO:<Node 1>:{"send": true, "recv": false, "from": 1, "to": 8, "vc": [0, 3, 0, 0, 0, 0, 1, 0, 0, 0], "hlc": [921575, 2]}
INFO:<Node 2>:{"send": true, "recv": false, "from": 2, "to": 5, "vc": [0, 0, 2, 0, 0, 0, 0, 0, 0, 0], "hlc": [921570, 2]}
INFO:<Node 3>:{"send": true, "recv": false, "from": 3, "to": 0, "vc": [0, 0, 0, 2, 0, 0, 0, 0, 0, 0], "hlc": [921575, 0]}
INFO:<Node 4>:{"send": true, "recv": false, "from": 4, "to": 8, "vc": [0, 0, 0, 0, 3, 1, 0, 0, 0, 0], "hlc": [921572, 2]}
INFO:<Node 5>:{"send": true, "recv": false, "from": 5, "to": 8, "vc": [0, 0, 0, 0, 1, 4, 0, 0, 0, 1], "hlc": [921573, 2]}
INFO:<Node 6>:{"send": true, "recv": false, "from": 6, "to": 1, "vc": [0, 0, 1, 0, 0, 0, 3, 0, 0, 0], "hlc": [921574, 2]}
INFO:<Node 7>:{"send": true, "recv": false, "from": 7, "to": 9, "vc": [1, 0, 0, 0, 0, 0, 0, 2, 0, 0], "hlc": [921574, 2]}
INFO:<Node 8>:{"send": true, "recv": false, "from": 8, "to": 6, "vc": [0, 1, 0, 0, 0, 0, 0, 0, 2, 0], "hlc": [921575, 2]}
INFO:<Node 0>:{"send": false, "recv": true, "to": 0, "from": 3, "vc": [3, 0, 0, 2, 0, 0, 0, 0, 0, 0], "hlc": [921575, 1]}
INFO:<Node 1>:{"send": false, "recv": true, "to": 1, "from": 6, "vc": [0, 4, 1, 0, 0, 0, 3, 0, 0, 0], "hlc": [921576, 0]}
INFO:<Node 5>:{"send": false, "recv": true, "to": 5, "from": 2, "vc": [0, 0, 2, 0, 1, 5, 0, 0, 0, 1], "hlc": [921573, 3]}
INFO:<Node 6>:{"send": false, "recv": true, "to": 6, "from": 8, "vc": [0, 1, 1, 0, 0, 0, 4, 0, 2, 0], "hlc": [921575, 3]}
INFO:<Node 8>:{"send": false, "recv": true, "to": 8, "from": 1, "vc": [0, 3, 0, 0, 0, 0, 1, 0, 3, 0], "hlc": [921575, 3]}
INFO:<Node 8>:{"send": false, "recv": true, "to": 8, "from": 4, "vc": [0, 3, 0, 0, 3, 1, 1, 0, 4, 0], "hlc": [921575, 4]}
INFO:<Node 8>:{"send": false, "recv": true, "to": 8, "from": 5, "vc": [0, 3, 0, 0, 3, 4, 1, 0, 5, 1], "hlc": [921575, 5]}
INFO:<Node 9>:{"send": false, "recv": true, "to": 9, "from": 7, "vc": [1, 0, 0, 0, 0, 0, 0, 2, 0, 2], "hlc": [921574, 3]}
INFO:<Node 0>:{"send": true, "recv": false, "from": 0, "to": 6, "vc": [4, 0, 0, 2, 0, 0, 0, 0, 0, 0], "hlc": [921575, 2]}
INFO:<Node 3>:{"send": true, "recv": false, "from": 3, "to": 5, "vc": [0, 0, 0, 3, 0, 0, 0, 0, 0, 0], "hlc": [921575, 1]}
INFO:<Node 6>:{"send": true, "recv": false, "from": 6, "to": 4, "vc": [0, 1, 1, 0, 0, 0, 5, 0, 2, 0], "hlc": [921575, 4]}
INFO:<Node 4>:{"send": false, "recv": true, "to": 4, "from": 6, "vc": [0, 1, 1, 0, 4, 1, 5, 0, 2, 0], "hlc": [921575, 5]}
INFO:<Node 5>:{"send": false, "recv": true, "to": 5, "from": 3, "vc": [0, 0, 2, 3, 1, 6, 0, 0, 0, 1], "hlc": [921575, 2]}
INFO:<Node 6>:{"send": false, "recv": true, "to": 6, "from": 0, "vc": [4, 1, 1, 2, 0, 0, 6, 0, 2, 0], "hlc": [921575, 5]}
INFO:<Node 0>:{"send": true, "recv": false, "from": 0, "to": 2, "vc": [5, 0, 0, 2, 0, 0, 0, 0, 0, 0], "hlc": [921576, 0]}
INFO:<Node 1>:{"send": true, "recv": false, "from": 1, "to": 3, "vc": [0, 5, 1, 0, 0, 0, 3, 0, 0, 0], "hlc": [921576, 1]}
INFO:<Node 4>:{"send": true, "recv": false, "from": 4, "to": 9, "vc": [0, 1, 1, 0, 5, 1, 5, 0, 2, 0], "hlc": [921575, 6]}
INFO:<Node 5>:{"send": true, "recv": false, "from": 5, "to": 8, "vc": [0, 0, 2, 3, 1, 7, 0, 0, 0, 1], "hlc": [921575, 3]}
INFO:<Node 6>:{"send": true, "recv": false, "from": 6, "to": 7, "vc": [4, 1, 1, 2, 0, 0, 7, 0, 2, 0], "hlc": [921575, 6]}
INFO:<Node 8>:{"send": true, "recv": false, "from": 8, "to": 2, "vc": [0, 3, 0, 0, 3, 4, 1, 0, 6, 1], "hlc": [921575, 6]}
INFO:<Node 9>:{"send": true, "recv": false, "from": 9, "to": 1, "vc": [1, 0, 0, 0, 0, 0, 0, 2, 0, 3], "hlc": [921574, 4]}
INFO:<Node 1>:{"send": false, "recv": true, "to": 1, "from": 9, "vc": [1, 6, 1, 0, 0, 0, 3, 2, 0, 3], "hlc": [921577, 0]}
INFO:<Node 2>:{"send": false, "recv": true, "to": 2, "from": 0, "vc": [5, 0, 3, 2, 0, 0, 0, 0, 0, 0], "hlc": [921576, 1]}
INFO:<Node 2>:{"send": false, "recv": true, "to": 2, "from": 8, "vc": [5, 3, 4, 2, 3, 4, 1, 0, 6, 1], "hlc": [921576, 2]}
INFO:<Node 3>:{"send": false, "recv": true, "to": 3, "from": 1, "vc": [0, 5, 1, 4, 0, 0, 3, 0, 0, 0], "hlc": [921576, 2]}
INFO:<Node 7>:{"send": false, "recv": true, "to": 7, "from": 6, "vc": [4, 1, 1, 2, 0, 0, 7, 3, 2, 0], "hlc": [921575, 7]}
INFO:<Node 8>:{"send": false, "recv": true, "to": 8, "from": 5, "vc": [0, 3, 2, 3, 3, 7, 1, 0, 7, 1], "hlc": [921575, 7]}
INFO:<Node 9>:{"send": false, "recv": true, "to": 9, "from": 4, "vc": [1, 1, 1, 0, 5, 1, 5, 2, 2, 4], "hlc": [921575, 7]}
INFO:<Node 0>:{"send": true, "recv": false, "from": 0, "to": 8, "vc": [6, 0, 0, 2, 0, 0, 0, 0, 0, 0], "hlc": [921576, 1]}
INFO:<Node 2>:{"send": true, "recv": false, "from": 2, "to": 9, "vc": [5, 3, 5, 2, 3, 4, 1, 0, 6, 1], "hlc": [921576, 3]}
INFO:<Node 3>:{"send": true, "recv": false, "from": 3, "to": 0, "vc": [0, 5, 1, 5, 0, 0, 3, 0, 0, 0], "hlc": [921576, 3]}
INFO:<Node 4>:{"send": true, "recv": false, "from": 4, "to": 0, "vc": [0, 1, 1, 0, 6, 1, 5, 0, 2, 0], "hlc": [921575, 7]}
INFO:<Node 6>:{"send": true, "recv": false, "from": 6, "to": 1, "vc": [4, 1, 1, 2, 0, 0, 8, 0, 2, 0], "hlc": [921576, 0]}
INFO:<Node 9>:{"send": true, "recv": false, "from": 9, "to": 5, "vc": [1, 1, 1, 0, 5, 1, 5, 2, 2, 5], "hlc": [921575, 8]}
INFO:<Node 0>:{"send": false, "recv": true, "to": 0, "from": 3, "vc": [7, 5, 1, 5, 0, 0, 3, 0, 0, 0], "hlc": [921577, 0]}
INFO:<Node 0>:{"send": false, "recv": true, "to": 0, "from": 4, "vc": [8, 5, 1, 5, 6, 1, 5, 0, 2, 0], "hlc": [921577, 1]}
INFO:<Node 1>:{"send": false, "recv": true, "to": 1, "from": 6, "vc": [4, 7, 1, 2, 0, 0, 8, 2, 2, 3], "hlc": [921577, 1]}
INFO:<Node 5>:{"send": false, "recv": true, "to": 5, "from": 9, "vc": [1, 1, 2, 3, 5, 8, 5, 2, 2, 5], "hlc": [921575, 9]}
INFO:<Node 8>:{"send": false, "recv": true, "to": 8, "from": 0, "vc": [6, 3, 2, 3, 3, 7, 1, 0, 8, 1], "hlc": [921576, 2]}
INFO:<Node 9>:{"send": false, "recv": true, "to": 9, "from": 2, "vc": [5, 3, 5, 2, 5, 4, 5, 2, 6, 6], "hlc": [921576, 4]}
INFO:<Node 0>:{"send": true, "recv": false, "from": 0, "to": 9, "vc": [9, 5, 1, 5, 6, 1, 5, 0, 2, 0], "hlc": [921577, 2]}
INFO:<Node 2>:{"send": true, "recv": false, "from": 2, "to": 0, "vc": [5, 3, 6, 2, 3, 4, 1, 0, 6, 1], "hlc": [921576, 4]}
INFO:<Node 5>:{"send": true, "recv": false, "from": 5, "to": 2, "vc": [1, 1, 2, 3, 5, 9, 5, 2, 2, 5], "hlc": [921575, 10]}
INFO:<Node 6>:{"send": true, "recv": false, "from": 6, "to": 5, "vc": [4, 1, 1, 2, 0, 0, 9, 0, 2, 0], "hlc": [921576, 1]}
INFO:<Node 0>:{"send": false, "recv": true, "to": 0, "from": 2, "vc": [10, 5, 6, 5, 6, 4, 5, 0, 6, 1], "hlc": [921578, 0]}
INFO:<Node 2>:{"send": false, "recv": true, "to": 2, "from": 5, "vc": [5, 3, 7, 3, 5, 9, 5, 2, 6, 5], "hlc": [921576, 5]}
INFO:<Node 5>:{"send": false, "recv": true, "to": 5, "from": 6, "vc": [4, 1, 2, 3, 5, 10, 9, 2, 2, 5], "hlc": [921576, 2]}
INFO:<Node 9>:{"send": false, "recv": true, "to": 9, "from": 0, "vc": [9, 5, 5, 5, 6, 4, 5, 2, 6, 7], "hlc": [921577, 3]}
INFO:<Node 0>:{"send": true, "recv": false, "from": 0, "to": 7, "vc": [11, 5, 6, 5, 6, 4, 5, 0, 6, 1], "hlc": [921578, 1]}
INFO:<Node 1>:{"send": true, "recv": false, "from": 1, "to": 6, "vc": [4, 8, 1, 2, 0, 0, 8, 2, 2, 3], "hlc": [921578, 0]}
INFO:<Node 3>:{"send": true, "recv": false, "from": 3, "to": 9, "vc": [0, 5, 1, 6, 0, 0, 3, 0, 0, 0], "hlc": [921577, 0]}
INFO:<Node 5>:{"send": true, "recv": false, "from": 5, "to": 1, "vc": [4, 1, 2, 3, 5, 11, 9, 2, 2, 5], "hlc": [921576, 3]}
INFO:<Node 7>:{"send": true, "recv": false, "from": 7, "to": 3, "vc": [4, 1, 1, 2, 0, 0, 7, 4, 2, 0], "hlc": [921575, 8]}
INFO:<Node 9>:{"send": true, "recv": false, "from": 9, "to": 7, "vc": [9, 5, 5, 5, 6, 4, 5, 2, 6, 8], "hlc": [921577, 4]}
INFO:<Node 1>:{"send": false, "recv": true, "to": 1, "from": 5, "vc": [4, 9, 2, 3, 5, 11, 9, 2, 2, 5], "hlc": [921578, 1]}
INFO:<Node 3>:{"send": false, "recv": true, "to": 3, "from": 7, "vc": [4, 5, 1, 7, 0, 0, 7, 4, 2, 0], "hlc": [921578, 0]}
INFO:<Node 6>:{"send": false, "recv": true, "to": 6, "from": 1, "vc": [4, 8, 1, 2, 0, 0, 10, 2, 2, 3], "hlc": [921578, 1]}
INFO:<Node 7>:{"send": false, "recv": true, "to": 7, "from": 0, "vc": [11, 5, 6, 5, 6, 4, 7, 5, 6, 1], "hlc": [921578, 2]}
INFO:<Node 7>:{"send": false, "recv": true, "to": 7, "from": 9, "vc": [11, 5, 6, 5, 6, 4, 7, 6, 6, 8], "hlc": [921578, 3]}
INFO:<Node 9>:{"send": false, "recv": true, "to": 9, "from": 3, "vc": [9, 5, 5, 6, 6, 4, 5, 2, 6, 9], "hlc": [921577, 5]}
INFO:<Node 1>:{"send": true, "recv": false, "from": 1, "to": 0, "vc": [4, 10, 2, 3, 5, 11, 9, 2, 2, 5], "hlc": [921578, 2]}
INFO:<Node 3>:{"send": true, "recv": false, "from": 3, "to": 2, "vc": [4, 5, 1, 8, 0, 0, 7, 4, 2, 0], "hlc": [921578, 1]}
INFO:<Node 4>:{"send": true, "recv": false, "from": 4, "to": 5, "vc": [0, 1, 1, 0, 7, 1, 5, 0, 2, 0], "hlc": [921575, 8]}
INFO:<Node 0>:{"send": false, "recv": true, "to": 0, "from": 1, "vc": [12, 10, 6, 5, 6, 11, 9, 2, 6, 5], "hlc": [921579, 0]}
INFO:<Node 2>:{"send": false, "recv": true, "to": 2, "from": 3, "vc": [5, 5, 8, 8, 5, 9, 7, 4, 6, 5], "hlc": [921578, 2]}
INFO:<Node 5>:{"send": false, "recv": true, "to": 5, "from": 4, "vc": [4, 1, 2, 3, 7, 12, 9, 2, 2, 5], "hlc": [921576, 4]}
INFO:<Node 0>:{"send": true, "recv": false, "from": 0, "to": 8, "vc": [13, 10, 6, 5, 6, 11, 9, 2, 6, 5], "hlc": [921579, 1]}
INFO:<Node 1>:{"send": true, "recv": false, "from": 1, "to": 6, "vc": [4, 11, 2, 3, 5, 11, 9, 2, 2, 5], "hlc": [921579, 0]}
INFO:<Node 3>:{"send": true, "recv": false, "from": 3, "to": 2, "vc": [4, 5, 1, 9, 0, 0, 7, 4, 2, 0], "hlc": [921578, 2]}
INFO:<Node 4>:{"send": true, "recv": false, "from": 4, "to": 0, "vc": [0, 1, 1, 0, 8, 1, 5, 0, 2, 0], "hlc": [921575, 9]}
INFO:<Node 6>:{"send": true, "recv": false, "from": 6, "to": 2, "vc": [4, 8, 1, 2, 0, 0, 11, 2, 2, 3], "hlc": [921578, 2]}
INFO:<Node 7>:{"send": true, "recv": false, "from": 7, "to": 6, "vc": [11, 5, 6, 5, 6, 4, 7, 7, 6, 8], "hlc": [921578, 4]}
INFO:<Node 8>:{"send": true, "recv": false, "from": 8, "to": 2, "vc": [6, 3, 2, 3, 3, 7, 1, 0, 9, 1], "hlc": [921576, 3]}
INFO:<Node 0>:{"send": false, "recv": true, "to": 0, "from": 4, "vc": [14, 10, 6, 5, 8, 11, 9, 2, 6, 5], "hlc": [921579, 2]}
INFO:<Node 2>:{"send": false, "recv": true, "to": 2, "from": 3, "vc": [5, 5, 9, 9, 5, 9, 7, 4, 6, 5], "hlc": [921578, 3]}
INFO:<Node 2>:{"send": false, "recv": true, "to": 2, "from": 6, "vc": [5, 8, 10, 9, 5, 9, 11, 4, 6, 5], "hlc": [921578, 4]}
INFO:<Node 2>:{"send": false, "recv": true, "to": 2, "from": 8, "vc": [6, 8, 11, 9, 5, 9, 11, 4, 9, 5], "hlc": [921578, 5]}
INFO:<Node 6>:{"send": false, "recv": true, "to": 6, "from": 1, "vc": [4, 11, 2, 3, 5, 11, 12, 2, 2, 5], "hlc": [921579, 1]}
INFO:<Node 6>:{"send": false, "recv": true, "to": 6, "from": 7, "vc": [11, 11, 6, 5, 6, 11, 13, 7, 6, 8], "hlc": [921579, 2]}
INFO:<Node 8>:{"send": false, "recv": true, "to": 8, "from": 0, "vc": [13, 10, 6, 5, 6, 11, 9, 2, 10, 5], "hlc": [921579, 2]}
INFO:<Node 3>:{"send": true, "recv": false, "from": 3, "to": 2, "vc": [4, 5, 1, 10, 0, 0, 7, 4, 2, 0], "hlc": [921579, 0]}
INFO:<Node 4>:{"send": true, "recv": false, "from": 4, "to": 9, "vc": [0, 1, 1, 0, 9, 1, 5, 0, 2, 0], "hlc": [921575, 10]}
INFO:<Node 5>:{"send": true, "recv": false, "from": 5, "to": 9, "vc": [4, 1, 2, 3, 7, 13, 9, 2, 2, 5], "hlc": [921577, 0]}
INFO:<Node 7>:{"send": true, "recv": false, "from": 7, "to": 5, "vc": [11, 5, 6, 5, 6, 4, 7, 8, 6, 8], "hlc": [921578, 5]}
INFO:<Node 9>:{"send": true, "recv": false, "from": 9, "to": 0, "vc": [9, 5, 5, 6, 6, 4, 5, 2, 6, 10], "hlc": [921577, 6]}
INFO:<Node 0>:{"send": false, "recv": true, "to": 0, "from": 9, "vc": [15, 10, 6, 6, 8, 11, 9, 2, 6, 10], "hlc": [921580, 0]}
INFO:<Node 2>:{"send": false, "recv": true, "to": 2, "from": 3, "vc": [6, 8, 12, 10, 5, 9, 11, 4, 9, 5], "hlc": [921579, 1]}
INFO:<Node 5>:{"send": false, "recv": true, "to": 5, "from": 7, "vc": [11, 5, 6, 5, 7, 14, 9, 8, 6, 8], "hlc": [921578, 6]}
INFO:<Node 9>:{"send": false, "recv": true, "to": 9, "from": 4, "vc": [9, 5, 5, 6, 9, 4, 5, 2, 6, 11], "hlc": [921577, 7]}
INFO:<Node 9>:{"send": false, "recv": true, "to": 9, "from": 5, "vc": [9, 5, 5, 6, 9, 13, 9, 2, 6, 12], "hlc": [921577, 8]}
INFO:<Node 0>:{"send": true, "recv": false, "from": 0, "to": 2, "vc": [16, 10, 6, 6, 8, 11, 9, 2, 6, 10], "hlc": [921580, 1]}
INFO:<Node 5>:{"send": true, "recv": false, "from": 5, "to": 1, "vc": [11, 5, 6, 5, 7, 15, 9, 8, 6, 8], "hlc": [921578, 7]}
INFO:<Node 6>:{"send": true, "recv": false, "from": 6, "to": 3, "vc": [11, 11, 6, 5, 6, 11, 14, 7, 6, 8], "hlc": [921579, 3]}
INFO:<Node 7>:{"send": true, "recv": false, "from": 7, "to": 8, "vc": [11, 5, 6, 5, 6, 4, 7, 9, 6, 8], "hlc": [921578, 6]}
INFO:<Node 8>:{"send": true, "recv": false, "from": 8, "to": 3, "vc": [13, 10, 6, 5, 6, 11, 9, 2, 11, 5], "hlc": [921579, 3]}
INFO:<Node 9>:{"send": true, "recv": false, "from": 9, "to": 3, "vc": [9, 5, 5, 6, 9, 13, 9, 2, 6, 13], "hlc": [921577, 9]}
INFO:<Node 1>:{"send": false, "recv": true, "to": 1, "from": 5, "vc": [11, 12, 6, 5, 7, 15, 9, 8, 6, 8], "hlc": [921580, 0]}
INFO:<Node 2>:{"send": false, "recv": true, "to": 2, "from": 0, "vc": [16, 10, 13, 10, 8, 11, 11, 4, 9, 10], "hlc": [921580, 2]}
INFO:<Node 3>:{"send": false, "recv": true, "to": 3, "from": 6, "vc": [11, 11, 6, 11, 6, 11, 14, 7, 6, 8], "hlc": [921580, 0]}
INFO:<Node 3>:{"send": false, "recv": true, "to": 3, "from": 8, "vc": [13, 11, 6, 12, 6, 11, 14, 7, 11, 8], "hlc": [921580, 1]}
INFO:<Node 3>:{"send": false, "recv": true, "to": 3, "from": 9, "vc": [13, 11, 6, 13, 9, 13, 14, 7, 11, 13], "hlc": [921580, 2]}
INFO:<Node 8>:{"send": false, "recv": true, "to": 8, "from": 7, "vc": [13, 10, 6, 5, 6, 11, 9, 9, 12, 8], "hlc": [921579, 4]}
INFO:<Node 1>:{"send": true, "recv": false, "from": 1, "to": 6, "vc": [11, 13, 6, 5, 7, 15, 9, 8, 6, 8], "hlc": [921580, 1]}
INFO:<Node 2>:{"send": true, "recv": false, "from": 2, "to": 3, "vc": [16, 10, 14, 10, 8, 11, 11, 4, 9, 10], "hlc": [921580, 3]}
INFO:<Node 8>:{"send": true, "recv": false, "from": 8, "to": 0, "vc": [13, 10, 6, 5, 6, 11, 9, 9, 13, 8], "hlc": [921579, 5]}
INFO:<Node 9>:{"send": true, "recv": false, "from": 9, "to": 5, "vc": [9, 5, 5, 6, 9, 13, 9, 2, 6, 14], "hlc": [921577, 10]}
INFO:<Node 0>:{"send": false, "recv": true, "to": 0, "from": 8, "vc": [17, 10, 6, 6, 8, 11, 9, 9, 13, 10], "hlc": [921581, 0]}
INFO:<Node 3>:{"send": false, "recv": true, "to": 3, "from": 2, "vc": [16, 11, 14, 14, 9, 13, 14, 7, 11, 13], "hlc": [921580, 4]}
INFO:<Node 5>:{"send": false, "recv": true, "to": 5, "from": 9, "vc": [11, 5, 6, 6, 9, 16, 9, 8, 6, 14], "hlc": [921578, 8]}
INFO:<Node 6>:{"send": false, "recv": true, "to": 6, "from": 1, "vc": [11, 13, 6, 5, 7, 15, 15, 8, 6, 8], "hlc": [921580, 2]}
INFO:<Node 0>:{"send": true, "recv": false, "from": 0, "to": 6, "vc": [18, 10, 6, 6, 8, 11, 9, 9, 13, 10], "hlc": [921581, 1]}
INFO:<Node 4>:{"send": true, "recv": false, "from": 4, "to": 2, "vc": [0, 1, 1, 0, 10, 1, 5, 0, 2, 0], "hlc": [921576, 0]}
INFO:<Node 5>:{"send": true, "recv": false, "from": 5, "to": 9, "vc": [11, 5, 6, 6, 9, 17, 9, 8, 6, 14], "hlc": [921578, 9]}
INFO:<Node 6>:{"send": true, "recv": false, "from": 6, "to": 4, "vc": [11, 13, 6, 5, 7, 15, 16, 8, 6, 8], "hlc": [921580, 3]}
INFO:<Node 2>:{"send": false, "recv": true, "to": 2, "from": 4, "vc": [16, 10, 15, 10, 10, 11, 11, 4, 9, 10], "hlc": [921580, 4]}
INFO:<Node 4>:{"send": false, "recv": true, "to": 4, "from": 6, "vc": [11, 13, 6, 5, 11, 15, 16, 8, 6, 8], "hlc": [921580, 4]}
INFO:<Node 6>:{"send": false, "recv": true, "to": 6, "from": 0, "vc": [18, 13, 6, 6, 8, 15, 17, 9, 13, 10], "hlc": [921581, 2]}
INFO:<Node 9>:{"send": false, "recv": true, "to": 9, "from": 5, "vc": [11, 5, 6, 6, 9, 17, 9, 8, 6, 15], "hlc": [921578, 10]}
INFO:<Node 0>:{"send": true, "recv": false, "from": 0, "to": 5, "vc": [19, 10, 6, 6, 8, 11, 9, 9, 13, 10], "hlc": [921581, 2]}
INFO:<Node 1>:{"send": true, "recv": false, "from": 1, "to": 2, "vc": [11, 14, 6, 5, 7, 15, 9, 8, 6, 8], "hlc": [921581, 0]}
INFO:<Node 2>:{"send": true, "recv": false, "from": 2, "to": 6, "vc": [16, 10, 16, 10, 10, 11, 11, 4, 9, 10], "hlc": [921580, 5]}
INFO:<Node 4>:{"send": true, "recv": false, "from": 4, "to": 1, "vc": [11, 13, 6, 5, 12, 15, 16, 8, 6, 8], "hlc": [921580, 5]}
INFO:<Node 5>:{"send": true, "recv": false, "from": 5, "to": 4, "vc": [11, 5, 6, 6, 9, 18, 9, 8, 6, 14], "hlc": [921579, 0]}
INFO:<Node 1>:{"send": false, "recv": true, "to": 1, "from": 4, "vc": [11, 15, 6, 5, 12, 15, 16, 8, 6, 8], "hlc": [921582, 0]}
INFO:<Node 2>:{"send": false, "recv": true, "to": 2, "from": 1, "vc": [16, 14, 17, 10, 10, 15, 11, 8, 9, 10], "hlc": [921581, 1]}
INFO:<Node 4>:{"send": false, "recv": true, "to": 4, "from": 5, "vc": [11, 13, 6, 6, 13, 18, 16, 8, 6, 14], "hlc": [921580, 6]}
INFO:<Node 5>:{"send": false, "recv": true, "to": 5, "from": 0, "vc": [19, 10, 6, 6, 9, 19, 9, 9, 13, 14], "hlc": [921581, 3]}
INFO:<Node 6>:{"send": false, "recv": true, "to": 6, "from": 2, "vc": [18, 13, 16, 10, 10, 15, 18, 9, 13, 10], "hlc": [921581, 3]}
INFO:<Node 0>:{"send": true, "recv": false, "from": 0, "to": 4, "vc": [20, 10, 6, 6, 8, 11, 9, 9, 13, 10], "hlc": [921582, 0]}
INFO:<Node 4>:{"send": true, "recv": false, "from": 4, "to": 3, "vc": [11, 13, 6, 6, 14, 18, 16, 8, 6, 14], "hlc": [921580, 7]}
INFO:<Node 5>:{"send": true, "recv": false, "from": 5, "to": 0, "vc": [19, 10, 6, 6, 9, 20, 9, 9, 13, 14], "hlc": [921581, 4]}
INFO:<Node 6>:{"send": true, "recv": false, "from": 6, "to": 9, "vc": [18, 13, 16, 10, 10, 15, 19, 9, 13, 10], "hlc": [921581, 4]}
INFO:<Node 8>:{"send": true, "recv": false, "from": 8, "to": 1, "vc": [13, 10, 6, 5, 6, 11, 9, 9, 14, 8], "hlc": [921579, 6]}
INFO:<Node 9>:{"send": true, "recv": false, "from": 9, "to": 7, "vc": [11, 5, 6, 6, 9, 17, 9, 8, 6, 16], "hlc": [921579, 0]}
INFO:<Node 0>:{"send": false, "recv": true, "to": 0, "from": 5, "vc": [21, 10, 6, 6, 9, 20, 9, 9, 13, 14], "hlc": [921582, 1]}
INFO:<Node 1>:{"send": false, "recv": true, "to": 1, "from": 8, "vc": [13, 16, 6, 5, 12, 15, 16, 9, 14, 8], "hlc": [921582, 1]}
INFO:<Node 3>:{"send": false, "recv": true, "to": 3, "from": 4, "vc": [16, 13, 14, 15, 14, 18, 16, 8, 11, 14], "hlc": [921582, 0]}
INFO:<Node 4>:{"send": false, "recv": true, "to": 4, "from": 0, "vc": [20, 13, 6, 6, 15, 18, 16, 9, 13, 14], "hlc": [921582, 1]}
INFO:<Node 7>:{"send": false, "recv": true, "to": 7, "from": 9, "vc": [11, 5, 6, 6, 9, 17, 9, 10, 6, 16], "hlc": [921579, 1]}
INFO:<Node 9>:{"send": false, "recv": true, "to": 9, "from": 6, "vc": [18, 13, 16, 10, 10, 17, 19, 9, 13, 17], "hlc": [921581, 5]}
INFO:<Node 0>:{"send": true, "recv": false, "from": 0, "to": 9, "vc": [22, 10, 6, 6, 9, 20, 9, 9, 13, 14], "hlc": [921582, 2]}
INFO:<Node 1>:{"send": true, "recv": false, "from": 1, "to": 2, "vc": [13, 17, 6, 5, 12, 15, 16, 9, 14, 8], "hlc": [921582, 2]}
INFO:<Node 2>:{"send": true, "recv": false, "from": 2, "to": 7, "vc": [16, 14, 18, 10, 10, 15, 11, 8, 9, 10], "hlc": [921581, 2]}
INFO:<Node 3>:{"send": true, "recv": false, "from": 3, "to": 2, "vc": [16, 13, 14, 16, 14, 18, 16, 8, 11, 14], "hlc": [921582, 1]}
INFO:<Node 4>:{"send": true, "recv": false, "from": 4, "to": 5, "vc": [20, 13, 6, 6, 16, 18, 16, 9, 13, 14], "hlc": [921582, 2]}
INFO:<Node 5>:{"send": true, "recv": false, "from": 5, "to": 2, "vc": [19, 10, 6, 6, 9, 21, 9, 9, 13, 14], "hlc": [921581, 5]}
INFO:<Node 6>:{"send": true, "recv": false, "from": 6, "to": 0, "vc": [18, 13, 16, 10, 10, 15, 20, 9, 13, 10], "hlc": [921581, 5]}
INFO:<Node 8>:{"send": true, "recv": false, "from": 8, "to": 6, "vc": [13, 10, 6, 5, 6, 11, 9, 9, 15, 8], "hlc": [921579, 7]}
INFO:<Node 9>:{"send": true, "recv": false, "from": 9, "to": 4, "vc": [18, 13, 16, 10, 10, 17, 19, 9, 13, 18], "hlc": [921581, 6]}
INFO:<Node 0>:{"send": false, "recv": true, "to": 0, "from": 6, "vc": [23, 13, 16, 10, 10, 20, 20, 9, 13, 14], "hlc": [921583, 0]}
INFO:<Node 2>:{"send": false, "recv": true, "to": 2, "from": 1, "vc": [16, 17, 19, 10, 12, 15, 16, 9, 14, 10], "hlc": [921582, 3]}
INFO:<Node 2>:{"send": false, "recv": true, "to": 2, "from": 3, "vc": [16, 17, 20, 16, 14, 18, 16, 9, 14, 14], "hlc": [921582, 4]}
INFO:<Node 2>:{"send": false, "recv": true, "to": 2, "from": 5, "vc": [19, 17, 21, 16, 14, 21, 16, 9, 14, 14], "hlc": [921582, 5]}
INFO:<Node 4>:{"send": false, "recv": true, "to": 4, "from": 9, "vc": [20, 13, 16, 10, 17, 18, 19, 9, 13, 18], "hlc": [921582, 3]}
INFO:<Node 5>:{"send": false, "recv": true, "to": 5, "from": 4, "vc": [20, 13, 6, 6, 16, 22, 16, 9, 13, 14], "hlc": [921582, 3]}
INFO:<Node 6>:{"send": false, "recv": true, "to": 6, "from": 8, "vc": [18, 13, 16, 10, 10, 15, 21, 9, 15, 10], "hlc": [921582, 0]}
INFO:<Node 7>:{"send": false, "recv": true, "to": 7, "from": 2, "vc": [16, 14, 18, 10, 10, 17, 11, 11, 9, 16], "hlc": [921581, 3]}
INFO:<Node 9>:{"send": false, "recv": true, "to": 9, "from": 0, "vc": [22, 13, 16, 10, 10, 20, 19, 9, 13, 19], "hlc": [921582, 3]}
INFO:<Node 0>:{"send": true, "recv": false, "from": 0, "to": 1, "vc": [24, 13, 16, 10, 10, 20, 20, 9, 13, 14], "hlc": [921583, 1]}
INFO:<Node 1>:{"send": true, "recv": false, "from": 1, "to": 2, "vc": [13, 18, 6, 5, 12, 15, 16, 9, 14, 8], "hlc": [921583, 0]}
INFO:<Node 2>:{"send": true, "recv": false, "from": 2, "to": 7, "vc": [19, 17, 22, 16, 14, 21, 16, 9, 14, 14], "hlc": [921582, 6]}
INFO:<Node 3>:{"send": true, "recv": false, "from": 3, "to": 6, "vc": [16, 13, 14, 17, 14, 18, 16, 8, 11, 14], "hlc": [921582, 2]}
INFO:<Node 5>:{"send": true, "recv": false, "from": 5, "to": 8, "vc": [20, 13, 6, 6, 16, 23, 16, 9, 13, 14], "hlc": [921582, 4]}
INFO:<Node 7>:{"send": true, "recv": false, "from": 7, "to": 5, "vc": [16, 14, 18, 10, 10, 17, 11, 12, 9, 16], "hlc": [921581, 4]}
INFO:<Node 9>:{"send": true, "recv": false, "from": 9, "to": 2, "vc": [22, 13, 16, 10, 10, 20, 19, 9, 13, 20], "hlc": [921582, 4]}
INFO:<Node 1>:{"send": false, "recv": true, "to": 1, "from": 0, "vc": [24, 19, 16, 10, 12, 20, 20, 9, 14, 14], "hlc": [921583, 2]}
INFO:<Node 2>:{"send": false, "recv": true, "to": 2, "from": 1, "vc": [19, 18, 23, 16, 14, 21, 16, 9, 14, 14], "hlc": [921583, 1]}
INFO:<Node 2>:{"send": false, "recv": true, "to": 2, "from": 9, "vc": [22, 18, 24, 16, 14, 21, 19, 9, 14, 20], "hlc": [921583, 2]}
INFO:<Node 5>:{"send": false, "recv": true, "to": 5, "from": 7, "vc": [20, 14, 18, 10, 16, 24, 16, 12, 13, 16], "hlc": [921582, 5]}
INFO:<Node 6>:{"send": false, "recv": true, "to": 6, "from": 3, "vc": [18, 13, 16, 17, 14, 18, 22, 9, 15, 14], "hlc": [921582, 3]}
INFO:<Node 7>:{"send": false, "recv": true, "to": 7, "from": 2, "vc": [19, 17, 22, 16, 14, 21, 16, 13, 14, 16], "hlc": [921582, 7]}
INFO:<Node 8>:{"send": false, "recv": true, "to": 8, "from": 5, "vc": [20, 13, 6, 6, 16, 23, 16, 9, 16, 14], "hlc": [921582, 5]}
INFO:<Node 0>:{"send": true, "recv": false, "from": 0, "to": 4, "vc": [25, 13, 16, 10, 10, 20, 20, 9, 13, 14], "hlc": [921583, 2]}
INFO:<Node 1>:{"send": true, "recv": false, "from": 1, "to": 0, "vc": [24, 20, 16, 10, 12, 20, 20, 9, 14, 14], "hlc": [921583, 3]}
INFO:<Node 3>:{"send": true, "recv": false, "from": 3, "to": 5, "vc": [16, 13, 14, 18, 14, 18, 16, 8, 11, 14], "hlc": [921583, 0]}
INFO:<Node 4>:{"send": true, "recv": false, "from": 4, "to": 5, "vc": [20, 13, 16, 10, 18, 18, 19, 9, 13, 18], "hlc": [921582, 4]}
INFO:<Node 5>:{"send": true, "recv": false, "from": 5, "to": 7, "vc": [20, 14, 18, 10, 16, 25, 16, 12, 13, 16], "hlc": [921582, 6]}
INFO:<Node 6>:{"send": true, "recv": false, "from": 6, "to": 7, "vc": [18, 13, 16, 17, 14, 18, 23, 9, 15, 14], "hlc": [921582, 4]}
INFO:<Node 9>:{"send": true, "recv": false, "from": 9, "to": 4, "vc": [22, 13, 16, 10, 10, 20, 19, 9, 13, 21], "hlc": [921582, 5]}
INFO:<Node 0>:{"send": false, "recv": true, "to": 0, "from": 1, "vc": [26, 20, 16, 10, 12, 20, 20, 9, 14, 14], "hlc": [921584, 0]}
INFO:<Node 4>:{"send": false, "recv": true, "to": 4, "from": 0, "vc": [25, 13, 16, 10, 19, 20, 20, 9, 13, 18], "hlc": [921583, 3]}
INFO:<Node 4>:{"send": false, "recv": true, "to": 4, "from": 9, "vc": [25, 13, 16, 10, 20, 20, 20, 9, 13, 21], "hlc": [921583, 4]}
INFO:<Node 5>:{"send": false, "recv": true, "to": 5, "from": 3, "vc": [20, 14, 18, 18, 16, 26, 16, 12, 13, 16], "hlc": [921583, 1]}
INFO:<Node 5>:{"send": false, "recv": true, "to": 5, "from": 4, "vc": [20, 14, 18, 18, 18, 27, 19, 12, 13, 18], "hlc": [921583, 2]}
INFO:<Node 7>:{"send": false, "recv": true, "to": 7, "from": 5, "vc": [20, 17, 22, 16, 16, 25, 16, 14, 14, 16], "hlc": [921582, 8]}
INFO:<Node 7>:{"send": false, "recv": true, "to": 7, "from": 6, "vc": [20, 17, 22, 17, 16, 25, 23, 15, 15, 16], "hlc": [921582, 9]}
INFO:<Node 0>:{"send": true, "recv": false, "from": 0, "to": 9, "vc": [27, 20, 16, 10, 12, 20, 20, 9, 14, 14], "hlc": [921584, 1]}
INFO:<Node 1>:{"send": true, "recv": false, "from": 1, "to": 4, "vc": [24, 21, 16, 10, 12, 20, 20, 9, 14, 14], "hlc": [921584, 0]}
INFO:<Node 2>:{"send": true, "recv": false, "from": 2, "to": 4, "vc": [22, 18, 25, 16, 14, 21, 19, 9, 14, 20], "hlc": [921583, 3]}
INFO:<Node 3>:{"send": true, "recv": false, "from": 3, "to": 8, "vc": [16, 13, 14, 19, 14, 18, 16, 8, 11, 14], "hlc": [921583, 1]}
INFO:<Node 5>:{"send": true, "recv": false, "from": 5, "to": 4, "vc": [20, 14, 18, 18, 18, 28, 19, 12, 13, 18], "hlc": [921583, 3]}
INFO:<Node 6>:{"send": true, "recv": false, "from": 6, "to": 5, "vc": [18, 13, 16, 17, 14, 18, 24, 9, 15, 14], "hlc": [921583, 0]}
INFO:<Node 7>:{"send": true, "recv": false, "from": 7, "to": 9, "vc": [20, 17, 22, 17, 16, 25, 23, 16, 15, 16], "hlc": [921582, 10]}
INFO:<Node 4>:{"send": false, "recv": true, "to": 4, "from": 1, "vc": [25, 21, 16, 10, 21, 20, 20, 9, 14, 21], "hlc": [921584, 1]}
INFO:<Node 4>:{"send": false, "recv": true, "to": 4, "from": 2, "vc": [25, 21, 25, 16, 22, 21, 20, 9, 14, 21], "hlc": [921584, 2]}
INFO:<Node 4>:{"send": false, "recv": true, "to": 4, "from": 5, "vc": [25, 21, 25, 18, 23, 28, 20, 12, 14, 21], "hlc": [921584, 3]}
INFO:<Node 5>:{"send": false, "recv": true, "to": 5, "from": 6, "vc": [20, 14, 18, 18, 18, 29, 24, 12, 15, 18], "hlc": [921583, 4]}
INFO:<Node 8>:{"send": false, "recv": true, "to": 8, "from": 3, "vc": [20, 13, 14, 19, 16, 23, 16, 9, 17, 14], "hlc": [921583, 2]}
INFO:<Node 9>:{"send": false, "recv": true, "to": 9, "from": 0, "vc": [27, 20, 16, 10, 12, 20, 20, 9, 14, 22], "hlc": [921584, 2]}
INFO:<Node 9>:{"send": false, "recv": true, "to": 9, "from": 7, "vc": [27, 20, 22, 17, 16, 25, 23, 16, 15, 23], "hlc": [921584, 3]}
INFO:<Node 0>:{"send": true, "recv": false, "from": 0, "to": 1, "vc": [28, 20, 16, 10, 12, 20, 20, 9, 14, 14], "hlc": [921584, 2]}
INFO:<Node 1>:{"send": true, "recv": false, "from": 1, "to": 2, "vc": [24, 22, 16, 10, 12, 20, 20, 9, 14, 14], "hlc": [921584, 1]}
INFO:<Node 2>:{"send": true, "recv": false, "from": 2, "to": 4, "vc": [22, 18, 26, 16, 14, 21, 19, 9, 14, 20], "hlc": [921583, 4]}
INFO:<Node 3>:{"send": true, "recv": false, "from": 3, "to": 5, "vc": [16, 13, 14, 20, 14, 18, 16, 8, 11, 14], "hlc": [921584, 0]}
INFO:<Node 7>:{"send": true, "recv": false, "from": 7, "to": 2, "vc": [20, 17, 22, 17, 16, 25, 23, 17, 15, 16], "hlc": [921582, 11]}
INFO:<Node 9>:{"send": true, "recv": false, "from": 9, "to": 7, "vc": [27, 20, 22, 17, 16, 25, 23, 16, 15, 24], "hlc": [921584, 4]}
INFO:<Node 1>:{"send": false, "recv": true, "to": 1, "from": 0, "vc": [28, 23, 16, 10, 12, 20, 20, 9, 14, 14], "hlc": [921585, 0]}
INFO:<Node 2>:{"send": false, "recv": true, "to": 2, "from": 1, "vc": [24, 22, 27, 16, 14, 21, 20, 9, 14, 20], "hlc": [921584, 2]}
INFO:<Node 2>:{"send": false, "recv": true, "to": 2, "from": 7, "vc": [24, 22, 28, 17, 16, 25, 23, 17, 15, 20], "hlc": [921584, 3]}
INFO:<Node 4>:{"send": false, "recv": true, "to": 4, "from": 2, "vc": [25, 21, 26, 18, 24, 28, 20, 12, 14, 21], "hlc": [921584, 4]}
INFO:<Node 5>:{"send": false, "recv": true, "to": 5, "from": 3, "vc": [20, 14, 18, 20, 18, 30, 24, 12, 15, 18], "hlc": [921584, 1]}
INFO:<Node 7>:{"send": false, "recv": true, "to": 7, "from": 9, "vc": [27, 20, 22, 17, 16, 25, 23, 18, 15, 24], "hlc": [921584, 5]}
INFO:<Node 0>:{"send": true, "recv": false, "from": 0, "to": 8, "vc": [29, 20, 16, 10, 12, 20, 20, 9, 14, 14], "hlc": [921585, 0]}
INFO:<Node 1>:{"send": true, "recv": false, "from": 1, "to": 5, "vc": [28, 24, 16, 10, 12, 20, 20, 9, 14, 14], "hlc": [921585, 1]}
INFO:<Node 2>:{"send": true, "recv": false, "from": 2, "to": 6, "vc": [24, 22, 29, 17, 16, 25, 23, 17, 15, 20], "hlc": [921584, 4]}
INFO:<Node 3>:{"send": true, "recv": false, "from": 3, "to": 9, "vc": [16, 13, 14, 21, 14, 18, 16, 8, 11, 14], "hlc": [921584, 1]}
INFO:<Node 4>:{"send": true, "recv": false, "from": 4, "to": 1, "vc": [25, 21, 26, 18, 25, 28, 20, 12, 14, 21], "hlc": [921584, 5]}
INFO:<Node 5>:{"send": true, "recv": false, "from": 5, "to": 0, "vc": [20, 14, 18, 20, 18, 31, 24, 12, 15, 18], "hlc": [921584, 2]}
INFO:<Node 7>:{"send": true, "recv": false, "from": 7, "to": 4, "vc": [27, 20, 22, 17, 16, 25, 23, 19, 15, 24], "hlc": [921584, 6]}
INFO:<Node 8>:{"send": true, "recv": false, "from": 8, "to": 5, "vc": [20, 13, 14, 19, 16, 23, 16, 9, 18, 14], "hlc": [921583, 3]}
INFO:<Node 9>:{"send": true, "recv": false, "from": 9, "to": 3, "vc": [27, 20, 22, 17, 16, 25, 23, 16, 15, 25], "hlc": [921584, 5]}
INFO:<Node 0>:{"send": false, "recv": true, "to": 0, "from": 5, "vc": [30, 20, 18, 20, 18, 31, 24, 12, 15, 18], "hlc": [921585, 1]}
INFO:<Node 1>:{"send": false, "recv": true, "to": 1, "from": 4, "vc": [28, 25, 26, 18, 25, 28, 20, 12, 14, 21], "hlc": [921585, 2]}
INFO:<Node 3>:{"send": false, "recv": true, "to": 3, "from": 9, "vc": [27, 20, 22, 22, 16, 25, 23, 16, 15, 25], "hlc": [921585, 0]}
INFO:<Node 4>:{"send": false, "recv": true, "to": 4, "from": 7, "vc": [27, 21, 26, 18, 26, 28, 23, 19, 15, 24], "hlc": [921584, 7]}
INFO:<Node 5>:{"send": false, "recv": true, "to": 5, "from": 1, "vc": [28, 24, 18, 20, 18, 32, 24, 12, 15, 18], "hlc": [921585, 2]}
INFO:<Node 5>:{"send": false, "recv": true, "to": 5, "from": 8, "vc": [28, 24, 18, 20, 18, 33, 24, 12, 18, 18], "hlc": [921585, 3]}
INFO:<Node 6>:{"send": false, "recv": true, "to": 6, "from": 2, "vc": [24, 22, 29, 17, 16, 25, 25, 17, 15, 20], "hlc": [921584, 5]}
INFO:<Node 8>:{"send": false, "recv": true, "to": 8, "from": 0, "vc": [29, 20, 16, 19, 16, 23, 20, 9, 19, 14], "hlc": [921585, 1]}
INFO:<Node 9>:{"send": false, "recv": true, "to": 9, "from": 3, "vc": [27, 20, 22, 21, 16, 25, 23, 16, 15, 26], "hlc": [921584, 6]}
INFO:<Node 0>:{"send": true, "recv": false, "from": 0, "to": 3, "vc": [31, 20, 18, 20, 18, 31, 24, 12, 15, 18], "hlc": [921585, 2]}
INFO:<Node 1>:{"send": true, "recv": false, "from": 1, "to": 9, "vc": [28, 26, 26, 18, 25, 28, 20, 12, 14, 21], "hlc": [921585, 3]}
INFO:<Node 2>:{"send": true, "recv": false, "from": 2, "to": 5, "vc": [24, 22, 30, 17, 16, 25, 23, 17, 15, 20], "hlc": [921584, 5]}
INFO:<Node 4>:{"send": true, "recv": false, "from": 4, "to": 2, "vc": [27, 21, 26, 18, 27, 28, 23, 19, 15, 24], "hlc": [921584, 8]}
INFO:<Node 5>:{"send": true, "recv": false, "from": 5, "to": 2, "vc": [28, 24, 18, 20, 18, 34, 24, 12, 18, 18], "hlc": [921585, 4]}
INFO:<Node 8>:{"send": true, "recv": false, "from": 8, "to": 3, "vc": [29, 20, 16, 19, 16, 23, 20, 9, 20, 14], "hlc": [921585, 2]}
INFO:<Node 2>:{"send": false, "recv": true, "to": 2, "from": 4, "vc": [27, 22, 31, 18, 27, 28, 23, 19, 15, 24], "hlc": [921584, 9]}
INFO:<Node 2>:{"send": false, "recv": true, "to": 2, "from": 5, "vc": [28, 24, 32, 20, 27, 34, 24, 19, 18, 24], "hlc": [921585, 5]}
INFO:<Node 3>:{"send": false, "recv": true, "to": 3, "from": 0, "vc": [31, 20, 22, 23, 18, 31, 24, 16, 15, 25], "hlc": [921585, 3]}
INFO:<Node 3>:{"send": false, "recv": true, "to": 3, "from": 8, "vc": [31, 20, 22, 24, 18, 31, 24, 16, 20, 25], "hlc": [921585, 4]}
INFO:<Node 5>:{"send": false, "recv": true, "to": 5, "from": 2, "vc": [28, 24, 30, 20, 18, 35, 24, 17, 18, 20], "hlc": [921585, 5]}
INFO:<Node 9>:{"send": false, "recv": true, "to": 9, "from": 1, "vc": [28, 26, 26, 21, 25, 28, 23, 16, 15, 27], "hlc": [921585, 4]}
INFO:<Node 0>:{"send": true, "recv": false, "from": 0, "to": 8, "vc": [32, 20, 18, 20, 18, 31, 24, 12, 15, 18], "hlc": [921586, 0]}
INFO:<Node 2>:{"send": true, "recv": false, "from": 2, "to": 1, "vc": [28, 24, 33, 20, 27, 34, 24, 19, 18, 24], "hlc": [921585, 6]}
INFO:<Node 3>:{"send": true, "recv": false, "from": 3, "to": 9, "vc": [31, 20, 22, 25, 18, 31, 24, 16, 20, 25], "hlc": [921585, 5]}
INFO:<Node 9>:{"send": true, "recv": false, "from": 9, "to": 4, "vc": [28, 26, 26, 21, 25, 28, 23, 16, 15, 28], "hlc": [921585, 5]}
INFO:<Node 1>:{"send": false, "recv": true, "to": 1, "from": 2, "vc": [28, 27, 33, 20, 27, 34, 24, 19, 18, 24], "hlc": [921586, 0]}
INFO:<Node 4>:{"send": false, "recv": true, "to": 4, "from": 9, "vc": [28, 26, 26, 21, 28, 28, 23, 19, 15, 28], "hlc": [921585, 6]}
INFO:<Node 8>:{"send": false, "recv": true, "to": 8, "from": 0, "vc": [32, 20, 18, 20, 18, 31, 24, 12, 21, 18], "hlc": [921586, 1]}
INFO:<Node 9>:{"send": false, "recv": true, "to": 9, "from": 3, "vc": [31, 26, 26, 25, 25, 31, 24, 16, 20, 29], "hlc": [921585, 6]}
INFO:<Node 0>:{"send": true, "recv": false, "from": 0, "to": 7, "vc": [33, 20, 18, 20, 18, 31, 24, 12, 15, 18], "hlc": [921586, 1]}
INFO:<Node 1>:{"send": true, "recv": false, "from": 1, "to": 0, "vc": [28, 28, 33, 20, 27, 34, 24, 19, 18, 24], "hlc": [921586, 1]}
INFO:<Node 3>:{"send": true, "recv": false, "from": 3, "to": 6, "vc": [31, 20, 22, 26, 18, 31, 24, 16, 20, 25], "hlc": [921586, 0]}
INFO:<Node 5>:{"send": true, "recv": false, "from": 5, "to": 4, "vc": [28, 24, 30, 20, 18, 36, 24, 17, 18, 20], "hlc": [921585, 6]}
INFO:<Node 6>:{"send": true, "recv": false, "from": 6, "to": 5, "vc": [24, 22, 29, 17, 16, 25, 26, 17, 15, 20], "hlc": [921585, 0]}
INFO:<Node 7>:{"send": true, "recv": false, "from": 7, "to": 4, "vc": [27, 20, 22, 17, 16, 25, 23, 20, 15, 24], "hlc": [921584, 7]}
INFO:<Node 0>:{"send": false, "recv": true, "to": 0, "from": 1, "vc": [34, 28, 33, 20, 27, 34, 24, 19, 18, 24], "hlc": [921587, 0]}
INFO:<Node 4>:{"send": false, "recv": true, "to": 4, "from": 5, "vc": [28, 26, 30, 21, 29, 36, 24, 19, 18, 28], "hlc": [921585, 7]}
INFO:<Node 4>:{"send": false, "recv": true, "to": 4, "from": 7, "vc": [28, 26, 30, 21, 30, 36, 24, 20, 18, 28], "hlc": [921585, 8]}
INFO:<Node 5>:{"send": false, "recv": true, "to": 5, "from": 6, "vc": [28, 24, 30, 20, 18, 37, 26, 17, 18, 20], "hlc": [921585, 7]}
INFO:<Node 6>:{"send": false, "recv": true, "to": 6, "from": 3, "vc": [31, 22, 29, 26, 18, 31, 27, 17, 20, 25], "hlc": [921586, 1]}
INFO:<Node 7>:{"send": false, "recv": true, "to": 7, "from": 0, "vc": [33, 20, 22, 20, 18, 31, 24, 21, 15, 24], "hlc": [921586, 2]}
INFO:<Node 0>:{"send": true, "recv": false, "from": 0, "to": 8, "vc": [35, 28, 33, 20, 27, 34, 24, 19, 18, 24], "hlc": [921587, 1]}
INFO:<Node 1>:{"send": true, "recv": false, "from": 1, "to": 9, "vc": [28, 29, 33, 20, 27, 34, 24, 19, 18, 24], "hlc": [921587, 0]}
INFO:<Node 2>:{"send": true, "recv": false, "from": 2, "to": 7, "vc": [28, 24, 34, 20, 27, 34, 24, 19, 18, 24], "hlc": [921585, 7]}
INFO:<Node 3>:{"send": true, "recv": false, "from": 3, "to": 6, "vc": [31, 20, 22, 27, 18, 31, 24, 16, 20, 25], "hlc": [921586, 1]}
INFO:<Node 4>:{"send": true, "recv": false, "from": 4, "to": 0, "vc": [28, 26, 30, 21, 31, 36, 24, 20, 18, 28], "hlc": [921585, 9]}
INFO:<Node 5>:{"send": true, "recv": false, "from": 5, "to": 1, "vc": [28, 24, 30, 20, 18, 38, 26, 17, 18, 20], "hlc": [921585, 8]}
INFO:<Node 0>:{"send": false, "recv": true, "to": 0, "from": 4, "vc": [36, 28, 33, 21, 31, 36, 24, 20, 18, 28], "hlc": [921587, 2]}
INFO:<Node 1>:{"send": false, "recv": true, "to": 1, "from": 5, "vc": [28, 30, 33, 20, 27, 38, 26, 19, 18, 24], "hlc": [921587, 1]}
INFO:<Node 6>:{"send": false, "recv": true, "to": 6, "from": 3, "vc": [31, 22, 29, 27, 18, 31, 28, 17, 20, 25], "hlc": [921586, 2]}
INFO:<Node 7>:{"send": false, "recv": true, "to": 7, "from": 2, "vc": [33, 24, 34, 20, 27, 34, 24, 22, 18, 24], "hlc": [921586, 3]}
INFO:<Node 8>:{"send": false, "recv": true, "to": 8, "from": 0, "vc": [35, 28, 33, 20, 27, 34, 24, 19, 22, 24], "hlc": [921587, 2]}
INFO:<Node 9>:{"send": false, "recv": true, "to": 9, "from": 1, "vc": [31, 29, 33, 25, 27, 34, 24, 19, 20, 30], "hlc": [921587, 1]}
INFO:<Node 0>:{"send": true, "recv": false, "from": 0, "to": 4, "vc": [37, 28, 33, 21, 31, 36, 24, 20, 18, 28], "hlc": [921587, 3]}
INFO:<Node 2>:{"send": true, "recv": false, "from": 2, "to": 7, "vc": [28, 24, 35, 20, 27, 34, 24, 19, 18, 24], "hlc": [921585, 8]}
INFO:<Node 3>:{"send": true, "recv": false, "from": 3, "to": 1, "vc": [31, 20, 22, 28, 18, 31, 24, 16, 20, 25], "hlc": [921587, 0]}
INFO:<Node 4>:{"send": true, "recv": false, "from": 4, "to": 6, "vc": [28, 26, 30, 21, 32, 36, 24, 20, 18, 28], "hlc": [921585, 10]}
INFO:<Node 5>:{"send": true, "recv": false, "from": 5, "to": 1, "vc": [28, 24, 30, 20, 18, 39, 26, 17, 18, 20], "hlc": [921585, 9]}
INFO:<Node 8>:{"send": true, "recv": false, "from": 8, "to": 9, "vc": [35, 28, 33, 20, 27, 34, 24, 19, 23, 24], "hlc": [921587, 3]}
INFO:<Node 9>:{"send": true, "recv": false, "from": 9, "to": 6, "vc": [31, 29, 33, 25, 27, 34, 24, 19, 20, 31], "hlc": [921587, 2]}
INFO:<Node 1>:{"send": false, "recv": true, "to": 1, "from": 3, "vc": [31, 31, 33, 28, 27, 38, 26, 19, 20, 25], "hlc": [921588, 0]}
INFO:<Node 1>:{"send": false, "recv": true, "to": 1, "from": 5, "vc": [31, 32, 33, 28, 27, 39, 26, 19, 20, 25], "hlc": [921588, 1]}
INFO:<Node 4>:{"send": false, "recv": true, "to": 4, "from": 0, "vc": [37, 28, 33, 21, 33, 36, 24, 20, 18, 28], "hlc": [921587, 4]}
INFO:<Node 6>:{"send": false, "recv": true, "to": 6, "from": 4, "vc": [31, 26, 30, 27, 32, 36, 29, 20, 20, 28], "hlc": [921587, 0]}
INFO:<Node 6>:{"send": false, "recv": true, "to": 6, "from": 9, "vc": [31, 29, 33, 27, 32, 36, 30, 20, 20, 31], "hlc": [921587, 3]}
INFO:<Node 7>:{"send": false, "recv": true, "to": 7, "from": 2, "vc": [33, 24, 35, 20, 27, 34, 24, 23, 18, 24], "hlc": [921586, 4]}
INFO:<Node 9>:{"send": false, "recv": true, "to": 9, "from": 8, "vc": [35, 29, 33, 25, 27, 34, 24, 19, 23, 32], "hlc": [921587, 4]}
INFO:<Node 0>:{"send": true, "recv": false, "from": 0, "to": 7, "vc": [38, 28, 33, 21, 31, 36, 24, 20, 18, 28], "hlc": [921588, 0]}
INFO:<Node 2>:{"send": true, "recv": false, "from": 2, "to": 5, "vc": [28, 24, 36, 20, 27, 34, 24, 19, 18, 24], "hlc": [921585, 9]}
INFO:<Node 5>:{"send": true, "recv": false, "from": 5, "to": 2, "vc": [28, 24, 30, 20, 18, 40, 26, 17, 18, 20], "hlc": [921585, 10]}
INFO:<Node 7>:{"send": true, "recv": false, "from": 7, "to": 5, "vc": [33, 24, 35, 20, 27, 34, 24, 24, 18, 24], "hlc": [921586, 5]}
INFO:<Node 8>:{"send": true, "recv": false, "from": 8, "to": 9, "vc": [35, 28, 33, 20, 27, 34, 24, 19, 24, 24], "hlc": [921587, 4]}
INFO:<Node 9>:{"send": true, "recv": false, "from": 9, "to": 1, "vc": [35, 29, 33, 25, 27, 34, 24, 19, 23, 33], "hlc": [921587, 5]}
INFO:<Node 1>:{"send": false, "recv": true, "to": 1, "from": 9, "vc": [35, 33, 33, 28, 27, 39, 26, 19, 23, 33], "hlc": [921588, 2]}
INFO:<Node 2>:{"send": false, "recv": true, "to": 2, "from": 5, "vc": [28, 24, 37, 20, 27, 40, 26, 19, 18, 24], "hlc": [921585, 11]}
INFO:<Node 5>:{"send": false, "recv": true, "to": 5, "from": 2, "vc": [28, 24, 36, 20, 27, 41, 26, 19, 18, 24], "hlc": [921586, 0]}
INFO:<Node 5>:{"send": false, "recv": true, "to": 5, "from": 7, "vc": [33, 24, 36, 20, 27, 42, 26, 24, 18, 24], "hlc": [921586, 6]}
INFO:<Node 7>:{"send": false, "recv": true, "to": 7, "from": 0, "vc": [38, 28, 35, 21, 31, 36, 24, 25, 18, 28], "hlc": [921588, 1]}
INFO:<Node 9>:{"send": false, "recv": true, "to": 9, "from": 8, "vc": [35, 29, 33, 25, 27, 34, 24, 19, 24, 34], "hlc": [921587, 6]}
INFO:<Node 0>:{"send": true, "recv": false, "from": 0, "to": 9, "vc": [39, 28, 33, 21, 31, 36, 24, 20, 18, 28], "hlc": [921588, 1]}
INFO:<Node 2>:{"send": true, "recv": false, "from": 2, "to": 9, "vc": [28, 24, 38, 20, 27, 40, 26, 19, 18, 24], "hlc": [921585, 12]}
INFO:<Node 3>:{"send": true, "recv": false, "from": 3, "to": 9, "vc": [31, 20, 22, 29, 18, 31, 24, 16, 20, 25], "hlc": [921588, 0]}
INFO:<Node 5>:{"send": true, "recv": false, "from": 5, "to": 1, "vc": [33, 24, 36, 20, 27, 43, 26, 24, 18, 24], "hlc": [921586, 7]}
INFO:<Node 6>:{"send": true, "recv": false, "from": 6, "to": 5, "vc": [31, 29, 33, 27, 32, 36, 31, 20, 20, 31], "hlc": [921587, 4]}
INFO:<Node 7>:{"send": true, "recv": false, "from": 7, "to": 0, "vc": [38, 28, 35, 21, 31, 36, 24, 26, 18, 28], "hlc": [921588, 2]}
INFO:<Node 8>:{"send": true, "recv": false, "from": 8, "to": 7, "vc": [35, 28, 33, 20, 27, 34, 24, 19, 25, 24], "hlc": [921587, 5]}
INFO:<Node 9>:{"send": true, "recv": false, "from": 9, "to": 5, "vc": [35, 29, 33, 25, 27, 34, 24, 19, 24, 35], "hlc": [921587, 7]}
INFO:<Node 0>:{"send": false, "recv": true, "to": 0, "from": 7, "vc": [40, 28, 35, 21, 31, 36, 24, 26, 18, 28], "hlc": [921589, 0]}
INFO:<Node 1>:{"send": false, "recv": true, "to": 1, "from": 5, "vc": [35, 34, 36, 28, 27, 43, 26, 24, 23, 33], "hlc": [921589, 0]}
INFO:<Node 5>:{"send": false, "recv": true, "to": 5, "from": 6, "vc": [33, 29, 36, 27, 32, 44, 31, 24, 20, 31], "hlc": [921587, 5]}
INFO:<Node 5>:{"send": false, "recv": true, "to": 5, "from": 9, "vc": [35, 29, 36, 27, 32, 45, 31, 24, 24, 35], "hlc": [921587, 8]}
INFO:<Node 7>:{"send": false, "recv": true, "to": 7, "from": 8, "vc": [38, 28, 35, 21, 31, 36, 24, 27, 25, 28], "hlc": [921588, 3]}
INFO:<Node 9>:{"send": false, "recv": true, "to": 9, "from": 0, "vc": [39, 29, 33, 25, 31, 36, 24, 20, 24, 36], "hlc": [921588, 2]}
INFO:<Node 9>:{"send": false, "recv": true, "to": 9, "from": 2, "vc": [39, 29, 38, 25, 31, 40, 26, 20, 24, 37], "hlc": [921588, 3]}
INFO:<Node 9>:{"send": false, "recv": true, "to": 9, "from": 3, "vc": [39, 29, 38, 29, 31, 40, 26, 20, 24, 38], "hlc": [921588, 4]}
INFO:<Node 0>:{"send": true, "recv": false, "from": 0, "to": 1, "vc": [41, 28, 35, 21, 31, 36, 24, 26, 18, 28], "hlc": [921589, 1]}
INFO:<Node 1>:{"send": true, "recv": false, "from": 1, "to": 4, "vc": [35, 35, 36, 28, 27, 43, 26, 24, 23, 33], "hlc": [921589, 1]}
INFO:<Node 2>:{"send": true, "recv": false, "from": 2, "to": 0, "vc": [28, 24, 39, 20, 27, 40, 26, 19, 18, 24], "hlc": [921585, 13]}
INFO:<Node 3>:{"send": true, "recv": false, "from": 3, "to": 6, "vc": [31, 20, 22, 30, 18, 31, 24, 16, 20, 25], "hlc": [921588, 1]}
INFO:<Node 4>:{"send": true, "recv": false, "from": 4, "to": 7, "vc": [37, 28, 33, 21, 34, 36, 24, 20, 18, 28], "hlc": [921587, 5]}
INFO:<Node 5>:{"send": true, "recv": false, "from": 5, "to": 9, "vc": [35, 29, 36, 27, 32, 46, 31, 24, 24, 35], "hlc": [921587, 9]}
INFO:<Node 6>:{"send": true, "recv": false, "from": 6, "to": 0, "vc": [31, 29, 33, 27, 32, 36, 32, 20, 20, 31], "hlc": [921588, 0]}
INFO:<Node 8>:{"send": true, "recv": false, "from": 8, "to": 4, "vc": [35, 28, 33, 20, 27, 34, 24, 19, 26, 24], "hlc": [921587, 6]}
INFO:<Node 9>:{"send": true, "recv": false, "from": 9, "to": 8, "vc": [39, 29, 38, 29, 31, 40, 26, 20, 24, 39], "hlc": [921588, 5]}
INFO:<Node 0>:{"send": false, "recv": true, "to": 0, "from": 2, "vc": [42, 28, 39, 21, 31, 40, 26, 26, 18, 28], "hlc": [921589, 2]}
INFO:<Node 0>:{"send": false, "recv": true, "to": 0, "from": 6, "vc": [43, 29, 39, 27, 32, 40, 32, 26, 20, 31], "hlc": [921589, 3]}
INFO:<Node 1>:{"send": false, "recv": true, "to": 1, "from": 0, "vc": [41, 36, 36, 28, 31, 43, 26, 26, 23, 33], "hlc": [921589, 2]}
INFO:<Node 4>:{"send": false, "recv": true, "to": 4, "from": 1, "vc": [37, 35, 36, 28, 35, 43, 26, 24, 23, 33], "hlc": [921589, 2]}
INFO:<Node 4>:{"send": false, "recv": true, "to": 4, "from": 8, "vc": [37, 35, 36, 28, 36, 43, 26, 24, 26, 33], "hlc": [921589, 3]}
INFO:<Node 6>:{"send": false, "recv": true, "to": 6, "from": 3, "vc": [31, 29, 33, 30, 32, 36, 33, 20, 20, 31], "hlc": [921588, 2]}
INFO:<Node 7>:{"send": false, "recv": true, "to": 7, "from": 4, "vc": [38, 28, 35, 21, 34, 36, 24, 28, 25, 28], "hlc": [921588, 4]}
INFO:<Node 8>:{"send": false, "recv": true, "to": 8, "from": 9, "vc": [39, 29, 38, 29, 31, 40, 26, 20, 27, 39], "hlc": [921588, 6]}
INFO:<Node 9>:{"send": false, "recv": true, "to": 9, "from": 5, "vc": [39, 29, 38, 29, 32, 46, 31, 24, 24, 40], "hlc": [921588, 6]}
INFO:<Node 1>:{"send": true, "recv": false, "from": 1, "to": 2, "vc": [41, 37, 36, 28, 31, 43, 26, 26, 23, 33], "hlc": [921589, 3]}
INFO:<Node 2>:{"send": true, "recv": false, "from": 2, "to": 3, "vc": [28, 24, 40, 20, 27, 40, 26, 19, 18, 24], "hlc": [921585, 14]}
INFO:<Node 3>:{"send": true, "recv": false, "from": 3, "to": 6, "vc": [31, 20, 22, 31, 18, 31, 24, 16, 20, 25], "hlc": [921589, 0]}
INFO:<Node 4>:{"send": true, "recv": false, "from": 4, "to": 7, "vc": [37, 35, 36, 28, 37, 43, 26, 24, 26, 33], "hlc": [921589, 4]}
INFO:<Node 6>:{"send": true, "recv": false, "from": 6, "to": 9, "vc": [31, 29, 33, 30, 32, 36, 34, 20, 20, 31], "hlc": [921588, 3]}
INFO:<Node 8>:{"send": true, "recv": false, "from": 8, "to": 7, "vc": [39, 29, 38, 29, 31, 40, 26, 20, 28, 39], "hlc": [921588, 7]}
INFO:<Node 2>:{"send": false, "recv": true, "to": 2, "from": 1, "vc": [41, 37, 41, 28, 31, 43, 26, 26, 23, 33], "hlc": [921589, 4]}
INFO:<Node 3>:{"send": false, "recv": true, "to": 3, "from": 2, "vc": [31, 24, 40, 32, 27, 40, 26, 19, 20, 25], "hlc": [921589, 1]}
INFO:<Node 6>:{"send": false, "recv": true, "to": 6, "from": 3, "vc": [31, 29, 33, 31, 32, 36, 35, 20, 20, 31], "hlc": [921589, 1]}
INFO:<Node 7>:{"send": false, "recv": true, "to": 7, "from": 4, "vc": [38, 35, 36, 28, 37, 43, 26, 29, 26, 33], "hlc": [921589, 5]}
INFO:<Node 7>:{"send": false, "recv": true, "to": 7, "from": 8, "vc": [39, 35, 38, 29, 37, 43, 26, 30, 28, 39], "hlc": [921589, 6]}
INFO:<Node 9>:{"send": false, "recv": true, "to": 9, "from": 6, "vc": [39, 29, 38, 30, 32, 46, 34, 24, 24, 41], "hlc": [921588, 7]}
INFO:<Node 1>:{"send": true, "recv": false, "from": 1, "to": 4, "vc": [41, 38, 36, 28, 31, 43, 26, 26, 23, 33], "hlc": [921590, 0]}
INFO:<Node 4>:{"send": true, "recv": false, "from": 4, "to": 9, "vc": [37, 35, 36, 28, 38, 43, 26, 24, 26, 33], "hlc": [921589, 5]}
INFO:<Node 6>:{"send": true, "recv": false, "from": 6, "to": 9, "vc": [31, 29, 33, 31, 32, 36, 36, 20, 20, 31], "hlc": [921589, 2]}
INFO:<Node 4>:{"send": false, "recv": true, "to": 4, "from": 1, "vc": [41, 38, 36, 28, 39, 43, 26, 26, 26, 33], "hlc": [921590, 1]}
INFO:<Node 9>:{"send": false, "recv": true, "to": 9, "from": 4, "vc": [39, 35, 38, 30, 38, 46, 34, 24, 26, 42], "hlc": [921589, 6]}
INFO:<Node 9>:{"send": false, "recv": true, "to": 9, "from": 6, "vc": [39, 35, 38, 31, 38, 46, 36, 24, 26, 43], "hlc": [921589, 7]}
INFO:<Node 2>:{"send": true, "recv": false, "from": 2, "to": 6, "vc": [41, 37, 42, 28, 31, 43, 26, 26, 23, 33], "hlc": [921589, 5]}
INFO:<Node 3>:{"send": true, "recv": false, "from": 3, "to": 9, "vc": [31, 24, 40, 33, 27, 40, 26, 19, 20, 25], "hlc": [921590, 0]}
INFO:<Node 4>:{"send": true, "recv": false, "from": 4, "to": 7, "vc": [41, 38, 36, 28, 40, 43, 26, 26, 26, 33], "hlc": [921590, 2]}
INFO:<Node 6>:{"send": true, "recv": false, "from": 6, "to": 0, "vc": [31, 29, 33, 31, 32, 36, 37, 20, 20, 31], "hlc": [921589, 3]}
INFO:<Node 7>:{"send": true, "recv": false, "from": 7, "to": 6, "vc": [39, 35, 38, 29, 37, 43, 26, 31, 28, 39], "hlc": [921589, 7]}
INFO:<Node 8>:{"send": true, "recv": false, "from": 8, "to": 6, "vc": [39, 29, 38, 29, 31, 40, 26, 20, 29, 39], "hlc": [921588, 8]}
INFO:<Node 9>:{"send": true, "recv": false, "from": 9, "to": 7, "vc": [39, 35, 38, 31, 38, 46, 36, 24, 26, 44], "hlc": [921589, 8]}
INFO:<Node 0>:{"send": false, "recv": true, "to": 0, "from": 6, "vc": [44, 29, 39, 31, 32, 40, 37, 26, 20, 31], "hlc": [921591, 0]}
INFO:<Node 6>:{"send": false, "recv": true, "to": 6, "from": 2, "vc": [41, 37, 42, 31, 32, 43, 38, 26, 23, 33], "hlc": [921590, 0]}
INFO:<Node 6>:{"send": false, "recv": true, "to": 6, "from": 7, "vc": [41, 37, 42, 31, 37, 43, 39, 31, 28, 39], "hlc": [921590, 1]}
INFO:<Node 6>:{"send": false, "recv": true, "to": 6, "from": 8, "vc": [41, 37, 42, 31, 37, 43, 40, 31, 29, 39], "hlc": [921590, 2]}
INFO:<Node 7>:{"send": false, "recv": true, "to": 7, "from": 4, "vc": [41, 38, 38, 29, 40, 43, 26, 32, 28, 39], "hlc": [921590, 3]}
INFO:<Node 7>:{"send": false, "recv": true, "to": 7, "from": 9, "vc": [41, 38, 38, 31, 40, 46, 36, 33, 28, 44], "hlc": [921590, 4]}
INFO:<Node 9>:{"send": false, "recv": true, "to": 9, "from": 3, "vc": [39, 35, 40, 33, 38, 46, 36, 24, 26, 45], "hlc": [921590, 1]}
INFO:<Node 0>:{"send": true, "recv": false, "from": 0, "to": 8, "vc": [45, 29, 39, 31, 32, 40, 37, 26, 20, 31], "hlc": [921591, 1]}
INFO:<Node 1>:{"send": true, "recv": false, "from": 1, "to": 9, "vc": [41, 39, 36, 28, 31, 43, 26, 26, 23, 33], "hlc": [921591, 0]}
INFO:<Node 2>:{"send": true, "recv": false, "from": 2, "to": 8, "vc": [41, 37, 43, 28, 31, 43, 26, 26, 23, 33], "hlc": [921589, 6]}
INFO:<Node 3>:{"send": true, "recv": false, "from": 3, "to": 4, "vc": [31, 24, 40, 34, 27, 40, 26, 19, 20, 25], "hlc": [921590, 1]}
INFO:<Node 4>:{"send": true, "recv": false, "from": 4, "to": 6, "vc": [41, 38, 36, 28, 41, 43, 26, 26, 26, 33], "hlc": [921590, 3]}
INFO:<Node 5>:{"send": true, "recv": false, "from": 5, "to": 6, "vc": [35, 29, 36, 27, 32, 47, 31, 24, 24, 35], "hlc": [921588, 0]}
INFO:<Node 8>:{"send": true, "recv": false, "from": 8, "to": 6, "vc": [39, 29, 38, 29, 31, 40, 26, 20, 30, 39], "hlc": [921588, 9]}
INFO:<Node 9>:{"send": true, "recv": false, "from": 9, "to": 4, "vc": [39, 35, 40, 33, 38, 46, 36, 24, 26, 46], "hlc": [921590, 2]}
INFO:<Node 4>:{"send": false, "recv": true, "to": 4, "from": 3, "vc": [41, 38, 40, 34, 42, 43, 26, 26, 26, 33], "hlc": [921590, 4]}
INFO:<Node 4>:{"send": false, "recv": true, "to": 4, "from": 9, "vc": [41, 38, 40, 34, 43, 46, 36, 26, 26, 46], "hlc": [921590, 5]}
INFO:<Node 6>:{"send": false, "recv": true, "to": 6, "from": 4, "vc": [41, 38, 42, 31, 41, 43, 41, 31, 29, 39], "hlc": [921590, 4]}
INFO:<Node 6>:{"send": false, "recv": true, "to": 6, "from": 5, "vc": [41, 38, 42, 31, 41, 47, 42, 31, 29, 39], "hlc": [921590, 5]}
INFO:<Node 6>:{"send": false, "recv": true, "to": 6, "from": 8, "vc": [41, 38, 42, 31, 41, 47, 43, 31, 30, 39], "hlc": [921590, 6]}
INFO:<Node 8>:{"send": false, "recv": true, "to": 8, "from": 0, "vc": [45, 29, 39, 31, 32, 40, 37, 26, 31, 39], "hlc": [921591, 2]}
INFO:<Node 8>:{"send": false, "recv": true, "to": 8, "from": 2, "vc": [45, 37, 43, 31, 32, 43, 37, 26, 32, 39], "hlc": [921591, 3]}
INFO:<Node 9>:{"send": false, "recv": true, "to": 9, "from": 1, "vc": [41, 39, 40, 33, 38, 46, 36, 26, 26, 47], "hlc": [921591, 1]}
INFO:<Node 0>:{"send": true, "recv": false, "from": 0, "to": 7, "vc": [46, 29, 39, 31, 32, 40, 37, 26, 20, 31], "hlc": [921591, 2]}
INFO:<Node 3>:{"send": true, "recv": false, "from": 3, "to": 5, "vc": [31, 24, 40, 35, 27, 40, 26, 19, 20, 25], "hlc": [921591, 0]}
INFO:<Node 4>:{"send": true, "recv": false, "from": 4, "to": 8, "vc": [41, 38, 40, 34, 44, 46, 36, 26, 26, 46], "hlc": [921590, 6]}
INFO:<Node 5>:{"send": true, "recv": false, "from": 5, "to": 1, "vc": [35, 29, 36, 27, 32, 48, 31, 24, 24, 35], "hlc": [921589, 0]}
INFO:<Node 1>:{"send": false, "recv": true, "to": 1, "from": 5, "vc": [41, 40, 36, 28, 32, 48, 31, 26, 24, 35], "hlc": [921592, 0]}
INFO:<Node 5>:{"send": false, "recv": true, "to": 5, "from": 3, "vc": [35, 29, 40, 35, 32, 49, 31, 24, 24, 35], "hlc": [921591, 1]}
INFO:<Node 7>:{"send": false, "recv": true, "to": 7, "from": 0, "vc": [46, 38, 39, 31, 40, 46, 37, 34, 28, 44], "hlc": [921591, 3]}
INFO:<Node 8>:{"send": false, "recv": true, "to": 8, "from": 4, "vc": [45, 38, 43, 34, 44, 46, 37, 26, 33, 46], "hlc": [921591, 4]}
INFO:<Node 0>:{"send": true, "recv": false, "from": 0, "to": 4, "vc": [47, 29, 39, 31, 32, 40, 37, 26, 20, 31], "hlc": [921592, 0]}
INFO:<Node 1>:{"send": true, "recv": false, "from": 1, "to": 2, "vc": [41, 41, 36, 28, 32, 48, 31, 26, 24, 35], "hlc": [921592, 1]}
INFO:<Node 2>:{"send": true, "recv": false, "from": 2, "to": 5, "vc": [41, 37, 44, 28, 31, 43, 26, 26, 23, 33], "hlc": [921589, 7]}
INFO:<Node 3>:{"send": true, "recv": false, "from": 3, "to": 8, "vc": [31, 24, 40, 36, 27, 40, 26, 19, 20, 25], "hlc": [921591, 1]}
INFO:<Node 4>:{"send": true, "recv": false, "from": 4, "to": 8, "vc": [41, 38, 40, 34, 45, 46, 36, 26, 26, 46], "hlc": [921590, 7]}
INFO:<Node 6>:{"send": true, "recv": false, "from": 6, "to": 0, "vc": [41, 38, 42, 31, 41, 47, 44, 31, 30, 39], "hlc": [921591, 0]}
INFO:<Node 7>:{"send": true, "recv": false, "from": 7, "to": 4, "vc": [46, 38, 39, 31, 40, 46, 37, 35, 28, 44], "hlc": [921591, 4]}
INFO:<Node 0>:{"send": false, "recv": true, "to": 0, "from": 6, "vc": [48, 38, 42, 31, 41, 47, 44, 31, 30, 39], "hlc": [921592, 1]}
INFO:<Node 2>:{"send": false, "recv": true, "to": 2, "from": 1, "vc": [41, 41, 45, 28, 32, 48, 31, 26, 24, 35], "hlc": [921592, 2]}
INFO:<Node 4>:{"send": false, "recv": true, "to": 4, "from": 0, "vc": [47, 38, 40, 34, 46, 46, 37, 26, 26, 46], "hlc": [921592, 1]}
INFO:<Node 4>:{"send": false, "recv": true, "to": 4, "from": 7, "vc": [47, 38, 40, 34, 47, 46, 37, 35, 28, 46], "hlc": [921592, 2]}
INFO:<Node 5>:{"send": false, "recv": true, "to": 5, "from": 2, "vc": [41, 37, 44, 35, 32, 50, 31, 26, 24, 35], "hlc": [921591, 2]}
INFO:<Node 8>:{"send": false, "recv": true, "to": 8, "from": 3, "vc": [45, 38, 43, 36, 44, 46, 37, 26, 34, 46], "hlc": [921591, 5]}
INFO:<Node 8>:{"send": false, "recv": true, "to": 8, "from": 4, "vc": [45, 38, 43, 36, 45, 46, 37, 26, 35, 46], "hlc": [921591, 6]}
INFO:<Node 1>:{"send": true, "recv": false, "from": 1, "to": 0, "vc": [41, 42, 36, 28, 32, 48, 31, 26, 24, 35], "hlc": [921592, 2]}
INFO:<Node 3>:{"send": true, "recv": false, "from": 3, "to": 2, "vc": [31, 24, 40, 37, 27, 40, 26, 19, 20, 25], "hlc": [921592, 0]}
INFO:<Node 4>:{"send": true, "recv": false, "from": 4, "to": 6, "vc": [47, 38, 40, 34, 48, 46, 37, 35, 28, 46], "hlc": [921592, 3]}
INFO:<Node 5>:{"send": true, "recv": false, "from": 5, "to": 8, "vc": [41, 37, 44, 35, 32, 51, 31, 26, 24, 35], "hlc": [921591, 3]}
INFO:<Node 7>:{"send": true, "recv": false, "from": 7, "to": 2, "vc": [46, 38, 39, 31, 40, 46, 37, 36, 28, 44], "hlc": [921591, 5]}
INFO:<Node 8>:{"send": true, "recv": false, "from": 8, "to": 9, "vc": [45, 38, 43, 36, 45, 46, 37, 26, 36, 46], "hlc": [921591, 7]}
INFO:<Node 9>:{"send": true, "recv": false, "from": 9, "to": 8, "vc": [41, 39, 40, 33, 38, 46, 36, 26, 26, 48], "hlc": [921591, 2]}
INFO:<Node 0>:{"send": false, "recv": true, "to": 0, "from": 1, "vc": [49, 42, 42, 31, 41, 48, 44, 31, 30, 39], "hlc": [921593, 0]}
INFO:<Node 2>:{"send": false, "recv": true, "to": 2, "from": 3, "vc": [41, 41, 46, 37, 32, 48, 31, 26, 24, 35], "hlc": [921592, 3]}
INFO:<Node 2>:{"send": false, "recv": true, "to": 2, "from": 7, "vc": [46, 41, 47, 37, 40, 48, 37, 36, 28, 44], "hlc": [921592, 4]}
INFO:<Node 6>:{"send": false, "recv": true, "to": 6, "from": 4, "vc": [47, 38, 42, 34, 48, 47, 45, 35, 30, 46], "hlc": [921592, 4]}
INFO:<Node 8>:{"send": false, "recv": true, "to": 8, "from": 5, "vc": [45, 38, 44, 36, 45, 51, 37, 26, 37, 46], "hlc": [921591, 8]}
INFO:<Node 8>:{"send": false, "recv": true, "to": 8, "from": 9, "vc": [45, 39, 44, 36, 45, 51, 37, 26, 38, 48], "hlc": [921591, 9]}
INFO:<Node 9>:{"send": false, "recv": true, "to": 9, "from": 8, "vc": [45, 39, 43, 36, 45, 46, 37, 26, 36, 49], "hlc": [921591, 8]}
INFO:<Node 1>:{"send": true, "recv": false, "from": 1, "to": 9, "vc": [41, 43, 36, 28, 32, 48, 31, 26, 24, 35], "hlc": [921593, 0]}
INFO:<Node 3>:{"send": true, "recv": false, "from": 3, "to": 2, "vc": [31, 24, 40, 38, 27, 40, 26, 19, 20, 25], "hlc": [921592, 1]}
INFO:<Node 6>:{"send": true, "recv": false, "from": 6, "to": 5, "vc": [47, 38, 42, 34, 48, 47, 46, 35, 30, 46], "hlc": [921592, 5]}
INFO:<Node 8>:{"send": true, "recv": false, "from": 8, "to": 5, "vc": [45, 39, 44, 36, 45, 51, 37, 26, 39, 48], "hlc": [921591, 10]}
INFO:<Node 9>:{"send": true, "recv": false, "from": 9, "to": 4, "vc": [45, 39, 43, 36, 45, 46, 37, 26, 36, 50], "hlc": [921591, 9]}
INFO:<Node 2>:{"send": false, "recv": true, "to": 2, "from": 3, "vc": [46, 41, 48, 38, 40, 48, 37, 36, 28, 44], "hlc": [921592, 5]}
INFO:<Node 4>:{"send": false, "recv": true, "to": 4, "from": 9, "vc": [47, 39, 43, 36, 49, 46, 37, 35, 36, 50], "hlc": [921592, 4]}
INFO:<Node 5>:{"send": false, "recv": true, "to": 5, "from": 6, "vc": [47, 38, 44, 35, 48, 52, 46, 35, 30, 46], "hlc": [921592, 6]}
INFO:<Node 5>:{"send": false, "recv": true, "to": 5, "from": 8, "vc": [47, 39, 44, 36, 48, 53, 46, 35, 39, 48], "hlc": [921592, 7]}
INFO:<Node 9>:{"send": false, "recv": true, "to": 9, "from": 1, "vc": [45, 43, 43, 36, 45, 48, 37, 26, 36, 51], "hlc": [921593, 1]}
INFO:<Node 0>:{"send": true, "recv": false, "from": 0, "to": 2, "vc": [50, 42, 42, 31, 41, 48, 44, 31, 30, 39], "hlc": [921593, 1]}
INFO:<Node 1>:{"send": true, "recv": false, "from": 1, "to": 2, "vc": [41, 44, 36, 28, 32, 48, 31, 26, 24, 35], "hlc": [921593, 1]}
INFO:<Node 2>:{"send": true, "recv": false, "from": 2, "to": 0, "vc": [46, 41, 49, 38, 40, 48, 37, 36, 28, 44], "hlc": [921592, 6]}
INFO:<Node 4>:{"send": true, "recv": false, "from": 4, "to": 6, "vc": [47, 39, 43, 36, 50, 46, 37, 35, 36, 50], "hlc": [921592, 5]}
INFO:<Node 5>:{"send": true, "recv": false, "from": 5, "to": 4, "vc": [47, 39, 44, 36, 48, 54, 46, 35, 39, 48], "hlc": [921592, 8]}
INFO:<Node 6>:{"send": true, "recv": false, "from": 6, "to": 7, "vc": [47, 38, 42, 34, 48, 47, 47, 35, 30, 46], "hlc": [921592, 6]}
INFO:<Node 9>:{"send": true, "recv": false, "from": 9, "to": 4, "vc": [45, 43, 43, 36, 45, 48, 37, 26, 36, 52], "hlc": [921593, 2]}
INFO:<Node 0>:{"send": false, "recv": true, "to": 0, "from": 2, "vc": [51, 42, 49, 38, 41, 48, 44, 36, 30, 44], "hlc": [921594, 0]}
INFO:<Node 2>:{"send": false, "recv": true, "to": 2, "from": 0, "vc": [50, 42, 50, 38, 41, 48, 44, 36, 30, 44], "hlc": [921593, 2]}
INFO:<Node 2>:{"send": false, "recv": true, "to": 2, "from": 1, "vc": [50, 44, 51, 38, 41, 48, 44, 36, 30, 44], "hlc": [921593, 3]}
INFO:<Node 4>:{"send": false, "recv": true, "to": 4, "from": 5, "vc": [47, 39, 44, 36, 51, 54, 46, 35, 39, 50], "hlc": [921592, 9]}
INFO:<Node 4>:{"send": false, "recv": true, "to": 4, "from": 9, "vc": [47, 43, 44, 36, 52, 54, 46, 35, 39, 52], "hlc": [921593, 3]}
INFO:<Node 6>:{"send": false, "recv": true, "to": 6, "from": 4, "vc": [47, 39, 43, 36, 50, 47, 48, 35, 36, 50], "hlc": [921593, 0]}
INFO:<Node 7>:{"send": false, "recv": true, "to": 7, "from": 6, "vc": [47, 38, 42, 34, 48, 47, 47, 37, 30, 46], "hlc": [921592, 7]}
INFO:<Node 0>:{"send": true, "recv": false, "from": 0, "to": 4, "vc": [52, 42, 49, 38, 41, 48, 44, 36, 30, 44], "hlc": [921594, 1]}
INFO:<Node 1>:{"send": true, "recv": false, "from": 1, "to": 9, "vc": [41, 45, 36, 28, 32, 48, 31, 26, 24, 35], "hlc": [921594, 0]}
INFO:<Node 3>:{"send": true, "recv": false, "from": 3, "to": 2, "vc": [31, 24, 40, 39, 27, 40, 26, 19, 20, 25], "hlc": [921593, 0]}
INFO:<Node 5>:{"send": true, "recv": false, "from": 5, "to": 3, "vc": [47, 39, 44, 36, 48, 55, 46, 35, 39, 48], "hlc": [921592, 9]}
INFO:<Node 7>:{"send": true, "recv": false, "from": 7, "to": 8, "vc": [47, 38, 42, 34, 48, 47, 47, 38, 30, 46], "hlc": [921592, 8]}
INFO:<Node 8>:{"send": true, "recv": false, "from": 8, "to": 3, "vc": [45, 39, 44, 36, 45, 51, 37, 26, 40, 48], "hlc": [921591, 11]}
INFO:<Node 9>:{"send": true, "recv": false, "from": 9, "to": 7, "vc": [45, 43, 43, 36, 45, 48, 37, 26, 36, 53], "hlc": [921593, 3]}
INFO:<Node 2>:{"send": false, "recv": true, "to": 2, "from": 3, "vc": [50, 44, 52, 39, 41, 48, 44, 36, 30, 44], "hlc": [921593, 4]}
INFO:<Node 3>:{"send": false, "recv": true, "to": 3, "from": 5, "vc": [47, 39, 44, 40, 48, 55, 46, 35, 39, 48], "hlc": [921594, 0]}
INFO:<Node 3>:{"send": false, "recv": true, "to": 3, "from": 8, "vc": [47, 39, 44, 41, 48, 55, 46, 35, 40, 48], "hlc": [921594, 1]}
INFO:<Node 4>:{"send": false, "recv": true, "to": 4, "from": 0, "vc": [52, 43, 49, 38, 53, 54, 46, 36, 39, 52], "hlc": [921594, 2]}
INFO:<Node 7>:{"send": false, "recv": true, "to": 7, "from": 9, "vc": [47, 43, 43, 36, 48, 48, 47, 39, 36, 53], "hlc": [921593, 4]}
INFO:<Node 8>:{"send": false, "recv": true, "to": 8, "from": 7, "vc": [47, 39, 44, 36, 48, 51, 47, 38, 41, 48], "hlc": [921592, 9]}
INFO:<Node 9>:{"send": false, "recv": true, "to": 9, "from": 1, "vc": [45, 45, 43, 36, 45, 48, 37, 26, 36, 54], "hlc": [921594, 1]}
INFO:<Node 0>:{"send": true, "recv": false, "from": 0, "to": 7, "vc": [53, 42, 49, 38, 41, 48, 44, 36, 30, 44], "hlc": [921594, 2]}
INFO:<Node 1>:{"send": true, "recv": false, "from": 1, "to": 6, "vc": [41, 46, 36, 28, 32, 48, 31, 26, 24, 35], "hlc": [921594, 1]}
INFO:<Node 2>:{"send": true, "recv": false, "from": 2, "to": 0, "vc": [50, 44, 53, 39, 41, 48, 44, 36, 30, 44], "hlc": [921593, 5]}
INFO:<Node 3>:{"send": true, "recv": false, "from": 3, "to": 6, "vc": [47, 39, 44, 42, 48, 55, 46, 35, 40, 48], "hlc": [921594, 2]}
INFO:<Node 4>:{"send": true, "recv": false, "from": 4, "to": 7, "vc": [52, 43, 49, 38, 54, 54, 46, 36, 39, 52], "hlc": [921594, 3]}
INFO:<Node 5>:{"send": true, "recv": false, "from": 5, "to": 8, "vc": [47, 39, 44, 36, 48, 56, 46, 35, 39, 48], "hlc": [921592, 10]}
INFO:<Node 7>:{"send": true, "recv": false, "from": 7, "to": 3, "vc": [47, 43, 43, 36, 48, 48, 47, 40, 36, 53], "hlc": [921593, 5]}
INFO:<Node 8>:{"send": true, "recv": false, "from": 8, "to": 2, "vc": [47, 39, 44, 36, 48, 51, 47, 38, 42, 48], "hlc": [921592, 10]}
INFO:<Node 0>:{"send": false, "recv": true, "to": 0, "from": 2, "vc": [54, 44, 53, 39, 41, 48, 44, 36, 30, 44], "hlc": [921595, 0]}
INFO:<Node 2>:{"send": false, "recv": true, "to": 2, "from": 8, "vc": [50, 44, 54, 39, 48, 51, 47, 38, 42, 48], "hlc": [921593, 6]}
INFO:<Node 3>:{"send": false, "recv": true, "to": 3, "from": 7, "vc": [47, 43, 44, 43, 48, 55, 47, 40, 40, 53], "hlc": [921594, 3]}
INFO:<Node 6>:{"send": false, "recv": true, "to": 6, "from": 1, "vc": [47, 46, 43, 36, 50, 48, 49, 35, 36, 50], "hlc": [921594, 2]}
INFO:<Node 6>:{"send": false, "recv": true, "to": 6, "from": 3, "vc": [47, 46, 44, 42, 50, 55, 50, 35, 40, 50], "hlc": [921594, 3]}
INFO:<Node 7>:{"send": false, "recv": true, "to": 7, "from": 0, "vc": [53, 43, 49, 38, 48, 48, 47, 41, 36, 53], "hlc": [921594, 3]}
INFO:<Node 7>:{"send": false, "recv": true, "to": 7, "from": 4, "vc": [53, 43, 49, 38, 54, 54, 47, 42, 39, 53], "hlc": [921594, 4]}
INFO:<Node 8>:{"send": false, "recv": true, "to": 8, "from": 5, "vc": [47, 39, 44, 36, 48, 56, 47, 38, 43, 48], "hlc": [921592, 11]}
INFO:<Node 0>:{"send": true, "recv": false, "from": 0, "to": 7, "vc": [55, 44, 53, 39, 41, 48, 44, 36, 30, 44], "hlc": [921595, 1]}
INFO:<Node 2>:{"send": true, "recv": false, "from": 2, "to": 6, "vc": [50, 44, 55, 39, 48, 51, 47, 38, 42, 48], "hlc": [921593, 7]}
INFO:<Node 4>:{"send": true, "recv": false, "from": 4, "to": 3, "vc": [52, 43, 49, 38, 55, 54, 46, 36, 39, 52], "hlc": [921594, 4]}
INFO:<Node 5>:{"send": true, "recv": false, "from": 5, "to": 3, "vc": [47, 39, 44, 36, 48, 57, 46, 35, 39, 48], "hlc": [921592, 11]}
INFO:<Node 6>:{"send": true, "recv": false, "from": 6, "to": 9, "vc": [47, 46, 44, 42, 50, 55, 51, 35, 40, 50], "hlc": [921594, 4]}
INFO:<Node 7>:{"send": true, "recv": false, "from": 7, "to": 1, "vc": [53, 43, 49, 38, 54, 54, 47, 43, 39, 53], "hlc": [921594, 5]}
INFO:<Node 8>:{"send": true, "recv": false, "from": 8, "to": 7, "vc": [47, 39, 44, 36, 48, 56, 47, 38, 44, 48], "hlc": [921592, 12]}
INFO:<Node 9>:{"send": true, "recv": false, "from": 9, "to": 6, "vc": [45, 45, 43, 36, 45, 48, 37, 26, 36, 55], "hlc": [921594, 2]}
INFO:<Node 1>:{"send": false, "recv": true, "to": 1, "from": 7, "vc": [53, 47, 49, 38, 54, 54, 47, 43, 39, 53], "hlc": [921595, 0]}
INFO:<Node 3>:{"send": false, "recv": true, "to": 3, "from": 4, "vc": [52, 43, 49, 44, 55, 55, 47, 40, 40, 53], "hlc": [921595, 0]}
INFO:<Node 3>:{"send": false, "recv": true, "to": 3, "from": 5, "vc": [52, 43, 49, 45, 55, 57, 47, 40, 40, 53], "hlc": [921595, 1]}
INFO:<Node 6>:{"send": false, "recv": true, "to": 6, "from": 2, "vc": [50, 46, 55, 42, 50, 55, 52, 38, 42, 50], "hlc": [921594, 5]}
INFO:<Node 6>:{"send": false, "recv": true, "to": 6, "from": 9, "vc": [50, 46, 55, 42, 50, 55, 53, 38, 42, 55], "hlc": [921594, 6]}
INFO:<Node 7>:{"send": false, "recv": true, "to": 7, "from": 0, "vc": [55, 44, 53, 39, 54, 54, 47, 44, 39, 53], "hlc": [921595, 2]}
INFO:<Node 7>:{"send": false, "recv": true, "to": 7, "from": 8, "vc": [55, 44, 53, 39, 54, 56, 47, 45, 44, 53], "hlc": [921595, 3]}
INFO:<Node 9>:{"send": false, "recv": true, "to": 9, "from": 6, "vc": [47, 46, 44, 42, 50, 55, 51, 35, 40, 56], "hlc": [921594, 5]}
INFO:<Node 1>:{"send": true, "recv": false, "from": 1, "to": 7, "vc": [53, 48, 49, 38, 54, 54, 47, 43, 39, 53], "hlc": [921595, 1]}
INFO:<Node 3>:{"send": true, "recv": false, "from": 3, "to": 6, "vc": [52, 43, 49, 46, 55, 57, 47, 40, 40, 53], "hlc": [921595, 2]}
INFO:<Node 4>:{"send": true, "recv": false, "from": 4, "to": 2, "vc": [52, 43, 49, 38, 56, 54, 46, 36, 39, 52], "hlc": [921594, 5]}
INFO:<Node 9>:{"send": true, "recv": false, "from": 9, "to": 1, "vc": [47, 46, 44, 42, 50, 55, 51, 35, 40, 57], "hlc": [921594, 6]}
INFO:<Node 1>:{"send": false, "recv": true, "to": 1, "from": 9, "vc": [53, 49, 49, 42, 54, 55, 51, 43, 40, 57], "hlc": [921596, 0]}
INFO:<Node 2>:{"send": false, "recv": true, "to": 2, "from": 4, "vc": [52, 44, 56, 39, 56, 54, 47, 38, 42, 52], "hlc": [921594, 6]}
INFO:<Node 6>:{"send": false, "recv": true, "to": 6, "from": 3, "vc": [52, 46, 55, 46, 55, 57, 54, 40, 42, 55], "hlc": [921595, 3]}
INFO:<Node 7>:{"send": false, "recv": true, "to": 7, "from": 1, "vc": [55, 48, 53, 39, 54, 56, 47, 46, 44, 53], "hlc": [921595, 4]}
INFO:<Node 1>:{"send": true, "recv": false, "from": 1, "to": 8, "vc": [53, 50, 49, 42, 54, 55, 51, 43, 40, 57], "hlc": [921596, 1]}
INFO:<Node 2>:{"send": true, "recv": false, "from": 2, "to": 0, "vc": [52, 44, 57, 39, 56, 54, 47, 38, 42, 52], "hlc": [921594, 7]}
INFO:<Node 3>:{"send": true, "recv": false, "from": 3, "to": 0, "vc": [52, 43, 49, 47, 55, 57, 47, 40, 40, 53], "hlc": [921595, 3]}
INFO:<Node 5>:{"send": true, "recv": false, "from": 5, "to": 4, "vc": [47, 39, 44, 36, 48, 58, 46, 35, 39, 48], "hlc": [921593, 0]}
INFO:<Node 6>:{"send": true, "recv": false, "from": 6, "to": 1, "vc": [52, 46, 55, 46, 55, 57, 55, 40, 42, 55], "hlc": [921595, 4]}
INFO:<Node 8>:{"send": true, "recv": false, "from": 8, "to": 2, "vc": [47, 39, 44, 36, 48, 56, 47, 38, 45, 48], "hlc": [921592, 13]}
INFO:<Node 0>:{"send": false, "recv": true, "to": 0, "from": 2, "vc": [56, 44, 57, 39, 56, 54, 47, 38, 42, 52], "hlc": [921596, 0]}
INFO:<Node 0>:{"send": false, "recv": true, "to": 0, "from": 3, "vc": [57, 44, 57, 47, 56, 57, 47, 40, 42, 53], "hlc": [921596, 1]}
INFO:<Node 1>:{"send": false, "recv": true, "to": 1, "from": 6, "vc": [53, 51, 55, 46, 55, 57, 55, 43, 42, 57], "hlc": [921596, 2]}
INFO:<Node 2>:{"send": false, "recv": true, "to": 2, "from": 8, "vc": [52, 44, 58, 39, 56, 56, 47, 38, 45, 52], "hlc": [921594, 8]}
INFO:<Node 4>:{"send": false, "recv": true, "to": 4, "from": 5, "vc": [52, 43, 49, 38, 57, 58, 46, 36, 39, 52], "hlc": [921594, 6]}
INFO:<Node 8>:{"send": false, "recv": true, "to": 8, "from": 1, "vc": [53, 50, 49, 42, 54, 56, 51, 43, 46, 57], "hlc": [921596, 2]}
INFO:<Node 1>:{"send": true, "recv": false, "from": 1, "to": 0, "vc": [53, 52, 55, 46, 55, 57, 55, 43, 42, 57], "hlc": [921596, 3]}
INFO:<Node 2>:{"send": true, "recv": false, "from": 2, "to": 3, "vc": [52, 44, 59, 39, 56, 56, 47, 38, 45, 52], "hlc": [921594, 9]}
INFO:<Node 4>:{"send": true, "recv": false, "from": 4, "to": 3, "vc": [52, 43, 49, 38, 58, 58, 46, 36, 39, 52], "hlc": [921594, 7]}
INFO:<Node 5>:{"send": true, "recv": false, "from": 5, "to": 6, "vc": [47, 39, 44, 36, 48, 59, 46, 35, 39, 48], "hlc": [921594, 0]}
INFO:<Node 7>:{"send": true, "recv": false, "from": 7, "to": 9, "vc": [55, 48, 53, 39, 54, 56, 47, 47, 44, 53], "hlc": [921595, 5]}
INFO:<Node 8>:{"send": true, "recv": false, "from": 8, "to": 2, "vc": [53, 50, 49, 42, 54, 56, 51, 43, 47, 57], "hlc": [921596, 3]}
INFO:<Node 0>:{"send": false, "recv": true, "to": 0, "from": 1, "vc": [58, 52, 57, 47, 56, 57, 55, 43, 42, 57], "hlc": [921597, 0]}
INFO:<Node 2>:{"send": false, "recv": true, "to": 2, "from": 8, "vc": [53, 50, 60, 42, 56, 56, 51, 43, 47, 57], "hlc": [921596, 4]}
INFO:<Node 3>:{"send": false, "recv": true, "to": 3, "from": 2, "vc": [52, 44, 59, 48, 56, 57, 47, 40, 45, 53], "hlc": [921596, 0]}
INFO:<Node 3>:{"send": false, "recv": true, "to": 3, "from": 4, "vc": [52, 44, 59, 49, 58, 58, 47, 40, 45, 53], "hlc": [921596, 1]}
INFO:<Node 6>:{"send": false, "recv": true, "to": 6, "from": 5, "vc": [52, 46, 55, 46, 55, 59, 56, 40, 42, 55], "hlc": [921596, 0]}
INFO:<Node 9>:{"send": false, "recv": true, "to": 9, "from": 7, "vc": [55, 48, 53, 42, 54, 56, 51, 47, 44, 58], "hlc": [921595, 6]}
INFO:<Node 0>:{"send": true, "recv": false, "from": 0, "to": 6, "vc": [59, 52, 57, 47, 56, 57, 55, 43, 42, 57], "hlc": [921597, 1]}
INFO:<Node 1>:{"send": true, "recv": false, "from": 1, "to": 7, "vc": [53, 53, 55, 46, 55, 57, 55, 43, 42, 57], "hlc": [921597, 0]}
INFO:<Node 3>:{"send": true, "recv": false, "from": 3, "to": 4, "vc": [52, 44, 59, 50, 58, 58, 47, 40, 45, 53], "hlc": [921596, 2]}
INFO:<Node 6>:{"send": true, "recv": false, "from": 6, "to": 0, "vc": [52, 46, 55, 46, 55, 59, 57, 40, 42, 55], "hlc": [921596, 1]}
INFO:<Node 7>:{"send": true, "recv": false, "from": 7, "to": 2, "vc": [55, 48, 53, 39, 54, 56, 47, 48, 44, 53], "hlc": [921595, 6]}
INFO:<Node 0>:{"send": false, "recv": true, "to": 0, "from": 6, "vc": [60, 52, 57, 47, 56, 59, 57, 43, 42, 57], "hlc": [921597, 2]}
INFO:<Node 2>:{"send": false, "recv": true, "to": 2, "from": 7, "vc": [55, 50, 61, 42, 56, 56, 51, 48, 47, 57], "hlc": [921596, 5]}
INFO:<Node 4>:{"send": false, "recv": true, "to": 4, "from": 3, "vc": [52, 44, 59, 50, 59, 58, 47, 40, 45, 53], "hlc": [921596, 3]}
INFO:<Node 6>:{"send": false, "recv": true, "to": 6, "from": 0, "vc": [59, 52, 57, 47, 56, 59, 58, 43, 42, 57], "hlc": [921597, 2]}
INFO:<Node 7>:{"send": false, "recv": true, "to": 7, "from": 1, "vc": [55, 53, 55, 46, 55, 57, 55, 49, 44, 57], "hlc": [921597, 1]}
INFO:<Node 1>:{"send": true, "recv": false, "from": 1, "to": 6, "vc": [53, 54, 55, 46, 55, 57, 55, 43, 42, 57], "hlc": [921597, 1]}
INFO:<Node 2>:{"send": true, "recv": false, "from": 2, "to": 4, "vc": [55, 50, 62, 42, 56, 56, 51, 48, 47, 57], "hlc": [921596, 6]}
INFO:<Node 4>:{"send": true, "recv": false, "from": 4, "to": 3, "vc": [52, 44, 59, 50, 60, 58, 47, 40, 45, 53], "hlc": [921596, 4]}
INFO:<Node 7>:{"send": true, "recv": false, "from": 7, "to": 1, "vc": [55, 53, 55, 46, 55, 57, 55, 50, 44, 57], "hlc": [921597, 2]}
INFO:<Node 8>:{"send": true, "recv": false, "from": 8, "to": 3, "vc": [53, 50, 49, 42, 54, 56, 51, 43, 48, 57], "hlc": [921596, 4]}
INFO:<Node 1>:{"send": false, "recv": true, "to": 1, "from": 7, "vc": [55, 55, 55, 46, 55, 57, 55, 50, 44, 57], "hlc": [921598, 0]}
INFO:<Node 3>:{"send": false, "recv": true, "to": 3, "from": 4, "vc": [52, 44, 59, 51, 60, 58, 47, 40, 45, 53], "hlc": [921597, 0]}
INFO:<Node 3>:{"send": false, "recv": true, "to": 3, "from": 8, "vc": [53, 50, 59, 52, 60, 58, 51, 43, 48, 57], "hlc": [921597, 1]}
INFO:<Node 4>:{"send": false, "recv": true, "to": 4, "from": 2, "vc": [55, 50, 62, 50, 61, 58, 51, 48, 47, 57], "hlc": [921596, 7]}
INFO:<Node 6>:{"send": false, "recv": true, "to": 6, "from": 1, "vc": [59, 54, 57, 47, 56, 59, 59, 43, 42, 57], "hlc": [921597, 3]}
INFO:<Node 0>:{"send": true, "recv": false, "from": 0, "to": 6, "vc": [61, 52, 57, 47, 56, 59, 57, 43, 42, 57], "hlc": [921598, 0]}
INFO:<Node 1>:{"send": true, "recv": false, "from": 1, "to": 7, "vc": [55, 56, 55, 46, 55, 57, 55, 50, 44, 57], "hlc": [921598, 1]}
INFO:<Node 4>:{"send": true, "recv": false, "from": 4, "to": 0, "vc": [55, 50, 62, 50, 62, 58, 51, 48, 47, 57], "hlc": [921596, 8]}
INFO:<Node 6>:{"send": true, "recv": false, "from": 6, "to": 5, "vc": [59, 54, 57, 47, 56, 59, 60, 43, 42, 57], "hlc": [921597, 4]}
INFO:<Node 7>:{"send": true, "recv": false, "from": 7, "to": 1, "vc": [55, 53, 55, 46, 55, 57, 55, 51, 44, 57], "hlc": [921597, 3]}
INFO:<Node 8>:{"send": true, "recv": false, "from": 8, "to": 5, "vc": [53, 50, 49, 42, 54, 56, 51, 43, 49, 57], "hlc": [921596, 5]}
INFO:<Node 9>:{"send": true, "recv": false, "from": 9, "to": 4, "vc": [55, 48, 53, 42, 54, 56, 51, 47, 44, 59], "hlc": [921595, 7]}
INFO:<Node 0>:{"send": false, "recv": true, "to": 0, "from": 4, "vc": [62, 52, 62, 50, 62, 59, 57, 48, 47, 57], "hlc": [921598, 1]}
INFO:<Node 1>:{"send": false, "recv": true, "to": 1, "from": 7, "vc": [55, 57, 55, 46, 55, 57, 55, 51, 44, 57], "hlc": [921598, 2]}
INFO:<Node 4>:{"send": false, "recv": true, "to": 4, "from": 9, "vc": [55, 50, 62, 50, 63, 58, 51, 48, 47, 59], "hlc": [921596, 9]}
INFO:<Node 5>:{"send": false, "recv": true, "to": 5, "from": 6, "vc": [59, 54, 57, 47, 56, 60, 60, 43, 42, 57], "hlc": [921597, 5]}
INFO:<Node 5>:{"send": false, "recv": true, "to": 5, "from": 8, "vc": [59, 54, 57, 47, 56, 61, 60, 43, 49, 57], "hlc": [921597, 6]}
INFO:<Node 6>:{"send": false, "recv": true, "to": 6, "from": 0, "vc": [61, 54, 57, 47, 56, 59, 61, 43, 42, 57], "hlc": [921598, 1]}
INFO:<Node 7>:{"send": false, "recv": true, "to": 7, "from": 1, "vc": [55, 56, 55, 46, 55, 57, 55, 52, 44, 57], "hlc": [921598, 2]}
INFO:<Node 0>:{"send": true, "recv": false, "from": 0, "to": 3, "vc": [63, 52, 62, 50, 62, 59, 57, 48, 47, 57], "hlc": [921598, 2]}
INFO:<Node 3>:{"send": true, "recv": false, "from": 3, "to": 5, "vc": [53, 50, 59, 53, 60, 58, 51, 43, 48, 57], "hlc": [921598, 0]}
INFO:<Node 4>:{"send": true, "recv": false, "from": 4, "to": 8, "vc": [55, 50, 62, 50, 64, 58, 51, 48, 47, 59], "hlc": [921596, 10]}
INFO:<Node 5>:{"send": true, "recv": false, "from": 5, "to": 6, "vc": [59, 54, 57, 47, 56, 62, 60, 43, 49, 57], "hlc": [921597, 7]}
INFO:<Node 6>:{"send": true, "recv": false, "from": 6, "to": 2, "vc": [61, 54, 57, 47, 56, 59, 62, 43, 42, 57], "hlc": [921598, 2]}
INFO:<Node 8>:{"send": true, "recv": false, "from": 8, "to": 1, "vc": [53, 50, 49, 42, 54, 56, 51, 43, 50, 57], "hlc": [921596, 6]}
INFO:<Node 1>:{"send": false, "recv": true, "to": 1, "from": 8, "vc": [55, 58, 55, 46, 55, 57, 55, 51, 50, 57], "hlc": [921599, 0]}
INFO:<Node 2>:{"send": false, "recv": true, "to": 2, "from": 6, "vc": [61, 54, 63, 47, 56, 59, 62, 48, 47, 57], "hlc": [921598, 3]}
INFO:<Node 3>:{"send": false, "recv": true, "to": 3, "from": 0, "vc": [63, 52, 62, 54, 62, 59, 57, 48, 48, 57], "hlc": [921598, 3]}
INFO:<Node 5>:{"send": false, "recv": true, "to": 5, "from": 3, "vc": [59, 54, 59, 53, 60, 63, 60, 43, 49, 57], "hlc": [921598, 1]}
INFO:<Node 6>:{"send": false, "recv": true, "to": 6, "from": 5, "vc": [61, 54, 57, 47, 56, 62, 63, 43, 49, 57], "hlc": [921598, 3]}
INFO:<Node 8>:{"send": false, "recv": true, "to": 8, "from": 4, "vc": [55, 50, 62, 50, 64, 58, 51, 48, 51, 59], "hlc": [921596, 11]}
INFO:<Node 0>:{"send": true, "recv": false, "from": 0, "to": 4, "vc": [64, 52, 62, 50, 62, 59, 57, 48, 47, 57], "hlc": [921599, 0]}
INFO:<Node 6>:{"send": true, "recv": false, "from": 6, "to": 9, "vc": [61, 54, 57, 47, 56, 62, 64, 43, 49, 57], "hlc": [921598, 4]}
INFO:<Node 7>:{"send": true, "recv": false, "from": 7, "to": 9, "vc": [55, 56, 55, 46, 55, 57, 55, 53, 44, 57], "hlc": [921598, 3]}
INFO:<Node 8>:{"send": true, "recv": false, "from": 8, "to": 1, "vc": [55, 50, 62, 50, 64, 58, 51, 48, 52, 59], "hlc": [921596, 12]}
INFO:<Node 9>:{"send": true, "recv": false, "from": 9, "to": 5, "vc": [55, 48, 53, 42, 54, 56, 51, 47, 44, 60], "hlc": [921596, 0]}
INFO:<Node 1>:{"send": false, "recv": true, "to": 1, "from": 8, "vc": [55, 59, 62, 50, 64, 58, 55, 51, 52, 59], "hlc": [921599, 1]}
INFO:<Node 4>:{"send": false, "recv": true, "to": 4, "from": 0, "vc": [64, 52, 62, 50, 65, 59, 57, 48, 47, 59], "hlc": [921599, 1]}
INFO:<Node 5>:{"send": false, "recv": true, "to": 5, "from": 9, "vc": [59, 54, 59, 53, 60, 64, 60, 47, 49, 60], "hlc": [921598, 2]}
INFO:<Node 9>:{"send": false, "recv": true, "to": 9, "from": 6, "vc": [61, 54, 57, 47, 56, 62, 64, 47, 49, 61], "hlc": [921598, 5]}
INFO:<Node 9>:{"send": false, "recv": true, "to": 9, "from": 7, "vc": [61, 56, 57, 47, 56, 62, 64, 53, 49, 62], "hlc": [921598, 6]}
INFO:<Node 0>:{"send": true, "recv": false, "from": 0, "to": 6, "vc": [65, 52, 62, 50, 62, 59, 57, 48, 47, 57], "hlc": [921599, 1]}
INFO:<Node 2>:{"send": true, "recv": false, "from": 2, "to": 8, "vc": [61, 54, 64, 47, 56, 59, 62, 48, 47, 57], "hlc": [921598, 4]}
INFO:<Node 3>:{"send": true, "recv": false, "from": 3, "to": 7, "vc": [63, 52, 62, 55, 62, 59, 57, 48, 48, 57], "hlc": [921599, 0]}
INFO:<Node 4>:{"send": true, "recv": false, "from": 4, "to": 0, "vc": [64, 52, 62, 50, 66, 59, 57, 48, 47, 59], "hlc": [921599, 2]}
INFO:<Node 7>:{"send": true, "recv": false, "from": 7, "to": 8, "vc": [55, 56, 55, 46, 55, 57, 55, 54, 44, 57], "hlc": [921598, 4]}
INFO:<Node 0>:{"send": false, "recv": true, "to": 0, "from": 4, "vc": [66, 52, 62, 50, 66, 59, 57, 48, 47, 59], "hlc": [921600, 0]}
INFO:<Node 6>:{"send": false, "recv": true, "to": 6, "from": 0, "vc": [65, 54, 62, 50, 62, 62, 65, 48, 49, 57], "hlc": [921599, 2]}
INFO:<Node 7>:{"send": false, "recv": true, "to": 7, "from": 3, "vc": [63, 56, 62, 55, 62, 59, 57, 55, 48, 57], "hlc": [921599, 1]}
INFO:<Node 8>:{"send": false, "recv": true, "to": 8, "from": 2, "vc": [61, 54, 64, 50, 64, 59, 62, 48, 53, 59], "hlc": [921598, 5]}
INFO:<Node 8>:{"send": false, "recv": true, "to": 8, "from": 7, "vc": [61, 56, 64, 50, 64, 59, 62, 54, 54, 59], "hlc": [921598, 6]}
