INFO:root:Random workload: num sockets: 10, num iterations: 50, base address: 46200, chance of send: 3 in 5, round delay (s): 0.5, max clock drift (s): 1.5, actual clock drifts: [0.9844119936242701, -0.3253897982147236, -0.7398761332373782, -1.3871282076514375, 0.6690023723315957, -0.08691047857118805, -1.1281663211860837, 0.6054817745562033, -0.4697194116465986, 1.1854482722199564]
INFO:<Node 2>:{"send": true, "recv": false, "from": 2, "to": 4, "vc": [0, 0, 1, 0, 0, 0, 0, 0, 0, 0], "hlc": [921207, 1]}
INFO:<Node 3>:{"send": true, "recv": false, "from": 3, "to": 2, "vc": [0, 0, 0, 1, 0, 0, 0, 0, 0, 0], "hlc": [921207, 1]}
INFO:<Node 4>:{"send": true, "recv": false, "from": 4, "to": 1, "vc": [0, 0, 0, 0, 1, 0, 0, 0, 0, 0], "hlc": [921208, 0]}
INFO:<Node 5>:{"send": true, "recv": false, "from": 5, "to": 2, "vc": [0, 0, 0, 0, 0, 1, 0, 0, 0, 0], "hlc": [921207, 1]}
INFO:<Node 6>:{"send": true, "recv": false, "from": 6, "to": 4, "vc": [0, 0, 0, 0, 0, 0, 1, 0, 0, 0], "hlc": [921207, 1]}
INFO:<Node 9>:{"send": true, "recv": false, "from": 9, "to": 0, "vc": [0, 0, 0, 0, 0, 0, 0, 0, 0, 1], "hlc": [921208, 0]}
INFO:<Node 0>:{"send": false, "recv": true, "to": 0, "from": 9, "vc": [1, 0, 0, 0, 0, 0, 0, 0, 0, 1], "hlc": [921208, 1]}
INFO:<Node 1>:{"send": false, "recv": true, "to": 1, "from": 4, "vc": [0, 1, 0, 0, 1, 0, 0, 0, 0, 0], "hlc": [921208, 1]}
INFO:<Node 2>:{"send": false, "recv": true, "to": 2, "from": 3, "vc": [0, 0, 2, 1, 0, 0, 0, 0, 0, 0], "hlc": [921207, 2]}
INFO:<Node 2>:{"send": false, "recv": true, "to": 2, "from": 5, "vc": [0, 0, 3, 1, 0, 1, 0, 0, 0, 0], "hlc": [921207, 3]}
INFO:<Node 4>:{"send": false, "recv": true, "to": 4, "from": 2, "vc": [0, 0, 1, 0, 2, 0, 0, 0, 0, 0], "hlc": [921208, 1]}
INFO:<Node 4>:{"send": false, "recv": true, "to": 4, "from": 6, "vc": [0, 0, 1, 0, 3, 0, 1, 0, 0, 0], "hlc": [921208, 2]}
INFO:<Node 1>:{"send": true, "recv": false, "from": 1, "to": 2, "vc": [0, 2, 0, 0, 1, 0, 0, 0, 0, 0], "hlc": [921208, 2]}
INFO:<Node 5>:{"send": true, "recv": false, "from": 5, "to": 6, "vc": [0, 0, 0, 0, 0, 2, 0, 0, 0, 0], "hlc": [921207, 2]}
INFO:<Node 6>:{"send": true, "recv": false, "from": 6, "to": 1, "vc": [0, 0, 0, 0, 0, 0, 2, 0, 0, 0], "hlc": [921207, 2]}
INFO:<Node 7>:{"send": true, "recv": false, "from": 7, "to": 5, "vc": [0, 0, 0, 0, 0, 0, 0, 1, 0, 0], "hlc": [921208, 0]}
INFO:<Node 8>:{"send": true, "recv": false, "from": 8, "to": 0, "vc": [0, 0, 0, 0, 0, 0, 0, 0, 1, 0], "hlc": [921207, 1]}
INFO:<Node 0>:{"send": false, "recv": true, "to": 0, "from": 8, "vc": [2, 0, 0, 0, 0, 0, 0, 0, 1, 1], "hlc": [921209, 0]}
INFO:<Node 1>:{"send": false, "recv": true, "to": 1, "from": 6, "vc": [0, 3, 0, 0, 1, 0, 2, 0, 0, 0], "hlc": [921208, 3]}
INFO:<Node 2>:{"send": false, "recv": true, "to": 2, "from": 1, "vc": [0, 2, 4, 1, 1, 1, 0, 0, 0, 0], "hlc": [921208, 3]}
INFO:<Node 5>:{"send": false, "recv": true, "to": 5, "from": 7, "vc": [0, 0, 0, 0, 0, 3, 0, 1, 0, 0], "hlc": [921208, 1]}
INFO:<Node 6>:{"send": false, "recv": true, "to": 6, "from": 5, "vc": [0, 0, 0, 0, 0, 2, 3, 0, 0, 0], "hlc": [921207, 3]}
INFO:<Node 0>:{"send": true, "recv": false, "from": 0, "to": 5, "vc": [3, 0, 0, 0, 0, 0, 0, 0, 1, 1], "hlc": [921209, 1]}
INFO:<Node 1>:{"send": true, "recv": false, "from": 1, "to": 6, "vc": [0, 4, 0, 0, 1, 0, 2, 0, 0, 0], "hlc": [921208, 4]}
INFO:<Node 3>:{"send": true, "recv": false, "from": 3, "to": 4, "vc": [0, 0, 0, 2, 0, 0, 0, 0, 0, 0], "hlc": [921207, 2]}
INFO:<Node 5>:{"send": true, "recv": false, "from": 5, "to": 4, "vc": [0, 0, 0, 0, 0, 4, 0, 1, 0, 0], "hlc": [921208, 2]}
INFO:<Node 7>:{"send": true, "recv": false, "from": 7, "to": 3, "vc": [0, 0, 0, 0, 0, 0, 0, 2, 0, 0], "hlc": [921209, 0]}
INFO:<Node 8>:{"send": true, "recv": false, "from": 8, "to": 9, "vc": [0, 0, 0, 0, 0, 0, 0, 0, 2, 0], "hlc": [921208, 0]}
INFO:<Node 9>:{"send": true, "recv": false, "from": 9, "to": 7, "vc": [0, 0, 0, 0, 0, 0, 0, 0, 0, 2], "hlc": [921209, 0]}
INFO:<Node 3>:{"send": false, "recv": true, "to": 3, "from": 7, "vc": [0, 0, 0, 3, 0, 0, 0, 2, 0, 0], "hlc": [921209, 1]}
INFO:<Node 4>:{"send": false, "recv": true, "to": 4, "from": 3, "vc": [0, 0, 1, 2, 4, 0, 1, 0, 0, 0], "hlc": [921209, 0]}
INFO:<Node 4>:{"send": false, "recv": true, "to": 4, "from": 5, "vc": [0, 0, 1, 2, 5, 4, 1, 1, 0, 0], "hlc": [921209, 1]}
INFO:<Node 5>:{"send": false, "recv": true, "to": 5, "from": 0, "vc": [3, 0, 0, 0, 0, 5, 0, 1, 1, 1], "hlc": [921209, 2]}
INFO:<Node 6>:{"send": false, "recv": true, "to": 6, "from": 1, "vc": [0, 4, 0, 0, 1, 2, 4, 0, 0, 0], "hlc": [921208, 5]}
INFO:<Node 7>:{"send": false, "recv": true, "to": 7, "from": 9, "vc": [0, 0, 0, 0, 0, 0, 0, 3, 0, 2], "hlc": [921209, 1]}
INFO:<Node 9>:{"send": false, "recv": true, "to": 9, "from": 8, "vc": [0, 0, 0, 0, 0, 0, 0, 0, 2, 3], "hlc": [921210, 0]}
INFO:<Node 2>:{"send": true, "recv": false, "from": 2, "to": 7, "vc": [0, 2, 5, 1, 1, 1, 0, 0, 0, 0], "hlc": [921208, 4]}
INFO:<Node 3>:{"send": true, "recv": false, "from": 3, "to": 4, "vc": [0, 0, 0, 4, 0, 0, 0, 2, 0, 0], "hlc": [921209, 2]}
INFO:<Node 4>:{"send": true, "recv": false, "from": 4, "to": 9, "vc": [0, 0, 1, 2, 6, 4, 1, 1, 0, 0], "hlc": [921209, 2]}
INFO:<Node 6>:{"send": true, "recv": false, "from": 6, "to": 9, "vc": [0, 4, 0, 0, 1, 2, 5, 0, 0, 0], "hlc": [921208, 6]}
INFO:<Node 9>:{"send": true, "recv": false, "from": 9, "to": 8, "vc": [0, 0, 0, 0, 0, 0, 0, 0, 2, 4], "hlc": [921210, 1]}
INFO:<Node 4>:{"send": false, "recv": true, "to": 4, "from": 3, "vc": [0, 0, 1, 4, 7, 4, 1, 2, 0, 0], "hlc": [921210, 0]}
INFO:<Node 7>:{"send": false, "recv": true, "to": 7, "from": 2, "vc": [0, 2, 5, 1, 1, 1, 0, 4, 0, 2], "hlc": [921210, 0]}
INFO:<Node 8>:{"send": false, "recv": true, "to": 8, "from": 9, "vc": [0, 0, 0, 0, 0, 0, 0, 0, 3, 4], "hlc": [921210, 2]}
INFO:<Node 9>:{"send": false, "recv": true, "to": 9, "from": 4, "vc": [0, 0, 1, 2, 6, 4, 1, 1, 2, 5], "hlc": [921210, 2]}
INFO:<Node 9>:{"send": false, "recv": true, "to": 9, "from": 6, "vc": [0, 4, 1, 2, 6, 4, 5, 1, 2, 6], "hlc": [921210, 3]}
INFO:<Node 0>:{"send": true, "recv": false, "from": 0, "to": 3, "vc": [4, 0, 0, 0, 0, 0, 0, 0, 1, 1], "hlc": [921210, 0]}
INFO:<Node 1>:{"send": true, "recv": false, "from": 1, "to": 3, "vc": [0, 5, 0, 0, 1, 0, 2, 0, 0, 0], "hlc": [921209, 0]}
INFO:<Node 8>:{"send": true, "recv": false, "from": 8, "to": 0, "vc": [0, 0, 0, 0, 0, 0, 0, 0, 4, 4], "hlc": [921210, 3]}
INFO:<Node 9>:{"send": true, "recv": false, "from": 9, "to": 2, "vc": [0, 4, 1, 2, 6, 4, 5, 1, 2, 7], "hlc": [921210, 4]}
INFO:<Node 0>:{"send": false, "recv": true, "to": 0, "from": 8, "vc": [5, 0, 0, 0, 0, 0, 0, 0, 4, 4], "hlc": [921210, 4]}
INFO:<Node 2>:{"send": false, "recv": true, "to": 2, "from": 9, "vc": [0, 4, 6, 2, 6, 4, 5, 1, 2, 7], "hlc": [921210, 5]}
INFO:<Node 3>:{"send": false, "recv": true, "to": 3, "from": 0, "vc": [4, 0, 0, 5, 0, 0, 0, 2, 1, 1], "hlc": [921210, 1]}
INFO:<Node 3>:{"send": false, "recv": true, "to": 3, "from": 1, "vc": [4, 5, 0, 6, 1, 0, 2, 2, 1, 1], "hlc": [921210, 2]}
INFO:<Node 0>:{"send": true, "recv": false, "from": 0, "to": 1, "vc": [6, 0, 0, 0, 0, 0, 0, 0, 4, 4], "hlc": [921210, 5]}
INFO:<Node 1>:{"send": true, "recv": false, "from": 1, "to": 6, "vc": [0, 6, 0, 0, 1, 0, 2, 0, 0, 0], "hlc": [921209, 1]}
INFO:<Node 3>:{"send": true, "recv": false, "from": 3, "to": 2, "vc": [4, 5, 0, 7, 1, 0, 2, 2, 1, 1], "hlc": [921210, 3]}
INFO:<Node 7>:{"send": true, "recv": false, "from": 7, "to": 8, "vc": [0, 2, 5, 1, 1, 1, 0, 5, 0, 2], "hlc": [921210, 1]}
INFO:<Node 8>:{"send": true, "recv": false, "from": 8, "to": 1, "vc": [0, 0, 0, 0, 0, 0, 0, 0, 5, 4], "hlc": [921210, 4]}
INFO:<Node 1>:{"send": false, "recv": true, "to": 1, "from": 0, "vc": [6, 7, 0, 0, 1, 0, 2, 0, 4, 4], "hlc": [921210, 6]}
INFO:<Node 1>:{"send": false, "recv": true, "to": 1, "from": 8, "vc": [6, 8, 0, 0, 1, 0, 2, 0, 5, 4], "hlc": [921210, 7]}
INFO:<Node 2>:{"send": false, "recv": true, "to": 2, "from": 3, "vc": [4, 5, 7, 7, 6, 4, 5, 2, 2, 7], "hlc": [921210, 6]}
INFO:<Node 6>:{"send": false, "recv": true, "to": 6, "from": 1, "vc": [0, 6, 0, 0, 1, 2, 6, 0, 0, 0], "hlc": [921209, 2]}
INFO:<Node 8>:{"send": false, "recv": true, "to": 8, "from": 7, "vc": [0, 2, 5, 1, 1, 1, 0, 5, 6, 4], "hlc": [921210, 5]}
INFO:<Node 0>:{"send": true, "recv": false, "from": 0, "to": 8, "vc": [7, 0, 0, 0, 0, 0, 0, 0, 4, 4], "hlc": [921211, 0]}
INFO:<Node 1>:{"send": true, "recv": false, "from": 1, "to": 6, "vc": [6, 9, 0, 0, 1, 0, 2, 0, 5, 4], "hlc": [921210, 8]}
INFO:<Node 2>:{"send": true, "recv": false, "from": 2, "to": 7, "vc": [4, 5, 8, 7, 6, 4, 5, 2, 2, 7], "hlc": [921210, 7]}
INFO:<Node 4>:{"send": true, "recv": false, "from": 4, "to": 8, "vc": [0, 0, 1, 4, 8, 4, 1, 2, 0, 0], "hlc": [921211, 0]}
INFO:<Node 5>:{"send": true, "recv": false, "from": 5, "to": 2, "vc": [3, 0, 0, 0, 0, 6, 0, 1, 1, 1], "hlc": [921210, 0]}
INFO:<Node 8>:{"send": true, "recv": false, "from": 8, "to": 4, "vc": [0, 2, 5, 1, 1, 1, 0, 5, 7, 4], "hlc": [921210, 6]}
INFO:<Node 2>:{"send": false, "recv": true, "to": 2, "from": 5, "vc": [4, 5, 9, 7, 6, 6, 5, 2, 2, 7], "hlc": [921210, 8]}
INFO:<Node 4>:{"send": false, "recv": true, "to": 4, "from": 8, "vc": [0, 2, 5, 4, 9, 4, 1, 5, 7, 4], "hlc": [921211, 1]}
INFO:<Node 6>:{"send": false, "recv": true, "to": 6, "from": 1, "vc": [6, 9, 0, 0, 1, 2, 7, 0, 5, 4], "hlc": [921210, 9]}
INFO:<Node 7>:{"send": false, "recv": true, "to": 7, "from": 2, "vc": [4, 5, 8, 7, 6, 4, 5, 6, 2, 7], "hlc": [921211, 0]}
INFO:<Node 8>:{"send": false, "recv": true, "to": 8, "from": 0, "vc": [7, 2, 5, 1, 1, 1, 0, 5, 8, 4], "hlc": [921211, 1]}
INFO:<Node 8>:{"send": false, "recv": true, "to": 8, "from": 4, "vc": [7, 2, 5, 4, 8, 4, 1, 5, 9, 4], "hlc": [921211, 2]}
INFO:<Node 0>:{"send": true, "recv": false, "from": 0, "to": 5, "vc": [8, 0, 0, 0, 0, 0, 0, 0, 4, 4], "hlc": [921211, 1]}
INFO:<Node 1>:{"send": true, "recv": false, "from": 1, "to": 5, "vc": [6, 10, 0, 0, 1, 0, 2, 0, 5, 4], "hlc": [921210, 9]}
INFO:<Node 4>:{"send": true, "recv": false, "from": 4, "to": 1, "vc": [0, 2, 5, 4, 10, 4, 1, 5, 7, 4], "hlc": [921211, 2]}
INFO:<Node 6>:{"send": true, "recv": false, "from": 6, "to": 0, "vc": [6, 9, 0, 0, 1, 2, 8, 0, 5, 4], "hlc": [921210, 10]}
INFO:<Node 7>:{"send": true, "recv": false, "from": 7, "to": 0, "vc": [4, 5, 8, 7, 6, 4, 5, 7, 2, 7], "hlc": [921211, 1]}
INFO:<Node 9>:{"send": true, "recv": false, "from": 9, "to": 3, "vc": [0, 4, 1, 2, 6, 4, 5, 1, 2, 8], "hlc": [921212, 0]}
INFO:<Node 0>:{"send": false, "recv": true, "to": 0, "from": 6, "vc": [9, 9, 0, 0, 1, 2, 8, 0, 5, 4], "hlc": [921212, 0]}
INFO:<Node 0>:{"send": false, "recv": true, "to": 0, "from": 7, "vc": [10, 9, 8, 7, 6, 4, 8, 7, 5, 7], "hlc": [921212, 1]}
INFO:<Node 1>:{"send": false, "recv": true, "to": 1, "from": 4, "vc": [6, 11, 5, 4, 10, 4, 2, 5, 7, 4], "hlc": [921211, 3]}
INFO:<Node 3>:{"send": false, "recv": true, "to": 3, "from": 9, "vc": [4, 5, 1, 8, 6, 4, 5, 2, 2, 8], "hlc": [921212, 1]}
INFO:<Node 5>:{"send": false, "recv": true, "to": 5, "from": 0, "vc": [8, 0, 0, 0, 0, 7, 0, 1, 4, 4], "hlc": [921211, 2]}
INFO:<Node 5>:{"send": false, "recv": true, "to": 5, "from": 1, "vc": [8, 10, 0, 0, 1, 8, 2, 1, 5, 4], "hlc": [921211, 3]}
INFO:<Node 0>:{"send": true, "recv": false, "from": 0, "to": 5, "vc": [11, 9, 8, 7, 6, 4, 8, 7, 5, 7], "hlc": [921212, 2]}
INFO:<Node 2>:{"send": true, "recv": false, "from": 2, "to": 1, "vc": [4, 5, 10, 7, 6, 6, 5, 2, 2, 7], "hlc": [921210, 9]}
INFO:<Node 3>:{"send": true, "recv": false, "from": 3, "to": 5, "vc": [4, 5, 1, 9, 6, 4, 5, 2, 2, 8], "hlc": [921212, 2]}
INFO:<Node 4>:{"send": true, "recv": false, "from": 4, "to": 3, "vc": [0, 2, 5, 4, 11, 4, 1, 5, 7, 4], "hlc": [921212, 0]}
INFO:<Node 5>:{"send": true, "recv": false, "from": 5, "to": 8, "vc": [8, 10, 0, 0, 1, 9, 2, 1, 5, 4], "hlc": [921211, 4]}
INFO:<Node 6>:{"send": true, "recv": false, "from": 6, "to": 3, "vc": [6, 9, 0, 0, 1, 2, 9, 0, 5, 4], "hlc": [921210, 11]}
INFO:<Node 7>:{"send": true, "recv": false, "from": 7, "to": 8, "vc": [4, 5, 8, 7, 6, 4, 5, 8, 2, 7], "hlc": [921212, 0]}
INFO:<Node 8>:{"send": true, "recv": false, "from": 8, "to": 6, "vc": [7, 2, 5, 4, 8, 4, 1, 5, 10, 4], "hlc": [921211, 3]}
INFO:<Node 1>:{"send": false, "recv": true, "to": 1, "from": 2, "vc": [6, 12, 10, 7, 10, 6, 5, 5, 7, 7], "hlc": [921211, 4]}
INFO:<Node 3>:{"send": false, "recv": true, "to": 3, "from": 4, "vc": [4, 5, 5, 10, 11, 4, 5, 5, 7, 8], "hlc": [921212, 3]}
INFO:<Node 3>:{"send": false, "recv": true, "to": 3, "from": 6, "vc": [6, 9, 5, 11, 11, 4, 9, 5, 7, 8], "hlc": [921212, 4]}
INFO:<Node 5>:{"send": false, "recv": true, "to": 5, "from": 0, "vc": [11, 10, 8, 7, 6, 10, 8, 7, 5, 7], "hlc": [921212, 3]}
INFO:<Node 5>:{"send": false, "recv": true, "to": 5, "from": 3, "vc": [11, 10, 8, 9, 6, 11, 8, 7, 5, 8], "hlc": [921212, 4]}
INFO:<Node 6>:{"send": false, "recv": true, "to": 6, "from": 8, "vc": [7, 9, 5, 4, 8, 4, 10, 5, 10, 4], "hlc": [921211, 4]}
INFO:<Node 8>:{"send": false, "recv": true, "to": 8, "from": 5, "vc": [8, 10, 5, 4, 8, 9, 2, 5, 11, 4], "hlc": [921211, 5]}
INFO:<Node 8>:{"send": false, "recv": true, "to": 8, "from": 7, "vc": [8, 10, 8, 7, 8, 9, 5, 8, 12, 7], "hlc": [921212, 1]}
INFO:<Node 1>:{"send": true, "recv": false, "from": 1, "to": 5, "vc": [6, 13, 10, 7, 10, 6, 5, 5, 7, 7], "hlc": [921211, 5]}
INFO:<Node 3>:{"send": true, "recv": false, "from": 3, "to": 0, "vc": [6, 9, 5, 12, 11, 4, 9, 5, 7, 8], "hlc": [921212, 5]}
INFO:<Node 4>:{"send": true, "recv": false, "from": 4, "to": 0, "vc": [0, 2, 5, 4, 12, 4, 1, 5, 7, 4], "hlc": [921212, 1]}
INFO:<Node 5>:{"send": true, "recv": false, "from": 5, "to": 8, "vc": [11, 10, 8, 9, 6, 12, 8, 7, 5, 8], "hlc": [921212, 5]}
INFO:<Node 7>:{"send": true, "recv": false, "from": 7, "to": 4, "vc": [4, 5, 8, 7, 6, 4, 5, 9, 2, 7], "hlc": [921212, 1]}
INFO:<Node 8>:{"send": true, "recv": false, "from": 8, "to": 3, "vc": [8, 10, 8, 7, 8, 9, 5, 8, 13, 7], "hlc": [921212, 2]}
INFO:<Node 0>:{"send": false, "recv": true, "to": 0, "from": 3, "vc": [12, 9, 8, 12, 11, 4, 9, 7, 7, 8], "hlc": [921213, 0]}
INFO:<Node 0>:{"send": false, "recv": true, "to": 0, "from": 4, "vc": [13, 9, 8, 12, 12, 4, 9, 7, 7, 8], "hlc": [921213, 1]}
INFO:<Node 3>:{"send": false, "recv": true, "to": 3, "from": 8, "vc": [8, 10, 8, 13, 11, 9, 9, 8, 13, 8], "hlc": [921212, 6]}
INFO:<Node 4>:{"send": false, "recv": true, "to": 4, "from": 7, "vc": [4, 5, 8, 7, 13, 4, 5, 9, 7, 7], "hlc": [921213, 0]}
INFO:<Node 5>:{"send": false, "recv": true, "to": 5, "from": 1, "vc": [11, 13, 10, 9, 10, 13, 8, 7, 7, 8], "hlc": [921212, 6]}
INFO:<Node 8>:{"send": false, "recv": true, "to": 8, "from": 5, "vc": [11, 10, 8, 9, 8, 12, 8, 8, 14, 8], "hlc": [921212, 6]}
INFO:<Node 1>:{"send": true, "recv": false, "from": 1, "to": 6, "vc": [6, 14, 10, 7, 10, 6, 5, 5, 7, 7], "hlc": [921212, 0]}
INFO:<Node 2>:{"send": true, "recv": false, "from": 2, "to": 8, "vc": [4, 5, 11, 7, 6, 6, 5, 2, 2, 7], "hlc": [921211, 0]}
INFO:<Node 4>:{"send": true, "recv": false, "from": 4, "to": 7, "vc": [4, 5, 8, 7, 14, 4, 5, 9, 7, 7], "hlc": [921213, 1]}
INFO:<Node 6>:{"send": true, "recv": false, "from": 6, "to": 9, "vc": [7, 9, 5, 4, 8, 4, 11, 5, 10, 4], "hlc": [921211, 5]}
INFO:<Node 8>:{"send": true, "recv": false, "from": 8, "to": 9, "vc": [11, 10, 8, 9, 8, 12, 8, 8, 15, 8], "hlc": [921212, 7]}
INFO:<Node 9>:{"send": true, "recv": false, "from": 9, "to": 5, "vc": [0, 4, 1, 2, 6, 4, 5, 1, 2, 9], "hlc": [921213, 0]}
INFO:<Node 5>:{"send": false, "recv": true, "to": 5, "from": 9, "vc": [11, 13, 10, 9, 10, 14, 8, 7, 7, 9], "hlc": [921213, 1]}
INFO:<Node 6>:{"send": false, "recv": true, "to": 6, "from": 1, "vc": [7, 14, 10, 7, 10, 6, 12, 5, 10, 7], "hlc": [921212, 1]}
INFO:<Node 7>:{"send": false, "recv": true, "to": 7, "from": 4, "vc": [4, 5, 8, 7, 14, 4, 5, 10, 7, 7], "hlc": [921213, 2]}
INFO:<Node 8>:{"send": false, "recv": true, "to": 8, "from": 2, "vc": [11, 10, 11, 9, 8, 12, 8, 8, 16, 8], "hlc": [921212, 8]}
INFO:<Node 9>:{"send": false, "recv": true, "to": 9, "from": 6, "vc": [7, 9, 5, 4, 8, 4, 11, 5, 10, 10], "hlc": [921214, 0]}
INFO:<Node 9>:{"send": false, "recv": true, "to": 9, "from": 8, "vc": [11, 10, 8, 9, 8, 12, 11, 8, 15, 11], "hlc": [921214, 1]}
INFO:<Node 0>:{"send": true, "recv": false, "from": 0, "to": 6, "vc": [14, 9, 8, 12, 12, 4, 9, 7, 7, 8], "hlc": [921214, 0]}
INFO:<Node 1>:{"send": true, "recv": false, "from": 1, "to": 4, "vc": [6, 15, 10, 7, 10, 6, 5, 5, 7, 7], "hlc": [921212, 1]}
INFO:<Node 4>:{"send": true, "recv": false, "from": 4, "to": 3, "vc": [4, 5, 8, 7, 15, 4, 5, 9, 7, 7], "hlc": [921213, 2]}
INFO:<Node 5>:{"send": true, "recv": false, "from": 5, "to": 1, "vc": [11, 13, 10, 9, 10, 15, 8, 7, 7, 9], "hlc": [921213, 2]}
INFO:<Node 7>:{"send": true, "recv": false, "from": 7, "to": 4, "vc": [4, 5, 8, 7, 14, 4, 5, 11, 7, 7], "hlc": [921213, 3]}
INFO:<Node 8>:{"send": true, "recv": false, "from": 8, "to": 3, "vc": [11, 10, 11, 9, 8, 12, 8, 8, 17, 8], "hlc": [921212, 9]}
INFO:<Node 9>:{"send": true, "recv": false, "from": 9, "to": 2, "vc": [11, 10, 8, 9, 8, 12, 11, 8, 15, 12], "hlc": [921214, 2]}
INFO:<Node 1>:{"send": false, "recv": true, "to": 1, "from": 5, "vc": [11, 16, 10, 9, 10, 15, 8, 7, 7, 9], "hlc": [921213, 3]}
INFO:<Node 2>:{"send": false, "recv": true, "to": 2, "from": 9, "vc": [11, 10, 12, 9, 8, 12, 11, 8, 15, 12], "hlc": [921214, 3]}
INFO:<Node 3>:{"send": false, "recv": true, "to": 3, "from": 4, "vc": [8, 10, 8, 14, 15, 9, 9, 9, 13, 8], "hlc": [921213, 3]}
INFO:<Node 3>:{"send": false, "recv": true, "to": 3, "from": 8, "vc": [11, 10, 11, 15, 15, 12, 9, 9, 17, 8], "hlc": [921213, 4]}
INFO:<Node 4>:{"send": false, "recv": true, "to": 4, "from": 1, "vc": [6, 15, 10, 7, 16, 6, 5, 9, 7, 7], "hlc": [921214, 0]}
INFO:<Node 4>:{"send": false, "recv": true, "to": 4, "from": 7, "vc": [6, 15, 10, 7, 17, 6, 5, 11, 7, 7], "hlc": [921214, 1]}
INFO:<Node 6>:{"send": false, "recv": true, "to": 6, "from": 0, "vc": [14, 14, 10, 12, 12, 6, 13, 7, 10, 8], "hlc": [921214, 1]}
INFO:<Node 0>:{"send": true, "recv": false, "from": 0, "to": 8, "vc": [15, 9, 8, 12, 12, 4, 9, 7, 7, 8], "hlc": [921214, 1]}
INFO:<Node 1>:{"send": true, "recv": false, "from": 1, "to": 8, "vc": [11, 17, 10, 9, 10, 15, 8, 7, 7, 9], "hlc": [921213, 4]}
INFO:<Node 3>:{"send": true, "recv": false, "from": 3, "to": 4, "vc": [11, 10, 11, 16, 15, 12, 9, 9, 17, 8], "hlc": [921213, 5]}
INFO:<Node 6>:{"send": true, "recv": false, "from": 6, "to": 9, "vc": [14, 14, 10, 12, 12, 6, 14, 7, 10, 8], "hlc": [921214, 2]}
INFO:<Node 7>:{"send": true, "recv": false, "from": 7, "to": 6, "vc": [4, 5, 8, 7, 14, 4, 5, 12, 7, 7], "hlc": [921214, 0]}
INFO:<Node 9>:{"send": true, "recv": false, "from": 9, "to": 7, "vc": [11, 10, 8, 9, 8, 12, 11, 8, 15, 13], "hlc": [921214, 3]}
INFO:<Node 4>:{"send": false, "recv": true, "to": 4, "from": 3, "vc": [11, 15, 11, 16, 18, 12, 9, 11, 17, 8], "hlc": [921214, 2]}
INFO:<Node 6>:{"send": false, "recv": true, "to": 6, "from": 7, "vc": [14, 14, 10, 12, 14, 6, 15, 12, 10, 8], "hlc": [921214, 3]}
INFO:<Node 7>:{"send": false, "recv": true, "to": 7, "from": 9, "vc": [11, 10, 8, 9, 14, 12, 11, 13, 15, 13], "hlc": [921214, 4]}
INFO:<Node 8>:{"send": false, "recv": true, "to": 8, "from": 0, "vc": [15, 10, 11, 12, 12, 12, 9, 8, 18, 8], "hlc": [921214, 2]}
INFO:<Node 8>:{"send": false, "recv": true, "to": 8, "from": 1, "vc": [15, 17, 11, 12, 12, 15, 9, 8, 19, 9], "hlc": [921214, 3]}
INFO:<Node 9>:{"send": false, "recv": true, "to": 9, "from": 6, "vc": [14, 14, 10, 12, 12, 12, 14, 8, 15, 14], "hlc": [921215, 0]}
INFO:<Node 0>:{"send": true, "recv": false, "from": 0, "to": 4, "vc": [16, 9, 8, 12, 12, 4, 9, 7, 7, 8], "hlc": [921215, 0]}
INFO:<Node 2>:{"send": true, "recv": false, "from": 2, "to": 6, "vc": [11, 10, 13, 9, 8, 12, 11, 8, 15, 12], "hlc": [921214, 4]}
INFO:<Node 5>:{"send": true, "recv": false, "from": 5, "to": 7, "vc": [11, 13, 10, 9, 10, 16, 8, 7, 7, 9], "hlc": [921213, 3]}
INFO:<Node 8>:{"send": true, "recv": false, "from": 8, "to": 6, "vc": [15, 17, 11, 12, 12, 15, 9, 8, 20, 9], "hlc": [921214, 4]}
INFO:<Node 4>:{"send": false, "recv": true, "to": 4, "from": 0, "vc": [16, 15, 11, 16, 19, 12, 9, 11, 17, 8], "hlc": [921215, 1]}
INFO:<Node 6>:{"send": false, "recv": true, "to": 6, "from": 2, "vc": [14, 14, 13, 12, 14, 12, 16, 12, 15, 12], "hlc": [921214, 5]}
INFO:<Node 6>:{"send": false, "recv": true, "to": 6, "from": 8, "vc": [15, 17, 13, 12, 14, 15, 17, 12, 20, 12], "hlc": [921214, 6]}
INFO:<Node 7>:{"send": false, "recv": true, "to": 7, "from": 5, "vc": [11, 13, 10, 9, 14, 16, 11, 14, 15, 13], "hlc": [921215, 0]}
INFO:<Node 0>:{"send": true, "recv": false, "from": 0, "to": 6, "vc": [17, 9, 8, 12, 12, 4, 9, 7, 7, 8], "hlc": [921215, 1]}
INFO:<Node 3>:{"send": true, "recv": false, "from": 3, "to": 1, "vc": [11, 10, 11, 17, 15, 12, 9, 9, 17, 8], "hlc": [921213, 6]}
INFO:<Node 4>:{"send": true, "recv": false, "from": 4, "to": 0, "vc": [16, 15, 11, 16, 20, 12, 9, 11, 17, 8], "hlc": [921215, 2]}
INFO:<Node 8>:{"send": true, "recv": false, "from": 8, "to": 3, "vc": [15, 17, 11, 12, 12, 15, 9, 8, 21, 9], "hlc": [921214, 5]}
INFO:<Node 9>:{"send": true, "recv": false, "from": 9, "to": 4, "vc": [14, 14, 10, 12, 12, 12, 14, 8, 15, 15], "hlc": [921215, 1]}
INFO:<Node 0>:{"send": false, "recv": true, "to": 0, "from": 4, "vc": [18, 15, 11, 16, 20, 12, 9, 11, 17, 8], "hlc": [921216, 0]}
INFO:<Node 1>:{"send": false, "recv": true, "to": 1, "from": 3, "vc": [11, 18, 11, 17, 15, 15, 9, 9, 17, 9], "hlc": [921214, 0]}
INFO:<Node 3>:{"send": false, "recv": true, "to": 3, "from": 8, "vc": [15, 17, 11, 18, 15, 15, 9, 9, 21, 9], "hlc": [921214, 6]}
INFO:<Node 4>:{"send": false, "recv": true, "to": 4, "from": 9, "vc": [16, 15, 11, 16, 21, 12, 14, 11, 17, 15], "hlc": [921215, 3]}
INFO:<Node 6>:{"send": false, "recv": true, "to": 6, "from": 0, "vc": [17, 17, 13, 12, 14, 15, 18, 12, 20, 12], "hlc": [921215, 2]}
INFO:<Node 1>:{"send": true, "recv": false, "from": 1, "to": 5, "vc": [11, 19, 11, 17, 15, 15, 9, 9, 17, 9], "hlc": [921214, 1]}
INFO:<Node 2>:{"send": true, "recv": false, "from": 2, "to": 4, "vc": [11, 10, 14, 9, 8, 12, 11, 8, 15, 12], "hlc": [921214, 5]}
INFO:<Node 3>:{"send": true, "recv": false, "from": 3, "to": 9, "vc": [15, 17, 11, 19, 15, 15, 9, 9, 21, 9], "hlc": [921214, 7]}
INFO:<Node 6>:{"send": true, "recv": false, "from": 6, "to": 2, "vc": [17, 17, 13, 12, 14, 15, 19, 12, 20, 12], "hlc": [921215, 3]}
INFO:<Node 7>:{"send": true, "recv": false, "from": 7, "to": 3, "vc": [11, 13, 10, 9, 14, 16, 11, 15, 15, 13], "hlc": [921215, 1]}
INFO:<Node 8>:{"send": true, "recv": false, "from": 8, "to": 3, "vc": [15, 17, 11, 12, 12, 15, 9, 8, 22, 9], "hlc": [921214, 6]}
INFO:<Node 2>:{"send": false, "recv": true, "to": 2, "from": 6, "vc": [17, 17, 15, 12, 14, 15, 19, 12, 20, 12], "hlc": [921215, 4]}
INFO:<Node 3>:{"send": false, "recv": true, "to": 3, "from": 7, "vc": [15, 17, 11, 20, 15, 16, 11, 15, 21, 13], "hlc": [921215, 2]}
INFO:<Node 3>:{"send": false, "recv": true, "to": 3, "from": 8, "vc": [15, 17, 11, 21, 15, 16, 11, 15, 22, 13], "hlc": [921215, 3]}
INFO:<Node 4>:{"send": false, "recv": true, "to": 4, "from": 2, "vc": [16, 15, 14, 16, 22, 12, 14, 11, 17, 15], "hlc": [921216, 0]}
INFO:<Node 5>:{"send": false, "recv": true, "to": 5, "from": 1, "vc": [11, 19, 11, 17, 15, 17, 9, 9, 17, 9], "hlc": [921215, 0]}
INFO:<Node 9>:{"send": false, "recv": true, "to": 9, "from": 3, "vc": [15, 17, 11, 19, 15, 15, 14, 9, 21, 16], "hlc": [921216, 0]}
INFO:<Node 0>:{"send": true, "recv": false, "from": 0, "to": 1, "vc": [19, 15, 11, 16, 20, 12, 9, 11, 17, 8], "hlc": [921216, 1]}
INFO:<Node 1>:{"send": true, "recv": false, "from": 1, "to": 9, "vc": [11, 20, 11, 17, 15, 15, 9, 9, 17, 9], "hlc": [921215, 0]}
INFO:<Node 2>:{"send": true, "recv": false, "from": 2, "to": 0, "vc": [17, 17, 16, 12, 14, 15, 19, 12, 20, 12], "hlc": [921215, 5]}
INFO:<Node 3>:{"send": true, "recv": false, "from": 3, "to": 7, "vc": [15, 17, 11, 22, 15, 16, 11, 15, 22, 13], "hlc": [921215, 4]}
INFO:<Node 8>:{"send": true, "recv": false, "from": 8, "to": 3, "vc": [15, 17, 11, 12, 12, 15, 9, 8, 23, 9], "hlc": [921215, 0]}
INFO:<Node 0>:{"send": false, "recv": true, "to": 0, "from": 2, "vc": [20, 17, 16, 16, 20, 15, 19, 12, 20, 12], "hlc": [921217, 0]}
INFO:<Node 1>:{"send": false, "recv": true, "to": 1, "from": 0, "vc": [19, 21, 11, 17, 20, 15, 9, 11, 17, 9], "hlc": [921216, 2]}
INFO:<Node 3>:{"send": false, "recv": true, "to": 3, "from": 8, "vc": [15, 17, 11, 23, 15, 16, 11, 15, 23, 13], "hlc": [921215, 5]}
INFO:<Node 7>:{"send": false, "recv": true, "to": 7, "from": 3, "vc": [15, 17, 11, 22, 15, 16, 11, 16, 22, 13], "hlc": [921216, 0]}
INFO:<Node 9>:{"send": false, "recv": true, "to": 9, "from": 1, "vc": [15, 20, 11, 19, 15, 15, 14, 9, 21, 17], "hlc": [921217, 0]}
INFO:<Node 0>:{"send": true, "recv": false, "from": 0, "to": 7, "vc": [21, 17, 16, 16, 20, 15, 19, 12, 20, 12], "hlc": [921217, 1]}
INFO:<Node 2>:{"send": true, "recv": false, "from": 2, "to": 9, "vc": [17, 17, 17, 12, 14, 15, 19, 12, 20, 12], "hlc": [921215, 6]}
INFO:<Node 3>:{"send": true, "recv": false, "from": 3, "to": 0, "vc": [15, 17, 11, 24, 15, 16, 11, 15, 23, 13], "hlc": [921215, 6]}
INFO:<Node 4>:{"send": true, "recv": false, "from": 4, "to": 6, "vc": [16, 15, 14, 16, 23, 12, 14, 11, 17, 15], "hlc": [921216, 1]}
INFO:<Node 6>:{"send": true, "recv": false, "from": 6, "to": 3, "vc": [17, 17, 13, 12, 14, 15, 20, 12, 20, 12], "hlc": [921215, 4]}
INFO:<Node 7>:{"send": true, "recv": false, "from": 7, "to": 3, "vc": [15, 17, 11, 22, 15, 16, 11, 17, 22, 13], "hlc": [921216, 1]}
INFO:<Node 9>:{"send": true, "recv": false, "from": 9, "to": 8, "vc": [15, 20, 11, 19, 15, 15, 14, 9, 21, 18], "hlc": [921217, 1]}
INFO:<Node 0>:{"send": false, "recv": true, "to": 0, "from": 3, "vc": [22, 17, 16, 24, 20, 16, 19, 15, 23, 13], "hlc": [921217, 2]}
INFO:<Node 3>:{"send": false, "recv": true, "to": 3, "from": 6, "vc": [17, 17, 13, 25, 15, 16, 20, 15, 23, 13], "hlc": [921215, 7]}
INFO:<Node 3>:{"send": false, "recv": true, "to": 3, "from": 7, "vc": [17, 17, 13, 26, 15, 16, 20, 17, 23, 13], "hlc": [921216, 2]}
INFO:<Node 6>:{"send": false, "recv": true, "to": 6, "from": 4, "vc": [17, 17, 14, 16, 23, 15, 21, 12, 20, 15], "hlc": [921216, 2]}
INFO:<Node 7>:{"send": false, "recv": true, "to": 7, "from": 0, "vc": [21, 17, 16, 22, 20, 16, 19, 18, 22, 13], "hlc": [921217, 2]}
INFO:<Node 8>:{"send": false, "recv": true, "to": 8, "from": 9, "vc": [15, 20, 11, 19, 15, 15, 14, 9, 24, 18], "hlc": [921217, 2]}
INFO:<Node 9>:{"send": false, "recv": true, "to": 9, "from": 2, "vc": [17, 20, 17, 19, 15, 15, 19, 12, 21, 19], "hlc": [921217, 2]}
INFO:<Node 0>:{"send": true, "recv": false, "from": 0, "to": 2, "vc": [23, 17, 16, 24, 20, 16, 19, 15, 23, 13], "hlc": [921217, 3]}
INFO:<Node 1>:{"send": true, "recv": false, "from": 1, "to": 8, "vc": [19, 22, 11, 17, 20, 15, 9, 11, 17, 9], "hlc": [921216, 3]}
INFO:<Node 2>:{"send": true, "recv": false, "from": 2, "to": 5, "vc": [17, 17, 18, 12, 14, 15, 19, 12, 20, 12], "hlc": [921215, 7]}
INFO:<Node 4>:{"send": true, "recv": false, "from": 4, "to": 0, "vc": [16, 15, 14, 16, 24, 12, 14, 11, 17, 15], "hlc": [921217, 0]}
INFO:<Node 5>:{"send": true, "recv": false, "from": 5, "to": 8, "vc": [11, 19, 11, 17, 15, 18, 9, 9, 17, 9], "hlc": [921216, 0]}
INFO:<Node 6>:{"send": true, "recv": false, "from": 6, "to": 2, "vc": [17, 17, 14, 16, 23, 15, 22, 12, 20, 15], "hlc": [921216, 3]}
INFO:<Node 7>:{"send": true, "recv": false, "from": 7, "to": 0, "vc": [21, 17, 16, 22, 20, 16, 19, 19, 22, 13], "hlc": [921217, 3]}
INFO:<Node 0>:{"send": false, "recv": true, "to": 0, "from": 4, "vc": [24, 17, 16, 24, 24, 16, 19, 15, 23, 15], "hlc": [921218, 0]}
INFO:<Node 0>:{"send": false, "recv": true, "to": 0, "from": 7, "vc": [25, 17, 16, 24, 24, 16, 19, 19, 23, 15], "hlc": [921218, 1]}
INFO:<Node 2>:{"send": false, "recv": true, "to": 2, "from": 0, "vc": [23, 17, 19, 24, 20, 16, 19, 15, 23, 13], "hlc": [921217, 4]}
INFO:<Node 2>:{"send": false, "recv": true, "to": 2, "from": 6, "vc": [23, 17, 20, 24, 23, 16, 22, 15, 23, 15], "hlc": [921217, 5]}
INFO:<Node 5>:{"send": false, "recv": true, "to": 5, "from": 2, "vc": [17, 19, 18, 17, 15, 19, 19, 12, 20, 12], "hlc": [921216, 1]}
INFO:<Node 8>:{"send": false, "recv": true, "to": 8, "from": 1, "vc": [19, 22, 11, 19, 20, 15, 14, 11, 25, 18], "hlc": [921217, 3]}
INFO:<Node 8>:{"send": false, "recv": true, "to": 8, "from": 5, "vc": [19, 22, 11, 19, 20, 18, 14, 11, 26, 18], "hlc": [921217, 4]}
INFO:<Node 0>:{"send": true, "recv": false, "from": 0, "to": 5, "vc": [26, 17, 16, 24, 24, 16, 19, 19, 23, 15], "hlc": [921218, 2]}
INFO:<Node 3>:{"send": true, "recv": false, "from": 3, "to": 2, "vc": [17, 17, 13, 27, 15, 16, 20, 17, 23, 13], "hlc": [921216, 3]}
INFO:<Node 4>:{"send": true, "recv": false, "from": 4, "to": 5, "vc": [16, 15, 14, 16, 25, 12, 14, 11, 17, 15], "hlc": [921217, 1]}
INFO:<Node 5>:{"send": true, "recv": false, "from": 5, "to": 9, "vc": [17, 19, 18, 17, 15, 20, 19, 12, 20, 12], "hlc": [921216, 2]}
INFO:<Node 7>:{"send": true, "recv": false, "from": 7, "to": 0, "vc": [21, 17, 16, 22, 20, 16, 19, 20, 22, 13], "hlc": [921217, 4]}
INFO:<Node 8>:{"send": true, "recv": false, "from": 8, "to": 3, "vc": [19, 22, 11, 19, 20, 18, 14, 11, 27, 18], "hlc": [921217, 5]}
INFO:<Node 9>:{"send": true, "recv": false, "from": 9, "to": 7, "vc": [17, 20, 17, 19, 15, 15, 19, 12, 21, 20], "hlc": [921218, 0]}
INFO:<Node 0>:{"send": false, "recv": true, "to": 0, "from": 7, "vc": [27, 17, 16, 24, 24, 16, 19, 20, 23, 15], "hlc": [921218, 3]}
INFO:<Node 2>:{"send": false, "recv": true, "to": 2, "from": 3, "vc": [23, 17, 21, 27, 23, 16, 22, 17, 23, 15], "hlc": [921217, 6]}
INFO:<Node 3>:{"send": false, "recv": true, "to": 3, "from": 8, "vc": [19, 22, 13, 28, 20, 18, 20, 17, 27, 18], "hlc": [921217, 6]}
INFO:<Node 5>:{"send": false, "recv": true, "to": 5, "from": 0, "vc": [26, 19, 18, 24, 24, 21, 19, 19, 23, 15], "hlc": [921218, 3]}
INFO:<Node 5>:{"send": false, "recv": true, "to": 5, "from": 4, "vc": [26, 19, 18, 24, 25, 22, 19, 19, 23, 15], "hlc": [921218, 4]}
INFO:<Node 7>:{"send": false, "recv": true, "to": 7, "from": 9, "vc": [21, 20, 17, 22, 20, 16, 19, 21, 22, 20], "hlc": [921218, 1]}
INFO:<Node 9>:{"send": false, "recv": true, "to": 9, "from": 5, "vc": [17, 20, 18, 19, 15, 20, 19, 12, 21, 21], "hlc": [921218, 1]}
INFO:<Node 0>:{"send": true, "recv": false, "from": 0, "to": 6, "vc": [28, 17, 16, 24, 24, 16, 19, 20, 23, 15], "hlc": [921218, 4]}
INFO:<Node 2>:{"send": true, "recv": false, "from": 2, "to": 0, "vc": [23, 17, 22, 27, 23, 16, 22, 17, 23, 15], "hlc": [921217, 7]}
INFO:<Node 3>:{"send": true, "recv": false, "from": 3, "to": 4, "vc": [19, 22, 13, 29, 20, 18, 20, 17, 27, 18], "hlc": [921217, 7]}
INFO:<Node 4>:{"send": true, "recv": false, "from": 4, "to": 1, "vc": [16, 15, 14, 16, 26, 12, 14, 11, 17, 15], "hlc": [921218, 0]}
INFO:<Node 5>:{"send": true, "recv": false, "from": 5, "to": 3, "vc": [26, 19, 18, 24, 25, 23, 19, 19, 23, 15], "hlc": [921218, 5]}
INFO:<Node 6>:{"send": true, "recv": false, "from": 6, "to": 8, "vc": [17, 17, 14, 16, 23, 15, 23, 12, 20, 15], "hlc": [921216, 4]}
INFO:<Node 9>:{"send": true, "recv": false, "from": 9, "to": 8, "vc": [17, 20, 18, 19, 15, 20, 19, 12, 21, 22], "hlc": [921218, 2]}
INFO:<Node 0>:{"send": false, "recv": true, "to": 0, "from": 2, "vc": [29, 17, 22, 27, 24, 16, 22, 20, 23, 15], "hlc": [921219, 0]}
INFO:<Node 1>:{"send": false, "recv": true, "to": 1, "from": 4, "vc": [19, 23, 14, 17, 26, 15, 14, 11, 17, 15], "hlc": [921218, 1]}
INFO:<Node 3>:{"send": false, "recv": true, "to": 3, "from": 5, "vc": [26, 22, 18, 30, 25, 23, 20, 19, 27, 18], "hlc": [921218, 6]}
INFO:<Node 4>:{"send": false, "recv": true, "to": 4, "from": 3, "vc": [19, 22, 14, 29, 27, 18, 20, 17, 27, 18], "hlc": [921218, 1]}
INFO:<Node 6>:{"send": false, "recv": true, "to": 6, "from": 0, "vc": [28, 17, 16, 24, 24, 16, 24, 20, 23, 15], "hlc": [921218, 5]}
INFO:<Node 8>:{"send": false, "recv": true, "to": 8, "from": 6, "vc": [19, 22, 14, 19, 23, 18, 23, 12, 28, 18], "hlc": [921217, 6]}
INFO:<Node 8>:{"send": false, "recv": true, "to": 8, "from": 9, "vc": [19, 22, 18, 19, 23, 20, 23, 12, 29, 22], "hlc": [921218, 3]}
INFO:<Node 0>:{"send": true, "recv": false, "from": 0, "to": 5, "vc": [30, 17, 22, 27, 24, 16, 22, 20, 23, 15], "hlc": [921219, 1]}
INFO:<Node 7>:{"send": true, "recv": false, "from": 7, "to": 5, "vc": [21, 20, 17, 22, 20, 16, 19, 22, 22, 20], "hlc": [921218, 2]}
INFO:<Node 8>:{"send": true, "recv": false, "from": 8, "to": 2, "vc": [19, 22, 18, 19, 23, 20, 23, 12, 30, 22], "hlc": [921218, 4]}
INFO:<Node 9>:{"send": true, "recv": false, "from": 9, "to": 7, "vc": [17, 20, 18, 19, 15, 20, 19, 12, 21, 23], "hlc": [921219, 0]}
INFO:<Node 2>:{"send": false, "recv": true, "to": 2, "from": 8, "vc": [23, 22, 23, 27, 23, 20, 23, 17, 30, 22], "hlc": [921218, 5]}
INFO:<Node 5>:{"send": false, "recv": true, "to": 5, "from": 0, "vc": [30, 19, 22, 27, 25, 24, 22, 20, 23, 15], "hlc": [921219, 2]}
INFO:<Node 5>:{"send": false, "recv": true, "to": 5, "from": 7, "vc": [30, 20, 22, 27, 25, 25, 22, 22, 23, 20], "hlc": [921219, 3]}
INFO:<Node 7>:{"send": false, "recv": true, "to": 7, "from": 9, "vc": [21, 20, 18, 22, 20, 20, 19, 23, 22, 23], "hlc": [921219, 1]}
INFO:<Node 0>:{"send": true, "recv": false, "from": 0, "to": 4, "vc": [31, 17, 22, 27, 24, 16, 22, 20, 23, 15], "hlc": [921219, 2]}
INFO:<Node 2>:{"send": true, "recv": false, "from": 2, "to": 9, "vc": [23, 22, 24, 27, 23, 20, 23, 17, 30, 22], "hlc": [921218, 6]}
INFO:<Node 3>:{"send": true, "recv": false, "from": 3, "to": 8, "vc": [26, 22, 18, 31, 25, 23, 20, 19, 27, 18], "hlc": [921218, 7]}
INFO:<Node 5>:{"send": true, "recv": false, "from": 5, "to": 7, "vc": [30, 20, 22, 27, 25, 26, 22, 22, 23, 20], "hlc": [921219, 4]}
INFO:<Node 6>:{"send": true, "recv": false, "from": 6, "to": 8, "vc": [28, 17, 16, 24, 24, 16, 25, 20, 23, 15], "hlc": [921218, 6]}
INFO:<Node 8>:{"send": true, "recv": false, "from": 8, "to": 0, "vc": [19, 22, 18, 19, 23, 20, 23, 12, 31, 22], "hlc": [921218, 5]}
INFO:<Node 0>:{"send": false, "recv": true, "to": 0, "from": 8, "vc": [32, 22, 22, 27, 24, 20, 23, 20, 31, 22], "hlc": [921220, 0]}
INFO:<Node 4>:{"send": false, "recv": true, "to": 4, "from": 0, "vc": [31, 22, 22, 29, 28, 18, 22, 20, 27, 18], "hlc": [921219, 3]}
INFO:<Node 7>:{"send": false, "recv": true, "to": 7, "from": 5, "vc": [30, 20, 22, 27, 25, 26, 22, 24, 23, 23], "hlc": [921219, 5]}
INFO:<Node 8>:{"send": false, "recv": true, "to": 8, "from": 3, "vc": [26, 22, 18, 31, 25, 23, 23, 19, 32, 22], "hlc": [921218, 8]}
INFO:<Node 8>:{"send": false, "recv": true, "to": 8, "from": 6, "vc": [28, 22, 18, 31, 25, 23, 25, 20, 33, 22], "hlc": [921218, 9]}
INFO:<Node 9>:{"send": false, "recv": true, "to": 9, "from": 2, "vc": [23, 22, 24, 27, 23, 20, 23, 17, 30, 24], "hlc": [921220, 0]}
INFO:<Node 0>:{"send": true, "recv": false, "from": 0, "to": 7, "vc": [33, 22, 22, 27, 24, 20, 23, 20, 31, 22], "hlc": [921220, 1]}
INFO:<Node 1>:{"send": true, "recv": false, "from": 1, "to": 8, "vc": [19, 24, 14, 17, 26, 15, 14, 11, 17, 15], "hlc": [921218, 2]}
INFO:<Node 3>:{"send": true, "recv": false, "from": 3, "to": 1, "vc": [26, 22, 18, 32, 25, 23, 20, 19, 27, 18], "hlc": [921218, 8]}
INFO:<Node 4>:{"send": true, "recv": false, "from": 4, "to": 2, "vc": [31, 22, 22, 29, 29, 18, 22, 20, 27, 18], "hlc": [921219, 4]}
INFO:<Node 6>:{"send": true, "recv": false, "from": 6, "to": 0, "vc": [28, 17, 16, 24, 24, 16, 26, 20, 23, 15], "hlc": [921218, 7]}
INFO:<Node 7>:{"send": true, "recv": false, "from": 7, "to": 2, "vc": [30, 20, 22, 27, 25, 26, 22, 25, 23, 23], "hlc": [921219, 6]}
INFO:<Node 8>:{"send": true, "recv": false, "from": 8, "to": 2, "vc": [28, 22, 18, 31, 25, 23, 25, 20, 34, 22], "hlc": [921218, 10]}
INFO:<Node 9>:{"send": true, "recv": false, "from": 9, "to": 0, "vc": [23, 22, 24, 27, 23, 20, 23, 17, 30, 25], "hlc": [921220, 1]}
INFO:<Node 0>:{"send": false, "recv": true, "to": 0, "from": 6, "vc": [34, 22, 22, 27, 24, 20, 26, 20, 31, 22], "hlc": [921220, 2]}
INFO:<Node 0>:{"send": false, "recv": true, "to": 0, "from": 9, "vc": [35, 22, 24, 27, 24, 20, 26, 20, 31, 25], "hlc": [921220, 3]}
INFO:<Node 1>:{"send": false, "recv": true, "to": 1, "from": 3, "vc": [26, 25, 18, 32, 26, 23, 20, 19, 27, 18], "hlc": [921219, 0]}
INFO:<Node 2>:{"send": false, "recv": true, "to": 2, "from": 4, "vc": [31, 22, 25, 29, 29, 20, 23, 20, 30, 22], "hlc": [921219, 5]}
INFO:<Node 2>:{"send": false, "recv": true, "to": 2, "from": 7, "vc": [31, 22, 26, 29, 29, 26, 23, 25, 30, 23], "hlc": [921219, 7]}
INFO:<Node 2>:{"send": false, "recv": true, "to": 2, "from": 8, "vc": [31, 22, 27, 31, 29, 26, 25, 25, 34, 23], "hlc": [921219, 8]}
INFO:<Node 7>:{"send": false, "recv": true, "to": 7, "from": 0, "vc": [33, 22, 22, 27, 25, 26, 23, 26, 31, 23], "hlc": [921220, 2]}
INFO:<Node 8>:{"send": false, "recv": true, "to": 8, "from": 1, "vc": [28, 24, 18, 31, 26, 23, 25, 20, 35, 22], "hlc": [921219, 0]}
INFO:<Node 2>:{"send": true, "recv": false, "from": 2, "to": 1, "vc": [31, 22, 28, 31, 29, 26, 25, 25, 34, 23], "hlc": [921219, 9]}
INFO:<Node 3>:{"send": true, "recv": false, "from": 3, "to": 6, "vc": [26, 22, 18, 33, 25, 23, 20, 19, 27, 18], "hlc": [921218, 9]}
INFO:<Node 4>:{"send": true, "recv": false, "from": 4, "to": 6, "vc": [31, 22, 22, 29, 30, 18, 22, 20, 27, 18], "hlc": [921220, 0]}
INFO:<Node 7>:{"send": true, "recv": false, "from": 7, "to": 8, "vc": [33, 22, 22, 27, 25, 26, 23, 27, 31, 23], "hlc": [921220, 3]}
INFO:<Node 1>:{"send": false, "recv": true, "to": 1, "from": 2, "vc": [31, 26, 28, 32, 29, 26, 25, 25, 34, 23], "hlc": [921219, 10]}
INFO:<Node 6>:{"send": false, "recv": true, "to": 6, "from": 3, "vc": [28, 22, 18, 33, 25, 23, 27, 20, 27, 18], "hlc": [921218, 10]}
INFO:<Node 6>:{"send": false, "recv": true, "to": 6, "from": 4, "vc": [31, 22, 22, 33, 30, 23, 28, 20, 27, 18], "hlc": [921220, 1]}
INFO:<Node 8>:{"send": false, "recv": true, "to": 8, "from": 7, "vc": [33, 24, 22, 31, 26, 26, 25, 27, 36, 23], "hlc": [921220, 4]}
INFO:<Node 5>:{"send": true, "recv": false, "from": 5, "to": 6, "vc": [30, 20, 22, 27, 25, 27, 22, 22, 23, 20], "hlc": [921219, 5]}
INFO:<Node 6>:{"send": true, "recv": false, "from": 6, "to": 8, "vc": [31, 22, 22, 33, 30, 23, 29, 20, 27, 18], "hlc": [921220, 2]}
INFO:<Node 7>:{"send": true, "recv": false, "from": 7, "to": 5, "vc": [33, 22, 22, 27, 25, 26, 23, 28, 31, 23], "hlc": [921220, 4]}
INFO:<Node 5>:{"send": false, "recv": true, "to": 5, "from": 7, "vc": [33, 22, 22, 27, 25, 28, 23, 28, 31, 23], "hlc": [921220, 5]}
INFO:<Node 6>:{"send": false, "recv": true, "to": 6, "from": 5, "vc": [31, 22, 22, 33, 30, 27, 30, 22, 27, 20], "hlc": [921220, 3]}
INFO:<Node 8>:{"send": false, "recv": true, "to": 8, "from": 6, "vc": [33, 24, 22, 33, 30, 26, 29, 27, 37, 23], "hlc": [921220, 5]}
INFO:<Node 0>:{"send": true, "recv": false, "from": 0, "to": 2, "vc": [36, 22, 24, 27, 24, 20, 26, 20, 31, 25], "hlc": [921221, 0]}
INFO:<Node 5>:{"send": true, "recv": false, "from": 5, "to": 2, "vc": [33, 22, 22, 27, 25, 29, 23, 28, 31, 23], "hlc": [921220, 6]}
INFO:<Node 6>:{"send": true, "recv": false, "from": 6, "to": 7, "vc": [31, 22, 22, 33, 30, 27, 31, 22, 27, 20], "hlc": [921220, 4]}
INFO:<Node 7>:{"send": true, "recv": false, "from": 7, "to": 0, "vc": [33, 22, 22, 27, 25, 26, 23, 29, 31, 23], "hlc": [921221, 0]}
INFO:<Node 8>:{"send": true, "recv": false, "from": 8, "to": 2, "vc": [33, 24, 22, 33, 30, 26, 29, 27, 38, 23], "hlc": [921220, 6]}
INFO:<Node 9>:{"send": true, "recv": false, "from": 9, "to": 8, "vc": [23, 22, 24, 27, 23, 20, 23, 17, 30, 26], "hlc": [921221, 0]}
INFO:<Node 0>:{"send": false, "recv": true, "to": 0, "from": 7, "vc": [37, 22, 24, 27, 25, 26, 26, 29, 31, 25], "hlc": [921222, 0]}
INFO:<Node 2>:{"send": false, "recv": true, "to": 2, "from": 0, "vc": [36, 22, 29, 31, 29, 26, 26, 25, 34, 25], "hlc": [921221, 1]}
INFO:<Node 2>:{"send": false, "recv": true, "to": 2, "from": 5, "vc": [36, 22, 30, 31, 29, 29, 26, 28, 34, 25], "hlc": [921221, 2]}
INFO:<Node 2>:{"send": false, "recv": true, "to": 2, "from": 8, "vc": [36, 24, 31, 33, 30, 29, 29, 28, 38, 25], "hlc": [921221, 3]}
INFO:<Node 7>:{"send": false, "recv": true, "to": 7, "from": 6, "vc": [33, 22, 22, 33, 30, 27, 31, 30, 31, 23], "hlc": [921221, 1]}
INFO:<Node 8>:{"send": false, "recv": true, "to": 8, "from": 9, "vc": [33, 24, 24, 33, 30, 26, 29, 27, 39, 26], "hlc": [921221, 1]}
INFO:<Node 0>:{"send": true, "recv": false, "from": 0, "to": 5, "vc": [38, 22, 24, 27, 25, 26, 26, 29, 31, 25], "hlc": [921222, 1]}
INFO:<Node 2>:{"send": true, "recv": false, "from": 2, "to": 8, "vc": [36, 24, 32, 33, 30, 29, 29, 28, 38, 25], "hlc": [921221, 4]}
INFO:<Node 3>:{"send": true, "recv": false, "from": 3, "to": 0, "vc": [26, 22, 18, 34, 25, 23, 20, 19, 27, 18], "hlc": [921219, 0]}
INFO:<Node 4>:{"send": true, "recv": false, "from": 4, "to": 2, "vc": [31, 22, 22, 29, 31, 18, 22, 20, 27, 18], "hlc": [921221, 0]}
INFO:<Node 5>:{"send": true, "recv": false, "from": 5, "to": 3, "vc": [33, 22, 22, 27, 25, 30, 23, 28, 31, 23], "hlc": [921220, 7]}
INFO:<Node 6>:{"send": true, "recv": false, "from": 6, "to": 8, "vc": [31, 22, 22, 33, 30, 27, 32, 22, 27, 20], "hlc": [921220, 5]}
INFO:<Node 7>:{"send": true, "recv": false, "from": 7, "to": 9, "vc": [33, 22, 22, 33, 30, 27, 31, 31, 31, 23], "hlc": [921221, 2]}
INFO:<Node 0>:{"send": false, "recv": true, "to": 0, "from": 3, "vc": [39, 22, 24, 34, 25, 26, 26, 29, 31, 25], "hlc": [921222, 2]}
INFO:<Node 2>:{"send": false, "recv": true, "to": 2, "from": 4, "vc": [36, 24, 33, 33, 31, 29, 29, 28, 38, 25], "hlc": [921221, 5]}
INFO:<Node 3>:{"send": false, "recv": true, "to": 3, "from": 5, "vc": [33, 22, 22, 35, 25, 30, 23, 28, 31, 23], "hlc": [921220, 8]}
INFO:<Node 5>:{"send": false, "recv": true, "to": 5, "from": 0, "vc": [38, 22, 24, 27, 25, 31, 26, 29, 31, 25], "hlc": [921222, 2]}
INFO:<Node 8>:{"send": false, "recv": true, "to": 8, "from": 2, "vc": [36, 24, 32, 33, 30, 29, 29, 28, 40, 26], "hlc": [921221, 5]}
INFO:<Node 8>:{"send": false, "recv": true, "to": 8, "from": 6, "vc": [36, 24, 32, 33, 30, 29, 32, 28, 41, 26], "hlc": [921221, 6]}
INFO:<Node 9>:{"send": false, "recv": true, "to": 9, "from": 7, "vc": [33, 22, 24, 33, 30, 27, 31, 31, 31, 27], "hlc": [921222, 0]}
INFO:<Node 0>:{"send": true, "recv": false, "from": 0, "to": 5, "vc": [40, 22, 24, 34, 25, 26, 26, 29, 31, 25], "hlc": [921222, 3]}
INFO:<Node 1>:{"send": true, "recv": false, "from": 1, "to": 4, "vc": [31, 27, 28, 32, 29, 26, 25, 25, 34, 23], "hlc": [921221, 0]}
INFO:<Node 4>:{"send": true, "recv": false, "from": 4, "to": 0, "vc": [31, 22, 22, 29, 32, 18, 22, 20, 27, 18], "hlc": [921222, 0]}
INFO:<Node 6>:{"send": true, "recv": false, "from": 6, "to": 0, "vc": [31, 22, 22, 33, 30, 27, 33, 22, 27, 20], "hlc": [921220, 6]}
INFO:<Node 7>:{"send": true, "recv": false, "from": 7, "to": 6, "vc": [33, 22, 22, 33, 30, 27, 31, 32, 31, 23], "hlc": [921222, 0]}
INFO:<Node 8>:{"send": true, "recv": false, "from": 8, "to": 6, "vc": [36, 24, 32, 33, 30, 29, 32, 28, 42, 26], "hlc": [921221, 7]}
INFO:<Node 9>:{"send": true, "recv": false, "from": 9, "to": 7, "vc": [33, 22, 24, 33, 30, 27, 31, 31, 31, 28], "hlc": [921222, 1]}
INFO:<Node 0>:{"send": false, "recv": true, "to": 0, "from": 4, "vc": [41, 22, 24, 34, 32, 26, 26, 29, 31, 25], "hlc": [921223, 0]}
INFO:<Node 0>:{"send": false, "recv": true, "to": 0, "from": 6, "vc": [42, 22, 24, 34, 32, 27, 33, 29, 31, 25], "hlc": [921223, 1]}
INFO:<Node 4>:{"send": false, "recv": true, "to": 4, "from": 1, "vc": [31, 27, 28, 32, 33, 26, 25, 25, 34, 23], "hlc": [921222, 1]}
INFO:<Node 5>:{"send": false, "recv": true, "to": 5, "from": 0, "vc": [40, 22, 24, 34, 25, 32, 26, 29, 31, 25], "hlc": [921222, 4]}
INFO:<Node 6>:{"send": false, "recv": true, "to": 6, "from": 7, "vc": [33, 22, 22, 33, 30, 27, 34, 32, 31, 23], "hlc": [921222, 1]}
INFO:<Node 6>:{"send": false, "recv": true, "to": 6, "from": 8, "vc": [36, 24, 32, 33, 30, 29, 35, 32, 42, 26], "hlc": [921222, 2]}
INFO:<Node 7>:{"send": false, "recv": true, "to": 7, "from": 9, "vc": [33, 22, 24, 33, 30, 27, 31, 33, 31, 28], "hlc": [921222, 2]}
INFO:<Node 1>:{"send": true, "recv": false, "from": 1, "to": 2, "vc": [31, 28, 28, 32, 29, 26, 25, 25, 34, 23], "hlc": [921221, 1]}
INFO:<Node 3>:{"send": true, "recv": false, "from": 3, "to": 2, "vc": [33, 22, 22, 36, 25, 30, 23, 28, 31, 23], "hlc": [921220, 9]}
INFO:<Node 4>:{"send": true, "recv": false, "from": 4, "to": 5, "vc": [31, 27, 28, 32, 34, 26, 25, 25, 34, 23], "hlc": [921222, 2]}
INFO:<Node 6>:{"send": true, "recv": false, "from": 6, "to": 4, "vc": [36, 24, 32, 33, 30, 29, 36, 32, 42, 26], "hlc": [921222, 3]}
INFO:<Node 8>:{"send": true, "recv": false, "from": 8, "to": 7, "vc": [36, 24, 32, 33, 30, 29, 32, 28, 43, 26], "hlc": [921221, 8]}
INFO:<Node 2>:{"send": false, "recv": true, "to": 2, "from": 1, "vc": [36, 28, 34, 33, 31, 29, 29, 28, 38, 25], "hlc": [921221, 6]}
INFO:<Node 2>:{"send": false, "recv": true, "to": 2, "from": 3, "vc": [36, 28, 35, 36, 31, 30, 29, 28, 38, 25], "hlc": [921221, 7]}
INFO:<Node 4>:{"send": false, "recv": true, "to": 4, "from": 6, "vc": [36, 27, 32, 33, 35, 29, 36, 32, 42, 26], "hlc": [921223, 0]}
INFO:<Node 5>:{"send": false, "recv": true, "to": 5, "from": 4, "vc": [40, 27, 28, 34, 34, 33, 26, 29, 34, 25], "hlc": [921222, 5]}
INFO:<Node 7>:{"send": false, "recv": true, "to": 7, "from": 8, "vc": [36, 24, 32, 33, 30, 29, 32, 34, 43, 28], "hlc": [921223, 0]}
INFO:<Node 1>:{"send": true, "recv": false, "from": 1, "to": 9, "vc": [31, 29, 28, 32, 29, 26, 25, 25, 34, 23], "hlc": [921222, 0]}
INFO:<Node 2>:{"send": true, "recv": false, "from": 2, "to": 5, "vc": [36, 28, 36, 36, 31, 30, 29, 28, 38, 25], "hlc": [921221, 8]}
INFO:<Node 3>:{"send": true, "recv": false, "from": 3, "to": 1, "vc": [33, 22, 22, 37, 25, 30, 23, 28, 31, 23], "hlc": [921221, 0]}
INFO:<Node 4>:{"send": true, "recv": false, "from": 4, "to": 0, "vc": [36, 27, 32, 33, 36, 29, 36, 32, 42, 26], "hlc": [921223, 1]}
INFO:<Node 6>:{"send": true, "recv": false, "from": 6, "to": 7, "vc": [36, 24, 32, 33, 30, 29, 37, 32, 42, 26], "hlc": [921222, 4]}
INFO:<Node 8>:{"send": true, "recv": false, "from": 8, "to": 4, "vc": [36, 24, 32, 33, 30, 29, 32, 28, 44, 26], "hlc": [921222, 0]}
INFO:<Node 9>:{"send": true, "recv": false, "from": 9, "to": 6, "vc": [33, 22, 24, 33, 30, 27, 31, 31, 31, 29], "hlc": [921223, 0]}
INFO:<Node 0>:{"send": false, "recv": true, "to": 0, "from": 4, "vc": [43, 27, 32, 34, 36, 29, 36, 32, 42, 26], "hlc": [921224, 0]}
INFO:<Node 1>:{"send": false, "recv": true, "to": 1, "from": 3, "vc": [33, 30, 28, 37, 29, 30, 25, 28, 34, 23], "hlc": [921222, 1]}
INFO:<Node 4>:{"send": false, "recv": true, "to": 4, "from": 8, "vc": [36, 27, 32, 33, 37, 29, 36, 32, 44, 26], "hlc": [921223, 2]}
INFO:<Node 5>:{"send": false, "recv": true, "to": 5, "from": 2, "vc": [40, 28, 36, 36, 34, 34, 29, 29, 38, 25], "hlc": [921223, 0]}
INFO:<Node 6>:{"send": false, "recv": true, "to": 6, "from": 9, "vc": [36, 24, 32, 33, 30, 29, 38, 32, 42, 29], "hlc": [921223, 1]}
INFO:<Node 7>:{"send": false, "recv": true, "to": 7, "from": 6, "vc": [36, 24, 32, 33, 30, 29, 37, 35, 43, 28], "hlc": [921223, 1]}
INFO:<Node 9>:{"send": false, "recv": true, "to": 9, "from": 1, "vc": [33, 29, 28, 33, 30, 27, 31, 31, 34, 30], "hlc": [921224, 0]}
INFO:<Node 0>:{"send": true, "recv": false, "from": 0, "to": 1, "vc": [44, 27, 32, 34, 36, 29, 36, 32, 42, 26], "hlc": [921224, 1]}
INFO:<Node 1>:{"send": true, "recv": false, "from": 1, "to": 9, "vc": [33, 31, 28, 37, 29, 30, 25, 28, 34, 23], "hlc": [921222, 2]}
INFO:<Node 3>:{"send": true, "recv": false, "from": 3, "to": 0, "vc": [33, 22, 22, 38, 25, 30, 23, 28, 31, 23], "hlc": [921221, 1]}
INFO:<Node 5>:{"send": true, "recv": false, "from": 5, "to": 1, "vc": [40, 28, 36, 36, 34, 35, 29, 29, 38, 25], "hlc": [921223, 1]}
INFO:<Node 7>:{"send": true, "recv": false, "from": 7, "to": 6, "vc": [36, 24, 32, 33, 30, 29, 37, 36, 43, 28], "hlc": [921223, 2]}
INFO:<Node 8>:{"send": true, "recv": false, "from": 8, "to": 9, "vc": [36, 24, 32, 33, 30, 29, 32, 28, 45, 26], "hlc": [921222, 1]}
INFO:<Node 9>:{"send": true, "recv": false, "from": 9, "to": 8, "vc": [33, 29, 28, 33, 30, 27, 31, 31, 34, 31], "hlc": [921224, 1]}
INFO:<Node 0>:{"send": false, "recv": true, "to": 0, "from": 3, "vc": [45, 27, 32, 38, 36, 30, 36, 32, 42, 26], "hlc": [921224, 2]}
INFO:<Node 1>:{"send": false, "recv": true, "to": 1, "from": 0, "vc": [44, 32, 32, 37, 36, 30, 36, 32, 42, 26], "hlc": [921224, 2]}
INFO:<Node 1>:{"send": false, "recv": true, "to": 1, "from": 5, "vc": [44, 33, 36, 37, 36, 35, 36, 32, 42, 26], "hlc": [921224, 3]}
INFO:<Node 6>:{"send": false, "recv": true, "to": 6, "from": 7, "vc": [36, 24, 32, 33, 30, 29, 39, 36, 43, 29], "hlc": [921223, 3]}
INFO:<Node 8>:{"send": false, "recv": true, "to": 8, "from": 9, "vc": [36, 29, 32, 33, 30, 29, 32, 31, 46, 31], "hlc": [921224, 2]}
INFO:<Node 9>:{"send": false, "recv": true, "to": 9, "from": 1, "vc": [33, 31, 28, 37, 30, 30, 31, 31, 34, 32], "hlc": [921224, 2]}
INFO:<Node 9>:{"send": false, "recv": true, "to": 9, "from": 8, "vc": [36, 31, 32, 37, 30, 30, 32, 31, 45, 33], "hlc": [921224, 3]}
INFO:<Node 0>:{"send": true, "recv": false, "from": 0, "to": 8, "vc": [46, 27, 32, 38, 36, 30, 36, 32, 42, 26], "hlc": [921224, 3]}
INFO:<Node 1>:{"send": true, "recv": false, "from": 1, "to": 9, "vc": [44, 34, 36, 37, 36, 35, 36, 32, 42, 26], "hlc": [921224, 4]}
INFO:<Node 2>:{"send": true, "recv": false, "from": 2, "to": 9, "vc": [36, 28, 37, 36, 31, 30, 29, 28, 38, 25], "hlc": [921222, 0]}
INFO:<Node 6>:{"send": true, "recv": false, "from": 6, "to": 8, "vc": [36, 24, 32, 33, 30, 29, 40, 36, 43, 29], "hlc": [921223, 4]}
INFO:<Node 8>:{"send": true, "recv": false, "from": 8, "to": 5, "vc": [36, 29, 32, 33, 30, 29, 32, 31, 47, 31], "hlc": [921224, 3]}
INFO:<Node 5>:{"send": false, "recv": true, "to": 5, "from": 8, "vc": [40, 29, 36, 36, 34, 36, 32, 31, 47, 31], "hlc": [921224, 4]}
INFO:<Node 8>:{"send": false, "recv": true, "to": 8, "from": 0, "vc": [46, 29, 32, 38, 36, 30, 36, 32, 48, 31], "hlc": [921224, 4]}
INFO:<Node 8>:{"send": false, "recv": true, "to": 8, "from": 6, "vc": [46, 29, 32, 38, 36, 30, 40, 36, 49, 31], "hlc": [921224, 5]}
INFO:<Node 9>:{"send": false, "recv": true, "to": 9, "from": 1, "vc": [44, 34, 36, 37, 36, 35, 36, 32, 45, 34], "hlc": [921225, 0]}
INFO:<Node 9>:{"send": false, "recv": true, "to": 9, "from": 2, "vc": [44, 34, 37, 37, 36, 35, 36, 32, 45, 35], "hlc": [921225, 1]}
INFO:<Node 1>:{"send": true, "recv": false, "from": 1, "to": 8, "vc": [44, 35, 36, 37, 36, 35, 36, 32, 42, 26], "hlc": [921224, 5]}
INFO:<Node 3>:{"send": true, "recv": false, "from": 3, "to": 4, "vc": [33, 22, 22, 39, 25, 30, 23, 28, 31, 23], "hlc": [921222, 0]}
INFO:<Node 6>:{"send": true, "recv": false, "from": 6, "to": 1, "vc": [36, 24, 32, 33, 30, 29, 41, 36, 43, 29], "hlc": [921223, 5]}
INFO:<Node 7>:{"send": true, "recv": false, "from": 7, "to": 1, "vc": [36, 24, 32, 33, 30, 29, 37, 37, 43, 28], "hlc": [921224, 0]}
INFO:<Node 1>:{"send": false, "recv": true, "to": 1, "from": 6, "vc": [44, 36, 36, 37, 36, 35, 41, 36, 43, 29], "hlc": [921224, 6]}
INFO:<Node 1>:{"send": false, "recv": true, "to": 1, "from": 7, "vc": [44, 37, 36, 37, 36, 35, 41, 37, 43, 29], "hlc": [921224, 7]}
INFO:<Node 4>:{"send": false, "recv": true, "to": 4, "from": 3, "vc": [36, 27, 32, 39, 38, 30, 36, 32, 44, 26], "hlc": [921225, 0]}
INFO:<Node 8>:{"send": false, "recv": true, "to": 8, "from": 1, "vc": [46, 35, 36, 38, 36, 35, 40, 36, 50, 31], "hlc": [921224, 6]}
INFO:<Node 0>:{"send": true, "recv": false, "from": 0, "to": 5, "vc": [47, 27, 32, 38, 36, 30, 36, 32, 42, 26], "hlc": [921225, 0]}
INFO:<Node 1>:{"send": true, "recv": false, "from": 1, "to": 8, "vc": [44, 38, 36, 37, 36, 35, 41, 37, 43, 29], "hlc": [921224, 8]}
INFO:<Node 2>:{"send": true, "recv": false, "from": 2, "to": 7, "vc": [36, 28, 38, 36, 31, 30, 29, 28, 38, 25], "hlc": [921223, 0]}
INFO:<Node 4>:{"send": true, "recv": false, "from": 4, "to": 5, "vc": [36, 27, 32, 39, 39, 30, 36, 32, 44, 26], "hlc": [921225, 1]}
INFO:<Node 6>:{"send": true, "recv": false, "from": 6, "to": 7, "vc": [36, 24, 32, 33, 30, 29, 42, 36, 43, 29], "hlc": [921223, 6]}
INFO:<Node 9>:{"send": true, "recv": false, "from": 9, "to": 8, "vc": [44, 34, 37, 37, 36, 35, 36, 32, 45, 36], "hlc": [921225, 2]}
INFO:<Node 5>:{"send": false, "recv": true, "to": 5, "from": 0, "vc": [47, 29, 36, 38, 36, 37, 36, 32, 47, 31], "hlc": [921225, 1]}
INFO:<Node 5>:{"send": false, "recv": true, "to": 5, "from": 4, "vc": [47, 29, 36, 39, 39, 38, 36, 32, 47, 31], "hlc": [921225, 2]}
INFO:<Node 7>:{"send": false, "recv": true, "to": 7, "from": 2, "vc": [36, 28, 38, 36, 31, 30, 37, 38, 43, 28], "hlc": [921225, 0]}
INFO:<Node 7>:{"send": false, "recv": true, "to": 7, "from": 6, "vc": [36, 28, 38, 36, 31, 30, 42, 39, 43, 29], "hlc": [921225, 1]}
INFO:<Node 8>:{"send": false, "recv": true, "to": 8, "from": 1, "vc": [46, 38, 36, 38, 36, 35, 41, 37, 51, 31], "hlc": [921224, 9]}
INFO:<Node 8>:{"send": false, "recv": true, "to": 8, "from": 9, "vc": [46, 38, 37, 38, 36, 35, 41, 37, 52, 36], "hlc": [921225, 3]}
INFO:<Node 0>:{"send": true, "recv": false, "from": 0, "to": 6, "vc": [48, 27, 32, 38, 36, 30, 36, 32, 42, 26], "hlc": [921226, 0]}
INFO:<Node 5>:{"send": true, "recv": false, "from": 5, "to": 9, "vc": [47, 29, 36, 39, 39, 39, 36, 32, 47, 31], "hlc": [921225, 3]}
INFO:<Node 6>:{"send": true, "recv": false, "from": 6, "to": 0, "vc": [36, 24, 32, 33, 30, 29, 43, 36, 43, 29], "hlc": [921223, 7]}
INFO:<Node 7>:{"send": true, "recv": false, "from": 7, "to": 5, "vc": [36, 28, 38, 36, 31, 30, 42, 40, 43, 29], "hlc": [921225, 2]}
INFO:<Node 8>:{"send": true, "recv": false, "from": 8, "to": 3, "vc": [46, 38, 37, 38, 36, 35, 41, 37, 53, 36], "hlc": [921225, 4]}
INFO:<Node 9>:{"send": true, "recv": false, "from": 9, "to": 7, "vc": [44, 34, 37, 37, 36, 35, 36, 32, 45, 37], "hlc": [921226, 0]}
INFO:<Node 0>:{"send": false, "recv": true, "to": 0, "from": 6, "vc": [49, 27, 32, 38, 36, 30, 43, 36, 43, 29], "hlc": [921226, 1]}
INFO:<Node 3>:{"send": false, "recv": true, "to": 3, "from": 8, "vc": [46, 38, 37, 40, 36, 35, 41, 37, 53, 36], "hlc": [921225, 5]}
INFO:<Node 5>:{"send": false, "recv": true, "to": 5, "from": 7, "vc": [47, 29, 38, 39, 39, 40, 42, 40, 47, 31], "hlc": [921225, 4]}
INFO:<Node 6>:{"send": false, "recv": true, "to": 6, "from": 0, "vc": [48, 27, 32, 38, 36, 30, 44, 36, 43, 29], "hlc": [921226, 1]}
INFO:<Node 7>:{"send": false, "recv": true, "to": 7, "from": 9, "vc": [44, 34, 38, 37, 36, 35, 42, 41, 45, 37], "hlc": [921226, 1]}
INFO:<Node 9>:{"send": false, "recv": true, "to": 9, "from": 5, "vc": [47, 34, 37, 39, 39, 39, 36, 32, 47, 38], "hlc": [921226, 1]}
INFO:<Node 0>:{"send": true, "recv": false, "from": 0, "to": 5, "vc": [50, 27, 32, 38, 36, 30, 43, 36, 43, 29], "hlc": [921226, 2]}
INFO:<Node 2>:{"send": true, "recv": false, "from": 2, "to": 4, "vc": [36, 28, 39, 36, 31, 30, 29, 28, 38, 25], "hlc": [921224, 0]}
INFO:<Node 4>:{"send": true, "recv": false, "from": 4, "to": 6, "vc": [36, 27, 32, 39, 40, 30, 36, 32, 44, 26], "hlc": [921226, 0]}
INFO:<Node 7>:{"send": true, "recv": false, "from": 7, "to": 6, "vc": [44, 34, 38, 37, 36, 35, 42, 42, 45, 37], "hlc": [921226, 2]}
INFO:<Node 8>:{"send": true, "recv": false, "from": 8, "to": 2, "vc": [46, 38, 37, 38, 36, 35, 41, 37, 54, 36], "hlc": [921225, 5]}
INFO:<Node 2>:{"send": false, "recv": true, "to": 2, "from": 8, "vc": [46, 38, 40, 38, 36, 35, 41, 37, 54, 36], "hlc": [921225, 6]}
INFO:<Node 4>:{"send": false, "recv": true, "to": 4, "from": 2, "vc": [36, 28, 39, 39, 41, 30, 36, 32, 44, 26], "hlc": [921226, 1]}
INFO:<Node 5>:{"send": false, "recv": true, "to": 5, "from": 0, "vc": [50, 29, 38, 39, 39, 41, 43, 40, 47, 31], "hlc": [921226, 3]}
INFO:<Node 6>:{"send": false, "recv": true, "to": 6, "from": 4, "vc": [48, 27, 32, 39, 40, 30, 45, 36, 44, 29], "hlc": [921226, 2]}
INFO:<Node 6>:{"send": false, "recv": true, "to": 6, "from": 7, "vc": [48, 34, 38, 39, 40, 35, 46, 42, 45, 37], "hlc": [921226, 3]}
INFO:<Node 0>:{"send": true, "recv": false, "from": 0, "to": 7, "vc": [51, 27, 32, 38, 36, 30, 43, 36, 43, 29], "hlc": [921227, 0]}
INFO:<Node 1>:{"send": true, "recv": false, "from": 1, "to": 5, "vc": [44, 39, 36, 37, 36, 35, 41, 37, 43, 29], "hlc": [921225, 0]}
INFO:<Node 2>:{"send": true, "recv": false, "from": 2, "to": 5, "vc": [46, 38, 41, 38, 36, 35, 41, 37, 54, 36], "hlc": [921225, 7]}
INFO:<Node 3>:{"send": true, "recv": false, "from": 3, "to": 9, "vc": [46, 38, 37, 41, 36, 35, 41, 37, 53, 36], "hlc": [921225, 6]}
INFO:<Node 5>:{"send": true, "recv": false, "from": 5, "to": 8, "vc": [50, 29, 38, 39, 39, 42, 43, 40, 47, 31], "hlc": [921226, 4]}
INFO:<Node 6>:{"send": true, "recv": false, "from": 6, "to": 4, "vc": [48, 34, 38, 39, 40, 35, 47, 42, 45, 37], "hlc": [921226, 4]}
INFO:<Node 9>:{"send": true, "recv": false, "from": 9, "to": 1, "vc": [47, 34, 37, 39, 39, 39, 36, 32, 47, 39], "hlc": [921227, 0]}
INFO:<Node 1>:{"send": false, "recv": true, "to": 1, "from": 9, "vc": [47, 40, 37, 39, 39, 39, 41, 37, 47, 39], "hlc": [921227, 1]}
INFO:<Node 4>:{"send": false, "recv": true, "to": 4, "from": 6, "vc": [48, 34, 39, 39, 42, 35, 47, 42, 45, 37], "hlc": [921227, 0]}
INFO:<Node 5>:{"send": false, "recv": true, "to": 5, "from": 1, "vc": [50, 39, 38, 39, 39, 43, 43, 40, 47, 31], "hlc": [921226, 5]}
INFO:<Node 5>:{"send": false, "recv": true, "to": 5, "from": 2, "vc": [50, 39, 41, 39, 39, 44, 43, 40, 54, 36], "hlc": [921226, 6]}
INFO:<Node 7>:{"send": false, "recv": true, "to": 7, "from": 0, "vc": [51, 34, 38, 38, 36, 35, 43, 43, 45, 37], "hlc": [921227, 1]}
INFO:<Node 8>:{"send": false, "recv": true, "to": 8, "from": 5, "vc": [50, 38, 38, 39, 39, 42, 43, 40, 55, 36], "hlc": [921226, 5]}
INFO:<Node 9>:{"send": false, "recv": true, "to": 9, "from": 3, "vc": [47, 38, 37, 41, 39, 39, 41, 37, 53, 40], "hlc": [921227, 1]}
INFO:<Node 0>:{"send": true, "recv": false, "from": 0, "to": 6, "vc": [52, 27, 32, 38, 36, 30, 43, 36, 43, 29], "hlc": [921227, 1]}
INFO:<Node 2>:{"send": true, "recv": false, "from": 2, "to": 8, "vc": [46, 38, 42, 38, 36, 35, 41, 37, 54, 36], "hlc": [921225, 8]}
INFO:<Node 3>:{"send": true, "recv": false, "from": 3, "to": 4, "vc": [46, 38, 37, 42, 36, 35, 41, 37, 53, 36], "hlc": [921225, 7]}
INFO:<Node 6>:{"send": true, "recv": false, "from": 6, "to": 3, "vc": [48, 34, 38, 39, 40, 35, 48, 42, 45, 37], "hlc": [921226, 5]}
INFO:<Node 9>:{"send": true, "recv": false, "from": 9, "to": 7, "vc": [47, 38, 37, 41, 39, 39, 41, 37, 53, 41], "hlc": [921227, 2]}
INFO:<Node 3>:{"send": false, "recv": true, "to": 3, "from": 6, "vc": [48, 38, 38, 43, 40, 35, 48, 42, 53, 37], "hlc": [921226, 6]}
INFO:<Node 4>:{"send": false, "recv": true, "to": 4, "from": 3, "vc": [48, 38, 39, 42, 43, 35, 47, 42, 53, 37], "hlc": [921227, 1]}
INFO:<Node 6>:{"send": false, "recv": true, "to": 6, "from": 0, "vc": [52, 34, 38, 39, 40, 35, 49, 42, 45, 37], "hlc": [921227, 2]}
INFO:<Node 7>:{"send": false, "recv": true, "to": 7, "from": 9, "vc": [51, 38, 38, 41, 39, 39, 43, 44, 53, 41], "hlc": [921227, 3]}
INFO:<Node 8>:{"send": false, "recv": true, "to": 8, "from": 2, "vc": [50, 38, 42, 39, 39, 42, 43, 40, 56, 36], "hlc": [921226, 6]}
INFO:<Node 0>:{"send": true, "recv": false, "from": 0, "to": 1, "vc": [53, 27, 32, 38, 36, 30, 43, 36, 43, 29], "hlc": [921228, 0]}
INFO:<Node 2>:{"send": true, "recv": false, "from": 2, "to": 4, "vc": [46, 38, 43, 38, 36, 35, 41, 37, 54, 36], "hlc": [921226, 0]}
INFO:<Node 3>:{"send": true, "recv": false, "from": 3, "to": 0, "vc": [48, 38, 38, 44, 40, 35, 48, 42, 53, 37], "hlc": [921226, 7]}
INFO:<Node 4>:{"send": true, "recv": false, "from": 4, "to": 5, "vc": [48, 38, 39, 42, 44, 35, 47, 42, 53, 37], "hlc": [921227, 2]}
INFO:<Node 5>:{"send": true, "recv": false, "from": 5, "to": 3, "vc": [50, 39, 41, 39, 39, 45, 43, 40, 54, 36], "hlc": [921227, 0]}
INFO:<Node 9>:{"send": true, "recv": false, "from": 9, "to": 5, "vc": [47, 38, 37, 41, 39, 39, 41, 37, 53, 42], "hlc": [921228, 0]}
INFO:<Node 0>:{"send": false, "recv": true, "to": 0, "from": 3, "vc": [54, 38, 38, 44, 40, 35, 48, 42, 53, 37], "hlc": [921228, 1]}
INFO:<Node 1>:{"send": false, "recv": true, "to": 1, "from": 0, "vc": [53, 41, 37, 39, 39, 39, 43, 37, 47, 39], "hlc": [921228, 1]}
INFO:<Node 3>:{"send": false, "recv": true, "to": 3, "from": 5, "vc": [50, 39, 41, 45, 40, 45, 48, 42, 54, 37], "hlc": [921227, 1]}
INFO:<Node 4>:{"send": false, "recv": true, "to": 4, "from": 2, "vc": [48, 38, 43, 42, 45, 35, 47, 42, 54, 37], "hlc": [921228, 0]}
INFO:<Node 5>:{"send": false, "recv": true, "to": 5, "from": 4, "vc": [50, 39, 41, 42, 44, 46, 47, 42, 54, 37], "hlc": [921227, 3]}
INFO:<Node 5>:{"send": false, "recv": true, "to": 5, "from": 9, "vc": [50, 39, 41, 42, 44, 47, 47, 42, 54, 42], "hlc": [921228, 1]}
INFO:<Node 0>:{"send": true, "recv": false, "from": 0, "to": 9, "vc": [55, 38, 38, 44, 40, 35, 48, 42, 53, 37], "hlc": [921228, 2]}
INFO:<Node 1>:{"send": true, "recv": false, "from": 1, "to": 4, "vc": [53, 42, 37, 39, 39, 39, 43, 37, 47, 39], "hlc": [921228, 2]}
INFO:<Node 3>:{"send": true, "recv": false, "from": 3, "to": 2, "vc": [50, 39, 41, 46, 40, 45, 48, 42, 54, 37], "hlc": [921227, 2]}
INFO:<Node 4>:{"send": true, "recv": false, "from": 4, "to": 7, "vc": [48, 38, 43, 42, 46, 35, 47, 42, 54, 37], "hlc": [921228, 1]}
INFO:<Node 5>:{"send": true, "recv": false, "from": 5, "to": 1, "vc": [50, 39, 41, 42, 44, 48, 47, 42, 54, 42], "hlc": [921228, 2]}
INFO:<Node 7>:{"send": true, "recv": false, "from": 7, "to": 0, "vc": [51, 38, 38, 41, 39, 39, 43, 45, 53, 41], "hlc": [921228, 0]}
INFO:<Node 8>:{"send": true, "recv": false, "from": 8, "to": 6, "vc": [50, 38, 42, 39, 39, 42, 43, 40, 57, 36], "hlc": [921227, 0]}
INFO:<Node 9>:{"send": true, "recv": false, "from": 9, "to": 8, "vc": [47, 38, 37, 41, 39, 39, 41, 37, 53, 43], "hlc": [921228, 1]}
INFO:<Node 0>:{"send": false, "recv": true, "to": 0, "from": 7, "vc": [56, 38, 38, 44, 40, 39, 48, 45, 53, 41], "hlc": [921229, 0]}
INFO:<Node 1>:{"send": false, "recv": true, "to": 1, "from": 5, "vc": [53, 43, 41, 42, 44, 48, 47, 42, 54, 42], "hlc": [921228, 3]}
INFO:<Node 2>:{"send": false, "recv": true, "to": 2, "from": 3, "vc": [50, 39, 44, 46, 40, 45, 48, 42, 54, 37], "hlc": [921227, 3]}
INFO:<Node 4>:{"send": false, "recv": true, "to": 4, "from": 1, "vc": [53, 42, 43, 42, 47, 39, 47, 42, 54, 39], "hlc": [921228, 3]}
INFO:<Node 6>:{"send": false, "recv": true, "to": 6, "from": 8, "vc": [52, 38, 42, 39, 40, 42, 50, 42, 57, 37], "hlc": [921227, 3]}
INFO:<Node 7>:{"send": false, "recv": true, "to": 7, "from": 4, "vc": [51, 38, 43, 42, 46, 39, 47, 46, 54, 41], "hlc": [921228, 2]}
INFO:<Node 8>:{"send": false, "recv": true, "to": 8, "from": 9, "vc": [50, 38, 42, 41, 39, 42, 43, 40, 58, 43], "hlc": [921228, 2]}
INFO:<Node 9>:{"send": false, "recv": true, "to": 9, "from": 0, "vc": [55, 38, 38, 44, 40, 39, 48, 42, 53, 44], "hlc": [921229, 0]}
INFO:<Node 2>:{"send": true, "recv": false, "from": 2, "to": 6, "vc": [50, 39, 45, 46, 40, 45, 48, 42, 54, 37], "hlc": [921227, 4]}
INFO:<Node 3>:{"send": true, "recv": false, "from": 3, "to": 8, "vc": [50, 39, 41, 47, 40, 45, 48, 42, 54, 37], "hlc": [921227, 3]}
INFO:<Node 5>:{"send": true, "recv": false, "from": 5, "to": 2, "vc": [50, 39, 41, 42, 44, 49, 47, 42, 54, 42], "hlc": [921228, 3]}
INFO:<Node 6>:{"send": true, "recv": false, "from": 6, "to": 3, "vc": [52, 38, 42, 39, 40, 42, 51, 42, 57, 37], "hlc": [921227, 4]}
INFO:<Node 7>:{"send": true, "recv": false, "from": 7, "to": 2, "vc": [51, 38, 43, 42, 46, 39, 47, 47, 54, 41], "hlc": [921228, 3]}
INFO:<Node 8>:{"send": true, "recv": false, "from": 8, "to": 2, "vc": [50, 38, 42, 41, 39, 42, 43, 40, 59, 43], "hlc": [921228, 3]}
INFO:<Node 2>:{"send": false, "recv": true, "to": 2, "from": 5, "vc": [50, 39, 46, 46, 44, 49, 48, 42, 54, 42], "hlc": [921228, 4]}
INFO:<Node 2>:{"send": false, "recv": true, "to": 2, "from": 7, "vc": [51, 39, 47, 46, 46, 49, 48, 47, 54, 42], "hlc": [921228, 5]}
INFO:<Node 2>:{"send": false, "recv": true, "to": 2, "from": 8, "vc": [51, 39, 48, 46, 46, 49, 48, 47, 59, 43], "hlc": [921228, 6]}
INFO:<Node 3>:{"send": false, "recv": true, "to": 3, "from": 6, "vc": [52, 39, 42, 48, 40, 45, 51, 42, 57, 37], "hlc": [921227, 5]}
INFO:<Node 6>:{"send": false, "recv": true, "to": 6, "from": 2, "vc": [52, 39, 45, 46, 40, 45, 52, 42, 57, 37], "hlc": [921227, 5]}
INFO:<Node 8>:{"send": false, "recv": true, "to": 8, "from": 3, "vc": [50, 39, 42, 47, 40, 45, 48, 42, 60, 43], "hlc": [921228, 4]}
INFO:<Node 5>:{"send": true, "recv": false, "from": 5, "to": 7, "vc": [50, 39, 41, 42, 44, 50, 47, 42, 54, 42], "hlc": [921228, 4]}
INFO:<Node 6>:{"send": true, "recv": false, "from": 6, "to": 0, "vc": [52, 39, 45, 46, 40, 45, 53, 42, 57, 37], "hlc": [921227, 6]}
INFO:<Node 9>:{"send": true, "recv": false, "from": 9, "to": 6, "vc": [55, 38, 38, 44, 40, 39, 48, 42, 53, 45], "hlc": [921229, 1]}
INFO:<Node 0>:{"send": false, "recv": true, "to": 0, "from": 6, "vc": [57, 39, 45, 46, 40, 45, 53, 45, 57, 41], "hlc": [921230, 0]}
INFO:<Node 6>:{"send": false, "recv": true, "to": 6, "from": 9, "vc": [55, 39, 45, 46, 40, 45, 54, 42, 57, 45], "hlc": [921229, 2]}
INFO:<Node 7>:{"send": false, "recv": true, "to": 7, "from": 5, "vc": [51, 39, 43, 42, 46, 50, 47, 48, 54, 42], "hlc": [921229, 0]}
INFO:<Node 2>:{"send": true, "recv": false, "from": 2, "to": 4, "vc": [51, 39, 49, 46, 46, 49, 48, 47, 59, 43], "hlc": [921228, 7]}
INFO:<Node 3>:{"send": true, "recv": false, "from": 3, "to": 6, "vc": [52, 39, 42, 49, 40, 45, 51, 42, 57, 37], "hlc": [921227, 6]}
INFO:<Node 4>:{"send": true, "recv": false, "from": 4, "to": 5, "vc": [53, 42, 43, 42, 48, 39, 47, 42, 54, 39], "hlc": [921229, 0]}
INFO:<Node 5>:{"send": true, "recv": false, "from": 5, "to": 7, "vc": [50, 39, 41, 42, 44, 51, 47, 42, 54, 42], "hlc": [921229, 0]}
INFO:<Node 8>:{"send": true, "recv": false, "from": 8, "to": 5, "vc": [50, 39, 42, 47, 40, 45, 48, 42, 61, 43], "hlc": [921228, 5]}
INFO:<Node 9>:{"send": true, "recv": false, "from": 9, "to": 6, "vc": [55, 38, 38, 44, 40, 39, 48, 42, 53, 46], "hlc": [921230, 0]}
INFO:<Node 4>:{"send": false, "recv": true, "to": 4, "from": 2, "vc": [53, 42, 49, 46, 49, 49, 48, 47, 59, 43], "hlc": [921230, 0]}
INFO:<Node 5>:{"send": false, "recv": true, "to": 5, "from": 4, "vc": [53, 42, 43, 42, 48, 52, 47, 42, 54, 42], "hlc": [921229, 1]}
INFO:<Node 5>:{"send": false, "recv": true, "to": 5, "from": 8, "vc": [53, 42, 43, 47, 48, 53, 48, 42, 61, 43], "hlc": [921229, 2]}
INFO:<Node 6>:{"send": false, "recv": true, "to": 6, "from": 3, "vc": [55, 39, 45, 49, 40, 45, 55, 42, 57, 45], "hlc": [921229, 3]}
INFO:<Node 6>:{"send": false, "recv": true, "to": 6, "from": 9, "vc": [55, 39, 45, 49, 40, 45, 56, 42, 57, 46], "hlc": [921230, 1]}
INFO:<Node 7>:{"send": false, "recv": true, "to": 7, "from": 5, "vc": [51, 39, 43, 42, 46, 51, 47, 49, 54, 42], "hlc": [921230, 0]}
INFO:<Node 0>:{"send": true, "recv": false, "from": 0, "to": 7, "vc": [58, 39, 45, 46, 40, 45, 53, 45, 57, 41], "hlc": [921230, 1]}
INFO:<Node 1>:{"send": true, "recv": false, "from": 1, "to": 6, "vc": [53, 44, 41, 42, 44, 48, 47, 42, 54, 42], "hlc": [921229, 0]}
INFO:<Node 2>:{"send": true, "recv": false, "from": 2, "to": 0, "vc": [51, 39, 50, 46, 46, 49, 48, 47, 59, 43], "hlc": [921228, 8]}
INFO:<Node 4>:{"send": true, "recv": false, "from": 4, "to": 3, "vc": [53, 42, 49, 46, 50, 49, 48, 47, 59, 43], "hlc": [921230, 1]}
INFO:<Node 5>:{"send": true, "recv": false, "from": 5, "to": 2, "vc": [53, 42, 43, 47, 48, 54, 48, 42, 61, 43], "hlc": [921229, 3]}
INFO:<Node 6>:{"send": true, "recv": false, "from": 6, "to": 7, "vc": [55, 39, 45, 49, 40, 45, 57, 42, 57, 46], "hlc": [921230, 2]}
INFO:<Node 7>:{"send": true, "recv": false, "from": 7, "to": 8, "vc": [51, 39, 43, 42, 46, 51, 47, 50, 54, 42], "hlc": [921230, 1]}
INFO:<Node 8>:{"send": true, "recv": false, "from": 8, "to": 5, "vc": [50, 39, 42, 47, 40, 45, 48, 42, 62, 43], "hlc": [921229, 0]}
INFO:<Node 9>:{"send": true, "recv": false, "from": 9, "to": 8, "vc": [55, 38, 38, 44, 40, 39, 48, 42, 53, 47], "hlc": [921230, 1]}
INFO:<Node 0>:{"send": false, "recv": true, "to": 0, "from": 2, "vc": [59, 39, 50, 46, 46, 49, 53, 47, 59, 43], "hlc": [921231, 0]}
INFO:<Node 2>:{"send": false, "recv": true, "to": 2, "from": 5, "vc": [53, 42, 51, 47, 48, 54, 48, 47, 61, 43], "hlc": [921229, 4]}
INFO:<Node 3>:{"send": false, "recv": true, "to": 3, "from": 4, "vc": [53, 42, 49, 50, 50, 49, 51, 47, 59, 43], "hlc": [921230, 2]}
INFO:<Node 5>:{"send": false, "recv": true, "to": 5, "from": 8, "vc": [53, 42, 43, 47, 48, 55, 48, 42, 62, 43], "hlc": [921230, 0]}
INFO:<Node 6>:{"send": false, "recv": true, "to": 6, "from": 1, "vc": [55, 44, 45, 49, 44, 48, 58, 42, 57, 46], "hlc": [921230, 3]}
INFO:<Node 7>:{"send": false, "recv": true, "to": 7, "from": 0, "vc": [58, 39, 45, 46, 46, 51, 53, 51, 57, 42], "hlc": [921230, 2]}
INFO:<Node 7>:{"send": false, "recv": true, "to": 7, "from": 6, "vc": [58, 39, 45, 49, 46, 51, 57, 52, 57, 46], "hlc": [921230, 3]}
INFO:<Node 8>:{"send": false, "recv": true, "to": 8, "from": 7, "vc": [51, 39, 43, 47, 46, 51, 48, 50, 63, 43], "hlc": [921230, 2]}
INFO:<Node 8>:{"send": false, "recv": true, "to": 8, "from": 9, "vc": [55, 39, 43, 47, 46, 51, 48, 50, 64, 47], "hlc": [921230, 3]}
INFO:<Node 1>:{"send": true, "recv": false, "from": 1, "to": 9, "vc": [53, 45, 41, 42, 44, 48, 47, 42, 54, 42], "hlc": [921229, 1]}
INFO:<Node 2>:{"send": true, "recv": false, "from": 2, "to": 6, "vc": [53, 42, 52, 47, 48, 54, 48, 47, 61, 43], "hlc": [921229, 5]}
INFO:<Node 3>:{"send": true, "recv": false, "from": 3, "to": 7, "vc": [53, 42, 49, 51, 50, 49, 51, 47, 59, 43], "hlc": [921230, 3]}
INFO:<Node 6>:{"send": true, "recv": false, "from": 6, "to": 8, "vc": [55, 44, 45, 49, 44, 48, 59, 42, 57, 46], "hlc": [921230, 4]}
INFO:<Node 7>:{"send": true, "recv": false, "from": 7, "to": 6, "vc": [58, 39, 45, 49, 46, 51, 57, 53, 57, 46], "hlc": [921230, 4]}
INFO:<Node 8>:{"send": true, "recv": false, "from": 8, "to": 7, "vc": [55, 39, 43, 47, 46, 51, 48, 50, 65, 47], "hlc": [921230, 4]}
INFO:<Node 9>:{"send": true, "recv": false, "from": 9, "to": 7, "vc": [55, 38, 38, 44, 40, 39, 48, 42, 53, 48], "hlc": [921231, 0]}
INFO:<Node 6>:{"send": false, "recv": true, "to": 6, "from": 2, "vc": [55, 44, 52, 49, 48, 54, 60, 47, 61, 46], "hlc": [921230, 5]}
INFO:<Node 6>:{"send": false, "recv": true, "to": 6, "from": 7, "vc": [58, 44, 52, 49, 48, 54, 61, 53, 61, 46], "hlc": [921230, 6]}
INFO:<Node 7>:{"send": false, "recv": true, "to": 7, "from": 3, "vc": [58, 42, 49, 51, 50, 51, 57, 54, 59, 46], "hlc": [921231, 0]}
INFO:<Node 7>:{"send": false, "recv": true, "to": 7, "from": 8, "vc": [58, 42, 49, 51, 50, 51, 57, 55, 65, 47], "hlc": [921231, 1]}
INFO:<Node 7>:{"send": false, "recv": true, "to": 7, "from": 9, "vc": [58, 42, 49, 51, 50, 51, 57, 56, 65, 48], "hlc": [921231, 2]}
INFO:<Node 8>:{"send": false, "recv": true, "to": 8, "from": 6, "vc": [55, 44, 45, 49, 46, 51, 59, 50, 66, 47], "hlc": [921230, 5]}
INFO:<Node 9>:{"send": false, "recv": true, "to": 9, "from": 1, "vc": [55, 45, 41, 44, 44, 48, 48, 42, 54, 49], "hlc": [921231, 1]}
INFO:<Node 2>:{"send": true, "recv": false, "from": 2, "to": 9, "vc": [53, 42, 53, 47, 48, 54, 48, 47, 61, 43], "hlc": [921229, 6]}
INFO:<Node 7>:{"send": true, "recv": false, "from": 7, "to": 4, "vc": [58, 42, 49, 51, 50, 51, 57, 57, 65, 48], "hlc": [921231, 3]}
INFO:<Node 8>:{"send": true, "recv": false, "from": 8, "to": 7, "vc": [55, 44, 45, 49, 46, 51, 59, 50, 67, 47], "hlc": [921230, 6]}
INFO:<Node 9>:{"send": true, "recv": false, "from": 9, "to": 0, "vc": [55, 45, 41, 44, 44, 48, 48, 42, 54, 50], "hlc": [921231, 2]}
INFO:<Node 0>:{"send": false, "recv": true, "to": 0, "from": 9, "vc": [60, 45, 50, 46, 46, 49, 53, 47, 59, 50], "hlc": [921232, 0]}
INFO:<Node 4>:{"send": false, "recv": true, "to": 4, "from": 7, "vc": [58, 42, 49, 51, 51, 51, 57, 57, 65, 48], "hlc": [921231, 4]}
INFO:<Node 7>:{"send": false, "recv": true, "to": 7, "from": 8, "vc": [58, 44, 49, 51, 50, 51, 59, 58, 67, 48], "hlc": [921231, 4]}
INFO:<Node 9>:{"send": false, "recv": true, "to": 9, "from": 2, "vc": [55, 45, 53, 47, 48, 54, 48, 47, 61, 51], "hlc": [921232, 0]}
INFO:<Node 0>:{"send": true, "recv": false, "from": 0, "to": 5, "vc": [61, 45, 50, 46, 46, 49, 53, 47, 59, 50], "hlc": [921232, 1]}
INFO:<Node 1>:{"send": true, "recv": false, "from": 1, "to": 6, "vc": [53, 46, 41, 42, 44, 48, 47, 42, 54, 42], "hlc": [921230, 0]}
INFO:<Node 3>:{"send": true, "recv": false, "from": 3, "to": 7, "vc": [53, 42, 49, 52, 50, 49, 51, 47, 59, 43], "hlc": [921230, 4]}
INFO:<Node 5>:{"send": true, "recv": false, "from": 5, "to": 6, "vc": [53, 42, 43, 47, 48, 56, 48, 42, 62, 43], "hlc": [921231, 0]}
INFO:<Node 6>:{"send": true, "recv": false, "from": 6, "to": 5, "vc": [58, 44, 52, 49, 48, 54, 62, 53, 61, 46], "hlc": [921230, 7]}
INFO:<Node 7>:{"send": true, "recv": false, "from": 7, "to": 4, "vc": [58, 44, 49, 51, 50, 51, 59, 59, 67, 48], "hlc": [921231, 5]}
INFO:<Node 4>:{"send": false, "recv": true, "to": 4, "from": 7, "vc": [58, 44, 49, 51, 52, 51, 59, 59, 67, 48], "hlc": [921232, 0]}
INFO:<Node 5>:{"send": false, "recv": true, "to": 5, "from": 0, "vc": [61, 45, 50, 47, 48, 57, 53, 47, 62, 50], "hlc": [921232, 2]}
INFO:<Node 5>:{"send": false, "recv": true, "to": 5, "from": 6, "vc": [61, 45, 52, 49, 48, 58, 62, 53, 62, 50], "hlc": [921232, 3]}
INFO:<Node 6>:{"send": false, "recv": true, "to": 6, "from": 1, "vc": [58, 46, 52, 49, 48, 54, 63, 53, 61, 46], "hlc": [921230, 8]}
INFO:<Node 6>:{"send": false, "recv": true, "to": 6, "from": 5, "vc": [58, 46, 52, 49, 48, 56, 64, 53, 62, 46], "hlc": [921231, 1]}
INFO:<Node 7>:{"send": false, "recv": true, "to": 7, "from": 3, "vc": [58, 44, 49, 52, 50, 51, 59, 60, 67, 48], "hlc": [921232, 0]}
INFO:<Node 2>:{"send": true, "recv": false, "from": 2, "to": 7, "vc": [53, 42, 54, 47, 48, 54, 48, 47, 61, 43], "hlc": [921230, 0]}
INFO:<Node 3>:{"send": true, "recv": false, "from": 3, "to": 8, "vc": [53, 42, 49, 53, 50, 49, 51, 47, 59, 43], "hlc": [921230, 5]}
INFO:<Node 4>:{"send": true, "recv": false, "from": 4, "to": 7, "vc": [58, 44, 49, 51, 53, 51, 59, 59, 67, 48], "hlc": [921232, 1]}
INFO:<Node 6>:{"send": true, "recv": false, "from": 6, "to": 0, "vc": [58, 46, 52, 49, 48, 56, 65, 53, 62, 46], "hlc": [921231, 2]}
INFO:<Node 7>:{"send": true, "recv": false, "from": 7, "to": 8, "vc": [58, 44, 49, 52, 50, 51, 59, 61, 67, 48], "hlc": [921232, 1]}
INFO:<Node 0>:{"send": false, "recv": true, "to": 0, "from": 6, "vc": [62, 46, 52, 49, 48, 56, 65, 53, 62, 50], "hlc": [921233, 0]}
INFO:<Node 7>:{"send": false, "recv": true, "to": 7, "from": 2, "vc": [58, 44, 54, 52, 50, 54, 59, 62, 67, 48], "hlc": [921232, 2]}
INFO:<Node 7>:{"send": false, "recv": true, "to": 7, "from": 4, "vc": [58, 44, 54, 52, 53, 54, 59, 63, 67, 48], "hlc": [921232, 3]}
INFO:<Node 8>:{"send": false, "recv": true, "to": 8, "from": 3, "vc": [55, 44, 49, 53, 50, 51, 59, 50, 68, 47], "hlc": [921231, 0]}
INFO:<Node 8>:{"send": false, "recv": true, "to": 8, "from": 7, "vc": [58, 44, 49, 53, 50, 51, 59, 61, 69, 48], "hlc": [921232, 2]}
INFO:<Node 2>:{"send": true, "recv": false, "from": 2, "to": 7, "vc": [53, 42, 55, 47, 48, 54, 48, 47, 61, 43], "hlc": [921231, 0]}
INFO:<Node 4>:{"send": true, "recv": false, "from": 4, "to": 8, "vc": [58, 44, 49, 51, 54, 51, 59, 59, 67, 48], "hlc": [921232, 2]}
INFO:<Node 5>:{"send": true, "recv": false, "from": 5, "to": 0, "vc": [61, 45, 52, 49, 48, 59, 62, 53, 62, 50], "hlc": [921232, 4]}
INFO:<Node 6>:{"send": true, "recv": false, "from": 6, "to": 9, "vc": [58, 46, 52, 49, 48, 56, 66, 53, 62, 46], "hlc": [921231, 3]}
INFO:<Node 0>:{"send": false, "recv": true, "to": 0, "from": 5, "vc": [63, 46, 52, 49, 48, 59, 65, 53, 62, 50], "hlc": [921233, 1]}
INFO:<Node 7>:{"send": false, "recv": true, "to": 7, "from": 2, "vc": [58, 44, 55, 52, 53, 54, 59, 64, 67, 48], "hlc": [921233, 0]}
INFO:<Node 8>:{"send": false, "recv": true, "to": 8, "from": 4, "vc": [58, 44, 49, 53, 54, 51, 59, 61, 70, 48], "hlc": [921232, 3]}
INFO:<Node 9>:{"send": false, "recv": true, "to": 9, "from": 6, "vc": [58, 46, 53, 49, 48, 56, 66, 53, 62, 52], "hlc": [921233, 0]}
