INFO:root:Random workload: num sockets: 10, num iterations: 50, base address: 41600, chance of send: 3 in 5, round delay (s): 0.5, max clock drift (s): 7.5, actual clock drifts: [-6.37760886140426, -4.677891036411449, 4.818395778005279, -1.867668897931563, -3.3327177088484916, -1.4985504667082843, 5.7418570015691, 0.8382237255644771, -6.3029917511800715, -2.816306075945107]
INFO:<Node 1>:{"send": true, "recv": false, "from": 1, "to": 3, "vc": [0, 1, 0, 0, 0, 0, 0, 0, 0, 0], "hlc": [921702, 1]}
INFO:<Node 4>:{"send": true, "recv": false, "from": 4, "to": 7, "vc": [0, 0, 0, 0, 1, 0, 0, 0, 0, 0], "hlc": [921702, 1]}
INFO:<Node 5>:{"send": true, "recv": false, "from": 5, "to": 6, "vc": [0, 0, 0, 0, 0, 1, 0, 0, 0, 0], "hlc": [921702, 1]}
INFO:<Node 6>:{"send": true, "recv": false, "from": 6, "to": 2, "vc": [0, 0, 0, 0, 0, 0, 1, 0, 0, 0], "hlc": [921708, 0]}
INFO:<Node 8>:{"send": true, "recv": false, "from": 8, "to": 0, "vc": [0, 0, 0, 0, 0, 0, 0, 0, 1, 0], "hlc": [921702, 1]}
INFO:<Node 0>:{"send": false, "recv": true, "to": 0, "from": 8, "vc": [1, 0, 0, 0, 0, 0, 0, 0, 1, 0], "hlc": [921702, 2]}
INFO:<Node 2>:{"send": false, "recv": true, "to": 2, "from": 6, "vc": [0, 0, 1, 0, 0, 0, 1, 0, 0, 0], "hlc": [921708, 1]}
INFO:<Node 3>:{"send": false, "recv": true, "to": 3, "from": 1, "vc": [0, 1, 0, 1, 0, 0, 0, 0, 0, 0], "hlc": [921702, 2]}
INFO:<Node 6>:{"send": false, "recv": true, "to": 6, "from": 5, "vc": [0, 0, 0, 0, 0, 1, 2, 0, 0, 0], "hlc": [921709, 0]}
INFO:<Node 7>:{"send": false, "recv": true, "to": 7, "from": 4, "vc": [0, 0, 0, 0, 1, 0, 0, 1, 0, 0], "hlc": [921704, 0]}
INFO:<Node 0>:{"send": true, "recv": false, "from": 0, "to": 9, "vc": [2, 0, 0, 0, 0, 0, 0, 0, 1, 0], "hlc": [921702, 3]}
INFO:<Node 1>:{"send": true, "recv": false, "from": 1, "to": 4, "vc": [0, 2, 0, 0, 0, 0, 0, 0, 0, 0], "hlc": [921702, 2]}
INFO:<Node 2>:{"send": true, "recv": false, "from": 2, "to": 4, "vc": [0, 0, 2, 0, 0, 0, 1, 0, 0, 0], "hlc": [921708, 2]}
INFO:<Node 3>:{"send": true, "recv": false, "from": 3, "to": 0, "vc": [0, 1, 0, 2, 0, 0, 0, 0, 0, 0], "hlc": [921702, 3]}
INFO:<Node 4>:{"send": true, "recv": false, "from": 4, "to": 1, "vc": [0, 0, 0, 0, 2, 0, 0, 0, 0, 0], "hlc": [921702, 2]}
INFO:<Node 7>:{"send": true, "recv": false, "from": 7, "to": 1, "vc": [0, 0, 0, 0, 1, 0, 0, 2, 0, 0], "hlc": [921704, 1]}
INFO:<Node 8>:{"send": true, "recv": false, "from": 8, "to": 0, "vc": [0, 0, 0, 0, 0, 0, 0, 0, 2, 0], "hlc": [921702, 2]}
INFO:<Node 9>:{"send": true, "recv": false, "from": 9, "to": 6, "vc": [0, 0, 0, 0, 0, 0, 0, 0, 0, 1], "hlc": [921702, 1]}
INFO:<Node 0>:{"send": false, "recv": true, "to": 0, "from": 3, "vc": [3, 1, 0, 2, 0, 0, 0, 0, 1, 0], "hlc": [921702, 4]}
INFO:<Node 0>:{"send": false, "recv": true, "to": 0, "from": 8, "vc": [4, 1, 0, 2, 0, 0, 0, 0, 2, 0], "hlc": [921702, 5]}
INFO:<Node 1>:{"send": false, "recv": true, "to": 1, "from": 4, "vc": [0, 3, 0, 0, 2, 0, 0, 0, 0, 0], "hlc": [921702, 3]}
INFO:<Node 1>:{"send": false, "recv": true, "to": 1, "from": 7, "vc": [0, 4, 0, 0, 2, 0, 0, 2, 0, 0], "hlc": [921704, 2]}
INFO:<Node 4>:{"send": false, "recv": true, "to": 4, "from": 1, "vc": [0, 2, 0, 0, 3, 0, 0, 0, 0, 0], "hlc": [921702, 3]}
INFO:<Node 4>:{"send": false, "recv": true, "to": 4, "from": 2, "vc": [0, 2, 2, 0, 4, 0, 1, 0, 0, 0], "hlc": [921708, 3]}
INFO:<Node 6>:{"send": false, "recv": true, "to": 6, "from": 9, "vc": [0, 0, 0, 0, 0, 1, 3, 0, 0, 1], "hlc": [921709, 1]}
INFO:<Node 9>:{"send": false, "recv": true, "to": 9, "from": 0, "vc": [2, 0, 0, 0, 0, 0, 0, 0, 1, 2], "hlc": [921702, 4]}
INFO:<Node 0>:{"send": true, "recv": false, "from": 0, "to": 7, "vc": [5, 1, 0, 2, 0, 0, 0, 0, 2, 0], "hlc": [921702, 6]}
INFO:<Node 1>:{"send": true, "recv": false, "from": 1, "to": 3, "vc": [0, 5, 0, 0, 2, 0, 0, 2, 0, 0], "hlc": [921704, 3]}
INFO:<Node 3>:{"send": true, "recv": false, "from": 3, "to": 9, "vc": [0, 1, 0, 3, 0, 0, 0, 0, 0, 0], "hlc": [921702, 4]}
INFO:<Node 4>:{"send": true, "recv": false, "from": 4, "to": 0, "vc": [0, 2, 2, 0, 5, 0, 1, 0, 0, 0], "hlc": [921708, 4]}
INFO:<Node 6>:{"send": true, "recv": false, "from": 6, "to": 7, "vc": [0, 0, 0, 0, 0, 1, 4, 0, 0, 1], "hlc": [921709, 2]}
INFO:<Node 7>:{"send": true, "recv": false, "from": 7, "to": 8, "vc": [0, 0, 0, 0, 1, 0, 0, 3, 0, 0], "hlc": [921704, 2]}
INFO:<Node 8>:{"send": true, "recv": false, "from": 8, "to": 5, "vc": [0, 0, 0, 0, 0, 0, 0, 0, 3, 0], "hlc": [921702, 3]}
INFO:<Node 0>:{"send": false, "recv": true, "to": 0, "from": 4, "vc": [6, 2, 2, 2, 5, 0, 1, 0, 2, 0], "hlc": [921708, 5]}
INFO:<Node 3>:{"send": false, "recv": true, "to": 3, "from": 1, "vc": [0, 5, 0, 4, 2, 0, 0, 2, 0, 0], "hlc": [921704, 4]}
INFO:<Node 5>:{"send": false, "recv": true, "to": 5, "from": 8, "vc": [0, 0, 0, 0, 0, 2, 0, 0, 3, 0], "hlc": [921702, 4]}
INFO:<Node 7>:{"send": false, "recv": true, "to": 7, "from": 0, "vc": [5, 1, 0, 2, 1, 0, 0, 4, 2, 0], "hlc": [921705, 0]}
INFO:<Node 7>:{"send": false, "recv": true, "to": 7, "from": 6, "vc": [5, 1, 0, 2, 1, 1, 4, 5, 2, 1], "hlc": [921709, 3]}
INFO:<Node 8>:{"send": false, "recv": true, "to": 8, "from": 7, "vc": [0, 0, 0, 0, 1, 0, 0, 3, 4, 0], "hlc": [921704, 3]}
INFO:<Node 9>:{"send": false, "recv": true, "to": 9, "from": 3, "vc": [2, 1, 0, 3, 0, 0, 0, 0, 1, 3], "hlc": [921702, 5]}
INFO:<Node 1>:{"send": true, "recv": false, "from": 1, "to": 0, "vc": [0, 6, 0, 0, 2, 0, 0, 2, 0, 0], "hlc": [921704, 4]}
INFO:<Node 2>:{"send": true, "recv": false, "from": 2, "to": 4, "vc": [0, 0, 3, 0, 0, 0, 1, 0, 0, 0], "hlc": [921709, 0]}
INFO:<Node 5>:{"send": true, "recv": false, "from": 5, "to": 2, "vc": [0, 0, 0, 0, 0, 3, 0, 0, 3, 0], "hlc": [921702, 5]}
INFO:<Node 6>:{"send": true, "recv": false, "from": 6, "to": 1, "vc": [0, 0, 0, 0, 0, 1, 5, 0, 0, 1], "hlc": [921710, 0]}
INFO:<Node 7>:{"send": true, "recv": false, "from": 7, "to": 1, "vc": [5, 1, 0, 2, 1, 1, 4, 6, 2, 1], "hlc": [921709, 4]}
INFO:<Node 9>:{"send": true, "recv": false, "from": 9, "to": 5, "vc": [2, 1, 0, 3, 0, 0, 0, 0, 1, 4], "hlc": [921702, 6]}
INFO:<Node 0>:{"send": false, "recv": true, "to": 0, "from": 1, "vc": [7, 6, 2, 2, 5, 0, 1, 2, 2, 0], "hlc": [921708, 6]}
INFO:<Node 1>:{"send": false, "recv": true, "to": 1, "from": 6, "vc": [0, 7, 0, 0, 2, 1, 5, 2, 0, 1], "hlc": [921710, 1]}
INFO:<Node 1>:{"send": false, "recv": true, "to": 1, "from": 7, "vc": [5, 8, 0, 2, 2, 1, 5, 6, 2, 1], "hlc": [921710, 2]}
INFO:<Node 2>:{"send": false, "recv": true, "to": 2, "from": 5, "vc": [0, 0, 4, 0, 0, 3, 1, 0, 3, 0], "hlc": [921709, 1]}
INFO:<Node 4>:{"send": false, "recv": true, "to": 4, "from": 2, "vc": [0, 2, 3, 0, 6, 0, 1, 0, 0, 0], "hlc": [921709, 1]}
INFO:<Node 5>:{"send": false, "recv": true, "to": 5, "from": 9, "vc": [2, 1, 0, 3, 0, 4, 0, 0, 3, 4], "hlc": [921703, 0]}
INFO:<Node 0>:{"send": true, "recv": false, "from": 0, "to": 9, "vc": [8, 6, 2, 2, 5, 0, 1, 2, 2, 0], "hlc": [921708, 7]}
INFO:<Node 1>:{"send": true, "recv": false, "from": 1, "to": 2, "vc": [5, 9, 0, 2, 2, 1, 5, 6, 2, 1], "hlc": [921710, 3]}
INFO:<Node 2>:{"send": true, "recv": false, "from": 2, "to": 7, "vc": [0, 0, 5, 0, 0, 3, 1, 0, 3, 0], "hlc": [921709, 2]}
INFO:<Node 3>:{"send": true, "recv": false, "from": 3, "to": 1, "vc": [0, 5, 0, 5, 2, 0, 0, 2, 0, 0], "hlc": [921704, 5]}
INFO:<Node 4>:{"send": true, "recv": false, "from": 4, "to": 7, "vc": [0, 2, 3, 0, 7, 0, 1, 0, 0, 0], "hlc": [921709, 2]}
INFO:<Node 5>:{"send": true, "recv": false, "from": 5, "to": 3, "vc": [2, 1, 0, 3, 0, 5, 0, 0, 3, 4], "hlc": [921703, 1]}
INFO:<Node 8>:{"send": true, "recv": false, "from": 8, "to": 2, "vc": [0, 0, 0, 0, 1, 0, 0, 3, 5, 0], "hlc": [921704, 4]}
INFO:<Node 1>:{"send": false, "recv": true, "to": 1, "from": 3, "vc": [5, 10, 0, 5, 2, 1, 5, 6, 2, 1], "hlc": [921710, 4]}
INFO:<Node 2>:{"send": false, "recv": true, "to": 2, "from": 1, "vc": [5, 9, 6, 2, 2, 3, 5, 6, 3, 1], "hlc": [921710, 4]}
INFO:<Node 2>:{"send": false, "recv": true, "to": 2, "from": 8, "vc": [5, 9, 7, 2, 2, 3, 5, 6, 5, 1], "hlc": [921710, 5]}
INFO:<Node 3>:{"send": false, "recv": true, "to": 3, "from": 5, "vc": [2, 5, 0, 6, 2, 5, 0, 2, 3, 4], "hlc": [921704, 6]}
INFO:<Node 7>:{"send": false, "recv": true, "to": 7, "from": 2, "vc": [5, 1, 5, 2, 1, 3, 4, 7, 3, 1], "hlc": [921709, 5]}
INFO:<Node 7>:{"send": false, "recv": true, "to": 7, "from": 4, "vc": [5, 2, 5, 2, 7, 3, 4, 8, 3, 1], "hlc": [921709, 6]}
INFO:<Node 9>:{"send": false, "recv": true, "to": 9, "from": 0, "vc": [8, 6, 2, 3, 5, 0, 1, 2, 2, 5], "hlc": [921708, 8]}
INFO:<Node 0>:{"send": true, "recv": false, "from": 0, "to": 7, "vc": [9, 6, 2, 2, 5, 0, 1, 2, 2, 0], "hlc": [921708, 8]}
INFO:<Node 1>:{"send": true, "recv": false, "from": 1, "to": 6, "vc": [5, 11, 0, 5, 2, 1, 5, 6, 2, 1], "hlc": [921710, 5]}
INFO:<Node 2>:{"send": true, "recv": false, "from": 2, "to": 5, "vc": [5, 9, 8, 2, 2, 3, 5, 6, 5, 1], "hlc": [921710, 6]}
INFO:<Node 3>:{"send": true, "recv": false, "from": 3, "to": 9, "vc": [2, 5, 0, 7, 2, 5, 0, 2, 3, 4], "hlc": [921704, 7]}
INFO:<Node 5>:{"send": true, "recv": false, "from": 5, "to": 6, "vc": [2, 1, 0, 3, 0, 6, 0, 0, 3, 4], "hlc": [921703, 2]}
INFO:<Node 6>:{"send": true, "recv": false, "from": 6, "to": 0, "vc": [0, 0, 0, 0, 0, 1, 6, 0, 0, 1], "hlc": [921711, 0]}
INFO:<Node 7>:{"send": true, "recv": false, "from": 7, "to": 4, "vc": [5, 2, 5, 2, 7, 3, 4, 9, 3, 1], "hlc": [921709, 7]}
INFO:<Node 0>:{"send": false, "recv": true, "to": 0, "from": 6, "vc": [10, 6, 2, 2, 5, 1, 6, 2, 2, 1], "hlc": [921711, 1]}
INFO:<Node 4>:{"send": false, "recv": true, "to": 4, "from": 7, "vc": [5, 2, 5, 2, 8, 3, 4, 9, 3, 1], "hlc": [921709, 8]}
INFO:<Node 5>:{"send": false, "recv": true, "to": 5, "from": 2, "vc": [5, 9, 8, 3, 2, 7, 5, 6, 5, 4], "hlc": [921710, 7]}
INFO:<Node 6>:{"send": false, "recv": true, "to": 6, "from": 1, "vc": [5, 11, 0, 5, 2, 1, 7, 6, 2, 1], "hlc": [921711, 1]}
INFO:<Node 6>:{"send": false, "recv": true, "to": 6, "from": 5, "vc": [5, 11, 0, 5, 2, 6, 8, 6, 3, 4], "hlc": [921711, 2]}
INFO:<Node 7>:{"send": false, "recv": true, "to": 7, "from": 0, "vc": [9, 6, 5, 2, 7, 3, 4, 10, 3, 1], "hlc": [921709, 8]}
INFO:<Node 9>:{"send": false, "recv": true, "to": 9, "from": 3, "vc": [8, 6, 2, 7, 5, 5, 1, 2, 3, 6], "hlc": [921708, 9]}
INFO:<Node 1>:{"send": true, "recv": false, "from": 1, "to": 2, "vc": [5, 12, 0, 5, 2, 1, 5, 6, 2, 1], "hlc": [921710, 6]}
INFO:<Node 4>:{"send": true, "recv": false, "from": 4, "to": 9, "vc": [5, 2, 5, 2, 9, 3, 4, 9, 3, 1], "hlc": [921709, 9]}
INFO:<Node 6>:{"send": true, "recv": false, "from": 6, "to": 4, "vc": [5, 11, 0, 5, 2, 6, 9, 6, 3, 4], "hlc": [921711, 3]}
INFO:<Node 7>:{"send": true, "recv": false, "from": 7, "to": 0, "vc": [9, 6, 5, 2, 7, 3, 4, 11, 3, 1], "hlc": [921709, 9]}
INFO:<Node 0>:{"send": false, "recv": true, "to": 0, "from": 7, "vc": [11, 6, 5, 2, 7, 3, 6, 11, 3, 1], "hlc": [921711, 2]}
INFO:<Node 2>:{"send": false, "recv": true, "to": 2, "from": 1, "vc": [5, 12, 9, 5, 2, 3, 5, 6, 5, 1], "hlc": [921711, 0]}
INFO:<Node 4>:{"send": false, "recv": true, "to": 4, "from": 6, "vc": [5, 11, 5, 5, 10, 6, 9, 9, 3, 4], "hlc": [921711, 4]}
INFO:<Node 9>:{"send": false, "recv": true, "to": 9, "from": 4, "vc": [8, 6, 5, 7, 9, 5, 4, 9, 3, 7], "hlc": [921709, 10]}
INFO:<Node 1>:{"send": true, "recv": false, "from": 1, "to": 0, "vc": [5, 13, 0, 5, 2, 1, 5, 6, 2, 1], "hlc": [921710, 7]}
INFO:<Node 2>:{"send": true, "recv": false, "from": 2, "to": 3, "vc": [5, 12, 10, 5, 2, 3, 5, 6, 5, 1], "hlc": [921711, 1]}
INFO:<Node 3>:{"send": true, "recv": false, "from": 3, "to": 5, "vc": [2, 5, 0, 8, 2, 5, 0, 2, 3, 4], "hlc": [921704, 8]}
INFO:<Node 5>:{"send": true, "recv": false, "from": 5, "to": 8, "vc": [5, 9, 8, 3, 2, 8, 5, 6, 5, 4], "hlc": [921710, 8]}
INFO:<Node 7>:{"send": true, "recv": false, "from": 7, "to": 0, "vc": [9, 6, 5, 2, 7, 3, 4, 12, 3, 1], "hlc": [921709, 10]}
INFO:<Node 9>:{"send": true, "recv": false, "from": 9, "to": 2, "vc": [8, 6, 5, 7, 9, 5, 4, 9, 3, 8], "hlc": [921709, 11]}
INFO:<Node 0>:{"send": false, "recv": true, "to": 0, "from": 1, "vc": [12, 13, 5, 5, 7, 3, 6, 11, 3, 1], "hlc": [921711, 3]}
INFO:<Node 0>:{"send": false, "recv": true, "to": 0, "from": 7, "vc": [13, 13, 5, 5, 7, 3, 6, 12, 3, 1], "hlc": [921711, 4]}
INFO:<Node 2>:{"send": false, "recv": true, "to": 2, "from": 9, "vc": [8, 12, 11, 7, 9, 5, 5, 9, 5, 8], "hlc": [921711, 2]}
INFO:<Node 3>:{"send": false, "recv": true, "to": 3, "from": 2, "vc": [5, 12, 10, 9, 2, 5, 5, 6, 5, 4], "hlc": [921711, 2]}
INFO:<Node 5>:{"send": false, "recv": true, "to": 5, "from": 3, "vc": [5, 9, 8, 8, 2, 9, 5, 6, 5, 4], "hlc": [921710, 9]}
INFO:<Node 8>:{"send": false, "recv": true, "to": 8, "from": 5, "vc": [5, 9, 8, 3, 2, 8, 5, 6, 6, 4], "hlc": [921710, 9]}
INFO:<Node 1>:{"send": true, "recv": false, "from": 1, "to": 9, "vc": [5, 14, 0, 5, 2, 1, 5, 6, 2, 1], "hlc": [921710, 8]}
INFO:<Node 2>:{"send": true, "recv": false, "from": 2, "to": 1, "vc": [8, 12, 12, 7, 9, 5, 5, 9, 5, 8], "hlc": [921711, 3]}
INFO:<Node 4>:{"send": true, "recv": false, "from": 4, "to": 1, "vc": [5, 11, 5, 5, 11, 6, 9, 9, 3, 4], "hlc": [921711, 5]}
INFO:<Node 5>:{"send": true, "recv": false, "from": 5, "to": 8, "vc": [5, 9, 8, 8, 2, 10, 5, 6, 5, 4], "hlc": [921710, 10]}
INFO:<Node 6>:{"send": true, "recv": false, "from": 6, "to": 2, "vc": [5, 11, 0, 5, 2, 6, 10, 6, 3, 4], "hlc": [921712, 0]}
INFO:<Node 7>:{"send": true, "recv": false, "from": 7, "to": 0, "vc": [9, 6, 5, 2, 7, 3, 4, 13, 3, 1], "hlc": [921709, 11]}
INFO:<Node 8>:{"send": true, "recv": false, "from": 8, "to": 2, "vc": [5, 9, 8, 3, 2, 8, 5, 6, 7, 4], "hlc": [921710, 10]}
INFO:<Node 9>:{"send": true, "recv": false, "from": 9, "to": 2, "vc": [8, 6, 5, 7, 9, 5, 4, 9, 3, 9], "hlc": [921709, 12]}
INFO:<Node 0>:{"send": false, "recv": true, "to": 0, "from": 7, "vc": [14, 13, 5, 5, 7, 3, 6, 13, 3, 1], "hlc": [921711, 5]}
INFO:<Node 1>:{"send": false, "recv": true, "to": 1, "from": 2, "vc": [8, 15, 12, 7, 9, 5, 5, 9, 5, 8], "hlc": [921711, 4]}
INFO:<Node 1>:{"send": false, "recv": true, "to": 1, "from": 4, "vc": [8, 16, 12, 7, 11, 6, 9, 9, 5, 8], "hlc": [921711, 6]}
INFO:<Node 2>:{"send": false, "recv": true, "to": 2, "from": 6, "vc": [8, 12, 13, 7, 9, 6, 10, 9, 5, 8], "hlc": [921712, 1]}
INFO:<Node 2>:{"send": false, "recv": true, "to": 2, "from": 8, "vc": [8, 12, 14, 7, 9, 8, 10, 9, 7, 8], "hlc": [921712, 2]}
INFO:<Node 2>:{"send": false, "recv": true, "to": 2, "from": 9, "vc": [8, 12, 15, 7, 9, 8, 10, 9, 7, 9], "hlc": [921712, 3]}
INFO:<Node 8>:{"send": false, "recv": true, "to": 8, "from": 5, "vc": [5, 9, 8, 8, 2, 10, 5, 6, 8, 4], "hlc": [921710, 11]}
INFO:<Node 9>:{"send": false, "recv": true, "to": 9, "from": 1, "vc": [8, 14, 5, 7, 9, 5, 5, 9, 3, 10], "hlc": [921710, 9]}
INFO:<Node 0>:{"send": true, "recv": false, "from": 0, "to": 4, "vc": [15, 13, 5, 5, 7, 3, 6, 13, 3, 1], "hlc": [921711, 6]}
INFO:<Node 1>:{"send": true, "recv": false, "from": 1, "to": 8, "vc": [8, 17, 12, 7, 11, 6, 9, 9, 5, 8], "hlc": [921711, 7]}
INFO:<Node 4>:{"send": true, "recv": false, "from": 4, "to": 1, "vc": [5, 11, 5, 5, 12, 6, 9, 9, 3, 4], "hlc": [921711, 6]}
INFO:<Node 6>:{"send": true, "recv": false, "from": 6, "to": 9, "vc": [5, 11, 0, 5, 2, 6, 11, 6, 3, 4], "hlc": [921713, 0]}
INFO:<Node 8>:{"send": true, "recv": false, "from": 8, "to": 0, "vc": [5, 9, 8, 8, 2, 10, 5, 6, 9, 4], "hlc": [921710, 12]}
INFO:<Node 9>:{"send": true, "recv": false, "from": 9, "to": 1, "vc": [8, 14, 5, 7, 9, 5, 5, 9, 3, 11], "hlc": [921710, 10]}
INFO:<Node 0>:{"send": false, "recv": true, "to": 0, "from": 8, "vc": [16, 13, 8, 8, 7, 10, 6, 13, 9, 4], "hlc": [921711, 7]}
INFO:<Node 1>:{"send": false, "recv": true, "to": 1, "from": 4, "vc": [8, 18, 12, 7, 12, 6, 9, 9, 5, 8], "hlc": [921711, 8]}
INFO:<Node 1>:{"send": false, "recv": true, "to": 1, "from": 9, "vc": [8, 19, 12, 7, 12, 6, 9, 9, 5, 11], "hlc": [921711, 9]}
INFO:<Node 4>:{"send": false, "recv": true, "to": 4, "from": 0, "vc": [15, 13, 5, 5, 13, 6, 9, 13, 3, 4], "hlc": [921711, 7]}
INFO:<Node 8>:{"send": false, "recv": true, "to": 8, "from": 1, "vc": [8, 17, 12, 8, 11, 10, 9, 9, 10, 8], "hlc": [921711, 8]}
INFO:<Node 9>:{"send": false, "recv": true, "to": 9, "from": 6, "vc": [8, 14, 5, 7, 9, 6, 11, 9, 3, 12], "hlc": [921713, 1]}
INFO:<Node 0>:{"send": true, "recv": false, "from": 0, "to": 1, "vc": [17, 13, 8, 8, 7, 10, 6, 13, 9, 4], "hlc": [921711, 8]}
INFO:<Node 1>:{"send": true, "recv": false, "from": 1, "to": 4, "vc": [8, 20, 12, 7, 12, 6, 9, 9, 5, 11], "hlc": [921711, 10]}
INFO:<Node 2>:{"send": true, "recv": false, "from": 2, "to": 6, "vc": [8, 12, 16, 7, 9, 8, 10, 9, 7, 9], "hlc": [921712, 4]}
INFO:<Node 5>:{"send": true, "recv": false, "from": 5, "to": 2, "vc": [5, 9, 8, 8, 2, 11, 5, 6, 5, 4], "hlc": [921710, 11]}
INFO:<Node 6>:{"send": true, "recv": false, "from": 6, "to": 7, "vc": [5, 11, 0, 5, 2, 6, 12, 6, 3, 4], "hlc": [921713, 1]}
INFO:<Node 8>:{"send": true, "recv": false, "from": 8, "to": 2, "vc": [8, 17, 12, 8, 11, 10, 9, 9, 11, 8], "hlc": [921711, 9]}
INFO:<Node 9>:{"send": true, "recv": false, "from": 9, "to": 4, "vc": [8, 14, 5, 7, 9, 6, 11, 9, 3, 13], "hlc": [921713, 2]}
INFO:<Node 1>:{"send": false, "recv": true, "to": 1, "from": 0, "vc": [17, 21, 12, 8, 12, 10, 9, 13, 9, 11], "hlc": [921711, 11]}
INFO:<Node 2>:{"send": false, "recv": true, "to": 2, "from": 5, "vc": [8, 12, 17, 8, 9, 11, 10, 9, 7, 9], "hlc": [921713, 0]}
INFO:<Node 2>:{"send": false, "recv": true, "to": 2, "from": 8, "vc": [8, 17, 18, 8, 11, 11, 10, 9, 11, 9], "hlc": [921713, 1]}
INFO:<Node 4>:{"send": false, "recv": true, "to": 4, "from": 1, "vc": [15, 20, 12, 7, 14, 6, 9, 13, 5, 11], "hlc": [921711, 11]}
INFO:<Node 4>:{"send": false, "recv": true, "to": 4, "from": 9, "vc": [15, 20, 12, 7, 15, 6, 11, 13, 5, 13], "hlc": [921713, 3]}
INFO:<Node 6>:{"send": false, "recv": true, "to": 6, "from": 2, "vc": [8, 12, 16, 7, 9, 8, 13, 9, 7, 9], "hlc": [921714, 0]}
INFO:<Node 7>:{"send": false, "recv": true, "to": 7, "from": 6, "vc": [9, 11, 5, 5, 7, 6, 12, 14, 3, 4], "hlc": [921713, 2]}
INFO:<Node 1>:{"send": true, "recv": false, "from": 1, "to": 0, "vc": [17, 22, 12, 8, 12, 10, 9, 13, 9, 11], "hlc": [921711, 12]}
INFO:<Node 4>:{"send": true, "recv": false, "from": 4, "to": 6, "vc": [15, 20, 12, 7, 16, 6, 11, 13, 5, 13], "hlc": [921713, 4]}
INFO:<Node 6>:{"send": true, "recv": false, "from": 6, "to": 0, "vc": [8, 12, 16, 7, 9, 8, 14, 9, 7, 9], "hlc": [921714, 1]}
INFO:<Node 8>:{"send": true, "recv": false, "from": 8, "to": 0, "vc": [8, 17, 12, 8, 11, 10, 9, 9, 12, 8], "hlc": [921711, 10]}
INFO:<Node 9>:{"send": true, "recv": false, "from": 9, "to": 5, "vc": [8, 14, 5, 7, 9, 6, 11, 9, 3, 14], "hlc": [921713, 3]}
INFO:<Node 0>:{"send": false, "recv": true, "to": 0, "from": 1, "vc": [18, 22, 12, 8, 12, 10, 9, 13, 9, 11], "hlc": [921711, 13]}
INFO:<Node 0>:{"send": false, "recv": true, "to": 0, "from": 6, "vc": [19, 22, 16, 8, 12, 10, 14, 13, 9, 11], "hlc": [921714, 2]}
INFO:<Node 0>:{"send": false, "recv": true, "to": 0, "from": 8, "vc": [20, 22, 16, 8, 12, 10, 14, 13, 12, 11], "hlc": [921714, 3]}
INFO:<Node 5>:{"send": false, "recv": true, "to": 5, "from": 9, "vc": [8, 14, 8, 8, 9, 12, 11, 9, 5, 14], "hlc": [921713, 4]}
INFO:<Node 6>:{"send": false, "recv": true, "to": 6, "from": 4, "vc": [15, 20, 16, 7, 16, 8, 15, 13, 7, 13], "hlc": [921714, 2]}
INFO:<Node 0>:{"send": true, "recv": false, "from": 0, "to": 3, "vc": [21, 22, 16, 8, 12, 10, 14, 13, 12, 11], "hlc": [921714, 4]}
INFO:<Node 2>:{"send": true, "recv": false, "from": 2, "to": 0, "vc": [8, 17, 19, 8, 11, 11, 10, 9, 11, 9], "hlc": [921713, 2]}
INFO:<Node 4>:{"send": true, "recv": false, "from": 4, "to": 1, "vc": [15, 20, 12, 7, 17, 6, 11, 13, 5, 13], "hlc": [921713, 5]}
INFO:<Node 5>:{"send": true, "recv": false, "from": 5, "to": 6, "vc": [8, 14, 8, 8, 9, 13, 11, 9, 5, 14], "hlc": [921713, 5]}
INFO:<Node 6>:{"send": true, "recv": false, "from": 6, "to": 3, "vc": [15, 20, 16, 7, 16, 8, 16, 13, 7, 13], "hlc": [921714, 3]}
INFO:<Node 7>:{"send": true, "recv": false, "from": 7, "to": 4, "vc": [9, 11, 5, 5, 7, 6, 12, 15, 3, 4], "hlc": [921713, 3]}
INFO:<Node 8>:{"send": true, "recv": false, "from": 8, "to": 9, "vc": [8, 17, 12, 8, 11, 10, 9, 9, 13, 8], "hlc": [921711, 11]}
INFO:<Node 9>:{"send": true, "recv": false, "from": 9, "to": 8, "vc": [8, 14, 5, 7, 9, 6, 11, 9, 3, 15], "hlc": [921713, 4]}
INFO:<Node 0>:{"send": false, "recv": true, "to": 0, "from": 2, "vc": [22, 22, 19, 8, 12, 11, 14, 13, 12, 11], "hlc": [921714, 5]}
INFO:<Node 1>:{"send": false, "recv": true, "to": 1, "from": 4, "vc": [17, 23, 12, 8, 17, 10, 11, 13, 9, 13], "hlc": [921713, 6]}
INFO:<Node 3>:{"send": false, "recv": true, "to": 3, "from": 0, "vc": [21, 22, 16, 10, 12, 10, 14, 13, 12, 11], "hlc": [921714, 5]}
INFO:<Node 3>:{"send": false, "recv": true, "to": 3, "from": 6, "vc": [21, 22, 16, 11, 16, 10, 16, 13, 12, 13], "hlc": [921714, 6]}
INFO:<Node 4>:{"send": false, "recv": true, "to": 4, "from": 7, "vc": [15, 20, 12, 7, 18, 6, 12, 15, 5, 13], "hlc": [921713, 6]}
INFO:<Node 6>:{"send": false, "recv": true, "to": 6, "from": 5, "vc": [15, 20, 16, 8, 16, 13, 17, 13, 7, 14], "hlc": [921715, 0]}
INFO:<Node 8>:{"send": false, "recv": true, "to": 8, "from": 9, "vc": [8, 17, 12, 8, 11, 10, 11, 9, 14, 15], "hlc": [921713, 5]}
INFO:<Node 9>:{"send": false, "recv": true, "to": 9, "from": 8, "vc": [8, 17, 12, 8, 11, 10, 11, 9, 13, 16], "hlc": [921713, 5]}
INFO:<Node 3>:{"send": true, "recv": false, "from": 3, "to": 1, "vc": [21, 22, 16, 12, 16, 10, 16, 13, 12, 13], "hlc": [921714, 7]}
INFO:<Node 4>:{"send": true, "recv": false, "from": 4, "to": 6, "vc": [15, 20, 12, 7, 19, 6, 12, 15, 5, 13], "hlc": [921713, 7]}
INFO:<Node 6>:{"send": true, "recv": false, "from": 6, "to": 3, "vc": [15, 20, 16, 8, 16, 13, 18, 13, 7, 14], "hlc": [921715, 1]}
INFO:<Node 8>:{"send": true, "recv": false, "from": 8, "to": 7, "vc": [8, 17, 12, 8, 11, 10, 11, 9, 15, 15], "hlc": [921713, 6]}
INFO:<Node 9>:{"send": true, "recv": false, "from": 9, "to": 5, "vc": [8, 17, 12, 8, 11, 10, 11, 9, 13, 17], "hlc": [921713, 6]}
INFO:<Node 1>:{"send": false, "recv": true, "to": 1, "from": 3, "vc": [21, 24, 16, 12, 17, 10, 16, 13, 12, 13], "hlc": [921714, 8]}
INFO:<Node 3>:{"send": false, "recv": true, "to": 3, "from": 6, "vc": [21, 22, 16, 13, 16, 13, 18, 13, 12, 14], "hlc": [921715, 2]}
INFO:<Node 5>:{"send": false, "recv": true, "to": 5, "from": 9, "vc": [8, 17, 12, 8, 11, 14, 11, 9, 13, 17], "hlc": [921713, 7]}
INFO:<Node 6>:{"send": false, "recv": true, "to": 6, "from": 4, "vc": [15, 20, 16, 8, 19, 13, 19, 15, 7, 14], "hlc": [921715, 2]}
INFO:<Node 7>:{"send": false, "recv": true, "to": 7, "from": 8, "vc": [9, 17, 12, 8, 11, 10, 12, 16, 15, 15], "hlc": [921713, 7]}
INFO:<Node 1>:{"send": true, "recv": false, "from": 1, "to": 7, "vc": [21, 25, 16, 12, 17, 10, 16, 13, 12, 13], "hlc": [921714, 9]}
INFO:<Node 2>:{"send": true, "recv": false, "from": 2, "to": 4, "vc": [8, 17, 20, 8, 11, 11, 10, 9, 11, 9], "hlc": [921714, 0]}
INFO:<Node 4>:{"send": true, "recv": false, "from": 4, "to": 3, "vc": [15, 20, 12, 7, 20, 6, 12, 15, 5, 13], "hlc": [921713, 8]}
INFO:<Node 7>:{"send": true, "recv": false, "from": 7, "to": 6, "vc": [9, 17, 12, 8, 11, 10, 12, 17, 15, 15], "hlc": [921713, 8]}
INFO:<Node 8>:{"send": true, "recv": false, "from": 8, "to": 9, "vc": [8, 17, 12, 8, 11, 10, 11, 9, 16, 15], "hlc": [921713, 7]}
INFO:<Node 9>:{"send": true, "recv": false, "from": 9, "to": 0, "vc": [8, 17, 12, 8, 11, 10, 11, 9, 13, 18], "hlc": [921713, 7]}
INFO:<Node 0>:{"send": false, "recv": true, "to": 0, "from": 9, "vc": [23, 22, 19, 8, 12, 11, 14, 13, 13, 18], "hlc": [921714, 6]}
INFO:<Node 3>:{"send": false, "recv": true, "to": 3, "from": 4, "vc": [21, 22, 16, 14, 20, 13, 18, 15, 12, 14], "hlc": [921715, 3]}
INFO:<Node 4>:{"send": false, "recv": true, "to": 4, "from": 2, "vc": [15, 20, 20, 8, 21, 11, 12, 15, 11, 13], "hlc": [921714, 1]}
INFO:<Node 6>:{"send": false, "recv": true, "to": 6, "from": 7, "vc": [15, 20, 16, 8, 19, 13, 20, 17, 15, 15], "hlc": [921716, 0]}
INFO:<Node 7>:{"send": false, "recv": true, "to": 7, "from": 1, "vc": [21, 25, 16, 12, 17, 10, 16, 18, 15, 15], "hlc": [921714, 10]}
INFO:<Node 9>:{"send": false, "recv": true, "to": 9, "from": 8, "vc": [8, 17, 12, 8, 11, 10, 11, 9, 16, 19], "hlc": [921713, 8]}
INFO:<Node 1>:{"send": true, "recv": false, "from": 1, "to": 2, "vc": [21, 26, 16, 12, 17, 10, 16, 13, 12, 13], "hlc": [921714, 10]}
INFO:<Node 3>:{"send": true, "recv": false, "from": 3, "to": 4, "vc": [21, 22, 16, 15, 20, 13, 18, 15, 12, 14], "hlc": [921715, 4]}
INFO:<Node 4>:{"send": true, "recv": false, "from": 4, "to": 2, "vc": [15, 20, 20, 8, 22, 11, 12, 15, 11, 13], "hlc": [921714, 2]}
INFO:<Node 7>:{"send": true, "recv": false, "from": 7, "to": 6, "vc": [21, 25, 16, 12, 17, 10, 16, 19, 15, 15], "hlc": [921714, 11]}
INFO:<Node 2>:{"send": false, "recv": true, "to": 2, "from": 1, "vc": [21, 26, 21, 12, 17, 11, 16, 13, 12, 13], "hlc": [921715, 0]}
INFO:<Node 2>:{"send": false, "recv": true, "to": 2, "from": 4, "vc": [21, 26, 22, 12, 22, 11, 16, 15, 12, 13], "hlc": [921715, 1]}
INFO:<Node 4>:{"send": false, "recv": true, "to": 4, "from": 3, "vc": [21, 22, 20, 15, 23, 13, 18, 15, 12, 14], "hlc": [921715, 5]}
INFO:<Node 6>:{"send": false, "recv": true, "to": 6, "from": 7, "vc": [21, 25, 16, 12, 19, 13, 21, 19, 15, 15], "hlc": [921716, 1]}
INFO:<Node 0>:{"send": true, "recv": false, "from": 0, "to": 9, "vc": [24, 22, 19, 8, 12, 11, 14, 13, 13, 18], "hlc": [921714, 7]}
INFO:<Node 1>:{"send": true, "recv": false, "from": 1, "to": 9, "vc": [21, 27, 16, 12, 17, 10, 16, 13, 12, 13], "hlc": [921714, 11]}
INFO:<Node 2>:{"send": true, "recv": false, "from": 2, "to": 3, "vc": [21, 26, 23, 12, 22, 11, 16, 15, 12, 13], "hlc": [921715, 2]}
INFO:<Node 3>:{"send": true, "recv": false, "from": 3, "to": 1, "vc": [21, 22, 16, 16, 20, 13, 18, 15, 12, 14], "hlc": [921715, 5]}
INFO:<Node 4>:{"send": true, "recv": false, "from": 4, "to": 3, "vc": [21, 22, 20, 15, 24, 13, 18, 15, 12, 14], "hlc": [921715, 6]}
INFO:<Node 5>:{"send": true, "recv": false, "from": 5, "to": 0, "vc": [8, 17, 12, 8, 11, 15, 11, 9, 13, 17], "hlc": [921713, 8]}
INFO:<Node 7>:{"send": true, "recv": false, "from": 7, "to": 8, "vc": [21, 25, 16, 12, 17, 10, 16, 20, 15, 15], "hlc": [921714, 12]}
INFO:<Node 8>:{"send": true, "recv": false, "from": 8, "to": 5, "vc": [8, 17, 12, 8, 11, 10, 11, 9, 17, 15], "hlc": [921713, 8]}
INFO:<Node 9>:{"send": true, "recv": false, "from": 9, "to": 2, "vc": [8, 17, 12, 8, 11, 10, 11, 9, 16, 20], "hlc": [921713, 9]}
INFO:<Node 0>:{"send": false, "recv": true, "to": 0, "from": 5, "vc": [25, 22, 19, 8, 12, 15, 14, 13, 13, 18], "hlc": [921714, 8]}
INFO:<Node 1>:{"send": false, "recv": true, "to": 1, "from": 3, "vc": [21, 28, 16, 16, 20, 13, 18, 15, 12, 14], "hlc": [921715, 6]}
INFO:<Node 2>:{"send": false, "recv": true, "to": 2, "from": 9, "vc": [21, 26, 24, 12, 22, 11, 16, 15, 16, 20], "hlc": [921716, 0]}
INFO:<Node 3>:{"send": false, "recv": true, "to": 3, "from": 2, "vc": [21, 26, 23, 17, 22, 13, 18, 15, 12, 14], "hlc": [921715, 6]}
INFO:<Node 3>:{"send": false, "recv": true, "to": 3, "from": 4, "vc": [21, 26, 23, 18, 24, 13, 18, 15, 12, 14], "hlc": [921715, 7]}
INFO:<Node 5>:{"send": false, "recv": true, "to": 5, "from": 8, "vc": [8, 17, 12, 8, 11, 16, 11, 9, 17, 17], "hlc": [921713, 9]}
INFO:<Node 8>:{"send": false, "recv": true, "to": 8, "from": 7, "vc": [21, 25, 16, 12, 17, 10, 16, 20, 18, 15], "hlc": [921714, 13]}
INFO:<Node 9>:{"send": false, "recv": true, "to": 9, "from": 0, "vc": [24, 22, 19, 8, 12, 11, 14, 13, 16, 21], "hlc": [921714, 8]}
INFO:<Node 9>:{"send": false, "recv": true, "to": 9, "from": 1, "vc": [24, 27, 19, 12, 17, 11, 16, 13, 16, 22], "hlc": [921714, 12]}
INFO:<Node 0>:{"send": true, "recv": false, "from": 0, "to": 9, "vc": [26, 22, 19, 8, 12, 15, 14, 13, 13, 18], "hlc": [921714, 9]}
INFO:<Node 2>:{"send": true, "recv": false, "from": 2, "to": 8, "vc": [21, 26, 25, 12, 22, 11, 16, 15, 16, 20], "hlc": [921716, 1]}
INFO:<Node 3>:{"send": true, "recv": false, "from": 3, "to": 2, "vc": [21, 26, 23, 19, 24, 13, 18, 15, 12, 14], "hlc": [921715, 8]}
INFO:<Node 5>:{"send": true, "recv": false, "from": 5, "to": 3, "vc": [8, 17, 12, 8, 11, 17, 11, 9, 17, 17], "hlc": [921713, 10]}
INFO:<Node 8>:{"send": true, "recv": false, "from": 8, "to": 4, "vc": [21, 25, 16, 12, 17, 10, 16, 20, 19, 15], "hlc": [921714, 14]}
INFO:<Node 9>:{"send": true, "recv": false, "from": 9, "to": 5, "vc": [24, 27, 19, 12, 17, 11, 16, 13, 16, 23], "hlc": [921714, 13]}
INFO:<Node 2>:{"send": false, "recv": true, "to": 2, "from": 3, "vc": [21, 26, 26, 19, 24, 13, 18, 15, 16, 20], "hlc": [921716, 2]}
INFO:<Node 3>:{"send": false, "recv": true, "to": 3, "from": 5, "vc": [21, 26, 23, 20, 24, 17, 18, 15, 17, 17], "hlc": [921715, 9]}
INFO:<Node 4>:{"send": false, "recv": true, "to": 4, "from": 8, "vc": [21, 25, 20, 15, 25, 13, 18, 20, 19, 15], "hlc": [921715, 7]}
INFO:<Node 5>:{"send": false, "recv": true, "to": 5, "from": 9, "vc": [24, 27, 19, 12, 17, 18, 16, 13, 17, 23], "hlc": [921714, 14]}
INFO:<Node 8>:{"send": false, "recv": true, "to": 8, "from": 2, "vc": [21, 26, 25, 12, 22, 11, 16, 20, 20, 20], "hlc": [921716, 2]}
INFO:<Node 9>:{"send": false, "recv": true, "to": 9, "from": 0, "vc": [26, 27, 19, 12, 17, 15, 16, 13, 16, 24], "hlc": [921714, 14]}
INFO:<Node 0>:{"send": true, "recv": false, "from": 0, "to": 3, "vc": [27, 22, 19, 8, 12, 15, 14, 13, 13, 18], "hlc": [921714, 10]}
INFO:<Node 2>:{"send": true, "recv": false, "from": 2, "to": 8, "vc": [21, 26, 27, 19, 24, 13, 18, 15, 16, 20], "hlc": [921716, 3]}
INFO:<Node 3>:{"send": true, "recv": false, "from": 3, "to": 5, "vc": [21, 26, 23, 21, 24, 17, 18, 15, 17, 17], "hlc": [921715, 10]}
INFO:<Node 4>:{"send": true, "recv": false, "from": 4, "to": 3, "vc": [21, 25, 20, 15, 26, 13, 18, 20, 19, 15], "hlc": [921715, 8]}
INFO:<Node 5>:{"send": true, "recv": false, "from": 5, "to": 4, "vc": [24, 27, 19, 12, 17, 19, 16, 13, 17, 23], "hlc": [921714, 15]}
INFO:<Node 6>:{"send": true, "recv": false, "from": 6, "to": 3, "vc": [21, 25, 16, 12, 19, 13, 22, 19, 15, 15], "hlc": [921717, 0]}
INFO:<Node 7>:{"send": true, "recv": false, "from": 7, "to": 9, "vc": [21, 25, 16, 12, 17, 10, 16, 21, 15, 15], "hlc": [921714, 13]}
INFO:<Node 8>:{"send": true, "recv": false, "from": 8, "to": 3, "vc": [21, 26, 25, 12, 22, 11, 16, 20, 21, 20], "hlc": [921716, 3]}
INFO:<Node 9>:{"send": true, "recv": false, "from": 9, "to": 0, "vc": [26, 27, 19, 12, 17, 15, 16, 13, 16, 25], "hlc": [921714, 15]}
INFO:<Node 0>:{"send": false, "recv": true, "to": 0, "from": 9, "vc": [28, 27, 19, 12, 17, 15, 16, 13, 16, 25], "hlc": [921714, 16]}
INFO:<Node 3>:{"send": false, "recv": true, "to": 3, "from": 0, "vc": [27, 26, 23, 22, 24, 17, 18, 15, 17, 18], "hlc": [921715, 11]}
INFO:<Node 3>:{"send": false, "recv": true, "to": 3, "from": 4, "vc": [27, 26, 23, 23, 26, 17, 18, 20, 19, 18], "hlc": [921715, 12]}
INFO:<Node 3>:{"send": false, "recv": true, "to": 3, "from": 6, "vc": [27, 26, 23, 24, 26, 17, 22, 20, 19, 18], "hlc": [921717, 1]}
INFO:<Node 3>:{"send": false, "recv": true, "to": 3, "from": 8, "vc": [27, 26, 25, 25, 26, 17, 22, 20, 21, 20], "hlc": [921717, 2]}
INFO:<Node 4>:{"send": false, "recv": true, "to": 4, "from": 5, "vc": [24, 27, 20, 15, 27, 19, 18, 20, 19, 23], "hlc": [921715, 9]}
INFO:<Node 5>:{"send": false, "recv": true, "to": 5, "from": 3, "vc": [24, 27, 23, 21, 24, 20, 18, 15, 17, 23], "hlc": [921715, 11]}
INFO:<Node 8>:{"send": false, "recv": true, "to": 8, "from": 2, "vc": [21, 26, 27, 19, 24, 13, 18, 20, 22, 20], "hlc": [921716, 4]}
INFO:<Node 9>:{"send": false, "recv": true, "to": 9, "from": 7, "vc": [26, 27, 19, 12, 17, 15, 16, 21, 16, 26], "hlc": [921714, 16]}
INFO:<Node 0>:{"send": true, "recv": false, "from": 0, "to": 8, "vc": [29, 27, 19, 12, 17, 15, 16, 13, 16, 25], "hlc": [921714, 17]}
INFO:<Node 1>:{"send": true, "recv": false, "from": 1, "to": 2, "vc": [21, 29, 16, 16, 20, 13, 18, 15, 12, 14], "hlc": [921715, 7]}
INFO:<Node 3>:{"send": true, "recv": false, "from": 3, "to": 9, "vc": [27, 26, 25, 26, 26, 17, 22, 20, 21, 20], "hlc": [921717, 3]}
INFO:<Node 4>:{"send": true, "recv": false, "from": 4, "to": 2, "vc": [24, 27, 20, 15, 28, 19, 18, 20, 19, 23], "hlc": [921715, 10]}
INFO:<Node 5>:{"send": true, "recv": false, "from": 5, "to": 3, "vc": [24, 27, 23, 21, 24, 21, 18, 15, 17, 23], "hlc": [921715, 12]}
INFO:<Node 6>:{"send": true, "recv": false, "from": 6, "to": 4, "vc": [21, 25, 16, 12, 19, 13, 23, 19, 15, 15], "hlc": [921718, 0]}
INFO:<Node 2>:{"send": false, "recv": true, "to": 2, "from": 1, "vc": [21, 29, 28, 19, 24, 13, 18, 15, 16, 20], "hlc": [921717, 0]}
INFO:<Node 2>:{"send": false, "recv": true, "to": 2, "from": 4, "vc": [24, 29, 29, 19, 28, 19, 18, 20, 19, 23], "hlc": [921717, 1]}
INFO:<Node 3>:{"send": false, "recv": true, "to": 3, "from": 5, "vc": [27, 27, 25, 27, 26, 21, 22, 20, 21, 23], "hlc": [921717, 4]}
INFO:<Node 4>:{"send": false, "recv": true, "to": 4, "from": 6, "vc": [24, 27, 20, 15, 29, 19, 23, 20, 19, 23], "hlc": [921718, 1]}
INFO:<Node 8>:{"send": false, "recv": true, "to": 8, "from": 0, "vc": [29, 27, 27, 19, 24, 15, 18, 20, 23, 25], "hlc": [921716, 5]}
INFO:<Node 9>:{"send": false, "recv": true, "to": 9, "from": 3, "vc": [27, 27, 25, 26, 26, 17, 22, 21, 21, 27], "hlc": [921717, 4]}
INFO:<Node 0>:{"send": true, "recv": false, "from": 0, "to": 3, "vc": [30, 27, 19, 12, 17, 15, 16, 13, 16, 25], "hlc": [921714, 18]}
INFO:<Node 2>:{"send": true, "recv": false, "from": 2, "to": 5, "vc": [24, 29, 30, 19, 28, 19, 18, 20, 19, 23], "hlc": [921717, 2]}
INFO:<Node 3>:{"send": true, "recv": false, "from": 3, "to": 4, "vc": [27, 27, 25, 28, 26, 21, 22, 20, 21, 23], "hlc": [921717, 5]}
INFO:<Node 4>:{"send": true, "recv": false, "from": 4, "to": 0, "vc": [24, 27, 20, 15, 30, 19, 23, 20, 19, 23], "hlc": [921718, 2]}
INFO:<Node 5>:{"send": true, "recv": false, "from": 5, "to": 8, "vc": [24, 27, 23, 21, 24, 22, 18, 15, 17, 23], "hlc": [921715, 13]}
INFO:<Node 6>:{"send": true, "recv": false, "from": 6, "to": 7, "vc": [21, 25, 16, 12, 19, 13, 24, 19, 15, 15], "hlc": [921718, 1]}
INFO:<Node 0>:{"send": false, "recv": true, "to": 0, "from": 4, "vc": [31, 27, 20, 15, 30, 19, 23, 20, 19, 25], "hlc": [921718, 3]}
INFO:<Node 3>:{"send": false, "recv": true, "to": 3, "from": 0, "vc": [30, 27, 25, 29, 26, 21, 22, 20, 21, 25], "hlc": [921717, 6]}
INFO:<Node 4>:{"send": false, "recv": true, "to": 4, "from": 3, "vc": [27, 27, 25, 28, 31, 21, 23, 20, 21, 23], "hlc": [921718, 3]}
INFO:<Node 5>:{"send": false, "recv": true, "to": 5, "from": 2, "vc": [24, 29, 30, 21, 28, 23, 18, 20, 19, 23], "hlc": [921717, 3]}
INFO:<Node 7>:{"send": false, "recv": true, "to": 7, "from": 6, "vc": [21, 25, 16, 12, 19, 13, 24, 22, 15, 15], "hlc": [921718, 2]}
INFO:<Node 8>:{"send": false, "recv": true, "to": 8, "from": 5, "vc": [29, 27, 27, 21, 24, 22, 18, 20, 24, 25], "hlc": [921716, 6]}
INFO:<Node 0>:{"send": true, "recv": false, "from": 0, "to": 7, "vc": [32, 27, 20, 15, 30, 19, 23, 20, 19, 25], "hlc": [921718, 4]}
INFO:<Node 1>:{"send": true, "recv": false, "from": 1, "to": 8, "vc": [21, 30, 16, 16, 20, 13, 18, 15, 12, 14], "hlc": [921715, 8]}
INFO:<Node 3>:{"send": true, "recv": false, "from": 3, "to": 5, "vc": [30, 27, 25, 30, 26, 21, 22, 20, 21, 25], "hlc": [921717, 7]}
INFO:<Node 4>:{"send": true, "recv": false, "from": 4, "to": 7, "vc": [27, 27, 25, 28, 32, 21, 23, 20, 21, 23], "hlc": [921718, 4]}
INFO:<Node 7>:{"send": true, "recv": false, "from": 7, "to": 8, "vc": [21, 25, 16, 12, 19, 13, 24, 23, 15, 15], "hlc": [921718, 3]}
INFO:<Node 8>:{"send": true, "recv": false, "from": 8, "to": 9, "vc": [29, 27, 27, 21, 24, 22, 18, 20, 25, 25], "hlc": [921716, 7]}
INFO:<Node 9>:{"send": true, "recv": false, "from": 9, "to": 4, "vc": [27, 27, 25, 26, 26, 17, 22, 21, 21, 28], "hlc": [921717, 5]}
INFO:<Node 4>:{"send": false, "recv": true, "to": 4, "from": 9, "vc": [27, 27, 25, 28, 33, 21, 23, 21, 21, 28], "hlc": [921718, 5]}
INFO:<Node 5>:{"send": false, "recv": true, "to": 5, "from": 3, "vc": [30, 29, 30, 30, 28, 24, 22, 20, 21, 25], "hlc": [921717, 8]}
INFO:<Node 7>:{"send": false, "recv": true, "to": 7, "from": 0, "vc": [32, 27, 20, 15, 30, 19, 24, 24, 19, 25], "hlc": [921718, 5]}
INFO:<Node 7>:{"send": false, "recv": true, "to": 7, "from": 4, "vc": [32, 27, 25, 28, 32, 21, 24, 25, 21, 25], "hlc": [921718, 6]}
INFO:<Node 8>:{"send": false, "recv": true, "to": 8, "from": 1, "vc": [29, 30, 27, 21, 24, 22, 18, 20, 26, 25], "hlc": [921716, 8]}
INFO:<Node 8>:{"send": false, "recv": true, "to": 8, "from": 7, "vc": [29, 30, 27, 21, 24, 22, 24, 23, 27, 25], "hlc": [921718, 4]}
INFO:<Node 9>:{"send": false, "recv": true, "to": 9, "from": 8, "vc": [29, 27, 27, 26, 26, 22, 22, 21, 25, 29], "hlc": [921717, 6]}
INFO:<Node 0>:{"send": true, "recv": false, "from": 0, "to": 4, "vc": [33, 27, 20, 15, 30, 19, 23, 20, 19, 25], "hlc": [921718, 5]}
INFO:<Node 1>:{"send": true, "recv": false, "from": 1, "to": 4, "vc": [21, 31, 16, 16, 20, 13, 18, 15, 12, 14], "hlc": [921715, 9]}
INFO:<Node 4>:{"send": true, "recv": false, "from": 4, "to": 0, "vc": [27, 27, 25, 28, 34, 21, 23, 21, 21, 28], "hlc": [921718, 6]}
INFO:<Node 6>:{"send": true, "recv": false, "from": 6, "to": 9, "vc": [21, 25, 16, 12, 19, 13, 25, 19, 15, 15], "hlc": [921719, 0]}
INFO:<Node 7>:{"send": true, "recv": false, "from": 7, "to": 6, "vc": [32, 27, 25, 28, 32, 21, 24, 26, 21, 25], "hlc": [921718, 7]}
INFO:<Node 8>:{"send": true, "recv": false, "from": 8, "to": 4, "vc": [29, 30, 27, 21, 24, 22, 24, 23, 28, 25], "hlc": [921718, 5]}
INFO:<Node 0>:{"send": false, "recv": true, "to": 0, "from": 4, "vc": [34, 27, 25, 28, 34, 21, 23, 21, 21, 28], "hlc": [921718, 7]}
INFO:<Node 4>:{"send": false, "recv": true, "to": 4, "from": 0, "vc": [33, 27, 25, 28, 35, 21, 23, 21, 21, 28], "hlc": [921718, 7]}
INFO:<Node 4>:{"send": false, "recv": true, "to": 4, "from": 1, "vc": [33, 31, 25, 28, 36, 21, 23, 21, 21, 28], "hlc": [921718, 8]}
INFO:<Node 4>:{"send": false, "recv": true, "to": 4, "from": 8, "vc": [33, 31, 27, 28, 37, 22, 24, 23, 28, 28], "hlc": [921718, 9]}
INFO:<Node 6>:{"send": false, "recv": true, "to": 6, "from": 7, "vc": [32, 27, 25, 28, 32, 21, 26, 26, 21, 25], "hlc": [921720, 0]}
INFO:<Node 9>:{"send": false, "recv": true, "to": 9, "from": 6, "vc": [29, 27, 27, 26, 26, 22, 25, 21, 25, 30], "hlc": [921719, 1]}
INFO:<Node 1>:{"send": true, "recv": false, "from": 1, "to": 0, "vc": [21, 32, 16, 16, 20, 13, 18, 15, 12, 14], "hlc": [921715, 10]}
INFO:<Node 2>:{"send": true, "recv": false, "from": 2, "to": 0, "vc": [24, 29, 31, 19, 28, 19, 18, 20, 19, 23], "hlc": [921719, 0]}
INFO:<Node 3>:{"send": true, "recv": false, "from": 3, "to": 6, "vc": [30, 27, 25, 31, 26, 21, 22, 20, 21, 25], "hlc": [921717, 8]}
INFO:<Node 4>:{"send": true, "recv": false, "from": 4, "to": 5, "vc": [33, 31, 27, 28, 38, 22, 24, 23, 28, 28], "hlc": [921718, 10]}
INFO:<Node 5>:{"send": true, "recv": false, "from": 5, "to": 9, "vc": [30, 29, 30, 30, 28, 25, 22, 20, 21, 25], "hlc": [921717, 9]}
INFO:<Node 7>:{"send": true, "recv": false, "from": 7, "to": 4, "vc": [32, 27, 25, 28, 32, 21, 24, 27, 21, 25], "hlc": [921718, 8]}
INFO:<Node 8>:{"send": true, "recv": false, "from": 8, "to": 0, "vc": [29, 30, 27, 21, 24, 22, 24, 23, 29, 25], "hlc": [921718, 6]}
INFO:<Node 0>:{"send": false, "recv": true, "to": 0, "from": 1, "vc": [35, 32, 25, 28, 34, 21, 23, 21, 21, 28], "hlc": [921718, 8]}
INFO:<Node 0>:{"send": false, "recv": true, "to": 0, "from": 2, "vc": [36, 32, 31, 28, 34, 21, 23, 21, 21, 28], "hlc": [921719, 1]}
INFO:<Node 0>:{"send": false, "recv": true, "to": 0, "from": 8, "vc": [37, 32, 31, 28, 34, 22, 24, 23, 29, 28], "hlc": [921719, 2]}
INFO:<Node 4>:{"send": false, "recv": true, "to": 4, "from": 7, "vc": [33, 31, 27, 28, 39, 22, 24, 27, 28, 28], "hlc": [921718, 11]}
INFO:<Node 5>:{"send": false, "recv": true, "to": 5, "from": 4, "vc": [33, 31, 30, 30, 38, 26, 24, 23, 28, 28], "hlc": [921718, 11]}
INFO:<Node 6>:{"send": false, "recv": true, "to": 6, "from": 3, "vc": [32, 27, 25, 31, 32, 21, 27, 26, 21, 25], "hlc": [921720, 1]}
INFO:<Node 9>:{"send": false, "recv": true, "to": 9, "from": 5, "vc": [30, 29, 30, 30, 28, 25, 25, 21, 25, 31], "hlc": [921719, 2]}
INFO:<Node 1>:{"send": true, "recv": false, "from": 1, "to": 4, "vc": [21, 33, 16, 16, 20, 13, 18, 15, 12, 14], "hlc": [921715, 11]}
INFO:<Node 4>:{"send": true, "recv": false, "from": 4, "to": 7, "vc": [33, 31, 27, 28, 40, 22, 24, 27, 28, 28], "hlc": [921718, 12]}
INFO:<Node 5>:{"send": true, "recv": false, "from": 5, "to": 6, "vc": [33, 31, 30, 30, 38, 27, 24, 23, 28, 28], "hlc": [921718, 12]}
INFO:<Node 6>:{"send": true, "recv": false, "from": 6, "to": 0, "vc": [32, 27, 25, 31, 32, 21, 28, 26, 21, 25], "hlc": [921720, 2]}
INFO:<Node 7>:{"send": true, "recv": false, "from": 7, "to": 8, "vc": [32, 27, 25, 28, 32, 21, 24, 28, 21, 25], "hlc": [921718, 9]}
INFO:<Node 8>:{"send": true, "recv": false, "from": 8, "to": 9, "vc": [29, 30, 27, 21, 24, 22, 24, 23, 30, 25], "hlc": [921718, 7]}
INFO:<Node 9>:{"send": true, "recv": false, "from": 9, "to": 1, "vc": [30, 29, 30, 30, 28, 25, 25, 21, 25, 32], "hlc": [921719, 3]}
INFO:<Node 0>:{"send": false, "recv": true, "to": 0, "from": 6, "vc": [38, 32, 31, 31, 34, 22, 28, 26, 29, 28], "hlc": [921720, 3]}
INFO:<Node 1>:{"send": false, "recv": true, "to": 1, "from": 9, "vc": [30, 34, 30, 30, 28, 25, 25, 21, 25, 32], "hlc": [921719, 4]}
INFO:<Node 4>:{"send": false, "recv": true, "to": 4, "from": 1, "vc": [33, 33, 27, 28, 41, 22, 24, 27, 28, 28], "hlc": [921718, 13]}
INFO:<Node 6>:{"send": false, "recv": true, "to": 6, "from": 5, "vc": [33, 31, 30, 31, 38, 27, 29, 26, 28, 28], "hlc": [921721, 0]}
INFO:<Node 7>:{"send": false, "recv": true, "to": 7, "from": 4, "vc": [33, 31, 27, 28, 40, 22, 24, 29, 28, 28], "hlc": [921718, 13]}
INFO:<Node 8>:{"send": false, "recv": true, "to": 8, "from": 7, "vc": [32, 30, 27, 28, 32, 22, 24, 28, 31, 25], "hlc": [921718, 10]}
INFO:<Node 9>:{"send": false, "recv": true, "to": 9, "from": 8, "vc": [30, 30, 30, 30, 28, 25, 25, 23, 30, 33], "hlc": [921719, 4]}
INFO:<Node 0>:{"send": true, "recv": false, "from": 0, "to": 6, "vc": [39, 32, 31, 31, 34, 22, 28, 26, 29, 28], "hlc": [921720, 4]}
INFO:<Node 3>:{"send": true, "recv": false, "from": 3, "to": 4, "vc": [30, 27, 25, 32, 26, 21, 22, 20, 21, 25], "hlc": [921717, 9]}
INFO:<Node 5>:{"send": true, "recv": false, "from": 5, "to": 6, "vc": [33, 31, 30, 30, 38, 28, 24, 23, 28, 28], "hlc": [921718, 13]}
INFO:<Node 6>:{"send": true, "recv": false, "from": 6, "to": 5, "vc": [33, 31, 30, 31, 38, 27, 30, 26, 28, 28], "hlc": [921721, 1]}
INFO:<Node 7>:{"send": true, "recv": false, "from": 7, "to": 2, "vc": [33, 31, 27, 28, 40, 22, 24, 30, 28, 28], "hlc": [921718, 14]}
INFO:<Node 8>:{"send": true, "recv": false, "from": 8, "to": 3, "vc": [32, 30, 27, 28, 32, 22, 24, 28, 32, 25], "hlc": [921718, 11]}
INFO:<Node 9>:{"send": true, "recv": false, "from": 9, "to": 8, "vc": [30, 30, 30, 30, 28, 25, 25, 23, 30, 34], "hlc": [921719, 5]}
INFO:<Node 2>:{"send": false, "recv": true, "to": 2, "from": 7, "vc": [33, 31, 32, 28, 40, 22, 24, 30, 28, 28], "hlc": [921720, 0]}
INFO:<Node 3>:{"send": false, "recv": true, "to": 3, "from": 8, "vc": [32, 30, 27, 33, 32, 22, 24, 28, 32, 25], "hlc": [921718, 12]}
INFO:<Node 4>:{"send": false, "recv": true, "to": 4, "from": 3, "vc": [33, 33, 27, 32, 42, 22, 24, 27, 28, 28], "hlc": [921718, 14]}
INFO:<Node 5>:{"send": false, "recv": true, "to": 5, "from": 6, "vc": [33, 31, 30, 31, 38, 29, 30, 26, 28, 28], "hlc": [921721, 2]}
INFO:<Node 6>:{"send": false, "recv": true, "to": 6, "from": 0, "vc": [39, 32, 31, 31, 38, 27, 31, 26, 29, 28], "hlc": [921721, 2]}
INFO:<Node 6>:{"send": false, "recv": true, "to": 6, "from": 5, "vc": [39, 32, 31, 31, 38, 28, 32, 26, 29, 28], "hlc": [921721, 3]}
INFO:<Node 8>:{"send": false, "recv": true, "to": 8, "from": 9, "vc": [32, 30, 30, 30, 32, 25, 25, 28, 33, 34], "hlc": [921719, 6]}
INFO:<Node 2>:{"send": true, "recv": false, "from": 2, "to": 3, "vc": [33, 31, 33, 28, 40, 22, 24, 30, 28, 28], "hlc": [921720, 1]}
INFO:<Node 4>:{"send": true, "recv": false, "from": 4, "to": 1, "vc": [33, 33, 27, 32, 43, 22, 24, 27, 28, 28], "hlc": [921718, 15]}
INFO:<Node 6>:{"send": true, "recv": false, "from": 6, "to": 1, "vc": [39, 32, 31, 31, 38, 28, 33, 26, 29, 28], "hlc": [921721, 4]}
INFO:<Node 7>:{"send": true, "recv": false, "from": 7, "to": 6, "vc": [33, 31, 27, 28, 40, 22, 24, 31, 28, 28], "hlc": [921718, 15]}
INFO:<Node 8>:{"send": true, "recv": false, "from": 8, "to": 4, "vc": [32, 30, 30, 30, 32, 25, 25, 28, 34, 34], "hlc": [921719, 7]}
INFO:<Node 9>:{"send": true, "recv": false, "from": 9, "to": 1, "vc": [30, 30, 30, 30, 28, 25, 25, 23, 30, 35], "hlc": [921719, 6]}
INFO:<Node 1>:{"send": false, "recv": true, "to": 1, "from": 4, "vc": [33, 35, 30, 32, 43, 25, 25, 27, 28, 32], "hlc": [921719, 5]}
INFO:<Node 1>:{"send": false, "recv": true, "to": 1, "from": 6, "vc": [39, 36, 31, 32, 43, 28, 33, 27, 29, 32], "hlc": [921721, 5]}
INFO:<Node 1>:{"send": false, "recv": true, "to": 1, "from": 9, "vc": [39, 37, 31, 32, 43, 28, 33, 27, 30, 35], "hlc": [921721, 6]}
INFO:<Node 3>:{"send": false, "recv": true, "to": 3, "from": 2, "vc": [33, 31, 33, 34, 40, 22, 24, 30, 32, 28], "hlc": [921720, 2]}
INFO:<Node 4>:{"send": false, "recv": true, "to": 4, "from": 8, "vc": [33, 33, 30, 32, 44, 25, 25, 28, 34, 34], "hlc": [921719, 8]}
INFO:<Node 6>:{"send": false, "recv": true, "to": 6, "from": 7, "vc": [39, 32, 31, 31, 40, 28, 34, 31, 29, 28], "hlc": [921722, 0]}
INFO:<Node 1>:{"send": true, "recv": false, "from": 1, "to": 9, "vc": [39, 38, 31, 32, 43, 28, 33, 27, 30, 35], "hlc": [921721, 7]}
INFO:<Node 3>:{"send": true, "recv": false, "from": 3, "to": 2, "vc": [33, 31, 33, 35, 40, 22, 24, 30, 32, 28], "hlc": [921720, 3]}
INFO:<Node 4>:{"send": true, "recv": false, "from": 4, "to": 9, "vc": [33, 33, 30, 32, 45, 25, 25, 28, 34, 34], "hlc": [921719, 9]}
INFO:<Node 5>:{"send": true, "recv": false, "from": 5, "to": 7, "vc": [33, 31, 30, 31, 38, 30, 30, 26, 28, 28], "hlc": [921721, 3]}
INFO:<Node 6>:{"send": true, "recv": false, "from": 6, "to": 3, "vc": [39, 32, 31, 31, 40, 28, 35, 31, 29, 28], "hlc": [921722, 1]}
INFO:<Node 9>:{"send": true, "recv": false, "from": 9, "to": 6, "vc": [30, 30, 30, 30, 28, 25, 25, 23, 30, 36], "hlc": [921719, 7]}
INFO:<Node 2>:{"send": false, "recv": true, "to": 2, "from": 3, "vc": [33, 31, 34, 35, 40, 22, 24, 30, 32, 28], "hlc": [921721, 0]}
INFO:<Node 3>:{"send": false, "recv": true, "to": 3, "from": 6, "vc": [39, 32, 33, 36, 40, 28, 35, 31, 32, 28], "hlc": [921722, 2]}
INFO:<Node 6>:{"send": false, "recv": true, "to": 6, "from": 9, "vc": [39, 32, 31, 31, 40, 28, 36, 31, 30, 36], "hlc": [921722, 2]}
INFO:<Node 7>:{"send": false, "recv": true, "to": 7, "from": 5, "vc": [33, 31, 30, 31, 40, 30, 30, 32, 28, 28], "hlc": [921721, 4]}
INFO:<Node 9>:{"send": false, "recv": true, "to": 9, "from": 1, "vc": [39, 38, 31, 32, 43, 28, 33, 27, 30, 37], "hlc": [921721, 8]}
INFO:<Node 9>:{"send": false, "recv": true, "to": 9, "from": 4, "vc": [39, 38, 31, 32, 45, 28, 33, 28, 34, 38], "hlc": [921721, 9]}
INFO:<Node 0>:{"send": true, "recv": false, "from": 0, "to": 9, "vc": [40, 32, 31, 31, 34, 22, 28, 26, 29, 28], "hlc": [921720, 5]}
INFO:<Node 2>:{"send": true, "recv": false, "from": 2, "to": 3, "vc": [33, 31, 35, 35, 40, 22, 24, 30, 32, 28], "hlc": [921721, 1]}
INFO:<Node 3>:{"send": true, "recv": false, "from": 3, "to": 4, "vc": [39, 32, 33, 37, 40, 28, 35, 31, 32, 28], "hlc": [921722, 3]}
INFO:<Node 4>:{"send": true, "recv": false, "from": 4, "to": 3, "vc": [33, 33, 30, 32, 46, 25, 25, 28, 34, 34], "hlc": [921719, 10]}
INFO:<Node 5>:{"send": true, "recv": false, "from": 5, "to": 8, "vc": [33, 31, 30, 31, 38, 31, 30, 26, 28, 28], "hlc": [921721, 4]}
INFO:<Node 7>:{"send": true, "recv": false, "from": 7, "to": 3, "vc": [33, 31, 30, 31, 40, 30, 30, 33, 28, 28], "hlc": [921721, 5]}
INFO:<Node 8>:{"send": true, "recv": false, "from": 8, "to": 3, "vc": [32, 30, 30, 30, 32, 25, 25, 28, 35, 34], "hlc": [921719, 8]}
INFO:<Node 9>:{"send": true, "recv": false, "from": 9, "to": 7, "vc": [39, 38, 31, 32, 45, 28, 33, 28, 34, 39], "hlc": [921721, 10]}
INFO:<Node 3>:{"send": false, "recv": true, "to": 3, "from": 2, "vc": [39, 32, 35, 38, 40, 28, 35, 31, 32, 28], "hlc": [921722, 4]}
INFO:<Node 3>:{"send": false, "recv": true, "to": 3, "from": 4, "vc": [39, 33, 35, 39, 46, 28, 35, 31, 34, 34], "hlc": [921722, 5]}
INFO:<Node 3>:{"send": false, "recv": true, "to": 3, "from": 7, "vc": [39, 33, 35, 40, 46, 30, 35, 33, 34, 34], "hlc": [921722, 6]}
INFO:<Node 3>:{"send": false, "recv": true, "to": 3, "from": 8, "vc": [39, 33, 35, 41, 46, 30, 35, 33, 35, 34], "hlc": [921722, 7]}
INFO:<Node 4>:{"send": false, "recv": true, "to": 4, "from": 3, "vc": [39, 33, 33, 37, 47, 28, 35, 31, 34, 34], "hlc": [921722, 4]}
INFO:<Node 7>:{"send": false, "recv": true, "to": 7, "from": 9, "vc": [39, 38, 31, 32, 45, 30, 33, 34, 34, 39], "hlc": [921721, 11]}
INFO:<Node 8>:{"send": false, "recv": true, "to": 8, "from": 5, "vc": [33, 31, 30, 31, 38, 31, 30, 28, 36, 34], "hlc": [921721, 5]}
INFO:<Node 9>:{"send": false, "recv": true, "to": 9, "from": 0, "vc": [40, 38, 31, 32, 45, 28, 33, 28, 34, 40], "hlc": [921721, 11]}
INFO:<Node 0>:{"send": true, "recv": false, "from": 0, "to": 5, "vc": [41, 32, 31, 31, 34, 22, 28, 26, 29, 28], "hlc": [921720, 6]}
INFO:<Node 1>:{"send": true, "recv": false, "from": 1, "to": 8, "vc": [39, 39, 31, 32, 43, 28, 33, 27, 30, 35], "hlc": [921721, 8]}
INFO:<Node 6>:{"send": true, "recv": false, "from": 6, "to": 7, "vc": [39, 32, 31, 31, 40, 28, 37, 31, 30, 36], "hlc": [921723, 0]}
INFO:<Node 7>:{"send": true, "recv": false, "from": 7, "to": 2, "vc": [39, 38, 31, 32, 45, 30, 33, 35, 34, 39], "hlc": [921721, 12]}
INFO:<Node 9>:{"send": true, "recv": false, "from": 9, "to": 5, "vc": [40, 38, 31, 32, 45, 28, 33, 28, 34, 41], "hlc": [921721, 12]}
INFO:<Node 2>:{"send": false, "recv": true, "to": 2, "from": 7, "vc": [39, 38, 36, 35, 45, 30, 33, 35, 34, 39], "hlc": [921722, 0]}
INFO:<Node 5>:{"send": false, "recv": true, "to": 5, "from": 0, "vc": [41, 32, 31, 31, 38, 32, 30, 26, 29, 28], "hlc": [921721, 5]}
INFO:<Node 5>:{"send": false, "recv": true, "to": 5, "from": 9, "vc": [41, 38, 31, 32, 45, 33, 33, 28, 34, 41], "hlc": [921721, 13]}
INFO:<Node 7>:{"send": false, "recv": true, "to": 7, "from": 6, "vc": [39, 38, 31, 32, 45, 30, 37, 36, 34, 39], "hlc": [921723, 1]}
INFO:<Node 8>:{"send": false, "recv": true, "to": 8, "from": 1, "vc": [39, 39, 31, 32, 43, 31, 33, 28, 37, 35], "hlc": [921721, 9]}
INFO:<Node 3>:{"send": true, "recv": false, "from": 3, "to": 9, "vc": [39, 33, 35, 42, 46, 30, 35, 33, 35, 34], "hlc": [921722, 8]}
INFO:<Node 5>:{"send": true, "recv": false, "from": 5, "to": 1, "vc": [41, 38, 31, 32, 45, 34, 33, 28, 34, 41], "hlc": [921721, 14]}
INFO:<Node 7>:{"send": true, "recv": false, "from": 7, "to": 3, "vc": [39, 38, 31, 32, 45, 30, 37, 37, 34, 39], "hlc": [921723, 2]}
INFO:<Node 1>:{"send": false, "recv": true, "to": 1, "from": 5, "vc": [41, 40, 31, 32, 45, 34, 33, 28, 34, 41], "hlc": [921721, 15]}
INFO:<Node 3>:{"send": false, "recv": true, "to": 3, "from": 7, "vc": [39, 38, 35, 43, 46, 30, 37, 37, 35, 39], "hlc": [921723, 3]}
INFO:<Node 9>:{"send": false, "recv": true, "to": 9, "from": 3, "vc": [40, 38, 35, 42, 46, 30, 35, 33, 35, 42], "hlc": [921722, 9]}
INFO:<Node 0>:{"send": true, "recv": false, "from": 0, "to": 1, "vc": [42, 32, 31, 31, 34, 22, 28, 26, 29, 28], "hlc": [921720, 7]}
INFO:<Node 1>:{"send": true, "recv": false, "from": 1, "to": 4, "vc": [41, 41, 31, 32, 45, 34, 33, 28, 34, 41], "hlc": [921721, 16]}
INFO:<Node 3>:{"send": true, "recv": false, "from": 3, "to": 1, "vc": [39, 38, 35, 44, 46, 30, 37, 37, 35, 39], "hlc": [921723, 4]}
INFO:<Node 4>:{"send": true, "recv": false, "from": 4, "to": 5, "vc": [39, 33, 33, 37, 48, 28, 35, 31, 34, 34], "hlc": [921722, 5]}
INFO:<Node 5>:{"send": true, "recv": false, "from": 5, "to": 1, "vc": [41, 38, 31, 32, 45, 35, 33, 28, 34, 41], "hlc": [921721, 15]}
INFO:<Node 7>:{"send": true, "recv": false, "from": 7, "to": 4, "vc": [39, 38, 31, 32, 45, 30, 37, 38, 34, 39], "hlc": [921723, 3]}
INFO:<Node 8>:{"send": true, "recv": false, "from": 8, "to": 1, "vc": [39, 39, 31, 32, 43, 31, 33, 28, 38, 35], "hlc": [921721, 10]}
INFO:<Node 9>:{"send": true, "recv": false, "from": 9, "to": 5, "vc": [40, 38, 35, 42, 46, 30, 35, 33, 35, 43], "hlc": [921722, 10]}
INFO:<Node 1>:{"send": false, "recv": true, "to": 1, "from": 0, "vc": [42, 42, 31, 32, 45, 34, 33, 28, 34, 41], "hlc": [921721, 17]}
INFO:<Node 1>:{"send": false, "recv": true, "to": 1, "from": 3, "vc": [42, 43, 35, 44, 46, 34, 37, 37, 35, 41], "hlc": [921723, 5]}
INFO:<Node 1>:{"send": false, "recv": true, "to": 1, "from": 5, "vc": [42, 44, 35, 44, 46, 35, 37, 37, 35, 41], "hlc": [921723, 6]}
INFO:<Node 1>:{"send": false, "recv": true, "to": 1, "from": 8, "vc": [42, 45, 35, 44, 46, 35, 37, 37, 38, 41], "hlc": [921723, 7]}
INFO:<Node 4>:{"send": false, "recv": true, "to": 4, "from": 1, "vc": [41, 41, 33, 37, 49, 34, 35, 31, 34, 41], "hlc": [921722, 6]}
INFO:<Node 4>:{"send": false, "recv": true, "to": 4, "from": 7, "vc": [41, 41, 33, 37, 50, 34, 37, 38, 34, 41], "hlc": [921723, 4]}
INFO:<Node 5>:{"send": false, "recv": true, "to": 5, "from": 4, "vc": [41, 38, 33, 37, 48, 36, 35, 31, 34, 41], "hlc": [921722, 6]}
INFO:<Node 5>:{"send": false, "recv": true, "to": 5, "from": 9, "vc": [41, 38, 35, 42, 48, 37, 35, 33, 35, 43], "hlc": [921722, 11]}
INFO:<Node 1>:{"send": true, "recv": false, "from": 1, "to": 9, "vc": [42, 46, 35, 44, 46, 35, 37, 37, 38, 41], "hlc": [921723, 8]}
INFO:<Node 2>:{"send": true, "recv": false, "from": 2, "to": 1, "vc": [39, 38, 37, 35, 45, 30, 33, 35, 34, 39], "hlc": [921723, 0]}
INFO:<Node 5>:{"send": true, "recv": false, "from": 5, "to": 7, "vc": [41, 38, 35, 42, 48, 38, 35, 33, 35, 43], "hlc": [921722, 12]}
INFO:<Node 7>:{"send": true, "recv": false, "from": 7, "to": 8, "vc": [39, 38, 31, 32, 45, 30, 37, 39, 34, 39], "hlc": [921723, 4]}
INFO:<Node 8>:{"send": true, "recv": false, "from": 8, "to": 9, "vc": [39, 39, 31, 32, 43, 31, 33, 28, 39, 35], "hlc": [921721, 11]}
INFO:<Node 9>:{"send": true, "recv": false, "from": 9, "to": 6, "vc": [40, 38, 35, 42, 46, 30, 35, 33, 35, 44], "hlc": [921722, 11]}
INFO:<Node 1>:{"send": false, "recv": true, "to": 1, "from": 2, "vc": [42, 47, 37, 44, 46, 35, 37, 37, 38, 41], "hlc": [921723, 9]}
INFO:<Node 6>:{"send": false, "recv": true, "to": 6, "from": 9, "vc": [40, 38, 35, 42, 46, 30, 38, 33, 35, 44], "hlc": [921725, 0]}
INFO:<Node 7>:{"send": false, "recv": true, "to": 7, "from": 5, "vc": [41, 38, 35, 42, 48, 38, 37, 40, 35, 43], "hlc": [921723, 5]}
INFO:<Node 8>:{"send": false, "recv": true, "to": 8, "from": 7, "vc": [39, 39, 31, 32, 45, 31, 37, 39, 40, 39], "hlc": [921723, 5]}
INFO:<Node 9>:{"send": false, "recv": true, "to": 9, "from": 1, "vc": [42, 46, 35, 44, 46, 35, 37, 37, 38, 45], "hlc": [921723, 9]}
INFO:<Node 9>:{"send": false, "recv": true, "to": 9, "from": 8, "vc": [42, 46, 35, 44, 46, 35, 37, 37, 39, 46], "hlc": [921723, 10]}
INFO:<Node 1>:{"send": true, "recv": false, "from": 1, "to": 6, "vc": [42, 48, 37, 44, 46, 35, 37, 37, 38, 41], "hlc": [921723, 10]}
INFO:<Node 5>:{"send": true, "recv": false, "from": 5, "to": 4, "vc": [41, 38, 35, 42, 48, 39, 35, 33, 35, 43], "hlc": [921722, 13]}
INFO:<Node 6>:{"send": true, "recv": false, "from": 6, "to": 7, "vc": [40, 38, 35, 42, 46, 30, 39, 33, 35, 44], "hlc": [921725, 1]}
INFO:<Node 8>:{"send": true, "recv": false, "from": 8, "to": 2, "vc": [39, 39, 31, 32, 45, 31, 37, 39, 41, 39], "hlc": [921723, 6]}
INFO:<Node 2>:{"send": false, "recv": true, "to": 2, "from": 8, "vc": [39, 39, 38, 35, 45, 31, 37, 39, 41, 39], "hlc": [921724, 0]}
INFO:<Node 4>:{"send": false, "recv": true, "to": 4, "from": 5, "vc": [41, 41, 35, 42, 51, 39, 37, 38, 35, 43], "hlc": [921723, 5]}
INFO:<Node 6>:{"send": false, "recv": true, "to": 6, "from": 1, "vc": [42, 48, 37, 44, 46, 35, 40, 37, 38, 44], "hlc": [921725, 2]}
INFO:<Node 7>:{"send": false, "recv": true, "to": 7, "from": 6, "vc": [41, 38, 35, 42, 48, 38, 39, 41, 35, 44], "hlc": [921725, 2]}
INFO:<Node 2>:{"send": true, "recv": false, "from": 2, "to": 0, "vc": [39, 39, 39, 35, 45, 31, 37, 39, 41, 39], "hlc": [921724, 1]}
INFO:<Node 4>:{"send": true, "recv": false, "from": 4, "to": 9, "vc": [41, 41, 35, 42, 52, 39, 37, 38, 35, 43], "hlc": [921723, 6]}
INFO:<Node 5>:{"send": true, "recv": false, "from": 5, "to": 3, "vc": [41, 38, 35, 42, 48, 40, 35, 33, 35, 43], "hlc": [921722, 14]}
INFO:<Node 6>:{"send": true, "recv": false, "from": 6, "to": 5, "vc": [42, 48, 37, 44, 46, 35, 41, 37, 38, 44], "hlc": [921725, 3]}
INFO:<Node 7>:{"send": true, "recv": false, "from": 7, "to": 0, "vc": [41, 38, 35, 42, 48, 38, 39, 42, 35, 44], "hlc": [921725, 3]}
INFO:<Node 8>:{"send": true, "recv": false, "from": 8, "to": 9, "vc": [39, 39, 31, 32, 45, 31, 37, 39, 42, 39], "hlc": [921723, 7]}
INFO:<Node 9>:{"send": true, "recv": false, "from": 9, "to": 1, "vc": [42, 46, 35, 44, 46, 35, 37, 37, 39, 47], "hlc": [921723, 11]}
INFO:<Node 0>:{"send": false, "recv": true, "to": 0, "from": 2, "vc": [43, 39, 39, 35, 45, 31, 37, 39, 41, 39], "hlc": [921724, 2]}
INFO:<Node 0>:{"send": false, "recv": true, "to": 0, "from": 7, "vc": [44, 39, 39, 42, 48, 38, 39, 42, 41, 44], "hlc": [921725, 4]}
INFO:<Node 1>:{"send": false, "recv": true, "to": 1, "from": 9, "vc": [42, 49, 37, 44, 46, 35, 37, 37, 39, 47], "hlc": [921723, 12]}
INFO:<Node 3>:{"send": false, "recv": true, "to": 3, "from": 5, "vc": [41, 38, 35, 45, 48, 40, 37, 37, 35, 43], "hlc": [921723, 5]}
INFO:<Node 5>:{"send": false, "recv": true, "to": 5, "from": 6, "vc": [42, 48, 37, 44, 48, 41, 41, 37, 38, 44], "hlc": [921725, 4]}
INFO:<Node 9>:{"send": false, "recv": true, "to": 9, "from": 4, "vc": [42, 46, 35, 44, 52, 39, 37, 38, 39, 48], "hlc": [921723, 12]}
INFO:<Node 9>:{"send": false, "recv": true, "to": 9, "from": 8, "vc": [42, 46, 35, 44, 52, 39, 37, 39, 42, 49], "hlc": [921723, 13]}
INFO:<Node 0>:{"send": true, "recv": false, "from": 0, "to": 3, "vc": [45, 39, 39, 42, 48, 38, 39, 42, 41, 44], "hlc": [921725, 5]}
INFO:<Node 3>:{"send": true, "recv": false, "from": 3, "to": 7, "vc": [41, 38, 35, 46, 48, 40, 37, 37, 35, 43], "hlc": [921723, 6]}
INFO:<Node 4>:{"send": true, "recv": false, "from": 4, "to": 6, "vc": [41, 41, 35, 42, 53, 39, 37, 38, 35, 43], "hlc": [921723, 7]}
INFO:<Node 5>:{"send": true, "recv": false, "from": 5, "to": 2, "vc": [42, 48, 37, 44, 48, 42, 41, 37, 38, 44], "hlc": [921725, 5]}
INFO:<Node 7>:{"send": true, "recv": false, "from": 7, "to": 9, "vc": [41, 38, 35, 42, 48, 38, 39, 43, 35, 44], "hlc": [921725, 4]}
INFO:<Node 8>:{"send": true, "recv": false, "from": 8, "to": 0, "vc": [39, 39, 31, 32, 45, 31, 37, 39, 43, 39], "hlc": [921723, 8]}
INFO:<Node 0>:{"send": false, "recv": true, "to": 0, "from": 8, "vc": [46, 39, 39, 42, 48, 38, 39, 42, 43, 44], "hlc": [921725, 6]}
INFO:<Node 2>:{"send": false, "recv": true, "to": 2, "from": 5, "vc": [42, 48, 40, 44, 48, 42, 41, 39, 41, 44], "hlc": [921725, 6]}
INFO:<Node 3>:{"send": false, "recv": true, "to": 3, "from": 0, "vc": [45, 39, 39, 47, 48, 40, 39, 42, 41, 44], "hlc": [921725, 6]}
INFO:<Node 6>:{"send": false, "recv": true, "to": 6, "from": 4, "vc": [42, 48, 37, 44, 53, 39, 42, 38, 38, 44], "hlc": [921726, 0]}
INFO:<Node 7>:{"send": false, "recv": true, "to": 7, "from": 3, "vc": [41, 38, 35, 46, 48, 40, 39, 44, 35, 44], "hlc": [921725, 5]}
INFO:<Node 9>:{"send": false, "recv": true, "to": 9, "from": 7, "vc": [42, 46, 35, 44, 52, 39, 39, 43, 42, 50], "hlc": [921725, 5]}
INFO:<Node 0>:{"send": true, "recv": false, "from": 0, "to": 6, "vc": [47, 39, 39, 42, 48, 38, 39, 42, 43, 44], "hlc": [921725, 7]}
INFO:<Node 1>:{"send": true, "recv": false, "from": 1, "to": 6, "vc": [42, 50, 37, 44, 46, 35, 37, 37, 39, 47], "hlc": [921723, 13]}
INFO:<Node 2>:{"send": true, "recv": false, "from": 2, "to": 1, "vc": [42, 48, 41, 44, 48, 42, 41, 39, 41, 44], "hlc": [921725, 7]}
INFO:<Node 3>:{"send": true, "recv": false, "from": 3, "to": 2, "vc": [45, 39, 39, 48, 48, 40, 39, 42, 41, 44], "hlc": [921725, 7]}
INFO:<Node 4>:{"send": true, "recv": false, "from": 4, "to": 6, "vc": [41, 41, 35, 42, 54, 39, 37, 38, 35, 43], "hlc": [921723, 8]}
INFO:<Node 5>:{"send": true, "recv": false, "from": 5, "to": 8, "vc": [42, 48, 37, 44, 48, 43, 41, 37, 38, 44], "hlc": [921725, 6]}
INFO:<Node 6>:{"send": true, "recv": false, "from": 6, "to": 9, "vc": [42, 48, 37, 44, 53, 39, 43, 38, 38, 44], "hlc": [921726, 1]}
INFO:<Node 7>:{"send": true, "recv": false, "from": 7, "to": 6, "vc": [41, 38, 35, 46, 48, 40, 39, 45, 35, 44], "hlc": [921725, 6]}
INFO:<Node 9>:{"send": true, "recv": false, "from": 9, "to": 6, "vc": [42, 46, 35, 44, 52, 39, 39, 43, 42, 51], "hlc": [921725, 6]}
INFO:<Node 1>:{"send": false, "recv": true, "to": 1, "from": 2, "vc": [42, 51, 41, 44, 48, 42, 41, 39, 41, 47], "hlc": [921725, 8]}
INFO:<Node 2>:{"send": false, "recv": true, "to": 2, "from": 3, "vc": [45, 48, 42, 48, 48, 42, 41, 42, 41, 44], "hlc": [921726, 0]}
INFO:<Node 6>:{"send": false, "recv": true, "to": 6, "from": 0, "vc": [47, 48, 39, 44, 53, 39, 44, 42, 43, 44], "hlc": [921727, 0]}
INFO:<Node 6>:{"send": false, "recv": true, "to": 6, "from": 1, "vc": [47, 50, 39, 44, 53, 39, 45, 42, 43, 47], "hlc": [921727, 1]}
INFO:<Node 6>:{"send": false, "recv": true, "to": 6, "from": 4, "vc": [47, 50, 39, 44, 54, 39, 46, 42, 43, 47], "hlc": [921727, 2]}
INFO:<Node 6>:{"send": false, "recv": true, "to": 6, "from": 7, "vc": [47, 50, 39, 46, 54, 40, 47, 45, 43, 47], "hlc": [921727, 3]}
INFO:<Node 6>:{"send": false, "recv": true, "to": 6, "from": 9, "vc": [47, 50, 39, 46, 54, 40, 48, 45, 43, 51], "hlc": [921727, 4]}
INFO:<Node 8>:{"send": false, "recv": true, "to": 8, "from": 5, "vc": [42, 48, 37, 44, 48, 43, 41, 39, 44, 44], "hlc": [921725, 7]}
INFO:<Node 9>:{"send": false, "recv": true, "to": 9, "from": 6, "vc": [42, 48, 37, 44, 53, 39, 43, 43, 42, 52], "hlc": [921726, 2]}
INFO:<Node 0>:{"send": true, "recv": false, "from": 0, "to": 3, "vc": [48, 39, 39, 42, 48, 38, 39, 42, 43, 44], "hlc": [921725, 8]}
INFO:<Node 1>:{"send": true, "recv": false, "from": 1, "to": 0, "vc": [42, 52, 41, 44, 48, 42, 41, 39, 41, 47], "hlc": [921725, 9]}
INFO:<Node 4>:{"send": true, "recv": false, "from": 4, "to": 3, "vc": [41, 41, 35, 42, 55, 39, 37, 38, 35, 43], "hlc": [921723, 9]}
INFO:<Node 7>:{"send": true, "recv": false, "from": 7, "to": 8, "vc": [41, 38, 35, 46, 48, 40, 39, 46, 35, 44], "hlc": [921725, 7]}
INFO:<Node 9>:{"send": true, "recv": false, "from": 9, "to": 2, "vc": [42, 48, 37, 44, 53, 39, 43, 43, 42, 53], "hlc": [921726, 3]}
INFO:<Node 0>:{"send": false, "recv": true, "to": 0, "from": 1, "vc": [49, 52, 41, 44, 48, 42, 41, 42, 43, 47], "hlc": [921725, 10]}
INFO:<Node 2>:{"send": false, "recv": true, "to": 2, "from": 9, "vc": [45, 48, 43, 48, 53, 42, 43, 43, 42, 53], "hlc": [921726, 4]}
INFO:<Node 3>:{"send": false, "recv": true, "to": 3, "from": 0, "vc": [48, 39, 39, 49, 48, 40, 39, 42, 43, 44], "hlc": [921725, 9]}
INFO:<Node 3>:{"send": false, "recv": true, "to": 3, "from": 4, "vc": [48, 41, 39, 50, 55, 40, 39, 42, 43, 44], "hlc": [921725, 10]}
INFO:<Node 8>:{"send": false, "recv": true, "to": 8, "from": 7, "vc": [42, 48, 37, 46, 48, 43, 41, 46, 45, 44], "hlc": [921725, 8]}
INFO:<Node 1>:{"send": true, "recv": false, "from": 1, "to": 5, "vc": [42, 53, 41, 44, 48, 42, 41, 39, 41, 47], "hlc": [921725, 10]}
INFO:<Node 2>:{"send": true, "recv": false, "from": 2, "to": 6, "vc": [45, 48, 44, 48, 53, 42, 43, 43, 42, 53], "hlc": [921726, 5]}
INFO:<Node 3>:{"send": true, "recv": false, "from": 3, "to": 2, "vc": [48, 41, 39, 51, 55, 40, 39, 42, 43, 44], "hlc": [921725, 11]}
INFO:<Node 4>:{"send": true, "recv": false, "from": 4, "to": 8, "vc": [41, 41, 35, 42, 56, 39, 37, 38, 35, 43], "hlc": [921723, 10]}
INFO:<Node 5>:{"send": true, "recv": false, "from": 5, "to": 1, "vc": [42, 48, 37, 44, 48, 44, 41, 37, 38, 44], "hlc": [921725, 7]}
INFO:<Node 7>:{"send": true, "recv": false, "from": 7, "to": 9, "vc": [41, 38, 35, 46, 48, 40, 39, 47, 35, 44], "hlc": [921725, 8]}
INFO:<Node 8>:{"send": true, "recv": false, "from": 8, "to": 2, "vc": [42, 48, 37, 46, 48, 43, 41, 46, 46, 44], "hlc": [921725, 9]}
INFO:<Node 9>:{"send": true, "recv": false, "from": 9, "to": 0, "vc": [42, 48, 37, 44, 53, 39, 43, 43, 42, 54], "hlc": [921726, 4]}
INFO:<Node 0>:{"send": false, "recv": true, "to": 0, "from": 9, "vc": [50, 52, 41, 44, 53, 42, 43, 43, 43, 54], "hlc": [921726, 5]}
INFO:<Node 1>:{"send": false, "recv": true, "to": 1, "from": 5, "vc": [42, 54, 41, 44, 48, 44, 41, 39, 41, 47], "hlc": [921725, 11]}
INFO:<Node 2>:{"send": false, "recv": true, "to": 2, "from": 3, "vc": [48, 48, 45, 51, 55, 42, 43, 43, 43, 53], "hlc": [921727, 0]}
INFO:<Node 2>:{"send": false, "recv": true, "to": 2, "from": 8, "vc": [48, 48, 46, 51, 55, 43, 43, 46, 46, 53], "hlc": [921727, 1]}
INFO:<Node 5>:{"send": false, "recv": true, "to": 5, "from": 1, "vc": [42, 53, 41, 44, 48, 45, 41, 39, 41, 47], "hlc": [921725, 11]}
INFO:<Node 6>:{"send": false, "recv": true, "to": 6, "from": 2, "vc": [47, 50, 44, 48, 54, 42, 49, 45, 43, 53], "hlc": [921728, 0]}
INFO:<Node 8>:{"send": false, "recv": true, "to": 8, "from": 4, "vc": [42, 48, 37, 46, 56, 43, 41, 46, 47, 44], "hlc": [921725, 10]}
INFO:<Node 9>:{"send": false, "recv": true, "to": 9, "from": 7, "vc": [42, 48, 37, 46, 53, 40, 43, 47, 42, 55], "hlc": [921726, 5]}
INFO:<Node 0>:{"send": true, "recv": false, "from": 0, "to": 8, "vc": [51, 52, 41, 44, 53, 42, 43, 43, 43, 54], "hlc": [921726, 6]}
INFO:<Node 2>:{"send": true, "recv": false, "from": 2, "to": 4, "vc": [48, 48, 47, 51, 55, 43, 43, 46, 46, 53], "hlc": [921727, 2]}
INFO:<Node 3>:{"send": true, "recv": false, "from": 3, "to": 6, "vc": [48, 41, 39, 52, 55, 40, 39, 42, 43, 44], "hlc": [921725, 12]}
INFO:<Node 4>:{"send": true, "recv": false, "from": 4, "to": 7, "vc": [41, 41, 35, 42, 57, 39, 37, 38, 35, 43], "hlc": [921723, 11]}
INFO:<Node 5>:{"send": true, "recv": false, "from": 5, "to": 6, "vc": [42, 53, 41, 44, 48, 46, 41, 39, 41, 47], "hlc": [921725, 12]}
INFO:<Node 6>:{"send": true, "recv": false, "from": 6, "to": 9, "vc": [47, 50, 44, 48, 54, 42, 50, 45, 43, 53], "hlc": [921728, 1]}
INFO:<Node 8>:{"send": true, "recv": false, "from": 8, "to": 3, "vc": [42, 48, 37, 46, 56, 43, 41, 46, 48, 44], "hlc": [921725, 11]}
INFO:<Node 3>:{"send": false, "recv": true, "to": 3, "from": 8, "vc": [48, 48, 39, 53, 56, 43, 41, 46, 48, 44], "hlc": [921725, 13]}
INFO:<Node 4>:{"send": false, "recv": true, "to": 4, "from": 2, "vc": [48, 48, 47, 51, 58, 43, 43, 46, 46, 53], "hlc": [921727, 3]}
INFO:<Node 6>:{"send": false, "recv": true, "to": 6, "from": 3, "vc": [48, 50, 44, 52, 55, 42, 51, 45, 43, 53], "hlc": [921728, 2]}
INFO:<Node 6>:{"send": false, "recv": true, "to": 6, "from": 5, "vc": [48, 53, 44, 52, 55, 46, 52, 45, 43, 53], "hlc": [921728, 3]}
INFO:<Node 7>:{"send": false, "recv": true, "to": 7, "from": 4, "vc": [41, 41, 35, 46, 57, 40, 39, 48, 35, 44], "hlc": [921725, 9]}
INFO:<Node 8>:{"send": false, "recv": true, "to": 8, "from": 0, "vc": [51, 52, 41, 46, 56, 43, 43, 46, 49, 54], "hlc": [921726, 7]}
INFO:<Node 9>:{"send": false, "recv": true, "to": 9, "from": 6, "vc": [47, 50, 44, 48, 54, 42, 50, 47, 43, 56], "hlc": [921728, 2]}
INFO:<Node 0>:{"send": true, "recv": false, "from": 0, "to": 6, "vc": [52, 52, 41, 44, 53, 42, 43, 43, 43, 54], "hlc": [921726, 7]}
INFO:<Node 2>:{"send": true, "recv": false, "from": 2, "to": 4, "vc": [48, 48, 48, 51, 55, 43, 43, 46, 46, 53], "hlc": [921727, 3]}
INFO:<Node 5>:{"send": true, "recv": false, "from": 5, "to": 7, "vc": [42, 53, 41, 44, 48, 47, 41, 39, 41, 47], "hlc": [921725, 13]}
INFO:<Node 6>:{"send": true, "recv": false, "from": 6, "to": 3, "vc": [48, 53, 44, 52, 55, 46, 53, 45, 43, 53], "hlc": [921728, 4]}
INFO:<Node 8>:{"send": true, "recv": false, "from": 8, "to": 9, "vc": [51, 52, 41, 46, 56, 43, 43, 46, 50, 54], "hlc": [921726, 8]}
INFO:<Node 3>:{"send": false, "recv": true, "to": 3, "from": 6, "vc": [48, 53, 44, 54, 56, 46, 53, 46, 48, 53], "hlc": [921728, 5]}
INFO:<Node 4>:{"send": false, "recv": true, "to": 4, "from": 2, "vc": [48, 48, 48, 51, 59, 43, 43, 46, 46, 53], "hlc": [921727, 4]}
INFO:<Node 6>:{"send": false, "recv": true, "to": 6, "from": 0, "vc": [52, 53, 44, 52, 55, 46, 54, 45, 43, 54], "hlc": [921729, 0]}
INFO:<Node 7>:{"send": false, "recv": true, "to": 7, "from": 5, "vc": [42, 53, 41, 46, 57, 47, 41, 49, 41, 47], "hlc": [921725, 14]}
INFO:<Node 9>:{"send": false, "recv": true, "to": 9, "from": 8, "vc": [51, 52, 44, 48, 56, 43, 50, 47, 50, 57], "hlc": [921728, 3]}
INFO:<Node 2>:{"send": true, "recv": false, "from": 2, "to": 6, "vc": [48, 48, 49, 51, 55, 43, 43, 46, 46, 53], "hlc": [921728, 0]}
INFO:<Node 4>:{"send": true, "recv": false, "from": 4, "to": 1, "vc": [48, 48, 48, 51, 60, 43, 43, 46, 46, 53], "hlc": [921727, 5]}
INFO:<Node 6>:{"send": true, "recv": false, "from": 6, "to": 7, "vc": [52, 53, 44, 52, 55, 46, 55, 45, 43, 54], "hlc": [921729, 1]}
INFO:<Node 7>:{"send": true, "recv": false, "from": 7, "to": 1, "vc": [42, 53, 41, 46, 57, 47, 41, 50, 41, 47], "hlc": [921725, 15]}
INFO:<Node 8>:{"send": true, "recv": false, "from": 8, "to": 6, "vc": [51, 52, 41, 46, 56, 43, 43, 46, 51, 54], "hlc": [921726, 9]}
INFO:<Node 1>:{"send": false, "recv": true, "to": 1, "from": 4, "vc": [48, 55, 48, 51, 60, 44, 43, 46, 46, 53], "hlc": [921727, 6]}
INFO:<Node 1>:{"send": false, "recv": true, "to": 1, "from": 7, "vc": [48, 56, 48, 51, 60, 47, 43, 50, 46, 53], "hlc": [921727, 7]}
INFO:<Node 6>:{"send": false, "recv": true, "to": 6, "from": 2, "vc": [52, 53, 49, 52, 55, 46, 56, 46, 46, 54], "hlc": [921729, 2]}
INFO:<Node 6>:{"send": false, "recv": true, "to": 6, "from": 8, "vc": [52, 53, 49, 52, 56, 46, 57, 46, 51, 54], "hlc": [921729, 3]}
INFO:<Node 7>:{"send": false, "recv": true, "to": 7, "from": 6, "vc": [52, 53, 44, 52, 57, 47, 55, 51, 43, 54], "hlc": [921729, 2]}
INFO:<Node 0>:{"send": true, "recv": false, "from": 0, "to": 6, "vc": [53, 52, 41, 44, 53, 42, 43, 43, 43, 54], "hlc": [921726, 8]}
INFO:<Node 1>:{"send": true, "recv": false, "from": 1, "to": 5, "vc": [48, 57, 48, 51, 60, 47, 43, 50, 46, 53], "hlc": [921727, 8]}
INFO:<Node 3>:{"send": true, "recv": false, "from": 3, "to": 0, "vc": [48, 53, 44, 55, 56, 46, 53, 46, 48, 53], "hlc": [921728, 6]}
INFO:<Node 4>:{"send": true, "recv": false, "from": 4, "to": 8, "vc": [48, 48, 48, 51, 61, 43, 43, 46, 46, 53], "hlc": [921727, 6]}
INFO:<Node 5>:{"send": true, "recv": false, "from": 5, "to": 9, "vc": [42, 53, 41, 44, 48, 48, 41, 39, 41, 47], "hlc": [921725, 14]}
INFO:<Node 6>:{"send": true, "recv": false, "from": 6, "to": 2, "vc": [52, 53, 49, 52, 56, 46, 58, 46, 51, 54], "hlc": [921729, 4]}
INFO:<Node 9>:{"send": true, "recv": false, "from": 9, "to": 6, "vc": [51, 52, 44, 48, 56, 43, 50, 47, 50, 58], "hlc": [921728, 4]}
INFO:<Node 0>:{"send": false, "recv": true, "to": 0, "from": 3, "vc": [54, 53, 44, 55, 56, 46, 53, 46, 48, 54], "hlc": [921728, 7]}
INFO:<Node 2>:{"send": false, "recv": true, "to": 2, "from": 6, "vc": [52, 53, 50, 52, 56, 46, 58, 46, 51, 54], "hlc": [921729, 5]}
INFO:<Node 5>:{"send": false, "recv": true, "to": 5, "from": 1, "vc": [48, 57, 48, 51, 60, 49, 43, 50, 46, 53], "hlc": [921727, 9]}
INFO:<Node 6>:{"send": false, "recv": true, "to": 6, "from": 0, "vc": [53, 53, 49, 52, 56, 46, 59, 46, 51, 54], "hlc": [921730, 0]}
INFO:<Node 6>:{"send": false, "recv": true, "to": 6, "from": 9, "vc": [53, 53, 49, 52, 56, 46, 60, 47, 51, 58], "hlc": [921730, 1]}
INFO:<Node 8>:{"send": false, "recv": true, "to": 8, "from": 4, "vc": [51, 52, 48, 51, 61, 43, 43, 46, 52, 54], "hlc": [921727, 7]}
INFO:<Node 9>:{"send": false, "recv": true, "to": 9, "from": 5, "vc": [51, 53, 44, 48, 56, 48, 50, 47, 50, 59], "hlc": [921728, 5]}
INFO:<Node 0>:{"send": true, "recv": false, "from": 0, "to": 4, "vc": [55, 53, 44, 55, 56, 46, 53, 46, 48, 54], "hlc": [921728, 8]}
INFO:<Node 1>:{"send": true, "recv": false, "from": 1, "to": 6, "vc": [48, 58, 48, 51, 60, 47, 43, 50, 46, 53], "hlc": [921727, 9]}
INFO:<Node 2>:{"send": true, "recv": false, "from": 2, "to": 5, "vc": [52, 53, 51, 52, 56, 46, 58, 46, 51, 54], "hlc": [921729, 6]}
INFO:<Node 7>:{"send": true, "recv": false, "from": 7, "to": 0, "vc": [52, 53, 44, 52, 57, 47, 55, 52, 43, 54], "hlc": [921729, 3]}
INFO:<Node 8>:{"send": true, "recv": false, "from": 8, "to": 3, "vc": [51, 52, 48, 51, 61, 43, 43, 46, 53, 54], "hlc": [921727, 8]}
INFO:<Node 9>:{"send": true, "recv": false, "from": 9, "to": 0, "vc": [51, 53, 44, 48, 56, 48, 50, 47, 50, 60], "hlc": [921728, 6]}
INFO:<Node 0>:{"send": false, "recv": true, "to": 0, "from": 7, "vc": [56, 53, 44, 55, 57, 47, 55, 52, 48, 54], "hlc": [921729, 4]}
INFO:<Node 0>:{"send": false, "recv": true, "to": 0, "from": 9, "vc": [57, 53, 44, 55, 57, 48, 55, 52, 50, 60], "hlc": [921729, 5]}
INFO:<Node 3>:{"send": false, "recv": true, "to": 3, "from": 8, "vc": [51, 53, 48, 56, 61, 46, 53, 46, 53, 54], "hlc": [921728, 7]}
INFO:<Node 4>:{"send": false, "recv": true, "to": 4, "from": 0, "vc": [55, 53, 48, 55, 62, 46, 53, 46, 48, 54], "hlc": [921728, 9]}
INFO:<Node 5>:{"send": false, "recv": true, "to": 5, "from": 2, "vc": [52, 57, 51, 52, 60, 50, 58, 50, 51, 54], "hlc": [921729, 7]}
INFO:<Node 6>:{"send": false, "recv": true, "to": 6, "from": 1, "vc": [53, 58, 49, 52, 60, 47, 61, 50, 51, 58], "hlc": [921730, 2]}
INFO:<Node 0>:{"send": true, "recv": false, "from": 0, "to": 1, "vc": [58, 53, 44, 55, 57, 48, 55, 52, 50, 60], "hlc": [921729, 6]}
INFO:<Node 5>:{"send": true, "recv": false, "from": 5, "to": 0, "vc": [52, 57, 51, 52, 60, 51, 58, 50, 51, 54], "hlc": [921729, 8]}
INFO:<Node 7>:{"send": true, "recv": false, "from": 7, "to": 2, "vc": [52, 53, 44, 52, 57, 47, 55, 53, 43, 54], "hlc": [921729, 4]}
INFO:<Node 8>:{"send": true, "recv": false, "from": 8, "to": 3, "vc": [51, 52, 48, 51, 61, 43, 43, 46, 54, 54], "hlc": [921727, 9]}
INFO:<Node 9>:{"send": true, "recv": false, "from": 9, "to": 6, "vc": [51, 53, 44, 48, 56, 48, 50, 47, 50, 61], "hlc": [921728, 7]}
INFO:<Node 0>:{"send": false, "recv": true, "to": 0, "from": 5, "vc": [59, 57, 51, 55, 60, 51, 58, 52, 51, 60], "hlc": [921729, 9]}
INFO:<Node 1>:{"send": false, "recv": true, "to": 1, "from": 0, "vc": [58, 59, 48, 55, 60, 48, 55, 52, 50, 60], "hlc": [921729, 7]}
INFO:<Node 2>:{"send": false, "recv": true, "to": 2, "from": 7, "vc": [52, 53, 52, 52, 57, 47, 58, 53, 51, 54], "hlc": [921730, 0]}
INFO:<Node 3>:{"send": false, "recv": true, "to": 3, "from": 8, "vc": [51, 53, 48, 57, 61, 46, 53, 46, 54, 54], "hlc": [921728, 8]}
INFO:<Node 6>:{"send": false, "recv": true, "to": 6, "from": 9, "vc": [53, 58, 49, 52, 60, 48, 62, 50, 51, 61], "hlc": [921731, 0]}
INFO:<Node 0>:{"send": true, "recv": false, "from": 0, "to": 5, "vc": [60, 57, 51, 55, 60, 51, 58, 52, 51, 60], "hlc": [921729, 10]}
INFO:<Node 1>:{"send": true, "recv": false, "from": 1, "to": 8, "vc": [58, 60, 48, 55, 60, 48, 55, 52, 50, 60], "hlc": [921729, 8]}
INFO:<Node 3>:{"send": true, "recv": false, "from": 3, "to": 6, "vc": [51, 53, 48, 58, 61, 46, 53, 46, 54, 54], "hlc": [921728, 9]}
INFO:<Node 4>:{"send": true, "recv": false, "from": 4, "to": 6, "vc": [55, 53, 48, 55, 63, 46, 53, 46, 48, 54], "hlc": [921728, 10]}
INFO:<Node 6>:{"send": true, "recv": false, "from": 6, "to": 1, "vc": [53, 58, 49, 52, 60, 48, 63, 50, 51, 61], "hlc": [921731, 1]}
INFO:<Node 7>:{"send": true, "recv": false, "from": 7, "to": 4, "vc": [52, 53, 44, 52, 57, 47, 55, 54, 43, 54], "hlc": [921729, 5]}
INFO:<Node 8>:{"send": true, "recv": false, "from": 8, "to": 6, "vc": [51, 52, 48, 51, 61, 43, 43, 46, 55, 54], "hlc": [921727, 10]}
INFO:<Node 9>:{"send": true, "recv": false, "from": 9, "to": 1, "vc": [51, 53, 44, 48, 56, 48, 50, 47, 50, 62], "hlc": [921728, 8]}
INFO:<Node 1>:{"send": false, "recv": true, "to": 1, "from": 6, "vc": [58, 61, 49, 55, 60, 48, 63, 52, 51, 61], "hlc": [921731, 2]}
INFO:<Node 1>:{"send": false, "recv": true, "to": 1, "from": 9, "vc": [58, 62, 49, 55, 60, 48, 63, 52, 51, 62], "hlc": [921731, 3]}
INFO:<Node 4>:{"send": false, "recv": true, "to": 4, "from": 7, "vc": [55, 53, 48, 55, 64, 47, 55, 54, 48, 54], "hlc": [921729, 6]}
INFO:<Node 5>:{"send": false, "recv": true, "to": 5, "from": 0, "vc": [60, 57, 51, 55, 60, 52, 58, 52, 51, 60], "hlc": [921729, 11]}
INFO:<Node 6>:{"send": false, "recv": true, "to": 6, "from": 3, "vc": [53, 58, 49, 58, 61, 48, 64, 50, 54, 61], "hlc": [921731, 2]}
INFO:<Node 6>:{"send": false, "recv": true, "to": 6, "from": 4, "vc": [55, 58, 49, 58, 63, 48, 65, 50, 54, 61], "hlc": [921731, 3]}
INFO:<Node 6>:{"send": false, "recv": true, "to": 6, "from": 8, "vc": [55, 58, 49, 58, 63, 48, 66, 50, 55, 61], "hlc": [921731, 4]}
INFO:<Node 8>:{"send": false, "recv": true, "to": 8, "from": 1, "vc": [58, 60, 48, 55, 61, 48, 55, 52, 56, 60], "hlc": [921729, 9]}
INFO:<Node 1>:{"send": true, "recv": false, "from": 1, "to": 2, "vc": [58, 63, 49, 55, 60, 48, 63, 52, 51, 62], "hlc": [921731, 4]}
INFO:<Node 3>:{"send": true, "recv": false, "from": 3, "to": 5, "vc": [51, 53, 48, 59, 61, 46, 53, 46, 54, 54], "hlc": [921728, 10]}
INFO:<Node 4>:{"send": true, "recv": false, "from": 4, "to": 0, "vc": [55, 53, 48, 55, 65, 47, 55, 54, 48, 54], "hlc": [921729, 7]}
INFO:<Node 5>:{"send": true, "recv": false, "from": 5, "to": 4, "vc": [60, 57, 51, 55, 60, 53, 58, 52, 51, 60], "hlc": [921729, 12]}
INFO:<Node 8>:{"send": true, "recv": false, "from": 8, "to": 7, "vc": [58, 60, 48, 55, 61, 48, 55, 52, 57, 60], "hlc": [921729, 10]}
INFO:<Node 9>:{"send": true, "recv": false, "from": 9, "to": 3, "vc": [51, 53, 44, 48, 56, 48, 50, 47, 50, 63], "hlc": [921728, 9]}
INFO:<Node 0>:{"send": false, "recv": true, "to": 0, "from": 4, "vc": [61, 57, 51, 55, 65, 51, 58, 54, 51, 60], "hlc": [921729, 11]}
INFO:<Node 2>:{"send": false, "recv": true, "to": 2, "from": 1, "vc": [58, 63, 53, 55, 60, 48, 63, 53, 51, 62], "hlc": [921731, 5]}
INFO:<Node 3>:{"send": false, "recv": true, "to": 3, "from": 9, "vc": [51, 53, 48, 60, 61, 48, 53, 47, 54, 63], "hlc": [921728, 11]}
INFO:<Node 4>:{"send": false, "recv": true, "to": 4, "from": 5, "vc": [60, 57, 51, 55, 66, 53, 58, 54, 51, 60], "hlc": [921729, 13]}
INFO:<Node 5>:{"send": false, "recv": true, "to": 5, "from": 3, "vc": [60, 57, 51, 59, 61, 54, 58, 52, 54, 60], "hlc": [921729, 13]}
INFO:<Node 7>:{"send": false, "recv": true, "to": 7, "from": 8, "vc": [58, 60, 48, 55, 61, 48, 55, 55, 57, 60], "hlc": [921729, 11]}
INFO:<Node 1>:{"send": true, "recv": false, "from": 1, "to": 7, "vc": [58, 64, 49, 55, 60, 48, 63, 52, 51, 62], "hlc": [921731, 5]}
INFO:<Node 2>:{"send": true, "recv": false, "from": 2, "to": 7, "vc": [58, 63, 54, 55, 60, 48, 63, 53, 51, 62], "hlc": [921731, 6]}
INFO:<Node 3>:{"send": true, "recv": false, "from": 3, "to": 8, "vc": [51, 53, 48, 61, 61, 48, 53, 47, 54, 63], "hlc": [921728, 12]}
INFO:<Node 4>:{"send": true, "recv": false, "from": 4, "to": 3, "vc": [60, 57, 51, 55, 67, 53, 58, 54, 51, 60], "hlc": [921729, 14]}
INFO:<Node 5>:{"send": true, "recv": false, "from": 5, "to": 9, "vc": [60, 57, 51, 59, 61, 55, 58, 52, 54, 60], "hlc": [921729, 14]}
INFO:<Node 7>:{"send": true, "recv": false, "from": 7, "to": 2, "vc": [58, 60, 48, 55, 61, 48, 55, 56, 57, 60], "hlc": [921729, 12]}
INFO:<Node 8>:{"send": true, "recv": false, "from": 8, "to": 2, "vc": [58, 60, 48, 55, 61, 48, 55, 52, 58, 60], "hlc": [921729, 11]}
INFO:<Node 2>:{"send": false, "recv": true, "to": 2, "from": 7, "vc": [58, 63, 55, 55, 61, 48, 63, 56, 57, 62], "hlc": [921731, 7]}
INFO:<Node 2>:{"send": false, "recv": true, "to": 2, "from": 8, "vc": [58, 63, 56, 55, 61, 48, 63, 56, 58, 62], "hlc": [921731, 8]}
INFO:<Node 3>:{"send": false, "recv": true, "to": 3, "from": 4, "vc": [60, 57, 51, 62, 67, 53, 58, 54, 54, 63], "hlc": [921729, 15]}
INFO:<Node 7>:{"send": false, "recv": true, "to": 7, "from": 1, "vc": [58, 64, 49, 55, 61, 48, 63, 57, 57, 62], "hlc": [921731, 6]}
INFO:<Node 7>:{"send": false, "recv": true, "to": 7, "from": 2, "vc": [58, 64, 54, 55, 61, 48, 63, 58, 57, 62], "hlc": [921731, 7]}
INFO:<Node 8>:{"send": false, "recv": true, "to": 8, "from": 3, "vc": [58, 60, 48, 61, 61, 48, 55, 52, 59, 63], "hlc": [921729, 12]}
INFO:<Node 9>:{"send": false, "recv": true, "to": 9, "from": 5, "vc": [60, 57, 51, 59, 61, 55, 58, 52, 54, 64], "hlc": [921729, 15]}
INFO:<Node 1>:{"send": true, "recv": false, "from": 1, "to": 4, "vc": [58, 65, 49, 55, 60, 48, 63, 52, 51, 62], "hlc": [921731, 6]}
INFO:<Node 2>:{"send": true, "recv": false, "from": 2, "to": 1, "vc": [58, 63, 57, 55, 61, 48, 63, 56, 58, 62], "hlc": [921731, 9]}
INFO:<Node 3>:{"send": true, "recv": false, "from": 3, "to": 7, "vc": [60, 57, 51, 63, 67, 53, 58, 54, 54, 63], "hlc": [921729, 16]}
INFO:<Node 4>:{"send": true, "recv": false, "from": 4, "to": 1, "vc": [60, 57, 51, 55, 68, 53, 58, 54, 51, 60], "hlc": [921729, 15]}
INFO:<Node 6>:{"send": true, "recv": false, "from": 6, "to": 2, "vc": [55, 58, 49, 58, 63, 48, 67, 50, 55, 61], "hlc": [921732, 0]}
INFO:<Node 7>:{"send": true, "recv": false, "from": 7, "to": 8, "vc": [58, 64, 54, 55, 61, 48, 63, 59, 57, 62], "hlc": [921731, 8]}
INFO:<Node 8>:{"send": true, "recv": false, "from": 8, "to": 7, "vc": [58, 60, 48, 61, 61, 48, 55, 52, 60, 63], "hlc": [921729, 13]}
INFO:<Node 9>:{"send": true, "recv": false, "from": 9, "to": 5, "vc": [60, 57, 51, 59, 61, 55, 58, 52, 54, 65], "hlc": [921729, 16]}
INFO:<Node 1>:{"send": false, "recv": true, "to": 1, "from": 2, "vc": [58, 66, 57, 55, 61, 48, 63, 56, 58, 62], "hlc": [921731, 10]}
INFO:<Node 1>:{"send": false, "recv": true, "to": 1, "from": 4, "vc": [60, 67, 57, 55, 68, 53, 63, 56, 58, 62], "hlc": [921731, 11]}
INFO:<Node 2>:{"send": false, "recv": true, "to": 2, "from": 6, "vc": [58, 63, 58, 58, 63, 48, 67, 56, 58, 62], "hlc": [921732, 1]}
INFO:<Node 4>:{"send": false, "recv": true, "to": 4, "from": 1, "vc": [60, 65, 51, 55, 69, 53, 63, 54, 51, 62], "hlc": [921731, 7]}
INFO:<Node 5>:{"send": false, "recv": true, "to": 5, "from": 9, "vc": [60, 57, 51, 59, 61, 56, 58, 52, 54, 65], "hlc": [921729, 17]}
INFO:<Node 7>:{"send": false, "recv": true, "to": 7, "from": 3, "vc": [60, 64, 54, 63, 67, 53, 63, 60, 57, 63], "hlc": [921731, 9]}
INFO:<Node 7>:{"send": false, "recv": true, "to": 7, "from": 8, "vc": [60, 64, 54, 63, 67, 53, 63, 61, 60, 63], "hlc": [921731, 10]}
INFO:<Node 8>:{"send": false, "recv": true, "to": 8, "from": 7, "vc": [58, 64, 54, 61, 61, 48, 63, 59, 61, 63], "hlc": [921731, 9]}
INFO:<Node 0>:{"send": true, "recv": false, "from": 0, "to": 6, "vc": [62, 57, 51, 55, 65, 51, 58, 54, 51, 60], "hlc": [921729, 12]}
INFO:<Node 1>:{"send": true, "recv": false, "from": 1, "to": 0, "vc": [60, 68, 57, 55, 68, 53, 63, 56, 58, 62], "hlc": [921731, 12]}
INFO:<Node 2>:{"send": true, "recv": false, "from": 2, "to": 7, "vc": [58, 63, 59, 58, 63, 48, 67, 56, 58, 62], "hlc": [921732, 2]}
INFO:<Node 8>:{"send": true, "recv": false, "from": 8, "to": 6, "vc": [58, 64, 54, 61, 61, 48, 63, 59, 62, 63], "hlc": [921731, 10]}
INFO:<Node 9>:{"send": true, "recv": false, "from": 9, "to": 3, "vc": [60, 57, 51, 59, 61, 55, 58, 52, 54, 66], "hlc": [921729, 17]}
INFO:<Node 0>:{"send": false, "recv": true, "to": 0, "from": 1, "vc": [63, 68, 57, 55, 68, 53, 63, 56, 58, 62], "hlc": [921731, 13]}
INFO:<Node 3>:{"send": false, "recv": true, "to": 3, "from": 9, "vc": [60, 57, 51, 64, 67, 55, 58, 54, 54, 66], "hlc": [921729, 18]}
INFO:<Node 6>:{"send": false, "recv": true, "to": 6, "from": 0, "vc": [62, 58, 51, 58, 65, 51, 68, 54, 55, 61], "hlc": [921733, 0]}
INFO:<Node 6>:{"send": false, "recv": true, "to": 6, "from": 8, "vc": [62, 64, 54, 61, 65, 51, 69, 59, 62, 63], "hlc": [921733, 1]}
INFO:<Node 7>:{"send": false, "recv": true, "to": 7, "from": 2, "vc": [60, 64, 59, 63, 67, 53, 67, 62, 60, 63], "hlc": [921732, 3]}
