INFO:root:Random workload: num sockets: 10, num iterations: 50, base address: 43500, chance of send: 3 in 5, round delay (s): 0.5, max clock drift (s): 4.5, actual clock drifts: [-1.29904390380503, 0.9190771041927137, -0.4156935713926009, 2.7384752367699132, 0.41554211166360666, -3.8009197764417526, 0.42114031204280344, 1.0601677857580754, -2.8411008116777747, 2.464957760788095]
INFO:<Node 0>:{"send": true, "recv": false, "from": 0, "to": 9, "vc": [1, 0, 0, 0, 0, 0, 0, 0, 0, 0], "hlc": [921550, 1]}
INFO:<Node 4>:{"send": true, "recv": false, "from": 4, "to": 3, "vc": [0, 0, 0, 0, 1, 0, 0, 0, 0, 0], "hlc": [921550, 1]}
INFO:<Node 5>:{"send": true, "recv": false, "from": 5, "to": 4, "vc": [0, 0, 0, 0, 0, 1, 0, 0, 0, 0], "hlc": [921550, 1]}
INFO:<Node 7>:{"send": true, "recv": false, "from": 7, "to": 3, "vc": [0, 0, 0, 0, 0, 0, 0, 1, 0, 0], "hlc": [921551, 0]}
INFO:<Node 3>:{"send": false, "recv": true, "to": 3, "from": 4, "vc": [0, 0, 0, 1, 1, 0, 0, 0, 0, 0], "hlc": [921553, 0]}
INFO:<Node 3>:{"send": false, "recv": true, "to": 3, "from": 7, "vc": [0, 0, 0, 2, 1, 0, 0, 1, 0, 0], "hlc": [921553, 1]}
INFO:<Node 4>:{"send": false, "recv": true, "to": 4, "from": 5, "vc": [0, 0, 0, 0, 2, 1, 0, 0, 0, 0], "hlc": [921551, 0]}
INFO:<Node 9>:{"send": false, "recv": true, "to": 9, "from": 0, "vc": [1, 0, 0, 0, 0, 0, 0, 0, 0, 1], "hlc": [921553, 0]}
INFO:<Node 0>:{"send": true, "recv": false, "from": 0, "to": 8, "vc": [2, 0, 0, 0, 0, 0, 0, 0, 0, 0], "hlc": [921550, 2]}
INFO:<Node 3>:{"send": true, "recv": false, "from": 3, "to": 8, "vc": [0, 0, 0, 3, 1, 0, 0, 1, 0, 0], "hlc": [921553, 2]}
INFO:<Node 4>:{"send": true, "recv": false, "from": 4, "to": 2, "vc": [0, 0, 0, 0, 3, 1, 0, 0, 0, 0], "hlc": [921551, 1]}
INFO:<Node 6>:{"send": true, "recv": false, "from": 6, "to": 0, "vc": [0, 0, 0, 0, 0, 0, 1, 0, 0, 0], "hlc": [921551, 0]}
INFO:<Node 7>:{"send": true, "recv": false, "from": 7, "to": 9, "vc": [0, 0, 0, 0, 0, 0, 0, 2, 0, 0], "hlc": [921552, 0]}
INFO:<Node 9>:{"send": true, "recv": false, "from": 9, "to": 4, "vc": [1, 0, 0, 0, 0, 0, 0, 0, 0, 2], "hlc": [921553, 1]}
INFO:<Node 0>:{"send": false, "recv": true, "to": 0, "from": 6, "vc": [3, 0, 0, 0, 0, 0, 1, 0, 0, 0], "hlc": [921551, 1]}
INFO:<Node 2>:{"send": false, "recv": true, "to": 2, "from": 4, "vc": [0, 0, 1, 0, 3, 1, 0, 0, 0, 0], "hlc": [921551, 2]}
INFO:<Node 4>:{"send": false, "recv": true, "to": 4, "from": 9, "vc": [1, 0, 0, 0, 4, 1, 0, 0, 0, 2], "hlc": [921553, 2]}
INFO:<Node 8>:{"send": false, "recv": true, "to": 8, "from": 0, "vc": [2, 0, 0, 0, 0, 0, 0, 0, 1, 0], "hlc": [921550, 3]}
INFO:<Node 8>:{"send": false, "recv": true, "to": 8, "from": 3, "vc": [2, 0, 0, 3, 1, 0, 0, 1, 2, 0], "hlc": [921553, 3]}
INFO:<Node 9>:{"send": false, "recv": true, "to": 9, "from": 7, "vc": [1, 0, 0, 0, 0, 0, 0, 2, 0, 3], "hlc": [921553, 2]}
INFO:<Node 0>:{"send": true, "recv": false, "from": 0, "to": 9, "vc": [4, 0, 0, 0, 0, 0, 1, 0, 0, 0], "hlc": [921551, 2]}
INFO:<Node 2>:{"send": true, "recv": false, "from": 2, "to": 8, "vc": [0, 0, 2, 0, 3, 1, 0, 0, 0, 0], "hlc": [921551, 3]}
INFO:<Node 3>:{"send": true, "recv": false, "from": 3, "to": 8, "vc": [0, 0, 0, 4, 1, 0, 0, 1, 0, 0], "hlc": [921554, 0]}
INFO:<Node 4>:{"send": true, "recv": false, "from": 4, "to": 3, "vc": [1, 0, 0, 0, 5, 1, 0, 0, 0, 2], "hlc": [921553, 3]}
INFO:<Node 5>:{"send": true, "recv": false, "from": 5, "to": 1, "vc": [0, 0, 0, 0, 0, 2, 0, 0, 0, 0], "hlc": [921550, 2]}
INFO:<Node 6>:{"send": true, "recv": false, "from": 6, "to": 4, "vc": [0, 0, 0, 0, 0, 0, 2, 0, 0, 0], "hlc": [921551, 1]}
INFO:<Node 7>:{"send": true, "recv": false, "from": 7, "to": 8, "vc": [0, 0, 0, 0, 0, 0, 0, 3, 0, 0], "hlc": [921552, 1]}
INFO:<Node 1>:{"send": false, "recv": true, "to": 1, "from": 5, "vc": [0, 1, 0, 0, 0, 2, 0, 0, 0, 0], "hlc": [921552, 0]}
INFO:<Node 3>:{"send": false, "recv": true, "to": 3, "from": 4, "vc": [1, 0, 0, 5, 5, 1, 0, 1, 0, 2], "hlc": [921554, 1]}
INFO:<Node 4>:{"send": false, "recv": true, "to": 4, "from": 6, "vc": [1, 0, 0, 0, 6, 1, 2, 0, 0, 2], "hlc": [921553, 4]}
INFO:<Node 8>:{"send": false, "recv": true, "to": 8, "from": 2, "vc": [2, 0, 2, 3, 3, 1, 0, 1, 3, 0], "hlc": [921553, 4]}
INFO:<Node 8>:{"send": false, "recv": true, "to": 8, "from": 3, "vc": [2, 0, 2, 4, 3, 1, 0, 1, 4, 0], "hlc": [921554, 1]}
INFO:<Node 8>:{"send": false, "recv": true, "to": 8, "from": 7, "vc": [2, 0, 2, 4, 3, 1, 0, 3, 5, 0], "hlc": [921554, 2]}
INFO:<Node 9>:{"send": false, "recv": true, "to": 9, "from": 0, "vc": [4, 0, 0, 0, 0, 0, 1, 2, 0, 4], "hlc": [921554, 0]}
INFO:<Node 0>:{"send": true, "recv": false, "from": 0, "to": 3, "vc": [5, 0, 0, 0, 0, 0, 1, 0, 0, 0], "hlc": [921551, 3]}
INFO:<Node 3>:{"send": true, "recv": false, "from": 3, "to": 5, "vc": [1, 0, 0, 6, 5, 1, 0, 1, 0, 2], "hlc": [921554, 2]}
INFO:<Node 4>:{"send": true, "recv": false, "from": 4, "to": 9, "vc": [1, 0, 0, 0, 7, 1, 2, 0, 0, 2], "hlc": [921553, 5]}
INFO:<Node 5>:{"send": true, "recv": false, "from": 5, "to": 0, "vc": [0, 0, 0, 0, 0, 3, 0, 0, 0, 0], "hlc": [921550, 3]}
INFO:<Node 8>:{"send": true, "recv": false, "from": 8, "to": 0, "vc": [2, 0, 2, 4, 3, 1, 0, 3, 6, 0], "hlc": [921554, 3]}
INFO:<Node 9>:{"send": true, "recv": false, "from": 9, "to": 2, "vc": [4, 0, 0, 0, 0, 0, 1, 2, 0, 5], "hlc": [921554, 1]}
INFO:<Node 0>:{"send": false, "recv": true, "to": 0, "from": 5, "vc": [6, 0, 0, 0, 0, 3, 1, 0, 0, 0], "hlc": [921551, 4]}
INFO:<Node 0>:{"send": false, "recv": true, "to": 0, "from": 8, "vc": [7, 0, 2, 4, 3, 3, 1, 3, 6, 0], "hlc": [921554, 4]}
INFO:<Node 2>:{"send": false, "recv": true, "to": 2, "from": 9, "vc": [4, 0, 3, 0, 3, 1, 1, 2, 0, 5], "hlc": [921554, 2]}
INFO:<Node 3>:{"send": false, "recv": true, "to": 3, "from": 0, "vc": [5, 0, 0, 7, 5, 1, 1, 1, 0, 2], "hlc": [921555, 0]}
INFO:<Node 5>:{"send": false, "recv": true, "to": 5, "from": 3, "vc": [1, 0, 0, 6, 5, 4, 0, 1, 0, 2], "hlc": [921554, 3]}
INFO:<Node 9>:{"send": false, "recv": true, "to": 9, "from": 4, "vc": [4, 0, 0, 0, 7, 1, 2, 2, 0, 6], "hlc": [921554, 2]}
INFO:<Node 0>:{"send": true, "recv": false, "from": 0, "to": 1, "vc": [8, 0, 2, 4, 3, 3, 1, 3, 6, 0], "hlc": [921554, 5]}
INFO:<Node 2>:{"send": true, "recv": false, "from": 2, "to": 9, "vc": [4, 0, 4, 0, 3, 1, 1, 2, 0, 5], "hlc": [921554, 3]}
INFO:<Node 3>:{"send": true, "recv": false, "from": 3, "to": 0, "vc": [5, 0, 0, 8, 5, 1, 1, 1, 0, 2], "hlc": [921555, 1]}
INFO:<Node 5>:{"send": true, "recv": false, "from": 5, "to": 3, "vc": [1, 0, 0, 6, 5, 5, 0, 1, 0, 2], "hlc": [921554, 4]}
INFO:<Node 7>:{"send": true, "recv": false, "from": 7, "to": 0, "vc": [0, 0, 0, 0, 0, 0, 0, 4, 0, 0], "hlc": [921553, 0]}
INFO:<Node 8>:{"send": true, "recv": false, "from": 8, "to": 0, "vc": [2, 0, 2, 4, 3, 1, 0, 3, 7, 0], "hlc": [921554, 4]}
INFO:<Node 9>:{"send": true, "recv": false, "from": 9, "to": 6, "vc": [4, 0, 0, 0, 7, 1, 2, 2, 0, 7], "hlc": [921554, 3]}
INFO:<Node 0>:{"send": false, "recv": true, "to": 0, "from": 3, "vc": [9, 0, 2, 8, 5, 3, 1, 3, 6, 2], "hlc": [921555, 2]}
INFO:<Node 0>:{"send": false, "recv": true, "to": 0, "from": 7, "vc": [10, 0, 2, 8, 5, 3, 1, 4, 6, 2], "hlc": [921555, 3]}
INFO:<Node 0>:{"send": false, "recv": true, "to": 0, "from": 8, "vc": [11, 0, 2, 8, 5, 3, 1, 4, 7, 2], "hlc": [921555, 4]}
INFO:<Node 1>:{"send": false, "recv": true, "to": 1, "from": 0, "vc": [8, 2, 2, 4, 3, 3, 1, 3, 6, 0], "hlc": [921554, 6]}
INFO:<Node 3>:{"send": false, "recv": true, "to": 3, "from": 5, "vc": [5, 0, 0, 9, 5, 5, 1, 1, 0, 2], "hlc": [921555, 2]}
INFO:<Node 6>:{"send": false, "recv": true, "to": 6, "from": 9, "vc": [4, 0, 0, 0, 7, 1, 3, 2, 0, 7], "hlc": [921554, 4]}
INFO:<Node 9>:{"send": false, "recv": true, "to": 9, "from": 2, "vc": [4, 0, 4, 0, 7, 1, 2, 2, 0, 8], "hlc": [921555, 0]}
INFO:<Node 0>:{"send": true, "recv": false, "from": 0, "to": 5, "vc": [12, 0, 2, 8, 5, 3, 1, 4, 7, 2], "hlc": [921555, 5]}
INFO:<Node 1>:{"send": true, "recv": false, "from": 1, "to": 8, "vc": [8, 3, 2, 4, 3, 3, 1, 3, 6, 0], "hlc": [921554, 7]}
INFO:<Node 3>:{"send": true, "recv": false, "from": 3, "to": 5, "vc": [5, 0, 0, 10, 5, 5, 1, 1, 0, 2], "hlc": [921555, 3]}
INFO:<Node 5>:{"send": true, "recv": false, "from": 5, "to": 3, "vc": [1, 0, 0, 6, 5, 6, 0, 1, 0, 2], "hlc": [921554, 5]}
INFO:<Node 7>:{"send": true, "recv": false, "from": 7, "to": 3, "vc": [0, 0, 0, 0, 0, 0, 0, 5, 0, 0], "hlc": [921554, 0]}
INFO:<Node 8>:{"send": true, "recv": false, "from": 8, "to": 0, "vc": [2, 0, 2, 4, 3, 1, 0, 3, 8, 0], "hlc": [921554, 5]}
INFO:<Node 9>:{"send": true, "recv": false, "from": 9, "to": 4, "vc": [4, 0, 4, 0, 7, 1, 2, 2, 0, 9], "hlc": [921555, 1]}
INFO:<Node 0>:{"send": false, "recv": true, "to": 0, "from": 8, "vc": [13, 0, 2, 8, 5, 3, 1, 4, 8, 2], "hlc": [921555, 6]}
INFO:<Node 3>:{"send": false, "recv": true, "to": 3, "from": 5, "vc": [5, 0, 0, 11, 5, 6, 1, 1, 0, 2], "hlc": [921556, 0]}
INFO:<Node 3>:{"send": false, "recv": true, "to": 3, "from": 7, "vc": [5, 0, 0, 12, 5, 6, 1, 5, 0, 2], "hlc": [921556, 1]}
INFO:<Node 4>:{"send": false, "recv": true, "to": 4, "from": 9, "vc": [4, 0, 4, 0, 8, 1, 2, 2, 0, 9], "hlc": [921555, 2]}
INFO:<Node 5>:{"send": false, "recv": true, "to": 5, "from": 0, "vc": [12, 0, 2, 8, 5, 7, 1, 4, 7, 2], "hlc": [921555, 6]}
INFO:<Node 5>:{"send": false, "recv": true, "to": 5, "from": 3, "vc": [12, 0, 2, 10, 5, 8, 1, 4, 7, 2], "hlc": [921555, 7]}
INFO:<Node 8>:{"send": false, "recv": true, "to": 8, "from": 1, "vc": [8, 3, 2, 4, 3, 3, 1, 3, 9, 0], "hlc": [921554, 8]}
INFO:<Node 0>:{"send": true, "recv": false, "from": 0, "to": 6, "vc": [14, 0, 2, 8, 5, 3, 1, 4, 8, 2], "hlc": [921555, 7]}
INFO:<Node 3>:{"send": true, "recv": false, "from": 3, "to": 2, "vc": [5, 0, 0, 13, 5, 6, 1, 5, 0, 2], "hlc": [921556, 2]}
INFO:<Node 4>:{"send": true, "recv": false, "from": 4, "to": 0, "vc": [4, 0, 4, 0, 9, 1, 2, 2, 0, 9], "hlc": [921555, 3]}
INFO:<Node 5>:{"send": true, "recv": false, "from": 5, "to": 7, "vc": [12, 0, 2, 10, 5, 9, 1, 4, 7, 2], "hlc": [921555, 8]}
INFO:<Node 6>:{"send": true, "recv": false, "from": 6, "to": 0, "vc": [4, 0, 0, 0, 7, 1, 4, 2, 0, 7], "hlc": [921554, 5]}
INFO:<Node 7>:{"send": true, "recv": false, "from": 7, "to": 6, "vc": [0, 0, 0, 0, 0, 0, 0, 6, 0, 0], "hlc": [921554, 1]}
INFO:<Node 0>:{"send": false, "recv": true, "to": 0, "from": 4, "vc": [15, 0, 4, 8, 9, 3, 2, 4, 8, 9], "hlc": [921555, 8]}
INFO:<Node 0>:{"send": false, "recv": true, "to": 0, "from": 6, "vc": [16, 0, 4, 8, 9, 3, 4, 4, 8, 9], "hlc": [921555, 9]}
INFO:<Node 2>:{"send": false, "recv": true, "to": 2, "from": 3, "vc": [5, 0, 5, 13, 5, 6, 1, 5, 0, 5], "hlc": [921556, 3]}
INFO:<Node 6>:{"send": false, "recv": true, "to": 6, "from": 0, "vc": [14, 0, 2, 8, 7, 3, 5, 4, 8, 7], "hlc": [921555, 8]}
INFO:<Node 6>:{"send": false, "recv": true, "to": 6, "from": 7, "vc": [14, 0, 2, 8, 7, 3, 6, 6, 8, 7], "hlc": [921555, 9]}
INFO:<Node 7>:{"send": false, "recv": true, "to": 7, "from": 5, "vc": [12, 0, 2, 10, 5, 9, 1, 7, 7, 2], "hlc": [921555, 9]}
INFO:<Node 1>:{"send": true, "recv": false, "from": 1, "to": 2, "vc": [8, 4, 2, 4, 3, 3, 1, 3, 6, 0], "hlc": [921554, 8]}
INFO:<Node 2>:{"send": true, "recv": false, "from": 2, "to": 0, "vc": [5, 0, 6, 13, 5, 6, 1, 5, 0, 5], "hlc": [921556, 4]}
INFO:<Node 3>:{"send": true, "recv": false, "from": 3, "to": 4, "vc": [5, 0, 0, 14, 5, 6, 1, 5, 0, 2], "hlc": [921556, 3]}
INFO:<Node 4>:{"send": true, "recv": false, "from": 4, "to": 1, "vc": [4, 0, 4, 0, 10, 1, 2, 2, 0, 9], "hlc": [921555, 4]}
INFO:<Node 5>:{"send": true, "recv": false, "from": 5, "to": 8, "vc": [12, 0, 2, 10, 5, 10, 1, 4, 7, 2], "hlc": [921555, 9]}
INFO:<Node 8>:{"send": true, "recv": false, "from": 8, "to": 3, "vc": [8, 3, 2, 4, 3, 3, 1, 3, 10, 0], "hlc": [921554, 9]}
INFO:<Node 9>:{"send": true, "recv": false, "from": 9, "to": 5, "vc": [4, 0, 4, 0, 7, 1, 2, 2, 0, 10], "hlc": [921556, 0]}
INFO:<Node 0>:{"send": false, "recv": true, "to": 0, "from": 2, "vc": [17, 0, 6, 13, 9, 6, 4, 5, 8, 9], "hlc": [921556, 5]}
INFO:<Node 1>:{"send": false, "recv": true, "to": 1, "from": 4, "vc": [8, 5, 4, 4, 10, 3, 2, 3, 6, 9], "hlc": [921555, 5]}
INFO:<Node 2>:{"send": false, "recv": true, "to": 2, "from": 1, "vc": [8, 4, 7, 13, 5, 6, 1, 5, 6, 5], "hlc": [921556, 5]}
INFO:<Node 3>:{"send": false, "recv": true, "to": 3, "from": 8, "vc": [8, 3, 2, 15, 5, 6, 1, 5, 10, 2], "hlc": [921557, 0]}
INFO:<Node 4>:{"send": false, "recv": true, "to": 4, "from": 3, "vc": [5, 0, 4, 14, 11, 6, 2, 5, 0, 9], "hlc": [921556, 4]}
INFO:<Node 5>:{"send": false, "recv": true, "to": 5, "from": 9, "vc": [12, 0, 4, 10, 7, 11, 2, 4, 7, 10], "hlc": [921556, 1]}
INFO:<Node 8>:{"send": false, "recv": true, "to": 8, "from": 5, "vc": [12, 3, 2, 10, 5, 10, 1, 4, 11, 2], "hlc": [921555, 10]}
INFO:<Node 0>:{"send": true, "recv": false, "from": 0, "to": 6, "vc": [18, 0, 6, 13, 9, 6, 4, 5, 8, 9], "hlc": [921556, 6]}
INFO:<Node 2>:{"send": true, "recv": false, "from": 2, "to": 8, "vc": [8, 4, 8, 13, 5, 6, 1, 5, 6, 5], "hlc": [921556, 6]}
INFO:<Node 6>:{"send": true, "recv": false, "from": 6, "to": 5, "vc": [14, 0, 2, 8, 7, 3, 7, 6, 8, 7], "hlc": [921555, 10]}
INFO:<Node 5>:{"send": false, "recv": true, "to": 5, "from": 6, "vc": [14, 0, 4, 10, 7, 12, 7, 6, 8, 10], "hlc": [921556, 2]}
INFO:<Node 6>:{"send": false, "recv": true, "to": 6, "from": 0, "vc": [18, 0, 6, 13, 9, 6, 8, 6, 8, 9], "hlc": [921556, 7]}
INFO:<Node 8>:{"send": false, "recv": true, "to": 8, "from": 2, "vc": [12, 4, 8, 13, 5, 10, 1, 5, 12, 5], "hlc": [921556, 7]}
INFO:<Node 0>:{"send": true, "recv": false, "from": 0, "to": 4, "vc": [19, 0, 6, 13, 9, 6, 4, 5, 8, 9], "hlc": [921556, 7]}
INFO:<Node 1>:{"send": true, "recv": false, "from": 1, "to": 8, "vc": [8, 6, 4, 4, 10, 3, 2, 3, 6, 9], "hlc": [921555, 6]}
INFO:<Node 2>:{"send": true, "recv": false, "from": 2, "to": 7, "vc": [8, 4, 9, 13, 5, 6, 1, 5, 6, 5], "hlc": [921556, 7]}
INFO:<Node 3>:{"send": true, "recv": false, "from": 3, "to": 1, "vc": [8, 3, 2, 16, 5, 6, 1, 5, 10, 2], "hlc": [921557, 1]}
INFO:<Node 4>:{"send": true, "recv": false, "from": 4, "to": 3, "vc": [5, 0, 4, 14, 12, 6, 2, 5, 0, 9], "hlc": [921556, 5]}
INFO:<Node 5>:{"send": true, "recv": false, "from": 5, "to": 9, "vc": [14, 0, 4, 10, 7, 13, 7, 6, 8, 10], "hlc": [921556, 3]}
INFO:<Node 6>:{"send": true, "recv": false, "from": 6, "to": 1, "vc": [18, 0, 6, 13, 9, 6, 9, 6, 8, 9], "hlc": [921556, 8]}
INFO:<Node 7>:{"send": true, "recv": false, "from": 7, "to": 0, "vc": [12, 0, 2, 10, 5, 9, 1, 8, 7, 2], "hlc": [921556, 0]}
INFO:<Node 9>:{"send": true, "recv": false, "from": 9, "to": 6, "vc": [4, 0, 4, 0, 7, 1, 2, 2, 0, 11], "hlc": [921557, 0]}
INFO:<Node 0>:{"send": false, "recv": true, "to": 0, "from": 7, "vc": [20, 0, 6, 13, 9, 9, 4, 8, 8, 9], "hlc": [921556, 8]}
INFO:<Node 1>:{"send": false, "recv": true, "to": 1, "from": 3, "vc": [8, 7, 4, 16, 10, 6, 2, 5, 10, 9], "hlc": [921557, 2]}
INFO:<Node 1>:{"send": false, "recv": true, "to": 1, "from": 6, "vc": [18, 8, 6, 16, 10, 6, 9, 6, 10, 9], "hlc": [921557, 3]}
INFO:<Node 3>:{"send": false, "recv": true, "to": 3, "from": 4, "vc": [8, 3, 4, 17, 12, 6, 2, 5, 10, 9], "hlc": [921558, 0]}
INFO:<Node 4>:{"send": false, "recv": true, "to": 4, "from": 0, "vc": [19, 0, 6, 14, 13, 6, 4, 5, 8, 9], "hlc": [921556, 8]}
INFO:<Node 6>:{"send": false, "recv": true, "to": 6, "from": 9, "vc": [18, 0, 6, 13, 9, 6, 10, 6, 8, 11], "hlc": [921557, 1]}
INFO:<Node 7>:{"send": false, "recv": true, "to": 7, "from": 2, "vc": [12, 4, 9, 13, 5, 9, 1, 9, 7, 5], "hlc": [921556, 8]}
INFO:<Node 8>:{"send": false, "recv": true, "to": 8, "from": 1, "vc": [12, 6, 8, 13, 10, 10, 2, 5, 13, 9], "hlc": [921556, 8]}
INFO:<Node 9>:{"send": false, "recv": true, "to": 9, "from": 5, "vc": [14, 0, 4, 10, 7, 13, 7, 6, 8, 12], "hlc": [921557, 1]}
INFO:<Node 0>:{"send": true, "recv": false, "from": 0, "to": 8, "vc": [21, 0, 6, 13, 9, 9, 4, 8, 8, 9], "hlc": [921556, 9]}
INFO:<Node 1>:{"send": true, "recv": false, "from": 1, "to": 9, "vc": [18, 9, 6, 16, 10, 6, 9, 6, 10, 9], "hlc": [921557, 4]}
INFO:<Node 2>:{"send": true, "recv": false, "from": 2, "to": 7, "vc": [8, 4, 10, 13, 5, 6, 1, 5, 6, 5], "hlc": [921556, 8]}
INFO:<Node 3>:{"send": true, "recv": false, "from": 3, "to": 1, "vc": [8, 3, 4, 18, 12, 6, 2, 5, 10, 9], "hlc": [921558, 1]}
INFO:<Node 5>:{"send": true, "recv": false, "from": 5, "to": 1, "vc": [14, 0, 4, 10, 7, 14, 7, 6, 8, 10], "hlc": [921556, 4]}
INFO:<Node 8>:{"send": true, "recv": false, "from": 8, "to": 6, "vc": [12, 6, 8, 13, 10, 10, 2, 5, 14, 9], "hlc": [921556, 9]}
INFO:<Node 9>:{"send": true, "recv": false, "from": 9, "to": 6, "vc": [14, 0, 4, 10, 7, 13, 7, 6, 8, 13], "hlc": [921557, 2]}
INFO:<Node 1>:{"send": false, "recv": true, "to": 1, "from": 3, "vc": [18, 10, 6, 18, 12, 6, 9, 6, 10, 9], "hlc": [921558, 2]}
INFO:<Node 1>:{"send": false, "recv": true, "to": 1, "from": 5, "vc": [18, 11, 6, 18, 12, 14, 9, 6, 10, 10], "hlc": [921558, 3]}
INFO:<Node 6>:{"send": false, "recv": true, "to": 6, "from": 8, "vc": [18, 6, 8, 13, 10, 10, 11, 6, 14, 11], "hlc": [921557, 2]}
INFO:<Node 6>:{"send": false, "recv": true, "to": 6, "from": 9, "vc": [18, 6, 8, 13, 10, 13, 12, 6, 14, 13], "hlc": [921557, 3]}
INFO:<Node 7>:{"send": false, "recv": true, "to": 7, "from": 2, "vc": [12, 4, 10, 13, 5, 9, 1, 10, 7, 5], "hlc": [921557, 0]}
INFO:<Node 8>:{"send": false, "recv": true, "to": 8, "from": 0, "vc": [21, 6, 8, 13, 10, 10, 4, 8, 15, 9], "hlc": [921556, 10]}
INFO:<Node 9>:{"send": false, "recv": true, "to": 9, "from": 1, "vc": [18, 9, 6, 16, 10, 13, 9, 6, 10, 14], "hlc": [921558, 0]}
INFO:<Node 0>:{"send": true, "recv": false, "from": 0, "to": 2, "vc": [22, 0, 6, 13, 9, 9, 4, 8, 8, 9], "hlc": [921556, 10]}
INFO:<Node 1>:{"send": true, "recv": false, "from": 1, "to": 7, "vc": [18, 12, 6, 18, 12, 14, 9, 6, 10, 10], "hlc": [921558, 4]}
INFO:<Node 2>:{"send": true, "recv": false, "from": 2, "to": 6, "vc": [8, 4, 11, 13, 5, 6, 1, 5, 6, 5], "hlc": [921556, 9]}
INFO:<Node 3>:{"send": true, "recv": false, "from": 3, "to": 9, "vc": [8, 3, 4, 19, 12, 6, 2, 5, 10, 9], "hlc": [921558, 2]}
INFO:<Node 4>:{"send": true, "recv": false, "from": 4, "to": 1, "vc": [19, 0, 6, 14, 14, 6, 4, 5, 8, 9], "hlc": [921556, 9]}
INFO:<Node 5>:{"send": true, "recv": false, "from": 5, "to": 4, "vc": [14, 0, 4, 10, 7, 15, 7, 6, 8, 10], "hlc": [921556, 5]}
INFO:<Node 6>:{"send": true, "recv": false, "from": 6, "to": 9, "vc": [18, 6, 8, 13, 10, 13, 13, 6, 14, 13], "hlc": [921557, 4]}
INFO:<Node 7>:{"send": true, "recv": false, "from": 7, "to": 8, "vc": [12, 4, 10, 13, 5, 9, 1, 11, 7, 5], "hlc": [921557, 1]}
INFO:<Node 1>:{"send": false, "recv": true, "to": 1, "from": 4, "vc": [19, 13, 6, 18, 14, 14, 9, 6, 10, 10], "hlc": [921558, 5]}
INFO:<Node 2>:{"send": false, "recv": true, "to": 2, "from": 0, "vc": [22, 4, 12, 13, 9, 9, 4, 8, 8, 9], "hlc": [921556, 11]}
INFO:<Node 4>:{"send": false, "recv": true, "to": 4, "from": 5, "vc": [19, 0, 6, 14, 15, 15, 7, 6, 8, 10], "hlc": [921556, 10]}
INFO:<Node 6>:{"send": false, "recv": true, "to": 6, "from": 2, "vc": [18, 6, 11, 13, 10, 13, 14, 6, 14, 13], "hlc": [921557, 5]}
INFO:<Node 7>:{"send": false, "recv": true, "to": 7, "from": 1, "vc": [18, 12, 10, 18, 12, 14, 9, 12, 10, 10], "hlc": [921558, 5]}
INFO:<Node 8>:{"send": false, "recv": true, "to": 8, "from": 7, "vc": [21, 6, 10, 13, 10, 10, 4, 11, 16, 9], "hlc": [921557, 2]}
INFO:<Node 9>:{"send": false, "recv": true, "to": 9, "from": 3, "vc": [18, 9, 6, 19, 12, 13, 9, 6, 10, 15], "hlc": [921558, 3]}
INFO:<Node 9>:{"send": false, "recv": true, "to": 9, "from": 6, "vc": [18, 9, 8, 19, 12, 13, 13, 6, 14, 16], "hlc": [921558, 4]}
INFO:<Node 0>:{"send": true, "recv": false, "from": 0, "to": 7, "vc": [23, 0, 6, 13, 9, 9, 4, 8, 8, 9], "hlc": [921556, 11]}
INFO:<Node 1>:{"send": true, "recv": false, "from": 1, "to": 8, "vc": [19, 14, 6, 18, 14, 14, 9, 6, 10, 10], "hlc": [921558, 6]}
INFO:<Node 3>:{"send": true, "recv": false, "from": 3, "to": 1, "vc": [8, 3, 4, 20, 12, 6, 2, 5, 10, 9], "hlc": [921559, 0]}
INFO:<Node 5>:{"send": true, "recv": false, "from": 5, "to": 0, "vc": [14, 0, 4, 10, 7, 16, 7, 6, 8, 10], "hlc": [921556, 6]}
INFO:<Node 8>:{"send": true, "recv": false, "from": 8, "to": 1, "vc": [21, 6, 10, 13, 10, 10, 4, 11, 17, 9], "hlc": [921557, 3]}
INFO:<Node 9>:{"send": true, "recv": false, "from": 9, "to": 1, "vc": [18, 9, 8, 19, 12, 13, 13, 6, 14, 17], "hlc": [921558, 5]}
INFO:<Node 0>:{"send": false, "recv": true, "to": 0, "from": 5, "vc": [24, 0, 6, 13, 9, 16, 7, 8, 8, 10], "hlc": [921556, 12]}
INFO:<Node 1>:{"send": false, "recv": true, "to": 1, "from": 3, "vc": [19, 15, 6, 20, 14, 14, 9, 6, 10, 10], "hlc": [921559, 1]}
INFO:<Node 1>:{"send": false, "recv": true, "to": 1, "from": 8, "vc": [21, 16, 10, 20, 14, 14, 9, 11, 17, 10], "hlc": [921559, 2]}
INFO:<Node 1>:{"send": false, "recv": true, "to": 1, "from": 9, "vc": [21, 17, 10, 20, 14, 14, 13, 11, 17, 17], "hlc": [921559, 3]}
INFO:<Node 7>:{"send": false, "recv": true, "to": 7, "from": 0, "vc": [23, 12, 10, 18, 12, 14, 9, 13, 10, 10], "hlc": [921558, 6]}
INFO:<Node 8>:{"send": false, "recv": true, "to": 8, "from": 1, "vc": [21, 14, 10, 18, 14, 14, 9, 11, 18, 10], "hlc": [921558, 7]}
INFO:<Node 0>:{"send": true, "recv": false, "from": 0, "to": 5, "vc": [25, 0, 6, 13, 9, 16, 7, 8, 8, 10], "hlc": [921556, 13]}
INFO:<Node 2>:{"send": true, "recv": false, "from": 2, "to": 1, "vc": [22, 4, 13, 13, 9, 9, 4, 8, 8, 9], "hlc": [921556, 12]}
INFO:<Node 7>:{"send": true, "recv": false, "from": 7, "to": 0, "vc": [23, 12, 10, 18, 12, 14, 9, 14, 10, 10], "hlc": [921558, 7]}
INFO:<Node 0>:{"send": false, "recv": true, "to": 0, "from": 7, "vc": [26, 12, 10, 18, 12, 16, 9, 14, 10, 10], "hlc": [921558, 8]}
INFO:<Node 1>:{"send": false, "recv": true, "to": 1, "from": 2, "vc": [22, 18, 13, 20, 14, 14, 13, 11, 17, 17], "hlc": [921559, 4]}
INFO:<Node 5>:{"send": false, "recv": true, "to": 5, "from": 0, "vc": [25, 0, 6, 13, 9, 17, 7, 8, 8, 10], "hlc": [921556, 14]}
INFO:<Node 0>:{"send": true, "recv": false, "from": 0, "to": 1, "vc": [27, 12, 10, 18, 12, 16, 9, 14, 10, 10], "hlc": [921558, 9]}
INFO:<Node 4>:{"send": true, "recv": false, "from": 4, "to": 5, "vc": [19, 0, 6, 14, 16, 15, 7, 6, 8, 10], "hlc": [921557, 0]}
INFO:<Node 5>:{"send": true, "recv": false, "from": 5, "to": 0, "vc": [25, 0, 6, 13, 9, 18, 7, 8, 8, 10], "hlc": [921556, 15]}
INFO:<Node 6>:{"send": true, "recv": false, "from": 6, "to": 3, "vc": [18, 6, 11, 13, 10, 13, 15, 6, 14, 13], "hlc": [921557, 6]}
INFO:<Node 8>:{"send": true, "recv": false, "from": 8, "to": 9, "vc": [21, 14, 10, 18, 14, 14, 9, 11, 19, 10], "hlc": [921558, 8]}
INFO:<Node 9>:{"send": true, "recv": false, "from": 9, "to": 5, "vc": [18, 9, 8, 19, 12, 13, 13, 6, 14, 18], "hlc": [921559, 0]}
INFO:<Node 0>:{"send": false, "recv": true, "to": 0, "from": 5, "vc": [28, 12, 10, 18, 12, 18, 9, 14, 10, 10], "hlc": [921558, 10]}
INFO:<Node 1>:{"send": false, "recv": true, "to": 1, "from": 0, "vc": [27, 19, 13, 20, 14, 16, 13, 14, 17, 17], "hlc": [921559, 5]}
INFO:<Node 3>:{"send": false, "recv": true, "to": 3, "from": 6, "vc": [18, 6, 11, 21, 12, 13, 15, 6, 14, 13], "hlc": [921560, 0]}
INFO:<Node 5>:{"send": false, "recv": true, "to": 5, "from": 4, "vc": [25, 0, 6, 14, 16, 19, 7, 8, 8, 10], "hlc": [921557, 1]}
INFO:<Node 5>:{"send": false, "recv": true, "to": 5, "from": 9, "vc": [25, 9, 8, 19, 16, 20, 13, 8, 14, 18], "hlc": [921559, 1]}
INFO:<Node 9>:{"send": false, "recv": true, "to": 9, "from": 8, "vc": [21, 14, 10, 19, 14, 14, 13, 11, 19, 19], "hlc": [921560, 0]}
INFO:<Node 1>:{"send": true, "recv": false, "from": 1, "to": 6, "vc": [27, 20, 13, 20, 14, 16, 13, 14, 17, 17], "hlc": [921559, 6]}
INFO:<Node 5>:{"send": true, "recv": false, "from": 5, "to": 0, "vc": [25, 9, 8, 19, 16, 21, 13, 8, 14, 18], "hlc": [921559, 2]}
INFO:<Node 6>:{"send": true, "recv": false, "from": 6, "to": 1, "vc": [18, 6, 11, 13, 10, 13, 16, 6, 14, 13], "hlc": [921558, 0]}
INFO:<Node 8>:{"send": true, "recv": false, "from": 8, "to": 4, "vc": [21, 14, 10, 18, 14, 14, 9, 11, 20, 10], "hlc": [921558, 9]}
INFO:<Node 0>:{"send": false, "recv": true, "to": 0, "from": 5, "vc": [29, 12, 10, 19, 16, 21, 13, 14, 14, 18], "hlc": [921559, 3]}
INFO:<Node 1>:{"send": false, "recv": true, "to": 1, "from": 6, "vc": [27, 21, 13, 20, 14, 16, 16, 14, 17, 17], "hlc": [921559, 7]}
INFO:<Node 4>:{"send": false, "recv": true, "to": 4, "from": 8, "vc": [21, 14, 10, 18, 17, 15, 9, 11, 20, 10], "hlc": [921558, 10]}
INFO:<Node 6>:{"send": false, "recv": true, "to": 6, "from": 1, "vc": [27, 20, 13, 20, 14, 16, 17, 14, 17, 17], "hlc": [921559, 7]}
INFO:<Node 0>:{"send": true, "recv": false, "from": 0, "to": 9, "vc": [30, 12, 10, 19, 16, 21, 13, 14, 14, 18], "hlc": [921559, 4]}
INFO:<Node 1>:{"send": true, "recv": false, "from": 1, "to": 4, "vc": [27, 22, 13, 20, 14, 16, 16, 14, 17, 17], "hlc": [921559, 8]}
INFO:<Node 2>:{"send": true, "recv": false, "from": 2, "to": 5, "vc": [22, 4, 14, 13, 9, 9, 4, 8, 8, 9], "hlc": [921558, 0]}
INFO:<Node 3>:{"send": true, "recv": false, "from": 3, "to": 1, "vc": [18, 6, 11, 22, 12, 13, 15, 6, 14, 13], "hlc": [921561, 0]}
INFO:<Node 4>:{"send": true, "recv": false, "from": 4, "to": 1, "vc": [21, 14, 10, 18, 18, 15, 9, 11, 20, 10], "hlc": [921558, 11]}
INFO:<Node 5>:{"send": true, "recv": false, "from": 5, "to": 9, "vc": [25, 9, 8, 19, 16, 22, 13, 8, 14, 18], "hlc": [921559, 3]}
INFO:<Node 6>:{"send": true, "recv": false, "from": 6, "to": 9, "vc": [27, 20, 13, 20, 14, 16, 18, 14, 17, 17], "hlc": [921559, 8]}
INFO:<Node 1>:{"send": false, "recv": true, "to": 1, "from": 3, "vc": [27, 23, 13, 22, 14, 16, 16, 14, 17, 17], "hlc": [921561, 1]}
INFO:<Node 1>:{"send": false, "recv": true, "to": 1, "from": 4, "vc": [27, 24, 13, 22, 18, 16, 16, 14, 20, 17], "hlc": [921561, 2]}
INFO:<Node 4>:{"send": false, "recv": true, "to": 4, "from": 1, "vc": [27, 22, 13, 20, 19, 16, 16, 14, 20, 17], "hlc": [921559, 9]}
INFO:<Node 5>:{"send": false, "recv": true, "to": 5, "from": 2, "vc": [25, 9, 14, 19, 16, 23, 13, 8, 14, 18], "hlc": [921559, 4]}
INFO:<Node 9>:{"send": false, "recv": true, "to": 9, "from": 0, "vc": [30, 14, 10, 19, 16, 21, 13, 14, 19, 20], "hlc": [921561, 0]}
INFO:<Node 9>:{"send": false, "recv": true, "to": 9, "from": 5, "vc": [30, 14, 10, 19, 16, 22, 13, 14, 19, 21], "hlc": [921561, 1]}
INFO:<Node 9>:{"send": false, "recv": true, "to": 9, "from": 6, "vc": [30, 20, 13, 20, 16, 22, 18, 14, 19, 22], "hlc": [921561, 2]}
INFO:<Node 0>:{"send": true, "recv": false, "from": 0, "to": 5, "vc": [31, 12, 10, 19, 16, 21, 13, 14, 14, 18], "hlc": [921559, 5]}
INFO:<Node 1>:{"send": true, "recv": false, "from": 1, "to": 4, "vc": [27, 25, 13, 22, 18, 16, 16, 14, 20, 17], "hlc": [921561, 3]}
INFO:<Node 4>:{"send": true, "recv": false, "from": 4, "to": 3, "vc": [27, 22, 13, 20, 20, 16, 16, 14, 20, 17], "hlc": [921559, 10]}
INFO:<Node 6>:{"send": true, "recv": false, "from": 6, "to": 2, "vc": [27, 20, 13, 20, 14, 16, 19, 14, 17, 17], "hlc": [921559, 9]}
INFO:<Node 7>:{"send": true, "recv": false, "from": 7, "to": 8, "vc": [23, 12, 10, 18, 12, 14, 9, 15, 10, 10], "hlc": [921560, 0]}
INFO:<Node 8>:{"send": true, "recv": false, "from": 8, "to": 1, "vc": [21, 14, 10, 18, 14, 14, 9, 11, 21, 10], "hlc": [921558, 10]}
INFO:<Node 1>:{"send": false, "recv": true, "to": 1, "from": 8, "vc": [27, 26, 13, 22, 18, 16, 16, 14, 21, 17], "hlc": [921561, 4]}
INFO:<Node 2>:{"send": false, "recv": true, "to": 2, "from": 6, "vc": [27, 20, 15, 20, 14, 16, 19, 14, 17, 17], "hlc": [921559, 10]}
INFO:<Node 3>:{"send": false, "recv": true, "to": 3, "from": 4, "vc": [27, 22, 13, 23, 20, 16, 16, 14, 20, 17], "hlc": [921562, 0]}
INFO:<Node 4>:{"send": false, "recv": true, "to": 4, "from": 1, "vc": [27, 25, 13, 22, 21, 16, 16, 14, 20, 17], "hlc": [921561, 4]}
INFO:<Node 5>:{"send": false, "recv": true, "to": 5, "from": 0, "vc": [31, 12, 14, 19, 16, 24, 13, 14, 14, 18], "hlc": [921559, 6]}
INFO:<Node 8>:{"send": false, "recv": true, "to": 8, "from": 7, "vc": [23, 14, 10, 18, 14, 14, 9, 15, 22, 10], "hlc": [921560, 1]}
INFO:<Node 0>:{"send": true, "recv": false, "from": 0, "to": 3, "vc": [32, 12, 10, 19, 16, 21, 13, 14, 14, 18], "hlc": [921559, 6]}
INFO:<Node 1>:{"send": true, "recv": false, "from": 1, "to": 3, "vc": [27, 27, 13, 22, 18, 16, 16, 14, 21, 17], "hlc": [921561, 5]}
INFO:<Node 2>:{"send": true, "recv": false, "from": 2, "to": 5, "vc": [27, 20, 16, 20, 14, 16, 19, 14, 17, 17], "hlc": [921559, 11]}
INFO:<Node 4>:{"send": true, "recv": false, "from": 4, "to": 5, "vc": [27, 25, 13, 22, 22, 16, 16, 14, 20, 17], "hlc": [921561, 5]}
INFO:<Node 5>:{"send": true, "recv": false, "from": 5, "to": 0, "vc": [31, 12, 14, 19, 16, 25, 13, 14, 14, 18], "hlc": [921559, 7]}
INFO:<Node 6>:{"send": true, "recv": false, "from": 6, "to": 4, "vc": [27, 20, 13, 20, 14, 16, 20, 14, 17, 17], "hlc": [921559, 10]}
INFO:<Node 8>:{"send": true, "recv": false, "from": 8, "to": 0, "vc": [23, 14, 10, 18, 14, 14, 9, 15, 23, 10], "hlc": [921560, 2]}
INFO:<Node 9>:{"send": true, "recv": false, "from": 9, "to": 8, "vc": [30, 20, 13, 20, 16, 22, 18, 14, 19, 23], "hlc": [921562, 0]}
INFO:<Node 0>:{"send": false, "recv": true, "to": 0, "from": 5, "vc": [33, 12, 14, 19, 16, 25, 13, 14, 14, 18], "hlc": [921559, 8]}
INFO:<Node 0>:{"send": false, "recv": true, "to": 0, "from": 8, "vc": [34, 14, 14, 19, 16, 25, 13, 15, 23, 18], "hlc": [921560, 3]}
INFO:<Node 3>:{"send": false, "recv": true, "to": 3, "from": 0, "vc": [32, 22, 13, 24, 20, 21, 16, 14, 20, 18], "hlc": [921562, 1]}
INFO:<Node 3>:{"send": false, "recv": true, "to": 3, "from": 1, "vc": [32, 27, 13, 25, 20, 21, 16, 14, 21, 18], "hlc": [921562, 2]}
INFO:<Node 4>:{"send": false, "recv": true, "to": 4, "from": 6, "vc": [27, 25, 13, 22, 23, 16, 20, 14, 20, 17], "hlc": [921561, 6]}
INFO:<Node 5>:{"send": false, "recv": true, "to": 5, "from": 2, "vc": [31, 20, 16, 20, 16, 26, 19, 14, 17, 18], "hlc": [921559, 12]}
INFO:<Node 5>:{"send": false, "recv": true, "to": 5, "from": 4, "vc": [31, 25, 16, 22, 22, 27, 19, 14, 20, 18], "hlc": [921561, 6]}
INFO:<Node 8>:{"send": false, "recv": true, "to": 8, "from": 9, "vc": [30, 20, 13, 20, 16, 22, 18, 15, 24, 23], "hlc": [921562, 1]}
INFO:<Node 0>:{"send": true, "recv": false, "from": 0, "to": 9, "vc": [35, 14, 14, 19, 16, 25, 13, 15, 23, 18], "hlc": [921560, 4]}
INFO:<Node 2>:{"send": true, "recv": false, "from": 2, "to": 0, "vc": [27, 20, 17, 20, 14, 16, 19, 14, 17, 17], "hlc": [921559, 12]}
INFO:<Node 3>:{"send": true, "recv": false, "from": 3, "to": 9, "vc": [32, 27, 13, 26, 20, 21, 16, 14, 21, 18], "hlc": [921562, 3]}
INFO:<Node 6>:{"send": true, "recv": false, "from": 6, "to": 2, "vc": [27, 20, 13, 20, 14, 16, 21, 14, 17, 17], "hlc": [921560, 0]}
INFO:<Node 7>:{"send": true, "recv": false, "from": 7, "to": 8, "vc": [23, 12, 10, 18, 12, 14, 9, 16, 10, 10], "hlc": [921561, 0]}
INFO:<Node 8>:{"send": true, "recv": false, "from": 8, "to": 1, "vc": [30, 20, 13, 20, 16, 22, 18, 15, 25, 23], "hlc": [921562, 2]}
INFO:<Node 0>:{"send": false, "recv": true, "to": 0, "from": 2, "vc": [36, 20, 17, 20, 16, 25, 19, 15, 23, 18], "hlc": [921560, 5]}
INFO:<Node 1>:{"send": false, "recv": true, "to": 1, "from": 8, "vc": [30, 28, 13, 22, 18, 22, 18, 15, 25, 23], "hlc": [921562, 3]}
INFO:<Node 2>:{"send": false, "recv": true, "to": 2, "from": 6, "vc": [27, 20, 18, 20, 14, 16, 21, 14, 17, 17], "hlc": [921560, 1]}
INFO:<Node 8>:{"send": false, "recv": true, "to": 8, "from": 7, "vc": [30, 20, 13, 20, 16, 22, 18, 16, 26, 23], "hlc": [921562, 3]}
INFO:<Node 9>:{"send": false, "recv": true, "to": 9, "from": 0, "vc": [35, 20, 14, 20, 16, 25, 18, 15, 23, 24], "hlc": [921563, 0]}
INFO:<Node 9>:{"send": false, "recv": true, "to": 9, "from": 3, "vc": [35, 27, 14, 26, 20, 25, 18, 15, 23, 25], "hlc": [921563, 1]}
INFO:<Node 4>:{"send": true, "recv": false, "from": 4, "to": 5, "vc": [27, 25, 13, 22, 24, 16, 20, 14, 20, 17], "hlc": [921561, 7]}
INFO:<Node 6>:{"send": true, "recv": false, "from": 6, "to": 9, "vc": [27, 20, 13, 20, 14, 16, 22, 14, 17, 17], "hlc": [921560, 1]}
INFO:<Node 7>:{"send": true, "recv": false, "from": 7, "to": 3, "vc": [23, 12, 10, 18, 12, 14, 9, 17, 10, 10], "hlc": [921561, 1]}
INFO:<Node 8>:{"send": true, "recv": false, "from": 8, "to": 9, "vc": [30, 20, 13, 20, 16, 22, 18, 16, 27, 23], "hlc": [921562, 4]}
INFO:<Node 9>:{"send": true, "recv": false, "from": 9, "to": 8, "vc": [35, 27, 14, 26, 20, 25, 18, 15, 23, 26], "hlc": [921563, 2]}
INFO:<Node 3>:{"send": false, "recv": true, "to": 3, "from": 7, "vc": [32, 27, 13, 27, 20, 21, 16, 17, 21, 18], "hlc": [921563, 0]}
INFO:<Node 5>:{"send": false, "recv": true, "to": 5, "from": 4, "vc": [31, 25, 16, 22, 24, 28, 20, 14, 20, 18], "hlc": [921561, 8]}
INFO:<Node 8>:{"send": false, "recv": true, "to": 8, "from": 9, "vc": [35, 27, 14, 26, 20, 25, 18, 16, 28, 26], "hlc": [921563, 3]}
INFO:<Node 9>:{"send": false, "recv": true, "to": 9, "from": 6, "vc": [35, 27, 14, 26, 20, 25, 22, 15, 23, 27], "hlc": [921563, 3]}
INFO:<Node 9>:{"send": false, "recv": true, "to": 9, "from": 8, "vc": [35, 27, 14, 26, 20, 25, 22, 16, 27, 28], "hlc": [921563, 4]}
INFO:<Node 1>:{"send": true, "recv": false, "from": 1, "to": 4, "vc": [30, 29, 13, 22, 18, 22, 18, 15, 25, 23], "hlc": [921562, 4]}
INFO:<Node 5>:{"send": true, "recv": false, "from": 5, "to": 4, "vc": [31, 25, 16, 22, 24, 29, 20, 14, 20, 18], "hlc": [921561, 9]}
INFO:<Node 6>:{"send": true, "recv": false, "from": 6, "to": 0, "vc": [27, 20, 13, 20, 14, 16, 23, 14, 17, 17], "hlc": [921561, 0]}
INFO:<Node 7>:{"send": true, "recv": false, "from": 7, "to": 4, "vc": [23, 12, 10, 18, 12, 14, 9, 18, 10, 10], "hlc": [921562, 0]}
INFO:<Node 0>:{"send": false, "recv": true, "to": 0, "from": 6, "vc": [37, 20, 17, 20, 16, 25, 23, 15, 23, 18], "hlc": [921561, 1]}
INFO:<Node 4>:{"send": false, "recv": true, "to": 4, "from": 1, "vc": [30, 29, 13, 22, 25, 22, 20, 15, 25, 23], "hlc": [921562, 5]}
INFO:<Node 4>:{"send": false, "recv": true, "to": 4, "from": 5, "vc": [31, 29, 16, 22, 26, 29, 20, 15, 25, 23], "hlc": [921562, 6]}
INFO:<Node 4>:{"send": false, "recv": true, "to": 4, "from": 7, "vc": [31, 29, 16, 22, 27, 29, 20, 18, 25, 23], "hlc": [921562, 7]}
INFO:<Node 0>:{"send": true, "recv": false, "from": 0, "to": 2, "vc": [38, 20, 17, 20, 16, 25, 23, 15, 23, 18], "hlc": [921561, 2]}
INFO:<Node 2>:{"send": true, "recv": false, "from": 2, "to": 0, "vc": [27, 20, 19, 20, 14, 16, 21, 14, 17, 17], "hlc": [921561, 0]}
INFO:<Node 3>:{"send": true, "recv": false, "from": 3, "to": 7, "vc": [32, 27, 13, 28, 20, 21, 16, 17, 21, 18], "hlc": [921564, 0]}
INFO:<Node 4>:{"send": true, "recv": false, "from": 4, "to": 0, "vc": [31, 29, 16, 22, 28, 29, 20, 18, 25, 23], "hlc": [921562, 8]}
INFO:<Node 9>:{"send": true, "recv": false, "from": 9, "to": 5, "vc": [35, 27, 14, 26, 20, 25, 22, 16, 27, 29], "hlc": [921564, 0]}
INFO:<Node 0>:{"send": false, "recv": true, "to": 0, "from": 2, "vc": [39, 20, 19, 20, 16, 25, 23, 15, 23, 18], "hlc": [921561, 3]}
INFO:<Node 0>:{"send": false, "recv": true, "to": 0, "from": 4, "vc": [40, 29, 19, 22, 28, 29, 23, 18, 25, 23], "hlc": [921562, 9]}
INFO:<Node 2>:{"send": false, "recv": true, "to": 2, "from": 0, "vc": [38, 20, 20, 20, 16, 25, 23, 15, 23, 18], "hlc": [921561, 3]}
INFO:<Node 5>:{"send": false, "recv": true, "to": 5, "from": 9, "vc": [35, 27, 16, 26, 24, 30, 22, 16, 27, 29], "hlc": [921564, 1]}
INFO:<Node 7>:{"send": false, "recv": true, "to": 7, "from": 3, "vc": [32, 27, 13, 28, 20, 21, 16, 19, 21, 18], "hlc": [921564, 1]}
INFO:<Node 0>:{"send": true, "recv": false, "from": 0, "to": 1, "vc": [41, 29, 19, 22, 28, 29, 23, 18, 25, 23], "hlc": [921562, 10]}
INFO:<Node 1>:{"send": true, "recv": false, "from": 1, "to": 0, "vc": [30, 30, 13, 22, 18, 22, 18, 15, 25, 23], "hlc": [921562, 5]}
INFO:<Node 2>:{"send": true, "recv": false, "from": 2, "to": 4, "vc": [38, 20, 21, 20, 16, 25, 23, 15, 23, 18], "hlc": [921561, 4]}
INFO:<Node 3>:{"send": true, "recv": false, "from": 3, "to": 9, "vc": [32, 27, 13, 29, 20, 21, 16, 17, 21, 18], "hlc": [921564, 1]}
INFO:<Node 4>:{"send": true, "recv": false, "from": 4, "to": 0, "vc": [31, 29, 16, 22, 29, 29, 20, 18, 25, 23], "hlc": [921562, 9]}
INFO:<Node 5>:{"send": true, "recv": false, "from": 5, "to": 2, "vc": [35, 27, 16, 26, 24, 31, 22, 16, 27, 29], "hlc": [921564, 2]}
INFO:<Node 7>:{"send": true, "recv": false, "from": 7, "to": 2, "vc": [32, 27, 13, 28, 20, 21, 16, 20, 21, 18], "hlc": [921564, 2]}
INFO:<Node 9>:{"send": true, "recv": false, "from": 9, "to": 5, "vc": [35, 27, 14, 26, 20, 25, 22, 16, 27, 30], "hlc": [921564, 1]}
INFO:<Node 0>:{"send": false, "recv": true, "to": 0, "from": 1, "vc": [42, 30, 19, 22, 28, 29, 23, 18, 25, 23], "hlc": [921562, 11]}
INFO:<Node 0>:{"send": false, "recv": true, "to": 0, "from": 4, "vc": [43, 30, 19, 22, 29, 29, 23, 18, 25, 23], "hlc": [921562, 12]}
INFO:<Node 1>:{"send": false, "recv": true, "to": 1, "from": 0, "vc": [41, 31, 19, 22, 28, 29, 23, 18, 25, 23], "hlc": [921563, 0]}
INFO:<Node 2>:{"send": false, "recv": true, "to": 2, "from": 5, "vc": [38, 27, 22, 26, 24, 31, 23, 16, 27, 29], "hlc": [921564, 3]}
INFO:<Node 2>:{"send": false, "recv": true, "to": 2, "from": 7, "vc": [38, 27, 23, 28, 24, 31, 23, 20, 27, 29], "hlc": [921564, 4]}
INFO:<Node 4>:{"send": false, "recv": true, "to": 4, "from": 2, "vc": [38, 29, 21, 22, 30, 29, 23, 18, 25, 23], "hlc": [921562, 10]}
INFO:<Node 5>:{"send": false, "recv": true, "to": 5, "from": 9, "vc": [35, 27, 16, 26, 24, 32, 22, 16, 27, 30], "hlc": [921564, 3]}
INFO:<Node 9>:{"send": false, "recv": true, "to": 9, "from": 3, "vc": [35, 27, 14, 29, 20, 25, 22, 17, 27, 31], "hlc": [921565, 0]}
INFO:<Node 0>:{"send": true, "recv": false, "from": 0, "to": 9, "vc": [44, 30, 19, 22, 29, 29, 23, 18, 25, 23], "hlc": [921562, 13]}
INFO:<Node 1>:{"send": true, "recv": false, "from": 1, "to": 0, "vc": [41, 32, 19, 22, 28, 29, 23, 18, 25, 23], "hlc": [921563, 1]}
INFO:<Node 3>:{"send": true, "recv": false, "from": 3, "to": 7, "vc": [32, 27, 13, 30, 20, 21, 16, 17, 21, 18], "hlc": [921565, 0]}
INFO:<Node 4>:{"send": true, "recv": false, "from": 4, "to": 0, "vc": [38, 29, 21, 22, 31, 29, 23, 18, 25, 23], "hlc": [921562, 11]}
INFO:<Node 5>:{"send": true, "recv": false, "from": 5, "to": 7, "vc": [35, 27, 16, 26, 24, 33, 22, 16, 27, 30], "hlc": [921564, 4]}
INFO:<Node 6>:{"send": true, "recv": false, "from": 6, "to": 1, "vc": [27, 20, 13, 20, 14, 16, 24, 14, 17, 17], "hlc": [921562, 0]}
INFO:<Node 7>:{"send": true, "recv": false, "from": 7, "to": 6, "vc": [32, 27, 13, 28, 20, 21, 16, 21, 21, 18], "hlc": [921564, 3]}
INFO:<Node 8>:{"send": true, "recv": false, "from": 8, "to": 7, "vc": [35, 27, 14, 26, 20, 25, 18, 16, 29, 26], "hlc": [921563, 4]}
INFO:<Node 9>:{"send": true, "recv": false, "from": 9, "to": 5, "vc": [35, 27, 14, 29, 20, 25, 22, 17, 27, 32], "hlc": [921565, 1]}
INFO:<Node 0>:{"send": false, "recv": true, "to": 0, "from": 1, "vc": [45, 32, 19, 22, 29, 29, 23, 18, 25, 23], "hlc": [921563, 2]}
INFO:<Node 0>:{"send": false, "recv": true, "to": 0, "from": 4, "vc": [46, 32, 21, 22, 31, 29, 23, 18, 25, 23], "hlc": [921563, 3]}
INFO:<Node 1>:{"send": false, "recv": true, "to": 1, "from": 6, "vc": [41, 33, 19, 22, 28, 29, 24, 18, 25, 23], "hlc": [921563, 2]}
INFO:<Node 5>:{"send": false, "recv": true, "to": 5, "from": 9, "vc": [35, 27, 16, 29, 24, 34, 22, 17, 27, 32], "hlc": [921565, 2]}
INFO:<Node 6>:{"send": false, "recv": true, "to": 6, "from": 7, "vc": [32, 27, 13, 28, 20, 21, 25, 21, 21, 18], "hlc": [921564, 4]}
INFO:<Node 7>:{"send": false, "recv": true, "to": 7, "from": 3, "vc": [32, 27, 13, 30, 20, 21, 16, 22, 21, 18], "hlc": [921565, 1]}
INFO:<Node 7>:{"send": false, "recv": true, "to": 7, "from": 5, "vc": [35, 27, 16, 30, 24, 33, 22, 23, 27, 30], "hlc": [921565, 2]}
INFO:<Node 7>:{"send": false, "recv": true, "to": 7, "from": 8, "vc": [35, 27, 16, 30, 24, 33, 22, 24, 29, 30], "hlc": [921565, 3]}
INFO:<Node 9>:{"send": false, "recv": true, "to": 9, "from": 0, "vc": [44, 30, 19, 29, 29, 29, 23, 18, 27, 33], "hlc": [921565, 2]}
INFO:<Node 4>:{"send": true, "recv": false, "from": 4, "to": 0, "vc": [38, 29, 21, 22, 32, 29, 23, 18, 25, 23], "hlc": [921563, 0]}
INFO:<Node 5>:{"send": true, "recv": false, "from": 5, "to": 2, "vc": [35, 27, 16, 29, 24, 35, 22, 17, 27, 32], "hlc": [921565, 3]}
INFO:<Node 6>:{"send": true, "recv": false, "from": 6, "to": 4, "vc": [32, 27, 13, 28, 20, 21, 26, 21, 21, 18], "hlc": [921564, 5]}
INFO:<Node 7>:{"send": true, "recv": false, "from": 7, "to": 8, "vc": [35, 27, 16, 30, 24, 33, 22, 25, 29, 30], "hlc": [921565, 4]}
INFO:<Node 9>:{"send": true, "recv": false, "from": 9, "to": 5, "vc": [44, 30, 19, 29, 29, 29, 23, 18, 27, 34], "hlc": [921565, 3]}
INFO:<Node 0>:{"send": false, "recv": true, "to": 0, "from": 4, "vc": [47, 32, 21, 22, 32, 29, 23, 18, 25, 23], "hlc": [921563, 4]}
INFO:<Node 2>:{"send": false, "recv": true, "to": 2, "from": 5, "vc": [38, 27, 24, 29, 24, 35, 23, 20, 27, 32], "hlc": [921565, 4]}
INFO:<Node 4>:{"send": false, "recv": true, "to": 4, "from": 6, "vc": [38, 29, 21, 28, 33, 29, 26, 21, 25, 23], "hlc": [921564, 6]}
INFO:<Node 5>:{"send": false, "recv": true, "to": 5, "from": 9, "vc": [44, 30, 19, 29, 29, 36, 23, 18, 27, 34], "hlc": [921565, 4]}
INFO:<Node 8>:{"send": false, "recv": true, "to": 8, "from": 7, "vc": [35, 27, 16, 30, 24, 33, 22, 25, 30, 30], "hlc": [921565, 5]}
INFO:<Node 0>:{"send": true, "recv": false, "from": 0, "to": 1, "vc": [48, 32, 21, 22, 32, 29, 23, 18, 25, 23], "hlc": [921563, 5]}
INFO:<Node 2>:{"send": true, "recv": false, "from": 2, "to": 6, "vc": [38, 27, 25, 29, 24, 35, 23, 20, 27, 32], "hlc": [921565, 5]}
INFO:<Node 3>:{"send": true, "recv": false, "from": 3, "to": 7, "vc": [32, 27, 13, 31, 20, 21, 16, 17, 21, 18], "hlc": [921566, 0]}
INFO:<Node 4>:{"send": true, "recv": false, "from": 4, "to": 7, "vc": [38, 29, 21, 28, 34, 29, 26, 21, 25, 23], "hlc": [921564, 7]}
INFO:<Node 6>:{"send": true, "recv": false, "from": 6, "to": 1, "vc": [32, 27, 13, 28, 20, 21, 27, 21, 21, 18], "hlc": [921564, 6]}
INFO:<Node 7>:{"send": true, "recv": false, "from": 7, "to": 1, "vc": [35, 27, 16, 30, 24, 33, 22, 26, 29, 30], "hlc": [921565, 5]}
INFO:<Node 8>:{"send": true, "recv": false, "from": 8, "to": 2, "vc": [35, 27, 16, 30, 24, 33, 22, 25, 31, 30], "hlc": [921565, 6]}
INFO:<Node 9>:{"send": true, "recv": false, "from": 9, "to": 5, "vc": [44, 30, 19, 29, 29, 29, 23, 18, 27, 35], "hlc": [921566, 0]}
INFO:<Node 1>:{"send": false, "recv": true, "to": 1, "from": 0, "vc": [48, 34, 21, 22, 32, 29, 24, 18, 25, 23], "hlc": [921564, 0]}
INFO:<Node 1>:{"send": false, "recv": true, "to": 1, "from": 6, "vc": [48, 35, 21, 28, 32, 29, 27, 21, 25, 23], "hlc": [921564, 7]}
INFO:<Node 1>:{"send": false, "recv": true, "to": 1, "from": 7, "vc": [48, 36, 21, 30, 32, 33, 27, 26, 29, 30], "hlc": [921565, 6]}
INFO:<Node 2>:{"send": false, "recv": true, "to": 2, "from": 8, "vc": [38, 27, 26, 30, 24, 35, 23, 25, 31, 32], "hlc": [921565, 7]}
INFO:<Node 5>:{"send": false, "recv": true, "to": 5, "from": 9, "vc": [44, 30, 19, 29, 29, 37, 23, 18, 27, 35], "hlc": [921566, 1]}
INFO:<Node 6>:{"send": false, "recv": true, "to": 6, "from": 2, "vc": [38, 27, 25, 29, 24, 35, 28, 21, 27, 32], "hlc": [921565, 6]}
INFO:<Node 7>:{"send": false, "recv": true, "to": 7, "from": 3, "vc": [35, 27, 16, 31, 24, 33, 22, 27, 29, 30], "hlc": [921566, 1]}
INFO:<Node 7>:{"send": false, "recv": true, "to": 7, "from": 4, "vc": [38, 29, 21, 31, 34, 33, 26, 28, 29, 30], "hlc": [921566, 2]}
INFO:<Node 0>:{"send": true, "recv": false, "from": 0, "to": 2, "vc": [49, 32, 21, 22, 32, 29, 23, 18, 25, 23], "hlc": [921563, 6]}
INFO:<Node 6>:{"send": true, "recv": false, "from": 6, "to": 9, "vc": [38, 27, 25, 29, 24, 35, 29, 21, 27, 32], "hlc": [921565, 7]}
INFO:<Node 8>:{"send": true, "recv": false, "from": 8, "to": 0, "vc": [35, 27, 16, 30, 24, 33, 22, 25, 32, 30], "hlc": [921565, 7]}
INFO:<Node 9>:{"send": true, "recv": false, "from": 9, "to": 0, "vc": [44, 30, 19, 29, 29, 29, 23, 18, 27, 36], "hlc": [921566, 1]}
INFO:<Node 0>:{"send": false, "recv": true, "to": 0, "from": 8, "vc": [50, 32, 21, 30, 32, 33, 23, 25, 32, 30], "hlc": [921565, 8]}
INFO:<Node 0>:{"send": false, "recv": true, "to": 0, "from": 9, "vc": [51, 32, 21, 30, 32, 33, 23, 25, 32, 36], "hlc": [921566, 2]}
INFO:<Node 2>:{"send": false, "recv": true, "to": 2, "from": 0, "vc": [49, 32, 27, 30, 32, 35, 23, 25, 31, 32], "hlc": [921565, 8]}
INFO:<Node 9>:{"send": false, "recv": true, "to": 9, "from": 6, "vc": [44, 30, 25, 29, 29, 35, 29, 21, 27, 37], "hlc": [921567, 0]}
INFO:<Node 0>:{"send": true, "recv": false, "from": 0, "to": 4, "vc": [52, 32, 21, 30, 32, 33, 23, 25, 32, 36], "hlc": [921566, 3]}
INFO:<Node 1>:{"send": true, "recv": false, "from": 1, "to": 5, "vc": [48, 37, 21, 30, 32, 33, 27, 26, 29, 30], "hlc": [921565, 7]}
INFO:<Node 2>:{"send": true, "recv": false, "from": 2, "to": 0, "vc": [49, 32, 28, 30, 32, 35, 23, 25, 31, 32], "hlc": [921565, 9]}
INFO:<Node 6>:{"send": true, "recv": false, "from": 6, "to": 3, "vc": [38, 27, 25, 29, 24, 35, 30, 21, 27, 32], "hlc": [921565, 8]}
INFO:<Node 7>:{"send": true, "recv": false, "from": 7, "to": 4, "vc": [38, 29, 21, 31, 34, 33, 26, 29, 29, 30], "hlc": [921566, 3]}
INFO:<Node 8>:{"send": true, "recv": false, "from": 8, "to": 9, "vc": [35, 27, 16, 30, 24, 33, 22, 25, 33, 30], "hlc": [921565, 8]}
INFO:<Node 9>:{"send": true, "recv": false, "from": 9, "to": 7, "vc": [44, 30, 25, 29, 29, 35, 29, 21, 27, 38], "hlc": [921567, 1]}
INFO:<Node 0>:{"send": false, "recv": true, "to": 0, "from": 2, "vc": [53, 32, 28, 30, 32, 35, 23, 25, 32, 36], "hlc": [921566, 4]}
INFO:<Node 3>:{"send": false, "recv": true, "to": 3, "from": 6, "vc": [38, 27, 25, 32, 24, 35, 30, 21, 27, 32], "hlc": [921567, 0]}
INFO:<Node 4>:{"send": false, "recv": true, "to": 4, "from": 0, "vc": [52, 32, 21, 30, 35, 33, 26, 25, 32, 36], "hlc": [921566, 4]}
INFO:<Node 4>:{"send": false, "recv": true, "to": 4, "from": 7, "vc": [52, 32, 21, 31, 36, 33, 26, 29, 32, 36], "hlc": [921566, 5]}
INFO:<Node 5>:{"send": false, "recv": true, "to": 5, "from": 1, "vc": [48, 37, 21, 30, 32, 38, 27, 26, 29, 35], "hlc": [921566, 2]}
INFO:<Node 7>:{"send": false, "recv": true, "to": 7, "from": 9, "vc": [44, 30, 25, 31, 34, 35, 29, 30, 29, 38], "hlc": [921567, 2]}
INFO:<Node 9>:{"send": false, "recv": true, "to": 9, "from": 8, "vc": [44, 30, 25, 30, 29, 35, 29, 25, 33, 39], "hlc": [921567, 2]}
INFO:<Node 1>:{"send": true, "recv": false, "from": 1, "to": 8, "vc": [48, 38, 21, 30, 32, 33, 27, 26, 29, 30], "hlc": [921566, 0]}
INFO:<Node 2>:{"send": true, "recv": false, "from": 2, "to": 1, "vc": [49, 32, 29, 30, 32, 35, 23, 25, 31, 32], "hlc": [921565, 10]}
INFO:<Node 3>:{"send": true, "recv": false, "from": 3, "to": 6, "vc": [38, 27, 25, 33, 24, 35, 30, 21, 27, 32], "hlc": [921567, 1]}
INFO:<Node 4>:{"send": true, "recv": false, "from": 4, "to": 9, "vc": [52, 32, 21, 31, 37, 33, 26, 29, 32, 36], "hlc": [921566, 6]}
INFO:<Node 6>:{"send": true, "recv": false, "from": 6, "to": 0, "vc": [38, 27, 25, 29, 24, 35, 31, 21, 27, 32], "hlc": [921565, 9]}
INFO:<Node 7>:{"send": true, "recv": false, "from": 7, "to": 6, "vc": [44, 30, 25, 31, 34, 35, 29, 31, 29, 38], "hlc": [921567, 3]}
INFO:<Node 8>:{"send": true, "recv": false, "from": 8, "to": 3, "vc": [35, 27, 16, 30, 24, 33, 22, 25, 34, 30], "hlc": [921565, 9]}
INFO:<Node 0>:{"send": false, "recv": true, "to": 0, "from": 6, "vc": [54, 32, 28, 30, 32, 35, 31, 25, 32, 36], "hlc": [921566, 5]}
INFO:<Node 1>:{"send": false, "recv": true, "to": 1, "from": 2, "vc": [49, 39, 29, 30, 32, 35, 27, 26, 31, 32], "hlc": [921566, 1]}
INFO:<Node 3>:{"send": false, "recv": true, "to": 3, "from": 8, "vc": [38, 27, 25, 34, 24, 35, 30, 25, 34, 32], "hlc": [921568, 0]}
INFO:<Node 6>:{"send": false, "recv": true, "to": 6, "from": 3, "vc": [38, 27, 25, 33, 24, 35, 32, 21, 27, 32], "hlc": [921567, 2]}
INFO:<Node 6>:{"send": false, "recv": true, "to": 6, "from": 7, "vc": [44, 30, 25, 33, 34, 35, 33, 31, 29, 38], "hlc": [921567, 4]}
INFO:<Node 8>:{"send": false, "recv": true, "to": 8, "from": 1, "vc": [48, 38, 21, 30, 32, 33, 27, 26, 35, 30], "hlc": [921566, 1]}
INFO:<Node 9>:{"send": false, "recv": true, "to": 9, "from": 4, "vc": [52, 32, 25, 31, 37, 35, 29, 29, 33, 40], "hlc": [921568, 0]}
INFO:<Node 0>:{"send": true, "recv": false, "from": 0, "to": 3, "vc": [55, 32, 28, 30, 32, 35, 31, 25, 32, 36], "hlc": [921566, 6]}
INFO:<Node 1>:{"send": true, "recv": false, "from": 1, "to": 0, "vc": [49, 40, 29, 30, 32, 35, 27, 26, 31, 32], "hlc": [921566, 2]}
INFO:<Node 2>:{"send": true, "recv": false, "from": 2, "to": 8, "vc": [49, 32, 30, 30, 32, 35, 23, 25, 31, 32], "hlc": [921565, 11]}
INFO:<Node 3>:{"send": true, "recv": false, "from": 3, "to": 8, "vc": [38, 27, 25, 35, 24, 35, 30, 25, 34, 32], "hlc": [921568, 1]}
INFO:<Node 4>:{"send": true, "recv": false, "from": 4, "to": 9, "vc": [52, 32, 21, 31, 38, 33, 26, 29, 32, 36], "hlc": [921566, 7]}
INFO:<Node 7>:{"send": true, "recv": false, "from": 7, "to": 8, "vc": [44, 30, 25, 31, 34, 35, 29, 32, 29, 38], "hlc": [921567, 4]}
INFO:<Node 8>:{"send": true, "recv": false, "from": 8, "to": 1, "vc": [48, 38, 21, 30, 32, 33, 27, 26, 36, 30], "hlc": [921566, 2]}
INFO:<Node 0>:{"send": false, "recv": true, "to": 0, "from": 1, "vc": [56, 40, 29, 30, 32, 35, 31, 26, 32, 36], "hlc": [921566, 7]}
INFO:<Node 1>:{"send": false, "recv": true, "to": 1, "from": 8, "vc": [49, 41, 29, 30, 32, 35, 27, 26, 36, 32], "hlc": [921567, 0]}
INFO:<Node 3>:{"send": false, "recv": true, "to": 3, "from": 0, "vc": [55, 32, 28, 36, 32, 35, 31, 25, 34, 36], "hlc": [921568, 2]}
INFO:<Node 8>:{"send": false, "recv": true, "to": 8, "from": 2, "vc": [49, 38, 30, 30, 32, 35, 27, 26, 37, 32], "hlc": [921566, 3]}
INFO:<Node 8>:{"send": false, "recv": true, "to": 8, "from": 3, "vc": [49, 38, 30, 35, 32, 35, 30, 26, 38, 32], "hlc": [921568, 2]}
INFO:<Node 8>:{"send": false, "recv": true, "to": 8, "from": 7, "vc": [49, 38, 30, 35, 34, 35, 30, 32, 39, 38], "hlc": [921568, 3]}
INFO:<Node 9>:{"send": false, "recv": true, "to": 9, "from": 4, "vc": [52, 32, 25, 31, 38, 35, 29, 29, 33, 41], "hlc": [921568, 1]}
INFO:<Node 0>:{"send": true, "recv": false, "from": 0, "to": 9, "vc": [57, 40, 29, 30, 32, 35, 31, 26, 32, 36], "hlc": [921566, 8]}
INFO:<Node 2>:{"send": true, "recv": false, "from": 2, "to": 4, "vc": [49, 32, 31, 30, 32, 35, 23, 25, 31, 32], "hlc": [921565, 12]}
INFO:<Node 3>:{"send": true, "recv": false, "from": 3, "to": 0, "vc": [55, 32, 28, 37, 32, 35, 31, 25, 34, 36], "hlc": [921568, 3]}
INFO:<Node 4>:{"send": true, "recv": false, "from": 4, "to": 0, "vc": [52, 32, 21, 31, 39, 33, 26, 29, 32, 36], "hlc": [921566, 8]}
INFO:<Node 5>:{"send": true, "recv": false, "from": 5, "to": 8, "vc": [48, 37, 21, 30, 32, 39, 27, 26, 29, 35], "hlc": [921566, 3]}
INFO:<Node 6>:{"send": true, "recv": false, "from": 6, "to": 1, "vc": [44, 30, 25, 33, 34, 35, 34, 31, 29, 38], "hlc": [921567, 5]}
INFO:<Node 9>:{"send": true, "recv": false, "from": 9, "to": 3, "vc": [52, 32, 25, 31, 38, 35, 29, 29, 33, 42], "hlc": [921568, 2]}
INFO:<Node 0>:{"send": false, "recv": true, "to": 0, "from": 3, "vc": [58, 40, 29, 37, 32, 35, 31, 26, 34, 36], "hlc": [921568, 4]}
INFO:<Node 0>:{"send": false, "recv": true, "to": 0, "from": 4, "vc": [59, 40, 29, 37, 39, 35, 31, 29, 34, 36], "hlc": [921568, 5]}
INFO:<Node 1>:{"send": false, "recv": true, "to": 1, "from": 6, "vc": [49, 42, 29, 33, 34, 35, 34, 31, 36, 38], "hlc": [921567, 6]}
INFO:<Node 3>:{"send": false, "recv": true, "to": 3, "from": 9, "vc": [55, 32, 28, 38, 38, 35, 31, 29, 34, 42], "hlc": [921569, 0]}
INFO:<Node 4>:{"send": false, "recv": true, "to": 4, "from": 2, "vc": [52, 32, 31, 31, 40, 35, 26, 29, 32, 36], "hlc": [921567, 0]}
INFO:<Node 8>:{"send": false, "recv": true, "to": 8, "from": 5, "vc": [49, 38, 30, 35, 34, 39, 30, 32, 40, 38], "hlc": [921568, 4]}
INFO:<Node 9>:{"send": false, "recv": true, "to": 9, "from": 0, "vc": [57, 40, 29, 31, 38, 35, 31, 29, 33, 43], "hlc": [921569, 0]}
INFO:<Node 4>:{"send": true, "recv": false, "from": 4, "to": 5, "vc": [52, 32, 31, 31, 41, 35, 26, 29, 32, 36], "hlc": [921567, 1]}
INFO:<Node 7>:{"send": true, "recv": false, "from": 7, "to": 3, "vc": [44, 30, 25, 31, 34, 35, 29, 33, 29, 38], "hlc": [921567, 5]}
INFO:<Node 8>:{"send": true, "recv": false, "from": 8, "to": 5, "vc": [49, 38, 30, 35, 34, 39, 30, 32, 41, 38], "hlc": [921568, 5]}
INFO:<Node 3>:{"send": false, "recv": true, "to": 3, "from": 7, "vc": [55, 32, 28, 39, 38, 35, 31, 33, 34, 42], "hlc": [921569, 1]}
INFO:<Node 5>:{"send": false, "recv": true, "to": 5, "from": 4, "vc": [52, 37, 31, 31, 41, 40, 27, 29, 32, 36], "hlc": [921567, 2]}
INFO:<Node 5>:{"send": false, "recv": true, "to": 5, "from": 8, "vc": [52, 38, 31, 35, 41, 41, 30, 32, 41, 38], "hlc": [921568, 6]}
INFO:<Node 1>:{"send": true, "recv": false, "from": 1, "to": 3, "vc": [49, 43, 29, 33, 34, 35, 34, 31, 36, 38], "hlc": [921568, 0]}
INFO:<Node 2>:{"send": true, "recv": false, "from": 2, "to": 1, "vc": [49, 32, 32, 30, 32, 35, 23, 25, 31, 32], "hlc": [921566, 0]}
INFO:<Node 6>:{"send": true, "recv": false, "from": 6, "to": 3, "vc": [44, 30, 25, 33, 34, 35, 35, 31, 29, 38], "hlc": [921567, 6]}
INFO:<Node 8>:{"send": true, "recv": false, "from": 8, "to": 1, "vc": [49, 38, 30, 35, 34, 39, 30, 32, 42, 38], "hlc": [921568, 6]}
INFO:<Node 9>:{"send": true, "recv": false, "from": 9, "to": 2, "vc": [57, 40, 29, 31, 38, 35, 31, 29, 33, 44], "hlc": [921569, 1]}
INFO:<Node 1>:{"send": false, "recv": true, "to": 1, "from": 2, "vc": [49, 44, 32, 33, 34, 35, 34, 31, 36, 38], "hlc": [921568, 1]}
INFO:<Node 1>:{"send": false, "recv": true, "to": 1, "from": 8, "vc": [49, 45, 32, 35, 34, 39, 34, 32, 42, 38], "hlc": [921568, 7]}
INFO:<Node 2>:{"send": false, "recv": true, "to": 2, "from": 9, "vc": [57, 40, 33, 31, 38, 35, 31, 29, 33, 44], "hlc": [921569, 2]}
INFO:<Node 3>:{"send": false, "recv": true, "to": 3, "from": 1, "vc": [55, 43, 29, 40, 38, 35, 34, 33, 36, 42], "hlc": [921570, 0]}
INFO:<Node 3>:{"send": false, "recv": true, "to": 3, "from": 6, "vc": [55, 43, 29, 41, 38, 35, 35, 33, 36, 42], "hlc": [921570, 1]}
INFO:<Node 0>:{"send": true, "recv": false, "from": 0, "to": 4, "vc": [60, 40, 29, 37, 39, 35, 31, 29, 34, 36], "hlc": [921568, 6]}
INFO:<Node 1>:{"send": true, "recv": false, "from": 1, "to": 6, "vc": [49, 46, 32, 35, 34, 39, 34, 32, 42, 38], "hlc": [921568, 8]}
INFO:<Node 2>:{"send": true, "recv": false, "from": 2, "to": 4, "vc": [57, 40, 34, 31, 38, 35, 31, 29, 33, 44], "hlc": [921569, 3]}
INFO:<Node 8>:{"send": true, "recv": false, "from": 8, "to": 2, "vc": [49, 38, 30, 35, 34, 39, 30, 32, 43, 38], "hlc": [921568, 7]}
INFO:<Node 9>:{"send": true, "recv": false, "from": 9, "to": 1, "vc": [57, 40, 29, 31, 38, 35, 31, 29, 33, 45], "hlc": [921570, 0]}
INFO:<Node 1>:{"send": false, "recv": true, "to": 1, "from": 9, "vc": [57, 47, 32, 35, 38, 39, 34, 32, 42, 45], "hlc": [921570, 1]}
INFO:<Node 2>:{"send": false, "recv": true, "to": 2, "from": 8, "vc": [57, 40, 35, 35, 38, 39, 31, 32, 43, 44], "hlc": [921569, 4]}
INFO:<Node 4>:{"send": false, "recv": true, "to": 4, "from": 0, "vc": [60, 40, 31, 37, 42, 35, 31, 29, 34, 36], "hlc": [921568, 7]}
INFO:<Node 4>:{"send": false, "recv": true, "to": 4, "from": 2, "vc": [60, 40, 34, 37, 43, 35, 31, 29, 34, 44], "hlc": [921569, 4]}
INFO:<Node 6>:{"send": false, "recv": true, "to": 6, "from": 1, "vc": [49, 46, 32, 35, 34, 39, 36, 32, 42, 38], "hlc": [921568, 9]}
INFO:<Node 1>:{"send": true, "recv": false, "from": 1, "to": 4, "vc": [57, 48, 32, 35, 38, 39, 34, 32, 42, 45], "hlc": [921570, 2]}
INFO:<Node 2>:{"send": true, "recv": false, "from": 2, "to": 6, "vc": [57, 40, 36, 35, 38, 39, 31, 32, 43, 44], "hlc": [921569, 5]}
INFO:<Node 3>:{"send": true, "recv": false, "from": 3, "to": 2, "vc": [55, 43, 29, 42, 38, 35, 35, 33, 36, 42], "hlc": [921570, 2]}
INFO:<Node 4>:{"send": true, "recv": false, "from": 4, "to": 5, "vc": [60, 40, 34, 37, 44, 35, 31, 29, 34, 44], "hlc": [921569, 5]}
INFO:<Node 7>:{"send": true, "recv": false, "from": 7, "to": 5, "vc": [44, 30, 25, 31, 34, 35, 29, 34, 29, 38], "hlc": [921569, 0]}
INFO:<Node 9>:{"send": true, "recv": false, "from": 9, "to": 0, "vc": [57, 40, 29, 31, 38, 35, 31, 29, 33, 46], "hlc": [921570, 1]}
INFO:<Node 0>:{"send": false, "recv": true, "to": 0, "from": 9, "vc": [61, 40, 29, 37, 39, 35, 31, 29, 34, 46], "hlc": [921570, 2]}
INFO:<Node 2>:{"send": false, "recv": true, "to": 2, "from": 3, "vc": [57, 43, 37, 42, 38, 39, 35, 33, 43, 44], "hlc": [921570, 3]}
INFO:<Node 4>:{"send": false, "recv": true, "to": 4, "from": 1, "vc": [60, 48, 34, 37, 45, 39, 34, 32, 42, 45], "hlc": [921570, 3]}
INFO:<Node 5>:{"send": false, "recv": true, "to": 5, "from": 4, "vc": [60, 40, 34, 37, 44, 42, 31, 32, 41, 44], "hlc": [921569, 6]}
INFO:<Node 5>:{"send": false, "recv": true, "to": 5, "from": 7, "vc": [60, 40, 34, 37, 44, 43, 31, 34, 41, 44], "hlc": [921569, 7]}
INFO:<Node 6>:{"send": false, "recv": true, "to": 6, "from": 2, "vc": [57, 46, 36, 35, 38, 39, 37, 32, 43, 44], "hlc": [921569, 6]}
INFO:<Node 0>:{"send": true, "recv": false, "from": 0, "to": 9, "vc": [62, 40, 29, 37, 39, 35, 31, 29, 34, 46], "hlc": [921570, 3]}
INFO:<Node 5>:{"send": true, "recv": false, "from": 5, "to": 0, "vc": [60, 40, 34, 37, 44, 44, 31, 34, 41, 44], "hlc": [921569, 8]}
INFO:<Node 6>:{"send": true, "recv": false, "from": 6, "to": 0, "vc": [57, 46, 36, 35, 38, 39, 38, 32, 43, 44], "hlc": [921569, 7]}
INFO:<Node 7>:{"send": true, "recv": false, "from": 7, "to": 2, "vc": [44, 30, 25, 31, 34, 35, 29, 35, 29, 38], "hlc": [921569, 1]}
INFO:<Node 8>:{"send": true, "recv": false, "from": 8, "to": 6, "vc": [49, 38, 30, 35, 34, 39, 30, 32, 44, 38], "hlc": [921568, 8]}
INFO:<Node 9>:{"send": true, "recv": false, "from": 9, "to": 3, "vc": [57, 40, 29, 31, 38, 35, 31, 29, 33, 47], "hlc": [921571, 0]}
INFO:<Node 0>:{"send": false, "recv": true, "to": 0, "from": 5, "vc": [63, 40, 34, 37, 44, 44, 31, 34, 41, 46], "hlc": [921570, 4]}
INFO:<Node 0>:{"send": false, "recv": true, "to": 0, "from": 6, "vc": [64, 46, 36, 37, 44, 44, 38, 34, 43, 46], "hlc": [921570, 5]}
INFO:<Node 2>:{"send": false, "recv": true, "to": 2, "from": 7, "vc": [57, 43, 38, 42, 38, 39, 35, 35, 43, 44], "hlc": [921570, 4]}
INFO:<Node 3>:{"send": false, "recv": true, "to": 3, "from": 9, "vc": [57, 43, 29, 43, 38, 35, 35, 33, 36, 47], "hlc": [921571, 1]}
INFO:<Node 6>:{"send": false, "recv": true, "to": 6, "from": 8, "vc": [57, 46, 36, 35, 38, 39, 39, 32, 44, 44], "hlc": [921569, 8]}
INFO:<Node 9>:{"send": false, "recv": true, "to": 9, "from": 0, "vc": [62, 40, 29, 37, 39, 35, 31, 29, 34, 48], "hlc": [921571, 1]}
INFO:<Node 0>:{"send": true, "recv": false, "from": 0, "to": 4, "vc": [65, 46, 36, 37, 44, 44, 38, 34, 43, 46], "hlc": [921570, 6]}
INFO:<Node 1>:{"send": true, "recv": false, "from": 1, "to": 3, "vc": [57, 49, 32, 35, 38, 39, 34, 32, 42, 45], "hlc": [921570, 3]}
INFO:<Node 2>:{"send": true, "recv": false, "from": 2, "to": 7, "vc": [57, 43, 39, 42, 38, 39, 35, 35, 43, 44], "hlc": [921570, 5]}
INFO:<Node 4>:{"send": true, "recv": false, "from": 4, "to": 9, "vc": [60, 48, 34, 37, 46, 39, 34, 32, 42, 45], "hlc": [921570, 4]}
INFO:<Node 5>:{"send": true, "recv": false, "from": 5, "to": 8, "vc": [60, 40, 34, 37, 44, 45, 31, 34, 41, 44], "hlc": [921569, 9]}
INFO:<Node 6>:{"send": true, "recv": false, "from": 6, "to": 0, "vc": [57, 46, 36, 35, 38, 39, 40, 32, 44, 44], "hlc": [921569, 9]}
INFO:<Node 7>:{"send": true, "recv": false, "from": 7, "to": 1, "vc": [44, 30, 25, 31, 34, 35, 29, 36, 29, 38], "hlc": [921570, 0]}
INFO:<Node 8>:{"send": true, "recv": false, "from": 8, "to": 0, "vc": [49, 38, 30, 35, 34, 39, 30, 32, 45, 38], "hlc": [921568, 9]}
INFO:<Node 9>:{"send": true, "recv": false, "from": 9, "to": 1, "vc": [62, 40, 29, 37, 39, 35, 31, 29, 34, 49], "hlc": [921571, 2]}
INFO:<Node 0>:{"send": false, "recv": true, "to": 0, "from": 6, "vc": [66, 46, 36, 37, 44, 44, 40, 34, 44, 46], "hlc": [921570, 7]}
INFO:<Node 0>:{"send": false, "recv": true, "to": 0, "from": 8, "vc": [67, 46, 36, 37, 44, 44, 40, 34, 45, 46], "hlc": [921570, 8]}
INFO:<Node 1>:{"send": false, "recv": true, "to": 1, "from": 7, "vc": [57, 50, 32, 35, 38, 39, 34, 36, 42, 45], "hlc": [921570, 4]}
INFO:<Node 1>:{"send": false, "recv": true, "to": 1, "from": 9, "vc": [62, 51, 32, 37, 39, 39, 34, 36, 42, 49], "hlc": [921571, 3]}
INFO:<Node 3>:{"send": false, "recv": true, "to": 3, "from": 1, "vc": [57, 49, 32, 44, 38, 39, 35, 33, 42, 47], "hlc": [921572, 0]}
INFO:<Node 4>:{"send": false, "recv": true, "to": 4, "from": 0, "vc": [65, 48, 36, 37, 47, 44, 38, 34, 43, 46], "hlc": [921570, 7]}
INFO:<Node 7>:{"send": false, "recv": true, "to": 7, "from": 2, "vc": [57, 43, 39, 42, 38, 39, 35, 37, 43, 44], "hlc": [921570, 6]}
INFO:<Node 8>:{"send": false, "recv": true, "to": 8, "from": 5, "vc": [60, 40, 34, 37, 44, 45, 31, 34, 46, 44], "hlc": [921569, 10]}
INFO:<Node 9>:{"send": false, "recv": true, "to": 9, "from": 4, "vc": [62, 48, 34, 37, 46, 39, 34, 32, 42, 50], "hlc": [921572, 0]}
INFO:<Node 1>:{"send": true, "recv": false, "from": 1, "to": 3, "vc": [62, 52, 32, 37, 39, 39, 34, 36, 42, 49], "hlc": [921571, 4]}
INFO:<Node 2>:{"send": true, "recv": false, "from": 2, "to": 6, "vc": [57, 43, 40, 42, 38, 39, 35, 35, 43, 44], "hlc": [921570, 6]}
INFO:<Node 4>:{"send": true, "recv": false, "from": 4, "to": 3, "vc": [65, 48, 36, 37, 48, 44, 38, 34, 43, 46], "hlc": [921570, 8]}
INFO:<Node 6>:{"send": true, "recv": false, "from": 6, "to": 0, "vc": [57, 46, 36, 35, 38, 39, 41, 32, 44, 44], "hlc": [921570, 0]}
INFO:<Node 8>:{"send": true, "recv": false, "from": 8, "to": 1, "vc": [60, 40, 34, 37, 44, 45, 31, 34, 47, 44], "hlc": [921569, 11]}
INFO:<Node 9>:{"send": true, "recv": false, "from": 9, "to": 4, "vc": [62, 48, 34, 37, 46, 39, 34, 32, 42, 51], "hlc": [921572, 1]}
INFO:<Node 0>:{"send": false, "recv": true, "to": 0, "from": 6, "vc": [68, 46, 36, 37, 44, 44, 41, 34, 45, 46], "hlc": [921570, 9]}
INFO:<Node 1>:{"send": false, "recv": true, "to": 1, "from": 8, "vc": [62, 53, 34, 37, 44, 45, 34, 36, 47, 49], "hlc": [921571, 5]}
INFO:<Node 3>:{"send": false, "recv": true, "to": 3, "from": 1, "vc": [62, 52, 32, 45, 39, 39, 35, 36, 42, 49], "hlc": [921572, 1]}
INFO:<Node 3>:{"send": false, "recv": true, "to": 3, "from": 4, "vc": [65, 52, 36, 46, 48, 44, 38, 36, 43, 49], "hlc": [921572, 2]}
INFO:<Node 4>:{"send": false, "recv": true, "to": 4, "from": 9, "vc": [65, 48, 36, 37, 49, 44, 38, 34, 43, 51], "hlc": [921572, 2]}
INFO:<Node 6>:{"send": false, "recv": true, "to": 6, "from": 2, "vc": [57, 46, 40, 42, 38, 39, 42, 35, 44, 44], "hlc": [921570, 7]}
INFO:<Node 0>:{"send": true, "recv": false, "from": 0, "to": 3, "vc": [69, 46, 36, 37, 44, 44, 41, 34, 45, 46], "hlc": [921570, 10]}
INFO:<Node 2>:{"send": true, "recv": false, "from": 2, "to": 4, "vc": [57, 43, 41, 42, 38, 39, 35, 35, 43, 44], "hlc": [921570, 7]}
INFO:<Node 3>:{"send": true, "recv": false, "from": 3, "to": 6, "vc": [65, 52, 36, 47, 48, 44, 38, 36, 43, 49], "hlc": [921572, 3]}
INFO:<Node 5>:{"send": true, "recv": false, "from": 5, "to": 3, "vc": [60, 40, 34, 37, 44, 46, 31, 34, 41, 44], "hlc": [921569, 10]}
INFO:<Node 6>:{"send": true, "recv": false, "from": 6, "to": 2, "vc": [57, 46, 40, 42, 38, 39, 43, 35, 44, 44], "hlc": [921570, 8]}
INFO:<Node 7>:{"send": true, "recv": false, "from": 7, "to": 3, "vc": [57, 43, 39, 42, 38, 39, 35, 38, 43, 44], "hlc": [921571, 0]}
INFO:<Node 8>:{"send": true, "recv": false, "from": 8, "to": 6, "vc": [60, 40, 34, 37, 44, 45, 31, 34, 48, 44], "hlc": [921569, 12]}
INFO:<Node 9>:{"send": true, "recv": false, "from": 9, "to": 3, "vc": [62, 48, 34, 37, 46, 39, 34, 32, 42, 52], "hlc": [921572, 2]}
INFO:<Node 2>:{"send": false, "recv": true, "to": 2, "from": 6, "vc": [57, 46, 42, 42, 38, 39, 43, 35, 44, 44], "hlc": [921570, 9]}
INFO:<Node 3>:{"send": false, "recv": true, "to": 3, "from": 0, "vc": [69, 52, 36, 48, 48, 44, 41, 36, 45, 49], "hlc": [921573, 0]}
INFO:<Node 3>:{"send": false, "recv": true, "to": 3, "from": 5, "vc": [69, 52, 36, 49, 48, 46, 41, 36, 45, 49], "hlc": [921573, 1]}
INFO:<Node 3>:{"send": false, "recv": true, "to": 3, "from": 7, "vc": [69, 52, 39, 50, 48, 46, 41, 38, 45, 49], "hlc": [921573, 2]}
INFO:<Node 3>:{"send": false, "recv": true, "to": 3, "from": 9, "vc": [69, 52, 39, 51, 48, 46, 41, 38, 45, 52], "hlc": [921573, 3]}
INFO:<Node 4>:{"send": false, "recv": true, "to": 4, "from": 2, "vc": [65, 48, 41, 42, 50, 44, 38, 35, 43, 51], "hlc": [921572, 3]}
INFO:<Node 6>:{"send": false, "recv": true, "to": 6, "from": 3, "vc": [65, 52, 40, 47, 48, 44, 44, 36, 44, 49], "hlc": [921572, 4]}
INFO:<Node 6>:{"send": false, "recv": true, "to": 6, "from": 8, "vc": [65, 52, 40, 47, 48, 45, 45, 36, 48, 49], "hlc": [921572, 5]}
INFO:<Node 0>:{"send": true, "recv": false, "from": 0, "to": 5, "vc": [70, 46, 36, 37, 44, 44, 41, 34, 45, 46], "hlc": [921570, 11]}
INFO:<Node 1>:{"send": true, "recv": false, "from": 1, "to": 9, "vc": [62, 54, 34, 37, 44, 45, 34, 36, 47, 49], "hlc": [921571, 6]}
INFO:<Node 2>:{"send": true, "recv": false, "from": 2, "to": 4, "vc": [57, 46, 43, 42, 38, 39, 43, 35, 44, 44], "hlc": [921570, 10]}
INFO:<Node 3>:{"send": true, "recv": false, "from": 3, "to": 6, "vc": [69, 52, 39, 52, 48, 46, 41, 38, 45, 52], "hlc": [921573, 4]}
INFO:<Node 4>:{"send": true, "recv": false, "from": 4, "to": 2, "vc": [65, 48, 41, 42, 51, 44, 38, 35, 43, 51], "hlc": [921572, 4]}
INFO:<Node 6>:{"send": true, "recv": false, "from": 6, "to": 5, "vc": [65, 52, 40, 47, 48, 45, 46, 36, 48, 49], "hlc": [921572, 6]}
INFO:<Node 2>:{"send": false, "recv": true, "to": 2, "from": 4, "vc": [65, 48, 44, 42, 51, 44, 43, 35, 44, 51], "hlc": [921572, 5]}
INFO:<Node 4>:{"send": false, "recv": true, "to": 4, "from": 2, "vc": [65, 48, 43, 42, 52, 44, 43, 35, 44, 51], "hlc": [921572, 5]}
INFO:<Node 5>:{"send": false, "recv": true, "to": 5, "from": 0, "vc": [70, 46, 36, 37, 44, 47, 41, 34, 45, 46], "hlc": [921570, 12]}
INFO:<Node 5>:{"send": false, "recv": true, "to": 5, "from": 6, "vc": [70, 52, 40, 47, 48, 48, 46, 36, 48, 49], "hlc": [921572, 7]}
INFO:<Node 6>:{"send": false, "recv": true, "to": 6, "from": 3, "vc": [69, 52, 40, 52, 48, 46, 47, 38, 48, 52], "hlc": [921573, 5]}
INFO:<Node 9>:{"send": false, "recv": true, "to": 9, "from": 1, "vc": [62, 54, 34, 37, 46, 45, 34, 36, 47, 53], "hlc": [921573, 0]}
INFO:<Node 1>:{"send": true, "recv": false, "from": 1, "to": 6, "vc": [62, 55, 34, 37, 44, 45, 34, 36, 47, 49], "hlc": [921572, 0]}
INFO:<Node 3>:{"send": true, "recv": false, "from": 3, "to": 8, "vc": [69, 52, 39, 53, 48, 46, 41, 38, 45, 52], "hlc": [921573, 5]}
INFO:<Node 4>:{"send": true, "recv": false, "from": 4, "to": 8, "vc": [65, 48, 43, 42, 53, 44, 43, 35, 44, 51], "hlc": [921572, 6]}
INFO:<Node 5>:{"send": true, "recv": false, "from": 5, "to": 6, "vc": [70, 52, 40, 47, 48, 49, 46, 36, 48, 49], "hlc": [921572, 8]}
INFO:<Node 6>:{"send": true, "recv": false, "from": 6, "to": 7, "vc": [69, 52, 40, 52, 48, 46, 48, 38, 48, 52], "hlc": [921573, 6]}
INFO:<Node 7>:{"send": true, "recv": false, "from": 7, "to": 8, "vc": [57, 43, 39, 42, 38, 39, 35, 39, 43, 44], "hlc": [921572, 0]}
INFO:<Node 6>:{"send": false, "recv": true, "to": 6, "from": 1, "vc": [69, 55, 40, 52, 48, 46, 49, 38, 48, 52], "hlc": [921573, 7]}
INFO:<Node 6>:{"send": false, "recv": true, "to": 6, "from": 5, "vc": [70, 55, 40, 52, 48, 49, 50, 38, 48, 52], "hlc": [921573, 8]}
INFO:<Node 7>:{"send": false, "recv": true, "to": 7, "from": 6, "vc": [69, 52, 40, 52, 48, 46, 48, 40, 48, 52], "hlc": [921573, 7]}
INFO:<Node 8>:{"send": false, "recv": true, "to": 8, "from": 3, "vc": [69, 52, 39, 53, 48, 46, 41, 38, 49, 52], "hlc": [921573, 6]}
INFO:<Node 8>:{"send": false, "recv": true, "to": 8, "from": 4, "vc": [69, 52, 43, 53, 53, 46, 43, 38, 50, 52], "hlc": [921573, 7]}
INFO:<Node 8>:{"send": false, "recv": true, "to": 8, "from": 7, "vc": [69, 52, 43, 53, 53, 46, 43, 39, 51, 52], "hlc": [921573, 8]}
INFO:<Node 0>:{"send": true, "recv": false, "from": 0, "to": 7, "vc": [71, 46, 36, 37, 44, 44, 41, 34, 45, 46], "hlc": [921570, 12]}
INFO:<Node 2>:{"send": true, "recv": false, "from": 2, "to": 9, "vc": [65, 48, 45, 42, 51, 44, 43, 35, 44, 51], "hlc": [921572, 6]}
INFO:<Node 3>:{"send": true, "recv": false, "from": 3, "to": 6, "vc": [69, 52, 39, 54, 48, 46, 41, 38, 45, 52], "hlc": [921574, 0]}
INFO:<Node 4>:{"send": true, "recv": false, "from": 4, "to": 5, "vc": [65, 48, 43, 42, 54, 44, 43, 35, 44, 51], "hlc": [921572, 7]}
INFO:<Node 5>:{"send": true, "recv": false, "from": 5, "to": 6, "vc": [70, 52, 40, 47, 48, 50, 46, 36, 48, 49], "hlc": [921572, 9]}
INFO:<Node 6>:{"send": true, "recv": false, "from": 6, "to": 8, "vc": [70, 55, 40, 52, 48, 49, 51, 38, 48, 52], "hlc": [921573, 9]}
INFO:<Node 7>:{"send": true, "recv": false, "from": 7, "to": 1, "vc": [69, 52, 40, 52, 48, 46, 48, 41, 48, 52], "hlc": [921573, 8]}
INFO:<Node 8>:{"send": true, "recv": false, "from": 8, "to": 4, "vc": [69, 52, 43, 53, 53, 46, 43, 39, 52, 52], "hlc": [921573, 9]}
INFO:<Node 9>:{"send": true, "recv": false, "from": 9, "to": 1, "vc": [62, 54, 34, 37, 46, 45, 34, 36, 47, 54], "hlc": [921574, 0]}
INFO:<Node 1>:{"send": false, "recv": true, "to": 1, "from": 7, "vc": [69, 56, 40, 52, 48, 46, 48, 41, 48, 52], "hlc": [921573, 9]}
INFO:<Node 1>:{"send": false, "recv": true, "to": 1, "from": 9, "vc": [69, 57, 40, 52, 48, 46, 48, 41, 48, 54], "hlc": [921574, 1]}
INFO:<Node 4>:{"send": false, "recv": true, "to": 4, "from": 8, "vc": [69, 52, 43, 53, 55, 46, 43, 39, 52, 52], "hlc": [921573, 10]}
INFO:<Node 5>:{"send": false, "recv": true, "to": 5, "from": 4, "vc": [70, 52, 43, 47, 54, 51, 46, 36, 48, 51], "hlc": [921572, 10]}
INFO:<Node 6>:{"send": false, "recv": true, "to": 6, "from": 3, "vc": [70, 55, 40, 54, 48, 49, 52, 38, 48, 52], "hlc": [921574, 1]}
INFO:<Node 6>:{"send": false, "recv": true, "to": 6, "from": 5, "vc": [70, 55, 40, 54, 48, 50, 53, 38, 48, 52], "hlc": [921574, 2]}
INFO:<Node 7>:{"send": false, "recv": true, "to": 7, "from": 0, "vc": [71, 52, 40, 52, 48, 46, 48, 42, 48, 52], "hlc": [921573, 9]}
INFO:<Node 8>:{"send": false, "recv": true, "to": 8, "from": 6, "vc": [70, 55, 43, 53, 53, 49, 51, 39, 53, 52], "hlc": [921573, 10]}
INFO:<Node 9>:{"send": false, "recv": true, "to": 9, "from": 2, "vc": [65, 54, 45, 42, 51, 45, 43, 36, 47, 55], "hlc": [921574, 1]}
INFO:<Node 0>:{"send": true, "recv": false, "from": 0, "to": 9, "vc": [72, 46, 36, 37, 44, 44, 41, 34, 45, 46], "hlc": [921570, 13]}
INFO:<Node 1>:{"send": true, "recv": false, "from": 1, "to": 7, "vc": [69, 58, 40, 52, 48, 46, 48, 41, 48, 54], "hlc": [921574, 2]}
INFO:<Node 3>:{"send": true, "recv": false, "from": 3, "to": 7, "vc": [69, 52, 39, 55, 48, 46, 41, 38, 45, 52], "hlc": [921574, 1]}
INFO:<Node 4>:{"send": true, "recv": false, "from": 4, "to": 7, "vc": [69, 52, 43, 53, 56, 46, 43, 39, 52, 52], "hlc": [921573, 11]}
INFO:<Node 5>:{"send": true, "recv": false, "from": 5, "to": 9, "vc": [70, 52, 43, 47, 54, 52, 46, 36, 48, 51], "hlc": [921572, 11]}
INFO:<Node 7>:{"send": true, "recv": false, "from": 7, "to": 1, "vc": [71, 52, 40, 52, 48, 46, 48, 43, 48, 52], "hlc": [921573, 10]}
INFO:<Node 9>:{"send": true, "recv": false, "from": 9, "to": 4, "vc": [65, 54, 45, 42, 51, 45, 43, 36, 47, 56], "hlc": [921574, 2]}
INFO:<Node 1>:{"send": false, "recv": true, "to": 1, "from": 7, "vc": [71, 59, 40, 52, 48, 46, 48, 43, 48, 54], "hlc": [921574, 3]}
INFO:<Node 4>:{"send": false, "recv": true, "to": 4, "from": 9, "vc": [69, 54, 45, 53, 57, 46, 43, 39, 52, 56], "hlc": [921574, 3]}
INFO:<Node 7>:{"send": false, "recv": true, "to": 7, "from": 1, "vc": [71, 58, 40, 52, 48, 46, 48, 44, 48, 54], "hlc": [921574, 3]}
INFO:<Node 7>:{"send": false, "recv": true, "to": 7, "from": 3, "vc": [71, 58, 40, 55, 48, 46, 48, 45, 48, 54], "hlc": [921574, 4]}
INFO:<Node 7>:{"send": false, "recv": true, "to": 7, "from": 4, "vc": [71, 58, 43, 55, 56, 46, 48, 46, 52, 54], "hlc": [921574, 5]}
INFO:<Node 9>:{"send": false, "recv": true, "to": 9, "from": 0, "vc": [72, 54, 45, 42, 51, 45, 43, 36, 47, 57], "hlc": [921575, 0]}
INFO:<Node 9>:{"send": false, "recv": true, "to": 9, "from": 5, "vc": [72, 54, 45, 47, 54, 52, 46, 36, 48, 58], "hlc": [921575, 1]}
INFO:<Node 2>:{"send": true, "recv": false, "from": 2, "to": 0, "vc": [65, 48, 46, 42, 51, 44, 43, 35, 44, 51], "hlc": [921572, 7]}
INFO:<Node 5>:{"send": true, "recv": false, "from": 5, "to": 6, "vc": [70, 52, 43, 47, 54, 53, 46, 36, 48, 51], "hlc": [921572, 12]}
INFO:<Node 6>:{"send": true, "recv": false, "from": 6, "to": 8, "vc": [70, 55, 40, 54, 48, 50, 54, 38, 48, 52], "hlc": [921574, 3]}
INFO:<Node 7>:{"send": true, "recv": false, "from": 7, "to": 3, "vc": [71, 58, 43, 55, 56, 46, 48, 47, 52, 54], "hlc": [921574, 6]}
INFO:<Node 8>:{"send": true, "recv": false, "from": 8, "to": 3, "vc": [70, 55, 43, 53, 53, 49, 51, 39, 54, 52], "hlc": [921573, 11]}
INFO:<Node 9>:{"send": true, "recv": false, "from": 9, "to": 4, "vc": [72, 54, 45, 47, 54, 52, 46, 36, 48, 59], "hlc": [921575, 2]}
INFO:<Node 0>:{"send": false, "recv": true, "to": 0, "from": 2, "vc": [73, 48, 46, 42, 51, 44, 43, 35, 45, 51], "hlc": [921572, 8]}
INFO:<Node 3>:{"send": false, "recv": true, "to": 3, "from": 7, "vc": [71, 58, 43, 56, 56, 46, 48, 47, 52, 54], "hlc": [921575, 0]}
INFO:<Node 3>:{"send": false, "recv": true, "to": 3, "from": 8, "vc": [71, 58, 43, 57, 56, 49, 51, 47, 54, 54], "hlc": [921575, 1]}
INFO:<Node 4>:{"send": false, "recv": true, "to": 4, "from": 9, "vc": [72, 54, 45, 53, 58, 52, 46, 39, 52, 59], "hlc": [921575, 3]}
INFO:<Node 6>:{"send": false, "recv": true, "to": 6, "from": 5, "vc": [70, 55, 43, 54, 54, 53, 55, 38, 48, 52], "hlc": [921574, 4]}
INFO:<Node 8>:{"send": false, "recv": true, "to": 8, "from": 6, "vc": [70, 55, 43, 54, 53, 50, 54, 39, 55, 52], "hlc": [921574, 4]}
INFO:<Node 0>:{"send": true, "recv": false, "from": 0, "to": 3, "vc": [74, 48, 46, 42, 51, 44, 43, 35, 45, 51], "hlc": [921572, 9]}
INFO:<Node 1>:{"send": true, "recv": false, "from": 1, "to": 8, "vc": [71, 60, 40, 52, 48, 46, 48, 43, 48, 54], "hlc": [921574, 4]}
INFO:<Node 2>:{"send": true, "recv": false, "from": 2, "to": 0, "vc": [65, 48, 47, 42, 51, 44, 43, 35, 44, 51], "hlc": [921572, 8]}
INFO:<Node 4>:{"send": true, "recv": false, "from": 4, "to": 5, "vc": [72, 54, 45, 53, 59, 52, 46, 39, 52, 59], "hlc": [921575, 4]}
INFO:<Node 6>:{"send": true, "recv": false, "from": 6, "to": 0, "vc": [70, 55, 43, 54, 54, 53, 56, 38, 48, 52], "hlc": [921574, 5]}
INFO:<Node 7>:{"send": true, "recv": false, "from": 7, "to": 8, "vc": [71, 58, 43, 55, 56, 46, 48, 48, 52, 54], "hlc": [921574, 7]}
INFO:<Node 8>:{"send": true, "recv": false, "from": 8, "to": 5, "vc": [70, 55, 43, 54, 53, 50, 54, 39, 56, 52], "hlc": [921574, 5]}
INFO:<Node 9>:{"send": true, "recv": false, "from": 9, "to": 1, "vc": [72, 54, 45, 47, 54, 52, 46, 36, 48, 60], "hlc": [921575, 3]}
INFO:<Node 0>:{"send": false, "recv": true, "to": 0, "from": 2, "vc": [75, 48, 47, 42, 51, 44, 43, 35, 45, 51], "hlc": [921572, 10]}
INFO:<Node 0>:{"send": false, "recv": true, "to": 0, "from": 6, "vc": [76, 55, 47, 54, 54, 53, 56, 38, 48, 52], "hlc": [921574, 6]}
INFO:<Node 1>:{"send": false, "recv": true, "to": 1, "from": 9, "vc": [72, 61, 45, 52, 54, 52, 48, 43, 48, 60], "hlc": [921575, 4]}
INFO:<Node 3>:{"send": false, "recv": true, "to": 3, "from": 0, "vc": [74, 58, 46, 58, 56, 49, 51, 47, 54, 54], "hlc": [921576, 0]}
INFO:<Node 5>:{"send": false, "recv": true, "to": 5, "from": 4, "vc": [72, 54, 45, 53, 59, 54, 46, 39, 52, 59], "hlc": [921575, 5]}
INFO:<Node 5>:{"send": false, "recv": true, "to": 5, "from": 8, "vc": [72, 55, 45, 54, 59, 55, 54, 39, 56, 59], "hlc": [921575, 6]}
INFO:<Node 8>:{"send": false, "recv": true, "to": 8, "from": 1, "vc": [71, 60, 43, 54, 53, 50, 54, 43, 57, 54], "hlc": [921574, 6]}
INFO:<Node 8>:{"send": false, "recv": true, "to": 8, "from": 7, "vc": [71, 60, 43, 55, 56, 50, 54, 48, 58, 54], "hlc": [921574, 8]}
INFO:<Node 3>:{"send": true, "recv": false, "from": 3, "to": 8, "vc": [74, 58, 46, 59, 56, 49, 51, 47, 54, 54], "hlc": [921576, 1]}
INFO:<Node 4>:{"send": true, "recv": false, "from": 4, "to": 1, "vc": [72, 54, 45, 53, 60, 52, 46, 39, 52, 59], "hlc": [921575, 5]}
INFO:<Node 6>:{"send": true, "recv": false, "from": 6, "to": 1, "vc": [70, 55, 43, 54, 54, 53, 57, 38, 48, 52], "hlc": [921574, 6]}
INFO:<Node 8>:{"send": true, "recv": false, "from": 8, "to": 0, "vc": [71, 60, 43, 55, 56, 50, 54, 48, 59, 54], "hlc": [921574, 9]}
INFO:<Node 9>:{"send": true, "recv": false, "from": 9, "to": 7, "vc": [72, 54, 45, 47, 54, 52, 46, 36, 48, 61], "hlc": [921576, 0]}
INFO:<Node 0>:{"send": false, "recv": true, "to": 0, "from": 8, "vc": [77, 60, 47, 55, 56, 53, 56, 48, 59, 54], "hlc": [921574, 10]}
INFO:<Node 1>:{"send": false, "recv": true, "to": 1, "from": 4, "vc": [72, 62, 45, 53, 60, 52, 48, 43, 52, 60], "hlc": [921575, 6]}
INFO:<Node 1>:{"send": false, "recv": true, "to": 1, "from": 6, "vc": [72, 63, 45, 54, 60, 53, 57, 43, 52, 60], "hlc": [921575, 7]}
INFO:<Node 7>:{"send": false, "recv": true, "to": 7, "from": 9, "vc": [72, 58, 45, 55, 56, 52, 48, 49, 52, 61], "hlc": [921576, 1]}
INFO:<Node 8>:{"send": false, "recv": true, "to": 8, "from": 3, "vc": [74, 60, 46, 59, 56, 50, 54, 48, 60, 54], "hlc": [921576, 2]}
INFO:<Node 0>:{"send": true, "recv": false, "from": 0, "to": 4, "vc": [78, 60, 47, 55, 56, 53, 56, 48, 59, 54], "hlc": [921574, 11]}
INFO:<Node 1>:{"send": true, "recv": false, "from": 1, "to": 6, "vc": [72, 64, 45, 54, 60, 53, 57, 43, 52, 60], "hlc": [921575, 8]}
INFO:<Node 2>:{"send": true, "recv": false, "from": 2, "to": 1, "vc": [65, 48, 48, 42, 51, 44, 43, 35, 44, 51], "hlc": [921573, 0]}
INFO:<Node 4>:{"send": true, "recv": false, "from": 4, "to": 8, "vc": [72, 54, 45, 53, 61, 52, 46, 39, 52, 59], "hlc": [921575, 6]}
INFO:<Node 5>:{"send": true, "recv": false, "from": 5, "to": 4, "vc": [72, 55, 45, 54, 59, 56, 54, 39, 56, 59], "hlc": [921575, 7]}
INFO:<Node 6>:{"send": true, "recv": false, "from": 6, "to": 0, "vc": [70, 55, 43, 54, 54, 53, 58, 38, 48, 52], "hlc": [921574, 7]}
INFO:<Node 8>:{"send": true, "recv": false, "from": 8, "to": 5, "vc": [74, 60, 46, 59, 56, 50, 54, 48, 61, 54], "hlc": [921576, 3]}
INFO:<Node 0>:{"send": false, "recv": true, "to": 0, "from": 6, "vc": [79, 60, 47, 55, 56, 53, 58, 48, 59, 54], "hlc": [921574, 12]}
INFO:<Node 1>:{"send": false, "recv": true, "to": 1, "from": 2, "vc": [72, 65, 48, 54, 60, 53, 57, 43, 52, 60], "hlc": [921575, 9]}
INFO:<Node 4>:{"send": false, "recv": true, "to": 4, "from": 0, "vc": [78, 60, 47, 55, 62, 53, 56, 48, 59, 59], "hlc": [921575, 7]}
INFO:<Node 4>:{"send": false, "recv": true, "to": 4, "from": 5, "vc": [78, 60, 47, 55, 63, 56, 56, 48, 59, 59], "hlc": [921575, 8]}
INFO:<Node 5>:{"send": false, "recv": true, "to": 5, "from": 8, "vc": [74, 60, 46, 59, 59, 57, 54, 48, 61, 59], "hlc": [921576, 4]}
INFO:<Node 6>:{"send": false, "recv": true, "to": 6, "from": 1, "vc": [72, 64, 45, 54, 60, 53, 59, 43, 52, 60], "hlc": [921575, 9]}
INFO:<Node 8>:{"send": false, "recv": true, "to": 8, "from": 4, "vc": [74, 60, 46, 59, 61, 52, 54, 48, 62, 59], "hlc": [921576, 4]}
INFO:<Node 0>:{"send": true, "recv": false, "from": 0, "to": 7, "vc": [80, 60, 47, 55, 56, 53, 58, 48, 59, 54], "hlc": [921574, 13]}
INFO:<Node 1>:{"send": true, "recv": false, "from": 1, "to": 8, "vc": [72, 66, 48, 54, 60, 53, 57, 43, 52, 60], "hlc": [921575, 10]}
INFO:<Node 2>:{"send": true, "recv": false, "from": 2, "to": 5, "vc": [65, 48, 49, 42, 51, 44, 43, 35, 44, 51], "hlc": [921574, 0]}
INFO:<Node 5>:{"send": true, "recv": false, "from": 5, "to": 4, "vc": [74, 60, 46, 59, 59, 58, 54, 48, 61, 59], "hlc": [921576, 5]}
INFO:<Node 6>:{"send": true, "recv": false, "from": 6, "to": 3, "vc": [72, 64, 45, 54, 60, 53, 60, 43, 52, 60], "hlc": [921575, 10]}
INFO:<Node 7>:{"send": true, "recv": false, "from": 7, "to": 0, "vc": [72, 58, 45, 55, 56, 52, 48, 50, 52, 61], "hlc": [921576, 2]}
INFO:<Node 8>:{"send": true, "recv": false, "from": 8, "to": 7, "vc": [74, 60, 46, 59, 61, 52, 54, 48, 63, 59], "hlc": [921576, 5]}
INFO:<Node 9>:{"send": true, "recv": false, "from": 9, "to": 1, "vc": [72, 54, 45, 47, 54, 52, 46, 36, 48, 62], "hlc": [921577, 0]}
INFO:<Node 0>:{"send": false, "recv": true, "to": 0, "from": 7, "vc": [81, 60, 47, 55, 56, 53, 58, 50, 59, 61], "hlc": [921576, 3]}
INFO:<Node 1>:{"send": false, "recv": true, "to": 1, "from": 9, "vc": [72, 67, 48, 54, 60, 53, 57, 43, 52, 62], "hlc": [921577, 1]}
INFO:<Node 3>:{"send": false, "recv": true, "to": 3, "from": 6, "vc": [74, 64, 46, 60, 60, 53, 60, 47, 54, 60], "hlc": [921577, 0]}
INFO:<Node 4>:{"send": false, "recv": true, "to": 4, "from": 5, "vc": [78, 60, 47, 59, 64, 58, 56, 48, 61, 59], "hlc": [921576, 6]}
INFO:<Node 5>:{"send": false, "recv": true, "to": 5, "from": 2, "vc": [74, 60, 49, 59, 59, 59, 54, 48, 61, 59], "hlc": [921576, 6]}
INFO:<Node 7>:{"send": false, "recv": true, "to": 7, "from": 0, "vc": [80, 60, 47, 55, 56, 53, 58, 51, 59, 61], "hlc": [921576, 3]}
INFO:<Node 7>:{"send": false, "recv": true, "to": 7, "from": 8, "vc": [80, 60, 47, 59, 61, 53, 58, 52, 63, 61], "hlc": [921576, 6]}
INFO:<Node 8>:{"send": false, "recv": true, "to": 8, "from": 1, "vc": [74, 66, 48, 59, 61, 53, 57, 48, 64, 60], "hlc": [921576, 6]}
INFO:<Node 1>:{"send": true, "recv": false, "from": 1, "to": 0, "vc": [72, 68, 48, 54, 60, 53, 57, 43, 52, 62], "hlc": [921577, 2]}
INFO:<Node 3>:{"send": true, "recv": false, "from": 3, "to": 8, "vc": [74, 64, 46, 61, 60, 53, 60, 47, 54, 60], "hlc": [921577, 1]}
INFO:<Node 4>:{"send": true, "recv": false, "from": 4, "to": 2, "vc": [78, 60, 47, 59, 65, 58, 56, 48, 61, 59], "hlc": [921576, 7]}
INFO:<Node 5>:{"send": true, "recv": false, "from": 5, "to": 7, "vc": [74, 60, 49, 59, 59, 60, 54, 48, 61, 59], "hlc": [921576, 7]}
INFO:<Node 6>:{"send": true, "recv": false, "from": 6, "to": 0, "vc": [72, 64, 45, 54, 60, 53, 61, 43, 52, 60], "hlc": [921575, 11]}
INFO:<Node 7>:{"send": true, "recv": false, "from": 7, "to": 4, "vc": [80, 60, 47, 59, 61, 53, 58, 53, 63, 61], "hlc": [921576, 7]}
INFO:<Node 8>:{"send": true, "recv": false, "from": 8, "to": 7, "vc": [74, 66, 48, 59, 61, 53, 57, 48, 65, 60], "hlc": [921576, 7]}
INFO:<Node 9>:{"send": true, "recv": false, "from": 9, "to": 2, "vc": [72, 54, 45, 47, 54, 52, 46, 36, 48, 63], "hlc": [921577, 1]}
INFO:<Node 0>:{"send": false, "recv": true, "to": 0, "from": 1, "vc": [82, 68, 48, 55, 60, 53, 58, 50, 59, 62], "hlc": [921577, 3]}
INFO:<Node 0>:{"send": false, "recv": true, "to": 0, "from": 6, "vc": [83, 68, 48, 55, 60, 53, 61, 50, 59, 62], "hlc": [921577, 4]}
INFO:<Node 2>:{"send": false, "recv": true, "to": 2, "from": 4, "vc": [78, 60, 50, 59, 65, 58, 56, 48, 61, 59], "hlc": [921576, 8]}
INFO:<Node 2>:{"send": false, "recv": true, "to": 2, "from": 9, "vc": [78, 60, 51, 59, 65, 58, 56, 48, 61, 63], "hlc": [921577, 2]}
INFO:<Node 4>:{"send": false, "recv": true, "to": 4, "from": 7, "vc": [80, 60, 47, 59, 66, 58, 58, 53, 63, 61], "hlc": [921576, 8]}
INFO:<Node 7>:{"send": false, "recv": true, "to": 7, "from": 5, "vc": [80, 60, 49, 59, 61, 60, 58, 54, 63, 61], "hlc": [921576, 8]}
INFO:<Node 7>:{"send": false, "recv": true, "to": 7, "from": 8, "vc": [80, 66, 49, 59, 61, 60, 58, 55, 65, 61], "hlc": [921576, 9]}
INFO:<Node 8>:{"send": false, "recv": true, "to": 8, "from": 3, "vc": [74, 66, 48, 61, 61, 53, 60, 48, 66, 60], "hlc": [921577, 2]}
