INFO:root:Random workload: num sockets: 10, num iterations: 50, base address: 47000, chance of send: 3 in 5, round delay (s): 0.5, max clock drift (s): 9.5, actual clock drifts: [4.648863593844599, 2.9378035743289743, -9.206817491300141, 2.928536986528215, 6.329851417819398, 8.487552901438164, 0.09867814632269045, -7.331753829341031, -5.6506721372380095, -7.557279587484457]
INFO:<Node 1>:{"send": true, "recv": false, "from": 1, "to": 2, "vc": [0, 1, 0, 0, 0, 0, 0, 0, 0, 0], "hlc": [921743, 0]}
INFO:<Node 2>:{"send": true, "recv": false, "from": 2, "to": 0, "vc": [0, 0, 1, 0, 0, 0, 0, 0, 0, 0], "hlc": [921740, 1]}
INFO:<Node 3>:{"send": true, "recv": false, "from": 3, "to": 2, "vc": [0, 0, 0, 1, 0, 0, 0, 0, 0, 0], "hlc": [921743, 0]}
INFO:<Node 4>:{"send": true, "recv": false, "from": 4, "to": 8, "vc": [0, 0, 0, 0, 1, 0, 0, 0, 0, 0], "hlc": [921747, 0]}
INFO:<Node 7>:{"send": true, "recv": false, "from": 7, "to": 2, "vc": [0, 0, 0, 0, 0, 0, 0, 1, 0, 0], "hlc": [921740, 1]}
INFO:<Node 8>:{"send": true, "recv": false, "from": 8, "to": 7, "vc": [0, 0, 0, 0, 0, 0, 0, 0, 1, 0], "hlc": [921740, 1]}
INFO:<Node 9>:{"send": true, "recv": false, "from": 9, "to": 5, "vc": [0, 0, 0, 0, 0, 0, 0, 0, 0, 1], "hlc": [921740, 1]}
INFO:<Node 0>:{"send": false, "recv": true, "to": 0, "from": 2, "vc": [1, 0, 1, 0, 0, 0, 0, 0, 0, 0], "hlc": [921745, 0]}
INFO:<Node 2>:{"send": false, "recv": true, "to": 2, "from": 1, "vc": [0, 1, 2, 0, 0, 0, 0, 0, 0, 0], "hlc": [921743, 1]}
INFO:<Node 2>:{"send": false, "recv": true, "to": 2, "from": 3, "vc": [0, 1, 3, 1, 0, 0, 0, 0, 0, 0], "hlc": [921743, 2]}
INFO:<Node 2>:{"send": false, "recv": true, "to": 2, "from": 7, "vc": [0, 1, 4, 1, 0, 0, 0, 1, 0, 0], "hlc": [921743, 3]}
INFO:<Node 5>:{"send": false, "recv": true, "to": 5, "from": 9, "vc": [0, 0, 0, 0, 0, 1, 0, 0, 0, 1], "hlc": [921749, 0]}
INFO:<Node 7>:{"send": false, "recv": true, "to": 7, "from": 8, "vc": [0, 0, 0, 0, 0, 0, 0, 2, 1, 0], "hlc": [921740, 2]}
INFO:<Node 8>:{"send": false, "recv": true, "to": 8, "from": 4, "vc": [0, 0, 0, 0, 1, 0, 0, 0, 2, 0], "hlc": [921747, 1]}
INFO:<Node 1>:{"send": true, "recv": false, "from": 1, "to": 9, "vc": [0, 2, 0, 0, 0, 0, 0, 0, 0, 0], "hlc": [921744, 0]}
INFO:<Node 3>:{"send": true, "recv": false, "from": 3, "to": 9, "vc": [0, 0, 0, 2, 0, 0, 0, 0, 0, 0], "hlc": [921744, 0]}
INFO:<Node 5>:{"send": true, "recv": false, "from": 5, "to": 4, "vc": [0, 0, 0, 0, 0, 2, 0, 0, 0, 1], "hlc": [921749, 1]}
INFO:<Node 7>:{"send": true, "recv": false, "from": 7, "to": 3, "vc": [0, 0, 0, 0, 0, 0, 0, 3, 1, 0], "hlc": [921740, 3]}
INFO:<Node 8>:{"send": true, "recv": false, "from": 8, "to": 6, "vc": [0, 0, 0, 0, 1, 0, 0, 0, 3, 0], "hlc": [921747, 2]}
INFO:<Node 3>:{"send": false, "recv": true, "to": 3, "from": 7, "vc": [0, 0, 0, 3, 0, 0, 0, 3, 1, 0], "hlc": [921744, 1]}
INFO:<Node 4>:{"send": false, "recv": true, "to": 4, "from": 5, "vc": [0, 0, 0, 0, 2, 2, 0, 0, 0, 1], "hlc": [921749, 2]}
INFO:<Node 6>:{"send": false, "recv": true, "to": 6, "from": 8, "vc": [0, 0, 0, 0, 1, 0, 1, 0, 3, 0], "hlc": [921747, 3]}
INFO:<Node 9>:{"send": false, "recv": true, "to": 9, "from": 1, "vc": [0, 2, 0, 0, 0, 0, 0, 0, 0, 2], "hlc": [921744, 1]}
INFO:<Node 9>:{"send": false, "recv": true, "to": 9, "from": 3, "vc": [0, 2, 0, 2, 0, 0, 0, 0, 0, 3], "hlc": [921744, 2]}
INFO:<Node 0>:{"send": true, "recv": false, "from": 0, "to": 4, "vc": [2, 0, 1, 0, 0, 0, 0, 0, 0, 0], "hlc": [921746, 0]}
INFO:<Node 1>:{"send": true, "recv": false, "from": 1, "to": 5, "vc": [0, 3, 0, 0, 0, 0, 0, 0, 0, 0], "hlc": [921744, 1]}
INFO:<Node 3>:{"send": true, "recv": false, "from": 3, "to": 7, "vc": [0, 0, 0, 4, 0, 0, 0, 3, 1, 0], "hlc": [921744, 2]}
INFO:<Node 4>:{"send": true, "recv": false, "from": 4, "to": 0, "vc": [0, 0, 0, 0, 3, 2, 0, 0, 0, 1], "hlc": [921749, 3]}
INFO:<Node 5>:{"send": true, "recv": false, "from": 5, "to": 3, "vc": [0, 0, 0, 0, 0, 3, 0, 0, 0, 1], "hlc": [921750, 0]}
INFO:<Node 7>:{"send": true, "recv": false, "from": 7, "to": 1, "vc": [0, 0, 0, 0, 0, 0, 0, 4, 1, 0], "hlc": [921740, 4]}
INFO:<Node 8>:{"send": true, "recv": false, "from": 8, "to": 7, "vc": [0, 0, 0, 0, 1, 0, 0, 0, 4, 0], "hlc": [921747, 3]}
INFO:<Node 0>:{"send": false, "recv": true, "to": 0, "from": 4, "vc": [3, 0, 1, 0, 3, 2, 0, 0, 0, 1], "hlc": [921749, 4]}
INFO:<Node 1>:{"send": false, "recv": true, "to": 1, "from": 7, "vc": [0, 4, 0, 0, 0, 0, 0, 4, 1, 0], "hlc": [921745, 0]}
INFO:<Node 3>:{"send": false, "recv": true, "to": 3, "from": 5, "vc": [0, 0, 0, 5, 0, 3, 0, 3, 1, 1], "hlc": [921750, 1]}
INFO:<Node 4>:{"send": false, "recv": true, "to": 4, "from": 0, "vc": [2, 0, 1, 0, 4, 2, 0, 0, 0, 1], "hlc": [921749, 4]}
INFO:<Node 5>:{"send": false, "recv": true, "to": 5, "from": 1, "vc": [0, 3, 0, 0, 0, 4, 0, 0, 0, 1], "hlc": [921750, 1]}
INFO:<Node 7>:{"send": false, "recv": true, "to": 7, "from": 3, "vc": [0, 0, 0, 4, 0, 0, 0, 5, 1, 0], "hlc": [921744, 3]}
INFO:<Node 7>:{"send": false, "recv": true, "to": 7, "from": 8, "vc": [0, 0, 0, 4, 1, 0, 0, 6, 4, 0], "hlc": [921747, 4]}
INFO:<Node 0>:{"send": true, "recv": false, "from": 0, "to": 6, "vc": [4, 0, 1, 0, 3, 2, 0, 0, 0, 1], "hlc": [921749, 5]}
INFO:<Node 1>:{"send": true, "recv": false, "from": 1, "to": 6, "vc": [0, 5, 0, 0, 0, 0, 0, 4, 1, 0], "hlc": [921745, 1]}
INFO:<Node 5>:{"send": true, "recv": false, "from": 5, "to": 2, "vc": [0, 3, 0, 0, 0, 5, 0, 0, 0, 1], "hlc": [921750, 2]}
INFO:<Node 7>:{"send": true, "recv": false, "from": 7, "to": 8, "vc": [0, 0, 0, 4, 1, 0, 0, 7, 4, 0], "hlc": [921747, 5]}
INFO:<Node 8>:{"send": true, "recv": false, "from": 8, "to": 2, "vc": [0, 0, 0, 0, 1, 0, 0, 0, 5, 0], "hlc": [921747, 4]}
INFO:<Node 2>:{"send": false, "recv": true, "to": 2, "from": 5, "vc": [0, 3, 5, 1, 0, 5, 0, 1, 0, 1], "hlc": [921750, 3]}
INFO:<Node 2>:{"send": false, "recv": true, "to": 2, "from": 8, "vc": [0, 3, 6, 1, 1, 5, 0, 1, 5, 1], "hlc": [921750, 4]}
INFO:<Node 6>:{"send": false, "recv": true, "to": 6, "from": 0, "vc": [4, 0, 1, 0, 3, 2, 2, 0, 3, 1], "hlc": [921749, 6]}
INFO:<Node 6>:{"send": false, "recv": true, "to": 6, "from": 1, "vc": [4, 5, 1, 0, 3, 2, 3, 4, 3, 1], "hlc": [921749, 7]}
INFO:<Node 8>:{"send": false, "recv": true, "to": 8, "from": 7, "vc": [0, 0, 0, 4, 1, 0, 0, 7, 6, 0], "hlc": [921747, 6]}
INFO:<Node 0>:{"send": true, "recv": false, "from": 0, "to": 7, "vc": [5, 0, 1, 0, 3, 2, 0, 0, 0, 1], "hlc": [921749, 6]}
INFO:<Node 2>:{"send": true, "recv": false, "from": 2, "to": 5, "vc": [0, 3, 7, 1, 1, 5, 0, 1, 5, 1], "hlc": [921750, 5]}
INFO:<Node 3>:{"send": true, "recv": false, "from": 3, "to": 9, "vc": [0, 0, 0, 6, 0, 3, 0, 3, 1, 1], "hlc": [921750, 2]}
INFO:<Node 4>:{"send": true, "recv": false, "from": 4, "to": 7, "vc": [2, 0, 1, 0, 5, 2, 0, 0, 0, 1], "hlc": [921749, 5]}
INFO:<Node 7>:{"send": true, "recv": false, "from": 7, "to": 9, "vc": [0, 0, 0, 4, 1, 0, 0, 8, 4, 0], "hlc": [921747, 6]}
INFO:<Node 8>:{"send": true, "recv": false, "from": 8, "to": 5, "vc": [0, 0, 0, 4, 1, 0, 0, 7, 7, 0], "hlc": [921747, 7]}
INFO:<Node 9>:{"send": true, "recv": false, "from": 9, "to": 8, "vc": [0, 2, 0, 2, 0, 0, 0, 0, 0, 4], "hlc": [921744, 3]}
INFO:<Node 5>:{"send": false, "recv": true, "to": 5, "from": 2, "vc": [0, 3, 7, 1, 1, 6, 0, 1, 5, 1], "hlc": [921751, 0]}
INFO:<Node 5>:{"send": false, "recv": true, "to": 5, "from": 8, "vc": [0, 3, 7, 4, 1, 7, 0, 7, 7, 1], "hlc": [921751, 1]}
INFO:<Node 7>:{"send": false, "recv": true, "to": 7, "from": 0, "vc": [5, 0, 1, 4, 3, 2, 0, 9, 4, 1], "hlc": [921749, 7]}
INFO:<Node 7>:{"send": false, "recv": true, "to": 7, "from": 4, "vc": [5, 0, 1, 4, 5, 2, 0, 10, 4, 1], "hlc": [921749, 8]}
INFO:<Node 8>:{"send": false, "recv": true, "to": 8, "from": 9, "vc": [0, 2, 0, 4, 1, 0, 0, 7, 8, 4], "hlc": [921747, 8]}
INFO:<Node 9>:{"send": false, "recv": true, "to": 9, "from": 3, "vc": [0, 2, 0, 6, 0, 3, 0, 3, 1, 5], "hlc": [921750, 3]}
INFO:<Node 9>:{"send": false, "recv": true, "to": 9, "from": 7, "vc": [0, 2, 0, 6, 1, 3, 0, 8, 4, 6], "hlc": [921750, 4]}
INFO:<Node 0>:{"send": true, "recv": false, "from": 0, "to": 5, "vc": [6, 0, 1, 0, 3, 2, 0, 0, 0, 1], "hlc": [921749, 7]}
INFO:<Node 1>:{"send": true, "recv": false, "from": 1, "to": 0, "vc": [0, 6, 0, 0, 0, 0, 0, 4, 1, 0], "hlc": [921746, 0]}
INFO:<Node 4>:{"send": true, "recv": false, "from": 4, "to": 2, "vc": [2, 0, 1, 0, 6, 2, 0, 0, 0, 1], "hlc": [921749, 6]}
INFO:<Node 6>:{"send": true, "recv": false, "from": 6, "to": 8, "vc": [4, 5, 1, 0, 3, 2, 4, 4, 3, 1], "hlc": [921749, 8]}
INFO:<Node 9>:{"send": true, "recv": false, "from": 9, "to": 2, "vc": [0, 2, 0, 6, 1, 3, 0, 8, 4, 7], "hlc": [921750, 5]}
INFO:<Node 0>:{"send": false, "recv": true, "to": 0, "from": 1, "vc": [7, 6, 1, 0, 3, 2, 0, 4, 1, 1], "hlc": [921749, 8]}
INFO:<Node 2>:{"send": false, "recv": true, "to": 2, "from": 4, "vc": [2, 3, 8, 1, 6, 5, 0, 1, 5, 1], "hlc": [921750, 6]}
INFO:<Node 2>:{"send": false, "recv": true, "to": 2, "from": 9, "vc": [2, 3, 9, 6, 6, 5, 0, 8, 5, 7], "hlc": [921750, 7]}
INFO:<Node 5>:{"send": false, "recv": true, "to": 5, "from": 0, "vc": [6, 3, 7, 4, 3, 8, 0, 7, 7, 1], "hlc": [921752, 0]}
INFO:<Node 8>:{"send": false, "recv": true, "to": 8, "from": 6, "vc": [4, 5, 1, 4, 3, 2, 4, 7, 9, 4], "hlc": [921749, 9]}
INFO:<Node 0>:{"send": true, "recv": false, "from": 0, "to": 9, "vc": [8, 6, 1, 0, 3, 2, 0, 4, 1, 1], "hlc": [921749, 9]}
INFO:<Node 3>:{"send": true, "recv": false, "from": 3, "to": 1, "vc": [0, 0, 0, 7, 0, 3, 0, 3, 1, 1], "hlc": [921750, 3]}
INFO:<Node 4>:{"send": true, "recv": false, "from": 4, "to": 3, "vc": [2, 0, 1, 0, 7, 2, 0, 0, 0, 1], "hlc": [921750, 0]}
INFO:<Node 5>:{"send": true, "recv": false, "from": 5, "to": 1, "vc": [6, 3, 7, 4, 3, 9, 0, 7, 7, 1], "hlc": [921752, 1]}
INFO:<Node 6>:{"send": true, "recv": false, "from": 6, "to": 2, "vc": [4, 5, 1, 0, 3, 2, 5, 4, 3, 1], "hlc": [921749, 9]}
INFO:<Node 7>:{"send": true, "recv": false, "from": 7, "to": 5, "vc": [5, 0, 1, 4, 5, 2, 0, 11, 4, 1], "hlc": [921749, 9]}
INFO:<Node 8>:{"send": true, "recv": false, "from": 8, "to": 6, "vc": [4, 5, 1, 4, 3, 2, 4, 7, 10, 4], "hlc": [921749, 10]}
INFO:<Node 9>:{"send": true, "recv": false, "from": 9, "to": 5, "vc": [0, 2, 0, 6, 1, 3, 0, 8, 4, 8], "hlc": [921750, 6]}
INFO:<Node 1>:{"send": false, "recv": true, "to": 1, "from": 3, "vc": [0, 7, 0, 7, 0, 3, 0, 4, 1, 1], "hlc": [921750, 4]}
INFO:<Node 1>:{"send": false, "recv": true, "to": 1, "from": 5, "vc": [6, 8, 7, 7, 3, 9, 0, 7, 7, 1], "hlc": [921752, 2]}
INFO:<Node 2>:{"send": false, "recv": true, "to": 2, "from": 6, "vc": [4, 5, 10, 6, 6, 5, 5, 8, 5, 7], "hlc": [921750, 8]}
INFO:<Node 3>:{"send": false, "recv": true, "to": 3, "from": 4, "vc": [2, 0, 1, 8, 7, 3, 0, 3, 1, 1], "hlc": [921750, 4]}
INFO:<Node 5>:{"send": false, "recv": true, "to": 5, "from": 7, "vc": [6, 3, 7, 4, 5, 10, 0, 11, 7, 1], "hlc": [921752, 2]}
INFO:<Node 5>:{"send": false, "recv": true, "to": 5, "from": 9, "vc": [6, 3, 7, 6, 5, 11, 0, 11, 7, 8], "hlc": [921752, 3]}
INFO:<Node 6>:{"send": false, "recv": true, "to": 6, "from": 8, "vc": [4, 5, 1, 4, 3, 2, 6, 7, 10, 4], "hlc": [921749, 11]}
INFO:<Node 9>:{"send": false, "recv": true, "to": 9, "from": 0, "vc": [8, 6, 1, 6, 3, 3, 0, 8, 4, 9], "hlc": [921750, 7]}
INFO:<Node 2>:{"send": true, "recv": false, "from": 2, "to": 0, "vc": [4, 5, 11, 6, 6, 5, 5, 8, 5, 7], "hlc": [921750, 9]}
INFO:<Node 3>:{"send": true, "recv": false, "from": 3, "to": 8, "vc": [2, 0, 1, 9, 7, 3, 0, 3, 1, 1], "hlc": [921750, 5]}
INFO:<Node 6>:{"send": true, "recv": false, "from": 6, "to": 1, "vc": [4, 5, 1, 4, 3, 2, 7, 7, 10, 4], "hlc": [921749, 12]}
INFO:<Node 8>:{"send": true, "recv": false, "from": 8, "to": 9, "vc": [4, 5, 1, 4, 3, 2, 4, 7, 11, 4], "hlc": [921749, 11]}
INFO:<Node 9>:{"send": true, "recv": false, "from": 9, "to": 5, "vc": [8, 6, 1, 6, 3, 3, 0, 8, 4, 10], "hlc": [921750, 8]}
INFO:<Node 0>:{"send": false, "recv": true, "to": 0, "from": 2, "vc": [9, 6, 11, 6, 6, 5, 5, 8, 5, 7], "hlc": [921750, 10]}
INFO:<Node 1>:{"send": false, "recv": true, "to": 1, "from": 6, "vc": [6, 9, 7, 7, 3, 9, 7, 7, 10, 4], "hlc": [921752, 3]}
INFO:<Node 5>:{"send": false, "recv": true, "to": 5, "from": 9, "vc": [8, 6, 7, 6, 5, 12, 0, 11, 7, 10], "hlc": [921753, 0]}
INFO:<Node 8>:{"send": false, "recv": true, "to": 8, "from": 3, "vc": [4, 5, 1, 9, 7, 3, 4, 7, 12, 4], "hlc": [921750, 6]}
INFO:<Node 9>:{"send": false, "recv": true, "to": 9, "from": 8, "vc": [8, 6, 1, 6, 3, 3, 4, 8, 11, 11], "hlc": [921750, 9]}
INFO:<Node 0>:{"send": true, "recv": false, "from": 0, "to": 5, "vc": [10, 6, 11, 6, 6, 5, 5, 8, 5, 7], "hlc": [921750, 11]}
INFO:<Node 2>:{"send": true, "recv": false, "from": 2, "to": 0, "vc": [4, 5, 12, 6, 6, 5, 5, 8, 5, 7], "hlc": [921750, 10]}
INFO:<Node 3>:{"send": true, "recv": false, "from": 3, "to": 5, "vc": [2, 0, 1, 10, 7, 3, 0, 3, 1, 1], "hlc": [921750, 6]}
INFO:<Node 4>:{"send": true, "recv": false, "from": 4, "to": 0, "vc": [2, 0, 1, 0, 8, 2, 0, 0, 0, 1], "hlc": [921751, 0]}
INFO:<Node 5>:{"send": true, "recv": false, "from": 5, "to": 8, "vc": [8, 6, 7, 6, 5, 13, 0, 11, 7, 10], "hlc": [921753, 1]}
INFO:<Node 9>:{"send": true, "recv": false, "from": 9, "to": 8, "vc": [8, 6, 1, 6, 3, 3, 4, 8, 11, 12], "hlc": [921750, 10]}
INFO:<Node 0>:{"send": false, "recv": true, "to": 0, "from": 2, "vc": [11, 6, 12, 6, 6, 5, 5, 8, 5, 7], "hlc": [921750, 12]}
INFO:<Node 0>:{"send": false, "recv": true, "to": 0, "from": 4, "vc": [12, 6, 12, 6, 8, 5, 5, 8, 5, 7], "hlc": [921751, 1]}
INFO:<Node 5>:{"send": false, "recv": true, "to": 5, "from": 0, "vc": [10, 6, 11, 6, 6, 14, 5, 11, 7, 10], "hlc": [921753, 2]}
INFO:<Node 5>:{"send": false, "recv": true, "to": 5, "from": 3, "vc": [10, 6, 11, 10, 7, 15, 5, 11, 7, 10], "hlc": [921753, 3]}
INFO:<Node 8>:{"send": false, "recv": true, "to": 8, "from": 5, "vc": [8, 6, 7, 9, 7, 13, 4, 11, 13, 10], "hlc": [921753, 2]}
INFO:<Node 8>:{"send": false, "recv": true, "to": 8, "from": 9, "vc": [8, 6, 7, 9, 7, 13, 4, 11, 14, 12], "hlc": [921753, 3]}
INFO:<Node 0>:{"send": true, "recv": false, "from": 0, "to": 6, "vc": [13, 6, 12, 6, 8, 5, 5, 8, 5, 7], "hlc": [921751, 2]}
INFO:<Node 1>:{"send": true, "recv": false, "from": 1, "to": 7, "vc": [6, 10, 7, 7, 3, 9, 7, 7, 10, 4], "hlc": [921752, 4]}
INFO:<Node 6>:{"send": false, "recv": true, "to": 6, "from": 0, "vc": [13, 6, 12, 6, 8, 5, 8, 8, 10, 7], "hlc": [921751, 3]}
INFO:<Node 7>:{"send": false, "recv": true, "to": 7, "from": 1, "vc": [6, 10, 7, 7, 5, 9, 7, 12, 10, 4], "hlc": [921752, 5]}
INFO:<Node 3>:{"send": true, "recv": false, "from": 3, "to": 5, "vc": [2, 0, 1, 11, 7, 3, 0, 3, 1, 1], "hlc": [921750, 7]}
INFO:<Node 5>:{"send": true, "recv": false, "from": 5, "to": 4, "vc": [10, 6, 11, 10, 7, 16, 5, 11, 7, 10], "hlc": [921754, 0]}
INFO:<Node 6>:{"send": true, "recv": false, "from": 6, "to": 5, "vc": [13, 6, 12, 6, 8, 5, 9, 8, 10, 7], "hlc": [921751, 4]}
INFO:<Node 8>:{"send": true, "recv": false, "from": 8, "to": 3, "vc": [8, 6, 7, 9, 7, 13, 4, 11, 15, 12], "hlc": [921753, 4]}
INFO:<Node 3>:{"send": false, "recv": true, "to": 3, "from": 8, "vc": [8, 6, 7, 12, 7, 13, 4, 11, 15, 12], "hlc": [921753, 5]}
INFO:<Node 4>:{"send": false, "recv": true, "to": 4, "from": 5, "vc": [10, 6, 11, 10, 9, 16, 5, 11, 7, 10], "hlc": [921754, 1]}
INFO:<Node 5>:{"send": false, "recv": true, "to": 5, "from": 3, "vc": [10, 6, 11, 11, 7, 17, 5, 11, 7, 10], "hlc": [921754, 1]}
INFO:<Node 5>:{"send": false, "recv": true, "to": 5, "from": 6, "vc": [13, 6, 12, 11, 8, 18, 9, 11, 10, 10], "hlc": [921754, 2]}
INFO:<Node 0>:{"send": true, "recv": false, "from": 0, "to": 8, "vc": [14, 6, 12, 6, 8, 5, 5, 8, 5, 7], "hlc": [921751, 3]}
INFO:<Node 1>:{"send": true, "recv": false, "from": 1, "to": 8, "vc": [6, 11, 7, 7, 3, 9, 7, 7, 10, 4], "hlc": [921752, 5]}
INFO:<Node 2>:{"send": true, "recv": false, "from": 2, "to": 0, "vc": [4, 5, 13, 6, 6, 5, 5, 8, 5, 7], "hlc": [921750, 11]}
INFO:<Node 3>:{"send": true, "recv": false, "from": 3, "to": 9, "vc": [8, 6, 7, 13, 7, 13, 4, 11, 15, 12], "hlc": [921753, 6]}
INFO:<Node 4>:{"send": true, "recv": false, "from": 4, "to": 6, "vc": [10, 6, 11, 10, 10, 16, 5, 11, 7, 10], "hlc": [921754, 2]}
INFO:<Node 5>:{"send": true, "recv": false, "from": 5, "to": 7, "vc": [13, 6, 12, 11, 8, 19, 9, 11, 10, 10], "hlc": [921754, 3]}
INFO:<Node 7>:{"send": true, "recv": false, "from": 7, "to": 1, "vc": [6, 10, 7, 7, 5, 9, 7, 13, 10, 4], "hlc": [921752, 6]}
INFO:<Node 8>:{"send": true, "recv": false, "from": 8, "to": 1, "vc": [8, 6, 7, 9, 7, 13, 4, 11, 16, 12], "hlc": [921753, 5]}
INFO:<Node 0>:{"send": false, "recv": true, "to": 0, "from": 2, "vc": [15, 6, 13, 6, 8, 5, 5, 8, 5, 7], "hlc": [921751, 4]}
INFO:<Node 1>:{"send": false, "recv": true, "to": 1, "from": 7, "vc": [6, 12, 7, 7, 5, 9, 7, 13, 10, 4], "hlc": [921752, 7]}
INFO:<Node 1>:{"send": false, "recv": true, "to": 1, "from": 8, "vc": [8, 13, 7, 9, 7, 13, 7, 13, 16, 12], "hlc": [921753, 6]}
INFO:<Node 6>:{"send": false, "recv": true, "to": 6, "from": 4, "vc": [13, 6, 12, 10, 10, 16, 10, 11, 10, 10], "hlc": [921754, 3]}
INFO:<Node 7>:{"send": false, "recv": true, "to": 7, "from": 5, "vc": [13, 10, 12, 11, 8, 19, 9, 14, 10, 10], "hlc": [921754, 4]}
INFO:<Node 8>:{"send": false, "recv": true, "to": 8, "from": 0, "vc": [14, 6, 12, 9, 8, 13, 5, 11, 17, 12], "hlc": [921753, 6]}
INFO:<Node 8>:{"send": false, "recv": true, "to": 8, "from": 1, "vc": [14, 11, 12, 9, 8, 13, 7, 11, 18, 12], "hlc": [921753, 7]}
INFO:<Node 9>:{"send": false, "recv": true, "to": 9, "from": 3, "vc": [8, 6, 7, 13, 7, 13, 4, 11, 15, 13], "hlc": [921753, 7]}
INFO:<Node 0>:{"send": true, "recv": false, "from": 0, "to": 8, "vc": [16, 6, 13, 6, 8, 5, 5, 8, 5, 7], "hlc": [921751, 5]}
INFO:<Node 1>:{"send": true, "recv": false, "from": 1, "to": 3, "vc": [8, 14, 7, 9, 7, 13, 7, 13, 16, 12], "hlc": [921753, 7]}
INFO:<Node 3>:{"send": true, "recv": false, "from": 3, "to": 4, "vc": [8, 6, 7, 14, 7, 13, 4, 11, 15, 12], "hlc": [921753, 7]}
INFO:<Node 4>:{"send": true, "recv": false, "from": 4, "to": 3, "vc": [10, 6, 11, 10, 11, 16, 5, 11, 7, 10], "hlc": [921754, 3]}
INFO:<Node 5>:{"send": true, "recv": false, "from": 5, "to": 2, "vc": [13, 6, 12, 11, 8, 20, 9, 11, 10, 10], "hlc": [921755, 0]}
INFO:<Node 6>:{"send": true, "recv": false, "from": 6, "to": 8, "vc": [13, 6, 12, 10, 10, 16, 11, 11, 10, 10], "hlc": [921754, 4]}
INFO:<Node 7>:{"send": true, "recv": false, "from": 7, "to": 1, "vc": [13, 10, 12, 11, 8, 19, 9, 15, 10, 10], "hlc": [921754, 5]}
INFO:<Node 9>:{"send": true, "recv": false, "from": 9, "to": 2, "vc": [8, 6, 7, 13, 7, 13, 4, 11, 15, 14], "hlc": [921753, 8]}
INFO:<Node 1>:{"send": false, "recv": true, "to": 1, "from": 7, "vc": [13, 15, 12, 11, 8, 19, 9, 15, 16, 12], "hlc": [921754, 6]}
INFO:<Node 2>:{"send": false, "recv": true, "to": 2, "from": 5, "vc": [13, 6, 14, 11, 8, 20, 9, 11, 10, 10], "hlc": [921755, 1]}
INFO:<Node 2>:{"send": false, "recv": true, "to": 2, "from": 9, "vc": [13, 6, 15, 13, 8, 20, 9, 11, 15, 14], "hlc": [921755, 2]}
INFO:<Node 3>:{"send": false, "recv": true, "to": 3, "from": 1, "vc": [8, 14, 7, 15, 7, 13, 7, 13, 16, 12], "hlc": [921753, 8]}
INFO:<Node 3>:{"send": false, "recv": true, "to": 3, "from": 4, "vc": [10, 14, 11, 16, 11, 16, 7, 13, 16, 12], "hlc": [921754, 4]}
INFO:<Node 4>:{"send": false, "recv": true, "to": 4, "from": 3, "vc": [10, 6, 11, 14, 12, 16, 5, 11, 15, 12], "hlc": [921754, 4]}
INFO:<Node 8>:{"send": false, "recv": true, "to": 8, "from": 0, "vc": [16, 11, 13, 9, 8, 13, 7, 11, 19, 12], "hlc": [921753, 8]}
INFO:<Node 8>:{"send": false, "recv": true, "to": 8, "from": 6, "vc": [16, 11, 13, 10, 10, 16, 11, 11, 20, 12], "hlc": [921754, 5]}
INFO:<Node 0>:{"send": true, "recv": false, "from": 0, "to": 5, "vc": [17, 6, 13, 6, 8, 5, 5, 8, 5, 7], "hlc": [921752, 0]}
INFO:<Node 1>:{"send": true, "recv": false, "from": 1, "to": 6, "vc": [13, 16, 12, 11, 8, 19, 9, 15, 16, 12], "hlc": [921754, 7]}
INFO:<Node 3>:{"send": true, "recv": false, "from": 3, "to": 7, "vc": [10, 14, 11, 17, 11, 16, 7, 13, 16, 12], "hlc": [921754, 5]}
INFO:<Node 4>:{"send": true, "recv": false, "from": 4, "to": 7, "vc": [10, 6, 11, 14, 13, 16, 5, 11, 15, 12], "hlc": [921754, 5]}
INFO:<Node 5>:{"send": true, "recv": false, "from": 5, "to": 4, "vc": [13, 6, 12, 11, 8, 21, 9, 11, 10, 10], "hlc": [921755, 1]}
INFO:<Node 7>:{"send": true, "recv": false, "from": 7, "to": 4, "vc": [13, 10, 12, 11, 8, 19, 9, 16, 10, 10], "hlc": [921754, 6]}
INFO:<Node 8>:{"send": true, "recv": false, "from": 8, "to": 0, "vc": [16, 11, 13, 10, 10, 16, 11, 11, 21, 12], "hlc": [921754, 6]}
INFO:<Node 9>:{"send": true, "recv": false, "from": 9, "to": 6, "vc": [8, 6, 7, 13, 7, 13, 4, 11, 15, 15], "hlc": [921753, 9]}
INFO:<Node 0>:{"send": false, "recv": true, "to": 0, "from": 8, "vc": [18, 11, 13, 10, 10, 16, 11, 11, 21, 12], "hlc": [921754, 7]}
INFO:<Node 4>:{"send": false, "recv": true, "to": 4, "from": 5, "vc": [13, 6, 12, 14, 14, 21, 9, 11, 15, 12], "hlc": [921755, 2]}
INFO:<Node 4>:{"send": false, "recv": true, "to": 4, "from": 7, "vc": [13, 10, 12, 14, 15, 21, 9, 16, 15, 12], "hlc": [921755, 3]}
INFO:<Node 5>:{"send": false, "recv": true, "to": 5, "from": 0, "vc": [17, 6, 13, 11, 8, 22, 9, 11, 10, 10], "hlc": [921756, 0]}
INFO:<Node 6>:{"send": false, "recv": true, "to": 6, "from": 1, "vc": [13, 16, 12, 11, 10, 19, 12, 15, 16, 12], "hlc": [921754, 8]}
INFO:<Node 6>:{"send": false, "recv": true, "to": 6, "from": 9, "vc": [13, 16, 12, 13, 10, 19, 13, 15, 16, 15], "hlc": [921754, 9]}
INFO:<Node 7>:{"send": false, "recv": true, "to": 7, "from": 3, "vc": [13, 14, 12, 17, 11, 19, 9, 17, 16, 12], "hlc": [921754, 7]}
INFO:<Node 7>:{"send": false, "recv": true, "to": 7, "from": 4, "vc": [13, 14, 12, 17, 13, 19, 9, 18, 16, 12], "hlc": [921754, 8]}
INFO:<Node 0>:{"send": true, "recv": false, "from": 0, "to": 8, "vc": [19, 11, 13, 10, 10, 16, 11, 11, 21, 12], "hlc": [921754, 8]}
INFO:<Node 1>:{"send": true, "recv": false, "from": 1, "to": 6, "vc": [13, 17, 12, 11, 8, 19, 9, 15, 16, 12], "hlc": [921754, 8]}
INFO:<Node 4>:{"send": true, "recv": false, "from": 4, "to": 6, "vc": [13, 10, 12, 14, 16, 21, 9, 16, 15, 12], "hlc": [921755, 4]}
INFO:<Node 7>:{"send": true, "recv": false, "from": 7, "to": 1, "vc": [13, 14, 12, 17, 13, 19, 9, 19, 16, 12], "hlc": [921754, 9]}
INFO:<Node 8>:{"send": true, "recv": false, "from": 8, "to": 7, "vc": [16, 11, 13, 10, 10, 16, 11, 11, 22, 12], "hlc": [921754, 7]}
INFO:<Node 9>:{"send": true, "recv": false, "from": 9, "to": 4, "vc": [8, 6, 7, 13, 7, 13, 4, 11, 15, 16], "hlc": [921753, 10]}
INFO:<Node 1>:{"send": false, "recv": true, "to": 1, "from": 7, "vc": [13, 18, 12, 17, 13, 19, 9, 19, 16, 12], "hlc": [921754, 10]}
INFO:<Node 4>:{"send": false, "recv": true, "to": 4, "from": 9, "vc": [13, 10, 12, 14, 17, 21, 9, 16, 15, 16], "hlc": [921755, 5]}
INFO:<Node 6>:{"send": false, "recv": true, "to": 6, "from": 1, "vc": [13, 17, 12, 13, 10, 19, 14, 15, 16, 15], "hlc": [921754, 10]}
INFO:<Node 6>:{"send": false, "recv": true, "to": 6, "from": 4, "vc": [13, 17, 12, 14, 16, 21, 15, 16, 16, 15], "hlc": [921755, 5]}
INFO:<Node 7>:{"send": false, "recv": true, "to": 7, "from": 8, "vc": [16, 14, 13, 17, 13, 19, 11, 20, 22, 12], "hlc": [921754, 10]}
INFO:<Node 8>:{"send": false, "recv": true, "to": 8, "from": 0, "vc": [19, 11, 13, 10, 10, 16, 11, 11, 23, 12], "hlc": [921754, 9]}
INFO:<Node 0>:{"send": true, "recv": false, "from": 0, "to": 4, "vc": [20, 11, 13, 10, 10, 16, 11, 11, 21, 12], "hlc": [921754, 9]}
INFO:<Node 1>:{"send": true, "recv": false, "from": 1, "to": 0, "vc": [13, 19, 12, 17, 13, 19, 9, 19, 16, 12], "hlc": [921754, 11]}
INFO:<Node 2>:{"send": true, "recv": false, "from": 2, "to": 1, "vc": [13, 6, 16, 13, 8, 20, 9, 11, 15, 14], "hlc": [921755, 3]}
INFO:<Node 4>:{"send": true, "recv": false, "from": 4, "to": 1, "vc": [13, 10, 12, 14, 18, 21, 9, 16, 15, 16], "hlc": [921755, 6]}
INFO:<Node 5>:{"send": true, "recv": false, "from": 5, "to": 1, "vc": [17, 6, 13, 11, 8, 23, 9, 11, 10, 10], "hlc": [921756, 1]}
INFO:<Node 9>:{"send": true, "recv": false, "from": 9, "to": 0, "vc": [8, 6, 7, 13, 7, 13, 4, 11, 15, 17], "hlc": [921753, 11]}
INFO:<Node 0>:{"send": false, "recv": true, "to": 0, "from": 1, "vc": [21, 19, 13, 17, 13, 19, 11, 19, 21, 12], "hlc": [921754, 12]}
INFO:<Node 0>:{"send": false, "recv": true, "to": 0, "from": 9, "vc": [22, 19, 13, 17, 13, 19, 11, 19, 21, 17], "hlc": [921754, 13]}
INFO:<Node 1>:{"send": false, "recv": true, "to": 1, "from": 2, "vc": [13, 20, 16, 17, 13, 20, 9, 19, 16, 14], "hlc": [921755, 4]}
INFO:<Node 1>:{"send": false, "recv": true, "to": 1, "from": 4, "vc": [13, 21, 16, 17, 18, 21, 9, 19, 16, 16], "hlc": [921755, 7]}
INFO:<Node 1>:{"send": false, "recv": true, "to": 1, "from": 5, "vc": [17, 22, 16, 17, 18, 23, 9, 19, 16, 16], "hlc": [921756, 2]}
INFO:<Node 4>:{"send": false, "recv": true, "to": 4, "from": 0, "vc": [20, 11, 13, 14, 19, 21, 11, 16, 21, 16], "hlc": [921755, 7]}
INFO:<Node 1>:{"send": true, "recv": false, "from": 1, "to": 3, "vc": [17, 23, 16, 17, 18, 23, 9, 19, 16, 16], "hlc": [921756, 3]}
INFO:<Node 2>:{"send": true, "recv": false, "from": 2, "to": 8, "vc": [13, 6, 17, 13, 8, 20, 9, 11, 15, 14], "hlc": [921755, 4]}
INFO:<Node 3>:{"send": true, "recv": false, "from": 3, "to": 5, "vc": [10, 14, 11, 18, 11, 16, 7, 13, 16, 12], "hlc": [921754, 6]}
INFO:<Node 4>:{"send": true, "recv": false, "from": 4, "to": 6, "vc": [20, 11, 13, 14, 20, 21, 11, 16, 21, 16], "hlc": [921755, 8]}
INFO:<Node 5>:{"send": true, "recv": false, "from": 5, "to": 7, "vc": [17, 6, 13, 11, 8, 24, 9, 11, 10, 10], "hlc": [921757, 0]}
INFO:<Node 6>:{"send": true, "recv": false, "from": 6, "to": 4, "vc": [13, 17, 12, 14, 16, 21, 16, 16, 16, 15], "hlc": [921755, 6]}
INFO:<Node 7>:{"send": true, "recv": false, "from": 7, "to": 8, "vc": [16, 14, 13, 17, 13, 19, 11, 21, 22, 12], "hlc": [921754, 11]}
INFO:<Node 9>:{"send": true, "recv": false, "from": 9, "to": 1, "vc": [8, 6, 7, 13, 7, 13, 4, 11, 15, 18], "hlc": [921753, 12]}
INFO:<Node 1>:{"send": false, "recv": true, "to": 1, "from": 9, "vc": [17, 24, 16, 17, 18, 23, 9, 19, 16, 18], "hlc": [921756, 4]}
INFO:<Node 3>:{"send": false, "recv": true, "to": 3, "from": 1, "vc": [17, 23, 16, 19, 18, 23, 9, 19, 16, 16], "hlc": [921756, 4]}
INFO:<Node 4>:{"send": false, "recv": true, "to": 4, "from": 6, "vc": [20, 17, 13, 14, 21, 21, 16, 16, 21, 16], "hlc": [921755, 9]}
INFO:<Node 5>:{"send": false, "recv": true, "to": 5, "from": 3, "vc": [17, 14, 13, 18, 11, 25, 9, 13, 16, 12], "hlc": [921757, 1]}
INFO:<Node 6>:{"send": false, "recv": true, "to": 6, "from": 4, "vc": [20, 17, 13, 14, 20, 21, 17, 16, 21, 16], "hlc": [921755, 9]}
INFO:<Node 7>:{"send": false, "recv": true, "to": 7, "from": 5, "vc": [17, 14, 13, 17, 13, 24, 11, 22, 22, 12], "hlc": [921757, 1]}
INFO:<Node 8>:{"send": false, "recv": true, "to": 8, "from": 2, "vc": [19, 11, 17, 13, 10, 20, 11, 11, 24, 14], "hlc": [921755, 5]}
INFO:<Node 8>:{"send": false, "recv": true, "to": 8, "from": 7, "vc": [19, 14, 17, 17, 13, 20, 11, 21, 25, 14], "hlc": [921755, 6]}
INFO:<Node 1>:{"send": true, "recv": false, "from": 1, "to": 7, "vc": [17, 25, 16, 17, 18, 23, 9, 19, 16, 18], "hlc": [921756, 5]}
INFO:<Node 2>:{"send": true, "recv": false, "from": 2, "to": 0, "vc": [13, 6, 18, 13, 8, 20, 9, 11, 15, 14], "hlc": [921755, 5]}
INFO:<Node 3>:{"send": true, "recv": false, "from": 3, "to": 0, "vc": [17, 23, 16, 20, 18, 23, 9, 19, 16, 16], "hlc": [921756, 5]}
INFO:<Node 4>:{"send": true, "recv": false, "from": 4, "to": 9, "vc": [20, 17, 13, 14, 22, 21, 16, 16, 21, 16], "hlc": [921755, 10]}
INFO:<Node 6>:{"send": true, "recv": false, "from": 6, "to": 8, "vc": [20, 17, 13, 14, 20, 21, 18, 16, 21, 16], "hlc": [921755, 10]}
INFO:<Node 7>:{"send": true, "recv": false, "from": 7, "to": 3, "vc": [17, 14, 13, 17, 13, 24, 11, 23, 22, 12], "hlc": [921757, 2]}
INFO:<Node 9>:{"send": true, "recv": false, "from": 9, "to": 8, "vc": [8, 6, 7, 13, 7, 13, 4, 11, 15, 19], "hlc": [921753, 13]}
INFO:<Node 0>:{"send": false, "recv": true, "to": 0, "from": 2, "vc": [23, 19, 18, 17, 13, 20, 11, 19, 21, 17], "hlc": [921755, 6]}
INFO:<Node 0>:{"send": false, "recv": true, "to": 0, "from": 3, "vc": [24, 23, 18, 20, 18, 23, 11, 19, 21, 17], "hlc": [921756, 6]}
INFO:<Node 3>:{"send": false, "recv": true, "to": 3, "from": 7, "vc": [17, 23, 16, 21, 18, 24, 11, 23, 22, 16], "hlc": [921757, 3]}
INFO:<Node 7>:{"send": false, "recv": true, "to": 7, "from": 1, "vc": [17, 25, 16, 17, 18, 24, 11, 24, 22, 18], "hlc": [921757, 3]}
INFO:<Node 8>:{"send": false, "recv": true, "to": 8, "from": 6, "vc": [20, 17, 17, 17, 20, 21, 18, 21, 26, 16], "hlc": [921755, 11]}
INFO:<Node 8>:{"send": false, "recv": true, "to": 8, "from": 9, "vc": [20, 17, 17, 17, 20, 21, 18, 21, 27, 19], "hlc": [921755, 12]}
INFO:<Node 9>:{"send": false, "recv": true, "to": 9, "from": 4, "vc": [20, 17, 13, 14, 22, 21, 16, 16, 21, 20], "hlc": [921755, 11]}
INFO:<Node 0>:{"send": true, "recv": false, "from": 0, "to": 7, "vc": [25, 23, 18, 20, 18, 23, 11, 19, 21, 17], "hlc": [921756, 7]}
INFO:<Node 2>:{"send": true, "recv": false, "from": 2, "to": 1, "vc": [13, 6, 19, 13, 8, 20, 9, 11, 15, 14], "hlc": [921755, 6]}
INFO:<Node 3>:{"send": true, "recv": false, "from": 3, "to": 8, "vc": [17, 23, 16, 22, 18, 24, 11, 23, 22, 16], "hlc": [921757, 4]}
INFO:<Node 4>:{"send": true, "recv": false, "from": 4, "to": 0, "vc": [20, 17, 13, 14, 23, 21, 16, 16, 21, 16], "hlc": [921756, 0]}
INFO:<Node 5>:{"send": true, "recv": false, "from": 5, "to": 9, "vc": [17, 14, 13, 18, 11, 26, 9, 13, 16, 12], "hlc": [921758, 0]}
INFO:<Node 6>:{"send": true, "recv": false, "from": 6, "to": 0, "vc": [20, 17, 13, 14, 20, 21, 19, 16, 21, 16], "hlc": [921755, 11]}
INFO:<Node 8>:{"send": true, "recv": false, "from": 8, "to": 3, "vc": [20, 17, 17, 17, 20, 21, 18, 21, 28, 19], "hlc": [921755, 13]}
INFO:<Node 9>:{"send": true, "recv": false, "from": 9, "to": 8, "vc": [20, 17, 13, 14, 22, 21, 16, 16, 21, 21], "hlc": [921755, 12]}
INFO:<Node 0>:{"send": false, "recv": true, "to": 0, "from": 4, "vc": [26, 23, 18, 20, 23, 23, 16, 19, 21, 17], "hlc": [921756, 8]}
INFO:<Node 0>:{"send": false, "recv": true, "to": 0, "from": 6, "vc": [27, 23, 18, 20, 23, 23, 19, 19, 21, 17], "hlc": [921756, 9]}
INFO:<Node 1>:{"send": false, "recv": true, "to": 1, "from": 2, "vc": [17, 26, 19, 17, 18, 23, 9, 19, 16, 18], "hlc": [921756, 6]}
INFO:<Node 3>:{"send": false, "recv": true, "to": 3, "from": 8, "vc": [20, 23, 17, 23, 20, 24, 18, 23, 28, 19], "hlc": [921757, 5]}
INFO:<Node 7>:{"send": false, "recv": true, "to": 7, "from": 0, "vc": [25, 25, 18, 20, 18, 24, 11, 25, 22, 18], "hlc": [921757, 4]}
INFO:<Node 8>:{"send": false, "recv": true, "to": 8, "from": 3, "vc": [20, 23, 17, 22, 20, 24, 18, 23, 29, 19], "hlc": [921757, 5]}
INFO:<Node 8>:{"send": false, "recv": true, "to": 8, "from": 9, "vc": [20, 23, 17, 22, 22, 24, 18, 23, 30, 21], "hlc": [921757, 6]}
INFO:<Node 9>:{"send": false, "recv": true, "to": 9, "from": 5, "vc": [20, 17, 13, 18, 22, 26, 16, 16, 21, 22], "hlc": [921758, 1]}
INFO:<Node 0>:{"send": true, "recv": false, "from": 0, "to": 4, "vc": [28, 23, 18, 20, 23, 23, 19, 19, 21, 17], "hlc": [921756, 10]}
INFO:<Node 2>:{"send": true, "recv": false, "from": 2, "to": 3, "vc": [13, 6, 20, 13, 8, 20, 9, 11, 15, 14], "hlc": [921755, 7]}
INFO:<Node 3>:{"send": true, "recv": false, "from": 3, "to": 1, "vc": [20, 23, 17, 24, 20, 24, 18, 23, 28, 19], "hlc": [921757, 6]}
INFO:<Node 4>:{"send": true, "recv": false, "from": 4, "to": 7, "vc": [20, 17, 13, 14, 24, 21, 16, 16, 21, 16], "hlc": [921756, 1]}
INFO:<Node 5>:{"send": true, "recv": false, "from": 5, "to": 4, "vc": [17, 14, 13, 18, 11, 27, 9, 13, 16, 12], "hlc": [921758, 1]}
INFO:<Node 7>:{"send": true, "recv": false, "from": 7, "to": 4, "vc": [25, 25, 18, 20, 18, 24, 11, 26, 22, 18], "hlc": [921757, 5]}
INFO:<Node 8>:{"send": true, "recv": false, "from": 8, "to": 6, "vc": [20, 23, 17, 22, 22, 24, 18, 23, 31, 21], "hlc": [921757, 7]}
INFO:<Node 9>:{"send": true, "recv": false, "from": 9, "to": 2, "vc": [20, 17, 13, 18, 22, 26, 16, 16, 21, 23], "hlc": [921758, 2]}
INFO:<Node 1>:{"send": false, "recv": true, "to": 1, "from": 3, "vc": [20, 27, 19, 24, 20, 24, 18, 23, 28, 19], "hlc": [921757, 7]}
INFO:<Node 2>:{"send": false, "recv": true, "to": 2, "from": 9, "vc": [20, 17, 21, 18, 22, 26, 16, 16, 21, 23], "hlc": [921758, 3]}
INFO:<Node 3>:{"send": false, "recv": true, "to": 3, "from": 2, "vc": [20, 23, 20, 25, 20, 24, 18, 23, 28, 19], "hlc": [921757, 7]}
INFO:<Node 4>:{"send": false, "recv": true, "to": 4, "from": 0, "vc": [28, 23, 18, 20, 25, 23, 19, 19, 21, 17], "hlc": [921757, 0]}
INFO:<Node 4>:{"send": false, "recv": true, "to": 4, "from": 5, "vc": [28, 23, 18, 20, 26, 27, 19, 19, 21, 17], "hlc": [921758, 2]}
INFO:<Node 4>:{"send": false, "recv": true, "to": 4, "from": 7, "vc": [28, 25, 18, 20, 27, 27, 19, 26, 22, 18], "hlc": [921758, 3]}
INFO:<Node 6>:{"send": false, "recv": true, "to": 6, "from": 8, "vc": [20, 23, 17, 22, 22, 24, 20, 23, 31, 21], "hlc": [921757, 8]}
INFO:<Node 7>:{"send": false, "recv": true, "to": 7, "from": 4, "vc": [25, 25, 18, 20, 24, 24, 16, 27, 22, 18], "hlc": [921757, 6]}
INFO:<Node 0>:{"send": true, "recv": false, "from": 0, "to": 5, "vc": [29, 23, 18, 20, 23, 23, 19, 19, 21, 17], "hlc": [921756, 11]}
INFO:<Node 2>:{"send": true, "recv": false, "from": 2, "to": 6, "vc": [20, 17, 22, 18, 22, 26, 16, 16, 21, 23], "hlc": [921758, 4]}
INFO:<Node 3>:{"send": true, "recv": false, "from": 3, "to": 2, "vc": [20, 23, 20, 26, 20, 24, 18, 23, 28, 19], "hlc": [921757, 8]}
INFO:<Node 4>:{"send": true, "recv": false, "from": 4, "to": 1, "vc": [28, 25, 18, 20, 28, 27, 19, 26, 22, 18], "hlc": [921758, 4]}
INFO:<Node 5>:{"send": true, "recv": false, "from": 5, "to": 3, "vc": [17, 14, 13, 18, 11, 28, 9, 13, 16, 12], "hlc": [921759, 0]}
INFO:<Node 6>:{"send": true, "recv": false, "from": 6, "to": 3, "vc": [20, 23, 17, 22, 22, 24, 21, 23, 31, 21], "hlc": [921757, 9]}
INFO:<Node 7>:{"send": true, "recv": false, "from": 7, "to": 4, "vc": [25, 25, 18, 20, 24, 24, 16, 28, 22, 18], "hlc": [921757, 7]}
INFO:<Node 1>:{"send": false, "recv": true, "to": 1, "from": 4, "vc": [28, 28, 19, 24, 28, 27, 19, 26, 28, 19], "hlc": [921758, 5]}
INFO:<Node 2>:{"send": false, "recv": true, "to": 2, "from": 3, "vc": [20, 23, 23, 26, 22, 26, 18, 23, 28, 23], "hlc": [921758, 5]}
INFO:<Node 3>:{"send": false, "recv": true, "to": 3, "from": 5, "vc": [20, 23, 20, 27, 20, 28, 18, 23, 28, 19], "hlc": [921759, 1]}
INFO:<Node 3>:{"send": false, "recv": true, "to": 3, "from": 6, "vc": [20, 23, 20, 28, 22, 28, 21, 23, 31, 21], "hlc": [921759, 2]}
INFO:<Node 4>:{"send": false, "recv": true, "to": 4, "from": 7, "vc": [28, 25, 18, 20, 29, 27, 19, 28, 22, 18], "hlc": [921758, 5]}
INFO:<Node 5>:{"send": false, "recv": true, "to": 5, "from": 0, "vc": [29, 23, 18, 20, 23, 29, 19, 19, 21, 17], "hlc": [921759, 1]}
INFO:<Node 6>:{"send": false, "recv": true, "to": 6, "from": 2, "vc": [20, 23, 22, 22, 22, 26, 22, 23, 31, 23], "hlc": [921758, 5]}
INFO:<Node 0>:{"send": true, "recv": false, "from": 0, "to": 8, "vc": [30, 23, 18, 20, 23, 23, 19, 19, 21, 17], "hlc": [921756, 12]}
INFO:<Node 2>:{"send": true, "recv": false, "from": 2, "to": 5, "vc": [20, 23, 24, 26, 22, 26, 18, 23, 28, 23], "hlc": [921758, 6]}
INFO:<Node 3>:{"send": true, "recv": false, "from": 3, "to": 6, "vc": [20, 23, 20, 29, 22, 28, 21, 23, 31, 21], "hlc": [921759, 3]}
INFO:<Node 5>:{"send": true, "recv": false, "from": 5, "to": 6, "vc": [29, 23, 18, 20, 23, 30, 19, 19, 21, 17], "hlc": [921759, 2]}
INFO:<Node 6>:{"send": true, "recv": false, "from": 6, "to": 2, "vc": [20, 23, 22, 22, 22, 26, 23, 23, 31, 23], "hlc": [921758, 6]}
INFO:<Node 7>:{"send": true, "recv": false, "from": 7, "to": 0, "vc": [25, 25, 18, 20, 24, 24, 16, 29, 22, 18], "hlc": [921757, 8]}
INFO:<Node 8>:{"send": true, "recv": false, "from": 8, "to": 7, "vc": [20, 23, 17, 22, 22, 24, 18, 23, 32, 21], "hlc": [921757, 8]}
INFO:<Node 0>:{"send": false, "recv": true, "to": 0, "from": 7, "vc": [31, 25, 18, 20, 24, 24, 19, 29, 22, 18], "hlc": [921757, 9]}
INFO:<Node 2>:{"send": false, "recv": true, "to": 2, "from": 6, "vc": [20, 23, 25, 26, 22, 26, 23, 23, 31, 23], "hlc": [921758, 7]}
INFO:<Node 5>:{"send": false, "recv": true, "to": 5, "from": 2, "vc": [29, 23, 24, 26, 23, 31, 19, 23, 28, 23], "hlc": [921760, 0]}
INFO:<Node 6>:{"send": false, "recv": true, "to": 6, "from": 3, "vc": [20, 23, 22, 29, 22, 28, 24, 23, 31, 23], "hlc": [921759, 4]}
INFO:<Node 6>:{"send": false, "recv": true, "to": 6, "from": 5, "vc": [29, 23, 22, 29, 23, 30, 25, 23, 31, 23], "hlc": [921759, 5]}
INFO:<Node 7>:{"send": false, "recv": true, "to": 7, "from": 8, "vc": [25, 25, 18, 22, 24, 24, 18, 30, 32, 21], "hlc": [921757, 9]}
INFO:<Node 8>:{"send": false, "recv": true, "to": 8, "from": 0, "vc": [30, 23, 18, 22, 23, 24, 19, 23, 33, 21], "hlc": [921757, 9]}
INFO:<Node 1>:{"send": true, "recv": false, "from": 1, "to": 9, "vc": [28, 29, 19, 24, 28, 27, 19, 26, 28, 19], "hlc": [921758, 6]}
INFO:<Node 2>:{"send": true, "recv": false, "from": 2, "to": 5, "vc": [20, 23, 26, 26, 22, 26, 23, 23, 31, 23], "hlc": [921758, 8]}
INFO:<Node 3>:{"send": true, "recv": false, "from": 3, "to": 2, "vc": [20, 23, 20, 30, 22, 28, 21, 23, 31, 21], "hlc": [921759, 4]}
INFO:<Node 4>:{"send": true, "recv": false, "from": 4, "to": 1, "vc": [28, 25, 18, 20, 30, 27, 19, 28, 22, 18], "hlc": [921758, 6]}
INFO:<Node 5>:{"send": true, "recv": false, "from": 5, "to": 8, "vc": [29, 23, 24, 26, 23, 32, 19, 23, 28, 23], "hlc": [921760, 1]}
INFO:<Node 7>:{"send": true, "recv": false, "from": 7, "to": 6, "vc": [25, 25, 18, 22, 24, 24, 18, 31, 32, 21], "hlc": [921757, 10]}
INFO:<Node 9>:{"send": true, "recv": false, "from": 9, "to": 3, "vc": [20, 17, 13, 18, 22, 26, 16, 16, 21, 24], "hlc": [921758, 3]}
INFO:<Node 1>:{"send": false, "recv": true, "to": 1, "from": 4, "vc": [28, 30, 19, 24, 30, 27, 19, 28, 28, 19], "hlc": [921758, 7]}
INFO:<Node 2>:{"send": false, "recv": true, "to": 2, "from": 3, "vc": [20, 23, 27, 30, 22, 28, 23, 23, 31, 23], "hlc": [921759, 5]}
INFO:<Node 3>:{"send": false, "recv": true, "to": 3, "from": 9, "vc": [20, 23, 20, 31, 22, 28, 21, 23, 31, 24], "hlc": [921759, 5]}
INFO:<Node 5>:{"send": false, "recv": true, "to": 5, "from": 2, "vc": [29, 23, 26, 26, 23, 33, 23, 23, 31, 23], "hlc": [921760, 2]}
INFO:<Node 6>:{"send": false, "recv": true, "to": 6, "from": 7, "vc": [29, 25, 22, 29, 24, 30, 26, 31, 32, 23], "hlc": [921759, 6]}
INFO:<Node 8>:{"send": false, "recv": true, "to": 8, "from": 5, "vc": [30, 23, 24, 26, 23, 32, 19, 23, 34, 23], "hlc": [921760, 2]}
INFO:<Node 9>:{"send": false, "recv": true, "to": 9, "from": 1, "vc": [28, 29, 19, 24, 28, 27, 19, 26, 28, 25], "hlc": [921758, 7]}
INFO:<Node 0>:{"send": true, "recv": false, "from": 0, "to": 1, "vc": [32, 25, 18, 20, 24, 24, 19, 29, 22, 18], "hlc": [921757, 10]}
INFO:<Node 3>:{"send": true, "recv": false, "from": 3, "to": 2, "vc": [20, 23, 20, 32, 22, 28, 21, 23, 31, 24], "hlc": [921759, 6]}
INFO:<Node 4>:{"send": true, "recv": false, "from": 4, "to": 2, "vc": [28, 25, 18, 20, 31, 27, 19, 28, 22, 18], "hlc": [921758, 7]}
INFO:<Node 5>:{"send": true, "recv": false, "from": 5, "to": 2, "vc": [29, 23, 26, 26, 23, 34, 23, 23, 31, 23], "hlc": [921760, 3]}
INFO:<Node 7>:{"send": true, "recv": false, "from": 7, "to": 1, "vc": [25, 25, 18, 22, 24, 24, 18, 32, 32, 21], "hlc": [921757, 11]}
INFO:<Node 9>:{"send": true, "recv": false, "from": 9, "to": 8, "vc": [28, 29, 19, 24, 28, 27, 19, 26, 28, 26], "hlc": [921758, 8]}
INFO:<Node 1>:{"send": false, "recv": true, "to": 1, "from": 0, "vc": [32, 31, 19, 24, 30, 27, 19, 29, 28, 19], "hlc": [921758, 8]}
INFO:<Node 1>:{"send": false, "recv": true, "to": 1, "from": 7, "vc": [32, 32, 19, 24, 30, 27, 19, 32, 32, 21], "hlc": [921758, 9]}
INFO:<Node 2>:{"send": false, "recv": true, "to": 2, "from": 3, "vc": [20, 23, 28, 32, 22, 28, 23, 23, 31, 24], "hlc": [921759, 7]}
INFO:<Node 2>:{"send": false, "recv": true, "to": 2, "from": 4, "vc": [28, 25, 29, 32, 31, 28, 23, 28, 31, 24], "hlc": [921759, 8]}
INFO:<Node 2>:{"send": false, "recv": true, "to": 2, "from": 5, "vc": [29, 25, 30, 32, 31, 34, 23, 28, 31, 24], "hlc": [921760, 4]}
INFO:<Node 8>:{"send": false, "recv": true, "to": 8, "from": 9, "vc": [30, 29, 24, 26, 28, 32, 19, 26, 35, 26], "hlc": [921760, 3]}
INFO:<Node 0>:{"send": true, "recv": false, "from": 0, "to": 1, "vc": [33, 25, 18, 20, 24, 24, 19, 29, 22, 18], "hlc": [921757, 11]}
INFO:<Node 2>:{"send": true, "recv": false, "from": 2, "to": 1, "vc": [29, 25, 31, 32, 31, 34, 23, 28, 31, 24], "hlc": [921760, 5]}
INFO:<Node 3>:{"send": true, "recv": false, "from": 3, "to": 2, "vc": [20, 23, 20, 33, 22, 28, 21, 23, 31, 24], "hlc": [921759, 7]}
INFO:<Node 4>:{"send": true, "recv": false, "from": 4, "to": 3, "vc": [28, 25, 18, 20, 32, 27, 19, 28, 22, 18], "hlc": [921759, 0]}
INFO:<Node 7>:{"send": true, "recv": false, "from": 7, "to": 6, "vc": [25, 25, 18, 22, 24, 24, 18, 33, 32, 21], "hlc": [921757, 12]}
INFO:<Node 1>:{"send": false, "recv": true, "to": 1, "from": 0, "vc": [33, 33, 19, 24, 30, 27, 19, 32, 32, 21], "hlc": [921758, 10]}
INFO:<Node 1>:{"send": false, "recv": true, "to": 1, "from": 2, "vc": [33, 34, 31, 32, 31, 34, 23, 32, 32, 24], "hlc": [921760, 6]}
INFO:<Node 2>:{"send": false, "recv": true, "to": 2, "from": 3, "vc": [29, 25, 32, 33, 31, 34, 23, 28, 31, 24], "hlc": [921760, 6]}
INFO:<Node 3>:{"send": false, "recv": true, "to": 3, "from": 4, "vc": [28, 25, 20, 34, 32, 28, 21, 28, 31, 24], "hlc": [921759, 8]}
INFO:<Node 6>:{"send": false, "recv": true, "to": 6, "from": 7, "vc": [29, 25, 22, 29, 24, 30, 27, 33, 32, 23], "hlc": [921759, 7]}
INFO:<Node 2>:{"send": true, "recv": false, "from": 2, "to": 7, "vc": [29, 25, 33, 33, 31, 34, 23, 28, 31, 24], "hlc": [921760, 7]}
INFO:<Node 3>:{"send": true, "recv": false, "from": 3, "to": 0, "vc": [28, 25, 20, 35, 32, 28, 21, 28, 31, 24], "hlc": [921759, 9]}
INFO:<Node 4>:{"send": true, "recv": false, "from": 4, "to": 8, "vc": [28, 25, 18, 20, 33, 27, 19, 28, 22, 18], "hlc": [921759, 1]}
INFO:<Node 5>:{"send": true, "recv": false, "from": 5, "to": 2, "vc": [29, 23, 26, 26, 23, 35, 23, 23, 31, 23], "hlc": [921761, 0]}
INFO:<Node 6>:{"send": true, "recv": false, "from": 6, "to": 8, "vc": [29, 25, 22, 29, 24, 30, 28, 33, 32, 23], "hlc": [921759, 8]}
INFO:<Node 8>:{"send": true, "recv": false, "from": 8, "to": 6, "vc": [30, 29, 24, 26, 28, 32, 19, 26, 36, 26], "hlc": [921760, 4]}
INFO:<Node 0>:{"send": false, "recv": true, "to": 0, "from": 3, "vc": [34, 25, 20, 35, 32, 28, 21, 29, 31, 24], "hlc": [921759, 10]}
INFO:<Node 2>:{"send": false, "recv": true, "to": 2, "from": 5, "vc": [29, 25, 34, 33, 31, 35, 23, 28, 31, 24], "hlc": [921761, 1]}
INFO:<Node 6>:{"send": false, "recv": true, "to": 6, "from": 8, "vc": [30, 29, 24, 29, 28, 32, 29, 33, 36, 26], "hlc": [921760, 5]}
INFO:<Node 7>:{"send": false, "recv": true, "to": 7, "from": 2, "vc": [29, 25, 33, 33, 31, 34, 23, 34, 32, 24], "hlc": [921760, 8]}
INFO:<Node 8>:{"send": false, "recv": true, "to": 8, "from": 4, "vc": [30, 29, 24, 26, 33, 32, 19, 28, 37, 26], "hlc": [921760, 5]}
INFO:<Node 8>:{"send": false, "recv": true, "to": 8, "from": 6, "vc": [30, 29, 24, 29, 33, 32, 28, 33, 38, 26], "hlc": [921760, 6]}
INFO:<Node 0>:{"send": true, "recv": false, "from": 0, "to": 8, "vc": [35, 25, 20, 35, 32, 28, 21, 29, 31, 24], "hlc": [921759, 11]}
INFO:<Node 2>:{"send": true, "recv": false, "from": 2, "to": 3, "vc": [29, 25, 35, 33, 31, 35, 23, 28, 31, 24], "hlc": [921761, 2]}
INFO:<Node 5>:{"send": true, "recv": false, "from": 5, "to": 1, "vc": [29, 23, 26, 26, 23, 36, 23, 23, 31, 23], "hlc": [921762, 0]}
INFO:<Node 7>:{"send": true, "recv": false, "from": 7, "to": 1, "vc": [29, 25, 33, 33, 31, 34, 23, 35, 32, 24], "hlc": [921760, 9]}
INFO:<Node 8>:{"send": true, "recv": false, "from": 8, "to": 2, "vc": [30, 29, 24, 29, 33, 32, 28, 33, 39, 26], "hlc": [921760, 7]}
INFO:<Node 9>:{"send": true, "recv": false, "from": 9, "to": 7, "vc": [28, 29, 19, 24, 28, 27, 19, 26, 28, 27], "hlc": [921758, 9]}
INFO:<Node 1>:{"send": false, "recv": true, "to": 1, "from": 5, "vc": [33, 35, 31, 32, 31, 36, 23, 32, 32, 24], "hlc": [921762, 1]}
INFO:<Node 1>:{"send": false, "recv": true, "to": 1, "from": 7, "vc": [33, 36, 33, 33, 31, 36, 23, 35, 32, 24], "hlc": [921762, 2]}
INFO:<Node 2>:{"send": false, "recv": true, "to": 2, "from": 8, "vc": [30, 29, 36, 33, 33, 35, 28, 33, 39, 26], "hlc": [921761, 3]}
INFO:<Node 3>:{"send": false, "recv": true, "to": 3, "from": 2, "vc": [29, 25, 35, 36, 32, 35, 23, 28, 31, 24], "hlc": [921761, 3]}
INFO:<Node 7>:{"send": false, "recv": true, "to": 7, "from": 9, "vc": [29, 29, 33, 33, 31, 34, 23, 36, 32, 27], "hlc": [921760, 10]}
INFO:<Node 8>:{"send": false, "recv": true, "to": 8, "from": 0, "vc": [35, 29, 24, 35, 33, 32, 28, 33, 40, 26], "hlc": [921760, 8]}
INFO:<Node 0>:{"send": true, "recv": false, "from": 0, "to": 2, "vc": [36, 25, 20, 35, 32, 28, 21, 29, 31, 24], "hlc": [921759, 12]}
INFO:<Node 2>:{"send": true, "recv": false, "from": 2, "to": 4, "vc": [30, 29, 37, 33, 33, 35, 28, 33, 39, 26], "hlc": [921761, 4]}
INFO:<Node 3>:{"send": true, "recv": false, "from": 3, "to": 4, "vc": [29, 25, 35, 37, 32, 35, 23, 28, 31, 24], "hlc": [921761, 4]}
INFO:<Node 4>:{"send": true, "recv": false, "from": 4, "to": 9, "vc": [28, 25, 18, 20, 34, 27, 19, 28, 22, 18], "hlc": [921760, 0]}
INFO:<Node 5>:{"send": true, "recv": false, "from": 5, "to": 9, "vc": [29, 23, 26, 26, 23, 37, 23, 23, 31, 23], "hlc": [921762, 1]}
INFO:<Node 6>:{"send": true, "recv": false, "from": 6, "to": 7, "vc": [30, 29, 24, 29, 28, 32, 30, 33, 36, 26], "hlc": [921760, 6]}
INFO:<Node 7>:{"send": true, "recv": false, "from": 7, "to": 4, "vc": [29, 29, 33, 33, 31, 34, 23, 37, 32, 27], "hlc": [921760, 11]}
INFO:<Node 8>:{"send": true, "recv": false, "from": 8, "to": 6, "vc": [35, 29, 24, 35, 33, 32, 28, 33, 41, 26], "hlc": [921760, 9]}
INFO:<Node 9>:{"send": true, "recv": false, "from": 9, "to": 1, "vc": [28, 29, 19, 24, 28, 27, 19, 26, 28, 28], "hlc": [921758, 10]}
INFO:<Node 1>:{"send": false, "recv": true, "to": 1, "from": 9, "vc": [33, 37, 33, 33, 31, 36, 23, 35, 32, 28], "hlc": [921762, 3]}
INFO:<Node 2>:{"send": false, "recv": true, "to": 2, "from": 0, "vc": [36, 29, 38, 35, 33, 35, 28, 33, 39, 26], "hlc": [921761, 5]}
INFO:<Node 4>:{"send": false, "recv": true, "to": 4, "from": 2, "vc": [30, 29, 37, 33, 35, 35, 28, 33, 39, 26], "hlc": [921761, 5]}
INFO:<Node 4>:{"send": false, "recv": true, "to": 4, "from": 3, "vc": [30, 29, 37, 37, 36, 35, 28, 33, 39, 26], "hlc": [921761, 6]}
INFO:<Node 4>:{"send": false, "recv": true, "to": 4, "from": 7, "vc": [30, 29, 37, 37, 37, 35, 28, 37, 39, 27], "hlc": [921761, 7]}
INFO:<Node 6>:{"send": false, "recv": true, "to": 6, "from": 8, "vc": [35, 29, 24, 35, 33, 32, 31, 33, 41, 26], "hlc": [921760, 10]}
INFO:<Node 7>:{"send": false, "recv": true, "to": 7, "from": 6, "vc": [30, 29, 33, 33, 31, 34, 30, 38, 36, 27], "hlc": [921760, 12]}
INFO:<Node 9>:{"send": false, "recv": true, "to": 9, "from": 4, "vc": [28, 29, 19, 24, 34, 27, 19, 28, 28, 29], "hlc": [921760, 1]}
INFO:<Node 9>:{"send": false, "recv": true, "to": 9, "from": 5, "vc": [29, 29, 26, 26, 34, 37, 23, 28, 31, 30], "hlc": [921762, 2]}
INFO:<Node 0>:{"send": true, "recv": false, "from": 0, "to": 4, "vc": [37, 25, 20, 35, 32, 28, 21, 29, 31, 24], "hlc": [921759, 13]}
INFO:<Node 2>:{"send": true, "recv": false, "from": 2, "to": 3, "vc": [36, 29, 39, 35, 33, 35, 28, 33, 39, 26], "hlc": [921761, 6]}
INFO:<Node 5>:{"send": true, "recv": false, "from": 5, "to": 0, "vc": [29, 23, 26, 26, 23, 38, 23, 23, 31, 23], "hlc": [921763, 0]}
INFO:<Node 7>:{"send": true, "recv": false, "from": 7, "to": 6, "vc": [30, 29, 33, 33, 31, 34, 30, 39, 36, 27], "hlc": [921760, 13]}
INFO:<Node 8>:{"send": true, "recv": false, "from": 8, "to": 5, "vc": [35, 29, 24, 35, 33, 32, 28, 33, 42, 26], "hlc": [921760, 10]}
INFO:<Node 0>:{"send": false, "recv": true, "to": 0, "from": 5, "vc": [38, 25, 26, 35, 32, 38, 23, 29, 31, 24], "hlc": [921763, 1]}
INFO:<Node 3>:{"send": false, "recv": true, "to": 3, "from": 2, "vc": [36, 29, 39, 38, 33, 35, 28, 33, 39, 26], "hlc": [921761, 7]}
INFO:<Node 4>:{"send": false, "recv": true, "to": 4, "from": 0, "vc": [37, 29, 37, 37, 38, 35, 28, 37, 39, 27], "hlc": [921761, 8]}
INFO:<Node 5>:{"send": false, "recv": true, "to": 5, "from": 8, "vc": [35, 29, 26, 35, 33, 39, 28, 33, 42, 26], "hlc": [921763, 1]}
INFO:<Node 6>:{"send": false, "recv": true, "to": 6, "from": 7, "vc": [35, 29, 33, 35, 33, 34, 32, 39, 41, 27], "hlc": [921760, 14]}
INFO:<Node 1>:{"send": true, "recv": false, "from": 1, "to": 4, "vc": [33, 38, 33, 33, 31, 36, 23, 35, 32, 28], "hlc": [921762, 4]}
INFO:<Node 2>:{"send": true, "recv": false, "from": 2, "to": 5, "vc": [36, 29, 40, 35, 33, 35, 28, 33, 39, 26], "hlc": [921761, 7]}
INFO:<Node 3>:{"send": true, "recv": false, "from": 3, "to": 7, "vc": [36, 29, 39, 39, 33, 35, 28, 33, 39, 26], "hlc": [921761, 8]}
INFO:<Node 4>:{"send": true, "recv": false, "from": 4, "to": 9, "vc": [37, 29, 37, 37, 39, 35, 28, 37, 39, 27], "hlc": [921761, 9]}
INFO:<Node 6>:{"send": true, "recv": false, "from": 6, "to": 9, "vc": [35, 29, 33, 35, 33, 34, 33, 39, 41, 27], "hlc": [921760, 15]}
INFO:<Node 8>:{"send": true, "recv": false, "from": 8, "to": 2, "vc": [35, 29, 24, 35, 33, 32, 28, 33, 43, 26], "hlc": [921760, 11]}
INFO:<Node 2>:{"send": false, "recv": true, "to": 2, "from": 8, "vc": [36, 29, 41, 35, 33, 35, 28, 33, 43, 26], "hlc": [921761, 8]}
INFO:<Node 4>:{"send": false, "recv": true, "to": 4, "from": 1, "vc": [37, 38, 37, 37, 40, 36, 28, 37, 39, 28], "hlc": [921762, 5]}
INFO:<Node 5>:{"send": false, "recv": true, "to": 5, "from": 2, "vc": [36, 29, 40, 35, 33, 40, 28, 33, 42, 26], "hlc": [921764, 0]}
INFO:<Node 7>:{"send": false, "recv": true, "to": 7, "from": 3, "vc": [36, 29, 39, 39, 33, 35, 30, 40, 39, 27], "hlc": [921761, 9]}
INFO:<Node 9>:{"send": false, "recv": true, "to": 9, "from": 4, "vc": [37, 29, 37, 37, 39, 37, 28, 37, 39, 31], "hlc": [921762, 3]}
INFO:<Node 9>:{"send": false, "recv": true, "to": 9, "from": 6, "vc": [37, 29, 37, 37, 39, 37, 33, 39, 41, 32], "hlc": [921762, 4]}
INFO:<Node 1>:{"send": true, "recv": false, "from": 1, "to": 5, "vc": [33, 39, 33, 33, 31, 36, 23, 35, 32, 28], "hlc": [921762, 5]}
INFO:<Node 3>:{"send": true, "recv": false, "from": 3, "to": 5, "vc": [36, 29, 39, 40, 33, 35, 28, 33, 39, 26], "hlc": [921761, 9]}
INFO:<Node 4>:{"send": true, "recv": false, "from": 4, "to": 7, "vc": [37, 38, 37, 37, 41, 36, 28, 37, 39, 28], "hlc": [921762, 6]}
INFO:<Node 5>:{"send": true, "recv": false, "from": 5, "to": 3, "vc": [36, 29, 40, 35, 33, 41, 28, 33, 42, 26], "hlc": [921764, 1]}
INFO:<Node 6>:{"send": true, "recv": false, "from": 6, "to": 9, "vc": [35, 29, 33, 35, 33, 34, 34, 39, 41, 27], "hlc": [921760, 16]}
INFO:<Node 7>:{"send": true, "recv": false, "from": 7, "to": 8, "vc": [36, 29, 39, 39, 33, 35, 30, 41, 39, 27], "hlc": [921761, 10]}
INFO:<Node 8>:{"send": true, "recv": false, "from": 8, "to": 7, "vc": [35, 29, 24, 35, 33, 32, 28, 33, 44, 26], "hlc": [921760, 12]}
INFO:<Node 9>:{"send": true, "recv": false, "from": 9, "to": 4, "vc": [37, 29, 37, 37, 39, 37, 33, 39, 41, 33], "hlc": [921762, 5]}
INFO:<Node 3>:{"send": false, "recv": true, "to": 3, "from": 5, "vc": [36, 29, 40, 41, 33, 41, 28, 33, 42, 26], "hlc": [921764, 2]}
INFO:<Node 4>:{"send": false, "recv": true, "to": 4, "from": 9, "vc": [37, 38, 37, 37, 42, 37, 33, 39, 41, 33], "hlc": [921762, 7]}
INFO:<Node 5>:{"send": false, "recv": true, "to": 5, "from": 1, "vc": [36, 39, 40, 35, 33, 42, 28, 35, 42, 28], "hlc": [921764, 2]}
INFO:<Node 5>:{"send": false, "recv": true, "to": 5, "from": 3, "vc": [36, 39, 40, 40, 33, 43, 28, 35, 42, 28], "hlc": [921764, 3]}
INFO:<Node 7>:{"send": false, "recv": true, "to": 7, "from": 4, "vc": [37, 38, 39, 39, 41, 36, 30, 42, 39, 28], "hlc": [921762, 7]}
INFO:<Node 7>:{"send": false, "recv": true, "to": 7, "from": 8, "vc": [37, 38, 39, 39, 41, 36, 30, 43, 44, 28], "hlc": [921762, 8]}
INFO:<Node 8>:{"send": false, "recv": true, "to": 8, "from": 7, "vc": [36, 29, 39, 39, 33, 35, 30, 41, 45, 27], "hlc": [921761, 11]}
INFO:<Node 9>:{"send": false, "recv": true, "to": 9, "from": 6, "vc": [37, 29, 37, 37, 39, 37, 34, 39, 41, 34], "hlc": [921762, 6]}
INFO:<Node 0>:{"send": true, "recv": false, "from": 0, "to": 8, "vc": [39, 25, 26, 35, 32, 38, 23, 29, 31, 24], "hlc": [921763, 2]}
INFO:<Node 2>:{"send": true, "recv": false, "from": 2, "to": 7, "vc": [36, 29, 42, 35, 33, 35, 28, 33, 43, 26], "hlc": [921761, 9]}
INFO:<Node 4>:{"send": true, "recv": false, "from": 4, "to": 6, "vc": [37, 38, 37, 37, 43, 37, 33, 39, 41, 33], "hlc": [921762, 8]}
INFO:<Node 6>:{"send": true, "recv": false, "from": 6, "to": 9, "vc": [35, 29, 33, 35, 33, 34, 35, 39, 41, 27], "hlc": [921760, 17]}
INFO:<Node 7>:{"send": true, "recv": false, "from": 7, "to": 8, "vc": [37, 38, 39, 39, 41, 36, 30, 44, 44, 28], "hlc": [921762, 9]}
INFO:<Node 9>:{"send": true, "recv": false, "from": 9, "to": 3, "vc": [37, 29, 37, 37, 39, 37, 34, 39, 41, 35], "hlc": [921762, 7]}
INFO:<Node 3>:{"send": false, "recv": true, "to": 3, "from": 9, "vc": [37, 29, 40, 42, 39, 41, 34, 39, 42, 35], "hlc": [921764, 3]}
INFO:<Node 6>:{"send": false, "recv": true, "to": 6, "from": 4, "vc": [37, 38, 37, 37, 43, 37, 36, 39, 41, 33], "hlc": [921762, 9]}
INFO:<Node 7>:{"send": false, "recv": true, "to": 7, "from": 2, "vc": [37, 38, 42, 39, 41, 36, 30, 45, 44, 28], "hlc": [921762, 10]}
INFO:<Node 8>:{"send": false, "recv": true, "to": 8, "from": 0, "vc": [39, 29, 39, 39, 33, 38, 30, 41, 46, 27], "hlc": [921763, 3]}
INFO:<Node 8>:{"send": false, "recv": true, "to": 8, "from": 7, "vc": [39, 38, 39, 39, 41, 38, 30, 44, 47, 28], "hlc": [921763, 4]}
INFO:<Node 9>:{"send": false, "recv": true, "to": 9, "from": 6, "vc": [37, 29, 37, 37, 39, 37, 35, 39, 41, 36], "hlc": [921762, 8]}
INFO:<Node 0>:{"send": true, "recv": false, "from": 0, "to": 9, "vc": [40, 25, 26, 35, 32, 38, 23, 29, 31, 24], "hlc": [921763, 3]}
INFO:<Node 1>:{"send": true, "recv": false, "from": 1, "to": 4, "vc": [33, 40, 33, 33, 31, 36, 23, 35, 32, 28], "hlc": [921762, 6]}
INFO:<Node 3>:{"send": true, "recv": false, "from": 3, "to": 7, "vc": [37, 29, 40, 43, 39, 41, 34, 39, 42, 35], "hlc": [921764, 4]}
INFO:<Node 5>:{"send": true, "recv": false, "from": 5, "to": 0, "vc": [36, 39, 40, 40, 33, 44, 28, 35, 42, 28], "hlc": [921765, 0]}
INFO:<Node 7>:{"send": true, "recv": false, "from": 7, "to": 8, "vc": [37, 38, 42, 39, 41, 36, 30, 46, 44, 28], "hlc": [921762, 11]}
INFO:<Node 0>:{"send": false, "recv": true, "to": 0, "from": 5, "vc": [41, 39, 40, 40, 33, 44, 28, 35, 42, 28], "hlc": [921765, 1]}
INFO:<Node 4>:{"send": false, "recv": true, "to": 4, "from": 1, "vc": [37, 40, 37, 37, 44, 37, 33, 39, 41, 33], "hlc": [921763, 0]}
INFO:<Node 7>:{"send": false, "recv": true, "to": 7, "from": 3, "vc": [37, 38, 42, 43, 41, 41, 34, 47, 44, 35], "hlc": [921764, 5]}
INFO:<Node 8>:{"send": false, "recv": true, "to": 8, "from": 7, "vc": [39, 38, 42, 39, 41, 38, 30, 46, 48, 28], "hlc": [921763, 5]}
INFO:<Node 9>:{"send": false, "recv": true, "to": 9, "from": 0, "vc": [40, 29, 37, 37, 39, 38, 35, 39, 41, 37], "hlc": [921763, 4]}
INFO:<Node 0>:{"send": true, "recv": false, "from": 0, "to": 7, "vc": [42, 39, 40, 40, 33, 44, 28, 35, 42, 28], "hlc": [921765, 2]}
INFO:<Node 4>:{"send": true, "recv": false, "from": 4, "to": 8, "vc": [37, 40, 37, 37, 45, 37, 33, 39, 41, 33], "hlc": [921763, 1]}
INFO:<Node 8>:{"send": true, "recv": false, "from": 8, "to": 2, "vc": [39, 38, 42, 39, 41, 38, 30, 46, 49, 28], "hlc": [921763, 6]}
INFO:<Node 9>:{"send": true, "recv": false, "from": 9, "to": 3, "vc": [40, 29, 37, 37, 39, 38, 35, 39, 41, 38], "hlc": [921763, 5]}
INFO:<Node 2>:{"send": false, "recv": true, "to": 2, "from": 8, "vc": [39, 38, 43, 39, 41, 38, 30, 46, 49, 28], "hlc": [921763, 7]}
INFO:<Node 3>:{"send": false, "recv": true, "to": 3, "from": 9, "vc": [40, 29, 40, 44, 39, 41, 35, 39, 42, 38], "hlc": [921764, 5]}
INFO:<Node 7>:{"send": false, "recv": true, "to": 7, "from": 0, "vc": [42, 39, 42, 43, 41, 44, 34, 48, 44, 35], "hlc": [921765, 3]}
INFO:<Node 8>:{"send": false, "recv": true, "to": 8, "from": 4, "vc": [39, 40, 42, 39, 45, 38, 33, 46, 50, 33], "hlc": [921763, 7]}
INFO:<Node 0>:{"send": true, "recv": false, "from": 0, "to": 7, "vc": [43, 39, 40, 40, 33, 44, 28, 35, 42, 28], "hlc": [921765, 3]}
INFO:<Node 1>:{"send": true, "recv": false, "from": 1, "to": 8, "vc": [33, 41, 33, 33, 31, 36, 23, 35, 32, 28], "hlc": [921762, 7]}
INFO:<Node 2>:{"send": true, "recv": false, "from": 2, "to": 1, "vc": [39, 38, 44, 39, 41, 38, 30, 46, 49, 28], "hlc": [921763, 8]}
INFO:<Node 4>:{"send": true, "recv": false, "from": 4, "to": 2, "vc": [37, 40, 37, 37, 46, 37, 33, 39, 41, 33], "hlc": [921764, 0]}
INFO:<Node 5>:{"send": true, "recv": false, "from": 5, "to": 9, "vc": [36, 39, 40, 40, 33, 45, 28, 35, 42, 28], "hlc": [921766, 0]}
INFO:<Node 1>:{"send": false, "recv": true, "to": 1, "from": 2, "vc": [39, 42, 44, 39, 41, 38, 30, 46, 49, 28], "hlc": [921763, 9]}
INFO:<Node 2>:{"send": false, "recv": true, "to": 2, "from": 4, "vc": [39, 40, 45, 39, 46, 38, 33, 46, 49, 33], "hlc": [921764, 1]}
INFO:<Node 7>:{"send": false, "recv": true, "to": 7, "from": 0, "vc": [43, 39, 42, 43, 41, 44, 34, 49, 44, 35], "hlc": [921765, 4]}
INFO:<Node 8>:{"send": false, "recv": true, "to": 8, "from": 1, "vc": [39, 41, 42, 39, 45, 38, 33, 46, 51, 33], "hlc": [921763, 8]}
INFO:<Node 9>:{"send": false, "recv": true, "to": 9, "from": 5, "vc": [40, 39, 40, 40, 39, 45, 35, 39, 42, 39], "hlc": [921766, 1]}
INFO:<Node 0>:{"send": true, "recv": false, "from": 0, "to": 3, "vc": [44, 39, 40, 40, 33, 44, 28, 35, 42, 28], "hlc": [921765, 4]}
INFO:<Node 1>:{"send": true, "recv": false, "from": 1, "to": 9, "vc": [39, 43, 44, 39, 41, 38, 30, 46, 49, 28], "hlc": [921763, 10]}
INFO:<Node 2>:{"send": true, "recv": false, "from": 2, "to": 7, "vc": [39, 40, 46, 39, 46, 38, 33, 46, 49, 33], "hlc": [921764, 2]}
INFO:<Node 3>:{"send": true, "recv": false, "from": 3, "to": 1, "vc": [40, 29, 40, 45, 39, 41, 35, 39, 42, 38], "hlc": [921764, 6]}
INFO:<Node 4>:{"send": true, "recv": false, "from": 4, "to": 2, "vc": [37, 40, 37, 37, 47, 37, 33, 39, 41, 33], "hlc": [921764, 1]}
INFO:<Node 8>:{"send": true, "recv": false, "from": 8, "to": 6, "vc": [39, 41, 42, 39, 45, 38, 33, 46, 52, 33], "hlc": [921763, 9]}
INFO:<Node 9>:{"send": true, "recv": false, "from": 9, "to": 7, "vc": [40, 39, 40, 40, 39, 45, 35, 39, 42, 40], "hlc": [921766, 2]}
INFO:<Node 1>:{"send": false, "recv": true, "to": 1, "from": 3, "vc": [40, 44, 44, 45, 41, 41, 35, 46, 49, 38], "hlc": [921764, 7]}
INFO:<Node 2>:{"send": false, "recv": true, "to": 2, "from": 4, "vc": [39, 40, 47, 39, 47, 38, 33, 46, 49, 33], "hlc": [921764, 3]}
INFO:<Node 3>:{"send": false, "recv": true, "to": 3, "from": 0, "vc": [44, 39, 40, 46, 39, 44, 35, 39, 42, 38], "hlc": [921765, 5]}
INFO:<Node 6>:{"send": false, "recv": true, "to": 6, "from": 8, "vc": [39, 41, 42, 39, 45, 38, 37, 46, 52, 33], "hlc": [921763, 10]}
INFO:<Node 7>:{"send": false, "recv": true, "to": 7, "from": 2, "vc": [43, 40, 46, 43, 46, 44, 34, 50, 49, 35], "hlc": [921765, 5]}
INFO:<Node 7>:{"send": false, "recv": true, "to": 7, "from": 9, "vc": [43, 40, 46, 43, 46, 45, 35, 51, 49, 40], "hlc": [921766, 3]}
INFO:<Node 9>:{"send": false, "recv": true, "to": 9, "from": 1, "vc": [40, 43, 44, 40, 41, 45, 35, 46, 49, 41], "hlc": [921766, 3]}
INFO:<Node 1>:{"send": true, "recv": false, "from": 1, "to": 3, "vc": [40, 45, 44, 45, 41, 41, 35, 46, 49, 38], "hlc": [921764, 8]}
INFO:<Node 2>:{"send": true, "recv": false, "from": 2, "to": 0, "vc": [39, 40, 48, 39, 47, 38, 33, 46, 49, 33], "hlc": [921764, 4]}
INFO:<Node 3>:{"send": true, "recv": false, "from": 3, "to": 4, "vc": [44, 39, 40, 47, 39, 44, 35, 39, 42, 38], "hlc": [921765, 6]}
INFO:<Node 5>:{"send": true, "recv": false, "from": 5, "to": 0, "vc": [36, 39, 40, 40, 33, 46, 28, 35, 42, 28], "hlc": [921767, 0]}
INFO:<Node 6>:{"send": true, "recv": false, "from": 6, "to": 7, "vc": [39, 41, 42, 39, 45, 38, 38, 46, 52, 33], "hlc": [921763, 11]}
INFO:<Node 7>:{"send": true, "recv": false, "from": 7, "to": 2, "vc": [43, 40, 46, 43, 46, 45, 35, 52, 49, 40], "hlc": [921766, 4]}
INFO:<Node 9>:{"send": true, "recv": false, "from": 9, "to": 6, "vc": [40, 43, 44, 40, 41, 45, 35, 46, 49, 42], "hlc": [921766, 4]}
INFO:<Node 0>:{"send": false, "recv": true, "to": 0, "from": 2, "vc": [45, 40, 48, 40, 47, 44, 33, 46, 49, 33], "hlc": [921765, 5]}
INFO:<Node 0>:{"send": false, "recv": true, "to": 0, "from": 5, "vc": [46, 40, 48, 40, 47, 46, 33, 46, 49, 33], "hlc": [921767, 1]}
INFO:<Node 2>:{"send": false, "recv": true, "to": 2, "from": 7, "vc": [43, 40, 49, 43, 47, 45, 35, 52, 49, 40], "hlc": [921766, 5]}
INFO:<Node 3>:{"send": false, "recv": true, "to": 3, "from": 1, "vc": [44, 45, 44, 48, 41, 44, 35, 46, 49, 38], "hlc": [921765, 7]}
INFO:<Node 4>:{"send": false, "recv": true, "to": 4, "from": 3, "vc": [44, 40, 40, 47, 48, 44, 35, 39, 42, 38], "hlc": [921765, 7]}
INFO:<Node 6>:{"send": false, "recv": true, "to": 6, "from": 9, "vc": [40, 43, 44, 40, 45, 45, 39, 46, 52, 42], "hlc": [921766, 5]}
INFO:<Node 7>:{"send": false, "recv": true, "to": 7, "from": 6, "vc": [43, 41, 46, 43, 46, 45, 38, 53, 52, 40], "hlc": [921766, 5]}
INFO:<Node 0>:{"send": true, "recv": false, "from": 0, "to": 2, "vc": [47, 40, 48, 40, 47, 46, 33, 46, 49, 33], "hlc": [921767, 2]}
INFO:<Node 2>:{"send": true, "recv": false, "from": 2, "to": 8, "vc": [43, 40, 50, 43, 47, 45, 35, 52, 49, 40], "hlc": [921766, 6]}
INFO:<Node 5>:{"send": true, "recv": false, "from": 5, "to": 8, "vc": [36, 39, 40, 40, 33, 47, 28, 35, 42, 28], "hlc": [921767, 1]}
INFO:<Node 6>:{"send": true, "recv": false, "from": 6, "to": 0, "vc": [40, 43, 44, 40, 45, 45, 40, 46, 52, 42], "hlc": [921766, 6]}
INFO:<Node 7>:{"send": true, "recv": false, "from": 7, "to": 5, "vc": [43, 41, 46, 43, 46, 45, 38, 54, 52, 40], "hlc": [921766, 6]}
INFO:<Node 9>:{"send": true, "recv": false, "from": 9, "to": 8, "vc": [40, 43, 44, 40, 41, 45, 35, 46, 49, 43], "hlc": [921766, 5]}
INFO:<Node 0>:{"send": false, "recv": true, "to": 0, "from": 6, "vc": [48, 43, 48, 40, 47, 46, 40, 46, 52, 42], "hlc": [921767, 3]}
INFO:<Node 2>:{"send": false, "recv": true, "to": 2, "from": 0, "vc": [47, 40, 51, 43, 47, 46, 35, 52, 49, 40], "hlc": [921767, 3]}
INFO:<Node 5>:{"send": false, "recv": true, "to": 5, "from": 7, "vc": [43, 41, 46, 43, 46, 48, 38, 54, 52, 40], "hlc": [921768, 0]}
INFO:<Node 8>:{"send": false, "recv": true, "to": 8, "from": 2, "vc": [43, 41, 50, 43, 47, 45, 35, 52, 53, 40], "hlc": [921766, 7]}
INFO:<Node 8>:{"send": false, "recv": true, "to": 8, "from": 5, "vc": [43, 41, 50, 43, 47, 47, 35, 52, 54, 40], "hlc": [921767, 2]}
INFO:<Node 8>:{"send": false, "recv": true, "to": 8, "from": 9, "vc": [43, 43, 50, 43, 47, 47, 35, 52, 55, 43], "hlc": [921767, 3]}
INFO:<Node 1>:{"send": true, "recv": false, "from": 1, "to": 0, "vc": [40, 46, 44, 45, 41, 41, 35, 46, 49, 38], "hlc": [921764, 9]}
INFO:<Node 2>:{"send": true, "recv": false, "from": 2, "to": 8, "vc": [47, 40, 52, 43, 47, 46, 35, 52, 49, 40], "hlc": [921767, 4]}
INFO:<Node 3>:{"send": true, "recv": false, "from": 3, "to": 0, "vc": [44, 45, 44, 49, 41, 44, 35, 46, 49, 38], "hlc": [921765, 8]}
INFO:<Node 4>:{"send": true, "recv": false, "from": 4, "to": 8, "vc": [44, 40, 40, 47, 49, 44, 35, 39, 42, 38], "hlc": [921766, 0]}
INFO:<Node 5>:{"send": true, "recv": false, "from": 5, "to": 0, "vc": [43, 41, 46, 43, 46, 49, 38, 54, 52, 40], "hlc": [921768, 1]}
INFO:<Node 6>:{"send": true, "recv": false, "from": 6, "to": 8, "vc": [40, 43, 44, 40, 45, 45, 41, 46, 52, 42], "hlc": [921766, 7]}
INFO:<Node 8>:{"send": true, "recv": false, "from": 8, "to": 4, "vc": [43, 43, 50, 43, 47, 47, 35, 52, 56, 43], "hlc": [921767, 4]}
INFO:<Node 9>:{"send": true, "recv": false, "from": 9, "to": 4, "vc": [40, 43, 44, 40, 41, 45, 35, 46, 49, 44], "hlc": [921766, 6]}
INFO:<Node 0>:{"send": false, "recv": true, "to": 0, "from": 1, "vc": [49, 46, 48, 45, 47, 46, 40, 46, 52, 42], "hlc": [921767, 4]}
INFO:<Node 0>:{"send": false, "recv": true, "to": 0, "from": 3, "vc": [50, 46, 48, 49, 47, 46, 40, 46, 52, 42], "hlc": [921767, 5]}
INFO:<Node 0>:{"send": false, "recv": true, "to": 0, "from": 5, "vc": [51, 46, 48, 49, 47, 49, 40, 54, 52, 42], "hlc": [921768, 2]}
INFO:<Node 4>:{"send": false, "recv": true, "to": 4, "from": 8, "vc": [44, 43, 50, 47, 50, 47, 35, 52, 56, 43], "hlc": [921767, 5]}
INFO:<Node 4>:{"send": false, "recv": true, "to": 4, "from": 9, "vc": [44, 43, 50, 47, 51, 47, 35, 52, 56, 44], "hlc": [921767, 6]}
INFO:<Node 8>:{"send": false, "recv": true, "to": 8, "from": 2, "vc": [47, 43, 52, 43, 47, 47, 35, 52, 57, 43], "hlc": [921767, 5]}
INFO:<Node 8>:{"send": false, "recv": true, "to": 8, "from": 4, "vc": [47, 43, 52, 47, 49, 47, 35, 52, 58, 43], "hlc": [921767, 6]}
INFO:<Node 8>:{"send": false, "recv": true, "to": 8, "from": 6, "vc": [47, 43, 52, 47, 49, 47, 41, 52, 59, 43], "hlc": [921767, 7]}
INFO:<Node 2>:{"send": true, "recv": false, "from": 2, "to": 5, "vc": [47, 40, 53, 43, 47, 46, 35, 52, 49, 40], "hlc": [921767, 5]}
INFO:<Node 3>:{"send": true, "recv": false, "from": 3, "to": 5, "vc": [44, 45, 44, 50, 41, 44, 35, 46, 49, 38], "hlc": [921765, 9]}
INFO:<Node 6>:{"send": true, "recv": false, "from": 6, "to": 0, "vc": [40, 43, 44, 40, 45, 45, 42, 46, 52, 42], "hlc": [921766, 8]}
INFO:<Node 7>:{"send": true, "recv": false, "from": 7, "to": 0, "vc": [43, 41, 46, 43, 46, 45, 38, 55, 52, 40], "hlc": [921766, 7]}
INFO:<Node 8>:{"send": true, "recv": false, "from": 8, "to": 4, "vc": [47, 43, 52, 47, 49, 47, 41, 52, 60, 43], "hlc": [921767, 8]}
INFO:<Node 9>:{"send": true, "recv": false, "from": 9, "to": 1, "vc": [40, 43, 44, 40, 41, 45, 35, 46, 49, 45], "hlc": [921766, 7]}
INFO:<Node 0>:{"send": false, "recv": true, "to": 0, "from": 6, "vc": [52, 46, 48, 49, 47, 49, 42, 54, 52, 42], "hlc": [921768, 3]}
INFO:<Node 0>:{"send": false, "recv": true, "to": 0, "from": 7, "vc": [53, 46, 48, 49, 47, 49, 42, 55, 52, 42], "hlc": [921768, 4]}
INFO:<Node 1>:{"send": false, "recv": true, "to": 1, "from": 9, "vc": [40, 47, 44, 45, 41, 45, 35, 46, 49, 45], "hlc": [921766, 8]}
INFO:<Node 4>:{"send": false, "recv": true, "to": 4, "from": 8, "vc": [47, 43, 52, 47, 52, 47, 41, 52, 60, 44], "hlc": [921767, 9]}
INFO:<Node 5>:{"send": false, "recv": true, "to": 5, "from": 2, "vc": [47, 41, 53, 43, 47, 50, 38, 54, 52, 40], "hlc": [921769, 0]}
INFO:<Node 5>:{"send": false, "recv": true, "to": 5, "from": 3, "vc": [47, 45, 53, 50, 47, 51, 38, 54, 52, 40], "hlc": [921769, 1]}
INFO:<Node 1>:{"send": true, "recv": false, "from": 1, "to": 9, "vc": [40, 48, 44, 45, 41, 45, 35, 46, 49, 45], "hlc": [921766, 9]}
INFO:<Node 2>:{"send": true, "recv": false, "from": 2, "to": 3, "vc": [47, 40, 54, 43, 47, 46, 35, 52, 49, 40], "hlc": [921767, 6]}
INFO:<Node 5>:{"send": true, "recv": false, "from": 5, "to": 7, "vc": [47, 45, 53, 50, 47, 52, 38, 54, 52, 40], "hlc": [921769, 2]}
INFO:<Node 9>:{"send": true, "recv": false, "from": 9, "to": 1, "vc": [40, 43, 44, 40, 41, 45, 35, 46, 49, 46], "hlc": [921766, 8]}
INFO:<Node 1>:{"send": false, "recv": true, "to": 1, "from": 9, "vc": [40, 49, 44, 45, 41, 45, 35, 46, 49, 46], "hlc": [921766, 10]}
INFO:<Node 3>:{"send": false, "recv": true, "to": 3, "from": 2, "vc": [47, 45, 54, 51, 47, 46, 35, 52, 49, 40], "hlc": [921767, 7]}
INFO:<Node 7>:{"send": false, "recv": true, "to": 7, "from": 5, "vc": [47, 45, 53, 50, 47, 52, 38, 56, 52, 40], "hlc": [921769, 3]}
INFO:<Node 9>:{"send": false, "recv": true, "to": 9, "from": 1, "vc": [40, 48, 44, 45, 41, 45, 35, 46, 49, 47], "hlc": [921766, 10]}
INFO:<Node 0>:{"send": true, "recv": false, "from": 0, "to": 8, "vc": [54, 46, 48, 49, 47, 49, 42, 55, 52, 42], "hlc": [921768, 5]}
INFO:<Node 2>:{"send": true, "recv": false, "from": 2, "to": 1, "vc": [47, 40, 55, 43, 47, 46, 35, 52, 49, 40], "hlc": [921767, 7]}
INFO:<Node 4>:{"send": true, "recv": false, "from": 4, "to": 5, "vc": [47, 43, 52, 47, 53, 47, 41, 52, 60, 44], "hlc": [921767, 10]}
INFO:<Node 5>:{"send": true, "recv": false, "from": 5, "to": 9, "vc": [47, 45, 53, 50, 47, 53, 38, 54, 52, 40], "hlc": [921769, 3]}
INFO:<Node 7>:{"send": true, "recv": false, "from": 7, "to": 4, "vc": [47, 45, 53, 50, 47, 52, 38, 57, 52, 40], "hlc": [921769, 4]}
INFO:<Node 9>:{"send": true, "recv": false, "from": 9, "to": 1, "vc": [40, 48, 44, 45, 41, 45, 35, 46, 49, 48], "hlc": [921766, 11]}
INFO:<Node 1>:{"send": false, "recv": true, "to": 1, "from": 2, "vc": [47, 50, 55, 45, 47, 46, 35, 52, 49, 46], "hlc": [921767, 8]}
INFO:<Node 1>:{"send": false, "recv": true, "to": 1, "from": 9, "vc": [47, 51, 55, 45, 47, 46, 35, 52, 49, 48], "hlc": [921767, 9]}
INFO:<Node 4>:{"send": false, "recv": true, "to": 4, "from": 7, "vc": [47, 45, 53, 50, 54, 52, 41, 57, 60, 44], "hlc": [921769, 5]}
INFO:<Node 5>:{"send": false, "recv": true, "to": 5, "from": 4, "vc": [47, 45, 53, 50, 53, 54, 41, 54, 60, 44], "hlc": [921770, 0]}
INFO:<Node 8>:{"send": false, "recv": true, "to": 8, "from": 0, "vc": [54, 46, 52, 49, 49, 49, 42, 55, 61, 43], "hlc": [921768, 6]}
INFO:<Node 9>:{"send": false, "recv": true, "to": 9, "from": 5, "vc": [47, 48, 53, 50, 47, 53, 38, 54, 52, 49], "hlc": [921769, 4]}
INFO:<Node 4>:{"send": true, "recv": false, "from": 4, "to": 8, "vc": [47, 45, 53, 50, 55, 52, 41, 57, 60, 44], "hlc": [921769, 6]}
INFO:<Node 8>:{"send": false, "recv": true, "to": 8, "from": 4, "vc": [54, 46, 53, 50, 55, 52, 42, 57, 62, 44], "hlc": [921769, 7]}
INFO:<Node 0>:{"send": true, "recv": false, "from": 0, "to": 9, "vc": [55, 46, 48, 49, 47, 49, 42, 55, 52, 42], "hlc": [921768, 6]}
INFO:<Node 3>:{"send": true, "recv": false, "from": 3, "to": 6, "vc": [47, 45, 54, 52, 47, 46, 35, 52, 49, 40], "hlc": [921767, 8]}
INFO:<Node 4>:{"send": true, "recv": false, "from": 4, "to": 3, "vc": [47, 45, 53, 50, 56, 52, 41, 57, 60, 44], "hlc": [921769, 7]}
INFO:<Node 5>:{"send": true, "recv": false, "from": 5, "to": 2, "vc": [47, 45, 53, 50, 53, 55, 41, 54, 60, 44], "hlc": [921770, 1]}
INFO:<Node 7>:{"send": true, "recv": false, "from": 7, "to": 5, "vc": [47, 45, 53, 50, 47, 52, 38, 58, 52, 40], "hlc": [921769, 5]}
INFO:<Node 8>:{"send": true, "recv": false, "from": 8, "to": 5, "vc": [54, 46, 53, 50, 55, 52, 42, 57, 63, 44], "hlc": [921769, 8]}
INFO:<Node 9>:{"send": true, "recv": false, "from": 9, "to": 2, "vc": [47, 48, 53, 50, 47, 53, 38, 54, 52, 50], "hlc": [921769, 5]}
INFO:<Node 2>:{"send": false, "recv": true, "to": 2, "from": 5, "vc": [47, 45, 56, 50, 53, 55, 41, 54, 60, 44], "hlc": [921770, 2]}
INFO:<Node 2>:{"send": false, "recv": true, "to": 2, "from": 9, "vc": [47, 48, 57, 50, 53, 55, 41, 54, 60, 50], "hlc": [921770, 3]}
INFO:<Node 3>:{"send": false, "recv": true, "to": 3, "from": 4, "vc": [47, 45, 54, 53, 56, 52, 41, 57, 60, 44], "hlc": [921769, 8]}
INFO:<Node 5>:{"send": false, "recv": true, "to": 5, "from": 7, "vc": [47, 45, 53, 50, 53, 56, 41, 58, 60, 44], "hlc": [921771, 0]}
INFO:<Node 5>:{"send": false, "recv": true, "to": 5, "from": 8, "vc": [54, 46, 53, 50, 55, 57, 42, 58, 63, 44], "hlc": [921771, 1]}
INFO:<Node 6>:{"send": false, "recv": true, "to": 6, "from": 3, "vc": [47, 45, 54, 52, 47, 46, 43, 52, 52, 42], "hlc": [921767, 9]}
INFO:<Node 9>:{"send": false, "recv": true, "to": 9, "from": 0, "vc": [55, 48, 53, 50, 47, 53, 42, 55, 52, 51], "hlc": [921769, 6]}
INFO:<Node 0>:{"send": true, "recv": false, "from": 0, "to": 1, "vc": [56, 46, 48, 49, 47, 49, 42, 55, 52, 42], "hlc": [921768, 7]}
INFO:<Node 2>:{"send": true, "recv": false, "from": 2, "to": 0, "vc": [47, 48, 58, 50, 53, 55, 41, 54, 60, 50], "hlc": [921770, 4]}
INFO:<Node 3>:{"send": true, "recv": false, "from": 3, "to": 5, "vc": [47, 45, 54, 54, 56, 52, 41, 57, 60, 44], "hlc": [921769, 9]}
INFO:<Node 4>:{"send": true, "recv": false, "from": 4, "to": 3, "vc": [47, 45, 53, 50, 57, 52, 41, 57, 60, 44], "hlc": [921769, 8]}
INFO:<Node 5>:{"send": true, "recv": false, "from": 5, "to": 8, "vc": [54, 46, 53, 50, 55, 58, 42, 58, 63, 44], "hlc": [921771, 2]}
INFO:<Node 6>:{"send": true, "recv": false, "from": 6, "to": 1, "vc": [47, 45, 54, 52, 47, 46, 44, 52, 52, 42], "hlc": [921767, 10]}
INFO:<Node 7>:{"send": true, "recv": false, "from": 7, "to": 8, "vc": [47, 45, 53, 50, 47, 52, 38, 59, 52, 40], "hlc": [921769, 6]}
INFO:<Node 8>:{"send": true, "recv": false, "from": 8, "to": 5, "vc": [54, 46, 53, 50, 55, 52, 42, 57, 64, 44], "hlc": [921769, 9]}
INFO:<Node 0>:{"send": false, "recv": true, "to": 0, "from": 2, "vc": [57, 48, 58, 50, 53, 55, 42, 55, 60, 50], "hlc": [921770, 5]}
INFO:<Node 1>:{"send": false, "recv": true, "to": 1, "from": 0, "vc": [56, 52, 55, 49, 47, 49, 42, 55, 52, 48], "hlc": [921768, 8]}
INFO:<Node 1>:{"send": false, "recv": true, "to": 1, "from": 6, "vc": [56, 53, 55, 52, 47, 49, 44, 55, 52, 48], "hlc": [921768, 9]}
INFO:<Node 3>:{"send": false, "recv": true, "to": 3, "from": 4, "vc": [47, 45, 54, 55, 57, 52, 41, 57, 60, 44], "hlc": [921769, 10]}
INFO:<Node 5>:{"send": false, "recv": true, "to": 5, "from": 3, "vc": [54, 46, 54, 54, 56, 59, 42, 58, 63, 44], "hlc": [921771, 3]}
INFO:<Node 5>:{"send": false, "recv": true, "to": 5, "from": 8, "vc": [54, 46, 54, 54, 56, 60, 42, 58, 64, 44], "hlc": [921771, 4]}
INFO:<Node 8>:{"send": false, "recv": true, "to": 8, "from": 5, "vc": [54, 46, 53, 50, 55, 58, 42, 58, 65, 44], "hlc": [921771, 3]}
INFO:<Node 8>:{"send": false, "recv": true, "to": 8, "from": 7, "vc": [54, 46, 53, 50, 55, 58, 42, 59, 66, 44], "hlc": [921771, 4]}
INFO:<Node 0>:{"send": true, "recv": false, "from": 0, "to": 1, "vc": [58, 48, 58, 50, 53, 55, 42, 55, 60, 50], "hlc": [921770, 6]}
INFO:<Node 1>:{"send": true, "recv": false, "from": 1, "to": 3, "vc": [56, 54, 55, 52, 47, 49, 44, 55, 52, 48], "hlc": [921768, 10]}
INFO:<Node 2>:{"send": true, "recv": false, "from": 2, "to": 5, "vc": [47, 48, 59, 50, 53, 55, 41, 54, 60, 50], "hlc": [921770, 5]}
INFO:<Node 4>:{"send": true, "recv": false, "from": 4, "to": 7, "vc": [47, 45, 53, 50, 58, 52, 41, 57, 60, 44], "hlc": [921769, 9]}
INFO:<Node 5>:{"send": true, "recv": false, "from": 5, "to": 6, "vc": [54, 46, 54, 54, 56, 61, 42, 58, 64, 44], "hlc": [921771, 5]}
INFO:<Node 6>:{"send": true, "recv": false, "from": 6, "to": 2, "vc": [47, 45, 54, 52, 47, 46, 45, 52, 52, 42], "hlc": [921767, 11]}
INFO:<Node 7>:{"send": true, "recv": false, "from": 7, "to": 6, "vc": [47, 45, 53, 50, 47, 52, 38, 60, 52, 40], "hlc": [921769, 7]}
INFO:<Node 8>:{"send": true, "recv": false, "from": 8, "to": 9, "vc": [54, 46, 53, 50, 55, 58, 42, 59, 67, 44], "hlc": [921771, 5]}
INFO:<Node 9>:{"send": true, "recv": false, "from": 9, "to": 0, "vc": [55, 48, 53, 50, 47, 53, 42, 55, 52, 52], "hlc": [921769, 7]}
INFO:<Node 0>:{"send": false, "recv": true, "to": 0, "from": 9, "vc": [59, 48, 58, 50, 53, 55, 42, 55, 60, 52], "hlc": [921770, 7]}
INFO:<Node 1>:{"send": false, "recv": true, "to": 1, "from": 0, "vc": [58, 55, 58, 52, 53, 55, 44, 55, 60, 50], "hlc": [921770, 7]}
INFO:<Node 2>:{"send": false, "recv": true, "to": 2, "from": 6, "vc": [47, 48, 60, 52, 53, 55, 45, 54, 60, 50], "hlc": [921770, 6]}
INFO:<Node 3>:{"send": false, "recv": true, "to": 3, "from": 1, "vc": [56, 54, 55, 56, 57, 52, 44, 57, 60, 48], "hlc": [921769, 11]}
INFO:<Node 5>:{"send": false, "recv": true, "to": 5, "from": 2, "vc": [54, 48, 59, 54, 56, 62, 42, 58, 64, 50], "hlc": [921772, 0]}
INFO:<Node 6>:{"send": false, "recv": true, "to": 6, "from": 5, "vc": [54, 46, 54, 54, 56, 61, 46, 58, 64, 44], "hlc": [921771, 6]}
INFO:<Node 6>:{"send": false, "recv": true, "to": 6, "from": 7, "vc": [54, 46, 54, 54, 56, 61, 47, 60, 64, 44], "hlc": [921771, 7]}
INFO:<Node 7>:{"send": false, "recv": true, "to": 7, "from": 4, "vc": [47, 45, 53, 50, 58, 52, 41, 61, 60, 44], "hlc": [921769, 10]}
INFO:<Node 9>:{"send": false, "recv": true, "to": 9, "from": 8, "vc": [55, 48, 53, 50, 55, 58, 42, 59, 67, 53], "hlc": [921771, 6]}
INFO:<Node 0>:{"send": true, "recv": false, "from": 0, "to": 6, "vc": [60, 48, 58, 50, 53, 55, 42, 55, 60, 52], "hlc": [921770, 8]}
INFO:<Node 2>:{"send": true, "recv": false, "from": 2, "to": 0, "vc": [47, 48, 61, 52, 53, 55, 45, 54, 60, 50], "hlc": [921770, 7]}
INFO:<Node 3>:{"send": true, "recv": false, "from": 3, "to": 0, "vc": [56, 54, 55, 57, 57, 52, 44, 57, 60, 48], "hlc": [921769, 12]}
INFO:<Node 4>:{"send": true, "recv": false, "from": 4, "to": 0, "vc": [47, 45, 53, 50, 59, 52, 41, 57, 60, 44], "hlc": [921770, 0]}
INFO:<Node 6>:{"send": true, "recv": false, "from": 6, "to": 4, "vc": [54, 46, 54, 54, 56, 61, 48, 60, 64, 44], "hlc": [921771, 8]}
INFO:<Node 8>:{"send": true, "recv": false, "from": 8, "to": 7, "vc": [54, 46, 53, 50, 55, 58, 42, 59, 68, 44], "hlc": [921771, 6]}
INFO:<Node 9>:{"send": true, "recv": false, "from": 9, "to": 2, "vc": [55, 48, 53, 50, 55, 58, 42, 59, 67, 54], "hlc": [921771, 7]}
INFO:<Node 0>:{"send": false, "recv": true, "to": 0, "from": 2, "vc": [61, 48, 61, 52, 53, 55, 45, 55, 60, 52], "hlc": [921770, 9]}
INFO:<Node 0>:{"send": false, "recv": true, "to": 0, "from": 3, "vc": [62, 54, 61, 57, 57, 55, 45, 57, 60, 52], "hlc": [921770, 10]}
INFO:<Node 0>:{"send": false, "recv": true, "to": 0, "from": 4, "vc": [63, 54, 61, 57, 59, 55, 45, 57, 60, 52], "hlc": [921770, 11]}
INFO:<Node 2>:{"send": false, "recv": true, "to": 2, "from": 9, "vc": [55, 48, 62, 52, 55, 58, 45, 59, 67, 54], "hlc": [921771, 8]}
INFO:<Node 4>:{"send": false, "recv": true, "to": 4, "from": 6, "vc": [54, 46, 54, 54, 60, 61, 48, 60, 64, 44], "hlc": [921771, 9]}
INFO:<Node 6>:{"send": false, "recv": true, "to": 6, "from": 0, "vc": [60, 48, 58, 54, 56, 61, 49, 60, 64, 52], "hlc": [921771, 9]}
INFO:<Node 7>:{"send": false, "recv": true, "to": 7, "from": 8, "vc": [54, 46, 53, 50, 58, 58, 42, 62, 68, 44], "hlc": [921771, 7]}
INFO:<Node 0>:{"send": true, "recv": false, "from": 0, "to": 5, "vc": [64, 54, 61, 57, 59, 55, 45, 57, 60, 52], "hlc": [921770, 12]}
INFO:<Node 1>:{"send": true, "recv": false, "from": 1, "to": 0, "vc": [58, 56, 58, 52, 53, 55, 44, 55, 60, 50], "hlc": [921770, 8]}
INFO:<Node 2>:{"send": true, "recv": false, "from": 2, "to": 5, "vc": [55, 48, 63, 52, 55, 58, 45, 59, 67, 54], "hlc": [921771, 9]}
INFO:<Node 4>:{"send": true, "recv": false, "from": 4, "to": 6, "vc": [54, 46, 54, 54, 61, 61, 48, 60, 64, 44], "hlc": [921771, 10]}
INFO:<Node 6>:{"send": true, "recv": false, "from": 6, "to": 2, "vc": [60, 48, 58, 54, 56, 61, 50, 60, 64, 52], "hlc": [921771, 10]}
INFO:<Node 7>:{"send": true, "recv": false, "from": 7, "to": 8, "vc": [54, 46, 53, 50, 58, 58, 42, 63, 68, 44], "hlc": [921771, 8]}
INFO:<Node 8>:{"send": true, "recv": false, "from": 8, "to": 0, "vc": [54, 46, 53, 50, 55, 58, 42, 59, 69, 44], "hlc": [921771, 7]}
INFO:<Node 9>:{"send": true, "recv": false, "from": 9, "to": 5, "vc": [55, 48, 53, 50, 55, 58, 42, 59, 67, 55], "hlc": [921771, 8]}
INFO:<Node 0>:{"send": false, "recv": true, "to": 0, "from": 1, "vc": [65, 56, 61, 57, 59, 55, 45, 57, 60, 52], "hlc": [921770, 13]}
INFO:<Node 0>:{"send": false, "recv": true, "to": 0, "from": 8, "vc": [66, 56, 61, 57, 59, 58, 45, 59, 69, 52], "hlc": [921771, 8]}
INFO:<Node 2>:{"send": false, "recv": true, "to": 2, "from": 6, "vc": [60, 48, 64, 54, 56, 61, 50, 60, 67, 54], "hlc": [921771, 11]}
INFO:<Node 5>:{"send": false, "recv": true, "to": 5, "from": 0, "vc": [64, 54, 61, 57, 59, 63, 45, 58, 64, 52], "hlc": [921773, 0]}
INFO:<Node 5>:{"send": false, "recv": true, "to": 5, "from": 2, "vc": [64, 54, 63, 57, 59, 64, 45, 59, 67, 54], "hlc": [921773, 1]}
INFO:<Node 5>:{"send": false, "recv": true, "to": 5, "from": 9, "vc": [64, 54, 63, 57, 59, 65, 45, 59, 67, 55], "hlc": [921773, 2]}
INFO:<Node 6>:{"send": false, "recv": true, "to": 6, "from": 4, "vc": [60, 48, 58, 54, 61, 61, 51, 60, 64, 52], "hlc": [921771, 11]}
INFO:<Node 8>:{"send": false, "recv": true, "to": 8, "from": 7, "vc": [54, 46, 53, 50, 58, 58, 42, 63, 70, 44], "hlc": [921771, 9]}
INFO:<Node 0>:{"send": true, "recv": false, "from": 0, "to": 1, "vc": [67, 56, 61, 57, 59, 58, 45, 59, 69, 52], "hlc": [921771, 9]}
INFO:<Node 1>:{"send": true, "recv": false, "from": 1, "to": 2, "vc": [58, 57, 58, 52, 53, 55, 44, 55, 60, 50], "hlc": [921770, 9]}
INFO:<Node 2>:{"send": true, "recv": false, "from": 2, "to": 4, "vc": [60, 48, 65, 54, 56, 61, 50, 60, 67, 54], "hlc": [921771, 12]}
INFO:<Node 7>:{"send": true, "recv": false, "from": 7, "to": 1, "vc": [54, 46, 53, 50, 58, 58, 42, 64, 68, 44], "hlc": [921771, 9]}
INFO:<Node 9>:{"send": true, "recv": false, "from": 9, "to": 2, "vc": [55, 48, 53, 50, 55, 58, 42, 59, 67, 56], "hlc": [921771, 9]}
INFO:<Node 1>:{"send": false, "recv": true, "to": 1, "from": 0, "vc": [67, 58, 61, 57, 59, 58, 45, 59, 69, 52], "hlc": [921771, 10]}
INFO:<Node 1>:{"send": false, "recv": true, "to": 1, "from": 7, "vc": [67, 59, 61, 57, 59, 58, 45, 64, 69, 52], "hlc": [921771, 11]}
INFO:<Node 2>:{"send": false, "recv": true, "to": 2, "from": 1, "vc": [60, 57, 66, 54, 56, 61, 50, 60, 67, 54], "hlc": [921771, 13]}
INFO:<Node 2>:{"send": false, "recv": true, "to": 2, "from": 9, "vc": [60, 57, 67, 54, 56, 61, 50, 60, 67, 56], "hlc": [921771, 14]}
INFO:<Node 4>:{"send": false, "recv": true, "to": 4, "from": 2, "vc": [60, 48, 65, 54, 62, 61, 50, 60, 67, 54], "hlc": [921771, 13]}
INFO:<Node 0>:{"send": true, "recv": false, "from": 0, "to": 3, "vc": [68, 56, 61, 57, 59, 58, 45, 59, 69, 52], "hlc": [921771, 10]}
INFO:<Node 1>:{"send": true, "recv": false, "from": 1, "to": 8, "vc": [67, 60, 61, 57, 59, 58, 45, 64, 69, 52], "hlc": [921771, 12]}
INFO:<Node 5>:{"send": true, "recv": false, "from": 5, "to": 0, "vc": [64, 54, 63, 57, 59, 66, 45, 59, 67, 55], "hlc": [921773, 3]}
INFO:<Node 7>:{"send": true, "recv": false, "from": 7, "to": 0, "vc": [54, 46, 53, 50, 58, 58, 42, 65, 68, 44], "hlc": [921771, 10]}
INFO:<Node 8>:{"send": true, "recv": false, "from": 8, "to": 6, "vc": [54, 46, 53, 50, 58, 58, 42, 63, 71, 44], "hlc": [921771, 10]}
INFO:<Node 0>:{"send": false, "recv": true, "to": 0, "from": 5, "vc": [69, 56, 63, 57, 59, 66, 45, 59, 69, 55], "hlc": [921773, 4]}
INFO:<Node 0>:{"send": false, "recv": true, "to": 0, "from": 7, "vc": [70, 56, 63, 57, 59, 66, 45, 65, 69, 55], "hlc": [921773, 5]}
INFO:<Node 3>:{"send": false, "recv": true, "to": 3, "from": 0, "vc": [68, 56, 61, 58, 59, 58, 45, 59, 69, 52], "hlc": [921771, 11]}
INFO:<Node 6>:{"send": false, "recv": true, "to": 6, "from": 8, "vc": [60, 48, 58, 54, 61, 61, 52, 63, 71, 52], "hlc": [921771, 12]}
INFO:<Node 8>:{"send": false, "recv": true, "to": 8, "from": 1, "vc": [67, 60, 61, 57, 59, 58, 45, 64, 72, 52], "hlc": [921771, 13]}
