INFO:root:Random workload: num sockets: 10, num iterations: 50, base address: 45700, chance of send: 3 in 5, round delay (s): 0.5, max clock drift (s): 1.5, actual clock drifts: [1.3330237965930367, -0.8018692466009006, 0.06173485816032609, 0.47994349476443854, -0.08229892062328137, 0.9049267387644724, 0.7352457567280233, -1.0058086073779449, 0.5051791397162937, 1.4189177529178982]
INFO:<Node 1>:{"send": true, "recv": false, "from": 1, "to": 2, "vc": [0, 1, 0, 0, 0, 0, 0, 0, 0, 0], "hlc": [921207, 1]}
INFO:<Node 2>:{"send": true, "recv": false, "from": 2, "to": 1, "vc": [0, 0, 1, 0, 0, 0, 0, 0, 0, 0], "hlc": [921207, 1]}
INFO:<Node 4>:{"send": true, "recv": false, "from": 4, "to": 3, "vc": [0, 0, 0, 0, 1, 0, 0, 0, 0, 0], "hlc": [921207, 1]}
INFO:<Node 7>:{"send": true, "recv": false, "from": 7, "to": 9, "vc": [0, 0, 0, 0, 0, 0, 0, 1, 0, 0], "hlc": [921207, 1]}
INFO:<Node 9>:{"send": true, "recv": false, "from": 9, "to": 4, "vc": [0, 0, 0, 0, 0, 0, 0, 0, 0, 1], "hlc": [921208, 0]}
INFO:<Node 1>:{"send": false, "recv": true, "to": 1, "from": 2, "vc": [0, 2, 1, 0, 0, 0, 0, 0, 0, 0], "hlc": [921207, 2]}
INFO:<Node 2>:{"send": false, "recv": true, "to": 2, "from": 1, "vc": [0, 1, 2, 0, 0, 0, 0, 0, 0, 0], "hlc": [921208, 0]}
INFO:<Node 3>:{"send": false, "recv": true, "to": 3, "from": 4, "vc": [0, 0, 0, 1, 1, 0, 0, 0, 0, 0], "hlc": [921208, 0]}
INFO:<Node 4>:{"send": false, "recv": true, "to": 4, "from": 9, "vc": [0, 0, 0, 0, 2, 0, 0, 0, 0, 1], "hlc": [921208, 1]}
INFO:<Node 9>:{"send": false, "recv": true, "to": 9, "from": 7, "vc": [0, 0, 0, 0, 0, 0, 0, 1, 0, 2], "hlc": [921209, 0]}
INFO:<Node 2>:{"send": true, "recv": false, "from": 2, "to": 3, "vc": [0, 1, 3, 0, 0, 0, 0, 0, 0, 0], "hlc": [921208, 1]}
INFO:<Node 3>:{"send": true, "recv": false, "from": 3, "to": 8, "vc": [0, 0, 0, 2, 1, 0, 0, 0, 0, 0], "hlc": [921208, 1]}
INFO:<Node 4>:{"send": true, "recv": false, "from": 4, "to": 7, "vc": [0, 0, 0, 0, 3, 0, 0, 0, 0, 1], "hlc": [921208, 2]}
INFO:<Node 6>:{"send": true, "recv": false, "from": 6, "to": 8, "vc": [0, 0, 0, 0, 0, 0, 1, 0, 0, 0], "hlc": [921208, 0]}
INFO:<Node 7>:{"send": true, "recv": false, "from": 7, "to": 6, "vc": [0, 0, 0, 0, 0, 0, 0, 2, 0, 0], "hlc": [921207, 2]}
INFO:<Node 9>:{"send": true, "recv": false, "from": 9, "to": 6, "vc": [0, 0, 0, 0, 0, 0, 0, 1, 0, 3], "hlc": [921209, 1]}
INFO:<Node 3>:{"send": false, "recv": true, "to": 3, "from": 2, "vc": [0, 1, 3, 3, 1, 0, 0, 0, 0, 0], "hlc": [921209, 0]}
INFO:<Node 6>:{"send": false, "recv": true, "to": 6, "from": 7, "vc": [0, 0, 0, 0, 0, 0, 2, 2, 0, 0], "hlc": [921209, 0]}
INFO:<Node 6>:{"send": false, "recv": true, "to": 6, "from": 9, "vc": [0, 0, 0, 0, 0, 0, 3, 2, 0, 3], "hlc": [921209, 2]}
INFO:<Node 7>:{"send": false, "recv": true, "to": 7, "from": 4, "vc": [0, 0, 0, 0, 3, 0, 0, 3, 0, 1], "hlc": [921208, 3]}
INFO:<Node 8>:{"send": false, "recv": true, "to": 8, "from": 3, "vc": [0, 0, 0, 2, 1, 0, 0, 0, 1, 0], "hlc": [921209, 0]}
INFO:<Node 8>:{"send": false, "recv": true, "to": 8, "from": 6, "vc": [0, 0, 0, 2, 1, 0, 1, 0, 2, 0], "hlc": [921209, 1]}
INFO:<Node 0>:{"send": true, "recv": false, "from": 0, "to": 4, "vc": [1, 0, 0, 0, 0, 0, 0, 0, 0, 0], "hlc": [921209, 0]}
INFO:<Node 1>:{"send": true, "recv": false, "from": 1, "to": 4, "vc": [0, 3, 1, 0, 0, 0, 0, 0, 0, 0], "hlc": [921207, 3]}
INFO:<Node 2>:{"send": true, "recv": false, "from": 2, "to": 0, "vc": [0, 1, 4, 0, 0, 0, 0, 0, 0, 0], "hlc": [921208, 2]}
INFO:<Node 3>:{"send": true, "recv": false, "from": 3, "to": 5, "vc": [0, 1, 3, 4, 1, 0, 0, 0, 0, 0], "hlc": [921209, 1]}
INFO:<Node 5>:{"send": true, "recv": false, "from": 5, "to": 4, "vc": [0, 0, 0, 0, 0, 1, 0, 0, 0, 0], "hlc": [921209, 0]}
INFO:<Node 8>:{"send": true, "recv": false, "from": 8, "to": 5, "vc": [0, 0, 0, 2, 1, 0, 1, 0, 3, 0], "hlc": [921209, 2]}
INFO:<Node 9>:{"send": true, "recv": false, "from": 9, "to": 2, "vc": [0, 0, 0, 0, 0, 0, 0, 1, 0, 4], "hlc": [921209, 2]}
INFO:<Node 0>:{"send": false, "recv": true, "to": 0, "from": 2, "vc": [2, 1, 4, 0, 0, 0, 0, 0, 0, 0], "hlc": [921210, 0]}
INFO:<Node 2>:{"send": false, "recv": true, "to": 2, "from": 9, "vc": [0, 1, 5, 0, 0, 0, 0, 1, 0, 4], "hlc": [921209, 3]}
INFO:<Node 4>:{"send": false, "recv": true, "to": 4, "from": 0, "vc": [1, 0, 0, 0, 4, 0, 0, 0, 0, 1], "hlc": [921209, 1]}
INFO:<Node 4>:{"send": false, "recv": true, "to": 4, "from": 1, "vc": [1, 3, 1, 0, 5, 0, 0, 0, 0, 1], "hlc": [921209, 2]}
INFO:<Node 4>:{"send": false, "recv": true, "to": 4, "from": 5, "vc": [1, 3, 1, 0, 6, 1, 0, 0, 0, 1], "hlc": [921209, 3]}
INFO:<Node 5>:{"send": false, "recv": true, "to": 5, "from": 3, "vc": [0, 1, 3, 4, 1, 2, 0, 0, 0, 0], "hlc": [921209, 2]}
INFO:<Node 5>:{"send": false, "recv": true, "to": 5, "from": 8, "vc": [0, 1, 3, 4, 1, 3, 1, 0, 3, 0], "hlc": [921209, 3]}
INFO:<Node 0>:{"send": true, "recv": false, "from": 0, "to": 2, "vc": [3, 1, 4, 0, 0, 0, 0, 0, 0, 0], "hlc": [921210, 1]}
INFO:<Node 9>:{"send": true, "recv": false, "from": 9, "to": 8, "vc": [0, 0, 0, 0, 0, 0, 0, 1, 0, 5], "hlc": [921210, 0]}
INFO:<Node 2>:{"send": false, "recv": true, "to": 2, "from": 0, "vc": [3, 1, 6, 0, 0, 0, 0, 1, 0, 4], "hlc": [921210, 2]}
INFO:<Node 8>:{"send": false, "recv": true, "to": 8, "from": 9, "vc": [0, 0, 0, 2, 1, 0, 1, 1, 4, 5], "hlc": [921210, 1]}
INFO:<Node 2>:{"send": true, "recv": false, "from": 2, "to": 7, "vc": [3, 1, 7, 0, 0, 0, 0, 1, 0, 4], "hlc": [921210, 3]}
INFO:<Node 4>:{"send": true, "recv": false, "from": 4, "to": 6, "vc": [1, 3, 1, 0, 7, 1, 0, 0, 0, 1], "hlc": [921209, 4]}
INFO:<Node 9>:{"send": true, "recv": false, "from": 9, "to": 5, "vc": [0, 0, 0, 0, 0, 0, 0, 1, 0, 6], "hlc": [921210, 1]}
INFO:<Node 5>:{"send": false, "recv": true, "to": 5, "from": 9, "vc": [0, 1, 3, 4, 1, 4, 1, 1, 3, 6], "hlc": [921210, 2]}
INFO:<Node 6>:{"send": false, "recv": true, "to": 6, "from": 4, "vc": [1, 3, 1, 0, 7, 1, 4, 2, 0, 3], "hlc": [921210, 0]}
INFO:<Node 7>:{"send": false, "recv": true, "to": 7, "from": 2, "vc": [3, 1, 7, 0, 3, 0, 0, 4, 0, 4], "hlc": [921210, 4]}
INFO:<Node 2>:{"send": true, "recv": false, "from": 2, "to": 5, "vc": [3, 1, 8, 0, 0, 0, 0, 1, 0, 4], "hlc": [921210, 4]}
INFO:<Node 4>:{"send": true, "recv": false, "from": 4, "to": 1, "vc": [1, 3, 1, 0, 8, 1, 0, 0, 0, 1], "hlc": [921209, 5]}
INFO:<Node 5>:{"send": true, "recv": false, "from": 5, "to": 2, "vc": [0, 1, 3, 4, 1, 5, 1, 1, 3, 6], "hlc": [921210, 3]}
INFO:<Node 6>:{"send": true, "recv": false, "from": 6, "to": 9, "vc": [1, 3, 1, 0, 7, 1, 5, 2, 0, 3], "hlc": [921210, 1]}
INFO:<Node 8>:{"send": true, "recv": false, "from": 8, "to": 7, "vc": [0, 0, 0, 2, 1, 0, 1, 1, 5, 5], "hlc": [921210, 2]}
INFO:<Node 9>:{"send": true, "recv": false, "from": 9, "to": 4, "vc": [0, 0, 0, 0, 0, 0, 0, 1, 0, 7], "hlc": [921211, 0]}
INFO:<Node 1>:{"send": false, "recv": true, "to": 1, "from": 4, "vc": [1, 4, 1, 0, 8, 1, 0, 0, 0, 1], "hlc": [921209, 6]}
INFO:<Node 2>:{"send": false, "recv": true, "to": 2, "from": 5, "vc": [3, 1, 9, 4, 1, 5, 1, 1, 3, 6], "hlc": [921210, 5]}
INFO:<Node 4>:{"send": false, "recv": true, "to": 4, "from": 9, "vc": [1, 3, 1, 0, 9, 1, 0, 1, 0, 7], "hlc": [921211, 1]}
INFO:<Node 5>:{"send": false, "recv": true, "to": 5, "from": 2, "vc": [3, 1, 8, 4, 1, 6, 1, 1, 3, 6], "hlc": [921211, 0]}
INFO:<Node 7>:{"send": false, "recv": true, "to": 7, "from": 8, "vc": [3, 1, 7, 2, 3, 0, 1, 5, 5, 5], "hlc": [921210, 5]}
INFO:<Node 9>:{"send": false, "recv": true, "to": 9, "from": 6, "vc": [1, 3, 1, 0, 7, 1, 5, 2, 0, 8], "hlc": [921211, 1]}
INFO:<Node 0>:{"send": true, "recv": false, "from": 0, "to": 7, "vc": [4, 1, 4, 0, 0, 0, 0, 0, 0, 0], "hlc": [921211, 0]}
INFO:<Node 3>:{"send": true, "recv": false, "from": 3, "to": 8, "vc": [0, 1, 3, 5, 1, 0, 0, 0, 0, 0], "hlc": [921211, 0]}
INFO:<Node 4>:{"send": true, "recv": false, "from": 4, "to": 8, "vc": [1, 3, 1, 0, 10, 1, 0, 1, 0, 7], "hlc": [921211, 2]}
INFO:<Node 8>:{"send": true, "recv": false, "from": 8, "to": 5, "vc": [0, 0, 0, 2, 1, 0, 1, 1, 6, 5], "hlc": [921211, 0]}
INFO:<Node 9>:{"send": true, "recv": false, "from": 9, "to": 2, "vc": [1, 3, 1, 0, 7, 1, 5, 2, 0, 9], "hlc": [921211, 2]}
INFO:<Node 2>:{"send": false, "recv": true, "to": 2, "from": 9, "vc": [3, 3, 10, 4, 7, 5, 5, 2, 3, 9], "hlc": [921211, 3]}
INFO:<Node 5>:{"send": false, "recv": true, "to": 5, "from": 8, "vc": [3, 1, 8, 4, 1, 7, 1, 1, 6, 6], "hlc": [921211, 1]}
INFO:<Node 7>:{"send": false, "recv": true, "to": 7, "from": 0, "vc": [4, 1, 7, 2, 3, 0, 1, 6, 5, 5], "hlc": [921211, 1]}
INFO:<Node 8>:{"send": false, "recv": true, "to": 8, "from": 3, "vc": [0, 1, 3, 5, 1, 0, 1, 1, 7, 5], "hlc": [921211, 1]}
INFO:<Node 8>:{"send": false, "recv": true, "to": 8, "from": 4, "vc": [1, 3, 3, 5, 10, 1, 1, 1, 8, 7], "hlc": [921211, 3]}
INFO:<Node 0>:{"send": true, "recv": false, "from": 0, "to": 7, "vc": [5, 1, 4, 0, 0, 0, 0, 0, 0, 0], "hlc": [921212, 0]}
INFO:<Node 2>:{"send": true, "recv": false, "from": 2, "to": 6, "vc": [3, 3, 11, 4, 7, 5, 5, 2, 3, 9], "hlc": [921211, 4]}
INFO:<Node 3>:{"send": true, "recv": false, "from": 3, "to": 7, "vc": [0, 1, 3, 6, 1, 0, 0, 0, 0, 0], "hlc": [921211, 1]}
INFO:<Node 4>:{"send": true, "recv": false, "from": 4, "to": 6, "vc": [1, 3, 1, 0, 11, 1, 0, 1, 0, 7], "hlc": [921211, 3]}
INFO:<Node 5>:{"send": true, "recv": false, "from": 5, "to": 4, "vc": [3, 1, 8, 4, 1, 8, 1, 1, 6, 6], "hlc": [921211, 2]}
INFO:<Node 6>:{"send": true, "recv": false, "from": 6, "to": 7, "vc": [1, 3, 1, 0, 7, 1, 6, 2, 0, 3], "hlc": [921211, 0]}
INFO:<Node 7>:{"send": true, "recv": false, "from": 7, "to": 5, "vc": [4, 1, 7, 2, 3, 0, 1, 7, 5, 5], "hlc": [921211, 2]}
INFO:<Node 9>:{"send": true, "recv": false, "from": 9, "to": 8, "vc": [1, 3, 1, 0, 7, 1, 5, 2, 0, 10], "hlc": [921212, 0]}
INFO:<Node 4>:{"send": false, "recv": true, "to": 4, "from": 5, "vc": [3, 3, 8, 4, 12, 8, 1, 1, 6, 7], "hlc": [921211, 4]}
INFO:<Node 5>:{"send": false, "recv": true, "to": 5, "from": 7, "vc": [4, 1, 8, 4, 3, 9, 1, 7, 6, 6], "hlc": [921212, 0]}
INFO:<Node 6>:{"send": false, "recv": true, "to": 6, "from": 2, "vc": [3, 3, 11, 4, 7, 5, 7, 2, 3, 9], "hlc": [921212, 0]}
INFO:<Node 6>:{"send": false, "recv": true, "to": 6, "from": 4, "vc": [3, 3, 11, 4, 11, 5, 8, 2, 3, 9], "hlc": [921212, 1]}
INFO:<Node 7>:{"send": false, "recv": true, "to": 7, "from": 0, "vc": [5, 1, 7, 2, 3, 0, 1, 8, 5, 5], "hlc": [921212, 1]}
INFO:<Node 7>:{"send": false, "recv": true, "to": 7, "from": 3, "vc": [5, 1, 7, 6, 3, 0, 1, 9, 5, 5], "hlc": [921212, 2]}
INFO:<Node 7>:{"send": false, "recv": true, "to": 7, "from": 6, "vc": [5, 3, 7, 6, 7, 1, 6, 10, 5, 5], "hlc": [921212, 3]}
INFO:<Node 8>:{"send": false, "recv": true, "to": 8, "from": 9, "vc": [1, 3, 3, 5, 10, 1, 5, 2, 9, 10], "hlc": [921212, 1]}
INFO:<Node 1>:{"send": true, "recv": false, "from": 1, "to": 7, "vc": [1, 5, 1, 0, 8, 1, 0, 0, 0, 1], "hlc": [921210, 0]}
INFO:<Node 3>:{"send": true, "recv": false, "from": 3, "to": 5, "vc": [0, 1, 3, 7, 1, 0, 0, 0, 0, 0], "hlc": [921212, 0]}
INFO:<Node 6>:{"send": true, "recv": false, "from": 6, "to": 4, "vc": [3, 3, 11, 4, 11, 5, 9, 2, 3, 9], "hlc": [921212, 2]}
INFO:<Node 7>:{"send": true, "recv": false, "from": 7, "to": 4, "vc": [5, 3, 7, 6, 7, 1, 6, 11, 5, 5], "hlc": [921212, 4]}
INFO:<Node 8>:{"send": true, "recv": false, "from": 8, "to": 6, "vc": [1, 3, 3, 5, 10, 1, 5, 2, 10, 10], "hlc": [921212, 2]}
INFO:<Node 9>:{"send": true, "recv": false, "from": 9, "to": 6, "vc": [1, 3, 1, 0, 7, 1, 5, 2, 0, 11], "hlc": [921212, 1]}
INFO:<Node 4>:{"send": false, "recv": true, "to": 4, "from": 6, "vc": [3, 3, 11, 4, 13, 8, 9, 2, 6, 9], "hlc": [921212, 3]}
INFO:<Node 4>:{"send": false, "recv": true, "to": 4, "from": 7, "vc": [5, 3, 11, 6, 14, 8, 9, 11, 6, 9], "hlc": [921212, 5]}
INFO:<Node 5>:{"send": false, "recv": true, "to": 5, "from": 3, "vc": [4, 1, 8, 7, 3, 10, 1, 7, 6, 6], "hlc": [921212, 1]}
INFO:<Node 6>:{"send": false, "recv": true, "to": 6, "from": 8, "vc": [3, 3, 11, 5, 11, 5, 10, 2, 10, 10], "hlc": [921212, 3]}
INFO:<Node 6>:{"send": false, "recv": true, "to": 6, "from": 9, "vc": [3, 3, 11, 5, 11, 5, 11, 2, 10, 11], "hlc": [921212, 4]}
INFO:<Node 7>:{"send": false, "recv": true, "to": 7, "from": 1, "vc": [5, 5, 7, 6, 8, 1, 6, 12, 5, 5], "hlc": [921212, 5]}
INFO:<Node 1>:{"send": true, "recv": false, "from": 1, "to": 6, "vc": [1, 6, 1, 0, 8, 1, 0, 0, 0, 1], "hlc": [921211, 0]}
INFO:<Node 3>:{"send": true, "recv": false, "from": 3, "to": 9, "vc": [0, 1, 3, 8, 1, 0, 0, 0, 0, 0], "hlc": [921212, 1]}
INFO:<Node 4>:{"send": true, "recv": false, "from": 4, "to": 3, "vc": [5, 3, 11, 6, 15, 8, 9, 11, 6, 9], "hlc": [921212, 6]}
INFO:<Node 6>:{"send": true, "recv": false, "from": 6, "to": 3, "vc": [3, 3, 11, 5, 11, 5, 12, 2, 10, 11], "hlc": [921212, 5]}
INFO:<Node 3>:{"send": false, "recv": true, "to": 3, "from": 4, "vc": [5, 3, 11, 9, 15, 8, 9, 11, 6, 9], "hlc": [921213, 0]}
INFO:<Node 3>:{"send": false, "recv": true, "to": 3, "from": 6, "vc": [5, 3, 11, 10, 15, 8, 12, 11, 10, 11], "hlc": [921213, 1]}
INFO:<Node 6>:{"send": false, "recv": true, "to": 6, "from": 1, "vc": [3, 6, 11, 5, 11, 5, 13, 2, 10, 11], "hlc": [921213, 0]}
INFO:<Node 9>:{"send": false, "recv": true, "to": 9, "from": 3, "vc": [1, 3, 3, 8, 7, 1, 5, 2, 0, 12], "hlc": [921213, 0]}
INFO:<Node 0>:{"send": true, "recv": false, "from": 0, "to": 5, "vc": [6, 1, 4, 0, 0, 0, 0, 0, 0, 0], "hlc": [921213, 0]}
INFO:<Node 1>:{"send": true, "recv": false, "from": 1, "to": 9, "vc": [1, 7, 1, 0, 8, 1, 0, 0, 0, 1], "hlc": [921211, 1]}
INFO:<Node 2>:{"send": true, "recv": false, "from": 2, "to": 0, "vc": [3, 3, 12, 4, 7, 5, 5, 2, 3, 9], "hlc": [921212, 0]}
INFO:<Node 3>:{"send": true, "recv": false, "from": 3, "to": 2, "vc": [5, 3, 11, 11, 15, 8, 12, 11, 10, 11], "hlc": [921213, 2]}
INFO:<Node 6>:{"send": true, "recv": false, "from": 6, "to": 4, "vc": [3, 6, 11, 5, 11, 5, 14, 2, 10, 11], "hlc": [921213, 1]}
INFO:<Node 0>:{"send": false, "recv": true, "to": 0, "from": 2, "vc": [7, 3, 12, 4, 7, 5, 5, 2, 3, 9], "hlc": [921214, 0]}
INFO:<Node 2>:{"send": false, "recv": true, "to": 2, "from": 3, "vc": [5, 3, 13, 11, 15, 8, 12, 11, 10, 11], "hlc": [921213, 3]}
INFO:<Node 4>:{"send": false, "recv": true, "to": 4, "from": 6, "vc": [5, 6, 11, 6, 16, 8, 14, 11, 10, 11], "hlc": [921213, 2]}
INFO:<Node 5>:{"send": false, "recv": true, "to": 5, "from": 0, "vc": [6, 1, 8, 7, 3, 11, 1, 7, 6, 6], "hlc": [921213, 1]}
INFO:<Node 9>:{"send": false, "recv": true, "to": 9, "from": 1, "vc": [1, 7, 3, 8, 8, 1, 5, 2, 0, 13], "hlc": [921214, 0]}
INFO:<Node 0>:{"send": true, "recv": false, "from": 0, "to": 5, "vc": [8, 3, 12, 4, 7, 5, 5, 2, 3, 9], "hlc": [921214, 1]}
INFO:<Node 4>:{"send": true, "recv": false, "from": 4, "to": 7, "vc": [5, 6, 11, 6, 17, 8, 14, 11, 10, 11], "hlc": [921213, 3]}
INFO:<Node 5>:{"send": true, "recv": false, "from": 5, "to": 3, "vc": [6, 1, 8, 7, 3, 12, 1, 7, 6, 6], "hlc": [921213, 2]}
INFO:<Node 8>:{"send": true, "recv": false, "from": 8, "to": 9, "vc": [1, 3, 3, 5, 10, 1, 5, 2, 11, 10], "hlc": [921213, 0]}
INFO:<Node 3>:{"send": false, "recv": true, "to": 3, "from": 5, "vc": [6, 3, 11, 12, 15, 12, 12, 11, 10, 11], "hlc": [921214, 0]}
INFO:<Node 5>:{"send": false, "recv": true, "to": 5, "from": 0, "vc": [8, 3, 12, 7, 7, 13, 5, 7, 6, 9], "hlc": [921214, 2]}
INFO:<Node 7>:{"send": false, "recv": true, "to": 7, "from": 4, "vc": [5, 6, 11, 6, 17, 8, 14, 13, 10, 11], "hlc": [921213, 4]}
INFO:<Node 9>:{"send": false, "recv": true, "to": 9, "from": 8, "vc": [1, 7, 3, 8, 10, 1, 5, 2, 11, 14], "hlc": [921214, 1]}
INFO:<Node 0>:{"send": true, "recv": false, "from": 0, "to": 3, "vc": [9, 3, 12, 4, 7, 5, 5, 2, 3, 9], "hlc": [921214, 2]}
INFO:<Node 3>:{"send": true, "recv": false, "from": 3, "to": 1, "vc": [6, 3, 11, 13, 15, 12, 12, 11, 10, 11], "hlc": [921214, 1]}
INFO:<Node 7>:{"send": true, "recv": false, "from": 7, "to": 4, "vc": [5, 6, 11, 6, 17, 8, 14, 14, 10, 11], "hlc": [921213, 5]}
INFO:<Node 8>:{"send": true, "recv": false, "from": 8, "to": 1, "vc": [1, 3, 3, 5, 10, 1, 5, 2, 12, 10], "hlc": [921214, 0]}
INFO:<Node 1>:{"send": false, "recv": true, "to": 1, "from": 3, "vc": [6, 8, 11, 13, 15, 12, 12, 11, 10, 11], "hlc": [921214, 2]}
INFO:<Node 1>:{"send": false, "recv": true, "to": 1, "from": 8, "vc": [6, 9, 11, 13, 15, 12, 12, 11, 12, 11], "hlc": [921214, 3]}
INFO:<Node 3>:{"send": false, "recv": true, "to": 3, "from": 0, "vc": [9, 3, 12, 14, 15, 12, 12, 11, 10, 11], "hlc": [921214, 3]}
INFO:<Node 4>:{"send": false, "recv": true, "to": 4, "from": 7, "vc": [5, 6, 11, 6, 18, 8, 14, 14, 10, 11], "hlc": [921213, 6]}
INFO:<Node 0>:{"send": true, "recv": false, "from": 0, "to": 6, "vc": [10, 3, 12, 4, 7, 5, 5, 2, 3, 9], "hlc": [921215, 0]}
INFO:<Node 1>:{"send": true, "recv": false, "from": 1, "to": 0, "vc": [6, 10, 11, 13, 15, 12, 12, 11, 12, 11], "hlc": [921214, 4]}
INFO:<Node 2>:{"send": true, "recv": false, "from": 2, "to": 6, "vc": [5, 3, 14, 11, 15, 8, 12, 11, 10, 11], "hlc": [921214, 0]}
INFO:<Node 3>:{"send": true, "recv": false, "from": 3, "to": 9, "vc": [9, 3, 12, 15, 15, 12, 12, 11, 10, 11], "hlc": [921214, 4]}
INFO:<Node 7>:{"send": true, "recv": false, "from": 7, "to": 9, "vc": [5, 6, 11, 6, 17, 8, 14, 15, 10, 11], "hlc": [921213, 6]}
INFO:<Node 8>:{"send": true, "recv": false, "from": 8, "to": 2, "vc": [1, 3, 3, 5, 10, 1, 5, 2, 13, 10], "hlc": [921214, 1]}
INFO:<Node 0>:{"send": false, "recv": true, "to": 0, "from": 1, "vc": [11, 10, 12, 13, 15, 12, 12, 11, 12, 11], "hlc": [921215, 1]}
INFO:<Node 2>:{"send": false, "recv": true, "to": 2, "from": 8, "vc": [5, 3, 15, 11, 15, 8, 12, 11, 13, 11], "hlc": [921214, 2]}
INFO:<Node 6>:{"send": false, "recv": true, "to": 6, "from": 0, "vc": [10, 6, 12, 5, 11, 5, 15, 2, 10, 11], "hlc": [921215, 1]}
INFO:<Node 6>:{"send": false, "recv": true, "to": 6, "from": 2, "vc": [10, 6, 14, 11, 15, 8, 16, 11, 10, 11], "hlc": [921215, 2]}
INFO:<Node 9>:{"send": false, "recv": true, "to": 9, "from": 3, "vc": [9, 7, 12, 15, 15, 12, 12, 11, 11, 15], "hlc": [921215, 0]}
INFO:<Node 9>:{"send": false, "recv": true, "to": 9, "from": 7, "vc": [9, 7, 12, 15, 17, 12, 14, 15, 11, 16], "hlc": [921215, 1]}
INFO:<Node 0>:{"send": true, "recv": false, "from": 0, "to": 9, "vc": [12, 10, 12, 13, 15, 12, 12, 11, 12, 11], "hlc": [921215, 2]}
INFO:<Node 2>:{"send": true, "recv": false, "from": 2, "to": 1, "vc": [5, 3, 16, 11, 15, 8, 12, 11, 13, 11], "hlc": [921214, 3]}
INFO:<Node 4>:{"send": true, "recv": false, "from": 4, "to": 9, "vc": [5, 6, 11, 6, 19, 8, 14, 14, 10, 11], "hlc": [921214, 0]}
INFO:<Node 5>:{"send": true, "recv": false, "from": 5, "to": 4, "vc": [8, 3, 12, 7, 7, 14, 5, 7, 6, 9], "hlc": [921215, 0]}
INFO:<Node 7>:{"send": true, "recv": false, "from": 7, "to": 5, "vc": [5, 6, 11, 6, 17, 8, 14, 16, 10, 11], "hlc": [921213, 7]}
INFO:<Node 8>:{"send": true, "recv": false, "from": 8, "to": 4, "vc": [1, 3, 3, 5, 10, 1, 5, 2, 14, 10], "hlc": [921215, 0]}
INFO:<Node 9>:{"send": true, "recv": false, "from": 9, "to": 0, "vc": [9, 7, 12, 15, 17, 12, 14, 15, 11, 17], "hlc": [921215, 2]}
INFO:<Node 0>:{"send": false, "recv": true, "to": 0, "from": 9, "vc": [13, 10, 12, 15, 17, 12, 14, 15, 12, 17], "hlc": [921216, 0]}
INFO:<Node 1>:{"send": false, "recv": true, "to": 1, "from": 2, "vc": [6, 11, 16, 13, 15, 12, 12, 11, 13, 11], "hlc": [921214, 5]}
INFO:<Node 4>:{"send": false, "recv": true, "to": 4, "from": 5, "vc": [8, 6, 12, 7, 20, 14, 14, 14, 10, 11], "hlc": [921215, 1]}
INFO:<Node 4>:{"send": false, "recv": true, "to": 4, "from": 8, "vc": [8, 6, 12, 7, 21, 14, 14, 14, 14, 11], "hlc": [921215, 2]}
INFO:<Node 5>:{"send": false, "recv": true, "to": 5, "from": 7, "vc": [8, 6, 12, 7, 17, 15, 14, 16, 10, 11], "hlc": [921215, 1]}
INFO:<Node 9>:{"send": false, "recv": true, "to": 9, "from": 0, "vc": [12, 10, 12, 15, 17, 12, 14, 15, 12, 18], "hlc": [921216, 0]}
INFO:<Node 9>:{"send": false, "recv": true, "to": 9, "from": 4, "vc": [12, 10, 12, 15, 19, 12, 14, 15, 12, 19], "hlc": [921216, 1]}
INFO:<Node 0>:{"send": true, "recv": false, "from": 0, "to": 3, "vc": [14, 10, 12, 15, 17, 12, 14, 15, 12, 17], "hlc": [921216, 1]}
INFO:<Node 1>:{"send": true, "recv": false, "from": 1, "to": 0, "vc": [6, 12, 16, 13, 15, 12, 12, 11, 13, 11], "hlc": [921214, 6]}
INFO:<Node 2>:{"send": true, "recv": false, "from": 2, "to": 3, "vc": [5, 3, 17, 11, 15, 8, 12, 11, 13, 11], "hlc": [921215, 0]}
INFO:<Node 7>:{"send": true, "recv": false, "from": 7, "to": 3, "vc": [5, 6, 11, 6, 17, 8, 14, 17, 10, 11], "hlc": [921214, 0]}
INFO:<Node 0>:{"send": false, "recv": true, "to": 0, "from": 1, "vc": [15, 12, 16, 15, 17, 12, 14, 15, 13, 17], "hlc": [921216, 2]}
INFO:<Node 3>:{"send": false, "recv": true, "to": 3, "from": 0, "vc": [14, 10, 12, 16, 17, 12, 14, 15, 12, 17], "hlc": [921216, 2]}
INFO:<Node 3>:{"send": false, "recv": true, "to": 3, "from": 2, "vc": [14, 10, 17, 17, 17, 12, 14, 15, 13, 17], "hlc": [921216, 3]}
INFO:<Node 3>:{"send": false, "recv": true, "to": 3, "from": 7, "vc": [14, 10, 17, 18, 17, 12, 14, 17, 13, 17], "hlc": [921216, 4]}
INFO:<Node 0>:{"send": true, "recv": false, "from": 0, "to": 8, "vc": [16, 12, 16, 15, 17, 12, 14, 15, 13, 17], "hlc": [921216, 3]}
INFO:<Node 1>:{"send": true, "recv": false, "from": 1, "to": 2, "vc": [6, 13, 16, 13, 15, 12, 12, 11, 13, 11], "hlc": [921214, 7]}
INFO:<Node 2>:{"send": true, "recv": false, "from": 2, "to": 1, "vc": [5, 3, 18, 11, 15, 8, 12, 11, 13, 11], "hlc": [921215, 1]}
INFO:<Node 4>:{"send": true, "recv": false, "from": 4, "to": 6, "vc": [8, 6, 12, 7, 22, 14, 14, 14, 14, 11], "hlc": [921215, 3]}
INFO:<Node 5>:{"send": true, "recv": false, "from": 5, "to": 0, "vc": [8, 6, 12, 7, 17, 16, 14, 16, 10, 11], "hlc": [921216, 0]}
INFO:<Node 8>:{"send": true, "recv": false, "from": 8, "to": 0, "vc": [1, 3, 3, 5, 10, 1, 5, 2, 15, 10], "hlc": [921216, 0]}
INFO:<Node 0>:{"send": false, "recv": true, "to": 0, "from": 5, "vc": [17, 12, 16, 15, 17, 16, 14, 16, 13, 17], "hlc": [921217, 0]}
INFO:<Node 0>:{"send": false, "recv": true, "to": 0, "from": 8, "vc": [18, 12, 16, 15, 17, 16, 14, 16, 15, 17], "hlc": [921217, 1]}
INFO:<Node 1>:{"send": false, "recv": true, "to": 1, "from": 2, "vc": [6, 14, 18, 13, 15, 12, 12, 11, 13, 11], "hlc": [921215, 2]}
INFO:<Node 2>:{"send": false, "recv": true, "to": 2, "from": 1, "vc": [6, 13, 19, 13, 15, 12, 12, 11, 13, 11], "hlc": [921216, 0]}
INFO:<Node 6>:{"send": false, "recv": true, "to": 6, "from": 4, "vc": [10, 6, 14, 11, 22, 14, 17, 14, 14, 11], "hlc": [921216, 0]}
INFO:<Node 8>:{"send": false, "recv": true, "to": 8, "from": 0, "vc": [16, 12, 16, 15, 17, 12, 14, 15, 16, 17], "hlc": [921216, 4]}
INFO:<Node 1>:{"send": true, "recv": false, "from": 1, "to": 9, "vc": [6, 15, 18, 13, 15, 12, 12, 11, 13, 11], "hlc": [921215, 3]}
INFO:<Node 4>:{"send": true, "recv": false, "from": 4, "to": 1, "vc": [8, 6, 12, 7, 23, 14, 14, 14, 14, 11], "hlc": [921215, 4]}
INFO:<Node 5>:{"send": true, "recv": false, "from": 5, "to": 9, "vc": [8, 6, 12, 7, 17, 17, 14, 16, 10, 11], "hlc": [921216, 1]}
INFO:<Node 6>:{"send": true, "recv": false, "from": 6, "to": 4, "vc": [10, 6, 14, 11, 22, 14, 18, 14, 14, 11], "hlc": [921216, 1]}
INFO:<Node 7>:{"send": true, "recv": false, "from": 7, "to": 9, "vc": [5, 6, 11, 6, 17, 8, 14, 18, 10, 11], "hlc": [921215, 0]}
INFO:<Node 8>:{"send": true, "recv": false, "from": 8, "to": 7, "vc": [16, 12, 16, 15, 17, 12, 14, 15, 17, 17], "hlc": [921216, 5]}
INFO:<Node 9>:{"send": true, "recv": false, "from": 9, "to": 5, "vc": [12, 10, 12, 15, 19, 12, 14, 15, 12, 20], "hlc": [921217, 0]}
INFO:<Node 1>:{"send": false, "recv": true, "to": 1, "from": 4, "vc": [8, 16, 18, 13, 23, 14, 14, 14, 14, 11], "hlc": [921215, 5]}
INFO:<Node 4>:{"send": false, "recv": true, "to": 4, "from": 6, "vc": [10, 6, 14, 11, 24, 14, 18, 14, 14, 11], "hlc": [921216, 2]}
INFO:<Node 5>:{"send": false, "recv": true, "to": 5, "from": 9, "vc": [12, 10, 12, 15, 19, 18, 14, 16, 12, 20], "hlc": [921217, 1]}
INFO:<Node 7>:{"send": false, "recv": true, "to": 7, "from": 8, "vc": [16, 12, 16, 15, 17, 12, 14, 19, 17, 17], "hlc": [921216, 6]}
INFO:<Node 9>:{"send": false, "recv": true, "to": 9, "from": 1, "vc": [12, 15, 18, 15, 19, 12, 14, 15, 13, 21], "hlc": [921218, 0]}
INFO:<Node 9>:{"send": false, "recv": true, "to": 9, "from": 5, "vc": [12, 15, 18, 15, 19, 17, 14, 16, 13, 22], "hlc": [921218, 1]}
INFO:<Node 9>:{"send": false, "recv": true, "to": 9, "from": 7, "vc": [12, 15, 18, 15, 19, 17, 14, 18, 13, 23], "hlc": [921218, 2]}
INFO:<Node 0>:{"send": true, "recv": false, "from": 0, "to": 5, "vc": [19, 12, 16, 15, 17, 16, 14, 16, 15, 17], "hlc": [921217, 2]}
INFO:<Node 3>:{"send": true, "recv": false, "from": 3, "to": 2, "vc": [14, 10, 17, 19, 17, 12, 14, 17, 13, 17], "hlc": [921217, 0]}
INFO:<Node 6>:{"send": true, "recv": false, "from": 6, "to": 8, "vc": [10, 6, 14, 11, 22, 14, 19, 14, 14, 11], "hlc": [921217, 0]}
INFO:<Node 8>:{"send": true, "recv": false, "from": 8, "to": 4, "vc": [16, 12, 16, 15, 17, 12, 14, 15, 18, 17], "hlc": [921217, 0]}
INFO:<Node 9>:{"send": true, "recv": false, "from": 9, "to": 4, "vc": [12, 15, 18, 15, 19, 17, 14, 18, 13, 24], "hlc": [921218, 3]}
INFO:<Node 2>:{"send": false, "recv": true, "to": 2, "from": 3, "vc": [14, 13, 20, 19, 17, 12, 14, 17, 13, 17], "hlc": [921217, 1]}
INFO:<Node 4>:{"send": false, "recv": true, "to": 4, "from": 8, "vc": [16, 12, 16, 15, 25, 14, 18, 15, 18, 17], "hlc": [921217, 1]}
INFO:<Node 4>:{"send": false, "recv": true, "to": 4, "from": 9, "vc": [16, 15, 18, 15, 26, 17, 18, 18, 18, 24], "hlc": [921218, 4]}
INFO:<Node 5>:{"send": false, "recv": true, "to": 5, "from": 0, "vc": [19, 12, 16, 15, 19, 19, 14, 16, 15, 20], "hlc": [921217, 3]}
INFO:<Node 8>:{"send": false, "recv": true, "to": 8, "from": 6, "vc": [16, 12, 16, 15, 22, 14, 19, 15, 19, 17], "hlc": [921217, 1]}
INFO:<Node 0>:{"send": true, "recv": false, "from": 0, "to": 1, "vc": [20, 12, 16, 15, 17, 16, 14, 16, 15, 17], "hlc": [921218, 0]}
INFO:<Node 2>:{"send": true, "recv": false, "from": 2, "to": 8, "vc": [14, 13, 21, 19, 17, 12, 14, 17, 13, 17], "hlc": [921217, 2]}
INFO:<Node 5>:{"send": true, "recv": false, "from": 5, "to": 4, "vc": [19, 12, 16, 15, 19, 20, 14, 16, 15, 20], "hlc": [921217, 4]}
INFO:<Node 6>:{"send": true, "recv": false, "from": 6, "to": 5, "vc": [10, 6, 14, 11, 22, 14, 20, 14, 14, 11], "hlc": [921217, 1]}
INFO:<Node 9>:{"send": true, "recv": false, "from": 9, "to": 8, "vc": [12, 15, 18, 15, 19, 17, 14, 18, 13, 25], "hlc": [921218, 4]}
INFO:<Node 1>:{"send": false, "recv": true, "to": 1, "from": 0, "vc": [20, 17, 18, 15, 23, 16, 14, 16, 15, 17], "hlc": [921218, 1]}
INFO:<Node 4>:{"send": false, "recv": true, "to": 4, "from": 5, "vc": [19, 15, 18, 15, 27, 20, 18, 18, 18, 24], "hlc": [921218, 5]}
INFO:<Node 5>:{"send": false, "recv": true, "to": 5, "from": 6, "vc": [19, 12, 16, 15, 22, 21, 20, 16, 15, 20], "hlc": [921218, 0]}
INFO:<Node 8>:{"send": false, "recv": true, "to": 8, "from": 2, "vc": [16, 13, 21, 19, 22, 14, 19, 17, 20, 17], "hlc": [921218, 0]}
INFO:<Node 8>:{"send": false, "recv": true, "to": 8, "from": 9, "vc": [16, 15, 21, 19, 22, 17, 19, 18, 21, 25], "hlc": [921218, 5]}
INFO:<Node 1>:{"send": true, "recv": false, "from": 1, "to": 2, "vc": [20, 18, 18, 15, 23, 16, 14, 16, 15, 17], "hlc": [921218, 2]}
INFO:<Node 2>:{"send": true, "recv": false, "from": 2, "to": 5, "vc": [14, 13, 22, 19, 17, 12, 14, 17, 13, 17], "hlc": [921217, 3]}
INFO:<Node 4>:{"send": true, "recv": false, "from": 4, "to": 2, "vc": [19, 15, 18, 15, 28, 20, 18, 18, 18, 24], "hlc": [921218, 6]}
INFO:<Node 5>:{"send": true, "recv": false, "from": 5, "to": 3, "vc": [19, 12, 16, 15, 22, 22, 20, 16, 15, 20], "hlc": [921218, 1]}
INFO:<Node 6>:{"send": true, "recv": false, "from": 6, "to": 1, "vc": [10, 6, 14, 11, 22, 14, 21, 14, 14, 11], "hlc": [921218, 0]}
INFO:<Node 7>:{"send": true, "recv": false, "from": 7, "to": 1, "vc": [16, 12, 16, 15, 17, 12, 14, 20, 17, 17], "hlc": [921216, 7]}
INFO:<Node 8>:{"send": true, "recv": false, "from": 8, "to": 3, "vc": [16, 15, 21, 19, 22, 17, 19, 18, 22, 25], "hlc": [921218, 6]}
INFO:<Node 9>:{"send": true, "recv": false, "from": 9, "to": 5, "vc": [12, 15, 18, 15, 19, 17, 14, 18, 13, 26], "hlc": [921219, 0]}
INFO:<Node 1>:{"send": false, "recv": true, "to": 1, "from": 6, "vc": [20, 19, 18, 15, 23, 16, 21, 16, 15, 17], "hlc": [921218, 3]}
INFO:<Node 1>:{"send": false, "recv": true, "to": 1, "from": 7, "vc": [20, 20, 18, 15, 23, 16, 21, 20, 17, 17], "hlc": [921218, 4]}
INFO:<Node 2>:{"send": false, "recv": true, "to": 2, "from": 1, "vc": [20, 18, 23, 19, 23, 16, 14, 17, 15, 17], "hlc": [921218, 3]}
INFO:<Node 2>:{"send": false, "recv": true, "to": 2, "from": 4, "vc": [20, 18, 24, 19, 28, 20, 18, 18, 18, 24], "hlc": [921218, 7]}
INFO:<Node 3>:{"send": false, "recv": true, "to": 3, "from": 5, "vc": [19, 12, 17, 20, 22, 22, 20, 17, 15, 20], "hlc": [921218, 2]}
INFO:<Node 3>:{"send": false, "recv": true, "to": 3, "from": 8, "vc": [19, 15, 21, 21, 22, 22, 20, 18, 22, 25], "hlc": [921218, 7]}
INFO:<Node 5>:{"send": false, "recv": true, "to": 5, "from": 2, "vc": [19, 13, 22, 19, 22, 23, 20, 17, 15, 20], "hlc": [921219, 0]}
INFO:<Node 5>:{"send": false, "recv": true, "to": 5, "from": 9, "vc": [19, 15, 22, 19, 22, 24, 20, 18, 15, 26], "hlc": [921219, 1]}
INFO:<Node 0>:{"send": true, "recv": false, "from": 0, "to": 1, "vc": [21, 12, 16, 15, 17, 16, 14, 16, 15, 17], "hlc": [921219, 0]}
INFO:<Node 1>:{"send": true, "recv": false, "from": 1, "to": 8, "vc": [20, 21, 18, 15, 23, 16, 21, 20, 17, 17], "hlc": [921218, 5]}
INFO:<Node 2>:{"send": true, "recv": false, "from": 2, "to": 3, "vc": [20, 18, 25, 19, 28, 20, 18, 18, 18, 24], "hlc": [921218, 8]}
INFO:<Node 3>:{"send": true, "recv": false, "from": 3, "to": 8, "vc": [19, 15, 21, 22, 22, 22, 20, 18, 22, 25], "hlc": [921218, 8]}
INFO:<Node 4>:{"send": true, "recv": false, "from": 4, "to": 2, "vc": [19, 15, 18, 15, 29, 20, 18, 18, 18, 24], "hlc": [921218, 7]}
INFO:<Node 5>:{"send": true, "recv": false, "from": 5, "to": 4, "vc": [19, 15, 22, 19, 22, 25, 20, 18, 15, 26], "hlc": [921219, 2]}
INFO:<Node 6>:{"send": true, "recv": false, "from": 6, "to": 3, "vc": [10, 6, 14, 11, 22, 14, 22, 14, 14, 11], "hlc": [921218, 1]}
INFO:<Node 7>:{"send": true, "recv": false, "from": 7, "to": 2, "vc": [16, 12, 16, 15, 17, 12, 14, 21, 17, 17], "hlc": [921217, 0]}
INFO:<Node 9>:{"send": true, "recv": false, "from": 9, "to": 4, "vc": [12, 15, 18, 15, 19, 17, 14, 18, 13, 27], "hlc": [921219, 1]}
INFO:<Node 1>:{"send": false, "recv": true, "to": 1, "from": 0, "vc": [21, 22, 18, 15, 23, 16, 21, 20, 17, 17], "hlc": [921219, 1]}
INFO:<Node 2>:{"send": false, "recv": true, "to": 2, "from": 4, "vc": [20, 18, 26, 19, 29, 20, 18, 18, 18, 24], "hlc": [921218, 9]}
INFO:<Node 2>:{"send": false, "recv": true, "to": 2, "from": 7, "vc": [20, 18, 27, 19, 29, 20, 18, 21, 18, 24], "hlc": [921218, 10]}
INFO:<Node 3>:{"send": false, "recv": true, "to": 3, "from": 2, "vc": [20, 18, 25, 23, 28, 22, 20, 18, 22, 25], "hlc": [921219, 0]}
INFO:<Node 3>:{"send": false, "recv": true, "to": 3, "from": 6, "vc": [20, 18, 25, 24, 28, 22, 22, 18, 22, 25], "hlc": [921219, 1]}
INFO:<Node 4>:{"send": false, "recv": true, "to": 4, "from": 5, "vc": [19, 15, 22, 19, 30, 25, 20, 18, 18, 26], "hlc": [921219, 3]}
INFO:<Node 4>:{"send": false, "recv": true, "to": 4, "from": 9, "vc": [19, 15, 22, 19, 31, 25, 20, 18, 18, 27], "hlc": [921219, 4]}
INFO:<Node 8>:{"send": false, "recv": true, "to": 8, "from": 1, "vc": [20, 21, 21, 19, 23, 17, 21, 20, 23, 25], "hlc": [921219, 0]}
INFO:<Node 8>:{"send": false, "recv": true, "to": 8, "from": 3, "vc": [20, 21, 21, 22, 23, 22, 21, 20, 24, 25], "hlc": [921219, 1]}
INFO:<Node 0>:{"send": true, "recv": false, "from": 0, "to": 9, "vc": [22, 12, 16, 15, 17, 16, 14, 16, 15, 17], "hlc": [921219, 1]}
INFO:<Node 1>:{"send": true, "recv": false, "from": 1, "to": 7, "vc": [21, 23, 18, 15, 23, 16, 21, 20, 17, 17], "hlc": [921219, 2]}
INFO:<Node 2>:{"send": true, "recv": false, "from": 2, "to": 1, "vc": [20, 18, 28, 19, 29, 20, 18, 21, 18, 24], "hlc": [921218, 11]}
INFO:<Node 5>:{"send": true, "recv": false, "from": 5, "to": 0, "vc": [19, 15, 22, 19, 22, 26, 20, 18, 15, 26], "hlc": [921219, 3]}
INFO:<Node 7>:{"send": true, "recv": false, "from": 7, "to": 2, "vc": [16, 12, 16, 15, 17, 12, 14, 22, 17, 17], "hlc": [921217, 1]}
INFO:<Node 9>:{"send": true, "recv": false, "from": 9, "to": 8, "vc": [12, 15, 18, 15, 19, 17, 14, 18, 13, 28], "hlc": [921220, 0]}
INFO:<Node 0>:{"send": false, "recv": true, "to": 0, "from": 5, "vc": [23, 15, 22, 19, 22, 26, 20, 18, 15, 26], "hlc": [921220, 0]}
INFO:<Node 1>:{"send": false, "recv": true, "to": 1, "from": 2, "vc": [21, 24, 28, 19, 29, 20, 21, 21, 18, 24], "hlc": [921219, 3]}
INFO:<Node 2>:{"send": false, "recv": true, "to": 2, "from": 7, "vc": [20, 18, 29, 19, 29, 20, 18, 22, 18, 24], "hlc": [921219, 0]}
INFO:<Node 7>:{"send": false, "recv": true, "to": 7, "from": 1, "vc": [21, 23, 18, 15, 23, 16, 21, 23, 17, 17], "hlc": [921219, 3]}
INFO:<Node 8>:{"send": false, "recv": true, "to": 8, "from": 9, "vc": [20, 21, 21, 22, 23, 22, 21, 20, 25, 28], "hlc": [921220, 1]}
INFO:<Node 9>:{"send": false, "recv": true, "to": 9, "from": 0, "vc": [22, 15, 18, 15, 19, 17, 14, 18, 15, 29], "hlc": [921220, 1]}
INFO:<Node 6>:{"send": true, "recv": false, "from": 6, "to": 2, "vc": [10, 6, 14, 11, 22, 14, 23, 14, 14, 11], "hlc": [921219, 0]}
INFO:<Node 8>:{"send": true, "recv": false, "from": 8, "to": 4, "vc": [20, 21, 21, 22, 23, 22, 21, 20, 26, 28], "hlc": [921220, 2]}
INFO:<Node 9>:{"send": true, "recv": false, "from": 9, "to": 4, "vc": [22, 15, 18, 15, 19, 17, 14, 18, 15, 30], "hlc": [921220, 2]}
INFO:<Node 2>:{"send": false, "recv": true, "to": 2, "from": 6, "vc": [20, 18, 30, 19, 29, 20, 23, 22, 18, 24], "hlc": [921219, 1]}
INFO:<Node 4>:{"send": false, "recv": true, "to": 4, "from": 8, "vc": [20, 21, 22, 22, 32, 25, 21, 20, 26, 28], "hlc": [921220, 3]}
INFO:<Node 4>:{"send": false, "recv": true, "to": 4, "from": 9, "vc": [22, 21, 22, 22, 33, 25, 21, 20, 26, 30], "hlc": [921220, 4]}
INFO:<Node 0>:{"send": true, "recv": false, "from": 0, "to": 8, "vc": [24, 15, 22, 19, 22, 26, 20, 18, 15, 26], "hlc": [921220, 1]}
INFO:<Node 1>:{"send": true, "recv": false, "from": 1, "to": 4, "vc": [21, 25, 28, 19, 29, 20, 21, 21, 18, 24], "hlc": [921219, 4]}
INFO:<Node 2>:{"send": true, "recv": false, "from": 2, "to": 8, "vc": [20, 18, 31, 19, 29, 20, 23, 22, 18, 24], "hlc": [921219, 2]}
INFO:<Node 4>:{"send": true, "recv": false, "from": 4, "to": 8, "vc": [22, 21, 22, 22, 34, 25, 21, 20, 26, 30], "hlc": [921220, 5]}
INFO:<Node 6>:{"send": true, "recv": false, "from": 6, "to": 5, "vc": [10, 6, 14, 11, 22, 14, 24, 14, 14, 11], "hlc": [921220, 0]}
INFO:<Node 7>:{"send": true, "recv": false, "from": 7, "to": 9, "vc": [21, 23, 18, 15, 23, 16, 21, 24, 17, 17], "hlc": [921219, 4]}
INFO:<Node 4>:{"send": false, "recv": true, "to": 4, "from": 1, "vc": [22, 25, 28, 22, 35, 25, 21, 21, 26, 30], "hlc": [921220, 6]}
INFO:<Node 5>:{"send": false, "recv": true, "to": 5, "from": 6, "vc": [19, 15, 22, 19, 22, 27, 24, 18, 15, 26], "hlc": [921221, 0]}
INFO:<Node 8>:{"send": false, "recv": true, "to": 8, "from": 0, "vc": [24, 21, 22, 22, 23, 26, 21, 20, 27, 28], "hlc": [921220, 3]}
INFO:<Node 8>:{"send": false, "recv": true, "to": 8, "from": 2, "vc": [24, 21, 31, 22, 29, 26, 23, 22, 28, 28], "hlc": [921220, 4]}
INFO:<Node 8>:{"send": false, "recv": true, "to": 8, "from": 4, "vc": [24, 21, 31, 22, 34, 26, 23, 22, 29, 30], "hlc": [921220, 6]}
INFO:<Node 9>:{"send": false, "recv": true, "to": 9, "from": 7, "vc": [22, 23, 18, 15, 23, 17, 21, 24, 17, 31], "hlc": [921221, 0]}
INFO:<Node 0>:{"send": true, "recv": false, "from": 0, "to": 3, "vc": [25, 15, 22, 19, 22, 26, 20, 18, 15, 26], "hlc": [921221, 0]}
INFO:<Node 1>:{"send": true, "recv": false, "from": 1, "to": 6, "vc": [21, 26, 28, 19, 29, 20, 21, 21, 18, 24], "hlc": [921219, 5]}
INFO:<Node 3>:{"send": true, "recv": false, "from": 3, "to": 0, "vc": [20, 18, 25, 25, 28, 22, 22, 18, 22, 25], "hlc": [921220, 0]}
INFO:<Node 6>:{"send": true, "recv": false, "from": 6, "to": 2, "vc": [10, 6, 14, 11, 22, 14, 25, 14, 14, 11], "hlc": [921220, 1]}
INFO:<Node 7>:{"send": true, "recv": false, "from": 7, "to": 3, "vc": [21, 23, 18, 15, 23, 16, 21, 25, 17, 17], "hlc": [921219, 5]}
INFO:<Node 9>:{"send": true, "recv": false, "from": 9, "to": 2, "vc": [22, 23, 18, 15, 23, 17, 21, 24, 17, 32], "hlc": [921221, 1]}
INFO:<Node 0>:{"send": false, "recv": true, "to": 0, "from": 3, "vc": [26, 18, 25, 25, 28, 26, 22, 18, 22, 26], "hlc": [921221, 1]}
INFO:<Node 2>:{"send": false, "recv": true, "to": 2, "from": 6, "vc": [20, 18, 32, 19, 29, 20, 25, 22, 18, 24], "hlc": [921220, 2]}
INFO:<Node 2>:{"send": false, "recv": true, "to": 2, "from": 9, "vc": [22, 23, 33, 19, 29, 20, 25, 24, 18, 32], "hlc": [921221, 2]}
INFO:<Node 3>:{"send": false, "recv": true, "to": 3, "from": 0, "vc": [25, 18, 25, 26, 28, 26, 22, 18, 22, 26], "hlc": [921221, 1]}
INFO:<Node 3>:{"send": false, "recv": true, "to": 3, "from": 7, "vc": [25, 23, 25, 27, 28, 26, 22, 25, 22, 26], "hlc": [921221, 2]}
INFO:<Node 6>:{"send": false, "recv": true, "to": 6, "from": 1, "vc": [21, 26, 28, 19, 29, 20, 26, 21, 18, 24], "hlc": [921221, 0]}
INFO:<Node 0>:{"send": true, "recv": false, "from": 0, "to": 8, "vc": [27, 18, 25, 25, 28, 26, 22, 18, 22, 26], "hlc": [921221, 2]}
INFO:<Node 1>:{"send": true, "recv": false, "from": 1, "to": 3, "vc": [21, 27, 28, 19, 29, 20, 21, 21, 18, 24], "hlc": [921219, 6]}
INFO:<Node 2>:{"send": true, "recv": false, "from": 2, "to": 8, "vc": [22, 23, 34, 19, 29, 20, 25, 24, 18, 32], "hlc": [921221, 3]}
INFO:<Node 3>:{"send": true, "recv": false, "from": 3, "to": 8, "vc": [25, 23, 25, 28, 28, 26, 22, 25, 22, 26], "hlc": [921221, 3]}
INFO:<Node 5>:{"send": true, "recv": false, "from": 5, "to": 6, "vc": [19, 15, 22, 19, 22, 28, 24, 18, 15, 26], "hlc": [921221, 1]}
INFO:<Node 6>:{"send": true, "recv": false, "from": 6, "to": 0, "vc": [21, 26, 28, 19, 29, 20, 27, 21, 18, 24], "hlc": [921221, 1]}
INFO:<Node 8>:{"send": true, "recv": false, "from": 8, "to": 4, "vc": [24, 21, 31, 22, 34, 26, 23, 22, 30, 30], "hlc": [921221, 0]}
INFO:<Node 9>:{"send": true, "recv": false, "from": 9, "to": 4, "vc": [22, 23, 18, 15, 23, 17, 21, 24, 17, 33], "hlc": [921222, 0]}
INFO:<Node 0>:{"send": false, "recv": true, "to": 0, "from": 6, "vc": [28, 26, 28, 25, 29, 26, 27, 21, 22, 26], "hlc": [921222, 0]}
INFO:<Node 3>:{"send": false, "recv": true, "to": 3, "from": 1, "vc": [25, 27, 28, 29, 29, 26, 22, 25, 22, 26], "hlc": [921221, 4]}
INFO:<Node 4>:{"send": false, "recv": true, "to": 4, "from": 8, "vc": [24, 25, 31, 22, 36, 26, 23, 22, 30, 30], "hlc": [921221, 1]}
INFO:<Node 4>:{"send": false, "recv": true, "to": 4, "from": 9, "vc": [24, 25, 31, 22, 37, 26, 23, 24, 30, 33], "hlc": [921222, 1]}
INFO:<Node 6>:{"send": false, "recv": true, "to": 6, "from": 5, "vc": [21, 26, 28, 19, 29, 28, 28, 21, 18, 26], "hlc": [921221, 2]}
INFO:<Node 8>:{"send": false, "recv": true, "to": 8, "from": 0, "vc": [27, 21, 31, 25, 34, 26, 23, 22, 31, 30], "hlc": [921221, 3]}
INFO:<Node 8>:{"send": false, "recv": true, "to": 8, "from": 2, "vc": [27, 23, 34, 25, 34, 26, 25, 24, 32, 32], "hlc": [921221, 4]}
INFO:<Node 8>:{"send": false, "recv": true, "to": 8, "from": 3, "vc": [27, 23, 34, 28, 34, 26, 25, 25, 33, 32], "hlc": [921221, 5]}
INFO:<Node 2>:{"send": true, "recv": false, "from": 2, "to": 3, "vc": [22, 23, 35, 19, 29, 20, 25, 24, 18, 32], "hlc": [921221, 4]}
INFO:<Node 3>:{"send": true, "recv": false, "from": 3, "to": 1, "vc": [25, 27, 28, 30, 29, 26, 22, 25, 22, 26], "hlc": [921221, 5]}
INFO:<Node 5>:{"send": true, "recv": false, "from": 5, "to": 2, "vc": [19, 15, 22, 19, 22, 29, 24, 18, 15, 26], "hlc": [921222, 0]}
INFO:<Node 7>:{"send": true, "recv": false, "from": 7, "to": 4, "vc": [21, 23, 18, 15, 23, 16, 21, 26, 17, 17], "hlc": [921220, 0]}
INFO:<Node 8>:{"send": true, "recv": false, "from": 8, "to": 6, "vc": [27, 23, 34, 28, 34, 26, 25, 25, 34, 32], "hlc": [921221, 6]}
INFO:<Node 1>:{"send": false, "recv": true, "to": 1, "from": 3, "vc": [25, 28, 28, 30, 29, 26, 22, 25, 22, 26], "hlc": [921221, 6]}
INFO:<Node 2>:{"send": false, "recv": true, "to": 2, "from": 5, "vc": [22, 23, 36, 19, 29, 29, 25, 24, 18, 32], "hlc": [921222, 1]}
INFO:<Node 3>:{"send": false, "recv": true, "to": 3, "from": 2, "vc": [25, 27, 35, 31, 29, 26, 25, 25, 22, 32], "hlc": [921222, 0]}
INFO:<Node 4>:{"send": false, "recv": true, "to": 4, "from": 7, "vc": [24, 25, 31, 22, 38, 26, 23, 26, 30, 33], "hlc": [921222, 2]}
INFO:<Node 6>:{"send": false, "recv": true, "to": 6, "from": 8, "vc": [27, 26, 34, 28, 34, 28, 29, 25, 34, 32], "hlc": [921222, 0]}
INFO:<Node 2>:{"send": true, "recv": false, "from": 2, "to": 0, "vc": [22, 23, 37, 19, 29, 29, 25, 24, 18, 32], "hlc": [921222, 2]}
INFO:<Node 4>:{"send": true, "recv": false, "from": 4, "to": 1, "vc": [24, 25, 31, 22, 39, 26, 23, 26, 30, 33], "hlc": [921222, 3]}
INFO:<Node 5>:{"send": true, "recv": false, "from": 5, "to": 6, "vc": [19, 15, 22, 19, 22, 30, 24, 18, 15, 26], "hlc": [921222, 1]}
INFO:<Node 6>:{"send": true, "recv": false, "from": 6, "to": 7, "vc": [27, 26, 34, 28, 34, 28, 30, 25, 34, 32], "hlc": [921222, 1]}
INFO:<Node 8>:{"send": true, "recv": false, "from": 8, "to": 7, "vc": [27, 23, 34, 28, 34, 26, 25, 25, 35, 32], "hlc": [921222, 0]}
INFO:<Node 9>:{"send": true, "recv": false, "from": 9, "to": 2, "vc": [22, 23, 18, 15, 23, 17, 21, 24, 17, 34], "hlc": [921223, 0]}
INFO:<Node 0>:{"send": false, "recv": true, "to": 0, "from": 2, "vc": [29, 26, 37, 25, 29, 29, 27, 24, 22, 32], "hlc": [921223, 0]}
INFO:<Node 1>:{"send": false, "recv": true, "to": 1, "from": 4, "vc": [25, 29, 31, 30, 39, 26, 23, 26, 30, 33], "hlc": [921222, 4]}
INFO:<Node 2>:{"send": false, "recv": true, "to": 2, "from": 9, "vc": [22, 23, 38, 19, 29, 29, 25, 24, 18, 34], "hlc": [921223, 1]}
INFO:<Node 6>:{"send": false, "recv": true, "to": 6, "from": 5, "vc": [27, 26, 34, 28, 34, 30, 31, 25, 34, 32], "hlc": [921222, 2]}
INFO:<Node 7>:{"send": false, "recv": true, "to": 7, "from": 6, "vc": [27, 26, 34, 28, 34, 28, 30, 27, 34, 32], "hlc": [921222, 2]}
INFO:<Node 7>:{"send": false, "recv": true, "to": 7, "from": 8, "vc": [27, 26, 34, 28, 34, 28, 30, 28, 35, 32], "hlc": [921222, 3]}
INFO:<Node 0>:{"send": true, "recv": false, "from": 0, "to": 8, "vc": [30, 26, 37, 25, 29, 29, 27, 24, 22, 32], "hlc": [921223, 1]}
INFO:<Node 4>:{"send": true, "recv": false, "from": 4, "to": 7, "vc": [24, 25, 31, 22, 40, 26, 23, 26, 30, 33], "hlc": [921222, 4]}
INFO:<Node 5>:{"send": true, "recv": false, "from": 5, "to": 6, "vc": [19, 15, 22, 19, 22, 31, 24, 18, 15, 26], "hlc": [921223, 0]}
INFO:<Node 6>:{"send": true, "recv": false, "from": 6, "to": 2, "vc": [27, 26, 34, 28, 34, 30, 32, 25, 34, 32], "hlc": [921222, 3]}
INFO:<Node 7>:{"send": true, "recv": false, "from": 7, "to": 9, "vc": [27, 26, 34, 28, 34, 28, 30, 29, 35, 32], "hlc": [921222, 4]}
INFO:<Node 9>:{"send": true, "recv": false, "from": 9, "to": 3, "vc": [22, 23, 18, 15, 23, 17, 21, 24, 17, 35], "hlc": [921223, 1]}
INFO:<Node 2>:{"send": false, "recv": true, "to": 2, "from": 6, "vc": [27, 26, 39, 28, 34, 30, 32, 25, 34, 34], "hlc": [921223, 2]}
INFO:<Node 3>:{"send": false, "recv": true, "to": 3, "from": 9, "vc": [25, 27, 35, 32, 29, 26, 25, 25, 22, 35], "hlc": [921223, 2]}
INFO:<Node 6>:{"send": false, "recv": true, "to": 6, "from": 5, "vc": [27, 26, 34, 28, 34, 31, 33, 25, 34, 32], "hlc": [921223, 1]}
INFO:<Node 7>:{"send": false, "recv": true, "to": 7, "from": 4, "vc": [27, 26, 34, 28, 40, 28, 30, 30, 35, 33], "hlc": [921222, 5]}
INFO:<Node 8>:{"send": false, "recv": true, "to": 8, "from": 0, "vc": [30, 26, 37, 28, 34, 29, 27, 25, 36, 32], "hlc": [921223, 2]}
INFO:<Node 9>:{"send": false, "recv": true, "to": 9, "from": 7, "vc": [27, 26, 34, 28, 34, 28, 30, 29, 35, 36], "hlc": [921224, 0]}
INFO:<Node 0>:{"send": true, "recv": false, "from": 0, "to": 5, "vc": [31, 26, 37, 25, 29, 29, 27, 24, 22, 32], "hlc": [921223, 2]}
INFO:<Node 3>:{"send": true, "recv": false, "from": 3, "to": 5, "vc": [25, 27, 35, 33, 29, 26, 25, 25, 22, 35], "hlc": [921223, 3]}
INFO:<Node 4>:{"send": true, "recv": false, "from": 4, "to": 2, "vc": [24, 25, 31, 22, 41, 26, 23, 26, 30, 33], "hlc": [921222, 5]}
INFO:<Node 5>:{"send": true, "recv": false, "from": 5, "to": 4, "vc": [19, 15, 22, 19, 22, 32, 24, 18, 15, 26], "hlc": [921223, 1]}
INFO:<Node 6>:{"send": true, "recv": false, "from": 6, "to": 3, "vc": [27, 26, 34, 28, 34, 31, 34, 25, 34, 32], "hlc": [921223, 2]}
INFO:<Node 8>:{"send": true, "recv": false, "from": 8, "to": 3, "vc": [30, 26, 37, 28, 34, 29, 27, 25, 37, 32], "hlc": [921223, 3]}
INFO:<Node 2>:{"send": false, "recv": true, "to": 2, "from": 4, "vc": [27, 26, 40, 28, 41, 30, 32, 26, 34, 34], "hlc": [921223, 3]}
INFO:<Node 3>:{"send": false, "recv": true, "to": 3, "from": 6, "vc": [27, 27, 35, 34, 34, 31, 34, 25, 34, 35], "hlc": [921223, 4]}
INFO:<Node 3>:{"send": false, "recv": true, "to": 3, "from": 8, "vc": [30, 27, 37, 35, 34, 31, 34, 25, 37, 35], "hlc": [921223, 5]}
INFO:<Node 4>:{"send": false, "recv": true, "to": 4, "from": 5, "vc": [24, 25, 31, 22, 42, 32, 24, 26, 30, 33], "hlc": [921223, 2]}
INFO:<Node 5>:{"send": false, "recv": true, "to": 5, "from": 0, "vc": [31, 26, 37, 25, 29, 33, 27, 24, 22, 32], "hlc": [921224, 0]}
INFO:<Node 5>:{"send": false, "recv": true, "to": 5, "from": 3, "vc": [31, 27, 37, 33, 29, 34, 27, 25, 22, 35], "hlc": [921224, 1]}
INFO:<Node 0>:{"send": true, "recv": false, "from": 0, "to": 7, "vc": [32, 26, 37, 25, 29, 29, 27, 24, 22, 32], "hlc": [921224, 0]}
INFO:<Node 2>:{"send": true, "recv": false, "from": 2, "to": 3, "vc": [27, 26, 41, 28, 41, 30, 32, 26, 34, 34], "hlc": [921223, 4]}
INFO:<Node 3>:{"send": true, "recv": false, "from": 3, "to": 8, "vc": [30, 27, 37, 36, 34, 31, 34, 25, 37, 35], "hlc": [921223, 6]}
INFO:<Node 5>:{"send": true, "recv": false, "from": 5, "to": 9, "vc": [31, 27, 37, 33, 29, 35, 27, 25, 22, 35], "hlc": [921224, 2]}
INFO:<Node 6>:{"send": true, "recv": false, "from": 6, "to": 4, "vc": [27, 26, 34, 28, 34, 31, 35, 25, 34, 32], "hlc": [921223, 3]}
INFO:<Node 7>:{"send": true, "recv": false, "from": 7, "to": 6, "vc": [27, 26, 34, 28, 40, 28, 30, 31, 35, 33], "hlc": [921222, 6]}
INFO:<Node 3>:{"send": false, "recv": true, "to": 3, "from": 2, "vc": [30, 27, 41, 37, 41, 31, 34, 26, 37, 35], "hlc": [921224, 0]}
INFO:<Node 4>:{"send": false, "recv": true, "to": 4, "from": 6, "vc": [27, 26, 34, 28, 43, 32, 35, 26, 34, 33], "hlc": [921223, 4]}
INFO:<Node 6>:{"send": false, "recv": true, "to": 6, "from": 7, "vc": [27, 26, 34, 28, 40, 31, 36, 31, 35, 33], "hlc": [921224, 0]}
INFO:<Node 7>:{"send": false, "recv": true, "to": 7, "from": 0, "vc": [32, 26, 37, 28, 40, 29, 30, 32, 35, 33], "hlc": [921224, 1]}
INFO:<Node 8>:{"send": false, "recv": true, "to": 8, "from": 3, "vc": [30, 27, 37, 36, 34, 31, 34, 25, 38, 35], "hlc": [921224, 0]}
INFO:<Node 9>:{"send": false, "recv": true, "to": 9, "from": 5, "vc": [31, 27, 37, 33, 34, 35, 30, 29, 35, 37], "hlc": [921225, 0]}
INFO:<Node 0>:{"send": true, "recv": false, "from": 0, "to": 2, "vc": [33, 26, 37, 25, 29, 29, 27, 24, 22, 32], "hlc": [921224, 1]}
INFO:<Node 1>:{"send": true, "recv": false, "from": 1, "to": 2, "vc": [25, 30, 31, 30, 39, 26, 23, 26, 30, 33], "hlc": [921222, 5]}
INFO:<Node 2>:{"send": true, "recv": false, "from": 2, "to": 0, "vc": [27, 26, 42, 28, 41, 30, 32, 26, 34, 34], "hlc": [921223, 5]}
INFO:<Node 3>:{"send": true, "recv": false, "from": 3, "to": 0, "vc": [30, 27, 41, 38, 41, 31, 34, 26, 37, 35], "hlc": [921224, 1]}
INFO:<Node 4>:{"send": true, "recv": false, "from": 4, "to": 9, "vc": [27, 26, 34, 28, 44, 32, 35, 26, 34, 33], "hlc": [921223, 5]}
INFO:<Node 5>:{"send": true, "recv": false, "from": 5, "to": 0, "vc": [31, 27, 37, 33, 29, 36, 27, 25, 22, 35], "hlc": [921224, 3]}
INFO:<Node 7>:{"send": true, "recv": false, "from": 7, "to": 5, "vc": [32, 26, 37, 28, 40, 29, 30, 33, 35, 33], "hlc": [921224, 2]}
INFO:<Node 8>:{"send": true, "recv": false, "from": 8, "to": 4, "vc": [30, 27, 37, 36, 34, 31, 34, 25, 39, 35], "hlc": [921224, 1]}
INFO:<Node 9>:{"send": true, "recv": false, "from": 9, "to": 0, "vc": [31, 27, 37, 33, 34, 35, 30, 29, 35, 38], "hlc": [921225, 1]}
INFO:<Node 0>:{"send": false, "recv": true, "to": 0, "from": 2, "vc": [34, 26, 42, 28, 41, 30, 32, 26, 34, 34], "hlc": [921225, 0]}
INFO:<Node 0>:{"send": false, "recv": true, "to": 0, "from": 3, "vc": [35, 27, 42, 38, 41, 31, 34, 26, 37, 35], "hlc": [921225, 1]}
INFO:<Node 0>:{"send": false, "recv": true, "to": 0, "from": 5, "vc": [36, 27, 42, 38, 41, 36, 34, 26, 37, 35], "hlc": [921225, 2]}
INFO:<Node 0>:{"send": false, "recv": true, "to": 0, "from": 9, "vc": [37, 27, 42, 38, 41, 36, 34, 29, 37, 38], "hlc": [921225, 3]}
INFO:<Node 2>:{"send": false, "recv": true, "to": 2, "from": 0, "vc": [33, 26, 43, 28, 41, 30, 32, 26, 34, 34], "hlc": [921224, 2]}
INFO:<Node 2>:{"send": false, "recv": true, "to": 2, "from": 1, "vc": [33, 30, 44, 30, 41, 30, 32, 26, 34, 34], "hlc": [921224, 3]}
INFO:<Node 4>:{"send": false, "recv": true, "to": 4, "from": 8, "vc": [30, 27, 37, 36, 45, 32, 35, 26, 39, 35], "hlc": [921224, 2]}
INFO:<Node 5>:{"send": false, "recv": true, "to": 5, "from": 7, "vc": [32, 27, 37, 33, 40, 37, 30, 33, 35, 35], "hlc": [921225, 0]}
INFO:<Node 9>:{"send": false, "recv": true, "to": 9, "from": 4, "vc": [31, 27, 37, 33, 44, 35, 35, 29, 35, 39], "hlc": [921225, 2]}
INFO:<Node 0>:{"send": true, "recv": false, "from": 0, "to": 1, "vc": [38, 27, 42, 38, 41, 36, 34, 29, 37, 38], "hlc": [921225, 4]}
INFO:<Node 1>:{"send": true, "recv": false, "from": 1, "to": 6, "vc": [25, 31, 31, 30, 39, 26, 23, 26, 30, 33], "hlc": [921223, 0]}
INFO:<Node 3>:{"send": true, "recv": false, "from": 3, "to": 6, "vc": [30, 27, 41, 39, 41, 31, 34, 26, 37, 35], "hlc": [921224, 2]}
INFO:<Node 7>:{"send": true, "recv": false, "from": 7, "to": 4, "vc": [32, 26, 37, 28, 40, 29, 30, 34, 35, 33], "hlc": [921224, 3]}
INFO:<Node 8>:{"send": true, "recv": false, "from": 8, "to": 1, "vc": [30, 27, 37, 36, 34, 31, 34, 25, 40, 35], "hlc": [921224, 2]}
INFO:<Node 1>:{"send": false, "recv": true, "to": 1, "from": 0, "vc": [38, 32, 42, 38, 41, 36, 34, 29, 37, 38], "hlc": [921225, 5]}
INFO:<Node 1>:{"send": false, "recv": true, "to": 1, "from": 8, "vc": [38, 33, 42, 38, 41, 36, 34, 29, 40, 38], "hlc": [921225, 6]}
INFO:<Node 4>:{"send": false, "recv": true, "to": 4, "from": 7, "vc": [32, 27, 37, 36, 46, 32, 35, 34, 39, 35], "hlc": [921224, 4]}
INFO:<Node 6>:{"send": false, "recv": true, "to": 6, "from": 1, "vc": [27, 31, 34, 30, 40, 31, 37, 31, 35, 33], "hlc": [921225, 0]}
INFO:<Node 6>:{"send": false, "recv": true, "to": 6, "from": 3, "vc": [30, 31, 41, 39, 41, 31, 38, 31, 37, 35], "hlc": [921225, 1]}
INFO:<Node 1>:{"send": true, "recv": false, "from": 1, "to": 6, "vc": [38, 34, 42, 38, 41, 36, 34, 29, 40, 38], "hlc": [921225, 7]}
INFO:<Node 4>:{"send": true, "recv": false, "from": 4, "to": 7, "vc": [32, 27, 37, 36, 47, 32, 35, 34, 39, 35], "hlc": [921224, 5]}
INFO:<Node 5>:{"send": true, "recv": false, "from": 5, "to": 1, "vc": [32, 27, 37, 33, 40, 38, 30, 33, 35, 35], "hlc": [921225, 1]}
INFO:<Node 6>:{"send": true, "recv": false, "from": 6, "to": 4, "vc": [30, 31, 41, 39, 41, 31, 39, 31, 37, 35], "hlc": [921225, 2]}
INFO:<Node 1>:{"send": false, "recv": true, "to": 1, "from": 5, "vc": [38, 35, 42, 38, 41, 38, 34, 33, 40, 38], "hlc": [921225, 8]}
INFO:<Node 4>:{"send": false, "recv": true, "to": 4, "from": 6, "vc": [32, 31, 41, 39, 48, 32, 39, 34, 39, 35], "hlc": [921225, 3]}
INFO:<Node 6>:{"send": false, "recv": true, "to": 6, "from": 1, "vc": [38, 34, 42, 39, 41, 36, 40, 31, 40, 38], "hlc": [921225, 8]}
INFO:<Node 7>:{"send": false, "recv": true, "to": 7, "from": 4, "vc": [32, 27, 37, 36, 47, 32, 35, 35, 39, 35], "hlc": [921224, 6]}
INFO:<Node 3>:{"send": true, "recv": false, "from": 3, "to": 4, "vc": [30, 27, 41, 40, 41, 31, 34, 26, 37, 35], "hlc": [921225, 0]}
INFO:<Node 4>:{"send": true, "recv": false, "from": 4, "to": 5, "vc": [32, 31, 41, 39, 49, 32, 39, 34, 39, 35], "hlc": [921225, 4]}
INFO:<Node 6>:{"send": true, "recv": false, "from": 6, "to": 9, "vc": [38, 34, 42, 39, 41, 36, 41, 31, 40, 38], "hlc": [921225, 9]}
INFO:<Node 9>:{"send": true, "recv": false, "from": 9, "to": 7, "vc": [31, 27, 37, 33, 44, 35, 35, 29, 35, 40], "hlc": [921226, 0]}
INFO:<Node 4>:{"send": false, "recv": true, "to": 4, "from": 3, "vc": [32, 31, 41, 40, 50, 32, 39, 34, 39, 35], "hlc": [921225, 5]}
INFO:<Node 5>:{"send": false, "recv": true, "to": 5, "from": 4, "vc": [32, 31, 41, 39, 49, 39, 39, 34, 39, 35], "hlc": [921226, 0]}
INFO:<Node 7>:{"send": false, "recv": true, "to": 7, "from": 9, "vc": [32, 27, 37, 36, 47, 35, 35, 36, 39, 40], "hlc": [921226, 1]}
INFO:<Node 9>:{"send": false, "recv": true, "to": 9, "from": 6, "vc": [38, 34, 42, 39, 44, 36, 41, 31, 40, 41], "hlc": [921227, 0]}
INFO:<Node 0>:{"send": true, "recv": false, "from": 0, "to": 7, "vc": [39, 27, 42, 38, 41, 36, 34, 29, 37, 38], "hlc": [921226, 0]}
INFO:<Node 2>:{"send": true, "recv": false, "from": 2, "to": 1, "vc": [33, 30, 45, 30, 41, 30, 32, 26, 34, 34], "hlc": [921225, 0]}
INFO:<Node 3>:{"send": true, "recv": false, "from": 3, "to": 7, "vc": [30, 27, 41, 41, 41, 31, 34, 26, 37, 35], "hlc": [921226, 0]}
INFO:<Node 4>:{"send": true, "recv": false, "from": 4, "to": 5, "vc": [32, 31, 41, 40, 51, 32, 39, 34, 39, 35], "hlc": [921225, 6]}
INFO:<Node 5>:{"send": true, "recv": false, "from": 5, "to": 0, "vc": [32, 31, 41, 39, 49, 40, 39, 34, 39, 35], "hlc": [921226, 1]}
INFO:<Node 6>:{"send": true, "recv": false, "from": 6, "to": 5, "vc": [38, 34, 42, 39, 41, 36, 42, 31, 40, 38], "hlc": [921226, 0]}
INFO:<Node 7>:{"send": true, "recv": false, "from": 7, "to": 5, "vc": [32, 27, 37, 36, 47, 35, 35, 37, 39, 40], "hlc": [921226, 2]}
INFO:<Node 8>:{"send": true, "recv": false, "from": 8, "to": 4, "vc": [30, 27, 37, 36, 34, 31, 34, 25, 41, 35], "hlc": [921226, 0]}
INFO:<Node 9>:{"send": true, "recv": false, "from": 9, "to": 8, "vc": [38, 34, 42, 39, 44, 36, 41, 31, 40, 42], "hlc": [921227, 1]}
INFO:<Node 0>:{"send": false, "recv": true, "to": 0, "from": 5, "vc": [40, 31, 42, 39, 49, 40, 39, 34, 39, 38], "hlc": [921227, 0]}
INFO:<Node 1>:{"send": false, "recv": true, "to": 1, "from": 2, "vc": [38, 36, 45, 38, 41, 38, 34, 33, 40, 38], "hlc": [921225, 9]}
INFO:<Node 4>:{"send": false, "recv": true, "to": 4, "from": 8, "vc": [32, 31, 41, 40, 52, 32, 39, 34, 41, 35], "hlc": [921226, 1]}
INFO:<Node 5>:{"send": false, "recv": true, "to": 5, "from": 4, "vc": [32, 31, 41, 40, 51, 41, 39, 34, 39, 35], "hlc": [921227, 0]}
INFO:<Node 5>:{"send": false, "recv": true, "to": 5, "from": 6, "vc": [38, 34, 42, 40, 51, 42, 42, 34, 40, 38], "hlc": [921227, 1]}
INFO:<Node 5>:{"send": false, "recv": true, "to": 5, "from": 7, "vc": [38, 34, 42, 40, 51, 43, 42, 37, 40, 40], "hlc": [921227, 2]}
INFO:<Node 7>:{"send": false, "recv": true, "to": 7, "from": 0, "vc": [39, 27, 42, 38, 47, 36, 35, 38, 39, 40], "hlc": [921226, 3]}
INFO:<Node 7>:{"send": false, "recv": true, "to": 7, "from": 3, "vc": [39, 27, 42, 41, 47, 36, 35, 39, 39, 40], "hlc": [921226, 4]}
INFO:<Node 8>:{"send": false, "recv": true, "to": 8, "from": 9, "vc": [38, 34, 42, 39, 44, 36, 41, 31, 42, 42], "hlc": [921227, 2]}
INFO:<Node 0>:{"send": true, "recv": false, "from": 0, "to": 9, "vc": [41, 31, 42, 39, 49, 40, 39, 34, 39, 38], "hlc": [921227, 1]}
INFO:<Node 3>:{"send": true, "recv": false, "from": 3, "to": 6, "vc": [30, 27, 41, 42, 41, 31, 34, 26, 37, 35], "hlc": [921226, 1]}
INFO:<Node 7>:{"send": true, "recv": false, "from": 7, "to": 8, "vc": [39, 27, 42, 41, 47, 36, 35, 40, 39, 40], "hlc": [921226, 5]}
INFO:<Node 8>:{"send": true, "recv": false, "from": 8, "to": 1, "vc": [38, 34, 42, 39, 44, 36, 41, 31, 43, 42], "hlc": [921227, 3]}
INFO:<Node 1>:{"send": false, "recv": true, "to": 1, "from": 8, "vc": [38, 37, 45, 39, 44, 38, 41, 33, 43, 42], "hlc": [921227, 4]}
INFO:<Node 6>:{"send": false, "recv": true, "to": 6, "from": 3, "vc": [38, 34, 42, 42, 41, 36, 43, 31, 40, 38], "hlc": [921227, 0]}
INFO:<Node 8>:{"send": false, "recv": true, "to": 8, "from": 7, "vc": [39, 34, 42, 41, 47, 36, 41, 40, 44, 42], "hlc": [921227, 4]}
INFO:<Node 9>:{"send": false, "recv": true, "to": 9, "from": 0, "vc": [41, 34, 42, 39, 49, 40, 41, 34, 40, 43], "hlc": [921228, 0]}
INFO:<Node 4>:{"send": true, "recv": false, "from": 4, "to": 8, "vc": [32, 31, 41, 40, 53, 32, 39, 34, 41, 35], "hlc": [921226, 2]}
INFO:<Node 5>:{"send": true, "recv": false, "from": 5, "to": 1, "vc": [38, 34, 42, 40, 51, 44, 42, 37, 40, 40], "hlc": [921227, 3]}
INFO:<Node 6>:{"send": true, "recv": false, "from": 6, "to": 2, "vc": [38, 34, 42, 42, 41, 36, 44, 31, 40, 38], "hlc": [921227, 1]}
INFO:<Node 7>:{"send": true, "recv": false, "from": 7, "to": 5, "vc": [39, 27, 42, 41, 47, 36, 35, 41, 39, 40], "hlc": [921226, 6]}
INFO:<Node 8>:{"send": true, "recv": false, "from": 8, "to": 4, "vc": [39, 34, 42, 41, 47, 36, 41, 40, 45, 42], "hlc": [921227, 5]}
INFO:<Node 9>:{"send": true, "recv": false, "from": 9, "to": 5, "vc": [41, 34, 42, 39, 49, 40, 41, 34, 40, 44], "hlc": [921228, 1]}
INFO:<Node 1>:{"send": false, "recv": true, "to": 1, "from": 5, "vc": [38, 38, 45, 40, 51, 44, 42, 37, 43, 42], "hlc": [921227, 5]}
INFO:<Node 2>:{"send": false, "recv": true, "to": 2, "from": 6, "vc": [38, 34, 46, 42, 41, 36, 44, 31, 40, 38], "hlc": [921227, 2]}
INFO:<Node 4>:{"send": false, "recv": true, "to": 4, "from": 8, "vc": [39, 34, 42, 41, 54, 36, 41, 40, 45, 42], "hlc": [921227, 6]}
INFO:<Node 5>:{"send": false, "recv": true, "to": 5, "from": 7, "vc": [39, 34, 42, 41, 51, 45, 42, 41, 40, 40], "hlc": [921228, 0]}
INFO:<Node 5>:{"send": false, "recv": true, "to": 5, "from": 9, "vc": [41, 34, 42, 41, 51, 46, 42, 41, 40, 44], "hlc": [921228, 2]}
INFO:<Node 8>:{"send": false, "recv": true, "to": 8, "from": 4, "vc": [39, 34, 42, 41, 53, 36, 41, 40, 46, 42], "hlc": [921227, 6]}
INFO:<Node 0>:{"send": true, "recv": false, "from": 0, "to": 5, "vc": [42, 31, 42, 39, 49, 40, 39, 34, 39, 38], "hlc": [921228, 0]}
INFO:<Node 1>:{"send": true, "recv": false, "from": 1, "to": 6, "vc": [38, 39, 45, 40, 51, 44, 42, 37, 43, 42], "hlc": [921227, 6]}
INFO:<Node 3>:{"send": true, "recv": false, "from": 3, "to": 7, "vc": [30, 27, 41, 43, 41, 31, 34, 26, 37, 35], "hlc": [921227, 0]}
INFO:<Node 6>:{"send": true, "recv": false, "from": 6, "to": 4, "vc": [38, 34, 42, 42, 41, 36, 45, 31, 40, 38], "hlc": [921227, 2]}
INFO:<Node 8>:{"send": true, "recv": false, "from": 8, "to": 3, "vc": [39, 34, 42, 41, 53, 36, 41, 40, 47, 42], "hlc": [921227, 7]}
INFO:<Node 9>:{"send": true, "recv": false, "from": 9, "to": 2, "vc": [41, 34, 42, 39, 49, 40, 41, 34, 40, 45], "hlc": [921228, 2]}
INFO:<Node 2>:{"send": false, "recv": true, "to": 2, "from": 9, "vc": [41, 34, 47, 42, 49, 40, 44, 34, 40, 45], "hlc": [921228, 3]}
INFO:<Node 3>:{"send": false, "recv": true, "to": 3, "from": 8, "vc": [39, 34, 42, 44, 53, 36, 41, 40, 47, 42], "hlc": [921228, 0]}
INFO:<Node 4>:{"send": false, "recv": true, "to": 4, "from": 6, "vc": [39, 34, 42, 42, 55, 36, 45, 40, 45, 42], "hlc": [921227, 7]}
INFO:<Node 5>:{"send": false, "recv": true, "to": 5, "from": 0, "vc": [42, 34, 42, 41, 51, 47, 42, 41, 40, 44], "hlc": [921228, 3]}
INFO:<Node 6>:{"send": false, "recv": true, "to": 6, "from": 1, "vc": [38, 39, 45, 42, 51, 44, 46, 37, 43, 42], "hlc": [921228, 0]}
INFO:<Node 7>:{"send": false, "recv": true, "to": 7, "from": 3, "vc": [39, 27, 42, 43, 47, 36, 35, 42, 39, 40], "hlc": [921227, 1]}
INFO:<Node 0>:{"send": true, "recv": false, "from": 0, "to": 8, "vc": [43, 31, 42, 39, 49, 40, 39, 34, 39, 38], "hlc": [921229, 0]}
INFO:<Node 1>:{"send": true, "recv": false, "from": 1, "to": 0, "vc": [38, 40, 45, 40, 51, 44, 42, 37, 43, 42], "hlc": [921227, 7]}
INFO:<Node 4>:{"send": true, "recv": false, "from": 4, "to": 7, "vc": [39, 34, 42, 42, 56, 36, 45, 40, 45, 42], "hlc": [921227, 8]}
INFO:<Node 6>:{"send": true, "recv": false, "from": 6, "to": 7, "vc": [38, 39, 45, 42, 51, 44, 47, 37, 43, 42], "hlc": [921228, 1]}
INFO:<Node 8>:{"send": true, "recv": false, "from": 8, "to": 9, "vc": [39, 34, 42, 41, 53, 36, 41, 40, 48, 42], "hlc": [921228, 0]}
INFO:<Node 9>:{"send": true, "recv": false, "from": 9, "to": 5, "vc": [41, 34, 42, 39, 49, 40, 41, 34, 40, 46], "hlc": [921229, 0]}
INFO:<Node 0>:{"send": false, "recv": true, "to": 0, "from": 1, "vc": [44, 40, 45, 40, 51, 44, 42, 37, 43, 42], "hlc": [921229, 1]}
INFO:<Node 5>:{"send": false, "recv": true, "to": 5, "from": 9, "vc": [42, 34, 42, 41, 51, 48, 42, 41, 40, 46], "hlc": [921229, 1]}
INFO:<Node 7>:{"send": false, "recv": true, "to": 7, "from": 4, "vc": [39, 34, 42, 43, 56, 36, 45, 43, 45, 42], "hlc": [921227, 9]}
INFO:<Node 7>:{"send": false, "recv": true, "to": 7, "from": 6, "vc": [39, 39, 45, 43, 56, 44, 47, 44, 45, 42], "hlc": [921228, 2]}
INFO:<Node 8>:{"send": false, "recv": true, "to": 8, "from": 0, "vc": [43, 34, 42, 41, 53, 40, 41, 40, 49, 42], "hlc": [921229, 1]}
INFO:<Node 9>:{"send": false, "recv": true, "to": 9, "from": 8, "vc": [41, 34, 42, 41, 53, 40, 41, 40, 48, 47], "hlc": [921229, 1]}
INFO:<Node 1>:{"send": true, "recv": false, "from": 1, "to": 7, "vc": [38, 41, 45, 40, 51, 44, 42, 37, 43, 42], "hlc": [921227, 8]}
INFO:<Node 2>:{"send": true, "recv": false, "from": 2, "to": 4, "vc": [41, 34, 48, 42, 49, 40, 44, 34, 40, 45], "hlc": [921228, 4]}
INFO:<Node 6>:{"send": true, "recv": false, "from": 6, "to": 9, "vc": [38, 39, 45, 42, 51, 44, 48, 37, 43, 42], "hlc": [921228, 2]}
INFO:<Node 4>:{"send": false, "recv": true, "to": 4, "from": 2, "vc": [41, 34, 48, 42, 57, 40, 45, 40, 45, 45], "hlc": [921228, 5]}
INFO:<Node 7>:{"send": false, "recv": true, "to": 7, "from": 1, "vc": [39, 41, 45, 43, 56, 44, 47, 45, 45, 42], "hlc": [921228, 3]}
INFO:<Node 9>:{"send": false, "recv": true, "to": 9, "from": 6, "vc": [41, 39, 45, 42, 53, 44, 48, 40, 48, 48], "hlc": [921230, 0]}
INFO:<Node 2>:{"send": true, "recv": false, "from": 2, "to": 6, "vc": [41, 34, 49, 42, 49, 40, 44, 34, 40, 45], "hlc": [921228, 5]}
INFO:<Node 3>:{"send": true, "recv": false, "from": 3, "to": 7, "vc": [39, 34, 42, 45, 53, 36, 41, 40, 47, 42], "hlc": [921229, 0]}
INFO:<Node 4>:{"send": true, "recv": false, "from": 4, "to": 9, "vc": [41, 34, 48, 42, 58, 40, 45, 40, 45, 45], "hlc": [921228, 6]}
INFO:<Node 7>:{"send": true, "recv": false, "from": 7, "to": 5, "vc": [39, 41, 45, 43, 56, 44, 47, 46, 45, 42], "hlc": [921228, 4]}
INFO:<Node 8>:{"send": true, "recv": false, "from": 8, "to": 0, "vc": [43, 34, 42, 41, 53, 40, 41, 40, 50, 42], "hlc": [921229, 2]}
INFO:<Node 9>:{"send": true, "recv": false, "from": 9, "to": 2, "vc": [41, 39, 45, 42, 53, 44, 48, 40, 48, 49], "hlc": [921230, 1]}
INFO:<Node 0>:{"send": false, "recv": true, "to": 0, "from": 8, "vc": [45, 40, 45, 41, 53, 44, 42, 40, 50, 42], "hlc": [921230, 0]}
INFO:<Node 2>:{"send": false, "recv": true, "to": 2, "from": 9, "vc": [41, 39, 50, 42, 53, 44, 48, 40, 48, 49], "hlc": [921230, 2]}
INFO:<Node 5>:{"send": false, "recv": true, "to": 5, "from": 7, "vc": [42, 41, 45, 43, 56, 49, 47, 46, 45, 46], "hlc": [921230, 0]}
INFO:<Node 6>:{"send": false, "recv": true, "to": 6, "from": 2, "vc": [41, 39, 49, 42, 51, 44, 49, 37, 43, 45], "hlc": [921229, 0]}
INFO:<Node 7>:{"send": false, "recv": true, "to": 7, "from": 3, "vc": [39, 41, 45, 45, 56, 44, 47, 47, 47, 42], "hlc": [921229, 1]}
INFO:<Node 9>:{"send": false, "recv": true, "to": 9, "from": 4, "vc": [41, 39, 48, 42, 58, 44, 48, 40, 48, 50], "hlc": [921230, 2]}
INFO:<Node 0>:{"send": true, "recv": false, "from": 0, "to": 6, "vc": [46, 40, 45, 41, 53, 44, 42, 40, 50, 42], "hlc": [921230, 1]}
INFO:<Node 1>:{"send": true, "recv": false, "from": 1, "to": 0, "vc": [38, 42, 45, 40, 51, 44, 42, 37, 43, 42], "hlc": [921228, 0]}
INFO:<Node 3>:{"send": true, "recv": false, "from": 3, "to": 2, "vc": [39, 34, 42, 46, 53, 36, 41, 40, 47, 42], "hlc": [921229, 1]}
INFO:<Node 4>:{"send": true, "recv": false, "from": 4, "to": 2, "vc": [41, 34, 48, 42, 59, 40, 45, 40, 45, 45], "hlc": [921229, 0]}
INFO:<Node 5>:{"send": true, "recv": false, "from": 5, "to": 9, "vc": [42, 41, 45, 43, 56, 50, 47, 46, 45, 46], "hlc": [921230, 1]}
INFO:<Node 6>:{"send": true, "recv": false, "from": 6, "to": 8, "vc": [41, 39, 49, 42, 51, 44, 50, 37, 43, 45], "hlc": [921229, 1]}
INFO:<Node 7>:{"send": true, "recv": false, "from": 7, "to": 3, "vc": [39, 41, 45, 45, 56, 44, 47, 48, 47, 42], "hlc": [921229, 2]}
INFO:<Node 8>:{"send": true, "recv": false, "from": 8, "to": 5, "vc": [43, 34, 42, 41, 53, 40, 41, 40, 51, 42], "hlc": [921229, 3]}
INFO:<Node 0>:{"send": false, "recv": true, "to": 0, "from": 1, "vc": [47, 42, 45, 41, 53, 44, 42, 40, 50, 42], "hlc": [921231, 0]}
INFO:<Node 2>:{"send": false, "recv": true, "to": 2, "from": 3, "vc": [41, 39, 51, 46, 53, 44, 48, 40, 48, 49], "hlc": [921230, 3]}
INFO:<Node 2>:{"send": false, "recv": true, "to": 2, "from": 4, "vc": [41, 39, 52, 46, 59, 44, 48, 40, 48, 49], "hlc": [921230, 4]}
INFO:<Node 3>:{"send": false, "recv": true, "to": 3, "from": 7, "vc": [39, 41, 45, 47, 56, 44, 47, 48, 47, 42], "hlc": [921230, 0]}
INFO:<Node 5>:{"send": false, "recv": true, "to": 5, "from": 8, "vc": [43, 41, 45, 43, 56, 51, 47, 46, 51, 46], "hlc": [921230, 2]}
INFO:<Node 6>:{"send": false, "recv": true, "to": 6, "from": 0, "vc": [46, 40, 49, 42, 53, 44, 51, 40, 50, 45], "hlc": [921230, 2]}
INFO:<Node 8>:{"send": false, "recv": true, "to": 8, "from": 6, "vc": [43, 39, 49, 42, 53, 44, 50, 40, 52, 45], "hlc": [921230, 0]}
INFO:<Node 9>:{"send": false, "recv": true, "to": 9, "from": 5, "vc": [42, 41, 48, 43, 58, 50, 48, 46, 48, 51], "hlc": [921231, 0]}
INFO:<Node 0>:{"send": true, "recv": false, "from": 0, "to": 6, "vc": [48, 42, 45, 41, 53, 44, 42, 40, 50, 42], "hlc": [921231, 1]}
INFO:<Node 1>:{"send": true, "recv": false, "from": 1, "to": 0, "vc": [38, 43, 45, 40, 51, 44, 42, 37, 43, 42], "hlc": [921228, 1]}
INFO:<Node 5>:{"send": true, "recv": false, "from": 5, "to": 0, "vc": [43, 41, 45, 43, 56, 52, 47, 46, 51, 46], "hlc": [921230, 3]}
INFO:<Node 6>:{"send": true, "recv": false, "from": 6, "to": 5, "vc": [46, 40, 49, 42, 53, 44, 52, 40, 50, 45], "hlc": [921230, 3]}
INFO:<Node 7>:{"send": true, "recv": false, "from": 7, "to": 6, "vc": [39, 41, 45, 45, 56, 44, 47, 49, 47, 42], "hlc": [921229, 3]}
INFO:<Node 8>:{"send": true, "recv": false, "from": 8, "to": 9, "vc": [43, 39, 49, 42, 53, 44, 50, 40, 53, 45], "hlc": [921230, 1]}
INFO:<Node 0>:{"send": false, "recv": true, "to": 0, "from": 1, "vc": [49, 43, 45, 41, 53, 44, 42, 40, 50, 42], "hlc": [921231, 2]}
INFO:<Node 0>:{"send": false, "recv": true, "to": 0, "from": 5, "vc": [50, 43, 45, 43, 56, 52, 47, 46, 51, 46], "hlc": [921231, 3]}
INFO:<Node 5>:{"send": false, "recv": true, "to": 5, "from": 6, "vc": [46, 41, 49, 43, 56, 53, 52, 46, 51, 46], "hlc": [921231, 0]}
INFO:<Node 6>:{"send": false, "recv": true, "to": 6, "from": 0, "vc": [48, 42, 49, 42, 53, 44, 53, 40, 50, 45], "hlc": [921231, 2]}
INFO:<Node 6>:{"send": false, "recv": true, "to": 6, "from": 7, "vc": [48, 42, 49, 45, 56, 44, 54, 49, 50, 45], "hlc": [921231, 3]}
INFO:<Node 9>:{"send": false, "recv": true, "to": 9, "from": 8, "vc": [43, 41, 49, 43, 58, 50, 50, 46, 53, 52], "hlc": [921231, 1]}
INFO:<Node 0>:{"send": true, "recv": false, "from": 0, "to": 4, "vc": [51, 43, 45, 43, 56, 52, 47, 46, 51, 46], "hlc": [921231, 4]}
INFO:<Node 2>:{"send": true, "recv": false, "from": 2, "to": 6, "vc": [41, 39, 53, 46, 59, 44, 48, 40, 48, 49], "hlc": [921230, 5]}
INFO:<Node 4>:{"send": true, "recv": false, "from": 4, "to": 6, "vc": [41, 34, 48, 42, 60, 40, 45, 40, 45, 45], "hlc": [921230, 0]}
INFO:<Node 5>:{"send": true, "recv": false, "from": 5, "to": 6, "vc": [46, 41, 49, 43, 56, 54, 52, 46, 51, 46], "hlc": [921231, 1]}
INFO:<Node 7>:{"send": true, "recv": false, "from": 7, "to": 2, "vc": [39, 41, 45, 45, 56, 44, 47, 50, 47, 42], "hlc": [921229, 4]}
INFO:<Node 8>:{"send": true, "recv": false, "from": 8, "to": 2, "vc": [43, 39, 49, 42, 53, 44, 50, 40, 54, 45], "hlc": [921230, 2]}
INFO:<Node 2>:{"send": false, "recv": true, "to": 2, "from": 7, "vc": [41, 41, 54, 46, 59, 44, 48, 50, 48, 49], "hlc": [921230, 6]}
INFO:<Node 2>:{"send": false, "recv": true, "to": 2, "from": 8, "vc": [43, 41, 55, 46, 59, 44, 50, 50, 54, 49], "hlc": [921230, 7]}
INFO:<Node 4>:{"send": false, "recv": true, "to": 4, "from": 0, "vc": [51, 43, 48, 43, 61, 52, 47, 46, 51, 46], "hlc": [921231, 5]}
INFO:<Node 6>:{"send": false, "recv": true, "to": 6, "from": 2, "vc": [48, 42, 53, 46, 59, 44, 55, 49, 50, 49], "hlc": [921231, 4]}
INFO:<Node 6>:{"send": false, "recv": true, "to": 6, "from": 4, "vc": [48, 42, 53, 46, 60, 44, 56, 49, 50, 49], "hlc": [921231, 5]}
INFO:<Node 6>:{"send": false, "recv": true, "to": 6, "from": 5, "vc": [48, 42, 53, 46, 60, 54, 57, 49, 51, 49], "hlc": [921231, 6]}
INFO:<Node 0>:{"send": true, "recv": false, "from": 0, "to": 5, "vc": [52, 43, 45, 43, 56, 52, 47, 46, 51, 46], "hlc": [921232, 0]}
INFO:<Node 2>:{"send": true, "recv": false, "from": 2, "to": 0, "vc": [43, 41, 56, 46, 59, 44, 50, 50, 54, 49], "hlc": [921230, 8]}
INFO:<Node 4>:{"send": true, "recv": false, "from": 4, "to": 6, "vc": [51, 43, 48, 43, 62, 52, 47, 46, 51, 46], "hlc": [921231, 6]}
INFO:<Node 5>:{"send": true, "recv": false, "from": 5, "to": 9, "vc": [46, 41, 49, 43, 56, 55, 52, 46, 51, 46], "hlc": [921231, 2]}
INFO:<Node 7>:{"send": true, "recv": false, "from": 7, "to": 2, "vc": [39, 41, 45, 45, 56, 44, 47, 51, 47, 42], "hlc": [921229, 5]}
INFO:<Node 8>:{"send": true, "recv": false, "from": 8, "to": 7, "vc": [43, 39, 49, 42, 53, 44, 50, 40, 55, 45], "hlc": [921231, 0]}
INFO:<Node 0>:{"send": false, "recv": true, "to": 0, "from": 2, "vc": [53, 43, 56, 46, 59, 52, 50, 50, 54, 49], "hlc": [921232, 1]}
INFO:<Node 2>:{"send": false, "recv": true, "to": 2, "from": 7, "vc": [43, 41, 57, 46, 59, 44, 50, 51, 54, 49], "hlc": [921231, 0]}
INFO:<Node 5>:{"send": false, "recv": true, "to": 5, "from": 0, "vc": [52, 43, 49, 43, 56, 56, 52, 46, 51, 46], "hlc": [921232, 1]}
INFO:<Node 6>:{"send": false, "recv": true, "to": 6, "from": 4, "vc": [51, 43, 53, 46, 62, 54, 58, 49, 51, 49], "hlc": [921231, 7]}
INFO:<Node 7>:{"send": false, "recv": true, "to": 7, "from": 8, "vc": [43, 41, 49, 45, 56, 44, 50, 52, 55, 45], "hlc": [921231, 1]}
INFO:<Node 9>:{"send": false, "recv": true, "to": 9, "from": 5, "vc": [46, 41, 49, 43, 58, 55, 52, 46, 53, 53], "hlc": [921232, 0]}
INFO:<Node 0>:{"send": true, "recv": false, "from": 0, "to": 2, "vc": [54, 43, 56, 46, 59, 52, 50, 50, 54, 49], "hlc": [921232, 2]}
INFO:<Node 2>:{"send": true, "recv": false, "from": 2, "to": 5, "vc": [43, 41, 58, 46, 59, 44, 50, 51, 54, 49], "hlc": [921231, 1]}
INFO:<Node 5>:{"send": true, "recv": false, "from": 5, "to": 3, "vc": [52, 43, 49, 43, 56, 57, 52, 46, 51, 46], "hlc": [921232, 2]}
INFO:<Node 6>:{"send": true, "recv": false, "from": 6, "to": 0, "vc": [51, 43, 53, 46, 62, 54, 59, 49, 51, 49], "hlc": [921231, 8]}
INFO:<Node 8>:{"send": true, "recv": false, "from": 8, "to": 9, "vc": [43, 39, 49, 42, 53, 44, 50, 40, 56, 45], "hlc": [921231, 1]}
INFO:<Node 0>:{"send": false, "recv": true, "to": 0, "from": 6, "vc": [55, 43, 56, 46, 62, 54, 59, 50, 54, 49], "hlc": [921233, 0]}
INFO:<Node 2>:{"send": false, "recv": true, "to": 2, "from": 0, "vc": [54, 43, 59, 46, 59, 52, 50, 51, 54, 49], "hlc": [921232, 3]}
INFO:<Node 3>:{"send": false, "recv": true, "to": 3, "from": 5, "vc": [52, 43, 49, 48, 56, 57, 52, 48, 51, 46], "hlc": [921232, 3]}
INFO:<Node 5>:{"send": false, "recv": true, "to": 5, "from": 2, "vc": [52, 43, 58, 46, 59, 58, 52, 51, 54, 49], "hlc": [921232, 3]}
INFO:<Node 9>:{"send": false, "recv": true, "to": 9, "from": 8, "vc": [46, 41, 49, 43, 58, 55, 52, 46, 56, 54], "hlc": [921233, 0]}
INFO:<Node 0>:{"send": true, "recv": false, "from": 0, "to": 1, "vc": [56, 43, 56, 46, 62, 54, 59, 50, 54, 49], "hlc": [921233, 1]}
INFO:<Node 1>:{"send": true, "recv": false, "from": 1, "to": 8, "vc": [38, 44, 45, 40, 51, 44, 42, 37, 43, 42], "hlc": [921230, 0]}
INFO:<Node 3>:{"send": true, "recv": false, "from": 3, "to": 5, "vc": [52, 43, 49, 49, 56, 57, 52, 48, 51, 46], "hlc": [921232, 4]}
INFO:<Node 5>:{"send": true, "recv": false, "from": 5, "to": 6, "vc": [52, 43, 58, 46, 59, 59, 52, 51, 54, 49], "hlc": [921232, 4]}
INFO:<Node 8>:{"send": true, "recv": false, "from": 8, "to": 9, "vc": [43, 39, 49, 42, 53, 44, 50, 40, 57, 45], "hlc": [921232, 0]}
INFO:<Node 1>:{"send": false, "recv": true, "to": 1, "from": 0, "vc": [56, 45, 56, 46, 62, 54, 59, 50, 54, 49], "hlc": [921233, 2]}
INFO:<Node 5>:{"send": false, "recv": true, "to": 5, "from": 3, "vc": [52, 43, 58, 49, 59, 60, 52, 51, 54, 49], "hlc": [921233, 0]}
INFO:<Node 6>:{"send": false, "recv": true, "to": 6, "from": 5, "vc": [52, 43, 58, 46, 62, 59, 60, 51, 54, 49], "hlc": [921232, 5]}
INFO:<Node 8>:{"send": false, "recv": true, "to": 8, "from": 1, "vc": [43, 44, 49, 42, 53, 44, 50, 40, 58, 45], "hlc": [921232, 1]}
INFO:<Node 9>:{"send": false, "recv": true, "to": 9, "from": 8, "vc": [46, 41, 49, 43, 58, 55, 52, 46, 57, 55], "hlc": [921233, 1]}
INFO:<Node 0>:{"send": true, "recv": false, "from": 0, "to": 3, "vc": [57, 43, 56, 46, 62, 54, 59, 50, 54, 49], "hlc": [921233, 2]}
INFO:<Node 1>:{"send": true, "recv": false, "from": 1, "to": 9, "vc": [56, 46, 56, 46, 62, 54, 59, 50, 54, 49], "hlc": [921233, 3]}
INFO:<Node 2>:{"send": true, "recv": false, "from": 2, "to": 9, "vc": [54, 43, 60, 46, 59, 52, 50, 51, 54, 49], "hlc": [921232, 4]}
INFO:<Node 3>:{"send": true, "recv": false, "from": 3, "to": 5, "vc": [52, 43, 49, 50, 56, 57, 52, 48, 51, 46], "hlc": [921232, 5]}
INFO:<Node 4>:{"send": true, "recv": false, "from": 4, "to": 3, "vc": [51, 43, 48, 43, 63, 52, 47, 46, 51, 46], "hlc": [921232, 0]}
INFO:<Node 6>:{"send": true, "recv": false, "from": 6, "to": 8, "vc": [52, 43, 58, 46, 62, 59, 61, 51, 54, 49], "hlc": [921232, 6]}
INFO:<Node 7>:{"send": true, "recv": false, "from": 7, "to": 3, "vc": [43, 41, 49, 45, 56, 44, 50, 53, 55, 45], "hlc": [921231, 2]}
INFO:<Node 9>:{"send": true, "recv": false, "from": 9, "to": 8, "vc": [46, 41, 49, 43, 58, 55, 52, 46, 57, 56], "hlc": [921233, 2]}
INFO:<Node 3>:{"send": false, "recv": true, "to": 3, "from": 0, "vc": [57, 43, 56, 51, 62, 57, 59, 50, 54, 49], "hlc": [921233, 3]}
INFO:<Node 3>:{"send": false, "recv": true, "to": 3, "from": 4, "vc": [57, 43, 56, 52, 63, 57, 59, 50, 54, 49], "hlc": [921233, 4]}
INFO:<Node 3>:{"send": false, "recv": true, "to": 3, "from": 7, "vc": [57, 43, 56, 53, 63, 57, 59, 53, 55, 49], "hlc": [921233, 5]}
INFO:<Node 5>:{"send": false, "recv": true, "to": 5, "from": 3, "vc": [52, 43, 58, 50, 59, 61, 52, 51, 54, 49], "hlc": [921233, 1]}
INFO:<Node 8>:{"send": false, "recv": true, "to": 8, "from": 6, "vc": [52, 44, 58, 46, 62, 59, 61, 51, 59, 49], "hlc": [921233, 0]}
INFO:<Node 8>:{"send": false, "recv": true, "to": 8, "from": 9, "vc": [52, 44, 58, 46, 62, 59, 61, 51, 60, 56], "hlc": [921233, 3]}
INFO:<Node 9>:{"send": false, "recv": true, "to": 9, "from": 1, "vc": [56, 46, 56, 46, 62, 55, 59, 50, 57, 57], "hlc": [921234, 0]}
INFO:<Node 9>:{"send": false, "recv": true, "to": 9, "from": 2, "vc": [56, 46, 60, 46, 62, 55, 59, 51, 57, 58], "hlc": [921234, 1]}
