INFO:root:Random workload: num sockets: 10, num iterations: 50, base address: 49400, chance of send: 3 in 5, round delay (s): 0.5, max clock drift (s): 2.5, actual clock drifts: [1.3484901519573986, -2.3859834006511313, 2.2389229927111245, -0.792183923213754, -1.0718442932344963, -1.116559109844184, -2.1709045751900122, -0.32028555885919374, 0.127823842933803, 1.2834751534718984]
INFO:<Node 1>:{"send": true, "recv": false, "from": 1, "to": 5, "vc": [0, 1, 0, 0, 0, 0, 0, 0, 0, 0], "hlc": [921523, 1]}
INFO:<Node 3>:{"send": true, "recv": false, "from": 3, "to": 9, "vc": [0, 0, 0, 1, 0, 0, 0, 0, 0, 0], "hlc": [921523, 1]}
INFO:<Node 7>:{"send": true, "recv": false, "from": 7, "to": 4, "vc": [0, 0, 0, 0, 0, 0, 0, 1, 0, 0], "hlc": [921523, 1]}
INFO:<Node 8>:{"send": true, "recv": false, "from": 8, "to": 6, "vc": [0, 0, 0, 0, 0, 0, 0, 0, 1, 0], "hlc": [921523, 1]}
INFO:<Node 9>:{"send": true, "recv": false, "from": 9, "to": 5, "vc": [0, 0, 0, 0, 0, 0, 0, 0, 0, 1], "hlc": [921524, 0]}
INFO:<Node 4>:{"send": false, "recv": true, "to": 4, "from": 7, "vc": [0, 0, 0, 0, 1, 0, 0, 1, 0, 0], "hlc": [921523, 2]}
INFO:<Node 5>:{"send": false, "recv": true, "to": 5, "from": 1, "vc": [0, 1, 0, 0, 0, 1, 0, 0, 0, 0], "hlc": [921523, 2]}
INFO:<Node 5>:{"send": false, "recv": true, "to": 5, "from": 9, "vc": [0, 1, 0, 0, 0, 2, 0, 0, 0, 1], "hlc": [921524, 1]}
INFO:<Node 6>:{"send": false, "recv": true, "to": 6, "from": 8, "vc": [0, 0, 0, 0, 0, 0, 1, 0, 1, 0], "hlc": [921523, 2]}
INFO:<Node 9>:{"send": false, "recv": true, "to": 9, "from": 3, "vc": [0, 0, 0, 1, 0, 0, 0, 0, 0, 2], "hlc": [921525, 0]}
INFO:<Node 0>:{"send": true, "recv": false, "from": 0, "to": 7, "vc": [1, 0, 0, 0, 0, 0, 0, 0, 0, 0], "hlc": [921525, 0]}
INFO:<Node 1>:{"send": true, "recv": false, "from": 1, "to": 0, "vc": [0, 2, 0, 0, 0, 0, 0, 0, 0, 0], "hlc": [921523, 2]}
INFO:<Node 2>:{"send": true, "recv": false, "from": 2, "to": 3, "vc": [0, 0, 1, 0, 0, 0, 0, 0, 0, 0], "hlc": [921526, 0]}
INFO:<Node 3>:{"send": true, "recv": false, "from": 3, "to": 6, "vc": [0, 0, 0, 2, 0, 0, 0, 0, 0, 0], "hlc": [921523, 2]}
INFO:<Node 4>:{"send": true, "recv": false, "from": 4, "to": 6, "vc": [0, 0, 0, 0, 2, 0, 0, 1, 0, 0], "hlc": [921523, 3]}
INFO:<Node 5>:{"send": true, "recv": false, "from": 5, "to": 7, "vc": [0, 1, 0, 0, 0, 3, 0, 0, 0, 1], "hlc": [921524, 2]}
INFO:<Node 6>:{"send": true, "recv": false, "from": 6, "to": 1, "vc": [0, 0, 0, 0, 0, 0, 2, 0, 1, 0], "hlc": [921523, 3]}
INFO:<Node 7>:{"send": true, "recv": false, "from": 7, "to": 1, "vc": [0, 0, 0, 0, 0, 0, 0, 2, 0, 0], "hlc": [921523, 2]}
INFO:<Node 8>:{"send": true, "recv": false, "from": 8, "to": 1, "vc": [0, 0, 0, 0, 0, 0, 0, 0, 2, 0], "hlc": [921524, 0]}
INFO:<Node 9>:{"send": true, "recv": false, "from": 9, "to": 7, "vc": [0, 0, 0, 1, 0, 0, 0, 0, 0, 3], "hlc": [921525, 1]}
INFO:<Node 0>:{"send": false, "recv": true, "to": 0, "from": 1, "vc": [2, 2, 0, 0, 0, 0, 0, 0, 0, 0], "hlc": [921526, 0]}
INFO:<Node 1>:{"send": false, "recv": true, "to": 1, "from": 6, "vc": [0, 3, 0, 0, 0, 0, 2, 0, 1, 0], "hlc": [921523, 4]}
INFO:<Node 1>:{"send": false, "recv": true, "to": 1, "from": 7, "vc": [0, 4, 0, 0, 0, 0, 2, 2, 1, 0], "hlc": [921523, 5]}
INFO:<Node 1>:{"send": false, "recv": true, "to": 1, "from": 8, "vc": [0, 5, 0, 0, 0, 0, 2, 2, 2, 0], "hlc": [921524, 1]}
INFO:<Node 3>:{"send": false, "recv": true, "to": 3, "from": 2, "vc": [0, 0, 1, 3, 0, 0, 0, 0, 0, 0], "hlc": [921526, 1]}
INFO:<Node 6>:{"send": false, "recv": true, "to": 6, "from": 3, "vc": [0, 0, 0, 2, 0, 0, 3, 0, 1, 0], "hlc": [921523, 4]}
INFO:<Node 6>:{"send": false, "recv": true, "to": 6, "from": 4, "vc": [0, 0, 0, 2, 2, 0, 4, 1, 1, 0], "hlc": [921523, 5]}
INFO:<Node 7>:{"send": false, "recv": true, "to": 7, "from": 0, "vc": [1, 0, 0, 0, 0, 0, 0, 3, 0, 0], "hlc": [921525, 1]}
INFO:<Node 7>:{"send": false, "recv": true, "to": 7, "from": 5, "vc": [1, 1, 0, 0, 0, 3, 0, 4, 0, 1], "hlc": [921525, 2]}
INFO:<Node 7>:{"send": false, "recv": true, "to": 7, "from": 9, "vc": [1, 1, 0, 1, 0, 3, 0, 5, 0, 3], "hlc": [921525, 3]}
INFO:<Node 3>:{"send": true, "recv": false, "from": 3, "to": 5, "vc": [0, 0, 1, 4, 0, 0, 0, 0, 0, 0], "hlc": [921526, 2]}
INFO:<Node 4>:{"send": true, "recv": false, "from": 4, "to": 5, "vc": [0, 0, 0, 0, 3, 0, 0, 1, 0, 0], "hlc": [921523, 4]}
INFO:<Node 5>:{"send": true, "recv": false, "from": 5, "to": 1, "vc": [0, 1, 0, 0, 0, 4, 0, 0, 0, 1], "hlc": [921524, 3]}
INFO:<Node 6>:{"send": true, "recv": false, "from": 6, "to": 3, "vc": [0, 0, 0, 2, 2, 0, 5, 1, 1, 0], "hlc": [921523, 6]}
INFO:<Node 7>:{"send": true, "recv": false, "from": 7, "to": 1, "vc": [1, 1, 0, 1, 0, 3, 0, 6, 0, 3], "hlc": [921525, 4]}
INFO:<Node 9>:{"send": true, "recv": false, "from": 9, "to": 1, "vc": [0, 0, 0, 1, 0, 0, 0, 0, 0, 4], "hlc": [921526, 0]}
INFO:<Node 1>:{"send": false, "recv": true, "to": 1, "from": 5, "vc": [0, 6, 0, 0, 0, 4, 2, 2, 2, 1], "hlc": [921524, 4]}
INFO:<Node 1>:{"send": false, "recv": true, "to": 1, "from": 7, "vc": [1, 7, 0, 1, 0, 4, 2, 6, 2, 3], "hlc": [921525, 5]}
INFO:<Node 1>:{"send": false, "recv": true, "to": 1, "from": 9, "vc": [1, 8, 0, 1, 0, 4, 2, 6, 2, 4], "hlc": [921526, 1]}
INFO:<Node 3>:{"send": false, "recv": true, "to": 3, "from": 6, "vc": [0, 0, 1, 5, 2, 0, 5, 1, 1, 0], "hlc": [921526, 3]}
INFO:<Node 5>:{"send": false, "recv": true, "to": 5, "from": 3, "vc": [0, 1, 1, 4, 0, 5, 0, 0, 0, 1], "hlc": [921526, 3]}
INFO:<Node 5>:{"send": false, "recv": true, "to": 5, "from": 4, "vc": [0, 1, 1, 4, 3, 6, 0, 1, 0, 1], "hlc": [921526, 4]}
INFO:<Node 0>:{"send": true, "recv": false, "from": 0, "to": 4, "vc": [3, 2, 0, 0, 0, 0, 0, 0, 0, 0], "hlc": [921526, 1]}
INFO:<Node 1>:{"send": true, "recv": false, "from": 1, "to": 4, "vc": [1, 9, 0, 1, 0, 4, 2, 6, 2, 4], "hlc": [921526, 2]}
INFO:<Node 3>:{"send": true, "recv": false, "from": 3, "to": 4, "vc": [0, 0, 1, 6, 2, 0, 5, 1, 1, 0], "hlc": [921526, 4]}
INFO:<Node 5>:{"send": true, "recv": false, "from": 5, "to": 9, "vc": [0, 1, 1, 4, 3, 7, 0, 1, 0, 1], "hlc": [921526, 5]}
INFO:<Node 6>:{"send": true, "recv": false, "from": 6, "to": 3, "vc": [0, 0, 0, 2, 2, 0, 6, 1, 1, 0], "hlc": [921523, 7]}
INFO:<Node 8>:{"send": true, "recv": false, "from": 8, "to": 2, "vc": [0, 0, 0, 0, 0, 0, 0, 0, 3, 0], "hlc": [921525, 0]}
INFO:<Node 2>:{"send": false, "recv": true, "to": 2, "from": 8, "vc": [0, 0, 2, 0, 0, 0, 0, 0, 3, 0], "hlc": [921527, 0]}
INFO:<Node 3>:{"send": false, "recv": true, "to": 3, "from": 6, "vc": [0, 0, 1, 7, 2, 0, 6, 1, 1, 0], "hlc": [921526, 5]}
INFO:<Node 4>:{"send": false, "recv": true, "to": 4, "from": 0, "vc": [3, 2, 0, 0, 4, 0, 0, 1, 0, 0], "hlc": [921526, 2]}
INFO:<Node 4>:{"send": false, "recv": true, "to": 4, "from": 1, "vc": [3, 9, 0, 1, 5, 4, 2, 6, 2, 4], "hlc": [921526, 3]}
INFO:<Node 4>:{"send": false, "recv": true, "to": 4, "from": 3, "vc": [3, 9, 1, 6, 6, 4, 5, 6, 2, 4], "hlc": [921526, 5]}
INFO:<Node 9>:{"send": false, "recv": true, "to": 9, "from": 5, "vc": [0, 1, 1, 4, 3, 7, 0, 1, 0, 5], "hlc": [921527, 0]}
INFO:<Node 1>:{"send": true, "recv": false, "from": 1, "to": 6, "vc": [1, 10, 0, 1, 0, 4, 2, 6, 2, 4], "hlc": [921526, 3]}
INFO:<Node 2>:{"send": true, "recv": false, "from": 2, "to": 9, "vc": [0, 0, 3, 0, 0, 0, 0, 0, 3, 0], "hlc": [921527, 1]}
INFO:<Node 3>:{"send": true, "recv": false, "from": 3, "to": 5, "vc": [0, 0, 1, 8, 2, 0, 6, 1, 1, 0], "hlc": [921526, 6]}
INFO:<Node 5>:{"send": true, "recv": false, "from": 5, "to": 6, "vc": [0, 1, 1, 4, 3, 8, 0, 1, 0, 1], "hlc": [921526, 6]}
INFO:<Node 6>:{"send": true, "recv": false, "from": 6, "to": 8, "vc": [0, 0, 0, 2, 2, 0, 7, 1, 1, 0], "hlc": [921523, 8]}
INFO:<Node 8>:{"send": true, "recv": false, "from": 8, "to": 5, "vc": [0, 0, 0, 0, 0, 0, 0, 0, 4, 0], "hlc": [921525, 1]}
INFO:<Node 9>:{"send": true, "recv": false, "from": 9, "to": 5, "vc": [0, 1, 1, 4, 3, 7, 0, 1, 0, 6], "hlc": [921527, 1]}
INFO:<Node 5>:{"send": false, "recv": true, "to": 5, "from": 3, "vc": [0, 1, 1, 8, 3, 9, 6, 1, 1, 1], "hlc": [921526, 7]}
INFO:<Node 5>:{"send": false, "recv": true, "to": 5, "from": 8, "vc": [0, 1, 1, 8, 3, 10, 6, 1, 4, 1], "hlc": [921526, 8]}
INFO:<Node 5>:{"send": false, "recv": true, "to": 5, "from": 9, "vc": [0, 1, 1, 8, 3, 11, 6, 1, 4, 6], "hlc": [921527, 2]}
INFO:<Node 6>:{"send": false, "recv": true, "to": 6, "from": 1, "vc": [1, 10, 0, 2, 2, 4, 8, 6, 2, 4], "hlc": [921526, 4]}
INFO:<Node 6>:{"send": false, "recv": true, "to": 6, "from": 5, "vc": [1, 10, 1, 4, 3, 8, 9, 6, 2, 4], "hlc": [921526, 7]}
INFO:<Node 8>:{"send": false, "recv": true, "to": 8, "from": 6, "vc": [0, 0, 0, 2, 2, 0, 7, 1, 5, 0], "hlc": [921526, 0]}
INFO:<Node 9>:{"send": false, "recv": true, "to": 9, "from": 2, "vc": [0, 1, 3, 4, 3, 7, 0, 1, 3, 7], "hlc": [921527, 2]}
INFO:<Node 0>:{"send": true, "recv": false, "from": 0, "to": 2, "vc": [4, 2, 0, 0, 0, 0, 0, 0, 0, 0], "hlc": [921527, 0]}
INFO:<Node 1>:{"send": true, "recv": false, "from": 1, "to": 8, "vc": [1, 11, 0, 1, 0, 4, 2, 6, 2, 4], "hlc": [921526, 4]}
INFO:<Node 3>:{"send": true, "recv": false, "from": 3, "to": 1, "vc": [0, 0, 1, 9, 2, 0, 6, 1, 1, 0], "hlc": [921526, 7]}
INFO:<Node 4>:{"send": true, "recv": false, "from": 4, "to": 3, "vc": [3, 9, 1, 6, 7, 4, 5, 6, 2, 4], "hlc": [921526, 6]}
INFO:<Node 5>:{"send": true, "recv": false, "from": 5, "to": 0, "vc": [0, 1, 1, 8, 3, 12, 6, 1, 4, 6], "hlc": [921527, 3]}
INFO:<Node 6>:{"send": true, "recv": false, "from": 6, "to": 0, "vc": [1, 10, 1, 4, 3, 8, 10, 6, 2, 4], "hlc": [921526, 8]}
INFO:<Node 7>:{"send": true, "recv": false, "from": 7, "to": 5, "vc": [1, 1, 0, 1, 0, 3, 0, 7, 0, 3], "hlc": [921525, 5]}
INFO:<Node 8>:{"send": true, "recv": false, "from": 8, "to": 4, "vc": [0, 0, 0, 2, 2, 0, 7, 1, 6, 0], "hlc": [921526, 1]}
INFO:<Node 9>:{"send": true, "recv": false, "from": 9, "to": 4, "vc": [0, 1, 3, 4, 3, 7, 0, 1, 3, 8], "hlc": [921527, 3]}
INFO:<Node 0>:{"send": false, "recv": true, "to": 0, "from": 5, "vc": [5, 2, 1, 8, 3, 12, 6, 1, 4, 6], "hlc": [921528, 0]}
INFO:<Node 0>:{"send": false, "recv": true, "to": 0, "from": 6, "vc": [6, 10, 1, 8, 3, 12, 10, 6, 4, 6], "hlc": [921528, 1]}
INFO:<Node 1>:{"send": false, "recv": true, "to": 1, "from": 3, "vc": [1, 12, 1, 9, 2, 4, 6, 6, 2, 4], "hlc": [921526, 8]}
INFO:<Node 2>:{"send": false, "recv": true, "to": 2, "from": 0, "vc": [4, 2, 4, 0, 0, 0, 0, 0, 3, 0], "hlc": [921528, 0]}
INFO:<Node 3>:{"send": false, "recv": true, "to": 3, "from": 4, "vc": [3, 9, 1, 10, 7, 4, 6, 6, 2, 4], "hlc": [921526, 8]}
INFO:<Node 4>:{"send": false, "recv": true, "to": 4, "from": 8, "vc": [3, 9, 1, 6, 8, 4, 7, 6, 6, 4], "hlc": [921526, 7]}
INFO:<Node 4>:{"send": false, "recv": true, "to": 4, "from": 9, "vc": [3, 9, 3, 6, 9, 7, 7, 6, 6, 8], "hlc": [921527, 4]}
INFO:<Node 5>:{"send": false, "recv": true, "to": 5, "from": 7, "vc": [1, 1, 1, 8, 3, 13, 6, 7, 4, 6], "hlc": [921527, 4]}
INFO:<Node 8>:{"send": false, "recv": true, "to": 8, "from": 1, "vc": [1, 11, 0, 2, 2, 4, 7, 6, 7, 4], "hlc": [921526, 5]}
INFO:<Node 0>:{"send": true, "recv": false, "from": 0, "to": 2, "vc": [7, 10, 1, 8, 3, 12, 10, 6, 4, 6], "hlc": [921528, 2]}
INFO:<Node 2>:{"send": true, "recv": false, "from": 2, "to": 5, "vc": [4, 2, 5, 0, 0, 0, 0, 0, 3, 0], "hlc": [921528, 1]}
INFO:<Node 3>:{"send": true, "recv": false, "from": 3, "to": 4, "vc": [3, 9, 1, 11, 7, 4, 6, 6, 2, 4], "hlc": [921526, 9]}
INFO:<Node 5>:{"send": true, "recv": false, "from": 5, "to": 2, "vc": [1, 1, 1, 8, 3, 14, 6, 7, 4, 6], "hlc": [921527, 5]}
INFO:<Node 6>:{"send": true, "recv": false, "from": 6, "to": 4, "vc": [1, 10, 1, 4, 3, 8, 11, 6, 2, 4], "hlc": [921526, 9]}
INFO:<Node 7>:{"send": true, "recv": false, "from": 7, "to": 1, "vc": [1, 1, 0, 1, 0, 3, 0, 8, 0, 3], "hlc": [921526, 0]}
INFO:<Node 1>:{"send": false, "recv": true, "to": 1, "from": 7, "vc": [1, 13, 1, 9, 2, 4, 6, 8, 2, 4], "hlc": [921526, 9]}
INFO:<Node 2>:{"send": false, "recv": true, "to": 2, "from": 0, "vc": [7, 10, 6, 8, 3, 12, 10, 6, 4, 6], "hlc": [921529, 0]}
INFO:<Node 2>:{"send": false, "recv": true, "to": 2, "from": 5, "vc": [7, 10, 7, 8, 3, 14, 10, 7, 4, 6], "hlc": [921529, 1]}
INFO:<Node 4>:{"send": false, "recv": true, "to": 4, "from": 3, "vc": [3, 9, 3, 11, 10, 7, 7, 6, 6, 8], "hlc": [921527, 5]}
INFO:<Node 4>:{"send": false, "recv": true, "to": 4, "from": 6, "vc": [3, 10, 3, 11, 11, 8, 11, 6, 6, 8], "hlc": [921527, 6]}
INFO:<Node 5>:{"send": false, "recv": true, "to": 5, "from": 2, "vc": [4, 2, 5, 8, 3, 15, 6, 7, 4, 6], "hlc": [921528, 2]}
INFO:<Node 0>:{"send": true, "recv": false, "from": 0, "to": 5, "vc": [8, 10, 1, 8, 3, 12, 10, 6, 4, 6], "hlc": [921528, 3]}
INFO:<Node 1>:{"send": true, "recv": false, "from": 1, "to": 6, "vc": [1, 14, 1, 9, 2, 4, 6, 8, 2, 4], "hlc": [921526, 10]}
INFO:<Node 2>:{"send": true, "recv": false, "from": 2, "to": 1, "vc": [7, 10, 8, 8, 3, 14, 10, 7, 4, 6], "hlc": [921529, 2]}
INFO:<Node 4>:{"send": true, "recv": false, "from": 4, "to": 1, "vc": [3, 10, 3, 11, 12, 8, 11, 6, 6, 8], "hlc": [921527, 7]}
INFO:<Node 6>:{"send": true, "recv": false, "from": 6, "to": 5, "vc": [1, 10, 1, 4, 3, 8, 12, 6, 2, 4], "hlc": [921526, 10]}
INFO:<Node 7>:{"send": true, "recv": false, "from": 7, "to": 0, "vc": [1, 1, 0, 1, 0, 3, 0, 9, 0, 3], "hlc": [921526, 1]}
INFO:<Node 9>:{"send": true, "recv": false, "from": 9, "to": 4, "vc": [0, 1, 3, 4, 3, 7, 0, 1, 3, 9], "hlc": [921528, 0]}
INFO:<Node 0>:{"send": false, "recv": true, "to": 0, "from": 7, "vc": [9, 10, 1, 8, 3, 12, 10, 9, 4, 6], "hlc": [921529, 0]}
INFO:<Node 1>:{"send": false, "recv": true, "to": 1, "from": 2, "vc": [7, 15, 8, 9, 3, 14, 10, 8, 4, 6], "hlc": [921529, 3]}
INFO:<Node 1>:{"send": false, "recv": true, "to": 1, "from": 4, "vc": [7, 16, 8, 11, 12, 14, 11, 8, 6, 8], "hlc": [921529, 4]}
INFO:<Node 4>:{"send": false, "recv": true, "to": 4, "from": 9, "vc": [3, 10, 3, 11, 13, 8, 11, 6, 6, 9], "hlc": [921528, 1]}
INFO:<Node 5>:{"send": false, "recv": true, "to": 5, "from": 0, "vc": [8, 10, 5, 8, 3, 16, 10, 7, 4, 6], "hlc": [921528, 4]}
INFO:<Node 5>:{"send": false, "recv": true, "to": 5, "from": 6, "vc": [8, 10, 5, 8, 3, 17, 12, 7, 4, 6], "hlc": [921528, 5]}
INFO:<Node 6>:{"send": false, "recv": true, "to": 6, "from": 1, "vc": [1, 14, 1, 9, 3, 8, 13, 8, 2, 4], "hlc": [921526, 11]}
INFO:<Node 1>:{"send": true, "recv": false, "from": 1, "to": 3, "vc": [7, 17, 8, 11, 12, 14, 11, 8, 6, 8], "hlc": [921529, 5]}
INFO:<Node 2>:{"send": true, "recv": false, "from": 2, "to": 6, "vc": [7, 10, 9, 8, 3, 14, 10, 7, 4, 6], "hlc": [921529, 3]}
INFO:<Node 3>:{"send": true, "recv": false, "from": 3, "to": 6, "vc": [3, 9, 1, 12, 7, 4, 6, 6, 2, 4], "hlc": [921526, 10]}
INFO:<Node 4>:{"send": true, "recv": false, "from": 4, "to": 1, "vc": [3, 10, 3, 11, 14, 8, 11, 6, 6, 9], "hlc": [921528, 2]}
INFO:<Node 6>:{"send": true, "recv": false, "from": 6, "to": 1, "vc": [1, 14, 1, 9, 3, 8, 14, 8, 2, 4], "hlc": [921526, 12]}
INFO:<Node 7>:{"send": true, "recv": false, "from": 7, "to": 0, "vc": [1, 1, 0, 1, 0, 3, 0, 10, 0, 3], "hlc": [921527, 0]}
INFO:<Node 0>:{"send": false, "recv": true, "to": 0, "from": 7, "vc": [10, 10, 1, 8, 3, 12, 10, 10, 4, 6], "hlc": [921529, 1]}
INFO:<Node 1>:{"send": false, "recv": true, "to": 1, "from": 4, "vc": [7, 18, 8, 11, 14, 14, 11, 8, 6, 9], "hlc": [921529, 6]}
INFO:<Node 1>:{"send": false, "recv": true, "to": 1, "from": 6, "vc": [7, 19, 8, 11, 14, 14, 14, 8, 6, 9], "hlc": [921529, 7]}
INFO:<Node 3>:{"send": false, "recv": true, "to": 3, "from": 1, "vc": [7, 17, 8, 13, 12, 14, 11, 8, 6, 8], "hlc": [921529, 6]}
INFO:<Node 6>:{"send": false, "recv": true, "to": 6, "from": 2, "vc": [7, 14, 9, 9, 3, 14, 15, 8, 4, 6], "hlc": [921529, 4]}
INFO:<Node 6>:{"send": false, "recv": true, "to": 6, "from": 3, "vc": [7, 14, 9, 12, 7, 14, 16, 8, 4, 6], "hlc": [921529, 5]}
INFO:<Node 0>:{"send": true, "recv": false, "from": 0, "to": 5, "vc": [11, 10, 1, 8, 3, 12, 10, 10, 4, 6], "hlc": [921529, 2]}
INFO:<Node 1>:{"send": true, "recv": false, "from": 1, "to": 8, "vc": [7, 20, 8, 11, 14, 14, 14, 8, 6, 9], "hlc": [921529, 8]}
INFO:<Node 2>:{"send": true, "recv": false, "from": 2, "to": 6, "vc": [7, 10, 10, 8, 3, 14, 10, 7, 4, 6], "hlc": [921530, 0]}
INFO:<Node 4>:{"send": true, "recv": false, "from": 4, "to": 3, "vc": [3, 10, 3, 11, 15, 8, 11, 6, 6, 9], "hlc": [921528, 3]}
INFO:<Node 6>:{"send": true, "recv": false, "from": 6, "to": 2, "vc": [7, 14, 9, 12, 7, 14, 17, 8, 4, 6], "hlc": [921529, 6]}
INFO:<Node 7>:{"send": true, "recv": false, "from": 7, "to": 4, "vc": [1, 1, 0, 1, 0, 3, 0, 11, 0, 3], "hlc": [921527, 1]}
INFO:<Node 8>:{"send": true, "recv": false, "from": 8, "to": 3, "vc": [1, 11, 0, 2, 2, 4, 7, 6, 8, 4], "hlc": [921528, 0]}
INFO:<Node 2>:{"send": false, "recv": true, "to": 2, "from": 6, "vc": [7, 14, 11, 12, 7, 14, 17, 8, 4, 6], "hlc": [921530, 1]}
INFO:<Node 3>:{"send": false, "recv": true, "to": 3, "from": 4, "vc": [7, 17, 8, 14, 15, 14, 11, 8, 6, 9], "hlc": [921529, 7]}
INFO:<Node 3>:{"send": false, "recv": true, "to": 3, "from": 8, "vc": [7, 17, 8, 15, 15, 14, 11, 8, 8, 9], "hlc": [921529, 8]}
INFO:<Node 4>:{"send": false, "recv": true, "to": 4, "from": 7, "vc": [3, 10, 3, 11, 16, 8, 11, 11, 6, 9], "hlc": [921528, 4]}
INFO:<Node 5>:{"send": false, "recv": true, "to": 5, "from": 0, "vc": [11, 10, 5, 8, 3, 18, 12, 10, 4, 6], "hlc": [921529, 3]}
INFO:<Node 6>:{"send": false, "recv": true, "to": 6, "from": 2, "vc": [7, 14, 10, 12, 7, 14, 18, 8, 4, 6], "hlc": [921530, 1]}
INFO:<Node 8>:{"send": false, "recv": true, "to": 8, "from": 1, "vc": [7, 20, 8, 11, 14, 14, 14, 8, 9, 9], "hlc": [921529, 9]}
INFO:<Node 0>:{"send": true, "recv": false, "from": 0, "to": 1, "vc": [12, 10, 1, 8, 3, 12, 10, 10, 4, 6], "hlc": [921530, 0]}
INFO:<Node 2>:{"send": true, "recv": false, "from": 2, "to": 6, "vc": [7, 14, 12, 12, 7, 14, 17, 8, 4, 6], "hlc": [921530, 2]}
INFO:<Node 4>:{"send": true, "recv": false, "from": 4, "to": 2, "vc": [3, 10, 3, 11, 17, 8, 11, 11, 6, 9], "hlc": [921528, 5]}
INFO:<Node 6>:{"send": true, "recv": false, "from": 6, "to": 1, "vc": [7, 14, 10, 12, 7, 14, 19, 8, 4, 6], "hlc": [921530, 2]}
INFO:<Node 7>:{"send": true, "recv": false, "from": 7, "to": 1, "vc": [1, 1, 0, 1, 0, 3, 0, 12, 0, 3], "hlc": [921528, 0]}
INFO:<Node 8>:{"send": true, "recv": false, "from": 8, "to": 6, "vc": [7, 20, 8, 11, 14, 14, 14, 8, 10, 9], "hlc": [921529, 10]}
INFO:<Node 1>:{"send": false, "recv": true, "to": 1, "from": 0, "vc": [12, 21, 8, 11, 14, 14, 14, 10, 6, 9], "hlc": [921530, 1]}
INFO:<Node 1>:{"send": false, "recv": true, "to": 1, "from": 6, "vc": [12, 22, 10, 12, 14, 14, 19, 10, 6, 9], "hlc": [921530, 3]}
INFO:<Node 1>:{"send": false, "recv": true, "to": 1, "from": 7, "vc": [12, 23, 10, 12, 14, 14, 19, 12, 6, 9], "hlc": [921530, 4]}
INFO:<Node 2>:{"send": false, "recv": true, "to": 2, "from": 4, "vc": [7, 14, 13, 12, 17, 14, 17, 11, 6, 9], "hlc": [921531, 0]}
INFO:<Node 6>:{"send": false, "recv": true, "to": 6, "from": 2, "vc": [7, 14, 12, 12, 7, 14, 20, 8, 4, 6], "hlc": [921530, 3]}
INFO:<Node 6>:{"send": false, "recv": true, "to": 6, "from": 8, "vc": [7, 20, 12, 12, 14, 14, 21, 8, 10, 9], "hlc": [921530, 4]}
INFO:<Node 0>:{"send": true, "recv": false, "from": 0, "to": 6, "vc": [13, 10, 1, 8, 3, 12, 10, 10, 4, 6], "hlc": [921530, 1]}
INFO:<Node 1>:{"send": true, "recv": false, "from": 1, "to": 7, "vc": [12, 24, 10, 12, 14, 14, 19, 12, 6, 9], "hlc": [921530, 5]}
INFO:<Node 2>:{"send": true, "recv": false, "from": 2, "to": 3, "vc": [7, 14, 14, 12, 17, 14, 17, 11, 6, 9], "hlc": [921531, 1]}
INFO:<Node 3>:{"send": true, "recv": false, "from": 3, "to": 6, "vc": [7, 17, 8, 16, 15, 14, 11, 8, 8, 9], "hlc": [921529, 9]}
INFO:<Node 5>:{"send": true, "recv": false, "from": 5, "to": 9, "vc": [11, 10, 5, 8, 3, 19, 12, 10, 4, 6], "hlc": [921529, 4]}
INFO:<Node 6>:{"send": true, "recv": false, "from": 6, "to": 1, "vc": [7, 20, 12, 12, 14, 14, 22, 8, 10, 9], "hlc": [921530, 5]}
INFO:<Node 7>:{"send": true, "recv": false, "from": 7, "to": 4, "vc": [1, 1, 0, 1, 0, 3, 0, 13, 0, 3], "hlc": [921528, 1]}
INFO:<Node 8>:{"send": true, "recv": false, "from": 8, "to": 7, "vc": [7, 20, 8, 11, 14, 14, 14, 8, 11, 9], "hlc": [921529, 11]}
INFO:<Node 1>:{"send": false, "recv": true, "to": 1, "from": 6, "vc": [12, 25, 12, 12, 14, 14, 22, 12, 10, 9], "hlc": [921530, 6]}
INFO:<Node 3>:{"send": false, "recv": true, "to": 3, "from": 2, "vc": [7, 17, 14, 17, 17, 14, 17, 11, 8, 9], "hlc": [921531, 2]}
INFO:<Node 4>:{"send": false, "recv": true, "to": 4, "from": 7, "vc": [3, 10, 3, 11, 18, 8, 11, 13, 6, 9], "hlc": [921528, 6]}
INFO:<Node 6>:{"send": false, "recv": true, "to": 6, "from": 0, "vc": [13, 20, 12, 12, 14, 14, 23, 10, 10, 9], "hlc": [921530, 6]}
INFO:<Node 6>:{"send": false, "recv": true, "to": 6, "from": 3, "vc": [13, 20, 12, 16, 15, 14, 24, 10, 10, 9], "hlc": [921530, 7]}
INFO:<Node 7>:{"send": false, "recv": true, "to": 7, "from": 1, "vc": [12, 24, 10, 12, 14, 14, 19, 14, 6, 9], "hlc": [921530, 6]}
INFO:<Node 7>:{"send": false, "recv": true, "to": 7, "from": 8, "vc": [12, 24, 10, 12, 14, 14, 19, 15, 11, 9], "hlc": [921530, 7]}
INFO:<Node 9>:{"send": false, "recv": true, "to": 9, "from": 5, "vc": [11, 10, 5, 8, 3, 19, 12, 10, 4, 10], "hlc": [921531, 0]}
INFO:<Node 1>:{"send": true, "recv": false, "from": 1, "to": 7, "vc": [12, 26, 12, 12, 14, 14, 22, 12, 10, 9], "hlc": [921530, 7]}
INFO:<Node 2>:{"send": true, "recv": false, "from": 2, "to": 7, "vc": [7, 14, 15, 12, 17, 14, 17, 11, 6, 9], "hlc": [921531, 2]}
INFO:<Node 3>:{"send": true, "recv": false, "from": 3, "to": 4, "vc": [7, 17, 14, 18, 17, 14, 17, 11, 8, 9], "hlc": [921531, 3]}
INFO:<Node 4>:{"send": true, "recv": false, "from": 4, "to": 7, "vc": [3, 10, 3, 11, 19, 8, 11, 13, 6, 9], "hlc": [921528, 7]}
INFO:<Node 5>:{"send": true, "recv": false, "from": 5, "to": 8, "vc": [11, 10, 5, 8, 3, 20, 12, 10, 4, 6], "hlc": [921529, 5]}
INFO:<Node 7>:{"send": true, "recv": false, "from": 7, "to": 0, "vc": [12, 24, 10, 12, 14, 14, 19, 16, 11, 9], "hlc": [921530, 8]}
INFO:<Node 8>:{"send": true, "recv": false, "from": 8, "to": 9, "vc": [7, 20, 8, 11, 14, 14, 14, 8, 12, 9], "hlc": [921529, 12]}
INFO:<Node 0>:{"send": false, "recv": true, "to": 0, "from": 7, "vc": [14, 24, 10, 12, 14, 14, 19, 16, 11, 9], "hlc": [921531, 0]}
INFO:<Node 4>:{"send": false, "recv": true, "to": 4, "from": 3, "vc": [7, 17, 14, 18, 20, 14, 17, 13, 8, 9], "hlc": [921531, 4]}
INFO:<Node 7>:{"send": false, "recv": true, "to": 7, "from": 1, "vc": [12, 26, 12, 12, 14, 14, 22, 17, 11, 9], "hlc": [921530, 9]}
INFO:<Node 7>:{"send": false, "recv": true, "to": 7, "from": 2, "vc": [12, 26, 15, 12, 17, 14, 22, 18, 11, 9], "hlc": [921531, 3]}
INFO:<Node 7>:{"send": false, "recv": true, "to": 7, "from": 4, "vc": [12, 26, 15, 12, 19, 14, 22, 19, 11, 9], "hlc": [921531, 4]}
INFO:<Node 8>:{"send": false, "recv": true, "to": 8, "from": 5, "vc": [11, 20, 8, 11, 14, 20, 14, 10, 13, 9], "hlc": [921530, 0]}
INFO:<Node 9>:{"send": false, "recv": true, "to": 9, "from": 8, "vc": [11, 20, 8, 11, 14, 19, 14, 10, 12, 11], "hlc": [921531, 1]}
INFO:<Node 1>:{"send": true, "recv": false, "from": 1, "to": 7, "vc": [12, 27, 12, 12, 14, 14, 22, 12, 10, 9], "hlc": [921530, 8]}
INFO:<Node 2>:{"send": true, "recv": false, "from": 2, "to": 5, "vc": [7, 14, 16, 12, 17, 14, 17, 11, 6, 9], "hlc": [921532, 0]}
INFO:<Node 3>:{"send": true, "recv": false, "from": 3, "to": 8, "vc": [7, 17, 14, 19, 17, 14, 17, 11, 8, 9], "hlc": [921531, 4]}
INFO:<Node 4>:{"send": true, "recv": false, "from": 4, "to": 0, "vc": [7, 17, 14, 18, 21, 14, 17, 13, 8, 9], "hlc": [921531, 5]}
INFO:<Node 5>:{"send": true, "recv": false, "from": 5, "to": 8, "vc": [11, 10, 5, 8, 3, 21, 12, 10, 4, 6], "hlc": [921529, 6]}
INFO:<Node 6>:{"send": true, "recv": false, "from": 6, "to": 2, "vc": [13, 20, 12, 16, 15, 14, 25, 10, 10, 9], "hlc": [921530, 8]}
INFO:<Node 7>:{"send": true, "recv": false, "from": 7, "to": 5, "vc": [12, 26, 15, 12, 19, 14, 22, 20, 11, 9], "hlc": [921531, 5]}
INFO:<Node 0>:{"send": false, "recv": true, "to": 0, "from": 4, "vc": [15, 24, 14, 18, 21, 14, 19, 16, 11, 9], "hlc": [921532, 0]}
INFO:<Node 2>:{"send": false, "recv": true, "to": 2, "from": 6, "vc": [13, 20, 17, 16, 17, 14, 25, 11, 10, 9], "hlc": [921533, 0]}
INFO:<Node 5>:{"send": false, "recv": true, "to": 5, "from": 2, "vc": [11, 14, 16, 12, 17, 22, 17, 11, 6, 9], "hlc": [921532, 1]}
INFO:<Node 5>:{"send": false, "recv": true, "to": 5, "from": 7, "vc": [12, 26, 16, 12, 19, 23, 22, 20, 11, 9], "hlc": [921532, 2]}
INFO:<Node 7>:{"send": false, "recv": true, "to": 7, "from": 1, "vc": [12, 27, 15, 12, 19, 14, 22, 21, 11, 9], "hlc": [921531, 6]}
INFO:<Node 8>:{"send": false, "recv": true, "to": 8, "from": 3, "vc": [11, 20, 14, 19, 17, 20, 17, 11, 14, 9], "hlc": [921531, 5]}
INFO:<Node 8>:{"send": false, "recv": true, "to": 8, "from": 5, "vc": [11, 20, 14, 19, 17, 21, 17, 11, 15, 9], "hlc": [921531, 6]}
INFO:<Node 0>:{"send": true, "recv": false, "from": 0, "to": 3, "vc": [16, 24, 14, 18, 21, 14, 19, 16, 11, 9], "hlc": [921532, 1]}
INFO:<Node 1>:{"send": true, "recv": false, "from": 1, "to": 6, "vc": [12, 28, 12, 12, 14, 14, 22, 12, 10, 9], "hlc": [921530, 9]}
INFO:<Node 4>:{"send": true, "recv": false, "from": 4, "to": 6, "vc": [7, 17, 14, 18, 22, 14, 17, 13, 8, 9], "hlc": [921531, 6]}
INFO:<Node 5>:{"send": true, "recv": false, "from": 5, "to": 6, "vc": [12, 26, 16, 12, 19, 24, 22, 20, 11, 9], "hlc": [921532, 3]}
INFO:<Node 6>:{"send": true, "recv": false, "from": 6, "to": 3, "vc": [13, 20, 12, 16, 15, 14, 26, 10, 10, 9], "hlc": [921530, 9]}
INFO:<Node 7>:{"send": true, "recv": false, "from": 7, "to": 5, "vc": [12, 27, 15, 12, 19, 14, 22, 22, 11, 9], "hlc": [921531, 7]}
INFO:<Node 8>:{"send": true, "recv": false, "from": 8, "to": 2, "vc": [11, 20, 14, 19, 17, 21, 17, 11, 16, 9], "hlc": [921531, 7]}
INFO:<Node 9>:{"send": true, "recv": false, "from": 9, "to": 3, "vc": [11, 20, 8, 11, 14, 19, 14, 10, 12, 12], "hlc": [921532, 0]}
INFO:<Node 2>:{"send": false, "recv": true, "to": 2, "from": 8, "vc": [13, 20, 18, 19, 17, 21, 25, 11, 16, 9], "hlc": [921533, 1]}
INFO:<Node 3>:{"send": false, "recv": true, "to": 3, "from": 0, "vc": [16, 24, 14, 20, 21, 14, 19, 16, 11, 9], "hlc": [921532, 2]}
INFO:<Node 3>:{"send": false, "recv": true, "to": 3, "from": 6, "vc": [16, 24, 14, 21, 21, 14, 26, 16, 11, 9], "hlc": [921532, 3]}
INFO:<Node 3>:{"send": false, "recv": true, "to": 3, "from": 9, "vc": [16, 24, 14, 22, 21, 19, 26, 16, 12, 12], "hlc": [921532, 4]}
INFO:<Node 5>:{"send": false, "recv": true, "to": 5, "from": 7, "vc": [12, 27, 16, 12, 19, 25, 22, 22, 11, 9], "hlc": [921532, 4]}
INFO:<Node 6>:{"send": false, "recv": true, "to": 6, "from": 1, "vc": [13, 28, 12, 16, 15, 14, 27, 12, 10, 9], "hlc": [921530, 10]}
INFO:<Node 6>:{"send": false, "recv": true, "to": 6, "from": 4, "vc": [13, 28, 14, 18, 22, 14, 28, 13, 10, 9], "hlc": [921531, 7]}
INFO:<Node 6>:{"send": false, "recv": true, "to": 6, "from": 5, "vc": [13, 28, 16, 18, 22, 24, 29, 20, 11, 9], "hlc": [921532, 4]}
INFO:<Node 0>:{"send": true, "recv": false, "from": 0, "to": 7, "vc": [17, 24, 14, 18, 21, 14, 19, 16, 11, 9], "hlc": [921532, 2]}
INFO:<Node 2>:{"send": true, "recv": false, "from": 2, "to": 4, "vc": [13, 20, 19, 19, 17, 21, 25, 11, 16, 9], "hlc": [921533, 2]}
INFO:<Node 4>:{"send": true, "recv": false, "from": 4, "to": 0, "vc": [7, 17, 14, 18, 23, 14, 17, 13, 8, 9], "hlc": [921531, 7]}
INFO:<Node 6>:{"send": true, "recv": false, "from": 6, "to": 8, "vc": [13, 28, 16, 18, 22, 24, 30, 20, 11, 9], "hlc": [921532, 5]}
INFO:<Node 8>:{"send": true, "recv": false, "from": 8, "to": 9, "vc": [11, 20, 14, 19, 17, 21, 17, 11, 17, 9], "hlc": [921531, 8]}
INFO:<Node 9>:{"send": true, "recv": false, "from": 9, "to": 8, "vc": [11, 20, 8, 11, 14, 19, 14, 10, 12, 13], "hlc": [921532, 1]}
INFO:<Node 0>:{"send": false, "recv": true, "to": 0, "from": 4, "vc": [18, 24, 14, 18, 23, 14, 19, 16, 11, 9], "hlc": [921533, 0]}
INFO:<Node 4>:{"send": false, "recv": true, "to": 4, "from": 2, "vc": [13, 20, 19, 19, 24, 21, 25, 13, 16, 9], "hlc": [921533, 3]}
INFO:<Node 7>:{"send": false, "recv": true, "to": 7, "from": 0, "vc": [17, 27, 15, 18, 21, 14, 22, 23, 11, 9], "hlc": [921532, 3]}
INFO:<Node 8>:{"send": false, "recv": true, "to": 8, "from": 6, "vc": [13, 28, 16, 19, 22, 24, 30, 20, 18, 9], "hlc": [921532, 6]}
INFO:<Node 8>:{"send": false, "recv": true, "to": 8, "from": 9, "vc": [13, 28, 16, 19, 22, 24, 30, 20, 19, 13], "hlc": [921532, 7]}
INFO:<Node 9>:{"send": false, "recv": true, "to": 9, "from": 8, "vc": [11, 20, 14, 19, 17, 21, 17, 11, 17, 14], "hlc": [921533, 0]}
INFO:<Node 0>:{"send": true, "recv": false, "from": 0, "to": 7, "vc": [19, 24, 14, 18, 23, 14, 19, 16, 11, 9], "hlc": [921533, 1]}
INFO:<Node 1>:{"send": true, "recv": false, "from": 1, "to": 6, "vc": [12, 29, 12, 12, 14, 14, 22, 12, 10, 9], "hlc": [921530, 10]}
INFO:<Node 2>:{"send": true, "recv": false, "from": 2, "to": 1, "vc": [13, 20, 20, 19, 17, 21, 25, 11, 16, 9], "hlc": [921534, 0]}
INFO:<Node 3>:{"send": true, "recv": false, "from": 3, "to": 9, "vc": [16, 24, 14, 23, 21, 19, 26, 16, 12, 12], "hlc": [921532, 5]}
INFO:<Node 4>:{"send": true, "recv": false, "from": 4, "to": 0, "vc": [13, 20, 19, 19, 25, 21, 25, 13, 16, 9], "hlc": [921533, 4]}
INFO:<Node 5>:{"send": true, "recv": false, "from": 5, "to": 4, "vc": [12, 27, 16, 12, 19, 26, 22, 22, 11, 9], "hlc": [921532, 5]}
INFO:<Node 6>:{"send": true, "recv": false, "from": 6, "to": 0, "vc": [13, 28, 16, 18, 22, 24, 31, 20, 11, 9], "hlc": [921532, 6]}
INFO:<Node 7>:{"send": true, "recv": false, "from": 7, "to": 0, "vc": [17, 27, 15, 18, 21, 14, 22, 24, 11, 9], "hlc": [921532, 4]}
INFO:<Node 0>:{"send": false, "recv": true, "to": 0, "from": 4, "vc": [20, 24, 19, 19, 25, 21, 25, 16, 16, 9], "hlc": [921533, 5]}
INFO:<Node 0>:{"send": false, "recv": true, "to": 0, "from": 6, "vc": [21, 28, 19, 19, 25, 24, 31, 20, 16, 9], "hlc": [921533, 6]}
INFO:<Node 0>:{"send": false, "recv": true, "to": 0, "from": 7, "vc": [22, 28, 19, 19, 25, 24, 31, 24, 16, 9], "hlc": [921533, 7]}
INFO:<Node 1>:{"send": false, "recv": true, "to": 1, "from": 2, "vc": [13, 30, 20, 19, 17, 21, 25, 12, 16, 9], "hlc": [921534, 1]}
INFO:<Node 4>:{"send": false, "recv": true, "to": 4, "from": 5, "vc": [13, 27, 19, 19, 26, 26, 25, 22, 16, 9], "hlc": [921533, 5]}
INFO:<Node 6>:{"send": false, "recv": true, "to": 6, "from": 1, "vc": [13, 29, 16, 18, 22, 24, 32, 20, 11, 9], "hlc": [921532, 7]}
INFO:<Node 7>:{"send": false, "recv": true, "to": 7, "from": 0, "vc": [19, 27, 15, 18, 23, 14, 22, 25, 11, 9], "hlc": [921533, 2]}
INFO:<Node 9>:{"send": false, "recv": true, "to": 9, "from": 3, "vc": [16, 24, 14, 23, 21, 21, 26, 16, 17, 15], "hlc": [921533, 1]}
INFO:<Node 0>:{"send": true, "recv": false, "from": 0, "to": 4, "vc": [23, 28, 19, 19, 25, 24, 31, 24, 16, 9], "hlc": [921533, 8]}
INFO:<Node 1>:{"send": true, "recv": false, "from": 1, "to": 4, "vc": [13, 31, 20, 19, 17, 21, 25, 12, 16, 9], "hlc": [921534, 2]}
INFO:<Node 2>:{"send": true, "recv": false, "from": 2, "to": 1, "vc": [13, 20, 21, 19, 17, 21, 25, 11, 16, 9], "hlc": [921534, 1]}
INFO:<Node 5>:{"send": true, "recv": false, "from": 5, "to": 8, "vc": [12, 27, 16, 12, 19, 27, 22, 22, 11, 9], "hlc": [921532, 6]}
INFO:<Node 8>:{"send": true, "recv": false, "from": 8, "to": 7, "vc": [13, 28, 16, 19, 22, 24, 30, 20, 20, 13], "hlc": [921532, 8]}
INFO:<Node 9>:{"send": true, "recv": false, "from": 9, "to": 8, "vc": [16, 24, 14, 23, 21, 21, 26, 16, 17, 16], "hlc": [921533, 2]}
INFO:<Node 1>:{"send": false, "recv": true, "to": 1, "from": 2, "vc": [13, 32, 21, 19, 17, 21, 25, 12, 16, 9], "hlc": [921534, 3]}
INFO:<Node 4>:{"send": false, "recv": true, "to": 4, "from": 0, "vc": [23, 28, 19, 19, 27, 26, 31, 24, 16, 9], "hlc": [921533, 9]}
INFO:<Node 4>:{"send": false, "recv": true, "to": 4, "from": 1, "vc": [23, 31, 20, 19, 28, 26, 31, 24, 16, 9], "hlc": [921534, 3]}
INFO:<Node 7>:{"send": false, "recv": true, "to": 7, "from": 8, "vc": [19, 28, 16, 19, 23, 24, 30, 26, 20, 13], "hlc": [921533, 3]}
INFO:<Node 8>:{"send": false, "recv": true, "to": 8, "from": 5, "vc": [13, 28, 16, 19, 22, 27, 30, 22, 21, 13], "hlc": [921532, 9]}
INFO:<Node 8>:{"send": false, "recv": true, "to": 8, "from": 9, "vc": [16, 28, 16, 23, 22, 27, 30, 22, 22, 16], "hlc": [921533, 3]}
INFO:<Node 0>:{"send": true, "recv": false, "from": 0, "to": 4, "vc": [24, 28, 19, 19, 25, 24, 31, 24, 16, 9], "hlc": [921534, 0]}
INFO:<Node 1>:{"send": true, "recv": false, "from": 1, "to": 7, "vc": [13, 33, 21, 19, 17, 21, 25, 12, 16, 9], "hlc": [921534, 4]}
INFO:<Node 3>:{"send": true, "recv": false, "from": 3, "to": 5, "vc": [16, 24, 14, 24, 21, 19, 26, 16, 12, 12], "hlc": [921532, 6]}
INFO:<Node 4>:{"send": true, "recv": false, "from": 4, "to": 5, "vc": [23, 31, 20, 19, 29, 26, 31, 24, 16, 9], "hlc": [921534, 4]}
INFO:<Node 6>:{"send": true, "recv": false, "from": 6, "to": 0, "vc": [13, 29, 16, 18, 22, 24, 33, 20, 11, 9], "hlc": [921532, 8]}
INFO:<Node 8>:{"send": true, "recv": false, "from": 8, "to": 2, "vc": [16, 28, 16, 23, 22, 27, 30, 22, 23, 16], "hlc": [921533, 4]}
INFO:<Node 0>:{"send": false, "recv": true, "to": 0, "from": 6, "vc": [25, 29, 19, 19, 25, 24, 33, 24, 16, 9], "hlc": [921534, 1]}
INFO:<Node 2>:{"send": false, "recv": true, "to": 2, "from": 8, "vc": [16, 28, 22, 23, 22, 27, 30, 22, 23, 16], "hlc": [921535, 0]}
INFO:<Node 4>:{"send": false, "recv": true, "to": 4, "from": 0, "vc": [24, 31, 20, 19, 30, 26, 31, 24, 16, 9], "hlc": [921534, 5]}
INFO:<Node 5>:{"send": false, "recv": true, "to": 5, "from": 3, "vc": [16, 27, 16, 24, 21, 28, 26, 22, 12, 12], "hlc": [921532, 7]}
INFO:<Node 5>:{"send": false, "recv": true, "to": 5, "from": 4, "vc": [23, 31, 20, 24, 29, 29, 31, 24, 16, 12], "hlc": [921534, 5]}
INFO:<Node 7>:{"send": false, "recv": true, "to": 7, "from": 1, "vc": [19, 33, 21, 19, 23, 24, 30, 27, 20, 13], "hlc": [921534, 5]}
INFO:<Node 0>:{"send": true, "recv": false, "from": 0, "to": 3, "vc": [26, 29, 19, 19, 25, 24, 33, 24, 16, 9], "hlc": [921534, 2]}
INFO:<Node 1>:{"send": true, "recv": false, "from": 1, "to": 7, "vc": [13, 34, 21, 19, 17, 21, 25, 12, 16, 9], "hlc": [921534, 5]}
INFO:<Node 4>:{"send": true, "recv": false, "from": 4, "to": 0, "vc": [24, 31, 20, 19, 31, 26, 31, 24, 16, 9], "hlc": [921534, 6]}
INFO:<Node 5>:{"send": true, "recv": false, "from": 5, "to": 2, "vc": [23, 31, 20, 24, 29, 30, 31, 24, 16, 12], "hlc": [921534, 6]}
INFO:<Node 6>:{"send": true, "recv": false, "from": 6, "to": 9, "vc": [13, 29, 16, 18, 22, 24, 34, 20, 11, 9], "hlc": [921532, 9]}
INFO:<Node 7>:{"send": true, "recv": false, "from": 7, "to": 8, "vc": [19, 33, 21, 19, 23, 24, 30, 28, 20, 13], "hlc": [921534, 6]}
INFO:<Node 0>:{"send": false, "recv": true, "to": 0, "from": 4, "vc": [27, 31, 20, 19, 31, 26, 33, 24, 16, 9], "hlc": [921535, 0]}
INFO:<Node 2>:{"send": false, "recv": true, "to": 2, "from": 5, "vc": [23, 31, 23, 24, 29, 30, 31, 24, 23, 16], "hlc": [921536, 0]}
INFO:<Node 3>:{"send": false, "recv": true, "to": 3, "from": 0, "vc": [26, 29, 19, 25, 25, 24, 33, 24, 16, 12], "hlc": [921534, 3]}
INFO:<Node 7>:{"send": false, "recv": true, "to": 7, "from": 1, "vc": [19, 34, 21, 19, 23, 24, 30, 29, 20, 13], "hlc": [921534, 7]}
INFO:<Node 8>:{"send": false, "recv": true, "to": 8, "from": 7, "vc": [19, 33, 21, 23, 23, 27, 30, 28, 24, 16], "hlc": [921534, 7]}
INFO:<Node 9>:{"send": false, "recv": true, "to": 9, "from": 6, "vc": [16, 29, 16, 23, 22, 24, 34, 20, 17, 17], "hlc": [921535, 0]}
INFO:<Node 0>:{"send": true, "recv": false, "from": 0, "to": 3, "vc": [28, 31, 20, 19, 31, 26, 33, 24, 16, 9], "hlc": [921535, 1]}
INFO:<Node 3>:{"send": true, "recv": false, "from": 3, "to": 7, "vc": [26, 29, 19, 26, 25, 24, 33, 24, 16, 12], "hlc": [921534, 4]}
INFO:<Node 4>:{"send": true, "recv": false, "from": 4, "to": 9, "vc": [24, 31, 20, 19, 32, 26, 31, 24, 16, 9], "hlc": [921534, 7]}
INFO:<Node 5>:{"send": true, "recv": false, "from": 5, "to": 7, "vc": [23, 31, 20, 24, 29, 31, 31, 24, 16, 12], "hlc": [921534, 7]}
INFO:<Node 6>:{"send": true, "recv": false, "from": 6, "to": 8, "vc": [13, 29, 16, 18, 22, 24, 35, 20, 11, 9], "hlc": [921532, 10]}
INFO:<Node 7>:{"send": true, "recv": false, "from": 7, "to": 8, "vc": [19, 34, 21, 19, 23, 24, 30, 30, 20, 13], "hlc": [921534, 8]}
INFO:<Node 9>:{"send": true, "recv": false, "from": 9, "to": 7, "vc": [16, 29, 16, 23, 22, 24, 34, 20, 17, 18], "hlc": [921535, 1]}
INFO:<Node 3>:{"send": false, "recv": true, "to": 3, "from": 0, "vc": [28, 31, 20, 27, 31, 26, 33, 24, 16, 12], "hlc": [921535, 2]}
INFO:<Node 7>:{"send": false, "recv": true, "to": 7, "from": 3, "vc": [26, 34, 21, 26, 25, 24, 33, 31, 20, 13], "hlc": [921534, 9]}
INFO:<Node 7>:{"send": false, "recv": true, "to": 7, "from": 5, "vc": [26, 34, 21, 26, 29, 31, 33, 32, 20, 13], "hlc": [921534, 10]}
INFO:<Node 7>:{"send": false, "recv": true, "to": 7, "from": 9, "vc": [26, 34, 21, 26, 29, 31, 34, 33, 20, 18], "hlc": [921535, 2]}
INFO:<Node 8>:{"send": false, "recv": true, "to": 8, "from": 6, "vc": [19, 33, 21, 23, 23, 27, 35, 28, 25, 16], "hlc": [921534, 8]}
INFO:<Node 8>:{"send": false, "recv": true, "to": 8, "from": 7, "vc": [19, 34, 21, 23, 23, 27, 35, 30, 26, 16], "hlc": [921534, 9]}
INFO:<Node 9>:{"send": false, "recv": true, "to": 9, "from": 4, "vc": [24, 31, 20, 23, 32, 26, 34, 24, 17, 19], "hlc": [921535, 2]}
INFO:<Node 0>:{"send": true, "recv": false, "from": 0, "to": 7, "vc": [29, 31, 20, 19, 31, 26, 33, 24, 16, 9], "hlc": [921535, 2]}
INFO:<Node 1>:{"send": true, "recv": false, "from": 1, "to": 0, "vc": [13, 35, 21, 19, 17, 21, 25, 12, 16, 9], "hlc": [921534, 6]}
INFO:<Node 2>:{"send": true, "recv": false, "from": 2, "to": 3, "vc": [23, 31, 24, 24, 29, 30, 31, 24, 23, 16], "hlc": [921536, 1]}
INFO:<Node 6>:{"send": true, "recv": false, "from": 6, "to": 4, "vc": [13, 29, 16, 18, 22, 24, 36, 20, 11, 9], "hlc": [921532, 11]}
INFO:<Node 7>:{"send": true, "recv": false, "from": 7, "to": 3, "vc": [26, 34, 21, 26, 29, 31, 34, 34, 20, 18], "hlc": [921535, 3]}
INFO:<Node 8>:{"send": true, "recv": false, "from": 8, "to": 3, "vc": [19, 34, 21, 23, 23, 27, 35, 30, 27, 16], "hlc": [921534, 10]}
INFO:<Node 9>:{"send": true, "recv": false, "from": 9, "to": 1, "vc": [24, 31, 20, 23, 32, 26, 34, 24, 17, 20], "hlc": [921535, 3]}
INFO:<Node 0>:{"send": false, "recv": true, "to": 0, "from": 1, "vc": [30, 35, 21, 19, 31, 26, 33, 24, 16, 9], "hlc": [921536, 0]}
INFO:<Node 1>:{"send": false, "recv": true, "to": 1, "from": 9, "vc": [24, 36, 21, 23, 32, 26, 34, 24, 17, 20], "hlc": [921535, 4]}
INFO:<Node 3>:{"send": false, "recv": true, "to": 3, "from": 2, "vc": [28, 31, 24, 28, 31, 30, 33, 24, 23, 16], "hlc": [921536, 2]}
INFO:<Node 3>:{"send": false, "recv": true, "to": 3, "from": 7, "vc": [28, 34, 24, 29, 31, 31, 34, 34, 23, 18], "hlc": [921536, 3]}
INFO:<Node 3>:{"send": false, "recv": true, "to": 3, "from": 8, "vc": [28, 34, 24, 30, 31, 31, 35, 34, 27, 18], "hlc": [921536, 4]}
INFO:<Node 4>:{"send": false, "recv": true, "to": 4, "from": 6, "vc": [24, 31, 20, 19, 33, 26, 36, 24, 16, 9], "hlc": [921534, 8]}
INFO:<Node 7>:{"send": false, "recv": true, "to": 7, "from": 0, "vc": [29, 34, 21, 26, 31, 31, 34, 35, 20, 18], "hlc": [921535, 4]}
INFO:<Node 0>:{"send": true, "recv": false, "from": 0, "to": 9, "vc": [31, 35, 21, 19, 31, 26, 33, 24, 16, 9], "hlc": [921536, 1]}
INFO:<Node 1>:{"send": true, "recv": false, "from": 1, "to": 3, "vc": [24, 37, 21, 23, 32, 26, 34, 24, 17, 20], "hlc": [921535, 5]}
INFO:<Node 2>:{"send": true, "recv": false, "from": 2, "to": 5, "vc": [23, 31, 25, 24, 29, 30, 31, 24, 23, 16], "hlc": [921537, 0]}
INFO:<Node 3>:{"send": true, "recv": false, "from": 3, "to": 4, "vc": [28, 34, 24, 31, 31, 31, 35, 34, 27, 18], "hlc": [921536, 5]}
INFO:<Node 4>:{"send": true, "recv": false, "from": 4, "to": 9, "vc": [24, 31, 20, 19, 34, 26, 36, 24, 16, 9], "hlc": [921534, 9]}
INFO:<Node 7>:{"send": true, "recv": false, "from": 7, "to": 1, "vc": [29, 34, 21, 26, 31, 31, 34, 36, 20, 18], "hlc": [921535, 5]}
INFO:<Node 8>:{"send": true, "recv": false, "from": 8, "to": 7, "vc": [19, 34, 21, 23, 23, 27, 35, 30, 28, 16], "hlc": [921534, 11]}
INFO:<Node 1>:{"send": false, "recv": true, "to": 1, "from": 7, "vc": [29, 38, 21, 26, 32, 31, 34, 36, 20, 20], "hlc": [921535, 6]}
INFO:<Node 3>:{"send": false, "recv": true, "to": 3, "from": 1, "vc": [28, 37, 24, 32, 32, 31, 35, 34, 27, 20], "hlc": [921536, 6]}
INFO:<Node 4>:{"send": false, "recv": true, "to": 4, "from": 3, "vc": [28, 34, 24, 31, 35, 31, 36, 34, 27, 18], "hlc": [921536, 6]}
INFO:<Node 5>:{"send": false, "recv": true, "to": 5, "from": 2, "vc": [23, 31, 25, 24, 29, 32, 31, 24, 23, 16], "hlc": [921537, 1]}
INFO:<Node 7>:{"send": false, "recv": true, "to": 7, "from": 8, "vc": [29, 34, 21, 26, 31, 31, 35, 37, 28, 18], "hlc": [921535, 6]}
INFO:<Node 9>:{"send": false, "recv": true, "to": 9, "from": 0, "vc": [31, 35, 21, 23, 32, 26, 34, 24, 17, 21], "hlc": [921536, 2]}
INFO:<Node 9>:{"send": false, "recv": true, "to": 9, "from": 4, "vc": [31, 35, 21, 23, 34, 26, 36, 24, 17, 22], "hlc": [921536, 3]}
INFO:<Node 1>:{"send": true, "recv": false, "from": 1, "to": 8, "vc": [29, 39, 21, 26, 32, 31, 34, 36, 20, 20], "hlc": [921535, 7]}
INFO:<Node 2>:{"send": true, "recv": false, "from": 2, "to": 9, "vc": [23, 31, 26, 24, 29, 30, 31, 24, 23, 16], "hlc": [921537, 1]}
INFO:<Node 4>:{"send": true, "recv": false, "from": 4, "to": 7, "vc": [28, 34, 24, 31, 36, 31, 36, 34, 27, 18], "hlc": [921536, 7]}
INFO:<Node 5>:{"send": true, "recv": false, "from": 5, "to": 7, "vc": [23, 31, 25, 24, 29, 33, 31, 24, 23, 16], "hlc": [921537, 2]}
INFO:<Node 7>:{"send": true, "recv": false, "from": 7, "to": 0, "vc": [29, 34, 21, 26, 31, 31, 35, 38, 28, 18], "hlc": [921535, 7]}
INFO:<Node 9>:{"send": true, "recv": false, "from": 9, "to": 8, "vc": [31, 35, 21, 23, 34, 26, 36, 24, 17, 23], "hlc": [921536, 4]}
INFO:<Node 0>:{"send": false, "recv": true, "to": 0, "from": 7, "vc": [32, 35, 21, 26, 31, 31, 35, 38, 28, 18], "hlc": [921537, 0]}
INFO:<Node 7>:{"send": false, "recv": true, "to": 7, "from": 4, "vc": [29, 34, 24, 31, 36, 31, 36, 39, 28, 18], "hlc": [921536, 8]}
INFO:<Node 7>:{"send": false, "recv": true, "to": 7, "from": 5, "vc": [29, 34, 25, 31, 36, 33, 36, 40, 28, 18], "hlc": [921537, 3]}
INFO:<Node 8>:{"send": false, "recv": true, "to": 8, "from": 1, "vc": [29, 39, 21, 26, 32, 31, 35, 36, 29, 20], "hlc": [921535, 8]}
INFO:<Node 8>:{"send": false, "recv": true, "to": 8, "from": 9, "vc": [31, 39, 21, 26, 34, 31, 36, 36, 30, 23], "hlc": [921536, 5]}
INFO:<Node 9>:{"send": false, "recv": true, "to": 9, "from": 2, "vc": [31, 35, 26, 24, 34, 30, 36, 24, 23, 24], "hlc": [921537, 2]}
INFO:<Node 0>:{"send": true, "recv": false, "from": 0, "to": 6, "vc": [33, 35, 21, 26, 31, 31, 35, 38, 28, 18], "hlc": [921537, 1]}
INFO:<Node 1>:{"send": true, "recv": false, "from": 1, "to": 2, "vc": [29, 40, 21, 26, 32, 31, 34, 36, 20, 20], "hlc": [921535, 8]}
INFO:<Node 3>:{"send": true, "recv": false, "from": 3, "to": 9, "vc": [28, 37, 24, 33, 32, 31, 35, 34, 27, 20], "hlc": [921536, 7]}
INFO:<Node 5>:{"send": true, "recv": false, "from": 5, "to": 4, "vc": [23, 31, 25, 24, 29, 34, 31, 24, 23, 16], "hlc": [921537, 3]}
INFO:<Node 6>:{"send": true, "recv": false, "from": 6, "to": 4, "vc": [13, 29, 16, 18, 22, 24, 37, 20, 11, 9], "hlc": [921533, 0]}
INFO:<Node 8>:{"send": true, "recv": false, "from": 8, "to": 7, "vc": [31, 39, 21, 26, 34, 31, 36, 36, 31, 23], "hlc": [921536, 6]}
INFO:<Node 2>:{"send": false, "recv": true, "to": 2, "from": 1, "vc": [29, 40, 27, 26, 32, 31, 34, 36, 23, 20], "hlc": [921538, 0]}
INFO:<Node 4>:{"send": false, "recv": true, "to": 4, "from": 5, "vc": [28, 34, 25, 31, 37, 34, 36, 34, 27, 18], "hlc": [921537, 4]}
INFO:<Node 4>:{"send": false, "recv": true, "to": 4, "from": 6, "vc": [28, 34, 25, 31, 38, 34, 37, 34, 27, 18], "hlc": [921537, 5]}
INFO:<Node 6>:{"send": false, "recv": true, "to": 6, "from": 0, "vc": [33, 35, 21, 26, 31, 31, 38, 38, 28, 18], "hlc": [921537, 2]}
INFO:<Node 7>:{"send": false, "recv": true, "to": 7, "from": 8, "vc": [31, 39, 25, 31, 36, 33, 36, 41, 31, 23], "hlc": [921537, 4]}
INFO:<Node 9>:{"send": false, "recv": true, "to": 9, "from": 3, "vc": [31, 37, 26, 33, 34, 31, 36, 34, 27, 25], "hlc": [921537, 3]}
INFO:<Node 0>:{"send": true, "recv": false, "from": 0, "to": 7, "vc": [34, 35, 21, 26, 31, 31, 35, 38, 28, 18], "hlc": [921537, 2]}
INFO:<Node 1>:{"send": true, "recv": false, "from": 1, "to": 5, "vc": [29, 41, 21, 26, 32, 31, 34, 36, 20, 20], "hlc": [921535, 9]}
INFO:<Node 3>:{"send": true, "recv": false, "from": 3, "to": 2, "vc": [28, 37, 24, 34, 32, 31, 35, 34, 27, 20], "hlc": [921536, 8]}
INFO:<Node 4>:{"send": true, "recv": false, "from": 4, "to": 9, "vc": [28, 34, 25, 31, 39, 34, 37, 34, 27, 18], "hlc": [921537, 6]}
INFO:<Node 7>:{"send": true, "recv": false, "from": 7, "to": 1, "vc": [31, 39, 25, 31, 36, 33, 36, 42, 31, 23], "hlc": [921537, 5]}
INFO:<Node 8>:{"send": true, "recv": false, "from": 8, "to": 5, "vc": [31, 39, 21, 26, 34, 31, 36, 36, 32, 23], "hlc": [921536, 7]}
INFO:<Node 1>:{"send": false, "recv": true, "to": 1, "from": 7, "vc": [31, 42, 25, 31, 36, 33, 36, 42, 31, 23], "hlc": [921537, 6]}
INFO:<Node 2>:{"send": false, "recv": true, "to": 2, "from": 3, "vc": [29, 40, 28, 34, 32, 31, 35, 36, 27, 20], "hlc": [921539, 0]}
INFO:<Node 5>:{"send": false, "recv": true, "to": 5, "from": 1, "vc": [29, 41, 25, 26, 32, 35, 34, 36, 23, 20], "hlc": [921537, 4]}
INFO:<Node 5>:{"send": false, "recv": true, "to": 5, "from": 8, "vc": [31, 41, 25, 26, 34, 36, 36, 36, 32, 23], "hlc": [921537, 5]}
INFO:<Node 7>:{"send": false, "recv": true, "to": 7, "from": 0, "vc": [34, 39, 25, 31, 36, 33, 36, 43, 31, 23], "hlc": [921537, 6]}
INFO:<Node 9>:{"send": false, "recv": true, "to": 9, "from": 4, "vc": [31, 37, 26, 33, 39, 34, 37, 34, 27, 26], "hlc": [921538, 0]}
INFO:<Node 0>:{"send": true, "recv": false, "from": 0, "to": 4, "vc": [35, 35, 21, 26, 31, 31, 35, 38, 28, 18], "hlc": [921538, 0]}
INFO:<Node 3>:{"send": true, "recv": false, "from": 3, "to": 5, "vc": [28, 37, 24, 35, 32, 31, 35, 34, 27, 20], "hlc": [921536, 9]}
INFO:<Node 6>:{"send": true, "recv": false, "from": 6, "to": 2, "vc": [33, 35, 21, 26, 31, 31, 39, 38, 28, 18], "hlc": [921537, 3]}
INFO:<Node 7>:{"send": true, "recv": false, "from": 7, "to": 6, "vc": [34, 39, 25, 31, 36, 33, 36, 44, 31, 23], "hlc": [921537, 7]}
INFO:<Node 2>:{"send": false, "recv": true, "to": 2, "from": 6, "vc": [33, 40, 29, 34, 32, 31, 39, 38, 28, 20], "hlc": [921539, 1]}
INFO:<Node 4>:{"send": false, "recv": true, "to": 4, "from": 0, "vc": [35, 35, 25, 31, 40, 34, 37, 38, 28, 18], "hlc": [921538, 1]}
INFO:<Node 5>:{"send": false, "recv": true, "to": 5, "from": 3, "vc": [31, 41, 25, 35, 34, 37, 36, 36, 32, 23], "hlc": [921537, 6]}
INFO:<Node 6>:{"send": false, "recv": true, "to": 6, "from": 7, "vc": [34, 39, 25, 31, 36, 33, 40, 44, 31, 23], "hlc": [921537, 8]}
INFO:<Node 0>:{"send": true, "recv": false, "from": 0, "to": 9, "vc": [36, 35, 21, 26, 31, 31, 35, 38, 28, 18], "hlc": [921538, 1]}
INFO:<Node 2>:{"send": true, "recv": false, "from": 2, "to": 5, "vc": [33, 40, 30, 34, 32, 31, 39, 38, 28, 20], "hlc": [921539, 2]}
INFO:<Node 3>:{"send": true, "recv": false, "from": 3, "to": 5, "vc": [28, 37, 24, 36, 32, 31, 35, 34, 27, 20], "hlc": [921536, 10]}
INFO:<Node 4>:{"send": true, "recv": false, "from": 4, "to": 5, "vc": [35, 35, 25, 31, 41, 34, 37, 38, 28, 18], "hlc": [921538, 2]}
INFO:<Node 5>:{"send": true, "recv": false, "from": 5, "to": 2, "vc": [31, 41, 25, 35, 34, 38, 36, 36, 32, 23], "hlc": [921537, 7]}
INFO:<Node 7>:{"send": true, "recv": false, "from": 7, "to": 3, "vc": [34, 39, 25, 31, 36, 33, 36, 45, 31, 23], "hlc": [921537, 8]}
INFO:<Node 9>:{"send": true, "recv": false, "from": 9, "to": 4, "vc": [31, 37, 26, 33, 39, 34, 37, 34, 27, 27], "hlc": [921538, 1]}
INFO:<Node 2>:{"send": false, "recv": true, "to": 2, "from": 5, "vc": [33, 41, 31, 35, 34, 38, 39, 38, 32, 23], "hlc": [921540, 0]}
INFO:<Node 3>:{"send": false, "recv": true, "to": 3, "from": 7, "vc": [34, 39, 25, 37, 36, 33, 36, 45, 31, 23], "hlc": [921537, 9]}
INFO:<Node 4>:{"send": false, "recv": true, "to": 4, "from": 9, "vc": [35, 37, 26, 33, 42, 34, 37, 38, 28, 27], "hlc": [921538, 3]}
INFO:<Node 5>:{"send": false, "recv": true, "to": 5, "from": 2, "vc": [33, 41, 30, 35, 34, 39, 39, 38, 32, 23], "hlc": [921539, 3]}
INFO:<Node 5>:{"send": false, "recv": true, "to": 5, "from": 3, "vc": [33, 41, 30, 36, 34, 40, 39, 38, 32, 23], "hlc": [921539, 4]}
INFO:<Node 5>:{"send": false, "recv": true, "to": 5, "from": 4, "vc": [35, 41, 30, 36, 41, 41, 39, 38, 32, 23], "hlc": [921539, 5]}
INFO:<Node 9>:{"send": false, "recv": true, "to": 9, "from": 0, "vc": [36, 37, 26, 33, 39, 34, 37, 38, 28, 28], "hlc": [921539, 0]}
INFO:<Node 0>:{"send": true, "recv": false, "from": 0, "to": 8, "vc": [37, 35, 21, 26, 31, 31, 35, 38, 28, 18], "hlc": [921539, 0]}
INFO:<Node 6>:{"send": true, "recv": false, "from": 6, "to": 1, "vc": [34, 39, 25, 31, 36, 33, 41, 44, 31, 23], "hlc": [921537, 9]}
INFO:<Node 8>:{"send": true, "recv": false, "from": 8, "to": 2, "vc": [31, 39, 21, 26, 34, 31, 36, 36, 33, 23], "hlc": [921537, 0]}
INFO:<Node 1>:{"send": false, "recv": true, "to": 1, "from": 6, "vc": [34, 43, 25, 31, 36, 33, 41, 44, 31, 23], "hlc": [921537, 10]}
INFO:<Node 2>:{"send": false, "recv": true, "to": 2, "from": 8, "vc": [33, 41, 32, 35, 34, 38, 39, 38, 33, 23], "hlc": [921540, 1]}
INFO:<Node 8>:{"send": false, "recv": true, "to": 8, "from": 0, "vc": [37, 39, 21, 26, 34, 31, 36, 38, 34, 23], "hlc": [921539, 1]}
INFO:<Node 0>:{"send": true, "recv": false, "from": 0, "to": 7, "vc": [38, 35, 21, 26, 31, 31, 35, 38, 28, 18], "hlc": [921539, 1]}
INFO:<Node 1>:{"send": true, "recv": false, "from": 1, "to": 2, "vc": [34, 44, 25, 31, 36, 33, 41, 44, 31, 23], "hlc": [921537, 11]}
INFO:<Node 2>:{"send": true, "recv": false, "from": 2, "to": 0, "vc": [33, 41, 33, 35, 34, 38, 39, 38, 33, 23], "hlc": [921540, 2]}
INFO:<Node 3>:{"send": true, "recv": false, "from": 3, "to": 2, "vc": [34, 39, 25, 38, 36, 33, 36, 45, 31, 23], "hlc": [921537, 10]}
INFO:<Node 5>:{"send": true, "recv": false, "from": 5, "to": 7, "vc": [35, 41, 30, 36, 41, 42, 39, 38, 32, 23], "hlc": [921539, 6]}
INFO:<Node 7>:{"send": true, "recv": false, "from": 7, "to": 9, "vc": [34, 39, 25, 31, 36, 33, 36, 46, 31, 23], "hlc": [921537, 9]}
INFO:<Node 8>:{"send": true, "recv": false, "from": 8, "to": 9, "vc": [37, 39, 21, 26, 34, 31, 36, 38, 35, 23], "hlc": [921539, 2]}
INFO:<Node 0>:{"send": false, "recv": true, "to": 0, "from": 2, "vc": [39, 41, 33, 35, 34, 38, 39, 38, 33, 23], "hlc": [921540, 3]}
INFO:<Node 2>:{"send": false, "recv": true, "to": 2, "from": 1, "vc": [34, 44, 34, 35, 36, 38, 41, 44, 33, 23], "hlc": [921541, 0]}
INFO:<Node 2>:{"send": false, "recv": true, "to": 2, "from": 3, "vc": [34, 44, 35, 38, 36, 38, 41, 45, 33, 23], "hlc": [921541, 1]}
INFO:<Node 7>:{"send": false, "recv": true, "to": 7, "from": 0, "vc": [38, 39, 25, 31, 36, 33, 36, 47, 31, 23], "hlc": [921539, 2]}
INFO:<Node 7>:{"send": false, "recv": true, "to": 7, "from": 5, "vc": [38, 41, 30, 36, 41, 42, 39, 48, 32, 23], "hlc": [921539, 7]}
INFO:<Node 9>:{"send": false, "recv": true, "to": 9, "from": 7, "vc": [36, 39, 26, 33, 39, 34, 37, 46, 31, 29], "hlc": [921540, 0]}
INFO:<Node 9>:{"send": false, "recv": true, "to": 9, "from": 8, "vc": [37, 39, 26, 33, 39, 34, 37, 46, 35, 30], "hlc": [921540, 1]}
INFO:<Node 2>:{"send": true, "recv": false, "from": 2, "to": 0, "vc": [34, 44, 36, 38, 36, 38, 41, 45, 33, 23], "hlc": [921541, 2]}
INFO:<Node 4>:{"send": true, "recv": false, "from": 4, "to": 9, "vc": [35, 37, 26, 33, 43, 34, 37, 38, 28, 27], "hlc": [921538, 4]}
INFO:<Node 5>:{"send": true, "recv": false, "from": 5, "to": 7, "vc": [35, 41, 30, 36, 41, 43, 39, 38, 32, 23], "hlc": [921539, 7]}
INFO:<Node 6>:{"send": true, "recv": false, "from": 6, "to": 8, "vc": [34, 39, 25, 31, 36, 33, 42, 44, 31, 23], "hlc": [921537, 10]}
INFO:<Node 0>:{"send": false, "recv": true, "to": 0, "from": 2, "vc": [40, 44, 36, 38, 36, 38, 41, 45, 33, 23], "hlc": [921541, 3]}
INFO:<Node 7>:{"send": false, "recv": true, "to": 7, "from": 5, "vc": [38, 41, 30, 36, 41, 43, 39, 49, 32, 23], "hlc": [921539, 8]}
INFO:<Node 8>:{"send": false, "recv": true, "to": 8, "from": 6, "vc": [37, 39, 25, 31, 36, 33, 42, 44, 36, 23], "hlc": [921539, 3]}
INFO:<Node 9>:{"send": false, "recv": true, "to": 9, "from": 4, "vc": [37, 39, 26, 33, 43, 34, 37, 46, 35, 31], "hlc": [921540, 2]}
INFO:<Node 3>:{"send": true, "recv": false, "from": 3, "to": 4, "vc": [34, 39, 25, 39, 36, 33, 36, 45, 31, 23], "hlc": [921538, 0]}
INFO:<Node 6>:{"send": true, "recv": false, "from": 6, "to": 8, "vc": [34, 39, 25, 31, 36, 33, 43, 44, 31, 23], "hlc": [921537, 11]}
INFO:<Node 7>:{"send": true, "recv": false, "from": 7, "to": 5, "vc": [38, 41, 30, 36, 41, 43, 39, 50, 32, 23], "hlc": [921539, 9]}
INFO:<Node 8>:{"send": true, "recv": false, "from": 8, "to": 0, "vc": [37, 39, 25, 31, 36, 33, 42, 44, 37, 23], "hlc": [921539, 4]}
INFO:<Node 9>:{"send": true, "recv": false, "from": 9, "to": 0, "vc": [37, 39, 26, 33, 43, 34, 37, 46, 35, 32], "hlc": [921540, 3]}
INFO:<Node 0>:{"send": false, "recv": true, "to": 0, "from": 8, "vc": [41, 44, 36, 38, 36, 38, 42, 45, 37, 23], "hlc": [921541, 4]}
INFO:<Node 0>:{"send": false, "recv": true, "to": 0, "from": 9, "vc": [42, 44, 36, 38, 43, 38, 42, 46, 37, 32], "hlc": [921541, 5]}
INFO:<Node 4>:{"send": false, "recv": true, "to": 4, "from": 3, "vc": [35, 39, 26, 39, 44, 34, 37, 45, 31, 27], "hlc": [921538, 5]}
INFO:<Node 5>:{"send": false, "recv": true, "to": 5, "from": 7, "vc": [38, 41, 30, 36, 41, 44, 39, 50, 32, 23], "hlc": [921539, 10]}
INFO:<Node 8>:{"send": false, "recv": true, "to": 8, "from": 6, "vc": [37, 39, 25, 31, 36, 33, 43, 44, 38, 23], "hlc": [921539, 5]}
INFO:<Node 0>:{"send": true, "recv": false, "from": 0, "to": 4, "vc": [43, 44, 36, 38, 43, 38, 42, 46, 37, 32], "hlc": [921541, 6]}
INFO:<Node 1>:{"send": true, "recv": false, "from": 1, "to": 0, "vc": [34, 45, 25, 31, 36, 33, 41, 44, 31, 23], "hlc": [921537, 12]}
INFO:<Node 2>:{"send": true, "recv": false, "from": 2, "to": 3, "vc": [34, 44, 37, 38, 36, 38, 41, 45, 33, 23], "hlc": [921542, 0]}
INFO:<Node 4>:{"send": true, "recv": false, "from": 4, "to": 5, "vc": [35, 39, 26, 39, 45, 34, 37, 45, 31, 27], "hlc": [921538, 6]}
INFO:<Node 7>:{"send": true, "recv": false, "from": 7, "to": 6, "vc": [38, 41, 30, 36, 41, 43, 39, 51, 32, 23], "hlc": [921539, 10]}
INFO:<Node 9>:{"send": true, "recv": false, "from": 9, "to": 7, "vc": [37, 39, 26, 33, 43, 34, 37, 46, 35, 33], "hlc": [921541, 0]}
INFO:<Node 0>:{"send": false, "recv": true, "to": 0, "from": 1, "vc": [44, 45, 36, 38, 43, 38, 42, 46, 37, 32], "hlc": [921541, 7]}
INFO:<Node 3>:{"send": false, "recv": true, "to": 3, "from": 2, "vc": [34, 44, 37, 40, 36, 38, 41, 45, 33, 23], "hlc": [921542, 1]}
INFO:<Node 4>:{"send": false, "recv": true, "to": 4, "from": 0, "vc": [43, 44, 36, 39, 46, 38, 42, 46, 37, 32], "hlc": [921541, 7]}
INFO:<Node 5>:{"send": false, "recv": true, "to": 5, "from": 4, "vc": [38, 41, 30, 39, 45, 45, 39, 50, 32, 27], "hlc": [921539, 11]}
INFO:<Node 6>:{"send": false, "recv": true, "to": 6, "from": 7, "vc": [38, 41, 30, 36, 41, 43, 44, 51, 32, 23], "hlc": [921539, 11]}
INFO:<Node 7>:{"send": false, "recv": true, "to": 7, "from": 9, "vc": [38, 41, 30, 36, 43, 43, 39, 52, 35, 33], "hlc": [921541, 1]}
INFO:<Node 0>:{"send": true, "recv": false, "from": 0, "to": 2, "vc": [45, 45, 36, 38, 43, 38, 42, 46, 37, 32], "hlc": [921541, 8]}
INFO:<Node 2>:{"send": true, "recv": false, "from": 2, "to": 6, "vc": [34, 44, 38, 38, 36, 38, 41, 45, 33, 23], "hlc": [921542, 1]}
INFO:<Node 3>:{"send": true, "recv": false, "from": 3, "to": 5, "vc": [34, 44, 37, 41, 36, 38, 41, 45, 33, 23], "hlc": [921542, 2]}
INFO:<Node 4>:{"send": true, "recv": false, "from": 4, "to": 8, "vc": [43, 44, 36, 39, 47, 38, 42, 46, 37, 32], "hlc": [921541, 8]}
INFO:<Node 5>:{"send": true, "recv": false, "from": 5, "to": 7, "vc": [38, 41, 30, 39, 45, 46, 39, 50, 32, 27], "hlc": [921539, 12]}
INFO:<Node 8>:{"send": true, "recv": false, "from": 8, "to": 7, "vc": [37, 39, 25, 31, 36, 33, 43, 44, 39, 23], "hlc": [921540, 0]}
INFO:<Node 2>:{"send": false, "recv": true, "to": 2, "from": 0, "vc": [45, 45, 39, 38, 43, 38, 42, 46, 37, 32], "hlc": [921543, 0]}
INFO:<Node 5>:{"send": false, "recv": true, "to": 5, "from": 3, "vc": [38, 44, 37, 41, 45, 47, 41, 50, 33, 27], "hlc": [921542, 3]}
INFO:<Node 6>:{"send": false, "recv": true, "to": 6, "from": 2, "vc": [38, 44, 38, 38, 41, 43, 45, 51, 33, 23], "hlc": [921542, 2]}
INFO:<Node 7>:{"send": false, "recv": true, "to": 7, "from": 5, "vc": [38, 41, 30, 39, 45, 46, 39, 53, 35, 33], "hlc": [921541, 2]}
INFO:<Node 7>:{"send": false, "recv": true, "to": 7, "from": 8, "vc": [38, 41, 30, 39, 45, 46, 43, 54, 39, 33], "hlc": [921541, 3]}
INFO:<Node 8>:{"send": false, "recv": true, "to": 8, "from": 4, "vc": [43, 44, 36, 39, 47, 38, 43, 46, 40, 32], "hlc": [921541, 9]}
INFO:<Node 0>:{"send": true, "recv": false, "from": 0, "to": 3, "vc": [46, 45, 36, 38, 43, 38, 42, 46, 37, 32], "hlc": [921542, 0]}
INFO:<Node 3>:{"send": true, "recv": false, "from": 3, "to": 4, "vc": [34, 44, 37, 42, 36, 38, 41, 45, 33, 23], "hlc": [921542, 3]}
INFO:<Node 5>:{"send": true, "recv": false, "from": 5, "to": 7, "vc": [38, 44, 37, 41, 45, 48, 41, 50, 33, 27], "hlc": [921542, 4]}
INFO:<Node 7>:{"send": true, "recv": false, "from": 7, "to": 8, "vc": [38, 41, 30, 39, 45, 46, 43, 55, 39, 33], "hlc": [921541, 4]}
INFO:<Node 8>:{"send": true, "recv": false, "from": 8, "to": 5, "vc": [43, 44, 36, 39, 47, 38, 43, 46, 41, 32], "hlc": [921541, 10]}
INFO:<Node 3>:{"send": false, "recv": true, "to": 3, "from": 0, "vc": [46, 45, 37, 43, 43, 38, 42, 46, 37, 32], "hlc": [921542, 4]}
INFO:<Node 4>:{"send": false, "recv": true, "to": 4, "from": 3, "vc": [43, 44, 37, 42, 48, 38, 42, 46, 37, 32], "hlc": [921542, 4]}
INFO:<Node 5>:{"send": false, "recv": true, "to": 5, "from": 8, "vc": [43, 44, 37, 41, 47, 49, 43, 50, 41, 32], "hlc": [921542, 5]}
INFO:<Node 7>:{"send": false, "recv": true, "to": 7, "from": 5, "vc": [38, 44, 37, 41, 45, 48, 43, 56, 39, 33], "hlc": [921542, 5]}
INFO:<Node 8>:{"send": false, "recv": true, "to": 8, "from": 7, "vc": [43, 44, 36, 39, 47, 46, 43, 55, 42, 33], "hlc": [921541, 11]}
INFO:<Node 0>:{"send": true, "recv": false, "from": 0, "to": 3, "vc": [47, 45, 36, 38, 43, 38, 42, 46, 37, 32], "hlc": [921542, 1]}
INFO:<Node 1>:{"send": true, "recv": false, "from": 1, "to": 8, "vc": [34, 46, 25, 31, 36, 33, 41, 44, 31, 23], "hlc": [921538, 0]}
INFO:<Node 2>:{"send": true, "recv": false, "from": 2, "to": 4, "vc": [45, 45, 40, 38, 43, 38, 42, 46, 37, 32], "hlc": [921543, 1]}
INFO:<Node 4>:{"send": true, "recv": false, "from": 4, "to": 1, "vc": [43, 44, 37, 42, 49, 38, 42, 46, 37, 32], "hlc": [921542, 5]}
INFO:<Node 7>:{"send": true, "recv": false, "from": 7, "to": 0, "vc": [38, 44, 37, 41, 45, 48, 43, 57, 39, 33], "hlc": [921542, 6]}
INFO:<Node 8>:{"send": true, "recv": false, "from": 8, "to": 9, "vc": [43, 44, 36, 39, 47, 46, 43, 55, 43, 33], "hlc": [921541, 12]}
INFO:<Node 9>:{"send": true, "recv": false, "from": 9, "to": 2, "vc": [37, 39, 26, 33, 43, 34, 37, 46, 35, 34], "hlc": [921542, 0]}
INFO:<Node 0>:{"send": false, "recv": true, "to": 0, "from": 7, "vc": [48, 45, 37, 41, 45, 48, 43, 57, 39, 33], "hlc": [921543, 0]}
INFO:<Node 1>:{"send": false, "recv": true, "to": 1, "from": 4, "vc": [43, 47, 37, 42, 49, 38, 42, 46, 37, 32], "hlc": [921542, 6]}
INFO:<Node 2>:{"send": false, "recv": true, "to": 2, "from": 9, "vc": [45, 45, 41, 38, 43, 38, 42, 46, 37, 34], "hlc": [921544, 0]}
INFO:<Node 3>:{"send": false, "recv": true, "to": 3, "from": 0, "vc": [47, 45, 37, 44, 43, 38, 42, 46, 37, 32], "hlc": [921542, 5]}
INFO:<Node 4>:{"send": false, "recv": true, "to": 4, "from": 2, "vc": [45, 45, 40, 42, 50, 38, 42, 46, 37, 32], "hlc": [921543, 2]}
INFO:<Node 8>:{"send": false, "recv": true, "to": 8, "from": 1, "vc": [43, 46, 36, 39, 47, 46, 43, 55, 44, 33], "hlc": [921541, 13]}
INFO:<Node 9>:{"send": false, "recv": true, "to": 9, "from": 8, "vc": [43, 44, 36, 39, 47, 46, 43, 55, 43, 35], "hlc": [921543, 0]}
INFO:<Node 0>:{"send": true, "recv": false, "from": 0, "to": 2, "vc": [49, 45, 37, 41, 45, 48, 43, 57, 39, 33], "hlc": [921543, 1]}
INFO:<Node 1>:{"send": true, "recv": false, "from": 1, "to": 7, "vc": [43, 48, 37, 42, 49, 38, 42, 46, 37, 32], "hlc": [921542, 7]}
INFO:<Node 5>:{"send": true, "recv": false, "from": 5, "to": 9, "vc": [43, 44, 37, 41, 47, 50, 43, 50, 41, 32], "hlc": [921542, 6]}
INFO:<Node 6>:{"send": true, "recv": false, "from": 6, "to": 0, "vc": [38, 44, 38, 38, 41, 43, 46, 51, 33, 23], "hlc": [921542, 3]}
INFO:<Node 7>:{"send": true, "recv": false, "from": 7, "to": 4, "vc": [38, 44, 37, 41, 45, 48, 43, 58, 39, 33], "hlc": [921542, 7]}
INFO:<Node 8>:{"send": true, "recv": false, "from": 8, "to": 2, "vc": [43, 46, 36, 39, 47, 46, 43, 55, 45, 33], "hlc": [921541, 14]}
INFO:<Node 0>:{"send": false, "recv": true, "to": 0, "from": 6, "vc": [50, 45, 38, 41, 45, 48, 46, 57, 39, 33], "hlc": [921543, 2]}
INFO:<Node 2>:{"send": false, "recv": true, "to": 2, "from": 0, "vc": [49, 45, 42, 41, 45, 48, 43, 57, 39, 34], "hlc": [921544, 1]}
INFO:<Node 2>:{"send": false, "recv": true, "to": 2, "from": 8, "vc": [49, 46, 43, 41, 47, 48, 43, 57, 45, 34], "hlc": [921544, 2]}
INFO:<Node 4>:{"send": false, "recv": true, "to": 4, "from": 7, "vc": [45, 45, 40, 42, 51, 48, 43, 58, 39, 33], "hlc": [921543, 3]}
INFO:<Node 7>:{"send": false, "recv": true, "to": 7, "from": 1, "vc": [43, 48, 37, 42, 49, 48, 43, 59, 39, 33], "hlc": [921542, 8]}
INFO:<Node 9>:{"send": false, "recv": true, "to": 9, "from": 5, "vc": [43, 44, 37, 41, 47, 50, 43, 55, 43, 36], "hlc": [921543, 1]}
INFO:<Node 0>:{"send": true, "recv": false, "from": 0, "to": 9, "vc": [51, 45, 38, 41, 45, 48, 46, 57, 39, 33], "hlc": [921543, 3]}
INFO:<Node 1>:{"send": true, "recv": false, "from": 1, "to": 3, "vc": [43, 49, 37, 42, 49, 38, 42, 46, 37, 32], "hlc": [921542, 8]}
INFO:<Node 2>:{"send": true, "recv": false, "from": 2, "to": 6, "vc": [49, 46, 44, 41, 47, 48, 43, 57, 45, 34], "hlc": [921544, 3]}
INFO:<Node 3>:{"send": true, "recv": false, "from": 3, "to": 7, "vc": [47, 45, 37, 45, 43, 38, 42, 46, 37, 32], "hlc": [921542, 6]}
INFO:<Node 4>:{"send": true, "recv": false, "from": 4, "to": 6, "vc": [45, 45, 40, 42, 52, 48, 43, 58, 39, 33], "hlc": [921543, 4]}
INFO:<Node 7>:{"send": true, "recv": false, "from": 7, "to": 3, "vc": [43, 48, 37, 42, 49, 48, 43, 60, 39, 33], "hlc": [921542, 9]}
INFO:<Node 9>:{"send": true, "recv": false, "from": 9, "to": 6, "vc": [43, 44, 37, 41, 47, 50, 43, 55, 43, 37], "hlc": [921543, 2]}
INFO:<Node 3>:{"send": false, "recv": true, "to": 3, "from": 1, "vc": [47, 49, 37, 46, 49, 38, 42, 46, 37, 32], "hlc": [921542, 9]}
INFO:<Node 3>:{"send": false, "recv": true, "to": 3, "from": 7, "vc": [47, 49, 37, 47, 49, 48, 43, 60, 39, 33], "hlc": [921542, 10]}
INFO:<Node 6>:{"send": false, "recv": true, "to": 6, "from": 2, "vc": [49, 46, 44, 41, 47, 48, 47, 57, 45, 34], "hlc": [921544, 4]}
INFO:<Node 6>:{"send": false, "recv": true, "to": 6, "from": 4, "vc": [49, 46, 44, 42, 52, 48, 48, 58, 45, 34], "hlc": [921544, 5]}
INFO:<Node 6>:{"send": false, "recv": true, "to": 6, "from": 9, "vc": [49, 46, 44, 42, 52, 50, 49, 58, 45, 37], "hlc": [921544, 6]}
INFO:<Node 7>:{"send": false, "recv": true, "to": 7, "from": 3, "vc": [47, 48, 37, 45, 49, 48, 43, 61, 39, 33], "hlc": [921542, 10]}
INFO:<Node 9>:{"send": false, "recv": true, "to": 9, "from": 0, "vc": [51, 45, 38, 41, 47, 50, 46, 57, 43, 38], "hlc": [921544, 0]}
INFO:<Node 1>:{"send": true, "recv": false, "from": 1, "to": 2, "vc": [43, 50, 37, 42, 49, 38, 42, 46, 37, 32], "hlc": [921542, 9]}
INFO:<Node 2>:{"send": true, "recv": false, "from": 2, "to": 6, "vc": [49, 46, 45, 41, 47, 48, 43, 57, 45, 34], "hlc": [921545, 0]}
INFO:<Node 3>:{"send": true, "recv": false, "from": 3, "to": 2, "vc": [47, 49, 37, 48, 49, 48, 43, 60, 39, 33], "hlc": [921542, 11]}
INFO:<Node 5>:{"send": true, "recv": false, "from": 5, "to": 3, "vc": [43, 44, 37, 41, 47, 51, 43, 50, 41, 32], "hlc": [921542, 7]}
INFO:<Node 8>:{"send": true, "recv": false, "from": 8, "to": 1, "vc": [43, 46, 36, 39, 47, 46, 43, 55, 46, 33], "hlc": [921542, 0]}
INFO:<Node 9>:{"send": true, "recv": false, "from": 9, "to": 4, "vc": [51, 45, 38, 41, 47, 50, 46, 57, 43, 39], "hlc": [921544, 1]}
INFO:<Node 1>:{"send": false, "recv": true, "to": 1, "from": 8, "vc": [43, 51, 37, 42, 49, 46, 43, 55, 46, 33], "hlc": [921542, 10]}
INFO:<Node 2>:{"send": false, "recv": true, "to": 2, "from": 1, "vc": [49, 50, 46, 42, 49, 48, 43, 57, 45, 34], "hlc": [921545, 1]}
INFO:<Node 2>:{"send": false, "recv": true, "to": 2, "from": 3, "vc": [49, 50, 47, 48, 49, 48, 43, 60, 45, 34], "hlc": [921545, 2]}
INFO:<Node 3>:{"send": false, "recv": true, "to": 3, "from": 5, "vc": [47, 49, 37, 49, 49, 51, 43, 60, 41, 33], "hlc": [921542, 12]}
INFO:<Node 4>:{"send": false, "recv": true, "to": 4, "from": 9, "vc": [51, 45, 40, 42, 53, 50, 46, 58, 43, 39], "hlc": [921544, 2]}
INFO:<Node 6>:{"send": false, "recv": true, "to": 6, "from": 2, "vc": [49, 46, 45, 42, 52, 50, 50, 58, 45, 37], "hlc": [921545, 1]}
INFO:<Node 2>:{"send": true, "recv": false, "from": 2, "to": 5, "vc": [49, 50, 48, 48, 49, 48, 43, 60, 45, 34], "hlc": [921545, 3]}
INFO:<Node 3>:{"send": true, "recv": false, "from": 3, "to": 8, "vc": [47, 49, 37, 50, 49, 51, 43, 60, 41, 33], "hlc": [921542, 13]}
INFO:<Node 5>:{"send": true, "recv": false, "from": 5, "to": 3, "vc": [43, 44, 37, 41, 47, 52, 43, 50, 41, 32], "hlc": [921542, 8]}
INFO:<Node 6>:{"send": true, "recv": false, "from": 6, "to": 0, "vc": [49, 46, 45, 42, 52, 50, 51, 58, 45, 37], "hlc": [921545, 2]}
INFO:<Node 8>:{"send": true, "recv": false, "from": 8, "to": 0, "vc": [43, 46, 36, 39, 47, 46, 43, 55, 47, 33], "hlc": [921543, 0]}
INFO:<Node 9>:{"send": true, "recv": false, "from": 9, "to": 8, "vc": [51, 45, 38, 41, 47, 50, 46, 57, 43, 40], "hlc": [921544, 2]}
INFO:<Node 0>:{"send": false, "recv": true, "to": 0, "from": 6, "vc": [52, 46, 45, 42, 52, 50, 51, 58, 45, 37], "hlc": [921545, 3]}
INFO:<Node 0>:{"send": false, "recv": true, "to": 0, "from": 8, "vc": [53, 46, 45, 42, 52, 50, 51, 58, 47, 37], "hlc": [921545, 4]}
INFO:<Node 3>:{"send": false, "recv": true, "to": 3, "from": 5, "vc": [47, 49, 37, 51, 49, 52, 43, 60, 41, 33], "hlc": [921543, 0]}
INFO:<Node 5>:{"send": false, "recv": true, "to": 5, "from": 2, "vc": [49, 50, 48, 48, 49, 53, 43, 60, 45, 34], "hlc": [921545, 4]}
INFO:<Node 8>:{"send": false, "recv": true, "to": 8, "from": 3, "vc": [47, 49, 37, 50, 49, 51, 43, 60, 48, 33], "hlc": [921543, 1]}
INFO:<Node 8>:{"send": false, "recv": true, "to": 8, "from": 9, "vc": [51, 49, 38, 50, 49, 51, 46, 60, 49, 40], "hlc": [921544, 3]}
INFO:<Node 0>:{"send": true, "recv": false, "from": 0, "to": 3, "vc": [54, 46, 45, 42, 52, 50, 51, 58, 47, 37], "hlc": [921545, 5]}
INFO:<Node 2>:{"send": true, "recv": false, "from": 2, "to": 6, "vc": [49, 50, 49, 48, 49, 48, 43, 60, 45, 34], "hlc": [921546, 0]}
INFO:<Node 3>:{"send": true, "recv": false, "from": 3, "to": 1, "vc": [47, 49, 37, 52, 49, 52, 43, 60, 41, 33], "hlc": [921543, 1]}
INFO:<Node 6>:{"send": true, "recv": false, "from": 6, "to": 1, "vc": [49, 46, 45, 42, 52, 50, 52, 58, 45, 37], "hlc": [921545, 3]}
INFO:<Node 7>:{"send": true, "recv": false, "from": 7, "to": 9, "vc": [47, 48, 37, 45, 49, 48, 43, 62, 39, 33], "hlc": [921543, 0]}
INFO:<Node 8>:{"send": true, "recv": false, "from": 8, "to": 3, "vc": [51, 49, 38, 50, 49, 51, 46, 60, 50, 40], "hlc": [921544, 4]}
INFO:<Node 9>:{"send": true, "recv": false, "from": 9, "to": 3, "vc": [51, 45, 38, 41, 47, 50, 46, 57, 43, 41], "hlc": [921545, 0]}
INFO:<Node 1>:{"send": false, "recv": true, "to": 1, "from": 3, "vc": [47, 52, 37, 52, 49, 52, 43, 60, 46, 33], "hlc": [921543, 2]}
INFO:<Node 1>:{"send": false, "recv": true, "to": 1, "from": 6, "vc": [49, 53, 45, 52, 52, 52, 52, 60, 46, 37], "hlc": [921545, 4]}
INFO:<Node 3>:{"send": false, "recv": true, "to": 3, "from": 0, "vc": [54, 49, 45, 53, 52, 52, 51, 60, 47, 37], "hlc": [921545, 6]}
INFO:<Node 3>:{"send": false, "recv": true, "to": 3, "from": 8, "vc": [54, 49, 45, 54, 52, 52, 51, 60, 50, 40], "hlc": [921545, 7]}
INFO:<Node 3>:{"send": false, "recv": true, "to": 3, "from": 9, "vc": [54, 49, 45, 55, 52, 52, 51, 60, 50, 41], "hlc": [921545, 8]}
INFO:<Node 6>:{"send": false, "recv": true, "to": 6, "from": 2, "vc": [49, 50, 49, 48, 52, 50, 53, 60, 45, 37], "hlc": [921546, 1]}
INFO:<Node 9>:{"send": false, "recv": true, "to": 9, "from": 7, "vc": [51, 48, 38, 45, 49, 50, 46, 62, 43, 42], "hlc": [921545, 1]}
INFO:<Node 0>:{"send": true, "recv": false, "from": 0, "to": 7, "vc": [55, 46, 45, 42, 52, 50, 51, 58, 47, 37], "hlc": [921545, 6]}
INFO:<Node 2>:{"send": true, "recv": false, "from": 2, "to": 7, "vc": [49, 50, 50, 48, 49, 48, 43, 60, 45, 34], "hlc": [921546, 1]}
INFO:<Node 7>:{"send": true, "recv": false, "from": 7, "to": 6, "vc": [47, 48, 37, 45, 49, 48, 43, 63, 39, 33], "hlc": [921544, 0]}
INFO:<Node 9>:{"send": true, "recv": false, "from": 9, "to": 8, "vc": [51, 48, 38, 45, 49, 50, 46, 62, 43, 43], "hlc": [921545, 2]}
INFO:<Node 6>:{"send": false, "recv": true, "to": 6, "from": 7, "vc": [49, 50, 49, 48, 52, 50, 54, 63, 45, 37], "hlc": [921546, 2]}
INFO:<Node 7>:{"send": false, "recv": true, "to": 7, "from": 0, "vc": [55, 48, 45, 45, 52, 50, 51, 64, 47, 37], "hlc": [921545, 7]}
INFO:<Node 7>:{"send": false, "recv": true, "to": 7, "from": 2, "vc": [55, 50, 50, 48, 52, 50, 51, 65, 47, 37], "hlc": [921546, 2]}
INFO:<Node 8>:{"send": false, "recv": true, "to": 8, "from": 9, "vc": [51, 49, 38, 50, 49, 51, 46, 62, 51, 43], "hlc": [921545, 3]}
INFO:<Node 2>:{"send": true, "recv": false, "from": 2, "to": 7, "vc": [49, 50, 51, 48, 49, 48, 43, 60, 45, 34], "hlc": [921547, 0]}
INFO:<Node 4>:{"send": true, "recv": false, "from": 4, "to": 7, "vc": [51, 45, 40, 42, 54, 50, 46, 58, 43, 39], "hlc": [921544, 3]}
INFO:<Node 5>:{"send": true, "recv": false, "from": 5, "to": 7, "vc": [49, 50, 48, 48, 49, 54, 43, 60, 45, 34], "hlc": [921545, 5]}
INFO:<Node 6>:{"send": true, "recv": false, "from": 6, "to": 0, "vc": [49, 50, 49, 48, 52, 50, 55, 63, 45, 37], "hlc": [921546, 3]}
INFO:<Node 8>:{"send": true, "recv": false, "from": 8, "to": 6, "vc": [51, 49, 38, 50, 49, 51, 46, 62, 52, 43], "hlc": [921545, 4]}
INFO:<Node 9>:{"send": true, "recv": false, "from": 9, "to": 3, "vc": [51, 48, 38, 45, 49, 50, 46, 62, 43, 44], "hlc": [921546, 0]}
INFO:<Node 0>:{"send": false, "recv": true, "to": 0, "from": 6, "vc": [56, 50, 49, 48, 52, 50, 55, 63, 47, 37], "hlc": [921546, 4]}
INFO:<Node 3>:{"send": false, "recv": true, "to": 3, "from": 9, "vc": [54, 49, 45, 56, 52, 52, 51, 62, 50, 44], "hlc": [921546, 1]}
INFO:<Node 6>:{"send": false, "recv": true, "to": 6, "from": 8, "vc": [51, 50, 49, 50, 52, 51, 56, 63, 52, 43], "hlc": [921546, 4]}
INFO:<Node 7>:{"send": false, "recv": true, "to": 7, "from": 2, "vc": [55, 50, 51, 48, 52, 50, 51, 66, 47, 37], "hlc": [921547, 1]}
INFO:<Node 7>:{"send": false, "recv": true, "to": 7, "from": 4, "vc": [55, 50, 51, 48, 54, 50, 51, 67, 47, 39], "hlc": [921547, 2]}
INFO:<Node 7>:{"send": false, "recv": true, "to": 7, "from": 5, "vc": [55, 50, 51, 48, 54, 54, 51, 68, 47, 39], "hlc": [921547, 3]}
INFO:<Node 0>:{"send": true, "recv": false, "from": 0, "to": 9, "vc": [57, 50, 49, 48, 52, 50, 55, 63, 47, 37], "hlc": [921546, 5]}
INFO:<Node 2>:{"send": true, "recv": false, "from": 2, "to": 4, "vc": [49, 50, 52, 48, 49, 48, 43, 60, 45, 34], "hlc": [921547, 1]}
INFO:<Node 3>:{"send": true, "recv": false, "from": 3, "to": 2, "vc": [54, 49, 45, 57, 52, 52, 51, 62, 50, 44], "hlc": [921546, 2]}
INFO:<Node 4>:{"send": true, "recv": false, "from": 4, "to": 7, "vc": [51, 45, 40, 42, 55, 50, 46, 58, 43, 39], "hlc": [921544, 4]}
INFO:<Node 5>:{"send": true, "recv": false, "from": 5, "to": 9, "vc": [49, 50, 48, 48, 49, 55, 43, 60, 45, 34], "hlc": [921545, 6]}
INFO:<Node 8>:{"send": true, "recv": false, "from": 8, "to": 0, "vc": [51, 49, 38, 50, 49, 51, 46, 62, 53, 43], "hlc": [921545, 5]}
INFO:<Node 9>:{"send": true, "recv": false, "from": 9, "to": 3, "vc": [51, 48, 38, 45, 49, 50, 46, 62, 43, 45], "hlc": [921546, 1]}
INFO:<Node 0>:{"send": false, "recv": true, "to": 0, "from": 8, "vc": [58, 50, 49, 50, 52, 51, 55, 63, 53, 43], "hlc": [921547, 0]}
INFO:<Node 2>:{"send": false, "recv": true, "to": 2, "from": 3, "vc": [54, 50, 53, 57, 52, 52, 51, 62, 50, 44], "hlc": [921548, 0]}
INFO:<Node 3>:{"send": false, "recv": true, "to": 3, "from": 9, "vc": [54, 49, 45, 58, 52, 52, 51, 62, 50, 45], "hlc": [921546, 3]}
INFO:<Node 4>:{"send": false, "recv": true, "to": 4, "from": 2, "vc": [51, 50, 52, 48, 56, 50, 46, 60, 45, 39], "hlc": [921547, 2]}
INFO:<Node 7>:{"send": false, "recv": true, "to": 7, "from": 4, "vc": [55, 50, 51, 48, 55, 54, 51, 69, 47, 39], "hlc": [921547, 4]}
INFO:<Node 9>:{"send": false, "recv": true, "to": 9, "from": 0, "vc": [57, 50, 49, 48, 52, 50, 55, 63, 47, 46], "hlc": [921547, 0]}
INFO:<Node 9>:{"send": false, "recv": true, "to": 9, "from": 5, "vc": [57, 50, 49, 48, 52, 55, 55, 63, 47, 47], "hlc": [921547, 1]}
INFO:<Node 0>:{"send": true, "recv": false, "from": 0, "to": 7, "vc": [59, 50, 49, 50, 52, 51, 55, 63, 53, 43], "hlc": [921547, 1]}
INFO:<Node 1>:{"send": true, "recv": false, "from": 1, "to": 5, "vc": [49, 54, 45, 52, 52, 52, 52, 60, 46, 37], "hlc": [921545, 5]}
INFO:<Node 2>:{"send": true, "recv": false, "from": 2, "to": 4, "vc": [54, 50, 54, 57, 52, 52, 51, 62, 50, 44], "hlc": [921548, 1]}
INFO:<Node 5>:{"send": true, "recv": false, "from": 5, "to": 0, "vc": [49, 50, 48, 48, 49, 56, 43, 60, 45, 34], "hlc": [921545, 7]}
INFO:<Node 6>:{"send": true, "recv": false, "from": 6, "to": 1, "vc": [51, 50, 49, 50, 52, 51, 57, 63, 52, 43], "hlc": [921546, 5]}
INFO:<Node 9>:{"send": true, "recv": false, "from": 9, "to": 4, "vc": [57, 50, 49, 48, 52, 55, 55, 63, 47, 48], "hlc": [921547, 2]}
INFO:<Node 0>:{"send": false, "recv": true, "to": 0, "from": 5, "vc": [60, 50, 49, 50, 52, 56, 55, 63, 53, 43], "hlc": [921547, 2]}
INFO:<Node 1>:{"send": false, "recv": true, "to": 1, "from": 6, "vc": [51, 55, 49, 52, 52, 52, 57, 63, 52, 43], "hlc": [921546, 6]}
INFO:<Node 4>:{"send": false, "recv": true, "to": 4, "from": 2, "vc": [54, 50, 54, 57, 57, 52, 51, 62, 50, 44], "hlc": [921548, 2]}
INFO:<Node 4>:{"send": false, "recv": true, "to": 4, "from": 9, "vc": [57, 50, 54, 57, 58, 55, 55, 63, 50, 48], "hlc": [921548, 3]}
INFO:<Node 5>:{"send": false, "recv": true, "to": 5, "from": 1, "vc": [49, 54, 48, 52, 52, 57, 52, 60, 46, 37], "hlc": [921545, 8]}
INFO:<Node 7>:{"send": false, "recv": true, "to": 7, "from": 0, "vc": [59, 50, 51, 50, 55, 54, 55, 70, 53, 43], "hlc": [921547, 5]}
INFO:<Node 0>:{"send": true, "recv": false, "from": 0, "to": 4, "vc": [61, 50, 49, 50, 52, 56, 55, 63, 53, 43], "hlc": [921547, 3]}
INFO:<Node 1>:{"send": true, "recv": false, "from": 1, "to": 6, "vc": [51, 56, 49, 52, 52, 52, 57, 63, 52, 43], "hlc": [921546, 7]}
INFO:<Node 2>:{"send": true, "recv": false, "from": 2, "to": 0, "vc": [54, 50, 55, 57, 52, 52, 51, 62, 50, 44], "hlc": [921548, 2]}
INFO:<Node 3>:{"send": true, "recv": false, "from": 3, "to": 7, "vc": [54, 49, 45, 59, 52, 52, 51, 62, 50, 45], "hlc": [921546, 4]}
INFO:<Node 4>:{"send": true, "recv": false, "from": 4, "to": 0, "vc": [57, 50, 54, 57, 59, 55, 55, 63, 50, 48], "hlc": [921548, 4]}
INFO:<Node 5>:{"send": true, "recv": false, "from": 5, "to": 2, "vc": [49, 54, 48, 52, 52, 58, 52, 60, 46, 37], "hlc": [921545, 9]}
INFO:<Node 6>:{"send": true, "recv": false, "from": 6, "to": 7, "vc": [51, 50, 49, 50, 52, 51, 58, 63, 52, 43], "hlc": [921546, 6]}
INFO:<Node 7>:{"send": true, "recv": false, "from": 7, "to": 5, "vc": [59, 50, 51, 50, 55, 54, 55, 71, 53, 43], "hlc": [921547, 6]}
INFO:<Node 8>:{"send": true, "recv": false, "from": 8, "to": 3, "vc": [51, 49, 38, 50, 49, 51, 46, 62, 54, 43], "hlc": [921546, 0]}
INFO:<Node 0>:{"send": false, "recv": true, "to": 0, "from": 2, "vc": [62, 50, 55, 57, 52, 56, 55, 63, 53, 44], "hlc": [921548, 3]}
INFO:<Node 0>:{"send": false, "recv": true, "to": 0, "from": 4, "vc": [63, 50, 55, 57, 59, 56, 55, 63, 53, 48], "hlc": [921548, 5]}
INFO:<Node 2>:{"send": false, "recv": true, "to": 2, "from": 5, "vc": [54, 54, 56, 57, 52, 58, 52, 62, 50, 44], "hlc": [921549, 0]}
INFO:<Node 3>:{"send": false, "recv": true, "to": 3, "from": 8, "vc": [54, 49, 45, 60, 52, 52, 51, 62, 54, 45], "hlc": [921546, 5]}
INFO:<Node 4>:{"send": false, "recv": true, "to": 4, "from": 0, "vc": [61, 50, 54, 57, 60, 56, 55, 63, 53, 48], "hlc": [921548, 5]}
INFO:<Node 5>:{"send": false, "recv": true, "to": 5, "from": 7, "vc": [59, 54, 51, 52, 55, 59, 55, 71, 53, 43], "hlc": [921547, 7]}
INFO:<Node 6>:{"send": false, "recv": true, "to": 6, "from": 1, "vc": [51, 56, 49, 52, 52, 52, 59, 63, 52, 43], "hlc": [921546, 8]}
INFO:<Node 7>:{"send": false, "recv": true, "to": 7, "from": 3, "vc": [59, 50, 51, 59, 55, 54, 55, 72, 53, 45], "hlc": [921547, 7]}
INFO:<Node 7>:{"send": false, "recv": true, "to": 7, "from": 6, "vc": [59, 50, 51, 59, 55, 54, 58, 73, 53, 45], "hlc": [921547, 8]}
INFO:<Node 0>:{"send": true, "recv": false, "from": 0, "to": 8, "vc": [64, 50, 55, 57, 59, 56, 55, 63, 53, 48], "hlc": [921548, 6]}
INFO:<Node 1>:{"send": true, "recv": false, "from": 1, "to": 8, "vc": [51, 57, 49, 52, 52, 52, 57, 63, 52, 43], "hlc": [921546, 8]}
INFO:<Node 4>:{"send": true, "recv": false, "from": 4, "to": 5, "vc": [61, 50, 54, 57, 61, 56, 55, 63, 53, 48], "hlc": [921548, 6]}
INFO:<Node 5>:{"send": true, "recv": false, "from": 5, "to": 7, "vc": [59, 54, 51, 52, 55, 60, 55, 71, 53, 43], "hlc": [921547, 8]}
INFO:<Node 7>:{"send": true, "recv": false, "from": 7, "to": 0, "vc": [59, 50, 51, 59, 55, 54, 58, 74, 53, 45], "hlc": [921547, 9]}
INFO:<Node 8>:{"send": true, "recv": false, "from": 8, "to": 6, "vc": [51, 49, 38, 50, 49, 51, 46, 62, 55, 43], "hlc": [921546, 1]}
INFO:<Node 9>:{"send": true, "recv": false, "from": 9, "to": 4, "vc": [57, 50, 49, 48, 52, 55, 55, 63, 47, 49], "hlc": [921548, 0]}
INFO:<Node 0>:{"send": false, "recv": true, "to": 0, "from": 7, "vc": [65, 50, 55, 59, 59, 56, 58, 74, 53, 48], "hlc": [921548, 7]}
INFO:<Node 4>:{"send": false, "recv": true, "to": 4, "from": 9, "vc": [61, 50, 54, 57, 62, 56, 55, 63, 53, 49], "hlc": [921548, 7]}
INFO:<Node 5>:{"send": false, "recv": true, "to": 5, "from": 4, "vc": [61, 54, 54, 57, 61, 61, 55, 71, 53, 48], "hlc": [921548, 7]}
INFO:<Node 6>:{"send": false, "recv": true, "to": 6, "from": 8, "vc": [51, 56, 49, 52, 52, 52, 60, 63, 55, 43], "hlc": [921546, 9]}
INFO:<Node 7>:{"send": false, "recv": true, "to": 7, "from": 5, "vc": [59, 54, 51, 59, 55, 60, 58, 75, 53, 45], "hlc": [921547, 10]}
INFO:<Node 8>:{"send": false, "recv": true, "to": 8, "from": 0, "vc": [64, 50, 55, 57, 59, 56, 55, 63, 56, 48], "hlc": [921548, 7]}
INFO:<Node 8>:{"send": false, "recv": true, "to": 8, "from": 1, "vc": [64, 57, 55, 57, 59, 56, 57, 63, 57, 48], "hlc": [921548, 8]}
INFO:<Node 3>:{"send": true, "recv": false, "from": 3, "to": 6, "vc": [54, 49, 45, 61, 52, 52, 51, 62, 54, 45], "hlc": [921546, 6]}
INFO:<Node 4>:{"send": true, "recv": false, "from": 4, "to": 2, "vc": [61, 50, 54, 57, 63, 56, 55, 63, 53, 49], "hlc": [921548, 8]}
INFO:<Node 5>:{"send": true, "recv": false, "from": 5, "to": 4, "vc": [61, 54, 54, 57, 61, 62, 55, 71, 53, 48], "hlc": [921548, 8]}
INFO:<Node 7>:{"send": true, "recv": false, "from": 7, "to": 2, "vc": [59, 54, 51, 59, 55, 60, 58, 76, 53, 45], "hlc": [921547, 11]}
INFO:<Node 9>:{"send": true, "recv": false, "from": 9, "to": 7, "vc": [57, 50, 49, 48, 52, 55, 55, 63, 47, 50], "hlc": [921548, 1]}
INFO:<Node 2>:{"send": false, "recv": true, "to": 2, "from": 4, "vc": [61, 54, 57, 57, 63, 58, 55, 63, 53, 49], "hlc": [921550, 0]}
INFO:<Node 2>:{"send": false, "recv": true, "to": 2, "from": 7, "vc": [61, 54, 58, 59, 63, 60, 58, 76, 53, 49], "hlc": [921550, 1]}
INFO:<Node 4>:{"send": false, "recv": true, "to": 4, "from": 5, "vc": [61, 54, 54, 57, 64, 62, 55, 71, 53, 49], "hlc": [921548, 9]}
INFO:<Node 6>:{"send": false, "recv": true, "to": 6, "from": 3, "vc": [54, 56, 49, 61, 52, 52, 61, 63, 55, 45], "hlc": [921546, 10]}
INFO:<Node 7>:{"send": false, "recv": true, "to": 7, "from": 9, "vc": [59, 54, 51, 59, 55, 60, 58, 77, 53, 50], "hlc": [921548, 2]}
INFO:<Node 1>:{"send": true, "recv": false, "from": 1, "to": 8, "vc": [51, 58, 49, 52, 52, 52, 57, 63, 52, 43], "hlc": [921546, 9]}
INFO:<Node 2>:{"send": true, "recv": false, "from": 2, "to": 4, "vc": [61, 54, 59, 59, 63, 60, 58, 76, 53, 49], "hlc": [921550, 2]}
INFO:<Node 4>:{"send": true, "recv": false, "from": 4, "to": 6, "vc": [61, 54, 54, 57, 65, 62, 55, 71, 53, 49], "hlc": [921548, 10]}
INFO:<Node 5>:{"send": true, "recv": false, "from": 5, "to": 2, "vc": [61, 54, 54, 57, 61, 63, 55, 71, 53, 48], "hlc": [921548, 9]}
INFO:<Node 6>:{"send": true, "recv": false, "from": 6, "to": 7, "vc": [54, 56, 49, 61, 52, 52, 62, 63, 55, 45], "hlc": [921546, 11]}
INFO:<Node 7>:{"send": true, "recv": false, "from": 7, "to": 0, "vc": [59, 54, 51, 59, 55, 60, 58, 78, 53, 50], "hlc": [921548, 3]}
INFO:<Node 8>:{"send": true, "recv": false, "from": 8, "to": 1, "vc": [64, 57, 55, 57, 59, 56, 57, 63, 58, 48], "hlc": [921548, 9]}
INFO:<Node 9>:{"send": true, "recv": false, "from": 9, "to": 4, "vc": [57, 50, 49, 48, 52, 55, 55, 63, 47, 51], "hlc": [921549, 0]}
INFO:<Node 0>:{"send": false, "recv": true, "to": 0, "from": 7, "vc": [66, 54, 55, 59, 59, 60, 58, 78, 53, 50], "hlc": [921549, 0]}
INFO:<Node 1>:{"send": false, "recv": true, "to": 1, "from": 8, "vc": [64, 59, 55, 57, 59, 56, 57, 63, 58, 48], "hlc": [921548, 10]}
INFO:<Node 2>:{"send": false, "recv": true, "to": 2, "from": 5, "vc": [61, 54, 60, 59, 63, 63, 58, 76, 53, 49], "hlc": [921550, 3]}
INFO:<Node 4>:{"send": false, "recv": true, "to": 4, "from": 2, "vc": [61, 54, 59, 59, 66, 62, 58, 76, 53, 49], "hlc": [921550, 3]}
INFO:<Node 4>:{"send": false, "recv": true, "to": 4, "from": 9, "vc": [61, 54, 59, 59, 67, 62, 58, 76, 53, 51], "hlc": [921550, 4]}
INFO:<Node 6>:{"send": false, "recv": true, "to": 6, "from": 4, "vc": [61, 56, 54, 61, 65, 62, 63, 71, 55, 49], "hlc": [921548, 11]}
INFO:<Node 7>:{"send": false, "recv": true, "to": 7, "from": 6, "vc": [59, 56, 51, 61, 55, 60, 62, 79, 55, 50], "hlc": [921548, 4]}
INFO:<Node 8>:{"send": false, "recv": true, "to": 8, "from": 1, "vc": [64, 58, 55, 57, 59, 56, 57, 63, 59, 48], "hlc": [921548, 10]}
INFO:<Node 1>:{"send": true, "recv": false, "from": 1, "to": 0, "vc": [64, 60, 55, 57, 59, 56, 57, 63, 58, 48], "hlc": [921548, 11]}
INFO:<Node 2>:{"send": true, "recv": false, "from": 2, "to": 9, "vc": [61, 54, 61, 59, 63, 63, 58, 76, 53, 49], "hlc": [921550, 4]}
INFO:<Node 3>:{"send": true, "recv": false, "from": 3, "to": 1, "vc": [54, 49, 45, 62, 52, 52, 51, 62, 54, 45], "hlc": [921547, 0]}
INFO:<Node 7>:{"send": true, "recv": false, "from": 7, "to": 5, "vc": [59, 56, 51, 61, 55, 60, 62, 80, 55, 50], "hlc": [921548, 5]}
INFO:<Node 8>:{"send": true, "recv": false, "from": 8, "to": 1, "vc": [64, 58, 55, 57, 59, 56, 57, 63, 60, 48], "hlc": [921548, 11]}
INFO:<Node 9>:{"send": true, "recv": false, "from": 9, "to": 4, "vc": [57, 50, 49, 48, 52, 55, 55, 63, 47, 52], "hlc": [921549, 1]}
INFO:<Node 0>:{"send": false, "recv": true, "to": 0, "from": 1, "vc": [67, 60, 55, 59, 59, 60, 58, 78, 58, 50], "hlc": [921550, 0]}
INFO:<Node 1>:{"send": false, "recv": true, "to": 1, "from": 3, "vc": [64, 61, 55, 62, 59, 56, 57, 63, 58, 48], "hlc": [921548, 12]}
INFO:<Node 1>:{"send": false, "recv": true, "to": 1, "from": 8, "vc": [64, 62, 55, 62, 59, 56, 57, 63, 60, 48], "hlc": [921548, 13]}
INFO:<Node 4>:{"send": false, "recv": true, "to": 4, "from": 9, "vc": [61, 54, 59, 59, 68, 62, 58, 76, 53, 52], "hlc": [921550, 5]}
INFO:<Node 5>:{"send": false, "recv": true, "to": 5, "from": 7, "vc": [61, 56, 54, 61, 61, 64, 62, 80, 55, 50], "hlc": [921548, 10]}
INFO:<Node 9>:{"send": false, "recv": true, "to": 9, "from": 2, "vc": [61, 54, 61, 59, 63, 63, 58, 76, 53, 53], "hlc": [921550, 5]}
