INFO:root:Random workload: num sockets: 10, num iterations: 50, base address: 60200, chance of send: 3 in 5, round delay (s): 0.5, max clock drift (s): 9.5, actual clock drifts: [3.7147902664643446, 6.538006243236115, 5.9347252065401985, -1.0201734847539825, -5.354896535863565, -6.162696988679608, -7.87267750094353, 2.906281261265905, -3.436926604726584, 1.7722778625593154]
INFO:<Node 0>:{"send": true, "recv": false, "from": 0, "to": 9, "vc": [1, 0, 0, 0, 0, 0, 0, 0, 0, 0], "hlc": [921735, 0]}
INFO:<Node 1>:{"send": true, "recv": false, "from": 1, "to": 7, "vc": [0, 1, 0, 0, 0, 0, 0, 0, 0, 0], "hlc": [921738, 0]}
INFO:<Node 2>:{"send": true, "recv": false, "from": 2, "to": 5, "vc": [0, 0, 1, 0, 0, 0, 0, 0, 0, 0], "hlc": [921737, 0]}
INFO:<Node 3>:{"send": true, "recv": false, "from": 3, "to": 9, "vc": [0, 0, 0, 1, 0, 0, 0, 0, 0, 0], "hlc": [921731, 1]}
INFO:<Node 4>:{"send": true, "recv": false, "from": 4, "to": 3, "vc": [0, 0, 0, 0, 1, 0, 0, 0, 0, 0], "hlc": [921731, 1]}
INFO:<Node 5>:{"send": true, "recv": false, "from": 5, "to": 0, "vc": [0, 0, 0, 0, 0, 1, 0, 0, 0, 0], "hlc": [921731, 1]}
INFO:<Node 6>:{"send": true, "recv": false, "from": 6, "to": 1, "vc": [0, 0, 0, 0, 0, 0, 1, 0, 0, 0], "hlc": [921731, 1]}
INFO:<Node 7>:{"send": true, "recv": false, "from": 7, "to": 4, "vc": [0, 0, 0, 0, 0, 0, 0, 1, 0, 0], "hlc": [921734, 0]}
INFO:<Node 8>:{"send": true, "recv": false, "from": 8, "to": 0, "vc": [0, 0, 0, 0, 0, 0, 0, 0, 1, 0], "hlc": [921731, 1]}
INFO:<Node 0>:{"send": false, "recv": true, "to": 0, "from": 5, "vc": [2, 0, 0, 0, 0, 1, 0, 0, 0, 0], "hlc": [921735, 1]}
INFO:<Node 0>:{"send": false, "recv": true, "to": 0, "from": 8, "vc": [3, 0, 0, 0, 0, 1, 0, 0, 1, 0], "hlc": [921735, 2]}
INFO:<Node 1>:{"send": false, "recv": true, "to": 1, "from": 6, "vc": [0, 2, 0, 0, 0, 0, 1, 0, 0, 0], "hlc": [921738, 1]}
INFO:<Node 3>:{"send": false, "recv": true, "to": 3, "from": 4, "vc": [0, 0, 0, 2, 1, 0, 0, 0, 0, 0], "hlc": [921731, 2]}
INFO:<Node 4>:{"send": false, "recv": true, "to": 4, "from": 7, "vc": [0, 0, 0, 0, 2, 0, 0, 1, 0, 0], "hlc": [921734, 1]}
INFO:<Node 5>:{"send": false, "recv": true, "to": 5, "from": 2, "vc": [0, 0, 1, 0, 0, 2, 0, 0, 0, 0], "hlc": [921737, 1]}
INFO:<Node 7>:{"send": false, "recv": true, "to": 7, "from": 1, "vc": [0, 1, 0, 0, 0, 0, 0, 2, 0, 0], "hlc": [921738, 1]}
INFO:<Node 9>:{"send": false, "recv": true, "to": 9, "from": 0, "vc": [1, 0, 0, 0, 0, 0, 0, 0, 0, 1], "hlc": [921735, 1]}
INFO:<Node 9>:{"send": false, "recv": true, "to": 9, "from": 3, "vc": [1, 0, 0, 1, 0, 0, 0, 0, 0, 2], "hlc": [921735, 2]}
INFO:<Node 0>:{"send": true, "recv": false, "from": 0, "to": 9, "vc": [4, 0, 0, 0, 0, 1, 0, 0, 1, 0], "hlc": [921735, 3]}
INFO:<Node 1>:{"send": true, "recv": false, "from": 1, "to": 8, "vc": [0, 3, 0, 0, 0, 0, 1, 0, 0, 0], "hlc": [921738, 2]}
INFO:<Node 2>:{"send": true, "recv": false, "from": 2, "to": 5, "vc": [0, 0, 2, 0, 0, 0, 0, 0, 0, 0], "hlc": [921738, 0]}
INFO:<Node 3>:{"send": true, "recv": false, "from": 3, "to": 5, "vc": [0, 0, 0, 3, 1, 0, 0, 0, 0, 0], "hlc": [921731, 3]}
INFO:<Node 5>:{"send": true, "recv": false, "from": 5, "to": 4, "vc": [0, 0, 1, 0, 0, 3, 0, 0, 0, 0], "hlc": [921737, 2]}
INFO:<Node 6>:{"send": true, "recv": false, "from": 6, "to": 1, "vc": [0, 0, 0, 0, 0, 0, 2, 0, 0, 0], "hlc": [921731, 2]}
INFO:<Node 8>:{"send": true, "recv": false, "from": 8, "to": 7, "vc": [0, 0, 0, 0, 0, 0, 0, 0, 2, 0], "hlc": [921731, 2]}
INFO:<Node 9>:{"send": true, "recv": false, "from": 9, "to": 7, "vc": [1, 0, 0, 1, 0, 0, 0, 0, 0, 3], "hlc": [921735, 3]}
INFO:<Node 1>:{"send": false, "recv": true, "to": 1, "from": 6, "vc": [0, 4, 0, 0, 0, 0, 2, 0, 0, 0], "hlc": [921739, 0]}
INFO:<Node 4>:{"send": false, "recv": true, "to": 4, "from": 5, "vc": [0, 0, 1, 0, 3, 3, 0, 1, 0, 0], "hlc": [921737, 3]}
INFO:<Node 5>:{"send": false, "recv": true, "to": 5, "from": 2, "vc": [0, 0, 2, 0, 0, 4, 0, 0, 0, 0], "hlc": [921738, 1]}
INFO:<Node 5>:{"send": false, "recv": true, "to": 5, "from": 3, "vc": [0, 0, 2, 3, 1, 5, 0, 0, 0, 0], "hlc": [921738, 2]}
INFO:<Node 7>:{"send": false, "recv": true, "to": 7, "from": 8, "vc": [0, 1, 0, 0, 0, 0, 0, 3, 2, 0], "hlc": [921738, 2]}
INFO:<Node 7>:{"send": false, "recv": true, "to": 7, "from": 9, "vc": [1, 1, 0, 1, 0, 0, 0, 4, 2, 3], "hlc": [921738, 3]}
INFO:<Node 8>:{"send": false, "recv": true, "to": 8, "from": 1, "vc": [0, 3, 0, 0, 0, 0, 1, 0, 3, 0], "hlc": [921738, 3]}
INFO:<Node 9>:{"send": false, "recv": true, "to": 9, "from": 0, "vc": [4, 0, 0, 1, 0, 1, 0, 0, 1, 4], "hlc": [921735, 4]}
INFO:<Node 1>:{"send": true, "recv": false, "from": 1, "to": 8, "vc": [0, 5, 0, 0, 0, 0, 2, 0, 0, 0], "hlc": [921739, 1]}
INFO:<Node 2>:{"send": true, "recv": false, "from": 2, "to": 0, "vc": [0, 0, 3, 0, 0, 0, 0, 0, 0, 0], "hlc": [921738, 1]}
INFO:<Node 4>:{"send": true, "recv": false, "from": 4, "to": 3, "vc": [0, 0, 1, 0, 4, 3, 0, 1, 0, 0], "hlc": [921737, 4]}
INFO:<Node 5>:{"send": true, "recv": false, "from": 5, "to": 0, "vc": [0, 0, 2, 3, 1, 6, 0, 0, 0, 0], "hlc": [921738, 3]}
INFO:<Node 6>:{"send": true, "recv": false, "from": 6, "to": 8, "vc": [0, 0, 0, 0, 0, 0, 3, 0, 0, 0], "hlc": [921731, 3]}
INFO:<Node 7>:{"send": true, "recv": false, "from": 7, "to": 3, "vc": [1, 1, 0, 1, 0, 0, 0, 5, 2, 3], "hlc": [921738, 4]}
INFO:<Node 8>:{"send": true, "recv": false, "from": 8, "to": 9, "vc": [0, 3, 0, 0, 0, 0, 1, 0, 4, 0], "hlc": [921738, 4]}
INFO:<Node 9>:{"send": true, "recv": false, "from": 9, "to": 4, "vc": [4, 0, 0, 1, 0, 1, 0, 0, 1, 5], "hlc": [921735, 5]}
INFO:<Node 0>:{"send": false, "recv": true, "to": 0, "from": 2, "vc": [5, 0, 3, 0, 0, 1, 0, 0, 1, 0], "hlc": [921738, 2]}
INFO:<Node 0>:{"send": false, "recv": true, "to": 0, "from": 5, "vc": [6, 0, 3, 3, 1, 6, 0, 0, 1, 0], "hlc": [921738, 4]}
INFO:<Node 3>:{"send": false, "recv": true, "to": 3, "from": 4, "vc": [0, 0, 1, 4, 4, 3, 0, 1, 0, 0], "hlc": [921737, 5]}
INFO:<Node 3>:{"send": false, "recv": true, "to": 3, "from": 7, "vc": [1, 1, 1, 5, 4, 3, 0, 5, 2, 3], "hlc": [921738, 5]}
INFO:<Node 4>:{"send": false, "recv": true, "to": 4, "from": 9, "vc": [4, 0, 1, 1, 5, 3, 0, 1, 1, 5], "hlc": [921737, 5]}
INFO:<Node 8>:{"send": false, "recv": true, "to": 8, "from": 1, "vc": [0, 5, 0, 0, 0, 0, 2, 0, 5, 0], "hlc": [921739, 2]}
INFO:<Node 8>:{"send": false, "recv": true, "to": 8, "from": 6, "vc": [0, 5, 0, 0, 0, 0, 3, 0, 6, 0], "hlc": [921739, 3]}
INFO:<Node 9>:{"send": false, "recv": true, "to": 9, "from": 8, "vc": [4, 3, 0, 1, 0, 1, 1, 0, 4, 6], "hlc": [921738, 5]}
INFO:<Node 0>:{"send": true, "recv": false, "from": 0, "to": 5, "vc": [7, 0, 3, 3, 1, 6, 0, 0, 1, 0], "hlc": [921738, 5]}
INFO:<Node 2>:{"send": true, "recv": false, "from": 2, "to": 8, "vc": [0, 0, 4, 0, 0, 0, 0, 0, 0, 0], "hlc": [921739, 0]}
INFO:<Node 4>:{"send": true, "recv": false, "from": 4, "to": 7, "vc": [4, 0, 1, 1, 6, 3, 0, 1, 1, 5], "hlc": [921737, 6]}
INFO:<Node 6>:{"send": true, "recv": false, "from": 6, "to": 1, "vc": [0, 0, 0, 0, 0, 0, 4, 0, 0, 0], "hlc": [921731, 4]}
INFO:<Node 1>:{"send": false, "recv": true, "to": 1, "from": 6, "vc": [0, 6, 0, 0, 0, 0, 4, 0, 0, 0], "hlc": [921740, 0]}
INFO:<Node 5>:{"send": false, "recv": true, "to": 5, "from": 0, "vc": [7, 0, 3, 3, 1, 7, 0, 0, 1, 0], "hlc": [921738, 6]}
INFO:<Node 7>:{"send": false, "recv": true, "to": 7, "from": 4, "vc": [4, 1, 1, 1, 6, 3, 0, 6, 2, 5], "hlc": [921738, 5]}
INFO:<Node 8>:{"send": false, "recv": true, "to": 8, "from": 2, "vc": [0, 5, 4, 0, 0, 0, 3, 0, 7, 0], "hlc": [921739, 4]}
INFO:<Node 0>:{"send": true, "recv": false, "from": 0, "to": 6, "vc": [8, 0, 3, 3, 1, 6, 0, 0, 1, 0], "hlc": [921738, 6]}
INFO:<Node 1>:{"send": true, "recv": false, "from": 1, "to": 7, "vc": [0, 7, 0, 0, 0, 0, 4, 0, 0, 0], "hlc": [921740, 1]}
INFO:<Node 4>:{"send": true, "recv": false, "from": 4, "to": 6, "vc": [4, 0, 1, 1, 7, 3, 0, 1, 1, 5], "hlc": [921737, 7]}
INFO:<Node 9>:{"send": true, "recv": false, "from": 9, "to": 4, "vc": [4, 3, 0, 1, 0, 1, 1, 0, 4, 7], "hlc": [921738, 6]}
INFO:<Node 4>:{"send": false, "recv": true, "to": 4, "from": 9, "vc": [4, 3, 1, 1, 8, 3, 1, 1, 4, 7], "hlc": [921738, 7]}
INFO:<Node 6>:{"send": false, "recv": true, "to": 6, "from": 0, "vc": [8, 0, 3, 3, 1, 6, 5, 0, 1, 0], "hlc": [921738, 7]}
INFO:<Node 6>:{"send": false, "recv": true, "to": 6, "from": 4, "vc": [8, 0, 3, 3, 7, 6, 6, 1, 1, 5], "hlc": [921738, 8]}
INFO:<Node 7>:{"send": false, "recv": true, "to": 7, "from": 1, "vc": [4, 7, 1, 1, 6, 3, 4, 7, 2, 5], "hlc": [921740, 2]}
INFO:<Node 0>:{"send": true, "recv": false, "from": 0, "to": 6, "vc": [9, 0, 3, 3, 1, 6, 0, 0, 1, 0], "hlc": [921738, 7]}
INFO:<Node 1>:{"send": true, "recv": false, "from": 1, "to": 4, "vc": [0, 8, 0, 0, 0, 0, 4, 0, 0, 0], "hlc": [921740, 2]}
INFO:<Node 2>:{"send": true, "recv": false, "from": 2, "to": 9, "vc": [0, 0, 5, 0, 0, 0, 0, 0, 0, 0], "hlc": [921740, 0]}
INFO:<Node 3>:{"send": true, "recv": false, "from": 3, "to": 8, "vc": [1, 1, 1, 6, 4, 3, 0, 5, 2, 3], "hlc": [921738, 6]}
INFO:<Node 5>:{"send": true, "recv": false, "from": 5, "to": 2, "vc": [7, 0, 3, 3, 1, 8, 0, 0, 1, 0], "hlc": [921738, 7]}
INFO:<Node 7>:{"send": true, "recv": false, "from": 7, "to": 4, "vc": [4, 7, 1, 1, 6, 3, 4, 8, 2, 5], "hlc": [921740, 3]}
INFO:<Node 9>:{"send": true, "recv": false, "from": 9, "to": 2, "vc": [4, 3, 0, 1, 0, 1, 1, 0, 4, 8], "hlc": [921738, 7]}
INFO:<Node 2>:{"send": false, "recv": true, "to": 2, "from": 5, "vc": [7, 0, 6, 3, 1, 8, 0, 0, 1, 0], "hlc": [921740, 1]}
INFO:<Node 2>:{"send": false, "recv": true, "to": 2, "from": 9, "vc": [7, 3, 7, 3, 1, 8, 1, 0, 4, 8], "hlc": [921740, 2]}
INFO:<Node 4>:{"send": false, "recv": true, "to": 4, "from": 1, "vc": [4, 8, 1, 1, 9, 3, 4, 1, 4, 7], "hlc": [921740, 3]}
INFO:<Node 4>:{"send": false, "recv": true, "to": 4, "from": 7, "vc": [4, 8, 1, 1, 10, 3, 4, 8, 4, 7], "hlc": [921740, 4]}
INFO:<Node 6>:{"send": false, "recv": true, "to": 6, "from": 0, "vc": [9, 0, 3, 3, 7, 6, 7, 1, 1, 5], "hlc": [921738, 9]}
INFO:<Node 8>:{"send": false, "recv": true, "to": 8, "from": 3, "vc": [1, 5, 4, 6, 4, 3, 3, 5, 8, 3], "hlc": [921739, 5]}
INFO:<Node 9>:{"send": false, "recv": true, "to": 9, "from": 2, "vc": [4, 3, 5, 1, 0, 1, 1, 0, 4, 9], "hlc": [921740, 1]}
INFO:<Node 0>:{"send": true, "recv": false, "from": 0, "to": 2, "vc": [10, 0, 3, 3, 1, 6, 0, 0, 1, 0], "hlc": [921738, 8]}
INFO:<Node 2>:{"send": true, "recv": false, "from": 2, "to": 6, "vc": [7, 3, 8, 3, 1, 8, 1, 0, 4, 8], "hlc": [921740, 3]}
INFO:<Node 3>:{"send": true, "recv": false, "from": 3, "to": 4, "vc": [1, 1, 1, 7, 4, 3, 0, 5, 2, 3], "hlc": [921738, 7]}
INFO:<Node 4>:{"send": true, "recv": false, "from": 4, "to": 1, "vc": [4, 8, 1, 1, 11, 3, 4, 8, 4, 7], "hlc": [921740, 5]}
INFO:<Node 5>:{"send": true, "recv": false, "from": 5, "to": 4, "vc": [7, 0, 3, 3, 1, 9, 0, 0, 1, 0], "hlc": [921738, 8]}
INFO:<Node 7>:{"send": true, "recv": false, "from": 7, "to": 4, "vc": [4, 7, 1, 1, 6, 3, 4, 9, 2, 5], "hlc": [921740, 4]}
INFO:<Node 8>:{"send": true, "recv": false, "from": 8, "to": 4, "vc": [1, 5, 4, 6, 4, 3, 3, 5, 9, 3], "hlc": [921739, 6]}
INFO:<Node 9>:{"send": true, "recv": false, "from": 9, "to": 1, "vc": [4, 3, 5, 1, 0, 1, 1, 0, 4, 10], "hlc": [921740, 2]}
INFO:<Node 1>:{"send": false, "recv": true, "to": 1, "from": 4, "vc": [4, 9, 1, 1, 11, 3, 4, 8, 4, 7], "hlc": [921741, 0]}
INFO:<Node 1>:{"send": false, "recv": true, "to": 1, "from": 9, "vc": [4, 10, 5, 1, 11, 3, 4, 8, 4, 10], "hlc": [921741, 1]}
INFO:<Node 2>:{"send": false, "recv": true, "to": 2, "from": 0, "vc": [10, 3, 9, 3, 1, 8, 1, 0, 4, 8], "hlc": [921741, 0]}
INFO:<Node 4>:{"send": false, "recv": true, "to": 4, "from": 3, "vc": [4, 8, 1, 7, 12, 3, 4, 8, 4, 7], "hlc": [921740, 6]}
INFO:<Node 4>:{"send": false, "recv": true, "to": 4, "from": 5, "vc": [7, 8, 3, 7, 13, 9, 4, 8, 4, 7], "hlc": [921740, 7]}
INFO:<Node 4>:{"send": false, "recv": true, "to": 4, "from": 7, "vc": [7, 8, 3, 7, 14, 9, 4, 9, 4, 7], "hlc": [921740, 8]}
INFO:<Node 4>:{"send": false, "recv": true, "to": 4, "from": 8, "vc": [7, 8, 4, 7, 15, 9, 4, 9, 9, 7], "hlc": [921740, 9]}
INFO:<Node 6>:{"send": false, "recv": true, "to": 6, "from": 2, "vc": [9, 3, 8, 3, 7, 8, 8, 1, 4, 8], "hlc": [921740, 4]}
INFO:<Node 0>:{"send": true, "recv": false, "from": 0, "to": 5, "vc": [11, 0, 3, 3, 1, 6, 0, 0, 1, 0], "hlc": [921738, 9]}
INFO:<Node 1>:{"send": true, "recv": false, "from": 1, "to": 5, "vc": [4, 11, 5, 1, 11, 3, 4, 8, 4, 10], "hlc": [921741, 2]}
INFO:<Node 3>:{"send": true, "recv": false, "from": 3, "to": 7, "vc": [1, 1, 1, 8, 4, 3, 0, 5, 2, 3], "hlc": [921738, 8]}
INFO:<Node 5>:{"send": true, "recv": false, "from": 5, "to": 8, "vc": [7, 0, 3, 3, 1, 10, 0, 0, 1, 0], "hlc": [921738, 9]}
INFO:<Node 6>:{"send": true, "recv": false, "from": 6, "to": 2, "vc": [9, 3, 8, 3, 7, 8, 9, 1, 4, 8], "hlc": [921740, 5]}
INFO:<Node 2>:{"send": false, "recv": true, "to": 2, "from": 6, "vc": [10, 3, 10, 3, 7, 8, 9, 1, 4, 8], "hlc": [921741, 1]}
INFO:<Node 5>:{"send": false, "recv": true, "to": 5, "from": 0, "vc": [11, 0, 3, 3, 1, 11, 0, 0, 1, 0], "hlc": [921738, 10]}
INFO:<Node 5>:{"send": false, "recv": true, "to": 5, "from": 1, "vc": [11, 11, 5, 3, 11, 12, 4, 8, 4, 10], "hlc": [921741, 3]}
INFO:<Node 7>:{"send": false, "recv": true, "to": 7, "from": 3, "vc": [4, 7, 1, 8, 6, 3, 4, 10, 2, 5], "hlc": [921740, 5]}
INFO:<Node 8>:{"send": false, "recv": true, "to": 8, "from": 5, "vc": [7, 5, 4, 6, 4, 10, 3, 5, 10, 3], "hlc": [921739, 7]}
INFO:<Node 0>:{"send": true, "recv": false, "from": 0, "to": 6, "vc": [12, 0, 3, 3, 1, 6, 0, 0, 1, 0], "hlc": [921739, 0]}
INFO:<Node 5>:{"send": true, "recv": false, "from": 5, "to": 2, "vc": [11, 11, 5, 3, 11, 13, 4, 8, 4, 10], "hlc": [921741, 4]}
INFO:<Node 9>:{"send": true, "recv": false, "from": 9, "to": 5, "vc": [4, 3, 5, 1, 0, 1, 1, 0, 4, 11], "hlc": [921740, 3]}
INFO:<Node 2>:{"send": false, "recv": true, "to": 2, "from": 5, "vc": [11, 11, 11, 3, 11, 13, 9, 8, 4, 10], "hlc": [921742, 0]}
INFO:<Node 5>:{"send": false, "recv": true, "to": 5, "from": 9, "vc": [11, 11, 5, 3, 11, 14, 4, 8, 4, 11], "hlc": [921741, 5]}
INFO:<Node 6>:{"send": false, "recv": true, "to": 6, "from": 0, "vc": [12, 3, 8, 3, 7, 8, 10, 1, 4, 8], "hlc": [921740, 6]}
INFO:<Node 0>:{"send": true, "recv": false, "from": 0, "to": 4, "vc": [13, 0, 3, 3, 1, 6, 0, 0, 1, 0], "hlc": [921739, 1]}
INFO:<Node 1>:{"send": true, "recv": false, "from": 1, "to": 8, "vc": [4, 12, 5, 1, 11, 3, 4, 8, 4, 10], "hlc": [921742, 0]}
INFO:<Node 4>:{"send": true, "recv": false, "from": 4, "to": 7, "vc": [7, 8, 4, 7, 16, 9, 4, 9, 9, 7], "hlc": [921740, 10]}
INFO:<Node 6>:{"send": true, "recv": false, "from": 6, "to": 1, "vc": [12, 3, 8, 3, 7, 8, 11, 1, 4, 8], "hlc": [921740, 7]}
INFO:<Node 8>:{"send": true, "recv": false, "from": 8, "to": 7, "vc": [7, 5, 4, 6, 4, 10, 3, 5, 11, 3], "hlc": [921739, 8]}
INFO:<Node 9>:{"send": true, "recv": false, "from": 9, "to": 6, "vc": [4, 3, 5, 1, 0, 1, 1, 0, 4, 12], "hlc": [921740, 4]}
INFO:<Node 1>:{"send": false, "recv": true, "to": 1, "from": 6, "vc": [12, 13, 8, 3, 11, 8, 11, 8, 4, 10], "hlc": [921743, 0]}
INFO:<Node 4>:{"send": false, "recv": true, "to": 4, "from": 0, "vc": [13, 8, 4, 7, 17, 9, 4, 9, 9, 7], "hlc": [921740, 11]}
INFO:<Node 6>:{"send": false, "recv": true, "to": 6, "from": 9, "vc": [12, 3, 8, 3, 7, 8, 12, 1, 4, 12], "hlc": [921740, 8]}
INFO:<Node 7>:{"send": false, "recv": true, "to": 7, "from": 4, "vc": [7, 8, 4, 8, 16, 9, 4, 11, 9, 7], "hlc": [921740, 11]}
INFO:<Node 7>:{"send": false, "recv": true, "to": 7, "from": 8, "vc": [7, 8, 4, 8, 16, 10, 4, 12, 11, 7], "hlc": [921740, 12]}
INFO:<Node 8>:{"send": false, "recv": true, "to": 8, "from": 1, "vc": [7, 12, 5, 6, 11, 10, 4, 8, 12, 10], "hlc": [921742, 1]}
INFO:<Node 1>:{"send": true, "recv": false, "from": 1, "to": 9, "vc": [12, 14, 8, 3, 11, 8, 11, 8, 4, 10], "hlc": [921743, 1]}
INFO:<Node 2>:{"send": true, "recv": false, "from": 2, "to": 8, "vc": [11, 11, 12, 3, 11, 13, 9, 8, 4, 10], "hlc": [921742, 1]}
INFO:<Node 4>:{"send": true, "recv": false, "from": 4, "to": 9, "vc": [13, 8, 4, 7, 18, 9, 4, 9, 9, 7], "hlc": [921740, 12]}
INFO:<Node 5>:{"send": true, "recv": false, "from": 5, "to": 4, "vc": [11, 11, 5, 3, 11, 15, 4, 8, 4, 11], "hlc": [921741, 6]}
INFO:<Node 6>:{"send": true, "recv": false, "from": 6, "to": 4, "vc": [12, 3, 8, 3, 7, 8, 13, 1, 4, 12], "hlc": [921740, 9]}
INFO:<Node 7>:{"send": true, "recv": false, "from": 7, "to": 5, "vc": [7, 8, 4, 8, 16, 10, 4, 13, 11, 7], "hlc": [921740, 13]}
INFO:<Node 8>:{"send": true, "recv": false, "from": 8, "to": 5, "vc": [7, 12, 5, 6, 11, 10, 4, 8, 13, 10], "hlc": [921742, 2]}
INFO:<Node 9>:{"send": true, "recv": false, "from": 9, "to": 5, "vc": [4, 3, 5, 1, 0, 1, 1, 0, 4, 13], "hlc": [921740, 5]}
INFO:<Node 4>:{"send": false, "recv": true, "to": 4, "from": 5, "vc": [13, 11, 5, 7, 19, 15, 4, 9, 9, 11], "hlc": [921741, 7]}
INFO:<Node 4>:{"send": false, "recv": true, "to": 4, "from": 6, "vc": [13, 11, 8, 7, 20, 15, 13, 9, 9, 12], "hlc": [921741, 8]}
INFO:<Node 5>:{"send": false, "recv": true, "to": 5, "from": 7, "vc": [11, 11, 5, 8, 16, 16, 4, 13, 11, 11], "hlc": [921741, 7]}
INFO:<Node 5>:{"send": false, "recv": true, "to": 5, "from": 8, "vc": [11, 12, 5, 8, 16, 17, 4, 13, 13, 11], "hlc": [921742, 3]}
INFO:<Node 5>:{"send": false, "recv": true, "to": 5, "from": 9, "vc": [11, 12, 5, 8, 16, 18, 4, 13, 13, 13], "hlc": [921742, 4]}
INFO:<Node 8>:{"send": false, "recv": true, "to": 8, "from": 2, "vc": [11, 12, 12, 6, 11, 13, 9, 8, 14, 10], "hlc": [921742, 3]}
INFO:<Node 9>:{"send": false, "recv": true, "to": 9, "from": 1, "vc": [12, 14, 8, 3, 11, 8, 11, 8, 4, 14], "hlc": [921743, 2]}
INFO:<Node 9>:{"send": false, "recv": true, "to": 9, "from": 4, "vc": [13, 14, 8, 7, 18, 9, 11, 9, 9, 15], "hlc": [921743, 3]}
INFO:<Node 0>:{"send": true, "recv": false, "from": 0, "to": 2, "vc": [14, 0, 3, 3, 1, 6, 0, 0, 1, 0], "hlc": [921740, 0]}
INFO:<Node 1>:{"send": true, "recv": false, "from": 1, "to": 0, "vc": [12, 15, 8, 3, 11, 8, 11, 8, 4, 10], "hlc": [921743, 2]}
INFO:<Node 4>:{"send": true, "recv": false, "from": 4, "to": 9, "vc": [13, 11, 8, 7, 21, 15, 13, 9, 9, 12], "hlc": [921741, 9]}
INFO:<Node 6>:{"send": true, "recv": false, "from": 6, "to": 3, "vc": [12, 3, 8, 3, 7, 8, 14, 1, 4, 12], "hlc": [921740, 10]}
INFO:<Node 7>:{"send": true, "recv": false, "from": 7, "to": 5, "vc": [7, 8, 4, 8, 16, 10, 4, 14, 11, 7], "hlc": [921740, 14]}
INFO:<Node 8>:{"send": true, "recv": false, "from": 8, "to": 7, "vc": [11, 12, 12, 6, 11, 13, 9, 8, 15, 10], "hlc": [921742, 4]}
INFO:<Node 9>:{"send": true, "recv": false, "from": 9, "to": 7, "vc": [13, 14, 8, 7, 18, 9, 11, 9, 9, 16], "hlc": [921743, 4]}
INFO:<Node 0>:{"send": false, "recv": true, "to": 0, "from": 1, "vc": [15, 15, 8, 3, 11, 8, 11, 8, 4, 10], "hlc": [921743, 3]}
INFO:<Node 2>:{"send": false, "recv": true, "to": 2, "from": 0, "vc": [14, 11, 13, 3, 11, 13, 9, 8, 4, 10], "hlc": [921743, 0]}
INFO:<Node 3>:{"send": false, "recv": true, "to": 3, "from": 6, "vc": [12, 3, 8, 9, 7, 8, 14, 5, 4, 12], "hlc": [921740, 11]}
INFO:<Node 5>:{"send": false, "recv": true, "to": 5, "from": 7, "vc": [11, 12, 5, 8, 16, 19, 4, 14, 13, 13], "hlc": [921742, 5]}
INFO:<Node 7>:{"send": false, "recv": true, "to": 7, "from": 8, "vc": [11, 12, 12, 8, 16, 13, 9, 15, 15, 10], "hlc": [921742, 5]}
INFO:<Node 7>:{"send": false, "recv": true, "to": 7, "from": 9, "vc": [13, 14, 12, 8, 18, 13, 11, 16, 15, 16], "hlc": [921743, 5]}
INFO:<Node 9>:{"send": false, "recv": true, "to": 9, "from": 4, "vc": [13, 14, 8, 7, 21, 15, 13, 9, 9, 17], "hlc": [921743, 5]}
INFO:<Node 0>:{"send": true, "recv": false, "from": 0, "to": 4, "vc": [16, 15, 8, 3, 11, 8, 11, 8, 4, 10], "hlc": [921743, 4]}
INFO:<Node 1>:{"send": true, "recv": false, "from": 1, "to": 6, "vc": [12, 16, 8, 3, 11, 8, 11, 8, 4, 10], "hlc": [921744, 0]}
INFO:<Node 2>:{"send": true, "recv": false, "from": 2, "to": 5, "vc": [14, 11, 14, 3, 11, 13, 9, 8, 4, 10], "hlc": [921743, 1]}
INFO:<Node 4>:{"send": true, "recv": false, "from": 4, "to": 6, "vc": [13, 11, 8, 7, 22, 15, 13, 9, 9, 12], "hlc": [921741, 10]}
INFO:<Node 6>:{"send": true, "recv": false, "from": 6, "to": 5, "vc": [12, 3, 8, 3, 7, 8, 15, 1, 4, 12], "hlc": [921740, 11]}
INFO:<Node 7>:{"send": true, "recv": false, "from": 7, "to": 8, "vc": [13, 14, 12, 8, 18, 13, 11, 17, 15, 16], "hlc": [921743, 6]}
INFO:<Node 8>:{"send": true, "recv": false, "from": 8, "to": 3, "vc": [11, 12, 12, 6, 11, 13, 9, 8, 16, 10], "hlc": [921742, 5]}
INFO:<Node 3>:{"send": false, "recv": true, "to": 3, "from": 8, "vc": [12, 12, 12, 10, 11, 13, 14, 8, 16, 12], "hlc": [921742, 6]}
INFO:<Node 4>:{"send": false, "recv": true, "to": 4, "from": 0, "vc": [16, 15, 8, 7, 23, 15, 13, 9, 9, 12], "hlc": [921743, 5]}
INFO:<Node 5>:{"send": false, "recv": true, "to": 5, "from": 2, "vc": [14, 12, 14, 8, 16, 20, 9, 14, 13, 13], "hlc": [921743, 2]}
INFO:<Node 5>:{"send": false, "recv": true, "to": 5, "from": 6, "vc": [14, 12, 14, 8, 16, 21, 15, 14, 13, 13], "hlc": [921743, 3]}
INFO:<Node 6>:{"send": false, "recv": true, "to": 6, "from": 1, "vc": [12, 16, 8, 3, 11, 8, 16, 8, 4, 12], "hlc": [921744, 1]}
INFO:<Node 6>:{"send": false, "recv": true, "to": 6, "from": 4, "vc": [13, 16, 8, 7, 22, 15, 17, 9, 9, 12], "hlc": [921744, 2]}
INFO:<Node 8>:{"send": false, "recv": true, "to": 8, "from": 7, "vc": [13, 14, 12, 8, 18, 13, 11, 17, 17, 16], "hlc": [921743, 7]}
INFO:<Node 0>:{"send": true, "recv": false, "from": 0, "to": 6, "vc": [17, 15, 8, 3, 11, 8, 11, 8, 4, 10], "hlc": [921743, 5]}
INFO:<Node 1>:{"send": true, "recv": false, "from": 1, "to": 2, "vc": [12, 17, 8, 3, 11, 8, 11, 8, 4, 10], "hlc": [921744, 1]}
INFO:<Node 2>:{"send": true, "recv": false, "from": 2, "to": 0, "vc": [14, 11, 15, 3, 11, 13, 9, 8, 4, 10], "hlc": [921744, 0]}
INFO:<Node 3>:{"send": true, "recv": false, "from": 3, "to": 6, "vc": [12, 12, 12, 11, 11, 13, 14, 8, 16, 12], "hlc": [921742, 7]}
INFO:<Node 5>:{"send": true, "recv": false, "from": 5, "to": 6, "vc": [14, 12, 14, 8, 16, 22, 15, 14, 13, 13], "hlc": [921743, 4]}
INFO:<Node 6>:{"send": true, "recv": false, "from": 6, "to": 7, "vc": [13, 16, 8, 7, 22, 15, 18, 9, 9, 12], "hlc": [921744, 3]}
INFO:<Node 9>:{"send": true, "recv": false, "from": 9, "to": 7, "vc": [13, 14, 8, 7, 21, 15, 13, 9, 9, 18], "hlc": [921743, 6]}
INFO:<Node 0>:{"send": false, "recv": true, "to": 0, "from": 2, "vc": [18, 15, 15, 3, 11, 13, 11, 8, 4, 10], "hlc": [921744, 1]}
INFO:<Node 2>:{"send": false, "recv": true, "to": 2, "from": 1, "vc": [14, 17, 16, 3, 11, 13, 11, 8, 4, 10], "hlc": [921744, 2]}
INFO:<Node 6>:{"send": false, "recv": true, "to": 6, "from": 0, "vc": [17, 16, 8, 7, 22, 15, 19, 9, 9, 12], "hlc": [921744, 4]}
INFO:<Node 6>:{"send": false, "recv": true, "to": 6, "from": 3, "vc": [17, 16, 12, 11, 22, 15, 20, 9, 16, 12], "hlc": [921744, 5]}
INFO:<Node 6>:{"send": false, "recv": true, "to": 6, "from": 5, "vc": [17, 16, 14, 11, 22, 22, 21, 14, 16, 13], "hlc": [921744, 6]}
INFO:<Node 7>:{"send": false, "recv": true, "to": 7, "from": 6, "vc": [13, 16, 12, 8, 22, 15, 18, 18, 15, 16], "hlc": [921744, 4]}
INFO:<Node 7>:{"send": false, "recv": true, "to": 7, "from": 9, "vc": [13, 16, 12, 8, 22, 15, 18, 19, 15, 18], "hlc": [921744, 5]}
INFO:<Node 5>:{"send": true, "recv": false, "from": 5, "to": 4, "vc": [14, 12, 14, 8, 16, 23, 15, 14, 13, 13], "hlc": [921743, 5]}
INFO:<Node 6>:{"send": true, "recv": false, "from": 6, "to": 5, "vc": [17, 16, 14, 11, 22, 22, 22, 14, 16, 13], "hlc": [921744, 7]}
INFO:<Node 7>:{"send": true, "recv": false, "from": 7, "to": 6, "vc": [13, 16, 12, 8, 22, 15, 18, 20, 15, 18], "hlc": [921744, 6]}
INFO:<Node 8>:{"send": true, "recv": false, "from": 8, "to": 5, "vc": [13, 14, 12, 8, 18, 13, 11, 17, 18, 16], "hlc": [921743, 8]}
INFO:<Node 4>:{"send": false, "recv": true, "to": 4, "from": 5, "vc": [16, 15, 14, 8, 24, 23, 15, 14, 13, 13], "hlc": [921743, 6]}
INFO:<Node 5>:{"send": false, "recv": true, "to": 5, "from": 6, "vc": [17, 16, 14, 11, 22, 24, 22, 14, 16, 13], "hlc": [921744, 8]}
INFO:<Node 5>:{"send": false, "recv": true, "to": 5, "from": 8, "vc": [17, 16, 14, 11, 22, 25, 22, 17, 18, 16], "hlc": [921744, 9]}
INFO:<Node 6>:{"send": false, "recv": true, "to": 6, "from": 7, "vc": [17, 16, 14, 11, 22, 22, 23, 20, 16, 18], "hlc": [921744, 8]}
INFO:<Node 0>:{"send": true, "recv": false, "from": 0, "to": 8, "vc": [19, 15, 15, 3, 11, 13, 11, 8, 4, 10], "hlc": [921744, 2]}
INFO:<Node 1>:{"send": true, "recv": false, "from": 1, "to": 2, "vc": [12, 18, 8, 3, 11, 8, 11, 8, 4, 10], "hlc": [921745, 0]}
INFO:<Node 4>:{"send": true, "recv": false, "from": 4, "to": 7, "vc": [16, 15, 14, 8, 25, 23, 15, 14, 13, 13], "hlc": [921743, 7]}
INFO:<Node 5>:{"send": true, "recv": false, "from": 5, "to": 1, "vc": [17, 16, 14, 11, 22, 26, 22, 17, 18, 16], "hlc": [921744, 10]}
INFO:<Node 7>:{"send": true, "recv": false, "from": 7, "to": 6, "vc": [13, 16, 12, 8, 22, 15, 18, 21, 15, 18], "hlc": [921744, 7]}
INFO:<Node 8>:{"send": true, "recv": false, "from": 8, "to": 9, "vc": [13, 14, 12, 8, 18, 13, 11, 17, 19, 16], "hlc": [921743, 9]}
INFO:<Node 9>:{"send": true, "recv": false, "from": 9, "to": 7, "vc": [13, 14, 8, 7, 21, 15, 13, 9, 9, 19], "hlc": [921743, 7]}
INFO:<Node 1>:{"send": false, "recv": true, "to": 1, "from": 5, "vc": [17, 19, 14, 11, 22, 26, 22, 17, 18, 16], "hlc": [921746, 0]}
INFO:<Node 2>:{"send": false, "recv": true, "to": 2, "from": 1, "vc": [14, 18, 17, 3, 11, 13, 11, 8, 4, 10], "hlc": [921745, 1]}
INFO:<Node 6>:{"send": false, "recv": true, "to": 6, "from": 7, "vc": [17, 16, 14, 11, 22, 22, 24, 21, 16, 18], "hlc": [921744, 9]}
INFO:<Node 7>:{"send": false, "recv": true, "to": 7, "from": 4, "vc": [16, 16, 14, 8, 25, 23, 18, 22, 15, 18], "hlc": [921744, 8]}
INFO:<Node 7>:{"send": false, "recv": true, "to": 7, "from": 9, "vc": [16, 16, 14, 8, 25, 23, 18, 23, 15, 19], "hlc": [921744, 9]}
INFO:<Node 8>:{"send": false, "recv": true, "to": 8, "from": 0, "vc": [19, 15, 15, 8, 18, 13, 11, 17, 20, 16], "hlc": [921744, 3]}
INFO:<Node 9>:{"send": false, "recv": true, "to": 9, "from": 8, "vc": [13, 14, 12, 8, 21, 15, 13, 17, 19, 20], "hlc": [921743, 10]}
INFO:<Node 0>:{"send": true, "recv": false, "from": 0, "to": 1, "vc": [20, 15, 15, 3, 11, 13, 11, 8, 4, 10], "hlc": [921744, 3]}
INFO:<Node 1>:{"send": true, "recv": false, "from": 1, "to": 3, "vc": [17, 20, 14, 11, 22, 26, 22, 17, 18, 16], "hlc": [921746, 1]}
INFO:<Node 2>:{"send": true, "recv": false, "from": 2, "to": 4, "vc": [14, 18, 18, 3, 11, 13, 11, 8, 4, 10], "hlc": [921745, 2]}
INFO:<Node 3>:{"send": true, "recv": false, "from": 3, "to": 5, "vc": [12, 12, 12, 12, 11, 13, 14, 8, 16, 12], "hlc": [921742, 8]}
INFO:<Node 4>:{"send": true, "recv": false, "from": 4, "to": 3, "vc": [16, 15, 14, 8, 26, 23, 15, 14, 13, 13], "hlc": [921743, 8]}
INFO:<Node 6>:{"send": true, "recv": false, "from": 6, "to": 5, "vc": [17, 16, 14, 11, 22, 22, 25, 21, 16, 18], "hlc": [921744, 10]}
INFO:<Node 7>:{"send": true, "recv": false, "from": 7, "to": 0, "vc": [16, 16, 14, 8, 25, 23, 18, 24, 15, 19], "hlc": [921744, 10]}
INFO:<Node 8>:{"send": true, "recv": false, "from": 8, "to": 1, "vc": [19, 15, 15, 8, 18, 13, 11, 17, 21, 16], "hlc": [921744, 4]}
INFO:<Node 0>:{"send": false, "recv": true, "to": 0, "from": 7, "vc": [21, 16, 15, 8, 25, 23, 18, 24, 15, 19], "hlc": [921744, 11]}
INFO:<Node 1>:{"send": false, "recv": true, "to": 1, "from": 0, "vc": [20, 21, 15, 11, 22, 26, 22, 17, 18, 16], "hlc": [921746, 2]}
INFO:<Node 1>:{"send": false, "recv": true, "to": 1, "from": 8, "vc": [20, 22, 15, 11, 22, 26, 22, 17, 21, 16], "hlc": [921746, 3]}
INFO:<Node 3>:{"send": false, "recv": true, "to": 3, "from": 1, "vc": [17, 20, 14, 13, 22, 26, 22, 17, 18, 16], "hlc": [921746, 2]}
INFO:<Node 3>:{"send": false, "recv": true, "to": 3, "from": 4, "vc": [17, 20, 14, 14, 26, 26, 22, 17, 18, 16], "hlc": [921746, 3]}
INFO:<Node 4>:{"send": false, "recv": true, "to": 4, "from": 2, "vc": [16, 18, 18, 8, 27, 23, 15, 14, 13, 13], "hlc": [921745, 3]}
INFO:<Node 5>:{"send": false, "recv": true, "to": 5, "from": 3, "vc": [17, 16, 14, 12, 22, 27, 22, 17, 18, 16], "hlc": [921744, 11]}
INFO:<Node 5>:{"send": false, "recv": true, "to": 5, "from": 6, "vc": [17, 16, 14, 12, 22, 28, 25, 21, 18, 18], "hlc": [921744, 12]}
INFO:<Node 1>:{"send": true, "recv": false, "from": 1, "to": 4, "vc": [20, 23, 15, 11, 22, 26, 22, 17, 21, 16], "hlc": [921746, 4]}
INFO:<Node 2>:{"send": true, "recv": false, "from": 2, "to": 3, "vc": [14, 18, 19, 3, 11, 13, 11, 8, 4, 10], "hlc": [921746, 0]}
INFO:<Node 3>:{"send": true, "recv": false, "from": 3, "to": 6, "vc": [17, 20, 14, 15, 26, 26, 22, 17, 18, 16], "hlc": [921746, 4]}
INFO:<Node 4>:{"send": true, "recv": false, "from": 4, "to": 7, "vc": [16, 18, 18, 8, 28, 23, 15, 14, 13, 13], "hlc": [921745, 4]}
INFO:<Node 7>:{"send": true, "recv": false, "from": 7, "to": 5, "vc": [16, 16, 14, 8, 25, 23, 18, 25, 15, 19], "hlc": [921744, 11]}
INFO:<Node 8>:{"send": true, "recv": false, "from": 8, "to": 5, "vc": [19, 15, 15, 8, 18, 13, 11, 17, 22, 16], "hlc": [921744, 5]}
INFO:<Node 9>:{"send": true, "recv": false, "from": 9, "to": 6, "vc": [13, 14, 12, 8, 21, 15, 13, 17, 19, 21], "hlc": [921743, 11]}
INFO:<Node 3>:{"send": false, "recv": true, "to": 3, "from": 2, "vc": [17, 20, 19, 16, 26, 26, 22, 17, 18, 16], "hlc": [921746, 5]}
INFO:<Node 4>:{"send": false, "recv": true, "to": 4, "from": 1, "vc": [20, 23, 18, 11, 29, 26, 22, 17, 21, 16], "hlc": [921746, 5]}
INFO:<Node 5>:{"send": false, "recv": true, "to": 5, "from": 7, "vc": [17, 16, 14, 12, 25, 29, 25, 25, 18, 19], "hlc": [921744, 13]}
INFO:<Node 5>:{"send": false, "recv": true, "to": 5, "from": 8, "vc": [19, 16, 15, 12, 25, 30, 25, 25, 22, 19], "hlc": [921744, 14]}
INFO:<Node 6>:{"send": false, "recv": true, "to": 6, "from": 3, "vc": [17, 20, 14, 15, 26, 26, 26, 21, 18, 18], "hlc": [921746, 5]}
INFO:<Node 6>:{"send": false, "recv": true, "to": 6, "from": 9, "vc": [17, 20, 14, 15, 26, 26, 27, 21, 19, 21], "hlc": [921746, 6]}
INFO:<Node 7>:{"send": false, "recv": true, "to": 7, "from": 4, "vc": [16, 18, 18, 8, 28, 23, 18, 26, 15, 19], "hlc": [921745, 5]}
INFO:<Node 0>:{"send": true, "recv": false, "from": 0, "to": 9, "vc": [22, 16, 15, 8, 25, 23, 18, 24, 15, 19], "hlc": [921744, 12]}
INFO:<Node 1>:{"send": true, "recv": false, "from": 1, "to": 7, "vc": [20, 24, 15, 11, 22, 26, 22, 17, 21, 16], "hlc": [921747, 0]}
INFO:<Node 3>:{"send": true, "recv": false, "from": 3, "to": 7, "vc": [17, 20, 19, 17, 26, 26, 22, 17, 18, 16], "hlc": [921746, 6]}
INFO:<Node 4>:{"send": true, "recv": false, "from": 4, "to": 2, "vc": [20, 23, 18, 11, 30, 26, 22, 17, 21, 16], "hlc": [921746, 6]}
INFO:<Node 5>:{"send": true, "recv": false, "from": 5, "to": 2, "vc": [19, 16, 15, 12, 25, 31, 25, 25, 22, 19], "hlc": [921744, 15]}
INFO:<Node 7>:{"send": true, "recv": false, "from": 7, "to": 4, "vc": [16, 18, 18, 8, 28, 23, 18, 27, 15, 19], "hlc": [921745, 6]}
INFO:<Node 8>:{"send": true, "recv": false, "from": 8, "to": 5, "vc": [19, 15, 15, 8, 18, 13, 11, 17, 23, 16], "hlc": [921744, 6]}
INFO:<Node 2>:{"send": false, "recv": true, "to": 2, "from": 4, "vc": [20, 23, 20, 11, 30, 26, 22, 17, 21, 16], "hlc": [921747, 0]}
INFO:<Node 2>:{"send": false, "recv": true, "to": 2, "from": 5, "vc": [20, 23, 21, 12, 30, 31, 25, 25, 22, 19], "hlc": [921747, 1]}
INFO:<Node 4>:{"send": false, "recv": true, "to": 4, "from": 7, "vc": [20, 23, 18, 11, 31, 26, 22, 27, 21, 19], "hlc": [921746, 7]}
INFO:<Node 5>:{"send": false, "recv": true, "to": 5, "from": 8, "vc": [19, 16, 15, 12, 25, 32, 25, 25, 23, 19], "hlc": [921744, 16]}
INFO:<Node 7>:{"send": false, "recv": true, "to": 7, "from": 1, "vc": [20, 24, 18, 11, 28, 26, 22, 28, 21, 19], "hlc": [921747, 1]}
INFO:<Node 7>:{"send": false, "recv": true, "to": 7, "from": 3, "vc": [20, 24, 19, 17, 28, 26, 22, 29, 21, 19], "hlc": [921747, 2]}
INFO:<Node 9>:{"send": false, "recv": true, "to": 9, "from": 0, "vc": [22, 16, 15, 8, 25, 23, 18, 24, 19, 22], "hlc": [921744, 13]}
INFO:<Node 0>:{"send": true, "recv": false, "from": 0, "to": 1, "vc": [23, 16, 15, 8, 25, 23, 18, 24, 15, 19], "hlc": [921745, 0]}
INFO:<Node 1>:{"send": true, "recv": false, "from": 1, "to": 7, "vc": [20, 25, 15, 11, 22, 26, 22, 17, 21, 16], "hlc": [921747, 1]}
INFO:<Node 4>:{"send": true, "recv": false, "from": 4, "to": 3, "vc": [20, 23, 18, 11, 32, 26, 22, 27, 21, 19], "hlc": [921746, 8]}
INFO:<Node 5>:{"send": true, "recv": false, "from": 5, "to": 6, "vc": [19, 16, 15, 12, 25, 33, 25, 25, 23, 19], "hlc": [921744, 17]}
INFO:<Node 6>:{"send": true, "recv": false, "from": 6, "to": 5, "vc": [17, 20, 14, 15, 26, 26, 28, 21, 19, 21], "hlc": [921746, 7]}
INFO:<Node 7>:{"send": true, "recv": false, "from": 7, "to": 0, "vc": [20, 24, 19, 17, 28, 26, 22, 30, 21, 19], "hlc": [921747, 3]}
INFO:<Node 8>:{"send": true, "recv": false, "from": 8, "to": 3, "vc": [19, 15, 15, 8, 18, 13, 11, 17, 24, 16], "hlc": [921744, 7]}
INFO:<Node 9>:{"send": true, "recv": false, "from": 9, "to": 3, "vc": [22, 16, 15, 8, 25, 23, 18, 24, 19, 23], "hlc": [921744, 14]}
INFO:<Node 0>:{"send": false, "recv": true, "to": 0, "from": 7, "vc": [24, 24, 19, 17, 28, 26, 22, 30, 21, 19], "hlc": [921747, 4]}
INFO:<Node 1>:{"send": false, "recv": true, "to": 1, "from": 0, "vc": [23, 26, 15, 11, 25, 26, 22, 24, 21, 19], "hlc": [921748, 0]}
INFO:<Node 3>:{"send": false, "recv": true, "to": 3, "from": 4, "vc": [20, 23, 19, 18, 32, 26, 22, 27, 21, 19], "hlc": [921746, 9]}
INFO:<Node 3>:{"send": false, "recv": true, "to": 3, "from": 8, "vc": [20, 23, 19, 19, 32, 26, 22, 27, 24, 19], "hlc": [921746, 10]}
INFO:<Node 3>:{"send": false, "recv": true, "to": 3, "from": 9, "vc": [22, 23, 19, 20, 32, 26, 22, 27, 24, 23], "hlc": [921746, 11]}
INFO:<Node 5>:{"send": false, "recv": true, "to": 5, "from": 6, "vc": [19, 20, 15, 15, 26, 34, 28, 25, 23, 21], "hlc": [921746, 8]}
INFO:<Node 6>:{"send": false, "recv": true, "to": 6, "from": 5, "vc": [19, 20, 15, 15, 26, 33, 29, 25, 23, 21], "hlc": [921746, 8]}
INFO:<Node 7>:{"send": false, "recv": true, "to": 7, "from": 1, "vc": [20, 25, 19, 17, 28, 26, 22, 31, 21, 19], "hlc": [921747, 4]}
INFO:<Node 0>:{"send": true, "recv": false, "from": 0, "to": 3, "vc": [25, 24, 19, 17, 28, 26, 22, 30, 21, 19], "hlc": [921747, 5]}
INFO:<Node 1>:{"send": true, "recv": false, "from": 1, "to": 4, "vc": [23, 27, 15, 11, 25, 26, 22, 24, 21, 19], "hlc": [921748, 1]}
INFO:<Node 2>:{"send": true, "recv": false, "from": 2, "to": 9, "vc": [20, 23, 22, 12, 30, 31, 25, 25, 22, 19], "hlc": [921747, 2]}
INFO:<Node 3>:{"send": true, "recv": false, "from": 3, "to": 4, "vc": [22, 23, 19, 21, 32, 26, 22, 27, 24, 23], "hlc": [921746, 12]}
INFO:<Node 4>:{"send": true, "recv": false, "from": 4, "to": 0, "vc": [20, 23, 18, 11, 33, 26, 22, 27, 21, 19], "hlc": [921746, 9]}
INFO:<Node 5>:{"send": true, "recv": false, "from": 5, "to": 9, "vc": [19, 20, 15, 15, 26, 35, 28, 25, 23, 21], "hlc": [921746, 9]}
INFO:<Node 6>:{"send": true, "recv": false, "from": 6, "to": 5, "vc": [19, 20, 15, 15, 26, 33, 30, 25, 23, 21], "hlc": [921746, 9]}
INFO:<Node 0>:{"send": false, "recv": true, "to": 0, "from": 4, "vc": [26, 24, 19, 17, 33, 26, 22, 30, 21, 19], "hlc": [921747, 6]}
INFO:<Node 3>:{"send": false, "recv": true, "to": 3, "from": 0, "vc": [25, 24, 19, 22, 32, 26, 22, 30, 24, 23], "hlc": [921747, 6]}
INFO:<Node 4>:{"send": false, "recv": true, "to": 4, "from": 1, "vc": [23, 27, 18, 11, 34, 26, 22, 27, 21, 19], "hlc": [921748, 2]}
INFO:<Node 4>:{"send": false, "recv": true, "to": 4, "from": 3, "vc": [23, 27, 19, 21, 35, 26, 22, 27, 24, 23], "hlc": [921748, 3]}
INFO:<Node 5>:{"send": false, "recv": true, "to": 5, "from": 6, "vc": [19, 20, 15, 15, 26, 36, 30, 25, 23, 21], "hlc": [921746, 10]}
INFO:<Node 9>:{"send": false, "recv": true, "to": 9, "from": 2, "vc": [22, 23, 22, 12, 30, 31, 25, 25, 22, 24], "hlc": [921747, 3]}
INFO:<Node 9>:{"send": false, "recv": true, "to": 9, "from": 5, "vc": [22, 23, 22, 15, 30, 35, 28, 25, 23, 25], "hlc": [921747, 4]}
INFO:<Node 1>:{"send": true, "recv": false, "from": 1, "to": 0, "vc": [23, 28, 15, 11, 25, 26, 22, 24, 21, 19], "hlc": [921748, 2]}
INFO:<Node 3>:{"send": true, "recv": false, "from": 3, "to": 1, "vc": [25, 24, 19, 23, 32, 26, 22, 30, 24, 23], "hlc": [921747, 7]}
INFO:<Node 5>:{"send": true, "recv": false, "from": 5, "to": 4, "vc": [19, 20, 15, 15, 26, 37, 30, 25, 23, 21], "hlc": [921746, 11]}
INFO:<Node 6>:{"send": true, "recv": false, "from": 6, "to": 8, "vc": [19, 20, 15, 15, 26, 33, 31, 25, 23, 21], "hlc": [921746, 10]}
INFO:<Node 7>:{"send": true, "recv": false, "from": 7, "to": 3, "vc": [20, 25, 19, 17, 28, 26, 22, 32, 21, 19], "hlc": [921747, 5]}
INFO:<Node 8>:{"send": true, "recv": false, "from": 8, "to": 6, "vc": [19, 15, 15, 8, 18, 13, 11, 17, 25, 16], "hlc": [921744, 8]}
INFO:<Node 0>:{"send": false, "recv": true, "to": 0, "from": 1, "vc": [27, 28, 19, 17, 33, 26, 22, 30, 21, 19], "hlc": [921748, 3]}
INFO:<Node 1>:{"send": false, "recv": true, "to": 1, "from": 3, "vc": [25, 29, 19, 23, 32, 26, 22, 30, 24, 23], "hlc": [921749, 0]}
INFO:<Node 3>:{"send": false, "recv": true, "to": 3, "from": 7, "vc": [25, 25, 19, 24, 32, 26, 22, 32, 24, 23], "hlc": [921747, 8]}
INFO:<Node 4>:{"send": false, "recv": true, "to": 4, "from": 5, "vc": [23, 27, 19, 21, 36, 37, 30, 27, 24, 23], "hlc": [921748, 4]}
INFO:<Node 6>:{"send": false, "recv": true, "to": 6, "from": 8, "vc": [19, 20, 15, 15, 26, 33, 32, 25, 25, 21], "hlc": [921746, 11]}
INFO:<Node 8>:{"send": false, "recv": true, "to": 8, "from": 6, "vc": [19, 20, 15, 15, 26, 33, 31, 25, 26, 21], "hlc": [921746, 11]}
INFO:<Node 0>:{"send": true, "recv": false, "from": 0, "to": 3, "vc": [28, 28, 19, 17, 33, 26, 22, 30, 21, 19], "hlc": [921748, 4]}
INFO:<Node 1>:{"send": true, "recv": false, "from": 1, "to": 3, "vc": [25, 30, 19, 23, 32, 26, 22, 30, 24, 23], "hlc": [921749, 1]}
INFO:<Node 4>:{"send": true, "recv": false, "from": 4, "to": 9, "vc": [23, 27, 19, 21, 37, 37, 30, 27, 24, 23], "hlc": [921748, 5]}
INFO:<Node 5>:{"send": true, "recv": false, "from": 5, "to": 9, "vc": [19, 20, 15, 15, 26, 38, 30, 25, 23, 21], "hlc": [921746, 12]}
INFO:<Node 6>:{"send": true, "recv": false, "from": 6, "to": 9, "vc": [19, 20, 15, 15, 26, 33, 33, 25, 25, 21], "hlc": [921746, 12]}
INFO:<Node 3>:{"send": false, "recv": true, "to": 3, "from": 0, "vc": [28, 28, 19, 25, 33, 26, 22, 32, 24, 23], "hlc": [921748, 5]}
INFO:<Node 3>:{"send": false, "recv": true, "to": 3, "from": 1, "vc": [28, 30, 19, 26, 33, 26, 22, 32, 24, 23], "hlc": [921749, 2]}
INFO:<Node 9>:{"send": false, "recv": true, "to": 9, "from": 4, "vc": [23, 27, 22, 21, 37, 37, 30, 27, 24, 26], "hlc": [921748, 6]}
INFO:<Node 9>:{"send": false, "recv": true, "to": 9, "from": 5, "vc": [23, 27, 22, 21, 37, 38, 30, 27, 24, 27], "hlc": [921748, 7]}
INFO:<Node 9>:{"send": false, "recv": true, "to": 9, "from": 6, "vc": [23, 27, 22, 21, 37, 38, 33, 27, 25, 28], "hlc": [921748, 8]}
INFO:<Node 0>:{"send": true, "recv": false, "from": 0, "to": 9, "vc": [29, 28, 19, 17, 33, 26, 22, 30, 21, 19], "hlc": [921748, 5]}
INFO:<Node 1>:{"send": true, "recv": false, "from": 1, "to": 9, "vc": [25, 31, 19, 23, 32, 26, 22, 30, 24, 23], "hlc": [921749, 2]}
INFO:<Node 4>:{"send": true, "recv": false, "from": 4, "to": 2, "vc": [23, 27, 19, 21, 38, 37, 30, 27, 24, 23], "hlc": [921748, 6]}
INFO:<Node 7>:{"send": true, "recv": false, "from": 7, "to": 8, "vc": [20, 25, 19, 17, 28, 26, 22, 33, 21, 19], "hlc": [921747, 6]}
INFO:<Node 8>:{"send": true, "recv": false, "from": 8, "to": 5, "vc": [19, 20, 15, 15, 26, 33, 31, 25, 27, 21], "hlc": [921746, 12]}
INFO:<Node 2>:{"send": false, "recv": true, "to": 2, "from": 4, "vc": [23, 27, 23, 21, 38, 37, 30, 27, 24, 23], "hlc": [921749, 0]}
INFO:<Node 5>:{"send": false, "recv": true, "to": 5, "from": 8, "vc": [19, 20, 15, 15, 26, 39, 31, 25, 27, 21], "hlc": [921746, 13]}
INFO:<Node 8>:{"send": false, "recv": true, "to": 8, "from": 7, "vc": [20, 25, 19, 17, 28, 33, 31, 33, 28, 21], "hlc": [921747, 7]}
INFO:<Node 9>:{"send": false, "recv": true, "to": 9, "from": 0, "vc": [29, 28, 22, 21, 37, 38, 33, 30, 25, 29], "hlc": [921748, 9]}
INFO:<Node 9>:{"send": false, "recv": true, "to": 9, "from": 1, "vc": [29, 31, 22, 23, 37, 38, 33, 30, 25, 30], "hlc": [921749, 3]}
INFO:<Node 1>:{"send": true, "recv": false, "from": 1, "to": 9, "vc": [25, 32, 19, 23, 32, 26, 22, 30, 24, 23], "hlc": [921750, 0]}
INFO:<Node 5>:{"send": true, "recv": false, "from": 5, "to": 7, "vc": [19, 20, 15, 15, 26, 40, 31, 25, 27, 21], "hlc": [921746, 14]}
INFO:<Node 7>:{"send": true, "recv": false, "from": 7, "to": 9, "vc": [20, 25, 19, 17, 28, 26, 22, 34, 21, 19], "hlc": [921747, 7]}
INFO:<Node 8>:{"send": true, "recv": false, "from": 8, "to": 4, "vc": [20, 25, 19, 17, 28, 33, 31, 33, 29, 21], "hlc": [921747, 8]}
INFO:<Node 4>:{"send": false, "recv": true, "to": 4, "from": 8, "vc": [23, 27, 19, 21, 39, 37, 31, 33, 29, 23], "hlc": [921748, 7]}
INFO:<Node 7>:{"send": false, "recv": true, "to": 7, "from": 5, "vc": [20, 25, 19, 17, 28, 40, 31, 35, 27, 21], "hlc": [921747, 8]}
INFO:<Node 9>:{"send": false, "recv": true, "to": 9, "from": 1, "vc": [29, 32, 22, 23, 37, 38, 33, 30, 25, 31], "hlc": [921750, 1]}
INFO:<Node 9>:{"send": false, "recv": true, "to": 9, "from": 7, "vc": [29, 32, 22, 23, 37, 38, 33, 34, 25, 32], "hlc": [921750, 2]}
INFO:<Node 0>:{"send": true, "recv": false, "from": 0, "to": 1, "vc": [30, 28, 19, 17, 33, 26, 22, 30, 21, 19], "hlc": [921748, 6]}
INFO:<Node 2>:{"send": true, "recv": false, "from": 2, "to": 8, "vc": [23, 27, 24, 21, 38, 37, 30, 27, 24, 23], "hlc": [921750, 0]}
INFO:<Node 4>:{"send": true, "recv": false, "from": 4, "to": 5, "vc": [23, 27, 19, 21, 40, 37, 31, 33, 29, 23], "hlc": [921748, 8]}
INFO:<Node 5>:{"send": true, "recv": false, "from": 5, "to": 8, "vc": [19, 20, 15, 15, 26, 41, 31, 25, 27, 21], "hlc": [921746, 15]}
INFO:<Node 7>:{"send": true, "recv": false, "from": 7, "to": 0, "vc": [20, 25, 19, 17, 28, 40, 31, 36, 27, 21], "hlc": [921747, 9]}
INFO:<Node 9>:{"send": true, "recv": false, "from": 9, "to": 3, "vc": [29, 32, 22, 23, 37, 38, 33, 34, 25, 33], "hlc": [921750, 3]}
INFO:<Node 0>:{"send": false, "recv": true, "to": 0, "from": 7, "vc": [31, 28, 19, 17, 33, 40, 31, 36, 27, 21], "hlc": [921748, 7]}
INFO:<Node 1>:{"send": false, "recv": true, "to": 1, "from": 0, "vc": [30, 33, 19, 23, 33, 26, 22, 30, 24, 23], "hlc": [921751, 0]}
INFO:<Node 3>:{"send": false, "recv": true, "to": 3, "from": 9, "vc": [29, 32, 22, 27, 37, 38, 33, 34, 25, 33], "hlc": [921750, 4]}
INFO:<Node 5>:{"send": false, "recv": true, "to": 5, "from": 4, "vc": [23, 27, 19, 21, 40, 42, 31, 33, 29, 23], "hlc": [921748, 9]}
INFO:<Node 8>:{"send": false, "recv": true, "to": 8, "from": 2, "vc": [23, 27, 24, 21, 38, 37, 31, 33, 30, 23], "hlc": [921750, 1]}
INFO:<Node 8>:{"send": false, "recv": true, "to": 8, "from": 5, "vc": [23, 27, 24, 21, 38, 41, 31, 33, 31, 23], "hlc": [921750, 2]}
INFO:<Node 1>:{"send": true, "recv": false, "from": 1, "to": 0, "vc": [30, 34, 19, 23, 33, 26, 22, 30, 24, 23], "hlc": [921751, 1]}
INFO:<Node 2>:{"send": true, "recv": false, "from": 2, "to": 5, "vc": [23, 27, 25, 21, 38, 37, 30, 27, 24, 23], "hlc": [921750, 1]}
INFO:<Node 4>:{"send": true, "recv": false, "from": 4, "to": 7, "vc": [23, 27, 19, 21, 41, 37, 31, 33, 29, 23], "hlc": [921748, 9]}
INFO:<Node 5>:{"send": true, "recv": false, "from": 5, "to": 9, "vc": [23, 27, 19, 21, 40, 43, 31, 33, 29, 23], "hlc": [921748, 10]}
INFO:<Node 9>:{"send": true, "recv": false, "from": 9, "to": 7, "vc": [29, 32, 22, 23, 37, 38, 33, 34, 25, 34], "hlc": [921750, 4]}
INFO:<Node 0>:{"send": false, "recv": true, "to": 0, "from": 1, "vc": [32, 34, 19, 23, 33, 40, 31, 36, 27, 23], "hlc": [921751, 2]}
INFO:<Node 5>:{"send": false, "recv": true, "to": 5, "from": 2, "vc": [23, 27, 25, 21, 40, 44, 31, 33, 29, 23], "hlc": [921750, 2]}
INFO:<Node 7>:{"send": false, "recv": true, "to": 7, "from": 4, "vc": [23, 27, 19, 21, 41, 40, 31, 37, 29, 23], "hlc": [921748, 10]}
INFO:<Node 7>:{"send": false, "recv": true, "to": 7, "from": 9, "vc": [29, 32, 22, 23, 41, 40, 33, 38, 29, 34], "hlc": [921750, 5]}
INFO:<Node 9>:{"send": false, "recv": true, "to": 9, "from": 5, "vc": [29, 32, 22, 23, 40, 43, 33, 34, 29, 35], "hlc": [921750, 5]}
INFO:<Node 0>:{"send": true, "recv": false, "from": 0, "to": 4, "vc": [33, 34, 19, 23, 33, 40, 31, 36, 27, 23], "hlc": [921751, 3]}
INFO:<Node 1>:{"send": true, "recv": false, "from": 1, "to": 9, "vc": [30, 35, 19, 23, 33, 26, 22, 30, 24, 23], "hlc": [921751, 2]}
INFO:<Node 4>:{"send": true, "recv": false, "from": 4, "to": 6, "vc": [23, 27, 19, 21, 42, 37, 31, 33, 29, 23], "hlc": [921748, 10]}
INFO:<Node 5>:{"send": true, "recv": false, "from": 5, "to": 1, "vc": [23, 27, 25, 21, 40, 45, 31, 33, 29, 23], "hlc": [921750, 3]}
INFO:<Node 6>:{"send": true, "recv": false, "from": 6, "to": 5, "vc": [19, 20, 15, 15, 26, 33, 34, 25, 25, 21], "hlc": [921746, 13]}
INFO:<Node 1>:{"send": false, "recv": true, "to": 1, "from": 5, "vc": [30, 36, 25, 23, 40, 45, 31, 33, 29, 23], "hlc": [921752, 0]}
INFO:<Node 4>:{"send": false, "recv": true, "to": 4, "from": 0, "vc": [33, 34, 19, 23, 43, 40, 31, 36, 29, 23], "hlc": [921751, 4]}
INFO:<Node 5>:{"send": false, "recv": true, "to": 5, "from": 6, "vc": [23, 27, 25, 21, 40, 46, 34, 33, 29, 23], "hlc": [921750, 4]}
INFO:<Node 6>:{"send": false, "recv": true, "to": 6, "from": 4, "vc": [23, 27, 19, 21, 42, 37, 35, 33, 29, 23], "hlc": [921748, 11]}
INFO:<Node 9>:{"send": false, "recv": true, "to": 9, "from": 1, "vc": [30, 35, 22, 23, 40, 43, 33, 34, 29, 36], "hlc": [921751, 3]}
INFO:<Node 0>:{"send": true, "recv": false, "from": 0, "to": 7, "vc": [34, 34, 19, 23, 33, 40, 31, 36, 27, 23], "hlc": [921751, 4]}
INFO:<Node 2>:{"send": true, "recv": false, "from": 2, "to": 6, "vc": [23, 27, 26, 21, 38, 37, 30, 27, 24, 23], "hlc": [921751, 0]}
INFO:<Node 5>:{"send": true, "recv": false, "from": 5, "to": 4, "vc": [23, 27, 25, 21, 40, 47, 34, 33, 29, 23], "hlc": [921750, 5]}
INFO:<Node 7>:{"send": true, "recv": false, "from": 7, "to": 3, "vc": [29, 32, 22, 23, 41, 40, 33, 39, 29, 34], "hlc": [921750, 6]}
INFO:<Node 9>:{"send": true, "recv": false, "from": 9, "to": 4, "vc": [30, 35, 22, 23, 40, 43, 33, 34, 29, 37], "hlc": [921751, 4]}
INFO:<Node 3>:{"send": false, "recv": true, "to": 3, "from": 7, "vc": [29, 32, 22, 28, 41, 40, 33, 39, 29, 34], "hlc": [921750, 7]}
INFO:<Node 4>:{"send": false, "recv": true, "to": 4, "from": 5, "vc": [33, 34, 25, 23, 44, 47, 34, 36, 29, 23], "hlc": [921751, 5]}
INFO:<Node 4>:{"send": false, "recv": true, "to": 4, "from": 9, "vc": [33, 35, 25, 23, 45, 47, 34, 36, 29, 37], "hlc": [921751, 6]}
INFO:<Node 6>:{"send": false, "recv": true, "to": 6, "from": 2, "vc": [23, 27, 26, 21, 42, 37, 36, 33, 29, 23], "hlc": [921751, 1]}
INFO:<Node 7>:{"send": false, "recv": true, "to": 7, "from": 0, "vc": [34, 34, 22, 23, 41, 40, 33, 40, 29, 34], "hlc": [921751, 5]}
INFO:<Node 0>:{"send": true, "recv": false, "from": 0, "to": 3, "vc": [35, 34, 19, 23, 33, 40, 31, 36, 27, 23], "hlc": [921751, 5]}
INFO:<Node 1>:{"send": true, "recv": false, "from": 1, "to": 4, "vc": [30, 37, 25, 23, 40, 45, 31, 33, 29, 23], "hlc": [921752, 1]}
INFO:<Node 3>:{"send": true, "recv": false, "from": 3, "to": 2, "vc": [29, 32, 22, 29, 41, 40, 33, 39, 29, 34], "hlc": [921750, 8]}
INFO:<Node 6>:{"send": true, "recv": false, "from": 6, "to": 7, "vc": [23, 27, 26, 21, 42, 37, 37, 33, 29, 23], "hlc": [921751, 2]}
INFO:<Node 8>:{"send": true, "recv": false, "from": 8, "to": 2, "vc": [23, 27, 24, 21, 38, 41, 31, 33, 32, 23], "hlc": [921750, 3]}
INFO:<Node 2>:{"send": false, "recv": true, "to": 2, "from": 3, "vc": [29, 32, 27, 29, 41, 40, 33, 39, 29, 34], "hlc": [921752, 0]}
INFO:<Node 2>:{"send": false, "recv": true, "to": 2, "from": 8, "vc": [29, 32, 28, 29, 41, 41, 33, 39, 32, 34], "hlc": [921752, 1]}
INFO:<Node 3>:{"send": false, "recv": true, "to": 3, "from": 0, "vc": [35, 34, 22, 30, 41, 40, 33, 39, 29, 34], "hlc": [921751, 6]}
INFO:<Node 4>:{"send": false, "recv": true, "to": 4, "from": 1, "vc": [33, 37, 25, 23, 46, 47, 34, 36, 29, 37], "hlc": [921752, 2]}
INFO:<Node 7>:{"send": false, "recv": true, "to": 7, "from": 6, "vc": [34, 34, 26, 23, 42, 40, 37, 41, 29, 34], "hlc": [921751, 6]}
INFO:<Node 0>:{"send": true, "recv": false, "from": 0, "to": 4, "vc": [36, 34, 19, 23, 33, 40, 31, 36, 27, 23], "hlc": [921751, 6]}
INFO:<Node 4>:{"send": true, "recv": false, "from": 4, "to": 3, "vc": [33, 37, 25, 23, 47, 47, 34, 36, 29, 37], "hlc": [921752, 3]}
INFO:<Node 6>:{"send": true, "recv": false, "from": 6, "to": 7, "vc": [23, 27, 26, 21, 42, 37, 38, 33, 29, 23], "hlc": [921751, 3]}
INFO:<Node 7>:{"send": true, "recv": false, "from": 7, "to": 4, "vc": [34, 34, 26, 23, 42, 40, 37, 42, 29, 34], "hlc": [921751, 7]}
INFO:<Node 8>:{"send": true, "recv": false, "from": 8, "to": 2, "vc": [23, 27, 24, 21, 38, 41, 31, 33, 33, 23], "hlc": [921750, 4]}
INFO:<Node 9>:{"send": true, "recv": false, "from": 9, "to": 0, "vc": [30, 35, 22, 23, 40, 43, 33, 34, 29, 38], "hlc": [921751, 5]}
INFO:<Node 0>:{"send": false, "recv": true, "to": 0, "from": 9, "vc": [37, 35, 22, 23, 40, 43, 33, 36, 29, 38], "hlc": [921751, 7]}
INFO:<Node 2>:{"send": false, "recv": true, "to": 2, "from": 8, "vc": [29, 32, 29, 29, 41, 41, 33, 39, 33, 34], "hlc": [921753, 0]}
INFO:<Node 3>:{"send": false, "recv": true, "to": 3, "from": 4, "vc": [35, 37, 25, 31, 47, 47, 34, 39, 29, 37], "hlc": [921752, 4]}
INFO:<Node 4>:{"send": false, "recv": true, "to": 4, "from": 0, "vc": [36, 37, 25, 23, 48, 47, 34, 36, 29, 37], "hlc": [921752, 4]}
INFO:<Node 4>:{"send": false, "recv": true, "to": 4, "from": 7, "vc": [36, 37, 26, 23, 49, 47, 37, 42, 29, 37], "hlc": [921752, 5]}
INFO:<Node 7>:{"send": false, "recv": true, "to": 7, "from": 6, "vc": [34, 34, 26, 23, 42, 40, 38, 43, 29, 34], "hlc": [921751, 8]}
INFO:<Node 1>:{"send": true, "recv": false, "from": 1, "to": 7, "vc": [30, 38, 25, 23, 40, 45, 31, 33, 29, 23], "hlc": [921753, 0]}
INFO:<Node 2>:{"send": true, "recv": false, "from": 2, "to": 7, "vc": [29, 32, 30, 29, 41, 41, 33, 39, 33, 34], "hlc": [921753, 1]}
INFO:<Node 4>:{"send": true, "recv": false, "from": 4, "to": 1, "vc": [36, 37, 26, 23, 50, 47, 37, 42, 29, 37], "hlc": [921752, 6]}
INFO:<Node 5>:{"send": true, "recv": false, "from": 5, "to": 8, "vc": [23, 27, 25, 21, 40, 48, 34, 33, 29, 23], "hlc": [921750, 6]}
INFO:<Node 7>:{"send": true, "recv": false, "from": 7, "to": 1, "vc": [34, 34, 26, 23, 42, 40, 38, 44, 29, 34], "hlc": [921751, 9]}
INFO:<Node 1>:{"send": false, "recv": true, "to": 1, "from": 4, "vc": [36, 39, 26, 23, 50, 47, 37, 42, 29, 37], "hlc": [921754, 0]}
INFO:<Node 1>:{"send": false, "recv": true, "to": 1, "from": 7, "vc": [36, 40, 26, 23, 50, 47, 38, 44, 29, 37], "hlc": [921754, 1]}
INFO:<Node 7>:{"send": false, "recv": true, "to": 7, "from": 1, "vc": [34, 38, 26, 23, 42, 45, 38, 45, 29, 34], "hlc": [921753, 1]}
INFO:<Node 7>:{"send": false, "recv": true, "to": 7, "from": 2, "vc": [34, 38, 30, 29, 42, 45, 38, 46, 33, 34], "hlc": [921753, 2]}
INFO:<Node 8>:{"send": false, "recv": true, "to": 8, "from": 5, "vc": [23, 27, 25, 21, 40, 48, 34, 33, 34, 23], "hlc": [921750, 7]}
INFO:<Node 0>:{"send": true, "recv": false, "from": 0, "to": 5, "vc": [38, 35, 22, 23, 40, 43, 33, 36, 29, 38], "hlc": [921751, 8]}
INFO:<Node 1>:{"send": true, "recv": false, "from": 1, "to": 8, "vc": [36, 41, 26, 23, 50, 47, 38, 44, 29, 37], "hlc": [921754, 2]}
INFO:<Node 2>:{"send": true, "recv": false, "from": 2, "to": 9, "vc": [29, 32, 31, 29, 41, 41, 33, 39, 33, 34], "hlc": [921753, 2]}
INFO:<Node 4>:{"send": true, "recv": false, "from": 4, "to": 8, "vc": [36, 37, 26, 23, 51, 47, 37, 42, 29, 37], "hlc": [921752, 7]}
INFO:<Node 7>:{"send": true, "recv": false, "from": 7, "to": 3, "vc": [34, 38, 30, 29, 42, 45, 38, 47, 33, 34], "hlc": [921753, 3]}
INFO:<Node 8>:{"send": true, "recv": false, "from": 8, "to": 3, "vc": [23, 27, 25, 21, 40, 48, 34, 33, 35, 23], "hlc": [921750, 8]}
INFO:<Node 3>:{"send": false, "recv": true, "to": 3, "from": 7, "vc": [35, 38, 30, 32, 47, 47, 38, 47, 33, 37], "hlc": [921753, 4]}
INFO:<Node 3>:{"send": false, "recv": true, "to": 3, "from": 8, "vc": [35, 38, 30, 33, 47, 48, 38, 47, 35, 37], "hlc": [921753, 5]}
INFO:<Node 5>:{"send": false, "recv": true, "to": 5, "from": 0, "vc": [38, 35, 25, 23, 40, 49, 34, 36, 29, 38], "hlc": [921751, 9]}
INFO:<Node 8>:{"send": false, "recv": true, "to": 8, "from": 1, "vc": [36, 41, 26, 23, 50, 48, 38, 44, 36, 37], "hlc": [921754, 3]}
INFO:<Node 8>:{"send": false, "recv": true, "to": 8, "from": 4, "vc": [36, 41, 26, 23, 51, 48, 38, 44, 37, 37], "hlc": [921754, 4]}
INFO:<Node 9>:{"send": false, "recv": true, "to": 9, "from": 2, "vc": [30, 35, 31, 29, 41, 43, 33, 39, 33, 39], "hlc": [921753, 3]}
INFO:<Node 0>:{"send": true, "recv": false, "from": 0, "to": 2, "vc": [39, 35, 22, 23, 40, 43, 33, 36, 29, 38], "hlc": [921752, 0]}
INFO:<Node 2>:{"send": true, "recv": false, "from": 2, "to": 8, "vc": [29, 32, 32, 29, 41, 41, 33, 39, 33, 34], "hlc": [921754, 0]}
INFO:<Node 8>:{"send": true, "recv": false, "from": 8, "to": 1, "vc": [36, 41, 26, 23, 51, 48, 38, 44, 38, 37], "hlc": [921754, 5]}
INFO:<Node 9>:{"send": true, "recv": false, "from": 9, "to": 1, "vc": [30, 35, 31, 29, 41, 43, 33, 39, 33, 40], "hlc": [921753, 4]}
INFO:<Node 1>:{"send": false, "recv": true, "to": 1, "from": 8, "vc": [36, 42, 26, 23, 51, 48, 38, 44, 38, 37], "hlc": [921755, 0]}
INFO:<Node 1>:{"send": false, "recv": true, "to": 1, "from": 9, "vc": [36, 43, 31, 29, 51, 48, 38, 44, 38, 40], "hlc": [921755, 1]}
INFO:<Node 2>:{"send": false, "recv": true, "to": 2, "from": 0, "vc": [39, 35, 33, 29, 41, 43, 33, 39, 33, 38], "hlc": [921754, 1]}
INFO:<Node 8>:{"send": false, "recv": true, "to": 8, "from": 2, "vc": [36, 41, 32, 29, 51, 48, 38, 44, 39, 37], "hlc": [921754, 6]}
INFO:<Node 0>:{"send": true, "recv": false, "from": 0, "to": 6, "vc": [40, 35, 22, 23, 40, 43, 33, 36, 29, 38], "hlc": [921752, 1]}
INFO:<Node 1>:{"send": true, "recv": false, "from": 1, "to": 4, "vc": [36, 44, 31, 29, 51, 48, 38, 44, 38, 40], "hlc": [921755, 2]}
INFO:<Node 4>:{"send": true, "recv": false, "from": 4, "to": 1, "vc": [36, 37, 26, 23, 52, 47, 37, 42, 29, 37], "hlc": [921752, 8]}
INFO:<Node 6>:{"send": true, "recv": false, "from": 6, "to": 4, "vc": [23, 27, 26, 21, 42, 37, 39, 33, 29, 23], "hlc": [921751, 4]}
INFO:<Node 7>:{"send": true, "recv": false, "from": 7, "to": 1, "vc": [34, 38, 30, 29, 42, 45, 38, 48, 33, 34], "hlc": [921753, 4]}
INFO:<Node 8>:{"send": true, "recv": false, "from": 8, "to": 7, "vc": [36, 41, 32, 29, 51, 48, 38, 44, 40, 37], "hlc": [921754, 7]}
INFO:<Node 1>:{"send": false, "recv": true, "to": 1, "from": 4, "vc": [36, 45, 31, 29, 52, 48, 38, 44, 38, 40], "hlc": [921755, 3]}
INFO:<Node 1>:{"send": false, "recv": true, "to": 1, "from": 7, "vc": [36, 46, 31, 29, 52, 48, 38, 48, 38, 40], "hlc": [921755, 4]}
INFO:<Node 4>:{"send": false, "recv": true, "to": 4, "from": 1, "vc": [36, 44, 31, 29, 53, 48, 38, 44, 38, 40], "hlc": [921755, 3]}
INFO:<Node 4>:{"send": false, "recv": true, "to": 4, "from": 6, "vc": [36, 44, 31, 29, 54, 48, 39, 44, 38, 40], "hlc": [921755, 4]}
INFO:<Node 6>:{"send": false, "recv": true, "to": 6, "from": 0, "vc": [40, 35, 26, 23, 42, 43, 40, 36, 29, 38], "hlc": [921752, 2]}
INFO:<Node 7>:{"send": false, "recv": true, "to": 7, "from": 8, "vc": [36, 41, 32, 29, 51, 48, 38, 49, 40, 37], "hlc": [921754, 8]}
INFO:<Node 0>:{"send": true, "recv": false, "from": 0, "to": 4, "vc": [41, 35, 22, 23, 40, 43, 33, 36, 29, 38], "hlc": [921753, 0]}
INFO:<Node 1>:{"send": true, "recv": false, "from": 1, "to": 3, "vc": [36, 47, 31, 29, 52, 48, 38, 48, 38, 40], "hlc": [921755, 5]}
INFO:<Node 2>:{"send": true, "recv": false, "from": 2, "to": 8, "vc": [39, 35, 34, 29, 41, 43, 33, 39, 33, 38], "hlc": [921755, 0]}
INFO:<Node 4>:{"send": true, "recv": false, "from": 4, "to": 0, "vc": [36, 44, 31, 29, 55, 48, 39, 44, 38, 40], "hlc": [921755, 5]}
INFO:<Node 6>:{"send": true, "recv": false, "from": 6, "to": 3, "vc": [40, 35, 26, 23, 42, 43, 41, 36, 29, 38], "hlc": [921752, 3]}
INFO:<Node 9>:{"send": true, "recv": false, "from": 9, "to": 6, "vc": [30, 35, 31, 29, 41, 43, 33, 39, 33, 41], "hlc": [921753, 5]}
INFO:<Node 0>:{"send": false, "recv": true, "to": 0, "from": 4, "vc": [42, 44, 31, 29, 55, 48, 39, 44, 38, 40], "hlc": [921755, 6]}
INFO:<Node 3>:{"send": false, "recv": true, "to": 3, "from": 1, "vc": [36, 47, 31, 34, 52, 48, 38, 48, 38, 40], "hlc": [921755, 6]}
INFO:<Node 3>:{"send": false, "recv": true, "to": 3, "from": 6, "vc": [40, 47, 31, 35, 52, 48, 41, 48, 38, 40], "hlc": [921755, 7]}
INFO:<Node 4>:{"send": false, "recv": true, "to": 4, "from": 0, "vc": [41, 44, 31, 29, 56, 48, 39, 44, 38, 40], "hlc": [921755, 6]}
INFO:<Node 6>:{"send": false, "recv": true, "to": 6, "from": 9, "vc": [40, 35, 31, 29, 42, 43, 42, 39, 33, 41], "hlc": [921753, 6]}
INFO:<Node 8>:{"send": false, "recv": true, "to": 8, "from": 2, "vc": [39, 41, 34, 29, 51, 48, 38, 44, 41, 38], "hlc": [921755, 1]}
INFO:<Node 0>:{"send": true, "recv": false, "from": 0, "to": 9, "vc": [43, 44, 31, 29, 55, 48, 39, 44, 38, 40], "hlc": [921755, 7]}
INFO:<Node 2>:{"send": true, "recv": false, "from": 2, "to": 3, "vc": [39, 35, 35, 29, 41, 43, 33, 39, 33, 38], "hlc": [921755, 1]}
INFO:<Node 8>:{"send": true, "recv": false, "from": 8, "to": 1, "vc": [39, 41, 34, 29, 51, 48, 38, 44, 42, 38], "hlc": [921755, 2]}
INFO:<Node 1>:{"send": false, "recv": true, "to": 1, "from": 8, "vc": [39, 48, 34, 29, 52, 48, 38, 48, 42, 40], "hlc": [921756, 0]}
INFO:<Node 3>:{"send": false, "recv": true, "to": 3, "from": 2, "vc": [40, 47, 35, 36, 52, 48, 41, 48, 38, 40], "hlc": [921755, 8]}
INFO:<Node 9>:{"send": false, "recv": true, "to": 9, "from": 0, "vc": [43, 44, 31, 29, 55, 48, 39, 44, 38, 42], "hlc": [921755, 8]}
INFO:<Node 1>:{"send": true, "recv": false, "from": 1, "to": 3, "vc": [39, 49, 34, 29, 52, 48, 38, 48, 42, 40], "hlc": [921756, 1]}
INFO:<Node 2>:{"send": true, "recv": false, "from": 2, "to": 5, "vc": [39, 35, 36, 29, 41, 43, 33, 39, 33, 38], "hlc": [921756, 0]}
INFO:<Node 3>:{"send": true, "recv": false, "from": 3, "to": 1, "vc": [40, 47, 35, 37, 52, 48, 41, 48, 38, 40], "hlc": [921755, 9]}
INFO:<Node 4>:{"send": true, "recv": false, "from": 4, "to": 1, "vc": [41, 44, 31, 29, 57, 48, 39, 44, 38, 40], "hlc": [921755, 7]}
INFO:<Node 5>:{"send": true, "recv": false, "from": 5, "to": 8, "vc": [38, 35, 25, 23, 40, 50, 34, 36, 29, 38], "hlc": [921751, 10]}
INFO:<Node 6>:{"send": true, "recv": false, "from": 6, "to": 3, "vc": [40, 35, 31, 29, 42, 43, 43, 39, 33, 41], "hlc": [921753, 7]}
INFO:<Node 7>:{"send": true, "recv": false, "from": 7, "to": 4, "vc": [36, 41, 32, 29, 51, 48, 38, 50, 40, 37], "hlc": [921754, 9]}
INFO:<Node 8>:{"send": true, "recv": false, "from": 8, "to": 7, "vc": [39, 41, 34, 29, 51, 48, 38, 44, 43, 38], "hlc": [921755, 3]}
INFO:<Node 9>:{"send": true, "recv": false, "from": 9, "to": 0, "vc": [43, 44, 31, 29, 55, 48, 39, 44, 38, 43], "hlc": [921755, 9]}
INFO:<Node 0>:{"send": false, "recv": true, "to": 0, "from": 9, "vc": [44, 44, 31, 29, 55, 48, 39, 44, 38, 43], "hlc": [921755, 10]}
INFO:<Node 1>:{"send": false, "recv": true, "to": 1, "from": 3, "vc": [40, 50, 35, 37, 52, 48, 41, 48, 42, 40], "hlc": [921757, 0]}
INFO:<Node 1>:{"send": false, "recv": true, "to": 1, "from": 4, "vc": [41, 51, 35, 37, 57, 48, 41, 48, 42, 40], "hlc": [921757, 1]}
INFO:<Node 3>:{"send": false, "recv": true, "to": 3, "from": 1, "vc": [40, 49, 35, 38, 52, 48, 41, 48, 42, 40], "hlc": [921756, 2]}
INFO:<Node 3>:{"send": false, "recv": true, "to": 3, "from": 6, "vc": [40, 49, 35, 39, 52, 48, 43, 48, 42, 41], "hlc": [921756, 3]}
INFO:<Node 4>:{"send": false, "recv": true, "to": 4, "from": 7, "vc": [41, 44, 32, 29, 58, 48, 39, 50, 40, 40], "hlc": [921755, 8]}
INFO:<Node 5>:{"send": false, "recv": true, "to": 5, "from": 2, "vc": [39, 35, 36, 29, 41, 51, 34, 39, 33, 38], "hlc": [921756, 1]}
INFO:<Node 7>:{"send": false, "recv": true, "to": 7, "from": 8, "vc": [39, 41, 34, 29, 51, 48, 38, 51, 43, 38], "hlc": [921755, 4]}
INFO:<Node 8>:{"send": false, "recv": true, "to": 8, "from": 5, "vc": [39, 41, 34, 29, 51, 50, 38, 44, 44, 38], "hlc": [921755, 4]}
INFO:<Node 1>:{"send": true, "recv": false, "from": 1, "to": 7, "vc": [41, 52, 35, 37, 57, 48, 41, 48, 42, 40], "hlc": [921757, 2]}
INFO:<Node 2>:{"send": true, "recv": false, "from": 2, "to": 4, "vc": [39, 35, 37, 29, 41, 43, 33, 39, 33, 38], "hlc": [921756, 1]}
INFO:<Node 3>:{"send": true, "recv": false, "from": 3, "to": 8, "vc": [40, 49, 35, 40, 52, 48, 43, 48, 42, 41], "hlc": [921756, 4]}
INFO:<Node 4>:{"send": true, "recv": false, "from": 4, "to": 2, "vc": [41, 44, 32, 29, 59, 48, 39, 50, 40, 40], "hlc": [921755, 9]}
INFO:<Node 5>:{"send": true, "recv": false, "from": 5, "to": 3, "vc": [39, 35, 36, 29, 41, 52, 34, 39, 33, 38], "hlc": [921756, 2]}
INFO:<Node 6>:{"send": true, "recv": false, "from": 6, "to": 0, "vc": [40, 35, 31, 29, 42, 43, 44, 39, 33, 41], "hlc": [921753, 8]}
INFO:<Node 7>:{"send": true, "recv": false, "from": 7, "to": 5, "vc": [39, 41, 34, 29, 51, 48, 38, 52, 43, 38], "hlc": [921755, 5]}
INFO:<Node 0>:{"send": false, "recv": true, "to": 0, "from": 6, "vc": [45, 44, 31, 29, 55, 48, 44, 44, 38, 43], "hlc": [921755, 11]}
INFO:<Node 2>:{"send": false, "recv": true, "to": 2, "from": 4, "vc": [41, 44, 38, 29, 59, 48, 39, 50, 40, 40], "hlc": [921757, 0]}
INFO:<Node 3>:{"send": false, "recv": true, "to": 3, "from": 5, "vc": [40, 49, 36, 41, 52, 52, 43, 48, 42, 41], "hlc": [921756, 5]}
INFO:<Node 4>:{"send": false, "recv": true, "to": 4, "from": 2, "vc": [41, 44, 37, 29, 60, 48, 39, 50, 40, 40], "hlc": [921756, 2]}
INFO:<Node 5>:{"send": false, "recv": true, "to": 5, "from": 7, "vc": [39, 41, 36, 29, 51, 53, 38, 52, 43, 38], "hlc": [921756, 3]}
INFO:<Node 7>:{"send": false, "recv": true, "to": 7, "from": 1, "vc": [41, 52, 35, 37, 57, 48, 41, 53, 43, 40], "hlc": [921757, 3]}
INFO:<Node 8>:{"send": false, "recv": true, "to": 8, "from": 3, "vc": [40, 49, 35, 40, 52, 50, 43, 48, 45, 41], "hlc": [921756, 5]}
INFO:<Node 2>:{"send": true, "recv": false, "from": 2, "to": 4, "vc": [41, 44, 39, 29, 59, 48, 39, 50, 40, 40], "hlc": [921757, 1]}
INFO:<Node 3>:{"send": true, "recv": false, "from": 3, "to": 0, "vc": [40, 49, 36, 42, 52, 52, 43, 48, 42, 41], "hlc": [921756, 6]}
INFO:<Node 4>:{"send": true, "recv": false, "from": 4, "to": 3, "vc": [41, 44, 37, 29, 61, 48, 39, 50, 40, 40], "hlc": [921756, 3]}
INFO:<Node 5>:{"send": true, "recv": false, "from": 5, "to": 0, "vc": [39, 41, 36, 29, 51, 54, 38, 52, 43, 38], "hlc": [921756, 4]}
INFO:<Node 6>:{"send": true, "recv": false, "from": 6, "to": 7, "vc": [40, 35, 31, 29, 42, 43, 45, 39, 33, 41], "hlc": [921753, 9]}
INFO:<Node 7>:{"send": true, "recv": false, "from": 7, "to": 0, "vc": [41, 52, 35, 37, 57, 48, 41, 54, 43, 40], "hlc": [921757, 4]}
INFO:<Node 8>:{"send": true, "recv": false, "from": 8, "to": 9, "vc": [40, 49, 35, 40, 52, 50, 43, 48, 46, 41], "hlc": [921756, 6]}
INFO:<Node 9>:{"send": true, "recv": false, "from": 9, "to": 1, "vc": [43, 44, 31, 29, 55, 48, 39, 44, 38, 44], "hlc": [921755, 10]}
INFO:<Node 0>:{"send": false, "recv": true, "to": 0, "from": 3, "vc": [46, 49, 36, 42, 55, 52, 44, 48, 42, 43], "hlc": [921756, 7]}
INFO:<Node 0>:{"send": false, "recv": true, "to": 0, "from": 5, "vc": [47, 49, 36, 42, 55, 54, 44, 52, 43, 43], "hlc": [921756, 8]}
INFO:<Node 0>:{"send": false, "recv": true, "to": 0, "from": 7, "vc": [48, 52, 36, 42, 57, 54, 44, 54, 43, 43], "hlc": [921757, 5]}
INFO:<Node 1>:{"send": false, "recv": true, "to": 1, "from": 9, "vc": [43, 53, 35, 37, 57, 48, 41, 48, 42, 44], "hlc": [921758, 0]}
INFO:<Node 3>:{"send": false, "recv": true, "to": 3, "from": 4, "vc": [41, 49, 37, 43, 61, 52, 43, 50, 42, 41], "hlc": [921756, 7]}
INFO:<Node 4>:{"send": false, "recv": true, "to": 4, "from": 2, "vc": [41, 44, 39, 29, 62, 48, 39, 50, 40, 40], "hlc": [921757, 2]}
INFO:<Node 7>:{"send": false, "recv": true, "to": 7, "from": 6, "vc": [41, 52, 35, 37, 57, 48, 45, 55, 43, 41], "hlc": [921757, 5]}
INFO:<Node 9>:{"send": false, "recv": true, "to": 9, "from": 8, "vc": [43, 49, 35, 40, 55, 50, 43, 48, 46, 45], "hlc": [921756, 7]}
INFO:<Node 0>:{"send": true, "recv": false, "from": 0, "to": 6, "vc": [49, 52, 36, 42, 57, 54, 44, 54, 43, 43], "hlc": [921757, 6]}
INFO:<Node 6>:{"send": true, "recv": false, "from": 6, "to": 3, "vc": [40, 35, 31, 29, 42, 43, 46, 39, 33, 41], "hlc": [921753, 10]}
INFO:<Node 3>:{"send": false, "recv": true, "to": 3, "from": 6, "vc": [41, 49, 37, 44, 61, 52, 46, 50, 42, 41], "hlc": [921756, 8]}
INFO:<Node 6>:{"send": false, "recv": true, "to": 6, "from": 0, "vc": [49, 52, 36, 42, 57, 54, 47, 54, 43, 43], "hlc": [921757, 7]}
INFO:<Node 1>:{"send": true, "recv": false, "from": 1, "to": 8, "vc": [43, 54, 35, 37, 57, 48, 41, 48, 42, 44], "hlc": [921758, 1]}
INFO:<Node 2>:{"send": true, "recv": false, "from": 2, "to": 8, "vc": [41, 44, 40, 29, 59, 48, 39, 50, 40, 40], "hlc": [921758, 0]}
INFO:<Node 4>:{"send": true, "recv": false, "from": 4, "to": 9, "vc": [41, 44, 39, 29, 63, 48, 39, 50, 40, 40], "hlc": [921757, 3]}
INFO:<Node 5>:{"send": true, "recv": false, "from": 5, "to": 0, "vc": [39, 41, 36, 29, 51, 55, 38, 52, 43, 38], "hlc": [921756, 5]}
INFO:<Node 6>:{"send": true, "recv": false, "from": 6, "to": 3, "vc": [49, 52, 36, 42, 57, 54, 48, 54, 43, 43], "hlc": [921757, 8]}
INFO:<Node 7>:{"send": true, "recv": false, "from": 7, "to": 3, "vc": [41, 52, 35, 37, 57, 48, 45, 56, 43, 41], "hlc": [921757, 6]}
INFO:<Node 8>:{"send": true, "recv": false, "from": 8, "to": 5, "vc": [40, 49, 35, 40, 52, 50, 43, 48, 47, 41], "hlc": [921756, 7]}
INFO:<Node 9>:{"send": true, "recv": false, "from": 9, "to": 5, "vc": [43, 49, 35, 40, 55, 50, 43, 48, 46, 46], "hlc": [921756, 8]}
INFO:<Node 0>:{"send": false, "recv": true, "to": 0, "from": 5, "vc": [50, 52, 36, 42, 57, 55, 44, 54, 43, 43], "hlc": [921757, 7]}
INFO:<Node 3>:{"send": false, "recv": true, "to": 3, "from": 6, "vc": [49, 52, 37, 45, 61, 54, 48, 54, 43, 43], "hlc": [921757, 9]}
INFO:<Node 3>:{"send": false, "recv": true, "to": 3, "from": 7, "vc": [49, 52, 37, 46, 61, 54, 48, 56, 43, 43], "hlc": [921757, 10]}
INFO:<Node 5>:{"send": false, "recv": true, "to": 5, "from": 8, "vc": [40, 49, 36, 40, 52, 56, 43, 52, 47, 41], "hlc": [921756, 8]}
INFO:<Node 5>:{"send": false, "recv": true, "to": 5, "from": 9, "vc": [43, 49, 36, 40, 55, 57, 43, 52, 47, 46], "hlc": [921756, 9]}
INFO:<Node 8>:{"send": false, "recv": true, "to": 8, "from": 1, "vc": [43, 54, 35, 40, 57, 50, 43, 48, 48, 44], "hlc": [921758, 2]}
INFO:<Node 8>:{"send": false, "recv": true, "to": 8, "from": 2, "vc": [43, 54, 40, 40, 59, 50, 43, 50, 49, 44], "hlc": [921758, 3]}
INFO:<Node 9>:{"send": false, "recv": true, "to": 9, "from": 4, "vc": [43, 49, 39, 40, 63, 50, 43, 50, 46, 47], "hlc": [921757, 4]}
INFO:<Node 0>:{"send": true, "recv": false, "from": 0, "to": 2, "vc": [51, 52, 36, 42, 57, 55, 44, 54, 43, 43], "hlc": [921757, 8]}
INFO:<Node 1>:{"send": true, "recv": false, "from": 1, "to": 8, "vc": [43, 55, 35, 37, 57, 48, 41, 48, 42, 44], "hlc": [921759, 0]}
INFO:<Node 3>:{"send": true, "recv": false, "from": 3, "to": 8, "vc": [49, 52, 37, 47, 61, 54, 48, 56, 43, 43], "hlc": [921757, 11]}
INFO:<Node 4>:{"send": true, "recv": false, "from": 4, "to": 6, "vc": [41, 44, 39, 29, 64, 48, 39, 50, 40, 40], "hlc": [921757, 4]}
INFO:<Node 5>:{"send": true, "recv": false, "from": 5, "to": 2, "vc": [43, 49, 36, 40, 55, 58, 43, 52, 47, 46], "hlc": [921756, 10]}
INFO:<Node 9>:{"send": true, "recv": false, "from": 9, "to": 6, "vc": [43, 49, 39, 40, 63, 50, 43, 50, 46, 48], "hlc": [921757, 5]}
INFO:<Node 2>:{"send": false, "recv": true, "to": 2, "from": 0, "vc": [51, 52, 41, 42, 59, 55, 44, 54, 43, 43], "hlc": [921759, 0]}
INFO:<Node 2>:{"send": false, "recv": true, "to": 2, "from": 5, "vc": [51, 52, 42, 42, 59, 58, 44, 54, 47, 46], "hlc": [921759, 1]}
INFO:<Node 6>:{"send": false, "recv": true, "to": 6, "from": 4, "vc": [49, 52, 39, 42, 64, 54, 49, 54, 43, 43], "hlc": [921757, 9]}
INFO:<Node 6>:{"send": false, "recv": true, "to": 6, "from": 9, "vc": [49, 52, 39, 42, 64, 54, 50, 54, 46, 48], "hlc": [921757, 10]}
INFO:<Node 8>:{"send": false, "recv": true, "to": 8, "from": 1, "vc": [43, 55, 40, 40, 59, 50, 43, 50, 50, 44], "hlc": [921759, 1]}
INFO:<Node 8>:{"send": false, "recv": true, "to": 8, "from": 3, "vc": [49, 55, 40, 47, 61, 54, 48, 56, 51, 44], "hlc": [921759, 2]}
INFO:<Node 0>:{"send": true, "recv": false, "from": 0, "to": 2, "vc": [52, 52, 36, 42, 57, 55, 44, 54, 43, 43], "hlc": [921757, 9]}
INFO:<Node 4>:{"send": true, "recv": false, "from": 4, "to": 5, "vc": [41, 44, 39, 29, 65, 48, 39, 50, 40, 40], "hlc": [921757, 5]}
INFO:<Node 5>:{"send": true, "recv": false, "from": 5, "to": 9, "vc": [43, 49, 36, 40, 55, 59, 43, 52, 47, 46], "hlc": [921756, 11]}
INFO:<Node 6>:{"send": true, "recv": false, "from": 6, "to": 5, "vc": [49, 52, 39, 42, 64, 54, 51, 54, 46, 48], "hlc": [921757, 11]}
INFO:<Node 8>:{"send": true, "recv": false, "from": 8, "to": 9, "vc": [49, 55, 40, 47, 61, 54, 48, 56, 52, 44], "hlc": [921759, 3]}
INFO:<Node 9>:{"send": true, "recv": false, "from": 9, "to": 7, "vc": [43, 49, 39, 40, 63, 50, 43, 50, 46, 49], "hlc": [921757, 6]}
INFO:<Node 2>:{"send": false, "recv": true, "to": 2, "from": 0, "vc": [52, 52, 43, 42, 59, 58, 44, 54, 47, 46], "hlc": [921759, 2]}
INFO:<Node 5>:{"send": false, "recv": true, "to": 5, "from": 4, "vc": [43, 49, 39, 40, 65, 60, 43, 52, 47, 46], "hlc": [921757, 6]}
INFO:<Node 5>:{"send": false, "recv": true, "to": 5, "from": 6, "vc": [49, 52, 39, 42, 65, 61, 51, 54, 47, 48], "hlc": [921757, 12]}
INFO:<Node 7>:{"send": false, "recv": true, "to": 7, "from": 9, "vc": [43, 52, 39, 40, 63, 50, 45, 57, 46, 49], "hlc": [921757, 7]}
INFO:<Node 9>:{"send": false, "recv": true, "to": 9, "from": 5, "vc": [43, 49, 39, 40, 63, 59, 43, 52, 47, 50], "hlc": [921757, 7]}
INFO:<Node 9>:{"send": false, "recv": true, "to": 9, "from": 8, "vc": [49, 55, 40, 47, 63, 59, 48, 56, 52, 51], "hlc": [921759, 4]}
INFO:<Node 1>:{"send": true, "recv": false, "from": 1, "to": 7, "vc": [43, 56, 35, 37, 57, 48, 41, 48, 42, 44], "hlc": [921760, 0]}
INFO:<Node 4>:{"send": true, "recv": false, "from": 4, "to": 7, "vc": [41, 44, 39, 29, 66, 48, 39, 50, 40, 40], "hlc": [921757, 6]}
INFO:<Node 5>:{"send": true, "recv": false, "from": 5, "to": 1, "vc": [49, 52, 39, 42, 65, 62, 51, 54, 47, 48], "hlc": [921757, 13]}
INFO:<Node 7>:{"send": true, "recv": false, "from": 7, "to": 4, "vc": [43, 52, 39, 40, 63, 50, 45, 58, 46, 49], "hlc": [921757, 8]}
INFO:<Node 8>:{"send": true, "recv": false, "from": 8, "to": 7, "vc": [49, 55, 40, 47, 61, 54, 48, 56, 53, 44], "hlc": [921759, 4]}
INFO:<Node 9>:{"send": true, "recv": false, "from": 9, "to": 1, "vc": [49, 55, 40, 47, 63, 59, 48, 56, 52, 52], "hlc": [921759, 5]}
INFO:<Node 1>:{"send": false, "recv": true, "to": 1, "from": 5, "vc": [49, 57, 39, 42, 65, 62, 51, 54, 47, 48], "hlc": [921760, 1]}
INFO:<Node 1>:{"send": false, "recv": true, "to": 1, "from": 9, "vc": [49, 58, 40, 47, 65, 62, 51, 56, 52, 52], "hlc": [921760, 2]}
INFO:<Node 4>:{"send": false, "recv": true, "to": 4, "from": 7, "vc": [43, 52, 39, 40, 67, 50, 45, 58, 46, 49], "hlc": [921757, 9]}
INFO:<Node 7>:{"send": false, "recv": true, "to": 7, "from": 1, "vc": [43, 56, 39, 40, 63, 50, 45, 59, 46, 49], "hlc": [921760, 1]}
INFO:<Node 7>:{"send": false, "recv": true, "to": 7, "from": 4, "vc": [43, 56, 39, 40, 66, 50, 45, 60, 46, 49], "hlc": [921760, 2]}
INFO:<Node 7>:{"send": false, "recv": true, "to": 7, "from": 8, "vc": [49, 56, 40, 47, 66, 54, 48, 61, 53, 49], "hlc": [921760, 3]}
INFO:<Node 0>:{"send": true, "recv": false, "from": 0, "to": 8, "vc": [53, 52, 36, 42, 57, 55, 44, 54, 43, 43], "hlc": [921758, 0]}
INFO:<Node 1>:{"send": true, "recv": false, "from": 1, "to": 6, "vc": [49, 59, 40, 47, 65, 62, 51, 56, 52, 52], "hlc": [921760, 3]}
INFO:<Node 2>:{"send": true, "recv": false, "from": 2, "to": 7, "vc": [52, 52, 44, 42, 59, 58, 44, 54, 47, 46], "hlc": [921760, 0]}
INFO:<Node 3>:{"send": true, "recv": false, "from": 3, "to": 7, "vc": [49, 52, 37, 48, 61, 54, 48, 56, 43, 43], "hlc": [921757, 12]}
INFO:<Node 4>:{"send": true, "recv": false, "from": 4, "to": 2, "vc": [43, 52, 39, 40, 68, 50, 45, 58, 46, 49], "hlc": [921757, 10]}
INFO:<Node 5>:{"send": true, "recv": false, "from": 5, "to": 1, "vc": [49, 52, 39, 42, 65, 63, 51, 54, 47, 48], "hlc": [921757, 14]}
INFO:<Node 6>:{"send": true, "recv": false, "from": 6, "to": 4, "vc": [49, 52, 39, 42, 64, 54, 52, 54, 46, 48], "hlc": [921757, 12]}
INFO:<Node 9>:{"send": true, "recv": false, "from": 9, "to": 5, "vc": [49, 55, 40, 47, 63, 59, 48, 56, 52, 53], "hlc": [921759, 6]}
INFO:<Node 1>:{"send": false, "recv": true, "to": 1, "from": 5, "vc": [49, 60, 40, 47, 65, 63, 51, 56, 52, 52], "hlc": [921761, 0]}
INFO:<Node 2>:{"send": false, "recv": true, "to": 2, "from": 4, "vc": [52, 52, 45, 42, 68, 58, 45, 58, 47, 49], "hlc": [921760, 1]}
INFO:<Node 4>:{"send": false, "recv": true, "to": 4, "from": 6, "vc": [49, 52, 39, 42, 69, 54, 52, 58, 46, 49], "hlc": [921757, 13]}
INFO:<Node 5>:{"send": false, "recv": true, "to": 5, "from": 9, "vc": [49, 55, 40, 47, 65, 64, 51, 56, 52, 53], "hlc": [921759, 7]}
INFO:<Node 6>:{"send": false, "recv": true, "to": 6, "from": 1, "vc": [49, 59, 40, 47, 65, 62, 53, 56, 52, 52], "hlc": [921760, 4]}
INFO:<Node 7>:{"send": false, "recv": true, "to": 7, "from": 2, "vc": [52, 56, 44, 47, 66, 58, 48, 62, 53, 49], "hlc": [921760, 4]}
INFO:<Node 7>:{"send": false, "recv": true, "to": 7, "from": 3, "vc": [52, 56, 44, 48, 66, 58, 48, 63, 53, 49], "hlc": [921760, 5]}
INFO:<Node 8>:{"send": false, "recv": true, "to": 8, "from": 0, "vc": [53, 55, 40, 47, 61, 55, 48, 56, 54, 44], "hlc": [921759, 5]}
INFO:<Node 0>:{"send": true, "recv": false, "from": 0, "to": 3, "vc": [54, 52, 36, 42, 57, 55, 44, 54, 43, 43], "hlc": [921758, 1]}
INFO:<Node 1>:{"send": true, "recv": false, "from": 1, "to": 4, "vc": [49, 61, 40, 47, 65, 63, 51, 56, 52, 52], "hlc": [921761, 1]}
INFO:<Node 3>:{"send": true, "recv": false, "from": 3, "to": 6, "vc": [49, 52, 37, 49, 61, 54, 48, 56, 43, 43], "hlc": [921757, 13]}
INFO:<Node 5>:{"send": true, "recv": false, "from": 5, "to": 7, "vc": [49, 55, 40, 47, 65, 65, 51, 56, 52, 53], "hlc": [921759, 8]}
INFO:<Node 7>:{"send": true, "recv": false, "from": 7, "to": 2, "vc": [52, 56, 44, 48, 66, 58, 48, 64, 53, 49], "hlc": [921760, 6]}
INFO:<Node 8>:{"send": true, "recv": false, "from": 8, "to": 7, "vc": [53, 55, 40, 47, 61, 55, 48, 56, 55, 44], "hlc": [921759, 6]}
INFO:<Node 9>:{"send": true, "recv": false, "from": 9, "to": 5, "vc": [49, 55, 40, 47, 63, 59, 48, 56, 52, 54], "hlc": [921759, 7]}
INFO:<Node 2>:{"send": false, "recv": true, "to": 2, "from": 7, "vc": [52, 56, 46, 48, 68, 58, 48, 64, 53, 49], "hlc": [921761, 0]}
INFO:<Node 3>:{"send": false, "recv": true, "to": 3, "from": 0, "vc": [54, 52, 37, 50, 61, 55, 48, 56, 43, 43], "hlc": [921758, 2]}
INFO:<Node 4>:{"send": false, "recv": true, "to": 4, "from": 1, "vc": [49, 61, 40, 47, 70, 63, 52, 58, 52, 52], "hlc": [921761, 2]}
INFO:<Node 5>:{"send": false, "recv": true, "to": 5, "from": 9, "vc": [49, 55, 40, 47, 65, 66, 51, 56, 52, 54], "hlc": [921759, 9]}
INFO:<Node 6>:{"send": false, "recv": true, "to": 6, "from": 3, "vc": [49, 59, 40, 49, 65, 62, 54, 56, 52, 52], "hlc": [921760, 5]}
INFO:<Node 7>:{"send": false, "recv": true, "to": 7, "from": 5, "vc": [52, 56, 44, 48, 66, 65, 51, 65, 53, 53], "hlc": [921760, 7]}
INFO:<Node 7>:{"send": false, "recv": true, "to": 7, "from": 8, "vc": [53, 56, 44, 48, 66, 65, 51, 66, 55, 53], "hlc": [921760, 8]}
INFO:<Node 3>:{"send": true, "recv": false, "from": 3, "to": 5, "vc": [54, 52, 37, 51, 61, 55, 48, 56, 43, 43], "hlc": [921758, 3]}
INFO:<Node 5>:{"send": true, "recv": false, "from": 5, "to": 6, "vc": [49, 55, 40, 47, 65, 67, 51, 56, 52, 54], "hlc": [921759, 10]}
INFO:<Node 7>:{"send": true, "recv": false, "from": 7, "to": 1, "vc": [53, 56, 44, 48, 66, 65, 51, 67, 55, 53], "hlc": [921760, 9]}
INFO:<Node 9>:{"send": true, "recv": false, "from": 9, "to": 0, "vc": [49, 55, 40, 47, 63, 59, 48, 56, 52, 55], "hlc": [921759, 8]}
INFO:<Node 0>:{"send": false, "recv": true, "to": 0, "from": 9, "vc": [55, 55, 40, 47, 63, 59, 48, 56, 52, 55], "hlc": [921759, 9]}
INFO:<Node 1>:{"send": false, "recv": true, "to": 1, "from": 7, "vc": [53, 62, 44, 48, 66, 65, 51, 67, 55, 53], "hlc": [921762, 0]}
INFO:<Node 5>:{"send": false, "recv": true, "to": 5, "from": 3, "vc": [54, 55, 40, 51, 65, 68, 51, 56, 52, 54], "hlc": [921759, 11]}
INFO:<Node 6>:{"send": false, "recv": true, "to": 6, "from": 5, "vc": [49, 59, 40, 49, 65, 67, 55, 56, 52, 54], "hlc": [921760, 6]}
INFO:<Node 1>:{"send": true, "recv": false, "from": 1, "to": 6, "vc": [53, 63, 44, 48, 66, 65, 51, 67, 55, 53], "hlc": [921762, 1]}
INFO:<Node 3>:{"send": true, "recv": false, "from": 3, "to": 2, "vc": [54, 52, 37, 52, 61, 55, 48, 56, 43, 43], "hlc": [921758, 4]}
INFO:<Node 4>:{"send": true, "recv": false, "from": 4, "to": 0, "vc": [49, 61, 40, 47, 71, 63, 52, 58, 52, 52], "hlc": [921761, 3]}
INFO:<Node 7>:{"send": true, "recv": false, "from": 7, "to": 2, "vc": [53, 56, 44, 48, 66, 65, 51, 68, 55, 53], "hlc": [921760, 10]}
INFO:<Node 9>:{"send": true, "recv": false, "from": 9, "to": 8, "vc": [49, 55, 40, 47, 63, 59, 48, 56, 52, 56], "hlc": [921759, 9]}
INFO:<Node 0>:{"send": false, "recv": true, "to": 0, "from": 4, "vc": [56, 61, 40, 47, 71, 63, 52, 58, 52, 55], "hlc": [921761, 4]}
INFO:<Node 2>:{"send": false, "recv": true, "to": 2, "from": 3, "vc": [54, 56, 47, 52, 68, 58, 48, 64, 53, 49], "hlc": [921762, 0]}
INFO:<Node 2>:{"send": false, "recv": true, "to": 2, "from": 7, "vc": [54, 56, 48, 52, 68, 65, 51, 68, 55, 53], "hlc": [921762, 1]}
INFO:<Node 6>:{"send": false, "recv": true, "to": 6, "from": 1, "vc": [53, 63, 44, 49, 66, 67, 56, 67, 55, 54], "hlc": [921762, 2]}
INFO:<Node 8>:{"send": false, "recv": true, "to": 8, "from": 9, "vc": [53, 55, 40, 47, 63, 59, 48, 56, 56, 56], "hlc": [921759, 10]}
INFO:<Node 3>:{"send": true, "recv": false, "from": 3, "to": 2, "vc": [54, 52, 37, 53, 61, 55, 48, 56, 43, 43], "hlc": [921758, 5]}
INFO:<Node 4>:{"send": true, "recv": false, "from": 4, "to": 6, "vc": [49, 61, 40, 47, 72, 63, 52, 58, 52, 52], "hlc": [921761, 4]}
INFO:<Node 5>:{"send": true, "recv": false, "from": 5, "to": 1, "vc": [54, 55, 40, 51, 65, 69, 51, 56, 52, 54], "hlc": [921759, 12]}
INFO:<Node 7>:{"send": true, "recv": false, "from": 7, "to": 5, "vc": [53, 56, 44, 48, 66, 65, 51, 69, 55, 53], "hlc": [921760, 11]}
INFO:<Node 1>:{"send": false, "recv": true, "to": 1, "from": 5, "vc": [54, 64, 44, 51, 66, 69, 51, 67, 55, 54], "hlc": [921763, 0]}
INFO:<Node 2>:{"send": false, "recv": true, "to": 2, "from": 3, "vc": [54, 56, 49, 53, 68, 65, 51, 68, 55, 53], "hlc": [921762, 2]}
INFO:<Node 5>:{"send": false, "recv": true, "to": 5, "from": 7, "vc": [54, 56, 44, 51, 66, 70, 51, 69, 55, 54], "hlc": [921760, 12]}
INFO:<Node 6>:{"send": false, "recv": true, "to": 6, "from": 4, "vc": [53, 63, 44, 49, 72, 67, 57, 67, 55, 54], "hlc": [921762, 3]}
