INFO:root:Random workload: num sockets: 10, num iterations: 50, base address: 43600, chance of send: 3 in 5, round delay (s): 0.5, max clock drift (s): 6.5, actual clock drifts: [3.1756500833812833, 1.9981189640440622, 5.023723171009705, 1.2370294801019428, 2.8048445978807557, 1.2985883444248127, 1.5591785532180946, 0.2557504640536923, 5.172028960143978, -4.642300686874303]
INFO:<Node 0>:{"send": true, "recv": false, "from": 0, "to": 1, "vc": [1, 0, 0, 0, 0, 0, 0, 0, 0, 0], "hlc": [921690, 0]}
INFO:<Node 4>:{"send": true, "recv": false, "from": 4, "to": 0, "vc": [0, 0, 0, 0, 1, 0, 0, 0, 0, 0], "hlc": [921690, 0]}
INFO:<Node 5>:{"send": true, "recv": false, "from": 5, "to": 4, "vc": [0, 0, 0, 0, 0, 1, 0, 0, 0, 0], "hlc": [921689, 0]}
INFO:<Node 6>:{"send": true, "recv": false, "from": 6, "to": 4, "vc": [0, 0, 0, 0, 0, 0, 1, 0, 0, 0], "hlc": [921689, 0]}
INFO:<Node 0>:{"send": false, "recv": true, "to": 0, "from": 4, "vc": [2, 0, 0, 0, 1, 0, 0, 0, 0, 0], "hlc": [921691, 0]}
INFO:<Node 1>:{"send": false, "recv": true, "to": 1, "from": 0, "vc": [1, 1, 0, 0, 0, 0, 0, 0, 0, 0], "hlc": [921690, 1]}
INFO:<Node 4>:{"send": false, "recv": true, "to": 4, "from": 5, "vc": [0, 0, 0, 0, 2, 1, 0, 0, 0, 0], "hlc": [921691, 0]}
INFO:<Node 4>:{"send": false, "recv": true, "to": 4, "from": 6, "vc": [0, 0, 0, 0, 3, 1, 1, 0, 0, 0], "hlc": [921691, 1]}
INFO:<Node 3>:{"send": true, "recv": false, "from": 3, "to": 1, "vc": [0, 0, 0, 1, 0, 0, 0, 0, 0, 0], "hlc": [921689, 0]}
INFO:<Node 4>:{"send": true, "recv": false, "from": 4, "to": 9, "vc": [0, 0, 0, 0, 4, 1, 1, 0, 0, 0], "hlc": [921691, 2]}
INFO:<Node 5>:{"send": true, "recv": false, "from": 5, "to": 9, "vc": [0, 0, 0, 0, 0, 2, 0, 0, 0, 0], "hlc": [921689, 1]}
INFO:<Node 6>:{"send": true, "recv": false, "from": 6, "to": 3, "vc": [0, 0, 0, 0, 0, 0, 2, 0, 0, 0], "hlc": [921689, 1]}
INFO:<Node 7>:{"send": true, "recv": false, "from": 7, "to": 5, "vc": [0, 0, 0, 0, 0, 0, 0, 1, 0, 0], "hlc": [921688, 0]}
INFO:<Node 8>:{"send": true, "recv": false, "from": 8, "to": 4, "vc": [0, 0, 0, 0, 0, 0, 0, 0, 1, 0], "hlc": [921693, 0]}
INFO:<Node 9>:{"send": true, "recv": false, "from": 9, "to": 3, "vc": [0, 0, 0, 0, 0, 0, 0, 0, 0, 1], "hlc": [921687, 1]}
INFO:<Node 1>:{"send": false, "recv": true, "to": 1, "from": 3, "vc": [1, 2, 0, 1, 0, 0, 0, 0, 0, 0], "hlc": [921690, 2]}
INFO:<Node 3>:{"send": false, "recv": true, "to": 3, "from": 6, "vc": [0, 0, 0, 2, 0, 0, 2, 0, 0, 0], "hlc": [921689, 2]}
INFO:<Node 3>:{"send": false, "recv": true, "to": 3, "from": 9, "vc": [0, 0, 0, 3, 0, 0, 2, 0, 0, 1], "hlc": [921689, 3]}
INFO:<Node 4>:{"send": false, "recv": true, "to": 4, "from": 8, "vc": [0, 0, 0, 0, 5, 1, 1, 0, 1, 0], "hlc": [921693, 1]}
INFO:<Node 5>:{"send": false, "recv": true, "to": 5, "from": 7, "vc": [0, 0, 0, 0, 0, 3, 0, 1, 0, 0], "hlc": [921690, 0]}
INFO:<Node 9>:{"send": false, "recv": true, "to": 9, "from": 4, "vc": [0, 0, 0, 0, 4, 1, 1, 0, 0, 2], "hlc": [921691, 3]}
INFO:<Node 9>:{"send": false, "recv": true, "to": 9, "from": 5, "vc": [0, 0, 0, 0, 4, 2, 1, 0, 0, 3], "hlc": [921691, 4]}
INFO:<Node 0>:{"send": true, "recv": false, "from": 0, "to": 5, "vc": [3, 0, 0, 0, 1, 0, 0, 0, 0, 0], "hlc": [921691, 1]}
INFO:<Node 2>:{"send": true, "recv": false, "from": 2, "to": 9, "vc": [0, 0, 1, 0, 0, 0, 0, 0, 0, 0], "hlc": [921693, 0]}
INFO:<Node 3>:{"send": true, "recv": false, "from": 3, "to": 2, "vc": [0, 0, 0, 4, 0, 0, 2, 0, 0, 1], "hlc": [921689, 4]}
INFO:<Node 4>:{"send": true, "recv": false, "from": 4, "to": 0, "vc": [0, 0, 0, 0, 6, 1, 1, 0, 1, 0], "hlc": [921693, 2]}
INFO:<Node 5>:{"send": true, "recv": false, "from": 5, "to": 4, "vc": [0, 0, 0, 0, 0, 4, 0, 1, 0, 0], "hlc": [921690, 1]}
INFO:<Node 7>:{"send": true, "recv": false, "from": 7, "to": 0, "vc": [0, 0, 0, 0, 0, 0, 0, 2, 0, 0], "hlc": [921688, 1]}
INFO:<Node 8>:{"send": true, "recv": false, "from": 8, "to": 4, "vc": [0, 0, 0, 0, 0, 0, 0, 0, 2, 0], "hlc": [921693, 1]}
INFO:<Node 9>:{"send": true, "recv": false, "from": 9, "to": 4, "vc": [0, 0, 0, 0, 4, 2, 1, 0, 0, 4], "hlc": [921691, 5]}
INFO:<Node 0>:{"send": false, "recv": true, "to": 0, "from": 4, "vc": [4, 0, 0, 0, 6, 1, 1, 0, 1, 0], "hlc": [921693, 3]}
INFO:<Node 0>:{"send": false, "recv": true, "to": 0, "from": 7, "vc": [5, 0, 0, 0, 6, 1, 1, 2, 1, 0], "hlc": [921693, 4]}
INFO:<Node 2>:{"send": false, "recv": true, "to": 2, "from": 3, "vc": [0, 0, 2, 4, 0, 0, 2, 0, 0, 1], "hlc": [921694, 0]}
INFO:<Node 4>:{"send": false, "recv": true, "to": 4, "from": 5, "vc": [0, 0, 0, 0, 7, 4, 1, 1, 1, 0], "hlc": [921693, 3]}
INFO:<Node 4>:{"send": false, "recv": true, "to": 4, "from": 8, "vc": [0, 0, 0, 0, 8, 4, 1, 1, 2, 0], "hlc": [921693, 4]}
INFO:<Node 4>:{"send": false, "recv": true, "to": 4, "from": 9, "vc": [0, 0, 0, 0, 9, 4, 1, 1, 2, 4], "hlc": [921693, 5]}
INFO:<Node 5>:{"send": false, "recv": true, "to": 5, "from": 0, "vc": [3, 0, 0, 0, 1, 5, 0, 1, 0, 0], "hlc": [921691, 2]}
INFO:<Node 9>:{"send": false, "recv": true, "to": 9, "from": 2, "vc": [0, 0, 1, 0, 4, 2, 1, 0, 0, 5], "hlc": [921693, 1]}
INFO:<Node 0>:{"send": true, "recv": false, "from": 0, "to": 7, "vc": [6, 0, 0, 0, 6, 1, 1, 2, 1, 0], "hlc": [921693, 5]}
INFO:<Node 1>:{"send": true, "recv": false, "from": 1, "to": 3, "vc": [1, 3, 0, 1, 0, 0, 0, 0, 0, 0], "hlc": [921691, 0]}
INFO:<Node 2>:{"send": true, "recv": false, "from": 2, "to": 0, "vc": [0, 0, 3, 4, 0, 0, 2, 0, 0, 1], "hlc": [921694, 1]}
INFO:<Node 3>:{"send": true, "recv": false, "from": 3, "to": 7, "vc": [0, 0, 0, 5, 0, 0, 2, 0, 0, 1], "hlc": [921690, 0]}
INFO:<Node 4>:{"send": true, "recv": false, "from": 4, "to": 6, "vc": [0, 0, 0, 0, 10, 4, 1, 1, 2, 4], "hlc": [921693, 6]}
INFO:<Node 7>:{"send": true, "recv": false, "from": 7, "to": 9, "vc": [0, 0, 0, 0, 0, 0, 0, 3, 0, 0], "hlc": [921689, 0]}
INFO:<Node 0>:{"send": false, "recv": true, "to": 0, "from": 2, "vc": [7, 0, 3, 4, 6, 1, 2, 2, 1, 1], "hlc": [921694, 2]}
INFO:<Node 3>:{"send": false, "recv": true, "to": 3, "from": 1, "vc": [1, 3, 0, 6, 0, 0, 2, 0, 0, 1], "hlc": [921691, 1]}
INFO:<Node 6>:{"send": false, "recv": true, "to": 6, "from": 4, "vc": [0, 0, 0, 0, 10, 4, 3, 1, 2, 4], "hlc": [921693, 7]}
INFO:<Node 7>:{"send": false, "recv": true, "to": 7, "from": 0, "vc": [6, 0, 0, 0, 6, 1, 1, 4, 1, 0], "hlc": [921693, 6]}
INFO:<Node 7>:{"send": false, "recv": true, "to": 7, "from": 3, "vc": [6, 0, 0, 5, 6, 1, 2, 5, 1, 1], "hlc": [921693, 7]}
INFO:<Node 9>:{"send": false, "recv": true, "to": 9, "from": 7, "vc": [0, 0, 1, 0, 4, 2, 1, 3, 0, 6], "hlc": [921693, 2]}
INFO:<Node 1>:{"send": true, "recv": false, "from": 1, "to": 8, "vc": [1, 4, 0, 1, 0, 0, 0, 0, 0, 0], "hlc": [921691, 1]}
INFO:<Node 4>:{"send": true, "recv": false, "from": 4, "to": 1, "vc": [0, 0, 0, 0, 11, 4, 1, 1, 2, 4], "hlc": [921693, 7]}
INFO:<Node 6>:{"send": true, "recv": false, "from": 6, "to": 4, "vc": [0, 0, 0, 0, 10, 4, 4, 1, 2, 4], "hlc": [921693, 8]}
INFO:<Node 7>:{"send": true, "recv": false, "from": 7, "to": 9, "vc": [6, 0, 0, 5, 6, 1, 2, 6, 1, 1], "hlc": [921693, 8]}
INFO:<Node 1>:{"send": false, "recv": true, "to": 1, "from": 4, "vc": [1, 5, 0, 1, 11, 4, 1, 1, 2, 4], "hlc": [921693, 8]}
INFO:<Node 4>:{"send": false, "recv": true, "to": 4, "from": 6, "vc": [0, 0, 0, 0, 12, 4, 4, 1, 2, 4], "hlc": [921693, 9]}
INFO:<Node 8>:{"send": false, "recv": true, "to": 8, "from": 1, "vc": [1, 4, 0, 1, 0, 0, 0, 0, 3, 0], "hlc": [921695, 0]}
INFO:<Node 9>:{"send": false, "recv": true, "to": 9, "from": 7, "vc": [6, 0, 1, 5, 6, 2, 2, 6, 1, 7], "hlc": [921693, 9]}
INFO:<Node 0>:{"send": true, "recv": false, "from": 0, "to": 2, "vc": [8, 0, 3, 4, 6, 1, 2, 2, 1, 1], "hlc": [921694, 3]}
INFO:<Node 1>:{"send": true, "recv": false, "from": 1, "to": 3, "vc": [1, 6, 0, 1, 11, 4, 1, 1, 2, 4], "hlc": [921693, 9]}
INFO:<Node 3>:{"send": true, "recv": false, "from": 3, "to": 1, "vc": [1, 3, 0, 7, 0, 0, 2, 0, 0, 1], "hlc": [921691, 2]}
INFO:<Node 4>:{"send": true, "recv": false, "from": 4, "to": 5, "vc": [0, 0, 0, 0, 13, 4, 4, 1, 2, 4], "hlc": [921693, 10]}
INFO:<Node 5>:{"send": true, "recv": false, "from": 5, "to": 3, "vc": [3, 0, 0, 0, 1, 6, 0, 1, 0, 0], "hlc": [921691, 3]}
INFO:<Node 6>:{"send": true, "recv": false, "from": 6, "to": 0, "vc": [0, 0, 0, 0, 10, 4, 5, 1, 2, 4], "hlc": [921693, 9]}
INFO:<Node 9>:{"send": true, "recv": false, "from": 9, "to": 2, "vc": [6, 0, 1, 5, 6, 2, 2, 6, 1, 8], "hlc": [921693, 10]}
INFO:<Node 0>:{"send": false, "recv": true, "to": 0, "from": 6, "vc": [9, 0, 3, 4, 10, 4, 5, 2, 2, 4], "hlc": [921694, 4]}
INFO:<Node 1>:{"send": false, "recv": true, "to": 1, "from": 3, "vc": [1, 7, 0, 7, 11, 4, 2, 1, 2, 4], "hlc": [921693, 10]}
INFO:<Node 2>:{"send": false, "recv": true, "to": 2, "from": 0, "vc": [8, 0, 4, 4, 6, 1, 2, 2, 1, 1], "hlc": [921695, 0]}
INFO:<Node 2>:{"send": false, "recv": true, "to": 2, "from": 9, "vc": [8, 0, 5, 5, 6, 2, 2, 6, 1, 8], "hlc": [921695, 1]}
INFO:<Node 3>:{"send": false, "recv": true, "to": 3, "from": 1, "vc": [1, 6, 0, 8, 11, 4, 2, 1, 2, 4], "hlc": [921693, 10]}
INFO:<Node 3>:{"send": false, "recv": true, "to": 3, "from": 5, "vc": [3, 6, 0, 9, 11, 6, 2, 1, 2, 4], "hlc": [921693, 11]}
INFO:<Node 5>:{"send": false, "recv": true, "to": 5, "from": 4, "vc": [3, 0, 0, 0, 13, 7, 4, 1, 2, 4], "hlc": [921693, 11]}
INFO:<Node 4>:{"send": true, "recv": false, "from": 4, "to": 6, "vc": [0, 0, 0, 0, 14, 4, 4, 1, 2, 4], "hlc": [921693, 11]}
INFO:<Node 5>:{"send": true, "recv": false, "from": 5, "to": 7, "vc": [3, 0, 0, 0, 13, 8, 4, 1, 2, 4], "hlc": [921693, 12]}
INFO:<Node 7>:{"send": true, "recv": false, "from": 7, "to": 4, "vc": [6, 0, 0, 5, 6, 1, 2, 7, 1, 1], "hlc": [921693, 9]}
INFO:<Node 8>:{"send": true, "recv": false, "from": 8, "to": 0, "vc": [1, 4, 0, 1, 0, 0, 0, 0, 4, 0], "hlc": [921695, 1]}
INFO:<Node 9>:{"send": true, "recv": false, "from": 9, "to": 4, "vc": [6, 0, 1, 5, 6, 2, 2, 6, 1, 9], "hlc": [921693, 11]}
INFO:<Node 0>:{"send": false, "recv": true, "to": 0, "from": 8, "vc": [10, 4, 3, 4, 10, 4, 5, 2, 4, 4], "hlc": [921695, 2]}
INFO:<Node 4>:{"send": false, "recv": true, "to": 4, "from": 7, "vc": [6, 0, 0, 5, 15, 4, 4, 7, 2, 4], "hlc": [921694, 0]}
INFO:<Node 4>:{"send": false, "recv": true, "to": 4, "from": 9, "vc": [6, 0, 1, 5, 16, 4, 4, 7, 2, 9], "hlc": [921694, 1]}
INFO:<Node 6>:{"send": false, "recv": true, "to": 6, "from": 4, "vc": [0, 0, 0, 0, 14, 4, 6, 1, 2, 4], "hlc": [921693, 12]}
INFO:<Node 7>:{"send": false, "recv": true, "to": 7, "from": 5, "vc": [6, 0, 0, 5, 13, 8, 4, 8, 2, 4], "hlc": [921693, 13]}
INFO:<Node 0>:{"send": true, "recv": false, "from": 0, "to": 7, "vc": [11, 4, 3, 4, 10, 4, 5, 2, 4, 4], "hlc": [921695, 3]}
INFO:<Node 4>:{"send": true, "recv": false, "from": 4, "to": 3, "vc": [6, 0, 1, 5, 17, 4, 4, 7, 2, 9], "hlc": [921694, 2]}
INFO:<Node 6>:{"send": true, "recv": false, "from": 6, "to": 0, "vc": [0, 0, 0, 0, 14, 4, 7, 1, 2, 4], "hlc": [921693, 13]}
INFO:<Node 7>:{"send": true, "recv": false, "from": 7, "to": 4, "vc": [6, 0, 0, 5, 13, 8, 4, 9, 2, 4], "hlc": [921693, 14]}
INFO:<Node 9>:{"send": true, "recv": false, "from": 9, "to": 1, "vc": [6, 0, 1, 5, 6, 2, 2, 6, 1, 10], "hlc": [921693, 12]}
INFO:<Node 0>:{"send": false, "recv": true, "to": 0, "from": 6, "vc": [12, 4, 3, 4, 14, 4, 7, 2, 4, 4], "hlc": [921695, 4]}
INFO:<Node 1>:{"send": false, "recv": true, "to": 1, "from": 9, "vc": [6, 8, 1, 7, 11, 4, 2, 6, 2, 10], "hlc": [921693, 13]}
INFO:<Node 3>:{"send": false, "recv": true, "to": 3, "from": 4, "vc": [6, 6, 1, 10, 17, 6, 4, 7, 2, 9], "hlc": [921694, 3]}
INFO:<Node 4>:{"send": false, "recv": true, "to": 4, "from": 7, "vc": [6, 0, 1, 5, 18, 8, 4, 9, 2, 9], "hlc": [921694, 3]}
INFO:<Node 7>:{"send": false, "recv": true, "to": 7, "from": 0, "vc": [11, 4, 3, 5, 13, 8, 5, 10, 4, 4], "hlc": [921695, 4]}
INFO:<Node 2>:{"send": true, "recv": false, "from": 2, "to": 9, "vc": [8, 0, 6, 5, 6, 2, 2, 6, 1, 8], "hlc": [921696, 0]}
INFO:<Node 3>:{"send": true, "recv": false, "from": 3, "to": 8, "vc": [6, 6, 1, 11, 17, 6, 4, 7, 2, 9], "hlc": [921694, 4]}
INFO:<Node 4>:{"send": true, "recv": false, "from": 4, "to": 7, "vc": [6, 0, 1, 5, 19, 8, 4, 9, 2, 9], "hlc": [921694, 4]}
INFO:<Node 5>:{"send": true, "recv": false, "from": 5, "to": 3, "vc": [3, 0, 0, 0, 13, 9, 4, 1, 2, 4], "hlc": [921693, 13]}
INFO:<Node 7>:{"send": true, "recv": false, "from": 7, "to": 2, "vc": [11, 4, 3, 5, 13, 8, 5, 11, 4, 4], "hlc": [921695, 5]}
INFO:<Node 9>:{"send": true, "recv": false, "from": 9, "to": 0, "vc": [6, 0, 1, 5, 6, 2, 2, 6, 1, 11], "hlc": [921693, 13]}
INFO:<Node 0>:{"send": false, "recv": true, "to": 0, "from": 9, "vc": [13, 4, 3, 5, 14, 4, 7, 6, 4, 11], "hlc": [921695, 5]}
INFO:<Node 2>:{"send": false, "recv": true, "to": 2, "from": 7, "vc": [11, 4, 7, 5, 13, 8, 5, 11, 4, 8], "hlc": [921697, 0]}
INFO:<Node 3>:{"send": false, "recv": true, "to": 3, "from": 5, "vc": [6, 6, 1, 12, 17, 9, 4, 7, 2, 9], "hlc": [921694, 5]}
INFO:<Node 7>:{"send": false, "recv": true, "to": 7, "from": 4, "vc": [11, 4, 3, 5, 19, 8, 5, 12, 4, 9], "hlc": [921695, 6]}
INFO:<Node 8>:{"send": false, "recv": true, "to": 8, "from": 3, "vc": [6, 6, 1, 11, 17, 6, 4, 7, 5, 9], "hlc": [921697, 0]}
INFO:<Node 9>:{"send": false, "recv": true, "to": 9, "from": 2, "vc": [8, 0, 6, 5, 6, 2, 2, 6, 1, 12], "hlc": [921696, 1]}
INFO:<Node 1>:{"send": true, "recv": false, "from": 1, "to": 6, "vc": [6, 9, 1, 7, 11, 4, 2, 6, 2, 10], "hlc": [921694, 0]}
INFO:<Node 4>:{"send": true, "recv": false, "from": 4, "to": 9, "vc": [6, 0, 1, 5, 20, 8, 4, 9, 2, 9], "hlc": [921695, 0]}
INFO:<Node 5>:{"send": true, "recv": false, "from": 5, "to": 7, "vc": [3, 0, 0, 0, 13, 10, 4, 1, 2, 4], "hlc": [921693, 14]}
INFO:<Node 6>:{"send": true, "recv": false, "from": 6, "to": 0, "vc": [0, 0, 0, 0, 14, 4, 8, 1, 2, 4], "hlc": [921693, 14]}
INFO:<Node 8>:{"send": true, "recv": false, "from": 8, "to": 1, "vc": [6, 6, 1, 11, 17, 6, 4, 7, 6, 9], "hlc": [921697, 1]}
INFO:<Node 0>:{"send": false, "recv": true, "to": 0, "from": 6, "vc": [14, 4, 3, 5, 14, 4, 8, 6, 4, 11], "hlc": [921695, 6]}
INFO:<Node 1>:{"send": false, "recv": true, "to": 1, "from": 8, "vc": [6, 10, 1, 11, 17, 6, 4, 7, 6, 10], "hlc": [921697, 2]}
INFO:<Node 6>:{"send": false, "recv": true, "to": 6, "from": 1, "vc": [6, 9, 1, 7, 14, 4, 9, 6, 2, 10], "hlc": [921694, 1]}
INFO:<Node 7>:{"send": false, "recv": true, "to": 7, "from": 5, "vc": [11, 4, 3, 5, 19, 10, 5, 13, 4, 9], "hlc": [921695, 7]}
INFO:<Node 9>:{"send": false, "recv": true, "to": 9, "from": 4, "vc": [8, 0, 6, 5, 20, 8, 4, 9, 2, 13], "hlc": [921696, 2]}
INFO:<Node 0>:{"send": true, "recv": false, "from": 0, "to": 2, "vc": [15, 4, 3, 5, 14, 4, 8, 6, 4, 11], "hlc": [921695, 7]}
INFO:<Node 2>:{"send": true, "recv": false, "from": 2, "to": 0, "vc": [11, 4, 8, 5, 13, 8, 5, 11, 4, 8], "hlc": [921697, 1]}
INFO:<Node 3>:{"send": true, "recv": false, "from": 3, "to": 9, "vc": [6, 6, 1, 13, 17, 9, 4, 7, 2, 9], "hlc": [921694, 6]}
INFO:<Node 7>:{"send": true, "recv": false, "from": 7, "to": 0, "vc": [11, 4, 3, 5, 19, 10, 5, 14, 4, 9], "hlc": [921695, 8]}
INFO:<Node 9>:{"send": true, "recv": false, "from": 9, "to": 2, "vc": [8, 0, 6, 5, 20, 8, 4, 9, 2, 14], "hlc": [921696, 3]}
INFO:<Node 0>:{"send": false, "recv": true, "to": 0, "from": 2, "vc": [16, 4, 8, 5, 14, 8, 8, 11, 4, 11], "hlc": [921697, 2]}
INFO:<Node 0>:{"send": false, "recv": true, "to": 0, "from": 7, "vc": [17, 4, 8, 5, 19, 10, 8, 14, 4, 11], "hlc": [921697, 3]}
INFO:<Node 2>:{"send": false, "recv": true, "to": 2, "from": 0, "vc": [15, 4, 9, 5, 14, 8, 8, 11, 4, 11], "hlc": [921698, 0]}
INFO:<Node 2>:{"send": false, "recv": true, "to": 2, "from": 9, "vc": [15, 4, 10, 5, 20, 8, 8, 11, 4, 14], "hlc": [921698, 1]}
INFO:<Node 9>:{"send": false, "recv": true, "to": 9, "from": 3, "vc": [8, 6, 6, 13, 20, 9, 4, 9, 2, 15], "hlc": [921696, 4]}
INFO:<Node 0>:{"send": true, "recv": false, "from": 0, "to": 5, "vc": [18, 4, 8, 5, 19, 10, 8, 14, 4, 11], "hlc": [921697, 4]}
INFO:<Node 1>:{"send": true, "recv": false, "from": 1, "to": 3, "vc": [6, 11, 1, 11, 17, 6, 4, 7, 6, 10], "hlc": [921697, 3]}
INFO:<Node 2>:{"send": true, "recv": false, "from": 2, "to": 9, "vc": [15, 4, 11, 5, 20, 8, 8, 11, 4, 14], "hlc": [921698, 2]}
INFO:<Node 4>:{"send": true, "recv": false, "from": 4, "to": 5, "vc": [6, 0, 1, 5, 21, 8, 4, 9, 2, 9], "hlc": [921696, 0]}
INFO:<Node 5>:{"send": true, "recv": false, "from": 5, "to": 7, "vc": [3, 0, 0, 0, 13, 11, 4, 1, 2, 4], "hlc": [921694, 0]}
INFO:<Node 6>:{"send": true, "recv": false, "from": 6, "to": 3, "vc": [6, 9, 1, 7, 14, 4, 10, 6, 2, 10], "hlc": [921694, 2]}
INFO:<Node 8>:{"send": true, "recv": false, "from": 8, "to": 7, "vc": [6, 6, 1, 11, 17, 6, 4, 7, 7, 9], "hlc": [921698, 0]}
INFO:<Node 9>:{"send": true, "recv": false, "from": 9, "to": 7, "vc": [8, 6, 6, 13, 20, 9, 4, 9, 2, 16], "hlc": [921696, 5]}
INFO:<Node 3>:{"send": false, "recv": true, "to": 3, "from": 1, "vc": [6, 11, 1, 14, 17, 9, 4, 7, 6, 10], "hlc": [921697, 4]}
INFO:<Node 3>:{"send": false, "recv": true, "to": 3, "from": 6, "vc": [6, 11, 1, 15, 17, 9, 10, 7, 6, 10], "hlc": [921697, 5]}
INFO:<Node 5>:{"send": false, "recv": true, "to": 5, "from": 0, "vc": [18, 4, 8, 5, 19, 12, 8, 14, 4, 11], "hlc": [921697, 5]}
INFO:<Node 5>:{"send": false, "recv": true, "to": 5, "from": 4, "vc": [18, 4, 8, 5, 21, 13, 8, 14, 4, 11], "hlc": [921697, 6]}
INFO:<Node 7>:{"send": false, "recv": true, "to": 7, "from": 5, "vc": [11, 4, 3, 5, 19, 11, 5, 15, 4, 9], "hlc": [921695, 9]}
INFO:<Node 7>:{"send": false, "recv": true, "to": 7, "from": 8, "vc": [11, 6, 3, 11, 19, 11, 5, 16, 7, 9], "hlc": [921698, 1]}
INFO:<Node 7>:{"send": false, "recv": true, "to": 7, "from": 9, "vc": [11, 6, 6, 13, 20, 11, 5, 17, 7, 16], "hlc": [921698, 2]}
INFO:<Node 9>:{"send": false, "recv": true, "to": 9, "from": 2, "vc": [15, 6, 11, 13, 20, 9, 8, 11, 4, 17], "hlc": [921698, 3]}
INFO:<Node 0>:{"send": true, "recv": false, "from": 0, "to": 5, "vc": [19, 4, 8, 5, 19, 10, 8, 14, 4, 11], "hlc": [921697, 5]}
INFO:<Node 2>:{"send": true, "recv": false, "from": 2, "to": 6, "vc": [15, 4, 12, 5, 20, 8, 8, 11, 4, 14], "hlc": [921698, 3]}
INFO:<Node 3>:{"send": true, "recv": false, "from": 3, "to": 9, "vc": [6, 11, 1, 16, 17, 9, 10, 7, 6, 10], "hlc": [921697, 6]}
INFO:<Node 4>:{"send": true, "recv": false, "from": 4, "to": 0, "vc": [6, 0, 1, 5, 22, 8, 4, 9, 2, 9], "hlc": [921696, 1]}
INFO:<Node 6>:{"send": true, "recv": false, "from": 6, "to": 4, "vc": [6, 9, 1, 7, 14, 4, 11, 6, 2, 10], "hlc": [921695, 0]}
INFO:<Node 9>:{"send": true, "recv": false, "from": 9, "to": 3, "vc": [15, 6, 11, 13, 20, 9, 8, 11, 4, 18], "hlc": [921698, 4]}
INFO:<Node 0>:{"send": false, "recv": true, "to": 0, "from": 4, "vc": [20, 4, 8, 5, 22, 10, 8, 14, 4, 11], "hlc": [921697, 6]}
INFO:<Node 3>:{"send": false, "recv": true, "to": 3, "from": 9, "vc": [15, 11, 11, 17, 20, 9, 10, 11, 6, 18], "hlc": [921698, 5]}
INFO:<Node 4>:{"send": false, "recv": true, "to": 4, "from": 6, "vc": [6, 9, 1, 7, 23, 8, 11, 9, 2, 10], "hlc": [921697, 0]}
INFO:<Node 5>:{"send": false, "recv": true, "to": 5, "from": 0, "vc": [19, 4, 8, 5, 21, 14, 8, 14, 4, 11], "hlc": [921697, 7]}
INFO:<Node 6>:{"send": false, "recv": true, "to": 6, "from": 2, "vc": [15, 9, 12, 7, 20, 8, 12, 11, 4, 14], "hlc": [921698, 4]}
INFO:<Node 9>:{"send": false, "recv": true, "to": 9, "from": 3, "vc": [15, 11, 11, 16, 20, 9, 10, 11, 6, 19], "hlc": [921698, 5]}
INFO:<Node 0>:{"send": true, "recv": false, "from": 0, "to": 1, "vc": [21, 4, 8, 5, 22, 10, 8, 14, 4, 11], "hlc": [921697, 7]}
INFO:<Node 1>:{"send": true, "recv": false, "from": 1, "to": 3, "vc": [6, 12, 1, 11, 17, 6, 4, 7, 6, 10], "hlc": [921697, 4]}
INFO:<Node 2>:{"send": true, "recv": false, "from": 2, "to": 0, "vc": [15, 4, 13, 5, 20, 8, 8, 11, 4, 14], "hlc": [921699, 0]}
INFO:<Node 4>:{"send": true, "recv": false, "from": 4, "to": 1, "vc": [6, 9, 1, 7, 24, 8, 11, 9, 2, 10], "hlc": [921697, 1]}
INFO:<Node 6>:{"send": true, "recv": false, "from": 6, "to": 5, "vc": [15, 9, 12, 7, 20, 8, 13, 11, 4, 14], "hlc": [921698, 5]}
INFO:<Node 7>:{"send": true, "recv": false, "from": 7, "to": 9, "vc": [11, 6, 6, 13, 20, 11, 5, 18, 7, 16], "hlc": [921698, 3]}
INFO:<Node 8>:{"send": true, "recv": false, "from": 8, "to": 7, "vc": [6, 6, 1, 11, 17, 6, 4, 7, 8, 9], "hlc": [921699, 0]}
INFO:<Node 0>:{"send": false, "recv": true, "to": 0, "from": 2, "vc": [22, 4, 13, 5, 22, 10, 8, 14, 4, 14], "hlc": [921699, 1]}
INFO:<Node 1>:{"send": false, "recv": true, "to": 1, "from": 0, "vc": [21, 13, 8, 11, 22, 10, 8, 14, 6, 11], "hlc": [921697, 8]}
INFO:<Node 1>:{"send": false, "recv": true, "to": 1, "from": 4, "vc": [21, 14, 8, 11, 24, 10, 11, 14, 6, 11], "hlc": [921697, 9]}
INFO:<Node 3>:{"send": false, "recv": true, "to": 3, "from": 1, "vc": [15, 12, 11, 18, 20, 9, 10, 11, 6, 18], "hlc": [921698, 6]}
INFO:<Node 5>:{"send": false, "recv": true, "to": 5, "from": 6, "vc": [19, 9, 12, 7, 21, 15, 13, 14, 4, 14], "hlc": [921698, 6]}
INFO:<Node 7>:{"send": false, "recv": true, "to": 7, "from": 8, "vc": [11, 6, 6, 13, 20, 11, 5, 19, 8, 16], "hlc": [921699, 1]}
INFO:<Node 9>:{"send": false, "recv": true, "to": 9, "from": 7, "vc": [15, 11, 11, 16, 20, 11, 10, 18, 7, 20], "hlc": [921698, 6]}
INFO:<Node 0>:{"send": true, "recv": false, "from": 0, "to": 5, "vc": [23, 4, 13, 5, 22, 10, 8, 14, 4, 14], "hlc": [921699, 2]}
INFO:<Node 1>:{"send": true, "recv": false, "from": 1, "to": 0, "vc": [21, 15, 8, 11, 24, 10, 11, 14, 6, 11], "hlc": [921697, 10]}
INFO:<Node 2>:{"send": true, "recv": false, "from": 2, "to": 5, "vc": [15, 4, 14, 5, 20, 8, 8, 11, 4, 14], "hlc": [921699, 1]}
INFO:<Node 3>:{"send": true, "recv": false, "from": 3, "to": 2, "vc": [15, 12, 11, 19, 20, 9, 10, 11, 6, 18], "hlc": [921698, 7]}
INFO:<Node 4>:{"send": true, "recv": false, "from": 4, "to": 2, "vc": [6, 9, 1, 7, 25, 8, 11, 9, 2, 10], "hlc": [921697, 2]}
INFO:<Node 7>:{"send": true, "recv": false, "from": 7, "to": 4, "vc": [11, 6, 6, 13, 20, 11, 5, 20, 8, 16], "hlc": [921699, 2]}
INFO:<Node 9>:{"send": true, "recv": false, "from": 9, "to": 7, "vc": [15, 11, 11, 16, 20, 11, 10, 18, 7, 21], "hlc": [921698, 7]}
INFO:<Node 0>:{"send": false, "recv": true, "to": 0, "from": 1, "vc": [24, 15, 13, 11, 24, 10, 11, 14, 6, 14], "hlc": [921699, 3]}
INFO:<Node 2>:{"send": false, "recv": true, "to": 2, "from": 3, "vc": [15, 12, 15, 19, 20, 9, 10, 11, 6, 18], "hlc": [921700, 0]}
INFO:<Node 2>:{"send": false, "recv": true, "to": 2, "from": 4, "vc": [15, 12, 16, 19, 25, 9, 11, 11, 6, 18], "hlc": [921700, 1]}
INFO:<Node 4>:{"send": false, "recv": true, "to": 4, "from": 7, "vc": [11, 9, 6, 13, 26, 11, 11, 20, 8, 16], "hlc": [921699, 3]}
INFO:<Node 5>:{"send": false, "recv": true, "to": 5, "from": 0, "vc": [23, 9, 13, 7, 22, 16, 13, 14, 4, 14], "hlc": [921699, 3]}
INFO:<Node 5>:{"send": false, "recv": true, "to": 5, "from": 2, "vc": [23, 9, 14, 7, 22, 17, 13, 14, 4, 14], "hlc": [921699, 4]}
INFO:<Node 7>:{"send": false, "recv": true, "to": 7, "from": 9, "vc": [15, 11, 11, 16, 20, 11, 10, 21, 8, 21], "hlc": [921699, 3]}
INFO:<Node 0>:{"send": true, "recv": false, "from": 0, "to": 8, "vc": [25, 15, 13, 11, 24, 10, 11, 14, 6, 14], "hlc": [921699, 4]}
INFO:<Node 2>:{"send": true, "recv": false, "from": 2, "to": 7, "vc": [15, 12, 17, 19, 25, 9, 11, 11, 6, 18], "hlc": [921700, 2]}
INFO:<Node 4>:{"send": true, "recv": false, "from": 4, "to": 1, "vc": [11, 9, 6, 13, 27, 11, 11, 20, 8, 16], "hlc": [921699, 4]}
INFO:<Node 6>:{"send": true, "recv": false, "from": 6, "to": 4, "vc": [15, 9, 12, 7, 20, 8, 14, 11, 4, 14], "hlc": [921698, 6]}
INFO:<Node 7>:{"send": true, "recv": false, "from": 7, "to": 6, "vc": [15, 11, 11, 16, 20, 11, 10, 22, 8, 21], "hlc": [921699, 4]}
INFO:<Node 8>:{"send": true, "recv": false, "from": 8, "to": 2, "vc": [6, 6, 1, 11, 17, 6, 4, 7, 9, 9], "hlc": [921700, 0]}
INFO:<Node 9>:{"send": true, "recv": false, "from": 9, "to": 8, "vc": [15, 11, 11, 16, 20, 11, 10, 18, 7, 22], "hlc": [921698, 8]}
INFO:<Node 1>:{"send": false, "recv": true, "to": 1, "from": 4, "vc": [21, 16, 8, 13, 27, 11, 11, 20, 8, 16], "hlc": [921699, 5]}
INFO:<Node 2>:{"send": false, "recv": true, "to": 2, "from": 8, "vc": [15, 12, 18, 19, 25, 9, 11, 11, 9, 18], "hlc": [921700, 3]}
INFO:<Node 4>:{"send": false, "recv": true, "to": 4, "from": 6, "vc": [15, 9, 12, 13, 28, 11, 14, 20, 8, 16], "hlc": [921699, 5]}
INFO:<Node 6>:{"send": false, "recv": true, "to": 6, "from": 7, "vc": [15, 11, 12, 16, 20, 11, 15, 22, 8, 21], "hlc": [921699, 5]}
INFO:<Node 7>:{"send": false, "recv": true, "to": 7, "from": 2, "vc": [15, 12, 17, 19, 25, 11, 11, 23, 8, 21], "hlc": [921700, 3]}
INFO:<Node 8>:{"send": false, "recv": true, "to": 8, "from": 0, "vc": [25, 15, 13, 11, 24, 10, 11, 14, 10, 14], "hlc": [921700, 1]}
INFO:<Node 8>:{"send": false, "recv": true, "to": 8, "from": 9, "vc": [25, 15, 13, 16, 24, 11, 11, 18, 11, 22], "hlc": [921700, 2]}
INFO:<Node 0>:{"send": true, "recv": false, "from": 0, "to": 6, "vc": [26, 15, 13, 11, 24, 10, 11, 14, 6, 14], "hlc": [921699, 5]}
INFO:<Node 1>:{"send": true, "recv": false, "from": 1, "to": 7, "vc": [21, 17, 8, 13, 27, 11, 11, 20, 8, 16], "hlc": [921699, 6]}
INFO:<Node 3>:{"send": true, "recv": false, "from": 3, "to": 1, "vc": [15, 12, 11, 20, 20, 9, 10, 11, 6, 18], "hlc": [921698, 8]}
INFO:<Node 4>:{"send": true, "recv": false, "from": 4, "to": 3, "vc": [15, 9, 12, 13, 29, 11, 14, 20, 8, 16], "hlc": [921699, 6]}
INFO:<Node 6>:{"send": true, "recv": false, "from": 6, "to": 0, "vc": [15, 11, 12, 16, 20, 11, 16, 22, 8, 21], "hlc": [921699, 6]}
INFO:<Node 7>:{"send": true, "recv": false, "from": 7, "to": 1, "vc": [15, 12, 17, 19, 25, 11, 11, 24, 8, 21], "hlc": [921700, 4]}
INFO:<Node 9>:{"send": true, "recv": false, "from": 9, "to": 8, "vc": [15, 11, 11, 16, 20, 11, 10, 18, 7, 23], "hlc": [921698, 9]}
INFO:<Node 0>:{"send": false, "recv": true, "to": 0, "from": 6, "vc": [27, 15, 13, 16, 24, 11, 16, 22, 8, 21], "hlc": [921699, 7]}
INFO:<Node 1>:{"send": false, "recv": true, "to": 1, "from": 3, "vc": [21, 18, 11, 20, 27, 11, 11, 20, 8, 18], "hlc": [921699, 7]}
INFO:<Node 1>:{"send": false, "recv": true, "to": 1, "from": 7, "vc": [21, 19, 17, 20, 27, 11, 11, 24, 8, 21], "hlc": [921700, 5]}
INFO:<Node 3>:{"send": false, "recv": true, "to": 3, "from": 4, "vc": [15, 12, 12, 21, 29, 11, 14, 20, 8, 18], "hlc": [921699, 7]}
INFO:<Node 6>:{"send": false, "recv": true, "to": 6, "from": 0, "vc": [26, 15, 13, 16, 24, 11, 17, 22, 8, 21], "hlc": [921699, 7]}
INFO:<Node 7>:{"send": false, "recv": true, "to": 7, "from": 1, "vc": [21, 17, 17, 19, 27, 11, 11, 25, 8, 21], "hlc": [921700, 5]}
INFO:<Node 8>:{"send": false, "recv": true, "to": 8, "from": 9, "vc": [25, 15, 13, 16, 24, 11, 11, 18, 12, 23], "hlc": [921701, 0]}
INFO:<Node 0>:{"send": true, "recv": false, "from": 0, "to": 8, "vc": [28, 15, 13, 16, 24, 11, 16, 22, 8, 21], "hlc": [921699, 8]}
INFO:<Node 1>:{"send": true, "recv": false, "from": 1, "to": 0, "vc": [21, 20, 17, 20, 27, 11, 11, 24, 8, 21], "hlc": [921700, 6]}
INFO:<Node 2>:{"send": true, "recv": false, "from": 2, "to": 6, "vc": [15, 12, 19, 19, 25, 9, 11, 11, 9, 18], "hlc": [921701, 0]}
INFO:<Node 4>:{"send": true, "recv": false, "from": 4, "to": 6, "vc": [15, 9, 12, 13, 30, 11, 14, 20, 8, 16], "hlc": [921699, 7]}
INFO:<Node 7>:{"send": true, "recv": false, "from": 7, "to": 9, "vc": [21, 17, 17, 19, 27, 11, 11, 26, 8, 21], "hlc": [921700, 6]}
INFO:<Node 8>:{"send": true, "recv": false, "from": 8, "to": 7, "vc": [25, 15, 13, 16, 24, 11, 11, 18, 13, 23], "hlc": [921701, 1]}
INFO:<Node 0>:{"send": false, "recv": true, "to": 0, "from": 1, "vc": [29, 20, 17, 20, 27, 11, 16, 24, 8, 21], "hlc": [921700, 7]}
INFO:<Node 6>:{"send": false, "recv": true, "to": 6, "from": 2, "vc": [26, 15, 19, 19, 25, 11, 18, 22, 9, 21], "hlc": [921701, 1]}
INFO:<Node 6>:{"send": false, "recv": true, "to": 6, "from": 4, "vc": [26, 15, 19, 19, 30, 11, 19, 22, 9, 21], "hlc": [921701, 2]}
INFO:<Node 7>:{"send": false, "recv": true, "to": 7, "from": 8, "vc": [25, 17, 17, 19, 27, 11, 11, 27, 13, 23], "hlc": [921701, 2]}
INFO:<Node 8>:{"send": false, "recv": true, "to": 8, "from": 0, "vc": [28, 15, 13, 16, 24, 11, 16, 22, 14, 23], "hlc": [921701, 2]}
INFO:<Node 9>:{"send": false, "recv": true, "to": 9, "from": 7, "vc": [21, 17, 17, 19, 27, 11, 11, 26, 8, 24], "hlc": [921700, 7]}
INFO:<Node 0>:{"send": true, "recv": false, "from": 0, "to": 2, "vc": [30, 20, 17, 20, 27, 11, 16, 24, 8, 21], "hlc": [921700, 8]}
INFO:<Node 4>:{"send": true, "recv": false, "from": 4, "to": 3, "vc": [15, 9, 12, 13, 31, 11, 14, 20, 8, 16], "hlc": [921699, 8]}
INFO:<Node 5>:{"send": true, "recv": false, "from": 5, "to": 3, "vc": [23, 9, 14, 7, 22, 18, 13, 14, 4, 14], "hlc": [921699, 5]}
INFO:<Node 6>:{"send": true, "recv": false, "from": 6, "to": 1, "vc": [26, 15, 19, 19, 30, 11, 20, 22, 9, 21], "hlc": [921701, 3]}
INFO:<Node 7>:{"send": true, "recv": false, "from": 7, "to": 0, "vc": [25, 17, 17, 19, 27, 11, 11, 28, 13, 23], "hlc": [921701, 3]}
INFO:<Node 0>:{"send": false, "recv": true, "to": 0, "from": 7, "vc": [31, 20, 17, 20, 27, 11, 16, 28, 13, 23], "hlc": [921701, 4]}
INFO:<Node 1>:{"send": false, "recv": true, "to": 1, "from": 6, "vc": [26, 21, 19, 20, 30, 11, 20, 24, 9, 21], "hlc": [921701, 4]}
INFO:<Node 2>:{"send": false, "recv": true, "to": 2, "from": 0, "vc": [30, 20, 20, 20, 27, 11, 16, 24, 9, 21], "hlc": [921702, 0]}
INFO:<Node 3>:{"send": false, "recv": true, "to": 3, "from": 4, "vc": [15, 12, 12, 22, 31, 11, 14, 20, 8, 18], "hlc": [921699, 9]}
INFO:<Node 3>:{"send": false, "recv": true, "to": 3, "from": 5, "vc": [23, 12, 14, 23, 31, 18, 14, 20, 8, 18], "hlc": [921699, 10]}
INFO:<Node 0>:{"send": true, "recv": false, "from": 0, "to": 6, "vc": [32, 20, 17, 20, 27, 11, 16, 28, 13, 23], "hlc": [921701, 5]}
INFO:<Node 2>:{"send": true, "recv": false, "from": 2, "to": 9, "vc": [30, 20, 21, 20, 27, 11, 16, 24, 9, 21], "hlc": [921702, 1]}
INFO:<Node 3>:{"send": true, "recv": false, "from": 3, "to": 4, "vc": [23, 12, 14, 24, 31, 18, 14, 20, 8, 18], "hlc": [921699, 11]}
INFO:<Node 7>:{"send": true, "recv": false, "from": 7, "to": 3, "vc": [25, 17, 17, 19, 27, 11, 11, 29, 13, 23], "hlc": [921701, 4]}
INFO:<Node 8>:{"send": true, "recv": false, "from": 8, "to": 0, "vc": [28, 15, 13, 16, 24, 11, 16, 22, 15, 23], "hlc": [921702, 0]}
INFO:<Node 0>:{"send": false, "recv": true, "to": 0, "from": 8, "vc": [33, 20, 17, 20, 27, 11, 16, 28, 15, 23], "hlc": [921702, 1]}
INFO:<Node 3>:{"send": false, "recv": true, "to": 3, "from": 7, "vc": [25, 17, 17, 25, 31, 18, 14, 29, 13, 23], "hlc": [921701, 5]}
INFO:<Node 4>:{"send": false, "recv": true, "to": 4, "from": 3, "vc": [23, 12, 14, 24, 32, 18, 14, 20, 8, 18], "hlc": [921700, 0]}
INFO:<Node 6>:{"send": false, "recv": true, "to": 6, "from": 0, "vc": [32, 20, 19, 20, 30, 11, 21, 28, 13, 23], "hlc": [921701, 6]}
INFO:<Node 9>:{"send": false, "recv": true, "to": 9, "from": 2, "vc": [30, 20, 21, 20, 27, 11, 16, 26, 9, 25], "hlc": [921702, 2]}
INFO:<Node 2>:{"send": true, "recv": false, "from": 2, "to": 0, "vc": [30, 20, 22, 20, 27, 11, 16, 24, 9, 21], "hlc": [921702, 2]}
INFO:<Node 3>:{"send": true, "recv": false, "from": 3, "to": 2, "vc": [25, 17, 17, 26, 31, 18, 14, 29, 13, 23], "hlc": [921701, 6]}
INFO:<Node 6>:{"send": true, "recv": false, "from": 6, "to": 4, "vc": [32, 20, 19, 20, 30, 11, 22, 28, 13, 23], "hlc": [921701, 7]}
INFO:<Node 7>:{"send": true, "recv": false, "from": 7, "to": 8, "vc": [25, 17, 17, 19, 27, 11, 11, 30, 13, 23], "hlc": [921701, 5]}
INFO:<Node 9>:{"send": true, "recv": false, "from": 9, "to": 5, "vc": [30, 20, 21, 20, 27, 11, 16, 26, 9, 26], "hlc": [921702, 3]}
INFO:<Node 0>:{"send": false, "recv": true, "to": 0, "from": 2, "vc": [34, 20, 22, 20, 27, 11, 16, 28, 15, 23], "hlc": [921702, 3]}
INFO:<Node 2>:{"send": false, "recv": true, "to": 2, "from": 3, "vc": [30, 20, 23, 26, 31, 18, 16, 29, 13, 23], "hlc": [921703, 0]}
INFO:<Node 4>:{"send": false, "recv": true, "to": 4, "from": 6, "vc": [32, 20, 19, 24, 33, 18, 22, 28, 13, 23], "hlc": [921701, 8]}
INFO:<Node 5>:{"send": false, "recv": true, "to": 5, "from": 9, "vc": [30, 20, 21, 20, 27, 19, 16, 26, 9, 26], "hlc": [921702, 4]}
INFO:<Node 8>:{"send": false, "recv": true, "to": 8, "from": 7, "vc": [28, 17, 17, 19, 27, 11, 16, 30, 16, 23], "hlc": [921703, 0]}
INFO:<Node 0>:{"send": true, "recv": false, "from": 0, "to": 2, "vc": [35, 20, 22, 20, 27, 11, 16, 28, 15, 23], "hlc": [921702, 4]}
INFO:<Node 3>:{"send": true, "recv": false, "from": 3, "to": 6, "vc": [25, 17, 17, 27, 31, 18, 14, 29, 13, 23], "hlc": [921701, 7]}
INFO:<Node 4>:{"send": true, "recv": false, "from": 4, "to": 7, "vc": [32, 20, 19, 24, 34, 18, 22, 28, 13, 23], "hlc": [921701, 9]}
INFO:<Node 9>:{"send": true, "recv": false, "from": 9, "to": 6, "vc": [30, 20, 21, 20, 27, 11, 16, 26, 9, 27], "hlc": [921702, 4]}
INFO:<Node 2>:{"send": false, "recv": true, "to": 2, "from": 0, "vc": [35, 20, 24, 26, 31, 18, 16, 29, 15, 23], "hlc": [921703, 1]}
INFO:<Node 6>:{"send": false, "recv": true, "to": 6, "from": 3, "vc": [32, 20, 19, 27, 31, 18, 23, 29, 13, 23], "hlc": [921701, 8]}
INFO:<Node 6>:{"send": false, "recv": true, "to": 6, "from": 9, "vc": [32, 20, 21, 27, 31, 18, 24, 29, 13, 27], "hlc": [921702, 5]}
INFO:<Node 7>:{"send": false, "recv": true, "to": 7, "from": 4, "vc": [32, 20, 19, 24, 34, 18, 22, 31, 13, 23], "hlc": [921701, 10]}
INFO:<Node 0>:{"send": true, "recv": false, "from": 0, "to": 4, "vc": [36, 20, 22, 20, 27, 11, 16, 28, 15, 23], "hlc": [921702, 5]}
INFO:<Node 1>:{"send": true, "recv": false, "from": 1, "to": 2, "vc": [26, 22, 19, 20, 30, 11, 20, 24, 9, 21], "hlc": [921701, 5]}
INFO:<Node 2>:{"send": true, "recv": false, "from": 2, "to": 4, "vc": [35, 20, 25, 26, 31, 18, 16, 29, 15, 23], "hlc": [921703, 2]}
INFO:<Node 3>:{"send": true, "recv": false, "from": 3, "to": 4, "vc": [25, 17, 17, 28, 31, 18, 14, 29, 13, 23], "hlc": [921701, 8]}
INFO:<Node 5>:{"send": true, "recv": false, "from": 5, "to": 1, "vc": [30, 20, 21, 20, 27, 20, 16, 26, 9, 26], "hlc": [921702, 5]}
INFO:<Node 7>:{"send": true, "recv": false, "from": 7, "to": 9, "vc": [32, 20, 19, 24, 34, 18, 22, 32, 13, 23], "hlc": [921701, 11]}
INFO:<Node 9>:{"send": true, "recv": false, "from": 9, "to": 8, "vc": [30, 20, 21, 20, 27, 11, 16, 26, 9, 28], "hlc": [921702, 5]}
INFO:<Node 1>:{"send": false, "recv": true, "to": 1, "from": 5, "vc": [30, 23, 21, 20, 30, 20, 20, 26, 9, 26], "hlc": [921702, 6]}
INFO:<Node 2>:{"send": false, "recv": true, "to": 2, "from": 1, "vc": [35, 22, 26, 26, 31, 18, 20, 29, 15, 23], "hlc": [921704, 0]}
INFO:<Node 4>:{"send": false, "recv": true, "to": 4, "from": 0, "vc": [36, 20, 22, 24, 35, 18, 22, 28, 15, 23], "hlc": [921702, 6]}
INFO:<Node 4>:{"send": false, "recv": true, "to": 4, "from": 2, "vc": [36, 20, 25, 26, 36, 18, 22, 29, 15, 23], "hlc": [921703, 3]}
INFO:<Node 4>:{"send": false, "recv": true, "to": 4, "from": 3, "vc": [36, 20, 25, 28, 37, 18, 22, 29, 15, 23], "hlc": [921703, 4]}
INFO:<Node 8>:{"send": false, "recv": true, "to": 8, "from": 9, "vc": [30, 20, 21, 20, 27, 11, 16, 30, 17, 28], "hlc": [921704, 0]}
INFO:<Node 9>:{"send": false, "recv": true, "to": 9, "from": 7, "vc": [32, 20, 21, 24, 34, 18, 22, 32, 13, 29], "hlc": [921702, 6]}
INFO:<Node 0>:{"send": true, "recv": false, "from": 0, "to": 8, "vc": [37, 20, 22, 20, 27, 11, 16, 28, 15, 23], "hlc": [921702, 6]}
INFO:<Node 1>:{"send": true, "recv": false, "from": 1, "to": 5, "vc": [30, 24, 21, 20, 30, 20, 20, 26, 9, 26], "hlc": [921702, 7]}
INFO:<Node 2>:{"send": true, "recv": false, "from": 2, "to": 1, "vc": [35, 22, 27, 26, 31, 18, 20, 29, 15, 23], "hlc": [921704, 1]}
INFO:<Node 3>:{"send": true, "recv": false, "from": 3, "to": 4, "vc": [25, 17, 17, 29, 31, 18, 14, 29, 13, 23], "hlc": [921701, 9]}
INFO:<Node 4>:{"send": true, "recv": false, "from": 4, "to": 2, "vc": [36, 20, 25, 28, 38, 18, 22, 29, 15, 23], "hlc": [921703, 5]}
INFO:<Node 5>:{"send": true, "recv": false, "from": 5, "to": 6, "vc": [30, 20, 21, 20, 27, 21, 16, 26, 9, 26], "hlc": [921702, 6]}
INFO:<Node 6>:{"send": true, "recv": false, "from": 6, "to": 7, "vc": [32, 20, 21, 27, 31, 18, 25, 29, 13, 27], "hlc": [921702, 6]}
INFO:<Node 7>:{"send": true, "recv": false, "from": 7, "to": 0, "vc": [32, 20, 19, 24, 34, 18, 22, 33, 13, 23], "hlc": [921701, 12]}
INFO:<Node 8>:{"send": true, "recv": false, "from": 8, "to": 4, "vc": [30, 20, 21, 20, 27, 11, 16, 30, 18, 28], "hlc": [921704, 1]}
INFO:<Node 9>:{"send": true, "recv": false, "from": 9, "to": 6, "vc": [32, 20, 21, 24, 34, 18, 22, 32, 13, 30], "hlc": [921702, 7]}
INFO:<Node 0>:{"send": false, "recv": true, "to": 0, "from": 7, "vc": [38, 20, 22, 24, 34, 18, 22, 33, 15, 23], "hlc": [921702, 7]}
INFO:<Node 1>:{"send": false, "recv": true, "to": 1, "from": 2, "vc": [35, 25, 27, 26, 31, 20, 20, 29, 15, 26], "hlc": [921704, 2]}
INFO:<Node 2>:{"send": false, "recv": true, "to": 2, "from": 4, "vc": [36, 22, 28, 28, 38, 18, 22, 29, 15, 23], "hlc": [921704, 2]}
INFO:<Node 4>:{"send": false, "recv": true, "to": 4, "from": 3, "vc": [36, 20, 25, 29, 39, 18, 22, 29, 15, 23], "hlc": [921703, 6]}
INFO:<Node 4>:{"send": false, "recv": true, "to": 4, "from": 8, "vc": [36, 20, 25, 29, 40, 18, 22, 30, 18, 28], "hlc": [921704, 2]}
INFO:<Node 5>:{"send": false, "recv": true, "to": 5, "from": 1, "vc": [30, 24, 21, 20, 30, 22, 20, 26, 9, 26], "hlc": [921702, 8]}
INFO:<Node 6>:{"send": false, "recv": true, "to": 6, "from": 5, "vc": [32, 20, 21, 27, 31, 21, 26, 29, 13, 27], "hlc": [921702, 7]}
INFO:<Node 6>:{"send": false, "recv": true, "to": 6, "from": 9, "vc": [32, 20, 21, 27, 34, 21, 27, 32, 13, 30], "hlc": [921702, 8]}
INFO:<Node 7>:{"send": false, "recv": true, "to": 7, "from": 6, "vc": [32, 20, 21, 27, 34, 18, 25, 34, 13, 27], "hlc": [921702, 7]}
INFO:<Node 8>:{"send": false, "recv": true, "to": 8, "from": 0, "vc": [37, 20, 22, 20, 27, 11, 16, 30, 19, 28], "hlc": [921704, 2]}
INFO:<Node 1>:{"send": true, "recv": false, "from": 1, "to": 8, "vc": [35, 26, 27, 26, 31, 20, 20, 29, 15, 26], "hlc": [921704, 3]}
INFO:<Node 4>:{"send": true, "recv": false, "from": 4, "to": 1, "vc": [36, 20, 25, 29, 41, 18, 22, 30, 18, 28], "hlc": [921704, 3]}
INFO:<Node 5>:{"send": true, "recv": false, "from": 5, "to": 9, "vc": [30, 24, 21, 20, 30, 23, 20, 26, 9, 26], "hlc": [921702, 9]}
INFO:<Node 6>:{"send": true, "recv": false, "from": 6, "to": 2, "vc": [32, 20, 21, 27, 34, 21, 28, 32, 13, 30], "hlc": [921702, 9]}
INFO:<Node 7>:{"send": true, "recv": false, "from": 7, "to": 4, "vc": [32, 20, 21, 27, 34, 18, 25, 35, 13, 27], "hlc": [921702, 8]}
INFO:<Node 8>:{"send": true, "recv": false, "from": 8, "to": 1, "vc": [37, 20, 22, 20, 27, 11, 16, 30, 20, 28], "hlc": [921704, 3]}
INFO:<Node 9>:{"send": true, "recv": false, "from": 9, "to": 2, "vc": [32, 20, 21, 24, 34, 18, 22, 32, 13, 31], "hlc": [921702, 8]}
INFO:<Node 1>:{"send": false, "recv": true, "to": 1, "from": 4, "vc": [36, 27, 27, 29, 41, 20, 22, 30, 18, 28], "hlc": [921704, 4]}
INFO:<Node 1>:{"send": false, "recv": true, "to": 1, "from": 8, "vc": [37, 28, 27, 29, 41, 20, 22, 30, 20, 28], "hlc": [921704, 5]}
INFO:<Node 2>:{"send": false, "recv": true, "to": 2, "from": 6, "vc": [36, 22, 29, 28, 38, 21, 28, 32, 15, 30], "hlc": [921705, 0]}
INFO:<Node 2>:{"send": false, "recv": true, "to": 2, "from": 9, "vc": [36, 22, 30, 28, 38, 21, 28, 32, 15, 31], "hlc": [921705, 1]}
INFO:<Node 4>:{"send": false, "recv": true, "to": 4, "from": 7, "vc": [36, 20, 25, 29, 42, 18, 25, 35, 18, 28], "hlc": [921704, 4]}
INFO:<Node 8>:{"send": false, "recv": true, "to": 8, "from": 1, "vc": [37, 26, 27, 26, 31, 20, 20, 30, 21, 28], "hlc": [921705, 0]}
INFO:<Node 9>:{"send": false, "recv": true, "to": 9, "from": 5, "vc": [32, 24, 21, 24, 34, 23, 22, 32, 13, 32], "hlc": [921702, 10]}
INFO:<Node 0>:{"send": true, "recv": false, "from": 0, "to": 3, "vc": [39, 20, 22, 24, 34, 18, 22, 33, 15, 23], "hlc": [921703, 0]}
INFO:<Node 1>:{"send": true, "recv": false, "from": 1, "to": 9, "vc": [37, 29, 27, 29, 41, 20, 22, 30, 20, 28], "hlc": [921704, 6]}
INFO:<Node 7>:{"send": true, "recv": false, "from": 7, "to": 3, "vc": [32, 20, 21, 27, 34, 18, 25, 36, 13, 27], "hlc": [921702, 9]}
INFO:<Node 3>:{"send": false, "recv": true, "to": 3, "from": 0, "vc": [39, 20, 22, 30, 34, 18, 22, 33, 15, 23], "hlc": [921703, 1]}
INFO:<Node 3>:{"send": false, "recv": true, "to": 3, "from": 7, "vc": [39, 20, 22, 31, 34, 18, 25, 36, 15, 27], "hlc": [921703, 2]}
INFO:<Node 9>:{"send": false, "recv": true, "to": 9, "from": 1, "vc": [37, 29, 27, 29, 41, 23, 22, 32, 20, 33], "hlc": [921704, 7]}
INFO:<Node 0>:{"send": true, "recv": false, "from": 0, "to": 1, "vc": [40, 20, 22, 24, 34, 18, 22, 33, 15, 23], "hlc": [921703, 1]}
INFO:<Node 4>:{"send": true, "recv": false, "from": 4, "to": 0, "vc": [36, 20, 25, 29, 43, 18, 25, 35, 18, 28], "hlc": [921704, 5]}
INFO:<Node 7>:{"send": true, "recv": false, "from": 7, "to": 8, "vc": [32, 20, 21, 27, 34, 18, 25, 37, 13, 27], "hlc": [921702, 10]}
INFO:<Node 9>:{"send": true, "recv": false, "from": 9, "to": 7, "vc": [37, 29, 27, 29, 41, 23, 22, 32, 20, 34], "hlc": [921704, 8]}
INFO:<Node 0>:{"send": false, "recv": true, "to": 0, "from": 4, "vc": [41, 20, 25, 29, 43, 18, 25, 35, 18, 28], "hlc": [921704, 6]}
INFO:<Node 1>:{"send": false, "recv": true, "to": 1, "from": 0, "vc": [40, 30, 27, 29, 41, 20, 22, 33, 20, 28], "hlc": [921704, 7]}
INFO:<Node 7>:{"send": false, "recv": true, "to": 7, "from": 9, "vc": [37, 29, 27, 29, 41, 23, 25, 38, 20, 34], "hlc": [921704, 9]}
INFO:<Node 8>:{"send": false, "recv": true, "to": 8, "from": 7, "vc": [37, 26, 27, 27, 34, 20, 25, 37, 22, 28], "hlc": [921706, 0]}
INFO:<Node 0>:{"send": true, "recv": false, "from": 0, "to": 6, "vc": [42, 20, 25, 29, 43, 18, 25, 35, 18, 28], "hlc": [921704, 7]}
INFO:<Node 3>:{"send": true, "recv": false, "from": 3, "to": 8, "vc": [39, 20, 22, 32, 34, 18, 25, 36, 15, 27], "hlc": [921703, 3]}
INFO:<Node 4>:{"send": true, "recv": false, "from": 4, "to": 0, "vc": [36, 20, 25, 29, 44, 18, 25, 35, 18, 28], "hlc": [921704, 6]}
INFO:<Node 6>:{"send": true, "recv": false, "from": 6, "to": 2, "vc": [32, 20, 21, 27, 34, 21, 29, 32, 13, 30], "hlc": [921702, 10]}
INFO:<Node 7>:{"send": true, "recv": false, "from": 7, "to": 3, "vc": [37, 29, 27, 29, 41, 23, 25, 39, 20, 34], "hlc": [921704, 10]}
INFO:<Node 8>:{"send": true, "recv": false, "from": 8, "to": 5, "vc": [37, 26, 27, 27, 34, 20, 25, 37, 23, 28], "hlc": [921706, 1]}
INFO:<Node 9>:{"send": true, "recv": false, "from": 9, "to": 0, "vc": [37, 29, 27, 29, 41, 23, 22, 32, 20, 35], "hlc": [921704, 9]}
INFO:<Node 0>:{"send": false, "recv": true, "to": 0, "from": 4, "vc": [43, 20, 25, 29, 44, 18, 25, 35, 18, 28], "hlc": [921705, 0]}
INFO:<Node 0>:{"send": false, "recv": true, "to": 0, "from": 9, "vc": [44, 29, 27, 29, 44, 23, 25, 35, 20, 35], "hlc": [921705, 1]}
INFO:<Node 2>:{"send": false, "recv": true, "to": 2, "from": 6, "vc": [36, 22, 31, 28, 38, 21, 29, 32, 15, 31], "hlc": [921706, 0]}
INFO:<Node 3>:{"send": false, "recv": true, "to": 3, "from": 7, "vc": [39, 29, 27, 33, 41, 23, 25, 39, 20, 34], "hlc": [921704, 11]}
INFO:<Node 5>:{"send": false, "recv": true, "to": 5, "from": 8, "vc": [37, 26, 27, 27, 34, 24, 25, 37, 23, 28], "hlc": [921706, 2]}
INFO:<Node 6>:{"send": false, "recv": true, "to": 6, "from": 0, "vc": [42, 20, 25, 29, 43, 21, 30, 35, 18, 30], "hlc": [921704, 8]}
INFO:<Node 8>:{"send": false, "recv": true, "to": 8, "from": 3, "vc": [39, 26, 27, 32, 34, 20, 25, 37, 24, 28], "hlc": [921707, 0]}
INFO:<Node 1>:{"send": true, "recv": false, "from": 1, "to": 6, "vc": [40, 31, 27, 29, 41, 20, 22, 33, 20, 28], "hlc": [921704, 8]}
INFO:<Node 3>:{"send": true, "recv": false, "from": 3, "to": 5, "vc": [39, 29, 27, 34, 41, 23, 25, 39, 20, 34], "hlc": [921704, 12]}
INFO:<Node 6>:{"send": true, "recv": false, "from": 6, "to": 4, "vc": [42, 20, 25, 29, 43, 21, 31, 35, 18, 30], "hlc": [921704, 9]}
INFO:<Node 7>:{"send": true, "recv": false, "from": 7, "to": 5, "vc": [37, 29, 27, 29, 41, 23, 25, 40, 20, 34], "hlc": [921704, 11]}
INFO:<Node 8>:{"send": true, "recv": false, "from": 8, "to": 2, "vc": [39, 26, 27, 32, 34, 20, 25, 37, 25, 28], "hlc": [921707, 1]}
INFO:<Node 9>:{"send": true, "recv": false, "from": 9, "to": 1, "vc": [37, 29, 27, 29, 41, 23, 22, 32, 20, 36], "hlc": [921704, 10]}
INFO:<Node 1>:{"send": false, "recv": true, "to": 1, "from": 9, "vc": [40, 32, 27, 29, 41, 23, 22, 33, 20, 36], "hlc": [921704, 11]}
INFO:<Node 2>:{"send": false, "recv": true, "to": 2, "from": 8, "vc": [39, 26, 32, 32, 38, 21, 29, 37, 25, 31], "hlc": [921707, 2]}
INFO:<Node 4>:{"send": false, "recv": true, "to": 4, "from": 6, "vc": [42, 20, 25, 29, 45, 21, 31, 35, 18, 30], "hlc": [921705, 0]}
INFO:<Node 5>:{"send": false, "recv": true, "to": 5, "from": 3, "vc": [39, 29, 27, 34, 41, 25, 25, 39, 23, 34], "hlc": [921706, 3]}
INFO:<Node 5>:{"send": false, "recv": true, "to": 5, "from": 7, "vc": [39, 29, 27, 34, 41, 26, 25, 40, 23, 34], "hlc": [921706, 4]}
INFO:<Node 6>:{"send": false, "recv": true, "to": 6, "from": 1, "vc": [42, 31, 27, 29, 43, 21, 32, 35, 20, 30], "hlc": [921704, 10]}
INFO:<Node 0>:{"send": true, "recv": false, "from": 0, "to": 9, "vc": [45, 29, 27, 29, 44, 23, 25, 35, 20, 35], "hlc": [921705, 2]}
INFO:<Node 2>:{"send": true, "recv": false, "from": 2, "to": 5, "vc": [39, 26, 33, 32, 38, 21, 29, 37, 25, 31], "hlc": [921707, 3]}
INFO:<Node 3>:{"send": true, "recv": false, "from": 3, "to": 9, "vc": [39, 29, 27, 35, 41, 23, 25, 39, 20, 34], "hlc": [921704, 13]}
INFO:<Node 7>:{"send": true, "recv": false, "from": 7, "to": 0, "vc": [37, 29, 27, 29, 41, 23, 25, 41, 20, 34], "hlc": [921704, 12]}
INFO:<Node 8>:{"send": true, "recv": false, "from": 8, "to": 7, "vc": [39, 26, 27, 32, 34, 20, 25, 37, 26, 28], "hlc": [921707, 2]}
INFO:<Node 9>:{"send": true, "recv": false, "from": 9, "to": 1, "vc": [37, 29, 27, 29, 41, 23, 22, 32, 20, 37], "hlc": [921704, 11]}
INFO:<Node 0>:{"send": false, "recv": true, "to": 0, "from": 7, "vc": [46, 29, 27, 29, 44, 23, 25, 41, 20, 35], "hlc": [921706, 0]}
INFO:<Node 1>:{"send": false, "recv": true, "to": 1, "from": 9, "vc": [40, 33, 27, 29, 41, 23, 22, 33, 20, 37], "hlc": [921704, 12]}
INFO:<Node 5>:{"send": false, "recv": true, "to": 5, "from": 2, "vc": [39, 29, 33, 34, 41, 27, 29, 40, 25, 34], "hlc": [921707, 4]}
INFO:<Node 7>:{"send": false, "recv": true, "to": 7, "from": 8, "vc": [39, 29, 27, 32, 41, 23, 25, 42, 26, 34], "hlc": [921707, 3]}
INFO:<Node 9>:{"send": false, "recv": true, "to": 9, "from": 0, "vc": [45, 29, 27, 29, 44, 23, 25, 35, 20, 38], "hlc": [921705, 3]}
INFO:<Node 9>:{"send": false, "recv": true, "to": 9, "from": 3, "vc": [45, 29, 27, 35, 44, 23, 25, 39, 20, 39], "hlc": [921705, 4]}
INFO:<Node 1>:{"send": true, "recv": false, "from": 1, "to": 4, "vc": [40, 34, 27, 29, 41, 23, 22, 33, 20, 37], "hlc": [921704, 13]}
INFO:<Node 2>:{"send": true, "recv": false, "from": 2, "to": 3, "vc": [39, 26, 34, 32, 38, 21, 29, 37, 25, 31], "hlc": [921707, 4]}
INFO:<Node 3>:{"send": true, "recv": false, "from": 3, "to": 7, "vc": [39, 29, 27, 36, 41, 23, 25, 39, 20, 34], "hlc": [921704, 14]}
INFO:<Node 5>:{"send": true, "recv": false, "from": 5, "to": 0, "vc": [39, 29, 33, 34, 41, 28, 29, 40, 25, 34], "hlc": [921707, 5]}
INFO:<Node 7>:{"send": true, "recv": false, "from": 7, "to": 8, "vc": [39, 29, 27, 32, 41, 23, 25, 43, 26, 34], "hlc": [921707, 4]}
INFO:<Node 9>:{"send": true, "recv": false, "from": 9, "to": 7, "vc": [45, 29, 27, 35, 44, 23, 25, 39, 20, 40], "hlc": [921705, 5]}
INFO:<Node 0>:{"send": false, "recv": true, "to": 0, "from": 5, "vc": [47, 29, 33, 34, 44, 28, 29, 41, 25, 35], "hlc": [921707, 6]}
INFO:<Node 3>:{"send": false, "recv": true, "to": 3, "from": 2, "vc": [39, 29, 34, 37, 41, 23, 29, 39, 25, 34], "hlc": [921707, 5]}
INFO:<Node 4>:{"send": false, "recv": true, "to": 4, "from": 1, "vc": [42, 34, 27, 29, 46, 23, 31, 35, 20, 37], "hlc": [921706, 0]}
INFO:<Node 7>:{"send": false, "recv": true, "to": 7, "from": 3, "vc": [39, 29, 27, 36, 41, 23, 25, 44, 26, 34], "hlc": [921707, 5]}
INFO:<Node 7>:{"send": false, "recv": true, "to": 7, "from": 9, "vc": [45, 29, 27, 36, 44, 23, 25, 45, 26, 40], "hlc": [921707, 6]}
INFO:<Node 8>:{"send": false, "recv": true, "to": 8, "from": 7, "vc": [39, 29, 27, 32, 41, 23, 25, 43, 27, 34], "hlc": [921708, 0]}
INFO:<Node 0>:{"send": true, "recv": false, "from": 0, "to": 8, "vc": [48, 29, 33, 34, 44, 28, 29, 41, 25, 35], "hlc": [921707, 7]}
INFO:<Node 1>:{"send": true, "recv": false, "from": 1, "to": 5, "vc": [40, 35, 27, 29, 41, 23, 22, 33, 20, 37], "hlc": [921705, 0]}
INFO:<Node 2>:{"send": true, "recv": false, "from": 2, "to": 3, "vc": [39, 26, 35, 32, 38, 21, 29, 37, 25, 31], "hlc": [921708, 0]}
INFO:<Node 4>:{"send": true, "recv": false, "from": 4, "to": 7, "vc": [42, 34, 27, 29, 47, 23, 31, 35, 20, 37], "hlc": [921706, 1]}
INFO:<Node 5>:{"send": true, "recv": false, "from": 5, "to": 4, "vc": [39, 29, 33, 34, 41, 29, 29, 40, 25, 34], "hlc": [921707, 6]}
INFO:<Node 6>:{"send": true, "recv": false, "from": 6, "to": 0, "vc": [42, 31, 27, 29, 43, 21, 33, 35, 20, 30], "hlc": [921704, 11]}
INFO:<Node 9>:{"send": true, "recv": false, "from": 9, "to": 2, "vc": [45, 29, 27, 35, 44, 23, 25, 39, 20, 41], "hlc": [921705, 6]}
INFO:<Node 0>:{"send": false, "recv": true, "to": 0, "from": 6, "vc": [49, 31, 33, 34, 44, 28, 33, 41, 25, 35], "hlc": [921707, 8]}
INFO:<Node 2>:{"send": false, "recv": true, "to": 2, "from": 9, "vc": [45, 29, 36, 35, 44, 23, 29, 39, 25, 41], "hlc": [921708, 1]}
INFO:<Node 3>:{"send": false, "recv": true, "to": 3, "from": 2, "vc": [39, 29, 35, 38, 41, 23, 29, 39, 25, 34], "hlc": [921708, 1]}
INFO:<Node 4>:{"send": false, "recv": true, "to": 4, "from": 5, "vc": [42, 34, 33, 34, 48, 29, 31, 40, 25, 37], "hlc": [921707, 7]}
INFO:<Node 5>:{"send": false, "recv": true, "to": 5, "from": 1, "vc": [40, 35, 33, 34, 41, 30, 29, 40, 25, 37], "hlc": [921707, 7]}
INFO:<Node 7>:{"send": false, "recv": true, "to": 7, "from": 4, "vc": [45, 34, 27, 36, 47, 23, 31, 46, 26, 40], "hlc": [921707, 7]}
INFO:<Node 8>:{"send": false, "recv": true, "to": 8, "from": 0, "vc": [48, 29, 33, 34, 44, 28, 29, 43, 28, 35], "hlc": [921709, 0]}
INFO:<Node 3>:{"send": true, "recv": false, "from": 3, "to": 6, "vc": [39, 29, 35, 39, 41, 23, 29, 39, 25, 34], "hlc": [921708, 2]}
INFO:<Node 4>:{"send": true, "recv": false, "from": 4, "to": 0, "vc": [42, 34, 33, 34, 49, 29, 31, 40, 25, 37], "hlc": [921707, 8]}
INFO:<Node 5>:{"send": true, "recv": false, "from": 5, "to": 8, "vc": [40, 35, 33, 34, 41, 31, 29, 40, 25, 37], "hlc": [921707, 8]}
INFO:<Node 6>:{"send": true, "recv": false, "from": 6, "to": 4, "vc": [42, 31, 27, 29, 43, 21, 34, 35, 20, 30], "hlc": [921705, 0]}
INFO:<Node 8>:{"send": true, "recv": false, "from": 8, "to": 2, "vc": [48, 29, 33, 34, 44, 28, 29, 43, 29, 35], "hlc": [921709, 1]}
INFO:<Node 0>:{"send": false, "recv": true, "to": 0, "from": 4, "vc": [50, 34, 33, 34, 49, 29, 33, 41, 25, 37], "hlc": [921707, 9]}
INFO:<Node 2>:{"send": false, "recv": true, "to": 2, "from": 8, "vc": [48, 29, 37, 35, 44, 28, 29, 43, 29, 41], "hlc": [921709, 2]}
INFO:<Node 4>:{"send": false, "recv": true, "to": 4, "from": 6, "vc": [42, 34, 33, 34, 50, 29, 34, 40, 25, 37], "hlc": [921707, 9]}
INFO:<Node 6>:{"send": false, "recv": true, "to": 6, "from": 3, "vc": [42, 31, 35, 39, 43, 23, 35, 39, 25, 34], "hlc": [921708, 3]}
INFO:<Node 8>:{"send": false, "recv": true, "to": 8, "from": 5, "vc": [48, 35, 33, 34, 44, 31, 29, 43, 30, 37], "hlc": [921709, 2]}
INFO:<Node 1>:{"send": true, "recv": false, "from": 1, "to": 5, "vc": [40, 36, 27, 29, 41, 23, 22, 33, 20, 37], "hlc": [921706, 0]}
INFO:<Node 4>:{"send": true, "recv": false, "from": 4, "to": 9, "vc": [42, 34, 33, 34, 51, 29, 34, 40, 25, 37], "hlc": [921707, 10]}
INFO:<Node 6>:{"send": true, "recv": false, "from": 6, "to": 5, "vc": [42, 31, 35, 39, 43, 23, 36, 39, 25, 34], "hlc": [921708, 4]}
INFO:<Node 8>:{"send": true, "recv": false, "from": 8, "to": 5, "vc": [48, 35, 33, 34, 44, 31, 29, 43, 31, 37], "hlc": [921709, 3]}
INFO:<Node 5>:{"send": false, "recv": true, "to": 5, "from": 1, "vc": [40, 36, 33, 34, 41, 32, 29, 40, 25, 37], "hlc": [921707, 9]}
INFO:<Node 5>:{"send": false, "recv": true, "to": 5, "from": 6, "vc": [42, 36, 35, 39, 43, 33, 36, 40, 25, 37], "hlc": [921708, 5]}
INFO:<Node 5>:{"send": false, "recv": true, "to": 5, "from": 8, "vc": [48, 36, 35, 39, 44, 34, 36, 43, 31, 37], "hlc": [921709, 4]}
INFO:<Node 9>:{"send": false, "recv": true, "to": 9, "from": 4, "vc": [45, 34, 33, 35, 51, 29, 34, 40, 25, 42], "hlc": [921707, 11]}
INFO:<Node 2>:{"send": true, "recv": false, "from": 2, "to": 3, "vc": [48, 29, 38, 35, 44, 28, 29, 43, 29, 41], "hlc": [921709, 3]}
INFO:<Node 4>:{"send": true, "recv": false, "from": 4, "to": 6, "vc": [42, 34, 33, 34, 52, 29, 34, 40, 25, 37], "hlc": [921707, 11]}
INFO:<Node 5>:{"send": true, "recv": false, "from": 5, "to": 6, "vc": [48, 36, 35, 39, 44, 35, 36, 43, 31, 37], "hlc": [921709, 5]}
INFO:<Node 3>:{"send": false, "recv": true, "to": 3, "from": 2, "vc": [48, 29, 38, 40, 44, 28, 29, 43, 29, 41], "hlc": [921709, 4]}
INFO:<Node 6>:{"send": false, "recv": true, "to": 6, "from": 4, "vc": [42, 34, 35, 39, 52, 29, 37, 40, 25, 37], "hlc": [921708, 5]}
INFO:<Node 6>:{"send": false, "recv": true, "to": 6, "from": 5, "vc": [48, 36, 35, 39, 52, 35, 38, 43, 31, 37], "hlc": [921709, 6]}
INFO:<Node 1>:{"send": true, "recv": false, "from": 1, "to": 6, "vc": [40, 37, 27, 29, 41, 23, 22, 33, 20, 37], "hlc": [921707, 0]}
INFO:<Node 2>:{"send": true, "recv": false, "from": 2, "to": 8, "vc": [48, 29, 39, 35, 44, 28, 29, 43, 29, 41], "hlc": [921710, 0]}
INFO:<Node 4>:{"send": true, "recv": false, "from": 4, "to": 1, "vc": [42, 34, 33, 34, 53, 29, 34, 40, 25, 37], "hlc": [921708, 0]}
INFO:<Node 5>:{"send": true, "recv": false, "from": 5, "to": 2, "vc": [48, 36, 35, 39, 44, 36, 36, 43, 31, 37], "hlc": [921709, 6]}
INFO:<Node 8>:{"send": true, "recv": false, "from": 8, "to": 6, "vc": [48, 35, 33, 34, 44, 31, 29, 43, 32, 37], "hlc": [921710, 0]}
INFO:<Node 1>:{"send": false, "recv": true, "to": 1, "from": 4, "vc": [42, 38, 33, 34, 53, 29, 34, 40, 25, 37], "hlc": [921708, 1]}
INFO:<Node 2>:{"send": false, "recv": true, "to": 2, "from": 5, "vc": [48, 36, 40, 39, 44, 36, 36, 43, 31, 41], "hlc": [921710, 1]}
INFO:<Node 6>:{"send": false, "recv": true, "to": 6, "from": 1, "vc": [48, 37, 35, 39, 52, 35, 39, 43, 31, 37], "hlc": [921709, 7]}
INFO:<Node 6>:{"send": false, "recv": true, "to": 6, "from": 8, "vc": [48, 37, 35, 39, 52, 35, 40, 43, 32, 37], "hlc": [921710, 1]}
INFO:<Node 8>:{"send": false, "recv": true, "to": 8, "from": 2, "vc": [48, 35, 39, 35, 44, 31, 29, 43, 33, 41], "hlc": [921711, 0]}
INFO:<Node 1>:{"send": true, "recv": false, "from": 1, "to": 3, "vc": [42, 39, 33, 34, 53, 29, 34, 40, 25, 37], "hlc": [921708, 2]}
INFO:<Node 2>:{"send": true, "recv": false, "from": 2, "to": 4, "vc": [48, 36, 41, 39, 44, 36, 36, 43, 31, 41], "hlc": [921710, 2]}
INFO:<Node 3>:{"send": true, "recv": false, "from": 3, "to": 7, "vc": [48, 29, 38, 41, 44, 28, 29, 43, 29, 41], "hlc": [921709, 5]}
INFO:<Node 5>:{"send": true, "recv": false, "from": 5, "to": 0, "vc": [48, 36, 35, 39, 44, 37, 36, 43, 31, 37], "hlc": [921709, 7]}
INFO:<Node 6>:{"send": true, "recv": false, "from": 6, "to": 3, "vc": [48, 37, 35, 39, 52, 35, 41, 43, 32, 37], "hlc": [921710, 2]}
INFO:<Node 8>:{"send": true, "recv": false, "from": 8, "to": 5, "vc": [48, 35, 39, 35, 44, 31, 29, 43, 34, 41], "hlc": [921711, 1]}
INFO:<Node 0>:{"send": false, "recv": true, "to": 0, "from": 5, "vc": [51, 36, 35, 39, 49, 37, 36, 43, 31, 37], "hlc": [921709, 8]}
INFO:<Node 3>:{"send": false, "recv": true, "to": 3, "from": 1, "vc": [48, 39, 38, 42, 53, 29, 34, 43, 29, 41], "hlc": [921709, 6]}
INFO:<Node 3>:{"send": false, "recv": true, "to": 3, "from": 6, "vc": [48, 39, 38, 43, 53, 35, 41, 43, 32, 41], "hlc": [921710, 3]}
INFO:<Node 4>:{"send": false, "recv": true, "to": 4, "from": 2, "vc": [48, 36, 41, 39, 54, 36, 36, 43, 31, 41], "hlc": [921710, 3]}
INFO:<Node 5>:{"send": false, "recv": true, "to": 5, "from": 8, "vc": [48, 36, 39, 39, 44, 38, 36, 43, 34, 41], "hlc": [921711, 2]}
INFO:<Node 7>:{"send": false, "recv": true, "to": 7, "from": 3, "vc": [48, 34, 38, 41, 47, 28, 31, 47, 29, 41], "hlc": [921709, 6]}
INFO:<Node 0>:{"send": true, "recv": false, "from": 0, "to": 6, "vc": [52, 36, 35, 39, 49, 37, 36, 43, 31, 37], "hlc": [921709, 9]}
INFO:<Node 1>:{"send": true, "recv": false, "from": 1, "to": 6, "vc": [42, 40, 33, 34, 53, 29, 34, 40, 25, 37], "hlc": [921708, 3]}
INFO:<Node 2>:{"send": true, "recv": false, "from": 2, "to": 8, "vc": [48, 36, 42, 39, 44, 36, 36, 43, 31, 41], "hlc": [921711, 0]}
INFO:<Node 3>:{"send": true, "recv": false, "from": 3, "to": 6, "vc": [48, 39, 38, 44, 53, 35, 41, 43, 32, 41], "hlc": [921710, 4]}
INFO:<Node 6>:{"send": true, "recv": false, "from": 6, "to": 8, "vc": [48, 37, 35, 39, 52, 35, 42, 43, 32, 37], "hlc": [921710, 3]}
INFO:<Node 7>:{"send": true, "recv": false, "from": 7, "to": 4, "vc": [48, 34, 38, 41, 47, 28, 31, 48, 29, 41], "hlc": [921709, 7]}
INFO:<Node 8>:{"send": true, "recv": false, "from": 8, "to": 3, "vc": [48, 35, 39, 35, 44, 31, 29, 43, 35, 41], "hlc": [921711, 2]}
INFO:<Node 3>:{"send": false, "recv": true, "to": 3, "from": 8, "vc": [48, 39, 39, 45, 53, 35, 41, 43, 35, 41], "hlc": [921711, 3]}
INFO:<Node 4>:{"send": false, "recv": true, "to": 4, "from": 7, "vc": [48, 36, 41, 41, 55, 36, 36, 48, 31, 41], "hlc": [921710, 4]}
INFO:<Node 6>:{"send": false, "recv": true, "to": 6, "from": 0, "vc": [52, 37, 35, 39, 52, 37, 43, 43, 32, 37], "hlc": [921710, 4]}
INFO:<Node 6>:{"send": false, "recv": true, "to": 6, "from": 1, "vc": [52, 40, 35, 39, 53, 37, 44, 43, 32, 37], "hlc": [921710, 5]}
INFO:<Node 6>:{"send": false, "recv": true, "to": 6, "from": 3, "vc": [52, 40, 38, 44, 53, 37, 45, 43, 32, 41], "hlc": [921710, 6]}
INFO:<Node 8>:{"send": false, "recv": true, "to": 8, "from": 2, "vc": [48, 36, 42, 39, 44, 36, 36, 43, 36, 41], "hlc": [921712, 0]}
INFO:<Node 8>:{"send": false, "recv": true, "to": 8, "from": 6, "vc": [48, 37, 42, 39, 52, 36, 42, 43, 37, 41], "hlc": [921712, 1]}
INFO:<Node 1>:{"send": true, "recv": false, "from": 1, "to": 2, "vc": [42, 41, 33, 34, 53, 29, 34, 40, 25, 37], "hlc": [921708, 4]}
INFO:<Node 3>:{"send": true, "recv": false, "from": 3, "to": 4, "vc": [48, 39, 39, 46, 53, 35, 41, 43, 35, 41], "hlc": [921711, 4]}
INFO:<Node 4>:{"send": true, "recv": false, "from": 4, "to": 7, "vc": [48, 36, 41, 41, 56, 36, 36, 48, 31, 41], "hlc": [921710, 5]}
INFO:<Node 6>:{"send": true, "recv": false, "from": 6, "to": 2, "vc": [52, 40, 38, 44, 53, 37, 46, 43, 32, 41], "hlc": [921710, 7]}
INFO:<Node 7>:{"send": true, "recv": false, "from": 7, "to": 8, "vc": [48, 34, 38, 41, 47, 28, 31, 49, 29, 41], "hlc": [921709, 8]}
INFO:<Node 8>:{"send": true, "recv": false, "from": 8, "to": 0, "vc": [48, 37, 42, 39, 52, 36, 42, 43, 38, 41], "hlc": [921712, 2]}
INFO:<Node 0>:{"send": false, "recv": true, "to": 0, "from": 8, "vc": [53, 37, 42, 39, 52, 37, 42, 43, 38, 41], "hlc": [921712, 3]}
INFO:<Node 2>:{"send": false, "recv": true, "to": 2, "from": 1, "vc": [48, 41, 43, 39, 53, 36, 36, 43, 31, 41], "hlc": [921712, 0]}
INFO:<Node 2>:{"send": false, "recv": true, "to": 2, "from": 6, "vc": [52, 41, 44, 44, 53, 37, 46, 43, 32, 41], "hlc": [921712, 1]}
INFO:<Node 4>:{"send": false, "recv": true, "to": 4, "from": 3, "vc": [48, 39, 41, 46, 57, 36, 41, 48, 35, 41], "hlc": [921711, 5]}
INFO:<Node 7>:{"send": false, "recv": true, "to": 7, "from": 4, "vc": [48, 36, 41, 41, 56, 36, 36, 50, 31, 41], "hlc": [921710, 6]}
INFO:<Node 8>:{"send": false, "recv": true, "to": 8, "from": 7, "vc": [48, 37, 42, 41, 52, 36, 42, 49, 39, 41], "hlc": [921712, 3]}
INFO:<Node 1>:{"send": true, "recv": false, "from": 1, "to": 6, "vc": [42, 42, 33, 34, 53, 29, 34, 40, 25, 37], "hlc": [921709, 0]}
INFO:<Node 2>:{"send": true, "recv": false, "from": 2, "to": 9, "vc": [52, 41, 45, 44, 53, 37, 46, 43, 32, 41], "hlc": [921712, 2]}
INFO:<Node 4>:{"send": true, "recv": false, "from": 4, "to": 1, "vc": [48, 39, 41, 46, 58, 36, 41, 48, 35, 41], "hlc": [921711, 6]}
INFO:<Node 6>:{"send": true, "recv": false, "from": 6, "to": 1, "vc": [52, 40, 38, 44, 53, 37, 47, 43, 32, 41], "hlc": [921710, 8]}
INFO:<Node 7>:{"send": true, "recv": false, "from": 7, "to": 8, "vc": [48, 36, 41, 41, 56, 36, 36, 51, 31, 41], "hlc": [921710, 7]}
INFO:<Node 8>:{"send": true, "recv": false, "from": 8, "to": 5, "vc": [48, 37, 42, 41, 52, 36, 42, 49, 40, 41], "hlc": [921712, 4]}
INFO:<Node 9>:{"send": true, "recv": false, "from": 9, "to": 4, "vc": [45, 34, 33, 35, 51, 29, 34, 40, 25, 43], "hlc": [921707, 12]}
INFO:<Node 1>:{"send": false, "recv": true, "to": 1, "from": 4, "vc": [48, 43, 41, 46, 58, 36, 41, 48, 35, 41], "hlc": [921711, 7]}
INFO:<Node 1>:{"send": false, "recv": true, "to": 1, "from": 6, "vc": [52, 44, 41, 46, 58, 37, 47, 48, 35, 41], "hlc": [921711, 8]}
INFO:<Node 4>:{"send": false, "recv": true, "to": 4, "from": 9, "vc": [48, 39, 41, 46, 59, 36, 41, 48, 35, 43], "hlc": [921711, 7]}
INFO:<Node 5>:{"send": false, "recv": true, "to": 5, "from": 8, "vc": [48, 37, 42, 41, 52, 39, 42, 49, 40, 41], "hlc": [921712, 5]}
INFO:<Node 6>:{"send": false, "recv": true, "to": 6, "from": 1, "vc": [52, 42, 38, 44, 53, 37, 48, 43, 32, 41], "hlc": [921710, 9]}
INFO:<Node 8>:{"send": false, "recv": true, "to": 8, "from": 7, "vc": [48, 37, 42, 41, 56, 36, 42, 51, 41, 41], "hlc": [921713, 0]}
INFO:<Node 9>:{"send": false, "recv": true, "to": 9, "from": 2, "vc": [52, 41, 45, 44, 53, 37, 46, 43, 32, 44], "hlc": [921712, 3]}
INFO:<Node 3>:{"send": true, "recv": false, "from": 3, "to": 5, "vc": [48, 39, 39, 47, 53, 35, 41, 43, 35, 41], "hlc": [921711, 5]}
INFO:<Node 4>:{"send": true, "recv": false, "from": 4, "to": 0, "vc": [48, 39, 41, 46, 60, 36, 41, 48, 35, 43], "hlc": [921711, 8]}
INFO:<Node 6>:{"send": true, "recv": false, "from": 6, "to": 2, "vc": [52, 42, 38, 44, 53, 37, 49, 43, 32, 41], "hlc": [921710, 10]}
INFO:<Node 8>:{"send": true, "recv": false, "from": 8, "to": 2, "vc": [48, 37, 42, 41, 56, 36, 42, 51, 42, 41], "hlc": [921713, 1]}
INFO:<Node 9>:{"send": true, "recv": false, "from": 9, "to": 0, "vc": [52, 41, 45, 44, 53, 37, 46, 43, 32, 45], "hlc": [921712, 4]}
INFO:<Node 0>:{"send": false, "recv": true, "to": 0, "from": 4, "vc": [54, 39, 42, 46, 60, 37, 42, 48, 38, 43], "hlc": [921712, 4]}
INFO:<Node 0>:{"send": false, "recv": true, "to": 0, "from": 9, "vc": [55, 41, 45, 46, 60, 37, 46, 48, 38, 45], "hlc": [921712, 5]}
INFO:<Node 2>:{"send": false, "recv": true, "to": 2, "from": 6, "vc": [52, 42, 46, 44, 53, 37, 49, 43, 32, 41], "hlc": [921713, 0]}
INFO:<Node 2>:{"send": false, "recv": true, "to": 2, "from": 8, "vc": [52, 42, 47, 44, 56, 37, 49, 51, 42, 41], "hlc": [921713, 2]}
INFO:<Node 5>:{"send": false, "recv": true, "to": 5, "from": 3, "vc": [48, 39, 42, 47, 53, 40, 42, 49, 40, 41], "hlc": [921712, 6]}
INFO:<Node 0>:{"send": true, "recv": false, "from": 0, "to": 2, "vc": [56, 41, 45, 46, 60, 37, 46, 48, 38, 45], "hlc": [921712, 6]}
INFO:<Node 1>:{"send": true, "recv": false, "from": 1, "to": 8, "vc": [52, 45, 41, 46, 58, 37, 47, 48, 35, 41], "hlc": [921711, 9]}
INFO:<Node 2>:{"send": true, "recv": false, "from": 2, "to": 8, "vc": [52, 42, 48, 44, 56, 37, 49, 51, 42, 41], "hlc": [921713, 3]}
INFO:<Node 3>:{"send": true, "recv": false, "from": 3, "to": 4, "vc": [48, 39, 39, 48, 53, 35, 41, 43, 35, 41], "hlc": [921711, 6]}
INFO:<Node 7>:{"send": true, "recv": false, "from": 7, "to": 9, "vc": [48, 36, 41, 41, 56, 36, 36, 52, 31, 41], "hlc": [921710, 8]}
INFO:<Node 8>:{"send": true, "recv": false, "from": 8, "to": 5, "vc": [48, 37, 42, 41, 56, 36, 42, 51, 43, 41], "hlc": [921713, 2]}
INFO:<Node 9>:{"send": true, "recv": false, "from": 9, "to": 6, "vc": [52, 41, 45, 44, 53, 37, 46, 43, 32, 46], "hlc": [921712, 5]}
INFO:<Node 2>:{"send": false, "recv": true, "to": 2, "from": 0, "vc": [56, 42, 49, 46, 60, 37, 49, 51, 42, 45], "hlc": [921713, 4]}
INFO:<Node 4>:{"send": false, "recv": true, "to": 4, "from": 3, "vc": [48, 39, 41, 48, 61, 36, 41, 48, 35, 43], "hlc": [921711, 9]}
INFO:<Node 5>:{"send": false, "recv": true, "to": 5, "from": 8, "vc": [48, 39, 42, 47, 56, 41, 42, 51, 43, 41], "hlc": [921713, 3]}
INFO:<Node 6>:{"send": false, "recv": true, "to": 6, "from": 9, "vc": [52, 42, 45, 44, 53, 37, 50, 43, 32, 46], "hlc": [921712, 6]}
INFO:<Node 8>:{"send": false, "recv": true, "to": 8, "from": 1, "vc": [52, 45, 42, 46, 58, 37, 47, 51, 44, 41], "hlc": [921714, 0]}
INFO:<Node 8>:{"send": false, "recv": true, "to": 8, "from": 2, "vc": [52, 45, 48, 46, 58, 37, 49, 51, 45, 41], "hlc": [921714, 1]}
INFO:<Node 9>:{"send": false, "recv": true, "to": 9, "from": 7, "vc": [52, 41, 45, 44, 56, 37, 46, 52, 32, 47], "hlc": [921712, 6]}
INFO:<Node 0>:{"send": true, "recv": false, "from": 0, "to": 6, "vc": [57, 41, 45, 46, 60, 37, 46, 48, 38, 45], "hlc": [921712, 7]}
INFO:<Node 1>:{"send": true, "recv": false, "from": 1, "to": 2, "vc": [52, 46, 41, 46, 58, 37, 47, 48, 35, 41], "hlc": [921711, 10]}
INFO:<Node 2>:{"send": true, "recv": false, "from": 2, "to": 8, "vc": [56, 42, 50, 46, 60, 37, 49, 51, 42, 45], "hlc": [921713, 5]}
INFO:<Node 3>:{"send": true, "recv": false, "from": 3, "to": 8, "vc": [48, 39, 39, 49, 53, 35, 41, 43, 35, 41], "hlc": [921711, 7]}
INFO:<Node 4>:{"send": true, "recv": false, "from": 4, "to": 9, "vc": [48, 39, 41, 48, 62, 36, 41, 48, 35, 43], "hlc": [921711, 10]}
INFO:<Node 6>:{"send": true, "recv": false, "from": 6, "to": 4, "vc": [52, 42, 45, 44, 53, 37, 51, 43, 32, 46], "hlc": [921712, 7]}
INFO:<Node 7>:{"send": true, "recv": false, "from": 7, "to": 9, "vc": [48, 36, 41, 41, 56, 36, 36, 53, 31, 41], "hlc": [921710, 9]}
INFO:<Node 8>:{"send": true, "recv": false, "from": 8, "to": 0, "vc": [52, 45, 48, 46, 58, 37, 49, 51, 46, 41], "hlc": [921714, 2]}
INFO:<Node 0>:{"send": false, "recv": true, "to": 0, "from": 8, "vc": [58, 45, 48, 46, 60, 37, 49, 51, 46, 45], "hlc": [921714, 3]}
INFO:<Node 2>:{"send": false, "recv": true, "to": 2, "from": 1, "vc": [56, 46, 51, 46, 60, 37, 49, 51, 42, 45], "hlc": [921714, 0]}
INFO:<Node 4>:{"send": false, "recv": true, "to": 4, "from": 6, "vc": [52, 42, 45, 48, 63, 37, 51, 48, 35, 46], "hlc": [921712, 8]}
INFO:<Node 6>:{"send": false, "recv": true, "to": 6, "from": 0, "vc": [57, 42, 45, 46, 60, 37, 52, 48, 38, 46], "hlc": [921712, 8]}
INFO:<Node 8>:{"send": false, "recv": true, "to": 8, "from": 2, "vc": [56, 45, 50, 46, 60, 37, 49, 51, 47, 45], "hlc": [921714, 3]}
INFO:<Node 8>:{"send": false, "recv": true, "to": 8, "from": 3, "vc": [56, 45, 50, 49, 60, 37, 49, 51, 48, 45], "hlc": [921714, 4]}
INFO:<Node 9>:{"send": false, "recv": true, "to": 9, "from": 4, "vc": [52, 41, 45, 48, 62, 37, 46, 52, 35, 48], "hlc": [921712, 7]}
INFO:<Node 9>:{"send": false, "recv": true, "to": 9, "from": 7, "vc": [52, 41, 45, 48, 62, 37, 46, 53, 35, 49], "hlc": [921712, 8]}
INFO:<Node 3>:{"send": true, "recv": false, "from": 3, "to": 9, "vc": [48, 39, 39, 50, 53, 35, 41, 43, 35, 41], "hlc": [921711, 8]}
INFO:<Node 4>:{"send": true, "recv": false, "from": 4, "to": 2, "vc": [52, 42, 45, 48, 64, 37, 51, 48, 35, 46], "hlc": [921712, 9]}
INFO:<Node 9>:{"send": true, "recv": false, "from": 9, "to": 7, "vc": [52, 41, 45, 48, 62, 37, 46, 53, 35, 50], "hlc": [921712, 9]}
INFO:<Node 2>:{"send": false, "recv": true, "to": 2, "from": 4, "vc": [56, 46, 52, 48, 64, 37, 51, 51, 42, 46], "hlc": [921714, 1]}
INFO:<Node 7>:{"send": false, "recv": true, "to": 7, "from": 9, "vc": [52, 41, 45, 48, 62, 37, 46, 54, 35, 50], "hlc": [921712, 10]}
INFO:<Node 9>:{"send": false, "recv": true, "to": 9, "from": 3, "vc": [52, 41, 45, 50, 62, 37, 46, 53, 35, 51], "hlc": [921712, 10]}
INFO:<Node 0>:{"send": true, "recv": false, "from": 0, "to": 3, "vc": [59, 45, 48, 46, 60, 37, 49, 51, 46, 45], "hlc": [921714, 4]}
INFO:<Node 1>:{"send": true, "recv": false, "from": 1, "to": 9, "vc": [52, 47, 41, 46, 58, 37, 47, 48, 35, 41], "hlc": [921711, 11]}
INFO:<Node 2>:{"send": true, "recv": false, "from": 2, "to": 3, "vc": [56, 46, 53, 48, 64, 37, 51, 51, 42, 46], "hlc": [921714, 2]}
INFO:<Node 4>:{"send": true, "recv": false, "from": 4, "to": 1, "vc": [52, 42, 45, 48, 65, 37, 51, 48, 35, 46], "hlc": [921712, 10]}
INFO:<Node 6>:{"send": true, "recv": false, "from": 6, "to": 1, "vc": [57, 42, 45, 46, 60, 37, 53, 48, 38, 46], "hlc": [921712, 9]}
INFO:<Node 7>:{"send": true, "recv": false, "from": 7, "to": 4, "vc": [52, 41, 45, 48, 62, 37, 46, 55, 35, 50], "hlc": [921712, 11]}
INFO:<Node 8>:{"send": true, "recv": false, "from": 8, "to": 3, "vc": [56, 45, 50, 49, 60, 37, 49, 51, 49, 45], "hlc": [921715, 0]}
INFO:<Node 9>:{"send": true, "recv": false, "from": 9, "to": 2, "vc": [52, 41, 45, 50, 62, 37, 46, 53, 35, 52], "hlc": [921712, 11]}
INFO:<Node 1>:{"send": false, "recv": true, "to": 1, "from": 4, "vc": [52, 48, 45, 48, 65, 37, 51, 48, 35, 46], "hlc": [921712, 11]}
INFO:<Node 1>:{"send": false, "recv": true, "to": 1, "from": 6, "vc": [57, 49, 45, 48, 65, 37, 53, 48, 38, 46], "hlc": [921712, 12]}
INFO:<Node 2>:{"send": false, "recv": true, "to": 2, "from": 9, "vc": [56, 46, 54, 50, 64, 37, 51, 53, 42, 52], "hlc": [921715, 0]}
INFO:<Node 3>:{"send": false, "recv": true, "to": 3, "from": 0, "vc": [59, 45, 48, 51, 60, 37, 49, 51, 46, 45], "hlc": [921714, 5]}
INFO:<Node 3>:{"send": false, "recv": true, "to": 3, "from": 2, "vc": [59, 46, 53, 52, 64, 37, 51, 51, 46, 46], "hlc": [921714, 6]}
INFO:<Node 3>:{"send": false, "recv": true, "to": 3, "from": 8, "vc": [59, 46, 53, 53, 64, 37, 51, 51, 49, 46], "hlc": [921715, 1]}
INFO:<Node 4>:{"send": false, "recv": true, "to": 4, "from": 7, "vc": [52, 42, 45, 48, 66, 37, 51, 55, 35, 50], "hlc": [921713, 0]}
INFO:<Node 9>:{"send": false, "recv": true, "to": 9, "from": 1, "vc": [52, 47, 45, 50, 62, 37, 47, 53, 35, 53], "hlc": [921712, 12]}
INFO:<Node 0>:{"send": true, "recv": false, "from": 0, "to": 3, "vc": [60, 45, 48, 46, 60, 37, 49, 51, 46, 45], "hlc": [921714, 5]}
INFO:<Node 1>:{"send": true, "recv": false, "from": 1, "to": 6, "vc": [57, 50, 45, 48, 65, 37, 53, 48, 38, 46], "hlc": [921712, 13]}
INFO:<Node 2>:{"send": true, "recv": false, "from": 2, "to": 0, "vc": [56, 46, 55, 50, 64, 37, 51, 53, 42, 52], "hlc": [921715, 1]}
INFO:<Node 4>:{"send": true, "recv": false, "from": 4, "to": 9, "vc": [52, 42, 45, 48, 67, 37, 51, 55, 35, 50], "hlc": [921713, 1]}
INFO:<Node 6>:{"send": true, "recv": false, "from": 6, "to": 5, "vc": [57, 42, 45, 46, 60, 37, 54, 48, 38, 46], "hlc": [921712, 10]}
INFO:<Node 7>:{"send": true, "recv": false, "from": 7, "to": 6, "vc": [52, 41, 45, 48, 62, 37, 46, 56, 35, 50], "hlc": [921712, 12]}
INFO:<Node 9>:{"send": true, "recv": false, "from": 9, "to": 8, "vc": [52, 47, 45, 50, 62, 37, 47, 53, 35, 54], "hlc": [921712, 13]}
INFO:<Node 0>:{"send": false, "recv": true, "to": 0, "from": 2, "vc": [61, 46, 55, 50, 64, 37, 51, 53, 46, 52], "hlc": [921715, 2]}
INFO:<Node 3>:{"send": false, "recv": true, "to": 3, "from": 0, "vc": [60, 46, 53, 54, 64, 37, 51, 51, 49, 46], "hlc": [921715, 2]}
INFO:<Node 5>:{"send": false, "recv": true, "to": 5, "from": 6, "vc": [57, 42, 45, 47, 60, 42, 54, 51, 43, 46], "hlc": [921713, 4]}
INFO:<Node 6>:{"send": false, "recv": true, "to": 6, "from": 1, "vc": [57, 50, 45, 48, 65, 37, 55, 48, 38, 46], "hlc": [921712, 14]}
INFO:<Node 6>:{"send": false, "recv": true, "to": 6, "from": 7, "vc": [57, 50, 45, 48, 65, 37, 56, 56, 38, 50], "hlc": [921712, 15]}
INFO:<Node 8>:{"send": false, "recv": true, "to": 8, "from": 9, "vc": [56, 47, 50, 50, 62, 37, 49, 53, 50, 54], "hlc": [921716, 0]}
INFO:<Node 9>:{"send": false, "recv": true, "to": 9, "from": 4, "vc": [52, 47, 45, 50, 67, 37, 51, 55, 35, 55], "hlc": [921713, 2]}
INFO:<Node 0>:{"send": true, "recv": false, "from": 0, "to": 6, "vc": [62, 46, 55, 50, 64, 37, 51, 53, 46, 52], "hlc": [921715, 3]}
INFO:<Node 1>:{"send": true, "recv": false, "from": 1, "to": 6, "vc": [57, 51, 45, 48, 65, 37, 53, 48, 38, 46], "hlc": [921712, 14]}
INFO:<Node 2>:{"send": true, "recv": false, "from": 2, "to": 1, "vc": [56, 46, 56, 50, 64, 37, 51, 53, 42, 52], "hlc": [921715, 2]}
INFO:<Node 5>:{"send": true, "recv": false, "from": 5, "to": 1, "vc": [57, 42, 45, 47, 60, 43, 54, 51, 43, 46], "hlc": [921713, 5]}
INFO:<Node 6>:{"send": true, "recv": false, "from": 6, "to": 3, "vc": [57, 50, 45, 48, 65, 37, 57, 56, 38, 50], "hlc": [921712, 16]}
INFO:<Node 7>:{"send": true, "recv": false, "from": 7, "to": 1, "vc": [52, 41, 45, 48, 62, 37, 46, 57, 35, 50], "hlc": [921712, 13]}
INFO:<Node 9>:{"send": true, "recv": false, "from": 9, "to": 6, "vc": [52, 47, 45, 50, 67, 37, 51, 55, 35, 56], "hlc": [921713, 3]}
INFO:<Node 1>:{"send": false, "recv": true, "to": 1, "from": 2, "vc": [57, 52, 56, 50, 65, 37, 53, 53, 42, 52], "hlc": [921715, 3]}
INFO:<Node 1>:{"send": false, "recv": true, "to": 1, "from": 5, "vc": [57, 53, 56, 50, 65, 43, 54, 53, 43, 52], "hlc": [921715, 4]}
INFO:<Node 1>:{"send": false, "recv": true, "to": 1, "from": 7, "vc": [57, 54, 56, 50, 65, 43, 54, 57, 43, 52], "hlc": [921715, 5]}
INFO:<Node 3>:{"send": false, "recv": true, "to": 3, "from": 6, "vc": [60, 50, 53, 55, 65, 37, 57, 56, 49, 50], "hlc": [921715, 3]}
INFO:<Node 6>:{"send": false, "recv": true, "to": 6, "from": 0, "vc": [62, 50, 55, 50, 65, 37, 58, 56, 46, 52], "hlc": [921715, 4]}
INFO:<Node 6>:{"send": false, "recv": true, "to": 6, "from": 1, "vc": [62, 51, 55, 50, 65, 37, 59, 56, 46, 52], "hlc": [921715, 5]}
INFO:<Node 6>:{"send": false, "recv": true, "to": 6, "from": 9, "vc": [62, 51, 55, 50, 67, 37, 60, 56, 46, 56], "hlc": [921715, 6]}
INFO:<Node 0>:{"send": true, "recv": false, "from": 0, "to": 5, "vc": [63, 46, 55, 50, 64, 37, 51, 53, 46, 52], "hlc": [921715, 4]}
INFO:<Node 1>:{"send": true, "recv": false, "from": 1, "to": 4, "vc": [57, 55, 56, 50, 65, 43, 54, 57, 43, 52], "hlc": [921715, 6]}
INFO:<Node 2>:{"send": true, "recv": false, "from": 2, "to": 9, "vc": [56, 46, 57, 50, 64, 37, 51, 53, 42, 52], "hlc": [921716, 0]}
INFO:<Node 3>:{"send": true, "recv": false, "from": 3, "to": 2, "vc": [60, 50, 53, 56, 65, 37, 57, 56, 49, 50], "hlc": [921715, 4]}
INFO:<Node 6>:{"send": true, "recv": false, "from": 6, "to": 5, "vc": [62, 51, 55, 50, 67, 37, 61, 56, 46, 56], "hlc": [921715, 7]}
INFO:<Node 8>:{"send": true, "recv": false, "from": 8, "to": 2, "vc": [56, 47, 50, 50, 62, 37, 49, 53, 51, 54], "hlc": [921716, 1]}
INFO:<Node 2>:{"send": false, "recv": true, "to": 2, "from": 3, "vc": [60, 50, 58, 56, 65, 37, 57, 56, 49, 52], "hlc": [921716, 1]}
INFO:<Node 2>:{"send": false, "recv": true, "to": 2, "from": 8, "vc": [60, 50, 59, 56, 65, 37, 57, 56, 51, 54], "hlc": [921716, 2]}
INFO:<Node 4>:{"send": false, "recv": true, "to": 4, "from": 1, "vc": [57, 55, 56, 50, 68, 43, 54, 57, 43, 52], "hlc": [921715, 7]}
INFO:<Node 5>:{"send": false, "recv": true, "to": 5, "from": 0, "vc": [63, 46, 55, 50, 64, 44, 54, 53, 46, 52], "hlc": [921715, 5]}
INFO:<Node 5>:{"send": false, "recv": true, "to": 5, "from": 6, "vc": [63, 51, 55, 50, 67, 45, 61, 56, 46, 56], "hlc": [921715, 8]}
INFO:<Node 9>:{"send": false, "recv": true, "to": 9, "from": 2, "vc": [56, 47, 57, 50, 67, 37, 51, 55, 42, 57], "hlc": [921716, 1]}
INFO:<Node 0>:{"send": true, "recv": false, "from": 0, "to": 7, "vc": [64, 46, 55, 50, 64, 37, 51, 53, 46, 52], "hlc": [921715, 5]}
INFO:<Node 4>:{"send": true, "recv": false, "from": 4, "to": 9, "vc": [57, 55, 56, 50, 69, 43, 54, 57, 43, 52], "hlc": [921715, 8]}
INFO:<Node 6>:{"send": true, "recv": false, "from": 6, "to": 7, "vc": [62, 51, 55, 50, 67, 37, 62, 56, 46, 56], "hlc": [921715, 8]}
INFO:<Node 9>:{"send": true, "recv": false, "from": 9, "to": 6, "vc": [56, 47, 57, 50, 67, 37, 51, 55, 42, 58], "hlc": [921716, 2]}
INFO:<Node 6>:{"send": false, "recv": true, "to": 6, "from": 9, "vc": [62, 51, 57, 50, 67, 37, 63, 56, 46, 58], "hlc": [921716, 3]}
INFO:<Node 7>:{"send": false, "recv": true, "to": 7, "from": 0, "vc": [64, 46, 55, 50, 64, 37, 51, 58, 46, 52], "hlc": [921715, 6]}
INFO:<Node 7>:{"send": false, "recv": true, "to": 7, "from": 6, "vc": [64, 51, 55, 50, 67, 37, 62, 59, 46, 56], "hlc": [921715, 9]}
INFO:<Node 9>:{"send": false, "recv": true, "to": 9, "from": 4, "vc": [57, 55, 57, 50, 69, 43, 54, 57, 43, 59], "hlc": [921716, 3]}
INFO:<Node 0>:{"send": true, "recv": false, "from": 0, "to": 8, "vc": [65, 46, 55, 50, 64, 37, 51, 53, 46, 52], "hlc": [921715, 6]}
INFO:<Node 3>:{"send": true, "recv": false, "from": 3, "to": 8, "vc": [60, 50, 53, 57, 65, 37, 57, 56, 49, 50], "hlc": [921715, 5]}
INFO:<Node 5>:{"send": true, "recv": false, "from": 5, "to": 1, "vc": [63, 51, 55, 50, 67, 46, 61, 56, 46, 56], "hlc": [921715, 9]}
INFO:<Node 6>:{"send": true, "recv": false, "from": 6, "to": 0, "vc": [62, 51, 57, 50, 67, 37, 64, 56, 46, 58], "hlc": [921716, 4]}
INFO:<Node 7>:{"send": true, "recv": false, "from": 7, "to": 1, "vc": [64, 51, 55, 50, 67, 37, 62, 60, 46, 56], "hlc": [921715, 10]}
INFO:<Node 8>:{"send": true, "recv": false, "from": 8, "to": 6, "vc": [56, 47, 50, 50, 62, 37, 49, 53, 52, 54], "hlc": [921717, 0]}
INFO:<Node 9>:{"send": true, "recv": false, "from": 9, "to": 1, "vc": [57, 55, 57, 50, 69, 43, 54, 57, 43, 60], "hlc": [921716, 4]}
INFO:<Node 0>:{"send": false, "recv": true, "to": 0, "from": 6, "vc": [66, 51, 57, 50, 67, 37, 64, 56, 46, 58], "hlc": [921716, 5]}
INFO:<Node 1>:{"send": false, "recv": true, "to": 1, "from": 5, "vc": [63, 56, 56, 50, 67, 46, 61, 57, 46, 56], "hlc": [921715, 10]}
INFO:<Node 1>:{"send": false, "recv": true, "to": 1, "from": 7, "vc": [64, 57, 56, 50, 67, 46, 62, 60, 46, 56], "hlc": [921715, 11]}
INFO:<Node 1>:{"send": false, "recv": true, "to": 1, "from": 9, "vc": [64, 58, 57, 50, 69, 46, 62, 60, 46, 60], "hlc": [921716, 5]}
INFO:<Node 6>:{"send": false, "recv": true, "to": 6, "from": 8, "vc": [62, 51, 57, 50, 67, 37, 65, 56, 52, 58], "hlc": [921717, 1]}
INFO:<Node 8>:{"send": false, "recv": true, "to": 8, "from": 0, "vc": [65, 47, 55, 50, 64, 37, 51, 53, 53, 54], "hlc": [921718, 0]}
INFO:<Node 8>:{"send": false, "recv": true, "to": 8, "from": 3, "vc": [65, 50, 55, 57, 65, 37, 57, 56, 54, 54], "hlc": [921718, 1]}
