INFO:root:Random workload: num sockets: 10, num iterations: 50, base address: 39000, chance of send: 3 in 5, round delay (s): 0.5, max clock drift (s): 3.5, actual clock drifts: [3.1888989749952756, -3.0070051868964023, 1.0448027585599444, 1.3515733066164213, 2.7467056525439792, 1.8493456840088403, 0.6262262817929862, -1.260468109964341, 3.4259519798782048, 2.101109788983197]
INFO:<Node 1>:{"send": true, "recv": false, "from": 1, "to": 2, "vc": [0, 1, 0, 0, 0, 0, 0, 0, 0, 0], "hlc": [921536, 1]}
INFO:<Node 2>:{"send": true, "recv": false, "from": 2, "to": 8, "vc": [0, 0, 1, 0, 0, 0, 0, 0, 0, 0], "hlc": [921537, 0]}
INFO:<Node 3>:{"send": true, "recv": false, "from": 3, "to": 4, "vc": [0, 0, 0, 1, 0, 0, 0, 0, 0, 0], "hlc": [921537, 0]}
INFO:<Node 8>:{"send": true, "recv": false, "from": 8, "to": 1, "vc": [0, 0, 0, 0, 0, 0, 0, 0, 1, 0], "hlc": [921539, 0]}
INFO:<Node 9>:{"send": true, "recv": false, "from": 9, "to": 5, "vc": [0, 0, 0, 0, 0, 0, 0, 0, 0, 1], "hlc": [921538, 0]}
INFO:<Node 1>:{"send": false, "recv": true, "to": 1, "from": 8, "vc": [0, 2, 0, 0, 0, 0, 0, 0, 1, 0], "hlc": [921539, 1]}
INFO:<Node 2>:{"send": false, "recv": true, "to": 2, "from": 1, "vc": [0, 1, 2, 0, 0, 0, 0, 0, 0, 0], "hlc": [921538, 0]}
INFO:<Node 4>:{"send": false, "recv": true, "to": 4, "from": 3, "vc": [0, 0, 0, 1, 1, 0, 0, 0, 0, 0], "hlc": [921539, 0]}
INFO:<Node 5>:{"send": false, "recv": true, "to": 5, "from": 9, "vc": [0, 0, 0, 0, 0, 1, 0, 0, 0, 1], "hlc": [921538, 1]}
INFO:<Node 8>:{"send": false, "recv": true, "to": 8, "from": 2, "vc": [0, 0, 1, 0, 0, 0, 0, 0, 2, 0], "hlc": [921540, 0]}
INFO:<Node 0>:{"send": true, "recv": false, "from": 0, "to": 1, "vc": [1, 0, 0, 0, 0, 0, 0, 0, 0, 0], "hlc": [921540, 0]}
INFO:<Node 3>:{"send": true, "recv": false, "from": 3, "to": 6, "vc": [0, 0, 0, 2, 0, 0, 0, 0, 0, 0], "hlc": [921538, 0]}
INFO:<Node 6>:{"send": true, "recv": false, "from": 6, "to": 3, "vc": [0, 0, 0, 0, 0, 0, 1, 0, 0, 0], "hlc": [921537, 0]}
INFO:<Node 7>:{"send": true, "recv": false, "from": 7, "to": 3, "vc": [0, 0, 0, 0, 0, 0, 0, 1, 0, 0], "hlc": [921536, 1]}
INFO:<Node 8>:{"send": true, "recv": false, "from": 8, "to": 9, "vc": [0, 0, 1, 0, 0, 0, 0, 0, 3, 0], "hlc": [921540, 1]}
INFO:<Node 1>:{"send": false, "recv": true, "to": 1, "from": 0, "vc": [1, 3, 0, 0, 0, 0, 0, 0, 1, 0], "hlc": [921540, 1]}
INFO:<Node 3>:{"send": false, "recv": true, "to": 3, "from": 6, "vc": [0, 0, 0, 3, 0, 0, 1, 0, 0, 0], "hlc": [921538, 1]}
INFO:<Node 3>:{"send": false, "recv": true, "to": 3, "from": 7, "vc": [0, 0, 0, 4, 0, 0, 1, 1, 0, 0], "hlc": [921538, 2]}
INFO:<Node 6>:{"send": false, "recv": true, "to": 6, "from": 3, "vc": [0, 0, 0, 2, 0, 0, 2, 0, 0, 0], "hlc": [921538, 1]}
INFO:<Node 9>:{"send": false, "recv": true, "to": 9, "from": 8, "vc": [0, 0, 1, 0, 0, 0, 0, 0, 3, 2], "hlc": [921540, 2]}
INFO:<Node 0>:{"send": true, "recv": false, "from": 0, "to": 7, "vc": [2, 0, 0, 0, 0, 0, 0, 0, 0, 0], "hlc": [921540, 1]}
INFO:<Node 1>:{"send": true, "recv": false, "from": 1, "to": 6, "vc": [1, 4, 0, 0, 0, 0, 0, 0, 1, 0], "hlc": [921540, 2]}
INFO:<Node 2>:{"send": true, "recv": false, "from": 2, "to": 9, "vc": [0, 1, 3, 0, 0, 0, 0, 0, 0, 0], "hlc": [921538, 1]}
INFO:<Node 3>:{"send": true, "recv": false, "from": 3, "to": 0, "vc": [0, 0, 0, 5, 0, 0, 1, 1, 0, 0], "hlc": [921538, 3]}
INFO:<Node 6>:{"send": true, "recv": false, "from": 6, "to": 0, "vc": [0, 0, 0, 2, 0, 0, 3, 0, 0, 0], "hlc": [921538, 2]}
INFO:<Node 8>:{"send": true, "recv": false, "from": 8, "to": 9, "vc": [0, 0, 1, 0, 0, 0, 0, 0, 4, 0], "hlc": [921540, 2]}
INFO:<Node 9>:{"send": true, "recv": false, "from": 9, "to": 2, "vc": [0, 0, 1, 0, 0, 0, 0, 0, 3, 3], "hlc": [921540, 3]}
INFO:<Node 0>:{"send": false, "recv": true, "to": 0, "from": 3, "vc": [3, 0, 0, 5, 0, 0, 1, 1, 0, 0], "hlc": [921541, 0]}
INFO:<Node 0>:{"send": false, "recv": true, "to": 0, "from": 6, "vc": [4, 0, 0, 5, 0, 0, 3, 1, 0, 0], "hlc": [921541, 1]}
INFO:<Node 2>:{"send": false, "recv": true, "to": 2, "from": 9, "vc": [0, 1, 4, 0, 0, 0, 0, 0, 3, 3], "hlc": [921540, 4]}
INFO:<Node 6>:{"send": false, "recv": true, "to": 6, "from": 1, "vc": [1, 4, 0, 2, 0, 0, 4, 0, 1, 0], "hlc": [921540, 3]}
INFO:<Node 7>:{"send": false, "recv": true, "to": 7, "from": 0, "vc": [2, 0, 0, 0, 0, 0, 0, 2, 0, 0], "hlc": [921540, 2]}
INFO:<Node 9>:{"send": false, "recv": true, "to": 9, "from": 2, "vc": [0, 1, 3, 0, 0, 0, 0, 0, 3, 4], "hlc": [921540, 4]}
INFO:<Node 9>:{"send": false, "recv": true, "to": 9, "from": 8, "vc": [0, 1, 3, 0, 0, 0, 0, 0, 4, 5], "hlc": [921540, 5]}
INFO:<Node 0>:{"send": true, "recv": false, "from": 0, "to": 1, "vc": [5, 0, 0, 5, 0, 0, 3, 1, 0, 0], "hlc": [921541, 2]}
INFO:<Node 1>:{"send": true, "recv": false, "from": 1, "to": 8, "vc": [1, 5, 0, 0, 0, 0, 0, 0, 1, 0], "hlc": [921540, 3]}
INFO:<Node 2>:{"send": true, "recv": false, "from": 2, "to": 0, "vc": [0, 1, 5, 0, 0, 0, 0, 0, 3, 3], "hlc": [921540, 5]}
INFO:<Node 3>:{"send": true, "recv": false, "from": 3, "to": 6, "vc": [0, 0, 0, 6, 0, 0, 1, 1, 0, 0], "hlc": [921539, 0]}
INFO:<Node 6>:{"send": true, "recv": false, "from": 6, "to": 4, "vc": [1, 4, 0, 2, 0, 0, 5, 0, 1, 0], "hlc": [921540, 4]}
INFO:<Node 0>:{"send": false, "recv": true, "to": 0, "from": 2, "vc": [6, 1, 5, 5, 0, 0, 3, 1, 3, 3], "hlc": [921541, 3]}
INFO:<Node 1>:{"send": false, "recv": true, "to": 1, "from": 0, "vc": [5, 6, 0, 5, 0, 0, 3, 1, 1, 0], "hlc": [921541, 3]}
INFO:<Node 4>:{"send": false, "recv": true, "to": 4, "from": 6, "vc": [1, 4, 0, 2, 2, 0, 5, 0, 1, 0], "hlc": [921541, 0]}
INFO:<Node 6>:{"send": false, "recv": true, "to": 6, "from": 3, "vc": [1, 4, 0, 6, 0, 0, 6, 1, 1, 0], "hlc": [921540, 5]}
INFO:<Node 8>:{"send": false, "recv": true, "to": 8, "from": 1, "vc": [1, 5, 1, 0, 0, 0, 0, 0, 5, 0], "hlc": [921541, 0]}
INFO:<Node 0>:{"send": true, "recv": false, "from": 0, "to": 1, "vc": [7, 1, 5, 5, 0, 0, 3, 1, 3, 3], "hlc": [921541, 4]}
INFO:<Node 1>:{"send": true, "recv": false, "from": 1, "to": 7, "vc": [5, 7, 0, 5, 0, 0, 3, 1, 1, 0], "hlc": [921541, 4]}
INFO:<Node 2>:{"send": true, "recv": false, "from": 2, "to": 8, "vc": [0, 1, 6, 0, 0, 0, 0, 0, 3, 3], "hlc": [921540, 6]}
INFO:<Node 3>:{"send": true, "recv": false, "from": 3, "to": 5, "vc": [0, 0, 0, 7, 0, 0, 1, 1, 0, 0], "hlc": [921539, 1]}
INFO:<Node 4>:{"send": true, "recv": false, "from": 4, "to": 8, "vc": [1, 4, 0, 2, 3, 0, 5, 0, 1, 0], "hlc": [921541, 1]}
INFO:<Node 5>:{"send": true, "recv": false, "from": 5, "to": 8, "vc": [0, 0, 0, 0, 0, 2, 0, 0, 0, 1], "hlc": [921540, 0]}
INFO:<Node 6>:{"send": true, "recv": false, "from": 6, "to": 7, "vc": [1, 4, 0, 6, 0, 0, 7, 1, 1, 0], "hlc": [921540, 6]}
INFO:<Node 8>:{"send": true, "recv": false, "from": 8, "to": 5, "vc": [1, 5, 1, 0, 0, 0, 0, 0, 6, 0], "hlc": [921541, 1]}
INFO:<Node 9>:{"send": true, "recv": false, "from": 9, "to": 1, "vc": [0, 1, 3, 0, 0, 0, 0, 0, 4, 6], "hlc": [921540, 6]}
INFO:<Node 1>:{"send": false, "recv": true, "to": 1, "from": 0, "vc": [7, 8, 5, 5, 0, 0, 3, 1, 3, 3], "hlc": [921541, 5]}
INFO:<Node 1>:{"send": false, "recv": true, "to": 1, "from": 9, "vc": [7, 9, 5, 5, 0, 0, 3, 1, 4, 6], "hlc": [921541, 6]}
INFO:<Node 5>:{"send": false, "recv": true, "to": 5, "from": 3, "vc": [0, 0, 0, 7, 0, 3, 1, 1, 0, 1], "hlc": [921540, 1]}
INFO:<Node 5>:{"send": false, "recv": true, "to": 5, "from": 8, "vc": [1, 5, 1, 7, 0, 4, 1, 1, 6, 1], "hlc": [921541, 2]}
INFO:<Node 7>:{"send": false, "recv": true, "to": 7, "from": 1, "vc": [5, 7, 0, 5, 0, 0, 3, 3, 1, 0], "hlc": [921541, 5]}
INFO:<Node 7>:{"send": false, "recv": true, "to": 7, "from": 6, "vc": [5, 7, 0, 6, 0, 0, 7, 4, 1, 0], "hlc": [921541, 6]}
INFO:<Node 8>:{"send": false, "recv": true, "to": 8, "from": 2, "vc": [1, 5, 6, 0, 0, 0, 0, 0, 7, 3], "hlc": [921542, 0]}
INFO:<Node 8>:{"send": false, "recv": true, "to": 8, "from": 4, "vc": [1, 5, 6, 2, 3, 0, 5, 0, 8, 3], "hlc": [921542, 1]}
INFO:<Node 8>:{"send": false, "recv": true, "to": 8, "from": 5, "vc": [1, 5, 6, 2, 3, 2, 5, 0, 9, 3], "hlc": [921542, 2]}
INFO:<Node 2>:{"send": true, "recv": false, "from": 2, "to": 5, "vc": [0, 1, 7, 0, 0, 0, 0, 0, 3, 3], "hlc": [921540, 7]}
INFO:<Node 3>:{"send": true, "recv": false, "from": 3, "to": 6, "vc": [0, 0, 0, 8, 0, 0, 1, 1, 0, 0], "hlc": [921540, 0]}
INFO:<Node 5>:{"send": true, "recv": false, "from": 5, "to": 6, "vc": [1, 5, 1, 7, 0, 5, 1, 1, 6, 1], "hlc": [921541, 3]}
INFO:<Node 8>:{"send": true, "recv": false, "from": 8, "to": 1, "vc": [1, 5, 6, 2, 3, 2, 5, 0, 10, 3], "hlc": [921542, 3]}
INFO:<Node 9>:{"send": true, "recv": false, "from": 9, "to": 3, "vc": [0, 1, 3, 0, 0, 0, 0, 0, 4, 7], "hlc": [921541, 0]}
INFO:<Node 1>:{"send": false, "recv": true, "to": 1, "from": 8, "vc": [7, 10, 6, 5, 3, 2, 5, 1, 10, 6], "hlc": [921542, 4]}
INFO:<Node 3>:{"send": false, "recv": true, "to": 3, "from": 9, "vc": [0, 1, 3, 9, 0, 0, 1, 1, 4, 7], "hlc": [921541, 1]}
INFO:<Node 5>:{"send": false, "recv": true, "to": 5, "from": 2, "vc": [1, 5, 7, 7, 0, 6, 1, 1, 6, 3], "hlc": [921541, 4]}
INFO:<Node 6>:{"send": false, "recv": true, "to": 6, "from": 3, "vc": [1, 4, 0, 8, 0, 0, 8, 1, 1, 0], "hlc": [921540, 7]}
INFO:<Node 6>:{"send": false, "recv": true, "to": 6, "from": 5, "vc": [1, 5, 1, 8, 0, 5, 9, 1, 6, 1], "hlc": [921541, 4]}
INFO:<Node 0>:{"send": true, "recv": false, "from": 0, "to": 4, "vc": [8, 1, 5, 5, 0, 0, 3, 1, 3, 3], "hlc": [921542, 0]}
INFO:<Node 1>:{"send": true, "recv": false, "from": 1, "to": 9, "vc": [7, 11, 6, 5, 3, 2, 5, 1, 10, 6], "hlc": [921542, 5]}
INFO:<Node 2>:{"send": true, "recv": false, "from": 2, "to": 1, "vc": [0, 1, 8, 0, 0, 0, 0, 0, 3, 3], "hlc": [921540, 8]}
INFO:<Node 3>:{"send": true, "recv": false, "from": 3, "to": 6, "vc": [0, 1, 3, 10, 0, 0, 1, 1, 4, 7], "hlc": [921541, 2]}
INFO:<Node 4>:{"send": true, "recv": false, "from": 4, "to": 7, "vc": [1, 4, 0, 2, 4, 0, 5, 0, 1, 0], "hlc": [921542, 0]}
INFO:<Node 5>:{"send": true, "recv": false, "from": 5, "to": 3, "vc": [1, 5, 7, 7, 0, 7, 1, 1, 6, 3], "hlc": [921541, 5]}
INFO:<Node 6>:{"send": true, "recv": false, "from": 6, "to": 5, "vc": [1, 5, 1, 8, 0, 5, 10, 1, 6, 1], "hlc": [921541, 5]}
INFO:<Node 8>:{"send": true, "recv": false, "from": 8, "to": 4, "vc": [1, 5, 6, 2, 3, 2, 5, 0, 11, 3], "hlc": [921542, 4]}
INFO:<Node 9>:{"send": true, "recv": false, "from": 9, "to": 5, "vc": [0, 1, 3, 0, 0, 0, 0, 0, 4, 8], "hlc": [921541, 1]}
INFO:<Node 1>:{"send": false, "recv": true, "to": 1, "from": 2, "vc": [7, 12, 8, 5, 3, 2, 5, 1, 10, 6], "hlc": [921542, 6]}
INFO:<Node 3>:{"send": false, "recv": true, "to": 3, "from": 5, "vc": [1, 5, 7, 11, 0, 7, 1, 1, 6, 7], "hlc": [921541, 6]}
INFO:<Node 4>:{"send": false, "recv": true, "to": 4, "from": 0, "vc": [8, 4, 5, 5, 5, 0, 5, 1, 3, 3], "hlc": [921542, 1]}
INFO:<Node 4>:{"send": false, "recv": true, "to": 4, "from": 8, "vc": [8, 5, 6, 5, 6, 2, 5, 1, 11, 3], "hlc": [921542, 5]}
INFO:<Node 5>:{"send": false, "recv": true, "to": 5, "from": 6, "vc": [1, 5, 7, 8, 0, 8, 10, 1, 6, 3], "hlc": [921541, 6]}
INFO:<Node 5>:{"send": false, "recv": true, "to": 5, "from": 9, "vc": [1, 5, 7, 8, 0, 9, 10, 1, 6, 8], "hlc": [921541, 7]}
INFO:<Node 6>:{"send": false, "recv": true, "to": 6, "from": 3, "vc": [1, 5, 3, 10, 0, 5, 11, 1, 6, 7], "hlc": [921541, 6]}
INFO:<Node 7>:{"send": false, "recv": true, "to": 7, "from": 4, "vc": [5, 7, 0, 6, 4, 0, 7, 5, 1, 0], "hlc": [921542, 1]}
INFO:<Node 9>:{"send": false, "recv": true, "to": 9, "from": 1, "vc": [7, 11, 6, 5, 3, 2, 5, 1, 10, 9], "hlc": [921542, 6]}
INFO:<Node 0>:{"send": true, "recv": false, "from": 0, "to": 7, "vc": [9, 1, 5, 5, 0, 0, 3, 1, 3, 3], "hlc": [921543, 0]}
INFO:<Node 5>:{"send": true, "recv": false, "from": 5, "to": 6, "vc": [1, 5, 7, 8, 0, 10, 10, 1, 6, 8], "hlc": [921541, 8]}
INFO:<Node 6>:{"send": true, "recv": false, "from": 6, "to": 7, "vc": [1, 5, 3, 10, 0, 5, 12, 1, 6, 7], "hlc": [921541, 7]}
INFO:<Node 7>:{"send": true, "recv": false, "from": 7, "to": 5, "vc": [5, 7, 0, 6, 4, 0, 7, 6, 1, 0], "hlc": [921542, 2]}
INFO:<Node 8>:{"send": true, "recv": false, "from": 8, "to": 6, "vc": [1, 5, 6, 2, 3, 2, 5, 0, 12, 3], "hlc": [921543, 0]}
INFO:<Node 5>:{"send": false, "recv": true, "to": 5, "from": 7, "vc": [5, 7, 7, 8, 4, 11, 10, 6, 6, 8], "hlc": [921542, 3]}
INFO:<Node 6>:{"send": false, "recv": true, "to": 6, "from": 5, "vc": [1, 5, 7, 10, 0, 10, 13, 1, 6, 8], "hlc": [921541, 9]}
INFO:<Node 6>:{"send": false, "recv": true, "to": 6, "from": 8, "vc": [1, 5, 7, 10, 3, 10, 14, 1, 12, 8], "hlc": [921543, 1]}
INFO:<Node 7>:{"send": false, "recv": true, "to": 7, "from": 0, "vc": [9, 7, 5, 6, 4, 0, 7, 7, 3, 3], "hlc": [921543, 1]}
INFO:<Node 7>:{"send": false, "recv": true, "to": 7, "from": 6, "vc": [9, 7, 5, 10, 4, 5, 12, 8, 6, 7], "hlc": [921543, 2]}
INFO:<Node 0>:{"send": true, "recv": false, "from": 0, "to": 3, "vc": [10, 1, 5, 5, 0, 0, 3, 1, 3, 3], "hlc": [921543, 1]}
INFO:<Node 1>:{"send": true, "recv": false, "from": 1, "to": 6, "vc": [7, 13, 8, 5, 3, 2, 5, 1, 10, 6], "hlc": [921542, 7]}
INFO:<Node 4>:{"send": true, "recv": false, "from": 4, "to": 6, "vc": [8, 5, 6, 5, 7, 2, 5, 1, 11, 3], "hlc": [921543, 0]}
INFO:<Node 7>:{"send": true, "recv": false, "from": 7, "to": 4, "vc": [9, 7, 5, 10, 4, 5, 12, 9, 6, 7], "hlc": [921543, 3]}
INFO:<Node 8>:{"send": true, "recv": false, "from": 8, "to": 7, "vc": [1, 5, 6, 2, 3, 2, 5, 0, 13, 3], "hlc": [921543, 1]}
INFO:<Node 9>:{"send": true, "recv": false, "from": 9, "to": 2, "vc": [7, 11, 6, 5, 3, 2, 5, 1, 10, 10], "hlc": [921542, 7]}
INFO:<Node 2>:{"send": false, "recv": true, "to": 2, "from": 9, "vc": [7, 11, 9, 5, 3, 2, 5, 1, 10, 10], "hlc": [921542, 8]}
INFO:<Node 3>:{"send": false, "recv": true, "to": 3, "from": 0, "vc": [10, 5, 7, 12, 0, 7, 3, 1, 6, 7], "hlc": [921543, 2]}
INFO:<Node 4>:{"send": false, "recv": true, "to": 4, "from": 7, "vc": [9, 7, 6, 10, 8, 5, 12, 9, 11, 7], "hlc": [921543, 4]}
INFO:<Node 6>:{"send": false, "recv": true, "to": 6, "from": 1, "vc": [7, 13, 8, 10, 3, 10, 15, 1, 12, 8], "hlc": [921543, 2]}
INFO:<Node 6>:{"send": false, "recv": true, "to": 6, "from": 4, "vc": [8, 13, 8, 10, 7, 10, 16, 1, 12, 8], "hlc": [921543, 3]}
INFO:<Node 7>:{"send": false, "recv": true, "to": 7, "from": 8, "vc": [9, 7, 6, 10, 4, 5, 12, 10, 13, 7], "hlc": [921543, 4]}
INFO:<Node 0>:{"send": true, "recv": false, "from": 0, "to": 7, "vc": [11, 1, 5, 5, 0, 0, 3, 1, 3, 3], "hlc": [921544, 0]}
INFO:<Node 2>:{"send": true, "recv": false, "from": 2, "to": 9, "vc": [7, 11, 10, 5, 3, 2, 5, 1, 10, 10], "hlc": [921542, 9]}
INFO:<Node 3>:{"send": true, "recv": false, "from": 3, "to": 2, "vc": [10, 5, 7, 13, 0, 7, 3, 1, 6, 7], "hlc": [921543, 3]}
INFO:<Node 4>:{"send": true, "recv": false, "from": 4, "to": 8, "vc": [9, 7, 6, 10, 9, 5, 12, 9, 11, 7], "hlc": [921543, 5]}
INFO:<Node 9>:{"send": true, "recv": false, "from": 9, "to": 5, "vc": [7, 11, 6, 5, 3, 2, 5, 1, 10, 11], "hlc": [921543, 0]}
INFO:<Node 2>:{"send": false, "recv": true, "to": 2, "from": 3, "vc": [10, 11, 11, 13, 3, 7, 5, 1, 10, 10], "hlc": [921543, 4]}
INFO:<Node 5>:{"send": false, "recv": true, "to": 5, "from": 9, "vc": [7, 11, 7, 8, 4, 12, 10, 6, 10, 11], "hlc": [921543, 1]}
INFO:<Node 7>:{"send": false, "recv": true, "to": 7, "from": 0, "vc": [11, 7, 6, 10, 4, 5, 12, 11, 13, 7], "hlc": [921544, 1]}
INFO:<Node 8>:{"send": false, "recv": true, "to": 8, "from": 4, "vc": [9, 7, 6, 10, 9, 5, 12, 9, 14, 7], "hlc": [921544, 0]}
INFO:<Node 9>:{"send": false, "recv": true, "to": 9, "from": 2, "vc": [7, 11, 10, 5, 3, 2, 5, 1, 10, 12], "hlc": [921543, 1]}
INFO:<Node 0>:{"send": true, "recv": false, "from": 0, "to": 6, "vc": [12, 1, 5, 5, 0, 0, 3, 1, 3, 3], "hlc": [921544, 1]}
INFO:<Node 1>:{"send": true, "recv": false, "from": 1, "to": 0, "vc": [7, 14, 8, 5, 3, 2, 5, 1, 10, 6], "hlc": [921542, 8]}
INFO:<Node 3>:{"send": true, "recv": false, "from": 3, "to": 0, "vc": [10, 5, 7, 14, 0, 7, 3, 1, 6, 7], "hlc": [921543, 4]}
INFO:<Node 5>:{"send": true, "recv": false, "from": 5, "to": 6, "vc": [7, 11, 7, 8, 4, 13, 10, 6, 10, 11], "hlc": [921543, 2]}
INFO:<Node 6>:{"send": true, "recv": false, "from": 6, "to": 7, "vc": [8, 13, 8, 10, 7, 10, 17, 1, 12, 8], "hlc": [921543, 4]}
INFO:<Node 8>:{"send": true, "recv": false, "from": 8, "to": 1, "vc": [9, 7, 6, 10, 9, 5, 12, 9, 15, 7], "hlc": [921544, 1]}
INFO:<Node 9>:{"send": true, "recv": false, "from": 9, "to": 4, "vc": [7, 11, 10, 5, 3, 2, 5, 1, 10, 13], "hlc": [921543, 2]}
INFO:<Node 0>:{"send": false, "recv": true, "to": 0, "from": 1, "vc": [13, 14, 8, 5, 3, 2, 5, 1, 10, 6], "hlc": [921545, 0]}
INFO:<Node 0>:{"send": false, "recv": true, "to": 0, "from": 3, "vc": [14, 14, 8, 14, 3, 7, 5, 1, 10, 7], "hlc": [921545, 1]}
INFO:<Node 1>:{"send": false, "recv": true, "to": 1, "from": 8, "vc": [9, 15, 8, 10, 9, 5, 12, 9, 15, 7], "hlc": [921544, 2]}
INFO:<Node 4>:{"send": false, "recv": true, "to": 4, "from": 9, "vc": [9, 11, 10, 10, 10, 5, 12, 9, 11, 13], "hlc": [921544, 0]}
INFO:<Node 6>:{"send": false, "recv": true, "to": 6, "from": 0, "vc": [12, 13, 8, 10, 7, 10, 18, 1, 12, 8], "hlc": [921544, 2]}
INFO:<Node 6>:{"send": false, "recv": true, "to": 6, "from": 5, "vc": [12, 13, 8, 10, 7, 13, 19, 6, 12, 11], "hlc": [921544, 3]}
INFO:<Node 7>:{"send": false, "recv": true, "to": 7, "from": 6, "vc": [11, 13, 8, 10, 7, 10, 17, 12, 13, 8], "hlc": [921544, 2]}
INFO:<Node 0>:{"send": true, "recv": false, "from": 0, "to": 9, "vc": [15, 14, 8, 14, 3, 7, 5, 1, 10, 7], "hlc": [921545, 2]}
INFO:<Node 1>:{"send": true, "recv": false, "from": 1, "to": 5, "vc": [9, 16, 8, 10, 9, 5, 12, 9, 15, 7], "hlc": [921544, 3]}
INFO:<Node 2>:{"send": true, "recv": false, "from": 2, "to": 9, "vc": [10, 11, 12, 13, 3, 7, 5, 1, 10, 10], "hlc": [921543, 5]}
INFO:<Node 3>:{"send": true, "recv": false, "from": 3, "to": 7, "vc": [10, 5, 7, 15, 0, 7, 3, 1, 6, 7], "hlc": [921543, 5]}
INFO:<Node 4>:{"send": true, "recv": false, "from": 4, "to": 3, "vc": [9, 11, 10, 10, 11, 5, 12, 9, 11, 13], "hlc": [921544, 1]}
INFO:<Node 8>:{"send": true, "recv": false, "from": 8, "to": 7, "vc": [9, 7, 6, 10, 9, 5, 12, 9, 16, 7], "hlc": [921545, 0]}
INFO:<Node 9>:{"send": true, "recv": false, "from": 9, "to": 3, "vc": [7, 11, 10, 5, 3, 2, 5, 1, 10, 14], "hlc": [921544, 0]}
INFO:<Node 3>:{"send": false, "recv": true, "to": 3, "from": 4, "vc": [10, 11, 10, 16, 11, 7, 12, 9, 11, 13], "hlc": [921544, 2]}
INFO:<Node 3>:{"send": false, "recv": true, "to": 3, "from": 9, "vc": [10, 11, 10, 17, 11, 7, 12, 9, 11, 14], "hlc": [921544, 3]}
INFO:<Node 5>:{"send": false, "recv": true, "to": 5, "from": 1, "vc": [9, 16, 8, 10, 9, 14, 12, 9, 15, 11], "hlc": [921544, 4]}
INFO:<Node 7>:{"send": false, "recv": true, "to": 7, "from": 3, "vc": [11, 13, 8, 15, 7, 10, 17, 13, 13, 8], "hlc": [921544, 3]}
INFO:<Node 7>:{"send": false, "recv": true, "to": 7, "from": 8, "vc": [11, 13, 8, 15, 9, 10, 17, 14, 16, 8], "hlc": [921545, 1]}
INFO:<Node 9>:{"send": false, "recv": true, "to": 9, "from": 0, "vc": [15, 14, 10, 14, 3, 7, 5, 1, 10, 15], "hlc": [921545, 3]}
INFO:<Node 9>:{"send": false, "recv": true, "to": 9, "from": 2, "vc": [15, 14, 12, 14, 3, 7, 5, 1, 10, 16], "hlc": [921545, 4]}
INFO:<Node 3>:{"send": true, "recv": false, "from": 3, "to": 4, "vc": [10, 11, 10, 18, 11, 7, 12, 9, 11, 14], "hlc": [921544, 4]}
INFO:<Node 4>:{"send": true, "recv": false, "from": 4, "to": 5, "vc": [9, 11, 10, 10, 12, 5, 12, 9, 11, 13], "hlc": [921545, 0]}
INFO:<Node 5>:{"send": true, "recv": false, "from": 5, "to": 2, "vc": [9, 16, 8, 10, 9, 15, 12, 9, 15, 11], "hlc": [921544, 5]}
INFO:<Node 6>:{"send": true, "recv": false, "from": 6, "to": 2, "vc": [12, 13, 8, 10, 7, 13, 20, 6, 12, 11], "hlc": [921544, 4]}
INFO:<Node 7>:{"send": true, "recv": false, "from": 7, "to": 0, "vc": [11, 13, 8, 15, 9, 10, 17, 15, 16, 8], "hlc": [921545, 2]}
INFO:<Node 8>:{"send": true, "recv": false, "from": 8, "to": 6, "vc": [9, 7, 6, 10, 9, 5, 12, 9, 17, 7], "hlc": [921545, 1]}
INFO:<Node 9>:{"send": true, "recv": false, "from": 9, "to": 3, "vc": [15, 14, 12, 14, 3, 7, 5, 1, 10, 17], "hlc": [921545, 5]}
INFO:<Node 0>:{"send": false, "recv": true, "to": 0, "from": 7, "vc": [16, 14, 8, 15, 9, 10, 17, 15, 16, 8], "hlc": [921546, 0]}
INFO:<Node 2>:{"send": false, "recv": true, "to": 2, "from": 5, "vc": [10, 16, 13, 13, 9, 15, 12, 9, 15, 11], "hlc": [921544, 6]}
INFO:<Node 2>:{"send": false, "recv": true, "to": 2, "from": 6, "vc": [12, 16, 14, 13, 9, 15, 20, 9, 15, 11], "hlc": [921544, 7]}
INFO:<Node 3>:{"send": false, "recv": true, "to": 3, "from": 9, "vc": [15, 14, 12, 19, 11, 7, 12, 9, 11, 17], "hlc": [921545, 6]}
INFO:<Node 4>:{"send": false, "recv": true, "to": 4, "from": 3, "vc": [10, 11, 10, 18, 13, 7, 12, 9, 11, 14], "hlc": [921545, 1]}
INFO:<Node 5>:{"send": false, "recv": true, "to": 5, "from": 4, "vc": [9, 16, 10, 10, 12, 16, 12, 9, 15, 13], "hlc": [921545, 1]}
INFO:<Node 6>:{"send": false, "recv": true, "to": 6, "from": 8, "vc": [12, 13, 8, 10, 9, 13, 21, 9, 17, 11], "hlc": [921545, 2]}
INFO:<Node 0>:{"send": true, "recv": false, "from": 0, "to": 1, "vc": [17, 14, 8, 15, 9, 10, 17, 15, 16, 8], "hlc": [921546, 1]}
INFO:<Node 1>:{"send": true, "recv": false, "from": 1, "to": 2, "vc": [9, 17, 8, 10, 9, 5, 12, 9, 15, 7], "hlc": [921544, 4]}
INFO:<Node 2>:{"send": true, "recv": false, "from": 2, "to": 8, "vc": [12, 16, 15, 13, 9, 15, 20, 9, 15, 11], "hlc": [921544, 8]}
INFO:<Node 3>:{"send": true, "recv": false, "from": 3, "to": 9, "vc": [15, 14, 12, 20, 11, 7, 12, 9, 11, 17], "hlc": [921545, 7]}
INFO:<Node 6>:{"send": true, "recv": false, "from": 6, "to": 8, "vc": [12, 13, 8, 10, 9, 13, 22, 9, 17, 11], "hlc": [921545, 3]}
INFO:<Node 7>:{"send": true, "recv": false, "from": 7, "to": 3, "vc": [11, 13, 8, 15, 9, 10, 17, 16, 16, 8], "hlc": [921545, 3]}
INFO:<Node 1>:{"send": false, "recv": true, "to": 1, "from": 0, "vc": [17, 18, 8, 15, 9, 10, 17, 15, 16, 8], "hlc": [921546, 2]}
INFO:<Node 2>:{"send": false, "recv": true, "to": 2, "from": 1, "vc": [12, 17, 16, 13, 9, 15, 20, 9, 15, 11], "hlc": [921544, 9]}
INFO:<Node 3>:{"send": false, "recv": true, "to": 3, "from": 7, "vc": [15, 14, 12, 21, 11, 10, 17, 16, 16, 17], "hlc": [921545, 8]}
INFO:<Node 8>:{"send": false, "recv": true, "to": 8, "from": 2, "vc": [12, 16, 15, 13, 9, 15, 20, 9, 18, 11], "hlc": [921546, 0]}
INFO:<Node 8>:{"send": false, "recv": true, "to": 8, "from": 6, "vc": [12, 16, 15, 13, 9, 15, 22, 9, 19, 11], "hlc": [921546, 1]}
INFO:<Node 9>:{"send": false, "recv": true, "to": 9, "from": 3, "vc": [15, 14, 12, 20, 11, 7, 12, 9, 11, 18], "hlc": [921545, 8]}
INFO:<Node 1>:{"send": true, "recv": false, "from": 1, "to": 4, "vc": [17, 19, 8, 15, 9, 10, 17, 15, 16, 8], "hlc": [921546, 3]}
INFO:<Node 4>:{"send": true, "recv": false, "from": 4, "to": 2, "vc": [10, 11, 10, 18, 14, 7, 12, 9, 11, 14], "hlc": [921546, 0]}
INFO:<Node 5>:{"send": true, "recv": false, "from": 5, "to": 7, "vc": [9, 16, 10, 10, 12, 17, 12, 9, 15, 13], "hlc": [921545, 2]}
INFO:<Node 2>:{"send": false, "recv": true, "to": 2, "from": 4, "vc": [12, 17, 17, 18, 14, 15, 20, 9, 15, 14], "hlc": [921546, 1]}
INFO:<Node 4>:{"send": false, "recv": true, "to": 4, "from": 1, "vc": [17, 19, 10, 18, 15, 10, 17, 15, 16, 14], "hlc": [921546, 4]}
INFO:<Node 7>:{"send": false, "recv": true, "to": 7, "from": 5, "vc": [11, 16, 10, 15, 12, 17, 17, 17, 16, 13], "hlc": [921545, 4]}
INFO:<Node 2>:{"send": true, "recv": false, "from": 2, "to": 5, "vc": [12, 17, 18, 18, 14, 15, 20, 9, 15, 14], "hlc": [921546, 2]}
INFO:<Node 3>:{"send": true, "recv": false, "from": 3, "to": 5, "vc": [15, 14, 12, 22, 11, 10, 17, 16, 16, 17], "hlc": [921545, 9]}
INFO:<Node 5>:{"send": true, "recv": false, "from": 5, "to": 2, "vc": [9, 16, 10, 10, 12, 18, 12, 9, 15, 13], "hlc": [921545, 3]}
INFO:<Node 6>:{"send": true, "recv": false, "from": 6, "to": 3, "vc": [12, 13, 8, 10, 9, 13, 23, 9, 17, 11], "hlc": [921545, 4]}
INFO:<Node 7>:{"send": true, "recv": false, "from": 7, "to": 8, "vc": [11, 16, 10, 15, 12, 17, 17, 18, 16, 13], "hlc": [921545, 5]}
INFO:<Node 8>:{"send": true, "recv": false, "from": 8, "to": 6, "vc": [12, 16, 15, 13, 9, 15, 22, 9, 20, 11], "hlc": [921547, 0]}
INFO:<Node 2>:{"send": false, "recv": true, "to": 2, "from": 5, "vc": [12, 17, 19, 18, 14, 18, 20, 9, 15, 14], "hlc": [921546, 3]}
INFO:<Node 3>:{"send": false, "recv": true, "to": 3, "from": 6, "vc": [15, 14, 12, 23, 11, 13, 23, 16, 17, 17], "hlc": [921545, 10]}
INFO:<Node 5>:{"send": false, "recv": true, "to": 5, "from": 2, "vc": [12, 17, 18, 18, 14, 19, 20, 9, 15, 14], "hlc": [921546, 3]}
INFO:<Node 5>:{"send": false, "recv": true, "to": 5, "from": 3, "vc": [15, 17, 18, 22, 14, 20, 20, 16, 16, 17], "hlc": [921546, 4]}
INFO:<Node 6>:{"send": false, "recv": true, "to": 6, "from": 8, "vc": [12, 16, 15, 13, 9, 15, 24, 9, 20, 11], "hlc": [921547, 1]}
INFO:<Node 8>:{"send": false, "recv": true, "to": 8, "from": 7, "vc": [12, 16, 15, 15, 12, 17, 22, 18, 21, 13], "hlc": [921548, 0]}
INFO:<Node 3>:{"send": true, "recv": false, "from": 3, "to": 9, "vc": [15, 14, 12, 24, 11, 13, 23, 16, 17, 17], "hlc": [921545, 11]}
INFO:<Node 4>:{"send": true, "recv": false, "from": 4, "to": 1, "vc": [17, 19, 10, 18, 16, 10, 17, 15, 16, 14], "hlc": [921547, 0]}
INFO:<Node 6>:{"send": true, "recv": false, "from": 6, "to": 5, "vc": [12, 16, 15, 13, 9, 15, 25, 9, 20, 11], "hlc": [921547, 2]}
INFO:<Node 7>:{"send": true, "recv": false, "from": 7, "to": 4, "vc": [11, 16, 10, 15, 12, 17, 17, 19, 16, 13], "hlc": [921545, 6]}
INFO:<Node 8>:{"send": true, "recv": false, "from": 8, "to": 4, "vc": [12, 16, 15, 15, 12, 17, 22, 18, 22, 13], "hlc": [921548, 1]}
INFO:<Node 9>:{"send": true, "recv": false, "from": 9, "to": 6, "vc": [15, 14, 12, 20, 11, 7, 12, 9, 11, 19], "hlc": [921546, 0]}
INFO:<Node 1>:{"send": false, "recv": true, "to": 1, "from": 4, "vc": [17, 20, 10, 18, 16, 10, 17, 15, 16, 14], "hlc": [921547, 1]}
INFO:<Node 4>:{"send": false, "recv": true, "to": 4, "from": 7, "vc": [17, 19, 10, 18, 17, 17, 17, 19, 16, 14], "hlc": [921547, 1]}
INFO:<Node 4>:{"send": false, "recv": true, "to": 4, "from": 8, "vc": [17, 19, 15, 18, 18, 17, 22, 19, 22, 14], "hlc": [921548, 2]}
INFO:<Node 5>:{"send": false, "recv": true, "to": 5, "from": 6, "vc": [15, 17, 18, 22, 14, 21, 25, 16, 20, 17], "hlc": [921547, 3]}
INFO:<Node 6>:{"send": false, "recv": true, "to": 6, "from": 9, "vc": [15, 16, 15, 20, 11, 15, 26, 9, 20, 19], "hlc": [921547, 3]}
INFO:<Node 9>:{"send": false, "recv": true, "to": 9, "from": 3, "vc": [15, 14, 12, 24, 11, 13, 23, 16, 17, 20], "hlc": [921547, 0]}
INFO:<Node 0>:{"send": true, "recv": false, "from": 0, "to": 8, "vc": [18, 14, 8, 15, 9, 10, 17, 15, 16, 8], "hlc": [921548, 0]}
INFO:<Node 2>:{"send": true, "recv": false, "from": 2, "to": 0, "vc": [12, 17, 20, 18, 14, 18, 20, 9, 15, 14], "hlc": [921546, 4]}
INFO:<Node 4>:{"send": true, "recv": false, "from": 4, "to": 3, "vc": [17, 19, 15, 18, 19, 17, 22, 19, 22, 14], "hlc": [921548, 3]}
INFO:<Node 6>:{"send": true, "recv": false, "from": 6, "to": 9, "vc": [15, 16, 15, 20, 11, 15, 27, 9, 20, 19], "hlc": [921547, 4]}
INFO:<Node 7>:{"send": true, "recv": false, "from": 7, "to": 9, "vc": [11, 16, 10, 15, 12, 17, 17, 20, 16, 13], "hlc": [921545, 7]}
INFO:<Node 8>:{"send": true, "recv": false, "from": 8, "to": 3, "vc": [12, 16, 15, 15, 12, 17, 22, 18, 23, 13], "hlc": [921548, 2]}
INFO:<Node 0>:{"send": false, "recv": true, "to": 0, "from": 2, "vc": [19, 17, 20, 18, 14, 18, 20, 15, 16, 14], "hlc": [921548, 1]}
INFO:<Node 3>:{"send": false, "recv": true, "to": 3, "from": 4, "vc": [17, 19, 15, 25, 19, 17, 23, 19, 22, 17], "hlc": [921548, 4]}
INFO:<Node 3>:{"send": false, "recv": true, "to": 3, "from": 8, "vc": [17, 19, 15, 26, 19, 17, 23, 19, 23, 17], "hlc": [921548, 5]}
INFO:<Node 8>:{"send": false, "recv": true, "to": 8, "from": 0, "vc": [18, 16, 15, 15, 12, 17, 22, 18, 24, 13], "hlc": [921549, 0]}
INFO:<Node 9>:{"send": false, "recv": true, "to": 9, "from": 6, "vc": [15, 16, 15, 24, 11, 15, 27, 16, 20, 21], "hlc": [921547, 5]}
INFO:<Node 9>:{"send": false, "recv": true, "to": 9, "from": 7, "vc": [15, 16, 15, 24, 12, 17, 27, 20, 20, 22], "hlc": [921547, 6]}
INFO:<Node 0>:{"send": true, "recv": false, "from": 0, "to": 1, "vc": [20, 17, 20, 18, 14, 18, 20, 15, 16, 14], "hlc": [921548, 2]}
INFO:<Node 1>:{"send": true, "recv": false, "from": 1, "to": 5, "vc": [17, 21, 10, 18, 16, 10, 17, 15, 16, 14], "hlc": [921547, 2]}
INFO:<Node 2>:{"send": true, "recv": false, "from": 2, "to": 5, "vc": [12, 17, 21, 18, 14, 18, 20, 9, 15, 14], "hlc": [921546, 5]}
INFO:<Node 4>:{"send": true, "recv": false, "from": 4, "to": 8, "vc": [17, 19, 15, 18, 20, 17, 22, 19, 22, 14], "hlc": [921548, 4]}
INFO:<Node 7>:{"send": true, "recv": false, "from": 7, "to": 8, "vc": [11, 16, 10, 15, 12, 17, 17, 21, 16, 13], "hlc": [921545, 8]}
INFO:<Node 8>:{"send": true, "recv": false, "from": 8, "to": 5, "vc": [18, 16, 15, 15, 12, 17, 22, 18, 25, 13], "hlc": [921549, 1]}
INFO:<Node 1>:{"send": false, "recv": true, "to": 1, "from": 0, "vc": [20, 22, 20, 18, 16, 18, 20, 15, 16, 14], "hlc": [921548, 3]}
INFO:<Node 5>:{"send": false, "recv": true, "to": 5, "from": 1, "vc": [17, 21, 18, 22, 16, 22, 25, 16, 20, 17], "hlc": [921547, 4]}
INFO:<Node 5>:{"send": false, "recv": true, "to": 5, "from": 2, "vc": [17, 21, 21, 22, 16, 23, 25, 16, 20, 17], "hlc": [921547, 5]}
INFO:<Node 5>:{"send": false, "recv": true, "to": 5, "from": 8, "vc": [18, 21, 21, 22, 16, 24, 25, 18, 25, 17], "hlc": [921549, 2]}
INFO:<Node 8>:{"send": false, "recv": true, "to": 8, "from": 4, "vc": [18, 19, 15, 18, 20, 17, 22, 19, 26, 14], "hlc": [921549, 2]}
INFO:<Node 8>:{"send": false, "recv": true, "to": 8, "from": 7, "vc": [18, 19, 15, 18, 20, 17, 22, 21, 27, 14], "hlc": [921549, 3]}
INFO:<Node 0>:{"send": true, "recv": false, "from": 0, "to": 2, "vc": [21, 17, 20, 18, 14, 18, 20, 15, 16, 14], "hlc": [921549, 0]}
INFO:<Node 1>:{"send": true, "recv": false, "from": 1, "to": 4, "vc": [20, 23, 20, 18, 16, 18, 20, 15, 16, 14], "hlc": [921548, 4]}
INFO:<Node 2>:{"send": true, "recv": false, "from": 2, "to": 5, "vc": [12, 17, 22, 18, 14, 18, 20, 9, 15, 14], "hlc": [921547, 0]}
INFO:<Node 7>:{"send": true, "recv": false, "from": 7, "to": 9, "vc": [11, 16, 10, 15, 12, 17, 17, 22, 16, 13], "hlc": [921545, 9]}
INFO:<Node 9>:{"send": true, "recv": false, "from": 9, "to": 8, "vc": [15, 16, 15, 24, 12, 17, 27, 20, 20, 23], "hlc": [921548, 0]}
INFO:<Node 2>:{"send": false, "recv": true, "to": 2, "from": 0, "vc": [21, 17, 23, 18, 14, 18, 20, 15, 16, 14], "hlc": [921549, 1]}
INFO:<Node 4>:{"send": false, "recv": true, "to": 4, "from": 1, "vc": [20, 23, 20, 18, 21, 18, 22, 19, 22, 14], "hlc": [921549, 0]}
INFO:<Node 5>:{"send": false, "recv": true, "to": 5, "from": 2, "vc": [18, 21, 22, 22, 16, 25, 25, 18, 25, 17], "hlc": [921549, 3]}
INFO:<Node 8>:{"send": false, "recv": true, "to": 8, "from": 9, "vc": [18, 19, 15, 24, 20, 17, 27, 21, 28, 23], "hlc": [921550, 0]}
INFO:<Node 9>:{"send": false, "recv": true, "to": 9, "from": 7, "vc": [15, 16, 15, 24, 12, 17, 27, 22, 20, 24], "hlc": [921548, 1]}
INFO:<Node 0>:{"send": true, "recv": false, "from": 0, "to": 7, "vc": [22, 17, 20, 18, 14, 18, 20, 15, 16, 14], "hlc": [921549, 1]}
INFO:<Node 1>:{"send": true, "recv": false, "from": 1, "to": 6, "vc": [20, 24, 20, 18, 16, 18, 20, 15, 16, 14], "hlc": [921548, 5]}
INFO:<Node 2>:{"send": true, "recv": false, "from": 2, "to": 9, "vc": [21, 17, 24, 18, 14, 18, 20, 15, 16, 14], "hlc": [921549, 2]}
INFO:<Node 3>:{"send": true, "recv": false, "from": 3, "to": 2, "vc": [17, 19, 15, 27, 19, 17, 23, 19, 23, 17], "hlc": [921548, 6]}
INFO:<Node 4>:{"send": true, "recv": false, "from": 4, "to": 7, "vc": [20, 23, 20, 18, 22, 18, 22, 19, 22, 14], "hlc": [921549, 1]}
INFO:<Node 8>:{"send": true, "recv": false, "from": 8, "to": 7, "vc": [18, 19, 15, 24, 20, 17, 27, 21, 29, 23], "hlc": [921550, 1]}
INFO:<Node 2>:{"send": false, "recv": true, "to": 2, "from": 3, "vc": [21, 19, 25, 27, 19, 18, 23, 19, 23, 17], "hlc": [921549, 3]}
INFO:<Node 6>:{"send": false, "recv": true, "to": 6, "from": 1, "vc": [20, 24, 20, 20, 16, 18, 28, 15, 20, 19], "hlc": [921548, 6]}
INFO:<Node 7>:{"send": false, "recv": true, "to": 7, "from": 0, "vc": [22, 17, 20, 18, 14, 18, 20, 23, 16, 14], "hlc": [921549, 2]}
INFO:<Node 7>:{"send": false, "recv": true, "to": 7, "from": 4, "vc": [22, 23, 20, 18, 22, 18, 22, 24, 22, 14], "hlc": [921549, 3]}
INFO:<Node 7>:{"send": false, "recv": true, "to": 7, "from": 8, "vc": [22, 23, 20, 24, 22, 18, 27, 25, 29, 23], "hlc": [921550, 2]}
INFO:<Node 9>:{"send": false, "recv": true, "to": 9, "from": 2, "vc": [21, 17, 24, 24, 14, 18, 27, 22, 20, 25], "hlc": [921549, 3]}
INFO:<Node 1>:{"send": true, "recv": false, "from": 1, "to": 8, "vc": [20, 25, 20, 18, 16, 18, 20, 15, 16, 14], "hlc": [921548, 6]}
INFO:<Node 7>:{"send": true, "recv": false, "from": 7, "to": 3, "vc": [22, 23, 20, 24, 22, 18, 27, 26, 29, 23], "hlc": [921550, 3]}
INFO:<Node 8>:{"send": true, "recv": false, "from": 8, "to": 9, "vc": [18, 19, 15, 24, 20, 17, 27, 21, 30, 23], "hlc": [921550, 2]}
INFO:<Node 9>:{"send": true, "recv": false, "from": 9, "to": 3, "vc": [21, 17, 24, 24, 14, 18, 27, 22, 20, 26], "hlc": [921549, 4]}
INFO:<Node 3>:{"send": false, "recv": true, "to": 3, "from": 7, "vc": [22, 23, 20, 28, 22, 18, 27, 26, 29, 23], "hlc": [921550, 4]}
INFO:<Node 3>:{"send": false, "recv": true, "to": 3, "from": 9, "vc": [22, 23, 24, 29, 22, 18, 27, 26, 29, 26], "hlc": [921550, 5]}
INFO:<Node 8>:{"send": false, "recv": true, "to": 8, "from": 1, "vc": [20, 25, 20, 24, 20, 18, 27, 21, 31, 23], "hlc": [921551, 0]}
INFO:<Node 9>:{"send": false, "recv": true, "to": 9, "from": 8, "vc": [21, 19, 24, 24, 20, 18, 27, 22, 30, 27], "hlc": [921550, 3]}
INFO:<Node 0>:{"send": true, "recv": false, "from": 0, "to": 6, "vc": [23, 17, 20, 18, 14, 18, 20, 15, 16, 14], "hlc": [921550, 0]}
INFO:<Node 2>:{"send": true, "recv": false, "from": 2, "to": 9, "vc": [21, 19, 26, 27, 19, 18, 23, 19, 23, 17], "hlc": [921549, 4]}
INFO:<Node 3>:{"send": true, "recv": false, "from": 3, "to": 5, "vc": [22, 23, 24, 30, 22, 18, 27, 26, 29, 26], "hlc": [921550, 6]}
INFO:<Node 4>:{"send": true, "recv": false, "from": 4, "to": 3, "vc": [20, 23, 20, 18, 23, 18, 22, 19, 22, 14], "hlc": [921550, 0]}
INFO:<Node 5>:{"send": true, "recv": false, "from": 5, "to": 7, "vc": [18, 21, 22, 22, 16, 26, 25, 18, 25, 17], "hlc": [921549, 4]}
INFO:<Node 7>:{"send": true, "recv": false, "from": 7, "to": 2, "vc": [22, 23, 20, 24, 22, 18, 27, 27, 29, 23], "hlc": [921550, 4]}
INFO:<Node 9>:{"send": true, "recv": false, "from": 9, "to": 1, "vc": [21, 19, 24, 24, 20, 18, 27, 22, 30, 28], "hlc": [921550, 4]}
INFO:<Node 1>:{"send": false, "recv": true, "to": 1, "from": 9, "vc": [21, 26, 24, 24, 20, 18, 27, 22, 30, 28], "hlc": [921550, 5]}
INFO:<Node 2>:{"send": false, "recv": true, "to": 2, "from": 7, "vc": [22, 23, 27, 27, 22, 18, 27, 27, 29, 23], "hlc": [921550, 5]}
INFO:<Node 3>:{"send": false, "recv": true, "to": 3, "from": 4, "vc": [22, 23, 24, 31, 23, 18, 27, 26, 29, 26], "hlc": [921550, 7]}
INFO:<Node 5>:{"send": false, "recv": true, "to": 5, "from": 3, "vc": [22, 23, 24, 30, 22, 27, 27, 26, 29, 26], "hlc": [921550, 7]}
INFO:<Node 6>:{"send": false, "recv": true, "to": 6, "from": 0, "vc": [23, 24, 20, 20, 16, 18, 29, 15, 20, 19], "hlc": [921550, 1]}
INFO:<Node 7>:{"send": false, "recv": true, "to": 7, "from": 5, "vc": [22, 23, 22, 24, 22, 26, 27, 28, 29, 23], "hlc": [921550, 5]}
INFO:<Node 9>:{"send": false, "recv": true, "to": 9, "from": 2, "vc": [21, 19, 26, 27, 20, 18, 27, 22, 30, 29], "hlc": [921550, 5]}
INFO:<Node 1>:{"send": true, "recv": false, "from": 1, "to": 8, "vc": [21, 27, 24, 24, 20, 18, 27, 22, 30, 28], "hlc": [921550, 6]}
INFO:<Node 2>:{"send": true, "recv": false, "from": 2, "to": 9, "vc": [22, 23, 28, 27, 22, 18, 27, 27, 29, 23], "hlc": [921550, 6]}
INFO:<Node 4>:{"send": true, "recv": false, "from": 4, "to": 0, "vc": [20, 23, 20, 18, 24, 18, 22, 19, 22, 14], "hlc": [921550, 1]}
INFO:<Node 6>:{"send": true, "recv": false, "from": 6, "to": 5, "vc": [23, 24, 20, 20, 16, 18, 30, 15, 20, 19], "hlc": [921550, 2]}
INFO:<Node 7>:{"send": true, "recv": false, "from": 7, "to": 6, "vc": [22, 23, 22, 24, 22, 26, 27, 29, 29, 23], "hlc": [921550, 6]}
INFO:<Node 8>:{"send": true, "recv": false, "from": 8, "to": 3, "vc": [20, 25, 20, 24, 20, 18, 27, 21, 32, 23], "hlc": [921551, 1]}
INFO:<Node 0>:{"send": false, "recv": true, "to": 0, "from": 4, "vc": [24, 23, 20, 18, 24, 18, 22, 19, 22, 14], "hlc": [921551, 0]}
INFO:<Node 3>:{"send": false, "recv": true, "to": 3, "from": 8, "vc": [22, 25, 24, 32, 23, 18, 27, 26, 32, 26], "hlc": [921551, 2]}
INFO:<Node 5>:{"send": false, "recv": true, "to": 5, "from": 6, "vc": [23, 24, 24, 30, 22, 28, 30, 26, 29, 26], "hlc": [921550, 8]}
INFO:<Node 6>:{"send": false, "recv": true, "to": 6, "from": 7, "vc": [23, 24, 22, 24, 22, 26, 31, 29, 29, 23], "hlc": [921550, 7]}
INFO:<Node 8>:{"send": false, "recv": true, "to": 8, "from": 1, "vc": [21, 27, 24, 24, 20, 18, 27, 22, 33, 28], "hlc": [921552, 0]}
INFO:<Node 9>:{"send": false, "recv": true, "to": 9, "from": 2, "vc": [22, 23, 28, 27, 22, 18, 27, 27, 30, 30], "hlc": [921550, 7]}
INFO:<Node 1>:{"send": true, "recv": false, "from": 1, "to": 2, "vc": [21, 28, 24, 24, 20, 18, 27, 22, 30, 28], "hlc": [921550, 7]}
INFO:<Node 7>:{"send": true, "recv": false, "from": 7, "to": 2, "vc": [22, 23, 22, 24, 22, 26, 27, 30, 29, 23], "hlc": [921550, 7]}
INFO:<Node 8>:{"send": true, "recv": false, "from": 8, "to": 5, "vc": [21, 27, 24, 24, 20, 18, 27, 22, 34, 28], "hlc": [921552, 1]}
INFO:<Node 2>:{"send": false, "recv": true, "to": 2, "from": 1, "vc": [22, 28, 29, 27, 22, 18, 27, 27, 30, 28], "hlc": [921550, 8]}
INFO:<Node 2>:{"send": false, "recv": true, "to": 2, "from": 7, "vc": [22, 28, 30, 27, 22, 26, 27, 30, 30, 28], "hlc": [921550, 9]}
INFO:<Node 5>:{"send": false, "recv": true, "to": 5, "from": 8, "vc": [23, 27, 24, 30, 22, 29, 30, 26, 34, 28], "hlc": [921552, 2]}
INFO:<Node 4>:{"send": true, "recv": false, "from": 4, "to": 9, "vc": [20, 23, 20, 18, 25, 18, 22, 19, 22, 14], "hlc": [921551, 0]}
INFO:<Node 5>:{"send": true, "recv": false, "from": 5, "to": 1, "vc": [23, 27, 24, 30, 22, 30, 30, 26, 34, 28], "hlc": [921552, 3]}
INFO:<Node 6>:{"send": true, "recv": false, "from": 6, "to": 0, "vc": [23, 24, 22, 24, 22, 26, 32, 29, 29, 23], "hlc": [921550, 8]}
INFO:<Node 7>:{"send": true, "recv": false, "from": 7, "to": 1, "vc": [22, 23, 22, 24, 22, 26, 27, 31, 29, 23], "hlc": [921550, 8]}
INFO:<Node 8>:{"send": true, "recv": false, "from": 8, "to": 6, "vc": [21, 27, 24, 24, 20, 18, 27, 22, 35, 28], "hlc": [921552, 2]}
INFO:<Node 9>:{"send": true, "recv": false, "from": 9, "to": 3, "vc": [22, 23, 28, 27, 22, 18, 27, 27, 30, 31], "hlc": [921551, 0]}
INFO:<Node 0>:{"send": false, "recv": true, "to": 0, "from": 6, "vc": [25, 24, 22, 24, 24, 26, 32, 29, 29, 23], "hlc": [921552, 0]}
INFO:<Node 1>:{"send": false, "recv": true, "to": 1, "from": 5, "vc": [23, 29, 24, 30, 22, 30, 30, 26, 34, 28], "hlc": [921552, 4]}
INFO:<Node 1>:{"send": false, "recv": true, "to": 1, "from": 7, "vc": [23, 30, 24, 30, 22, 30, 30, 31, 34, 28], "hlc": [921552, 5]}
INFO:<Node 3>:{"send": false, "recv": true, "to": 3, "from": 9, "vc": [22, 25, 28, 33, 23, 18, 27, 27, 32, 31], "hlc": [921551, 3]}
INFO:<Node 6>:{"send": false, "recv": true, "to": 6, "from": 8, "vc": [23, 27, 24, 24, 22, 26, 33, 29, 35, 28], "hlc": [921552, 3]}
INFO:<Node 9>:{"send": false, "recv": true, "to": 9, "from": 4, "vc": [22, 23, 28, 27, 25, 18, 27, 27, 30, 32], "hlc": [921551, 1]}
INFO:<Node 6>:{"send": true, "recv": false, "from": 6, "to": 7, "vc": [23, 27, 24, 24, 22, 26, 34, 29, 35, 28], "hlc": [921552, 4]}
INFO:<Node 7>:{"send": true, "recv": false, "from": 7, "to": 0, "vc": [22, 23, 22, 24, 22, 26, 27, 32, 29, 23], "hlc": [921550, 9]}
INFO:<Node 8>:{"send": true, "recv": false, "from": 8, "to": 4, "vc": [21, 27, 24, 24, 20, 18, 27, 22, 36, 28], "hlc": [921553, 0]}
INFO:<Node 0>:{"send": false, "recv": true, "to": 0, "from": 7, "vc": [26, 24, 22, 24, 24, 26, 32, 32, 29, 23], "hlc": [921553, 0]}
INFO:<Node 4>:{"send": false, "recv": true, "to": 4, "from": 8, "vc": [21, 27, 24, 24, 26, 18, 27, 22, 36, 28], "hlc": [921553, 1]}
INFO:<Node 7>:{"send": false, "recv": true, "to": 7, "from": 6, "vc": [23, 27, 24, 24, 22, 26, 34, 33, 35, 28], "hlc": [921552, 5]}
INFO:<Node 0>:{"send": true, "recv": false, "from": 0, "to": 9, "vc": [27, 24, 22, 24, 24, 26, 32, 32, 29, 23], "hlc": [921553, 1]}
INFO:<Node 2>:{"send": true, "recv": false, "from": 2, "to": 4, "vc": [22, 28, 31, 27, 22, 26, 27, 30, 30, 28], "hlc": [921551, 0]}
INFO:<Node 3>:{"send": true, "recv": false, "from": 3, "to": 4, "vc": [22, 25, 28, 34, 23, 18, 27, 27, 32, 31], "hlc": [921551, 4]}
INFO:<Node 4>:{"send": true, "recv": false, "from": 4, "to": 9, "vc": [21, 27, 24, 24, 27, 18, 27, 22, 36, 28], "hlc": [921553, 2]}
INFO:<Node 5>:{"send": true, "recv": false, "from": 5, "to": 1, "vc": [23, 27, 24, 30, 22, 31, 30, 26, 34, 28], "hlc": [921552, 4]}
INFO:<Node 6>:{"send": true, "recv": false, "from": 6, "to": 1, "vc": [23, 27, 24, 24, 22, 26, 35, 29, 35, 28], "hlc": [921552, 5]}
INFO:<Node 7>:{"send": true, "recv": false, "from": 7, "to": 1, "vc": [23, 27, 24, 24, 22, 26, 34, 34, 35, 28], "hlc": [921552, 6]}
INFO:<Node 8>:{"send": true, "recv": false, "from": 8, "to": 0, "vc": [21, 27, 24, 24, 20, 18, 27, 22, 37, 28], "hlc": [921553, 1]}
INFO:<Node 0>:{"send": false, "recv": true, "to": 0, "from": 8, "vc": [28, 27, 24, 24, 24, 26, 32, 32, 37, 28], "hlc": [921553, 2]}
INFO:<Node 1>:{"send": false, "recv": true, "to": 1, "from": 5, "vc": [23, 31, 24, 30, 22, 31, 30, 31, 34, 28], "hlc": [921552, 6]}
INFO:<Node 1>:{"send": false, "recv": true, "to": 1, "from": 6, "vc": [23, 32, 24, 30, 22, 31, 35, 31, 35, 28], "hlc": [921552, 7]}
INFO:<Node 1>:{"send": false, "recv": true, "to": 1, "from": 7, "vc": [23, 33, 24, 30, 22, 31, 35, 34, 35, 28], "hlc": [921552, 8]}
INFO:<Node 4>:{"send": false, "recv": true, "to": 4, "from": 2, "vc": [22, 28, 31, 27, 28, 26, 27, 30, 36, 28], "hlc": [921553, 3]}
INFO:<Node 4>:{"send": false, "recv": true, "to": 4, "from": 3, "vc": [22, 28, 31, 34, 29, 26, 27, 30, 36, 31], "hlc": [921553, 4]}
INFO:<Node 9>:{"send": false, "recv": true, "to": 9, "from": 0, "vc": [27, 24, 28, 27, 25, 26, 32, 32, 30, 33], "hlc": [921553, 2]}
INFO:<Node 9>:{"send": false, "recv": true, "to": 9, "from": 4, "vc": [27, 27, 28, 27, 27, 26, 32, 32, 36, 34], "hlc": [921553, 3]}
INFO:<Node 5>:{"send": true, "recv": false, "from": 5, "to": 6, "vc": [23, 27, 24, 30, 22, 32, 30, 26, 34, 28], "hlc": [921552, 5]}
INFO:<Node 7>:{"send": true, "recv": false, "from": 7, "to": 3, "vc": [23, 27, 24, 24, 22, 26, 34, 35, 35, 28], "hlc": [921552, 7]}
INFO:<Node 3>:{"send": false, "recv": true, "to": 3, "from": 7, "vc": [23, 27, 28, 35, 23, 26, 34, 35, 35, 31], "hlc": [921552, 8]}
INFO:<Node 6>:{"send": false, "recv": true, "to": 6, "from": 5, "vc": [23, 27, 24, 30, 22, 32, 36, 29, 35, 28], "hlc": [921552, 6]}
INFO:<Node 1>:{"send": true, "recv": false, "from": 1, "to": 8, "vc": [23, 34, 24, 30, 22, 31, 35, 34, 35, 28], "hlc": [921552, 9]}
INFO:<Node 2>:{"send": true, "recv": false, "from": 2, "to": 5, "vc": [22, 28, 32, 27, 22, 26, 27, 30, 30, 28], "hlc": [921552, 0]}
INFO:<Node 5>:{"send": true, "recv": false, "from": 5, "to": 1, "vc": [23, 27, 24, 30, 22, 33, 30, 26, 34, 28], "hlc": [921552, 6]}
INFO:<Node 7>:{"send": true, "recv": false, "from": 7, "to": 0, "vc": [23, 27, 24, 24, 22, 26, 34, 36, 35, 28], "hlc": [921552, 8]}
INFO:<Node 8>:{"send": true, "recv": false, "from": 8, "to": 5, "vc": [21, 27, 24, 24, 20, 18, 27, 22, 38, 28], "hlc": [921554, 0]}
INFO:<Node 0>:{"send": false, "recv": true, "to": 0, "from": 7, "vc": [29, 27, 24, 24, 24, 26, 34, 36, 37, 28], "hlc": [921554, 0]}
INFO:<Node 1>:{"send": false, "recv": true, "to": 1, "from": 5, "vc": [23, 35, 24, 30, 22, 33, 35, 34, 35, 28], "hlc": [921552, 10]}
INFO:<Node 5>:{"send": false, "recv": true, "to": 5, "from": 2, "vc": [23, 28, 32, 30, 22, 34, 30, 30, 34, 28], "hlc": [921553, 0]}
INFO:<Node 5>:{"send": false, "recv": true, "to": 5, "from": 8, "vc": [23, 28, 32, 30, 22, 35, 30, 30, 38, 28], "hlc": [921554, 1]}
INFO:<Node 8>:{"send": false, "recv": true, "to": 8, "from": 1, "vc": [23, 34, 24, 30, 22, 31, 35, 34, 39, 28], "hlc": [921555, 0]}
INFO:<Node 4>:{"send": true, "recv": false, "from": 4, "to": 8, "vc": [22, 28, 31, 34, 30, 26, 27, 30, 36, 31], "hlc": [921554, 0]}
INFO:<Node 6>:{"send": true, "recv": false, "from": 6, "to": 9, "vc": [23, 27, 24, 30, 22, 32, 37, 29, 35, 28], "hlc": [921552, 7]}
INFO:<Node 8>:{"send": true, "recv": false, "from": 8, "to": 3, "vc": [23, 34, 24, 30, 22, 31, 35, 34, 40, 28], "hlc": [921555, 1]}
INFO:<Node 9>:{"send": true, "recv": false, "from": 9, "to": 3, "vc": [27, 27, 28, 27, 27, 26, 32, 32, 36, 35], "hlc": [921553, 4]}
INFO:<Node 3>:{"send": false, "recv": true, "to": 3, "from": 8, "vc": [23, 34, 28, 36, 23, 31, 35, 35, 40, 31], "hlc": [921555, 2]}
INFO:<Node 3>:{"send": false, "recv": true, "to": 3, "from": 9, "vc": [27, 34, 28, 37, 27, 31, 35, 35, 40, 35], "hlc": [921555, 3]}
INFO:<Node 8>:{"send": false, "recv": true, "to": 8, "from": 4, "vc": [23, 34, 31, 34, 30, 31, 35, 34, 41, 31], "hlc": [921555, 2]}
INFO:<Node 9>:{"send": false, "recv": true, "to": 9, "from": 6, "vc": [27, 27, 28, 30, 27, 32, 37, 32, 36, 36], "hlc": [921554, 0]}
INFO:<Node 0>:{"send": true, "recv": false, "from": 0, "to": 2, "vc": [30, 27, 24, 24, 24, 26, 34, 36, 37, 28], "hlc": [921555, 0]}
INFO:<Node 1>:{"send": true, "recv": false, "from": 1, "to": 6, "vc": [23, 36, 24, 30, 22, 33, 35, 34, 35, 28], "hlc": [921552, 11]}
INFO:<Node 3>:{"send": true, "recv": false, "from": 3, "to": 6, "vc": [27, 34, 28, 38, 27, 31, 35, 35, 40, 35], "hlc": [921555, 4]}
INFO:<Node 4>:{"send": true, "recv": false, "from": 4, "to": 8, "vc": [22, 28, 31, 34, 31, 26, 27, 30, 36, 31], "hlc": [921554, 1]}
INFO:<Node 5>:{"send": true, "recv": false, "from": 5, "to": 7, "vc": [23, 28, 32, 30, 22, 36, 30, 30, 38, 28], "hlc": [921554, 2]}
INFO:<Node 6>:{"send": true, "recv": false, "from": 6, "to": 0, "vc": [23, 27, 24, 30, 22, 32, 38, 29, 35, 28], "hlc": [921552, 8]}
INFO:<Node 7>:{"send": true, "recv": false, "from": 7, "to": 9, "vc": [23, 27, 24, 24, 22, 26, 34, 37, 35, 28], "hlc": [921552, 9]}
INFO:<Node 8>:{"send": true, "recv": false, "from": 8, "to": 3, "vc": [23, 34, 31, 34, 30, 31, 35, 34, 42, 31], "hlc": [921555, 3]}
INFO:<Node 0>:{"send": false, "recv": true, "to": 0, "from": 6, "vc": [31, 27, 24, 30, 24, 32, 38, 36, 37, 28], "hlc": [921555, 1]}
INFO:<Node 2>:{"send": false, "recv": true, "to": 2, "from": 0, "vc": [30, 28, 33, 27, 24, 26, 34, 36, 37, 28], "hlc": [921555, 1]}
INFO:<Node 3>:{"send": false, "recv": true, "to": 3, "from": 8, "vc": [27, 34, 31, 39, 30, 31, 35, 35, 42, 35], "hlc": [921555, 5]}
INFO:<Node 6>:{"send": false, "recv": true, "to": 6, "from": 1, "vc": [23, 36, 24, 30, 22, 33, 39, 34, 35, 28], "hlc": [921553, 0]}
INFO:<Node 6>:{"send": false, "recv": true, "to": 6, "from": 3, "vc": [27, 36, 28, 38, 27, 33, 40, 35, 40, 35], "hlc": [921555, 5]}
INFO:<Node 7>:{"send": false, "recv": true, "to": 7, "from": 5, "vc": [23, 28, 32, 30, 22, 36, 34, 38, 38, 28], "hlc": [921554, 3]}
INFO:<Node 8>:{"send": false, "recv": true, "to": 8, "from": 4, "vc": [23, 34, 31, 34, 31, 31, 35, 34, 43, 31], "hlc": [921556, 0]}
INFO:<Node 9>:{"send": false, "recv": true, "to": 9, "from": 7, "vc": [27, 27, 28, 30, 27, 32, 37, 37, 36, 37], "hlc": [921554, 1]}
INFO:<Node 0>:{"send": true, "recv": false, "from": 0, "to": 5, "vc": [32, 27, 24, 30, 24, 32, 38, 36, 37, 28], "hlc": [921555, 2]}
INFO:<Node 1>:{"send": true, "recv": false, "from": 1, "to": 5, "vc": [23, 37, 24, 30, 22, 33, 35, 34, 35, 28], "hlc": [921552, 12]}
INFO:<Node 3>:{"send": true, "recv": false, "from": 3, "to": 9, "vc": [27, 34, 31, 40, 30, 31, 35, 35, 42, 35], "hlc": [921555, 6]}
INFO:<Node 4>:{"send": true, "recv": false, "from": 4, "to": 6, "vc": [22, 28, 31, 34, 32, 26, 27, 30, 36, 31], "hlc": [921555, 0]}
INFO:<Node 5>:{"send": true, "recv": false, "from": 5, "to": 7, "vc": [23, 28, 32, 30, 22, 37, 30, 30, 38, 28], "hlc": [921554, 3]}
INFO:<Node 6>:{"send": true, "recv": false, "from": 6, "to": 8, "vc": [27, 36, 28, 38, 27, 33, 41, 35, 40, 35], "hlc": [921555, 6]}
INFO:<Node 7>:{"send": true, "recv": false, "from": 7, "to": 8, "vc": [23, 28, 32, 30, 22, 36, 34, 39, 38, 28], "hlc": [921554, 4]}
INFO:<Node 9>:{"send": true, "recv": false, "from": 9, "to": 5, "vc": [27, 27, 28, 30, 27, 32, 37, 37, 36, 38], "hlc": [921554, 2]}
INFO:<Node 5>:{"send": false, "recv": true, "to": 5, "from": 0, "vc": [32, 28, 32, 30, 24, 38, 38, 36, 38, 28], "hlc": [921555, 3]}
INFO:<Node 5>:{"send": false, "recv": true, "to": 5, "from": 1, "vc": [32, 37, 32, 30, 24, 39, 38, 36, 38, 28], "hlc": [921555, 4]}
INFO:<Node 5>:{"send": false, "recv": true, "to": 5, "from": 9, "vc": [32, 37, 32, 30, 27, 40, 38, 37, 38, 38], "hlc": [921555, 5]}
INFO:<Node 6>:{"send": false, "recv": true, "to": 6, "from": 4, "vc": [27, 36, 31, 38, 32, 33, 42, 35, 40, 35], "hlc": [921555, 7]}
INFO:<Node 7>:{"send": false, "recv": true, "to": 7, "from": 5, "vc": [23, 28, 32, 30, 22, 37, 34, 40, 38, 28], "hlc": [921554, 5]}
INFO:<Node 8>:{"send": false, "recv": true, "to": 8, "from": 6, "vc": [27, 36, 31, 38, 31, 33, 41, 35, 44, 35], "hlc": [921556, 1]}
INFO:<Node 8>:{"send": false, "recv": true, "to": 8, "from": 7, "vc": [27, 36, 32, 38, 31, 36, 41, 39, 45, 35], "hlc": [921556, 2]}
INFO:<Node 9>:{"send": false, "recv": true, "to": 9, "from": 3, "vc": [27, 34, 31, 40, 30, 32, 37, 37, 42, 39], "hlc": [921555, 7]}
INFO:<Node 2>:{"send": true, "recv": false, "from": 2, "to": 8, "vc": [30, 28, 34, 27, 24, 26, 34, 36, 37, 28], "hlc": [921555, 2]}
INFO:<Node 4>:{"send": true, "recv": false, "from": 4, "to": 8, "vc": [22, 28, 31, 34, 33, 26, 27, 30, 36, 31], "hlc": [921555, 1]}
INFO:<Node 5>:{"send": true, "recv": false, "from": 5, "to": 1, "vc": [32, 37, 32, 30, 27, 41, 38, 37, 38, 38], "hlc": [921555, 6]}
INFO:<Node 7>:{"send": true, "recv": false, "from": 7, "to": 5, "vc": [23, 28, 32, 30, 22, 37, 34, 41, 38, 28], "hlc": [921554, 6]}
INFO:<Node 8>:{"send": true, "recv": false, "from": 8, "to": 9, "vc": [27, 36, 32, 38, 31, 36, 41, 39, 46, 35], "hlc": [921556, 3]}
INFO:<Node 9>:{"send": true, "recv": false, "from": 9, "to": 5, "vc": [27, 34, 31, 40, 30, 32, 37, 37, 42, 40], "hlc": [921555, 8]}
INFO:<Node 1>:{"send": false, "recv": true, "to": 1, "from": 5, "vc": [32, 38, 32, 30, 27, 41, 38, 37, 38, 38], "hlc": [921555, 7]}
INFO:<Node 5>:{"send": false, "recv": true, "to": 5, "from": 7, "vc": [32, 37, 32, 30, 27, 42, 38, 41, 38, 38], "hlc": [921555, 7]}
INFO:<Node 5>:{"send": false, "recv": true, "to": 5, "from": 9, "vc": [32, 37, 32, 40, 30, 43, 38, 41, 42, 40], "hlc": [921555, 9]}
INFO:<Node 8>:{"send": false, "recv": true, "to": 8, "from": 2, "vc": [30, 36, 34, 38, 31, 36, 41, 39, 47, 35], "hlc": [921557, 0]}
INFO:<Node 8>:{"send": false, "recv": true, "to": 8, "from": 4, "vc": [30, 36, 34, 38, 33, 36, 41, 39, 48, 35], "hlc": [921557, 1]}
INFO:<Node 9>:{"send": false, "recv": true, "to": 9, "from": 8, "vc": [27, 36, 32, 40, 31, 36, 41, 39, 46, 41], "hlc": [921556, 4]}
INFO:<Node 0>:{"send": true, "recv": false, "from": 0, "to": 3, "vc": [33, 27, 24, 30, 24, 32, 38, 36, 37, 28], "hlc": [921556, 0]}
INFO:<Node 1>:{"send": true, "recv": false, "from": 1, "to": 8, "vc": [32, 39, 32, 30, 27, 41, 38, 37, 38, 38], "hlc": [921555, 8]}
INFO:<Node 2>:{"send": true, "recv": false, "from": 2, "to": 5, "vc": [30, 28, 35, 27, 24, 26, 34, 36, 37, 28], "hlc": [921555, 3]}
INFO:<Node 3>:{"send": true, "recv": false, "from": 3, "to": 9, "vc": [27, 34, 31, 41, 30, 31, 35, 35, 42, 35], "hlc": [921555, 7]}
INFO:<Node 6>:{"send": true, "recv": false, "from": 6, "to": 7, "vc": [27, 36, 31, 38, 32, 33, 43, 35, 40, 35], "hlc": [921555, 8]}
INFO:<Node 7>:{"send": true, "recv": false, "from": 7, "to": 4, "vc": [23, 28, 32, 30, 22, 37, 34, 42, 38, 28], "hlc": [921554, 7]}
INFO:<Node 8>:{"send": true, "recv": false, "from": 8, "to": 7, "vc": [30, 36, 34, 38, 33, 36, 41, 39, 49, 35], "hlc": [921557, 2]}
INFO:<Node 9>:{"send": true, "recv": false, "from": 9, "to": 1, "vc": [27, 36, 32, 40, 31, 36, 41, 39, 46, 42], "hlc": [921556, 5]}
INFO:<Node 1>:{"send": false, "recv": true, "to": 1, "from": 9, "vc": [32, 40, 32, 40, 31, 41, 41, 39, 46, 42], "hlc": [921556, 6]}
INFO:<Node 3>:{"send": false, "recv": true, "to": 3, "from": 0, "vc": [33, 34, 31, 42, 30, 32, 38, 36, 42, 35], "hlc": [921556, 1]}
INFO:<Node 4>:{"send": false, "recv": true, "to": 4, "from": 7, "vc": [23, 28, 32, 34, 34, 37, 34, 42, 38, 31], "hlc": [921556, 0]}
INFO:<Node 5>:{"send": false, "recv": true, "to": 5, "from": 2, "vc": [32, 37, 35, 40, 30, 44, 38, 41, 42, 40], "hlc": [921555, 10]}
INFO:<Node 7>:{"send": false, "recv": true, "to": 7, "from": 6, "vc": [27, 36, 32, 38, 32, 37, 43, 43, 40, 35], "hlc": [921555, 9]}
INFO:<Node 7>:{"send": false, "recv": true, "to": 7, "from": 8, "vc": [30, 36, 34, 38, 33, 37, 43, 44, 49, 35], "hlc": [921557, 3]}
INFO:<Node 8>:{"send": false, "recv": true, "to": 8, "from": 1, "vc": [32, 39, 34, 38, 33, 41, 41, 39, 50, 38], "hlc": [921557, 3]}
INFO:<Node 9>:{"send": false, "recv": true, "to": 9, "from": 3, "vc": [27, 36, 32, 41, 31, 36, 41, 39, 46, 43], "hlc": [921556, 6]}
INFO:<Node 3>:{"send": true, "recv": false, "from": 3, "to": 2, "vc": [33, 34, 31, 43, 30, 32, 38, 36, 42, 35], "hlc": [921556, 2]}
INFO:<Node 5>:{"send": true, "recv": false, "from": 5, "to": 0, "vc": [32, 37, 35, 40, 30, 45, 38, 41, 42, 40], "hlc": [921555, 11]}
INFO:<Node 6>:{"send": true, "recv": false, "from": 6, "to": 0, "vc": [27, 36, 31, 38, 32, 33, 44, 35, 40, 35], "hlc": [921555, 9]}
INFO:<Node 7>:{"send": true, "recv": false, "from": 7, "to": 8, "vc": [30, 36, 34, 38, 33, 37, 43, 45, 49, 35], "hlc": [921557, 4]}
INFO:<Node 8>:{"send": true, "recv": false, "from": 8, "to": 3, "vc": [32, 39, 34, 38, 33, 41, 41, 39, 51, 38], "hlc": [921557, 4]}
INFO:<Node 9>:{"send": true, "recv": false, "from": 9, "to": 6, "vc": [27, 36, 32, 41, 31, 36, 41, 39, 46, 44], "hlc": [921556, 7]}
INFO:<Node 0>:{"send": false, "recv": true, "to": 0, "from": 5, "vc": [34, 37, 35, 40, 30, 45, 38, 41, 42, 40], "hlc": [921557, 0]}
INFO:<Node 0>:{"send": false, "recv": true, "to": 0, "from": 6, "vc": [35, 37, 35, 40, 32, 45, 44, 41, 42, 40], "hlc": [921557, 1]}
INFO:<Node 2>:{"send": false, "recv": true, "to": 2, "from": 3, "vc": [33, 34, 36, 43, 30, 32, 38, 36, 42, 35], "hlc": [921556, 3]}
INFO:<Node 3>:{"send": false, "recv": true, "to": 3, "from": 8, "vc": [33, 39, 34, 44, 33, 41, 41, 39, 51, 38], "hlc": [921557, 5]}
INFO:<Node 6>:{"send": false, "recv": true, "to": 6, "from": 9, "vc": [27, 36, 32, 41, 32, 36, 45, 39, 46, 44], "hlc": [921556, 8]}
INFO:<Node 8>:{"send": false, "recv": true, "to": 8, "from": 7, "vc": [32, 39, 34, 38, 33, 41, 43, 45, 52, 38], "hlc": [921558, 0]}
INFO:<Node 0>:{"send": true, "recv": false, "from": 0, "to": 7, "vc": [36, 37, 35, 40, 32, 45, 44, 41, 42, 40], "hlc": [921557, 2]}
INFO:<Node 1>:{"send": true, "recv": false, "from": 1, "to": 2, "vc": [32, 41, 32, 40, 31, 41, 41, 39, 46, 42], "hlc": [921556, 7]}
INFO:<Node 2>:{"send": true, "recv": false, "from": 2, "to": 7, "vc": [33, 34, 37, 43, 30, 32, 38, 36, 42, 35], "hlc": [921556, 4]}
INFO:<Node 5>:{"send": true, "recv": false, "from": 5, "to": 7, "vc": [32, 37, 35, 40, 30, 46, 38, 41, 42, 40], "hlc": [921556, 0]}
INFO:<Node 6>:{"send": true, "recv": false, "from": 6, "to": 4, "vc": [27, 36, 32, 41, 32, 36, 46, 39, 46, 44], "hlc": [921556, 9]}
INFO:<Node 8>:{"send": true, "recv": false, "from": 8, "to": 9, "vc": [32, 39, 34, 38, 33, 41, 43, 45, 53, 38], "hlc": [921558, 1]}
INFO:<Node 9>:{"send": true, "recv": false, "from": 9, "to": 7, "vc": [27, 36, 32, 41, 31, 36, 41, 39, 46, 45], "hlc": [921556, 8]}
INFO:<Node 2>:{"send": false, "recv": true, "to": 2, "from": 1, "vc": [33, 41, 38, 43, 31, 41, 41, 39, 46, 42], "hlc": [921556, 8]}
INFO:<Node 4>:{"send": false, "recv": true, "to": 4, "from": 6, "vc": [27, 36, 32, 41, 35, 37, 46, 42, 46, 44], "hlc": [921557, 0]}
INFO:<Node 7>:{"send": false, "recv": true, "to": 7, "from": 0, "vc": [36, 37, 35, 40, 33, 45, 44, 46, 49, 40], "hlc": [921557, 5]}
INFO:<Node 7>:{"send": false, "recv": true, "to": 7, "from": 2, "vc": [36, 37, 37, 43, 33, 45, 44, 47, 49, 40], "hlc": [921557, 6]}
INFO:<Node 7>:{"send": false, "recv": true, "to": 7, "from": 5, "vc": [36, 37, 37, 43, 33, 46, 44, 48, 49, 40], "hlc": [921557, 7]}
INFO:<Node 7>:{"send": false, "recv": true, "to": 7, "from": 9, "vc": [36, 37, 37, 43, 33, 46, 44, 49, 49, 45], "hlc": [921557, 8]}
INFO:<Node 9>:{"send": false, "recv": true, "to": 9, "from": 8, "vc": [32, 39, 34, 41, 33, 41, 43, 45, 53, 46], "hlc": [921558, 2]}
INFO:<Node 1>:{"send": true, "recv": false, "from": 1, "to": 7, "vc": [32, 42, 32, 40, 31, 41, 41, 39, 46, 42], "hlc": [921556, 8]}
INFO:<Node 2>:{"send": true, "recv": false, "from": 2, "to": 6, "vc": [33, 41, 39, 43, 31, 41, 41, 39, 46, 42], "hlc": [921556, 9]}
INFO:<Node 3>:{"send": true, "recv": false, "from": 3, "to": 5, "vc": [33, 39, 34, 45, 33, 41, 41, 39, 51, 38], "hlc": [921557, 6]}
INFO:<Node 5>:{"send": true, "recv": false, "from": 5, "to": 9, "vc": [32, 37, 35, 40, 30, 47, 38, 41, 42, 40], "hlc": [921557, 0]}
INFO:<Node 6>:{"send": true, "recv": false, "from": 6, "to": 0, "vc": [27, 36, 32, 41, 32, 36, 47, 39, 46, 44], "hlc": [921556, 10]}
INFO:<Node 7>:{"send": true, "recv": false, "from": 7, "to": 5, "vc": [36, 37, 37, 43, 33, 46, 44, 50, 49, 45], "hlc": [921557, 9]}
INFO:<Node 8>:{"send": true, "recv": false, "from": 8, "to": 6, "vc": [32, 39, 34, 38, 33, 41, 43, 45, 54, 38], "hlc": [921558, 2]}
INFO:<Node 9>:{"send": true, "recv": false, "from": 9, "to": 5, "vc": [32, 39, 34, 41, 33, 41, 43, 45, 53, 47], "hlc": [921558, 3]}
INFO:<Node 0>:{"send": false, "recv": true, "to": 0, "from": 6, "vc": [37, 37, 35, 41, 32, 45, 47, 41, 46, 44], "hlc": [921558, 0]}
INFO:<Node 5>:{"send": false, "recv": true, "to": 5, "from": 3, "vc": [33, 39, 35, 45, 33, 48, 41, 41, 51, 40], "hlc": [921557, 7]}
INFO:<Node 5>:{"send": false, "recv": true, "to": 5, "from": 7, "vc": [36, 39, 37, 45, 33, 49, 44, 50, 51, 45], "hlc": [921557, 10]}
INFO:<Node 5>:{"send": false, "recv": true, "to": 5, "from": 9, "vc": [36, 39, 37, 45, 33, 50, 44, 50, 53, 47], "hlc": [921558, 4]}
INFO:<Node 6>:{"send": false, "recv": true, "to": 6, "from": 2, "vc": [33, 41, 39, 43, 32, 41, 48, 39, 46, 44], "hlc": [921556, 11]}
INFO:<Node 6>:{"send": false, "recv": true, "to": 6, "from": 8, "vc": [33, 41, 39, 43, 33, 41, 49, 45, 54, 44], "hlc": [921558, 3]}
INFO:<Node 7>:{"send": false, "recv": true, "to": 7, "from": 1, "vc": [36, 42, 37, 43, 33, 46, 44, 51, 49, 45], "hlc": [921557, 10]}
INFO:<Node 9>:{"send": false, "recv": true, "to": 9, "from": 5, "vc": [32, 39, 35, 41, 33, 47, 43, 45, 53, 48], "hlc": [921558, 4]}
INFO:<Node 0>:{"send": true, "recv": false, "from": 0, "to": 4, "vc": [38, 37, 35, 41, 32, 45, 47, 41, 46, 44], "hlc": [921558, 1]}
INFO:<Node 2>:{"send": true, "recv": false, "from": 2, "to": 0, "vc": [33, 41, 40, 43, 31, 41, 41, 39, 46, 42], "hlc": [921556, 10]}
INFO:<Node 3>:{"send": true, "recv": false, "from": 3, "to": 2, "vc": [33, 39, 34, 46, 33, 41, 41, 39, 51, 38], "hlc": [921557, 7]}
INFO:<Node 4>:{"send": true, "recv": false, "from": 4, "to": 9, "vc": [27, 36, 32, 41, 36, 37, 46, 42, 46, 44], "hlc": [921558, 0]}
INFO:<Node 6>:{"send": true, "recv": false, "from": 6, "to": 4, "vc": [33, 41, 39, 43, 33, 41, 50, 45, 54, 44], "hlc": [921558, 4]}
INFO:<Node 7>:{"send": true, "recv": false, "from": 7, "to": 9, "vc": [36, 42, 37, 43, 33, 46, 44, 52, 49, 45], "hlc": [921557, 11]}
INFO:<Node 8>:{"send": true, "recv": false, "from": 8, "to": 7, "vc": [32, 39, 34, 38, 33, 41, 43, 45, 55, 38], "hlc": [921559, 0]}
INFO:<Node 9>:{"send": true, "recv": false, "from": 9, "to": 5, "vc": [32, 39, 35, 41, 33, 47, 43, 45, 53, 49], "hlc": [921558, 5]}
INFO:<Node 0>:{"send": false, "recv": true, "to": 0, "from": 2, "vc": [39, 41, 40, 43, 32, 45, 47, 41, 46, 44], "hlc": [921559, 0]}
INFO:<Node 2>:{"send": false, "recv": true, "to": 2, "from": 3, "vc": [33, 41, 41, 46, 33, 41, 41, 39, 51, 42], "hlc": [921557, 8]}
INFO:<Node 4>:{"send": false, "recv": true, "to": 4, "from": 0, "vc": [38, 37, 35, 41, 37, 45, 47, 42, 46, 44], "hlc": [921558, 2]}
INFO:<Node 4>:{"send": false, "recv": true, "to": 4, "from": 6, "vc": [38, 41, 39, 43, 38, 45, 50, 45, 54, 44], "hlc": [921558, 5]}
INFO:<Node 5>:{"send": false, "recv": true, "to": 5, "from": 9, "vc": [36, 39, 37, 45, 33, 51, 44, 50, 53, 49], "hlc": [921558, 6]}
INFO:<Node 7>:{"send": false, "recv": true, "to": 7, "from": 8, "vc": [36, 42, 37, 43, 33, 46, 44, 53, 55, 45], "hlc": [921559, 1]}
INFO:<Node 9>:{"send": false, "recv": true, "to": 9, "from": 4, "vc": [32, 39, 35, 41, 36, 47, 46, 45, 53, 50], "hlc": [921558, 6]}
INFO:<Node 9>:{"send": false, "recv": true, "to": 9, "from": 7, "vc": [36, 42, 37, 43, 36, 47, 46, 52, 53, 51], "hlc": [921558, 7]}
INFO:<Node 0>:{"send": true, "recv": false, "from": 0, "to": 8, "vc": [40, 41, 40, 43, 32, 45, 47, 41, 46, 44], "hlc": [921559, 1]}
INFO:<Node 1>:{"send": true, "recv": false, "from": 1, "to": 2, "vc": [32, 43, 32, 40, 31, 41, 41, 39, 46, 42], "hlc": [921556, 9]}
INFO:<Node 2>:{"send": true, "recv": false, "from": 2, "to": 7, "vc": [33, 41, 42, 46, 33, 41, 41, 39, 51, 42], "hlc": [921557, 9]}
INFO:<Node 3>:{"send": true, "recv": false, "from": 3, "to": 8, "vc": [33, 39, 34, 47, 33, 41, 41, 39, 51, 38], "hlc": [921557, 8]}
INFO:<Node 4>:{"send": true, "recv": false, "from": 4, "to": 9, "vc": [38, 41, 39, 43, 39, 45, 50, 45, 54, 44], "hlc": [921558, 6]}
INFO:<Node 5>:{"send": true, "recv": false, "from": 5, "to": 6, "vc": [36, 39, 37, 45, 33, 52, 44, 50, 53, 49], "hlc": [921558, 7]}
INFO:<Node 8>:{"send": true, "recv": false, "from": 8, "to": 9, "vc": [32, 39, 34, 38, 33, 41, 43, 45, 56, 38], "hlc": [921559, 1]}
INFO:<Node 2>:{"send": false, "recv": true, "to": 2, "from": 1, "vc": [33, 43, 43, 46, 33, 41, 41, 39, 51, 42], "hlc": [921557, 10]}
INFO:<Node 6>:{"send": false, "recv": true, "to": 6, "from": 5, "vc": [36, 41, 39, 45, 33, 52, 51, 50, 54, 49], "hlc": [921558, 8]}
INFO:<Node 7>:{"send": false, "recv": true, "to": 7, "from": 2, "vc": [36, 42, 42, 46, 33, 46, 44, 54, 55, 45], "hlc": [921559, 2]}
INFO:<Node 8>:{"send": false, "recv": true, "to": 8, "from": 0, "vc": [40, 41, 40, 43, 33, 45, 47, 45, 57, 44], "hlc": [921560, 0]}
INFO:<Node 8>:{"send": false, "recv": true, "to": 8, "from": 3, "vc": [40, 41, 40, 47, 33, 45, 47, 45, 58, 44], "hlc": [921560, 1]}
INFO:<Node 9>:{"send": false, "recv": true, "to": 9, "from": 4, "vc": [38, 42, 39, 43, 39, 47, 50, 52, 54, 52], "hlc": [921558, 8]}
INFO:<Node 9>:{"send": false, "recv": true, "to": 9, "from": 8, "vc": [38, 42, 39, 43, 39, 47, 50, 52, 56, 53], "hlc": [921559, 2]}
INFO:<Node 1>:{"send": true, "recv": false, "from": 1, "to": 7, "vc": [32, 44, 32, 40, 31, 41, 41, 39, 46, 42], "hlc": [921556, 10]}
INFO:<Node 3>:{"send": true, "recv": false, "from": 3, "to": 5, "vc": [33, 39, 34, 48, 33, 41, 41, 39, 51, 38], "hlc": [921558, 0]}
INFO:<Node 4>:{"send": true, "recv": false, "from": 4, "to": 6, "vc": [38, 41, 39, 43, 40, 45, 50, 45, 54, 44], "hlc": [921559, 0]}
INFO:<Node 6>:{"send": true, "recv": false, "from": 6, "to": 3, "vc": [36, 41, 39, 45, 33, 52, 52, 50, 54, 49], "hlc": [921558, 9]}
INFO:<Node 7>:{"send": true, "recv": false, "from": 7, "to": 3, "vc": [36, 42, 42, 46, 33, 46, 44, 55, 55, 45], "hlc": [921559, 3]}
INFO:<Node 9>:{"send": true, "recv": false, "from": 9, "to": 0, "vc": [38, 42, 39, 43, 39, 47, 50, 52, 56, 54], "hlc": [921559, 3]}
INFO:<Node 0>:{"send": false, "recv": true, "to": 0, "from": 9, "vc": [41, 42, 40, 43, 39, 47, 50, 52, 56, 54], "hlc": [921560, 0]}
INFO:<Node 3>:{"send": false, "recv": true, "to": 3, "from": 6, "vc": [36, 41, 39, 49, 33, 52, 52, 50, 54, 49], "hlc": [921558, 10]}
INFO:<Node 3>:{"send": false, "recv": true, "to": 3, "from": 7, "vc": [36, 42, 42, 50, 33, 52, 52, 55, 55, 49], "hlc": [921559, 4]}
INFO:<Node 5>:{"send": false, "recv": true, "to": 5, "from": 3, "vc": [36, 39, 37, 48, 33, 53, 44, 50, 53, 49], "hlc": [921559, 0]}
INFO:<Node 6>:{"send": false, "recv": true, "to": 6, "from": 4, "vc": [38, 41, 39, 45, 40, 52, 53, 50, 54, 49], "hlc": [921559, 1]}
INFO:<Node 7>:{"send": false, "recv": true, "to": 7, "from": 1, "vc": [36, 44, 42, 46, 33, 46, 44, 56, 55, 45], "hlc": [921559, 4]}
INFO:<Node 1>:{"send": true, "recv": false, "from": 1, "to": 6, "vc": [32, 45, 32, 40, 31, 41, 41, 39, 46, 42], "hlc": [921556, 11]}
INFO:<Node 2>:{"send": true, "recv": false, "from": 2, "to": 4, "vc": [33, 43, 44, 46, 33, 41, 41, 39, 51, 42], "hlc": [921558, 0]}
INFO:<Node 5>:{"send": true, "recv": false, "from": 5, "to": 0, "vc": [36, 39, 37, 48, 33, 54, 44, 50, 53, 49], "hlc": [921559, 1]}
INFO:<Node 7>:{"send": true, "recv": false, "from": 7, "to": 2, "vc": [36, 44, 42, 46, 33, 46, 44, 57, 55, 45], "hlc": [921559, 5]}
INFO:<Node 8>:{"send": true, "recv": false, "from": 8, "to": 2, "vc": [40, 41, 40, 47, 33, 45, 47, 45, 59, 44], "hlc": [921560, 2]}
INFO:<Node 0>:{"send": false, "recv": true, "to": 0, "from": 5, "vc": [42, 42, 40, 48, 39, 54, 50, 52, 56, 54], "hlc": [921560, 1]}
INFO:<Node 2>:{"send": false, "recv": true, "to": 2, "from": 7, "vc": [36, 44, 45, 46, 33, 46, 44, 57, 55, 45], "hlc": [921559, 6]}
INFO:<Node 2>:{"send": false, "recv": true, "to": 2, "from": 8, "vc": [40, 44, 46, 47, 33, 46, 47, 57, 59, 45], "hlc": [921560, 3]}
INFO:<Node 4>:{"send": false, "recv": true, "to": 4, "from": 2, "vc": [38, 43, 44, 46, 41, 45, 50, 45, 54, 44], "hlc": [921560, 0]}
INFO:<Node 6>:{"send": false, "recv": true, "to": 6, "from": 1, "vc": [38, 45, 39, 45, 40, 52, 54, 50, 54, 49], "hlc": [921559, 2]}
INFO:<Node 0>:{"send": true, "recv": false, "from": 0, "to": 7, "vc": [43, 42, 40, 48, 39, 54, 50, 52, 56, 54], "hlc": [921560, 2]}
INFO:<Node 1>:{"send": true, "recv": false, "from": 1, "to": 4, "vc": [32, 46, 32, 40, 31, 41, 41, 39, 46, 42], "hlc": [921556, 12]}
INFO:<Node 2>:{"send": true, "recv": false, "from": 2, "to": 3, "vc": [40, 44, 47, 47, 33, 46, 47, 57, 59, 45], "hlc": [921560, 4]}
INFO:<Node 4>:{"send": true, "recv": false, "from": 4, "to": 2, "vc": [38, 43, 44, 46, 42, 45, 50, 45, 54, 44], "hlc": [921560, 1]}
INFO:<Node 5>:{"send": true, "recv": false, "from": 5, "to": 2, "vc": [36, 39, 37, 48, 33, 55, 44, 50, 53, 49], "hlc": [921559, 2]}
INFO:<Node 7>:{"send": true, "recv": false, "from": 7, "to": 4, "vc": [36, 44, 42, 46, 33, 46, 44, 58, 55, 45], "hlc": [921559, 6]}
INFO:<Node 8>:{"send": true, "recv": false, "from": 8, "to": 9, "vc": [40, 41, 40, 47, 33, 45, 47, 45, 60, 44], "hlc": [921561, 0]}
INFO:<Node 9>:{"send": true, "recv": false, "from": 9, "to": 3, "vc": [38, 42, 39, 43, 39, 47, 50, 52, 56, 55], "hlc": [921559, 4]}
INFO:<Node 2>:{"send": false, "recv": true, "to": 2, "from": 4, "vc": [40, 44, 48, 47, 42, 46, 50, 57, 59, 45], "hlc": [921560, 5]}
INFO:<Node 2>:{"send": false, "recv": true, "to": 2, "from": 5, "vc": [40, 44, 49, 48, 42, 55, 50, 57, 59, 49], "hlc": [921560, 6]}
INFO:<Node 3>:{"send": false, "recv": true, "to": 3, "from": 2, "vc": [40, 44, 47, 51, 33, 52, 52, 57, 59, 49], "hlc": [921560, 5]}
INFO:<Node 3>:{"send": false, "recv": true, "to": 3, "from": 9, "vc": [40, 44, 47, 52, 39, 52, 52, 57, 59, 55], "hlc": [921560, 6]}
INFO:<Node 4>:{"send": false, "recv": true, "to": 4, "from": 1, "vc": [38, 46, 44, 46, 43, 45, 50, 45, 54, 44], "hlc": [921560, 2]}
INFO:<Node 4>:{"send": false, "recv": true, "to": 4, "from": 7, "vc": [38, 46, 44, 46, 44, 46, 50, 58, 55, 45], "hlc": [921560, 3]}
INFO:<Node 7>:{"send": false, "recv": true, "to": 7, "from": 0, "vc": [43, 44, 42, 48, 39, 54, 50, 59, 56, 54], "hlc": [921560, 3]}
INFO:<Node 9>:{"send": false, "recv": true, "to": 9, "from": 8, "vc": [40, 42, 40, 47, 39, 47, 50, 52, 60, 56], "hlc": [921561, 1]}
INFO:<Node 0>:{"send": true, "recv": false, "from": 0, "to": 8, "vc": [44, 42, 40, 48, 39, 54, 50, 52, 56, 54], "hlc": [921561, 0]}
INFO:<Node 2>:{"send": true, "recv": false, "from": 2, "to": 3, "vc": [40, 44, 50, 48, 42, 55, 50, 57, 59, 49], "hlc": [921560, 7]}
INFO:<Node 3>:{"send": true, "recv": false, "from": 3, "to": 7, "vc": [40, 44, 47, 53, 39, 52, 52, 57, 59, 55], "hlc": [921560, 7]}
INFO:<Node 4>:{"send": true, "recv": false, "from": 4, "to": 0, "vc": [38, 46, 44, 46, 45, 46, 50, 58, 55, 45], "hlc": [921560, 4]}
INFO:<Node 7>:{"send": true, "recv": false, "from": 7, "to": 3, "vc": [43, 44, 42, 48, 39, 54, 50, 60, 56, 54], "hlc": [921560, 4]}
INFO:<Node 8>:{"send": true, "recv": false, "from": 8, "to": 2, "vc": [40, 41, 40, 47, 33, 45, 47, 45, 61, 44], "hlc": [921561, 1]}
INFO:<Node 0>:{"send": false, "recv": true, "to": 0, "from": 4, "vc": [45, 46, 44, 48, 45, 54, 50, 58, 56, 54], "hlc": [921561, 1]}
INFO:<Node 2>:{"send": false, "recv": true, "to": 2, "from": 8, "vc": [40, 44, 51, 48, 42, 55, 50, 57, 61, 49], "hlc": [921561, 2]}
INFO:<Node 3>:{"send": false, "recv": true, "to": 3, "from": 2, "vc": [40, 44, 50, 54, 42, 55, 52, 57, 59, 55], "hlc": [921560, 8]}
INFO:<Node 3>:{"send": false, "recv": true, "to": 3, "from": 7, "vc": [43, 44, 50, 55, 42, 55, 52, 60, 59, 55], "hlc": [921560, 9]}
INFO:<Node 7>:{"send": false, "recv": true, "to": 7, "from": 3, "vc": [43, 44, 47, 53, 39, 54, 52, 61, 59, 55], "hlc": [921560, 8]}
INFO:<Node 8>:{"send": false, "recv": true, "to": 8, "from": 0, "vc": [44, 42, 40, 48, 39, 54, 50, 52, 62, 54], "hlc": [921562, 0]}
INFO:<Node 0>:{"send": true, "recv": false, "from": 0, "to": 7, "vc": [46, 46, 44, 48, 45, 54, 50, 58, 56, 54], "hlc": [921561, 2]}
INFO:<Node 8>:{"send": true, "recv": false, "from": 8, "to": 4, "vc": [44, 42, 40, 48, 39, 54, 50, 52, 63, 54], "hlc": [921562, 1]}
INFO:<Node 9>:{"send": true, "recv": false, "from": 9, "to": 6, "vc": [40, 42, 40, 47, 39, 47, 50, 52, 60, 57], "hlc": [921561, 2]}
INFO:<Node 4>:{"send": false, "recv": true, "to": 4, "from": 8, "vc": [44, 46, 44, 48, 46, 54, 50, 58, 63, 54], "hlc": [921562, 2]}
INFO:<Node 6>:{"send": false, "recv": true, "to": 6, "from": 9, "vc": [40, 45, 40, 47, 40, 52, 55, 52, 60, 57], "hlc": [921561, 3]}
INFO:<Node 7>:{"send": false, "recv": true, "to": 7, "from": 0, "vc": [46, 46, 47, 53, 45, 54, 52, 62, 59, 55], "hlc": [921561, 3]}
INFO:<Node 0>:{"send": true, "recv": false, "from": 0, "to": 6, "vc": [47, 46, 44, 48, 45, 54, 50, 58, 56, 54], "hlc": [921562, 0]}
INFO:<Node 3>:{"send": true, "recv": false, "from": 3, "to": 6, "vc": [43, 44, 50, 56, 42, 55, 52, 60, 59, 55], "hlc": [921560, 10]}
INFO:<Node 6>:{"send": true, "recv": false, "from": 6, "to": 9, "vc": [40, 45, 40, 47, 40, 52, 56, 52, 60, 57], "hlc": [921561, 4]}
INFO:<Node 8>:{"send": true, "recv": false, "from": 8, "to": 4, "vc": [44, 42, 40, 48, 39, 54, 50, 52, 64, 54], "hlc": [921562, 2]}
INFO:<Node 9>:{"send": true, "recv": false, "from": 9, "to": 3, "vc": [40, 42, 40, 47, 39, 47, 50, 52, 60, 58], "hlc": [921561, 3]}
INFO:<Node 3>:{"send": false, "recv": true, "to": 3, "from": 9, "vc": [43, 44, 50, 57, 42, 55, 52, 60, 60, 58], "hlc": [921561, 4]}
INFO:<Node 4>:{"send": false, "recv": true, "to": 4, "from": 8, "vc": [44, 46, 44, 48, 47, 54, 50, 58, 64, 54], "hlc": [921562, 3]}
INFO:<Node 6>:{"send": false, "recv": true, "to": 6, "from": 0, "vc": [47, 46, 44, 48, 45, 54, 57, 58, 60, 57], "hlc": [921562, 1]}
INFO:<Node 6>:{"send": false, "recv": true, "to": 6, "from": 3, "vc": [47, 46, 50, 56, 45, 55, 58, 60, 60, 57], "hlc": [921562, 2]}
INFO:<Node 9>:{"send": false, "recv": true, "to": 9, "from": 6, "vc": [40, 45, 40, 47, 40, 52, 56, 52, 60, 59], "hlc": [921561, 5]}
INFO:<Node 2>:{"send": true, "recv": false, "from": 2, "to": 9, "vc": [40, 44, 52, 48, 42, 55, 50, 57, 61, 49], "hlc": [921561, 3]}
INFO:<Node 3>:{"send": true, "recv": false, "from": 3, "to": 7, "vc": [43, 44, 50, 58, 42, 55, 52, 60, 60, 58], "hlc": [921561, 5]}
INFO:<Node 4>:{"send": true, "recv": false, "from": 4, "to": 5, "vc": [44, 46, 44, 48, 48, 54, 50, 58, 64, 54], "hlc": [921562, 4]}
INFO:<Node 7>:{"send": true, "recv": false, "from": 7, "to": 1, "vc": [46, 46, 47, 53, 45, 54, 52, 63, 59, 55], "hlc": [921561, 4]}
INFO:<Node 8>:{"send": true, "recv": false, "from": 8, "to": 0, "vc": [44, 42, 40, 48, 39, 54, 50, 52, 65, 54], "hlc": [921563, 0]}
INFO:<Node 9>:{"send": true, "recv": false, "from": 9, "to": 5, "vc": [40, 45, 40, 47, 40, 52, 56, 52, 60, 60], "hlc": [921561, 6]}
INFO:<Node 0>:{"send": false, "recv": true, "to": 0, "from": 8, "vc": [48, 46, 44, 48, 45, 54, 50, 58, 65, 54], "hlc": [921563, 1]}
INFO:<Node 1>:{"send": false, "recv": true, "to": 1, "from": 7, "vc": [46, 47, 47, 53, 45, 54, 52, 63, 59, 55], "hlc": [921561, 5]}
INFO:<Node 5>:{"send": false, "recv": true, "to": 5, "from": 4, "vc": [44, 46, 44, 48, 48, 56, 50, 58, 64, 54], "hlc": [921562, 5]}
INFO:<Node 5>:{"send": false, "recv": true, "to": 5, "from": 9, "vc": [44, 46, 44, 48, 48, 57, 56, 58, 64, 60], "hlc": [921562, 6]}
INFO:<Node 7>:{"send": false, "recv": true, "to": 7, "from": 3, "vc": [46, 46, 50, 58, 45, 55, 52, 64, 60, 58], "hlc": [921561, 6]}
INFO:<Node 9>:{"send": false, "recv": true, "to": 9, "from": 2, "vc": [40, 45, 52, 48, 42, 55, 56, 57, 61, 61], "hlc": [921562, 0]}
INFO:<Node 3>:{"send": true, "recv": false, "from": 3, "to": 4, "vc": [43, 44, 50, 59, 42, 55, 52, 60, 60, 58], "hlc": [921561, 6]}
INFO:<Node 4>:{"send": true, "recv": false, "from": 4, "to": 7, "vc": [44, 46, 44, 48, 49, 54, 50, 58, 64, 54], "hlc": [921562, 5]}
INFO:<Node 5>:{"send": true, "recv": false, "from": 5, "to": 0, "vc": [44, 46, 44, 48, 48, 58, 56, 58, 64, 60], "hlc": [921562, 7]}
INFO:<Node 7>:{"send": true, "recv": false, "from": 7, "to": 1, "vc": [46, 46, 50, 58, 45, 55, 52, 65, 60, 58], "hlc": [921561, 7]}
INFO:<Node 8>:{"send": true, "recv": false, "from": 8, "to": 1, "vc": [44, 42, 40, 48, 39, 54, 50, 52, 66, 54], "hlc": [921563, 1]}
INFO:<Node 9>:{"send": true, "recv": false, "from": 9, "to": 8, "vc": [40, 45, 52, 48, 42, 55, 56, 57, 61, 62], "hlc": [921562, 1]}
INFO:<Node 0>:{"send": false, "recv": true, "to": 0, "from": 5, "vc": [49, 46, 44, 48, 48, 58, 56, 58, 65, 60], "hlc": [921563, 2]}
INFO:<Node 1>:{"send": false, "recv": true, "to": 1, "from": 7, "vc": [46, 48, 50, 58, 45, 55, 52, 65, 60, 58], "hlc": [921561, 8]}
INFO:<Node 1>:{"send": false, "recv": true, "to": 1, "from": 8, "vc": [46, 49, 50, 58, 45, 55, 52, 65, 66, 58], "hlc": [921563, 2]}
INFO:<Node 4>:{"send": false, "recv": true, "to": 4, "from": 3, "vc": [44, 46, 50, 59, 50, 55, 52, 60, 64, 58], "hlc": [921563, 0]}
INFO:<Node 7>:{"send": false, "recv": true, "to": 7, "from": 4, "vc": [46, 46, 50, 58, 49, 55, 52, 66, 64, 58], "hlc": [921562, 6]}
INFO:<Node 8>:{"send": false, "recv": true, "to": 8, "from": 9, "vc": [44, 45, 52, 48, 42, 55, 56, 57, 67, 62], "hlc": [921564, 0]}
INFO:<Node 0>:{"send": true, "recv": false, "from": 0, "to": 4, "vc": [50, 46, 44, 48, 48, 58, 56, 58, 65, 60], "hlc": [921563, 3]}
INFO:<Node 2>:{"send": true, "recv": false, "from": 2, "to": 4, "vc": [40, 44, 53, 48, 42, 55, 50, 57, 61, 49], "hlc": [921561, 4]}
INFO:<Node 4>:{"send": true, "recv": false, "from": 4, "to": 9, "vc": [44, 46, 50, 59, 51, 55, 52, 60, 64, 58], "hlc": [921563, 1]}
INFO:<Node 6>:{"send": true, "recv": false, "from": 6, "to": 0, "vc": [47, 46, 50, 56, 45, 55, 59, 60, 60, 57], "hlc": [921562, 3]}
INFO:<Node 7>:{"send": true, "recv": false, "from": 7, "to": 1, "vc": [46, 46, 50, 58, 49, 55, 52, 67, 64, 58], "hlc": [921562, 7]}
INFO:<Node 8>:{"send": true, "recv": false, "from": 8, "to": 1, "vc": [44, 45, 52, 48, 42, 55, 56, 57, 68, 62], "hlc": [921564, 1]}
INFO:<Node 0>:{"send": false, "recv": true, "to": 0, "from": 6, "vc": [51, 46, 50, 56, 48, 58, 59, 60, 65, 60], "hlc": [921564, 0]}
INFO:<Node 1>:{"send": false, "recv": true, "to": 1, "from": 7, "vc": [46, 50, 50, 58, 49, 55, 52, 67, 66, 58], "hlc": [921563, 3]}
INFO:<Node 1>:{"send": false, "recv": true, "to": 1, "from": 8, "vc": [46, 51, 52, 58, 49, 55, 56, 67, 68, 62], "hlc": [921564, 2]}
INFO:<Node 4>:{"send": false, "recv": true, "to": 4, "from": 0, "vc": [50, 46, 50, 59, 52, 58, 56, 60, 65, 60], "hlc": [921563, 4]}
INFO:<Node 4>:{"send": false, "recv": true, "to": 4, "from": 2, "vc": [50, 46, 53, 59, 53, 58, 56, 60, 65, 60], "hlc": [921563, 5]}
INFO:<Node 9>:{"send": false, "recv": true, "to": 9, "from": 4, "vc": [44, 46, 52, 59, 51, 55, 56, 60, 64, 63], "hlc": [921563, 2]}
INFO:<Node 1>:{"send": true, "recv": false, "from": 1, "to": 2, "vc": [46, 52, 52, 58, 49, 55, 56, 67, 68, 62], "hlc": [921564, 3]}
INFO:<Node 6>:{"send": true, "recv": false, "from": 6, "to": 3, "vc": [47, 46, 50, 56, 45, 55, 60, 60, 60, 57], "hlc": [921562, 4]}
INFO:<Node 8>:{"send": true, "recv": false, "from": 8, "to": 1, "vc": [44, 45, 52, 48, 42, 55, 56, 57, 69, 62], "hlc": [921564, 2]}
INFO:<Node 9>:{"send": true, "recv": false, "from": 9, "to": 3, "vc": [44, 46, 52, 59, 51, 55, 56, 60, 64, 64], "hlc": [921563, 3]}
INFO:<Node 1>:{"send": false, "recv": true, "to": 1, "from": 8, "vc": [46, 53, 52, 58, 49, 55, 56, 67, 69, 62], "hlc": [921564, 4]}
INFO:<Node 2>:{"send": false, "recv": true, "to": 2, "from": 1, "vc": [46, 52, 54, 58, 49, 55, 56, 67, 68, 62], "hlc": [921564, 4]}
INFO:<Node 3>:{"send": false, "recv": true, "to": 3, "from": 6, "vc": [47, 46, 50, 60, 45, 55, 60, 60, 60, 58], "hlc": [921563, 0]}
INFO:<Node 3>:{"send": false, "recv": true, "to": 3, "from": 9, "vc": [47, 46, 52, 61, 51, 55, 60, 60, 64, 64], "hlc": [921563, 4]}
