INFO:root:Random workload: num sockets: 10, num iterations: 50, base address: 44300, chance of send: 3 in 5, round delay (s): 0.5, max clock drift (s): 6.5, actual clock drifts: [1.0429606020280868, 5.919042147848273, -6.419345840661828, -0.515299478874538, 1.967350383842163, 0.10465308786227112, 4.095690795666412, -0.6063859378507788, -4.225248802207043, -0.6938742573471259]
INFO:<Node 1>:{"send": true, "recv": false, "from": 1, "to": 0, "vc": [0, 1, 0, 0, 0, 0, 0, 0, 0, 0], "hlc": [921693, 0]}
INFO:<Node 2>:{"send": true, "recv": false, "from": 2, "to": 6, "vc": [0, 0, 1, 0, 0, 0, 0, 0, 0, 0], "hlc": [921687, 1]}
INFO:<Node 3>:{"send": true, "recv": false, "from": 3, "to": 5, "vc": [0, 0, 0, 1, 0, 0, 0, 0, 0, 0], "hlc": [921687, 1]}
INFO:<Node 5>:{"send": true, "recv": false, "from": 5, "to": 1, "vc": [0, 0, 0, 0, 0, 1, 0, 0, 0, 0], "hlc": [921687, 1]}
INFO:<Node 7>:{"send": true, "recv": false, "from": 7, "to": 2, "vc": [0, 0, 0, 0, 0, 0, 0, 1, 0, 0], "hlc": [921687, 1]}
INFO:<Node 8>:{"send": true, "recv": false, "from": 8, "to": 0, "vc": [0, 0, 0, 0, 0, 0, 0, 0, 1, 0], "hlc": [921687, 1]}
INFO:<Node 0>:{"send": false, "recv": true, "to": 0, "from": 1, "vc": [1, 1, 0, 0, 0, 0, 0, 0, 0, 0], "hlc": [921693, 1]}
INFO:<Node 0>:{"send": false, "recv": true, "to": 0, "from": 8, "vc": [2, 1, 0, 0, 0, 0, 0, 0, 1, 0], "hlc": [921693, 2]}
INFO:<Node 1>:{"send": false, "recv": true, "to": 1, "from": 5, "vc": [0, 2, 0, 0, 0, 1, 0, 0, 0, 0], "hlc": [921694, 0]}
INFO:<Node 2>:{"send": false, "recv": true, "to": 2, "from": 7, "vc": [0, 0, 2, 0, 0, 0, 0, 1, 0, 0], "hlc": [921687, 2]}
INFO:<Node 5>:{"send": false, "recv": true, "to": 5, "from": 3, "vc": [0, 0, 0, 1, 0, 2, 0, 0, 0, 0], "hlc": [921688, 0]}
INFO:<Node 6>:{"send": false, "recv": true, "to": 6, "from": 2, "vc": [0, 0, 1, 0, 0, 0, 1, 0, 0, 0], "hlc": [921692, 0]}
INFO:<Node 0>:{"send": true, "recv": false, "from": 0, "to": 1, "vc": [3, 1, 0, 0, 0, 0, 0, 0, 1, 0], "hlc": [921693, 3]}
INFO:<Node 1>:{"send": true, "recv": false, "from": 1, "to": 6, "vc": [0, 3, 0, 0, 0, 1, 0, 0, 0, 0], "hlc": [921694, 1]}
INFO:<Node 2>:{"send": true, "recv": false, "from": 2, "to": 3, "vc": [0, 0, 3, 0, 0, 0, 0, 1, 0, 0], "hlc": [921687, 3]}
INFO:<Node 4>:{"send": true, "recv": false, "from": 4, "to": 6, "vc": [0, 0, 0, 0, 1, 0, 0, 0, 0, 0], "hlc": [921690, 0]}
INFO:<Node 7>:{"send": true, "recv": false, "from": 7, "to": 2, "vc": [0, 0, 0, 0, 0, 0, 0, 2, 0, 0], "hlc": [921687, 2]}
INFO:<Node 8>:{"send": true, "recv": false, "from": 8, "to": 2, "vc": [0, 0, 0, 0, 0, 0, 0, 0, 2, 0], "hlc": [921687, 2]}
INFO:<Node 9>:{"send": true, "recv": false, "from": 9, "to": 7, "vc": [0, 0, 0, 0, 0, 0, 0, 0, 0, 1], "hlc": [921687, 1]}
INFO:<Node 1>:{"send": false, "recv": true, "to": 1, "from": 0, "vc": [3, 4, 0, 0, 0, 1, 0, 0, 1, 0], "hlc": [921694, 2]}
INFO:<Node 2>:{"send": false, "recv": true, "to": 2, "from": 7, "vc": [0, 0, 4, 0, 0, 0, 0, 2, 0, 0], "hlc": [921687, 4]}
INFO:<Node 2>:{"send": false, "recv": true, "to": 2, "from": 8, "vc": [0, 0, 5, 0, 0, 0, 0, 2, 2, 0], "hlc": [921687, 5]}
INFO:<Node 3>:{"send": false, "recv": true, "to": 3, "from": 2, "vc": [0, 0, 3, 2, 0, 0, 0, 1, 0, 0], "hlc": [921688, 0]}
INFO:<Node 6>:{"send": false, "recv": true, "to": 6, "from": 1, "vc": [0, 3, 1, 0, 0, 1, 2, 0, 0, 0], "hlc": [921694, 2]}
INFO:<Node 6>:{"send": false, "recv": true, "to": 6, "from": 4, "vc": [0, 3, 1, 0, 1, 1, 3, 0, 0, 0], "hlc": [921694, 3]}
INFO:<Node 7>:{"send": false, "recv": true, "to": 7, "from": 9, "vc": [0, 0, 0, 0, 0, 0, 0, 3, 0, 1], "hlc": [921688, 0]}
INFO:<Node 1>:{"send": true, "recv": false, "from": 1, "to": 8, "vc": [3, 5, 0, 0, 0, 1, 0, 0, 1, 0], "hlc": [921694, 3]}
INFO:<Node 2>:{"send": true, "recv": false, "from": 2, "to": 0, "vc": [0, 0, 6, 0, 0, 0, 0, 2, 2, 0], "hlc": [921687, 6]}
INFO:<Node 5>:{"send": true, "recv": false, "from": 5, "to": 0, "vc": [0, 0, 0, 1, 0, 3, 0, 0, 0, 0], "hlc": [921688, 1]}
INFO:<Node 6>:{"send": true, "recv": false, "from": 6, "to": 2, "vc": [0, 3, 1, 0, 1, 1, 4, 0, 0, 0], "hlc": [921694, 4]}
INFO:<Node 7>:{"send": true, "recv": false, "from": 7, "to": 1, "vc": [0, 0, 0, 0, 0, 0, 0, 4, 0, 1], "hlc": [921688, 1]}
INFO:<Node 9>:{"send": true, "recv": false, "from": 9, "to": 5, "vc": [0, 0, 0, 0, 0, 0, 0, 0, 0, 2], "hlc": [921688, 0]}
INFO:<Node 0>:{"send": false, "recv": true, "to": 0, "from": 2, "vc": [4, 1, 6, 0, 0, 0, 0, 2, 2, 0], "hlc": [921693, 4]}
INFO:<Node 0>:{"send": false, "recv": true, "to": 0, "from": 5, "vc": [5, 1, 6, 1, 0, 3, 0, 2, 2, 0], "hlc": [921693, 5]}
INFO:<Node 1>:{"send": false, "recv": true, "to": 1, "from": 7, "vc": [3, 6, 0, 0, 0, 1, 0, 4, 1, 1], "hlc": [921695, 0]}
INFO:<Node 2>:{"send": false, "recv": true, "to": 2, "from": 6, "vc": [0, 3, 7, 0, 1, 1, 4, 2, 2, 0], "hlc": [921694, 5]}
INFO:<Node 5>:{"send": false, "recv": true, "to": 5, "from": 9, "vc": [0, 0, 0, 1, 0, 4, 0, 0, 0, 2], "hlc": [921689, 0]}
INFO:<Node 8>:{"send": false, "recv": true, "to": 8, "from": 1, "vc": [3, 5, 0, 0, 0, 1, 0, 0, 3, 0], "hlc": [921694, 4]}
INFO:<Node 0>:{"send": true, "recv": false, "from": 0, "to": 3, "vc": [6, 1, 6, 1, 0, 3, 0, 2, 2, 0], "hlc": [921693, 6]}
INFO:<Node 1>:{"send": true, "recv": false, "from": 1, "to": 4, "vc": [3, 7, 0, 0, 0, 1, 0, 4, 1, 1], "hlc": [921695, 1]}
INFO:<Node 2>:{"send": true, "recv": false, "from": 2, "to": 0, "vc": [0, 3, 8, 0, 1, 1, 4, 2, 2, 0], "hlc": [921694, 6]}
INFO:<Node 6>:{"send": true, "recv": false, "from": 6, "to": 3, "vc": [0, 3, 1, 0, 1, 1, 5, 0, 0, 0], "hlc": [921694, 5]}
INFO:<Node 8>:{"send": true, "recv": false, "from": 8, "to": 1, "vc": [3, 5, 0, 0, 0, 1, 0, 0, 4, 0], "hlc": [921694, 5]}
INFO:<Node 9>:{"send": true, "recv": false, "from": 9, "to": 8, "vc": [0, 0, 0, 0, 0, 0, 0, 0, 0, 3], "hlc": [921688, 1]}
INFO:<Node 0>:{"send": false, "recv": true, "to": 0, "from": 2, "vc": [7, 3, 8, 1, 1, 3, 4, 2, 2, 0], "hlc": [921694, 7]}
INFO:<Node 1>:{"send": false, "recv": true, "to": 1, "from": 8, "vc": [3, 8, 0, 0, 0, 1, 0, 4, 4, 1], "hlc": [921695, 2]}
INFO:<Node 3>:{"send": false, "recv": true, "to": 3, "from": 0, "vc": [6, 1, 6, 3, 0, 3, 0, 2, 2, 0], "hlc": [921693, 7]}
INFO:<Node 3>:{"send": false, "recv": true, "to": 3, "from": 6, "vc": [6, 3, 6, 4, 1, 3, 5, 2, 2, 0], "hlc": [921694, 6]}
INFO:<Node 4>:{"send": false, "recv": true, "to": 4, "from": 1, "vc": [3, 7, 0, 0, 2, 1, 0, 4, 1, 1], "hlc": [921695, 2]}
INFO:<Node 8>:{"send": false, "recv": true, "to": 8, "from": 9, "vc": [3, 5, 0, 0, 0, 1, 0, 0, 5, 3], "hlc": [921694, 6]}
INFO:<Node 0>:{"send": true, "recv": false, "from": 0, "to": 4, "vc": [8, 3, 8, 1, 1, 3, 4, 2, 2, 0], "hlc": [921694, 8]}
INFO:<Node 2>:{"send": true, "recv": false, "from": 2, "to": 9, "vc": [0, 3, 9, 0, 1, 1, 4, 2, 2, 0], "hlc": [921694, 7]}
INFO:<Node 4>:{"send": true, "recv": false, "from": 4, "to": 2, "vc": [3, 7, 0, 0, 3, 1, 0, 4, 1, 1], "hlc": [921695, 3]}
INFO:<Node 6>:{"send": true, "recv": false, "from": 6, "to": 8, "vc": [0, 3, 1, 0, 1, 1, 6, 0, 0, 0], "hlc": [921694, 6]}
INFO:<Node 7>:{"send": true, "recv": false, "from": 7, "to": 1, "vc": [0, 0, 0, 0, 0, 0, 0, 5, 0, 1], "hlc": [921689, 0]}
INFO:<Node 8>:{"send": true, "recv": false, "from": 8, "to": 6, "vc": [3, 5, 0, 0, 0, 1, 0, 0, 6, 3], "hlc": [921694, 7]}
INFO:<Node 9>:{"send": true, "recv": false, "from": 9, "to": 5, "vc": [0, 0, 0, 0, 0, 0, 0, 0, 0, 4], "hlc": [921689, 0]}
INFO:<Node 1>:{"send": false, "recv": true, "to": 1, "from": 7, "vc": [3, 9, 0, 0, 0, 1, 0, 5, 4, 1], "hlc": [921696, 0]}
INFO:<Node 2>:{"send": false, "recv": true, "to": 2, "from": 4, "vc": [3, 7, 10, 0, 3, 1, 4, 4, 2, 1], "hlc": [921695, 4]}
INFO:<Node 4>:{"send": false, "recv": true, "to": 4, "from": 0, "vc": [8, 7, 8, 1, 4, 3, 4, 4, 2, 1], "hlc": [921695, 4]}
INFO:<Node 5>:{"send": false, "recv": true, "to": 5, "from": 9, "vc": [0, 0, 0, 1, 0, 5, 0, 0, 0, 4], "hlc": [921690, 0]}
INFO:<Node 6>:{"send": false, "recv": true, "to": 6, "from": 8, "vc": [3, 5, 1, 0, 1, 1, 7, 0, 6, 3], "hlc": [921694, 8]}
INFO:<Node 8>:{"send": false, "recv": true, "to": 8, "from": 6, "vc": [3, 5, 1, 0, 1, 1, 6, 0, 7, 3], "hlc": [921694, 8]}
INFO:<Node 9>:{"send": false, "recv": true, "to": 9, "from": 2, "vc": [0, 3, 9, 0, 1, 1, 4, 2, 2, 5], "hlc": [921694, 8]}
INFO:<Node 0>:{"send": true, "recv": false, "from": 0, "to": 5, "vc": [9, 3, 8, 1, 1, 3, 4, 2, 2, 0], "hlc": [921694, 9]}
INFO:<Node 3>:{"send": true, "recv": false, "from": 3, "to": 0, "vc": [6, 3, 6, 5, 1, 3, 5, 2, 2, 0], "hlc": [921694, 7]}
INFO:<Node 4>:{"send": true, "recv": false, "from": 4, "to": 3, "vc": [8, 7, 8, 1, 5, 3, 4, 4, 2, 1], "hlc": [921695, 5]}
INFO:<Node 6>:{"send": true, "recv": false, "from": 6, "to": 7, "vc": [3, 5, 1, 0, 1, 1, 8, 0, 6, 3], "hlc": [921694, 9]}
INFO:<Node 8>:{"send": true, "recv": false, "from": 8, "to": 7, "vc": [3, 5, 1, 0, 1, 1, 6, 0, 8, 3], "hlc": [921694, 9]}
INFO:<Node 0>:{"send": false, "recv": true, "to": 0, "from": 3, "vc": [10, 3, 8, 5, 1, 3, 5, 2, 2, 0], "hlc": [921694, 10]}
INFO:<Node 3>:{"send": false, "recv": true, "to": 3, "from": 4, "vc": [8, 7, 8, 6, 5, 3, 5, 4, 2, 1], "hlc": [921695, 6]}
INFO:<Node 5>:{"send": false, "recv": true, "to": 5, "from": 0, "vc": [9, 3, 8, 1, 1, 6, 4, 2, 2, 4], "hlc": [921694, 10]}
INFO:<Node 7>:{"send": false, "recv": true, "to": 7, "from": 6, "vc": [3, 5, 1, 0, 1, 1, 8, 6, 6, 3], "hlc": [921694, 10]}
INFO:<Node 7>:{"send": false, "recv": true, "to": 7, "from": 8, "vc": [3, 5, 1, 0, 1, 1, 8, 7, 8, 3], "hlc": [921694, 11]}
INFO:<Node 0>:{"send": true, "recv": false, "from": 0, "to": 7, "vc": [11, 3, 8, 5, 1, 3, 5, 2, 2, 0], "hlc": [921694, 11]}
INFO:<Node 2>:{"send": true, "recv": false, "from": 2, "to": 7, "vc": [3, 7, 11, 0, 3, 1, 4, 4, 2, 1], "hlc": [921695, 5]}
INFO:<Node 3>:{"send": true, "recv": false, "from": 3, "to": 8, "vc": [8, 7, 8, 7, 5, 3, 5, 4, 2, 1], "hlc": [921695, 7]}
INFO:<Node 5>:{"send": true, "recv": false, "from": 5, "to": 4, "vc": [9, 3, 8, 1, 1, 7, 4, 2, 2, 4], "hlc": [921694, 11]}
INFO:<Node 6>:{"send": true, "recv": false, "from": 6, "to": 2, "vc": [3, 5, 1, 0, 1, 1, 9, 0, 6, 3], "hlc": [921694, 10]}
INFO:<Node 8>:{"send": true, "recv": false, "from": 8, "to": 7, "vc": [3, 5, 1, 0, 1, 1, 6, 0, 9, 3], "hlc": [921694, 10]}
INFO:<Node 2>:{"send": false, "recv": true, "to": 2, "from": 6, "vc": [3, 7, 12, 0, 3, 1, 9, 4, 6, 3], "hlc": [921695, 6]}
INFO:<Node 4>:{"send": false, "recv": true, "to": 4, "from": 5, "vc": [9, 7, 8, 1, 6, 7, 4, 4, 2, 4], "hlc": [921695, 6]}
INFO:<Node 7>:{"send": false, "recv": true, "to": 7, "from": 0, "vc": [11, 5, 8, 5, 1, 3, 8, 8, 8, 3], "hlc": [921694, 12]}
INFO:<Node 7>:{"send": false, "recv": true, "to": 7, "from": 2, "vc": [11, 7, 11, 5, 3, 3, 8, 9, 8, 3], "hlc": [921695, 6]}
INFO:<Node 7>:{"send": false, "recv": true, "to": 7, "from": 8, "vc": [11, 7, 11, 5, 3, 3, 8, 10, 9, 3], "hlc": [921695, 7]}
INFO:<Node 8>:{"send": false, "recv": true, "to": 8, "from": 3, "vc": [8, 7, 8, 7, 5, 3, 6, 4, 10, 3], "hlc": [921695, 8]}
INFO:<Node 1>:{"send": true, "recv": false, "from": 1, "to": 7, "vc": [3, 10, 0, 0, 0, 1, 0, 5, 4, 1], "hlc": [921697, 0]}
INFO:<Node 3>:{"send": true, "recv": false, "from": 3, "to": 6, "vc": [8, 7, 8, 8, 5, 3, 5, 4, 2, 1], "hlc": [921695, 8]}
INFO:<Node 4>:{"send": true, "recv": false, "from": 4, "to": 2, "vc": [9, 7, 8, 1, 7, 7, 4, 4, 2, 4], "hlc": [921695, 7]}
INFO:<Node 5>:{"send": true, "recv": false, "from": 5, "to": 1, "vc": [9, 3, 8, 1, 1, 8, 4, 2, 2, 4], "hlc": [921694, 12]}
INFO:<Node 8>:{"send": true, "recv": false, "from": 8, "to": 2, "vc": [8, 7, 8, 7, 5, 3, 6, 4, 11, 3], "hlc": [921695, 9]}
INFO:<Node 1>:{"send": false, "recv": true, "to": 1, "from": 5, "vc": [9, 11, 8, 1, 1, 8, 4, 5, 4, 4], "hlc": [921697, 1]}
INFO:<Node 2>:{"send": false, "recv": true, "to": 2, "from": 4, "vc": [9, 7, 13, 1, 7, 7, 9, 4, 6, 4], "hlc": [921695, 8]}
INFO:<Node 2>:{"send": false, "recv": true, "to": 2, "from": 8, "vc": [9, 7, 14, 7, 7, 7, 9, 4, 11, 4], "hlc": [921695, 10]}
INFO:<Node 6>:{"send": false, "recv": true, "to": 6, "from": 3, "vc": [8, 7, 8, 8, 5, 3, 10, 4, 6, 3], "hlc": [921695, 9]}
INFO:<Node 7>:{"send": false, "recv": true, "to": 7, "from": 1, "vc": [11, 10, 11, 5, 3, 3, 8, 11, 9, 3], "hlc": [921697, 1]}
INFO:<Node 2>:{"send": true, "recv": false, "from": 2, "to": 1, "vc": [9, 7, 15, 7, 7, 7, 9, 4, 11, 4], "hlc": [921695, 11]}
INFO:<Node 3>:{"send": true, "recv": false, "from": 3, "to": 2, "vc": [8, 7, 8, 9, 5, 3, 5, 4, 2, 1], "hlc": [921695, 9]}
INFO:<Node 5>:{"send": true, "recv": false, "from": 5, "to": 2, "vc": [9, 3, 8, 1, 1, 9, 4, 2, 2, 4], "hlc": [921694, 13]}
INFO:<Node 6>:{"send": true, "recv": false, "from": 6, "to": 5, "vc": [8, 7, 8, 8, 5, 3, 11, 4, 6, 3], "hlc": [921695, 10]}
INFO:<Node 7>:{"send": true, "recv": false, "from": 7, "to": 1, "vc": [11, 10, 11, 5, 3, 3, 8, 12, 9, 3], "hlc": [921697, 2]}
INFO:<Node 9>:{"send": true, "recv": false, "from": 9, "to": 6, "vc": [0, 3, 9, 0, 1, 1, 4, 2, 2, 6], "hlc": [921694, 9]}
INFO:<Node 1>:{"send": false, "recv": true, "to": 1, "from": 2, "vc": [9, 12, 15, 7, 7, 8, 9, 5, 11, 4], "hlc": [921698, 0]}
INFO:<Node 1>:{"send": false, "recv": true, "to": 1, "from": 7, "vc": [11, 13, 15, 7, 7, 8, 9, 12, 11, 4], "hlc": [921698, 1]}
INFO:<Node 2>:{"send": false, "recv": true, "to": 2, "from": 3, "vc": [9, 7, 16, 9, 7, 7, 9, 4, 11, 4], "hlc": [921695, 12]}
INFO:<Node 2>:{"send": false, "recv": true, "to": 2, "from": 5, "vc": [9, 7, 17, 9, 7, 9, 9, 4, 11, 4], "hlc": [921695, 13]}
INFO:<Node 5>:{"send": false, "recv": true, "to": 5, "from": 6, "vc": [9, 7, 8, 8, 5, 10, 11, 4, 6, 4], "hlc": [921695, 11]}
INFO:<Node 6>:{"send": false, "recv": true, "to": 6, "from": 9, "vc": [8, 7, 9, 8, 5, 3, 12, 4, 6, 6], "hlc": [921696, 0]}
INFO:<Node 1>:{"send": true, "recv": false, "from": 1, "to": 7, "vc": [11, 14, 15, 7, 7, 8, 9, 12, 11, 4], "hlc": [921698, 2]}
INFO:<Node 2>:{"send": true, "recv": false, "from": 2, "to": 7, "vc": [9, 7, 18, 9, 7, 9, 9, 4, 11, 4], "hlc": [921695, 14]}
INFO:<Node 3>:{"send": true, "recv": false, "from": 3, "to": 7, "vc": [8, 7, 8, 10, 5, 3, 5, 4, 2, 1], "hlc": [921695, 10]}
INFO:<Node 4>:{"send": true, "recv": false, "from": 4, "to": 6, "vc": [9, 7, 8, 1, 8, 7, 4, 4, 2, 4], "hlc": [921695, 8]}
INFO:<Node 5>:{"send": true, "recv": false, "from": 5, "to": 3, "vc": [9, 7, 8, 8, 5, 11, 11, 4, 6, 4], "hlc": [921695, 12]}
INFO:<Node 6>:{"send": true, "recv": false, "from": 6, "to": 9, "vc": [8, 7, 9, 8, 5, 3, 13, 4, 6, 6], "hlc": [921696, 1]}
INFO:<Node 8>:{"send": true, "recv": false, "from": 8, "to": 5, "vc": [8, 7, 8, 7, 5, 3, 6, 4, 12, 3], "hlc": [921695, 10]}
INFO:<Node 9>:{"send": true, "recv": false, "from": 9, "to": 5, "vc": [0, 3, 9, 0, 1, 1, 4, 2, 2, 7], "hlc": [921694, 10]}
INFO:<Node 3>:{"send": false, "recv": true, "to": 3, "from": 5, "vc": [9, 7, 8, 11, 5, 11, 11, 4, 6, 4], "hlc": [921695, 13]}
INFO:<Node 5>:{"send": false, "recv": true, "to": 5, "from": 8, "vc": [9, 7, 8, 8, 5, 12, 11, 4, 12, 4], "hlc": [921695, 13]}
INFO:<Node 5>:{"send": false, "recv": true, "to": 5, "from": 9, "vc": [9, 7, 9, 8, 5, 13, 11, 4, 12, 7], "hlc": [921695, 14]}
INFO:<Node 6>:{"send": false, "recv": true, "to": 6, "from": 4, "vc": [9, 7, 9, 8, 8, 7, 14, 4, 6, 6], "hlc": [921696, 2]}
INFO:<Node 7>:{"send": false, "recv": true, "to": 7, "from": 1, "vc": [11, 14, 15, 7, 7, 8, 9, 13, 11, 4], "hlc": [921698, 3]}
INFO:<Node 7>:{"send": false, "recv": true, "to": 7, "from": 2, "vc": [11, 14, 18, 9, 7, 9, 9, 14, 11, 4], "hlc": [921698, 4]}
INFO:<Node 7>:{"send": false, "recv": true, "to": 7, "from": 3, "vc": [11, 14, 18, 10, 7, 9, 9, 15, 11, 4], "hlc": [921698, 5]}
INFO:<Node 9>:{"send": false, "recv": true, "to": 9, "from": 6, "vc": [8, 7, 9, 8, 5, 3, 13, 4, 6, 8], "hlc": [921696, 2]}
INFO:<Node 1>:{"send": true, "recv": false, "from": 1, "to": 3, "vc": [11, 15, 15, 7, 7, 8, 9, 12, 11, 4], "hlc": [921698, 3]}
INFO:<Node 7>:{"send": true, "recv": false, "from": 7, "to": 2, "vc": [11, 14, 18, 10, 7, 9, 9, 16, 11, 4], "hlc": [921698, 6]}
INFO:<Node 8>:{"send": true, "recv": false, "from": 8, "to": 3, "vc": [8, 7, 8, 7, 5, 3, 6, 4, 13, 3], "hlc": [921695, 11]}
INFO:<Node 9>:{"send": true, "recv": false, "from": 9, "to": 1, "vc": [8, 7, 9, 8, 5, 3, 13, 4, 6, 9], "hlc": [921696, 3]}
INFO:<Node 1>:{"send": false, "recv": true, "to": 1, "from": 9, "vc": [11, 16, 15, 8, 7, 8, 13, 12, 11, 9], "hlc": [921699, 0]}
INFO:<Node 2>:{"send": false, "recv": true, "to": 2, "from": 7, "vc": [11, 14, 19, 10, 7, 9, 9, 16, 11, 4], "hlc": [921698, 7]}
INFO:<Node 3>:{"send": false, "recv": true, "to": 3, "from": 1, "vc": [11, 15, 15, 12, 7, 11, 11, 12, 11, 4], "hlc": [921698, 4]}
INFO:<Node 3>:{"send": false, "recv": true, "to": 3, "from": 8, "vc": [11, 15, 15, 13, 7, 11, 11, 12, 13, 4], "hlc": [921698, 5]}
INFO:<Node 1>:{"send": true, "recv": false, "from": 1, "to": 0, "vc": [11, 17, 15, 8, 7, 8, 13, 12, 11, 9], "hlc": [921699, 1]}
INFO:<Node 3>:{"send": true, "recv": false, "from": 3, "to": 2, "vc": [11, 15, 15, 14, 7, 11, 11, 12, 13, 4], "hlc": [921698, 6]}
INFO:<Node 8>:{"send": true, "recv": false, "from": 8, "to": 4, "vc": [8, 7, 8, 7, 5, 3, 6, 4, 14, 3], "hlc": [921695, 12]}
INFO:<Node 0>:{"send": false, "recv": true, "to": 0, "from": 1, "vc": [12, 17, 15, 8, 7, 8, 13, 12, 11, 9], "hlc": [921699, 2]}
INFO:<Node 2>:{"send": false, "recv": true, "to": 2, "from": 3, "vc": [11, 15, 20, 14, 7, 11, 11, 16, 13, 4], "hlc": [921698, 8]}
INFO:<Node 4>:{"send": false, "recv": true, "to": 4, "from": 8, "vc": [9, 7, 8, 7, 9, 7, 6, 4, 14, 4], "hlc": [921695, 13]}
INFO:<Node 0>:{"send": true, "recv": false, "from": 0, "to": 7, "vc": [13, 17, 15, 8, 7, 8, 13, 12, 11, 9], "hlc": [921699, 3]}
INFO:<Node 1>:{"send": true, "recv": false, "from": 1, "to": 6, "vc": [11, 18, 15, 8, 7, 8, 13, 12, 11, 9], "hlc": [921699, 2]}
INFO:<Node 4>:{"send": true, "recv": false, "from": 4, "to": 2, "vc": [9, 7, 8, 7, 10, 7, 6, 4, 14, 4], "hlc": [921695, 14]}
INFO:<Node 6>:{"send": true, "recv": false, "from": 6, "to": 9, "vc": [9, 7, 9, 8, 8, 7, 15, 4, 6, 6], "hlc": [921697, 0]}
INFO:<Node 8>:{"send": true, "recv": false, "from": 8, "to": 6, "vc": [8, 7, 8, 7, 5, 3, 6, 4, 15, 3], "hlc": [921695, 13]}
INFO:<Node 2>:{"send": false, "recv": true, "to": 2, "from": 4, "vc": [11, 15, 21, 14, 10, 11, 11, 16, 14, 4], "hlc": [921698, 9]}
INFO:<Node 6>:{"send": false, "recv": true, "to": 6, "from": 1, "vc": [11, 18, 15, 8, 8, 8, 16, 12, 11, 9], "hlc": [921699, 3]}
INFO:<Node 6>:{"send": false, "recv": true, "to": 6, "from": 8, "vc": [11, 18, 15, 8, 8, 8, 17, 12, 15, 9], "hlc": [921699, 4]}
INFO:<Node 7>:{"send": false, "recv": true, "to": 7, "from": 0, "vc": [13, 17, 18, 10, 7, 9, 13, 17, 11, 9], "hlc": [921699, 4]}
INFO:<Node 9>:{"send": false, "recv": true, "to": 9, "from": 6, "vc": [9, 7, 9, 8, 8, 7, 15, 4, 6, 10], "hlc": [921697, 1]}
INFO:<Node 2>:{"send": true, "recv": false, "from": 2, "to": 6, "vc": [11, 15, 22, 14, 10, 11, 11, 16, 14, 4], "hlc": [921698, 10]}
INFO:<Node 4>:{"send": true, "recv": false, "from": 4, "to": 7, "vc": [9, 7, 8, 7, 11, 7, 6, 4, 14, 4], "hlc": [921696, 0]}
INFO:<Node 5>:{"send": true, "recv": false, "from": 5, "to": 3, "vc": [9, 7, 9, 8, 5, 14, 11, 4, 12, 7], "hlc": [921695, 15]}
INFO:<Node 9>:{"send": true, "recv": false, "from": 9, "to": 4, "vc": [9, 7, 9, 8, 8, 7, 15, 4, 6, 11], "hlc": [921697, 2]}
INFO:<Node 3>:{"send": false, "recv": true, "to": 3, "from": 5, "vc": [11, 15, 15, 15, 7, 14, 11, 12, 13, 7], "hlc": [921698, 7]}
INFO:<Node 4>:{"send": false, "recv": true, "to": 4, "from": 9, "vc": [9, 7, 9, 8, 12, 7, 15, 4, 14, 11], "hlc": [921697, 3]}
INFO:<Node 6>:{"send": false, "recv": true, "to": 6, "from": 2, "vc": [11, 18, 22, 14, 10, 11, 18, 16, 15, 9], "hlc": [921699, 5]}
INFO:<Node 7>:{"send": false, "recv": true, "to": 7, "from": 4, "vc": [13, 17, 18, 10, 11, 9, 13, 18, 14, 9], "hlc": [921699, 5]}
INFO:<Node 1>:{"send": true, "recv": false, "from": 1, "to": 3, "vc": [11, 19, 15, 8, 7, 8, 13, 12, 11, 9], "hlc": [921700, 0]}
INFO:<Node 2>:{"send": true, "recv": false, "from": 2, "to": 1, "vc": [11, 15, 23, 14, 10, 11, 11, 16, 14, 4], "hlc": [921698, 11]}
INFO:<Node 4>:{"send": true, "recv": false, "from": 4, "to": 6, "vc": [9, 7, 9, 8, 13, 7, 15, 4, 14, 11], "hlc": [921697, 4]}
INFO:<Node 6>:{"send": true, "recv": false, "from": 6, "to": 7, "vc": [11, 18, 22, 14, 10, 11, 19, 16, 15, 9], "hlc": [921699, 6]}
INFO:<Node 7>:{"send": true, "recv": false, "from": 7, "to": 4, "vc": [13, 17, 18, 10, 11, 9, 13, 19, 14, 9], "hlc": [921699, 6]}
INFO:<Node 8>:{"send": true, "recv": false, "from": 8, "to": 9, "vc": [8, 7, 8, 7, 5, 3, 6, 4, 16, 3], "hlc": [921695, 14]}
INFO:<Node 1>:{"send": false, "recv": true, "to": 1, "from": 2, "vc": [11, 20, 23, 14, 10, 11, 13, 16, 14, 9], "hlc": [921701, 0]}
INFO:<Node 3>:{"send": false, "recv": true, "to": 3, "from": 1, "vc": [11, 19, 15, 16, 7, 14, 13, 12, 13, 9], "hlc": [921700, 1]}
INFO:<Node 4>:{"send": false, "recv": true, "to": 4, "from": 7, "vc": [13, 17, 18, 10, 14, 9, 15, 19, 14, 11], "hlc": [921699, 7]}
INFO:<Node 6>:{"send": false, "recv": true, "to": 6, "from": 4, "vc": [11, 18, 22, 14, 13, 11, 20, 16, 15, 11], "hlc": [921699, 7]}
INFO:<Node 7>:{"send": false, "recv": true, "to": 7, "from": 6, "vc": [13, 18, 22, 14, 11, 11, 19, 20, 15, 9], "hlc": [921699, 7]}
INFO:<Node 9>:{"send": false, "recv": true, "to": 9, "from": 8, "vc": [9, 7, 9, 8, 8, 7, 15, 4, 16, 12], "hlc": [921697, 3]}
INFO:<Node 3>:{"send": true, "recv": false, "from": 3, "to": 1, "vc": [11, 19, 15, 17, 7, 14, 13, 12, 13, 9], "hlc": [921700, 2]}
INFO:<Node 4>:{"send": true, "recv": false, "from": 4, "to": 0, "vc": [13, 17, 18, 10, 15, 9, 15, 19, 14, 11], "hlc": [921699, 8]}
INFO:<Node 8>:{"send": true, "recv": false, "from": 8, "to": 3, "vc": [8, 7, 8, 7, 5, 3, 6, 4, 17, 3], "hlc": [921695, 15]}
INFO:<Node 9>:{"send": true, "recv": false, "from": 9, "to": 4, "vc": [9, 7, 9, 8, 8, 7, 15, 4, 16, 13], "hlc": [921697, 4]}
INFO:<Node 0>:{"send": false, "recv": true, "to": 0, "from": 4, "vc": [14, 17, 18, 10, 15, 9, 15, 19, 14, 11], "hlc": [921699, 9]}
INFO:<Node 1>:{"send": false, "recv": true, "to": 1, "from": 3, "vc": [11, 21, 23, 17, 10, 14, 13, 16, 14, 9], "hlc": [921701, 1]}
INFO:<Node 3>:{"send": false, "recv": true, "to": 3, "from": 8, "vc": [11, 19, 15, 18, 7, 14, 13, 12, 17, 9], "hlc": [921700, 3]}
INFO:<Node 4>:{"send": false, "recv": true, "to": 4, "from": 9, "vc": [13, 17, 18, 10, 16, 9, 15, 19, 16, 13], "hlc": [921699, 9]}
INFO:<Node 0>:{"send": true, "recv": false, "from": 0, "to": 1, "vc": [15, 17, 18, 10, 15, 9, 15, 19, 14, 11], "hlc": [921699, 10]}
INFO:<Node 3>:{"send": true, "recv": false, "from": 3, "to": 7, "vc": [11, 19, 15, 19, 7, 14, 13, 12, 17, 9], "hlc": [921700, 4]}
INFO:<Node 4>:{"send": true, "recv": false, "from": 4, "to": 3, "vc": [13, 17, 18, 10, 17, 9, 15, 19, 16, 13], "hlc": [921699, 10]}
INFO:<Node 5>:{"send": true, "recv": false, "from": 5, "to": 1, "vc": [9, 7, 9, 8, 5, 15, 11, 4, 12, 7], "hlc": [921695, 16]}
INFO:<Node 6>:{"send": true, "recv": false, "from": 6, "to": 9, "vc": [11, 18, 22, 14, 13, 11, 21, 16, 15, 11], "hlc": [921699, 8]}
INFO:<Node 7>:{"send": true, "recv": false, "from": 7, "to": 0, "vc": [13, 18, 22, 14, 11, 11, 19, 21, 15, 9], "hlc": [921699, 8]}
INFO:<Node 0>:{"send": false, "recv": true, "to": 0, "from": 7, "vc": [16, 18, 22, 14, 15, 11, 19, 21, 15, 11], "hlc": [921699, 11]}
INFO:<Node 1>:{"send": false, "recv": true, "to": 1, "from": 0, "vc": [15, 22, 23, 17, 15, 14, 15, 19, 14, 11], "hlc": [921702, 0]}
INFO:<Node 1>:{"send": false, "recv": true, "to": 1, "from": 5, "vc": [15, 23, 23, 17, 15, 15, 15, 19, 14, 11], "hlc": [921702, 1]}
INFO:<Node 3>:{"send": false, "recv": true, "to": 3, "from": 4, "vc": [13, 19, 18, 20, 17, 14, 15, 19, 17, 13], "hlc": [921700, 5]}
INFO:<Node 7>:{"send": false, "recv": true, "to": 7, "from": 3, "vc": [13, 19, 22, 19, 11, 14, 19, 22, 17, 9], "hlc": [921700, 5]}
INFO:<Node 9>:{"send": false, "recv": true, "to": 9, "from": 6, "vc": [11, 18, 22, 14, 13, 11, 21, 16, 16, 14], "hlc": [921699, 9]}
INFO:<Node 0>:{"send": true, "recv": false, "from": 0, "to": 7, "vc": [17, 18, 22, 14, 15, 11, 19, 21, 15, 11], "hlc": [921699, 12]}
INFO:<Node 1>:{"send": true, "recv": false, "from": 1, "to": 0, "vc": [15, 24, 23, 17, 15, 15, 15, 19, 14, 11], "hlc": [921702, 2]}
INFO:<Node 3>:{"send": true, "recv": false, "from": 3, "to": 1, "vc": [13, 19, 18, 21, 17, 14, 15, 19, 17, 13], "hlc": [921700, 6]}
INFO:<Node 4>:{"send": true, "recv": false, "from": 4, "to": 7, "vc": [13, 17, 18, 10, 18, 9, 15, 19, 16, 13], "hlc": [921699, 11]}
INFO:<Node 8>:{"send": true, "recv": false, "from": 8, "to": 4, "vc": [8, 7, 8, 7, 5, 3, 6, 4, 18, 3], "hlc": [921695, 16]}
INFO:<Node 9>:{"send": true, "recv": false, "from": 9, "to": 5, "vc": [11, 18, 22, 14, 13, 11, 21, 16, 16, 15], "hlc": [921699, 10]}
INFO:<Node 0>:{"send": false, "recv": true, "to": 0, "from": 1, "vc": [18, 24, 23, 17, 15, 15, 19, 21, 15, 11], "hlc": [921702, 3]}
INFO:<Node 1>:{"send": false, "recv": true, "to": 1, "from": 3, "vc": [15, 25, 23, 21, 17, 15, 15, 19, 17, 13], "hlc": [921702, 3]}
INFO:<Node 4>:{"send": false, "recv": true, "to": 4, "from": 8, "vc": [13, 17, 18, 10, 19, 9, 15, 19, 18, 13], "hlc": [921699, 12]}
INFO:<Node 5>:{"send": false, "recv": true, "to": 5, "from": 9, "vc": [11, 18, 22, 14, 13, 16, 21, 16, 16, 15], "hlc": [921699, 11]}
INFO:<Node 7>:{"send": false, "recv": true, "to": 7, "from": 0, "vc": [17, 19, 22, 19, 15, 14, 19, 23, 17, 11], "hlc": [921700, 6]}
INFO:<Node 7>:{"send": false, "recv": true, "to": 7, "from": 4, "vc": [17, 19, 22, 19, 18, 14, 19, 24, 17, 13], "hlc": [921700, 7]}
INFO:<Node 0>:{"send": true, "recv": false, "from": 0, "to": 8, "vc": [19, 24, 23, 17, 15, 15, 19, 21, 15, 11], "hlc": [921702, 4]}
INFO:<Node 1>:{"send": true, "recv": false, "from": 1, "to": 6, "vc": [15, 26, 23, 21, 17, 15, 15, 19, 17, 13], "hlc": [921702, 4]}
INFO:<Node 2>:{"send": true, "recv": false, "from": 2, "to": 0, "vc": [11, 15, 24, 14, 10, 11, 11, 16, 14, 4], "hlc": [921698, 12]}
INFO:<Node 4>:{"send": true, "recv": false, "from": 4, "to": 8, "vc": [13, 17, 18, 10, 20, 9, 15, 19, 18, 13], "hlc": [921699, 13]}
INFO:<Node 5>:{"send": true, "recv": false, "from": 5, "to": 8, "vc": [11, 18, 22, 14, 13, 17, 21, 16, 16, 15], "hlc": [921699, 12]}
INFO:<Node 6>:{"send": true, "recv": false, "from": 6, "to": 3, "vc": [11, 18, 22, 14, 13, 11, 22, 16, 15, 11], "hlc": [921700, 0]}
INFO:<Node 7>:{"send": true, "recv": false, "from": 7, "to": 4, "vc": [17, 19, 22, 19, 18, 14, 19, 25, 17, 13], "hlc": [921700, 8]}
INFO:<Node 8>:{"send": true, "recv": false, "from": 8, "to": 5, "vc": [8, 7, 8, 7, 5, 3, 6, 4, 19, 3], "hlc": [921695, 17]}
INFO:<Node 0>:{"send": false, "recv": true, "to": 0, "from": 2, "vc": [20, 24, 24, 17, 15, 15, 19, 21, 15, 11], "hlc": [921702, 5]}
INFO:<Node 3>:{"send": false, "recv": true, "to": 3, "from": 6, "vc": [13, 19, 22, 22, 17, 14, 22, 19, 17, 13], "hlc": [921700, 7]}
INFO:<Node 4>:{"send": false, "recv": true, "to": 4, "from": 7, "vc": [17, 19, 22, 19, 21, 14, 19, 25, 18, 13], "hlc": [921700, 9]}
INFO:<Node 5>:{"send": false, "recv": true, "to": 5, "from": 8, "vc": [11, 18, 22, 14, 13, 18, 21, 16, 19, 15], "hlc": [921699, 13]}
INFO:<Node 6>:{"send": false, "recv": true, "to": 6, "from": 1, "vc": [15, 26, 23, 21, 17, 15, 23, 19, 17, 13], "hlc": [921702, 5]}
INFO:<Node 8>:{"send": false, "recv": true, "to": 8, "from": 0, "vc": [19, 24, 23, 17, 15, 15, 19, 21, 20, 11], "hlc": [921702, 5]}
INFO:<Node 8>:{"send": false, "recv": true, "to": 8, "from": 4, "vc": [19, 24, 23, 17, 20, 15, 19, 21, 21, 13], "hlc": [921702, 6]}
INFO:<Node 8>:{"send": false, "recv": true, "to": 8, "from": 5, "vc": [19, 24, 23, 17, 20, 17, 21, 21, 22, 15], "hlc": [921702, 7]}
INFO:<Node 0>:{"send": true, "recv": false, "from": 0, "to": 2, "vc": [21, 24, 24, 17, 15, 15, 19, 21, 15, 11], "hlc": [921702, 6]}
INFO:<Node 2>:{"send": true, "recv": false, "from": 2, "to": 8, "vc": [11, 15, 25, 14, 10, 11, 11, 16, 14, 4], "hlc": [921698, 13]}
INFO:<Node 9>:{"send": true, "recv": false, "from": 9, "to": 0, "vc": [11, 18, 22, 14, 13, 11, 21, 16, 16, 16], "hlc": [921699, 11]}
INFO:<Node 0>:{"send": false, "recv": true, "to": 0, "from": 9, "vc": [22, 24, 24, 17, 15, 15, 21, 21, 16, 16], "hlc": [921702, 7]}
INFO:<Node 2>:{"send": false, "recv": true, "to": 2, "from": 0, "vc": [21, 24, 26, 17, 15, 15, 19, 21, 15, 11], "hlc": [921702, 7]}
INFO:<Node 8>:{"send": false, "recv": true, "to": 8, "from": 2, "vc": [19, 24, 25, 17, 20, 17, 21, 21, 23, 15], "hlc": [921702, 8]}
INFO:<Node 3>:{"send": true, "recv": false, "from": 3, "to": 6, "vc": [13, 19, 22, 23, 17, 14, 22, 19, 17, 13], "hlc": [921700, 8]}
INFO:<Node 6>:{"send": true, "recv": false, "from": 6, "to": 8, "vc": [15, 26, 23, 21, 17, 15, 24, 19, 17, 13], "hlc": [921702, 6]}
INFO:<Node 7>:{"send": true, "recv": false, "from": 7, "to": 5, "vc": [17, 19, 22, 19, 18, 14, 19, 26, 17, 13], "hlc": [921700, 9]}
INFO:<Node 8>:{"send": true, "recv": false, "from": 8, "to": 5, "vc": [19, 24, 25, 17, 20, 17, 21, 21, 24, 15], "hlc": [921702, 9]}
INFO:<Node 9>:{"send": true, "recv": false, "from": 9, "to": 6, "vc": [11, 18, 22, 14, 13, 11, 21, 16, 16, 17], "hlc": [921699, 12]}
INFO:<Node 5>:{"send": false, "recv": true, "to": 5, "from": 7, "vc": [17, 19, 22, 19, 18, 19, 21, 26, 19, 15], "hlc": [921700, 10]}
INFO:<Node 5>:{"send": false, "recv": true, "to": 5, "from": 8, "vc": [19, 24, 25, 19, 20, 20, 21, 26, 24, 15], "hlc": [921702, 10]}
INFO:<Node 6>:{"send": false, "recv": true, "to": 6, "from": 3, "vc": [15, 26, 23, 23, 17, 15, 25, 19, 17, 13], "hlc": [921702, 7]}
INFO:<Node 6>:{"send": false, "recv": true, "to": 6, "from": 9, "vc": [15, 26, 23, 23, 17, 15, 26, 19, 17, 17], "hlc": [921702, 8]}
INFO:<Node 8>:{"send": false, "recv": true, "to": 8, "from": 6, "vc": [19, 26, 25, 21, 20, 17, 24, 21, 25, 15], "hlc": [921702, 10]}
INFO:<Node 0>:{"send": true, "recv": false, "from": 0, "to": 5, "vc": [23, 24, 24, 17, 15, 15, 21, 21, 16, 16], "hlc": [921702, 8]}
INFO:<Node 2>:{"send": true, "recv": false, "from": 2, "to": 5, "vc": [21, 24, 27, 17, 15, 15, 19, 21, 15, 11], "hlc": [921702, 8]}
INFO:<Node 4>:{"send": true, "recv": false, "from": 4, "to": 1, "vc": [17, 19, 22, 19, 22, 14, 19, 25, 18, 13], "hlc": [921700, 10]}
INFO:<Node 1>:{"send": false, "recv": true, "to": 1, "from": 4, "vc": [17, 27, 23, 21, 22, 15, 19, 25, 18, 13], "hlc": [921704, 0]}
INFO:<Node 5>:{"send": false, "recv": true, "to": 5, "from": 0, "vc": [23, 24, 25, 19, 20, 21, 21, 26, 24, 16], "hlc": [921702, 11]}
INFO:<Node 5>:{"send": false, "recv": true, "to": 5, "from": 2, "vc": [23, 24, 27, 19, 20, 22, 21, 26, 24, 16], "hlc": [921702, 12]}
INFO:<Node 0>:{"send": true, "recv": false, "from": 0, "to": 4, "vc": [24, 24, 24, 17, 15, 15, 21, 21, 16, 16], "hlc": [921702, 9]}
INFO:<Node 1>:{"send": true, "recv": false, "from": 1, "to": 6, "vc": [17, 28, 23, 21, 22, 15, 19, 25, 18, 13], "hlc": [921704, 1]}
INFO:<Node 2>:{"send": true, "recv": false, "from": 2, "to": 5, "vc": [21, 24, 28, 17, 15, 15, 19, 21, 15, 11], "hlc": [921702, 9]}
INFO:<Node 3>:{"send": true, "recv": false, "from": 3, "to": 6, "vc": [13, 19, 22, 24, 17, 14, 22, 19, 17, 13], "hlc": [921700, 9]}
INFO:<Node 4>:{"send": true, "recv": false, "from": 4, "to": 9, "vc": [17, 19, 22, 19, 23, 14, 19, 25, 18, 13], "hlc": [921700, 11]}
INFO:<Node 5>:{"send": true, "recv": false, "from": 5, "to": 3, "vc": [23, 24, 27, 19, 20, 23, 21, 26, 24, 16], "hlc": [921702, 13]}
INFO:<Node 6>:{"send": true, "recv": false, "from": 6, "to": 5, "vc": [15, 26, 23, 23, 17, 15, 27, 19, 17, 17], "hlc": [921702, 9]}
INFO:<Node 7>:{"send": true, "recv": false, "from": 7, "to": 4, "vc": [17, 19, 22, 19, 18, 14, 19, 27, 17, 13], "hlc": [921700, 10]}
INFO:<Node 8>:{"send": true, "recv": false, "from": 8, "to": 4, "vc": [19, 26, 25, 21, 20, 17, 24, 21, 26, 15], "hlc": [921702, 11]}
INFO:<Node 3>:{"send": false, "recv": true, "to": 3, "from": 5, "vc": [23, 24, 27, 25, 20, 23, 22, 26, 24, 16], "hlc": [921702, 14]}
INFO:<Node 4>:{"send": false, "recv": true, "to": 4, "from": 0, "vc": [24, 24, 24, 19, 24, 15, 21, 25, 18, 16], "hlc": [921702, 10]}
INFO:<Node 4>:{"send": false, "recv": true, "to": 4, "from": 7, "vc": [24, 24, 24, 19, 25, 15, 21, 27, 18, 16], "hlc": [921702, 11]}
INFO:<Node 4>:{"send": false, "recv": true, "to": 4, "from": 8, "vc": [24, 26, 25, 21, 26, 17, 24, 27, 26, 16], "hlc": [921702, 12]}
INFO:<Node 5>:{"send": false, "recv": true, "to": 5, "from": 2, "vc": [23, 24, 28, 19, 20, 24, 21, 26, 24, 16], "hlc": [921702, 14]}
INFO:<Node 5>:{"send": false, "recv": true, "to": 5, "from": 6, "vc": [23, 26, 28, 23, 20, 25, 27, 26, 24, 17], "hlc": [921702, 15]}
INFO:<Node 6>:{"send": false, "recv": true, "to": 6, "from": 1, "vc": [17, 28, 23, 23, 22, 15, 28, 25, 18, 17], "hlc": [921704, 2]}
INFO:<Node 6>:{"send": false, "recv": true, "to": 6, "from": 3, "vc": [17, 28, 23, 24, 22, 15, 29, 25, 18, 17], "hlc": [921704, 3]}
INFO:<Node 9>:{"send": false, "recv": true, "to": 9, "from": 4, "vc": [17, 19, 22, 19, 23, 14, 21, 25, 18, 18], "hlc": [921700, 12]}
INFO:<Node 0>:{"send": true, "recv": false, "from": 0, "to": 8, "vc": [25, 24, 24, 17, 15, 15, 21, 21, 16, 16], "hlc": [921702, 10]}
INFO:<Node 1>:{"send": true, "recv": false, "from": 1, "to": 8, "vc": [17, 29, 23, 21, 22, 15, 19, 25, 18, 13], "hlc": [921705, 0]}
INFO:<Node 3>:{"send": true, "recv": false, "from": 3, "to": 2, "vc": [23, 24, 27, 26, 20, 23, 22, 26, 24, 16], "hlc": [921702, 15]}
INFO:<Node 4>:{"send": true, "recv": false, "from": 4, "to": 9, "vc": [24, 26, 25, 21, 27, 17, 24, 27, 26, 16], "hlc": [921702, 13]}
INFO:<Node 6>:{"send": true, "recv": false, "from": 6, "to": 2, "vc": [17, 28, 23, 24, 22, 15, 30, 25, 18, 17], "hlc": [921704, 4]}
INFO:<Node 7>:{"send": true, "recv": false, "from": 7, "to": 8, "vc": [17, 19, 22, 19, 18, 14, 19, 28, 17, 13], "hlc": [921700, 11]}
INFO:<Node 8>:{"send": true, "recv": false, "from": 8, "to": 3, "vc": [19, 26, 25, 21, 20, 17, 24, 21, 27, 15], "hlc": [921702, 12]}
INFO:<Node 9>:{"send": true, "recv": false, "from": 9, "to": 0, "vc": [17, 19, 22, 19, 23, 14, 21, 25, 18, 19], "hlc": [921700, 13]}
INFO:<Node 0>:{"send": false, "recv": true, "to": 0, "from": 9, "vc": [26, 24, 24, 19, 23, 15, 21, 25, 18, 19], "hlc": [921702, 11]}
INFO:<Node 2>:{"send": false, "recv": true, "to": 2, "from": 3, "vc": [23, 24, 29, 26, 20, 23, 22, 26, 24, 16], "hlc": [921702, 16]}
INFO:<Node 2>:{"send": false, "recv": true, "to": 2, "from": 6, "vc": [23, 28, 30, 26, 22, 23, 30, 26, 24, 17], "hlc": [921704, 5]}
INFO:<Node 3>:{"send": false, "recv": true, "to": 3, "from": 8, "vc": [23, 26, 27, 27, 20, 23, 24, 26, 27, 16], "hlc": [921702, 16]}
INFO:<Node 8>:{"send": false, "recv": true, "to": 8, "from": 0, "vc": [25, 26, 25, 21, 20, 17, 24, 21, 28, 16], "hlc": [921702, 13]}
INFO:<Node 8>:{"send": false, "recv": true, "to": 8, "from": 1, "vc": [25, 29, 25, 21, 22, 17, 24, 25, 29, 16], "hlc": [921705, 1]}
INFO:<Node 8>:{"send": false, "recv": true, "to": 8, "from": 7, "vc": [25, 29, 25, 21, 22, 17, 24, 28, 30, 16], "hlc": [921705, 2]}
INFO:<Node 9>:{"send": false, "recv": true, "to": 9, "from": 4, "vc": [24, 26, 25, 21, 27, 17, 24, 27, 26, 20], "hlc": [921702, 14]}
INFO:<Node 0>:{"send": true, "recv": false, "from": 0, "to": 4, "vc": [27, 24, 24, 19, 23, 15, 21, 25, 18, 19], "hlc": [921702, 12]}
INFO:<Node 1>:{"send": true, "recv": false, "from": 1, "to": 7, "vc": [17, 30, 23, 21, 22, 15, 19, 25, 18, 13], "hlc": [921705, 1]}
INFO:<Node 2>:{"send": true, "recv": false, "from": 2, "to": 6, "vc": [23, 28, 31, 26, 22, 23, 30, 26, 24, 17], "hlc": [921704, 6]}
INFO:<Node 3>:{"send": true, "recv": false, "from": 3, "to": 1, "vc": [23, 26, 27, 28, 20, 23, 24, 26, 27, 16], "hlc": [921702, 17]}
INFO:<Node 4>:{"send": true, "recv": false, "from": 4, "to": 5, "vc": [24, 26, 25, 21, 28, 17, 24, 27, 26, 16], "hlc": [921702, 14]}
INFO:<Node 7>:{"send": true, "recv": false, "from": 7, "to": 5, "vc": [17, 19, 22, 19, 18, 14, 19, 29, 17, 13], "hlc": [921700, 12]}
INFO:<Node 9>:{"send": true, "recv": false, "from": 9, "to": 5, "vc": [24, 26, 25, 21, 27, 17, 24, 27, 26, 21], "hlc": [921702, 15]}
INFO:<Node 1>:{"send": false, "recv": true, "to": 1, "from": 3, "vc": [23, 31, 27, 28, 22, 23, 24, 26, 27, 16], "hlc": [921706, 0]}
INFO:<Node 4>:{"send": false, "recv": true, "to": 4, "from": 0, "vc": [27, 26, 25, 21, 29, 17, 24, 27, 26, 19], "hlc": [921702, 15]}
INFO:<Node 5>:{"send": false, "recv": true, "to": 5, "from": 4, "vc": [24, 26, 28, 23, 28, 26, 27, 27, 26, 17], "hlc": [921702, 16]}
INFO:<Node 5>:{"send": false, "recv": true, "to": 5, "from": 7, "vc": [24, 26, 28, 23, 28, 27, 27, 29, 26, 17], "hlc": [921702, 17]}
INFO:<Node 5>:{"send": false, "recv": true, "to": 5, "from": 9, "vc": [24, 26, 28, 23, 28, 28, 27, 29, 26, 21], "hlc": [921702, 18]}
INFO:<Node 6>:{"send": false, "recv": true, "to": 6, "from": 2, "vc": [23, 28, 31, 26, 22, 23, 31, 26, 24, 17], "hlc": [921704, 7]}
INFO:<Node 7>:{"send": false, "recv": true, "to": 7, "from": 1, "vc": [17, 30, 23, 21, 22, 15, 19, 30, 18, 13], "hlc": [921705, 2]}
INFO:<Node 0>:{"send": true, "recv": false, "from": 0, "to": 7, "vc": [28, 24, 24, 19, 23, 15, 21, 25, 18, 19], "hlc": [921702, 13]}
INFO:<Node 2>:{"send": true, "recv": false, "from": 2, "to": 1, "vc": [23, 28, 32, 26, 22, 23, 30, 26, 24, 17], "hlc": [921704, 7]}
INFO:<Node 3>:{"send": true, "recv": false, "from": 3, "to": 2, "vc": [23, 26, 27, 29, 20, 23, 24, 26, 27, 16], "hlc": [921702, 18]}
INFO:<Node 4>:{"send": true, "recv": false, "from": 4, "to": 6, "vc": [27, 26, 25, 21, 30, 17, 24, 27, 26, 19], "hlc": [921702, 16]}
INFO:<Node 5>:{"send": true, "recv": false, "from": 5, "to": 8, "vc": [24, 26, 28, 23, 28, 29, 27, 29, 26, 21], "hlc": [921702, 19]}
INFO:<Node 6>:{"send": true, "recv": false, "from": 6, "to": 1, "vc": [23, 28, 31, 26, 22, 23, 32, 26, 24, 17], "hlc": [921704, 8]}
INFO:<Node 7>:{"send": true, "recv": false, "from": 7, "to": 5, "vc": [17, 30, 23, 21, 22, 15, 19, 31, 18, 13], "hlc": [921705, 3]}
INFO:<Node 8>:{"send": true, "recv": false, "from": 8, "to": 3, "vc": [25, 29, 25, 21, 22, 17, 24, 28, 31, 16], "hlc": [921705, 3]}
INFO:<Node 9>:{"send": true, "recv": false, "from": 9, "to": 3, "vc": [24, 26, 25, 21, 27, 17, 24, 27, 26, 22], "hlc": [921702, 16]}
INFO:<Node 1>:{"send": false, "recv": true, "to": 1, "from": 2, "vc": [23, 32, 32, 28, 22, 23, 30, 26, 27, 17], "hlc": [921706, 1]}
INFO:<Node 1>:{"send": false, "recv": true, "to": 1, "from": 6, "vc": [23, 33, 32, 28, 22, 23, 32, 26, 27, 17], "hlc": [921706, 2]}
INFO:<Node 2>:{"send": false, "recv": true, "to": 2, "from": 3, "vc": [23, 28, 33, 29, 22, 23, 30, 26, 27, 17], "hlc": [921704, 8]}
INFO:<Node 3>:{"send": false, "recv": true, "to": 3, "from": 8, "vc": [25, 29, 27, 30, 22, 23, 24, 28, 31, 16], "hlc": [921705, 4]}
INFO:<Node 3>:{"send": false, "recv": true, "to": 3, "from": 9, "vc": [25, 29, 27, 31, 27, 23, 24, 28, 31, 22], "hlc": [921705, 5]}
INFO:<Node 5>:{"send": false, "recv": true, "to": 5, "from": 7, "vc": [24, 30, 28, 23, 28, 30, 27, 31, 26, 21], "hlc": [921705, 4]}
INFO:<Node 6>:{"send": false, "recv": true, "to": 6, "from": 4, "vc": [27, 28, 31, 26, 30, 23, 33, 27, 26, 19], "hlc": [921704, 9]}
INFO:<Node 7>:{"send": false, "recv": true, "to": 7, "from": 0, "vc": [28, 30, 24, 21, 23, 15, 21, 32, 18, 19], "hlc": [921705, 4]}
INFO:<Node 8>:{"send": false, "recv": true, "to": 8, "from": 5, "vc": [25, 29, 28, 23, 28, 29, 27, 29, 32, 21], "hlc": [921705, 4]}
INFO:<Node 0>:{"send": true, "recv": false, "from": 0, "to": 3, "vc": [29, 24, 24, 19, 23, 15, 21, 25, 18, 19], "hlc": [921702, 14]}
INFO:<Node 2>:{"send": true, "recv": false, "from": 2, "to": 6, "vc": [23, 28, 34, 29, 22, 23, 30, 26, 27, 17], "hlc": [921704, 9]}
INFO:<Node 3>:{"send": true, "recv": false, "from": 3, "to": 6, "vc": [25, 29, 27, 32, 27, 23, 24, 28, 31, 22], "hlc": [921705, 6]}
INFO:<Node 8>:{"send": true, "recv": false, "from": 8, "to": 1, "vc": [25, 29, 28, 23, 28, 29, 27, 29, 33, 21], "hlc": [921705, 5]}
INFO:<Node 9>:{"send": true, "recv": false, "from": 9, "to": 6, "vc": [24, 26, 25, 21, 27, 17, 24, 27, 26, 23], "hlc": [921702, 17]}
INFO:<Node 1>:{"send": false, "recv": true, "to": 1, "from": 8, "vc": [25, 34, 32, 28, 28, 29, 32, 29, 33, 21], "hlc": [921707, 0]}
INFO:<Node 3>:{"send": false, "recv": true, "to": 3, "from": 0, "vc": [29, 29, 27, 33, 27, 23, 24, 28, 31, 22], "hlc": [921705, 7]}
INFO:<Node 6>:{"send": false, "recv": true, "to": 6, "from": 2, "vc": [27, 28, 34, 29, 30, 23, 34, 27, 27, 19], "hlc": [921705, 0]}
INFO:<Node 6>:{"send": false, "recv": true, "to": 6, "from": 3, "vc": [27, 29, 34, 32, 30, 23, 35, 28, 31, 22], "hlc": [921705, 7]}
INFO:<Node 6>:{"send": false, "recv": true, "to": 6, "from": 9, "vc": [27, 29, 34, 32, 30, 23, 36, 28, 31, 23], "hlc": [921705, 8]}
INFO:<Node 2>:{"send": true, "recv": false, "from": 2, "to": 8, "vc": [23, 28, 35, 29, 22, 23, 30, 26, 27, 17], "hlc": [921704, 10]}
INFO:<Node 5>:{"send": true, "recv": false, "from": 5, "to": 9, "vc": [24, 30, 28, 23, 28, 31, 27, 31, 26, 21], "hlc": [921705, 5]}
INFO:<Node 7>:{"send": true, "recv": false, "from": 7, "to": 9, "vc": [28, 30, 24, 21, 23, 15, 21, 33, 18, 19], "hlc": [921705, 5]}
INFO:<Node 8>:{"send": false, "recv": true, "to": 8, "from": 2, "vc": [25, 29, 35, 29, 28, 29, 30, 29, 34, 21], "hlc": [921705, 6]}
INFO:<Node 9>:{"send": false, "recv": true, "to": 9, "from": 5, "vc": [24, 30, 28, 23, 28, 31, 27, 31, 26, 24], "hlc": [921705, 6]}
INFO:<Node 9>:{"send": false, "recv": true, "to": 9, "from": 7, "vc": [28, 30, 28, 23, 28, 31, 27, 33, 26, 25], "hlc": [921705, 7]}
INFO:<Node 3>:{"send": true, "recv": false, "from": 3, "to": 4, "vc": [29, 29, 27, 34, 27, 23, 24, 28, 31, 22], "hlc": [921705, 8]}
INFO:<Node 4>:{"send": true, "recv": false, "from": 4, "to": 8, "vc": [27, 26, 25, 21, 31, 17, 24, 27, 26, 19], "hlc": [921703, 0]}
INFO:<Node 9>:{"send": true, "recv": false, "from": 9, "to": 4, "vc": [28, 30, 28, 23, 28, 31, 27, 33, 26, 26], "hlc": [921705, 8]}
INFO:<Node 4>:{"send": false, "recv": true, "to": 4, "from": 3, "vc": [29, 29, 27, 34, 32, 23, 24, 28, 31, 22], "hlc": [921705, 9]}
INFO:<Node 4>:{"send": false, "recv": true, "to": 4, "from": 9, "vc": [29, 30, 28, 34, 33, 31, 27, 33, 31, 26], "hlc": [921705, 10]}
INFO:<Node 8>:{"send": false, "recv": true, "to": 8, "from": 4, "vc": [27, 29, 35, 29, 31, 29, 30, 29, 35, 21], "hlc": [921705, 7]}
INFO:<Node 0>:{"send": true, "recv": false, "from": 0, "to": 2, "vc": [30, 24, 24, 19, 23, 15, 21, 25, 18, 19], "hlc": [921703, 0]}
INFO:<Node 1>:{"send": true, "recv": false, "from": 1, "to": 2, "vc": [25, 35, 32, 28, 28, 29, 32, 29, 33, 21], "hlc": [921708, 0]}
INFO:<Node 3>:{"send": true, "recv": false, "from": 3, "to": 0, "vc": [29, 29, 27, 35, 27, 23, 24, 28, 31, 22], "hlc": [921705, 9]}
INFO:<Node 5>:{"send": true, "recv": false, "from": 5, "to": 3, "vc": [24, 30, 28, 23, 28, 32, 27, 31, 26, 21], "hlc": [921705, 6]}
INFO:<Node 6>:{"send": true, "recv": false, "from": 6, "to": 4, "vc": [27, 29, 34, 32, 30, 23, 37, 28, 31, 23], "hlc": [921706, 0]}
INFO:<Node 8>:{"send": true, "recv": false, "from": 8, "to": 2, "vc": [27, 29, 35, 29, 31, 29, 30, 29, 36, 21], "hlc": [921705, 8]}
INFO:<Node 0>:{"send": false, "recv": true, "to": 0, "from": 3, "vc": [31, 29, 27, 35, 27, 23, 24, 28, 31, 22], "hlc": [921705, 10]}
INFO:<Node 2>:{"send": false, "recv": true, "to": 2, "from": 0, "vc": [30, 28, 36, 29, 23, 23, 30, 26, 27, 19], "hlc": [921704, 11]}
INFO:<Node 2>:{"send": false, "recv": true, "to": 2, "from": 1, "vc": [30, 35, 37, 29, 28, 29, 32, 29, 33, 21], "hlc": [921708, 1]}
INFO:<Node 2>:{"send": false, "recv": true, "to": 2, "from": 8, "vc": [30, 35, 38, 29, 31, 29, 32, 29, 36, 21], "hlc": [921708, 2]}
INFO:<Node 3>:{"send": false, "recv": true, "to": 3, "from": 5, "vc": [29, 30, 28, 36, 28, 32, 27, 31, 31, 22], "hlc": [921705, 10]}
INFO:<Node 4>:{"send": false, "recv": true, "to": 4, "from": 6, "vc": [29, 30, 34, 34, 34, 31, 37, 33, 31, 26], "hlc": [921706, 1]}
INFO:<Node 2>:{"send": true, "recv": false, "from": 2, "to": 0, "vc": [30, 35, 39, 29, 31, 29, 32, 29, 36, 21], "hlc": [921708, 3]}
INFO:<Node 3>:{"send": true, "recv": false, "from": 3, "to": 7, "vc": [29, 30, 28, 37, 28, 32, 27, 31, 31, 22], "hlc": [921705, 11]}
INFO:<Node 6>:{"send": true, "recv": false, "from": 6, "to": 8, "vc": [27, 29, 34, 32, 30, 23, 38, 28, 31, 23], "hlc": [921706, 1]}
INFO:<Node 7>:{"send": true, "recv": false, "from": 7, "to": 1, "vc": [28, 30, 24, 21, 23, 15, 21, 34, 18, 19], "hlc": [921705, 6]}
INFO:<Node 8>:{"send": true, "recv": false, "from": 8, "to": 2, "vc": [27, 29, 35, 29, 31, 29, 30, 29, 37, 21], "hlc": [921705, 9]}
INFO:<Node 9>:{"send": true, "recv": false, "from": 9, "to": 7, "vc": [28, 30, 28, 23, 28, 31, 27, 33, 26, 27], "hlc": [921705, 9]}
INFO:<Node 0>:{"send": false, "recv": true, "to": 0, "from": 2, "vc": [32, 35, 39, 35, 31, 29, 32, 29, 36, 22], "hlc": [921708, 4]}
INFO:<Node 1>:{"send": false, "recv": true, "to": 1, "from": 7, "vc": [28, 36, 32, 28, 28, 29, 32, 34, 33, 21], "hlc": [921709, 0]}
INFO:<Node 2>:{"send": false, "recv": true, "to": 2, "from": 8, "vc": [30, 35, 40, 29, 31, 29, 32, 29, 37, 21], "hlc": [921708, 4]}
INFO:<Node 7>:{"send": false, "recv": true, "to": 7, "from": 3, "vc": [29, 30, 28, 37, 28, 32, 27, 35, 31, 22], "hlc": [921705, 12]}
INFO:<Node 7>:{"send": false, "recv": true, "to": 7, "from": 9, "vc": [29, 30, 28, 37, 28, 32, 27, 36, 31, 27], "hlc": [921705, 13]}
INFO:<Node 8>:{"send": false, "recv": true, "to": 8, "from": 6, "vc": [27, 29, 35, 32, 31, 29, 38, 29, 38, 23], "hlc": [921706, 2]}
INFO:<Node 6>:{"send": true, "recv": false, "from": 6, "to": 3, "vc": [27, 29, 34, 32, 30, 23, 39, 28, 31, 23], "hlc": [921707, 0]}
INFO:<Node 8>:{"send": true, "recv": false, "from": 8, "to": 2, "vc": [27, 29, 35, 32, 31, 29, 38, 29, 39, 23], "hlc": [921706, 3]}
INFO:<Node 9>:{"send": true, "recv": false, "from": 9, "to": 1, "vc": [28, 30, 28, 23, 28, 31, 27, 33, 26, 28], "hlc": [921705, 10]}
INFO:<Node 1>:{"send": false, "recv": true, "to": 1, "from": 9, "vc": [28, 37, 32, 28, 28, 31, 32, 34, 33, 28], "hlc": [921709, 1]}
INFO:<Node 2>:{"send": false, "recv": true, "to": 2, "from": 8, "vc": [30, 35, 41, 32, 31, 29, 38, 29, 39, 23], "hlc": [921708, 5]}
INFO:<Node 3>:{"send": false, "recv": true, "to": 3, "from": 6, "vc": [29, 30, 34, 38, 30, 32, 39, 31, 31, 23], "hlc": [921707, 1]}
INFO:<Node 0>:{"send": true, "recv": false, "from": 0, "to": 2, "vc": [33, 35, 39, 35, 31, 29, 32, 29, 36, 22], "hlc": [921708, 5]}
INFO:<Node 2>:{"send": true, "recv": false, "from": 2, "to": 4, "vc": [30, 35, 42, 32, 31, 29, 38, 29, 39, 23], "hlc": [921708, 6]}
INFO:<Node 5>:{"send": true, "recv": false, "from": 5, "to": 8, "vc": [24, 30, 28, 23, 28, 33, 27, 31, 26, 21], "hlc": [921705, 7]}
INFO:<Node 6>:{"send": true, "recv": false, "from": 6, "to": 8, "vc": [27, 29, 34, 32, 30, 23, 40, 28, 31, 23], "hlc": [921707, 1]}
INFO:<Node 8>:{"send": true, "recv": false, "from": 8, "to": 2, "vc": [27, 29, 35, 32, 31, 29, 38, 29, 40, 23], "hlc": [921706, 4]}
INFO:<Node 9>:{"send": true, "recv": false, "from": 9, "to": 6, "vc": [28, 30, 28, 23, 28, 31, 27, 33, 26, 29], "hlc": [921705, 11]}
INFO:<Node 2>:{"send": false, "recv": true, "to": 2, "from": 0, "vc": [33, 35, 43, 35, 31, 29, 38, 29, 39, 23], "hlc": [921708, 7]}
INFO:<Node 2>:{"send": false, "recv": true, "to": 2, "from": 8, "vc": [33, 35, 44, 35, 31, 29, 38, 29, 40, 23], "hlc": [921708, 8]}
INFO:<Node 4>:{"send": false, "recv": true, "to": 4, "from": 2, "vc": [30, 35, 42, 34, 35, 31, 38, 33, 39, 26], "hlc": [921708, 7]}
INFO:<Node 6>:{"send": false, "recv": true, "to": 6, "from": 9, "vc": [28, 30, 34, 32, 30, 31, 41, 33, 31, 29], "hlc": [921708, 0]}
INFO:<Node 8>:{"send": false, "recv": true, "to": 8, "from": 5, "vc": [27, 30, 35, 32, 31, 33, 38, 31, 41, 23], "hlc": [921706, 5]}
INFO:<Node 8>:{"send": false, "recv": true, "to": 8, "from": 6, "vc": [27, 30, 35, 32, 31, 33, 40, 31, 42, 23], "hlc": [921707, 2]}
INFO:<Node 0>:{"send": true, "recv": false, "from": 0, "to": 9, "vc": [34, 35, 39, 35, 31, 29, 32, 29, 36, 22], "hlc": [921708, 6]}
INFO:<Node 2>:{"send": true, "recv": false, "from": 2, "to": 6, "vc": [33, 35, 45, 35, 31, 29, 38, 29, 40, 23], "hlc": [921708, 9]}
INFO:<Node 4>:{"send": true, "recv": false, "from": 4, "to": 5, "vc": [30, 35, 42, 34, 36, 31, 38, 33, 39, 26], "hlc": [921708, 8]}
INFO:<Node 6>:{"send": true, "recv": false, "from": 6, "to": 4, "vc": [28, 30, 34, 32, 30, 31, 42, 33, 31, 29], "hlc": [921708, 1]}
INFO:<Node 9>:{"send": true, "recv": false, "from": 9, "to": 5, "vc": [28, 30, 28, 23, 28, 31, 27, 33, 26, 30], "hlc": [921705, 12]}
INFO:<Node 4>:{"send": false, "recv": true, "to": 4, "from": 6, "vc": [30, 35, 42, 34, 37, 31, 42, 33, 39, 29], "hlc": [921708, 9]}
INFO:<Node 5>:{"send": false, "recv": true, "to": 5, "from": 4, "vc": [30, 35, 42, 34, 36, 34, 38, 33, 39, 26], "hlc": [921708, 9]}
INFO:<Node 5>:{"send": false, "recv": true, "to": 5, "from": 9, "vc": [30, 35, 42, 34, 36, 35, 38, 33, 39, 30], "hlc": [921708, 10]}
INFO:<Node 6>:{"send": false, "recv": true, "to": 6, "from": 2, "vc": [33, 35, 45, 35, 31, 31, 43, 33, 40, 29], "hlc": [921708, 10]}
INFO:<Node 9>:{"send": false, "recv": true, "to": 9, "from": 0, "vc": [34, 35, 39, 35, 31, 31, 32, 33, 36, 31], "hlc": [921708, 7]}
INFO:<Node 2>:{"send": true, "recv": false, "from": 2, "to": 9, "vc": [33, 35, 46, 35, 31, 29, 38, 29, 40, 23], "hlc": [921708, 10]}
INFO:<Node 3>:{"send": true, "recv": false, "from": 3, "to": 5, "vc": [29, 30, 34, 39, 30, 32, 39, 31, 31, 23], "hlc": [921707, 2]}
INFO:<Node 4>:{"send": true, "recv": false, "from": 4, "to": 9, "vc": [30, 35, 42, 34, 38, 31, 42, 33, 39, 29], "hlc": [921708, 10]}
INFO:<Node 5>:{"send": true, "recv": false, "from": 5, "to": 8, "vc": [30, 35, 42, 34, 36, 36, 38, 33, 39, 30], "hlc": [921708, 11]}
INFO:<Node 6>:{"send": true, "recv": false, "from": 6, "to": 5, "vc": [33, 35, 45, 35, 31, 31, 44, 33, 40, 29], "hlc": [921708, 11]}
INFO:<Node 7>:{"send": true, "recv": false, "from": 7, "to": 0, "vc": [29, 30, 28, 37, 28, 32, 27, 37, 31, 27], "hlc": [921705, 14]}
INFO:<Node 9>:{"send": true, "recv": false, "from": 9, "to": 0, "vc": [34, 35, 39, 35, 31, 31, 32, 33, 36, 32], "hlc": [921708, 8]}
INFO:<Node 0>:{"send": false, "recv": true, "to": 0, "from": 7, "vc": [35, 35, 39, 37, 31, 32, 32, 37, 36, 27], "hlc": [921708, 7]}
INFO:<Node 0>:{"send": false, "recv": true, "to": 0, "from": 9, "vc": [36, 35, 39, 37, 31, 32, 32, 37, 36, 32], "hlc": [921708, 9]}
INFO:<Node 5>:{"send": false, "recv": true, "to": 5, "from": 3, "vc": [30, 35, 42, 39, 36, 37, 39, 33, 39, 30], "hlc": [921708, 12]}
INFO:<Node 5>:{"send": false, "recv": true, "to": 5, "from": 6, "vc": [33, 35, 45, 39, 36, 38, 44, 33, 40, 30], "hlc": [921708, 13]}
INFO:<Node 8>:{"send": false, "recv": true, "to": 8, "from": 5, "vc": [30, 35, 42, 34, 36, 36, 40, 33, 43, 30], "hlc": [921708, 12]}
INFO:<Node 9>:{"send": false, "recv": true, "to": 9, "from": 2, "vc": [34, 35, 46, 35, 31, 31, 38, 33, 40, 33], "hlc": [921708, 11]}
INFO:<Node 9>:{"send": false, "recv": true, "to": 9, "from": 4, "vc": [34, 35, 46, 35, 38, 31, 42, 33, 40, 34], "hlc": [921708, 12]}
INFO:<Node 0>:{"send": true, "recv": false, "from": 0, "to": 4, "vc": [37, 35, 39, 37, 31, 32, 32, 37, 36, 32], "hlc": [921708, 10]}
INFO:<Node 2>:{"send": true, "recv": false, "from": 2, "to": 1, "vc": [33, 35, 47, 35, 31, 29, 38, 29, 40, 23], "hlc": [921708, 11]}
INFO:<Node 3>:{"send": true, "recv": false, "from": 3, "to": 9, "vc": [29, 30, 34, 40, 30, 32, 39, 31, 31, 23], "hlc": [921707, 3]}
INFO:<Node 4>:{"send": true, "recv": false, "from": 4, "to": 3, "vc": [30, 35, 42, 34, 39, 31, 42, 33, 39, 29], "hlc": [921708, 11]}
INFO:<Node 6>:{"send": true, "recv": false, "from": 6, "to": 2, "vc": [33, 35, 45, 35, 31, 31, 45, 33, 40, 29], "hlc": [921709, 0]}
INFO:<Node 7>:{"send": true, "recv": false, "from": 7, "to": 9, "vc": [29, 30, 28, 37, 28, 32, 27, 38, 31, 27], "hlc": [921705, 15]}
INFO:<Node 1>:{"send": false, "recv": true, "to": 1, "from": 2, "vc": [33, 38, 47, 35, 31, 31, 38, 34, 40, 28], "hlc": [921711, 0]}
INFO:<Node 2>:{"send": false, "recv": true, "to": 2, "from": 6, "vc": [33, 35, 48, 35, 31, 31, 45, 33, 40, 29], "hlc": [921709, 1]}
INFO:<Node 3>:{"send": false, "recv": true, "to": 3, "from": 4, "vc": [30, 35, 42, 41, 39, 32, 42, 33, 39, 29], "hlc": [921708, 12]}
INFO:<Node 4>:{"send": false, "recv": true, "to": 4, "from": 0, "vc": [37, 35, 42, 37, 40, 32, 42, 37, 39, 32], "hlc": [921708, 12]}
INFO:<Node 9>:{"send": false, "recv": true, "to": 9, "from": 3, "vc": [34, 35, 46, 40, 38, 32, 42, 33, 40, 35], "hlc": [921708, 13]}
INFO:<Node 9>:{"send": false, "recv": true, "to": 9, "from": 7, "vc": [34, 35, 46, 40, 38, 32, 42, 38, 40, 36], "hlc": [921708, 14]}
INFO:<Node 3>:{"send": true, "recv": false, "from": 3, "to": 7, "vc": [30, 35, 42, 42, 39, 32, 42, 33, 39, 29], "hlc": [921708, 13]}
INFO:<Node 4>:{"send": true, "recv": false, "from": 4, "to": 9, "vc": [37, 35, 42, 37, 41, 32, 42, 37, 39, 32], "hlc": [921708, 13]}
INFO:<Node 7>:{"send": true, "recv": false, "from": 7, "to": 4, "vc": [29, 30, 28, 37, 28, 32, 27, 39, 31, 27], "hlc": [921705, 16]}
INFO:<Node 8>:{"send": true, "recv": false, "from": 8, "to": 2, "vc": [30, 35, 42, 34, 36, 36, 40, 33, 44, 30], "hlc": [921708, 13]}
INFO:<Node 2>:{"send": false, "recv": true, "to": 2, "from": 8, "vc": [33, 35, 49, 35, 36, 36, 45, 33, 44, 30], "hlc": [921709, 2]}
INFO:<Node 4>:{"send": false, "recv": true, "to": 4, "from": 7, "vc": [37, 35, 42, 37, 42, 32, 42, 39, 39, 32], "hlc": [921708, 14]}
INFO:<Node 7>:{"send": false, "recv": true, "to": 7, "from": 3, "vc": [30, 35, 42, 42, 39, 32, 42, 40, 39, 29], "hlc": [921708, 14]}
INFO:<Node 9>:{"send": false, "recv": true, "to": 9, "from": 4, "vc": [37, 35, 46, 40, 41, 32, 42, 38, 40, 37], "hlc": [921708, 15]}
INFO:<Node 0>:{"send": true, "recv": false, "from": 0, "to": 6, "vc": [38, 35, 39, 37, 31, 32, 32, 37, 36, 32], "hlc": [921708, 11]}
INFO:<Node 3>:{"send": true, "recv": false, "from": 3, "to": 6, "vc": [30, 35, 42, 43, 39, 32, 42, 33, 39, 29], "hlc": [921708, 14]}
INFO:<Node 5>:{"send": true, "recv": false, "from": 5, "to": 8, "vc": [33, 35, 45, 39, 36, 39, 44, 33, 40, 30], "hlc": [921708, 14]}
INFO:<Node 6>:{"send": true, "recv": false, "from": 6, "to": 1, "vc": [33, 35, 45, 35, 31, 31, 46, 33, 40, 29], "hlc": [921710, 0]}
INFO:<Node 7>:{"send": true, "recv": false, "from": 7, "to": 1, "vc": [30, 35, 42, 42, 39, 32, 42, 41, 39, 29], "hlc": [921708, 15]}
INFO:<Node 9>:{"send": true, "recv": false, "from": 9, "to": 2, "vc": [37, 35, 46, 40, 41, 32, 42, 38, 40, 38], "hlc": [921708, 16]}
INFO:<Node 1>:{"send": false, "recv": true, "to": 1, "from": 6, "vc": [33, 39, 47, 35, 31, 31, 46, 34, 40, 29], "hlc": [921712, 0]}
INFO:<Node 1>:{"send": false, "recv": true, "to": 1, "from": 7, "vc": [33, 40, 47, 42, 39, 32, 46, 41, 40, 29], "hlc": [921712, 1]}
INFO:<Node 2>:{"send": false, "recv": true, "to": 2, "from": 9, "vc": [37, 35, 50, 40, 41, 36, 45, 38, 44, 38], "hlc": [921709, 3]}
INFO:<Node 6>:{"send": false, "recv": true, "to": 6, "from": 0, "vc": [38, 35, 45, 37, 31, 32, 47, 37, 40, 32], "hlc": [921710, 1]}
INFO:<Node 6>:{"send": false, "recv": true, "to": 6, "from": 3, "vc": [38, 35, 45, 43, 39, 32, 48, 37, 40, 32], "hlc": [921710, 2]}
INFO:<Node 8>:{"send": false, "recv": true, "to": 8, "from": 5, "vc": [33, 35, 45, 39, 36, 39, 44, 33, 45, 30], "hlc": [921708, 15]}
INFO:<Node 0>:{"send": true, "recv": false, "from": 0, "to": 3, "vc": [39, 35, 39, 37, 31, 32, 32, 37, 36, 32], "hlc": [921708, 12]}
INFO:<Node 3>:{"send": true, "recv": false, "from": 3, "to": 8, "vc": [30, 35, 42, 44, 39, 32, 42, 33, 39, 29], "hlc": [921708, 15]}
INFO:<Node 4>:{"send": true, "recv": false, "from": 4, "to": 2, "vc": [37, 35, 42, 37, 43, 32, 42, 39, 39, 32], "hlc": [921708, 15]}
INFO:<Node 6>:{"send": true, "recv": false, "from": 6, "to": 0, "vc": [38, 35, 45, 43, 39, 32, 49, 37, 40, 32], "hlc": [921710, 3]}
INFO:<Node 8>:{"send": true, "recv": false, "from": 8, "to": 4, "vc": [33, 35, 45, 39, 36, 39, 44, 33, 46, 30], "hlc": [921708, 16]}
INFO:<Node 9>:{"send": true, "recv": false, "from": 9, "to": 2, "vc": [37, 35, 46, 40, 41, 32, 42, 38, 40, 39], "hlc": [921708, 17]}
INFO:<Node 0>:{"send": false, "recv": true, "to": 0, "from": 6, "vc": [40, 35, 45, 43, 39, 32, 49, 37, 40, 32], "hlc": [921710, 4]}
INFO:<Node 2>:{"send": false, "recv": true, "to": 2, "from": 4, "vc": [37, 35, 51, 40, 43, 36, 45, 39, 44, 38], "hlc": [921709, 4]}
INFO:<Node 2>:{"send": false, "recv": true, "to": 2, "from": 9, "vc": [37, 35, 52, 40, 43, 36, 45, 39, 44, 39], "hlc": [921709, 5]}
INFO:<Node 3>:{"send": false, "recv": true, "to": 3, "from": 0, "vc": [39, 35, 42, 45, 39, 32, 42, 37, 39, 32], "hlc": [921708, 16]}
INFO:<Node 4>:{"send": false, "recv": true, "to": 4, "from": 8, "vc": [37, 35, 45, 39, 44, 39, 44, 39, 46, 32], "hlc": [921709, 0]}
INFO:<Node 8>:{"send": false, "recv": true, "to": 8, "from": 3, "vc": [33, 35, 45, 44, 39, 39, 44, 33, 47, 30], "hlc": [921708, 17]}
INFO:<Node 0>:{"send": true, "recv": false, "from": 0, "to": 6, "vc": [41, 35, 45, 43, 39, 32, 49, 37, 40, 32], "hlc": [921710, 5]}
INFO:<Node 1>:{"send": true, "recv": false, "from": 1, "to": 3, "vc": [33, 41, 47, 42, 39, 32, 46, 41, 40, 29], "hlc": [921713, 0]}
INFO:<Node 4>:{"send": true, "recv": false, "from": 4, "to": 3, "vc": [37, 35, 45, 39, 45, 39, 44, 39, 46, 32], "hlc": [921709, 1]}
INFO:<Node 5>:{"send": true, "recv": false, "from": 5, "to": 6, "vc": [33, 35, 45, 39, 36, 40, 44, 33, 40, 30], "hlc": [921708, 15]}
INFO:<Node 6>:{"send": true, "recv": false, "from": 6, "to": 2, "vc": [38, 35, 45, 43, 39, 32, 50, 37, 40, 32], "hlc": [921711, 0]}
INFO:<Node 7>:{"send": true, "recv": false, "from": 7, "to": 4, "vc": [30, 35, 42, 42, 39, 32, 42, 42, 39, 29], "hlc": [921708, 16]}
INFO:<Node 9>:{"send": true, "recv": false, "from": 9, "to": 8, "vc": [37, 35, 46, 40, 41, 32, 42, 38, 40, 40], "hlc": [921708, 18]}
INFO:<Node 2>:{"send": false, "recv": true, "to": 2, "from": 6, "vc": [38, 35, 53, 43, 43, 36, 50, 39, 44, 39], "hlc": [921711, 1]}
INFO:<Node 3>:{"send": false, "recv": true, "to": 3, "from": 1, "vc": [39, 41, 47, 46, 39, 32, 46, 41, 40, 32], "hlc": [921713, 1]}
INFO:<Node 3>:{"send": false, "recv": true, "to": 3, "from": 4, "vc": [39, 41, 47, 47, 45, 39, 46, 41, 46, 32], "hlc": [921713, 2]}
INFO:<Node 4>:{"send": false, "recv": true, "to": 4, "from": 7, "vc": [37, 35, 45, 42, 46, 39, 44, 42, 46, 32], "hlc": [921709, 2]}
INFO:<Node 6>:{"send": false, "recv": true, "to": 6, "from": 0, "vc": [41, 35, 45, 43, 39, 32, 51, 37, 40, 32], "hlc": [921711, 1]}
INFO:<Node 6>:{"send": false, "recv": true, "to": 6, "from": 5, "vc": [41, 35, 45, 43, 39, 40, 52, 37, 40, 32], "hlc": [921711, 2]}
INFO:<Node 8>:{"send": false, "recv": true, "to": 8, "from": 9, "vc": [37, 35, 46, 44, 41, 39, 44, 38, 48, 40], "hlc": [921708, 19]}
INFO:<Node 0>:{"send": true, "recv": false, "from": 0, "to": 4, "vc": [42, 35, 45, 43, 39, 32, 49, 37, 40, 32], "hlc": [921710, 6]}
INFO:<Node 2>:{"send": true, "recv": false, "from": 2, "to": 1, "vc": [38, 35, 54, 43, 43, 36, 50, 39, 44, 39], "hlc": [921711, 2]}
INFO:<Node 3>:{"send": true, "recv": false, "from": 3, "to": 0, "vc": [39, 41, 47, 48, 45, 39, 46, 41, 46, 32], "hlc": [921713, 3]}
INFO:<Node 4>:{"send": true, "recv": false, "from": 4, "to": 9, "vc": [37, 35, 45, 42, 47, 39, 44, 42, 46, 32], "hlc": [921709, 3]}
INFO:<Node 5>:{"send": true, "recv": false, "from": 5, "to": 6, "vc": [33, 35, 45, 39, 36, 41, 44, 33, 40, 30], "hlc": [921708, 16]}
INFO:<Node 6>:{"send": true, "recv": false, "from": 6, "to": 5, "vc": [41, 35, 45, 43, 39, 40, 53, 37, 40, 32], "hlc": [921711, 3]}
INFO:<Node 8>:{"send": true, "recv": false, "from": 8, "to": 9, "vc": [37, 35, 46, 44, 41, 39, 44, 38, 49, 40], "hlc": [921708, 20]}
INFO:<Node 0>:{"send": false, "recv": true, "to": 0, "from": 3, "vc": [43, 41, 47, 48, 45, 39, 49, 41, 46, 32], "hlc": [921713, 4]}
INFO:<Node 1>:{"send": false, "recv": true, "to": 1, "from": 2, "vc": [38, 42, 54, 43, 43, 36, 50, 41, 44, 39], "hlc": [921714, 0]}
INFO:<Node 4>:{"send": false, "recv": true, "to": 4, "from": 0, "vc": [42, 35, 45, 43, 48, 39, 49, 42, 46, 32], "hlc": [921710, 7]}
INFO:<Node 5>:{"send": false, "recv": true, "to": 5, "from": 6, "vc": [41, 35, 45, 43, 39, 42, 53, 37, 40, 32], "hlc": [921711, 4]}
INFO:<Node 6>:{"send": false, "recv": true, "to": 6, "from": 5, "vc": [41, 35, 45, 43, 39, 41, 54, 37, 40, 32], "hlc": [921712, 0]}
INFO:<Node 9>:{"send": false, "recv": true, "to": 9, "from": 4, "vc": [37, 35, 46, 42, 47, 39, 44, 42, 46, 41], "hlc": [921709, 4]}
INFO:<Node 9>:{"send": false, "recv": true, "to": 9, "from": 8, "vc": [37, 35, 46, 44, 47, 39, 44, 42, 49, 42], "hlc": [921709, 5]}
INFO:<Node 1>:{"send": true, "recv": false, "from": 1, "to": 4, "vc": [38, 43, 54, 43, 43, 36, 50, 41, 44, 39], "hlc": [921714, 1]}
INFO:<Node 3>:{"send": true, "recv": false, "from": 3, "to": 1, "vc": [39, 41, 47, 49, 45, 39, 46, 41, 46, 32], "hlc": [921713, 4]}
INFO:<Node 5>:{"send": true, "recv": false, "from": 5, "to": 0, "vc": [41, 35, 45, 43, 39, 43, 53, 37, 40, 32], "hlc": [921711, 5]}
INFO:<Node 0>:{"send": false, "recv": true, "to": 0, "from": 5, "vc": [44, 41, 47, 48, 45, 43, 53, 41, 46, 32], "hlc": [921713, 5]}
INFO:<Node 1>:{"send": false, "recv": true, "to": 1, "from": 3, "vc": [39, 44, 54, 49, 45, 39, 50, 41, 46, 39], "hlc": [921714, 2]}
INFO:<Node 4>:{"send": false, "recv": true, "to": 4, "from": 1, "vc": [42, 43, 54, 43, 49, 39, 50, 42, 46, 39], "hlc": [921714, 2]}
INFO:<Node 0>:{"send": true, "recv": false, "from": 0, "to": 7, "vc": [45, 41, 47, 48, 45, 43, 53, 41, 46, 32], "hlc": [921713, 6]}
INFO:<Node 2>:{"send": true, "recv": false, "from": 2, "to": 8, "vc": [38, 35, 55, 43, 43, 36, 50, 39, 44, 39], "hlc": [921711, 3]}
INFO:<Node 6>:{"send": true, "recv": false, "from": 6, "to": 5, "vc": [41, 35, 45, 43, 39, 41, 55, 37, 40, 32], "hlc": [921712, 1]}
INFO:<Node 7>:{"send": true, "recv": false, "from": 7, "to": 0, "vc": [30, 35, 42, 42, 39, 32, 42, 43, 39, 29], "hlc": [921708, 17]}
INFO:<Node 0>:{"send": false, "recv": true, "to": 0, "from": 7, "vc": [46, 41, 47, 48, 45, 43, 53, 43, 46, 32], "hlc": [921713, 7]}
INFO:<Node 5>:{"send": false, "recv": true, "to": 5, "from": 6, "vc": [41, 35, 45, 43, 39, 44, 55, 37, 40, 32], "hlc": [921712, 2]}
INFO:<Node 7>:{"send": false, "recv": true, "to": 7, "from": 0, "vc": [45, 41, 47, 48, 45, 43, 53, 44, 46, 32], "hlc": [921713, 7]}
INFO:<Node 8>:{"send": false, "recv": true, "to": 8, "from": 2, "vc": [38, 35, 55, 44, 43, 39, 50, 39, 50, 40], "hlc": [921711, 4]}
INFO:<Node 0>:{"send": true, "recv": false, "from": 0, "to": 5, "vc": [47, 41, 47, 48, 45, 43, 53, 43, 46, 32], "hlc": [921713, 8]}
INFO:<Node 2>:{"send": true, "recv": false, "from": 2, "to": 6, "vc": [38, 35, 56, 43, 43, 36, 50, 39, 44, 39], "hlc": [921711, 4]}
INFO:<Node 5>:{"send": true, "recv": false, "from": 5, "to": 0, "vc": [41, 35, 45, 43, 39, 45, 55, 37, 40, 32], "hlc": [921712, 3]}
INFO:<Node 6>:{"send": true, "recv": false, "from": 6, "to": 9, "vc": [41, 35, 45, 43, 39, 41, 56, 37, 40, 32], "hlc": [921713, 0]}
INFO:<Node 9>:{"send": true, "recv": false, "from": 9, "to": 6, "vc": [37, 35, 46, 44, 47, 39, 44, 42, 49, 43], "hlc": [921709, 6]}
INFO:<Node 0>:{"send": false, "recv": true, "to": 0, "from": 5, "vc": [48, 41, 47, 48, 45, 45, 55, 43, 46, 32], "hlc": [921713, 9]}
INFO:<Node 5>:{"send": false, "recv": true, "to": 5, "from": 0, "vc": [47, 41, 47, 48, 45, 46, 55, 43, 46, 32], "hlc": [921713, 9]}
INFO:<Node 6>:{"send": false, "recv": true, "to": 6, "from": 2, "vc": [41, 35, 56, 43, 43, 41, 57, 39, 44, 39], "hlc": [921713, 1]}
INFO:<Node 6>:{"send": false, "recv": true, "to": 6, "from": 9, "vc": [41, 35, 56, 44, 47, 41, 58, 42, 49, 43], "hlc": [921713, 2]}
INFO:<Node 9>:{"send": false, "recv": true, "to": 9, "from": 6, "vc": [41, 35, 46, 44, 47, 41, 56, 42, 49, 44], "hlc": [921713, 1]}
INFO:<Node 3>:{"send": true, "recv": false, "from": 3, "to": 2, "vc": [39, 41, 47, 50, 45, 39, 46, 41, 46, 32], "hlc": [921713, 5]}
INFO:<Node 4>:{"send": true, "recv": false, "from": 4, "to": 9, "vc": [42, 43, 54, 43, 50, 39, 50, 42, 46, 39], "hlc": [921714, 3]}
INFO:<Node 7>:{"send": true, "recv": false, "from": 7, "to": 1, "vc": [45, 41, 47, 48, 45, 43, 53, 45, 46, 32], "hlc": [921713, 8]}
INFO:<Node 8>:{"send": true, "recv": false, "from": 8, "to": 3, "vc": [38, 35, 55, 44, 43, 39, 50, 39, 51, 40], "hlc": [921711, 5]}
INFO:<Node 1>:{"send": false, "recv": true, "to": 1, "from": 7, "vc": [45, 45, 54, 49, 45, 43, 53, 45, 46, 39], "hlc": [921716, 0]}
INFO:<Node 2>:{"send": false, "recv": true, "to": 2, "from": 3, "vc": [39, 41, 57, 50, 45, 39, 50, 41, 46, 39], "hlc": [921713, 6]}
INFO:<Node 3>:{"send": false, "recv": true, "to": 3, "from": 8, "vc": [39, 41, 55, 51, 45, 39, 50, 41, 51, 40], "hlc": [921713, 6]}
INFO:<Node 9>:{"send": false, "recv": true, "to": 9, "from": 4, "vc": [42, 43, 54, 44, 50, 41, 56, 42, 49, 45], "hlc": [921714, 4]}
INFO:<Node 2>:{"send": true, "recv": false, "from": 2, "to": 1, "vc": [39, 41, 58, 50, 45, 39, 50, 41, 46, 39], "hlc": [921713, 7]}
INFO:<Node 5>:{"send": true, "recv": false, "from": 5, "to": 7, "vc": [47, 41, 47, 48, 45, 47, 55, 43, 46, 32], "hlc": [921713, 10]}
INFO:<Node 6>:{"send": true, "recv": false, "from": 6, "to": 0, "vc": [41, 35, 56, 44, 47, 41, 59, 42, 49, 43], "hlc": [921714, 0]}
INFO:<Node 9>:{"send": true, "recv": false, "from": 9, "to": 6, "vc": [42, 43, 54, 44, 50, 41, 56, 42, 49, 46], "hlc": [921714, 5]}
INFO:<Node 0>:{"send": false, "recv": true, "to": 0, "from": 6, "vc": [49, 41, 56, 48, 47, 45, 59, 43, 49, 43], "hlc": [921714, 1]}
INFO:<Node 1>:{"send": false, "recv": true, "to": 1, "from": 2, "vc": [45, 46, 58, 50, 45, 43, 53, 45, 46, 39], "hlc": [921716, 1]}
INFO:<Node 6>:{"send": false, "recv": true, "to": 6, "from": 9, "vc": [42, 43, 56, 44, 50, 41, 60, 42, 49, 46], "hlc": [921714, 6]}
INFO:<Node 7>:{"send": false, "recv": true, "to": 7, "from": 5, "vc": [47, 41, 47, 48, 45, 47, 55, 46, 46, 32], "hlc": [921713, 11]}
INFO:<Node 0>:{"send": true, "recv": false, "from": 0, "to": 6, "vc": [50, 41, 56, 48, 47, 45, 59, 43, 49, 43], "hlc": [921714, 2]}
INFO:<Node 1>:{"send": true, "recv": false, "from": 1, "to": 9, "vc": [45, 47, 58, 50, 45, 43, 53, 45, 46, 39], "hlc": [921716, 2]}
INFO:<Node 4>:{"send": true, "recv": false, "from": 4, "to": 8, "vc": [42, 43, 54, 43, 51, 39, 50, 42, 46, 39], "hlc": [921714, 4]}
INFO:<Node 5>:{"send": true, "recv": false, "from": 5, "to": 4, "vc": [47, 41, 47, 48, 45, 48, 55, 43, 46, 32], "hlc": [921713, 11]}
INFO:<Node 6>:{"send": true, "recv": false, "from": 6, "to": 2, "vc": [42, 43, 56, 44, 50, 41, 61, 42, 49, 46], "hlc": [921714, 7]}
INFO:<Node 8>:{"send": true, "recv": false, "from": 8, "to": 1, "vc": [38, 35, 55, 44, 43, 39, 50, 39, 52, 40], "hlc": [921711, 6]}
INFO:<Node 9>:{"send": true, "recv": false, "from": 9, "to": 3, "vc": [42, 43, 54, 44, 50, 41, 56, 42, 49, 47], "hlc": [921714, 6]}
INFO:<Node 1>:{"send": false, "recv": true, "to": 1, "from": 8, "vc": [45, 48, 58, 50, 45, 43, 53, 45, 52, 40], "hlc": [921717, 0]}
INFO:<Node 2>:{"send": false, "recv": true, "to": 2, "from": 6, "vc": [42, 43, 59, 50, 50, 41, 61, 42, 49, 46], "hlc": [921714, 8]}
INFO:<Node 3>:{"send": false, "recv": true, "to": 3, "from": 9, "vc": [42, 43, 55, 52, 50, 41, 56, 42, 51, 47], "hlc": [921714, 7]}
INFO:<Node 4>:{"send": false, "recv": true, "to": 4, "from": 5, "vc": [47, 43, 54, 48, 52, 48, 55, 43, 46, 39], "hlc": [921714, 5]}
INFO:<Node 6>:{"send": false, "recv": true, "to": 6, "from": 0, "vc": [50, 43, 56, 48, 50, 45, 62, 43, 49, 46], "hlc": [921715, 0]}
INFO:<Node 8>:{"send": false, "recv": true, "to": 8, "from": 4, "vc": [42, 43, 55, 44, 51, 39, 50, 42, 53, 40], "hlc": [921714, 5]}
INFO:<Node 9>:{"send": false, "recv": true, "to": 9, "from": 1, "vc": [45, 47, 58, 50, 50, 43, 56, 45, 49, 48], "hlc": [921716, 3]}
INFO:<Node 0>:{"send": true, "recv": false, "from": 0, "to": 9, "vc": [51, 41, 56, 48, 47, 45, 59, 43, 49, 43], "hlc": [921714, 3]}
INFO:<Node 1>:{"send": true, "recv": false, "from": 1, "to": 8, "vc": [45, 49, 58, 50, 45, 43, 53, 45, 52, 40], "hlc": [921717, 1]}
INFO:<Node 2>:{"send": true, "recv": false, "from": 2, "to": 8, "vc": [42, 43, 60, 50, 50, 41, 61, 42, 49, 46], "hlc": [921714, 9]}
INFO:<Node 3>:{"send": true, "recv": false, "from": 3, "to": 2, "vc": [42, 43, 55, 53, 50, 41, 56, 42, 51, 47], "hlc": [921714, 8]}
INFO:<Node 4>:{"send": true, "recv": false, "from": 4, "to": 2, "vc": [47, 43, 54, 48, 53, 48, 55, 43, 46, 39], "hlc": [921714, 6]}
INFO:<Node 6>:{"send": true, "recv": false, "from": 6, "to": 1, "vc": [50, 43, 56, 48, 50, 45, 63, 43, 49, 46], "hlc": [921715, 1]}
INFO:<Node 8>:{"send": true, "recv": false, "from": 8, "to": 1, "vc": [42, 43, 55, 44, 51, 39, 50, 42, 54, 40], "hlc": [921714, 6]}
INFO:<Node 1>:{"send": false, "recv": true, "to": 1, "from": 6, "vc": [50, 50, 58, 50, 50, 45, 63, 45, 52, 46], "hlc": [921717, 2]}
INFO:<Node 1>:{"send": false, "recv": true, "to": 1, "from": 8, "vc": [50, 51, 58, 50, 51, 45, 63, 45, 54, 46], "hlc": [921717, 3]}
INFO:<Node 2>:{"send": false, "recv": true, "to": 2, "from": 3, "vc": [42, 43, 61, 53, 50, 41, 61, 42, 51, 47], "hlc": [921714, 10]}
INFO:<Node 2>:{"send": false, "recv": true, "to": 2, "from": 4, "vc": [47, 43, 62, 53, 53, 48, 61, 43, 51, 47], "hlc": [921714, 11]}
INFO:<Node 8>:{"send": false, "recv": true, "to": 8, "from": 1, "vc": [45, 49, 58, 50, 51, 43, 53, 45, 55, 40], "hlc": [921717, 2]}
INFO:<Node 8>:{"send": false, "recv": true, "to": 8, "from": 2, "vc": [45, 49, 60, 50, 51, 43, 61, 45, 56, 46], "hlc": [921717, 3]}
INFO:<Node 9>:{"send": false, "recv": true, "to": 9, "from": 0, "vc": [51, 47, 58, 50, 50, 45, 59, 45, 49, 49], "hlc": [921716, 4]}
INFO:<Node 2>:{"send": true, "recv": false, "from": 2, "to": 1, "vc": [47, 43, 63, 53, 53, 48, 61, 43, 51, 47], "hlc": [921714, 12]}
INFO:<Node 5>:{"send": true, "recv": false, "from": 5, "to": 6, "vc": [47, 41, 47, 48, 45, 49, 55, 43, 46, 32], "hlc": [921713, 12]}
INFO:<Node 7>:{"send": true, "recv": false, "from": 7, "to": 8, "vc": [47, 41, 47, 48, 45, 47, 55, 47, 46, 32], "hlc": [921713, 12]}
INFO:<Node 8>:{"send": true, "recv": false, "from": 8, "to": 5, "vc": [45, 49, 60, 50, 51, 43, 61, 45, 57, 46], "hlc": [921717, 4]}
INFO:<Node 1>:{"send": false, "recv": true, "to": 1, "from": 2, "vc": [50, 52, 63, 53, 53, 48, 63, 45, 54, 47], "hlc": [921718, 0]}
INFO:<Node 5>:{"send": false, "recv": true, "to": 5, "from": 8, "vc": [47, 49, 60, 50, 51, 50, 61, 45, 57, 46], "hlc": [921717, 5]}
INFO:<Node 6>:{"send": false, "recv": true, "to": 6, "from": 5, "vc": [50, 43, 56, 48, 50, 49, 64, 43, 49, 46], "hlc": [921716, 0]}
INFO:<Node 8>:{"send": false, "recv": true, "to": 8, "from": 7, "vc": [47, 49, 60, 50, 51, 47, 61, 47, 58, 46], "hlc": [921717, 5]}
INFO:<Node 5>:{"send": true, "recv": false, "from": 5, "to": 8, "vc": [47, 49, 60, 50, 51, 51, 61, 45, 57, 46], "hlc": [921717, 6]}
INFO:<Node 6>:{"send": true, "recv": false, "from": 6, "to": 7, "vc": [50, 43, 56, 48, 50, 49, 65, 43, 49, 46], "hlc": [921716, 1]}
INFO:<Node 7>:{"send": true, "recv": false, "from": 7, "to": 6, "vc": [47, 41, 47, 48, 45, 47, 55, 48, 46, 32], "hlc": [921713, 13]}
INFO:<Node 8>:{"send": true, "recv": false, "from": 8, "to": 3, "vc": [47, 49, 60, 50, 51, 47, 61, 47, 59, 46], "hlc": [921717, 6]}
INFO:<Node 9>:{"send": true, "recv": false, "from": 9, "to": 0, "vc": [51, 47, 58, 50, 50, 45, 59, 45, 49, 50], "hlc": [921716, 5]}
INFO:<Node 0>:{"send": false, "recv": true, "to": 0, "from": 9, "vc": [52, 47, 58, 50, 50, 45, 59, 45, 49, 50], "hlc": [921716, 6]}
INFO:<Node 3>:{"send": false, "recv": true, "to": 3, "from": 8, "vc": [47, 49, 60, 54, 51, 47, 61, 47, 59, 47], "hlc": [921717, 7]}
INFO:<Node 6>:{"send": false, "recv": true, "to": 6, "from": 7, "vc": [50, 43, 56, 48, 50, 49, 66, 48, 49, 46], "hlc": [921717, 0]}
INFO:<Node 7>:{"send": false, "recv": true, "to": 7, "from": 6, "vc": [50, 43, 56, 48, 50, 49, 65, 49, 49, 46], "hlc": [921716, 2]}
INFO:<Node 8>:{"send": false, "recv": true, "to": 8, "from": 5, "vc": [47, 49, 60, 50, 51, 51, 61, 47, 60, 46], "hlc": [921717, 7]}
