INFO:root:Random workload: num sockets: 10, num iterations: 50, base address: 32200, chance of send: 3 in 5, round delay (s): 0.5, max clock drift (s): 5.5, actual clock drifts: [0.9495865963246022, -2.265382832782288, 0.08215585967782246, -5.023325871126307, -4.2679675466568945, -1.0999862458182195, -4.5699692985044305, -1.9345564857881312, 1.9143431439587832, -0.7136874922195231]
INFO:<Node 0>:{"send": true, "recv": false, "from": 0, "to": 5, "vc": [1, 0, 0, 0, 0, 0, 0, 0, 0, 0], "hlc": [921571, 0]}
INFO:<Node 1>:{"send": true, "recv": false, "from": 1, "to": 2, "vc": [0, 1, 0, 0, 0, 0, 0, 0, 0, 0], "hlc": [921570, 1]}
INFO:<Node 2>:{"send": true, "recv": false, "from": 2, "to": 4, "vc": [0, 0, 1, 0, 0, 0, 0, 0, 0, 0], "hlc": [921570, 1]}
INFO:<Node 3>:{"send": true, "recv": false, "from": 3, "to": 2, "vc": [0, 0, 0, 1, 0, 0, 0, 0, 0, 0], "hlc": [921570, 1]}
INFO:<Node 5>:{"send": true, "recv": false, "from": 5, "to": 3, "vc": [0, 0, 0, 0, 0, 1, 0, 0, 0, 0], "hlc": [921570, 1]}
INFO:<Node 6>:{"send": true, "recv": false, "from": 6, "to": 8, "vc": [0, 0, 0, 0, 0, 0, 1, 0, 0, 0], "hlc": [921570, 1]}
INFO:<Node 7>:{"send": true, "recv": false, "from": 7, "to": 3, "vc": [0, 0, 0, 0, 0, 0, 0, 1, 0, 0], "hlc": [921570, 1]}
INFO:<Node 2>:{"send": false, "recv": true, "to": 2, "from": 1, "vc": [0, 1, 2, 0, 0, 0, 0, 0, 0, 0], "hlc": [921570, 2]}
INFO:<Node 2>:{"send": false, "recv": true, "to": 2, "from": 3, "vc": [0, 1, 3, 1, 0, 0, 0, 0, 0, 0], "hlc": [921570, 3]}
INFO:<Node 3>:{"send": false, "recv": true, "to": 3, "from": 5, "vc": [0, 0, 0, 2, 0, 1, 0, 0, 0, 0], "hlc": [921570, 2]}
INFO:<Node 3>:{"send": false, "recv": true, "to": 3, "from": 7, "vc": [0, 0, 0, 3, 0, 1, 0, 1, 0, 0], "hlc": [921570, 3]}
INFO:<Node 4>:{"send": false, "recv": true, "to": 4, "from": 2, "vc": [0, 0, 1, 0, 1, 0, 0, 0, 0, 0], "hlc": [921570, 2]}
INFO:<Node 5>:{"send": false, "recv": true, "to": 5, "from": 0, "vc": [1, 0, 0, 0, 0, 2, 0, 0, 0, 0], "hlc": [921571, 1]}
INFO:<Node 8>:{"send": false, "recv": true, "to": 8, "from": 6, "vc": [0, 0, 0, 0, 0, 0, 1, 0, 1, 0], "hlc": [921572, 0]}
INFO:<Node 2>:{"send": true, "recv": false, "from": 2, "to": 7, "vc": [0, 1, 4, 1, 0, 0, 0, 0, 0, 0], "hlc": [921570, 4]}
INFO:<Node 5>:{"send": true, "recv": false, "from": 5, "to": 7, "vc": [1, 0, 0, 0, 0, 3, 0, 0, 0, 0], "hlc": [921571, 2]}
INFO:<Node 7>:{"send": true, "recv": false, "from": 7, "to": 1, "vc": [0, 0, 0, 0, 0, 0, 0, 2, 0, 0], "hlc": [921570, 2]}
INFO:<Node 8>:{"send": true, "recv": false, "from": 8, "to": 3, "vc": [0, 0, 0, 0, 0, 0, 1, 0, 2, 0], "hlc": [921572, 1]}
INFO:<Node 9>:{"send": true, "recv": false, "from": 9, "to": 3, "vc": [0, 0, 0, 0, 0, 0, 0, 0, 0, 1], "hlc": [921570, 1]}
INFO:<Node 1>:{"send": false, "recv": true, "to": 1, "from": 7, "vc": [0, 2, 0, 0, 0, 0, 0, 2, 0, 0], "hlc": [921570, 3]}
INFO:<Node 3>:{"send": false, "recv": true, "to": 3, "from": 8, "vc": [0, 0, 0, 4, 0, 1, 1, 1, 2, 0], "hlc": [921572, 2]}
INFO:<Node 3>:{"send": false, "recv": true, "to": 3, "from": 9, "vc": [0, 0, 0, 5, 0, 1, 1, 1, 2, 1], "hlc": [921572, 3]}
INFO:<Node 7>:{"send": false, "recv": true, "to": 7, "from": 2, "vc": [0, 1, 4, 1, 0, 0, 0, 3, 0, 0], "hlc": [921570, 5]}
INFO:<Node 7>:{"send": false, "recv": true, "to": 7, "from": 5, "vc": [1, 1, 4, 1, 0, 3, 0, 4, 0, 0], "hlc": [921571, 3]}
INFO:<Node 1>:{"send": true, "recv": false, "from": 1, "to": 0, "vc": [0, 3, 0, 0, 0, 0, 0, 2, 0, 0], "hlc": [921570, 4]}
INFO:<Node 2>:{"send": true, "recv": false, "from": 2, "to": 9, "vc": [0, 1, 5, 1, 0, 0, 0, 0, 0, 0], "hlc": [921571, 0]}
INFO:<Node 4>:{"send": true, "recv": false, "from": 4, "to": 3, "vc": [0, 0, 1, 0, 2, 0, 0, 0, 0, 0], "hlc": [921570, 3]}
INFO:<Node 5>:{"send": true, "recv": false, "from": 5, "to": 8, "vc": [1, 0, 0, 0, 0, 4, 0, 0, 0, 0], "hlc": [921571, 3]}
INFO:<Node 7>:{"send": true, "recv": false, "from": 7, "to": 5, "vc": [1, 1, 4, 1, 0, 3, 0, 5, 0, 0], "hlc": [921571, 4]}
INFO:<Node 8>:{"send": true, "recv": false, "from": 8, "to": 9, "vc": [0, 0, 0, 0, 0, 0, 1, 0, 3, 0], "hlc": [921573, 0]}
INFO:<Node 9>:{"send": true, "recv": false, "from": 9, "to": 4, "vc": [0, 0, 0, 0, 0, 0, 0, 0, 0, 2], "hlc": [921570, 2]}
INFO:<Node 0>:{"send": false, "recv": true, "to": 0, "from": 1, "vc": [2, 3, 0, 0, 0, 0, 0, 2, 0, 0], "hlc": [921572, 0]}
INFO:<Node 3>:{"send": false, "recv": true, "to": 3, "from": 4, "vc": [0, 0, 1, 6, 2, 1, 1, 1, 2, 1], "hlc": [921572, 4]}
INFO:<Node 4>:{"send": false, "recv": true, "to": 4, "from": 9, "vc": [0, 0, 1, 0, 3, 0, 0, 0, 0, 2], "hlc": [921570, 4]}
INFO:<Node 5>:{"send": false, "recv": true, "to": 5, "from": 7, "vc": [1, 1, 4, 1, 0, 5, 0, 5, 0, 0], "hlc": [921571, 5]}
INFO:<Node 8>:{"send": false, "recv": true, "to": 8, "from": 5, "vc": [1, 0, 0, 0, 0, 4, 1, 0, 4, 0], "hlc": [921573, 1]}
INFO:<Node 9>:{"send": false, "recv": true, "to": 9, "from": 2, "vc": [0, 1, 5, 1, 0, 0, 0, 0, 0, 3], "hlc": [921571, 1]}
INFO:<Node 9>:{"send": false, "recv": true, "to": 9, "from": 8, "vc": [0, 1, 5, 1, 0, 0, 1, 0, 3, 4], "hlc": [921573, 1]}
INFO:<Node 3>:{"send": true, "recv": false, "from": 3, "to": 5, "vc": [0, 0, 1, 7, 2, 1, 1, 1, 2, 1], "hlc": [921572, 5]}
INFO:<Node 4>:{"send": true, "recv": false, "from": 4, "to": 8, "vc": [0, 0, 1, 0, 4, 0, 0, 0, 0, 2], "hlc": [921570, 5]}
INFO:<Node 6>:{"send": true, "recv": false, "from": 6, "to": 9, "vc": [0, 0, 0, 0, 0, 0, 2, 0, 0, 0], "hlc": [921570, 2]}
INFO:<Node 7>:{"send": true, "recv": false, "from": 7, "to": 8, "vc": [1, 1, 4, 1, 0, 3, 0, 6, 0, 0], "hlc": [921571, 5]}
INFO:<Node 8>:{"send": true, "recv": false, "from": 8, "to": 0, "vc": [1, 0, 0, 0, 0, 4, 1, 0, 5, 0], "hlc": [921573, 2]}
INFO:<Node 9>:{"send": true, "recv": false, "from": 9, "to": 3, "vc": [0, 1, 5, 1, 0, 0, 1, 0, 3, 5], "hlc": [921573, 2]}
INFO:<Node 0>:{"send": false, "recv": true, "to": 0, "from": 8, "vc": [3, 3, 0, 0, 0, 4, 1, 2, 5, 0], "hlc": [921573, 3]}
INFO:<Node 3>:{"send": false, "recv": true, "to": 3, "from": 9, "vc": [0, 1, 5, 8, 2, 1, 1, 1, 3, 5], "hlc": [921573, 3]}
INFO:<Node 5>:{"send": false, "recv": true, "to": 5, "from": 3, "vc": [1, 1, 4, 7, 2, 6, 1, 5, 2, 1], "hlc": [921572, 6]}
INFO:<Node 8>:{"send": false, "recv": true, "to": 8, "from": 4, "vc": [1, 0, 1, 0, 4, 4, 1, 0, 6, 2], "hlc": [921574, 0]}
INFO:<Node 8>:{"send": false, "recv": true, "to": 8, "from": 7, "vc": [1, 1, 4, 1, 4, 4, 1, 6, 7, 2], "hlc": [921574, 1]}
INFO:<Node 9>:{"send": false, "recv": true, "to": 9, "from": 6, "vc": [0, 1, 5, 1, 0, 0, 2, 0, 3, 6], "hlc": [921573, 3]}
INFO:<Node 2>:{"send": true, "recv": false, "from": 2, "to": 0, "vc": [0, 1, 6, 1, 0, 0, 0, 0, 0, 0], "hlc": [921572, 0]}
INFO:<Node 3>:{"send": true, "recv": false, "from": 3, "to": 2, "vc": [0, 1, 5, 9, 2, 1, 1, 1, 3, 5], "hlc": [921573, 4]}
INFO:<Node 4>:{"send": true, "recv": false, "from": 4, "to": 5, "vc": [0, 0, 1, 0, 5, 0, 0, 0, 0, 2], "hlc": [921570, 6]}
INFO:<Node 5>:{"send": true, "recv": false, "from": 5, "to": 1, "vc": [1, 1, 4, 7, 2, 7, 1, 5, 2, 1], "hlc": [921572, 7]}
INFO:<Node 7>:{"send": true, "recv": false, "from": 7, "to": 0, "vc": [1, 1, 4, 1, 0, 3, 0, 7, 0, 0], "hlc": [921571, 6]}
INFO:<Node 9>:{"send": true, "recv": false, "from": 9, "to": 6, "vc": [0, 1, 5, 1, 0, 0, 2, 0, 3, 7], "hlc": [921573, 4]}
INFO:<Node 0>:{"send": false, "recv": true, "to": 0, "from": 2, "vc": [4, 3, 6, 1, 0, 4, 1, 2, 5, 0], "hlc": [921573, 4]}
INFO:<Node 0>:{"send": false, "recv": true, "to": 0, "from": 7, "vc": [5, 3, 6, 1, 0, 4, 1, 7, 5, 0], "hlc": [921573, 5]}
INFO:<Node 1>:{"send": false, "recv": true, "to": 1, "from": 5, "vc": [1, 4, 4, 7, 2, 7, 1, 5, 2, 1], "hlc": [921572, 8]}
INFO:<Node 2>:{"send": false, "recv": true, "to": 2, "from": 3, "vc": [0, 1, 7, 9, 2, 1, 1, 1, 3, 5], "hlc": [921573, 5]}
INFO:<Node 5>:{"send": false, "recv": true, "to": 5, "from": 4, "vc": [1, 1, 4, 7, 5, 8, 1, 5, 2, 2], "hlc": [921572, 8]}
INFO:<Node 6>:{"send": false, "recv": true, "to": 6, "from": 9, "vc": [0, 1, 5, 1, 0, 0, 3, 0, 3, 7], "hlc": [921573, 5]}
INFO:<Node 0>:{"send": true, "recv": false, "from": 0, "to": 6, "vc": [6, 3, 6, 1, 0, 4, 1, 7, 5, 0], "hlc": [921573, 6]}
INFO:<Node 2>:{"send": true, "recv": false, "from": 2, "to": 4, "vc": [0, 1, 8, 9, 2, 1, 1, 1, 3, 5], "hlc": [921573, 6]}
INFO:<Node 3>:{"send": true, "recv": false, "from": 3, "to": 2, "vc": [0, 1, 5, 10, 2, 1, 1, 1, 3, 5], "hlc": [921573, 5]}
INFO:<Node 5>:{"send": true, "recv": false, "from": 5, "to": 6, "vc": [1, 1, 4, 7, 5, 9, 1, 5, 2, 2], "hlc": [921572, 9]}
INFO:<Node 6>:{"send": true, "recv": false, "from": 6, "to": 0, "vc": [0, 1, 5, 1, 0, 0, 4, 0, 3, 7], "hlc": [921573, 6]}
INFO:<Node 7>:{"send": true, "recv": false, "from": 7, "to": 5, "vc": [1, 1, 4, 1, 0, 3, 0, 8, 0, 0], "hlc": [921571, 7]}
INFO:<Node 8>:{"send": true, "recv": false, "from": 8, "to": 0, "vc": [1, 1, 4, 1, 4, 4, 1, 6, 8, 2], "hlc": [921574, 2]}
INFO:<Node 9>:{"send": true, "recv": false, "from": 9, "to": 7, "vc": [0, 1, 5, 1, 0, 0, 2, 0, 3, 8], "hlc": [921573, 5]}
INFO:<Node 0>:{"send": false, "recv": true, "to": 0, "from": 6, "vc": [7, 3, 6, 1, 0, 4, 4, 7, 5, 7], "hlc": [921574, 0]}
INFO:<Node 0>:{"send": false, "recv": true, "to": 0, "from": 8, "vc": [8, 3, 6, 1, 4, 4, 4, 7, 8, 7], "hlc": [921574, 3]}
INFO:<Node 2>:{"send": false, "recv": true, "to": 2, "from": 3, "vc": [0, 1, 9, 10, 2, 1, 1, 1, 3, 5], "hlc": [921573, 7]}
INFO:<Node 4>:{"send": false, "recv": true, "to": 4, "from": 2, "vc": [0, 1, 8, 9, 6, 1, 1, 1, 3, 5], "hlc": [921573, 7]}
INFO:<Node 5>:{"send": false, "recv": true, "to": 5, "from": 7, "vc": [1, 1, 4, 7, 5, 10, 1, 8, 2, 2], "hlc": [921572, 10]}
INFO:<Node 6>:{"send": false, "recv": true, "to": 6, "from": 0, "vc": [6, 3, 6, 1, 0, 4, 5, 7, 5, 7], "hlc": [921573, 7]}
INFO:<Node 6>:{"send": false, "recv": true, "to": 6, "from": 5, "vc": [6, 3, 6, 7, 5, 9, 6, 7, 5, 7], "hlc": [921573, 8]}
INFO:<Node 7>:{"send": false, "recv": true, "to": 7, "from": 9, "vc": [1, 1, 5, 1, 0, 3, 2, 9, 3, 8], "hlc": [921573, 6]}
INFO:<Node 1>:{"send": true, "recv": false, "from": 1, "to": 3, "vc": [1, 5, 4, 7, 2, 7, 1, 5, 2, 1], "hlc": [921572, 9]}
INFO:<Node 3>:{"send": true, "recv": false, "from": 3, "to": 2, "vc": [0, 1, 5, 11, 2, 1, 1, 1, 3, 5], "hlc": [921573, 6]}
INFO:<Node 4>:{"send": true, "recv": false, "from": 4, "to": 1, "vc": [0, 1, 8, 9, 7, 1, 1, 1, 3, 5], "hlc": [921573, 8]}
INFO:<Node 6>:{"send": true, "recv": false, "from": 6, "to": 0, "vc": [6, 3, 6, 7, 5, 9, 7, 7, 5, 7], "hlc": [921573, 9]}
INFO:<Node 7>:{"send": true, "recv": false, "from": 7, "to": 2, "vc": [1, 1, 5, 1, 0, 3, 2, 10, 3, 8], "hlc": [921573, 7]}
INFO:<Node 0>:{"send": false, "recv": true, "to": 0, "from": 6, "vc": [9, 3, 6, 7, 5, 9, 7, 7, 8, 7], "hlc": [921574, 4]}
INFO:<Node 1>:{"send": false, "recv": true, "to": 1, "from": 4, "vc": [1, 6, 8, 9, 7, 7, 1, 5, 3, 5], "hlc": [921573, 9]}
INFO:<Node 2>:{"send": false, "recv": true, "to": 2, "from": 3, "vc": [0, 1, 10, 11, 2, 1, 1, 1, 3, 5], "hlc": [921573, 8]}
INFO:<Node 2>:{"send": false, "recv": true, "to": 2, "from": 7, "vc": [1, 1, 11, 11, 2, 3, 2, 10, 3, 8], "hlc": [921573, 9]}
INFO:<Node 3>:{"send": false, "recv": true, "to": 3, "from": 1, "vc": [1, 5, 5, 12, 2, 7, 1, 5, 3, 5], "hlc": [921573, 7]}
INFO:<Node 2>:{"send": true, "recv": false, "from": 2, "to": 8, "vc": [1, 1, 12, 11, 2, 3, 2, 10, 3, 8], "hlc": [921573, 10]}
INFO:<Node 3>:{"send": true, "recv": false, "from": 3, "to": 0, "vc": [1, 5, 5, 13, 2, 7, 1, 5, 3, 5], "hlc": [921573, 8]}
INFO:<Node 4>:{"send": true, "recv": false, "from": 4, "to": 8, "vc": [0, 1, 8, 9, 8, 1, 1, 1, 3, 5], "hlc": [921573, 9]}
INFO:<Node 6>:{"send": true, "recv": false, "from": 6, "to": 4, "vc": [6, 3, 6, 7, 5, 9, 8, 7, 5, 7], "hlc": [921573, 10]}
INFO:<Node 8>:{"send": true, "recv": false, "from": 8, "to": 1, "vc": [1, 1, 4, 1, 4, 4, 1, 6, 9, 2], "hlc": [921575, 0]}
INFO:<Node 9>:{"send": true, "recv": false, "from": 9, "to": 1, "vc": [0, 1, 5, 1, 0, 0, 2, 0, 3, 9], "hlc": [921573, 6]}
INFO:<Node 0>:{"send": false, "recv": true, "to": 0, "from": 3, "vc": [10, 5, 6, 13, 5, 9, 7, 7, 8, 7], "hlc": [921575, 0]}
INFO:<Node 1>:{"send": false, "recv": true, "to": 1, "from": 8, "vc": [1, 7, 8, 9, 7, 7, 1, 6, 9, 5], "hlc": [921575, 1]}
INFO:<Node 1>:{"send": false, "recv": true, "to": 1, "from": 9, "vc": [1, 8, 8, 9, 7, 7, 2, 6, 9, 9], "hlc": [921575, 2]}
INFO:<Node 4>:{"send": false, "recv": true, "to": 4, "from": 6, "vc": [6, 3, 8, 9, 9, 9, 8, 7, 5, 7], "hlc": [921573, 11]}
INFO:<Node 8>:{"send": false, "recv": true, "to": 8, "from": 2, "vc": [1, 1, 12, 11, 4, 4, 2, 10, 10, 8], "hlc": [921576, 0]}
INFO:<Node 8>:{"send": false, "recv": true, "to": 8, "from": 4, "vc": [1, 1, 12, 11, 8, 4, 2, 10, 11, 8], "hlc": [921576, 1]}
INFO:<Node 0>:{"send": true, "recv": false, "from": 0, "to": 8, "vc": [11, 5, 6, 13, 5, 9, 7, 7, 8, 7], "hlc": [921575, 1]}
INFO:<Node 1>:{"send": true, "recv": false, "from": 1, "to": 2, "vc": [1, 9, 8, 9, 7, 7, 2, 6, 9, 9], "hlc": [921575, 3]}
INFO:<Node 3>:{"send": true, "recv": false, "from": 3, "to": 2, "vc": [1, 5, 5, 14, 2, 7, 1, 5, 3, 5], "hlc": [921573, 9]}
INFO:<Node 5>:{"send": true, "recv": false, "from": 5, "to": 0, "vc": [1, 1, 4, 7, 5, 11, 1, 8, 2, 2], "hlc": [921573, 0]}
INFO:<Node 6>:{"send": true, "recv": false, "from": 6, "to": 2, "vc": [6, 3, 6, 7, 5, 9, 9, 7, 5, 7], "hlc": [921573, 11]}
INFO:<Node 9>:{"send": true, "recv": false, "from": 9, "to": 5, "vc": [0, 1, 5, 1, 0, 0, 2, 0, 3, 10], "hlc": [921573, 7]}
INFO:<Node 0>:{"send": false, "recv": true, "to": 0, "from": 5, "vc": [12, 5, 6, 13, 5, 11, 7, 8, 8, 7], "hlc": [921575, 2]}
INFO:<Node 2>:{"send": false, "recv": true, "to": 2, "from": 1, "vc": [1, 9, 13, 11, 7, 7, 2, 10, 9, 9], "hlc": [921575, 4]}
INFO:<Node 2>:{"send": false, "recv": true, "to": 2, "from": 3, "vc": [1, 9, 14, 14, 7, 7, 2, 10, 9, 9], "hlc": [921575, 5]}
INFO:<Node 2>:{"send": false, "recv": true, "to": 2, "from": 6, "vc": [6, 9, 15, 14, 7, 9, 9, 10, 9, 9], "hlc": [921575, 6]}
INFO:<Node 5>:{"send": false, "recv": true, "to": 5, "from": 9, "vc": [1, 1, 5, 7, 5, 12, 2, 8, 3, 10], "hlc": [921573, 8]}
INFO:<Node 8>:{"send": false, "recv": true, "to": 8, "from": 0, "vc": [11, 5, 12, 13, 8, 9, 7, 10, 12, 8], "hlc": [921576, 2]}
INFO:<Node 0>:{"send": true, "recv": false, "from": 0, "to": 7, "vc": [13, 5, 6, 13, 5, 11, 7, 8, 8, 7], "hlc": [921575, 3]}
INFO:<Node 1>:{"send": true, "recv": false, "from": 1, "to": 3, "vc": [1, 10, 8, 9, 7, 7, 2, 6, 9, 9], "hlc": [921575, 4]}
INFO:<Node 5>:{"send": true, "recv": false, "from": 5, "to": 4, "vc": [1, 1, 5, 7, 5, 13, 2, 8, 3, 10], "hlc": [921573, 9]}
INFO:<Node 6>:{"send": true, "recv": false, "from": 6, "to": 9, "vc": [6, 3, 6, 7, 5, 9, 10, 7, 5, 7], "hlc": [921573, 12]}
INFO:<Node 7>:{"send": true, "recv": false, "from": 7, "to": 1, "vc": [1, 1, 5, 1, 0, 3, 2, 11, 3, 8], "hlc": [921573, 8]}
INFO:<Node 1>:{"send": false, "recv": true, "to": 1, "from": 7, "vc": [1, 11, 8, 9, 7, 7, 2, 11, 9, 9], "hlc": [921575, 5]}
INFO:<Node 3>:{"send": false, "recv": true, "to": 3, "from": 1, "vc": [1, 10, 8, 15, 7, 7, 2, 6, 9, 9], "hlc": [921575, 5]}
INFO:<Node 4>:{"send": false, "recv": true, "to": 4, "from": 5, "vc": [6, 3, 8, 9, 10, 13, 8, 8, 5, 10], "hlc": [921573, 12]}
INFO:<Node 7>:{"send": false, "recv": true, "to": 7, "from": 0, "vc": [13, 5, 6, 13, 5, 11, 7, 12, 8, 8], "hlc": [921575, 4]}
INFO:<Node 9>:{"send": false, "recv": true, "to": 9, "from": 6, "vc": [6, 3, 6, 7, 5, 9, 10, 7, 5, 11], "hlc": [921574, 0]}
INFO:<Node 0>:{"send": true, "recv": false, "from": 0, "to": 1, "vc": [14, 5, 6, 13, 5, 11, 7, 8, 8, 7], "hlc": [921576, 0]}
INFO:<Node 1>:{"send": true, "recv": false, "from": 1, "to": 5, "vc": [1, 12, 8, 9, 7, 7, 2, 11, 9, 9], "hlc": [921575, 6]}
INFO:<Node 2>:{"send": true, "recv": false, "from": 2, "to": 1, "vc": [6, 9, 16, 14, 7, 9, 9, 10, 9, 9], "hlc": [921575, 7]}
INFO:<Node 3>:{"send": true, "recv": false, "from": 3, "to": 6, "vc": [1, 10, 8, 16, 7, 7, 2, 6, 9, 9], "hlc": [921575, 6]}
INFO:<Node 4>:{"send": true, "recv": false, "from": 4, "to": 9, "vc": [6, 3, 8, 9, 11, 13, 8, 8, 5, 10], "hlc": [921573, 13]}
INFO:<Node 5>:{"send": true, "recv": false, "from": 5, "to": 3, "vc": [1, 1, 5, 7, 5, 14, 2, 8, 3, 10], "hlc": [921574, 0]}
INFO:<Node 6>:{"send": true, "recv": false, "from": 6, "to": 2, "vc": [6, 3, 6, 7, 5, 9, 11, 7, 5, 7], "hlc": [921573, 13]}
INFO:<Node 7>:{"send": true, "recv": false, "from": 7, "to": 1, "vc": [13, 5, 6, 13, 5, 11, 7, 13, 8, 8], "hlc": [921575, 5]}
INFO:<Node 8>:{"send": true, "recv": false, "from": 8, "to": 9, "vc": [11, 5, 12, 13, 8, 9, 7, 10, 13, 8], "hlc": [921577, 0]}
INFO:<Node 1>:{"send": false, "recv": true, "to": 1, "from": 0, "vc": [14, 13, 8, 13, 7, 11, 7, 11, 9, 9], "hlc": [921576, 1]}
INFO:<Node 1>:{"send": false, "recv": true, "to": 1, "from": 2, "vc": [14, 14, 16, 14, 7, 11, 9, 11, 9, 9], "hlc": [921576, 2]}
INFO:<Node 1>:{"send": false, "recv": true, "to": 1, "from": 7, "vc": [14, 15, 16, 14, 7, 11, 9, 13, 9, 9], "hlc": [921576, 3]}
INFO:<Node 2>:{"send": false, "recv": true, "to": 2, "from": 6, "vc": [6, 9, 17, 14, 7, 9, 11, 10, 9, 9], "hlc": [921576, 0]}
INFO:<Node 3>:{"send": false, "recv": true, "to": 3, "from": 5, "vc": [1, 10, 8, 17, 7, 14, 2, 8, 9, 10], "hlc": [921575, 7]}
INFO:<Node 5>:{"send": false, "recv": true, "to": 5, "from": 1, "vc": [1, 12, 8, 9, 7, 15, 2, 11, 9, 10], "hlc": [921575, 7]}
INFO:<Node 6>:{"send": false, "recv": true, "to": 6, "from": 3, "vc": [6, 10, 8, 16, 7, 9, 12, 7, 9, 9], "hlc": [921575, 7]}
INFO:<Node 9>:{"send": false, "recv": true, "to": 9, "from": 4, "vc": [6, 3, 8, 9, 11, 13, 10, 8, 5, 12], "hlc": [921575, 0]}
INFO:<Node 9>:{"send": false, "recv": true, "to": 9, "from": 8, "vc": [11, 5, 12, 13, 11, 13, 10, 10, 13, 13], "hlc": [921577, 1]}
INFO:<Node 0>:{"send": true, "recv": false, "from": 0, "to": 2, "vc": [15, 5, 6, 13, 5, 11, 7, 8, 8, 7], "hlc": [921576, 1]}
INFO:<Node 1>:{"send": true, "recv": false, "from": 1, "to": 2, "vc": [14, 16, 16, 14, 7, 11, 9, 13, 9, 9], "hlc": [921576, 4]}
INFO:<Node 3>:{"send": true, "recv": false, "from": 3, "to": 6, "vc": [1, 10, 8, 18, 7, 14, 2, 8, 9, 10], "hlc": [921575, 8]}
INFO:<Node 5>:{"send": true, "recv": false, "from": 5, "to": 6, "vc": [1, 12, 8, 9, 7, 16, 2, 11, 9, 10], "hlc": [921575, 8]}
INFO:<Node 7>:{"send": true, "recv": false, "from": 7, "to": 5, "vc": [13, 5, 6, 13, 5, 11, 7, 14, 8, 8], "hlc": [921575, 6]}
INFO:<Node 8>:{"send": true, "recv": false, "from": 8, "to": 9, "vc": [11, 5, 12, 13, 8, 9, 7, 10, 14, 8], "hlc": [921577, 1]}
INFO:<Node 9>:{"send": true, "recv": false, "from": 9, "to": 0, "vc": [11, 5, 12, 13, 11, 13, 10, 10, 13, 14], "hlc": [921577, 2]}
INFO:<Node 0>:{"send": false, "recv": true, "to": 0, "from": 9, "vc": [16, 5, 12, 13, 11, 13, 10, 10, 13, 14], "hlc": [921577, 3]}
INFO:<Node 2>:{"send": false, "recv": true, "to": 2, "from": 0, "vc": [15, 9, 18, 14, 7, 11, 11, 10, 9, 9], "hlc": [921576, 2]}
INFO:<Node 2>:{"send": false, "recv": true, "to": 2, "from": 1, "vc": [15, 16, 19, 14, 7, 11, 11, 13, 9, 9], "hlc": [921576, 5]}
INFO:<Node 5>:{"send": false, "recv": true, "to": 5, "from": 7, "vc": [13, 12, 8, 13, 7, 17, 7, 14, 9, 10], "hlc": [921575, 9]}
INFO:<Node 6>:{"send": false, "recv": true, "to": 6, "from": 3, "vc": [6, 10, 8, 18, 7, 14, 13, 8, 9, 10], "hlc": [921575, 9]}
INFO:<Node 6>:{"send": false, "recv": true, "to": 6, "from": 5, "vc": [6, 12, 8, 18, 7, 16, 14, 11, 9, 10], "hlc": [921575, 10]}
INFO:<Node 9>:{"send": false, "recv": true, "to": 9, "from": 8, "vc": [11, 5, 12, 13, 11, 13, 10, 10, 14, 15], "hlc": [921577, 3]}
INFO:<Node 0>:{"send": true, "recv": false, "from": 0, "to": 5, "vc": [17, 5, 12, 13, 11, 13, 10, 10, 13, 14], "hlc": [921577, 4]}
INFO:<Node 1>:{"send": true, "recv": false, "from": 1, "to": 6, "vc": [14, 17, 16, 14, 7, 11, 9, 13, 9, 9], "hlc": [921576, 5]}
INFO:<Node 3>:{"send": true, "recv": false, "from": 3, "to": 7, "vc": [1, 10, 8, 19, 7, 14, 2, 8, 9, 10], "hlc": [921575, 9]}
INFO:<Node 4>:{"send": true, "recv": false, "from": 4, "to": 0, "vc": [6, 3, 8, 9, 12, 13, 8, 8, 5, 10], "hlc": [921573, 14]}
INFO:<Node 5>:{"send": true, "recv": false, "from": 5, "to": 7, "vc": [13, 12, 8, 13, 7, 18, 7, 14, 9, 10], "hlc": [921575, 10]}
INFO:<Node 6>:{"send": true, "recv": false, "from": 6, "to": 8, "vc": [6, 12, 8, 18, 7, 16, 15, 11, 9, 10], "hlc": [921575, 11]}
INFO:<Node 7>:{"send": true, "recv": false, "from": 7, "to": 9, "vc": [13, 5, 6, 13, 5, 11, 7, 15, 8, 8], "hlc": [921575, 7]}
INFO:<Node 8>:{"send": true, "recv": false, "from": 8, "to": 0, "vc": [11, 5, 12, 13, 8, 9, 7, 10, 15, 8], "hlc": [921578, 0]}
INFO:<Node 0>:{"send": false, "recv": true, "to": 0, "from": 4, "vc": [18, 5, 12, 13, 12, 13, 10, 10, 13, 14], "hlc": [921577, 5]}
INFO:<Node 0>:{"send": false, "recv": true, "to": 0, "from": 8, "vc": [19, 5, 12, 13, 12, 13, 10, 10, 15, 14], "hlc": [921578, 1]}
INFO:<Node 5>:{"send": false, "recv": true, "to": 5, "from": 0, "vc": [17, 12, 12, 13, 11, 19, 10, 14, 13, 14], "hlc": [921577, 5]}
INFO:<Node 6>:{"send": false, "recv": true, "to": 6, "from": 1, "vc": [14, 17, 16, 18, 7, 16, 16, 13, 9, 10], "hlc": [921576, 6]}
INFO:<Node 7>:{"send": false, "recv": true, "to": 7, "from": 3, "vc": [13, 10, 8, 19, 7, 14, 7, 16, 9, 10], "hlc": [921575, 10]}
INFO:<Node 7>:{"send": false, "recv": true, "to": 7, "from": 5, "vc": [13, 12, 8, 19, 7, 18, 7, 17, 9, 10], "hlc": [921575, 11]}
INFO:<Node 8>:{"send": false, "recv": true, "to": 8, "from": 6, "vc": [11, 12, 12, 18, 8, 16, 15, 11, 16, 10], "hlc": [921578, 1]}
INFO:<Node 9>:{"send": false, "recv": true, "to": 9, "from": 7, "vc": [13, 5, 12, 13, 11, 13, 10, 15, 14, 16], "hlc": [921577, 4]}
INFO:<Node 1>:{"send": true, "recv": false, "from": 1, "to": 7, "vc": [14, 18, 16, 14, 7, 11, 9, 13, 9, 9], "hlc": [921576, 6]}
INFO:<Node 6>:{"send": true, "recv": false, "from": 6, "to": 8, "vc": [14, 17, 16, 18, 7, 16, 17, 13, 9, 10], "hlc": [921576, 7]}
INFO:<Node 8>:{"send": true, "recv": false, "from": 8, "to": 5, "vc": [11, 12, 12, 18, 8, 16, 15, 11, 17, 10], "hlc": [921578, 2]}
INFO:<Node 9>:{"send": true, "recv": false, "from": 9, "to": 8, "vc": [13, 5, 12, 13, 11, 13, 10, 15, 14, 17], "hlc": [921577, 5]}
INFO:<Node 5>:{"send": false, "recv": true, "to": 5, "from": 8, "vc": [17, 12, 12, 18, 11, 20, 15, 14, 17, 14], "hlc": [921578, 3]}
INFO:<Node 7>:{"send": false, "recv": true, "to": 7, "from": 1, "vc": [14, 18, 16, 19, 7, 18, 9, 18, 9, 10], "hlc": [921576, 7]}
INFO:<Node 8>:{"send": false, "recv": true, "to": 8, "from": 6, "vc": [14, 17, 16, 18, 8, 16, 17, 13, 18, 10], "hlc": [921579, 0]}
INFO:<Node 8>:{"send": false, "recv": true, "to": 8, "from": 9, "vc": [14, 17, 16, 18, 11, 16, 17, 15, 19, 17], "hlc": [921579, 1]}
INFO:<Node 0>:{"send": true, "recv": false, "from": 0, "to": 3, "vc": [20, 5, 12, 13, 12, 13, 10, 10, 15, 14], "hlc": [921578, 2]}
INFO:<Node 1>:{"send": true, "recv": false, "from": 1, "to": 2, "vc": [14, 19, 16, 14, 7, 11, 9, 13, 9, 9], "hlc": [921576, 7]}
INFO:<Node 2>:{"send": true, "recv": false, "from": 2, "to": 3, "vc": [15, 16, 20, 14, 7, 11, 11, 13, 9, 9], "hlc": [921577, 0]}
INFO:<Node 3>:{"send": true, "recv": false, "from": 3, "to": 5, "vc": [1, 10, 8, 20, 7, 14, 2, 8, 9, 10], "hlc": [921575, 10]}
INFO:<Node 4>:{"send": true, "recv": false, "from": 4, "to": 7, "vc": [6, 3, 8, 9, 13, 13, 8, 8, 5, 10], "hlc": [921573, 15]}
INFO:<Node 7>:{"send": true, "recv": false, "from": 7, "to": 3, "vc": [14, 18, 16, 19, 7, 18, 9, 19, 9, 10], "hlc": [921576, 8]}
INFO:<Node 8>:{"send": true, "recv": false, "from": 8, "to": 9, "vc": [14, 17, 16, 18, 11, 16, 17, 15, 20, 17], "hlc": [921579, 2]}
INFO:<Node 9>:{"send": true, "recv": false, "from": 9, "to": 1, "vc": [13, 5, 12, 13, 11, 13, 10, 15, 14, 18], "hlc": [921577, 6]}
INFO:<Node 1>:{"send": false, "recv": true, "to": 1, "from": 9, "vc": [14, 20, 16, 14, 11, 13, 10, 15, 14, 18], "hlc": [921577, 7]}
INFO:<Node 2>:{"send": false, "recv": true, "to": 2, "from": 1, "vc": [15, 19, 21, 14, 7, 11, 11, 13, 9, 9], "hlc": [921578, 0]}
INFO:<Node 3>:{"send": false, "recv": true, "to": 3, "from": 0, "vc": [20, 10, 12, 21, 12, 14, 10, 10, 15, 14], "hlc": [921578, 3]}
INFO:<Node 3>:{"send": false, "recv": true, "to": 3, "from": 2, "vc": [20, 16, 20, 22, 12, 14, 11, 13, 15, 14], "hlc": [921578, 4]}
INFO:<Node 3>:{"send": false, "recv": true, "to": 3, "from": 7, "vc": [20, 18, 20, 23, 12, 18, 11, 19, 15, 14], "hlc": [921578, 5]}
INFO:<Node 5>:{"send": false, "recv": true, "to": 5, "from": 3, "vc": [17, 12, 12, 20, 11, 21, 15, 14, 17, 14], "hlc": [921578, 4]}
INFO:<Node 7>:{"send": false, "recv": true, "to": 7, "from": 4, "vc": [14, 18, 16, 19, 13, 18, 9, 20, 9, 10], "hlc": [921576, 9]}
INFO:<Node 9>:{"send": false, "recv": true, "to": 9, "from": 8, "vc": [14, 17, 16, 18, 11, 16, 17, 15, 20, 19], "hlc": [921579, 3]}
INFO:<Node 1>:{"send": true, "recv": false, "from": 1, "to": 4, "vc": [14, 21, 16, 14, 11, 13, 10, 15, 14, 18], "hlc": [921577, 8]}
INFO:<Node 3>:{"send": true, "recv": false, "from": 3, "to": 5, "vc": [20, 18, 20, 24, 12, 18, 11, 19, 15, 14], "hlc": [921578, 6]}
INFO:<Node 4>:{"send": true, "recv": false, "from": 4, "to": 0, "vc": [6, 3, 8, 9, 14, 13, 8, 8, 5, 10], "hlc": [921573, 16]}
INFO:<Node 7>:{"send": true, "recv": false, "from": 7, "to": 4, "vc": [14, 18, 16, 19, 13, 18, 9, 21, 9, 10], "hlc": [921576, 10]}
INFO:<Node 9>:{"send": true, "recv": false, "from": 9, "to": 7, "vc": [14, 17, 16, 18, 11, 16, 17, 15, 20, 20], "hlc": [921579, 4]}
INFO:<Node 0>:{"send": false, "recv": true, "to": 0, "from": 4, "vc": [21, 5, 12, 13, 14, 13, 10, 10, 15, 14], "hlc": [921579, 0]}
INFO:<Node 4>:{"send": false, "recv": true, "to": 4, "from": 1, "vc": [14, 21, 16, 14, 15, 13, 10, 15, 14, 18], "hlc": [921577, 9]}
INFO:<Node 4>:{"send": false, "recv": true, "to": 4, "from": 7, "vc": [14, 21, 16, 19, 16, 18, 10, 21, 14, 18], "hlc": [921577, 10]}
INFO:<Node 5>:{"send": false, "recv": true, "to": 5, "from": 3, "vc": [20, 18, 20, 24, 12, 22, 15, 19, 17, 14], "hlc": [921578, 7]}
INFO:<Node 7>:{"send": false, "recv": true, "to": 7, "from": 9, "vc": [14, 18, 16, 19, 13, 18, 17, 22, 20, 20], "hlc": [921579, 5]}
INFO:<Node 0>:{"send": true, "recv": false, "from": 0, "to": 6, "vc": [22, 5, 12, 13, 14, 13, 10, 10, 15, 14], "hlc": [921579, 1]}
INFO:<Node 1>:{"send": true, "recv": false, "from": 1, "to": 4, "vc": [14, 22, 16, 14, 11, 13, 10, 15, 14, 18], "hlc": [921577, 9]}
INFO:<Node 2>:{"send": true, "recv": false, "from": 2, "to": 1, "vc": [15, 19, 22, 14, 7, 11, 11, 13, 9, 9], "hlc": [921578, 1]}
INFO:<Node 3>:{"send": true, "recv": false, "from": 3, "to": 4, "vc": [20, 18, 20, 25, 12, 18, 11, 19, 15, 14], "hlc": [921578, 7]}
INFO:<Node 4>:{"send": true, "recv": false, "from": 4, "to": 8, "vc": [14, 21, 16, 19, 17, 18, 10, 21, 14, 18], "hlc": [921577, 11]}
INFO:<Node 5>:{"send": true, "recv": false, "from": 5, "to": 0, "vc": [20, 18, 20, 24, 12, 23, 15, 19, 17, 14], "hlc": [921578, 8]}
INFO:<Node 6>:{"send": true, "recv": false, "from": 6, "to": 1, "vc": [14, 17, 16, 18, 7, 16, 18, 13, 9, 10], "hlc": [921576, 8]}
INFO:<Node 7>:{"send": true, "recv": false, "from": 7, "to": 0, "vc": [14, 18, 16, 19, 13, 18, 17, 23, 20, 20], "hlc": [921579, 6]}
INFO:<Node 8>:{"send": true, "recv": false, "from": 8, "to": 7, "vc": [14, 17, 16, 18, 11, 16, 17, 15, 21, 17], "hlc": [921580, 0]}
INFO:<Node 0>:{"send": false, "recv": true, "to": 0, "from": 5, "vc": [23, 18, 20, 24, 14, 23, 15, 19, 17, 14], "hlc": [921579, 2]}
INFO:<Node 0>:{"send": false, "recv": true, "to": 0, "from": 7, "vc": [24, 18, 20, 24, 14, 23, 17, 23, 20, 20], "hlc": [921579, 7]}
INFO:<Node 1>:{"send": false, "recv": true, "to": 1, "from": 2, "vc": [15, 23, 22, 14, 11, 13, 11, 15, 14, 18], "hlc": [921578, 2]}
INFO:<Node 1>:{"send": false, "recv": true, "to": 1, "from": 6, "vc": [15, 24, 22, 18, 11, 16, 18, 15, 14, 18], "hlc": [921578, 3]}
INFO:<Node 4>:{"send": false, "recv": true, "to": 4, "from": 1, "vc": [14, 22, 16, 19, 18, 18, 10, 21, 14, 18], "hlc": [921577, 12]}
INFO:<Node 4>:{"send": false, "recv": true, "to": 4, "from": 3, "vc": [20, 22, 20, 25, 19, 18, 11, 21, 15, 18], "hlc": [921578, 8]}
INFO:<Node 6>:{"send": false, "recv": true, "to": 6, "from": 0, "vc": [22, 17, 16, 18, 14, 16, 19, 13, 15, 14], "hlc": [921579, 2]}
INFO:<Node 7>:{"send": false, "recv": true, "to": 7, "from": 8, "vc": [14, 18, 16, 19, 13, 18, 17, 24, 21, 20], "hlc": [921580, 1]}
INFO:<Node 8>:{"send": false, "recv": true, "to": 8, "from": 4, "vc": [14, 21, 16, 19, 17, 18, 17, 21, 22, 18], "hlc": [921580, 1]}
INFO:<Node 0>:{"send": true, "recv": false, "from": 0, "to": 7, "vc": [25, 18, 20, 24, 14, 23, 17, 23, 20, 20], "hlc": [921579, 8]}
INFO:<Node 1>:{"send": true, "recv": false, "from": 1, "to": 6, "vc": [15, 25, 22, 18, 11, 16, 18, 15, 14, 18], "hlc": [921578, 4]}
INFO:<Node 2>:{"send": true, "recv": false, "from": 2, "to": 9, "vc": [15, 19, 23, 14, 7, 11, 11, 13, 9, 9], "hlc": [921579, 0]}
INFO:<Node 3>:{"send": true, "recv": false, "from": 3, "to": 6, "vc": [20, 18, 20, 26, 12, 18, 11, 19, 15, 14], "hlc": [921578, 8]}
INFO:<Node 4>:{"send": true, "recv": false, "from": 4, "to": 9, "vc": [20, 22, 20, 25, 20, 18, 11, 21, 15, 18], "hlc": [921578, 9]}
INFO:<Node 5>:{"send": true, "recv": false, "from": 5, "to": 7, "vc": [20, 18, 20, 24, 12, 24, 15, 19, 17, 14], "hlc": [921578, 9]}
INFO:<Node 8>:{"send": true, "recv": false, "from": 8, "to": 7, "vc": [14, 21, 16, 19, 17, 18, 17, 21, 23, 18], "hlc": [921580, 2]}
INFO:<Node 9>:{"send": true, "recv": false, "from": 9, "to": 0, "vc": [14, 17, 16, 18, 11, 16, 17, 15, 20, 21], "hlc": [921579, 5]}
INFO:<Node 0>:{"send": false, "recv": true, "to": 0, "from": 9, "vc": [26, 18, 20, 24, 14, 23, 17, 23, 20, 21], "hlc": [921580, 0]}
INFO:<Node 6>:{"send": false, "recv": true, "to": 6, "from": 1, "vc": [22, 25, 22, 18, 14, 16, 20, 15, 15, 18], "hlc": [921579, 3]}
INFO:<Node 6>:{"send": false, "recv": true, "to": 6, "from": 3, "vc": [22, 25, 22, 26, 14, 18, 21, 19, 15, 18], "hlc": [921579, 4]}
INFO:<Node 7>:{"send": false, "recv": true, "to": 7, "from": 0, "vc": [25, 18, 20, 24, 14, 23, 17, 25, 21, 20], "hlc": [921580, 2]}
INFO:<Node 7>:{"send": false, "recv": true, "to": 7, "from": 5, "vc": [25, 18, 20, 24, 14, 24, 17, 26, 21, 20], "hlc": [921580, 3]}
INFO:<Node 7>:{"send": false, "recv": true, "to": 7, "from": 8, "vc": [25, 21, 20, 24, 17, 24, 17, 27, 23, 20], "hlc": [921580, 4]}
INFO:<Node 9>:{"send": false, "recv": true, "to": 9, "from": 2, "vc": [15, 19, 23, 18, 11, 16, 17, 15, 20, 22], "hlc": [921579, 6]}
INFO:<Node 9>:{"send": false, "recv": true, "to": 9, "from": 4, "vc": [20, 22, 23, 25, 20, 18, 17, 21, 20, 23], "hlc": [921579, 7]}
INFO:<Node 0>:{"send": true, "recv": false, "from": 0, "to": 4, "vc": [27, 18, 20, 24, 14, 23, 17, 23, 20, 21], "hlc": [921580, 1]}
INFO:<Node 1>:{"send": true, "recv": false, "from": 1, "to": 4, "vc": [15, 26, 22, 18, 11, 16, 18, 15, 14, 18], "hlc": [921578, 5]}
INFO:<Node 3>:{"send": true, "recv": false, "from": 3, "to": 7, "vc": [20, 18, 20, 27, 12, 18, 11, 19, 15, 14], "hlc": [921578, 9]}
INFO:<Node 6>:{"send": true, "recv": false, "from": 6, "to": 5, "vc": [22, 25, 22, 26, 14, 18, 22, 19, 15, 18], "hlc": [921579, 5]}
INFO:<Node 7>:{"send": true, "recv": false, "from": 7, "to": 2, "vc": [25, 21, 20, 24, 17, 24, 17, 28, 23, 20], "hlc": [921580, 5]}
INFO:<Node 8>:{"send": true, "recv": false, "from": 8, "to": 7, "vc": [14, 21, 16, 19, 17, 18, 17, 21, 24, 18], "hlc": [921581, 0]}
INFO:<Node 9>:{"send": true, "recv": false, "from": 9, "to": 0, "vc": [20, 22, 23, 25, 20, 18, 17, 21, 20, 24], "hlc": [921579, 8]}
INFO:<Node 0>:{"send": false, "recv": true, "to": 0, "from": 9, "vc": [28, 22, 23, 25, 20, 23, 17, 23, 20, 24], "hlc": [921580, 2]}
INFO:<Node 2>:{"send": false, "recv": true, "to": 2, "from": 7, "vc": [25, 21, 24, 24, 17, 24, 17, 28, 23, 20], "hlc": [921580, 6]}
INFO:<Node 4>:{"send": false, "recv": true, "to": 4, "from": 0, "vc": [27, 22, 20, 25, 21, 23, 17, 23, 20, 21], "hlc": [921580, 2]}
INFO:<Node 4>:{"send": false, "recv": true, "to": 4, "from": 1, "vc": [27, 26, 22, 25, 22, 23, 18, 23, 20, 21], "hlc": [921580, 3]}
INFO:<Node 5>:{"send": false, "recv": true, "to": 5, "from": 6, "vc": [22, 25, 22, 26, 14, 25, 22, 19, 17, 18], "hlc": [921579, 6]}
INFO:<Node 7>:{"send": false, "recv": true, "to": 7, "from": 3, "vc": [25, 21, 20, 27, 17, 24, 17, 29, 23, 20], "hlc": [921580, 6]}
INFO:<Node 7>:{"send": false, "recv": true, "to": 7, "from": 8, "vc": [25, 21, 20, 27, 17, 24, 17, 30, 24, 20], "hlc": [921581, 1]}
INFO:<Node 1>:{"send": true, "recv": false, "from": 1, "to": 7, "vc": [15, 27, 22, 18, 11, 16, 18, 15, 14, 18], "hlc": [921578, 6]}
INFO:<Node 3>:{"send": true, "recv": false, "from": 3, "to": 2, "vc": [20, 18, 20, 28, 12, 18, 11, 19, 15, 14], "hlc": [921578, 10]}
INFO:<Node 5>:{"send": true, "recv": false, "from": 5, "to": 1, "vc": [22, 25, 22, 26, 14, 26, 22, 19, 17, 18], "hlc": [921579, 7]}
INFO:<Node 7>:{"send": true, "recv": false, "from": 7, "to": 3, "vc": [25, 21, 20, 27, 17, 24, 17, 31, 24, 20], "hlc": [921581, 2]}
INFO:<Node 8>:{"send": true, "recv": false, "from": 8, "to": 6, "vc": [14, 21, 16, 19, 17, 18, 17, 21, 25, 18], "hlc": [921581, 1]}
INFO:<Node 1>:{"send": false, "recv": true, "to": 1, "from": 5, "vc": [22, 28, 22, 26, 14, 26, 22, 19, 17, 18], "hlc": [921579, 8]}
INFO:<Node 2>:{"send": false, "recv": true, "to": 2, "from": 3, "vc": [25, 21, 25, 28, 17, 24, 17, 28, 23, 20], "hlc": [921580, 7]}
INFO:<Node 3>:{"send": false, "recv": true, "to": 3, "from": 7, "vc": [25, 21, 20, 29, 17, 24, 17, 31, 24, 20], "hlc": [921581, 3]}
INFO:<Node 6>:{"send": false, "recv": true, "to": 6, "from": 8, "vc": [22, 25, 22, 26, 17, 18, 23, 21, 25, 18], "hlc": [921581, 2]}
INFO:<Node 7>:{"send": false, "recv": true, "to": 7, "from": 1, "vc": [25, 27, 22, 27, 17, 24, 18, 32, 24, 20], "hlc": [921581, 3]}
INFO:<Node 2>:{"send": true, "recv": false, "from": 2, "to": 6, "vc": [25, 21, 26, 28, 17, 24, 17, 28, 23, 20], "hlc": [921580, 8]}
INFO:<Node 3>:{"send": true, "recv": false, "from": 3, "to": 0, "vc": [25, 21, 20, 30, 17, 24, 17, 31, 24, 20], "hlc": [921581, 4]}
INFO:<Node 5>:{"send": true, "recv": false, "from": 5, "to": 0, "vc": [22, 25, 22, 26, 14, 27, 22, 19, 17, 18], "hlc": [921579, 8]}
INFO:<Node 6>:{"send": true, "recv": false, "from": 6, "to": 5, "vc": [22, 25, 22, 26, 17, 18, 24, 21, 25, 18], "hlc": [921581, 3]}
INFO:<Node 7>:{"send": true, "recv": false, "from": 7, "to": 8, "vc": [25, 27, 22, 27, 17, 24, 18, 33, 24, 20], "hlc": [921581, 4]}
INFO:<Node 8>:{"send": true, "recv": false, "from": 8, "to": 1, "vc": [14, 21, 16, 19, 17, 18, 17, 21, 26, 18], "hlc": [921582, 0]}
INFO:<Node 0>:{"send": false, "recv": true, "to": 0, "from": 3, "vc": [29, 22, 23, 30, 20, 24, 17, 31, 24, 24], "hlc": [921581, 5]}
INFO:<Node 0>:{"send": false, "recv": true, "to": 0, "from": 5, "vc": [30, 25, 23, 30, 20, 27, 22, 31, 24, 24], "hlc": [921581, 6]}
INFO:<Node 1>:{"send": false, "recv": true, "to": 1, "from": 8, "vc": [22, 29, 22, 26, 17, 26, 22, 21, 26, 18], "hlc": [921582, 1]}
INFO:<Node 5>:{"send": false, "recv": true, "to": 5, "from": 6, "vc": [22, 25, 22, 26, 17, 28, 24, 21, 25, 18], "hlc": [921581, 4]}
INFO:<Node 6>:{"send": false, "recv": true, "to": 6, "from": 2, "vc": [25, 25, 26, 28, 17, 24, 25, 28, 25, 20], "hlc": [921581, 4]}
INFO:<Node 8>:{"send": false, "recv": true, "to": 8, "from": 7, "vc": [25, 27, 22, 27, 17, 24, 18, 33, 27, 20], "hlc": [921582, 1]}
INFO:<Node 1>:{"send": true, "recv": false, "from": 1, "to": 8, "vc": [22, 30, 22, 26, 17, 26, 22, 21, 26, 18], "hlc": [921582, 2]}
INFO:<Node 2>:{"send": true, "recv": false, "from": 2, "to": 6, "vc": [25, 21, 27, 28, 17, 24, 17, 28, 23, 20], "hlc": [921581, 0]}
INFO:<Node 4>:{"send": true, "recv": false, "from": 4, "to": 5, "vc": [27, 26, 22, 25, 23, 23, 18, 23, 20, 21], "hlc": [921580, 4]}
INFO:<Node 5>:{"send": true, "recv": false, "from": 5, "to": 3, "vc": [22, 25, 22, 26, 17, 29, 24, 21, 25, 18], "hlc": [921581, 5]}
INFO:<Node 6>:{"send": true, "recv": false, "from": 6, "to": 3, "vc": [25, 25, 26, 28, 17, 24, 26, 28, 25, 20], "hlc": [921581, 5]}
INFO:<Node 7>:{"send": true, "recv": false, "from": 7, "to": 3, "vc": [25, 27, 22, 27, 17, 24, 18, 34, 24, 20], "hlc": [921581, 5]}
INFO:<Node 8>:{"send": true, "recv": false, "from": 8, "to": 4, "vc": [25, 27, 22, 27, 17, 24, 18, 33, 28, 20], "hlc": [921582, 2]}
INFO:<Node 9>:{"send": true, "recv": false, "from": 9, "to": 1, "vc": [20, 22, 23, 25, 20, 18, 17, 21, 20, 25], "hlc": [921580, 0]}
INFO:<Node 1>:{"send": false, "recv": true, "to": 1, "from": 9, "vc": [22, 31, 23, 26, 20, 26, 22, 21, 26, 25], "hlc": [921582, 3]}
INFO:<Node 3>:{"send": false, "recv": true, "to": 3, "from": 5, "vc": [25, 25, 22, 31, 17, 29, 24, 31, 25, 20], "hlc": [921581, 6]}
INFO:<Node 3>:{"send": false, "recv": true, "to": 3, "from": 6, "vc": [25, 25, 26, 32, 17, 29, 26, 31, 25, 20], "hlc": [921581, 7]}
INFO:<Node 3>:{"send": false, "recv": true, "to": 3, "from": 7, "vc": [25, 27, 26, 33, 17, 29, 26, 34, 25, 20], "hlc": [921581, 8]}
INFO:<Node 4>:{"send": false, "recv": true, "to": 4, "from": 8, "vc": [27, 27, 22, 27, 24, 24, 18, 33, 28, 21], "hlc": [921582, 3]}
INFO:<Node 5>:{"send": false, "recv": true, "to": 5, "from": 4, "vc": [27, 26, 22, 26, 23, 30, 24, 23, 25, 21], "hlc": [921581, 6]}
INFO:<Node 6>:{"send": false, "recv": true, "to": 6, "from": 2, "vc": [25, 25, 27, 28, 17, 24, 27, 28, 25, 20], "hlc": [921581, 6]}
INFO:<Node 8>:{"send": false, "recv": true, "to": 8, "from": 1, "vc": [25, 30, 22, 27, 17, 26, 22, 33, 29, 20], "hlc": [921583, 0]}
INFO:<Node 2>:{"send": true, "recv": false, "from": 2, "to": 8, "vc": [25, 21, 28, 28, 17, 24, 17, 28, 23, 20], "hlc": [921581, 1]}
INFO:<Node 3>:{"send": true, "recv": false, "from": 3, "to": 0, "vc": [25, 27, 26, 34, 17, 29, 26, 34, 25, 20], "hlc": [921581, 9]}
INFO:<Node 6>:{"send": true, "recv": false, "from": 6, "to": 7, "vc": [25, 25, 27, 28, 17, 24, 28, 28, 25, 20], "hlc": [921581, 7]}
INFO:<Node 7>:{"send": true, "recv": false, "from": 7, "to": 6, "vc": [25, 27, 22, 27, 17, 24, 18, 35, 24, 20], "hlc": [921581, 6]}
INFO:<Node 8>:{"send": true, "recv": false, "from": 8, "to": 6, "vc": [25, 30, 22, 27, 17, 26, 22, 33, 30, 20], "hlc": [921583, 1]}
INFO:<Node 9>:{"send": true, "recv": false, "from": 9, "to": 1, "vc": [20, 22, 23, 25, 20, 18, 17, 21, 20, 26], "hlc": [921580, 1]}
INFO:<Node 0>:{"send": false, "recv": true, "to": 0, "from": 3, "vc": [31, 27, 26, 34, 20, 29, 26, 34, 25, 24], "hlc": [921582, 0]}
INFO:<Node 1>:{"send": false, "recv": true, "to": 1, "from": 9, "vc": [22, 32, 23, 26, 20, 26, 22, 21, 26, 26], "hlc": [921582, 4]}
INFO:<Node 6>:{"send": false, "recv": true, "to": 6, "from": 7, "vc": [25, 27, 27, 28, 17, 24, 29, 35, 25, 20], "hlc": [921581, 8]}
INFO:<Node 6>:{"send": false, "recv": true, "to": 6, "from": 8, "vc": [25, 30, 27, 28, 17, 26, 30, 35, 30, 20], "hlc": [921583, 2]}
INFO:<Node 7>:{"send": false, "recv": true, "to": 7, "from": 6, "vc": [25, 27, 27, 28, 17, 24, 28, 36, 25, 20], "hlc": [921581, 8]}
INFO:<Node 8>:{"send": false, "recv": true, "to": 8, "from": 2, "vc": [25, 30, 28, 28, 17, 26, 22, 33, 31, 20], "hlc": [921583, 2]}
INFO:<Node 1>:{"send": true, "recv": false, "from": 1, "to": 0, "vc": [22, 33, 23, 26, 20, 26, 22, 21, 26, 26], "hlc": [921582, 5]}
INFO:<Node 4>:{"send": true, "recv": false, "from": 4, "to": 7, "vc": [27, 27, 22, 27, 25, 24, 18, 33, 28, 21], "hlc": [921582, 4]}
INFO:<Node 5>:{"send": true, "recv": false, "from": 5, "to": 9, "vc": [27, 26, 22, 26, 23, 31, 24, 23, 25, 21], "hlc": [921581, 7]}
INFO:<Node 9>:{"send": true, "recv": false, "from": 9, "to": 5, "vc": [20, 22, 23, 25, 20, 18, 17, 21, 20, 27], "hlc": [921581, 0]}
INFO:<Node 0>:{"send": false, "recv": true, "to": 0, "from": 1, "vc": [32, 33, 26, 34, 20, 29, 26, 34, 26, 26], "hlc": [921583, 0]}
INFO:<Node 5>:{"send": false, "recv": true, "to": 5, "from": 9, "vc": [27, 26, 23, 26, 23, 32, 24, 23, 25, 27], "hlc": [921581, 8]}
INFO:<Node 7>:{"send": false, "recv": true, "to": 7, "from": 4, "vc": [27, 27, 27, 28, 25, 24, 28, 37, 28, 21], "hlc": [921582, 5]}
INFO:<Node 9>:{"send": false, "recv": true, "to": 9, "from": 5, "vc": [27, 26, 23, 26, 23, 31, 24, 23, 25, 28], "hlc": [921581, 8]}
INFO:<Node 0>:{"send": true, "recv": false, "from": 0, "to": 9, "vc": [33, 33, 26, 34, 20, 29, 26, 34, 26, 26], "hlc": [921583, 1]}
INFO:<Node 5>:{"send": true, "recv": false, "from": 5, "to": 0, "vc": [27, 26, 23, 26, 23, 33, 24, 23, 25, 27], "hlc": [921581, 9]}
INFO:<Node 6>:{"send": true, "recv": false, "from": 6, "to": 4, "vc": [25, 30, 27, 28, 17, 26, 31, 35, 30, 20], "hlc": [921583, 3]}
INFO:<Node 7>:{"send": true, "recv": false, "from": 7, "to": 3, "vc": [27, 27, 27, 28, 25, 24, 28, 38, 28, 21], "hlc": [921582, 6]}
INFO:<Node 8>:{"send": true, "recv": false, "from": 8, "to": 2, "vc": [25, 30, 28, 28, 17, 26, 22, 33, 32, 20], "hlc": [921584, 0]}
INFO:<Node 0>:{"send": false, "recv": true, "to": 0, "from": 5, "vc": [34, 33, 26, 34, 23, 33, 26, 34, 26, 27], "hlc": [921583, 2]}
INFO:<Node 2>:{"send": false, "recv": true, "to": 2, "from": 8, "vc": [25, 30, 29, 28, 17, 26, 22, 33, 32, 20], "hlc": [921584, 1]}
INFO:<Node 3>:{"send": false, "recv": true, "to": 3, "from": 7, "vc": [27, 27, 27, 35, 25, 29, 28, 38, 28, 21], "hlc": [921582, 7]}
INFO:<Node 4>:{"send": false, "recv": true, "to": 4, "from": 6, "vc": [27, 30, 27, 28, 26, 26, 31, 35, 30, 21], "hlc": [921583, 4]}
INFO:<Node 9>:{"send": false, "recv": true, "to": 9, "from": 0, "vc": [33, 33, 26, 34, 23, 31, 26, 34, 26, 29], "hlc": [921583, 2]}
INFO:<Node 4>:{"send": true, "recv": false, "from": 4, "to": 0, "vc": [27, 30, 27, 28, 27, 26, 31, 35, 30, 21], "hlc": [921583, 5]}
INFO:<Node 5>:{"send": true, "recv": false, "from": 5, "to": 1, "vc": [27, 26, 23, 26, 23, 34, 24, 23, 25, 27], "hlc": [921581, 10]}
INFO:<Node 6>:{"send": true, "recv": false, "from": 6, "to": 2, "vc": [25, 30, 27, 28, 17, 26, 32, 35, 30, 20], "hlc": [921583, 4]}
INFO:<Node 8>:{"send": true, "recv": false, "from": 8, "to": 3, "vc": [25, 30, 28, 28, 17, 26, 22, 33, 33, 20], "hlc": [921584, 1]}
INFO:<Node 0>:{"send": false, "recv": true, "to": 0, "from": 4, "vc": [35, 33, 27, 34, 27, 33, 31, 35, 30, 27], "hlc": [921584, 0]}
INFO:<Node 1>:{"send": false, "recv": true, "to": 1, "from": 5, "vc": [27, 34, 23, 26, 23, 34, 24, 23, 26, 27], "hlc": [921582, 6]}
INFO:<Node 2>:{"send": false, "recv": true, "to": 2, "from": 6, "vc": [25, 30, 30, 28, 17, 26, 32, 35, 32, 20], "hlc": [921584, 2]}
INFO:<Node 3>:{"send": false, "recv": true, "to": 3, "from": 8, "vc": [27, 30, 28, 36, 25, 29, 28, 38, 33, 21], "hlc": [921584, 2]}
INFO:<Node 0>:{"send": true, "recv": false, "from": 0, "to": 6, "vc": [36, 33, 27, 34, 27, 33, 31, 35, 30, 27], "hlc": [921584, 1]}
INFO:<Node 2>:{"send": true, "recv": false, "from": 2, "to": 3, "vc": [25, 30, 31, 28, 17, 26, 32, 35, 32, 20], "hlc": [921584, 3]}
INFO:<Node 5>:{"send": true, "recv": false, "from": 5, "to": 0, "vc": [27, 26, 23, 26, 23, 35, 24, 23, 25, 27], "hlc": [921582, 0]}
INFO:<Node 6>:{"send": true, "recv": false, "from": 6, "to": 8, "vc": [25, 30, 27, 28, 17, 26, 33, 35, 30, 20], "hlc": [921583, 5]}
INFO:<Node 8>:{"send": true, "recv": false, "from": 8, "to": 6, "vc": [25, 30, 28, 28, 17, 26, 22, 33, 34, 20], "hlc": [921585, 0]}
INFO:<Node 9>:{"send": true, "recv": false, "from": 9, "to": 3, "vc": [33, 33, 26, 34, 23, 31, 26, 34, 26, 30], "hlc": [921583, 3]}
INFO:<Node 0>:{"send": false, "recv": true, "to": 0, "from": 5, "vc": [37, 33, 27, 34, 27, 35, 31, 35, 30, 27], "hlc": [921584, 2]}
INFO:<Node 3>:{"send": false, "recv": true, "to": 3, "from": 2, "vc": [27, 30, 31, 37, 25, 29, 32, 38, 33, 21], "hlc": [921584, 4]}
INFO:<Node 3>:{"send": false, "recv": true, "to": 3, "from": 9, "vc": [33, 33, 31, 38, 25, 31, 32, 38, 33, 30], "hlc": [921584, 5]}
INFO:<Node 6>:{"send": false, "recv": true, "to": 6, "from": 0, "vc": [36, 33, 27, 34, 27, 33, 34, 35, 30, 27], "hlc": [921584, 2]}
INFO:<Node 6>:{"send": false, "recv": true, "to": 6, "from": 8, "vc": [36, 33, 28, 34, 27, 33, 35, 35, 34, 27], "hlc": [921585, 1]}
INFO:<Node 8>:{"send": false, "recv": true, "to": 8, "from": 6, "vc": [25, 30, 28, 28, 17, 26, 33, 35, 35, 20], "hlc": [921585, 1]}
INFO:<Node 1>:{"send": true, "recv": false, "from": 1, "to": 8, "vc": [27, 35, 23, 26, 23, 34, 24, 23, 26, 27], "hlc": [921582, 7]}
INFO:<Node 3>:{"send": true, "recv": false, "from": 3, "to": 1, "vc": [33, 33, 31, 39, 25, 31, 32, 38, 33, 30], "hlc": [921584, 6]}
INFO:<Node 4>:{"send": true, "recv": false, "from": 4, "to": 8, "vc": [27, 30, 27, 28, 28, 26, 31, 35, 30, 21], "hlc": [921583, 6]}
INFO:<Node 5>:{"send": true, "recv": false, "from": 5, "to": 0, "vc": [27, 26, 23, 26, 23, 36, 24, 23, 25, 27], "hlc": [921582, 1]}
INFO:<Node 6>:{"send": true, "recv": false, "from": 6, "to": 4, "vc": [36, 33, 28, 34, 27, 33, 36, 35, 34, 27], "hlc": [921585, 2]}
INFO:<Node 9>:{"send": true, "recv": false, "from": 9, "to": 0, "vc": [33, 33, 26, 34, 23, 31, 26, 34, 26, 31], "hlc": [921583, 4]}
INFO:<Node 0>:{"send": false, "recv": true, "to": 0, "from": 5, "vc": [38, 33, 27, 34, 27, 36, 31, 35, 30, 27], "hlc": [921585, 0]}
INFO:<Node 0>:{"send": false, "recv": true, "to": 0, "from": 9, "vc": [39, 33, 27, 34, 27, 36, 31, 35, 30, 31], "hlc": [921585, 1]}
INFO:<Node 1>:{"send": false, "recv": true, "to": 1, "from": 3, "vc": [33, 36, 31, 39, 25, 34, 32, 38, 33, 30], "hlc": [921584, 7]}
INFO:<Node 4>:{"send": false, "recv": true, "to": 4, "from": 6, "vc": [36, 33, 28, 34, 29, 33, 36, 35, 34, 27], "hlc": [921585, 3]}
INFO:<Node 8>:{"send": false, "recv": true, "to": 8, "from": 1, "vc": [27, 35, 28, 28, 23, 34, 33, 35, 36, 27], "hlc": [921586, 0]}
INFO:<Node 8>:{"send": false, "recv": true, "to": 8, "from": 4, "vc": [27, 35, 28, 28, 28, 34, 33, 35, 37, 27], "hlc": [921586, 1]}
INFO:<Node 0>:{"send": true, "recv": false, "from": 0, "to": 4, "vc": [40, 33, 27, 34, 27, 36, 31, 35, 30, 31], "hlc": [921585, 2]}
INFO:<Node 2>:{"send": true, "recv": false, "from": 2, "to": 8, "vc": [25, 30, 32, 28, 17, 26, 32, 35, 32, 20], "hlc": [921584, 4]}
INFO:<Node 3>:{"send": true, "recv": false, "from": 3, "to": 7, "vc": [33, 33, 31, 40, 25, 31, 32, 38, 33, 30], "hlc": [921584, 7]}
INFO:<Node 4>:{"send": true, "recv": false, "from": 4, "to": 9, "vc": [36, 33, 28, 34, 30, 33, 36, 35, 34, 27], "hlc": [921585, 4]}
INFO:<Node 5>:{"send": true, "recv": false, "from": 5, "to": 2, "vc": [27, 26, 23, 26, 23, 37, 24, 23, 25, 27], "hlc": [921583, 0]}
INFO:<Node 9>:{"send": true, "recv": false, "from": 9, "to": 1, "vc": [33, 33, 26, 34, 23, 31, 26, 34, 26, 32], "hlc": [921583, 5]}
INFO:<Node 1>:{"send": false, "recv": true, "to": 1, "from": 9, "vc": [33, 37, 31, 39, 25, 34, 32, 38, 33, 32], "hlc": [921584, 8]}
INFO:<Node 2>:{"send": false, "recv": true, "to": 2, "from": 5, "vc": [27, 30, 33, 28, 23, 37, 32, 35, 32, 27], "hlc": [921585, 0]}
INFO:<Node 4>:{"send": false, "recv": true, "to": 4, "from": 0, "vc": [40, 33, 28, 34, 31, 36, 36, 35, 34, 31], "hlc": [921585, 5]}
INFO:<Node 7>:{"send": false, "recv": true, "to": 7, "from": 3, "vc": [33, 33, 31, 40, 25, 31, 32, 39, 33, 30], "hlc": [921584, 8]}
INFO:<Node 8>:{"send": false, "recv": true, "to": 8, "from": 2, "vc": [27, 35, 32, 28, 28, 34, 33, 35, 38, 27], "hlc": [921586, 2]}
INFO:<Node 9>:{"send": false, "recv": true, "to": 9, "from": 4, "vc": [36, 33, 28, 34, 30, 33, 36, 35, 34, 33], "hlc": [921585, 5]}
INFO:<Node 0>:{"send": true, "recv": false, "from": 0, "to": 1, "vc": [41, 33, 27, 34, 27, 36, 31, 35, 30, 31], "hlc": [921585, 3]}
INFO:<Node 1>:{"send": true, "recv": false, "from": 1, "to": 4, "vc": [33, 38, 31, 39, 25, 34, 32, 38, 33, 32], "hlc": [921584, 9]}
INFO:<Node 4>:{"send": true, "recv": false, "from": 4, "to": 0, "vc": [40, 33, 28, 34, 32, 36, 36, 35, 34, 31], "hlc": [921585, 6]}
INFO:<Node 5>:{"send": true, "recv": false, "from": 5, "to": 3, "vc": [27, 26, 23, 26, 23, 38, 24, 23, 25, 27], "hlc": [921583, 1]}
INFO:<Node 8>:{"send": true, "recv": false, "from": 8, "to": 4, "vc": [27, 35, 32, 28, 28, 34, 33, 35, 39, 27], "hlc": [921586, 3]}
INFO:<Node 9>:{"send": true, "recv": false, "from": 9, "to": 4, "vc": [36, 33, 28, 34, 30, 33, 36, 35, 34, 34], "hlc": [921585, 6]}
INFO:<Node 0>:{"send": false, "recv": true, "to": 0, "from": 4, "vc": [42, 33, 28, 34, 32, 36, 36, 35, 34, 31], "hlc": [921586, 0]}
INFO:<Node 1>:{"send": false, "recv": true, "to": 1, "from": 0, "vc": [41, 39, 31, 39, 27, 36, 32, 38, 33, 32], "hlc": [921585, 4]}
INFO:<Node 3>:{"send": false, "recv": true, "to": 3, "from": 5, "vc": [33, 33, 31, 41, 25, 38, 32, 38, 33, 30], "hlc": [921584, 8]}
INFO:<Node 4>:{"send": false, "recv": true, "to": 4, "from": 1, "vc": [40, 38, 31, 39, 33, 36, 36, 38, 34, 32], "hlc": [921585, 7]}
INFO:<Node 4>:{"send": false, "recv": true, "to": 4, "from": 8, "vc": [40, 38, 32, 39, 34, 36, 36, 38, 39, 32], "hlc": [921586, 4]}
INFO:<Node 4>:{"send": false, "recv": true, "to": 4, "from": 9, "vc": [40, 38, 32, 39, 35, 36, 36, 38, 39, 34], "hlc": [921586, 5]}
INFO:<Node 2>:{"send": true, "recv": false, "from": 2, "to": 9, "vc": [27, 30, 34, 28, 23, 37, 32, 35, 32, 27], "hlc": [921585, 1]}
INFO:<Node 3>:{"send": true, "recv": false, "from": 3, "to": 9, "vc": [33, 33, 31, 42, 25, 38, 32, 38, 33, 30], "hlc": [921584, 9]}
INFO:<Node 5>:{"send": true, "recv": false, "from": 5, "to": 6, "vc": [27, 26, 23, 26, 23, 39, 24, 23, 25, 27], "hlc": [921584, 0]}
INFO:<Node 6>:{"send": true, "recv": false, "from": 6, "to": 9, "vc": [36, 33, 28, 34, 27, 33, 37, 35, 34, 27], "hlc": [921585, 3]}
INFO:<Node 7>:{"send": true, "recv": false, "from": 7, "to": 0, "vc": [33, 33, 31, 40, 25, 31, 32, 40, 33, 30], "hlc": [921584, 9]}
INFO:<Node 9>:{"send": true, "recv": false, "from": 9, "to": 2, "vc": [36, 33, 28, 34, 30, 33, 36, 35, 34, 35], "hlc": [921585, 7]}
INFO:<Node 0>:{"send": false, "recv": true, "to": 0, "from": 7, "vc": [43, 33, 31, 40, 32, 36, 36, 40, 34, 31], "hlc": [921586, 1]}
INFO:<Node 2>:{"send": false, "recv": true, "to": 2, "from": 9, "vc": [36, 33, 35, 34, 30, 37, 36, 35, 34, 35], "hlc": [921586, 0]}
INFO:<Node 6>:{"send": false, "recv": true, "to": 6, "from": 5, "vc": [36, 33, 28, 34, 27, 39, 38, 35, 34, 27], "hlc": [921585, 4]}
INFO:<Node 9>:{"send": false, "recv": true, "to": 9, "from": 2, "vc": [36, 33, 34, 34, 30, 37, 36, 35, 34, 36], "hlc": [921585, 8]}
INFO:<Node 9>:{"send": false, "recv": true, "to": 9, "from": 3, "vc": [36, 33, 34, 42, 30, 38, 36, 38, 34, 37], "hlc": [921585, 9]}
INFO:<Node 9>:{"send": false, "recv": true, "to": 9, "from": 6, "vc": [36, 33, 34, 42, 30, 38, 37, 38, 34, 38], "hlc": [921585, 10]}
INFO:<Node 0>:{"send": true, "recv": false, "from": 0, "to": 5, "vc": [44, 33, 31, 40, 32, 36, 36, 40, 34, 31], "hlc": [921586, 2]}
INFO:<Node 1>:{"send": true, "recv": false, "from": 1, "to": 5, "vc": [41, 40, 31, 39, 27, 36, 32, 38, 33, 32], "hlc": [921585, 5]}
INFO:<Node 2>:{"send": true, "recv": false, "from": 2, "to": 6, "vc": [36, 33, 36, 34, 30, 37, 36, 35, 34, 35], "hlc": [921586, 1]}
INFO:<Node 3>:{"send": true, "recv": false, "from": 3, "to": 7, "vc": [33, 33, 31, 43, 25, 38, 32, 38, 33, 30], "hlc": [921584, 10]}
INFO:<Node 5>:{"send": true, "recv": false, "from": 5, "to": 3, "vc": [27, 26, 23, 26, 23, 40, 24, 23, 25, 27], "hlc": [921584, 1]}
INFO:<Node 6>:{"send": true, "recv": false, "from": 6, "to": 4, "vc": [36, 33, 28, 34, 27, 39, 39, 35, 34, 27], "hlc": [921585, 5]}
INFO:<Node 9>:{"send": true, "recv": false, "from": 9, "to": 4, "vc": [36, 33, 34, 42, 30, 38, 37, 38, 34, 39], "hlc": [921585, 11]}
INFO:<Node 3>:{"send": false, "recv": true, "to": 3, "from": 5, "vc": [33, 33, 31, 44, 25, 40, 32, 38, 33, 30], "hlc": [921584, 11]}
INFO:<Node 4>:{"send": false, "recv": true, "to": 4, "from": 6, "vc": [40, 38, 32, 39, 36, 39, 39, 38, 39, 34], "hlc": [921586, 6]}
INFO:<Node 4>:{"send": false, "recv": true, "to": 4, "from": 9, "vc": [40, 38, 34, 42, 37, 39, 39, 38, 39, 39], "hlc": [921586, 7]}
INFO:<Node 5>:{"send": false, "recv": true, "to": 5, "from": 0, "vc": [44, 33, 31, 40, 32, 41, 36, 40, 34, 31], "hlc": [921586, 3]}
INFO:<Node 5>:{"send": false, "recv": true, "to": 5, "from": 1, "vc": [44, 40, 31, 40, 32, 42, 36, 40, 34, 32], "hlc": [921586, 4]}
INFO:<Node 6>:{"send": false, "recv": true, "to": 6, "from": 2, "vc": [36, 33, 36, 34, 30, 39, 40, 35, 34, 35], "hlc": [921586, 2]}
INFO:<Node 7>:{"send": false, "recv": true, "to": 7, "from": 3, "vc": [33, 33, 31, 43, 25, 38, 32, 41, 33, 30], "hlc": [921584, 11]}
INFO:<Node 0>:{"send": true, "recv": false, "from": 0, "to": 2, "vc": [45, 33, 31, 40, 32, 36, 36, 40, 34, 31], "hlc": [921587, 0]}
INFO:<Node 3>:{"send": true, "recv": false, "from": 3, "to": 9, "vc": [33, 33, 31, 45, 25, 40, 32, 38, 33, 30], "hlc": [921584, 12]}
INFO:<Node 7>:{"send": true, "recv": false, "from": 7, "to": 1, "vc": [33, 33, 31, 43, 25, 38, 32, 42, 33, 30], "hlc": [921584, 12]}
INFO:<Node 8>:{"send": true, "recv": false, "from": 8, "to": 0, "vc": [27, 35, 32, 28, 28, 34, 33, 35, 40, 27], "hlc": [921588, 0]}
INFO:<Node 9>:{"send": true, "recv": false, "from": 9, "to": 1, "vc": [36, 33, 34, 42, 30, 38, 37, 38, 34, 40], "hlc": [921585, 12]}
INFO:<Node 0>:{"send": false, "recv": true, "to": 0, "from": 8, "vc": [46, 35, 32, 40, 32, 36, 36, 40, 40, 31], "hlc": [921588, 1]}
INFO:<Node 1>:{"send": false, "recv": true, "to": 1, "from": 7, "vc": [41, 41, 31, 43, 27, 38, 32, 42, 33, 32], "hlc": [921585, 6]}
INFO:<Node 1>:{"send": false, "recv": true, "to": 1, "from": 9, "vc": [41, 42, 34, 43, 30, 38, 37, 42, 34, 40], "hlc": [921585, 13]}
INFO:<Node 2>:{"send": false, "recv": true, "to": 2, "from": 0, "vc": [45, 33, 37, 40, 32, 37, 36, 40, 34, 35], "hlc": [921587, 1]}
INFO:<Node 9>:{"send": false, "recv": true, "to": 9, "from": 3, "vc": [36, 33, 34, 45, 30, 40, 37, 38, 34, 41], "hlc": [921586, 0]}
INFO:<Node 0>:{"send": true, "recv": false, "from": 0, "to": 2, "vc": [47, 35, 32, 40, 32, 36, 36, 40, 40, 31], "hlc": [921588, 2]}
INFO:<Node 1>:{"send": true, "recv": false, "from": 1, "to": 5, "vc": [41, 43, 34, 43, 30, 38, 37, 42, 34, 40], "hlc": [921585, 14]}
INFO:<Node 2>:{"send": true, "recv": false, "from": 2, "to": 4, "vc": [45, 33, 38, 40, 32, 37, 36, 40, 34, 35], "hlc": [921587, 2]}
INFO:<Node 3>:{"send": true, "recv": false, "from": 3, "to": 8, "vc": [33, 33, 31, 46, 25, 40, 32, 38, 33, 30], "hlc": [921584, 13]}
INFO:<Node 5>:{"send": true, "recv": false, "from": 5, "to": 2, "vc": [44, 40, 31, 40, 32, 43, 36, 40, 34, 32], "hlc": [921586, 5]}
INFO:<Node 6>:{"send": true, "recv": false, "from": 6, "to": 2, "vc": [36, 33, 36, 34, 30, 39, 41, 35, 34, 35], "hlc": [921586, 3]}
INFO:<Node 8>:{"send": true, "recv": false, "from": 8, "to": 9, "vc": [27, 35, 32, 28, 28, 34, 33, 35, 41, 27], "hlc": [921588, 1]}
INFO:<Node 9>:{"send": true, "recv": false, "from": 9, "to": 8, "vc": [36, 33, 34, 45, 30, 40, 37, 38, 34, 42], "hlc": [921586, 1]}
INFO:<Node 2>:{"send": false, "recv": true, "to": 2, "from": 0, "vc": [47, 35, 39, 40, 32, 37, 36, 40, 40, 35], "hlc": [921588, 3]}
INFO:<Node 2>:{"send": false, "recv": true, "to": 2, "from": 5, "vc": [47, 40, 40, 40, 32, 43, 36, 40, 40, 35], "hlc": [921588, 4]}
INFO:<Node 2>:{"send": false, "recv": true, "to": 2, "from": 6, "vc": [47, 40, 41, 40, 32, 43, 41, 40, 40, 35], "hlc": [921588, 5]}
INFO:<Node 4>:{"send": false, "recv": true, "to": 4, "from": 2, "vc": [45, 38, 38, 42, 38, 39, 39, 40, 39, 39], "hlc": [921587, 3]}
INFO:<Node 5>:{"send": false, "recv": true, "to": 5, "from": 1, "vc": [44, 43, 34, 43, 32, 44, 37, 42, 34, 40], "hlc": [921586, 6]}
INFO:<Node 8>:{"send": false, "recv": true, "to": 8, "from": 3, "vc": [33, 35, 32, 46, 28, 40, 33, 38, 42, 30], "hlc": [921589, 0]}
INFO:<Node 8>:{"send": false, "recv": true, "to": 8, "from": 9, "vc": [36, 35, 34, 46, 30, 40, 37, 38, 43, 42], "hlc": [921589, 1]}
INFO:<Node 9>:{"send": false, "recv": true, "to": 9, "from": 8, "vc": [36, 35, 34, 45, 30, 40, 37, 38, 41, 43], "hlc": [921588, 2]}
INFO:<Node 0>:{"send": true, "recv": false, "from": 0, "to": 2, "vc": [48, 35, 32, 40, 32, 36, 36, 40, 40, 31], "hlc": [921588, 3]}
INFO:<Node 1>:{"send": true, "recv": false, "from": 1, "to": 3, "vc": [41, 44, 34, 43, 30, 38, 37, 42, 34, 40], "hlc": [921585, 15]}
INFO:<Node 2>:{"send": true, "recv": false, "from": 2, "to": 4, "vc": [47, 40, 42, 40, 32, 43, 41, 40, 40, 35], "hlc": [921588, 6]}
INFO:<Node 4>:{"send": true, "recv": false, "from": 4, "to": 6, "vc": [45, 38, 38, 42, 39, 39, 39, 40, 39, 39], "hlc": [921587, 4]}
INFO:<Node 6>:{"send": true, "recv": false, "from": 6, "to": 1, "vc": [36, 33, 36, 34, 30, 39, 42, 35, 34, 35], "hlc": [921586, 4]}
INFO:<Node 7>:{"send": true, "recv": false, "from": 7, "to": 9, "vc": [33, 33, 31, 43, 25, 38, 32, 43, 33, 30], "hlc": [921585, 0]}
INFO:<Node 8>:{"send": true, "recv": false, "from": 8, "to": 6, "vc": [36, 35, 34, 46, 30, 40, 37, 38, 44, 42], "hlc": [921589, 2]}
INFO:<Node 1>:{"send": false, "recv": true, "to": 1, "from": 6, "vc": [41, 45, 36, 43, 30, 39, 42, 42, 34, 40], "hlc": [921586, 5]}
INFO:<Node 2>:{"send": false, "recv": true, "to": 2, "from": 0, "vc": [48, 40, 43, 40, 32, 43, 41, 40, 40, 35], "hlc": [921588, 7]}
INFO:<Node 3>:{"send": false, "recv": true, "to": 3, "from": 1, "vc": [41, 44, 34, 47, 30, 40, 37, 42, 34, 40], "hlc": [921585, 16]}
INFO:<Node 4>:{"send": false, "recv": true, "to": 4, "from": 2, "vc": [47, 40, 42, 42, 40, 43, 41, 40, 40, 39], "hlc": [921588, 7]}
INFO:<Node 6>:{"send": false, "recv": true, "to": 6, "from": 4, "vc": [45, 38, 38, 42, 39, 39, 43, 40, 39, 39], "hlc": [921587, 5]}
INFO:<Node 6>:{"send": false, "recv": true, "to": 6, "from": 8, "vc": [45, 38, 38, 46, 39, 40, 44, 40, 44, 42], "hlc": [921589, 3]}
INFO:<Node 9>:{"send": false, "recv": true, "to": 9, "from": 7, "vc": [36, 35, 34, 45, 30, 40, 37, 43, 41, 44], "hlc": [921588, 3]}
INFO:<Node 0>:{"send": true, "recv": false, "from": 0, "to": 2, "vc": [49, 35, 32, 40, 32, 36, 36, 40, 40, 31], "hlc": [921588, 4]}
INFO:<Node 1>:{"send": true, "recv": false, "from": 1, "to": 7, "vc": [41, 46, 36, 43, 30, 39, 42, 42, 34, 40], "hlc": [921586, 6]}
INFO:<Node 3>:{"send": true, "recv": false, "from": 3, "to": 9, "vc": [41, 44, 34, 48, 30, 40, 37, 42, 34, 40], "hlc": [921585, 17]}
INFO:<Node 5>:{"send": true, "recv": false, "from": 5, "to": 4, "vc": [44, 43, 34, 43, 32, 45, 37, 42, 34, 40], "hlc": [921586, 7]}
INFO:<Node 6>:{"send": true, "recv": false, "from": 6, "to": 1, "vc": [45, 38, 38, 46, 39, 40, 45, 40, 44, 42], "hlc": [921589, 4]}
INFO:<Node 8>:{"send": true, "recv": false, "from": 8, "to": 3, "vc": [36, 35, 34, 46, 30, 40, 37, 38, 45, 42], "hlc": [921589, 3]}
INFO:<Node 9>:{"send": true, "recv": false, "from": 9, "to": 7, "vc": [36, 35, 34, 45, 30, 40, 37, 43, 41, 45], "hlc": [921588, 4]}
INFO:<Node 1>:{"send": false, "recv": true, "to": 1, "from": 6, "vc": [45, 47, 38, 46, 39, 40, 45, 42, 44, 42], "hlc": [921589, 5]}
INFO:<Node 2>:{"send": false, "recv": true, "to": 2, "from": 0, "vc": [49, 40, 44, 40, 32, 43, 41, 40, 40, 35], "hlc": [921588, 8]}
INFO:<Node 3>:{"send": false, "recv": true, "to": 3, "from": 8, "vc": [41, 44, 34, 49, 30, 40, 37, 42, 45, 42], "hlc": [921589, 4]}
INFO:<Node 4>:{"send": false, "recv": true, "to": 4, "from": 5, "vc": [47, 43, 42, 43, 41, 45, 41, 42, 40, 40], "hlc": [921588, 8]}
INFO:<Node 7>:{"send": false, "recv": true, "to": 7, "from": 1, "vc": [41, 46, 36, 43, 30, 39, 42, 44, 34, 40], "hlc": [921586, 7]}
INFO:<Node 7>:{"send": false, "recv": true, "to": 7, "from": 9, "vc": [41, 46, 36, 45, 30, 40, 42, 45, 41, 45], "hlc": [921588, 5]}
INFO:<Node 9>:{"send": false, "recv": true, "to": 9, "from": 3, "vc": [41, 44, 34, 48, 30, 40, 37, 43, 41, 46], "hlc": [921588, 5]}
INFO:<Node 0>:{"send": true, "recv": false, "from": 0, "to": 6, "vc": [50, 35, 32, 40, 32, 36, 36, 40, 40, 31], "hlc": [921589, 0]}
INFO:<Node 6>:{"send": true, "recv": false, "from": 6, "to": 0, "vc": [45, 38, 38, 46, 39, 40, 46, 40, 44, 42], "hlc": [921589, 5]}
INFO:<Node 9>:{"send": true, "recv": false, "from": 9, "to": 4, "vc": [41, 44, 34, 48, 30, 40, 37, 43, 41, 47], "hlc": [921588, 6]}
INFO:<Node 0>:{"send": false, "recv": true, "to": 0, "from": 6, "vc": [51, 38, 38, 46, 39, 40, 46, 40, 44, 42], "hlc": [921589, 6]}
INFO:<Node 4>:{"send": false, "recv": true, "to": 4, "from": 9, "vc": [47, 44, 42, 48, 42, 45, 41, 43, 41, 47], "hlc": [921588, 9]}
INFO:<Node 6>:{"send": false, "recv": true, "to": 6, "from": 0, "vc": [50, 38, 38, 46, 39, 40, 47, 40, 44, 42], "hlc": [921589, 6]}
INFO:<Node 0>:{"send": true, "recv": false, "from": 0, "to": 2, "vc": [52, 38, 38, 46, 39, 40, 46, 40, 44, 42], "hlc": [921589, 7]}
INFO:<Node 1>:{"send": true, "recv": false, "from": 1, "to": 6, "vc": [45, 48, 38, 46, 39, 40, 45, 42, 44, 42], "hlc": [921589, 6]}
INFO:<Node 2>:{"send": true, "recv": false, "from": 2, "to": 8, "vc": [49, 40, 45, 40, 32, 43, 41, 40, 40, 35], "hlc": [921589, 0]}
INFO:<Node 4>:{"send": true, "recv": false, "from": 4, "to": 1, "vc": [47, 44, 42, 48, 43, 45, 41, 43, 41, 47], "hlc": [921588, 10]}
INFO:<Node 6>:{"send": true, "recv": false, "from": 6, "to": 5, "vc": [50, 38, 38, 46, 39, 40, 48, 40, 44, 42], "hlc": [921589, 7]}
INFO:<Node 7>:{"send": true, "recv": false, "from": 7, "to": 0, "vc": [41, 46, 36, 45, 30, 40, 42, 46, 41, 45], "hlc": [921588, 6]}
INFO:<Node 8>:{"send": true, "recv": false, "from": 8, "to": 2, "vc": [36, 35, 34, 46, 30, 40, 37, 38, 46, 42], "hlc": [921590, 0]}
INFO:<Node 9>:{"send": true, "recv": false, "from": 9, "to": 8, "vc": [41, 44, 34, 48, 30, 40, 37, 43, 41, 48], "hlc": [921588, 7]}
INFO:<Node 0>:{"send": false, "recv": true, "to": 0, "from": 7, "vc": [53, 46, 38, 46, 39, 40, 46, 46, 44, 45], "hlc": [921590, 0]}
INFO:<Node 1>:{"send": false, "recv": true, "to": 1, "from": 4, "vc": [47, 49, 42, 48, 43, 45, 45, 43, 44, 47], "hlc": [921589, 7]}
INFO:<Node 2>:{"send": false, "recv": true, "to": 2, "from": 0, "vc": [52, 40, 46, 46, 39, 43, 46, 40, 44, 42], "hlc": [921589, 8]}
INFO:<Node 2>:{"send": false, "recv": true, "to": 2, "from": 8, "vc": [52, 40, 47, 46, 39, 43, 46, 40, 46, 42], "hlc": [921590, 1]}
INFO:<Node 5>:{"send": false, "recv": true, "to": 5, "from": 6, "vc": [50, 43, 38, 46, 39, 46, 48, 42, 44, 42], "hlc": [921589, 8]}
INFO:<Node 6>:{"send": false, "recv": true, "to": 6, "from": 1, "vc": [50, 48, 38, 46, 39, 40, 49, 42, 44, 42], "hlc": [921589, 8]}
INFO:<Node 8>:{"send": false, "recv": true, "to": 8, "from": 2, "vc": [49, 40, 45, 46, 32, 43, 41, 40, 47, 42], "hlc": [921591, 0]}
INFO:<Node 8>:{"send": false, "recv": true, "to": 8, "from": 9, "vc": [49, 44, 45, 48, 32, 43, 41, 43, 48, 48], "hlc": [921591, 1]}
INFO:<Node 3>:{"send": true, "recv": false, "from": 3, "to": 8, "vc": [41, 44, 34, 50, 30, 40, 37, 42, 45, 42], "hlc": [921589, 5]}
INFO:<Node 5>:{"send": true, "recv": false, "from": 5, "to": 9, "vc": [50, 43, 38, 46, 39, 47, 48, 42, 44, 42], "hlc": [921589, 9]}
INFO:<Node 8>:{"send": true, "recv": false, "from": 8, "to": 0, "vc": [49, 44, 45, 48, 32, 43, 41, 43, 49, 48], "hlc": [921591, 2]}
INFO:<Node 9>:{"send": true, "recv": false, "from": 9, "to": 4, "vc": [41, 44, 34, 48, 30, 40, 37, 43, 41, 49], "hlc": [921588, 8]}
INFO:<Node 0>:{"send": false, "recv": true, "to": 0, "from": 8, "vc": [54, 46, 45, 48, 39, 43, 46, 46, 49, 48], "hlc": [921591, 3]}
INFO:<Node 4>:{"send": false, "recv": true, "to": 4, "from": 9, "vc": [47, 44, 42, 48, 44, 45, 41, 43, 41, 49], "hlc": [921588, 11]}
INFO:<Node 8>:{"send": false, "recv": true, "to": 8, "from": 3, "vc": [49, 44, 45, 50, 32, 43, 41, 43, 50, 48], "hlc": [921591, 3]}
INFO:<Node 9>:{"send": false, "recv": true, "to": 9, "from": 5, "vc": [50, 44, 38, 48, 39, 47, 48, 43, 44, 50], "hlc": [921589, 10]}
INFO:<Node 1>:{"send": true, "recv": false, "from": 1, "to": 0, "vc": [47, 50, 42, 48, 43, 45, 45, 43, 44, 47], "hlc": [921589, 8]}
INFO:<Node 3>:{"send": true, "recv": false, "from": 3, "to": 1, "vc": [41, 44, 34, 51, 30, 40, 37, 42, 45, 42], "hlc": [921589, 6]}
INFO:<Node 4>:{"send": true, "recv": false, "from": 4, "to": 1, "vc": [47, 44, 42, 48, 45, 45, 41, 43, 41, 49], "hlc": [921588, 12]}
INFO:<Node 8>:{"send": true, "recv": false, "from": 8, "to": 6, "vc": [49, 44, 45, 50, 32, 43, 41, 43, 51, 48], "hlc": [921591, 4]}
INFO:<Node 9>:{"send": true, "recv": false, "from": 9, "to": 4, "vc": [50, 44, 38, 48, 39, 47, 48, 43, 44, 51], "hlc": [921589, 11]}
INFO:<Node 0>:{"send": false, "recv": true, "to": 0, "from": 1, "vc": [55, 50, 45, 48, 43, 45, 46, 46, 49, 48], "hlc": [921591, 4]}
INFO:<Node 1>:{"send": false, "recv": true, "to": 1, "from": 3, "vc": [47, 51, 42, 51, 43, 45, 45, 43, 45, 47], "hlc": [921589, 9]}
INFO:<Node 1>:{"send": false, "recv": true, "to": 1, "from": 4, "vc": [47, 52, 42, 51, 45, 45, 45, 43, 45, 49], "hlc": [921589, 10]}
INFO:<Node 4>:{"send": false, "recv": true, "to": 4, "from": 9, "vc": [50, 44, 42, 48, 46, 47, 48, 43, 44, 51], "hlc": [921589, 12]}
INFO:<Node 6>:{"send": false, "recv": true, "to": 6, "from": 8, "vc": [50, 48, 45, 50, 39, 43, 50, 43, 51, 48], "hlc": [921591, 5]}
INFO:<Node 0>:{"send": true, "recv": false, "from": 0, "to": 9, "vc": [56, 50, 45, 48, 43, 45, 46, 46, 49, 48], "hlc": [921591, 5]}
INFO:<Node 1>:{"send": true, "recv": false, "from": 1, "to": 5, "vc": [47, 53, 42, 51, 45, 45, 45, 43, 45, 49], "hlc": [921589, 11]}
INFO:<Node 2>:{"send": true, "recv": false, "from": 2, "to": 8, "vc": [52, 40, 48, 46, 39, 43, 46, 40, 46, 42], "hlc": [921590, 2]}
INFO:<Node 3>:{"send": true, "recv": false, "from": 3, "to": 9, "vc": [41, 44, 34, 52, 30, 40, 37, 42, 45, 42], "hlc": [921589, 7]}
INFO:<Node 6>:{"send": true, "recv": false, "from": 6, "to": 5, "vc": [50, 48, 45, 50, 39, 43, 51, 43, 51, 48], "hlc": [921591, 6]}
INFO:<Node 8>:{"send": true, "recv": false, "from": 8, "to": 4, "vc": [49, 44, 45, 50, 32, 43, 41, 43, 52, 48], "hlc": [921592, 0]}
INFO:<Node 9>:{"send": true, "recv": false, "from": 9, "to": 2, "vc": [50, 44, 38, 48, 39, 47, 48, 43, 44, 52], "hlc": [921589, 12]}
INFO:<Node 2>:{"send": false, "recv": true, "to": 2, "from": 9, "vc": [52, 44, 49, 48, 39, 47, 48, 43, 46, 52], "hlc": [921591, 0]}
INFO:<Node 4>:{"send": false, "recv": true, "to": 4, "from": 8, "vc": [50, 44, 45, 50, 47, 47, 48, 43, 52, 51], "hlc": [921592, 1]}
INFO:<Node 5>:{"send": false, "recv": true, "to": 5, "from": 1, "vc": [50, 53, 42, 51, 45, 48, 48, 43, 45, 49], "hlc": [921589, 12]}
INFO:<Node 5>:{"send": false, "recv": true, "to": 5, "from": 6, "vc": [50, 53, 45, 51, 45, 49, 51, 43, 51, 49], "hlc": [921591, 7]}
INFO:<Node 8>:{"send": false, "recv": true, "to": 8, "from": 2, "vc": [52, 44, 48, 50, 39, 43, 46, 43, 53, 48], "hlc": [921592, 1]}
INFO:<Node 9>:{"send": false, "recv": true, "to": 9, "from": 0, "vc": [56, 50, 45, 48, 43, 47, 48, 46, 49, 53], "hlc": [921591, 6]}
INFO:<Node 9>:{"send": false, "recv": true, "to": 9, "from": 3, "vc": [56, 50, 45, 52, 43, 47, 48, 46, 49, 54], "hlc": [921591, 7]}
INFO:<Node 0>:{"send": true, "recv": false, "from": 0, "to": 6, "vc": [57, 50, 45, 48, 43, 45, 46, 46, 49, 48], "hlc": [921591, 6]}
INFO:<Node 2>:{"send": true, "recv": false, "from": 2, "to": 4, "vc": [52, 44, 50, 48, 39, 47, 48, 43, 46, 52], "hlc": [921591, 1]}
INFO:<Node 4>:{"send": true, "recv": false, "from": 4, "to": 6, "vc": [50, 44, 45, 50, 48, 47, 48, 43, 52, 51], "hlc": [921592, 2]}
INFO:<Node 5>:{"send": true, "recv": false, "from": 5, "to": 1, "vc": [50, 53, 45, 51, 45, 50, 51, 43, 51, 49], "hlc": [921591, 8]}
INFO:<Node 6>:{"send": true, "recv": false, "from": 6, "to": 2, "vc": [50, 48, 45, 50, 39, 43, 52, 43, 51, 48], "hlc": [921591, 7]}
INFO:<Node 1>:{"send": false, "recv": true, "to": 1, "from": 5, "vc": [50, 54, 45, 51, 45, 50, 51, 43, 51, 49], "hlc": [921591, 9]}
INFO:<Node 2>:{"send": false, "recv": true, "to": 2, "from": 6, "vc": [52, 48, 51, 50, 39, 47, 52, 43, 51, 52], "hlc": [921591, 8]}
INFO:<Node 4>:{"send": false, "recv": true, "to": 4, "from": 2, "vc": [52, 44, 50, 50, 49, 47, 48, 43, 52, 52], "hlc": [921592, 3]}
INFO:<Node 6>:{"send": false, "recv": true, "to": 6, "from": 0, "vc": [57, 50, 45, 50, 43, 45, 53, 46, 51, 48], "hlc": [921591, 8]}
INFO:<Node 6>:{"send": false, "recv": true, "to": 6, "from": 4, "vc": [57, 50, 45, 50, 48, 47, 54, 46, 52, 51], "hlc": [921592, 3]}
INFO:<Node 2>:{"send": true, "recv": false, "from": 2, "to": 1, "vc": [52, 48, 52, 50, 39, 47, 52, 43, 51, 52], "hlc": [921591, 9]}
INFO:<Node 5>:{"send": true, "recv": false, "from": 5, "to": 4, "vc": [50, 53, 45, 51, 45, 51, 51, 43, 51, 49], "hlc": [921591, 9]}
INFO:<Node 6>:{"send": true, "recv": false, "from": 6, "to": 2, "vc": [57, 50, 45, 50, 48, 47, 55, 46, 52, 51], "hlc": [921592, 4]}
INFO:<Node 7>:{"send": true, "recv": false, "from": 7, "to": 9, "vc": [41, 46, 36, 45, 30, 40, 42, 47, 41, 45], "hlc": [921589, 0]}
INFO:<Node 8>:{"send": true, "recv": false, "from": 8, "to": 1, "vc": [52, 44, 48, 50, 39, 43, 46, 43, 54, 48], "hlc": [921593, 0]}
INFO:<Node 9>:{"send": true, "recv": false, "from": 9, "to": 7, "vc": [56, 50, 45, 52, 43, 47, 48, 46, 49, 55], "hlc": [921591, 8]}
INFO:<Node 1>:{"send": false, "recv": true, "to": 1, "from": 2, "vc": [52, 55, 52, 51, 45, 50, 52, 43, 51, 52], "hlc": [921591, 10]}
INFO:<Node 1>:{"send": false, "recv": true, "to": 1, "from": 8, "vc": [52, 56, 52, 51, 45, 50, 52, 43, 54, 52], "hlc": [921593, 1]}
INFO:<Node 2>:{"send": false, "recv": true, "to": 2, "from": 6, "vc": [57, 50, 53, 50, 48, 47, 55, 46, 52, 52], "hlc": [921592, 5]}
INFO:<Node 4>:{"send": false, "recv": true, "to": 4, "from": 5, "vc": [52, 53, 50, 51, 50, 51, 51, 43, 52, 52], "hlc": [921592, 4]}
INFO:<Node 7>:{"send": false, "recv": true, "to": 7, "from": 9, "vc": [56, 50, 45, 52, 43, 47, 48, 48, 49, 55], "hlc": [921591, 9]}
INFO:<Node 9>:{"send": false, "recv": true, "to": 9, "from": 7, "vc": [56, 50, 45, 52, 43, 47, 48, 47, 49, 56], "hlc": [921591, 9]}
INFO:<Node 1>:{"send": true, "recv": false, "from": 1, "to": 9, "vc": [52, 57, 52, 51, 45, 50, 52, 43, 54, 52], "hlc": [921593, 2]}
INFO:<Node 2>:{"send": true, "recv": false, "from": 2, "to": 4, "vc": [57, 50, 54, 50, 48, 47, 55, 46, 52, 52], "hlc": [921592, 6]}
INFO:<Node 4>:{"send": true, "recv": false, "from": 4, "to": 6, "vc": [52, 53, 50, 51, 51, 51, 51, 43, 52, 52], "hlc": [921592, 5]}
INFO:<Node 5>:{"send": true, "recv": false, "from": 5, "to": 2, "vc": [50, 53, 45, 51, 45, 52, 51, 43, 51, 49], "hlc": [921591, 10]}
INFO:<Node 7>:{"send": true, "recv": false, "from": 7, "to": 1, "vc": [56, 50, 45, 52, 43, 47, 48, 49, 49, 55], "hlc": [921591, 10]}
INFO:<Node 8>:{"send": true, "recv": false, "from": 8, "to": 1, "vc": [52, 44, 48, 50, 39, 43, 46, 43, 55, 48], "hlc": [921593, 1]}
INFO:<Node 9>:{"send": true, "recv": false, "from": 9, "to": 7, "vc": [56, 50, 45, 52, 43, 47, 48, 47, 49, 57], "hlc": [921591, 10]}
INFO:<Node 1>:{"send": false, "recv": true, "to": 1, "from": 7, "vc": [56, 58, 52, 52, 45, 50, 52, 49, 54, 55], "hlc": [921593, 3]}
INFO:<Node 1>:{"send": false, "recv": true, "to": 1, "from": 8, "vc": [56, 59, 52, 52, 45, 50, 52, 49, 55, 55], "hlc": [921593, 4]}
INFO:<Node 2>:{"send": false, "recv": true, "to": 2, "from": 5, "vc": [57, 53, 55, 51, 48, 52, 55, 46, 52, 52], "hlc": [921592, 7]}
INFO:<Node 4>:{"send": false, "recv": true, "to": 4, "from": 2, "vc": [57, 53, 54, 51, 52, 51, 55, 46, 52, 52], "hlc": [921592, 7]}
INFO:<Node 6>:{"send": false, "recv": true, "to": 6, "from": 4, "vc": [57, 53, 50, 51, 51, 51, 56, 46, 52, 52], "hlc": [921592, 6]}
INFO:<Node 7>:{"send": false, "recv": true, "to": 7, "from": 9, "vc": [56, 50, 45, 52, 43, 47, 48, 50, 49, 57], "hlc": [921591, 11]}
INFO:<Node 9>:{"send": false, "recv": true, "to": 9, "from": 1, "vc": [56, 57, 52, 52, 45, 50, 52, 47, 54, 58], "hlc": [921593, 3]}
INFO:<Node 0>:{"send": true, "recv": false, "from": 0, "to": 5, "vc": [58, 50, 45, 48, 43, 45, 46, 46, 49, 48], "hlc": [921593, 0]}
INFO:<Node 2>:{"send": true, "recv": false, "from": 2, "to": 8, "vc": [57, 53, 56, 51, 48, 52, 55, 46, 52, 52], "hlc": [921592, 8]}
INFO:<Node 3>:{"send": true, "recv": false, "from": 3, "to": 6, "vc": [41, 44, 34, 53, 30, 40, 37, 42, 45, 42], "hlc": [921589, 8]}
INFO:<Node 4>:{"send": true, "recv": false, "from": 4, "to": 6, "vc": [57, 53, 54, 51, 53, 51, 55, 46, 52, 52], "hlc": [921592, 8]}
INFO:<Node 5>:{"send": true, "recv": false, "from": 5, "to": 2, "vc": [50, 53, 45, 51, 45, 53, 51, 43, 51, 49], "hlc": [921591, 11]}
INFO:<Node 6>:{"send": true, "recv": false, "from": 6, "to": 5, "vc": [57, 53, 50, 51, 51, 51, 57, 46, 52, 52], "hlc": [921592, 7]}
INFO:<Node 9>:{"send": true, "recv": false, "from": 9, "to": 1, "vc": [56, 57, 52, 52, 45, 50, 52, 47, 54, 59], "hlc": [921593, 4]}
INFO:<Node 1>:{"send": false, "recv": true, "to": 1, "from": 9, "vc": [56, 60, 52, 52, 45, 50, 52, 49, 55, 59], "hlc": [921593, 5]}
INFO:<Node 2>:{"send": false, "recv": true, "to": 2, "from": 5, "vc": [57, 53, 57, 51, 48, 53, 55, 46, 52, 52], "hlc": [921593, 0]}
INFO:<Node 5>:{"send": false, "recv": true, "to": 5, "from": 0, "vc": [58, 53, 45, 51, 45, 54, 51, 46, 51, 49], "hlc": [921593, 1]}
INFO:<Node 5>:{"send": false, "recv": true, "to": 5, "from": 6, "vc": [58, 53, 50, 51, 51, 55, 57, 46, 52, 52], "hlc": [921593, 2]}
INFO:<Node 6>:{"send": false, "recv": true, "to": 6, "from": 3, "vc": [57, 53, 50, 53, 51, 51, 58, 46, 52, 52], "hlc": [921592, 8]}
INFO:<Node 6>:{"send": false, "recv": true, "to": 6, "from": 4, "vc": [57, 53, 54, 53, 53, 51, 59, 46, 52, 52], "hlc": [921592, 9]}
INFO:<Node 8>:{"send": false, "recv": true, "to": 8, "from": 2, "vc": [57, 53, 56, 51, 48, 52, 55, 46, 56, 52], "hlc": [921594, 0]}
INFO:<Node 2>:{"send": true, "recv": false, "from": 2, "to": 7, "vc": [57, 53, 58, 51, 48, 53, 55, 46, 52, 52], "hlc": [921593, 1]}
INFO:<Node 4>:{"send": true, "recv": false, "from": 4, "to": 8, "vc": [57, 53, 54, 51, 54, 51, 55, 46, 52, 52], "hlc": [921592, 9]}
INFO:<Node 6>:{"send": true, "recv": false, "from": 6, "to": 2, "vc": [57, 53, 54, 53, 53, 51, 60, 46, 52, 52], "hlc": [921592, 10]}
INFO:<Node 7>:{"send": true, "recv": false, "from": 7, "to": 4, "vc": [56, 50, 45, 52, 43, 47, 48, 51, 49, 57], "hlc": [921591, 12]}
INFO:<Node 8>:{"send": true, "recv": false, "from": 8, "to": 4, "vc": [57, 53, 56, 51, 48, 52, 55, 46, 57, 52], "hlc": [921594, 1]}
INFO:<Node 2>:{"send": false, "recv": true, "to": 2, "from": 6, "vc": [57, 53, 59, 53, 53, 53, 60, 46, 52, 52], "hlc": [921593, 2]}
INFO:<Node 4>:{"send": false, "recv": true, "to": 4, "from": 7, "vc": [57, 53, 54, 52, 55, 51, 55, 51, 52, 57], "hlc": [921592, 10]}
INFO:<Node 4>:{"send": false, "recv": true, "to": 4, "from": 8, "vc": [57, 53, 56, 52, 56, 52, 55, 51, 57, 57], "hlc": [921594, 2]}
INFO:<Node 7>:{"send": false, "recv": true, "to": 7, "from": 2, "vc": [57, 53, 58, 52, 48, 53, 55, 52, 52, 57], "hlc": [921593, 2]}
INFO:<Node 8>:{"send": false, "recv": true, "to": 8, "from": 4, "vc": [57, 53, 56, 51, 54, 52, 55, 46, 58, 52], "hlc": [921595, 0]}
INFO:<Node 1>:{"send": true, "recv": false, "from": 1, "to": 2, "vc": [56, 61, 52, 52, 45, 50, 52, 49, 55, 59], "hlc": [921593, 6]}
INFO:<Node 4>:{"send": true, "recv": false, "from": 4, "to": 3, "vc": [57, 53, 56, 52, 57, 52, 55, 51, 57, 57], "hlc": [921594, 3]}
INFO:<Node 5>:{"send": true, "recv": false, "from": 5, "to": 8, "vc": [58, 53, 50, 51, 51, 56, 57, 46, 52, 52], "hlc": [921593, 3]}
INFO:<Node 7>:{"send": true, "recv": false, "from": 7, "to": 1, "vc": [57, 53, 58, 52, 48, 53, 55, 53, 52, 57], "hlc": [921593, 3]}
INFO:<Node 8>:{"send": true, "recv": false, "from": 8, "to": 9, "vc": [57, 53, 56, 51, 54, 52, 55, 46, 59, 52], "hlc": [921595, 1]}
INFO:<Node 9>:{"send": true, "recv": false, "from": 9, "to": 6, "vc": [56, 57, 52, 52, 45, 50, 52, 47, 54, 60], "hlc": [921593, 5]}
INFO:<Node 1>:{"send": false, "recv": true, "to": 1, "from": 7, "vc": [57, 62, 58, 52, 48, 53, 55, 53, 55, 59], "hlc": [921593, 7]}
INFO:<Node 2>:{"send": false, "recv": true, "to": 2, "from": 1, "vc": [57, 61, 60, 53, 53, 53, 60, 49, 55, 59], "hlc": [921594, 0]}
INFO:<Node 3>:{"send": false, "recv": true, "to": 3, "from": 4, "vc": [57, 53, 56, 54, 57, 52, 55, 51, 57, 57], "hlc": [921594, 4]}
INFO:<Node 6>:{"send": false, "recv": true, "to": 6, "from": 9, "vc": [57, 57, 54, 53, 53, 51, 61, 47, 54, 60], "hlc": [921593, 6]}
INFO:<Node 8>:{"send": false, "recv": true, "to": 8, "from": 5, "vc": [58, 53, 56, 51, 54, 56, 57, 46, 60, 52], "hlc": [921595, 2]}
INFO:<Node 9>:{"send": false, "recv": true, "to": 9, "from": 8, "vc": [57, 57, 56, 52, 54, 52, 55, 47, 59, 61], "hlc": [921595, 2]}
INFO:<Node 1>:{"send": true, "recv": false, "from": 1, "to": 7, "vc": [57, 63, 58, 52, 48, 53, 55, 53, 55, 59], "hlc": [921593, 8]}
INFO:<Node 3>:{"send": true, "recv": false, "from": 3, "to": 2, "vc": [57, 53, 56, 55, 57, 52, 55, 51, 57, 57], "hlc": [921594, 5]}
INFO:<Node 4>:{"send": true, "recv": false, "from": 4, "to": 7, "vc": [57, 53, 56, 52, 58, 52, 55, 51, 57, 57], "hlc": [921594, 4]}
INFO:<Node 5>:{"send": true, "recv": false, "from": 5, "to": 7, "vc": [58, 53, 50, 51, 51, 57, 57, 46, 52, 52], "hlc": [921593, 4]}
INFO:<Node 6>:{"send": true, "recv": false, "from": 6, "to": 8, "vc": [57, 57, 54, 53, 53, 51, 62, 47, 54, 60], "hlc": [921593, 7]}
INFO:<Node 7>:{"send": true, "recv": false, "from": 7, "to": 5, "vc": [57, 53, 58, 52, 48, 53, 55, 54, 52, 57], "hlc": [921593, 4]}
INFO:<Node 2>:{"send": false, "recv": true, "to": 2, "from": 3, "vc": [57, 61, 61, 55, 57, 53, 60, 51, 57, 59], "hlc": [921594, 6]}
INFO:<Node 5>:{"send": false, "recv": true, "to": 5, "from": 7, "vc": [58, 53, 58, 52, 51, 58, 57, 54, 52, 57], "hlc": [921593, 5]}
INFO:<Node 7>:{"send": false, "recv": true, "to": 7, "from": 1, "vc": [57, 63, 58, 52, 48, 53, 55, 55, 55, 59], "hlc": [921593, 9]}
INFO:<Node 7>:{"send": false, "recv": true, "to": 7, "from": 4, "vc": [57, 63, 58, 52, 58, 53, 55, 56, 57, 59], "hlc": [921594, 5]}
INFO:<Node 7>:{"send": false, "recv": true, "to": 7, "from": 5, "vc": [58, 63, 58, 52, 58, 57, 57, 57, 57, 59], "hlc": [921594, 6]}
INFO:<Node 8>:{"send": false, "recv": true, "to": 8, "from": 6, "vc": [58, 57, 56, 53, 54, 56, 62, 47, 61, 60], "hlc": [921596, 0]}
INFO:<Node 3>:{"send": true, "recv": false, "from": 3, "to": 1, "vc": [57, 53, 56, 56, 57, 52, 55, 51, 57, 57], "hlc": [921594, 6]}
INFO:<Node 4>:{"send": true, "recv": false, "from": 4, "to": 6, "vc": [57, 53, 56, 52, 59, 52, 55, 51, 57, 57], "hlc": [921594, 5]}
INFO:<Node 7>:{"send": true, "recv": false, "from": 7, "to": 6, "vc": [58, 63, 58, 52, 58, 57, 57, 58, 57, 59], "hlc": [921594, 7]}
INFO:<Node 1>:{"send": false, "recv": true, "to": 1, "from": 3, "vc": [57, 64, 58, 56, 57, 53, 55, 53, 57, 59], "hlc": [921594, 7]}
INFO:<Node 6>:{"send": false, "recv": true, "to": 6, "from": 4, "vc": [57, 57, 56, 53, 59, 52, 63, 51, 57, 60], "hlc": [921594, 6]}
INFO:<Node 6>:{"send": false, "recv": true, "to": 6, "from": 7, "vc": [58, 63, 58, 53, 59, 57, 64, 58, 57, 60], "hlc": [921594, 8]}
INFO:<Node 2>:{"send": true, "recv": false, "from": 2, "to": 3, "vc": [57, 61, 62, 55, 57, 53, 60, 51, 57, 59], "hlc": [921595, 0]}
INFO:<Node 3>:{"send": true, "recv": false, "from": 3, "to": 2, "vc": [57, 53, 56, 57, 57, 52, 55, 51, 57, 57], "hlc": [921594, 7]}
INFO:<Node 4>:{"send": true, "recv": false, "from": 4, "to": 1, "vc": [57, 53, 56, 52, 60, 52, 55, 51, 57, 57], "hlc": [921594, 6]}
INFO:<Node 5>:{"send": true, "recv": false, "from": 5, "to": 1, "vc": [58, 53, 58, 52, 51, 59, 57, 54, 52, 57], "hlc": [921593, 6]}
INFO:<Node 6>:{"send": true, "recv": false, "from": 6, "to": 7, "vc": [58, 63, 58, 53, 59, 57, 65, 58, 57, 60], "hlc": [921594, 9]}
INFO:<Node 9>:{"send": true, "recv": false, "from": 9, "to": 4, "vc": [57, 57, 56, 52, 54, 52, 55, 47, 59, 62], "hlc": [921595, 3]}
INFO:<Node 1>:{"send": false, "recv": true, "to": 1, "from": 4, "vc": [57, 65, 58, 56, 60, 53, 55, 53, 57, 59], "hlc": [921594, 8]}
INFO:<Node 1>:{"send": false, "recv": true, "to": 1, "from": 5, "vc": [58, 66, 58, 56, 60, 59, 57, 54, 57, 59], "hlc": [921594, 9]}
INFO:<Node 2>:{"send": false, "recv": true, "to": 2, "from": 3, "vc": [57, 61, 63, 57, 57, 53, 60, 51, 57, 59], "hlc": [921595, 1]}
INFO:<Node 3>:{"send": false, "recv": true, "to": 3, "from": 2, "vc": [57, 61, 62, 58, 57, 53, 60, 51, 57, 59], "hlc": [921595, 1]}
INFO:<Node 4>:{"send": false, "recv": true, "to": 4, "from": 9, "vc": [57, 57, 56, 52, 61, 52, 55, 51, 59, 62], "hlc": [921595, 4]}
INFO:<Node 7>:{"send": false, "recv": true, "to": 7, "from": 6, "vc": [58, 63, 58, 53, 59, 57, 65, 59, 57, 60], "hlc": [921594, 10]}
