INFO:root:Random workload: num sockets: 10, num iterations: 50, base address: 41900, chance of send: 3 in 5, round delay (s): 0.5, max clock drift (s): 9.5, actual clock drifts: [-0.41611347666091447, 9.240202938529617, 6.789142363134719, -3.4488543067980437, -4.875205162554888, -2.215716365995857, -6.407023892982044, -8.280528279365639, 0.34407968079160867, 9.414028019743899]
INFO:<Node 0>:{"send": true, "recv": false, "from": 0, "to": 2, "vc": [1, 0, 0, 0, 0, 0, 0, 0, 0, 0], "hlc": [921728, 1]}
INFO:<Node 1>:{"send": true, "recv": false, "from": 1, "to": 5, "vc": [0, 1, 0, 0, 0, 0, 0, 0, 0, 0], "hlc": [921737, 0]}
INFO:<Node 2>:{"send": true, "recv": false, "from": 2, "to": 9, "vc": [0, 0, 1, 0, 0, 0, 0, 0, 0, 0], "hlc": [921735, 0]}
INFO:<Node 4>:{"send": true, "recv": false, "from": 4, "to": 7, "vc": [0, 0, 0, 0, 1, 0, 0, 0, 0, 0], "hlc": [921728, 1]}
INFO:<Node 5>:{"send": true, "recv": false, "from": 5, "to": 6, "vc": [0, 0, 0, 0, 0, 1, 0, 0, 0, 0], "hlc": [921728, 1]}
INFO:<Node 6>:{"send": true, "recv": false, "from": 6, "to": 0, "vc": [0, 0, 0, 0, 0, 0, 1, 0, 0, 0], "hlc": [921728, 1]}
INFO:<Node 8>:{"send": true, "recv": false, "from": 8, "to": 0, "vc": [0, 0, 0, 0, 0, 0, 0, 0, 1, 0], "hlc": [921728, 1]}
INFO:<Node 9>:{"send": true, "recv": false, "from": 9, "to": 2, "vc": [0, 0, 0, 0, 0, 0, 0, 0, 0, 1], "hlc": [921737, 0]}
INFO:<Node 0>:{"send": false, "recv": true, "to": 0, "from": 6, "vc": [2, 0, 0, 0, 0, 0, 1, 0, 0, 0], "hlc": [921728, 2]}
INFO:<Node 0>:{"send": false, "recv": true, "to": 0, "from": 8, "vc": [3, 0, 0, 0, 0, 0, 1, 0, 1, 0], "hlc": [921728, 3]}
INFO:<Node 2>:{"send": false, "recv": true, "to": 2, "from": 0, "vc": [1, 0, 2, 0, 0, 0, 0, 0, 0, 0], "hlc": [921735, 1]}
INFO:<Node 2>:{"send": false, "recv": true, "to": 2, "from": 9, "vc": [1, 0, 3, 0, 0, 0, 0, 0, 0, 1], "hlc": [921737, 1]}
INFO:<Node 5>:{"send": false, "recv": true, "to": 5, "from": 1, "vc": [0, 1, 0, 0, 0, 2, 0, 0, 0, 0], "hlc": [921737, 1]}
INFO:<Node 6>:{"send": false, "recv": true, "to": 6, "from": 5, "vc": [0, 0, 0, 0, 0, 1, 2, 0, 0, 0], "hlc": [921728, 2]}
INFO:<Node 7>:{"send": false, "recv": true, "to": 7, "from": 4, "vc": [0, 0, 0, 0, 1, 0, 0, 1, 0, 0], "hlc": [921728, 2]}
INFO:<Node 9>:{"send": false, "recv": true, "to": 9, "from": 2, "vc": [0, 0, 1, 0, 0, 0, 0, 0, 0, 2], "hlc": [921738, 0]}
INFO:<Node 0>:{"send": true, "recv": false, "from": 0, "to": 9, "vc": [4, 0, 0, 0, 0, 0, 1, 0, 1, 0], "hlc": [921728, 4]}
INFO:<Node 4>:{"send": true, "recv": false, "from": 4, "to": 3, "vc": [0, 0, 0, 0, 2, 0, 0, 0, 0, 0], "hlc": [921728, 2]}
INFO:<Node 5>:{"send": true, "recv": false, "from": 5, "to": 9, "vc": [0, 1, 0, 0, 0, 3, 0, 0, 0, 0], "hlc": [921737, 2]}
INFO:<Node 7>:{"send": true, "recv": false, "from": 7, "to": 6, "vc": [0, 0, 0, 0, 1, 0, 0, 2, 0, 0], "hlc": [921728, 3]}
INFO:<Node 8>:{"send": true, "recv": false, "from": 8, "to": 3, "vc": [0, 0, 0, 0, 0, 0, 0, 0, 2, 0], "hlc": [921729, 0]}
INFO:<Node 3>:{"send": false, "recv": true, "to": 3, "from": 4, "vc": [0, 0, 0, 1, 2, 0, 0, 0, 0, 0], "hlc": [921728, 3]}
INFO:<Node 3>:{"send": false, "recv": true, "to": 3, "from": 8, "vc": [0, 0, 0, 2, 2, 0, 0, 0, 2, 0], "hlc": [921729, 1]}
INFO:<Node 6>:{"send": false, "recv": true, "to": 6, "from": 7, "vc": [0, 0, 0, 0, 1, 1, 3, 2, 0, 0], "hlc": [921728, 4]}
INFO:<Node 9>:{"send": false, "recv": true, "to": 9, "from": 0, "vc": [4, 0, 1, 0, 0, 0, 1, 0, 1, 3], "hlc": [921738, 1]}
INFO:<Node 9>:{"send": false, "recv": true, "to": 9, "from": 5, "vc": [4, 1, 1, 0, 0, 3, 1, 0, 1, 4], "hlc": [921738, 2]}
INFO:<Node 1>:{"send": true, "recv": false, "from": 1, "to": 6, "vc": [0, 2, 0, 0, 0, 0, 0, 0, 0, 0], "hlc": [921738, 0]}
INFO:<Node 3>:{"send": true, "recv": false, "from": 3, "to": 7, "vc": [0, 0, 0, 3, 2, 0, 0, 0, 2, 0], "hlc": [921729, 2]}
INFO:<Node 4>:{"send": true, "recv": false, "from": 4, "to": 5, "vc": [0, 0, 0, 0, 3, 0, 0, 0, 0, 0], "hlc": [921728, 3]}
INFO:<Node 5>:{"send": true, "recv": false, "from": 5, "to": 8, "vc": [0, 1, 0, 0, 0, 4, 0, 0, 0, 0], "hlc": [921737, 3]}
INFO:<Node 5>:{"send": false, "recv": true, "to": 5, "from": 4, "vc": [0, 1, 0, 0, 3, 5, 0, 0, 0, 0], "hlc": [921737, 4]}
INFO:<Node 6>:{"send": false, "recv": true, "to": 6, "from": 1, "vc": [0, 2, 0, 0, 1, 1, 4, 2, 0, 0], "hlc": [921738, 1]}
INFO:<Node 7>:{"send": false, "recv": true, "to": 7, "from": 3, "vc": [0, 0, 0, 3, 2, 0, 0, 3, 2, 0], "hlc": [921729, 3]}
INFO:<Node 8>:{"send": false, "recv": true, "to": 8, "from": 5, "vc": [0, 1, 0, 0, 0, 4, 0, 0, 3, 0], "hlc": [921737, 4]}
INFO:<Node 0>:{"send": true, "recv": false, "from": 0, "to": 9, "vc": [5, 0, 0, 0, 0, 0, 1, 0, 1, 0], "hlc": [921729, 0]}
INFO:<Node 1>:{"send": true, "recv": false, "from": 1, "to": 9, "vc": [0, 3, 0, 0, 0, 0, 0, 0, 0, 0], "hlc": [921738, 1]}
INFO:<Node 2>:{"send": true, "recv": false, "from": 2, "to": 0, "vc": [1, 0, 4, 0, 0, 0, 0, 0, 0, 1], "hlc": [921737, 2]}
INFO:<Node 3>:{"send": true, "recv": false, "from": 3, "to": 9, "vc": [0, 0, 0, 4, 2, 0, 0, 0, 2, 0], "hlc": [921729, 3]}
INFO:<Node 4>:{"send": true, "recv": false, "from": 4, "to": 0, "vc": [0, 0, 0, 0, 4, 0, 0, 0, 0, 0], "hlc": [921728, 4]}
INFO:<Node 5>:{"send": true, "recv": false, "from": 5, "to": 2, "vc": [0, 1, 0, 0, 3, 6, 0, 0, 0, 0], "hlc": [921737, 5]}
INFO:<Node 6>:{"send": true, "recv": false, "from": 6, "to": 7, "vc": [0, 2, 0, 0, 1, 1, 5, 2, 0, 0], "hlc": [921738, 2]}
INFO:<Node 7>:{"send": true, "recv": false, "from": 7, "to": 3, "vc": [0, 0, 0, 3, 2, 0, 0, 4, 2, 0], "hlc": [921729, 4]}
INFO:<Node 9>:{"send": true, "recv": false, "from": 9, "to": 4, "vc": [4, 1, 1, 0, 0, 3, 1, 0, 1, 5], "hlc": [921739, 0]}
INFO:<Node 0>:{"send": false, "recv": true, "to": 0, "from": 2, "vc": [6, 0, 4, 0, 0, 0, 1, 0, 1, 1], "hlc": [921737, 3]}
INFO:<Node 0>:{"send": false, "recv": true, "to": 0, "from": 4, "vc": [7, 0, 4, 0, 4, 0, 1, 0, 1, 1], "hlc": [921737, 4]}
INFO:<Node 2>:{"send": false, "recv": true, "to": 2, "from": 5, "vc": [1, 1, 5, 0, 3, 6, 0, 0, 0, 1], "hlc": [921737, 6]}
INFO:<Node 3>:{"send": false, "recv": true, "to": 3, "from": 7, "vc": [0, 0, 0, 5, 2, 0, 0, 4, 2, 0], "hlc": [921729, 5]}
INFO:<Node 4>:{"send": false, "recv": true, "to": 4, "from": 9, "vc": [4, 1, 1, 0, 5, 3, 1, 0, 1, 5], "hlc": [921739, 1]}
INFO:<Node 7>:{"send": false, "recv": true, "to": 7, "from": 6, "vc": [0, 2, 0, 3, 2, 1, 5, 5, 2, 0], "hlc": [921738, 3]}
INFO:<Node 9>:{"send": false, "recv": true, "to": 9, "from": 0, "vc": [5, 1, 1, 0, 0, 3, 1, 0, 1, 6], "hlc": [921739, 1]}
INFO:<Node 9>:{"send": false, "recv": true, "to": 9, "from": 1, "vc": [5, 3, 1, 0, 0, 3, 1, 0, 1, 7], "hlc": [921739, 2]}
INFO:<Node 9>:{"send": false, "recv": true, "to": 9, "from": 3, "vc": [5, 3, 1, 4, 2, 3, 1, 0, 2, 8], "hlc": [921739, 3]}
INFO:<Node 0>:{"send": true, "recv": false, "from": 0, "to": 4, "vc": [8, 0, 4, 0, 4, 0, 1, 0, 1, 1], "hlc": [921737, 5]}
INFO:<Node 1>:{"send": true, "recv": false, "from": 1, "to": 4, "vc": [0, 4, 0, 0, 0, 0, 0, 0, 0, 0], "hlc": [921739, 0]}
INFO:<Node 3>:{"send": true, "recv": false, "from": 3, "to": 8, "vc": [0, 0, 0, 6, 2, 0, 0, 4, 2, 0], "hlc": [921729, 6]}
INFO:<Node 4>:{"send": true, "recv": false, "from": 4, "to": 2, "vc": [4, 1, 1, 0, 6, 3, 1, 0, 1, 5], "hlc": [921739, 2]}
INFO:<Node 5>:{"send": true, "recv": false, "from": 5, "to": 2, "vc": [0, 1, 0, 0, 3, 7, 0, 0, 0, 0], "hlc": [921737, 6]}
INFO:<Node 6>:{"send": true, "recv": false, "from": 6, "to": 7, "vc": [0, 2, 0, 0, 1, 1, 6, 2, 0, 0], "hlc": [921738, 3]}
INFO:<Node 7>:{"send": true, "recv": false, "from": 7, "to": 3, "vc": [0, 2, 0, 3, 2, 1, 5, 6, 2, 0], "hlc": [921738, 4]}
INFO:<Node 8>:{"send": true, "recv": false, "from": 8, "to": 1, "vc": [0, 1, 0, 0, 0, 4, 0, 0, 4, 0], "hlc": [921737, 5]}
INFO:<Node 1>:{"send": false, "recv": true, "to": 1, "from": 8, "vc": [0, 5, 0, 0, 0, 4, 0, 0, 4, 0], "hlc": [921739, 1]}
INFO:<Node 2>:{"send": false, "recv": true, "to": 2, "from": 4, "vc": [4, 1, 6, 0, 6, 6, 1, 0, 1, 5], "hlc": [921739, 3]}
INFO:<Node 2>:{"send": false, "recv": true, "to": 2, "from": 5, "vc": [4, 1, 7, 0, 6, 7, 1, 0, 1, 5], "hlc": [921739, 4]}
INFO:<Node 3>:{"send": false, "recv": true, "to": 3, "from": 7, "vc": [0, 2, 0, 7, 2, 1, 5, 6, 2, 0], "hlc": [921738, 5]}
INFO:<Node 4>:{"send": false, "recv": true, "to": 4, "from": 0, "vc": [8, 1, 4, 0, 7, 3, 1, 0, 1, 5], "hlc": [921739, 3]}
INFO:<Node 4>:{"send": false, "recv": true, "to": 4, "from": 1, "vc": [8, 4, 4, 0, 8, 3, 1, 0, 1, 5], "hlc": [921739, 4]}
INFO:<Node 7>:{"send": false, "recv": true, "to": 7, "from": 6, "vc": [0, 2, 0, 3, 2, 1, 6, 7, 2, 0], "hlc": [921738, 5]}
INFO:<Node 8>:{"send": false, "recv": true, "to": 8, "from": 3, "vc": [0, 1, 0, 6, 2, 4, 0, 4, 5, 0], "hlc": [921737, 6]}
INFO:<Node 1>:{"send": true, "recv": false, "from": 1, "to": 7, "vc": [0, 6, 0, 0, 0, 4, 0, 0, 4, 0], "hlc": [921739, 2]}
INFO:<Node 3>:{"send": true, "recv": false, "from": 3, "to": 0, "vc": [0, 2, 0, 8, 2, 1, 5, 6, 2, 0], "hlc": [921738, 6]}
INFO:<Node 4>:{"send": true, "recv": false, "from": 4, "to": 1, "vc": [8, 4, 4, 0, 9, 3, 1, 0, 1, 5], "hlc": [921739, 5]}
INFO:<Node 6>:{"send": true, "recv": false, "from": 6, "to": 4, "vc": [0, 2, 0, 0, 1, 1, 7, 2, 0, 0], "hlc": [921738, 4]}
INFO:<Node 7>:{"send": true, "recv": false, "from": 7, "to": 0, "vc": [0, 2, 0, 3, 2, 1, 6, 8, 2, 0], "hlc": [921738, 6]}
INFO:<Node 8>:{"send": true, "recv": false, "from": 8, "to": 7, "vc": [0, 1, 0, 6, 2, 4, 0, 4, 6, 0], "hlc": [921737, 7]}
INFO:<Node 9>:{"send": true, "recv": false, "from": 9, "to": 7, "vc": [5, 3, 1, 4, 2, 3, 1, 0, 2, 9], "hlc": [921740, 0]}
INFO:<Node 0>:{"send": false, "recv": true, "to": 0, "from": 3, "vc": [9, 2, 4, 8, 4, 1, 5, 6, 2, 1], "hlc": [921738, 7]}
INFO:<Node 0>:{"send": false, "recv": true, "to": 0, "from": 7, "vc": [10, 2, 4, 8, 4, 1, 6, 8, 2, 1], "hlc": [921738, 8]}
INFO:<Node 1>:{"send": false, "recv": true, "to": 1, "from": 4, "vc": [8, 7, 4, 0, 9, 4, 1, 0, 4, 5], "hlc": [921740, 0]}
INFO:<Node 4>:{"send": false, "recv": true, "to": 4, "from": 6, "vc": [8, 4, 4, 0, 10, 3, 7, 2, 1, 5], "hlc": [921739, 6]}
INFO:<Node 7>:{"send": false, "recv": true, "to": 7, "from": 1, "vc": [0, 6, 0, 3, 2, 4, 6, 9, 4, 0], "hlc": [921739, 3]}
INFO:<Node 7>:{"send": false, "recv": true, "to": 7, "from": 8, "vc": [0, 6, 0, 6, 2, 4, 6, 10, 6, 0], "hlc": [921739, 4]}
INFO:<Node 7>:{"send": false, "recv": true, "to": 7, "from": 9, "vc": [5, 6, 1, 6, 2, 4, 6, 11, 6, 9], "hlc": [921740, 1]}
INFO:<Node 1>:{"send": true, "recv": false, "from": 1, "to": 9, "vc": [8, 8, 4, 0, 9, 4, 1, 0, 4, 5], "hlc": [921740, 1]}
INFO:<Node 3>:{"send": true, "recv": false, "from": 3, "to": 4, "vc": [0, 2, 0, 9, 2, 1, 5, 6, 2, 0], "hlc": [921738, 7]}
INFO:<Node 4>:{"send": true, "recv": false, "from": 4, "to": 0, "vc": [8, 4, 4, 0, 11, 3, 7, 2, 1, 5], "hlc": [921739, 7]}
INFO:<Node 6>:{"send": true, "recv": false, "from": 6, "to": 8, "vc": [0, 2, 0, 0, 1, 1, 8, 2, 0, 0], "hlc": [921738, 5]}
INFO:<Node 8>:{"send": true, "recv": false, "from": 8, "to": 3, "vc": [0, 1, 0, 6, 2, 4, 0, 4, 7, 0], "hlc": [921737, 8]}
INFO:<Node 0>:{"send": false, "recv": true, "to": 0, "from": 4, "vc": [11, 4, 4, 8, 11, 3, 7, 8, 2, 5], "hlc": [921739, 8]}
INFO:<Node 3>:{"send": false, "recv": true, "to": 3, "from": 8, "vc": [0, 2, 0, 10, 2, 4, 5, 6, 7, 0], "hlc": [921738, 8]}
INFO:<Node 4>:{"send": false, "recv": true, "to": 4, "from": 3, "vc": [8, 4, 4, 9, 12, 3, 7, 6, 2, 5], "hlc": [921739, 8]}
INFO:<Node 8>:{"send": false, "recv": true, "to": 8, "from": 6, "vc": [0, 2, 0, 6, 2, 4, 8, 4, 8, 0], "hlc": [921738, 6]}
INFO:<Node 9>:{"send": false, "recv": true, "to": 9, "from": 1, "vc": [8, 8, 4, 4, 9, 4, 1, 0, 4, 10], "hlc": [921741, 0]}
INFO:<Node 1>:{"send": true, "recv": false, "from": 1, "to": 5, "vc": [8, 9, 4, 0, 9, 4, 1, 0, 4, 5], "hlc": [921740, 2]}
INFO:<Node 2>:{"send": true, "recv": false, "from": 2, "to": 7, "vc": [4, 1, 8, 0, 6, 7, 1, 0, 1, 5], "hlc": [921739, 5]}
INFO:<Node 3>:{"send": true, "recv": false, "from": 3, "to": 4, "vc": [0, 2, 0, 11, 2, 4, 5, 6, 7, 0], "hlc": [921738, 9]}
INFO:<Node 7>:{"send": true, "recv": false, "from": 7, "to": 0, "vc": [5, 6, 1, 6, 2, 4, 6, 12, 6, 9], "hlc": [921740, 2]}
INFO:<Node 8>:{"send": true, "recv": false, "from": 8, "to": 6, "vc": [0, 2, 0, 6, 2, 4, 8, 4, 9, 0], "hlc": [921738, 7]}
INFO:<Node 0>:{"send": false, "recv": true, "to": 0, "from": 7, "vc": [12, 6, 4, 8, 11, 4, 7, 12, 6, 9], "hlc": [921740, 3]}
INFO:<Node 4>:{"send": false, "recv": true, "to": 4, "from": 3, "vc": [8, 4, 4, 11, 13, 4, 7, 6, 7, 5], "hlc": [921739, 9]}
INFO:<Node 5>:{"send": false, "recv": true, "to": 5, "from": 1, "vc": [8, 9, 4, 0, 9, 8, 1, 0, 4, 5], "hlc": [921740, 3]}
INFO:<Node 6>:{"send": false, "recv": true, "to": 6, "from": 8, "vc": [0, 2, 0, 6, 2, 4, 9, 4, 9, 0], "hlc": [921738, 8]}
INFO:<Node 7>:{"send": false, "recv": true, "to": 7, "from": 2, "vc": [5, 6, 8, 6, 6, 7, 6, 13, 6, 9], "hlc": [921740, 3]}
INFO:<Node 0>:{"send": true, "recv": false, "from": 0, "to": 3, "vc": [13, 6, 4, 8, 11, 4, 7, 12, 6, 9], "hlc": [921740, 4]}
INFO:<Node 1>:{"send": true, "recv": false, "from": 1, "to": 4, "vc": [8, 10, 4, 0, 9, 4, 1, 0, 4, 5], "hlc": [921741, 0]}
INFO:<Node 2>:{"send": true, "recv": false, "from": 2, "to": 6, "vc": [4, 1, 9, 0, 6, 7, 1, 0, 1, 5], "hlc": [921739, 6]}
INFO:<Node 3>:{"send": true, "recv": false, "from": 3, "to": 0, "vc": [0, 2, 0, 12, 2, 4, 5, 6, 7, 0], "hlc": [921738, 10]}
INFO:<Node 7>:{"send": true, "recv": false, "from": 7, "to": 5, "vc": [5, 6, 8, 6, 6, 7, 6, 14, 6, 9], "hlc": [921740, 4]}
INFO:<Node 8>:{"send": true, "recv": false, "from": 8, "to": 7, "vc": [0, 2, 0, 6, 2, 4, 8, 4, 10, 0], "hlc": [921738, 8]}
INFO:<Node 9>:{"send": true, "recv": false, "from": 9, "to": 6, "vc": [8, 8, 4, 4, 9, 4, 1, 0, 4, 11], "hlc": [921741, 1]}
INFO:<Node 0>:{"send": false, "recv": true, "to": 0, "from": 3, "vc": [14, 6, 4, 12, 11, 4, 7, 12, 7, 9], "hlc": [921740, 5]}
INFO:<Node 3>:{"send": false, "recv": true, "to": 3, "from": 0, "vc": [13, 6, 4, 13, 11, 4, 7, 12, 7, 9], "hlc": [921740, 5]}
INFO:<Node 4>:{"send": false, "recv": true, "to": 4, "from": 1, "vc": [8, 10, 4, 11, 14, 4, 7, 6, 7, 5], "hlc": [921741, 1]}
INFO:<Node 5>:{"send": false, "recv": true, "to": 5, "from": 7, "vc": [8, 9, 8, 6, 9, 9, 6, 14, 6, 9], "hlc": [921740, 5]}
INFO:<Node 6>:{"send": false, "recv": true, "to": 6, "from": 2, "vc": [4, 2, 9, 6, 6, 7, 10, 4, 9, 5], "hlc": [921739, 7]}
INFO:<Node 6>:{"send": false, "recv": true, "to": 6, "from": 9, "vc": [8, 8, 9, 6, 9, 7, 11, 4, 9, 11], "hlc": [921741, 2]}
INFO:<Node 7>:{"send": false, "recv": true, "to": 7, "from": 8, "vc": [5, 6, 8, 6, 6, 7, 8, 15, 10, 9], "hlc": [921740, 5]}
INFO:<Node 0>:{"send": true, "recv": false, "from": 0, "to": 4, "vc": [15, 6, 4, 12, 11, 4, 7, 12, 7, 9], "hlc": [921740, 6]}
INFO:<Node 3>:{"send": true, "recv": false, "from": 3, "to": 2, "vc": [13, 6, 4, 14, 11, 4, 7, 12, 7, 9], "hlc": [921740, 6]}
INFO:<Node 5>:{"send": true, "recv": false, "from": 5, "to": 7, "vc": [8, 9, 8, 6, 9, 10, 6, 14, 6, 9], "hlc": [921740, 6]}
INFO:<Node 6>:{"send": true, "recv": false, "from": 6, "to": 7, "vc": [8, 8, 9, 6, 9, 7, 12, 4, 9, 11], "hlc": [921741, 3]}
INFO:<Node 7>:{"send": true, "recv": false, "from": 7, "to": 6, "vc": [5, 6, 8, 6, 6, 7, 8, 16, 10, 9], "hlc": [921740, 6]}
INFO:<Node 8>:{"send": true, "recv": false, "from": 8, "to": 1, "vc": [0, 2, 0, 6, 2, 4, 8, 4, 11, 0], "hlc": [921738, 9]}
INFO:<Node 1>:{"send": false, "recv": true, "to": 1, "from": 8, "vc": [8, 11, 4, 6, 9, 4, 8, 4, 11, 5], "hlc": [921742, 0]}
INFO:<Node 2>:{"send": false, "recv": true, "to": 2, "from": 3, "vc": [13, 6, 10, 14, 11, 7, 7, 12, 7, 9], "hlc": [921740, 7]}
INFO:<Node 4>:{"send": false, "recv": true, "to": 4, "from": 0, "vc": [15, 10, 4, 12, 15, 4, 7, 12, 7, 9], "hlc": [921741, 2]}
INFO:<Node 6>:{"send": false, "recv": true, "to": 6, "from": 7, "vc": [8, 8, 9, 6, 9, 7, 13, 16, 10, 11], "hlc": [921741, 4]}
INFO:<Node 7>:{"send": false, "recv": true, "to": 7, "from": 5, "vc": [8, 9, 8, 6, 9, 10, 8, 17, 10, 9], "hlc": [921740, 7]}
INFO:<Node 7>:{"send": false, "recv": true, "to": 7, "from": 6, "vc": [8, 9, 9, 6, 9, 10, 12, 18, 10, 11], "hlc": [921741, 4]}
INFO:<Node 0>:{"send": true, "recv": false, "from": 0, "to": 3, "vc": [16, 6, 4, 12, 11, 4, 7, 12, 7, 9], "hlc": [921740, 7]}
INFO:<Node 1>:{"send": true, "recv": false, "from": 1, "to": 3, "vc": [8, 12, 4, 6, 9, 4, 8, 4, 11, 5], "hlc": [921742, 1]}
INFO:<Node 4>:{"send": true, "recv": false, "from": 4, "to": 5, "vc": [15, 10, 4, 12, 16, 4, 7, 12, 7, 9], "hlc": [921741, 3]}
INFO:<Node 6>:{"send": true, "recv": false, "from": 6, "to": 5, "vc": [8, 8, 9, 6, 9, 7, 14, 16, 10, 11], "hlc": [921741, 5]}
INFO:<Node 7>:{"send": true, "recv": false, "from": 7, "to": 3, "vc": [8, 9, 9, 6, 9, 10, 12, 19, 10, 11], "hlc": [921741, 5]}
INFO:<Node 8>:{"send": true, "recv": false, "from": 8, "to": 9, "vc": [0, 2, 0, 6, 2, 4, 8, 4, 12, 0], "hlc": [921738, 10]}
INFO:<Node 9>:{"send": true, "recv": false, "from": 9, "to": 6, "vc": [8, 8, 4, 4, 9, 4, 1, 0, 4, 12], "hlc": [921742, 0]}
INFO:<Node 3>:{"send": false, "recv": true, "to": 3, "from": 0, "vc": [16, 6, 4, 15, 11, 4, 7, 12, 7, 9], "hlc": [921740, 8]}
INFO:<Node 3>:{"send": false, "recv": true, "to": 3, "from": 1, "vc": [16, 12, 4, 16, 11, 4, 8, 12, 11, 9], "hlc": [921742, 2]}
INFO:<Node 3>:{"send": false, "recv": true, "to": 3, "from": 7, "vc": [16, 12, 9, 17, 11, 10, 12, 19, 11, 11], "hlc": [921742, 3]}
INFO:<Node 5>:{"send": false, "recv": true, "to": 5, "from": 4, "vc": [15, 10, 8, 12, 16, 11, 7, 14, 7, 9], "hlc": [921741, 4]}
INFO:<Node 5>:{"send": false, "recv": true, "to": 5, "from": 6, "vc": [15, 10, 9, 12, 16, 12, 14, 16, 10, 11], "hlc": [921741, 6]}
INFO:<Node 6>:{"send": false, "recv": true, "to": 6, "from": 9, "vc": [8, 8, 9, 6, 9, 7, 15, 16, 10, 12], "hlc": [921742, 1]}
INFO:<Node 9>:{"send": false, "recv": true, "to": 9, "from": 8, "vc": [8, 8, 4, 6, 9, 4, 8, 4, 12, 13], "hlc": [921743, 0]}
INFO:<Node 2>:{"send": true, "recv": false, "from": 2, "to": 3, "vc": [13, 6, 11, 14, 11, 7, 7, 12, 7, 9], "hlc": [921740, 8]}
INFO:<Node 3>:{"send": true, "recv": false, "from": 3, "to": 1, "vc": [16, 12, 9, 18, 11, 10, 12, 19, 11, 11], "hlc": [921742, 4]}
INFO:<Node 5>:{"send": true, "recv": false, "from": 5, "to": 6, "vc": [15, 10, 9, 12, 16, 13, 14, 16, 10, 11], "hlc": [921741, 7]}
INFO:<Node 6>:{"send": true, "recv": false, "from": 6, "to": 0, "vc": [8, 8, 9, 6, 9, 7, 16, 16, 10, 12], "hlc": [921742, 2]}
INFO:<Node 8>:{"send": true, "recv": false, "from": 8, "to": 6, "vc": [0, 2, 0, 6, 2, 4, 8, 4, 13, 0], "hlc": [921738, 11]}
INFO:<Node 0>:{"send": false, "recv": true, "to": 0, "from": 6, "vc": [17, 8, 9, 12, 11, 7, 16, 16, 10, 12], "hlc": [921742, 3]}
INFO:<Node 1>:{"send": false, "recv": true, "to": 1, "from": 3, "vc": [16, 13, 9, 18, 11, 10, 12, 19, 11, 11], "hlc": [921743, 0]}
INFO:<Node 3>:{"send": false, "recv": true, "to": 3, "from": 2, "vc": [16, 12, 11, 19, 11, 10, 12, 19, 11, 11], "hlc": [921742, 5]}
INFO:<Node 6>:{"send": false, "recv": true, "to": 6, "from": 5, "vc": [15, 10, 9, 12, 16, 13, 17, 16, 10, 12], "hlc": [921742, 3]}
INFO:<Node 6>:{"send": false, "recv": true, "to": 6, "from": 8, "vc": [15, 10, 9, 12, 16, 13, 18, 16, 13, 12], "hlc": [921742, 4]}
INFO:<Node 0>:{"send": true, "recv": false, "from": 0, "to": 5, "vc": [18, 8, 9, 12, 11, 7, 16, 16, 10, 12], "hlc": [921742, 4]}
INFO:<Node 1>:{"send": true, "recv": false, "from": 1, "to": 8, "vc": [16, 14, 9, 18, 11, 10, 12, 19, 11, 11], "hlc": [921743, 1]}
INFO:<Node 3>:{"send": true, "recv": false, "from": 3, "to": 8, "vc": [16, 12, 11, 20, 11, 10, 12, 19, 11, 11], "hlc": [921742, 6]}
INFO:<Node 5>:{"send": true, "recv": false, "from": 5, "to": 7, "vc": [15, 10, 9, 12, 16, 14, 14, 16, 10, 11], "hlc": [921741, 8]}
INFO:<Node 6>:{"send": true, "recv": false, "from": 6, "to": 9, "vc": [15, 10, 9, 12, 16, 13, 19, 16, 13, 12], "hlc": [921742, 5]}
INFO:<Node 9>:{"send": true, "recv": false, "from": 9, "to": 3, "vc": [8, 8, 4, 6, 9, 4, 8, 4, 12, 14], "hlc": [921743, 1]}
INFO:<Node 3>:{"send": false, "recv": true, "to": 3, "from": 9, "vc": [16, 12, 11, 21, 11, 10, 12, 19, 12, 14], "hlc": [921743, 2]}
INFO:<Node 5>:{"send": false, "recv": true, "to": 5, "from": 0, "vc": [18, 10, 9, 12, 16, 15, 16, 16, 10, 12], "hlc": [921742, 5]}
INFO:<Node 7>:{"send": false, "recv": true, "to": 7, "from": 5, "vc": [15, 10, 9, 12, 16, 14, 14, 20, 10, 11], "hlc": [921741, 9]}
INFO:<Node 8>:{"send": false, "recv": true, "to": 8, "from": 1, "vc": [16, 14, 9, 18, 11, 10, 12, 19, 14, 11], "hlc": [921743, 2]}
INFO:<Node 8>:{"send": false, "recv": true, "to": 8, "from": 3, "vc": [16, 14, 11, 20, 11, 10, 12, 19, 15, 11], "hlc": [921743, 3]}
INFO:<Node 9>:{"send": false, "recv": true, "to": 9, "from": 6, "vc": [15, 10, 9, 12, 16, 13, 19, 16, 13, 15], "hlc": [921744, 0]}
INFO:<Node 1>:{"send": true, "recv": false, "from": 1, "to": 8, "vc": [16, 15, 9, 18, 11, 10, 12, 19, 11, 11], "hlc": [921743, 2]}
INFO:<Node 2>:{"send": true, "recv": false, "from": 2, "to": 4, "vc": [13, 6, 12, 14, 11, 7, 7, 12, 7, 9], "hlc": [921741, 0]}
INFO:<Node 4>:{"send": true, "recv": false, "from": 4, "to": 5, "vc": [15, 10, 4, 12, 17, 4, 7, 12, 7, 9], "hlc": [921741, 4]}
INFO:<Node 5>:{"send": true, "recv": false, "from": 5, "to": 4, "vc": [18, 10, 9, 12, 16, 16, 16, 16, 10, 12], "hlc": [921742, 6]}
INFO:<Node 7>:{"send": true, "recv": false, "from": 7, "to": 6, "vc": [15, 10, 9, 12, 16, 14, 14, 21, 10, 11], "hlc": [921741, 10]}
INFO:<Node 8>:{"send": true, "recv": false, "from": 8, "to": 1, "vc": [16, 14, 11, 20, 11, 10, 12, 19, 16, 11], "hlc": [921743, 4]}
INFO:<Node 1>:{"send": false, "recv": true, "to": 1, "from": 8, "vc": [16, 16, 11, 20, 11, 10, 12, 19, 16, 11], "hlc": [921744, 0]}
INFO:<Node 4>:{"send": false, "recv": true, "to": 4, "from": 2, "vc": [15, 10, 12, 14, 18, 7, 7, 12, 7, 9], "hlc": [921741, 5]}
INFO:<Node 4>:{"send": false, "recv": true, "to": 4, "from": 5, "vc": [18, 10, 12, 14, 19, 16, 16, 16, 10, 12], "hlc": [921742, 7]}
INFO:<Node 5>:{"send": false, "recv": true, "to": 5, "from": 4, "vc": [18, 10, 9, 12, 17, 17, 16, 16, 10, 12], "hlc": [921742, 7]}
INFO:<Node 6>:{"send": false, "recv": true, "to": 6, "from": 7, "vc": [15, 10, 9, 12, 16, 14, 20, 21, 13, 12], "hlc": [921742, 6]}
INFO:<Node 8>:{"send": false, "recv": true, "to": 8, "from": 1, "vc": [16, 15, 11, 20, 11, 10, 12, 19, 17, 11], "hlc": [921743, 5]}
INFO:<Node 0>:{"send": true, "recv": false, "from": 0, "to": 8, "vc": [19, 8, 9, 12, 11, 7, 16, 16, 10, 12], "hlc": [921742, 5]}
INFO:<Node 1>:{"send": true, "recv": false, "from": 1, "to": 2, "vc": [16, 17, 11, 20, 11, 10, 12, 19, 16, 11], "hlc": [921744, 1]}
INFO:<Node 2>:{"send": true, "recv": false, "from": 2, "to": 1, "vc": [13, 6, 13, 14, 11, 7, 7, 12, 7, 9], "hlc": [921742, 0]}
INFO:<Node 4>:{"send": true, "recv": false, "from": 4, "to": 9, "vc": [18, 10, 12, 14, 20, 16, 16, 16, 10, 12], "hlc": [921742, 8]}
INFO:<Node 5>:{"send": true, "recv": false, "from": 5, "to": 3, "vc": [18, 10, 9, 12, 17, 18, 16, 16, 10, 12], "hlc": [921742, 8]}
INFO:<Node 6>:{"send": true, "recv": false, "from": 6, "to": 2, "vc": [15, 10, 9, 12, 16, 14, 21, 21, 13, 12], "hlc": [921742, 7]}
INFO:<Node 7>:{"send": true, "recv": false, "from": 7, "to": 2, "vc": [15, 10, 9, 12, 16, 14, 14, 22, 10, 11], "hlc": [921741, 11]}
INFO:<Node 1>:{"send": false, "recv": true, "to": 1, "from": 2, "vc": [16, 18, 13, 20, 11, 10, 12, 19, 16, 11], "hlc": [921745, 0]}
INFO:<Node 2>:{"send": false, "recv": true, "to": 2, "from": 1, "vc": [16, 17, 14, 20, 11, 10, 12, 19, 16, 11], "hlc": [921744, 2]}
INFO:<Node 2>:{"send": false, "recv": true, "to": 2, "from": 6, "vc": [16, 17, 15, 20, 16, 14, 21, 21, 16, 12], "hlc": [921744, 3]}
INFO:<Node 2>:{"send": false, "recv": true, "to": 2, "from": 7, "vc": [16, 17, 16, 20, 16, 14, 21, 22, 16, 12], "hlc": [921744, 4]}
INFO:<Node 3>:{"send": false, "recv": true, "to": 3, "from": 5, "vc": [18, 12, 11, 22, 17, 18, 16, 19, 12, 14], "hlc": [921743, 3]}
INFO:<Node 8>:{"send": false, "recv": true, "to": 8, "from": 0, "vc": [19, 15, 11, 20, 11, 10, 16, 19, 18, 12], "hlc": [921743, 6]}
INFO:<Node 9>:{"send": false, "recv": true, "to": 9, "from": 4, "vc": [18, 10, 12, 14, 20, 16, 19, 16, 13, 16], "hlc": [921745, 0]}
INFO:<Node 0>:{"send": true, "recv": false, "from": 0, "to": 2, "vc": [20, 8, 9, 12, 11, 7, 16, 16, 10, 12], "hlc": [921742, 6]}
INFO:<Node 1>:{"send": true, "recv": false, "from": 1, "to": 0, "vc": [16, 19, 13, 20, 11, 10, 12, 19, 16, 11], "hlc": [921745, 1]}
INFO:<Node 4>:{"send": true, "recv": false, "from": 4, "to": 7, "vc": [18, 10, 12, 14, 21, 16, 16, 16, 10, 12], "hlc": [921742, 9]}
INFO:<Node 5>:{"send": true, "recv": false, "from": 5, "to": 3, "vc": [18, 10, 9, 12, 17, 19, 16, 16, 10, 12], "hlc": [921742, 9]}
INFO:<Node 7>:{"send": true, "recv": false, "from": 7, "to": 9, "vc": [15, 10, 9, 12, 16, 14, 14, 23, 10, 11], "hlc": [921741, 12]}
INFO:<Node 8>:{"send": true, "recv": false, "from": 8, "to": 5, "vc": [19, 15, 11, 20, 11, 10, 16, 19, 19, 12], "hlc": [921743, 7]}
INFO:<Node 0>:{"send": false, "recv": true, "to": 0, "from": 1, "vc": [21, 19, 13, 20, 11, 10, 16, 19, 16, 12], "hlc": [921745, 2]}
INFO:<Node 2>:{"send": false, "recv": true, "to": 2, "from": 0, "vc": [20, 17, 17, 20, 16, 14, 21, 22, 16, 12], "hlc": [921744, 5]}
INFO:<Node 3>:{"send": false, "recv": true, "to": 3, "from": 5, "vc": [18, 12, 11, 23, 17, 19, 16, 19, 12, 14], "hlc": [921743, 4]}
INFO:<Node 5>:{"send": false, "recv": true, "to": 5, "from": 8, "vc": [19, 15, 11, 20, 17, 20, 16, 19, 19, 12], "hlc": [921743, 8]}
INFO:<Node 7>:{"send": false, "recv": true, "to": 7, "from": 4, "vc": [18, 10, 12, 14, 21, 16, 16, 24, 10, 12], "hlc": [921742, 10]}
INFO:<Node 9>:{"send": false, "recv": true, "to": 9, "from": 7, "vc": [18, 10, 12, 14, 20, 16, 19, 23, 13, 17], "hlc": [921745, 1]}
INFO:<Node 1>:{"send": true, "recv": false, "from": 1, "to": 4, "vc": [16, 20, 13, 20, 11, 10, 12, 19, 16, 11], "hlc": [921745, 2]}
INFO:<Node 3>:{"send": true, "recv": false, "from": 3, "to": 9, "vc": [18, 12, 11, 24, 17, 19, 16, 19, 12, 14], "hlc": [921743, 5]}
INFO:<Node 4>:{"send": true, "recv": false, "from": 4, "to": 7, "vc": [18, 10, 12, 14, 22, 16, 16, 16, 10, 12], "hlc": [921742, 10]}
INFO:<Node 4>:{"send": false, "recv": true, "to": 4, "from": 1, "vc": [18, 20, 13, 20, 23, 16, 16, 19, 16, 12], "hlc": [921745, 3]}
INFO:<Node 7>:{"send": false, "recv": true, "to": 7, "from": 4, "vc": [18, 10, 12, 14, 22, 16, 16, 25, 10, 12], "hlc": [921742, 11]}
INFO:<Node 9>:{"send": false, "recv": true, "to": 9, "from": 3, "vc": [18, 12, 12, 24, 20, 19, 19, 23, 13, 18], "hlc": [921746, 0]}
INFO:<Node 1>:{"send": true, "recv": false, "from": 1, "to": 2, "vc": [16, 21, 13, 20, 11, 10, 12, 19, 16, 11], "hlc": [921746, 0]}
INFO:<Node 2>:{"send": true, "recv": false, "from": 2, "to": 8, "vc": [20, 17, 18, 20, 16, 14, 21, 22, 16, 12], "hlc": [921744, 6]}
INFO:<Node 4>:{"send": true, "recv": false, "from": 4, "to": 6, "vc": [18, 20, 13, 20, 24, 16, 16, 19, 16, 12], "hlc": [921745, 4]}
INFO:<Node 9>:{"send": true, "recv": false, "from": 9, "to": 8, "vc": [18, 12, 12, 24, 20, 19, 19, 23, 13, 19], "hlc": [921746, 1]}
INFO:<Node 2>:{"send": false, "recv": true, "to": 2, "from": 1, "vc": [20, 21, 19, 20, 16, 14, 21, 22, 16, 12], "hlc": [921746, 1]}
INFO:<Node 6>:{"send": false, "recv": true, "to": 6, "from": 4, "vc": [18, 20, 13, 20, 24, 16, 22, 21, 16, 12], "hlc": [921745, 5]}
INFO:<Node 8>:{"send": false, "recv": true, "to": 8, "from": 2, "vc": [20, 17, 18, 20, 16, 14, 21, 22, 20, 12], "hlc": [921744, 7]}
INFO:<Node 8>:{"send": false, "recv": true, "to": 8, "from": 9, "vc": [20, 17, 18, 24, 20, 19, 21, 23, 21, 19], "hlc": [921746, 2]}
INFO:<Node 0>:{"send": true, "recv": false, "from": 0, "to": 9, "vc": [22, 19, 13, 20, 11, 10, 16, 19, 16, 12], "hlc": [921745, 3]}
INFO:<Node 1>:{"send": true, "recv": false, "from": 1, "to": 3, "vc": [16, 22, 13, 20, 11, 10, 12, 19, 16, 11], "hlc": [921746, 1]}
INFO:<Node 3>:{"send": true, "recv": false, "from": 3, "to": 7, "vc": [18, 12, 11, 25, 17, 19, 16, 19, 12, 14], "hlc": [921743, 6]}
INFO:<Node 4>:{"send": true, "recv": false, "from": 4, "to": 5, "vc": [18, 20, 13, 20, 25, 16, 16, 19, 16, 12], "hlc": [921745, 5]}
INFO:<Node 5>:{"send": true, "recv": false, "from": 5, "to": 0, "vc": [19, 15, 11, 20, 17, 21, 16, 19, 19, 12], "hlc": [921743, 9]}
INFO:<Node 6>:{"send": true, "recv": false, "from": 6, "to": 5, "vc": [18, 20, 13, 20, 24, 16, 23, 21, 16, 12], "hlc": [921745, 6]}
INFO:<Node 7>:{"send": true, "recv": false, "from": 7, "to": 3, "vc": [18, 10, 12, 14, 22, 16, 16, 26, 10, 12], "hlc": [921742, 12]}
INFO:<Node 0>:{"send": false, "recv": true, "to": 0, "from": 5, "vc": [23, 19, 13, 20, 17, 21, 16, 19, 19, 12], "hlc": [921745, 4]}
INFO:<Node 3>:{"send": false, "recv": true, "to": 3, "from": 1, "vc": [18, 22, 13, 26, 17, 19, 16, 19, 16, 14], "hlc": [921746, 2]}
INFO:<Node 3>:{"send": false, "recv": true, "to": 3, "from": 7, "vc": [18, 22, 13, 27, 22, 19, 16, 26, 16, 14], "hlc": [921746, 3]}
INFO:<Node 5>:{"send": false, "recv": true, "to": 5, "from": 4, "vc": [19, 20, 13, 20, 25, 22, 16, 19, 19, 12], "hlc": [921745, 6]}
INFO:<Node 5>:{"send": false, "recv": true, "to": 5, "from": 6, "vc": [19, 20, 13, 20, 25, 23, 23, 21, 19, 12], "hlc": [921745, 7]}
INFO:<Node 7>:{"send": false, "recv": true, "to": 7, "from": 3, "vc": [18, 12, 12, 25, 22, 19, 16, 27, 12, 14], "hlc": [921743, 7]}
INFO:<Node 9>:{"send": false, "recv": true, "to": 9, "from": 0, "vc": [22, 19, 13, 24, 20, 19, 19, 23, 16, 20], "hlc": [921747, 0]}
INFO:<Node 0>:{"send": true, "recv": false, "from": 0, "to": 1, "vc": [24, 19, 13, 20, 17, 21, 16, 19, 19, 12], "hlc": [921745, 5]}
INFO:<Node 2>:{"send": true, "recv": false, "from": 2, "to": 9, "vc": [20, 21, 20, 20, 16, 14, 21, 22, 16, 12], "hlc": [921746, 2]}
INFO:<Node 3>:{"send": true, "recv": false, "from": 3, "to": 8, "vc": [18, 22, 13, 28, 22, 19, 16, 26, 16, 14], "hlc": [921746, 4]}
INFO:<Node 4>:{"send": true, "recv": false, "from": 4, "to": 2, "vc": [18, 20, 13, 20, 26, 16, 16, 19, 16, 12], "hlc": [921745, 6]}
INFO:<Node 6>:{"send": true, "recv": false, "from": 6, "to": 5, "vc": [18, 20, 13, 20, 24, 16, 24, 21, 16, 12], "hlc": [921745, 7]}
INFO:<Node 8>:{"send": true, "recv": false, "from": 8, "to": 9, "vc": [20, 17, 18, 24, 20, 19, 21, 23, 22, 19], "hlc": [921746, 3]}
INFO:<Node 9>:{"send": true, "recv": false, "from": 9, "to": 2, "vc": [22, 19, 13, 24, 20, 19, 19, 23, 16, 21], "hlc": [921747, 1]}
INFO:<Node 1>:{"send": false, "recv": true, "to": 1, "from": 0, "vc": [24, 23, 13, 20, 17, 21, 16, 19, 19, 12], "hlc": [921747, 0]}
INFO:<Node 2>:{"send": false, "recv": true, "to": 2, "from": 4, "vc": [20, 21, 21, 20, 26, 16, 21, 22, 16, 12], "hlc": [921746, 3]}
INFO:<Node 2>:{"send": false, "recv": true, "to": 2, "from": 9, "vc": [22, 21, 22, 24, 26, 19, 21, 23, 16, 21], "hlc": [921747, 2]}
INFO:<Node 5>:{"send": false, "recv": true, "to": 5, "from": 6, "vc": [19, 20, 13, 20, 25, 24, 24, 21, 19, 12], "hlc": [921745, 8]}
INFO:<Node 8>:{"send": false, "recv": true, "to": 8, "from": 3, "vc": [20, 22, 18, 28, 22, 19, 21, 26, 23, 19], "hlc": [921746, 5]}
INFO:<Node 9>:{"send": false, "recv": true, "to": 9, "from": 2, "vc": [22, 21, 20, 24, 20, 19, 21, 23, 16, 22], "hlc": [921747, 2]}
INFO:<Node 9>:{"send": false, "recv": true, "to": 9, "from": 8, "vc": [22, 21, 20, 24, 20, 19, 21, 23, 22, 23], "hlc": [921747, 3]}
INFO:<Node 1>:{"send": true, "recv": false, "from": 1, "to": 0, "vc": [24, 24, 13, 20, 17, 21, 16, 19, 19, 12], "hlc": [921747, 1]}
INFO:<Node 3>:{"send": true, "recv": false, "from": 3, "to": 6, "vc": [18, 22, 13, 29, 22, 19, 16, 26, 16, 14], "hlc": [921746, 5]}
INFO:<Node 4>:{"send": true, "recv": false, "from": 4, "to": 9, "vc": [18, 20, 13, 20, 27, 16, 16, 19, 16, 12], "hlc": [921745, 7]}
INFO:<Node 7>:{"send": true, "recv": false, "from": 7, "to": 1, "vc": [18, 12, 12, 25, 22, 19, 16, 28, 12, 14], "hlc": [921743, 8]}
INFO:<Node 9>:{"send": true, "recv": false, "from": 9, "to": 1, "vc": [22, 21, 20, 24, 20, 19, 21, 23, 22, 24], "hlc": [921747, 4]}
INFO:<Node 0>:{"send": false, "recv": true, "to": 0, "from": 1, "vc": [25, 24, 13, 20, 17, 21, 16, 19, 19, 12], "hlc": [921747, 2]}
INFO:<Node 1>:{"send": false, "recv": true, "to": 1, "from": 7, "vc": [24, 25, 13, 25, 22, 21, 16, 28, 19, 14], "hlc": [921748, 0]}
INFO:<Node 1>:{"send": false, "recv": true, "to": 1, "from": 9, "vc": [24, 26, 20, 25, 22, 21, 21, 28, 22, 24], "hlc": [921748, 1]}
INFO:<Node 6>:{"send": false, "recv": true, "to": 6, "from": 3, "vc": [18, 22, 13, 29, 24, 19, 25, 26, 16, 14], "hlc": [921746, 6]}
INFO:<Node 9>:{"send": false, "recv": true, "to": 9, "from": 4, "vc": [22, 21, 20, 24, 27, 19, 21, 23, 22, 25], "hlc": [921748, 0]}
INFO:<Node 1>:{"send": true, "recv": false, "from": 1, "to": 5, "vc": [24, 27, 20, 25, 22, 21, 21, 28, 22, 24], "hlc": [921748, 2]}
INFO:<Node 3>:{"send": true, "recv": false, "from": 3, "to": 0, "vc": [18, 22, 13, 30, 22, 19, 16, 26, 16, 14], "hlc": [921746, 6]}
INFO:<Node 5>:{"send": true, "recv": false, "from": 5, "to": 1, "vc": [19, 20, 13, 20, 25, 25, 24, 21, 19, 12], "hlc": [921745, 9]}
INFO:<Node 6>:{"send": true, "recv": false, "from": 6, "to": 5, "vc": [18, 22, 13, 29, 24, 19, 26, 26, 16, 14], "hlc": [921746, 7]}
INFO:<Node 7>:{"send": true, "recv": false, "from": 7, "to": 3, "vc": [18, 12, 12, 25, 22, 19, 16, 29, 12, 14], "hlc": [921743, 9]}
INFO:<Node 8>:{"send": true, "recv": false, "from": 8, "to": 7, "vc": [20, 22, 18, 28, 22, 19, 21, 26, 24, 19], "hlc": [921746, 6]}
INFO:<Node 0>:{"send": false, "recv": true, "to": 0, "from": 3, "vc": [26, 24, 13, 30, 22, 21, 16, 26, 19, 14], "hlc": [921747, 3]}
INFO:<Node 1>:{"send": false, "recv": true, "to": 1, "from": 5, "vc": [24, 28, 20, 25, 25, 25, 24, 28, 22, 24], "hlc": [921748, 3]}
INFO:<Node 3>:{"send": false, "recv": true, "to": 3, "from": 7, "vc": [18, 22, 13, 31, 22, 19, 16, 29, 16, 14], "hlc": [921746, 7]}
INFO:<Node 5>:{"send": false, "recv": true, "to": 5, "from": 1, "vc": [24, 27, 20, 25, 25, 26, 24, 28, 22, 24], "hlc": [921748, 3]}
INFO:<Node 5>:{"send": false, "recv": true, "to": 5, "from": 6, "vc": [24, 27, 20, 29, 25, 27, 26, 28, 22, 24], "hlc": [921748, 4]}
INFO:<Node 7>:{"send": false, "recv": true, "to": 7, "from": 8, "vc": [20, 22, 18, 28, 22, 19, 21, 30, 24, 19], "hlc": [921746, 7]}
INFO:<Node 0>:{"send": true, "recv": false, "from": 0, "to": 4, "vc": [27, 24, 13, 30, 22, 21, 16, 26, 19, 14], "hlc": [921747, 4]}
INFO:<Node 1>:{"send": true, "recv": false, "from": 1, "to": 9, "vc": [24, 29, 20, 25, 25, 25, 24, 28, 22, 24], "hlc": [921748, 4]}
INFO:<Node 2>:{"send": true, "recv": false, "from": 2, "to": 4, "vc": [22, 21, 23, 24, 26, 19, 21, 23, 16, 21], "hlc": [921747, 3]}
INFO:<Node 5>:{"send": true, "recv": false, "from": 5, "to": 7, "vc": [24, 27, 20, 29, 25, 28, 26, 28, 22, 24], "hlc": [921748, 5]}
INFO:<Node 6>:{"send": true, "recv": false, "from": 6, "to": 9, "vc": [18, 22, 13, 29, 24, 19, 27, 26, 16, 14], "hlc": [921746, 8]}
INFO:<Node 7>:{"send": true, "recv": false, "from": 7, "to": 5, "vc": [20, 22, 18, 28, 22, 19, 21, 31, 24, 19], "hlc": [921746, 8]}
INFO:<Node 8>:{"send": true, "recv": false, "from": 8, "to": 0, "vc": [20, 22, 18, 28, 22, 19, 21, 26, 25, 19], "hlc": [921746, 7]}
INFO:<Node 9>:{"send": true, "recv": false, "from": 9, "to": 0, "vc": [22, 21, 20, 24, 27, 19, 21, 23, 22, 26], "hlc": [921748, 1]}
INFO:<Node 0>:{"send": false, "recv": true, "to": 0, "from": 8, "vc": [28, 24, 18, 30, 22, 21, 21, 26, 25, 19], "hlc": [921747, 5]}
INFO:<Node 0>:{"send": false, "recv": true, "to": 0, "from": 9, "vc": [29, 24, 20, 30, 27, 21, 21, 26, 25, 26], "hlc": [921748, 2]}
INFO:<Node 4>:{"send": false, "recv": true, "to": 4, "from": 0, "vc": [27, 24, 13, 30, 28, 21, 16, 26, 19, 14], "hlc": [921747, 5]}
INFO:<Node 4>:{"send": false, "recv": true, "to": 4, "from": 2, "vc": [27, 24, 23, 30, 29, 21, 21, 26, 19, 21], "hlc": [921747, 6]}
INFO:<Node 5>:{"send": false, "recv": true, "to": 5, "from": 7, "vc": [24, 27, 20, 29, 25, 29, 26, 31, 24, 24], "hlc": [921748, 6]}
INFO:<Node 7>:{"send": false, "recv": true, "to": 7, "from": 5, "vc": [24, 27, 20, 29, 25, 28, 26, 32, 24, 24], "hlc": [921748, 6]}
INFO:<Node 9>:{"send": false, "recv": true, "to": 9, "from": 1, "vc": [24, 29, 20, 25, 27, 25, 24, 28, 22, 27], "hlc": [921749, 0]}
INFO:<Node 9>:{"send": false, "recv": true, "to": 9, "from": 6, "vc": [24, 29, 20, 29, 27, 25, 27, 28, 22, 28], "hlc": [921749, 1]}
INFO:<Node 0>:{"send": true, "recv": false, "from": 0, "to": 1, "vc": [30, 24, 20, 30, 27, 21, 21, 26, 25, 26], "hlc": [921748, 3]}
INFO:<Node 1>:{"send": true, "recv": false, "from": 1, "to": 9, "vc": [24, 30, 20, 25, 25, 25, 24, 28, 22, 24], "hlc": [921749, 0]}
INFO:<Node 2>:{"send": true, "recv": false, "from": 2, "to": 9, "vc": [22, 21, 24, 24, 26, 19, 21, 23, 16, 21], "hlc": [921747, 4]}
INFO:<Node 3>:{"send": true, "recv": false, "from": 3, "to": 0, "vc": [18, 22, 13, 32, 22, 19, 16, 29, 16, 14], "hlc": [921746, 8]}
INFO:<Node 4>:{"send": true, "recv": false, "from": 4, "to": 1, "vc": [27, 24, 23, 30, 30, 21, 21, 26, 19, 21], "hlc": [921747, 7]}
INFO:<Node 5>:{"send": true, "recv": false, "from": 5, "to": 4, "vc": [24, 27, 20, 29, 25, 30, 26, 31, 24, 24], "hlc": [921748, 7]}
INFO:<Node 7>:{"send": true, "recv": false, "from": 7, "to": 0, "vc": [24, 27, 20, 29, 25, 28, 26, 33, 24, 24], "hlc": [921748, 7]}
INFO:<Node 9>:{"send": true, "recv": false, "from": 9, "to": 5, "vc": [24, 29, 20, 29, 27, 25, 27, 28, 22, 29], "hlc": [921749, 2]}
INFO:<Node 0>:{"send": false, "recv": true, "to": 0, "from": 3, "vc": [31, 24, 20, 32, 27, 21, 21, 29, 25, 26], "hlc": [921748, 4]}
INFO:<Node 0>:{"send": false, "recv": true, "to": 0, "from": 7, "vc": [32, 27, 20, 32, 27, 28, 26, 33, 25, 26], "hlc": [921748, 8]}
INFO:<Node 1>:{"send": false, "recv": true, "to": 1, "from": 0, "vc": [30, 31, 20, 30, 27, 25, 24, 28, 25, 26], "hlc": [921749, 1]}
INFO:<Node 1>:{"send": false, "recv": true, "to": 1, "from": 4, "vc": [30, 32, 23, 30, 30, 25, 24, 28, 25, 26], "hlc": [921749, 2]}
INFO:<Node 4>:{"send": false, "recv": true, "to": 4, "from": 5, "vc": [27, 27, 23, 30, 31, 30, 26, 31, 24, 24], "hlc": [921748, 8]}
INFO:<Node 5>:{"send": false, "recv": true, "to": 5, "from": 9, "vc": [24, 29, 20, 29, 27, 31, 27, 31, 24, 29], "hlc": [921749, 3]}
INFO:<Node 9>:{"send": false, "recv": true, "to": 9, "from": 1, "vc": [24, 30, 20, 29, 27, 25, 27, 28, 22, 30], "hlc": [921749, 3]}
INFO:<Node 9>:{"send": false, "recv": true, "to": 9, "from": 2, "vc": [24, 30, 24, 29, 27, 25, 27, 28, 22, 31], "hlc": [921749, 4]}
INFO:<Node 1>:{"send": true, "recv": false, "from": 1, "to": 5, "vc": [30, 33, 23, 30, 30, 25, 24, 28, 25, 26], "hlc": [921749, 3]}
INFO:<Node 3>:{"send": true, "recv": false, "from": 3, "to": 2, "vc": [18, 22, 13, 33, 22, 19, 16, 29, 16, 14], "hlc": [921746, 9]}
INFO:<Node 5>:{"send": true, "recv": false, "from": 5, "to": 3, "vc": [24, 29, 20, 29, 27, 32, 27, 31, 24, 29], "hlc": [921749, 4]}
INFO:<Node 6>:{"send": true, "recv": false, "from": 6, "to": 8, "vc": [18, 22, 13, 29, 24, 19, 28, 26, 16, 14], "hlc": [921746, 9]}
INFO:<Node 7>:{"send": true, "recv": false, "from": 7, "to": 3, "vc": [24, 27, 20, 29, 25, 28, 26, 34, 24, 24], "hlc": [921748, 8]}
INFO:<Node 8>:{"send": true, "recv": false, "from": 8, "to": 3, "vc": [20, 22, 18, 28, 22, 19, 21, 26, 26, 19], "hlc": [921746, 8]}
INFO:<Node 9>:{"send": true, "recv": false, "from": 9, "to": 6, "vc": [24, 30, 24, 29, 27, 25, 27, 28, 22, 32], "hlc": [921749, 5]}
INFO:<Node 2>:{"send": false, "recv": true, "to": 2, "from": 3, "vc": [22, 22, 25, 33, 26, 19, 21, 29, 16, 21], "hlc": [921747, 5]}
INFO:<Node 3>:{"send": false, "recv": true, "to": 3, "from": 5, "vc": [24, 29, 20, 34, 27, 32, 27, 31, 24, 29], "hlc": [921749, 5]}
INFO:<Node 3>:{"send": false, "recv": true, "to": 3, "from": 7, "vc": [24, 29, 20, 35, 27, 32, 27, 34, 24, 29], "hlc": [921749, 6]}
INFO:<Node 3>:{"send": false, "recv": true, "to": 3, "from": 8, "vc": [24, 29, 20, 36, 27, 32, 27, 34, 26, 29], "hlc": [921749, 7]}
INFO:<Node 5>:{"send": false, "recv": true, "to": 5, "from": 1, "vc": [30, 33, 23, 30, 30, 33, 27, 31, 25, 29], "hlc": [921749, 5]}
INFO:<Node 6>:{"send": false, "recv": true, "to": 6, "from": 9, "vc": [24, 30, 24, 29, 27, 25, 29, 28, 22, 32], "hlc": [921749, 6]}
INFO:<Node 8>:{"send": false, "recv": true, "to": 8, "from": 6, "vc": [20, 22, 18, 29, 24, 19, 28, 26, 27, 19], "hlc": [921746, 10]}
INFO:<Node 0>:{"send": true, "recv": false, "from": 0, "to": 8, "vc": [33, 27, 20, 32, 27, 28, 26, 33, 25, 26], "hlc": [921748, 9]}
INFO:<Node 2>:{"send": true, "recv": false, "from": 2, "to": 6, "vc": [22, 22, 26, 33, 26, 19, 21, 29, 16, 21], "hlc": [921747, 6]}
INFO:<Node 4>:{"send": true, "recv": false, "from": 4, "to": 8, "vc": [27, 27, 23, 30, 32, 30, 26, 31, 24, 24], "hlc": [921748, 9]}
INFO:<Node 5>:{"send": true, "recv": false, "from": 5, "to": 6, "vc": [30, 33, 23, 30, 30, 34, 27, 31, 25, 29], "hlc": [921749, 6]}
INFO:<Node 7>:{"send": true, "recv": false, "from": 7, "to": 0, "vc": [24, 27, 20, 29, 25, 28, 26, 35, 24, 24], "hlc": [921748, 9]}
INFO:<Node 0>:{"send": false, "recv": true, "to": 0, "from": 7, "vc": [34, 27, 20, 32, 27, 28, 26, 35, 25, 26], "hlc": [921748, 10]}
INFO:<Node 6>:{"send": false, "recv": true, "to": 6, "from": 2, "vc": [24, 30, 26, 33, 27, 25, 30, 29, 22, 32], "hlc": [921749, 7]}
INFO:<Node 6>:{"send": false, "recv": true, "to": 6, "from": 5, "vc": [30, 33, 26, 33, 30, 34, 31, 31, 25, 32], "hlc": [921749, 8]}
INFO:<Node 8>:{"send": false, "recv": true, "to": 8, "from": 0, "vc": [33, 27, 20, 32, 27, 28, 28, 33, 28, 26], "hlc": [921748, 10]}
INFO:<Node 8>:{"send": false, "recv": true, "to": 8, "from": 4, "vc": [33, 27, 23, 32, 32, 30, 28, 33, 29, 26], "hlc": [921748, 11]}
INFO:<Node 0>:{"send": true, "recv": false, "from": 0, "to": 7, "vc": [35, 27, 20, 32, 27, 28, 26, 35, 25, 26], "hlc": [921748, 11]}
INFO:<Node 2>:{"send": true, "recv": false, "from": 2, "to": 4, "vc": [22, 22, 27, 33, 26, 19, 21, 29, 16, 21], "hlc": [921748, 0]}
INFO:<Node 5>:{"send": true, "recv": false, "from": 5, "to": 3, "vc": [30, 33, 23, 30, 30, 35, 27, 31, 25, 29], "hlc": [921749, 7]}
INFO:<Node 6>:{"send": true, "recv": false, "from": 6, "to": 0, "vc": [30, 33, 26, 33, 30, 34, 32, 31, 25, 32], "hlc": [921749, 9]}
INFO:<Node 0>:{"send": false, "recv": true, "to": 0, "from": 6, "vc": [36, 33, 26, 33, 30, 34, 32, 35, 25, 32], "hlc": [921749, 10]}
INFO:<Node 3>:{"send": false, "recv": true, "to": 3, "from": 5, "vc": [30, 33, 23, 37, 30, 35, 27, 34, 26, 29], "hlc": [921749, 8]}
INFO:<Node 4>:{"send": false, "recv": true, "to": 4, "from": 2, "vc": [27, 27, 27, 33, 33, 30, 26, 31, 24, 24], "hlc": [921748, 10]}
INFO:<Node 7>:{"send": false, "recv": true, "to": 7, "from": 0, "vc": [35, 27, 20, 32, 27, 28, 26, 36, 25, 26], "hlc": [921748, 12]}
INFO:<Node 2>:{"send": true, "recv": false, "from": 2, "to": 6, "vc": [22, 22, 28, 33, 26, 19, 21, 29, 16, 21], "hlc": [921748, 1]}
INFO:<Node 3>:{"send": true, "recv": false, "from": 3, "to": 9, "vc": [30, 33, 23, 38, 30, 35, 27, 34, 26, 29], "hlc": [921749, 9]}
INFO:<Node 5>:{"send": true, "recv": false, "from": 5, "to": 3, "vc": [30, 33, 23, 30, 30, 36, 27, 31, 25, 29], "hlc": [921749, 8]}
INFO:<Node 6>:{"send": true, "recv": false, "from": 6, "to": 3, "vc": [30, 33, 26, 33, 30, 34, 33, 31, 25, 32], "hlc": [921749, 10]}
INFO:<Node 7>:{"send": true, "recv": false, "from": 7, "to": 8, "vc": [35, 27, 20, 32, 27, 28, 26, 37, 25, 26], "hlc": [921748, 13]}
INFO:<Node 9>:{"send": true, "recv": false, "from": 9, "to": 3, "vc": [24, 30, 24, 29, 27, 25, 27, 28, 22, 33], "hlc": [921751, 0]}
INFO:<Node 3>:{"send": false, "recv": true, "to": 3, "from": 5, "vc": [30, 33, 23, 39, 30, 36, 27, 34, 26, 29], "hlc": [921749, 10]}
INFO:<Node 3>:{"send": false, "recv": true, "to": 3, "from": 6, "vc": [30, 33, 26, 40, 30, 36, 33, 34, 26, 32], "hlc": [921749, 11]}
INFO:<Node 3>:{"send": false, "recv": true, "to": 3, "from": 9, "vc": [30, 33, 26, 41, 30, 36, 33, 34, 26, 33], "hlc": [921751, 1]}
INFO:<Node 6>:{"send": false, "recv": true, "to": 6, "from": 2, "vc": [30, 33, 28, 33, 30, 34, 34, 31, 25, 32], "hlc": [921749, 11]}
INFO:<Node 8>:{"send": false, "recv": true, "to": 8, "from": 7, "vc": [35, 27, 23, 32, 32, 30, 28, 37, 30, 26], "hlc": [921748, 14]}
INFO:<Node 9>:{"send": false, "recv": true, "to": 9, "from": 3, "vc": [30, 33, 24, 38, 30, 35, 27, 34, 26, 34], "hlc": [921751, 1]}
INFO:<Node 0>:{"send": true, "recv": false, "from": 0, "to": 7, "vc": [37, 33, 26, 33, 30, 34, 32, 35, 25, 32], "hlc": [921749, 11]}
INFO:<Node 1>:{"send": true, "recv": false, "from": 1, "to": 7, "vc": [30, 34, 23, 30, 30, 25, 24, 28, 25, 26], "hlc": [921751, 0]}
INFO:<Node 3>:{"send": true, "recv": false, "from": 3, "to": 2, "vc": [30, 33, 26, 42, 30, 36, 33, 34, 26, 33], "hlc": [921751, 2]}
INFO:<Node 8>:{"send": true, "recv": false, "from": 8, "to": 5, "vc": [35, 27, 23, 32, 32, 30, 28, 37, 31, 26], "hlc": [921748, 15]}
INFO:<Node 2>:{"send": false, "recv": true, "to": 2, "from": 3, "vc": [30, 33, 29, 42, 30, 36, 33, 34, 26, 33], "hlc": [921751, 3]}
INFO:<Node 5>:{"send": false, "recv": true, "to": 5, "from": 8, "vc": [35, 33, 23, 32, 32, 37, 28, 37, 31, 29], "hlc": [921749, 9]}
INFO:<Node 7>:{"send": false, "recv": true, "to": 7, "from": 0, "vc": [37, 33, 26, 33, 30, 34, 32, 38, 25, 32], "hlc": [921749, 12]}
INFO:<Node 7>:{"send": false, "recv": true, "to": 7, "from": 1, "vc": [37, 34, 26, 33, 30, 34, 32, 39, 25, 32], "hlc": [921751, 1]}
INFO:<Node 1>:{"send": true, "recv": false, "from": 1, "to": 3, "vc": [30, 35, 23, 30, 30, 25, 24, 28, 25, 26], "hlc": [921752, 0]}
INFO:<Node 2>:{"send": true, "recv": false, "from": 2, "to": 5, "vc": [30, 33, 30, 42, 30, 36, 33, 34, 26, 33], "hlc": [921751, 4]}
INFO:<Node 3>:{"send": true, "recv": false, "from": 3, "to": 5, "vc": [30, 33, 26, 43, 30, 36, 33, 34, 26, 33], "hlc": [921751, 3]}
INFO:<Node 6>:{"send": true, "recv": false, "from": 6, "to": 7, "vc": [30, 33, 28, 33, 30, 34, 35, 31, 25, 32], "hlc": [921749, 12]}
INFO:<Node 8>:{"send": true, "recv": false, "from": 8, "to": 7, "vc": [35, 27, 23, 32, 32, 30, 28, 37, 32, 26], "hlc": [921748, 16]}
INFO:<Node 9>:{"send": true, "recv": false, "from": 9, "to": 0, "vc": [30, 33, 24, 38, 30, 35, 27, 34, 26, 35], "hlc": [921752, 0]}
INFO:<Node 0>:{"send": false, "recv": true, "to": 0, "from": 9, "vc": [38, 33, 26, 38, 30, 35, 32, 35, 26, 35], "hlc": [921752, 1]}
INFO:<Node 3>:{"send": false, "recv": true, "to": 3, "from": 1, "vc": [30, 35, 26, 44, 30, 36, 33, 34, 26, 33], "hlc": [921752, 1]}
INFO:<Node 5>:{"send": false, "recv": true, "to": 5, "from": 2, "vc": [35, 33, 30, 42, 32, 38, 33, 37, 31, 33], "hlc": [921751, 5]}
INFO:<Node 5>:{"send": false, "recv": true, "to": 5, "from": 3, "vc": [35, 33, 30, 43, 32, 39, 33, 37, 31, 33], "hlc": [921751, 6]}
INFO:<Node 7>:{"send": false, "recv": true, "to": 7, "from": 6, "vc": [37, 34, 28, 33, 30, 34, 35, 40, 25, 32], "hlc": [921751, 2]}
INFO:<Node 7>:{"send": false, "recv": true, "to": 7, "from": 8, "vc": [37, 34, 28, 33, 32, 34, 35, 41, 32, 32], "hlc": [921751, 3]}
INFO:<Node 0>:{"send": true, "recv": false, "from": 0, "to": 1, "vc": [39, 33, 26, 38, 30, 35, 32, 35, 26, 35], "hlc": [921752, 2]}
INFO:<Node 1>:{"send": true, "recv": false, "from": 1, "to": 0, "vc": [30, 36, 23, 30, 30, 25, 24, 28, 25, 26], "hlc": [921752, 1]}
INFO:<Node 4>:{"send": true, "recv": false, "from": 4, "to": 2, "vc": [27, 27, 27, 33, 34, 30, 26, 31, 24, 24], "hlc": [921748, 11]}
INFO:<Node 5>:{"send": true, "recv": false, "from": 5, "to": 8, "vc": [35, 33, 30, 43, 32, 40, 33, 37, 31, 33], "hlc": [921751, 7]}
INFO:<Node 6>:{"send": true, "recv": false, "from": 6, "to": 5, "vc": [30, 33, 28, 33, 30, 34, 36, 31, 25, 32], "hlc": [921749, 13]}
INFO:<Node 7>:{"send": true, "recv": false, "from": 7, "to": 3, "vc": [37, 34, 28, 33, 32, 34, 35, 42, 32, 32], "hlc": [921751, 4]}
INFO:<Node 0>:{"send": false, "recv": true, "to": 0, "from": 1, "vc": [40, 36, 26, 38, 30, 35, 32, 35, 26, 35], "hlc": [921752, 3]}
INFO:<Node 1>:{"send": false, "recv": true, "to": 1, "from": 0, "vc": [39, 37, 26, 38, 30, 35, 32, 35, 26, 35], "hlc": [921753, 0]}
INFO:<Node 2>:{"send": false, "recv": true, "to": 2, "from": 4, "vc": [30, 33, 31, 42, 34, 36, 33, 34, 26, 33], "hlc": [921751, 5]}
INFO:<Node 3>:{"send": false, "recv": true, "to": 3, "from": 7, "vc": [37, 35, 28, 45, 32, 36, 35, 42, 32, 33], "hlc": [921752, 2]}
INFO:<Node 5>:{"send": false, "recv": true, "to": 5, "from": 6, "vc": [35, 33, 30, 43, 32, 41, 36, 37, 31, 33], "hlc": [921751, 8]}
INFO:<Node 8>:{"send": false, "recv": true, "to": 8, "from": 5, "vc": [35, 33, 30, 43, 32, 40, 33, 37, 33, 33], "hlc": [921751, 8]}
INFO:<Node 0>:{"send": true, "recv": false, "from": 0, "to": 3, "vc": [41, 36, 26, 38, 30, 35, 32, 35, 26, 35], "hlc": [921752, 4]}
INFO:<Node 1>:{"send": true, "recv": false, "from": 1, "to": 3, "vc": [39, 38, 26, 38, 30, 35, 32, 35, 26, 35], "hlc": [921753, 1]}
INFO:<Node 2>:{"send": true, "recv": false, "from": 2, "to": 1, "vc": [30, 33, 32, 42, 34, 36, 33, 34, 26, 33], "hlc": [921751, 6]}
INFO:<Node 3>:{"send": true, "recv": false, "from": 3, "to": 4, "vc": [37, 35, 28, 46, 32, 36, 35, 42, 32, 33], "hlc": [921752, 3]}
INFO:<Node 5>:{"send": true, "recv": false, "from": 5, "to": 9, "vc": [35, 33, 30, 43, 32, 42, 36, 37, 31, 33], "hlc": [921751, 9]}
INFO:<Node 9>:{"send": true, "recv": false, "from": 9, "to": 3, "vc": [30, 33, 24, 38, 30, 35, 27, 34, 26, 36], "hlc": [921753, 0]}
INFO:<Node 1>:{"send": false, "recv": true, "to": 1, "from": 2, "vc": [39, 39, 32, 42, 34, 36, 33, 35, 26, 35], "hlc": [921753, 2]}
INFO:<Node 3>:{"send": false, "recv": true, "to": 3, "from": 0, "vc": [41, 36, 28, 47, 32, 36, 35, 42, 32, 35], "hlc": [921752, 5]}
INFO:<Node 3>:{"send": false, "recv": true, "to": 3, "from": 1, "vc": [41, 38, 28, 48, 32, 36, 35, 42, 32, 35], "hlc": [921753, 2]}
INFO:<Node 3>:{"send": false, "recv": true, "to": 3, "from": 9, "vc": [41, 38, 28, 49, 32, 36, 35, 42, 32, 36], "hlc": [921753, 3]}
INFO:<Node 4>:{"send": false, "recv": true, "to": 4, "from": 3, "vc": [37, 35, 28, 46, 35, 36, 35, 42, 32, 33], "hlc": [921752, 4]}
INFO:<Node 9>:{"send": false, "recv": true, "to": 9, "from": 5, "vc": [35, 33, 30, 43, 32, 42, 36, 37, 31, 37], "hlc": [921753, 1]}
INFO:<Node 0>:{"send": true, "recv": false, "from": 0, "to": 3, "vc": [42, 36, 26, 38, 30, 35, 32, 35, 26, 35], "hlc": [921752, 5]}
INFO:<Node 1>:{"send": true, "recv": false, "from": 1, "to": 9, "vc": [39, 40, 32, 42, 34, 36, 33, 35, 26, 35], "hlc": [921753, 3]}
INFO:<Node 2>:{"send": true, "recv": false, "from": 2, "to": 4, "vc": [30, 33, 33, 42, 34, 36, 33, 34, 26, 33], "hlc": [921751, 7]}
INFO:<Node 4>:{"send": true, "recv": false, "from": 4, "to": 0, "vc": [37, 35, 28, 46, 36, 36, 35, 42, 32, 33], "hlc": [921752, 5]}
INFO:<Node 8>:{"send": true, "recv": false, "from": 8, "to": 3, "vc": [35, 33, 30, 43, 32, 40, 33, 37, 34, 33], "hlc": [921751, 9]}
INFO:<Node 9>:{"send": true, "recv": false, "from": 9, "to": 1, "vc": [35, 33, 30, 43, 32, 42, 36, 37, 31, 38], "hlc": [921753, 2]}
INFO:<Node 0>:{"send": false, "recv": true, "to": 0, "from": 4, "vc": [43, 36, 28, 46, 36, 36, 35, 42, 32, 35], "hlc": [921752, 6]}
INFO:<Node 1>:{"send": false, "recv": true, "to": 1, "from": 9, "vc": [39, 41, 32, 43, 34, 42, 36, 37, 31, 38], "hlc": [921754, 0]}
INFO:<Node 3>:{"send": false, "recv": true, "to": 3, "from": 0, "vc": [42, 38, 28, 50, 32, 36, 35, 42, 32, 36], "hlc": [921753, 4]}
INFO:<Node 3>:{"send": false, "recv": true, "to": 3, "from": 8, "vc": [42, 38, 30, 51, 32, 40, 35, 42, 34, 36], "hlc": [921753, 5]}
INFO:<Node 4>:{"send": false, "recv": true, "to": 4, "from": 2, "vc": [37, 35, 33, 46, 37, 36, 35, 42, 32, 33], "hlc": [921752, 6]}
INFO:<Node 9>:{"send": false, "recv": true, "to": 9, "from": 1, "vc": [39, 40, 32, 43, 34, 42, 36, 37, 31, 39], "hlc": [921754, 0]}
INFO:<Node 0>:{"send": true, "recv": false, "from": 0, "to": 5, "vc": [44, 36, 28, 46, 36, 36, 35, 42, 32, 35], "hlc": [921752, 7]}
INFO:<Node 2>:{"send": true, "recv": false, "from": 2, "to": 4, "vc": [30, 33, 34, 42, 34, 36, 33, 34, 26, 33], "hlc": [921751, 8]}
INFO:<Node 3>:{"send": true, "recv": false, "from": 3, "to": 8, "vc": [42, 38, 30, 52, 32, 40, 35, 42, 34, 36], "hlc": [921753, 6]}
INFO:<Node 4>:{"send": true, "recv": false, "from": 4, "to": 2, "vc": [37, 35, 33, 46, 38, 36, 35, 42, 32, 33], "hlc": [921752, 7]}
INFO:<Node 7>:{"send": true, "recv": false, "from": 7, "to": 4, "vc": [37, 34, 28, 33, 32, 34, 35, 43, 32, 32], "hlc": [921751, 5]}
INFO:<Node 9>:{"send": true, "recv": false, "from": 9, "to": 5, "vc": [39, 40, 32, 43, 34, 42, 36, 37, 31, 40], "hlc": [921754, 1]}
INFO:<Node 2>:{"send": false, "recv": true, "to": 2, "from": 4, "vc": [37, 35, 35, 46, 38, 36, 35, 42, 32, 33], "hlc": [921752, 8]}
INFO:<Node 4>:{"send": false, "recv": true, "to": 4, "from": 2, "vc": [37, 35, 34, 46, 39, 36, 35, 42, 32, 33], "hlc": [921752, 8]}
INFO:<Node 4>:{"send": false, "recv": true, "to": 4, "from": 7, "vc": [37, 35, 34, 46, 40, 36, 35, 43, 32, 33], "hlc": [921752, 9]}
INFO:<Node 5>:{"send": false, "recv": true, "to": 5, "from": 0, "vc": [44, 36, 30, 46, 36, 43, 36, 42, 32, 35], "hlc": [921752, 8]}
INFO:<Node 5>:{"send": false, "recv": true, "to": 5, "from": 9, "vc": [44, 40, 32, 46, 36, 44, 36, 42, 32, 40], "hlc": [921754, 2]}
INFO:<Node 8>:{"send": false, "recv": true, "to": 8, "from": 3, "vc": [42, 38, 30, 52, 32, 40, 35, 42, 35, 36], "hlc": [921753, 7]}
INFO:<Node 0>:{"send": true, "recv": false, "from": 0, "to": 8, "vc": [45, 36, 28, 46, 36, 36, 35, 42, 32, 35], "hlc": [921752, 8]}
INFO:<Node 1>:{"send": true, "recv": false, "from": 1, "to": 0, "vc": [39, 42, 32, 43, 34, 42, 36, 37, 31, 38], "hlc": [921754, 1]}
INFO:<Node 3>:{"send": true, "recv": false, "from": 3, "to": 4, "vc": [42, 38, 30, 53, 32, 40, 35, 42, 34, 36], "hlc": [921753, 7]}
INFO:<Node 5>:{"send": true, "recv": false, "from": 5, "to": 8, "vc": [44, 40, 32, 46, 36, 45, 36, 42, 32, 40], "hlc": [921754, 3]}
INFO:<Node 6>:{"send": true, "recv": false, "from": 6, "to": 7, "vc": [30, 33, 28, 33, 30, 34, 37, 31, 25, 32], "hlc": [921749, 14]}
INFO:<Node 8>:{"send": true, "recv": false, "from": 8, "to": 5, "vc": [42, 38, 30, 52, 32, 40, 35, 42, 36, 36], "hlc": [921753, 8]}
INFO:<Node 9>:{"send": true, "recv": false, "from": 9, "to": 4, "vc": [39, 40, 32, 43, 34, 42, 36, 37, 31, 41], "hlc": [921754, 2]}
INFO:<Node 0>:{"send": false, "recv": true, "to": 0, "from": 1, "vc": [46, 42, 32, 46, 36, 42, 36, 42, 32, 38], "hlc": [921754, 2]}
INFO:<Node 4>:{"send": false, "recv": true, "to": 4, "from": 3, "vc": [42, 38, 34, 53, 41, 40, 35, 43, 34, 36], "hlc": [921753, 8]}
INFO:<Node 4>:{"send": false, "recv": true, "to": 4, "from": 9, "vc": [42, 40, 34, 53, 42, 42, 36, 43, 34, 41], "hlc": [921754, 3]}
INFO:<Node 5>:{"send": false, "recv": true, "to": 5, "from": 8, "vc": [44, 40, 32, 52, 36, 46, 36, 42, 36, 40], "hlc": [921754, 4]}
INFO:<Node 7>:{"send": false, "recv": true, "to": 7, "from": 6, "vc": [37, 34, 28, 33, 32, 34, 37, 44, 32, 32], "hlc": [921751, 6]}
INFO:<Node 8>:{"send": false, "recv": true, "to": 8, "from": 0, "vc": [45, 38, 30, 52, 36, 40, 35, 42, 37, 36], "hlc": [921753, 9]}
INFO:<Node 8>:{"send": false, "recv": true, "to": 8, "from": 5, "vc": [45, 40, 32, 52, 36, 45, 36, 42, 38, 40], "hlc": [921754, 4]}
INFO:<Node 1>:{"send": true, "recv": false, "from": 1, "to": 3, "vc": [39, 43, 32, 43, 34, 42, 36, 37, 31, 38], "hlc": [921755, 0]}
INFO:<Node 2>:{"send": true, "recv": false, "from": 2, "to": 5, "vc": [37, 35, 36, 46, 38, 36, 35, 42, 32, 33], "hlc": [921752, 9]}
INFO:<Node 4>:{"send": true, "recv": false, "from": 4, "to": 3, "vc": [42, 40, 34, 53, 43, 42, 36, 43, 34, 41], "hlc": [921754, 4]}
INFO:<Node 5>:{"send": true, "recv": false, "from": 5, "to": 3, "vc": [44, 40, 32, 52, 36, 47, 36, 42, 36, 40], "hlc": [921754, 5]}
INFO:<Node 8>:{"send": true, "recv": false, "from": 8, "to": 2, "vc": [45, 40, 32, 52, 36, 45, 36, 42, 39, 40], "hlc": [921754, 5]}
INFO:<Node 9>:{"send": true, "recv": false, "from": 9, "to": 7, "vc": [39, 40, 32, 43, 34, 42, 36, 37, 31, 42], "hlc": [921755, 0]}
INFO:<Node 2>:{"send": false, "recv": true, "to": 2, "from": 8, "vc": [45, 40, 37, 52, 38, 45, 36, 42, 39, 40], "hlc": [921754, 6]}
INFO:<Node 3>:{"send": false, "recv": true, "to": 3, "from": 1, "vc": [42, 43, 32, 54, 34, 42, 36, 42, 34, 38], "hlc": [921755, 1]}
INFO:<Node 3>:{"send": false, "recv": true, "to": 3, "from": 4, "vc": [42, 43, 34, 55, 43, 42, 36, 43, 34, 41], "hlc": [921755, 2]}
INFO:<Node 3>:{"send": false, "recv": true, "to": 3, "from": 5, "vc": [44, 43, 34, 56, 43, 47, 36, 43, 36, 41], "hlc": [921755, 3]}
INFO:<Node 5>:{"send": false, "recv": true, "to": 5, "from": 2, "vc": [44, 40, 36, 52, 38, 48, 36, 42, 36, 40], "hlc": [921754, 6]}
INFO:<Node 7>:{"send": false, "recv": true, "to": 7, "from": 9, "vc": [39, 40, 32, 43, 34, 42, 37, 45, 32, 42], "hlc": [921755, 1]}
INFO:<Node 0>:{"send": true, "recv": false, "from": 0, "to": 8, "vc": [47, 42, 32, 46, 36, 42, 36, 42, 32, 38], "hlc": [921754, 3]}
INFO:<Node 2>:{"send": true, "recv": false, "from": 2, "to": 0, "vc": [45, 40, 38, 52, 38, 45, 36, 42, 39, 40], "hlc": [921754, 7]}
INFO:<Node 3>:{"send": true, "recv": false, "from": 3, "to": 7, "vc": [44, 43, 34, 57, 43, 47, 36, 43, 36, 41], "hlc": [921755, 4]}
INFO:<Node 4>:{"send": true, "recv": false, "from": 4, "to": 6, "vc": [42, 40, 34, 53, 44, 42, 36, 43, 34, 41], "hlc": [921754, 5]}
INFO:<Node 9>:{"send": true, "recv": false, "from": 9, "to": 8, "vc": [39, 40, 32, 43, 34, 42, 36, 37, 31, 43], "hlc": [921755, 1]}
INFO:<Node 0>:{"send": false, "recv": true, "to": 0, "from": 2, "vc": [48, 42, 38, 52, 38, 45, 36, 42, 39, 40], "hlc": [921754, 8]}
INFO:<Node 6>:{"send": false, "recv": true, "to": 6, "from": 4, "vc": [42, 40, 34, 53, 44, 42, 38, 43, 34, 41], "hlc": [921754, 6]}
INFO:<Node 7>:{"send": false, "recv": true, "to": 7, "from": 3, "vc": [44, 43, 34, 57, 43, 47, 37, 46, 36, 42], "hlc": [921755, 5]}
INFO:<Node 8>:{"send": false, "recv": true, "to": 8, "from": 0, "vc": [47, 42, 32, 52, 36, 45, 36, 42, 40, 40], "hlc": [921754, 6]}
INFO:<Node 8>:{"send": false, "recv": true, "to": 8, "from": 9, "vc": [47, 42, 32, 52, 36, 45, 36, 42, 41, 43], "hlc": [921755, 2]}
INFO:<Node 0>:{"send": true, "recv": false, "from": 0, "to": 6, "vc": [49, 42, 38, 52, 38, 45, 36, 42, 39, 40], "hlc": [921754, 9]}
INFO:<Node 2>:{"send": true, "recv": false, "from": 2, "to": 7, "vc": [45, 40, 39, 52, 38, 45, 36, 42, 39, 40], "hlc": [921754, 8]}
INFO:<Node 3>:{"send": true, "recv": false, "from": 3, "to": 7, "vc": [44, 43, 34, 58, 43, 47, 36, 43, 36, 41], "hlc": [921755, 5]}
INFO:<Node 5>:{"send": true, "recv": false, "from": 5, "to": 7, "vc": [44, 40, 36, 52, 38, 49, 36, 42, 36, 40], "hlc": [921754, 7]}
INFO:<Node 6>:{"send": true, "recv": false, "from": 6, "to": 8, "vc": [42, 40, 34, 53, 44, 42, 39, 43, 34, 41], "hlc": [921754, 7]}
INFO:<Node 7>:{"send": true, "recv": false, "from": 7, "to": 9, "vc": [44, 43, 34, 57, 43, 47, 37, 47, 36, 42], "hlc": [921755, 6]}
INFO:<Node 6>:{"send": false, "recv": true, "to": 6, "from": 0, "vc": [49, 42, 38, 53, 44, 45, 40, 43, 39, 41], "hlc": [921754, 10]}
INFO:<Node 7>:{"send": false, "recv": true, "to": 7, "from": 2, "vc": [45, 43, 39, 57, 43, 47, 37, 48, 39, 42], "hlc": [921755, 7]}
INFO:<Node 7>:{"send": false, "recv": true, "to": 7, "from": 3, "vc": [45, 43, 39, 58, 43, 47, 37, 49, 39, 42], "hlc": [921755, 8]}
INFO:<Node 7>:{"send": false, "recv": true, "to": 7, "from": 5, "vc": [45, 43, 39, 58, 43, 49, 37, 50, 39, 42], "hlc": [921755, 9]}
INFO:<Node 8>:{"send": false, "recv": true, "to": 8, "from": 6, "vc": [47, 42, 34, 53, 44, 45, 39, 43, 42, 43], "hlc": [921755, 3]}
INFO:<Node 9>:{"send": false, "recv": true, "to": 9, "from": 7, "vc": [44, 43, 34, 57, 43, 47, 37, 47, 36, 44], "hlc": [921756, 0]}
INFO:<Node 0>:{"send": true, "recv": false, "from": 0, "to": 7, "vc": [50, 42, 38, 52, 38, 45, 36, 42, 39, 40], "hlc": [921754, 10]}
INFO:<Node 1>:{"send": true, "recv": false, "from": 1, "to": 6, "vc": [39, 44, 32, 43, 34, 42, 36, 37, 31, 38], "hlc": [921756, 0]}
INFO:<Node 4>:{"send": true, "recv": false, "from": 4, "to": 2, "vc": [42, 40, 34, 53, 45, 42, 36, 43, 34, 41], "hlc": [921754, 6]}
INFO:<Node 5>:{"send": true, "recv": false, "from": 5, "to": 4, "vc": [44, 40, 36, 52, 38, 50, 36, 42, 36, 40], "hlc": [921754, 8]}
INFO:<Node 6>:{"send": true, "recv": false, "from": 6, "to": 9, "vc": [49, 42, 38, 53, 44, 45, 41, 43, 39, 41], "hlc": [921754, 11]}
INFO:<Node 7>:{"send": true, "recv": false, "from": 7, "to": 3, "vc": [45, 43, 39, 58, 43, 49, 37, 51, 39, 42], "hlc": [921755, 10]}
INFO:<Node 8>:{"send": true, "recv": false, "from": 8, "to": 0, "vc": [47, 42, 34, 53, 44, 45, 39, 43, 43, 43], "hlc": [921755, 4]}
INFO:<Node 9>:{"send": true, "recv": false, "from": 9, "to": 3, "vc": [44, 43, 34, 57, 43, 47, 37, 47, 36, 45], "hlc": [921756, 1]}
INFO:<Node 0>:{"send": false, "recv": true, "to": 0, "from": 8, "vc": [51, 42, 38, 53, 44, 45, 39, 43, 43, 43], "hlc": [921755, 5]}
INFO:<Node 2>:{"send": false, "recv": true, "to": 2, "from": 4, "vc": [45, 40, 40, 53, 45, 45, 36, 43, 39, 41], "hlc": [921754, 9]}
INFO:<Node 3>:{"send": false, "recv": true, "to": 3, "from": 7, "vc": [45, 43, 39, 59, 43, 49, 37, 51, 39, 42], "hlc": [921755, 11]}
INFO:<Node 3>:{"send": false, "recv": true, "to": 3, "from": 9, "vc": [45, 43, 39, 60, 43, 49, 37, 51, 39, 45], "hlc": [921756, 2]}
INFO:<Node 4>:{"send": false, "recv": true, "to": 4, "from": 5, "vc": [44, 40, 36, 53, 46, 50, 36, 43, 36, 41], "hlc": [921754, 9]}
INFO:<Node 6>:{"send": false, "recv": true, "to": 6, "from": 1, "vc": [49, 44, 38, 53, 44, 45, 42, 43, 39, 41], "hlc": [921756, 1]}
INFO:<Node 7>:{"send": false, "recv": true, "to": 7, "from": 0, "vc": [50, 43, 39, 58, 43, 49, 37, 52, 39, 42], "hlc": [921755, 11]}
INFO:<Node 9>:{"send": false, "recv": true, "to": 9, "from": 6, "vc": [49, 43, 38, 57, 44, 47, 41, 47, 39, 46], "hlc": [921757, 0]}
INFO:<Node 0>:{"send": true, "recv": false, "from": 0, "to": 8, "vc": [52, 42, 38, 53, 44, 45, 39, 43, 43, 43], "hlc": [921755, 6]}
INFO:<Node 1>:{"send": true, "recv": false, "from": 1, "to": 7, "vc": [39, 45, 32, 43, 34, 42, 36, 37, 31, 38], "hlc": [921757, 0]}
INFO:<Node 2>:{"send": true, "recv": false, "from": 2, "to": 8, "vc": [45, 40, 41, 53, 45, 45, 36, 43, 39, 41], "hlc": [921754, 10]}
INFO:<Node 6>:{"send": true, "recv": false, "from": 6, "to": 3, "vc": [49, 44, 38, 53, 44, 45, 43, 43, 39, 41], "hlc": [921756, 2]}
INFO:<Node 7>:{"send": true, "recv": false, "from": 7, "to": 2, "vc": [50, 43, 39, 58, 43, 49, 37, 53, 39, 42], "hlc": [921755, 12]}
INFO:<Node 8>:{"send": true, "recv": false, "from": 8, "to": 2, "vc": [47, 42, 34, 53, 44, 45, 39, 43, 44, 43], "hlc": [921755, 5]}
INFO:<Node 9>:{"send": true, "recv": false, "from": 9, "to": 0, "vc": [49, 43, 38, 57, 44, 47, 41, 47, 39, 47], "hlc": [921757, 1]}
INFO:<Node 0>:{"send": false, "recv": true, "to": 0, "from": 9, "vc": [53, 43, 38, 57, 44, 47, 41, 47, 43, 47], "hlc": [921757, 2]}
INFO:<Node 2>:{"send": false, "recv": true, "to": 2, "from": 7, "vc": [50, 43, 42, 58, 45, 49, 37, 53, 39, 42], "hlc": [921755, 13]}
INFO:<Node 2>:{"send": false, "recv": true, "to": 2, "from": 8, "vc": [50, 43, 43, 58, 45, 49, 39, 53, 44, 43], "hlc": [921755, 14]}
INFO:<Node 3>:{"send": false, "recv": true, "to": 3, "from": 6, "vc": [49, 44, 39, 61, 44, 49, 43, 51, 39, 45], "hlc": [921756, 3]}
INFO:<Node 7>:{"send": false, "recv": true, "to": 7, "from": 1, "vc": [50, 45, 39, 58, 43, 49, 37, 54, 39, 42], "hlc": [921757, 1]}
INFO:<Node 8>:{"send": false, "recv": true, "to": 8, "from": 0, "vc": [52, 42, 38, 53, 44, 45, 39, 43, 45, 43], "hlc": [921755, 7]}
INFO:<Node 8>:{"send": false, "recv": true, "to": 8, "from": 2, "vc": [52, 42, 41, 53, 45, 45, 39, 43, 46, 43], "hlc": [921755, 8]}
INFO:<Node 2>:{"send": true, "recv": false, "from": 2, "to": 1, "vc": [50, 43, 44, 58, 45, 49, 39, 53, 44, 43], "hlc": [921755, 15]}
INFO:<Node 3>:{"send": true, "recv": false, "from": 3, "to": 9, "vc": [49, 44, 39, 62, 44, 49, 43, 51, 39, 45], "hlc": [921756, 4]}
INFO:<Node 4>:{"send": true, "recv": false, "from": 4, "to": 7, "vc": [44, 40, 36, 53, 47, 50, 36, 43, 36, 41], "hlc": [921754, 10]}
INFO:<Node 5>:{"send": true, "recv": false, "from": 5, "to": 9, "vc": [44, 40, 36, 52, 38, 51, 36, 42, 36, 40], "hlc": [921754, 9]}
INFO:<Node 6>:{"send": true, "recv": false, "from": 6, "to": 7, "vc": [49, 44, 38, 53, 44, 45, 44, 43, 39, 41], "hlc": [921756, 3]}
INFO:<Node 8>:{"send": true, "recv": false, "from": 8, "to": 7, "vc": [52, 42, 41, 53, 45, 45, 39, 43, 47, 43], "hlc": [921755, 9]}
INFO:<Node 1>:{"send": false, "recv": true, "to": 1, "from": 2, "vc": [50, 46, 44, 58, 45, 49, 39, 53, 44, 43], "hlc": [921758, 0]}
INFO:<Node 7>:{"send": false, "recv": true, "to": 7, "from": 4, "vc": [50, 45, 39, 58, 47, 50, 37, 55, 39, 42], "hlc": [921757, 2]}
INFO:<Node 7>:{"send": false, "recv": true, "to": 7, "from": 6, "vc": [50, 45, 39, 58, 47, 50, 44, 56, 39, 42], "hlc": [921757, 3]}
INFO:<Node 7>:{"send": false, "recv": true, "to": 7, "from": 8, "vc": [52, 45, 41, 58, 47, 50, 44, 57, 47, 43], "hlc": [921757, 4]}
INFO:<Node 9>:{"send": false, "recv": true, "to": 9, "from": 3, "vc": [49, 44, 39, 62, 44, 49, 43, 51, 39, 48], "hlc": [921758, 0]}
INFO:<Node 9>:{"send": false, "recv": true, "to": 9, "from": 5, "vc": [49, 44, 39, 62, 44, 51, 43, 51, 39, 49], "hlc": [921758, 1]}
INFO:<Node 1>:{"send": true, "recv": false, "from": 1, "to": 2, "vc": [50, 47, 44, 58, 45, 49, 39, 53, 44, 43], "hlc": [921758, 1]}
INFO:<Node 2>:{"send": true, "recv": false, "from": 2, "to": 7, "vc": [50, 43, 45, 58, 45, 49, 39, 53, 44, 43], "hlc": [921755, 16]}
INFO:<Node 4>:{"send": true, "recv": false, "from": 4, "to": 6, "vc": [44, 40, 36, 53, 48, 50, 36, 43, 36, 41], "hlc": [921754, 11]}
INFO:<Node 5>:{"send": true, "recv": false, "from": 5, "to": 7, "vc": [44, 40, 36, 52, 38, 52, 36, 42, 36, 40], "hlc": [921754, 10]}
INFO:<Node 6>:{"send": true, "recv": false, "from": 6, "to": 2, "vc": [49, 44, 38, 53, 44, 45, 45, 43, 39, 41], "hlc": [921756, 4]}
INFO:<Node 2>:{"send": false, "recv": true, "to": 2, "from": 1, "vc": [50, 47, 46, 58, 45, 49, 39, 53, 44, 43], "hlc": [921758, 2]}
INFO:<Node 2>:{"send": false, "recv": true, "to": 2, "from": 6, "vc": [50, 47, 47, 58, 45, 49, 45, 53, 44, 43], "hlc": [921758, 3]}
INFO:<Node 6>:{"send": false, "recv": true, "to": 6, "from": 4, "vc": [49, 44, 38, 53, 48, 50, 46, 43, 39, 41], "hlc": [921756, 5]}
INFO:<Node 7>:{"send": false, "recv": true, "to": 7, "from": 2, "vc": [52, 45, 45, 58, 47, 50, 44, 58, 47, 43], "hlc": [921757, 5]}
INFO:<Node 7>:{"send": false, "recv": true, "to": 7, "from": 5, "vc": [52, 45, 45, 58, 47, 52, 44, 59, 47, 43], "hlc": [921757, 6]}
INFO:<Node 0>:{"send": true, "recv": false, "from": 0, "to": 9, "vc": [54, 43, 38, 57, 44, 47, 41, 47, 43, 47], "hlc": [921757, 3]}
INFO:<Node 1>:{"send": true, "recv": false, "from": 1, "to": 8, "vc": [50, 48, 44, 58, 45, 49, 39, 53, 44, 43], "hlc": [921758, 2]}
INFO:<Node 2>:{"send": true, "recv": false, "from": 2, "to": 4, "vc": [50, 47, 48, 58, 45, 49, 45, 53, 44, 43], "hlc": [921758, 4]}
INFO:<Node 3>:{"send": true, "recv": false, "from": 3, "to": 1, "vc": [49, 44, 39, 63, 44, 49, 43, 51, 39, 45], "hlc": [921756, 5]}
INFO:<Node 5>:{"send": true, "recv": false, "from": 5, "to": 9, "vc": [44, 40, 36, 52, 38, 53, 36, 42, 36, 40], "hlc": [921754, 11]}
INFO:<Node 6>:{"send": true, "recv": false, "from": 6, "to": 3, "vc": [49, 44, 38, 53, 48, 50, 47, 43, 39, 41], "hlc": [921756, 6]}
INFO:<Node 7>:{"send": true, "recv": false, "from": 7, "to": 1, "vc": [52, 45, 45, 58, 47, 52, 44, 60, 47, 43], "hlc": [921757, 7]}
INFO:<Node 8>:{"send": true, "recv": false, "from": 8, "to": 2, "vc": [52, 42, 41, 53, 45, 45, 39, 43, 48, 43], "hlc": [921755, 10]}
INFO:<Node 9>:{"send": true, "recv": false, "from": 9, "to": 6, "vc": [49, 44, 39, 62, 44, 51, 43, 51, 39, 50], "hlc": [921758, 2]}
INFO:<Node 1>:{"send": false, "recv": true, "to": 1, "from": 3, "vc": [50, 49, 44, 63, 45, 49, 43, 53, 44, 45], "hlc": [921759, 0]}
INFO:<Node 1>:{"send": false, "recv": true, "to": 1, "from": 7, "vc": [52, 50, 45, 63, 47, 52, 44, 60, 47, 45], "hlc": [921759, 1]}
INFO:<Node 2>:{"send": false, "recv": true, "to": 2, "from": 8, "vc": [52, 47, 49, 58, 45, 49, 45, 53, 48, 43], "hlc": [921758, 5]}
INFO:<Node 3>:{"send": false, "recv": true, "to": 3, "from": 6, "vc": [49, 44, 39, 64, 48, 50, 47, 51, 39, 45], "hlc": [921756, 7]}
INFO:<Node 4>:{"send": false, "recv": true, "to": 4, "from": 2, "vc": [50, 47, 48, 58, 49, 50, 45, 53, 44, 43], "hlc": [921758, 5]}
INFO:<Node 6>:{"send": false, "recv": true, "to": 6, "from": 9, "vc": [49, 44, 39, 62, 48, 51, 48, 51, 39, 50], "hlc": [921758, 3]}
INFO:<Node 8>:{"send": false, "recv": true, "to": 8, "from": 1, "vc": [52, 48, 44, 58, 45, 49, 39, 53, 49, 43], "hlc": [921758, 3]}
INFO:<Node 9>:{"send": false, "recv": true, "to": 9, "from": 0, "vc": [54, 44, 39, 62, 44, 51, 43, 51, 43, 51], "hlc": [921759, 0]}
INFO:<Node 9>:{"send": false, "recv": true, "to": 9, "from": 5, "vc": [54, 44, 39, 62, 44, 53, 43, 51, 43, 52], "hlc": [921759, 1]}
INFO:<Node 4>:{"send": true, "recv": false, "from": 4, "to": 8, "vc": [50, 47, 48, 58, 50, 50, 45, 53, 44, 43], "hlc": [921758, 6]}
INFO:<Node 6>:{"send": true, "recv": false, "from": 6, "to": 8, "vc": [49, 44, 39, 62, 48, 51, 49, 51, 39, 50], "hlc": [921758, 4]}
INFO:<Node 7>:{"send": true, "recv": false, "from": 7, "to": 0, "vc": [52, 45, 45, 58, 47, 52, 44, 61, 47, 43], "hlc": [921757, 8]}
INFO:<Node 8>:{"send": true, "recv": false, "from": 8, "to": 9, "vc": [52, 48, 44, 58, 45, 49, 39, 53, 50, 43], "hlc": [921758, 4]}
INFO:<Node 9>:{"send": true, "recv": false, "from": 9, "to": 8, "vc": [54, 44, 39, 62, 44, 53, 43, 51, 43, 53], "hlc": [921759, 2]}
INFO:<Node 0>:{"send": false, "recv": true, "to": 0, "from": 7, "vc": [55, 45, 45, 58, 47, 52, 44, 61, 47, 47], "hlc": [921757, 9]}
INFO:<Node 8>:{"send": false, "recv": true, "to": 8, "from": 4, "vc": [52, 48, 48, 58, 50, 50, 45, 53, 51, 43], "hlc": [921758, 7]}
INFO:<Node 8>:{"send": false, "recv": true, "to": 8, "from": 6, "vc": [52, 48, 48, 62, 50, 51, 49, 53, 52, 50], "hlc": [921758, 8]}
INFO:<Node 8>:{"send": false, "recv": true, "to": 8, "from": 9, "vc": [54, 48, 48, 62, 50, 53, 49, 53, 53, 53], "hlc": [921759, 3]}
INFO:<Node 9>:{"send": false, "recv": true, "to": 9, "from": 8, "vc": [54, 48, 44, 62, 45, 53, 43, 53, 50, 54], "hlc": [921759, 3]}
INFO:<Node 1>:{"send": true, "recv": false, "from": 1, "to": 7, "vc": [52, 51, 45, 63, 47, 52, 44, 60, 47, 45], "hlc": [921759, 2]}
INFO:<Node 2>:{"send": true, "recv": false, "from": 2, "to": 7, "vc": [52, 47, 50, 58, 45, 49, 45, 53, 48, 43], "hlc": [921758, 6]}
INFO:<Node 3>:{"send": true, "recv": false, "from": 3, "to": 0, "vc": [49, 44, 39, 65, 48, 50, 47, 51, 39, 45], "hlc": [921756, 8]}
INFO:<Node 4>:{"send": true, "recv": false, "from": 4, "to": 1, "vc": [50, 47, 48, 58, 51, 50, 45, 53, 44, 43], "hlc": [921758, 7]}
INFO:<Node 7>:{"send": true, "recv": false, "from": 7, "to": 9, "vc": [52, 45, 45, 58, 47, 52, 44, 62, 47, 43], "hlc": [921757, 9]}
INFO:<Node 9>:{"send": true, "recv": false, "from": 9, "to": 7, "vc": [54, 48, 44, 62, 45, 53, 43, 53, 50, 55], "hlc": [921759, 4]}
INFO:<Node 0>:{"send": false, "recv": true, "to": 0, "from": 3, "vc": [56, 45, 45, 65, 48, 52, 47, 61, 47, 47], "hlc": [921757, 10]}
INFO:<Node 1>:{"send": false, "recv": true, "to": 1, "from": 4, "vc": [52, 52, 48, 63, 51, 52, 45, 60, 47, 45], "hlc": [921760, 0]}
INFO:<Node 7>:{"send": false, "recv": true, "to": 7, "from": 1, "vc": [52, 51, 45, 63, 47, 52, 44, 63, 47, 45], "hlc": [921759, 3]}
INFO:<Node 7>:{"send": false, "recv": true, "to": 7, "from": 2, "vc": [52, 51, 50, 63, 47, 52, 45, 64, 48, 45], "hlc": [921759, 4]}
INFO:<Node 7>:{"send": false, "recv": true, "to": 7, "from": 9, "vc": [54, 51, 50, 63, 47, 53, 45, 65, 50, 55], "hlc": [921759, 5]}
INFO:<Node 9>:{"send": false, "recv": true, "to": 9, "from": 7, "vc": [54, 48, 45, 62, 47, 53, 44, 62, 50, 56], "hlc": [921760, 0]}
INFO:<Node 0>:{"send": true, "recv": false, "from": 0, "to": 4, "vc": [57, 45, 45, 65, 48, 52, 47, 61, 47, 47], "hlc": [921757, 11]}
INFO:<Node 2>:{"send": true, "recv": false, "from": 2, "to": 7, "vc": [52, 47, 51, 58, 45, 49, 45, 53, 48, 43], "hlc": [921758, 7]}
INFO:<Node 4>:{"send": true, "recv": false, "from": 4, "to": 9, "vc": [50, 47, 48, 58, 52, 50, 45, 53, 44, 43], "hlc": [921758, 8]}
INFO:<Node 5>:{"send": true, "recv": false, "from": 5, "to": 8, "vc": [44, 40, 36, 52, 38, 54, 36, 42, 36, 40], "hlc": [921754, 12]}
INFO:<Node 6>:{"send": true, "recv": false, "from": 6, "to": 4, "vc": [49, 44, 39, 62, 48, 51, 50, 51, 39, 50], "hlc": [921758, 5]}
INFO:<Node 9>:{"send": true, "recv": false, "from": 9, "to": 6, "vc": [54, 48, 45, 62, 47, 53, 44, 62, 50, 57], "hlc": [921760, 1]}
INFO:<Node 4>:{"send": false, "recv": true, "to": 4, "from": 0, "vc": [57, 47, 48, 65, 53, 52, 47, 61, 47, 47], "hlc": [921758, 9]}
INFO:<Node 4>:{"send": false, "recv": true, "to": 4, "from": 6, "vc": [57, 47, 48, 65, 54, 52, 50, 61, 47, 50], "hlc": [921758, 10]}
INFO:<Node 6>:{"send": false, "recv": true, "to": 6, "from": 9, "vc": [54, 48, 45, 62, 48, 53, 51, 62, 50, 57], "hlc": [921760, 2]}
INFO:<Node 7>:{"send": false, "recv": true, "to": 7, "from": 2, "vc": [54, 51, 51, 63, 47, 53, 45, 66, 50, 55], "hlc": [921759, 6]}
INFO:<Node 8>:{"send": false, "recv": true, "to": 8, "from": 5, "vc": [54, 48, 48, 62, 50, 54, 49, 53, 54, 53], "hlc": [921759, 4]}
INFO:<Node 9>:{"send": false, "recv": true, "to": 9, "from": 4, "vc": [54, 48, 48, 62, 52, 53, 45, 62, 50, 58], "hlc": [921760, 2]}
INFO:<Node 0>:{"send": true, "recv": false, "from": 0, "to": 6, "vc": [58, 45, 45, 65, 48, 52, 47, 61, 47, 47], "hlc": [921757, 12]}
INFO:<Node 1>:{"send": true, "recv": false, "from": 1, "to": 3, "vc": [52, 53, 48, 63, 51, 52, 45, 60, 47, 45], "hlc": [921760, 1]}
INFO:<Node 3>:{"send": true, "recv": false, "from": 3, "to": 6, "vc": [49, 44, 39, 66, 48, 50, 47, 51, 39, 45], "hlc": [921756, 9]}
INFO:<Node 4>:{"send": true, "recv": false, "from": 4, "to": 3, "vc": [57, 47, 48, 65, 55, 52, 50, 61, 47, 50], "hlc": [921758, 11]}
INFO:<Node 5>:{"send": true, "recv": false, "from": 5, "to": 9, "vc": [44, 40, 36, 52, 38, 55, 36, 42, 36, 40], "hlc": [921754, 13]}
INFO:<Node 6>:{"send": true, "recv": false, "from": 6, "to": 4, "vc": [54, 48, 45, 62, 48, 53, 52, 62, 50, 57], "hlc": [921760, 3]}
INFO:<Node 8>:{"send": true, "recv": false, "from": 8, "to": 6, "vc": [54, 48, 48, 62, 50, 54, 49, 53, 55, 53], "hlc": [921759, 5]}
INFO:<Node 9>:{"send": true, "recv": false, "from": 9, "to": 5, "vc": [54, 48, 48, 62, 52, 53, 45, 62, 50, 59], "hlc": [921760, 3]}
INFO:<Node 3>:{"send": false, "recv": true, "to": 3, "from": 1, "vc": [52, 53, 48, 67, 51, 52, 47, 60, 47, 45], "hlc": [921760, 2]}
INFO:<Node 3>:{"send": false, "recv": true, "to": 3, "from": 4, "vc": [57, 53, 48, 68, 55, 52, 50, 61, 47, 50], "hlc": [921760, 3]}
INFO:<Node 4>:{"send": false, "recv": true, "to": 4, "from": 6, "vc": [57, 48, 48, 65, 56, 53, 52, 62, 50, 57], "hlc": [921760, 4]}
INFO:<Node 5>:{"send": false, "recv": true, "to": 5, "from": 9, "vc": [54, 48, 48, 62, 52, 56, 45, 62, 50, 59], "hlc": [921760, 4]}
INFO:<Node 6>:{"send": false, "recv": true, "to": 6, "from": 0, "vc": [58, 48, 45, 65, 48, 53, 53, 62, 50, 57], "hlc": [921760, 4]}
INFO:<Node 6>:{"send": false, "recv": true, "to": 6, "from": 3, "vc": [58, 48, 45, 66, 48, 53, 54, 62, 50, 57], "hlc": [921760, 5]}
INFO:<Node 6>:{"send": false, "recv": true, "to": 6, "from": 8, "vc": [58, 48, 48, 66, 50, 54, 55, 62, 55, 57], "hlc": [921760, 6]}
INFO:<Node 9>:{"send": false, "recv": true, "to": 9, "from": 5, "vc": [54, 48, 48, 62, 52, 55, 45, 62, 50, 60], "hlc": [921761, 0]}
INFO:<Node 0>:{"send": true, "recv": false, "from": 0, "to": 2, "vc": [59, 45, 45, 65, 48, 52, 47, 61, 47, 47], "hlc": [921757, 13]}
INFO:<Node 1>:{"send": true, "recv": false, "from": 1, "to": 0, "vc": [52, 54, 48, 63, 51, 52, 45, 60, 47, 45], "hlc": [921761, 0]}
INFO:<Node 2>:{"send": true, "recv": false, "from": 2, "to": 8, "vc": [52, 47, 52, 58, 45, 49, 45, 53, 48, 43], "hlc": [921758, 8]}
INFO:<Node 4>:{"send": true, "recv": false, "from": 4, "to": 2, "vc": [57, 48, 48, 65, 57, 53, 52, 62, 50, 57], "hlc": [921760, 5]}
INFO:<Node 6>:{"send": true, "recv": false, "from": 6, "to": 8, "vc": [58, 48, 48, 66, 50, 54, 56, 62, 55, 57], "hlc": [921760, 7]}
INFO:<Node 7>:{"send": true, "recv": false, "from": 7, "to": 2, "vc": [54, 51, 51, 63, 47, 53, 45, 67, 50, 55], "hlc": [921759, 7]}
INFO:<Node 8>:{"send": true, "recv": false, "from": 8, "to": 6, "vc": [54, 48, 48, 62, 50, 54, 49, 53, 56, 53], "hlc": [921759, 6]}
INFO:<Node 0>:{"send": false, "recv": true, "to": 0, "from": 1, "vc": [60, 54, 48, 65, 51, 52, 47, 61, 47, 47], "hlc": [921761, 1]}
INFO:<Node 2>:{"send": false, "recv": true, "to": 2, "from": 0, "vc": [59, 47, 53, 65, 48, 52, 47, 61, 48, 47], "hlc": [921759, 0]}
INFO:<Node 2>:{"send": false, "recv": true, "to": 2, "from": 4, "vc": [59, 48, 54, 65, 57, 53, 52, 62, 50, 57], "hlc": [921760, 6]}
INFO:<Node 2>:{"send": false, "recv": true, "to": 2, "from": 7, "vc": [59, 51, 55, 65, 57, 53, 52, 67, 50, 57], "hlc": [921760, 7]}
INFO:<Node 6>:{"send": false, "recv": true, "to": 6, "from": 8, "vc": [58, 48, 48, 66, 50, 54, 57, 62, 56, 57], "hlc": [921760, 8]}
INFO:<Node 8>:{"send": false, "recv": true, "to": 8, "from": 2, "vc": [54, 48, 52, 62, 50, 54, 49, 53, 57, 53], "hlc": [921759, 7]}
INFO:<Node 8>:{"send": false, "recv": true, "to": 8, "from": 6, "vc": [58, 48, 52, 66, 50, 54, 56, 62, 58, 57], "hlc": [921760, 8]}
INFO:<Node 1>:{"send": true, "recv": false, "from": 1, "to": 3, "vc": [52, 55, 48, 63, 51, 52, 45, 60, 47, 45], "hlc": [921761, 1]}
INFO:<Node 3>:{"send": true, "recv": false, "from": 3, "to": 5, "vc": [57, 53, 48, 69, 55, 52, 50, 61, 47, 50], "hlc": [921760, 4]}
INFO:<Node 4>:{"send": true, "recv": false, "from": 4, "to": 7, "vc": [57, 48, 48, 65, 58, 53, 52, 62, 50, 57], "hlc": [921760, 6]}
INFO:<Node 5>:{"send": true, "recv": false, "from": 5, "to": 7, "vc": [54, 48, 48, 62, 52, 57, 45, 62, 50, 59], "hlc": [921760, 5]}
INFO:<Node 6>:{"send": true, "recv": false, "from": 6, "to": 8, "vc": [58, 48, 48, 66, 50, 54, 58, 62, 56, 57], "hlc": [921760, 9]}
INFO:<Node 7>:{"send": true, "recv": false, "from": 7, "to": 4, "vc": [54, 51, 51, 63, 47, 53, 45, 68, 50, 55], "hlc": [921759, 8]}
INFO:<Node 9>:{"send": true, "recv": false, "from": 9, "to": 5, "vc": [54, 48, 48, 62, 52, 55, 45, 62, 50, 61], "hlc": [921761, 1]}
INFO:<Node 3>:{"send": false, "recv": true, "to": 3, "from": 1, "vc": [57, 55, 48, 70, 55, 52, 50, 61, 47, 50], "hlc": [921761, 2]}
INFO:<Node 4>:{"send": false, "recv": true, "to": 4, "from": 7, "vc": [57, 51, 51, 65, 59, 53, 52, 68, 50, 57], "hlc": [921760, 7]}
INFO:<Node 5>:{"send": false, "recv": true, "to": 5, "from": 3, "vc": [57, 53, 48, 69, 55, 58, 50, 62, 50, 59], "hlc": [921760, 6]}
INFO:<Node 5>:{"send": false, "recv": true, "to": 5, "from": 9, "vc": [57, 53, 48, 69, 55, 59, 50, 62, 50, 61], "hlc": [921761, 2]}
INFO:<Node 7>:{"send": false, "recv": true, "to": 7, "from": 4, "vc": [57, 51, 51, 65, 58, 53, 52, 69, 50, 57], "hlc": [921760, 7]}
INFO:<Node 7>:{"send": false, "recv": true, "to": 7, "from": 5, "vc": [57, 51, 51, 65, 58, 57, 52, 70, 50, 59], "hlc": [921760, 8]}
INFO:<Node 8>:{"send": false, "recv": true, "to": 8, "from": 6, "vc": [58, 48, 52, 66, 50, 54, 58, 62, 59, 57], "hlc": [921760, 10]}
INFO:<Node 2>:{"send": true, "recv": false, "from": 2, "to": 3, "vc": [59, 51, 56, 65, 57, 53, 52, 67, 50, 57], "hlc": [921760, 8]}
INFO:<Node 3>:{"send": true, "recv": false, "from": 3, "to": 8, "vc": [57, 55, 48, 71, 55, 52, 50, 61, 47, 50], "hlc": [921761, 3]}
INFO:<Node 4>:{"send": true, "recv": false, "from": 4, "to": 1, "vc": [57, 51, 51, 65, 60, 53, 52, 68, 50, 57], "hlc": [921760, 8]}
INFO:<Node 6>:{"send": true, "recv": false, "from": 6, "to": 3, "vc": [58, 48, 48, 66, 50, 54, 59, 62, 56, 57], "hlc": [921760, 10]}
INFO:<Node 9>:{"send": true, "recv": false, "from": 9, "to": 2, "vc": [54, 48, 48, 62, 52, 55, 45, 62, 50, 62], "hlc": [921762, 0]}
INFO:<Node 1>:{"send": false, "recv": true, "to": 1, "from": 4, "vc": [57, 56, 51, 65, 60, 53, 52, 68, 50, 57], "hlc": [921762, 0]}
INFO:<Node 2>:{"send": false, "recv": true, "to": 2, "from": 9, "vc": [59, 51, 57, 65, 57, 55, 52, 67, 50, 62], "hlc": [921762, 1]}
INFO:<Node 3>:{"send": false, "recv": true, "to": 3, "from": 2, "vc": [59, 55, 56, 72, 57, 53, 52, 67, 50, 57], "hlc": [921761, 4]}
INFO:<Node 3>:{"send": false, "recv": true, "to": 3, "from": 6, "vc": [59, 55, 56, 73, 57, 54, 59, 67, 56, 57], "hlc": [921761, 5]}
INFO:<Node 8>:{"send": false, "recv": true, "to": 8, "from": 3, "vc": [58, 55, 52, 71, 55, 54, 58, 62, 60, 57], "hlc": [921761, 4]}
