INFO:root:Random workload: num sockets: 10, num iterations: 50, base address: 38200, chance of send: 3 in 5, round delay (s): 0.5, max clock drift (s): 3.5, actual clock drifts: [1.912099953686619, 0.9986432319593135, -2.6198438239782686, -3.2048551470878146, -2.446097318752111, 0.13529960420368603, -2.341315832318916, -2.6302020779983644, -0.30803593154872866, 1.524726184511696]
INFO:<Node 8>:{"send": true, "recv": false, "from": 8, "to": 2, "vc": [0, 0, 0, 0, 0, 0, 0, 0, 1, 0], "hlc": [921536, 1]}
INFO:<Node 9>:{"send": true, "recv": false, "from": 9, "to": 8, "vc": [0, 0, 0, 0, 0, 0, 0, 0, 0, 1], "hlc": [921538, 0]}
INFO:<Node 2>:{"send": false, "recv": true, "to": 2, "from": 8, "vc": [0, 0, 1, 0, 0, 0, 0, 0, 1, 0], "hlc": [921536, 2]}
INFO:<Node 8>:{"send": false, "recv": true, "to": 8, "from": 9, "vc": [0, 0, 0, 0, 0, 0, 0, 0, 2, 1], "hlc": [921538, 1]}
INFO:<Node 1>:{"send": true, "recv": false, "from": 1, "to": 5, "vc": [0, 1, 0, 0, 0, 0, 0, 0, 0, 0], "hlc": [921538, 0]}
INFO:<Node 2>:{"send": true, "recv": false, "from": 2, "to": 5, "vc": [0, 0, 2, 0, 0, 0, 0, 0, 1, 0], "hlc": [921536, 3]}
INFO:<Node 3>:{"send": true, "recv": false, "from": 3, "to": 0, "vc": [0, 0, 0, 1, 0, 0, 0, 0, 0, 0], "hlc": [921536, 1]}
INFO:<Node 4>:{"send": true, "recv": false, "from": 4, "to": 2, "vc": [0, 0, 0, 0, 1, 0, 0, 0, 0, 0], "hlc": [921536, 1]}
INFO:<Node 5>:{"send": true, "recv": false, "from": 5, "to": 0, "vc": [0, 0, 0, 0, 0, 1, 0, 0, 0, 0], "hlc": [921537, 0]}
INFO:<Node 7>:{"send": true, "recv": false, "from": 7, "to": 4, "vc": [0, 0, 0, 0, 0, 0, 0, 1, 0, 0], "hlc": [921536, 1]}
INFO:<Node 9>:{"send": true, "recv": false, "from": 9, "to": 8, "vc": [0, 0, 0, 0, 0, 0, 0, 0, 0, 2], "hlc": [921538, 1]}
INFO:<Node 0>:{"send": false, "recv": true, "to": 0, "from": 3, "vc": [1, 0, 0, 1, 0, 0, 0, 0, 0, 0], "hlc": [921539, 0]}
INFO:<Node 0>:{"send": false, "recv": true, "to": 0, "from": 5, "vc": [2, 0, 0, 1, 0, 1, 0, 0, 0, 0], "hlc": [921539, 1]}
INFO:<Node 2>:{"send": false, "recv": true, "to": 2, "from": 4, "vc": [0, 0, 3, 0, 1, 0, 0, 0, 1, 0], "hlc": [921536, 4]}
INFO:<Node 4>:{"send": false, "recv": true, "to": 4, "from": 7, "vc": [0, 0, 0, 0, 2, 0, 0, 1, 0, 0], "hlc": [921536, 2]}
INFO:<Node 5>:{"send": false, "recv": true, "to": 5, "from": 1, "vc": [0, 1, 0, 0, 0, 2, 0, 0, 0, 0], "hlc": [921538, 1]}
INFO:<Node 5>:{"send": false, "recv": true, "to": 5, "from": 2, "vc": [0, 1, 2, 0, 0, 3, 0, 0, 1, 0], "hlc": [921538, 2]}
INFO:<Node 8>:{"send": false, "recv": true, "to": 8, "from": 9, "vc": [0, 0, 0, 0, 0, 0, 0, 0, 3, 2], "hlc": [921538, 2]}
INFO:<Node 0>:{"send": true, "recv": false, "from": 0, "to": 4, "vc": [3, 0, 0, 1, 0, 1, 0, 0, 0, 0], "hlc": [921539, 2]}
INFO:<Node 1>:{"send": true, "recv": false, "from": 1, "to": 2, "vc": [0, 2, 0, 0, 0, 0, 0, 0, 0, 0], "hlc": [921538, 1]}
INFO:<Node 2>:{"send": true, "recv": false, "from": 2, "to": 6, "vc": [0, 0, 4, 0, 1, 0, 0, 0, 1, 0], "hlc": [921536, 5]}
INFO:<Node 3>:{"send": true, "recv": false, "from": 3, "to": 1, "vc": [0, 0, 0, 2, 0, 0, 0, 0, 0, 0], "hlc": [921536, 2]}
INFO:<Node 4>:{"send": true, "recv": false, "from": 4, "to": 6, "vc": [0, 0, 0, 0, 3, 0, 0, 1, 0, 0], "hlc": [921536, 3]}
INFO:<Node 5>:{"send": true, "recv": false, "from": 5, "to": 7, "vc": [0, 1, 2, 0, 0, 4, 0, 0, 1, 0], "hlc": [921538, 3]}
INFO:<Node 8>:{"send": true, "recv": false, "from": 8, "to": 2, "vc": [0, 0, 0, 0, 0, 0, 0, 0, 4, 2], "hlc": [921538, 3]}
INFO:<Node 9>:{"send": true, "recv": false, "from": 9, "to": 7, "vc": [0, 0, 0, 0, 0, 0, 0, 0, 0, 3], "hlc": [921539, 0]}
INFO:<Node 1>:{"send": false, "recv": true, "to": 1, "from": 3, "vc": [0, 3, 0, 2, 0, 0, 0, 0, 0, 0], "hlc": [921539, 0]}
INFO:<Node 2>:{"send": false, "recv": true, "to": 2, "from": 1, "vc": [0, 2, 5, 0, 1, 0, 0, 0, 1, 0], "hlc": [921538, 2]}
INFO:<Node 2>:{"send": false, "recv": true, "to": 2, "from": 8, "vc": [0, 2, 6, 0, 1, 0, 0, 0, 4, 2], "hlc": [921538, 4]}
INFO:<Node 4>:{"send": false, "recv": true, "to": 4, "from": 0, "vc": [3, 0, 0, 1, 4, 1, 0, 1, 0, 0], "hlc": [921539, 3]}
INFO:<Node 6>:{"send": false, "recv": true, "to": 6, "from": 2, "vc": [0, 0, 4, 0, 1, 0, 1, 0, 1, 0], "hlc": [921536, 6]}
INFO:<Node 6>:{"send": false, "recv": true, "to": 6, "from": 4, "vc": [0, 0, 4, 0, 3, 0, 2, 1, 1, 0], "hlc": [921536, 7]}
INFO:<Node 7>:{"send": false, "recv": true, "to": 7, "from": 5, "vc": [0, 1, 2, 0, 0, 4, 0, 2, 1, 0], "hlc": [921538, 4]}
INFO:<Node 7>:{"send": false, "recv": true, "to": 7, "from": 9, "vc": [0, 1, 2, 0, 0, 4, 0, 3, 1, 3], "hlc": [921539, 1]}
INFO:<Node 1>:{"send": true, "recv": false, "from": 1, "to": 7, "vc": [0, 4, 0, 2, 0, 0, 0, 0, 0, 0], "hlc": [921539, 1]}
INFO:<Node 2>:{"send": true, "recv": false, "from": 2, "to": 1, "vc": [0, 2, 7, 0, 1, 0, 0, 0, 4, 2], "hlc": [921538, 5]}
INFO:<Node 4>:{"send": true, "recv": false, "from": 4, "to": 5, "vc": [3, 0, 0, 1, 5, 1, 0, 1, 0, 0], "hlc": [921539, 4]}
INFO:<Node 6>:{"send": true, "recv": false, "from": 6, "to": 1, "vc": [0, 0, 4, 0, 3, 0, 3, 1, 1, 0], "hlc": [921536, 8]}
INFO:<Node 7>:{"send": true, "recv": false, "from": 7, "to": 9, "vc": [0, 1, 2, 0, 0, 4, 0, 4, 1, 3], "hlc": [921539, 2]}
INFO:<Node 8>:{"send": true, "recv": false, "from": 8, "to": 9, "vc": [0, 0, 0, 0, 0, 0, 0, 0, 5, 2], "hlc": [921538, 4]}
INFO:<Node 9>:{"send": true, "recv": false, "from": 9, "to": 7, "vc": [0, 0, 0, 0, 0, 0, 0, 0, 0, 4], "hlc": [921539, 1]}
INFO:<Node 1>:{"send": false, "recv": true, "to": 1, "from": 2, "vc": [0, 5, 7, 2, 1, 0, 0, 0, 4, 2], "hlc": [921539, 2]}
INFO:<Node 1>:{"send": false, "recv": true, "to": 1, "from": 6, "vc": [0, 6, 7, 2, 3, 0, 3, 1, 4, 2], "hlc": [921539, 3]}
INFO:<Node 5>:{"send": false, "recv": true, "to": 5, "from": 4, "vc": [3, 1, 2, 1, 5, 5, 0, 1, 1, 0], "hlc": [921539, 5]}
INFO:<Node 7>:{"send": false, "recv": true, "to": 7, "from": 1, "vc": [0, 4, 2, 2, 0, 4, 0, 5, 1, 3], "hlc": [921539, 3]}
INFO:<Node 7>:{"send": false, "recv": true, "to": 7, "from": 9, "vc": [0, 4, 2, 2, 0, 4, 0, 6, 1, 4], "hlc": [921539, 4]}
INFO:<Node 9>:{"send": false, "recv": true, "to": 9, "from": 7, "vc": [0, 1, 2, 0, 0, 4, 0, 4, 1, 5], "hlc": [921540, 0]}
INFO:<Node 9>:{"send": false, "recv": true, "to": 9, "from": 8, "vc": [0, 1, 2, 0, 0, 4, 0, 4, 5, 6], "hlc": [921540, 1]}
INFO:<Node 1>:{"send": true, "recv": false, "from": 1, "to": 7, "vc": [0, 7, 7, 2, 3, 0, 3, 1, 4, 2], "hlc": [921539, 4]}
INFO:<Node 2>:{"send": true, "recv": false, "from": 2, "to": 7, "vc": [0, 2, 8, 0, 1, 0, 0, 0, 4, 2], "hlc": [921538, 6]}
INFO:<Node 5>:{"send": true, "recv": false, "from": 5, "to": 6, "vc": [3, 1, 2, 1, 5, 6, 0, 1, 1, 0], "hlc": [921539, 6]}
INFO:<Node 6>:{"send": true, "recv": false, "from": 6, "to": 0, "vc": [0, 0, 4, 0, 3, 0, 4, 1, 1, 0], "hlc": [921536, 9]}
INFO:<Node 7>:{"send": true, "recv": false, "from": 7, "to": 1, "vc": [0, 4, 2, 2, 0, 4, 0, 7, 1, 4], "hlc": [921539, 5]}
INFO:<Node 8>:{"send": true, "recv": false, "from": 8, "to": 4, "vc": [0, 0, 0, 0, 0, 0, 0, 0, 6, 2], "hlc": [921538, 5]}
INFO:<Node 0>:{"send": false, "recv": true, "to": 0, "from": 6, "vc": [4, 0, 4, 1, 3, 1, 4, 1, 1, 0], "hlc": [921540, 0]}
INFO:<Node 1>:{"send": false, "recv": true, "to": 1, "from": 7, "vc": [0, 8, 7, 2, 3, 4, 3, 7, 4, 4], "hlc": [921540, 0]}
INFO:<Node 4>:{"send": false, "recv": true, "to": 4, "from": 8, "vc": [3, 0, 0, 1, 6, 1, 0, 1, 6, 2], "hlc": [921539, 5]}
INFO:<Node 6>:{"send": false, "recv": true, "to": 6, "from": 5, "vc": [3, 1, 4, 1, 5, 6, 5, 1, 1, 0], "hlc": [921539, 7]}
INFO:<Node 7>:{"send": false, "recv": true, "to": 7, "from": 1, "vc": [0, 7, 7, 2, 3, 4, 3, 8, 4, 4], "hlc": [921539, 6]}
INFO:<Node 7>:{"send": false, "recv": true, "to": 7, "from": 2, "vc": [0, 7, 8, 2, 3, 4, 3, 9, 4, 4], "hlc": [921539, 7]}
INFO:<Node 0>:{"send": true, "recv": false, "from": 0, "to": 3, "vc": [5, 0, 4, 1, 3, 1, 4, 1, 1, 0], "hlc": [921540, 1]}
INFO:<Node 1>:{"send": true, "recv": false, "from": 1, "to": 2, "vc": [0, 9, 7, 2, 3, 4, 3, 7, 4, 4], "hlc": [921540, 1]}
INFO:<Node 2>:{"send": true, "recv": false, "from": 2, "to": 5, "vc": [0, 2, 9, 0, 1, 0, 0, 0, 4, 2], "hlc": [921538, 7]}
INFO:<Node 4>:{"send": true, "recv": false, "from": 4, "to": 9, "vc": [3, 0, 0, 1, 7, 1, 0, 1, 6, 2], "hlc": [921539, 6]}
INFO:<Node 6>:{"send": true, "recv": false, "from": 6, "to": 3, "vc": [3, 1, 4, 1, 5, 6, 6, 1, 1, 0], "hlc": [921539, 8]}
INFO:<Node 9>:{"send": true, "recv": false, "from": 9, "to": 4, "vc": [0, 1, 2, 0, 0, 4, 0, 4, 5, 7], "hlc": [921540, 2]}
INFO:<Node 2>:{"send": false, "recv": true, "to": 2, "from": 1, "vc": [0, 9, 10, 2, 3, 4, 3, 7, 4, 4], "hlc": [921540, 2]}
INFO:<Node 3>:{"send": false, "recv": true, "to": 3, "from": 0, "vc": [5, 0, 4, 3, 3, 1, 4, 1, 1, 0], "hlc": [921540, 2]}
INFO:<Node 3>:{"send": false, "recv": true, "to": 3, "from": 6, "vc": [5, 1, 4, 4, 5, 6, 6, 1, 1, 0], "hlc": [921540, 3]}
INFO:<Node 4>:{"send": false, "recv": true, "to": 4, "from": 9, "vc": [3, 1, 2, 1, 8, 4, 0, 4, 6, 7], "hlc": [921540, 3]}
INFO:<Node 5>:{"send": false, "recv": true, "to": 5, "from": 2, "vc": [3, 2, 9, 1, 5, 7, 0, 1, 4, 2], "hlc": [921539, 7]}
INFO:<Node 9>:{"send": false, "recv": true, "to": 9, "from": 4, "vc": [3, 1, 2, 1, 7, 4, 0, 4, 6, 8], "hlc": [921541, 0]}
INFO:<Node 1>:{"send": true, "recv": false, "from": 1, "to": 3, "vc": [0, 10, 7, 2, 3, 4, 3, 7, 4, 4], "hlc": [921540, 2]}
INFO:<Node 2>:{"send": true, "recv": false, "from": 2, "to": 1, "vc": [0, 9, 11, 2, 3, 4, 3, 7, 4, 4], "hlc": [921540, 3]}
INFO:<Node 3>:{"send": true, "recv": false, "from": 3, "to": 4, "vc": [5, 1, 4, 5, 5, 6, 6, 1, 1, 0], "hlc": [921540, 4]}
INFO:<Node 4>:{"send": true, "recv": false, "from": 4, "to": 2, "vc": [3, 1, 2, 1, 9, 4, 0, 4, 6, 7], "hlc": [921540, 4]}
INFO:<Node 5>:{"send": true, "recv": false, "from": 5, "to": 8, "vc": [3, 2, 9, 1, 5, 8, 0, 1, 4, 2], "hlc": [921539, 8]}
INFO:<Node 6>:{"send": true, "recv": false, "from": 6, "to": 7, "vc": [3, 1, 4, 1, 5, 6, 7, 1, 1, 0], "hlc": [921539, 9]}
INFO:<Node 7>:{"send": true, "recv": false, "from": 7, "to": 2, "vc": [0, 7, 8, 2, 3, 4, 3, 10, 4, 4], "hlc": [921539, 8]}
INFO:<Node 9>:{"send": true, "recv": false, "from": 9, "to": 8, "vc": [3, 1, 2, 1, 7, 4, 0, 4, 6, 9], "hlc": [921541, 1]}
INFO:<Node 1>:{"send": false, "recv": true, "to": 1, "from": 2, "vc": [0, 11, 11, 2, 3, 4, 3, 7, 4, 4], "hlc": [921541, 0]}
INFO:<Node 2>:{"send": false, "recv": true, "to": 2, "from": 4, "vc": [3, 9, 12, 2, 9, 4, 3, 7, 6, 7], "hlc": [921540, 5]}
INFO:<Node 2>:{"send": false, "recv": true, "to": 2, "from": 7, "vc": [3, 9, 13, 2, 9, 4, 3, 10, 6, 7], "hlc": [921540, 6]}
INFO:<Node 3>:{"send": false, "recv": true, "to": 3, "from": 1, "vc": [5, 10, 7, 6, 5, 6, 6, 7, 4, 4], "hlc": [921540, 5]}
INFO:<Node 4>:{"send": false, "recv": true, "to": 4, "from": 3, "vc": [5, 1, 4, 5, 10, 6, 6, 4, 6, 7], "hlc": [921540, 5]}
INFO:<Node 7>:{"send": false, "recv": true, "to": 7, "from": 6, "vc": [3, 7, 8, 2, 5, 6, 7, 11, 4, 4], "hlc": [921539, 10]}
INFO:<Node 8>:{"send": false, "recv": true, "to": 8, "from": 5, "vc": [3, 2, 9, 1, 5, 8, 0, 1, 7, 2], "hlc": [921539, 9]}
INFO:<Node 8>:{"send": false, "recv": true, "to": 8, "from": 9, "vc": [3, 2, 9, 1, 7, 8, 0, 4, 8, 9], "hlc": [921541, 2]}
INFO:<Node 0>:{"send": true, "recv": false, "from": 0, "to": 7, "vc": [6, 0, 4, 1, 3, 1, 4, 1, 1, 0], "hlc": [921541, 0]}
INFO:<Node 1>:{"send": true, "recv": false, "from": 1, "to": 9, "vc": [0, 12, 11, 2, 3, 4, 3, 7, 4, 4], "hlc": [921541, 1]}
INFO:<Node 2>:{"send": true, "recv": false, "from": 2, "to": 0, "vc": [3, 9, 14, 2, 9, 4, 3, 10, 6, 7], "hlc": [921540, 7]}
INFO:<Node 3>:{"send": true, "recv": false, "from": 3, "to": 4, "vc": [5, 10, 7, 7, 5, 6, 6, 7, 4, 4], "hlc": [921540, 6]}
INFO:<Node 4>:{"send": true, "recv": false, "from": 4, "to": 0, "vc": [5, 1, 4, 5, 11, 6, 6, 4, 6, 7], "hlc": [921540, 6]}
INFO:<Node 5>:{"send": true, "recv": false, "from": 5, "to": 6, "vc": [3, 2, 9, 1, 5, 9, 0, 1, 4, 2], "hlc": [921540, 0]}
INFO:<Node 7>:{"send": true, "recv": false, "from": 7, "to": 8, "vc": [3, 7, 8, 2, 5, 6, 7, 12, 4, 4], "hlc": [921539, 11]}
INFO:<Node 8>:{"send": true, "recv": false, "from": 8, "to": 0, "vc": [3, 2, 9, 1, 7, 8, 0, 4, 9, 9], "hlc": [921541, 3]}
INFO:<Node 9>:{"send": true, "recv": false, "from": 9, "to": 3, "vc": [3, 1, 2, 1, 7, 4, 0, 4, 6, 10], "hlc": [921541, 2]}
INFO:<Node 0>:{"send": false, "recv": true, "to": 0, "from": 2, "vc": [7, 9, 14, 2, 9, 4, 4, 10, 6, 7], "hlc": [921542, 0]}
INFO:<Node 0>:{"send": false, "recv": true, "to": 0, "from": 4, "vc": [8, 9, 14, 5, 11, 6, 6, 10, 6, 7], "hlc": [921542, 1]}
INFO:<Node 0>:{"send": false, "recv": true, "to": 0, "from": 8, "vc": [9, 9, 14, 5, 11, 8, 6, 10, 9, 9], "hlc": [921542, 2]}
INFO:<Node 3>:{"send": false, "recv": true, "to": 3, "from": 9, "vc": [5, 10, 7, 8, 7, 6, 6, 7, 6, 10], "hlc": [921541, 3]}
INFO:<Node 4>:{"send": false, "recv": true, "to": 4, "from": 3, "vc": [5, 10, 7, 7, 12, 6, 6, 7, 6, 7], "hlc": [921540, 7]}
INFO:<Node 6>:{"send": false, "recv": true, "to": 6, "from": 5, "vc": [3, 2, 9, 1, 5, 9, 8, 1, 4, 2], "hlc": [921540, 1]}
INFO:<Node 7>:{"send": false, "recv": true, "to": 7, "from": 0, "vc": [6, 7, 8, 2, 5, 6, 7, 13, 4, 4], "hlc": [921541, 1]}
INFO:<Node 8>:{"send": false, "recv": true, "to": 8, "from": 7, "vc": [3, 7, 9, 2, 7, 8, 7, 12, 10, 9], "hlc": [921541, 4]}
INFO:<Node 9>:{"send": false, "recv": true, "to": 9, "from": 1, "vc": [3, 12, 11, 2, 7, 4, 3, 7, 6, 11], "hlc": [921542, 0]}
INFO:<Node 1>:{"send": true, "recv": false, "from": 1, "to": 9, "vc": [0, 13, 11, 2, 3, 4, 3, 7, 4, 4], "hlc": [921541, 2]}
INFO:<Node 3>:{"send": true, "recv": false, "from": 3, "to": 8, "vc": [5, 10, 7, 9, 7, 6, 6, 7, 6, 10], "hlc": [921541, 4]}
INFO:<Node 4>:{"send": true, "recv": false, "from": 4, "to": 1, "vc": [5, 10, 7, 7, 13, 6, 6, 7, 6, 7], "hlc": [921540, 8]}
INFO:<Node 6>:{"send": true, "recv": false, "from": 6, "to": 5, "vc": [3, 2, 9, 1, 5, 9, 9, 1, 4, 2], "hlc": [921540, 2]}
INFO:<Node 7>:{"send": true, "recv": false, "from": 7, "to": 4, "vc": [6, 7, 8, 2, 5, 6, 7, 14, 4, 4], "hlc": [921541, 2]}
INFO:<Node 8>:{"send": true, "recv": false, "from": 8, "to": 4, "vc": [3, 7, 9, 2, 7, 8, 7, 12, 11, 9], "hlc": [921541, 5]}
INFO:<Node 9>:{"send": true, "recv": false, "from": 9, "to": 1, "vc": [3, 12, 11, 2, 7, 4, 3, 7, 6, 12], "hlc": [921542, 1]}
INFO:<Node 1>:{"send": false, "recv": true, "to": 1, "from": 4, "vc": [5, 14, 11, 7, 13, 6, 6, 7, 6, 7], "hlc": [921542, 0]}
INFO:<Node 1>:{"send": false, "recv": true, "to": 1, "from": 9, "vc": [5, 15, 11, 7, 13, 6, 6, 7, 6, 12], "hlc": [921542, 2]}
INFO:<Node 4>:{"send": false, "recv": true, "to": 4, "from": 7, "vc": [6, 10, 8, 7, 14, 6, 7, 14, 6, 7], "hlc": [921541, 3]}
INFO:<Node 4>:{"send": false, "recv": true, "to": 4, "from": 8, "vc": [6, 10, 9, 7, 15, 8, 7, 14, 11, 9], "hlc": [921541, 6]}
INFO:<Node 5>:{"send": false, "recv": true, "to": 5, "from": 6, "vc": [3, 2, 9, 1, 5, 10, 9, 1, 4, 2], "hlc": [921541, 0]}
INFO:<Node 8>:{"send": false, "recv": true, "to": 8, "from": 3, "vc": [5, 10, 9, 9, 7, 8, 7, 12, 12, 10], "hlc": [921541, 6]}
INFO:<Node 9>:{"send": false, "recv": true, "to": 9, "from": 1, "vc": [3, 13, 11, 2, 7, 4, 3, 7, 6, 13], "hlc": [921542, 2]}
INFO:<Node 1>:{"send": true, "recv": false, "from": 1, "to": 0, "vc": [5, 16, 11, 7, 13, 6, 6, 7, 6, 12], "hlc": [921542, 3]}
INFO:<Node 2>:{"send": true, "recv": false, "from": 2, "to": 1, "vc": [3, 9, 15, 2, 9, 4, 3, 10, 6, 7], "hlc": [921540, 8]}
INFO:<Node 3>:{"send": true, "recv": false, "from": 3, "to": 8, "vc": [5, 10, 7, 10, 7, 6, 6, 7, 6, 10], "hlc": [921541, 5]}
INFO:<Node 5>:{"send": true, "recv": false, "from": 5, "to": 9, "vc": [3, 2, 9, 1, 5, 11, 9, 1, 4, 2], "hlc": [921541, 1]}
INFO:<Node 6>:{"send": true, "recv": false, "from": 6, "to": 3, "vc": [3, 2, 9, 1, 5, 9, 10, 1, 4, 2], "hlc": [921540, 3]}
INFO:<Node 7>:{"send": true, "recv": false, "from": 7, "to": 3, "vc": [6, 7, 8, 2, 5, 6, 7, 15, 4, 4], "hlc": [921541, 3]}
INFO:<Node 9>:{"send": true, "recv": false, "from": 9, "to": 0, "vc": [3, 13, 11, 2, 7, 4, 3, 7, 6, 14], "hlc": [921542, 3]}
INFO:<Node 0>:{"send": false, "recv": true, "to": 0, "from": 1, "vc": [10, 16, 14, 7, 13, 8, 6, 10, 9, 12], "hlc": [921543, 0]}
INFO:<Node 0>:{"send": false, "recv": true, "to": 0, "from": 9, "vc": [11, 16, 14, 7, 13, 8, 6, 10, 9, 14], "hlc": [921543, 1]}
INFO:<Node 1>:{"send": false, "recv": true, "to": 1, "from": 2, "vc": [5, 17, 15, 7, 13, 6, 6, 10, 6, 12], "hlc": [921542, 4]}
INFO:<Node 3>:{"send": false, "recv": true, "to": 3, "from": 6, "vc": [5, 10, 9, 11, 7, 9, 10, 7, 6, 10], "hlc": [921541, 6]}
INFO:<Node 3>:{"send": false, "recv": true, "to": 3, "from": 7, "vc": [6, 10, 9, 12, 7, 9, 10, 15, 6, 10], "hlc": [921541, 7]}
INFO:<Node 8>:{"send": false, "recv": true, "to": 8, "from": 3, "vc": [5, 10, 9, 10, 7, 8, 7, 12, 13, 10], "hlc": [921541, 7]}
INFO:<Node 9>:{"send": false, "recv": true, "to": 9, "from": 5, "vc": [3, 13, 11, 2, 7, 11, 9, 7, 6, 15], "hlc": [921543, 0]}
INFO:<Node 0>:{"send": true, "recv": false, "from": 0, "to": 4, "vc": [12, 16, 14, 7, 13, 8, 6, 10, 9, 14], "hlc": [921543, 2]}
INFO:<Node 1>:{"send": true, "recv": false, "from": 1, "to": 5, "vc": [5, 18, 15, 7, 13, 6, 6, 10, 6, 12], "hlc": [921542, 5]}
INFO:<Node 3>:{"send": true, "recv": false, "from": 3, "to": 8, "vc": [6, 10, 9, 13, 7, 9, 10, 15, 6, 10], "hlc": [921541, 8]}
INFO:<Node 4>:{"send": true, "recv": false, "from": 4, "to": 5, "vc": [6, 10, 9, 7, 16, 8, 7, 14, 11, 9], "hlc": [921541, 7]}
INFO:<Node 5>:{"send": true, "recv": false, "from": 5, "to": 9, "vc": [3, 2, 9, 1, 5, 12, 9, 1, 4, 2], "hlc": [921541, 2]}
INFO:<Node 6>:{"send": true, "recv": false, "from": 6, "to": 2, "vc": [3, 2, 9, 1, 5, 9, 11, 1, 4, 2], "hlc": [921540, 4]}
INFO:<Node 8>:{"send": true, "recv": false, "from": 8, "to": 3, "vc": [5, 10, 9, 10, 7, 8, 7, 12, 14, 10], "hlc": [921541, 8]}
INFO:<Node 9>:{"send": true, "recv": false, "from": 9, "to": 6, "vc": [3, 13, 11, 2, 7, 11, 9, 7, 6, 16], "hlc": [921543, 1]}
INFO:<Node 2>:{"send": false, "recv": true, "to": 2, "from": 6, "vc": [3, 9, 16, 2, 9, 9, 11, 10, 6, 7], "hlc": [921540, 9]}
INFO:<Node 3>:{"send": false, "recv": true, "to": 3, "from": 8, "vc": [6, 10, 9, 14, 7, 9, 10, 15, 14, 10], "hlc": [921541, 9]}
INFO:<Node 4>:{"send": false, "recv": true, "to": 4, "from": 0, "vc": [12, 16, 14, 7, 17, 8, 7, 14, 11, 14], "hlc": [921543, 3]}
INFO:<Node 5>:{"send": false, "recv": true, "to": 5, "from": 1, "vc": [5, 18, 15, 7, 13, 13, 9, 10, 6, 12], "hlc": [921542, 6]}
INFO:<Node 5>:{"send": false, "recv": true, "to": 5, "from": 4, "vc": [6, 18, 15, 7, 16, 14, 9, 14, 11, 12], "hlc": [921542, 7]}
INFO:<Node 6>:{"send": false, "recv": true, "to": 6, "from": 9, "vc": [3, 13, 11, 2, 7, 11, 12, 7, 6, 16], "hlc": [921543, 2]}
INFO:<Node 8>:{"send": false, "recv": true, "to": 8, "from": 3, "vc": [6, 10, 9, 13, 7, 9, 10, 15, 15, 10], "hlc": [921541, 9]}
INFO:<Node 9>:{"send": false, "recv": true, "to": 9, "from": 5, "vc": [3, 13, 11, 2, 7, 12, 9, 7, 6, 17], "hlc": [921543, 2]}
INFO:<Node 1>:{"send": true, "recv": false, "from": 1, "to": 2, "vc": [5, 19, 15, 7, 13, 6, 6, 10, 6, 12], "hlc": [921543, 0]}
INFO:<Node 3>:{"send": true, "recv": false, "from": 3, "to": 5, "vc": [6, 10, 9, 15, 7, 9, 10, 15, 14, 10], "hlc": [921541, 10]}
INFO:<Node 4>:{"send": true, "recv": false, "from": 4, "to": 3, "vc": [12, 16, 14, 7, 18, 8, 7, 14, 11, 14], "hlc": [921543, 4]}
INFO:<Node 6>:{"send": true, "recv": false, "from": 6, "to": 9, "vc": [3, 13, 11, 2, 7, 11, 13, 7, 6, 16], "hlc": [921543, 3]}
INFO:<Node 9>:{"send": true, "recv": false, "from": 9, "to": 2, "vc": [3, 13, 11, 2, 7, 12, 9, 7, 6, 18], "hlc": [921543, 3]}
INFO:<Node 2>:{"send": false, "recv": true, "to": 2, "from": 1, "vc": [5, 19, 17, 7, 13, 9, 11, 10, 6, 12], "hlc": [921543, 1]}
INFO:<Node 2>:{"send": false, "recv": true, "to": 2, "from": 9, "vc": [5, 19, 18, 7, 13, 12, 11, 10, 6, 18], "hlc": [921543, 4]}
INFO:<Node 3>:{"send": false, "recv": true, "to": 3, "from": 4, "vc": [12, 16, 14, 16, 18, 9, 10, 15, 14, 14], "hlc": [921543, 5]}
INFO:<Node 5>:{"send": false, "recv": true, "to": 5, "from": 3, "vc": [6, 18, 15, 15, 16, 15, 10, 15, 14, 12], "hlc": [921542, 8]}
INFO:<Node 9>:{"send": false, "recv": true, "to": 9, "from": 6, "vc": [3, 13, 11, 2, 7, 12, 13, 7, 6, 19], "hlc": [921544, 0]}
INFO:<Node 0>:{"send": true, "recv": false, "from": 0, "to": 7, "vc": [13, 16, 14, 7, 13, 8, 6, 10, 9, 14], "hlc": [921544, 0]}
INFO:<Node 1>:{"send": true, "recv": false, "from": 1, "to": 7, "vc": [5, 20, 15, 7, 13, 6, 6, 10, 6, 12], "hlc": [921543, 1]}
INFO:<Node 3>:{"send": true, "recv": false, "from": 3, "to": 5, "vc": [12, 16, 14, 17, 18, 9, 10, 15, 14, 14], "hlc": [921543, 6]}
INFO:<Node 4>:{"send": true, "recv": false, "from": 4, "to": 2, "vc": [12, 16, 14, 7, 19, 8, 7, 14, 11, 14], "hlc": [921543, 5]}
INFO:<Node 5>:{"send": true, "recv": false, "from": 5, "to": 9, "vc": [6, 18, 15, 15, 16, 16, 10, 15, 14, 12], "hlc": [921542, 9]}
INFO:<Node 6>:{"send": true, "recv": false, "from": 6, "to": 7, "vc": [3, 13, 11, 2, 7, 11, 14, 7, 6, 16], "hlc": [921543, 4]}
INFO:<Node 7>:{"send": true, "recv": false, "from": 7, "to": 3, "vc": [6, 7, 8, 2, 5, 6, 7, 16, 4, 4], "hlc": [921541, 4]}
INFO:<Node 8>:{"send": true, "recv": false, "from": 8, "to": 9, "vc": [6, 10, 9, 13, 7, 9, 10, 15, 16, 10], "hlc": [921542, 0]}
INFO:<Node 2>:{"send": false, "recv": true, "to": 2, "from": 4, "vc": [12, 19, 19, 7, 19, 12, 11, 14, 11, 18], "hlc": [921543, 6]}
INFO:<Node 3>:{"send": false, "recv": true, "to": 3, "from": 7, "vc": [12, 16, 14, 18, 18, 9, 10, 16, 14, 14], "hlc": [921543, 7]}
INFO:<Node 5>:{"send": false, "recv": true, "to": 5, "from": 3, "vc": [12, 18, 15, 17, 18, 17, 10, 15, 14, 14], "hlc": [921543, 7]}
INFO:<Node 7>:{"send": false, "recv": true, "to": 7, "from": 0, "vc": [13, 16, 14, 7, 13, 8, 7, 17, 9, 14], "hlc": [921544, 1]}
INFO:<Node 7>:{"send": false, "recv": true, "to": 7, "from": 1, "vc": [13, 20, 15, 7, 13, 8, 7, 18, 9, 14], "hlc": [921544, 2]}
INFO:<Node 7>:{"send": false, "recv": true, "to": 7, "from": 6, "vc": [13, 20, 15, 7, 13, 11, 14, 19, 9, 16], "hlc": [921544, 3]}
INFO:<Node 9>:{"send": false, "recv": true, "to": 9, "from": 5, "vc": [6, 18, 15, 15, 16, 16, 13, 15, 14, 20], "hlc": [921544, 1]}
INFO:<Node 9>:{"send": false, "recv": true, "to": 9, "from": 8, "vc": [6, 18, 15, 15, 16, 16, 13, 15, 16, 21], "hlc": [921544, 2]}
INFO:<Node 2>:{"send": true, "recv": false, "from": 2, "to": 3, "vc": [12, 19, 20, 7, 19, 12, 11, 14, 11, 18], "hlc": [921543, 7]}
INFO:<Node 3>:{"send": true, "recv": false, "from": 3, "to": 6, "vc": [12, 16, 14, 19, 18, 9, 10, 16, 14, 14], "hlc": [921543, 8]}
INFO:<Node 4>:{"send": true, "recv": false, "from": 4, "to": 8, "vc": [12, 16, 14, 7, 20, 8, 7, 14, 11, 14], "hlc": [921543, 6]}
INFO:<Node 7>:{"send": true, "recv": false, "from": 7, "to": 2, "vc": [13, 20, 15, 7, 13, 11, 14, 20, 9, 16], "hlc": [921544, 4]}
INFO:<Node 9>:{"send": true, "recv": false, "from": 9, "to": 3, "vc": [6, 18, 15, 15, 16, 16, 13, 15, 16, 22], "hlc": [921544, 3]}
INFO:<Node 2>:{"send": false, "recv": true, "to": 2, "from": 7, "vc": [13, 20, 21, 7, 19, 12, 14, 20, 11, 18], "hlc": [921544, 5]}
INFO:<Node 3>:{"send": false, "recv": true, "to": 3, "from": 2, "vc": [12, 19, 20, 20, 19, 12, 11, 16, 14, 18], "hlc": [921543, 9]}
INFO:<Node 3>:{"send": false, "recv": true, "to": 3, "from": 9, "vc": [12, 19, 20, 21, 19, 16, 13, 16, 16, 22], "hlc": [921544, 4]}
INFO:<Node 6>:{"send": false, "recv": true, "to": 6, "from": 3, "vc": [12, 16, 14, 19, 18, 11, 15, 16, 14, 16], "hlc": [921543, 9]}
INFO:<Node 8>:{"send": false, "recv": true, "to": 8, "from": 4, "vc": [12, 16, 14, 13, 20, 9, 10, 15, 17, 14], "hlc": [921543, 7]}
INFO:<Node 0>:{"send": true, "recv": false, "from": 0, "to": 1, "vc": [14, 16, 14, 7, 13, 8, 6, 10, 9, 14], "hlc": [921545, 0]}
INFO:<Node 3>:{"send": true, "recv": false, "from": 3, "to": 1, "vc": [12, 19, 20, 22, 19, 16, 13, 16, 16, 22], "hlc": [921544, 5]}
INFO:<Node 4>:{"send": true, "recv": false, "from": 4, "to": 2, "vc": [12, 16, 14, 7, 21, 8, 7, 14, 11, 14], "hlc": [921543, 7]}
INFO:<Node 5>:{"send": true, "recv": false, "from": 5, "to": 9, "vc": [12, 18, 15, 17, 18, 18, 10, 15, 14, 14], "hlc": [921543, 8]}
INFO:<Node 6>:{"send": true, "recv": false, "from": 6, "to": 8, "vc": [12, 16, 14, 19, 18, 11, 16, 16, 14, 16], "hlc": [921543, 10]}
INFO:<Node 8>:{"send": true, "recv": false, "from": 8, "to": 3, "vc": [12, 16, 14, 13, 20, 9, 10, 15, 18, 14], "hlc": [921543, 8]}
INFO:<Node 1>:{"send": false, "recv": true, "to": 1, "from": 0, "vc": [14, 21, 15, 7, 13, 8, 6, 10, 9, 14], "hlc": [921545, 1]}
INFO:<Node 1>:{"send": false, "recv": true, "to": 1, "from": 3, "vc": [14, 22, 20, 22, 19, 16, 13, 16, 16, 22], "hlc": [921545, 2]}
INFO:<Node 2>:{"send": false, "recv": true, "to": 2, "from": 4, "vc": [13, 20, 22, 7, 21, 12, 14, 20, 11, 18], "hlc": [921544, 6]}
INFO:<Node 3>:{"send": false, "recv": true, "to": 3, "from": 8, "vc": [12, 19, 20, 23, 20, 16, 13, 16, 18, 22], "hlc": [921544, 6]}
INFO:<Node 8>:{"send": false, "recv": true, "to": 8, "from": 6, "vc": [12, 16, 14, 19, 20, 11, 16, 16, 19, 16], "hlc": [921543, 11]}
INFO:<Node 9>:{"send": false, "recv": true, "to": 9, "from": 5, "vc": [12, 18, 15, 17, 18, 18, 13, 15, 16, 23], "hlc": [921545, 0]}
INFO:<Node 1>:{"send": true, "recv": false, "from": 1, "to": 4, "vc": [14, 23, 20, 22, 19, 16, 13, 16, 16, 22], "hlc": [921545, 3]}
INFO:<Node 3>:{"send": true, "recv": false, "from": 3, "to": 4, "vc": [12, 19, 20, 24, 20, 16, 13, 16, 18, 22], "hlc": [921544, 7]}
INFO:<Node 4>:{"send": true, "recv": false, "from": 4, "to": 9, "vc": [12, 16, 14, 7, 22, 8, 7, 14, 11, 14], "hlc": [921543, 8]}
INFO:<Node 4>:{"send": false, "recv": true, "to": 4, "from": 1, "vc": [14, 23, 20, 22, 23, 16, 13, 16, 16, 22], "hlc": [921545, 4]}
INFO:<Node 4>:{"send": false, "recv": true, "to": 4, "from": 3, "vc": [14, 23, 20, 24, 24, 16, 13, 16, 18, 22], "hlc": [921545, 5]}
INFO:<Node 9>:{"send": false, "recv": true, "to": 9, "from": 4, "vc": [12, 18, 15, 17, 22, 18, 13, 15, 16, 24], "hlc": [921546, 0]}
INFO:<Node 0>:{"send": true, "recv": false, "from": 0, "to": 1, "vc": [15, 16, 14, 7, 13, 8, 6, 10, 9, 14], "hlc": [921546, 0]}
INFO:<Node 1>:{"send": true, "recv": false, "from": 1, "to": 4, "vc": [14, 24, 20, 22, 19, 16, 13, 16, 16, 22], "hlc": [921545, 4]}
INFO:<Node 2>:{"send": true, "recv": false, "from": 2, "to": 1, "vc": [13, 20, 23, 7, 21, 12, 14, 20, 11, 18], "hlc": [921544, 7]}
INFO:<Node 3>:{"send": true, "recv": false, "from": 3, "to": 9, "vc": [12, 19, 20, 25, 20, 16, 13, 16, 18, 22], "hlc": [921544, 8]}
INFO:<Node 7>:{"send": true, "recv": false, "from": 7, "to": 2, "vc": [13, 20, 15, 7, 13, 11, 14, 21, 9, 16], "hlc": [921544, 5]}
INFO:<Node 9>:{"send": true, "recv": false, "from": 9, "to": 4, "vc": [12, 18, 15, 17, 22, 18, 13, 15, 16, 25], "hlc": [921546, 1]}
INFO:<Node 1>:{"send": false, "recv": true, "to": 1, "from": 0, "vc": [15, 25, 20, 22, 19, 16, 13, 16, 16, 22], "hlc": [921546, 1]}
INFO:<Node 1>:{"send": false, "recv": true, "to": 1, "from": 2, "vc": [15, 26, 23, 22, 21, 16, 14, 20, 16, 22], "hlc": [921546, 2]}
INFO:<Node 2>:{"send": false, "recv": true, "to": 2, "from": 7, "vc": [13, 20, 24, 7, 21, 12, 14, 21, 11, 18], "hlc": [921544, 8]}
INFO:<Node 4>:{"send": false, "recv": true, "to": 4, "from": 1, "vc": [14, 24, 20, 24, 25, 16, 13, 16, 18, 22], "hlc": [921545, 6]}
INFO:<Node 4>:{"send": false, "recv": true, "to": 4, "from": 9, "vc": [14, 24, 20, 24, 26, 18, 13, 16, 18, 25], "hlc": [921546, 2]}
INFO:<Node 9>:{"send": false, "recv": true, "to": 9, "from": 3, "vc": [12, 19, 20, 25, 22, 18, 13, 16, 18, 26], "hlc": [921546, 2]}
INFO:<Node 0>:{"send": true, "recv": false, "from": 0, "to": 4, "vc": [16, 16, 14, 7, 13, 8, 6, 10, 9, 14], "hlc": [921546, 1]}
INFO:<Node 1>:{"send": true, "recv": false, "from": 1, "to": 2, "vc": [15, 27, 23, 22, 21, 16, 14, 20, 16, 22], "hlc": [921546, 3]}
INFO:<Node 2>:{"send": true, "recv": false, "from": 2, "to": 1, "vc": [13, 20, 25, 7, 21, 12, 14, 21, 11, 18], "hlc": [921544, 9]}
INFO:<Node 3>:{"send": true, "recv": false, "from": 3, "to": 8, "vc": [12, 19, 20, 26, 20, 16, 13, 16, 18, 22], "hlc": [921544, 9]}
INFO:<Node 4>:{"send": true, "recv": false, "from": 4, "to": 6, "vc": [14, 24, 20, 24, 27, 18, 13, 16, 18, 25], "hlc": [921546, 3]}
INFO:<Node 6>:{"send": true, "recv": false, "from": 6, "to": 4, "vc": [12, 16, 14, 19, 18, 11, 17, 16, 14, 16], "hlc": [921543, 11]}
INFO:<Node 7>:{"send": true, "recv": false, "from": 7, "to": 4, "vc": [13, 20, 15, 7, 13, 11, 14, 22, 9, 16], "hlc": [921544, 6]}
INFO:<Node 8>:{"send": true, "recv": false, "from": 8, "to": 7, "vc": [12, 16, 14, 19, 20, 11, 16, 16, 20, 16], "hlc": [921544, 0]}
INFO:<Node 1>:{"send": false, "recv": true, "to": 1, "from": 2, "vc": [15, 28, 25, 22, 21, 16, 14, 21, 16, 22], "hlc": [921546, 4]}
INFO:<Node 2>:{"send": false, "recv": true, "to": 2, "from": 1, "vc": [15, 27, 26, 22, 21, 16, 14, 21, 16, 22], "hlc": [921546, 4]}
INFO:<Node 4>:{"send": false, "recv": true, "to": 4, "from": 0, "vc": [16, 24, 20, 24, 28, 18, 13, 16, 18, 25], "hlc": [921546, 4]}
INFO:<Node 4>:{"send": false, "recv": true, "to": 4, "from": 6, "vc": [16, 24, 20, 24, 29, 18, 17, 16, 18, 25], "hlc": [921546, 5]}
INFO:<Node 4>:{"send": false, "recv": true, "to": 4, "from": 7, "vc": [16, 24, 20, 24, 30, 18, 17, 22, 18, 25], "hlc": [921546, 6]}
INFO:<Node 6>:{"send": false, "recv": true, "to": 6, "from": 4, "vc": [14, 24, 20, 24, 27, 18, 18, 16, 18, 25], "hlc": [921546, 4]}
INFO:<Node 7>:{"send": false, "recv": true, "to": 7, "from": 8, "vc": [13, 20, 15, 19, 20, 11, 16, 23, 20, 16], "hlc": [921544, 7]}
INFO:<Node 8>:{"send": false, "recv": true, "to": 8, "from": 3, "vc": [12, 19, 20, 26, 20, 16, 16, 16, 21, 22], "hlc": [921545, 0]}
INFO:<Node 0>:{"send": true, "recv": false, "from": 0, "to": 3, "vc": [17, 16, 14, 7, 13, 8, 6, 10, 9, 14], "hlc": [921547, 0]}
INFO:<Node 1>:{"send": true, "recv": false, "from": 1, "to": 3, "vc": [15, 29, 25, 22, 21, 16, 14, 21, 16, 22], "hlc": [921546, 5]}
INFO:<Node 2>:{"send": true, "recv": false, "from": 2, "to": 9, "vc": [15, 27, 27, 22, 21, 16, 14, 21, 16, 22], "hlc": [921546, 5]}
INFO:<Node 3>:{"send": true, "recv": false, "from": 3, "to": 0, "vc": [12, 19, 20, 27, 20, 16, 13, 16, 18, 22], "hlc": [921544, 10]}
INFO:<Node 4>:{"send": true, "recv": false, "from": 4, "to": 7, "vc": [16, 24, 20, 24, 31, 18, 17, 22, 18, 25], "hlc": [921546, 7]}
INFO:<Node 6>:{"send": true, "recv": false, "from": 6, "to": 2, "vc": [14, 24, 20, 24, 27, 18, 19, 16, 18, 25], "hlc": [921546, 5]}
INFO:<Node 7>:{"send": true, "recv": false, "from": 7, "to": 4, "vc": [13, 20, 15, 19, 20, 11, 16, 24, 20, 16], "hlc": [921544, 8]}
INFO:<Node 0>:{"send": false, "recv": true, "to": 0, "from": 3, "vc": [18, 19, 20, 27, 20, 16, 13, 16, 18, 22], "hlc": [921547, 1]}
INFO:<Node 2>:{"send": false, "recv": true, "to": 2, "from": 6, "vc": [15, 27, 28, 24, 27, 18, 19, 21, 18, 25], "hlc": [921546, 6]}
INFO:<Node 3>:{"send": false, "recv": true, "to": 3, "from": 0, "vc": [17, 19, 20, 28, 20, 16, 13, 16, 18, 22], "hlc": [921547, 1]}
INFO:<Node 3>:{"send": false, "recv": true, "to": 3, "from": 1, "vc": [17, 29, 25, 29, 21, 16, 14, 21, 18, 22], "hlc": [921547, 2]}
INFO:<Node 4>:{"send": false, "recv": true, "to": 4, "from": 7, "vc": [16, 24, 20, 24, 32, 18, 17, 24, 20, 25], "hlc": [921546, 8]}
INFO:<Node 7>:{"send": false, "recv": true, "to": 7, "from": 4, "vc": [16, 24, 20, 24, 31, 18, 17, 25, 20, 25], "hlc": [921546, 8]}
INFO:<Node 9>:{"send": false, "recv": true, "to": 9, "from": 2, "vc": [15, 27, 27, 25, 22, 18, 14, 21, 18, 27], "hlc": [921547, 0]}
INFO:<Node 0>:{"send": true, "recv": false, "from": 0, "to": 6, "vc": [19, 19, 20, 27, 20, 16, 13, 16, 18, 22], "hlc": [921547, 2]}
INFO:<Node 1>:{"send": true, "recv": false, "from": 1, "to": 2, "vc": [15, 30, 25, 22, 21, 16, 14, 21, 16, 22], "hlc": [921547, 0]}
INFO:<Node 2>:{"send": true, "recv": false, "from": 2, "to": 1, "vc": [15, 27, 29, 24, 27, 18, 19, 21, 18, 25], "hlc": [921546, 7]}
INFO:<Node 3>:{"send": true, "recv": false, "from": 3, "to": 9, "vc": [17, 29, 25, 30, 21, 16, 14, 21, 18, 22], "hlc": [921547, 3]}
INFO:<Node 5>:{"send": true, "recv": false, "from": 5, "to": 0, "vc": [12, 18, 15, 17, 18, 19, 10, 15, 14, 14], "hlc": [921546, 0]}
INFO:<Node 8>:{"send": true, "recv": false, "from": 8, "to": 2, "vc": [12, 19, 20, 26, 20, 16, 16, 16, 22, 22], "hlc": [921545, 1]}
INFO:<Node 0>:{"send": false, "recv": true, "to": 0, "from": 5, "vc": [20, 19, 20, 27, 20, 19, 13, 16, 18, 22], "hlc": [921548, 0]}
INFO:<Node 1>:{"send": false, "recv": true, "to": 1, "from": 2, "vc": [15, 31, 29, 24, 27, 18, 19, 21, 18, 25], "hlc": [921547, 1]}
INFO:<Node 2>:{"send": false, "recv": true, "to": 2, "from": 1, "vc": [15, 30, 30, 24, 27, 18, 19, 21, 18, 25], "hlc": [921547, 1]}
INFO:<Node 2>:{"send": false, "recv": true, "to": 2, "from": 8, "vc": [15, 30, 31, 26, 27, 18, 19, 21, 22, 25], "hlc": [921547, 2]}
INFO:<Node 6>:{"send": false, "recv": true, "to": 6, "from": 0, "vc": [19, 24, 20, 27, 27, 18, 20, 16, 18, 25], "hlc": [921547, 3]}
INFO:<Node 9>:{"send": false, "recv": true, "to": 9, "from": 3, "vc": [17, 29, 27, 30, 22, 18, 14, 21, 18, 28], "hlc": [921548, 0]}
INFO:<Node 3>:{"send": true, "recv": false, "from": 3, "to": 0, "vc": [17, 29, 25, 31, 21, 16, 14, 21, 18, 22], "hlc": [921547, 4]}
INFO:<Node 4>:{"send": true, "recv": false, "from": 4, "to": 2, "vc": [16, 24, 20, 24, 33, 18, 17, 24, 20, 25], "hlc": [921546, 9]}
INFO:<Node 5>:{"send": true, "recv": false, "from": 5, "to": 7, "vc": [12, 18, 15, 17, 18, 20, 10, 15, 14, 14], "hlc": [921546, 1]}
INFO:<Node 6>:{"send": true, "recv": false, "from": 6, "to": 3, "vc": [19, 24, 20, 27, 27, 18, 21, 16, 18, 25], "hlc": [921547, 4]}
INFO:<Node 7>:{"send": true, "recv": false, "from": 7, "to": 4, "vc": [16, 24, 20, 24, 31, 18, 17, 26, 20, 25], "hlc": [921546, 9]}
INFO:<Node 8>:{"send": true, "recv": false, "from": 8, "to": 5, "vc": [12, 19, 20, 26, 20, 16, 16, 16, 23, 22], "hlc": [921546, 0]}
INFO:<Node 9>:{"send": true, "recv": false, "from": 9, "to": 6, "vc": [17, 29, 27, 30, 22, 18, 14, 21, 18, 29], "hlc": [921548, 1]}
INFO:<Node 0>:{"send": false, "recv": true, "to": 0, "from": 3, "vc": [21, 29, 25, 31, 21, 19, 14, 21, 18, 22], "hlc": [921549, 0]}
INFO:<Node 2>:{"send": false, "recv": true, "to": 2, "from": 4, "vc": [16, 30, 32, 26, 33, 18, 19, 24, 22, 25], "hlc": [921547, 3]}
INFO:<Node 3>:{"send": false, "recv": true, "to": 3, "from": 6, "vc": [19, 29, 25, 32, 27, 18, 21, 21, 18, 25], "hlc": [921547, 5]}
INFO:<Node 4>:{"send": false, "recv": true, "to": 4, "from": 7, "vc": [16, 24, 20, 24, 34, 18, 17, 26, 20, 25], "hlc": [921546, 10]}
INFO:<Node 5>:{"send": false, "recv": true, "to": 5, "from": 8, "vc": [12, 19, 20, 26, 20, 21, 16, 16, 23, 22], "hlc": [921547, 0]}
INFO:<Node 6>:{"send": false, "recv": true, "to": 6, "from": 9, "vc": [19, 29, 27, 30, 27, 18, 22, 21, 18, 29], "hlc": [921548, 2]}
INFO:<Node 7>:{"send": false, "recv": true, "to": 7, "from": 5, "vc": [16, 24, 20, 24, 31, 20, 17, 27, 20, 25], "hlc": [921546, 10]}
INFO:<Node 0>:{"send": true, "recv": false, "from": 0, "to": 3, "vc": [22, 29, 25, 31, 21, 19, 14, 21, 18, 22], "hlc": [921549, 1]}
INFO:<Node 1>:{"send": true, "recv": false, "from": 1, "to": 7, "vc": [15, 32, 29, 24, 27, 18, 19, 21, 18, 25], "hlc": [921548, 0]}
INFO:<Node 3>:{"send": true, "recv": false, "from": 3, "to": 2, "vc": [19, 29, 25, 33, 27, 18, 21, 21, 18, 25], "hlc": [921547, 6]}
INFO:<Node 4>:{"send": true, "recv": false, "from": 4, "to": 9, "vc": [16, 24, 20, 24, 35, 18, 17, 26, 20, 25], "hlc": [921546, 11]}
INFO:<Node 5>:{"send": true, "recv": false, "from": 5, "to": 6, "vc": [12, 19, 20, 26, 20, 22, 16, 16, 23, 22], "hlc": [921547, 1]}
INFO:<Node 7>:{"send": true, "recv": false, "from": 7, "to": 4, "vc": [16, 24, 20, 24, 31, 20, 17, 28, 20, 25], "hlc": [921546, 11]}
INFO:<Node 9>:{"send": true, "recv": false, "from": 9, "to": 3, "vc": [17, 29, 27, 30, 22, 18, 14, 21, 18, 30], "hlc": [921548, 2]}
INFO:<Node 2>:{"send": false, "recv": true, "to": 2, "from": 3, "vc": [19, 30, 33, 33, 33, 18, 21, 24, 22, 25], "hlc": [921547, 7]}
INFO:<Node 3>:{"send": false, "recv": true, "to": 3, "from": 0, "vc": [22, 29, 25, 34, 27, 19, 21, 21, 18, 25], "hlc": [921549, 2]}
INFO:<Node 3>:{"send": false, "recv": true, "to": 3, "from": 9, "vc": [22, 29, 27, 35, 27, 19, 21, 21, 18, 30], "hlc": [921549, 3]}
INFO:<Node 4>:{"send": false, "recv": true, "to": 4, "from": 7, "vc": [16, 24, 20, 24, 36, 20, 17, 28, 20, 25], "hlc": [921546, 12]}
INFO:<Node 6>:{"send": false, "recv": true, "to": 6, "from": 5, "vc": [19, 29, 27, 30, 27, 22, 23, 21, 23, 29], "hlc": [921548, 3]}
INFO:<Node 7>:{"send": false, "recv": true, "to": 7, "from": 1, "vc": [16, 32, 29, 24, 31, 20, 19, 29, 20, 25], "hlc": [921548, 1]}
INFO:<Node 9>:{"send": false, "recv": true, "to": 9, "from": 4, "vc": [17, 29, 27, 30, 35, 18, 17, 26, 20, 31], "hlc": [921549, 0]}
INFO:<Node 1>:{"send": true, "recv": false, "from": 1, "to": 3, "vc": [15, 33, 29, 24, 27, 18, 19, 21, 18, 25], "hlc": [921548, 1]}
INFO:<Node 3>:{"send": true, "recv": false, "from": 3, "to": 7, "vc": [22, 29, 27, 36, 27, 19, 21, 21, 18, 30], "hlc": [921549, 4]}
INFO:<Node 4>:{"send": true, "recv": false, "from": 4, "to": 5, "vc": [16, 24, 20, 24, 37, 20, 17, 28, 20, 25], "hlc": [921546, 13]}
INFO:<Node 5>:{"send": true, "recv": false, "from": 5, "to": 2, "vc": [12, 19, 20, 26, 20, 23, 16, 16, 23, 22], "hlc": [921547, 2]}
INFO:<Node 9>:{"send": true, "recv": false, "from": 9, "to": 2, "vc": [17, 29, 27, 30, 35, 18, 17, 26, 20, 32], "hlc": [921549, 1]}
INFO:<Node 2>:{"send": false, "recv": true, "to": 2, "from": 5, "vc": [19, 30, 34, 33, 33, 23, 21, 24, 23, 25], "hlc": [921547, 8]}
INFO:<Node 2>:{"send": false, "recv": true, "to": 2, "from": 9, "vc": [19, 30, 35, 33, 35, 23, 21, 26, 23, 32], "hlc": [921549, 2]}
INFO:<Node 3>:{"send": false, "recv": true, "to": 3, "from": 1, "vc": [22, 33, 29, 37, 27, 19, 21, 21, 18, 30], "hlc": [921549, 5]}
INFO:<Node 5>:{"send": false, "recv": true, "to": 5, "from": 4, "vc": [16, 24, 20, 26, 37, 24, 17, 28, 23, 25], "hlc": [921548, 0]}
INFO:<Node 7>:{"send": false, "recv": true, "to": 7, "from": 3, "vc": [22, 32, 29, 36, 31, 20, 21, 30, 20, 30], "hlc": [921549, 5]}
INFO:<Node 0>:{"send": true, "recv": false, "from": 0, "to": 9, "vc": [23, 29, 25, 31, 21, 19, 14, 21, 18, 22], "hlc": [921550, 0]}
INFO:<Node 2>:{"send": true, "recv": false, "from": 2, "to": 6, "vc": [19, 30, 36, 33, 35, 23, 21, 26, 23, 32], "hlc": [921549, 3]}
INFO:<Node 4>:{"send": true, "recv": false, "from": 4, "to": 2, "vc": [16, 24, 20, 24, 38, 20, 17, 28, 20, 25], "hlc": [921546, 14]}
INFO:<Node 7>:{"send": true, "recv": false, "from": 7, "to": 1, "vc": [22, 32, 29, 36, 31, 20, 21, 31, 20, 30], "hlc": [921549, 6]}
INFO:<Node 1>:{"send": false, "recv": true, "to": 1, "from": 7, "vc": [22, 34, 29, 36, 31, 20, 21, 31, 20, 30], "hlc": [921549, 7]}
INFO:<Node 2>:{"send": false, "recv": true, "to": 2, "from": 4, "vc": [19, 30, 37, 33, 38, 23, 21, 28, 23, 32], "hlc": [921549, 4]}
INFO:<Node 6>:{"send": false, "recv": true, "to": 6, "from": 2, "vc": [19, 30, 36, 33, 35, 23, 24, 26, 23, 32], "hlc": [921549, 4]}
INFO:<Node 9>:{"send": false, "recv": true, "to": 9, "from": 0, "vc": [23, 29, 27, 31, 35, 19, 17, 26, 20, 33], "hlc": [921550, 1]}
INFO:<Node 0>:{"send": true, "recv": false, "from": 0, "to": 9, "vc": [24, 29, 25, 31, 21, 19, 14, 21, 18, 22], "hlc": [921550, 1]}
INFO:<Node 1>:{"send": true, "recv": false, "from": 1, "to": 3, "vc": [22, 35, 29, 36, 31, 20, 21, 31, 20, 30], "hlc": [921549, 8]}
INFO:<Node 2>:{"send": true, "recv": false, "from": 2, "to": 8, "vc": [19, 30, 38, 33, 38, 23, 21, 28, 23, 32], "hlc": [921549, 5]}
INFO:<Node 3>:{"send": true, "recv": false, "from": 3, "to": 8, "vc": [22, 33, 29, 38, 27, 19, 21, 21, 18, 30], "hlc": [921549, 6]}
INFO:<Node 4>:{"send": true, "recv": false, "from": 4, "to": 7, "vc": [16, 24, 20, 24, 39, 20, 17, 28, 20, 25], "hlc": [921546, 15]}
INFO:<Node 6>:{"send": true, "recv": false, "from": 6, "to": 1, "vc": [19, 30, 36, 33, 35, 23, 25, 26, 23, 32], "hlc": [921549, 5]}
INFO:<Node 7>:{"send": true, "recv": false, "from": 7, "to": 0, "vc": [22, 32, 29, 36, 31, 20, 21, 32, 20, 30], "hlc": [921549, 7]}
INFO:<Node 8>:{"send": true, "recv": false, "from": 8, "to": 4, "vc": [12, 19, 20, 26, 20, 16, 16, 16, 24, 22], "hlc": [921548, 0]}
INFO:<Node 9>:{"send": true, "recv": false, "from": 9, "to": 8, "vc": [23, 29, 27, 31, 35, 19, 17, 26, 20, 34], "hlc": [921550, 2]}
INFO:<Node 0>:{"send": false, "recv": true, "to": 0, "from": 7, "vc": [25, 32, 29, 36, 31, 20, 21, 32, 20, 30], "hlc": [921551, 0]}
INFO:<Node 1>:{"send": false, "recv": true, "to": 1, "from": 6, "vc": [22, 36, 36, 36, 35, 23, 25, 31, 23, 32], "hlc": [921550, 0]}
INFO:<Node 3>:{"send": false, "recv": true, "to": 3, "from": 1, "vc": [22, 35, 29, 39, 31, 20, 21, 31, 20, 30], "hlc": [921549, 9]}
INFO:<Node 4>:{"send": false, "recv": true, "to": 4, "from": 8, "vc": [16, 24, 20, 26, 40, 20, 17, 28, 24, 25], "hlc": [921548, 1]}
INFO:<Node 7>:{"send": false, "recv": true, "to": 7, "from": 4, "vc": [22, 32, 29, 36, 39, 20, 21, 33, 20, 30], "hlc": [921549, 8]}
INFO:<Node 8>:{"send": false, "recv": true, "to": 8, "from": 2, "vc": [19, 30, 38, 33, 38, 23, 21, 28, 25, 32], "hlc": [921549, 6]}
INFO:<Node 8>:{"send": false, "recv": true, "to": 8, "from": 3, "vc": [22, 33, 38, 38, 38, 23, 21, 28, 26, 32], "hlc": [921549, 7]}
INFO:<Node 8>:{"send": false, "recv": true, "to": 8, "from": 9, "vc": [23, 33, 38, 38, 38, 23, 21, 28, 27, 34], "hlc": [921550, 3]}
INFO:<Node 9>:{"send": false, "recv": true, "to": 9, "from": 0, "vc": [24, 29, 27, 31, 35, 19, 17, 26, 20, 35], "hlc": [921550, 3]}
INFO:<Node 0>:{"send": true, "recv": false, "from": 0, "to": 1, "vc": [26, 32, 29, 36, 31, 20, 21, 32, 20, 30], "hlc": [921551, 1]}
INFO:<Node 2>:{"send": true, "recv": false, "from": 2, "to": 9, "vc": [19, 30, 39, 33, 38, 23, 21, 28, 23, 32], "hlc": [921549, 6]}
INFO:<Node 3>:{"send": true, "recv": false, "from": 3, "to": 9, "vc": [22, 35, 29, 40, 31, 20, 21, 31, 20, 30], "hlc": [921549, 10]}
INFO:<Node 6>:{"send": true, "recv": false, "from": 6, "to": 4, "vc": [19, 30, 36, 33, 35, 23, 26, 26, 23, 32], "hlc": [921549, 6]}
INFO:<Node 7>:{"send": true, "recv": false, "from": 7, "to": 9, "vc": [22, 32, 29, 36, 39, 20, 21, 34, 20, 30], "hlc": [921549, 9]}
INFO:<Node 9>:{"send": true, "recv": false, "from": 9, "to": 7, "vc": [24, 29, 27, 31, 35, 19, 17, 26, 20, 36], "hlc": [921550, 4]}
INFO:<Node 1>:{"send": false, "recv": true, "to": 1, "from": 0, "vc": [26, 37, 36, 36, 35, 23, 25, 32, 23, 32], "hlc": [921551, 2]}
INFO:<Node 4>:{"send": false, "recv": true, "to": 4, "from": 6, "vc": [19, 30, 36, 33, 41, 23, 26, 28, 24, 32], "hlc": [921549, 7]}
INFO:<Node 7>:{"send": false, "recv": true, "to": 7, "from": 9, "vc": [24, 32, 29, 36, 39, 20, 21, 35, 20, 36], "hlc": [921550, 5]}
INFO:<Node 9>:{"send": false, "recv": true, "to": 9, "from": 2, "vc": [24, 30, 39, 33, 38, 23, 21, 28, 23, 37], "hlc": [921551, 0]}
INFO:<Node 9>:{"send": false, "recv": true, "to": 9, "from": 3, "vc": [24, 35, 39, 40, 38, 23, 21, 31, 23, 38], "hlc": [921551, 1]}
INFO:<Node 9>:{"send": false, "recv": true, "to": 9, "from": 7, "vc": [24, 35, 39, 40, 39, 23, 21, 34, 23, 39], "hlc": [921551, 2]}
INFO:<Node 0>:{"send": true, "recv": false, "from": 0, "to": 2, "vc": [27, 32, 29, 36, 31, 20, 21, 32, 20, 30], "hlc": [921551, 2]}
INFO:<Node 1>:{"send": true, "recv": false, "from": 1, "to": 2, "vc": [26, 38, 36, 36, 35, 23, 25, 32, 23, 32], "hlc": [921551, 3]}
INFO:<Node 3>:{"send": true, "recv": false, "from": 3, "to": 7, "vc": [22, 35, 29, 41, 31, 20, 21, 31, 20, 30], "hlc": [921549, 11]}
INFO:<Node 4>:{"send": true, "recv": false, "from": 4, "to": 8, "vc": [19, 30, 36, 33, 42, 23, 26, 28, 24, 32], "hlc": [921549, 8]}
INFO:<Node 6>:{"send": true, "recv": false, "from": 6, "to": 1, "vc": [19, 30, 36, 33, 35, 23, 27, 26, 23, 32], "hlc": [921549, 7]}
INFO:<Node 8>:{"send": true, "recv": false, "from": 8, "to": 0, "vc": [23, 33, 38, 38, 38, 23, 21, 28, 28, 34], "hlc": [921550, 4]}
INFO:<Node 9>:{"send": true, "recv": false, "from": 9, "to": 0, "vc": [24, 35, 39, 40, 39, 23, 21, 34, 23, 40], "hlc": [921551, 3]}
INFO:<Node 0>:{"send": false, "recv": true, "to": 0, "from": 8, "vc": [28, 33, 38, 38, 38, 23, 21, 32, 28, 34], "hlc": [921552, 0]}
INFO:<Node 0>:{"send": false, "recv": true, "to": 0, "from": 9, "vc": [29, 35, 39, 40, 39, 23, 21, 34, 28, 40], "hlc": [921552, 1]}
INFO:<Node 1>:{"send": false, "recv": true, "to": 1, "from": 6, "vc": [26, 39, 36, 36, 35, 23, 27, 32, 23, 32], "hlc": [921551, 4]}
INFO:<Node 2>:{"send": false, "recv": true, "to": 2, "from": 0, "vc": [27, 32, 40, 36, 38, 23, 21, 32, 23, 32], "hlc": [921551, 3]}
INFO:<Node 2>:{"send": false, "recv": true, "to": 2, "from": 1, "vc": [27, 38, 41, 36, 38, 23, 25, 32, 23, 32], "hlc": [921551, 4]}
INFO:<Node 7>:{"send": false, "recv": true, "to": 7, "from": 3, "vc": [24, 35, 29, 41, 39, 20, 21, 36, 20, 36], "hlc": [921550, 6]}
INFO:<Node 8>:{"send": false, "recv": true, "to": 8, "from": 4, "vc": [23, 33, 38, 38, 42, 23, 26, 28, 29, 34], "hlc": [921550, 5]}
INFO:<Node 1>:{"send": true, "recv": false, "from": 1, "to": 4, "vc": [26, 40, 36, 36, 35, 23, 27, 32, 23, 32], "hlc": [921551, 5]}
INFO:<Node 2>:{"send": true, "recv": false, "from": 2, "to": 8, "vc": [27, 38, 42, 36, 38, 23, 25, 32, 23, 32], "hlc": [921551, 5]}
INFO:<Node 3>:{"send": true, "recv": false, "from": 3, "to": 2, "vc": [22, 35, 29, 42, 31, 20, 21, 31, 20, 30], "hlc": [921549, 12]}
INFO:<Node 4>:{"send": true, "recv": false, "from": 4, "to": 0, "vc": [19, 30, 36, 33, 43, 23, 26, 28, 24, 32], "hlc": [921549, 9]}
INFO:<Node 6>:{"send": true, "recv": false, "from": 6, "to": 7, "vc": [19, 30, 36, 33, 35, 23, 28, 26, 23, 32], "hlc": [921549, 8]}
INFO:<Node 7>:{"send": true, "recv": false, "from": 7, "to": 8, "vc": [24, 35, 29, 41, 39, 20, 21, 37, 20, 36], "hlc": [921550, 7]}
INFO:<Node 8>:{"send": true, "recv": false, "from": 8, "to": 7, "vc": [23, 33, 38, 38, 42, 23, 26, 28, 30, 34], "hlc": [921550, 6]}
INFO:<Node 9>:{"send": true, "recv": false, "from": 9, "to": 6, "vc": [24, 35, 39, 40, 39, 23, 21, 34, 23, 41], "hlc": [921551, 4]}
INFO:<Node 0>:{"send": false, "recv": true, "to": 0, "from": 4, "vc": [30, 35, 39, 40, 43, 23, 26, 34, 28, 40], "hlc": [921552, 2]}
INFO:<Node 2>:{"send": false, "recv": true, "to": 2, "from": 3, "vc": [27, 38, 43, 42, 38, 23, 25, 32, 23, 32], "hlc": [921551, 6]}
INFO:<Node 4>:{"send": false, "recv": true, "to": 4, "from": 1, "vc": [26, 40, 36, 36, 44, 23, 27, 32, 24, 32], "hlc": [921551, 6]}
INFO:<Node 6>:{"send": false, "recv": true, "to": 6, "from": 9, "vc": [24, 35, 39, 40, 39, 23, 29, 34, 23, 41], "hlc": [921551, 5]}
INFO:<Node 7>:{"send": false, "recv": true, "to": 7, "from": 6, "vc": [24, 35, 36, 41, 39, 23, 28, 38, 23, 36], "hlc": [921550, 8]}
INFO:<Node 7>:{"send": false, "recv": true, "to": 7, "from": 8, "vc": [24, 35, 38, 41, 42, 23, 28, 39, 30, 36], "hlc": [921550, 9]}
INFO:<Node 8>:{"send": false, "recv": true, "to": 8, "from": 2, "vc": [27, 38, 42, 38, 42, 23, 26, 32, 31, 34], "hlc": [921551, 6]}
INFO:<Node 8>:{"send": false, "recv": true, "to": 8, "from": 7, "vc": [27, 38, 42, 41, 42, 23, 26, 37, 32, 36], "hlc": [921551, 7]}
INFO:<Node 1>:{"send": true, "recv": false, "from": 1, "to": 8, "vc": [26, 41, 36, 36, 35, 23, 27, 32, 23, 32], "hlc": [921551, 6]}
INFO:<Node 2>:{"send": true, "recv": false, "from": 2, "to": 0, "vc": [27, 38, 44, 42, 38, 23, 25, 32, 23, 32], "hlc": [921551, 7]}
INFO:<Node 4>:{"send": true, "recv": false, "from": 4, "to": 1, "vc": [26, 40, 36, 36, 45, 23, 27, 32, 24, 32], "hlc": [921551, 7]}
INFO:<Node 8>:{"send": true, "recv": false, "from": 8, "to": 9, "vc": [27, 38, 42, 41, 42, 23, 26, 37, 33, 36], "hlc": [921551, 8]}
INFO:<Node 0>:{"send": false, "recv": true, "to": 0, "from": 2, "vc": [31, 38, 44, 42, 43, 23, 26, 34, 28, 40], "hlc": [921553, 0]}
INFO:<Node 1>:{"send": false, "recv": true, "to": 1, "from": 4, "vc": [26, 42, 36, 36, 45, 23, 27, 32, 24, 32], "hlc": [921552, 0]}
INFO:<Node 8>:{"send": false, "recv": true, "to": 8, "from": 1, "vc": [27, 41, 42, 41, 42, 23, 27, 37, 34, 36], "hlc": [921551, 9]}
INFO:<Node 9>:{"send": false, "recv": true, "to": 9, "from": 8, "vc": [27, 38, 42, 41, 42, 23, 26, 37, 33, 42], "hlc": [921552, 0]}
INFO:<Node 0>:{"send": true, "recv": false, "from": 0, "to": 5, "vc": [32, 38, 44, 42, 43, 23, 26, 34, 28, 40], "hlc": [921553, 1]}
INFO:<Node 4>:{"send": true, "recv": false, "from": 4, "to": 0, "vc": [26, 40, 36, 36, 46, 23, 27, 32, 24, 32], "hlc": [921551, 8]}
INFO:<Node 6>:{"send": true, "recv": false, "from": 6, "to": 1, "vc": [24, 35, 39, 40, 39, 23, 30, 34, 23, 41], "hlc": [921551, 6]}
INFO:<Node 7>:{"send": true, "recv": false, "from": 7, "to": 1, "vc": [24, 35, 38, 41, 42, 23, 28, 40, 30, 36], "hlc": [921550, 10]}
INFO:<Node 8>:{"send": true, "recv": false, "from": 8, "to": 7, "vc": [27, 41, 42, 41, 42, 23, 27, 37, 35, 36], "hlc": [921551, 10]}
INFO:<Node 0>:{"send": false, "recv": true, "to": 0, "from": 4, "vc": [33, 40, 44, 42, 46, 23, 27, 34, 28, 40], "hlc": [921553, 2]}
INFO:<Node 1>:{"send": false, "recv": true, "to": 1, "from": 6, "vc": [26, 43, 39, 40, 45, 23, 30, 34, 24, 41], "hlc": [921552, 1]}
INFO:<Node 1>:{"send": false, "recv": true, "to": 1, "from": 7, "vc": [26, 44, 39, 41, 45, 23, 30, 40, 30, 41], "hlc": [921552, 2]}
INFO:<Node 5>:{"send": false, "recv": true, "to": 5, "from": 0, "vc": [32, 38, 44, 42, 43, 25, 26, 34, 28, 40], "hlc": [921553, 2]}
INFO:<Node 7>:{"send": false, "recv": true, "to": 7, "from": 8, "vc": [27, 41, 42, 41, 42, 23, 28, 41, 35, 36], "hlc": [921551, 11]}
INFO:<Node 2>:{"send": true, "recv": false, "from": 2, "to": 9, "vc": [27, 38, 45, 42, 38, 23, 25, 32, 23, 32], "hlc": [921551, 8]}
INFO:<Node 3>:{"send": true, "recv": false, "from": 3, "to": 9, "vc": [22, 35, 29, 43, 31, 20, 21, 31, 20, 30], "hlc": [921549, 13]}
INFO:<Node 4>:{"send": true, "recv": false, "from": 4, "to": 3, "vc": [26, 40, 36, 36, 47, 23, 27, 32, 24, 32], "hlc": [921551, 9]}
INFO:<Node 5>:{"send": true, "recv": false, "from": 5, "to": 0, "vc": [32, 38, 44, 42, 43, 26, 26, 34, 28, 40], "hlc": [921553, 3]}
INFO:<Node 6>:{"send": true, "recv": false, "from": 6, "to": 7, "vc": [24, 35, 39, 40, 39, 23, 31, 34, 23, 41], "hlc": [921551, 7]}
INFO:<Node 7>:{"send": true, "recv": false, "from": 7, "to": 2, "vc": [27, 41, 42, 41, 42, 23, 28, 42, 35, 36], "hlc": [921551, 12]}
INFO:<Node 9>:{"send": true, "recv": false, "from": 9, "to": 3, "vc": [27, 38, 42, 41, 42, 23, 26, 37, 33, 43], "hlc": [921553, 0]}
INFO:<Node 0>:{"send": false, "recv": true, "to": 0, "from": 5, "vc": [34, 40, 44, 42, 46, 26, 27, 34, 28, 40], "hlc": [921554, 0]}
INFO:<Node 2>:{"send": false, "recv": true, "to": 2, "from": 7, "vc": [27, 41, 46, 42, 42, 23, 28, 42, 35, 36], "hlc": [921551, 13]}
INFO:<Node 3>:{"send": false, "recv": true, "to": 3, "from": 4, "vc": [26, 40, 36, 44, 47, 23, 27, 32, 24, 32], "hlc": [921551, 10]}
INFO:<Node 3>:{"send": false, "recv": true, "to": 3, "from": 9, "vc": [27, 40, 42, 45, 47, 23, 27, 37, 33, 43], "hlc": [921553, 1]}
INFO:<Node 7>:{"send": false, "recv": true, "to": 7, "from": 6, "vc": [27, 41, 42, 41, 42, 23, 31, 43, 35, 41], "hlc": [921551, 13]}
INFO:<Node 9>:{"send": false, "recv": true, "to": 9, "from": 2, "vc": [27, 38, 45, 42, 42, 23, 26, 37, 33, 44], "hlc": [921553, 1]}
INFO:<Node 9>:{"send": false, "recv": true, "to": 9, "from": 3, "vc": [27, 38, 45, 43, 42, 23, 26, 37, 33, 45], "hlc": [921553, 2]}
INFO:<Node 0>:{"send": true, "recv": false, "from": 0, "to": 6, "vc": [35, 40, 44, 42, 46, 26, 27, 34, 28, 40], "hlc": [921554, 1]}
INFO:<Node 2>:{"send": true, "recv": false, "from": 2, "to": 4, "vc": [27, 41, 47, 42, 42, 23, 28, 42, 35, 36], "hlc": [921551, 14]}
INFO:<Node 3>:{"send": true, "recv": false, "from": 3, "to": 2, "vc": [27, 40, 42, 46, 47, 23, 27, 37, 33, 43], "hlc": [921553, 2]}
INFO:<Node 4>:{"send": true, "recv": false, "from": 4, "to": 3, "vc": [26, 40, 36, 36, 48, 23, 27, 32, 24, 32], "hlc": [921551, 10]}
INFO:<Node 5>:{"send": true, "recv": false, "from": 5, "to": 9, "vc": [32, 38, 44, 42, 43, 27, 26, 34, 28, 40], "hlc": [921553, 4]}
INFO:<Node 7>:{"send": true, "recv": false, "from": 7, "to": 6, "vc": [27, 41, 42, 41, 42, 23, 31, 44, 35, 41], "hlc": [921551, 14]}
INFO:<Node 9>:{"send": true, "recv": false, "from": 9, "to": 1, "vc": [27, 38, 45, 43, 42, 23, 26, 37, 33, 46], "hlc": [921553, 3]}
INFO:<Node 1>:{"send": false, "recv": true, "to": 1, "from": 9, "vc": [27, 45, 45, 43, 45, 23, 30, 40, 33, 46], "hlc": [921553, 4]}
INFO:<Node 2>:{"send": false, "recv": true, "to": 2, "from": 3, "vc": [27, 41, 48, 46, 47, 23, 28, 42, 35, 43], "hlc": [921553, 3]}
INFO:<Node 3>:{"send": false, "recv": true, "to": 3, "from": 4, "vc": [27, 40, 42, 47, 48, 23, 27, 37, 33, 43], "hlc": [921553, 3]}
INFO:<Node 4>:{"send": false, "recv": true, "to": 4, "from": 2, "vc": [27, 41, 47, 42, 49, 23, 28, 42, 35, 36], "hlc": [921551, 15]}
INFO:<Node 6>:{"send": false, "recv": true, "to": 6, "from": 0, "vc": [35, 40, 44, 42, 46, 26, 32, 34, 28, 41], "hlc": [921554, 2]}
INFO:<Node 6>:{"send": false, "recv": true, "to": 6, "from": 7, "vc": [35, 41, 44, 42, 46, 26, 33, 44, 35, 41], "hlc": [921554, 3]}
INFO:<Node 9>:{"send": false, "recv": true, "to": 9, "from": 5, "vc": [32, 38, 45, 43, 43, 27, 26, 37, 33, 47], "hlc": [921554, 0]}
INFO:<Node 0>:{"send": true, "recv": false, "from": 0, "to": 1, "vc": [36, 40, 44, 42, 46, 26, 27, 34, 28, 40], "hlc": [921554, 2]}
INFO:<Node 1>:{"send": true, "recv": false, "from": 1, "to": 0, "vc": [27, 46, 45, 43, 45, 23, 30, 40, 33, 46], "hlc": [921553, 5]}
INFO:<Node 2>:{"send": true, "recv": false, "from": 2, "to": 4, "vc": [27, 41, 49, 46, 47, 23, 28, 42, 35, 43], "hlc": [921553, 4]}
INFO:<Node 3>:{"send": true, "recv": false, "from": 3, "to": 9, "vc": [27, 40, 42, 48, 48, 23, 27, 37, 33, 43], "hlc": [921553, 4]}
INFO:<Node 5>:{"send": true, "recv": false, "from": 5, "to": 9, "vc": [32, 38, 44, 42, 43, 28, 26, 34, 28, 40], "hlc": [921553, 5]}
INFO:<Node 7>:{"send": true, "recv": false, "from": 7, "to": 8, "vc": [27, 41, 42, 41, 42, 23, 31, 45, 35, 41], "hlc": [921551, 15]}
INFO:<Node 8>:{"send": true, "recv": false, "from": 8, "to": 4, "vc": [27, 41, 42, 41, 42, 23, 27, 37, 36, 36], "hlc": [921552, 0]}
INFO:<Node 9>:{"send": true, "recv": false, "from": 9, "to": 2, "vc": [32, 38, 45, 43, 43, 27, 26, 37, 33, 48], "hlc": [921554, 1]}
INFO:<Node 0>:{"send": false, "recv": true, "to": 0, "from": 1, "vc": [37, 46, 45, 43, 46, 26, 30, 40, 33, 46], "hlc": [921555, 0]}
INFO:<Node 1>:{"send": false, "recv": true, "to": 1, "from": 0, "vc": [36, 47, 45, 43, 46, 26, 30, 40, 33, 46], "hlc": [921554, 3]}
INFO:<Node 2>:{"send": false, "recv": true, "to": 2, "from": 9, "vc": [32, 41, 50, 46, 47, 27, 28, 42, 35, 48], "hlc": [921554, 2]}
INFO:<Node 4>:{"send": false, "recv": true, "to": 4, "from": 2, "vc": [27, 41, 49, 46, 50, 23, 28, 42, 35, 43], "hlc": [921553, 5]}
INFO:<Node 4>:{"send": false, "recv": true, "to": 4, "from": 8, "vc": [27, 41, 49, 46, 51, 23, 28, 42, 36, 43], "hlc": [921553, 6]}
INFO:<Node 8>:{"send": false, "recv": true, "to": 8, "from": 7, "vc": [27, 41, 42, 41, 42, 23, 31, 45, 37, 41], "hlc": [921552, 1]}
INFO:<Node 9>:{"send": false, "recv": true, "to": 9, "from": 3, "vc": [32, 40, 45, 48, 48, 27, 27, 37, 33, 49], "hlc": [921554, 2]}
INFO:<Node 9>:{"send": false, "recv": true, "to": 9, "from": 5, "vc": [32, 40, 45, 48, 48, 28, 27, 37, 33, 50], "hlc": [921554, 3]}
INFO:<Node 0>:{"send": true, "recv": false, "from": 0, "to": 4, "vc": [38, 46, 45, 43, 46, 26, 30, 40, 33, 46], "hlc": [921555, 1]}
INFO:<Node 1>:{"send": true, "recv": false, "from": 1, "to": 6, "vc": [36, 48, 45, 43, 46, 26, 30, 40, 33, 46], "hlc": [921554, 4]}
INFO:<Node 2>:{"send": true, "recv": false, "from": 2, "to": 4, "vc": [32, 41, 51, 46, 47, 27, 28, 42, 35, 48], "hlc": [921554, 3]}
INFO:<Node 5>:{"send": true, "recv": false, "from": 5, "to": 7, "vc": [32, 38, 44, 42, 43, 29, 26, 34, 28, 40], "hlc": [921553, 6]}
INFO:<Node 6>:{"send": true, "recv": false, "from": 6, "to": 0, "vc": [35, 41, 44, 42, 46, 26, 34, 44, 35, 41], "hlc": [921554, 4]}
INFO:<Node 8>:{"send": true, "recv": false, "from": 8, "to": 9, "vc": [27, 41, 42, 41, 42, 23, 31, 45, 38, 41], "hlc": [921552, 2]}
INFO:<Node 9>:{"send": true, "recv": false, "from": 9, "to": 7, "vc": [32, 40, 45, 48, 48, 28, 27, 37, 33, 51], "hlc": [921554, 4]}
INFO:<Node 0>:{"send": false, "recv": true, "to": 0, "from": 6, "vc": [39, 46, 45, 43, 46, 26, 34, 44, 35, 46], "hlc": [921555, 2]}
INFO:<Node 4>:{"send": false, "recv": true, "to": 4, "from": 0, "vc": [38, 46, 49, 46, 52, 26, 30, 42, 36, 46], "hlc": [921555, 2]}
INFO:<Node 4>:{"send": false, "recv": true, "to": 4, "from": 2, "vc": [38, 46, 51, 46, 53, 27, 30, 42, 36, 48], "hlc": [921555, 3]}
INFO:<Node 6>:{"send": false, "recv": true, "to": 6, "from": 1, "vc": [36, 48, 45, 43, 46, 26, 35, 44, 35, 46], "hlc": [921554, 5]}
INFO:<Node 7>:{"send": false, "recv": true, "to": 7, "from": 5, "vc": [32, 41, 44, 42, 43, 29, 31, 46, 35, 41], "hlc": [921553, 7]}
INFO:<Node 7>:{"send": false, "recv": true, "to": 7, "from": 9, "vc": [32, 41, 45, 48, 48, 29, 31, 47, 35, 51], "hlc": [921554, 5]}
INFO:<Node 9>:{"send": false, "recv": true, "to": 9, "from": 8, "vc": [32, 41, 45, 48, 48, 28, 31, 45, 38, 52], "hlc": [921555, 0]}
INFO:<Node 1>:{"send": true, "recv": false, "from": 1, "to": 7, "vc": [36, 49, 45, 43, 46, 26, 30, 40, 33, 46], "hlc": [921554, 5]}
INFO:<Node 2>:{"send": true, "recv": false, "from": 2, "to": 7, "vc": [32, 41, 52, 46, 47, 27, 28, 42, 35, 48], "hlc": [921554, 4]}
INFO:<Node 3>:{"send": true, "recv": false, "from": 3, "to": 7, "vc": [27, 40, 42, 49, 48, 23, 27, 37, 33, 43], "hlc": [921553, 5]}
INFO:<Node 4>:{"send": true, "recv": false, "from": 4, "to": 1, "vc": [38, 46, 51, 46, 54, 27, 30, 42, 36, 48], "hlc": [921555, 4]}
INFO:<Node 6>:{"send": true, "recv": false, "from": 6, "to": 1, "vc": [36, 48, 45, 43, 46, 26, 36, 44, 35, 46], "hlc": [921554, 6]}
INFO:<Node 7>:{"send": true, "recv": false, "from": 7, "to": 5, "vc": [32, 41, 45, 48, 48, 29, 31, 48, 35, 51], "hlc": [921554, 6]}
INFO:<Node 8>:{"send": true, "recv": false, "from": 8, "to": 5, "vc": [27, 41, 42, 41, 42, 23, 31, 45, 39, 41], "hlc": [921553, 0]}
INFO:<Node 9>:{"send": true, "recv": false, "from": 9, "to": 2, "vc": [32, 41, 45, 48, 48, 28, 31, 45, 38, 53], "hlc": [921555, 1]}
INFO:<Node 1>:{"send": false, "recv": true, "to": 1, "from": 4, "vc": [38, 50, 51, 46, 54, 27, 30, 42, 36, 48], "hlc": [921555, 5]}
INFO:<Node 1>:{"send": false, "recv": true, "to": 1, "from": 6, "vc": [38, 51, 51, 46, 54, 27, 36, 44, 36, 48], "hlc": [921555, 6]}
INFO:<Node 2>:{"send": false, "recv": true, "to": 2, "from": 9, "vc": [32, 41, 53, 48, 48, 28, 31, 45, 38, 53], "hlc": [921555, 2]}
INFO:<Node 5>:{"send": false, "recv": true, "to": 5, "from": 7, "vc": [32, 41, 45, 48, 48, 30, 31, 48, 35, 51], "hlc": [921554, 7]}
INFO:<Node 5>:{"send": false, "recv": true, "to": 5, "from": 8, "vc": [32, 41, 45, 48, 48, 31, 31, 48, 39, 51], "hlc": [921554, 8]}
INFO:<Node 7>:{"send": false, "recv": true, "to": 7, "from": 1, "vc": [36, 49, 45, 48, 48, 29, 31, 49, 35, 51], "hlc": [921554, 7]}
INFO:<Node 7>:{"send": false, "recv": true, "to": 7, "from": 2, "vc": [36, 49, 52, 48, 48, 29, 31, 50, 35, 51], "hlc": [921554, 8]}
INFO:<Node 7>:{"send": false, "recv": true, "to": 7, "from": 3, "vc": [36, 49, 52, 49, 48, 29, 31, 51, 35, 51], "hlc": [921554, 9]}
INFO:<Node 1>:{"send": true, "recv": false, "from": 1, "to": 3, "vc": [38, 52, 51, 46, 54, 27, 36, 44, 36, 48], "hlc": [921555, 7]}
INFO:<Node 3>:{"send": true, "recv": false, "from": 3, "to": 8, "vc": [27, 40, 42, 50, 48, 23, 27, 37, 33, 43], "hlc": [921553, 6]}
INFO:<Node 5>:{"send": true, "recv": false, "from": 5, "to": 9, "vc": [32, 41, 45, 48, 48, 32, 31, 48, 39, 51], "hlc": [921554, 9]}
INFO:<Node 7>:{"send": true, "recv": false, "from": 7, "to": 6, "vc": [36, 49, 52, 49, 48, 29, 31, 52, 35, 51], "hlc": [921554, 10]}
INFO:<Node 8>:{"send": true, "recv": false, "from": 8, "to": 1, "vc": [27, 41, 42, 41, 42, 23, 31, 45, 40, 41], "hlc": [921553, 1]}
INFO:<Node 9>:{"send": true, "recv": false, "from": 9, "to": 4, "vc": [32, 41, 45, 48, 48, 28, 31, 45, 38, 54], "hlc": [921555, 2]}
INFO:<Node 1>:{"send": false, "recv": true, "to": 1, "from": 8, "vc": [38, 53, 51, 46, 54, 27, 36, 45, 40, 48], "hlc": [921555, 8]}
INFO:<Node 3>:{"send": false, "recv": true, "to": 3, "from": 1, "vc": [38, 52, 51, 51, 54, 27, 36, 44, 36, 48], "hlc": [921555, 8]}
INFO:<Node 4>:{"send": false, "recv": true, "to": 4, "from": 9, "vc": [38, 46, 51, 48, 55, 28, 31, 45, 38, 54], "hlc": [921555, 5]}
INFO:<Node 6>:{"send": false, "recv": true, "to": 6, "from": 7, "vc": [36, 49, 52, 49, 48, 29, 37, 52, 35, 51], "hlc": [921554, 11]}
INFO:<Node 8>:{"send": false, "recv": true, "to": 8, "from": 3, "vc": [27, 41, 42, 50, 48, 23, 31, 45, 41, 43], "hlc": [921554, 0]}
INFO:<Node 9>:{"send": false, "recv": true, "to": 9, "from": 5, "vc": [32, 41, 45, 48, 48, 32, 31, 48, 39, 55], "hlc": [921556, 0]}
INFO:<Node 0>:{"send": true, "recv": false, "from": 0, "to": 5, "vc": [40, 46, 45, 43, 46, 26, 34, 44, 35, 46], "hlc": [921556, 0]}
INFO:<Node 2>:{"send": true, "recv": false, "from": 2, "to": 8, "vc": [32, 41, 54, 48, 48, 28, 31, 45, 38, 53], "hlc": [921555, 3]}
INFO:<Node 3>:{"send": true, "recv": false, "from": 3, "to": 8, "vc": [38, 52, 51, 52, 54, 27, 36, 44, 36, 48], "hlc": [921555, 9]}
INFO:<Node 4>:{"send": true, "recv": false, "from": 4, "to": 7, "vc": [38, 46, 51, 48, 56, 28, 31, 45, 38, 54], "hlc": [921555, 6]}
INFO:<Node 6>:{"send": true, "recv": false, "from": 6, "to": 0, "vc": [36, 49, 52, 49, 48, 29, 38, 52, 35, 51], "hlc": [921554, 12]}
INFO:<Node 7>:{"send": true, "recv": false, "from": 7, "to": 4, "vc": [36, 49, 52, 49, 48, 29, 31, 53, 35, 51], "hlc": [921554, 11]}
INFO:<Node 0>:{"send": false, "recv": true, "to": 0, "from": 6, "vc": [41, 49, 52, 49, 48, 29, 38, 52, 35, 51], "hlc": [921557, 0]}
INFO:<Node 4>:{"send": false, "recv": true, "to": 4, "from": 7, "vc": [38, 49, 52, 49, 57, 29, 31, 53, 38, 54], "hlc": [921555, 7]}
INFO:<Node 5>:{"send": false, "recv": true, "to": 5, "from": 0, "vc": [40, 46, 45, 48, 48, 33, 34, 48, 39, 51], "hlc": [921556, 1]}
INFO:<Node 7>:{"send": false, "recv": true, "to": 7, "from": 4, "vc": [38, 49, 52, 49, 56, 29, 31, 54, 38, 54], "hlc": [921555, 7]}
INFO:<Node 8>:{"send": false, "recv": true, "to": 8, "from": 2, "vc": [32, 41, 54, 50, 48, 28, 31, 45, 42, 53], "hlc": [921555, 4]}
INFO:<Node 8>:{"send": false, "recv": true, "to": 8, "from": 3, "vc": [38, 52, 54, 52, 54, 28, 36, 45, 43, 53], "hlc": [921555, 10]}
INFO:<Node 0>:{"send": true, "recv": false, "from": 0, "to": 6, "vc": [42, 49, 52, 49, 48, 29, 38, 52, 35, 51], "hlc": [921557, 1]}
INFO:<Node 1>:{"send": true, "recv": false, "from": 1, "to": 7, "vc": [38, 54, 51, 46, 54, 27, 36, 45, 40, 48], "hlc": [921556, 0]}
INFO:<Node 2>:{"send": true, "recv": false, "from": 2, "to": 7, "vc": [32, 41, 55, 48, 48, 28, 31, 45, 38, 53], "hlc": [921555, 4]}
INFO:<Node 3>:{"send": true, "recv": false, "from": 3, "to": 0, "vc": [38, 52, 51, 53, 54, 27, 36, 44, 36, 48], "hlc": [921555, 10]}
INFO:<Node 5>:{"send": true, "recv": false, "from": 5, "to": 9, "vc": [40, 46, 45, 48, 48, 34, 34, 48, 39, 51], "hlc": [921556, 2]}
INFO:<Node 8>:{"send": true, "recv": false, "from": 8, "to": 2, "vc": [38, 52, 54, 52, 54, 28, 36, 45, 44, 53], "hlc": [921555, 11]}
INFO:<Node 9>:{"send": true, "recv": false, "from": 9, "to": 7, "vc": [32, 41, 45, 48, 48, 32, 31, 48, 39, 56], "hlc": [921556, 1]}
INFO:<Node 0>:{"send": false, "recv": true, "to": 0, "from": 3, "vc": [43, 52, 52, 53, 54, 29, 38, 52, 36, 51], "hlc": [921557, 2]}
INFO:<Node 2>:{"send": false, "recv": true, "to": 2, "from": 8, "vc": [38, 52, 56, 52, 54, 28, 36, 45, 44, 53], "hlc": [921555, 12]}
INFO:<Node 6>:{"send": false, "recv": true, "to": 6, "from": 0, "vc": [42, 49, 52, 49, 48, 29, 39, 52, 35, 51], "hlc": [921557, 2]}
INFO:<Node 7>:{"send": false, "recv": true, "to": 7, "from": 1, "vc": [38, 54, 52, 49, 56, 29, 36, 55, 40, 54], "hlc": [921556, 1]}
INFO:<Node 7>:{"send": false, "recv": true, "to": 7, "from": 2, "vc": [38, 54, 55, 49, 56, 29, 36, 56, 40, 54], "hlc": [921556, 2]}
INFO:<Node 7>:{"send": false, "recv": true, "to": 7, "from": 9, "vc": [38, 54, 55, 49, 56, 32, 36, 57, 40, 56], "hlc": [921556, 3]}
INFO:<Node 9>:{"send": false, "recv": true, "to": 9, "from": 5, "vc": [40, 46, 45, 48, 48, 34, 34, 48, 39, 57], "hlc": [921557, 0]}
INFO:<Node 0>:{"send": true, "recv": false, "from": 0, "to": 2, "vc": [44, 52, 52, 53, 54, 29, 38, 52, 36, 51], "hlc": [921557, 3]}
INFO:<Node 1>:{"send": true, "recv": false, "from": 1, "to": 7, "vc": [38, 55, 51, 46, 54, 27, 36, 45, 40, 48], "hlc": [921556, 1]}
INFO:<Node 2>:{"send": true, "recv": false, "from": 2, "to": 1, "vc": [38, 52, 57, 52, 54, 28, 36, 45, 44, 53], "hlc": [921555, 13]}
INFO:<Node 3>:{"send": true, "recv": false, "from": 3, "to": 9, "vc": [38, 52, 51, 54, 54, 27, 36, 44, 36, 48], "hlc": [921555, 11]}
INFO:<Node 4>:{"send": true, "recv": false, "from": 4, "to": 3, "vc": [38, 49, 52, 49, 58, 29, 31, 53, 38, 54], "hlc": [921555, 8]}
INFO:<Node 6>:{"send": true, "recv": false, "from": 6, "to": 9, "vc": [42, 49, 52, 49, 48, 29, 40, 52, 35, 51], "hlc": [921557, 3]}
INFO:<Node 1>:{"send": false, "recv": true, "to": 1, "from": 2, "vc": [38, 56, 57, 52, 54, 28, 36, 45, 44, 53], "hlc": [921557, 0]}
INFO:<Node 2>:{"send": false, "recv": true, "to": 2, "from": 0, "vc": [44, 52, 58, 53, 54, 29, 38, 52, 44, 53], "hlc": [921557, 4]}
INFO:<Node 3>:{"send": false, "recv": true, "to": 3, "from": 4, "vc": [38, 52, 52, 55, 58, 29, 36, 53, 38, 54], "hlc": [921555, 12]}
INFO:<Node 7>:{"send": false, "recv": true, "to": 7, "from": 1, "vc": [38, 55, 55, 49, 56, 32, 36, 58, 40, 56], "hlc": [921556, 4]}
INFO:<Node 9>:{"send": false, "recv": true, "to": 9, "from": 3, "vc": [40, 52, 51, 54, 54, 34, 36, 48, 39, 58], "hlc": [921557, 1]}
INFO:<Node 9>:{"send": false, "recv": true, "to": 9, "from": 6, "vc": [42, 52, 52, 54, 54, 34, 40, 52, 39, 59], "hlc": [921557, 4]}
INFO:<Node 0>:{"send": true, "recv": false, "from": 0, "to": 9, "vc": [45, 52, 52, 53, 54, 29, 38, 52, 36, 51], "hlc": [921558, 0]}
INFO:<Node 2>:{"send": true, "recv": false, "from": 2, "to": 8, "vc": [44, 52, 59, 53, 54, 29, 38, 52, 44, 53], "hlc": [921557, 5]}
INFO:<Node 3>:{"send": true, "recv": false, "from": 3, "to": 0, "vc": [38, 52, 52, 56, 58, 29, 36, 53, 38, 54], "hlc": [921555, 13]}
INFO:<Node 4>:{"send": true, "recv": false, "from": 4, "to": 7, "vc": [38, 49, 52, 49, 59, 29, 31, 53, 38, 54], "hlc": [921555, 9]}
INFO:<Node 5>:{"send": true, "recv": false, "from": 5, "to": 6, "vc": [40, 46, 45, 48, 48, 35, 34, 48, 39, 51], "hlc": [921556, 3]}
INFO:<Node 6>:{"send": true, "recv": false, "from": 6, "to": 7, "vc": [42, 49, 52, 49, 48, 29, 41, 52, 35, 51], "hlc": [921557, 4]}
INFO:<Node 7>:{"send": true, "recv": false, "from": 7, "to": 8, "vc": [38, 55, 55, 49, 56, 32, 36, 59, 40, 56], "hlc": [921556, 5]}
INFO:<Node 8>:{"send": true, "recv": false, "from": 8, "to": 0, "vc": [38, 52, 54, 52, 54, 28, 36, 45, 45, 53], "hlc": [921555, 12]}
INFO:<Node 0>:{"send": false, "recv": true, "to": 0, "from": 3, "vc": [46, 52, 52, 56, 58, 29, 38, 53, 38, 54], "hlc": [921558, 1]}
INFO:<Node 0>:{"send": false, "recv": true, "to": 0, "from": 8, "vc": [47, 52, 54, 56, 58, 29, 38, 53, 45, 54], "hlc": [921558, 2]}
INFO:<Node 6>:{"send": false, "recv": true, "to": 6, "from": 5, "vc": [42, 49, 52, 49, 48, 35, 42, 52, 39, 51], "hlc": [921557, 5]}
INFO:<Node 7>:{"send": false, "recv": true, "to": 7, "from": 4, "vc": [38, 55, 55, 49, 59, 32, 36, 60, 40, 56], "hlc": [921556, 6]}
INFO:<Node 7>:{"send": false, "recv": true, "to": 7, "from": 6, "vc": [42, 55, 55, 49, 59, 32, 41, 61, 40, 56], "hlc": [921557, 5]}
INFO:<Node 8>:{"send": false, "recv": true, "to": 8, "from": 2, "vc": [44, 52, 59, 53, 54, 29, 38, 52, 46, 53], "hlc": [921557, 6]}
INFO:<Node 8>:{"send": false, "recv": true, "to": 8, "from": 7, "vc": [44, 55, 59, 53, 56, 32, 38, 59, 47, 56], "hlc": [921557, 7]}
INFO:<Node 9>:{"send": false, "recv": true, "to": 9, "from": 0, "vc": [45, 52, 52, 54, 54, 34, 40, 52, 39, 60], "hlc": [921558, 1]}
INFO:<Node 0>:{"send": true, "recv": false, "from": 0, "to": 9, "vc": [48, 52, 54, 56, 58, 29, 38, 53, 45, 54], "hlc": [921558, 3]}
INFO:<Node 1>:{"send": true, "recv": false, "from": 1, "to": 9, "vc": [38, 57, 57, 52, 54, 28, 36, 45, 44, 53], "hlc": [921557, 1]}
INFO:<Node 2>:{"send": true, "recv": false, "from": 2, "to": 5, "vc": [44, 52, 60, 53, 54, 29, 38, 52, 44, 53], "hlc": [921557, 6]}
INFO:<Node 3>:{"send": true, "recv": false, "from": 3, "to": 7, "vc": [38, 52, 52, 57, 58, 29, 36, 53, 38, 54], "hlc": [921555, 14]}
INFO:<Node 4>:{"send": true, "recv": false, "from": 4, "to": 5, "vc": [38, 49, 52, 49, 60, 29, 31, 53, 38, 54], "hlc": [921555, 10]}
INFO:<Node 5>:{"send": true, "recv": false, "from": 5, "to": 4, "vc": [40, 46, 45, 48, 48, 36, 34, 48, 39, 51], "hlc": [921556, 4]}
INFO:<Node 6>:{"send": true, "recv": false, "from": 6, "to": 0, "vc": [42, 49, 52, 49, 48, 35, 43, 52, 39, 51], "hlc": [921557, 6]}
INFO:<Node 7>:{"send": true, "recv": false, "from": 7, "to": 0, "vc": [42, 55, 55, 49, 59, 32, 41, 62, 40, 56], "hlc": [921557, 6]}
INFO:<Node 8>:{"send": true, "recv": false, "from": 8, "to": 5, "vc": [44, 55, 59, 53, 56, 32, 38, 59, 48, 56], "hlc": [921557, 8]}
INFO:<Node 9>:{"send": true, "recv": false, "from": 9, "to": 0, "vc": [45, 52, 52, 54, 54, 34, 40, 52, 39, 61], "hlc": [921558, 2]}
INFO:<Node 0>:{"send": false, "recv": true, "to": 0, "from": 6, "vc": [49, 52, 54, 56, 58, 35, 43, 53, 45, 54], "hlc": [921559, 0]}
INFO:<Node 0>:{"send": false, "recv": true, "to": 0, "from": 7, "vc": [50, 55, 55, 56, 59, 35, 43, 62, 45, 56], "hlc": [921559, 1]}
INFO:<Node 0>:{"send": false, "recv": true, "to": 0, "from": 9, "vc": [51, 55, 55, 56, 59, 35, 43, 62, 45, 61], "hlc": [921559, 2]}
INFO:<Node 4>:{"send": false, "recv": true, "to": 4, "from": 5, "vc": [40, 49, 52, 49, 61, 36, 34, 53, 39, 54], "hlc": [921556, 5]}
INFO:<Node 5>:{"send": false, "recv": true, "to": 5, "from": 2, "vc": [44, 52, 60, 53, 54, 37, 38, 52, 44, 53], "hlc": [921557, 7]}
INFO:<Node 5>:{"send": false, "recv": true, "to": 5, "from": 4, "vc": [44, 52, 60, 53, 60, 38, 38, 53, 44, 54], "hlc": [921557, 8]}
INFO:<Node 5>:{"send": false, "recv": true, "to": 5, "from": 8, "vc": [44, 55, 60, 53, 60, 39, 38, 59, 48, 56], "hlc": [921557, 9]}
INFO:<Node 7>:{"send": false, "recv": true, "to": 7, "from": 3, "vc": [42, 55, 55, 57, 59, 32, 41, 63, 40, 56], "hlc": [921557, 7]}
INFO:<Node 9>:{"send": false, "recv": true, "to": 9, "from": 0, "vc": [48, 52, 54, 56, 58, 34, 40, 53, 45, 62], "hlc": [921558, 4]}
INFO:<Node 9>:{"send": false, "recv": true, "to": 9, "from": 1, "vc": [48, 57, 57, 56, 58, 34, 40, 53, 45, 63], "hlc": [921558, 5]}
INFO:<Node 1>:{"send": true, "recv": false, "from": 1, "to": 6, "vc": [38, 58, 57, 52, 54, 28, 36, 45, 44, 53], "hlc": [921558, 0]}
INFO:<Node 2>:{"send": true, "recv": false, "from": 2, "to": 8, "vc": [44, 52, 61, 53, 54, 29, 38, 52, 44, 53], "hlc": [921557, 7]}
INFO:<Node 6>:{"send": true, "recv": false, "from": 6, "to": 9, "vc": [42, 49, 52, 49, 48, 35, 44, 52, 39, 51], "hlc": [921557, 7]}
INFO:<Node 9>:{"send": true, "recv": false, "from": 9, "to": 8, "vc": [48, 57, 57, 56, 58, 34, 40, 53, 45, 64], "hlc": [921558, 6]}
INFO:<Node 6>:{"send": false, "recv": true, "to": 6, "from": 1, "vc": [42, 58, 57, 52, 54, 35, 45, 52, 44, 53], "hlc": [921558, 1]}
INFO:<Node 8>:{"send": false, "recv": true, "to": 8, "from": 2, "vc": [44, 55, 61, 53, 56, 32, 38, 59, 49, 56], "hlc": [921557, 9]}
INFO:<Node 8>:{"send": false, "recv": true, "to": 8, "from": 9, "vc": [48, 57, 61, 56, 58, 34, 40, 59, 50, 64], "hlc": [921558, 7]}
INFO:<Node 9>:{"send": false, "recv": true, "to": 9, "from": 6, "vc": [48, 57, 57, 56, 58, 35, 44, 53, 45, 65], "hlc": [921559, 0]}
INFO:<Node 2>:{"send": true, "recv": false, "from": 2, "to": 9, "vc": [44, 52, 62, 53, 54, 29, 38, 52, 44, 53], "hlc": [921557, 8]}
INFO:<Node 3>:{"send": true, "recv": false, "from": 3, "to": 8, "vc": [38, 52, 52, 58, 58, 29, 36, 53, 38, 54], "hlc": [921555, 15]}
INFO:<Node 4>:{"send": true, "recv": false, "from": 4, "to": 7, "vc": [40, 49, 52, 49, 62, 36, 34, 53, 39, 54], "hlc": [921556, 6]}
INFO:<Node 5>:{"send": true, "recv": false, "from": 5, "to": 3, "vc": [44, 55, 60, 53, 60, 40, 38, 59, 48, 56], "hlc": [921557, 10]}
INFO:<Node 7>:{"send": true, "recv": false, "from": 7, "to": 4, "vc": [42, 55, 55, 57, 59, 32, 41, 64, 40, 56], "hlc": [921557, 8]}
INFO:<Node 8>:{"send": true, "recv": false, "from": 8, "to": 4, "vc": [48, 57, 61, 56, 58, 34, 40, 59, 51, 64], "hlc": [921558, 8]}
INFO:<Node 9>:{"send": true, "recv": false, "from": 9, "to": 0, "vc": [48, 57, 57, 56, 58, 35, 44, 53, 45, 66], "hlc": [921559, 1]}
INFO:<Node 0>:{"send": false, "recv": true, "to": 0, "from": 9, "vc": [52, 57, 57, 56, 59, 35, 44, 62, 45, 66], "hlc": [921560, 0]}
INFO:<Node 3>:{"send": false, "recv": true, "to": 3, "from": 5, "vc": [44, 55, 60, 59, 60, 40, 38, 59, 48, 56], "hlc": [921557, 11]}
INFO:<Node 4>:{"send": false, "recv": true, "to": 4, "from": 7, "vc": [42, 55, 55, 57, 63, 36, 41, 64, 40, 56], "hlc": [921557, 9]}
INFO:<Node 4>:{"send": false, "recv": true, "to": 4, "from": 8, "vc": [48, 57, 61, 57, 64, 36, 41, 64, 51, 64], "hlc": [921558, 9]}
INFO:<Node 7>:{"send": false, "recv": true, "to": 7, "from": 4, "vc": [42, 55, 55, 57, 62, 36, 41, 65, 40, 56], "hlc": [921557, 9]}
INFO:<Node 8>:{"send": false, "recv": true, "to": 8, "from": 3, "vc": [48, 57, 61, 58, 58, 34, 40, 59, 52, 64], "hlc": [921558, 9]}
INFO:<Node 9>:{"send": false, "recv": true, "to": 9, "from": 2, "vc": [48, 57, 62, 56, 58, 35, 44, 53, 45, 67], "hlc": [921559, 2]}
INFO:<Node 1>:{"send": true, "recv": false, "from": 1, "to": 3, "vc": [38, 59, 57, 52, 54, 28, 36, 45, 44, 53], "hlc": [921559, 0]}
INFO:<Node 2>:{"send": true, "recv": false, "from": 2, "to": 0, "vc": [44, 52, 63, 53, 54, 29, 38, 52, 44, 53], "hlc": [921557, 9]}
INFO:<Node 3>:{"send": true, "recv": false, "from": 3, "to": 6, "vc": [44, 55, 60, 60, 60, 40, 38, 59, 48, 56], "hlc": [921557, 12]}
INFO:<Node 4>:{"send": true, "recv": false, "from": 4, "to": 9, "vc": [48, 57, 61, 57, 65, 36, 41, 64, 51, 64], "hlc": [921558, 10]}
INFO:<Node 7>:{"send": true, "recv": false, "from": 7, "to": 3, "vc": [42, 55, 55, 57, 62, 36, 41, 66, 40, 56], "hlc": [921557, 10]}
INFO:<Node 0>:{"send": false, "recv": true, "to": 0, "from": 2, "vc": [53, 57, 63, 56, 59, 35, 44, 62, 45, 66], "hlc": [921560, 1]}
INFO:<Node 3>:{"send": false, "recv": true, "to": 3, "from": 1, "vc": [44, 59, 60, 61, 60, 40, 38, 59, 48, 56], "hlc": [921559, 1]}
INFO:<Node 3>:{"send": false, "recv": true, "to": 3, "from": 7, "vc": [44, 59, 60, 62, 62, 40, 41, 66, 48, 56], "hlc": [921559, 2]}
INFO:<Node 6>:{"send": false, "recv": true, "to": 6, "from": 3, "vc": [44, 58, 60, 60, 60, 40, 46, 59, 48, 56], "hlc": [921558, 2]}
INFO:<Node 9>:{"send": false, "recv": true, "to": 9, "from": 4, "vc": [48, 57, 62, 57, 65, 36, 44, 64, 51, 68], "hlc": [921560, 0]}
INFO:<Node 0>:{"send": true, "recv": false, "from": 0, "to": 6, "vc": [54, 57, 63, 56, 59, 35, 44, 62, 45, 66], "hlc": [921560, 2]}
INFO:<Node 2>:{"send": true, "recv": false, "from": 2, "to": 3, "vc": [44, 52, 64, 53, 54, 29, 38, 52, 44, 53], "hlc": [921557, 10]}
INFO:<Node 6>:{"send": true, "recv": false, "from": 6, "to": 5, "vc": [44, 58, 60, 60, 60, 40, 47, 59, 48, 56], "hlc": [921558, 3]}
INFO:<Node 7>:{"send": true, "recv": false, "from": 7, "to": 2, "vc": [42, 55, 55, 57, 62, 36, 41, 67, 40, 56], "hlc": [921557, 11]}
INFO:<Node 8>:{"send": true, "recv": false, "from": 8, "to": 1, "vc": [48, 57, 61, 58, 58, 34, 40, 59, 53, 64], "hlc": [921558, 10]}
INFO:<Node 1>:{"send": false, "recv": true, "to": 1, "from": 8, "vc": [48, 60, 61, 58, 58, 34, 40, 59, 53, 64], "hlc": [921560, 0]}
INFO:<Node 2>:{"send": false, "recv": true, "to": 2, "from": 7, "vc": [44, 55, 65, 57, 62, 36, 41, 67, 44, 56], "hlc": [921557, 12]}
INFO:<Node 3>:{"send": false, "recv": true, "to": 3, "from": 2, "vc": [44, 59, 64, 63, 62, 40, 41, 66, 48, 56], "hlc": [921559, 3]}
INFO:<Node 5>:{"send": false, "recv": true, "to": 5, "from": 6, "vc": [44, 58, 60, 60, 60, 41, 47, 59, 48, 56], "hlc": [921559, 0]}
INFO:<Node 6>:{"send": false, "recv": true, "to": 6, "from": 0, "vc": [54, 58, 63, 60, 60, 40, 48, 62, 48, 66], "hlc": [921560, 3]}
INFO:<Node 0>:{"send": true, "recv": false, "from": 0, "to": 6, "vc": [55, 57, 63, 56, 59, 35, 44, 62, 45, 66], "hlc": [921561, 0]}
INFO:<Node 2>:{"send": true, "recv": false, "from": 2, "to": 4, "vc": [44, 55, 66, 57, 62, 36, 41, 67, 44, 56], "hlc": [921557, 13]}
INFO:<Node 3>:{"send": true, "recv": false, "from": 3, "to": 1, "vc": [44, 59, 64, 64, 62, 40, 41, 66, 48, 56], "hlc": [921559, 4]}
INFO:<Node 8>:{"send": true, "recv": false, "from": 8, "to": 4, "vc": [48, 57, 61, 58, 58, 34, 40, 59, 54, 64], "hlc": [921558, 11]}
INFO:<Node 9>:{"send": true, "recv": false, "from": 9, "to": 1, "vc": [48, 57, 62, 57, 65, 36, 44, 64, 51, 69], "hlc": [921560, 1]}
INFO:<Node 1>:{"send": false, "recv": true, "to": 1, "from": 3, "vc": [48, 61, 64, 64, 62, 40, 41, 66, 53, 64], "hlc": [921560, 1]}
INFO:<Node 1>:{"send": false, "recv": true, "to": 1, "from": 9, "vc": [48, 62, 64, 64, 65, 40, 44, 66, 53, 69], "hlc": [921560, 2]}
INFO:<Node 4>:{"send": false, "recv": true, "to": 4, "from": 2, "vc": [48, 57, 66, 57, 66, 36, 41, 67, 51, 64], "hlc": [921558, 11]}
INFO:<Node 4>:{"send": false, "recv": true, "to": 4, "from": 8, "vc": [48, 57, 66, 58, 67, 36, 41, 67, 54, 64], "hlc": [921558, 12]}
INFO:<Node 6>:{"send": false, "recv": true, "to": 6, "from": 0, "vc": [55, 58, 63, 60, 60, 40, 49, 62, 48, 66], "hlc": [921561, 1]}
INFO:<Node 0>:{"send": true, "recv": false, "from": 0, "to": 6, "vc": [56, 57, 63, 56, 59, 35, 44, 62, 45, 66], "hlc": [921561, 1]}
INFO:<Node 3>:{"send": true, "recv": false, "from": 3, "to": 5, "vc": [44, 59, 64, 65, 62, 40, 41, 66, 48, 56], "hlc": [921559, 5]}
INFO:<Node 5>:{"send": true, "recv": false, "from": 5, "to": 9, "vc": [44, 58, 60, 60, 60, 42, 47, 59, 48, 56], "hlc": [921559, 1]}
INFO:<Node 6>:{"send": true, "recv": false, "from": 6, "to": 7, "vc": [55, 58, 63, 60, 60, 40, 50, 62, 48, 66], "hlc": [921561, 2]}
INFO:<Node 7>:{"send": true, "recv": false, "from": 7, "to": 0, "vc": [42, 55, 55, 57, 62, 36, 41, 68, 40, 56], "hlc": [921557, 12]}
INFO:<Node 8>:{"send": true, "recv": false, "from": 8, "to": 5, "vc": [48, 57, 61, 58, 58, 34, 40, 59, 55, 64], "hlc": [921559, 0]}
INFO:<Node 0>:{"send": false, "recv": true, "to": 0, "from": 7, "vc": [57, 57, 63, 57, 62, 36, 44, 68, 45, 66], "hlc": [921562, 0]}
INFO:<Node 5>:{"send": false, "recv": true, "to": 5, "from": 3, "vc": [44, 59, 64, 65, 62, 43, 47, 66, 48, 56], "hlc": [921560, 0]}
INFO:<Node 5>:{"send": false, "recv": true, "to": 5, "from": 8, "vc": [48, 59, 64, 65, 62, 44, 47, 66, 55, 64], "hlc": [921560, 1]}
INFO:<Node 6>:{"send": false, "recv": true, "to": 6, "from": 0, "vc": [56, 58, 63, 60, 60, 40, 51, 62, 48, 66], "hlc": [921561, 3]}
INFO:<Node 7>:{"send": false, "recv": true, "to": 7, "from": 6, "vc": [55, 58, 63, 60, 62, 40, 50, 69, 48, 66], "hlc": [921561, 3]}
INFO:<Node 9>:{"send": false, "recv": true, "to": 9, "from": 5, "vc": [48, 58, 62, 60, 65, 42, 47, 64, 51, 70], "hlc": [921561, 0]}
INFO:<Node 0>:{"send": true, "recv": false, "from": 0, "to": 5, "vc": [58, 57, 63, 57, 62, 36, 44, 68, 45, 66], "hlc": [921562, 1]}
INFO:<Node 2>:{"send": true, "recv": false, "from": 2, "to": 6, "vc": [44, 55, 67, 57, 62, 36, 41, 67, 44, 56], "hlc": [921557, 14]}
INFO:<Node 3>:{"send": true, "recv": false, "from": 3, "to": 5, "vc": [44, 59, 64, 66, 62, 40, 41, 66, 48, 56], "hlc": [921559, 6]}
INFO:<Node 7>:{"send": true, "recv": false, "from": 7, "to": 4, "vc": [55, 58, 63, 60, 62, 40, 50, 70, 48, 66], "hlc": [921561, 4]}
INFO:<Node 8>:{"send": true, "recv": false, "from": 8, "to": 3, "vc": [48, 57, 61, 58, 58, 34, 40, 59, 56, 64], "hlc": [921559, 1]}
INFO:<Node 3>:{"send": false, "recv": true, "to": 3, "from": 8, "vc": [48, 59, 64, 67, 62, 40, 41, 66, 56, 64], "hlc": [921559, 7]}
INFO:<Node 4>:{"send": false, "recv": true, "to": 4, "from": 7, "vc": [55, 58, 66, 60, 68, 40, 50, 70, 54, 66], "hlc": [921561, 5]}
INFO:<Node 5>:{"send": false, "recv": true, "to": 5, "from": 0, "vc": [58, 59, 64, 65, 62, 45, 47, 68, 55, 66], "hlc": [921562, 2]}
INFO:<Node 5>:{"send": false, "recv": true, "to": 5, "from": 3, "vc": [58, 59, 64, 66, 62, 46, 47, 68, 55, 66], "hlc": [921562, 3]}
INFO:<Node 6>:{"send": false, "recv": true, "to": 6, "from": 2, "vc": [56, 58, 67, 60, 62, 40, 52, 67, 48, 66], "hlc": [921561, 4]}
INFO:<Node 0>:{"send": true, "recv": false, "from": 0, "to": 3, "vc": [59, 57, 63, 57, 62, 36, 44, 68, 45, 66], "hlc": [921562, 2]}
INFO:<Node 1>:{"send": true, "recv": false, "from": 1, "to": 3, "vc": [48, 63, 64, 64, 65, 40, 44, 66, 53, 69], "hlc": [921561, 0]}
INFO:<Node 2>:{"send": true, "recv": false, "from": 2, "to": 4, "vc": [44, 55, 68, 57, 62, 36, 41, 67, 44, 56], "hlc": [921558, 0]}
INFO:<Node 6>:{"send": true, "recv": false, "from": 6, "to": 7, "vc": [56, 58, 67, 60, 62, 40, 53, 67, 48, 66], "hlc": [921561, 5]}
INFO:<Node 8>:{"send": true, "recv": false, "from": 8, "to": 9, "vc": [48, 57, 61, 58, 58, 34, 40, 59, 57, 64], "hlc": [921560, 0]}
INFO:<Node 9>:{"send": true, "recv": false, "from": 9, "to": 4, "vc": [48, 58, 62, 60, 65, 42, 47, 64, 51, 71], "hlc": [921562, 0]}
INFO:<Node 3>:{"send": false, "recv": true, "to": 3, "from": 0, "vc": [59, 59, 64, 68, 62, 40, 44, 68, 56, 66], "hlc": [921562, 3]}
INFO:<Node 3>:{"send": false, "recv": true, "to": 3, "from": 1, "vc": [59, 63, 64, 69, 65, 40, 44, 68, 56, 69], "hlc": [921562, 4]}
INFO:<Node 4>:{"send": false, "recv": true, "to": 4, "from": 2, "vc": [55, 58, 68, 60, 69, 40, 50, 70, 54, 66], "hlc": [921561, 6]}
INFO:<Node 4>:{"send": false, "recv": true, "to": 4, "from": 9, "vc": [55, 58, 68, 60, 70, 42, 50, 70, 54, 71], "hlc": [921562, 1]}
INFO:<Node 7>:{"send": false, "recv": true, "to": 7, "from": 6, "vc": [56, 58, 67, 60, 62, 40, 53, 71, 48, 66], "hlc": [921561, 6]}
INFO:<Node 9>:{"send": false, "recv": true, "to": 9, "from": 8, "vc": [48, 58, 62, 60, 65, 42, 47, 64, 57, 72], "hlc": [921562, 1]}
INFO:<Node 0>:{"send": true, "recv": false, "from": 0, "to": 9, "vc": [60, 57, 63, 57, 62, 36, 44, 68, 45, 66], "hlc": [921563, 0]}
INFO:<Node 1>:{"send": true, "recv": false, "from": 1, "to": 0, "vc": [48, 64, 64, 64, 65, 40, 44, 66, 53, 69], "hlc": [921562, 0]}
INFO:<Node 2>:{"send": true, "recv": false, "from": 2, "to": 9, "vc": [44, 55, 69, 57, 62, 36, 41, 67, 44, 56], "hlc": [921558, 1]}
INFO:<Node 3>:{"send": true, "recv": false, "from": 3, "to": 0, "vc": [59, 63, 64, 70, 65, 40, 44, 68, 56, 69], "hlc": [921562, 5]}
INFO:<Node 5>:{"send": true, "recv": false, "from": 5, "to": 0, "vc": [58, 59, 64, 66, 62, 47, 47, 68, 55, 66], "hlc": [921562, 4]}
INFO:<Node 6>:{"send": true, "recv": false, "from": 6, "to": 5, "vc": [56, 58, 67, 60, 62, 40, 54, 67, 48, 66], "hlc": [921561, 6]}
INFO:<Node 7>:{"send": true, "recv": false, "from": 7, "to": 9, "vc": [56, 58, 67, 60, 62, 40, 53, 72, 48, 66], "hlc": [921561, 7]}
INFO:<Node 8>:{"send": true, "recv": false, "from": 8, "to": 7, "vc": [48, 57, 61, 58, 58, 34, 40, 59, 58, 64], "hlc": [921560, 1]}
INFO:<Node 9>:{"send": true, "recv": false, "from": 9, "to": 2, "vc": [48, 58, 62, 60, 65, 42, 47, 64, 57, 73], "hlc": [921562, 2]}
INFO:<Node 0>:{"send": false, "recv": true, "to": 0, "from": 1, "vc": [61, 64, 64, 64, 65, 40, 44, 68, 53, 69], "hlc": [921563, 1]}
INFO:<Node 0>:{"send": false, "recv": true, "to": 0, "from": 3, "vc": [62, 64, 64, 70, 65, 40, 44, 68, 56, 69], "hlc": [921563, 2]}
INFO:<Node 0>:{"send": false, "recv": true, "to": 0, "from": 5, "vc": [63, 64, 64, 70, 65, 47, 47, 68, 56, 69], "hlc": [921563, 3]}
INFO:<Node 2>:{"send": false, "recv": true, "to": 2, "from": 9, "vc": [48, 58, 70, 60, 65, 42, 47, 67, 57, 73], "hlc": [921562, 3]}
INFO:<Node 5>:{"send": false, "recv": true, "to": 5, "from": 6, "vc": [58, 59, 67, 66, 62, 48, 54, 68, 55, 66], "hlc": [921562, 5]}
INFO:<Node 7>:{"send": false, "recv": true, "to": 7, "from": 8, "vc": [56, 58, 67, 60, 62, 40, 53, 73, 58, 66], "hlc": [921561, 8]}
INFO:<Node 9>:{"send": false, "recv": true, "to": 9, "from": 0, "vc": [60, 58, 63, 60, 65, 42, 47, 68, 57, 74], "hlc": [921563, 1]}
INFO:<Node 9>:{"send": false, "recv": true, "to": 9, "from": 2, "vc": [60, 58, 69, 60, 65, 42, 47, 68, 57, 75], "hlc": [921563, 2]}
INFO:<Node 9>:{"send": false, "recv": true, "to": 9, "from": 7, "vc": [60, 58, 69, 60, 65, 42, 53, 72, 57, 76], "hlc": [921563, 3]}
