INFO:root:Random workload: num sockets: 10, num iterations: 50, base address: 40400, chance of send: 3 in 5, round delay (s): 0.5, max clock drift (s): 7.5, actual clock drifts: [1.3959306515853207, -3.1334209064736394, -2.056964193643015, -7.460444967501718, -0.6339459155877094, 4.846404761654547, 0.3241498994679839, 5.565218479943878, 1.7825041362752305, 4.448884580952111]
INFO:<Node 1>:{"send": true, "recv": false, "from": 1, "to": 3, "vc": [0, 1, 0, 0, 0, 0, 0, 0, 0, 0], "hlc": [921702, 1]}
INFO:<Node 2>:{"send": true, "recv": false, "from": 2, "to": 4, "vc": [0, 0, 1, 0, 0, 0, 0, 0, 0, 0], "hlc": [921702, 1]}
INFO:<Node 3>:{"send": true, "recv": false, "from": 3, "to": 9, "vc": [0, 0, 0, 1, 0, 0, 0, 0, 0, 0], "hlc": [921702, 1]}
INFO:<Node 5>:{"send": true, "recv": false, "from": 5, "to": 2, "vc": [0, 0, 0, 0, 0, 1, 0, 0, 0, 0], "hlc": [921707, 0]}
INFO:<Node 6>:{"send": true, "recv": false, "from": 6, "to": 2, "vc": [0, 0, 0, 0, 0, 0, 1, 0, 0, 0], "hlc": [921703, 0]}
INFO:<Node 7>:{"send": true, "recv": false, "from": 7, "to": 2, "vc": [0, 0, 0, 0, 0, 0, 0, 1, 0, 0], "hlc": [921708, 0]}
INFO:<Node 8>:{"send": true, "recv": false, "from": 8, "to": 5, "vc": [0, 0, 0, 0, 0, 0, 0, 0, 1, 0], "hlc": [921704, 0]}
INFO:<Node 9>:{"send": true, "recv": false, "from": 9, "to": 0, "vc": [0, 0, 0, 0, 0, 0, 0, 0, 0, 1], "hlc": [921707, 0]}
INFO:<Node 0>:{"send": false, "recv": true, "to": 0, "from": 9, "vc": [1, 0, 0, 0, 0, 0, 0, 0, 0, 1], "hlc": [921707, 1]}
INFO:<Node 2>:{"send": false, "recv": true, "to": 2, "from": 5, "vc": [0, 0, 2, 0, 0, 1, 0, 0, 0, 0], "hlc": [921707, 1]}
INFO:<Node 2>:{"send": false, "recv": true, "to": 2, "from": 6, "vc": [0, 0, 3, 0, 0, 1, 1, 0, 0, 0], "hlc": [921707, 2]}
INFO:<Node 2>:{"send": false, "recv": true, "to": 2, "from": 7, "vc": [0, 0, 4, 0, 0, 1, 1, 1, 0, 0], "hlc": [921708, 1]}
INFO:<Node 3>:{"send": false, "recv": true, "to": 3, "from": 1, "vc": [0, 1, 0, 2, 0, 0, 0, 0, 0, 0], "hlc": [921702, 2]}
INFO:<Node 4>:{"send": false, "recv": true, "to": 4, "from": 2, "vc": [0, 0, 1, 0, 1, 0, 0, 0, 0, 0], "hlc": [921702, 2]}
INFO:<Node 5>:{"send": false, "recv": true, "to": 5, "from": 8, "vc": [0, 0, 0, 0, 0, 2, 0, 0, 1, 0], "hlc": [921708, 0]}
INFO:<Node 9>:{"send": false, "recv": true, "to": 9, "from": 3, "vc": [0, 0, 0, 1, 0, 0, 0, 0, 0, 2], "hlc": [921707, 1]}
INFO:<Node 1>:{"send": true, "recv": false, "from": 1, "to": 7, "vc": [0, 2, 0, 0, 0, 0, 0, 0, 0, 0], "hlc": [921702, 2]}
INFO:<Node 2>:{"send": true, "recv": false, "from": 2, "to": 8, "vc": [0, 0, 5, 0, 0, 1, 1, 1, 0, 0], "hlc": [921708, 2]}
INFO:<Node 3>:{"send": true, "recv": false, "from": 3, "to": 2, "vc": [0, 1, 0, 3, 0, 0, 0, 0, 0, 0], "hlc": [921702, 3]}
INFO:<Node 4>:{"send": true, "recv": false, "from": 4, "to": 3, "vc": [0, 0, 1, 0, 2, 0, 0, 0, 0, 0], "hlc": [921702, 3]}
INFO:<Node 6>:{"send": true, "recv": false, "from": 6, "to": 4, "vc": [0, 0, 0, 0, 0, 0, 2, 0, 0, 0], "hlc": [921703, 1]}
INFO:<Node 7>:{"send": true, "recv": false, "from": 7, "to": 0, "vc": [0, 0, 0, 0, 0, 0, 0, 2, 0, 0], "hlc": [921708, 1]}
INFO:<Node 9>:{"send": true, "recv": false, "from": 9, "to": 7, "vc": [0, 0, 0, 1, 0, 0, 0, 0, 0, 3], "hlc": [921707, 2]}
INFO:<Node 0>:{"send": false, "recv": true, "to": 0, "from": 7, "vc": [2, 0, 0, 0, 0, 0, 0, 2, 0, 1], "hlc": [921708, 2]}
INFO:<Node 2>:{"send": false, "recv": true, "to": 2, "from": 3, "vc": [0, 1, 6, 3, 0, 1, 1, 1, 0, 0], "hlc": [921708, 3]}
INFO:<Node 3>:{"send": false, "recv": true, "to": 3, "from": 4, "vc": [0, 1, 1, 4, 2, 0, 0, 0, 0, 0], "hlc": [921702, 4]}
INFO:<Node 4>:{"send": false, "recv": true, "to": 4, "from": 6, "vc": [0, 0, 1, 0, 3, 0, 2, 0, 0, 0], "hlc": [921703, 2]}
INFO:<Node 7>:{"send": false, "recv": true, "to": 7, "from": 1, "vc": [0, 2, 0, 0, 0, 0, 0, 3, 0, 0], "hlc": [921709, 0]}
INFO:<Node 7>:{"send": false, "recv": true, "to": 7, "from": 9, "vc": [0, 2, 0, 1, 0, 0, 0, 4, 0, 3], "hlc": [921709, 1]}
INFO:<Node 8>:{"send": false, "recv": true, "to": 8, "from": 2, "vc": [0, 0, 5, 0, 0, 1, 1, 1, 2, 0], "hlc": [921708, 3]}
INFO:<Node 8>:{"send": true, "recv": false, "from": 8, "to": 9, "vc": [0, 0, 5, 0, 0, 1, 1, 1, 3, 0], "hlc": [921708, 4]}
INFO:<Node 9>:{"send": true, "recv": false, "from": 9, "to": 5, "vc": [0, 0, 0, 1, 0, 0, 0, 0, 0, 4], "hlc": [921708, 0]}
INFO:<Node 5>:{"send": false, "recv": true, "to": 5, "from": 9, "vc": [0, 0, 0, 1, 0, 3, 0, 0, 1, 4], "hlc": [921709, 0]}
INFO:<Node 9>:{"send": false, "recv": true, "to": 9, "from": 8, "vc": [0, 0, 5, 1, 0, 1, 1, 1, 3, 5], "hlc": [921708, 5]}
INFO:<Node 0>:{"send": true, "recv": false, "from": 0, "to": 2, "vc": [3, 0, 0, 0, 0, 0, 0, 2, 0, 1], "hlc": [921708, 3]}
INFO:<Node 1>:{"send": true, "recv": false, "from": 1, "to": 4, "vc": [0, 3, 0, 0, 0, 0, 0, 0, 0, 0], "hlc": [921702, 3]}
INFO:<Node 2>:{"send": true, "recv": false, "from": 2, "to": 8, "vc": [0, 1, 7, 3, 0, 1, 1, 1, 0, 0], "hlc": [921708, 4]}
INFO:<Node 3>:{"send": true, "recv": false, "from": 3, "to": 2, "vc": [0, 1, 1, 5, 2, 0, 0, 0, 0, 0], "hlc": [921702, 5]}
INFO:<Node 4>:{"send": true, "recv": false, "from": 4, "to": 8, "vc": [0, 0, 1, 0, 4, 0, 2, 0, 0, 0], "hlc": [921703, 3]}
INFO:<Node 6>:{"send": true, "recv": false, "from": 6, "to": 3, "vc": [0, 0, 0, 0, 0, 0, 3, 0, 0, 0], "hlc": [921704, 0]}
INFO:<Node 7>:{"send": true, "recv": false, "from": 7, "to": 5, "vc": [0, 2, 0, 1, 0, 0, 0, 5, 0, 3], "hlc": [921709, 2]}
INFO:<Node 8>:{"send": true, "recv": false, "from": 8, "to": 9, "vc": [0, 0, 5, 0, 0, 1, 1, 1, 4, 0], "hlc": [921708, 5]}
INFO:<Node 9>:{"send": true, "recv": false, "from": 9, "to": 0, "vc": [0, 0, 5, 1, 0, 1, 1, 1, 3, 6], "hlc": [921708, 6]}
INFO:<Node 0>:{"send": false, "recv": true, "to": 0, "from": 9, "vc": [4, 0, 5, 1, 0, 1, 1, 2, 3, 6], "hlc": [921708, 7]}
INFO:<Node 2>:{"send": false, "recv": true, "to": 2, "from": 0, "vc": [3, 1, 8, 3, 0, 1, 1, 2, 0, 1], "hlc": [921708, 5]}
INFO:<Node 2>:{"send": false, "recv": true, "to": 2, "from": 3, "vc": [3, 1, 9, 5, 2, 1, 1, 2, 0, 1], "hlc": [921708, 6]}
INFO:<Node 3>:{"send": false, "recv": true, "to": 3, "from": 6, "vc": [0, 1, 1, 6, 2, 0, 3, 0, 0, 0], "hlc": [921704, 1]}
INFO:<Node 4>:{"send": false, "recv": true, "to": 4, "from": 1, "vc": [0, 3, 1, 0, 5, 0, 2, 0, 0, 0], "hlc": [921704, 0]}
INFO:<Node 5>:{"send": false, "recv": true, "to": 5, "from": 7, "vc": [0, 2, 0, 1, 0, 4, 0, 5, 1, 4], "hlc": [921709, 3]}
INFO:<Node 8>:{"send": false, "recv": true, "to": 8, "from": 2, "vc": [0, 1, 7, 3, 0, 1, 1, 1, 5, 0], "hlc": [921708, 6]}
INFO:<Node 8>:{"send": false, "recv": true, "to": 8, "from": 4, "vc": [0, 1, 7, 3, 4, 1, 2, 1, 6, 0], "hlc": [921708, 7]}
INFO:<Node 9>:{"send": false, "recv": true, "to": 9, "from": 8, "vc": [0, 0, 5, 1, 0, 1, 1, 1, 4, 7], "hlc": [921709, 0]}
INFO:<Node 1>:{"send": true, "recv": false, "from": 1, "to": 6, "vc": [0, 4, 0, 0, 0, 0, 0, 0, 0, 0], "hlc": [921702, 4]}
INFO:<Node 3>:{"send": true, "recv": false, "from": 3, "to": 5, "vc": [0, 1, 1, 7, 2, 0, 3, 0, 0, 0], "hlc": [921704, 2]}
INFO:<Node 4>:{"send": true, "recv": false, "from": 4, "to": 2, "vc": [0, 3, 1, 0, 6, 0, 2, 0, 0, 0], "hlc": [921704, 1]}
INFO:<Node 5>:{"send": true, "recv": false, "from": 5, "to": 2, "vc": [0, 2, 0, 1, 0, 5, 0, 5, 1, 4], "hlc": [921709, 4]}
INFO:<Node 6>:{"send": true, "recv": false, "from": 6, "to": 0, "vc": [0, 0, 0, 0, 0, 0, 4, 0, 0, 0], "hlc": [921705, 0]}
INFO:<Node 7>:{"send": true, "recv": false, "from": 7, "to": 3, "vc": [0, 2, 0, 1, 0, 0, 0, 6, 0, 3], "hlc": [921710, 0]}
INFO:<Node 8>:{"send": true, "recv": false, "from": 8, "to": 1, "vc": [0, 1, 7, 3, 4, 1, 2, 1, 7, 0], "hlc": [921708, 8]}
INFO:<Node 9>:{"send": true, "recv": false, "from": 9, "to": 8, "vc": [0, 0, 5, 1, 0, 1, 1, 1, 4, 8], "hlc": [921709, 1]}
INFO:<Node 0>:{"send": false, "recv": true, "to": 0, "from": 6, "vc": [5, 0, 5, 1, 0, 1, 4, 2, 3, 6], "hlc": [921708, 8]}
INFO:<Node 1>:{"send": false, "recv": true, "to": 1, "from": 8, "vc": [0, 5, 7, 3, 4, 1, 2, 1, 7, 0], "hlc": [921708, 9]}
INFO:<Node 2>:{"send": false, "recv": true, "to": 2, "from": 4, "vc": [3, 3, 10, 5, 6, 1, 2, 2, 0, 1], "hlc": [921708, 7]}
INFO:<Node 2>:{"send": false, "recv": true, "to": 2, "from": 5, "vc": [3, 3, 11, 5, 6, 5, 2, 5, 1, 4], "hlc": [921709, 5]}
INFO:<Node 3>:{"send": false, "recv": true, "to": 3, "from": 7, "vc": [0, 2, 1, 8, 2, 0, 3, 6, 0, 3], "hlc": [921710, 1]}
INFO:<Node 5>:{"send": false, "recv": true, "to": 5, "from": 3, "vc": [0, 2, 1, 7, 2, 6, 3, 5, 1, 4], "hlc": [921710, 0]}
INFO:<Node 6>:{"send": false, "recv": true, "to": 6, "from": 1, "vc": [0, 4, 0, 0, 0, 0, 5, 0, 0, 0], "hlc": [921705, 1]}
INFO:<Node 8>:{"send": false, "recv": true, "to": 8, "from": 9, "vc": [0, 1, 7, 3, 4, 1, 2, 1, 8, 8], "hlc": [921709, 2]}
INFO:<Node 0>:{"send": true, "recv": false, "from": 0, "to": 5, "vc": [6, 0, 5, 1, 0, 1, 4, 2, 3, 6], "hlc": [921708, 9]}
INFO:<Node 2>:{"send": true, "recv": false, "from": 2, "to": 3, "vc": [3, 3, 12, 5, 6, 5, 2, 5, 1, 4], "hlc": [921709, 6]}
INFO:<Node 4>:{"send": true, "recv": false, "from": 4, "to": 9, "vc": [0, 3, 1, 0, 7, 0, 2, 0, 0, 0], "hlc": [921704, 2]}
INFO:<Node 6>:{"send": true, "recv": false, "from": 6, "to": 1, "vc": [0, 4, 0, 0, 0, 0, 6, 0, 0, 0], "hlc": [921705, 2]}
INFO:<Node 9>:{"send": true, "recv": false, "from": 9, "to": 6, "vc": [0, 0, 5, 1, 0, 1, 1, 1, 4, 9], "hlc": [921709, 2]}
INFO:<Node 1>:{"send": false, "recv": true, "to": 1, "from": 6, "vc": [0, 6, 7, 3, 4, 1, 6, 1, 7, 0], "hlc": [921708, 10]}
INFO:<Node 3>:{"send": false, "recv": true, "to": 3, "from": 2, "vc": [3, 3, 12, 9, 6, 5, 3, 6, 1, 4], "hlc": [921710, 2]}
INFO:<Node 5>:{"send": false, "recv": true, "to": 5, "from": 0, "vc": [6, 2, 5, 7, 2, 7, 4, 5, 3, 6], "hlc": [921710, 1]}
INFO:<Node 6>:{"send": false, "recv": true, "to": 6, "from": 9, "vc": [0, 4, 5, 1, 0, 1, 7, 1, 4, 9], "hlc": [921709, 3]}
INFO:<Node 9>:{"send": false, "recv": true, "to": 9, "from": 4, "vc": [0, 3, 5, 1, 7, 1, 2, 1, 4, 10], "hlc": [921710, 0]}
INFO:<Node 0>:{"send": true, "recv": false, "from": 0, "to": 5, "vc": [7, 0, 5, 1, 0, 1, 4, 2, 3, 6], "hlc": [921708, 10]}
INFO:<Node 6>:{"send": true, "recv": false, "from": 6, "to": 4, "vc": [0, 4, 5, 1, 0, 1, 8, 1, 4, 9], "hlc": [921709, 4]}
INFO:<Node 8>:{"send": true, "recv": false, "from": 8, "to": 3, "vc": [0, 1, 7, 3, 4, 1, 2, 1, 9, 8], "hlc": [921709, 3]}
INFO:<Node 9>:{"send": true, "recv": false, "from": 9, "to": 8, "vc": [0, 3, 5, 1, 7, 1, 2, 1, 4, 11], "hlc": [921710, 1]}
INFO:<Node 3>:{"send": false, "recv": true, "to": 3, "from": 8, "vc": [3, 3, 12, 10, 6, 5, 3, 6, 9, 8], "hlc": [921710, 3]}
INFO:<Node 4>:{"send": false, "recv": true, "to": 4, "from": 6, "vc": [0, 4, 5, 1, 8, 1, 8, 1, 4, 9], "hlc": [921709, 5]}
INFO:<Node 5>:{"send": false, "recv": true, "to": 5, "from": 0, "vc": [7, 2, 5, 7, 2, 8, 4, 5, 3, 6], "hlc": [921711, 0]}
INFO:<Node 8>:{"send": false, "recv": true, "to": 8, "from": 9, "vc": [0, 3, 7, 3, 7, 1, 2, 1, 10, 11], "hlc": [921710, 2]}
INFO:<Node 4>:{"send": true, "recv": false, "from": 4, "to": 5, "vc": [0, 4, 5, 1, 9, 1, 8, 1, 4, 9], "hlc": [921709, 6]}
INFO:<Node 5>:{"send": true, "recv": false, "from": 5, "to": 3, "vc": [7, 2, 5, 7, 2, 9, 4, 5, 3, 6], "hlc": [921711, 1]}
INFO:<Node 7>:{"send": true, "recv": false, "from": 7, "to": 4, "vc": [0, 2, 0, 1, 0, 0, 0, 7, 0, 3], "hlc": [921711, 0]}
INFO:<Node 9>:{"send": true, "recv": false, "from": 9, "to": 3, "vc": [0, 3, 5, 1, 7, 1, 2, 1, 4, 12], "hlc": [921710, 2]}
INFO:<Node 3>:{"send": false, "recv": true, "to": 3, "from": 5, "vc": [7, 3, 12, 11, 6, 9, 4, 6, 9, 8], "hlc": [921711, 2]}
INFO:<Node 3>:{"send": false, "recv": true, "to": 3, "from": 9, "vc": [7, 3, 12, 12, 7, 9, 4, 6, 9, 12], "hlc": [921711, 3]}
INFO:<Node 4>:{"send": false, "recv": true, "to": 4, "from": 7, "vc": [0, 4, 5, 1, 10, 1, 8, 7, 4, 9], "hlc": [921711, 1]}
INFO:<Node 5>:{"send": false, "recv": true, "to": 5, "from": 4, "vc": [7, 4, 5, 7, 9, 10, 8, 5, 4, 9], "hlc": [921711, 2]}
INFO:<Node 1>:{"send": true, "recv": false, "from": 1, "to": 6, "vc": [0, 7, 7, 3, 4, 1, 6, 1, 7, 0], "hlc": [921708, 11]}
INFO:<Node 2>:{"send": true, "recv": false, "from": 2, "to": 4, "vc": [3, 3, 13, 5, 6, 5, 2, 5, 1, 4], "hlc": [921709, 7]}
INFO:<Node 4>:{"send": true, "recv": false, "from": 4, "to": 5, "vc": [0, 4, 5, 1, 11, 1, 8, 7, 4, 9], "hlc": [921711, 2]}
INFO:<Node 5>:{"send": true, "recv": false, "from": 5, "to": 0, "vc": [7, 4, 5, 7, 9, 11, 8, 5, 4, 9], "hlc": [921711, 3]}
INFO:<Node 6>:{"send": true, "recv": false, "from": 6, "to": 5, "vc": [0, 4, 5, 1, 0, 1, 9, 1, 4, 9], "hlc": [921709, 5]}
INFO:<Node 7>:{"send": true, "recv": false, "from": 7, "to": 2, "vc": [0, 2, 0, 1, 0, 0, 0, 8, 0, 3], "hlc": [921712, 0]}
INFO:<Node 9>:{"send": true, "recv": false, "from": 9, "to": 4, "vc": [0, 3, 5, 1, 7, 1, 2, 1, 4, 13], "hlc": [921711, 0]}
INFO:<Node 0>:{"send": false, "recv": true, "to": 0, "from": 5, "vc": [8, 4, 5, 7, 9, 11, 8, 5, 4, 9], "hlc": [921711, 4]}
INFO:<Node 2>:{"send": false, "recv": true, "to": 2, "from": 7, "vc": [3, 3, 14, 5, 6, 5, 2, 8, 1, 4], "hlc": [921712, 1]}
INFO:<Node 4>:{"send": false, "recv": true, "to": 4, "from": 2, "vc": [3, 4, 13, 5, 12, 5, 8, 7, 4, 9], "hlc": [921711, 3]}
INFO:<Node 4>:{"send": false, "recv": true, "to": 4, "from": 9, "vc": [3, 4, 13, 5, 13, 5, 8, 7, 4, 13], "hlc": [921711, 4]}
INFO:<Node 5>:{"send": false, "recv": true, "to": 5, "from": 4, "vc": [7, 4, 5, 7, 11, 12, 8, 7, 4, 9], "hlc": [921712, 0]}
INFO:<Node 5>:{"send": false, "recv": true, "to": 5, "from": 6, "vc": [7, 4, 5, 7, 11, 13, 9, 7, 4, 9], "hlc": [921712, 1]}
INFO:<Node 6>:{"send": false, "recv": true, "to": 6, "from": 1, "vc": [0, 7, 7, 3, 4, 1, 10, 1, 7, 9], "hlc": [921709, 6]}
INFO:<Node 2>:{"send": true, "recv": false, "from": 2, "to": 1, "vc": [3, 3, 15, 5, 6, 5, 2, 8, 1, 4], "hlc": [921712, 2]}
INFO:<Node 7>:{"send": true, "recv": false, "from": 7, "to": 3, "vc": [0, 2, 0, 1, 0, 0, 0, 9, 0, 3], "hlc": [921712, 1]}
INFO:<Node 9>:{"send": true, "recv": false, "from": 9, "to": 3, "vc": [0, 3, 5, 1, 7, 1, 2, 1, 4, 14], "hlc": [921711, 1]}
INFO:<Node 1>:{"send": false, "recv": true, "to": 1, "from": 2, "vc": [3, 8, 15, 5, 6, 5, 6, 8, 7, 4], "hlc": [921712, 3]}
INFO:<Node 3>:{"send": false, "recv": true, "to": 3, "from": 7, "vc": [7, 3, 12, 13, 7, 9, 4, 9, 9, 12], "hlc": [921712, 2]}
INFO:<Node 3>:{"send": false, "recv": true, "to": 3, "from": 9, "vc": [7, 3, 12, 14, 7, 9, 4, 9, 9, 14], "hlc": [921712, 3]}
INFO:<Node 3>:{"send": true, "recv": false, "from": 3, "to": 8, "vc": [7, 3, 12, 15, 7, 9, 4, 9, 9, 14], "hlc": [921712, 4]}
INFO:<Node 4>:{"send": true, "recv": false, "from": 4, "to": 9, "vc": [3, 4, 13, 5, 14, 5, 8, 7, 4, 13], "hlc": [921711, 5]}
INFO:<Node 6>:{"send": true, "recv": false, "from": 6, "to": 3, "vc": [0, 7, 7, 3, 4, 1, 11, 1, 7, 9], "hlc": [921709, 7]}
INFO:<Node 7>:{"send": true, "recv": false, "from": 7, "to": 5, "vc": [0, 2, 0, 1, 0, 0, 0, 10, 0, 3], "hlc": [921713, 0]}
INFO:<Node 3>:{"send": false, "recv": true, "to": 3, "from": 6, "vc": [7, 7, 12, 16, 7, 9, 11, 9, 9, 14], "hlc": [921712, 5]}
INFO:<Node 5>:{"send": false, "recv": true, "to": 5, "from": 7, "vc": [7, 4, 5, 7, 11, 14, 9, 10, 4, 9], "hlc": [921713, 1]}
INFO:<Node 8>:{"send": false, "recv": true, "to": 8, "from": 3, "vc": [7, 3, 12, 15, 7, 9, 4, 9, 11, 14], "hlc": [921712, 5]}
INFO:<Node 9>:{"send": false, "recv": true, "to": 9, "from": 4, "vc": [3, 4, 13, 5, 14, 5, 8, 7, 4, 15], "hlc": [921712, 0]}
INFO:<Node 0>:{"send": true, "recv": false, "from": 0, "to": 8, "vc": [9, 4, 5, 7, 9, 11, 8, 5, 4, 9], "hlc": [921711, 5]}
INFO:<Node 1>:{"send": true, "recv": false, "from": 1, "to": 2, "vc": [3, 9, 15, 5, 6, 5, 6, 8, 7, 4], "hlc": [921712, 4]}
INFO:<Node 6>:{"send": true, "recv": false, "from": 6, "to": 8, "vc": [0, 7, 7, 3, 4, 1, 12, 1, 7, 9], "hlc": [921709, 8]}
INFO:<Node 7>:{"send": true, "recv": false, "from": 7, "to": 5, "vc": [0, 2, 0, 1, 0, 0, 0, 11, 0, 3], "hlc": [921713, 1]}
INFO:<Node 9>:{"send": true, "recv": false, "from": 9, "to": 1, "vc": [3, 4, 13, 5, 14, 5, 8, 7, 4, 16], "hlc": [921712, 1]}
INFO:<Node 1>:{"send": false, "recv": true, "to": 1, "from": 9, "vc": [3, 10, 15, 5, 14, 5, 8, 8, 7, 16], "hlc": [921712, 5]}
INFO:<Node 2>:{"send": false, "recv": true, "to": 2, "from": 1, "vc": [3, 9, 16, 5, 6, 5, 6, 8, 7, 4], "hlc": [921712, 5]}
INFO:<Node 5>:{"send": false, "recv": true, "to": 5, "from": 7, "vc": [7, 4, 5, 7, 11, 15, 9, 11, 4, 9], "hlc": [921713, 2]}
INFO:<Node 8>:{"send": false, "recv": true, "to": 8, "from": 0, "vc": [9, 4, 12, 15, 9, 11, 8, 9, 12, 14], "hlc": [921712, 6]}
INFO:<Node 8>:{"send": false, "recv": true, "to": 8, "from": 6, "vc": [9, 7, 12, 15, 9, 11, 12, 9, 13, 14], "hlc": [921712, 7]}
INFO:<Node 0>:{"send": true, "recv": false, "from": 0, "to": 2, "vc": [10, 4, 5, 7, 9, 11, 8, 5, 4, 9], "hlc": [921711, 6]}
INFO:<Node 5>:{"send": true, "recv": false, "from": 5, "to": 0, "vc": [7, 4, 5, 7, 11, 16, 9, 11, 4, 9], "hlc": [921713, 3]}
INFO:<Node 6>:{"send": true, "recv": false, "from": 6, "to": 9, "vc": [0, 7, 7, 3, 4, 1, 13, 1, 7, 9], "hlc": [921709, 9]}
INFO:<Node 8>:{"send": true, "recv": false, "from": 8, "to": 7, "vc": [9, 7, 12, 15, 9, 11, 12, 9, 14, 14], "hlc": [921712, 8]}
INFO:<Node 9>:{"send": true, "recv": false, "from": 9, "to": 1, "vc": [3, 4, 13, 5, 14, 5, 8, 7, 4, 17], "hlc": [921713, 0]}
INFO:<Node 0>:{"send": false, "recv": true, "to": 0, "from": 5, "vc": [11, 4, 5, 7, 11, 16, 9, 11, 4, 9], "hlc": [921713, 4]}
INFO:<Node 1>:{"send": false, "recv": true, "to": 1, "from": 9, "vc": [3, 11, 15, 5, 14, 5, 8, 8, 7, 17], "hlc": [921713, 1]}
INFO:<Node 2>:{"send": false, "recv": true, "to": 2, "from": 0, "vc": [10, 9, 17, 7, 9, 11, 8, 8, 7, 9], "hlc": [921712, 6]}
INFO:<Node 7>:{"send": false, "recv": true, "to": 7, "from": 8, "vc": [9, 7, 12, 15, 9, 11, 12, 12, 14, 14], "hlc": [921714, 0]}
INFO:<Node 9>:{"send": false, "recv": true, "to": 9, "from": 6, "vc": [3, 7, 13, 5, 14, 5, 13, 7, 7, 18], "hlc": [921713, 1]}
INFO:<Node 0>:{"send": true, "recv": false, "from": 0, "to": 6, "vc": [12, 4, 5, 7, 11, 16, 9, 11, 4, 9], "hlc": [921713, 5]}
INFO:<Node 2>:{"send": true, "recv": false, "from": 2, "to": 3, "vc": [10, 9, 18, 7, 9, 11, 8, 8, 7, 9], "hlc": [921712, 7]}
INFO:<Node 3>:{"send": true, "recv": false, "from": 3, "to": 9, "vc": [7, 7, 12, 17, 7, 9, 11, 9, 9, 14], "hlc": [921712, 6]}
INFO:<Node 5>:{"send": true, "recv": false, "from": 5, "to": 4, "vc": [7, 4, 5, 7, 11, 17, 9, 11, 4, 9], "hlc": [921714, 0]}
INFO:<Node 6>:{"send": true, "recv": false, "from": 6, "to": 8, "vc": [0, 7, 7, 3, 4, 1, 14, 1, 7, 9], "hlc": [921709, 10]}
INFO:<Node 3>:{"send": false, "recv": true, "to": 3, "from": 2, "vc": [10, 9, 18, 18, 9, 11, 11, 9, 9, 14], "hlc": [921712, 8]}
INFO:<Node 4>:{"send": false, "recv": true, "to": 4, "from": 5, "vc": [7, 4, 13, 7, 15, 17, 9, 11, 4, 13], "hlc": [921714, 1]}
INFO:<Node 6>:{"send": false, "recv": true, "to": 6, "from": 0, "vc": [12, 7, 7, 7, 11, 16, 15, 11, 7, 9], "hlc": [921713, 6]}
INFO:<Node 8>:{"send": false, "recv": true, "to": 8, "from": 6, "vc": [9, 7, 12, 15, 9, 11, 14, 9, 15, 14], "hlc": [921712, 9]}
INFO:<Node 9>:{"send": false, "recv": true, "to": 9, "from": 3, "vc": [7, 7, 13, 17, 14, 9, 13, 9, 9, 19], "hlc": [921714, 0]}
INFO:<Node 0>:{"send": true, "recv": false, "from": 0, "to": 9, "vc": [13, 4, 5, 7, 11, 16, 9, 11, 4, 9], "hlc": [921713, 6]}
INFO:<Node 1>:{"send": true, "recv": false, "from": 1, "to": 2, "vc": [3, 12, 15, 5, 14, 5, 8, 8, 7, 17], "hlc": [921713, 2]}
INFO:<Node 7>:{"send": true, "recv": false, "from": 7, "to": 4, "vc": [9, 7, 12, 15, 9, 11, 12, 13, 14, 14], "hlc": [921715, 0]}
INFO:<Node 8>:{"send": true, "recv": false, "from": 8, "to": 5, "vc": [9, 7, 12, 15, 9, 11, 14, 9, 16, 14], "hlc": [921712, 10]}
INFO:<Node 2>:{"send": false, "recv": true, "to": 2, "from": 1, "vc": [10, 12, 19, 7, 14, 11, 8, 8, 7, 17], "hlc": [921713, 3]}
INFO:<Node 4>:{"send": false, "recv": true, "to": 4, "from": 7, "vc": [9, 7, 13, 15, 16, 17, 12, 13, 14, 14], "hlc": [921715, 1]}
INFO:<Node 5>:{"send": false, "recv": true, "to": 5, "from": 8, "vc": [9, 7, 12, 15, 11, 18, 14, 11, 16, 14], "hlc": [921715, 0]}
INFO:<Node 9>:{"send": false, "recv": true, "to": 9, "from": 0, "vc": [13, 7, 13, 17, 14, 16, 13, 11, 9, 20], "hlc": [921714, 1]}
INFO:<Node 0>:{"send": true, "recv": false, "from": 0, "to": 8, "vc": [14, 4, 5, 7, 11, 16, 9, 11, 4, 9], "hlc": [921713, 7]}
INFO:<Node 2>:{"send": true, "recv": false, "from": 2, "to": 8, "vc": [10, 12, 20, 7, 14, 11, 8, 8, 7, 17], "hlc": [921713, 4]}
INFO:<Node 5>:{"send": true, "recv": false, "from": 5, "to": 2, "vc": [9, 7, 12, 15, 11, 19, 14, 11, 16, 14], "hlc": [921715, 1]}
INFO:<Node 7>:{"send": true, "recv": false, "from": 7, "to": 0, "vc": [9, 7, 12, 15, 9, 11, 12, 14, 14, 14], "hlc": [921715, 1]}
INFO:<Node 8>:{"send": true, "recv": false, "from": 8, "to": 9, "vc": [9, 7, 12, 15, 9, 11, 14, 9, 17, 14], "hlc": [921712, 11]}
INFO:<Node 9>:{"send": true, "recv": false, "from": 9, "to": 3, "vc": [13, 7, 13, 17, 14, 16, 13, 11, 9, 21], "hlc": [921714, 2]}
INFO:<Node 0>:{"send": false, "recv": true, "to": 0, "from": 7, "vc": [15, 7, 12, 15, 11, 16, 12, 14, 14, 14], "hlc": [921715, 2]}
INFO:<Node 2>:{"send": false, "recv": true, "to": 2, "from": 5, "vc": [10, 12, 21, 15, 14, 19, 14, 11, 16, 17], "hlc": [921715, 2]}
INFO:<Node 3>:{"send": false, "recv": true, "to": 3, "from": 9, "vc": [13, 9, 18, 19, 14, 16, 13, 11, 9, 21], "hlc": [921714, 3]}
INFO:<Node 8>:{"send": false, "recv": true, "to": 8, "from": 0, "vc": [14, 7, 12, 15, 11, 16, 14, 11, 18, 14], "hlc": [921713, 8]}
INFO:<Node 8>:{"send": false, "recv": true, "to": 8, "from": 2, "vc": [14, 12, 20, 15, 14, 16, 14, 11, 19, 17], "hlc": [921713, 9]}
INFO:<Node 9>:{"send": false, "recv": true, "to": 9, "from": 8, "vc": [13, 7, 13, 17, 14, 16, 14, 11, 17, 22], "hlc": [921715, 0]}
INFO:<Node 1>:{"send": true, "recv": false, "from": 1, "to": 8, "vc": [3, 13, 15, 5, 14, 5, 8, 8, 7, 17], "hlc": [921713, 3]}
INFO:<Node 4>:{"send": true, "recv": false, "from": 4, "to": 2, "vc": [9, 7, 13, 15, 17, 17, 12, 13, 14, 14], "hlc": [921715, 2]}
INFO:<Node 5>:{"send": true, "recv": false, "from": 5, "to": 1, "vc": [9, 7, 12, 15, 11, 20, 14, 11, 16, 14], "hlc": [921715, 2]}
INFO:<Node 7>:{"send": true, "recv": false, "from": 7, "to": 5, "vc": [9, 7, 12, 15, 9, 11, 12, 15, 14, 14], "hlc": [921716, 0]}
INFO:<Node 8>:{"send": true, "recv": false, "from": 8, "to": 4, "vc": [14, 12, 20, 15, 14, 16, 14, 11, 20, 17], "hlc": [921713, 10]}
INFO:<Node 1>:{"send": false, "recv": true, "to": 1, "from": 5, "vc": [9, 14, 15, 15, 14, 20, 14, 11, 16, 17], "hlc": [921715, 3]}
INFO:<Node 2>:{"send": false, "recv": true, "to": 2, "from": 4, "vc": [10, 12, 22, 15, 17, 19, 14, 13, 16, 17], "hlc": [921715, 3]}
INFO:<Node 4>:{"send": false, "recv": true, "to": 4, "from": 8, "vc": [14, 12, 20, 15, 18, 17, 14, 13, 20, 17], "hlc": [921715, 3]}
INFO:<Node 5>:{"send": false, "recv": true, "to": 5, "from": 7, "vc": [9, 7, 12, 15, 11, 21, 14, 15, 16, 14], "hlc": [921716, 1]}
INFO:<Node 8>:{"send": false, "recv": true, "to": 8, "from": 1, "vc": [14, 13, 20, 15, 14, 16, 14, 11, 21, 17], "hlc": [921713, 11]}
INFO:<Node 0>:{"send": true, "recv": false, "from": 0, "to": 7, "vc": [16, 7, 12, 15, 11, 16, 12, 14, 14, 14], "hlc": [921715, 3]}
INFO:<Node 2>:{"send": true, "recv": false, "from": 2, "to": 8, "vc": [10, 12, 23, 15, 17, 19, 14, 13, 16, 17], "hlc": [921715, 4]}
INFO:<Node 3>:{"send": true, "recv": false, "from": 3, "to": 6, "vc": [13, 9, 18, 20, 14, 16, 13, 11, 9, 21], "hlc": [921714, 4]}
INFO:<Node 4>:{"send": true, "recv": false, "from": 4, "to": 0, "vc": [14, 12, 20, 15, 19, 17, 14, 13, 20, 17], "hlc": [921715, 4]}
INFO:<Node 5>:{"send": true, "recv": false, "from": 5, "to": 3, "vc": [9, 7, 12, 15, 11, 22, 14, 15, 16, 14], "hlc": [921716, 2]}
INFO:<Node 6>:{"send": true, "recv": false, "from": 6, "to": 9, "vc": [12, 7, 7, 7, 11, 16, 16, 11, 7, 9], "hlc": [921713, 7]}
INFO:<Node 7>:{"send": true, "recv": false, "from": 7, "to": 1, "vc": [9, 7, 12, 15, 9, 11, 12, 16, 14, 14], "hlc": [921716, 1]}
INFO:<Node 8>:{"send": true, "recv": false, "from": 8, "to": 5, "vc": [14, 13, 20, 15, 14, 16, 14, 11, 22, 17], "hlc": [921713, 12]}
INFO:<Node 9>:{"send": true, "recv": false, "from": 9, "to": 1, "vc": [13, 7, 13, 17, 14, 16, 14, 11, 17, 23], "hlc": [921715, 1]}
INFO:<Node 0>:{"send": false, "recv": true, "to": 0, "from": 4, "vc": [17, 12, 20, 15, 19, 17, 14, 14, 20, 17], "hlc": [921715, 5]}
INFO:<Node 1>:{"send": false, "recv": true, "to": 1, "from": 7, "vc": [9, 15, 15, 15, 14, 20, 14, 16, 16, 17], "hlc": [921716, 2]}
INFO:<Node 1>:{"send": false, "recv": true, "to": 1, "from": 9, "vc": [13, 16, 15, 17, 14, 20, 14, 16, 17, 23], "hlc": [921716, 3]}
INFO:<Node 3>:{"send": false, "recv": true, "to": 3, "from": 5, "vc": [13, 9, 18, 21, 14, 22, 14, 15, 16, 21], "hlc": [921716, 3]}
INFO:<Node 5>:{"send": false, "recv": true, "to": 5, "from": 8, "vc": [14, 13, 20, 15, 14, 23, 14, 15, 22, 17], "hlc": [921716, 3]}
INFO:<Node 6>:{"send": false, "recv": true, "to": 6, "from": 3, "vc": [13, 9, 18, 20, 14, 16, 17, 11, 9, 21], "hlc": [921714, 5]}
INFO:<Node 7>:{"send": false, "recv": true, "to": 7, "from": 0, "vc": [16, 7, 12, 15, 11, 16, 12, 17, 14, 14], "hlc": [921717, 0]}
INFO:<Node 8>:{"send": false, "recv": true, "to": 8, "from": 2, "vc": [14, 13, 23, 15, 17, 19, 14, 13, 23, 17], "hlc": [921715, 5]}
INFO:<Node 9>:{"send": false, "recv": true, "to": 9, "from": 6, "vc": [13, 7, 13, 17, 14, 16, 16, 11, 17, 24], "hlc": [921716, 0]}
INFO:<Node 0>:{"send": true, "recv": false, "from": 0, "to": 4, "vc": [18, 12, 20, 15, 19, 17, 14, 14, 20, 17], "hlc": [921715, 6]}
INFO:<Node 1>:{"send": true, "recv": false, "from": 1, "to": 9, "vc": [13, 17, 15, 17, 14, 20, 14, 16, 17, 23], "hlc": [921716, 4]}
INFO:<Node 5>:{"send": true, "recv": false, "from": 5, "to": 3, "vc": [14, 13, 20, 15, 14, 24, 14, 15, 22, 17], "hlc": [921716, 4]}
INFO:<Node 8>:{"send": true, "recv": false, "from": 8, "to": 9, "vc": [14, 13, 23, 15, 17, 19, 14, 13, 24, 17], "hlc": [921715, 6]}
INFO:<Node 9>:{"send": true, "recv": false, "from": 9, "to": 6, "vc": [13, 7, 13, 17, 14, 16, 16, 11, 17, 25], "hlc": [921716, 1]}
INFO:<Node 3>:{"send": false, "recv": true, "to": 3, "from": 5, "vc": [14, 13, 20, 22, 14, 24, 14, 15, 22, 21], "hlc": [921716, 5]}
INFO:<Node 4>:{"send": false, "recv": true, "to": 4, "from": 0, "vc": [18, 12, 20, 15, 20, 17, 14, 14, 20, 17], "hlc": [921715, 7]}
INFO:<Node 6>:{"send": false, "recv": true, "to": 6, "from": 9, "vc": [13, 9, 18, 20, 14, 16, 18, 11, 17, 25], "hlc": [921716, 2]}
INFO:<Node 9>:{"send": false, "recv": true, "to": 9, "from": 1, "vc": [13, 17, 15, 17, 14, 20, 16, 16, 17, 26], "hlc": [921716, 5]}
INFO:<Node 9>:{"send": false, "recv": true, "to": 9, "from": 8, "vc": [14, 17, 23, 17, 17, 20, 16, 16, 24, 27], "hlc": [921716, 6]}
INFO:<Node 0>:{"send": true, "recv": false, "from": 0, "to": 3, "vc": [19, 12, 20, 15, 19, 17, 14, 14, 20, 17], "hlc": [921715, 7]}
INFO:<Node 2>:{"send": true, "recv": false, "from": 2, "to": 5, "vc": [10, 12, 24, 15, 17, 19, 14, 13, 16, 17], "hlc": [921715, 5]}
INFO:<Node 3>:{"send": true, "recv": false, "from": 3, "to": 9, "vc": [14, 13, 20, 23, 14, 24, 14, 15, 22, 21], "hlc": [921716, 6]}
INFO:<Node 5>:{"send": true, "recv": false, "from": 5, "to": 4, "vc": [14, 13, 20, 15, 14, 25, 14, 15, 22, 17], "hlc": [921717, 0]}
INFO:<Node 9>:{"send": true, "recv": false, "from": 9, "to": 1, "vc": [14, 17, 23, 17, 17, 20, 16, 16, 24, 28], "hlc": [921716, 7]}
INFO:<Node 1>:{"send": false, "recv": true, "to": 1, "from": 9, "vc": [14, 18, 23, 17, 17, 20, 16, 16, 24, 28], "hlc": [921716, 8]}
INFO:<Node 3>:{"send": false, "recv": true, "to": 3, "from": 0, "vc": [19, 13, 20, 24, 19, 24, 14, 15, 22, 21], "hlc": [921716, 7]}
INFO:<Node 4>:{"send": false, "recv": true, "to": 4, "from": 5, "vc": [18, 13, 20, 15, 21, 25, 14, 15, 22, 17], "hlc": [921717, 1]}
INFO:<Node 5>:{"send": false, "recv": true, "to": 5, "from": 2, "vc": [14, 13, 24, 15, 17, 26, 14, 15, 22, 17], "hlc": [921717, 1]}
INFO:<Node 9>:{"send": false, "recv": true, "to": 9, "from": 3, "vc": [14, 17, 23, 23, 17, 24, 16, 16, 24, 29], "hlc": [921717, 0]}
INFO:<Node 0>:{"send": true, "recv": false, "from": 0, "to": 9, "vc": [20, 12, 20, 15, 19, 17, 14, 14, 20, 17], "hlc": [921715, 8]}
INFO:<Node 1>:{"send": true, "recv": false, "from": 1, "to": 2, "vc": [14, 19, 23, 17, 17, 20, 16, 16, 24, 28], "hlc": [921716, 9]}
INFO:<Node 4>:{"send": true, "recv": false, "from": 4, "to": 8, "vc": [18, 13, 20, 15, 22, 25, 14, 15, 22, 17], "hlc": [921717, 2]}
INFO:<Node 5>:{"send": true, "recv": false, "from": 5, "to": 4, "vc": [14, 13, 24, 15, 17, 27, 14, 15, 22, 17], "hlc": [921717, 2]}
INFO:<Node 7>:{"send": true, "recv": false, "from": 7, "to": 2, "vc": [16, 7, 12, 15, 11, 16, 12, 18, 14, 14], "hlc": [921718, 0]}
INFO:<Node 2>:{"send": false, "recv": true, "to": 2, "from": 1, "vc": [14, 19, 25, 17, 17, 20, 16, 16, 24, 28], "hlc": [921716, 10]}
INFO:<Node 2>:{"send": false, "recv": true, "to": 2, "from": 7, "vc": [16, 19, 26, 17, 17, 20, 16, 18, 24, 28], "hlc": [921718, 1]}
INFO:<Node 4>:{"send": false, "recv": true, "to": 4, "from": 5, "vc": [18, 13, 24, 15, 23, 27, 14, 15, 22, 17], "hlc": [921717, 3]}
INFO:<Node 8>:{"send": false, "recv": true, "to": 8, "from": 4, "vc": [18, 13, 23, 15, 22, 25, 14, 15, 25, 17], "hlc": [921717, 3]}
INFO:<Node 9>:{"send": false, "recv": true, "to": 9, "from": 0, "vc": [20, 17, 23, 23, 19, 24, 16, 16, 24, 30], "hlc": [921717, 1]}
INFO:<Node 0>:{"send": true, "recv": false, "from": 0, "to": 1, "vc": [21, 12, 20, 15, 19, 17, 14, 14, 20, 17], "hlc": [921715, 9]}
INFO:<Node 1>:{"send": true, "recv": false, "from": 1, "to": 9, "vc": [14, 20, 23, 17, 17, 20, 16, 16, 24, 28], "hlc": [921716, 10]}
INFO:<Node 2>:{"send": true, "recv": false, "from": 2, "to": 6, "vc": [16, 19, 27, 17, 17, 20, 16, 18, 24, 28], "hlc": [921718, 2]}
INFO:<Node 4>:{"send": true, "recv": false, "from": 4, "to": 6, "vc": [18, 13, 24, 15, 24, 27, 14, 15, 22, 17], "hlc": [921717, 4]}
INFO:<Node 5>:{"send": true, "recv": false, "from": 5, "to": 3, "vc": [14, 13, 24, 15, 17, 28, 14, 15, 22, 17], "hlc": [921718, 0]}
INFO:<Node 6>:{"send": true, "recv": false, "from": 6, "to": 3, "vc": [13, 9, 18, 20, 14, 16, 19, 11, 17, 25], "hlc": [921716, 3]}
INFO:<Node 7>:{"send": true, "recv": false, "from": 7, "to": 3, "vc": [16, 7, 12, 15, 11, 16, 12, 19, 14, 14], "hlc": [921718, 1]}
INFO:<Node 8>:{"send": true, "recv": false, "from": 8, "to": 1, "vc": [18, 13, 23, 15, 22, 25, 14, 15, 26, 17], "hlc": [921717, 4]}
INFO:<Node 1>:{"send": false, "recv": true, "to": 1, "from": 0, "vc": [21, 21, 23, 17, 19, 20, 16, 16, 24, 28], "hlc": [921716, 11]}
INFO:<Node 1>:{"send": false, "recv": true, "to": 1, "from": 8, "vc": [21, 22, 23, 17, 22, 25, 16, 16, 26, 28], "hlc": [921717, 5]}
INFO:<Node 3>:{"send": false, "recv": true, "to": 3, "from": 5, "vc": [19, 13, 24, 25, 19, 28, 14, 15, 22, 21], "hlc": [921718, 1]}
INFO:<Node 3>:{"send": false, "recv": true, "to": 3, "from": 6, "vc": [19, 13, 24, 26, 19, 28, 19, 15, 22, 25], "hlc": [921718, 2]}
INFO:<Node 3>:{"send": false, "recv": true, "to": 3, "from": 7, "vc": [19, 13, 24, 27, 19, 28, 19, 19, 22, 25], "hlc": [921718, 3]}
INFO:<Node 6>:{"send": false, "recv": true, "to": 6, "from": 2, "vc": [16, 19, 27, 20, 17, 20, 20, 18, 24, 28], "hlc": [921718, 3]}
INFO:<Node 6>:{"send": false, "recv": true, "to": 6, "from": 4, "vc": [18, 19, 27, 20, 24, 27, 21, 18, 24, 28], "hlc": [921718, 4]}
INFO:<Node 9>:{"send": false, "recv": true, "to": 9, "from": 1, "vc": [20, 20, 23, 23, 19, 24, 16, 16, 24, 31], "hlc": [921718, 0]}
INFO:<Node 0>:{"send": true, "recv": false, "from": 0, "to": 2, "vc": [22, 12, 20, 15, 19, 17, 14, 14, 20, 17], "hlc": [921715, 10]}
INFO:<Node 1>:{"send": true, "recv": false, "from": 1, "to": 6, "vc": [21, 23, 23, 17, 22, 25, 16, 16, 26, 28], "hlc": [921717, 6]}
INFO:<Node 4>:{"send": true, "recv": false, "from": 4, "to": 8, "vc": [18, 13, 24, 15, 25, 27, 14, 15, 22, 17], "hlc": [921717, 5]}
INFO:<Node 6>:{"send": true, "recv": false, "from": 6, "to": 7, "vc": [18, 19, 27, 20, 24, 27, 22, 18, 24, 28], "hlc": [921718, 5]}
INFO:<Node 2>:{"send": false, "recv": true, "to": 2, "from": 0, "vc": [22, 19, 28, 17, 19, 20, 16, 18, 24, 28], "hlc": [921718, 3]}
INFO:<Node 6>:{"send": false, "recv": true, "to": 6, "from": 1, "vc": [21, 23, 27, 20, 24, 27, 23, 18, 26, 28], "hlc": [921718, 6]}
INFO:<Node 7>:{"send": false, "recv": true, "to": 7, "from": 6, "vc": [18, 19, 27, 20, 24, 27, 22, 20, 24, 28], "hlc": [921719, 0]}
INFO:<Node 8>:{"send": false, "recv": true, "to": 8, "from": 4, "vc": [18, 13, 24, 15, 25, 27, 14, 15, 27, 17], "hlc": [921717, 6]}
INFO:<Node 1>:{"send": true, "recv": false, "from": 1, "to": 8, "vc": [21, 24, 23, 17, 22, 25, 16, 16, 26, 28], "hlc": [921717, 7]}
INFO:<Node 3>:{"send": true, "recv": false, "from": 3, "to": 2, "vc": [19, 13, 24, 28, 19, 28, 19, 19, 22, 25], "hlc": [921718, 4]}
INFO:<Node 5>:{"send": true, "recv": false, "from": 5, "to": 0, "vc": [14, 13, 24, 15, 17, 29, 14, 15, 22, 17], "hlc": [921719, 0]}
INFO:<Node 7>:{"send": true, "recv": false, "from": 7, "to": 4, "vc": [18, 19, 27, 20, 24, 27, 22, 21, 24, 28], "hlc": [921719, 1]}
INFO:<Node 8>:{"send": true, "recv": false, "from": 8, "to": 2, "vc": [18, 13, 24, 15, 25, 27, 14, 15, 28, 17], "hlc": [921717, 7]}
INFO:<Node 9>:{"send": true, "recv": false, "from": 9, "to": 5, "vc": [20, 20, 23, 23, 19, 24, 16, 16, 24, 32], "hlc": [921718, 1]}
INFO:<Node 0>:{"send": false, "recv": true, "to": 0, "from": 5, "vc": [23, 13, 24, 15, 19, 29, 14, 15, 22, 17], "hlc": [921719, 1]}
INFO:<Node 2>:{"send": false, "recv": true, "to": 2, "from": 3, "vc": [22, 19, 29, 28, 19, 28, 19, 19, 24, 28], "hlc": [921718, 5]}
INFO:<Node 2>:{"send": false, "recv": true, "to": 2, "from": 8, "vc": [22, 19, 30, 28, 25, 28, 19, 19, 28, 28], "hlc": [921718, 6]}
INFO:<Node 4>:{"send": false, "recv": true, "to": 4, "from": 7, "vc": [18, 19, 27, 20, 26, 27, 22, 21, 24, 28], "hlc": [921719, 2]}
INFO:<Node 5>:{"send": false, "recv": true, "to": 5, "from": 9, "vc": [20, 20, 24, 23, 19, 30, 16, 16, 24, 32], "hlc": [921719, 1]}
INFO:<Node 8>:{"send": false, "recv": true, "to": 8, "from": 1, "vc": [21, 24, 24, 17, 25, 27, 16, 16, 29, 28], "hlc": [921717, 8]}
INFO:<Node 0>:{"send": true, "recv": false, "from": 0, "to": 6, "vc": [24, 13, 24, 15, 19, 29, 14, 15, 22, 17], "hlc": [921719, 2]}
INFO:<Node 2>:{"send": true, "recv": false, "from": 2, "to": 1, "vc": [22, 19, 31, 28, 25, 28, 19, 19, 28, 28], "hlc": [921718, 7]}
INFO:<Node 4>:{"send": true, "recv": false, "from": 4, "to": 7, "vc": [18, 19, 27, 20, 27, 27, 22, 21, 24, 28], "hlc": [921719, 3]}
INFO:<Node 6>:{"send": true, "recv": false, "from": 6, "to": 1, "vc": [21, 23, 27, 20, 24, 27, 24, 18, 26, 28], "hlc": [921718, 7]}
INFO:<Node 7>:{"send": true, "recv": false, "from": 7, "to": 3, "vc": [18, 19, 27, 20, 24, 27, 22, 22, 24, 28], "hlc": [921720, 0]}
INFO:<Node 8>:{"send": true, "recv": false, "from": 8, "to": 4, "vc": [21, 24, 24, 17, 25, 27, 16, 16, 30, 28], "hlc": [921717, 9]}
INFO:<Node 1>:{"send": false, "recv": true, "to": 1, "from": 2, "vc": [22, 25, 31, 28, 25, 28, 19, 19, 28, 28], "hlc": [921718, 8]}
INFO:<Node 1>:{"send": false, "recv": true, "to": 1, "from": 6, "vc": [22, 26, 31, 28, 25, 28, 24, 19, 28, 28], "hlc": [921718, 9]}
INFO:<Node 3>:{"send": false, "recv": true, "to": 3, "from": 7, "vc": [19, 19, 27, 29, 24, 28, 22, 22, 24, 28], "hlc": [921720, 1]}
INFO:<Node 4>:{"send": false, "recv": true, "to": 4, "from": 8, "vc": [21, 24, 27, 20, 28, 27, 22, 21, 30, 28], "hlc": [921719, 4]}
INFO:<Node 6>:{"send": false, "recv": true, "to": 6, "from": 0, "vc": [24, 23, 27, 20, 24, 29, 25, 18, 26, 28], "hlc": [921719, 3]}
INFO:<Node 7>:{"send": false, "recv": true, "to": 7, "from": 4, "vc": [18, 19, 27, 20, 27, 27, 22, 23, 24, 28], "hlc": [921720, 1]}
INFO:<Node 0>:{"send": true, "recv": false, "from": 0, "to": 2, "vc": [25, 13, 24, 15, 19, 29, 14, 15, 22, 17], "hlc": [921719, 3]}
INFO:<Node 4>:{"send": true, "recv": false, "from": 4, "to": 0, "vc": [21, 24, 27, 20, 29, 27, 22, 21, 30, 28], "hlc": [921719, 5]}
INFO:<Node 6>:{"send": true, "recv": false, "from": 6, "to": 8, "vc": [24, 23, 27, 20, 24, 29, 26, 18, 26, 28], "hlc": [921719, 4]}
INFO:<Node 7>:{"send": true, "recv": false, "from": 7, "to": 1, "vc": [18, 19, 27, 20, 27, 27, 22, 24, 24, 28], "hlc": [921720, 2]}
INFO:<Node 0>:{"send": false, "recv": true, "to": 0, "from": 4, "vc": [26, 24, 27, 20, 29, 29, 22, 21, 30, 28], "hlc": [921719, 6]}
INFO:<Node 1>:{"send": false, "recv": true, "to": 1, "from": 7, "vc": [22, 27, 31, 28, 27, 28, 24, 24, 28, 28], "hlc": [921720, 3]}
INFO:<Node 2>:{"send": false, "recv": true, "to": 2, "from": 0, "vc": [25, 19, 32, 28, 25, 29, 19, 19, 28, 28], "hlc": [921719, 4]}
INFO:<Node 8>:{"send": false, "recv": true, "to": 8, "from": 6, "vc": [24, 24, 27, 20, 25, 29, 26, 18, 31, 28], "hlc": [921719, 5]}
INFO:<Node 0>:{"send": true, "recv": false, "from": 0, "to": 2, "vc": [27, 24, 27, 20, 29, 29, 22, 21, 30, 28], "hlc": [921719, 7]}
INFO:<Node 2>:{"send": true, "recv": false, "from": 2, "to": 1, "vc": [25, 19, 33, 28, 25, 29, 19, 19, 28, 28], "hlc": [921719, 5]}
INFO:<Node 5>:{"send": true, "recv": false, "from": 5, "to": 8, "vc": [20, 20, 24, 23, 19, 31, 16, 16, 24, 32], "hlc": [921720, 0]}
INFO:<Node 7>:{"send": true, "recv": false, "from": 7, "to": 3, "vc": [18, 19, 27, 20, 27, 27, 22, 25, 24, 28], "hlc": [921721, 0]}
INFO:<Node 8>:{"send": true, "recv": false, "from": 8, "to": 9, "vc": [24, 24, 27, 20, 25, 29, 26, 18, 32, 28], "hlc": [921719, 6]}
INFO:<Node 9>:{"send": true, "recv": false, "from": 9, "to": 5, "vc": [20, 20, 23, 23, 19, 24, 16, 16, 24, 33], "hlc": [921720, 0]}
INFO:<Node 1>:{"send": false, "recv": true, "to": 1, "from": 2, "vc": [25, 28, 33, 28, 27, 29, 24, 24, 28, 28], "hlc": [921720, 4]}
INFO:<Node 2>:{"send": false, "recv": true, "to": 2, "from": 0, "vc": [27, 24, 34, 28, 29, 29, 22, 21, 30, 28], "hlc": [921719, 8]}
INFO:<Node 3>:{"send": false, "recv": true, "to": 3, "from": 7, "vc": [19, 19, 27, 30, 27, 28, 22, 25, 24, 28], "hlc": [921721, 1]}
INFO:<Node 5>:{"send": false, "recv": true, "to": 5, "from": 9, "vc": [20, 20, 24, 23, 19, 32, 16, 16, 24, 33], "hlc": [921721, 0]}
INFO:<Node 8>:{"send": false, "recv": true, "to": 8, "from": 5, "vc": [24, 24, 27, 23, 25, 31, 26, 18, 33, 32], "hlc": [921720, 1]}
INFO:<Node 9>:{"send": false, "recv": true, "to": 9, "from": 8, "vc": [24, 24, 27, 23, 25, 29, 26, 18, 32, 34], "hlc": [921720, 1]}
INFO:<Node 0>:{"send": true, "recv": false, "from": 0, "to": 9, "vc": [28, 24, 27, 20, 29, 29, 22, 21, 30, 28], "hlc": [921719, 8]}
INFO:<Node 1>:{"send": true, "recv": false, "from": 1, "to": 0, "vc": [25, 29, 33, 28, 27, 29, 24, 24, 28, 28], "hlc": [921720, 5]}
INFO:<Node 3>:{"send": true, "recv": false, "from": 3, "to": 2, "vc": [19, 19, 27, 31, 27, 28, 22, 25, 24, 28], "hlc": [921721, 2]}
INFO:<Node 4>:{"send": true, "recv": false, "from": 4, "to": 2, "vc": [21, 24, 27, 20, 30, 27, 22, 21, 30, 28], "hlc": [921719, 6]}
INFO:<Node 5>:{"send": true, "recv": false, "from": 5, "to": 6, "vc": [20, 20, 24, 23, 19, 33, 16, 16, 24, 33], "hlc": [921721, 1]}
INFO:<Node 7>:{"send": true, "recv": false, "from": 7, "to": 1, "vc": [18, 19, 27, 20, 27, 27, 22, 26, 24, 28], "hlc": [921721, 1]}
INFO:<Node 8>:{"send": true, "recv": false, "from": 8, "to": 0, "vc": [24, 24, 27, 23, 25, 31, 26, 18, 34, 32], "hlc": [921720, 2]}
INFO:<Node 0>:{"send": false, "recv": true, "to": 0, "from": 1, "vc": [29, 29, 33, 28, 29, 29, 24, 24, 30, 28], "hlc": [921720, 6]}
INFO:<Node 0>:{"send": false, "recv": true, "to": 0, "from": 8, "vc": [30, 29, 33, 28, 29, 31, 26, 24, 34, 32], "hlc": [921720, 7]}
INFO:<Node 1>:{"send": false, "recv": true, "to": 1, "from": 7, "vc": [25, 30, 33, 28, 27, 29, 24, 26, 28, 28], "hlc": [921721, 2]}
INFO:<Node 2>:{"send": false, "recv": true, "to": 2, "from": 3, "vc": [27, 24, 35, 31, 29, 29, 22, 25, 30, 28], "hlc": [921721, 3]}
INFO:<Node 2>:{"send": false, "recv": true, "to": 2, "from": 4, "vc": [27, 24, 36, 31, 30, 29, 22, 25, 30, 28], "hlc": [921721, 4]}
INFO:<Node 6>:{"send": false, "recv": true, "to": 6, "from": 5, "vc": [24, 23, 27, 23, 24, 33, 27, 18, 26, 33], "hlc": [921721, 2]}
INFO:<Node 9>:{"send": false, "recv": true, "to": 9, "from": 0, "vc": [28, 24, 27, 23, 29, 29, 26, 21, 32, 35], "hlc": [921721, 0]}
INFO:<Node 2>:{"send": true, "recv": false, "from": 2, "to": 8, "vc": [27, 24, 37, 31, 30, 29, 22, 25, 30, 28], "hlc": [921721, 5]}
INFO:<Node 4>:{"send": true, "recv": false, "from": 4, "to": 3, "vc": [21, 24, 27, 20, 31, 27, 22, 21, 30, 28], "hlc": [921719, 7]}
INFO:<Node 7>:{"send": true, "recv": false, "from": 7, "to": 0, "vc": [18, 19, 27, 20, 27, 27, 22, 27, 24, 28], "hlc": [921722, 0]}
INFO:<Node 8>:{"send": true, "recv": false, "from": 8, "to": 7, "vc": [24, 24, 27, 23, 25, 31, 26, 18, 35, 32], "hlc": [921720, 3]}
INFO:<Node 0>:{"send": false, "recv": true, "to": 0, "from": 7, "vc": [31, 29, 33, 28, 29, 31, 26, 27, 34, 32], "hlc": [921722, 1]}
INFO:<Node 3>:{"send": false, "recv": true, "to": 3, "from": 4, "vc": [21, 24, 27, 32, 31, 28, 22, 25, 30, 28], "hlc": [921721, 3]}
INFO:<Node 7>:{"send": false, "recv": true, "to": 7, "from": 8, "vc": [24, 24, 27, 23, 27, 31, 26, 28, 35, 32], "hlc": [921722, 1]}
INFO:<Node 8>:{"send": false, "recv": true, "to": 8, "from": 2, "vc": [27, 24, 37, 31, 30, 31, 26, 25, 36, 32], "hlc": [921721, 6]}
INFO:<Node 0>:{"send": true, "recv": false, "from": 0, "to": 1, "vc": [32, 29, 33, 28, 29, 31, 26, 27, 34, 32], "hlc": [921722, 2]}
INFO:<Node 2>:{"send": true, "recv": false, "from": 2, "to": 4, "vc": [27, 24, 38, 31, 30, 29, 22, 25, 30, 28], "hlc": [921721, 6]}
INFO:<Node 3>:{"send": true, "recv": false, "from": 3, "to": 0, "vc": [21, 24, 27, 33, 31, 28, 22, 25, 30, 28], "hlc": [921721, 4]}
INFO:<Node 4>:{"send": true, "recv": false, "from": 4, "to": 8, "vc": [21, 24, 27, 20, 32, 27, 22, 21, 30, 28], "hlc": [921719, 8]}
INFO:<Node 5>:{"send": true, "recv": false, "from": 5, "to": 1, "vc": [20, 20, 24, 23, 19, 34, 16, 16, 24, 33], "hlc": [921722, 0]}
INFO:<Node 6>:{"send": true, "recv": false, "from": 6, "to": 4, "vc": [24, 23, 27, 23, 24, 33, 28, 18, 26, 33], "hlc": [921721, 3]}
INFO:<Node 7>:{"send": true, "recv": false, "from": 7, "to": 4, "vc": [24, 24, 27, 23, 27, 31, 26, 29, 35, 32], "hlc": [921722, 2]}
INFO:<Node 9>:{"send": true, "recv": false, "from": 9, "to": 3, "vc": [28, 24, 27, 23, 29, 29, 26, 21, 32, 36], "hlc": [921721, 1]}
INFO:<Node 0>:{"send": false, "recv": true, "to": 0, "from": 3, "vc": [33, 29, 33, 33, 31, 31, 26, 27, 34, 32], "hlc": [921722, 3]}
INFO:<Node 1>:{"send": false, "recv": true, "to": 1, "from": 0, "vc": [32, 31, 33, 28, 29, 31, 26, 27, 34, 32], "hlc": [921722, 3]}
INFO:<Node 1>:{"send": false, "recv": true, "to": 1, "from": 5, "vc": [32, 32, 33, 28, 29, 34, 26, 27, 34, 33], "hlc": [921722, 4]}
INFO:<Node 3>:{"send": false, "recv": true, "to": 3, "from": 9, "vc": [28, 24, 27, 34, 31, 29, 26, 25, 32, 36], "hlc": [921721, 5]}
INFO:<Node 4>:{"send": false, "recv": true, "to": 4, "from": 2, "vc": [27, 24, 38, 31, 33, 29, 22, 25, 30, 28], "hlc": [921721, 7]}
INFO:<Node 4>:{"send": false, "recv": true, "to": 4, "from": 6, "vc": [27, 24, 38, 31, 34, 33, 28, 25, 30, 33], "hlc": [921721, 8]}
INFO:<Node 4>:{"send": false, "recv": true, "to": 4, "from": 7, "vc": [27, 24, 38, 31, 35, 33, 28, 29, 35, 33], "hlc": [921722, 3]}
INFO:<Node 8>:{"send": false, "recv": true, "to": 8, "from": 4, "vc": [27, 24, 37, 31, 32, 31, 26, 25, 37, 32], "hlc": [921721, 7]}
INFO:<Node 0>:{"send": true, "recv": false, "from": 0, "to": 9, "vc": [34, 29, 33, 33, 31, 31, 26, 27, 34, 32], "hlc": [921722, 4]}
INFO:<Node 1>:{"send": true, "recv": false, "from": 1, "to": 2, "vc": [32, 33, 33, 28, 29, 34, 26, 27, 34, 33], "hlc": [921722, 5]}
INFO:<Node 2>:{"send": true, "recv": false, "from": 2, "to": 0, "vc": [27, 24, 39, 31, 30, 29, 22, 25, 30, 28], "hlc": [921721, 7]}
INFO:<Node 3>:{"send": true, "recv": false, "from": 3, "to": 0, "vc": [28, 24, 27, 35, 31, 29, 26, 25, 32, 36], "hlc": [921721, 6]}
INFO:<Node 4>:{"send": true, "recv": false, "from": 4, "to": 3, "vc": [27, 24, 38, 31, 36, 33, 28, 29, 35, 33], "hlc": [921722, 4]}
INFO:<Node 6>:{"send": true, "recv": false, "from": 6, "to": 0, "vc": [24, 23, 27, 23, 24, 33, 29, 18, 26, 33], "hlc": [921721, 4]}
INFO:<Node 8>:{"send": true, "recv": false, "from": 8, "to": 3, "vc": [27, 24, 37, 31, 32, 31, 26, 25, 38, 32], "hlc": [921721, 8]}
INFO:<Node 0>:{"send": false, "recv": true, "to": 0, "from": 2, "vc": [35, 29, 39, 33, 31, 31, 26, 27, 34, 32], "hlc": [921722, 5]}
INFO:<Node 0>:{"send": false, "recv": true, "to": 0, "from": 3, "vc": [36, 29, 39, 35, 31, 31, 26, 27, 34, 36], "hlc": [921722, 6]}
INFO:<Node 0>:{"send": false, "recv": true, "to": 0, "from": 6, "vc": [37, 29, 39, 35, 31, 33, 29, 27, 34, 36], "hlc": [921722, 7]}
INFO:<Node 2>:{"send": false, "recv": true, "to": 2, "from": 1, "vc": [32, 33, 40, 31, 30, 34, 26, 27, 34, 33], "hlc": [921722, 6]}
INFO:<Node 3>:{"send": false, "recv": true, "to": 3, "from": 4, "vc": [28, 24, 38, 36, 36, 33, 28, 29, 35, 36], "hlc": [921722, 5]}
INFO:<Node 3>:{"send": false, "recv": true, "to": 3, "from": 8, "vc": [28, 24, 38, 37, 36, 33, 28, 29, 38, 36], "hlc": [921722, 6]}
INFO:<Node 9>:{"send": false, "recv": true, "to": 9, "from": 0, "vc": [34, 29, 33, 33, 31, 31, 26, 27, 34, 37], "hlc": [921722, 5]}
INFO:<Node 1>:{"send": true, "recv": false, "from": 1, "to": 5, "vc": [32, 34, 33, 28, 29, 34, 26, 27, 34, 33], "hlc": [921722, 6]}
INFO:<Node 2>:{"send": true, "recv": false, "from": 2, "to": 4, "vc": [32, 33, 41, 31, 30, 34, 26, 27, 34, 33], "hlc": [921722, 7]}
INFO:<Node 3>:{"send": true, "recv": false, "from": 3, "to": 4, "vc": [28, 24, 38, 38, 36, 33, 28, 29, 38, 36], "hlc": [921722, 7]}
INFO:<Node 5>:{"send": true, "recv": false, "from": 5, "to": 9, "vc": [20, 20, 24, 23, 19, 35, 16, 16, 24, 33], "hlc": [921723, 0]}
INFO:<Node 7>:{"send": true, "recv": false, "from": 7, "to": 8, "vc": [24, 24, 27, 23, 27, 31, 26, 30, 35, 32], "hlc": [921723, 0]}
INFO:<Node 9>:{"send": true, "recv": false, "from": 9, "to": 4, "vc": [34, 29, 33, 33, 31, 31, 26, 27, 34, 38], "hlc": [921722, 6]}
INFO:<Node 4>:{"send": false, "recv": true, "to": 4, "from": 2, "vc": [32, 33, 41, 31, 37, 34, 28, 29, 35, 33], "hlc": [921722, 8]}
INFO:<Node 4>:{"send": false, "recv": true, "to": 4, "from": 3, "vc": [32, 33, 41, 38, 38, 34, 28, 29, 38, 36], "hlc": [921722, 9]}
INFO:<Node 4>:{"send": false, "recv": true, "to": 4, "from": 9, "vc": [34, 33, 41, 38, 39, 34, 28, 29, 38, 38], "hlc": [921722, 10]}
INFO:<Node 5>:{"send": false, "recv": true, "to": 5, "from": 1, "vc": [32, 34, 33, 28, 29, 36, 26, 27, 34, 33], "hlc": [921723, 1]}
INFO:<Node 8>:{"send": false, "recv": true, "to": 8, "from": 7, "vc": [27, 24, 37, 31, 32, 31, 26, 30, 39, 32], "hlc": [921723, 1]}
INFO:<Node 9>:{"send": false, "recv": true, "to": 9, "from": 5, "vc": [34, 29, 33, 33, 31, 35, 26, 27, 34, 39], "hlc": [921723, 1]}
INFO:<Node 0>:{"send": true, "recv": false, "from": 0, "to": 2, "vc": [38, 29, 39, 35, 31, 33, 29, 27, 34, 36], "hlc": [921722, 8]}
INFO:<Node 1>:{"send": true, "recv": false, "from": 1, "to": 8, "vc": [32, 35, 33, 28, 29, 34, 26, 27, 34, 33], "hlc": [921722, 7]}
INFO:<Node 2>:{"send": true, "recv": false, "from": 2, "to": 7, "vc": [32, 33, 42, 31, 30, 34, 26, 27, 34, 33], "hlc": [921722, 8]}
INFO:<Node 4>:{"send": true, "recv": false, "from": 4, "to": 5, "vc": [34, 33, 41, 38, 40, 34, 28, 29, 38, 38], "hlc": [921722, 11]}
INFO:<Node 6>:{"send": true, "recv": false, "from": 6, "to": 7, "vc": [24, 23, 27, 23, 24, 33, 30, 18, 26, 33], "hlc": [921721, 5]}
INFO:<Node 7>:{"send": true, "recv": false, "from": 7, "to": 1, "vc": [24, 24, 27, 23, 27, 31, 26, 31, 35, 32], "hlc": [921724, 0]}
INFO:<Node 9>:{"send": true, "recv": false, "from": 9, "to": 5, "vc": [34, 29, 33, 33, 31, 35, 26, 27, 34, 40], "hlc": [921723, 2]}
INFO:<Node 1>:{"send": false, "recv": true, "to": 1, "from": 7, "vc": [32, 36, 33, 28, 29, 34, 26, 31, 35, 33], "hlc": [921724, 1]}
INFO:<Node 2>:{"send": false, "recv": true, "to": 2, "from": 0, "vc": [38, 33, 43, 35, 31, 34, 29, 27, 34, 36], "hlc": [921722, 9]}
INFO:<Node 5>:{"send": false, "recv": true, "to": 5, "from": 4, "vc": [34, 34, 41, 38, 40, 37, 28, 29, 38, 38], "hlc": [921724, 0]}
INFO:<Node 5>:{"send": false, "recv": true, "to": 5, "from": 9, "vc": [34, 34, 41, 38, 40, 38, 28, 29, 38, 40], "hlc": [921724, 1]}
INFO:<Node 7>:{"send": false, "recv": true, "to": 7, "from": 2, "vc": [32, 33, 42, 31, 30, 34, 26, 32, 35, 33], "hlc": [921724, 1]}
INFO:<Node 7>:{"send": false, "recv": true, "to": 7, "from": 6, "vc": [32, 33, 42, 31, 30, 34, 30, 33, 35, 33], "hlc": [921724, 2]}
INFO:<Node 8>:{"send": false, "recv": true, "to": 8, "from": 1, "vc": [32, 35, 37, 31, 32, 34, 26, 30, 40, 33], "hlc": [921723, 2]}
INFO:<Node 1>:{"send": true, "recv": false, "from": 1, "to": 7, "vc": [32, 37, 33, 28, 29, 34, 26, 31, 35, 33], "hlc": [921724, 2]}
INFO:<Node 6>:{"send": true, "recv": false, "from": 6, "to": 0, "vc": [24, 23, 27, 23, 24, 33, 31, 18, 26, 33], "hlc": [921721, 6]}
INFO:<Node 7>:{"send": true, "recv": false, "from": 7, "to": 0, "vc": [32, 33, 42, 31, 30, 34, 30, 34, 35, 33], "hlc": [921724, 3]}
INFO:<Node 8>:{"send": true, "recv": false, "from": 8, "to": 1, "vc": [32, 35, 37, 31, 32, 34, 26, 30, 41, 33], "hlc": [921723, 3]}
INFO:<Node 9>:{"send": true, "recv": false, "from": 9, "to": 0, "vc": [34, 29, 33, 33, 31, 35, 26, 27, 34, 41], "hlc": [921723, 3]}
INFO:<Node 0>:{"send": false, "recv": true, "to": 0, "from": 6, "vc": [39, 29, 39, 35, 31, 33, 31, 27, 34, 36], "hlc": [921722, 9]}
INFO:<Node 0>:{"send": false, "recv": true, "to": 0, "from": 7, "vc": [40, 33, 42, 35, 31, 34, 31, 34, 35, 36], "hlc": [921724, 4]}
INFO:<Node 0>:{"send": false, "recv": true, "to": 0, "from": 9, "vc": [41, 33, 42, 35, 31, 35, 31, 34, 35, 41], "hlc": [921724, 5]}
INFO:<Node 1>:{"send": false, "recv": true, "to": 1, "from": 8, "vc": [32, 38, 37, 31, 32, 34, 26, 31, 41, 33], "hlc": [921724, 3]}
INFO:<Node 7>:{"send": false, "recv": true, "to": 7, "from": 1, "vc": [32, 37, 42, 31, 30, 34, 30, 35, 35, 33], "hlc": [921725, 0]}
INFO:<Node 0>:{"send": true, "recv": false, "from": 0, "to": 1, "vc": [42, 33, 42, 35, 31, 35, 31, 34, 35, 41], "hlc": [921724, 6]}
INFO:<Node 2>:{"send": true, "recv": false, "from": 2, "to": 7, "vc": [38, 33, 44, 35, 31, 34, 29, 27, 34, 36], "hlc": [921722, 10]}
INFO:<Node 3>:{"send": true, "recv": false, "from": 3, "to": 1, "vc": [28, 24, 38, 39, 36, 33, 28, 29, 38, 36], "hlc": [921722, 8]}
INFO:<Node 5>:{"send": true, "recv": false, "from": 5, "to": 6, "vc": [34, 34, 41, 38, 40, 39, 28, 29, 38, 40], "hlc": [921724, 2]}
INFO:<Node 7>:{"send": true, "recv": false, "from": 7, "to": 6, "vc": [32, 37, 42, 31, 30, 34, 30, 36, 35, 33], "hlc": [921725, 1]}
INFO:<Node 9>:{"send": true, "recv": false, "from": 9, "to": 5, "vc": [34, 29, 33, 33, 31, 35, 26, 27, 34, 42], "hlc": [921724, 0]}
INFO:<Node 1>:{"send": false, "recv": true, "to": 1, "from": 0, "vc": [42, 39, 42, 35, 32, 35, 31, 34, 41, 41], "hlc": [921724, 7]}
INFO:<Node 1>:{"send": false, "recv": true, "to": 1, "from": 3, "vc": [42, 40, 42, 39, 36, 35, 31, 34, 41, 41], "hlc": [921724, 8]}
INFO:<Node 5>:{"send": false, "recv": true, "to": 5, "from": 9, "vc": [34, 34, 41, 38, 40, 40, 28, 29, 38, 42], "hlc": [921725, 0]}
INFO:<Node 6>:{"send": false, "recv": true, "to": 6, "from": 5, "vc": [34, 34, 41, 38, 40, 39, 32, 29, 38, 40], "hlc": [921724, 3]}
INFO:<Node 6>:{"send": false, "recv": true, "to": 6, "from": 7, "vc": [34, 37, 42, 38, 40, 39, 33, 36, 38, 40], "hlc": [921725, 2]}
INFO:<Node 7>:{"send": false, "recv": true, "to": 7, "from": 2, "vc": [38, 37, 44, 35, 31, 34, 30, 37, 35, 36], "hlc": [921725, 2]}
INFO:<Node 0>:{"send": true, "recv": false, "from": 0, "to": 8, "vc": [43, 33, 42, 35, 31, 35, 31, 34, 35, 41], "hlc": [921724, 7]}
INFO:<Node 1>:{"send": true, "recv": false, "from": 1, "to": 8, "vc": [42, 41, 42, 39, 36, 35, 31, 34, 41, 41], "hlc": [921724, 9]}
INFO:<Node 3>:{"send": true, "recv": false, "from": 3, "to": 8, "vc": [28, 24, 38, 40, 36, 33, 28, 29, 38, 36], "hlc": [921722, 9]}
INFO:<Node 4>:{"send": true, "recv": false, "from": 4, "to": 5, "vc": [34, 33, 41, 38, 41, 34, 28, 29, 38, 38], "hlc": [921722, 12]}
INFO:<Node 6>:{"send": true, "recv": false, "from": 6, "to": 2, "vc": [34, 37, 42, 38, 40, 39, 34, 36, 38, 40], "hlc": [921725, 3]}
INFO:<Node 7>:{"send": true, "recv": false, "from": 7, "to": 6, "vc": [38, 37, 44, 35, 31, 34, 30, 38, 35, 36], "hlc": [921725, 3]}
INFO:<Node 8>:{"send": true, "recv": false, "from": 8, "to": 9, "vc": [32, 35, 37, 31, 32, 34, 26, 30, 42, 33], "hlc": [921723, 4]}
INFO:<Node 9>:{"send": true, "recv": false, "from": 9, "to": 2, "vc": [34, 29, 33, 33, 31, 35, 26, 27, 34, 43], "hlc": [921724, 1]}
INFO:<Node 2>:{"send": false, "recv": true, "to": 2, "from": 6, "vc": [38, 37, 45, 38, 40, 39, 34, 36, 38, 40], "hlc": [921725, 4]}
INFO:<Node 2>:{"send": false, "recv": true, "to": 2, "from": 9, "vc": [38, 37, 46, 38, 40, 39, 34, 36, 38, 43], "hlc": [921725, 5]}
INFO:<Node 5>:{"send": false, "recv": true, "to": 5, "from": 4, "vc": [34, 34, 41, 38, 41, 41, 28, 29, 38, 42], "hlc": [921725, 1]}
INFO:<Node 6>:{"send": false, "recv": true, "to": 6, "from": 7, "vc": [38, 37, 44, 38, 40, 39, 35, 38, 38, 40], "hlc": [921725, 4]}
INFO:<Node 8>:{"send": false, "recv": true, "to": 8, "from": 0, "vc": [43, 35, 42, 35, 32, 35, 31, 34, 43, 41], "hlc": [921724, 8]}
INFO:<Node 8>:{"send": false, "recv": true, "to": 8, "from": 1, "vc": [43, 41, 42, 39, 36, 35, 31, 34, 44, 41], "hlc": [921724, 10]}
INFO:<Node 8>:{"send": false, "recv": true, "to": 8, "from": 3, "vc": [43, 41, 42, 40, 36, 35, 31, 34, 45, 41], "hlc": [921724, 11]}
INFO:<Node 9>:{"send": false, "recv": true, "to": 9, "from": 8, "vc": [34, 35, 37, 33, 32, 35, 26, 30, 42, 44], "hlc": [921725, 0]}
INFO:<Node 0>:{"send": true, "recv": false, "from": 0, "to": 1, "vc": [44, 33, 42, 35, 31, 35, 31, 34, 35, 41], "hlc": [921724, 8]}
INFO:<Node 2>:{"send": true, "recv": false, "from": 2, "to": 3, "vc": [38, 37, 47, 38, 40, 39, 34, 36, 38, 43], "hlc": [921725, 6]}
INFO:<Node 3>:{"send": true, "recv": false, "from": 3, "to": 1, "vc": [28, 24, 38, 41, 36, 33, 28, 29, 38, 36], "hlc": [921722, 10]}
INFO:<Node 5>:{"send": true, "recv": false, "from": 5, "to": 0, "vc": [34, 34, 41, 38, 41, 42, 28, 29, 38, 42], "hlc": [921725, 2]}
INFO:<Node 6>:{"send": true, "recv": false, "from": 6, "to": 7, "vc": [38, 37, 44, 38, 40, 39, 36, 38, 38, 40], "hlc": [921725, 5]}
INFO:<Node 8>:{"send": true, "recv": false, "from": 8, "to": 7, "vc": [43, 41, 42, 40, 36, 35, 31, 34, 46, 41], "hlc": [921724, 12]}
INFO:<Node 9>:{"send": true, "recv": false, "from": 9, "to": 7, "vc": [34, 35, 37, 33, 32, 35, 26, 30, 42, 45], "hlc": [921725, 1]}
INFO:<Node 0>:{"send": false, "recv": true, "to": 0, "from": 5, "vc": [45, 34, 42, 38, 41, 42, 31, 34, 38, 42], "hlc": [921725, 3]}
INFO:<Node 1>:{"send": false, "recv": true, "to": 1, "from": 0, "vc": [44, 42, 42, 39, 36, 35, 31, 34, 41, 41], "hlc": [921724, 10]}
INFO:<Node 1>:{"send": false, "recv": true, "to": 1, "from": 3, "vc": [44, 43, 42, 41, 36, 35, 31, 34, 41, 41], "hlc": [921724, 11]}
INFO:<Node 3>:{"send": false, "recv": true, "to": 3, "from": 2, "vc": [38, 37, 47, 42, 40, 39, 34, 36, 38, 43], "hlc": [921725, 7]}
INFO:<Node 7>:{"send": false, "recv": true, "to": 7, "from": 6, "vc": [38, 37, 44, 38, 40, 39, 36, 39, 38, 40], "hlc": [921727, 0]}
INFO:<Node 7>:{"send": false, "recv": true, "to": 7, "from": 8, "vc": [43, 41, 44, 40, 40, 39, 36, 40, 46, 41], "hlc": [921727, 1]}
INFO:<Node 7>:{"send": false, "recv": true, "to": 7, "from": 9, "vc": [43, 41, 44, 40, 40, 39, 36, 41, 46, 45], "hlc": [921727, 2]}
INFO:<Node 1>:{"send": true, "recv": false, "from": 1, "to": 6, "vc": [44, 44, 42, 41, 36, 35, 31, 34, 41, 41], "hlc": [921724, 12]}
INFO:<Node 2>:{"send": true, "recv": false, "from": 2, "to": 8, "vc": [38, 37, 48, 38, 40, 39, 34, 36, 38, 43], "hlc": [921725, 7]}
INFO:<Node 4>:{"send": true, "recv": false, "from": 4, "to": 0, "vc": [34, 33, 41, 38, 42, 34, 28, 29, 38, 38], "hlc": [921722, 13]}
INFO:<Node 6>:{"send": true, "recv": false, "from": 6, "to": 1, "vc": [38, 37, 44, 38, 40, 39, 37, 38, 38, 40], "hlc": [921725, 6]}
INFO:<Node 7>:{"send": true, "recv": false, "from": 7, "to": 1, "vc": [43, 41, 44, 40, 40, 39, 36, 42, 46, 45], "hlc": [921727, 3]}
INFO:<Node 8>:{"send": true, "recv": false, "from": 8, "to": 2, "vc": [43, 41, 42, 40, 36, 35, 31, 34, 47, 41], "hlc": [921724, 13]}
INFO:<Node 9>:{"send": true, "recv": false, "from": 9, "to": 1, "vc": [34, 35, 37, 33, 32, 35, 26, 30, 42, 46], "hlc": [921725, 2]}
INFO:<Node 0>:{"send": false, "recv": true, "to": 0, "from": 4, "vc": [46, 34, 42, 38, 42, 42, 31, 34, 38, 42], "hlc": [921725, 4]}
INFO:<Node 1>:{"send": false, "recv": true, "to": 1, "from": 6, "vc": [44, 45, 44, 41, 40, 39, 37, 38, 41, 41], "hlc": [921725, 7]}
INFO:<Node 1>:{"send": false, "recv": true, "to": 1, "from": 7, "vc": [44, 46, 44, 41, 40, 39, 37, 42, 46, 45], "hlc": [921727, 4]}
INFO:<Node 1>:{"send": false, "recv": true, "to": 1, "from": 9, "vc": [44, 47, 44, 41, 40, 39, 37, 42, 46, 46], "hlc": [921727, 5]}
INFO:<Node 2>:{"send": false, "recv": true, "to": 2, "from": 8, "vc": [43, 41, 49, 40, 40, 39, 34, 36, 47, 43], "hlc": [921725, 8]}
INFO:<Node 6>:{"send": false, "recv": true, "to": 6, "from": 1, "vc": [44, 44, 44, 41, 40, 39, 38, 38, 41, 41], "hlc": [921725, 7]}
INFO:<Node 8>:{"send": false, "recv": true, "to": 8, "from": 2, "vc": [43, 41, 48, 40, 40, 39, 34, 36, 48, 43], "hlc": [921725, 8]}
INFO:<Node 0>:{"send": true, "recv": false, "from": 0, "to": 4, "vc": [47, 34, 42, 38, 42, 42, 31, 34, 38, 42], "hlc": [921725, 5]}
INFO:<Node 1>:{"send": true, "recv": false, "from": 1, "to": 2, "vc": [44, 48, 44, 41, 40, 39, 37, 42, 46, 46], "hlc": [921727, 6]}
INFO:<Node 2>:{"send": true, "recv": false, "from": 2, "to": 5, "vc": [43, 41, 50, 40, 40, 39, 34, 36, 47, 43], "hlc": [921725, 9]}
INFO:<Node 3>:{"send": true, "recv": false, "from": 3, "to": 7, "vc": [38, 37, 47, 43, 40, 39, 34, 36, 38, 43], "hlc": [921725, 8]}
INFO:<Node 4>:{"send": true, "recv": false, "from": 4, "to": 7, "vc": [34, 33, 41, 38, 43, 34, 28, 29, 38, 38], "hlc": [921722, 14]}
INFO:<Node 6>:{"send": true, "recv": false, "from": 6, "to": 2, "vc": [44, 44, 44, 41, 40, 39, 39, 38, 41, 41], "hlc": [921725, 8]}
INFO:<Node 9>:{"send": true, "recv": false, "from": 9, "to": 6, "vc": [34, 35, 37, 33, 32, 35, 26, 30, 42, 47], "hlc": [921726, 0]}
INFO:<Node 2>:{"send": false, "recv": true, "to": 2, "from": 1, "vc": [44, 48, 51, 41, 40, 39, 37, 42, 47, 46], "hlc": [921727, 7]}
INFO:<Node 2>:{"send": false, "recv": true, "to": 2, "from": 6, "vc": [44, 48, 52, 41, 40, 39, 39, 42, 47, 46], "hlc": [921727, 8]}
INFO:<Node 4>:{"send": false, "recv": true, "to": 4, "from": 0, "vc": [47, 34, 42, 38, 44, 42, 31, 34, 38, 42], "hlc": [921725, 6]}
INFO:<Node 5>:{"send": false, "recv": true, "to": 5, "from": 2, "vc": [43, 41, 50, 40, 41, 43, 34, 36, 47, 43], "hlc": [921727, 0]}
INFO:<Node 6>:{"send": false, "recv": true, "to": 6, "from": 9, "vc": [44, 44, 44, 41, 40, 39, 40, 38, 42, 47], "hlc": [921726, 1]}
INFO:<Node 7>:{"send": false, "recv": true, "to": 7, "from": 3, "vc": [43, 41, 47, 43, 40, 39, 36, 43, 46, 45], "hlc": [921728, 0]}
INFO:<Node 7>:{"send": false, "recv": true, "to": 7, "from": 4, "vc": [43, 41, 47, 43, 43, 39, 36, 44, 46, 45], "hlc": [921728, 1]}
INFO:<Node 2>:{"send": true, "recv": false, "from": 2, "to": 0, "vc": [44, 48, 53, 41, 40, 39, 39, 42, 47, 46], "hlc": [921727, 9]}
INFO:<Node 4>:{"send": true, "recv": false, "from": 4, "to": 6, "vc": [47, 34, 42, 38, 45, 42, 31, 34, 38, 42], "hlc": [921725, 7]}
INFO:<Node 5>:{"send": true, "recv": false, "from": 5, "to": 1, "vc": [43, 41, 50, 40, 41, 44, 34, 36, 47, 43], "hlc": [921727, 1]}
INFO:<Node 6>:{"send": true, "recv": false, "from": 6, "to": 9, "vc": [44, 44, 44, 41, 40, 39, 41, 38, 42, 47], "hlc": [921726, 2]}
INFO:<Node 7>:{"send": true, "recv": false, "from": 7, "to": 0, "vc": [43, 41, 47, 43, 43, 39, 36, 45, 46, 45], "hlc": [921728, 2]}
INFO:<Node 8>:{"send": true, "recv": false, "from": 8, "to": 9, "vc": [43, 41, 48, 40, 40, 39, 34, 36, 49, 43], "hlc": [921725, 9]}
INFO:<Node 0>:{"send": false, "recv": true, "to": 0, "from": 2, "vc": [48, 48, 53, 41, 42, 42, 39, 42, 47, 46], "hlc": [921727, 10]}
INFO:<Node 0>:{"send": false, "recv": true, "to": 0, "from": 7, "vc": [49, 48, 53, 43, 43, 42, 39, 45, 47, 46], "hlc": [921728, 3]}
INFO:<Node 1>:{"send": false, "recv": true, "to": 1, "from": 5, "vc": [44, 49, 50, 41, 41, 44, 37, 42, 47, 46], "hlc": [921727, 7]}
INFO:<Node 6>:{"send": false, "recv": true, "to": 6, "from": 4, "vc": [47, 44, 44, 41, 45, 42, 42, 38, 42, 47], "hlc": [921726, 3]}
INFO:<Node 9>:{"send": false, "recv": true, "to": 9, "from": 6, "vc": [44, 44, 44, 41, 40, 39, 41, 38, 42, 48], "hlc": [921727, 0]}
INFO:<Node 9>:{"send": false, "recv": true, "to": 9, "from": 8, "vc": [44, 44, 48, 41, 40, 39, 41, 38, 49, 49], "hlc": [921727, 1]}
INFO:<Node 6>:{"send": true, "recv": false, "from": 6, "to": 3, "vc": [47, 44, 44, 41, 45, 42, 43, 38, 42, 47], "hlc": [921726, 4]}
INFO:<Node 8>:{"send": true, "recv": false, "from": 8, "to": 2, "vc": [43, 41, 48, 40, 40, 39, 34, 36, 50, 43], "hlc": [921725, 10]}
INFO:<Node 9>:{"send": true, "recv": false, "from": 9, "to": 5, "vc": [44, 44, 48, 41, 40, 39, 41, 38, 49, 50], "hlc": [921727, 2]}
INFO:<Node 2>:{"send": false, "recv": true, "to": 2, "from": 8, "vc": [44, 48, 54, 41, 40, 39, 39, 42, 50, 46], "hlc": [921727, 10]}
INFO:<Node 3>:{"send": false, "recv": true, "to": 3, "from": 6, "vc": [47, 44, 47, 44, 45, 42, 43, 38, 42, 47], "hlc": [921726, 5]}
INFO:<Node 5>:{"send": false, "recv": true, "to": 5, "from": 9, "vc": [44, 44, 50, 41, 41, 45, 41, 38, 49, 50], "hlc": [921728, 0]}
INFO:<Node 0>:{"send": true, "recv": false, "from": 0, "to": 1, "vc": [50, 48, 53, 43, 43, 42, 39, 45, 47, 46], "hlc": [921728, 4]}
INFO:<Node 2>:{"send": true, "recv": false, "from": 2, "to": 6, "vc": [44, 48, 55, 41, 40, 39, 39, 42, 50, 46], "hlc": [921727, 11]}
INFO:<Node 3>:{"send": true, "recv": false, "from": 3, "to": 6, "vc": [47, 44, 47, 45, 45, 42, 43, 38, 42, 47], "hlc": [921726, 6]}
INFO:<Node 6>:{"send": true, "recv": false, "from": 6, "to": 7, "vc": [47, 44, 44, 41, 45, 42, 44, 38, 42, 47], "hlc": [921726, 5]}
INFO:<Node 8>:{"send": true, "recv": false, "from": 8, "to": 1, "vc": [43, 41, 48, 40, 40, 39, 34, 36, 51, 43], "hlc": [921725, 11]}
INFO:<Node 1>:{"send": false, "recv": true, "to": 1, "from": 0, "vc": [50, 50, 53, 43, 43, 44, 39, 45, 47, 46], "hlc": [921728, 5]}
INFO:<Node 1>:{"send": false, "recv": true, "to": 1, "from": 8, "vc": [50, 51, 53, 43, 43, 44, 39, 45, 51, 46], "hlc": [921728, 6]}
INFO:<Node 6>:{"send": false, "recv": true, "to": 6, "from": 2, "vc": [47, 48, 55, 41, 45, 42, 45, 42, 50, 47], "hlc": [921727, 12]}
INFO:<Node 6>:{"send": false, "recv": true, "to": 6, "from": 3, "vc": [47, 48, 55, 45, 45, 42, 46, 42, 50, 47], "hlc": [921727, 13]}
INFO:<Node 7>:{"send": false, "recv": true, "to": 7, "from": 6, "vc": [47, 44, 47, 43, 45, 42, 44, 46, 46, 47], "hlc": [921729, 0]}
INFO:<Node 0>:{"send": true, "recv": false, "from": 0, "to": 6, "vc": [51, 48, 53, 43, 43, 42, 39, 45, 47, 46], "hlc": [921728, 5]}
INFO:<Node 2>:{"send": true, "recv": false, "from": 2, "to": 0, "vc": [44, 48, 56, 41, 40, 39, 39, 42, 50, 46], "hlc": [921727, 12]}
INFO:<Node 3>:{"send": true, "recv": false, "from": 3, "to": 5, "vc": [47, 44, 47, 46, 45, 42, 43, 38, 42, 47], "hlc": [921726, 7]}
INFO:<Node 6>:{"send": true, "recv": false, "from": 6, "to": 3, "vc": [47, 48, 55, 45, 45, 42, 47, 42, 50, 47], "hlc": [921727, 14]}
INFO:<Node 7>:{"send": true, "recv": false, "from": 7, "to": 4, "vc": [47, 44, 47, 43, 45, 42, 44, 47, 46, 47], "hlc": [921729, 1]}
INFO:<Node 8>:{"send": true, "recv": false, "from": 8, "to": 4, "vc": [43, 41, 48, 40, 40, 39, 34, 36, 52, 43], "hlc": [921725, 12]}
INFO:<Node 9>:{"send": true, "recv": false, "from": 9, "to": 0, "vc": [44, 44, 48, 41, 40, 39, 41, 38, 49, 51], "hlc": [921728, 0]}
INFO:<Node 0>:{"send": false, "recv": true, "to": 0, "from": 2, "vc": [52, 48, 56, 43, 43, 42, 39, 45, 50, 46], "hlc": [921728, 6]}
INFO:<Node 0>:{"send": false, "recv": true, "to": 0, "from": 9, "vc": [53, 48, 56, 43, 43, 42, 41, 45, 50, 51], "hlc": [921728, 7]}
INFO:<Node 3>:{"send": false, "recv": true, "to": 3, "from": 6, "vc": [47, 48, 55, 47, 45, 42, 47, 42, 50, 47], "hlc": [921727, 15]}
INFO:<Node 4>:{"send": false, "recv": true, "to": 4, "from": 7, "vc": [47, 44, 47, 43, 46, 42, 44, 47, 46, 47], "hlc": [921729, 2]}
INFO:<Node 4>:{"send": false, "recv": true, "to": 4, "from": 8, "vc": [47, 44, 48, 43, 47, 42, 44, 47, 52, 47], "hlc": [921729, 3]}
INFO:<Node 5>:{"send": false, "recv": true, "to": 5, "from": 3, "vc": [47, 44, 50, 46, 45, 46, 43, 38, 49, 50], "hlc": [921729, 0]}
INFO:<Node 6>:{"send": false, "recv": true, "to": 6, "from": 0, "vc": [51, 48, 55, 45, 45, 42, 48, 45, 50, 47], "hlc": [921728, 6]}
INFO:<Node 1>:{"send": true, "recv": false, "from": 1, "to": 6, "vc": [50, 52, 53, 43, 43, 44, 39, 45, 51, 46], "hlc": [921728, 7]}
INFO:<Node 2>:{"send": true, "recv": false, "from": 2, "to": 7, "vc": [44, 48, 57, 41, 40, 39, 39, 42, 50, 46], "hlc": [921727, 13]}
INFO:<Node 3>:{"send": true, "recv": false, "from": 3, "to": 1, "vc": [47, 48, 55, 48, 45, 42, 47, 42, 50, 47], "hlc": [921727, 16]}
INFO:<Node 4>:{"send": true, "recv": false, "from": 4, "to": 6, "vc": [47, 44, 48, 43, 48, 42, 44, 47, 52, 47], "hlc": [921729, 4]}
INFO:<Node 6>:{"send": true, "recv": false, "from": 6, "to": 2, "vc": [51, 48, 55, 45, 45, 42, 49, 45, 50, 47], "hlc": [921728, 7]}
INFO:<Node 8>:{"send": true, "recv": false, "from": 8, "to": 7, "vc": [43, 41, 48, 40, 40, 39, 34, 36, 53, 43], "hlc": [921726, 0]}
INFO:<Node 1>:{"send": false, "recv": true, "to": 1, "from": 3, "vc": [50, 53, 55, 48, 45, 44, 47, 45, 51, 47], "hlc": [921728, 8]}
INFO:<Node 2>:{"send": false, "recv": true, "to": 2, "from": 6, "vc": [51, 48, 58, 45, 45, 42, 49, 45, 50, 47], "hlc": [921728, 8]}
INFO:<Node 6>:{"send": false, "recv": true, "to": 6, "from": 1, "vc": [51, 52, 55, 45, 45, 44, 50, 45, 51, 47], "hlc": [921728, 8]}
INFO:<Node 6>:{"send": false, "recv": true, "to": 6, "from": 4, "vc": [51, 52, 55, 45, 48, 44, 51, 47, 52, 47], "hlc": [921729, 5]}
INFO:<Node 7>:{"send": false, "recv": true, "to": 7, "from": 2, "vc": [47, 48, 57, 43, 45, 42, 44, 48, 50, 47], "hlc": [921730, 0]}
INFO:<Node 7>:{"send": false, "recv": true, "to": 7, "from": 8, "vc": [47, 48, 57, 43, 45, 42, 44, 49, 53, 47], "hlc": [921730, 1]}
INFO:<Node 0>:{"send": true, "recv": false, "from": 0, "to": 6, "vc": [54, 48, 56, 43, 43, 42, 41, 45, 50, 51], "hlc": [921728, 8]}
INFO:<Node 1>:{"send": true, "recv": false, "from": 1, "to": 9, "vc": [50, 54, 55, 48, 45, 44, 47, 45, 51, 47], "hlc": [921728, 9]}
INFO:<Node 6>:{"send": true, "recv": false, "from": 6, "to": 8, "vc": [51, 52, 55, 45, 48, 44, 52, 47, 52, 47], "hlc": [921729, 6]}
INFO:<Node 7>:{"send": true, "recv": false, "from": 7, "to": 6, "vc": [47, 48, 57, 43, 45, 42, 44, 50, 53, 47], "hlc": [921730, 2]}
INFO:<Node 8>:{"send": true, "recv": false, "from": 8, "to": 2, "vc": [43, 41, 48, 40, 40, 39, 34, 36, 54, 43], "hlc": [921726, 1]}
INFO:<Node 9>:{"send": true, "recv": false, "from": 9, "to": 1, "vc": [44, 44, 48, 41, 40, 39, 41, 38, 49, 52], "hlc": [921729, 0]}
INFO:<Node 1>:{"send": false, "recv": true, "to": 1, "from": 9, "vc": [50, 55, 55, 48, 45, 44, 47, 45, 51, 52], "hlc": [921729, 1]}
INFO:<Node 2>:{"send": false, "recv": true, "to": 2, "from": 8, "vc": [51, 48, 59, 45, 45, 42, 49, 45, 54, 47], "hlc": [921728, 9]}
INFO:<Node 6>:{"send": false, "recv": true, "to": 6, "from": 0, "vc": [54, 52, 56, 45, 48, 44, 53, 47, 52, 51], "hlc": [921729, 7]}
INFO:<Node 6>:{"send": false, "recv": true, "to": 6, "from": 7, "vc": [54, 52, 57, 45, 48, 44, 54, 50, 53, 51], "hlc": [921730, 3]}
INFO:<Node 8>:{"send": false, "recv": true, "to": 8, "from": 6, "vc": [51, 52, 55, 45, 48, 44, 52, 47, 55, 47], "hlc": [921729, 7]}
INFO:<Node 9>:{"send": false, "recv": true, "to": 9, "from": 1, "vc": [50, 54, 55, 48, 45, 44, 47, 45, 51, 53], "hlc": [921729, 1]}
INFO:<Node 4>:{"send": true, "recv": false, "from": 4, "to": 2, "vc": [47, 44, 48, 43, 49, 42, 44, 47, 52, 47], "hlc": [921729, 5]}
INFO:<Node 5>:{"send": true, "recv": false, "from": 5, "to": 6, "vc": [47, 44, 50, 46, 45, 47, 43, 38, 49, 50], "hlc": [921730, 0]}
INFO:<Node 7>:{"send": true, "recv": false, "from": 7, "to": 4, "vc": [47, 48, 57, 43, 45, 42, 44, 51, 53, 47], "hlc": [921731, 0]}
INFO:<Node 9>:{"send": true, "recv": false, "from": 9, "to": 7, "vc": [50, 54, 55, 48, 45, 44, 47, 45, 51, 54], "hlc": [921729, 2]}
INFO:<Node 2>:{"send": false, "recv": true, "to": 2, "from": 4, "vc": [51, 48, 60, 45, 49, 42, 49, 47, 54, 47], "hlc": [921729, 6]}
INFO:<Node 4>:{"send": false, "recv": true, "to": 4, "from": 7, "vc": [47, 48, 57, 43, 50, 42, 44, 51, 53, 47], "hlc": [921731, 1]}
INFO:<Node 6>:{"send": false, "recv": true, "to": 6, "from": 5, "vc": [54, 52, 57, 46, 48, 47, 55, 50, 53, 51], "hlc": [921730, 4]}
INFO:<Node 7>:{"send": false, "recv": true, "to": 7, "from": 9, "vc": [50, 54, 57, 48, 45, 44, 47, 52, 53, 54], "hlc": [921731, 1]}
INFO:<Node 0>:{"send": true, "recv": false, "from": 0, "to": 2, "vc": [55, 48, 56, 43, 43, 42, 41, 45, 50, 51], "hlc": [921728, 9]}
INFO:<Node 2>:{"send": true, "recv": false, "from": 2, "to": 6, "vc": [51, 48, 61, 45, 49, 42, 49, 47, 54, 47], "hlc": [921729, 7]}
INFO:<Node 4>:{"send": true, "recv": false, "from": 4, "to": 8, "vc": [47, 48, 57, 43, 51, 42, 44, 51, 53, 47], "hlc": [921731, 2]}
INFO:<Node 8>:{"send": true, "recv": false, "from": 8, "to": 0, "vc": [51, 52, 55, 45, 48, 44, 52, 47, 56, 47], "hlc": [921729, 8]}
INFO:<Node 9>:{"send": true, "recv": false, "from": 9, "to": 4, "vc": [50, 54, 55, 48, 45, 44, 47, 45, 51, 55], "hlc": [921730, 0]}
INFO:<Node 0>:{"send": false, "recv": true, "to": 0, "from": 8, "vc": [56, 52, 56, 45, 48, 44, 52, 47, 56, 51], "hlc": [921729, 9]}
INFO:<Node 2>:{"send": false, "recv": true, "to": 2, "from": 0, "vc": [55, 48, 62, 45, 49, 42, 49, 47, 54, 51], "hlc": [921729, 8]}
INFO:<Node 4>:{"send": false, "recv": true, "to": 4, "from": 9, "vc": [50, 54, 57, 48, 52, 44, 47, 51, 53, 55], "hlc": [921731, 3]}
INFO:<Node 6>:{"send": false, "recv": true, "to": 6, "from": 2, "vc": [54, 52, 61, 46, 49, 47, 56, 50, 54, 51], "hlc": [921730, 5]}
INFO:<Node 8>:{"send": false, "recv": true, "to": 8, "from": 4, "vc": [51, 52, 57, 45, 51, 44, 52, 51, 57, 47], "hlc": [921731, 3]}
INFO:<Node 1>:{"send": true, "recv": false, "from": 1, "to": 4, "vc": [50, 56, 55, 48, 45, 44, 47, 45, 51, 52], "hlc": [921729, 2]}
INFO:<Node 5>:{"send": true, "recv": false, "from": 5, "to": 2, "vc": [47, 44, 50, 46, 45, 48, 43, 38, 49, 50], "hlc": [921731, 0]}
INFO:<Node 6>:{"send": true, "recv": false, "from": 6, "to": 9, "vc": [54, 52, 61, 46, 49, 47, 57, 50, 54, 51], "hlc": [921730, 6]}
INFO:<Node 7>:{"send": true, "recv": false, "from": 7, "to": 4, "vc": [50, 54, 57, 48, 45, 44, 47, 53, 53, 54], "hlc": [921732, 0]}
INFO:<Node 8>:{"send": true, "recv": false, "from": 8, "to": 5, "vc": [51, 52, 57, 45, 51, 44, 52, 51, 58, 47], "hlc": [921731, 4]}
INFO:<Node 9>:{"send": true, "recv": false, "from": 9, "to": 0, "vc": [50, 54, 55, 48, 45, 44, 47, 45, 51, 56], "hlc": [921730, 1]}
INFO:<Node 0>:{"send": false, "recv": true, "to": 0, "from": 9, "vc": [57, 54, 56, 48, 48, 44, 52, 47, 56, 56], "hlc": [921730, 2]}
INFO:<Node 2>:{"send": false, "recv": true, "to": 2, "from": 5, "vc": [55, 48, 63, 46, 49, 48, 49, 47, 54, 51], "hlc": [921731, 1]}
INFO:<Node 4>:{"send": false, "recv": true, "to": 4, "from": 1, "vc": [50, 56, 57, 48, 53, 44, 47, 51, 53, 55], "hlc": [921731, 4]}
INFO:<Node 4>:{"send": false, "recv": true, "to": 4, "from": 7, "vc": [50, 56, 57, 48, 54, 44, 47, 53, 53, 55], "hlc": [921732, 1]}
INFO:<Node 5>:{"send": false, "recv": true, "to": 5, "from": 8, "vc": [51, 52, 57, 46, 51, 49, 52, 51, 58, 50], "hlc": [921731, 5]}
INFO:<Node 9>:{"send": false, "recv": true, "to": 9, "from": 6, "vc": [54, 54, 61, 48, 49, 47, 57, 50, 54, 57], "hlc": [921731, 0]}
INFO:<Node 2>:{"send": true, "recv": false, "from": 2, "to": 8, "vc": [55, 48, 64, 46, 49, 48, 49, 47, 54, 51], "hlc": [921731, 2]}
INFO:<Node 3>:{"send": true, "recv": false, "from": 3, "to": 5, "vc": [47, 48, 55, 49, 45, 42, 47, 42, 50, 47], "hlc": [921727, 17]}
INFO:<Node 4>:{"send": true, "recv": false, "from": 4, "to": 0, "vc": [50, 56, 57, 48, 55, 44, 47, 53, 53, 55], "hlc": [921732, 2]}
INFO:<Node 6>:{"send": true, "recv": false, "from": 6, "to": 0, "vc": [54, 52, 61, 46, 49, 47, 58, 50, 54, 51], "hlc": [921730, 7]}
INFO:<Node 7>:{"send": true, "recv": false, "from": 7, "to": 2, "vc": [50, 54, 57, 48, 45, 44, 47, 54, 53, 54], "hlc": [921732, 1]}
INFO:<Node 9>:{"send": true, "recv": false, "from": 9, "to": 7, "vc": [54, 54, 61, 48, 49, 47, 57, 50, 54, 58], "hlc": [921731, 1]}
INFO:<Node 0>:{"send": false, "recv": true, "to": 0, "from": 4, "vc": [58, 56, 57, 48, 55, 44, 52, 53, 56, 56], "hlc": [921732, 3]}
INFO:<Node 0>:{"send": false, "recv": true, "to": 0, "from": 6, "vc": [59, 56, 61, 48, 55, 47, 58, 53, 56, 56], "hlc": [921732, 4]}
INFO:<Node 2>:{"send": false, "recv": true, "to": 2, "from": 7, "vc": [55, 54, 65, 48, 49, 48, 49, 54, 54, 54], "hlc": [921732, 2]}
INFO:<Node 5>:{"send": false, "recv": true, "to": 5, "from": 3, "vc": [51, 52, 57, 49, 51, 50, 52, 51, 58, 50], "hlc": [921732, 0]}
INFO:<Node 7>:{"send": false, "recv": true, "to": 7, "from": 9, "vc": [54, 54, 61, 48, 49, 47, 57, 55, 54, 58], "hlc": [921733, 0]}
INFO:<Node 8>:{"send": false, "recv": true, "to": 8, "from": 2, "vc": [55, 52, 64, 46, 51, 48, 52, 51, 59, 51], "hlc": [921731, 5]}
INFO:<Node 0>:{"send": true, "recv": false, "from": 0, "to": 4, "vc": [60, 56, 61, 48, 55, 47, 58, 53, 56, 56], "hlc": [921732, 5]}
INFO:<Node 1>:{"send": true, "recv": false, "from": 1, "to": 4, "vc": [50, 57, 55, 48, 45, 44, 47, 45, 51, 52], "hlc": [921729, 3]}
INFO:<Node 4>:{"send": true, "recv": false, "from": 4, "to": 6, "vc": [50, 56, 57, 48, 56, 44, 47, 53, 53, 55], "hlc": [921732, 3]}
INFO:<Node 6>:{"send": true, "recv": false, "from": 6, "to": 7, "vc": [54, 52, 61, 46, 49, 47, 59, 50, 54, 51], "hlc": [921730, 8]}
INFO:<Node 8>:{"send": true, "recv": false, "from": 8, "to": 1, "vc": [55, 52, 64, 46, 51, 48, 52, 51, 60, 51], "hlc": [921731, 6]}
INFO:<Node 9>:{"send": true, "recv": false, "from": 9, "to": 3, "vc": [54, 54, 61, 48, 49, 47, 57, 50, 54, 59], "hlc": [921731, 2]}
INFO:<Node 1>:{"send": false, "recv": true, "to": 1, "from": 8, "vc": [55, 58, 64, 48, 51, 48, 52, 51, 60, 52], "hlc": [921731, 7]}
INFO:<Node 3>:{"send": false, "recv": true, "to": 3, "from": 9, "vc": [54, 54, 61, 50, 49, 47, 57, 50, 54, 59], "hlc": [921731, 3]}
INFO:<Node 4>:{"send": false, "recv": true, "to": 4, "from": 0, "vc": [60, 56, 61, 48, 57, 47, 58, 53, 56, 56], "hlc": [921732, 6]}
INFO:<Node 4>:{"send": false, "recv": true, "to": 4, "from": 1, "vc": [60, 57, 61, 48, 58, 47, 58, 53, 56, 56], "hlc": [921732, 7]}
INFO:<Node 6>:{"send": false, "recv": true, "to": 6, "from": 4, "vc": [54, 56, 61, 48, 56, 47, 60, 53, 54, 55], "hlc": [921732, 4]}
INFO:<Node 7>:{"send": false, "recv": true, "to": 7, "from": 6, "vc": [54, 54, 61, 48, 49, 47, 59, 56, 54, 58], "hlc": [921733, 1]}
