INFO:root:Random workload: num sockets: 10, num iterations: 50, base address: 49200, chance of send: 3 in 5, round delay (s): 0.5, max clock drift (s): 2.5, actual clock drifts: [-1.648203973860975, -0.8455879061870042, -1.1523903140039056, 0.5774083441677309, -2.4247753605919593, 1.4345167296798795, 0.8359340082566358, 1.7717441120057087, -1.821887158946352, -1.6271476050242373]
INFO:<Node 0>:{"send": true, "recv": false, "from": 0, "to": 5, "vc": [1, 0, 0, 0, 0, 0, 0, 0, 0, 0], "hlc": [921523, 1]}
INFO:<Node 1>:{"send": true, "recv": false, "from": 1, "to": 4, "vc": [0, 1, 0, 0, 0, 0, 0, 0, 0, 0], "hlc": [921523, 1]}
INFO:<Node 3>:{"send": true, "recv": false, "from": 3, "to": 8, "vc": [0, 0, 0, 1, 0, 0, 0, 0, 0, 0], "hlc": [921524, 0]}
INFO:<Node 6>:{"send": true, "recv": false, "from": 6, "to": 2, "vc": [0, 0, 0, 0, 0, 0, 1, 0, 0, 0], "hlc": [921524, 0]}
INFO:<Node 7>:{"send": true, "recv": false, "from": 7, "to": 9, "vc": [0, 0, 0, 0, 0, 0, 0, 1, 0, 0], "hlc": [921525, 0]}
INFO:<Node 9>:{"send": true, "recv": false, "from": 9, "to": 6, "vc": [0, 0, 0, 0, 0, 0, 0, 0, 0, 1], "hlc": [921523, 1]}
INFO:<Node 2>:{"send": false, "recv": true, "to": 2, "from": 6, "vc": [0, 0, 1, 0, 0, 0, 1, 0, 0, 0], "hlc": [921524, 1]}
INFO:<Node 4>:{"send": false, "recv": true, "to": 4, "from": 1, "vc": [0, 1, 0, 0, 1, 0, 0, 0, 0, 0], "hlc": [921523, 2]}
INFO:<Node 5>:{"send": false, "recv": true, "to": 5, "from": 0, "vc": [1, 0, 0, 0, 0, 1, 0, 0, 0, 0], "hlc": [921525, 0]}
INFO:<Node 6>:{"send": false, "recv": true, "to": 6, "from": 9, "vc": [0, 0, 0, 0, 0, 0, 2, 0, 0, 1], "hlc": [921525, 0]}
INFO:<Node 8>:{"send": false, "recv": true, "to": 8, "from": 3, "vc": [0, 0, 0, 1, 0, 0, 0, 0, 1, 0], "hlc": [921524, 1]}
INFO:<Node 9>:{"send": false, "recv": true, "to": 9, "from": 7, "vc": [0, 0, 0, 0, 0, 0, 0, 1, 0, 2], "hlc": [921525, 1]}
INFO:<Node 4>:{"send": true, "recv": false, "from": 4, "to": 1, "vc": [0, 1, 0, 0, 2, 0, 0, 0, 0, 0], "hlc": [921523, 3]}
INFO:<Node 5>:{"send": true, "recv": false, "from": 5, "to": 6, "vc": [1, 0, 0, 0, 0, 2, 0, 0, 0, 0], "hlc": [921525, 1]}
INFO:<Node 7>:{"send": true, "recv": false, "from": 7, "to": 3, "vc": [0, 0, 0, 0, 0, 0, 0, 2, 0, 0], "hlc": [921525, 1]}
INFO:<Node 8>:{"send": true, "recv": false, "from": 8, "to": 1, "vc": [0, 0, 0, 1, 0, 0, 0, 0, 2, 0], "hlc": [921524, 2]}
INFO:<Node 9>:{"send": true, "recv": false, "from": 9, "to": 3, "vc": [0, 0, 0, 0, 0, 0, 0, 1, 0, 3], "hlc": [921525, 2]}
INFO:<Node 1>:{"send": false, "recv": true, "to": 1, "from": 4, "vc": [0, 2, 0, 0, 2, 0, 0, 0, 0, 0], "hlc": [921523, 4]}
INFO:<Node 1>:{"send": false, "recv": true, "to": 1, "from": 8, "vc": [0, 3, 0, 1, 2, 0, 0, 0, 2, 0], "hlc": [921524, 3]}
INFO:<Node 3>:{"send": false, "recv": true, "to": 3, "from": 7, "vc": [0, 0, 0, 2, 0, 0, 0, 2, 0, 0], "hlc": [921525, 2]}
INFO:<Node 3>:{"send": false, "recv": true, "to": 3, "from": 9, "vc": [0, 0, 0, 3, 0, 0, 0, 2, 0, 3], "hlc": [921525, 3]}
INFO:<Node 6>:{"send": false, "recv": true, "to": 6, "from": 5, "vc": [1, 0, 0, 0, 0, 2, 3, 0, 0, 1], "hlc": [921525, 2]}
INFO:<Node 1>:{"send": true, "recv": false, "from": 1, "to": 2, "vc": [0, 4, 0, 1, 2, 0, 0, 0, 2, 0], "hlc": [921524, 4]}
INFO:<Node 2>:{"send": true, "recv": false, "from": 2, "to": 3, "vc": [0, 0, 2, 0, 0, 0, 1, 0, 0, 0], "hlc": [921524, 2]}
INFO:<Node 5>:{"send": true, "recv": false, "from": 5, "to": 7, "vc": [1, 0, 0, 0, 0, 3, 0, 0, 0, 0], "hlc": [921526, 0]}
INFO:<Node 6>:{"send": true, "recv": false, "from": 6, "to": 2, "vc": [1, 0, 0, 0, 0, 2, 4, 0, 0, 1], "hlc": [921525, 3]}
INFO:<Node 9>:{"send": true, "recv": false, "from": 9, "to": 2, "vc": [0, 0, 0, 0, 0, 0, 0, 1, 0, 4], "hlc": [921525, 3]}
INFO:<Node 2>:{"send": false, "recv": true, "to": 2, "from": 1, "vc": [0, 4, 3, 1, 2, 0, 1, 0, 2, 0], "hlc": [921524, 5]}
INFO:<Node 2>:{"send": false, "recv": true, "to": 2, "from": 6, "vc": [1, 4, 4, 1, 2, 2, 4, 0, 2, 1], "hlc": [921525, 4]}
INFO:<Node 2>:{"send": false, "recv": true, "to": 2, "from": 9, "vc": [1, 4, 5, 1, 2, 2, 4, 1, 2, 4], "hlc": [921525, 5]}
INFO:<Node 3>:{"send": false, "recv": true, "to": 3, "from": 2, "vc": [0, 0, 2, 4, 0, 0, 1, 2, 0, 3], "hlc": [921525, 4]}
INFO:<Node 7>:{"send": false, "recv": true, "to": 7, "from": 5, "vc": [1, 0, 0, 0, 0, 3, 0, 3, 0, 0], "hlc": [921526, 1]}
INFO:<Node 0>:{"send": true, "recv": false, "from": 0, "to": 4, "vc": [2, 0, 0, 0, 0, 0, 0, 0, 0, 0], "hlc": [921523, 2]}
INFO:<Node 1>:{"send": true, "recv": false, "from": 1, "to": 2, "vc": [0, 5, 0, 1, 2, 0, 0, 0, 2, 0], "hlc": [921524, 5]}
INFO:<Node 2>:{"send": true, "recv": false, "from": 2, "to": 5, "vc": [1, 4, 6, 1, 2, 2, 4, 1, 2, 4], "hlc": [921525, 6]}
INFO:<Node 4>:{"send": true, "recv": false, "from": 4, "to": 7, "vc": [0, 1, 0, 0, 3, 0, 0, 0, 0, 0], "hlc": [921523, 4]}
INFO:<Node 6>:{"send": true, "recv": false, "from": 6, "to": 0, "vc": [1, 0, 0, 0, 0, 2, 5, 0, 0, 1], "hlc": [921526, 0]}
INFO:<Node 7>:{"send": true, "recv": false, "from": 7, "to": 0, "vc": [1, 0, 0, 0, 0, 3, 0, 4, 0, 0], "hlc": [921526, 2]}
INFO:<Node 8>:{"send": true, "recv": false, "from": 8, "to": 5, "vc": [0, 0, 0, 1, 0, 0, 0, 0, 3, 0], "hlc": [921524, 3]}
INFO:<Node 9>:{"send": true, "recv": false, "from": 9, "to": 5, "vc": [0, 0, 0, 0, 0, 0, 0, 1, 0, 5], "hlc": [921525, 4]}
INFO:<Node 0>:{"send": false, "recv": true, "to": 0, "from": 6, "vc": [3, 0, 0, 0, 0, 2, 5, 0, 0, 1], "hlc": [921526, 1]}
INFO:<Node 0>:{"send": false, "recv": true, "to": 0, "from": 7, "vc": [4, 0, 0, 0, 0, 3, 5, 4, 0, 1], "hlc": [921526, 3]}
INFO:<Node 2>:{"send": false, "recv": true, "to": 2, "from": 1, "vc": [1, 5, 7, 1, 2, 2, 4, 1, 2, 4], "hlc": [921525, 7]}
INFO:<Node 4>:{"send": false, "recv": true, "to": 4, "from": 0, "vc": [2, 1, 0, 0, 4, 0, 0, 0, 0, 0], "hlc": [921523, 5]}
INFO:<Node 5>:{"send": false, "recv": true, "to": 5, "from": 2, "vc": [1, 4, 6, 1, 2, 4, 4, 1, 2, 4], "hlc": [921527, 0]}
INFO:<Node 5>:{"send": false, "recv": true, "to": 5, "from": 8, "vc": [1, 4, 6, 1, 2, 5, 4, 1, 3, 4], "hlc": [921527, 1]}
INFO:<Node 5>:{"send": false, "recv": true, "to": 5, "from": 9, "vc": [1, 4, 6, 1, 2, 6, 4, 1, 3, 5], "hlc": [921527, 2]}
INFO:<Node 7>:{"send": false, "recv": true, "to": 7, "from": 4, "vc": [1, 1, 0, 0, 3, 3, 0, 5, 0, 0], "hlc": [921527, 0]}
INFO:<Node 0>:{"send": true, "recv": false, "from": 0, "to": 9, "vc": [5, 0, 0, 0, 0, 3, 5, 4, 0, 1], "hlc": [921526, 4]}
INFO:<Node 2>:{"send": true, "recv": false, "from": 2, "to": 8, "vc": [1, 5, 8, 1, 2, 2, 4, 1, 2, 4], "hlc": [921525, 8]}
INFO:<Node 4>:{"send": true, "recv": false, "from": 4, "to": 8, "vc": [2, 1, 0, 0, 5, 0, 0, 0, 0, 0], "hlc": [921523, 6]}
INFO:<Node 6>:{"send": true, "recv": false, "from": 6, "to": 5, "vc": [1, 0, 0, 0, 0, 2, 6, 0, 0, 1], "hlc": [921526, 1]}
INFO:<Node 7>:{"send": true, "recv": false, "from": 7, "to": 3, "vc": [1, 1, 0, 0, 3, 3, 0, 6, 0, 0], "hlc": [921527, 1]}
INFO:<Node 8>:{"send": true, "recv": false, "from": 8, "to": 9, "vc": [0, 0, 0, 1, 0, 0, 0, 0, 4, 0], "hlc": [921524, 4]}
INFO:<Node 3>:{"send": false, "recv": true, "to": 3, "from": 7, "vc": [1, 1, 2, 5, 3, 3, 1, 6, 0, 3], "hlc": [921527, 2]}
INFO:<Node 5>:{"send": false, "recv": true, "to": 5, "from": 6, "vc": [1, 4, 6, 1, 2, 7, 6, 1, 3, 5], "hlc": [921527, 3]}
INFO:<Node 8>:{"send": false, "recv": true, "to": 8, "from": 2, "vc": [1, 5, 8, 1, 2, 2, 4, 1, 5, 4], "hlc": [921525, 9]}
INFO:<Node 8>:{"send": false, "recv": true, "to": 8, "from": 4, "vc": [2, 5, 8, 1, 5, 2, 4, 1, 6, 4], "hlc": [921525, 10]}
INFO:<Node 9>:{"send": false, "recv": true, "to": 9, "from": 0, "vc": [5, 0, 0, 0, 0, 3, 5, 4, 0, 6], "hlc": [921526, 5]}
INFO:<Node 9>:{"send": false, "recv": true, "to": 9, "from": 8, "vc": [5, 0, 0, 1, 0, 3, 5, 4, 4, 7], "hlc": [921526, 6]}
INFO:<Node 1>:{"send": true, "recv": false, "from": 1, "to": 3, "vc": [0, 6, 0, 1, 2, 0, 0, 0, 2, 0], "hlc": [921525, 0]}
INFO:<Node 5>:{"send": true, "recv": false, "from": 5, "to": 3, "vc": [1, 4, 6, 1, 2, 8, 6, 1, 3, 5], "hlc": [921527, 4]}
INFO:<Node 6>:{"send": true, "recv": false, "from": 6, "to": 4, "vc": [1, 0, 0, 0, 0, 2, 7, 0, 0, 1], "hlc": [921527, 0]}
INFO:<Node 8>:{"send": true, "recv": false, "from": 8, "to": 3, "vc": [2, 5, 8, 1, 5, 2, 4, 1, 7, 4], "hlc": [921525, 11]}
INFO:<Node 3>:{"send": false, "recv": true, "to": 3, "from": 1, "vc": [1, 6, 2, 6, 3, 3, 1, 6, 2, 3], "hlc": [921527, 3]}
INFO:<Node 3>:{"send": false, "recv": true, "to": 3, "from": 5, "vc": [1, 6, 6, 7, 3, 8, 6, 6, 3, 5], "hlc": [921527, 5]}
INFO:<Node 3>:{"send": false, "recv": true, "to": 3, "from": 8, "vc": [2, 6, 8, 8, 5, 8, 6, 6, 7, 5], "hlc": [921527, 6]}
INFO:<Node 4>:{"send": false, "recv": true, "to": 4, "from": 6, "vc": [2, 1, 0, 0, 6, 2, 7, 0, 0, 1], "hlc": [921527, 1]}
INFO:<Node 0>:{"send": true, "recv": false, "from": 0, "to": 3, "vc": [6, 0, 0, 0, 0, 3, 5, 4, 0, 1], "hlc": [921526, 5]}
INFO:<Node 1>:{"send": true, "recv": false, "from": 1, "to": 6, "vc": [0, 7, 0, 1, 2, 0, 0, 0, 2, 0], "hlc": [921525, 1]}
INFO:<Node 2>:{"send": true, "recv": false, "from": 2, "to": 1, "vc": [1, 5, 9, 1, 2, 2, 4, 1, 2, 4], "hlc": [921525, 9]}
INFO:<Node 3>:{"send": true, "recv": false, "from": 3, "to": 6, "vc": [2, 6, 8, 9, 5, 8, 6, 6, 7, 5], "hlc": [921527, 7]}
INFO:<Node 4>:{"send": true, "recv": false, "from": 4, "to": 0, "vc": [2, 1, 0, 0, 7, 2, 7, 0, 0, 1], "hlc": [921527, 2]}
INFO:<Node 5>:{"send": true, "recv": false, "from": 5, "to": 3, "vc": [1, 4, 6, 1, 2, 9, 6, 1, 3, 5], "hlc": [921528, 0]}
INFO:<Node 6>:{"send": true, "recv": false, "from": 6, "to": 3, "vc": [1, 0, 0, 0, 0, 2, 8, 0, 0, 1], "hlc": [921527, 1]}
INFO:<Node 0>:{"send": false, "recv": true, "to": 0, "from": 4, "vc": [7, 1, 0, 0, 7, 3, 7, 4, 0, 1], "hlc": [921527, 3]}
INFO:<Node 1>:{"send": false, "recv": true, "to": 1, "from": 2, "vc": [1, 8, 9, 1, 2, 2, 4, 1, 2, 4], "hlc": [921526, 0]}
INFO:<Node 3>:{"send": false, "recv": true, "to": 3, "from": 0, "vc": [6, 6, 8, 10, 5, 8, 6, 6, 7, 5], "hlc": [921527, 8]}
INFO:<Node 3>:{"send": false, "recv": true, "to": 3, "from": 5, "vc": [6, 6, 8, 11, 5, 9, 6, 6, 7, 5], "hlc": [921528, 1]}
INFO:<Node 3>:{"send": false, "recv": true, "to": 3, "from": 6, "vc": [6, 6, 8, 12, 5, 9, 8, 6, 7, 5], "hlc": [921528, 2]}
INFO:<Node 6>:{"send": false, "recv": true, "to": 6, "from": 1, "vc": [1, 7, 0, 1, 2, 2, 9, 0, 2, 1], "hlc": [921528, 0]}
INFO:<Node 6>:{"send": false, "recv": true, "to": 6, "from": 3, "vc": [2, 7, 8, 9, 5, 8, 10, 6, 7, 5], "hlc": [921528, 1]}
INFO:<Node 0>:{"send": true, "recv": false, "from": 0, "to": 4, "vc": [8, 1, 0, 0, 7, 3, 7, 4, 0, 1], "hlc": [921527, 4]}
INFO:<Node 2>:{"send": true, "recv": false, "from": 2, "to": 3, "vc": [1, 5, 10, 1, 2, 2, 4, 1, 2, 4], "hlc": [921526, 0]}
INFO:<Node 3>:{"send": true, "recv": false, "from": 3, "to": 4, "vc": [6, 6, 8, 13, 5, 9, 8, 6, 7, 5], "hlc": [921528, 3]}
INFO:<Node 4>:{"send": true, "recv": false, "from": 4, "to": 1, "vc": [2, 1, 0, 0, 8, 2, 7, 0, 0, 1], "hlc": [921527, 3]}
INFO:<Node 6>:{"send": true, "recv": false, "from": 6, "to": 1, "vc": [2, 7, 8, 9, 5, 8, 11, 6, 7, 5], "hlc": [921528, 2]}
INFO:<Node 7>:{"send": true, "recv": false, "from": 7, "to": 1, "vc": [1, 1, 0, 0, 3, 3, 0, 7, 0, 0], "hlc": [921529, 0]}
INFO:<Node 9>:{"send": true, "recv": false, "from": 9, "to": 7, "vc": [5, 0, 0, 1, 0, 3, 5, 4, 4, 8], "hlc": [921526, 7]}
INFO:<Node 1>:{"send": false, "recv": true, "to": 1, "from": 4, "vc": [2, 9, 9, 1, 8, 2, 7, 1, 2, 4], "hlc": [921527, 4]}
INFO:<Node 1>:{"send": false, "recv": true, "to": 1, "from": 6, "vc": [2, 10, 9, 9, 8, 8, 11, 6, 7, 5], "hlc": [921528, 3]}
INFO:<Node 1>:{"send": false, "recv": true, "to": 1, "from": 7, "vc": [2, 11, 9, 9, 8, 8, 11, 7, 7, 5], "hlc": [921529, 1]}
INFO:<Node 3>:{"send": false, "recv": true, "to": 3, "from": 2, "vc": [6, 6, 10, 14, 5, 9, 8, 6, 7, 5], "hlc": [921528, 4]}
INFO:<Node 4>:{"send": false, "recv": true, "to": 4, "from": 0, "vc": [8, 1, 0, 0, 9, 3, 7, 4, 0, 1], "hlc": [921527, 5]}
INFO:<Node 4>:{"send": false, "recv": true, "to": 4, "from": 3, "vc": [8, 6, 8, 13, 10, 9, 8, 6, 7, 5], "hlc": [921528, 4]}
INFO:<Node 7>:{"send": false, "recv": true, "to": 7, "from": 9, "vc": [5, 1, 0, 1, 3, 3, 5, 8, 4, 8], "hlc": [921529, 1]}
INFO:<Node 9>:{"send": true, "recv": false, "from": 9, "to": 7, "vc": [5, 0, 0, 1, 0, 3, 5, 4, 4, 9], "hlc": [921526, 8]}
INFO:<Node 7>:{"send": false, "recv": true, "to": 7, "from": 9, "vc": [5, 1, 0, 1, 3, 3, 5, 9, 4, 9], "hlc": [921530, 0]}
INFO:<Node 0>:{"send": true, "recv": false, "from": 0, "to": 4, "vc": [9, 1, 0, 0, 7, 3, 7, 4, 0, 1], "hlc": [921527, 5]}
INFO:<Node 1>:{"send": true, "recv": false, "from": 1, "to": 5, "vc": [2, 12, 9, 9, 8, 8, 11, 7, 7, 5], "hlc": [921529, 2]}
INFO:<Node 2>:{"send": true, "recv": false, "from": 2, "to": 4, "vc": [1, 5, 11, 1, 2, 2, 4, 1, 2, 4], "hlc": [921527, 0]}
INFO:<Node 3>:{"send": true, "recv": false, "from": 3, "to": 8, "vc": [6, 6, 10, 15, 5, 9, 8, 6, 7, 5], "hlc": [921528, 5]}
INFO:<Node 4>:{"send": true, "recv": false, "from": 4, "to": 1, "vc": [8, 6, 8, 13, 11, 9, 8, 6, 7, 5], "hlc": [921528, 5]}
INFO:<Node 5>:{"send": true, "recv": false, "from": 5, "to": 0, "vc": [1, 4, 6, 1, 2, 10, 6, 1, 3, 5], "hlc": [921529, 0]}
INFO:<Node 6>:{"send": true, "recv": false, "from": 6, "to": 3, "vc": [2, 7, 8, 9, 5, 8, 12, 6, 7, 5], "hlc": [921529, 0]}
INFO:<Node 8>:{"send": true, "recv": false, "from": 8, "to": 9, "vc": [2, 5, 8, 1, 5, 2, 4, 1, 8, 4], "hlc": [921526, 0]}
INFO:<Node 9>:{"send": true, "recv": false, "from": 9, "to": 1, "vc": [5, 0, 0, 1, 0, 3, 5, 4, 4, 10], "hlc": [921526, 9]}
INFO:<Node 0>:{"send": false, "recv": true, "to": 0, "from": 5, "vc": [10, 4, 6, 1, 7, 10, 7, 4, 3, 5], "hlc": [921529, 1]}
INFO:<Node 1>:{"send": false, "recv": true, "to": 1, "from": 4, "vc": [8, 13, 9, 13, 11, 9, 11, 7, 7, 5], "hlc": [921529, 3]}
INFO:<Node 1>:{"send": false, "recv": true, "to": 1, "from": 9, "vc": [8, 14, 9, 13, 11, 9, 11, 7, 7, 10], "hlc": [921529, 4]}
INFO:<Node 3>:{"send": false, "recv": true, "to": 3, "from": 6, "vc": [6, 7, 10, 16, 5, 9, 12, 6, 7, 5], "hlc": [921529, 1]}
INFO:<Node 4>:{"send": false, "recv": true, "to": 4, "from": 0, "vc": [9, 6, 8, 13, 12, 9, 8, 6, 7, 5], "hlc": [921528, 6]}
INFO:<Node 4>:{"send": false, "recv": true, "to": 4, "from": 2, "vc": [9, 6, 11, 13, 13, 9, 8, 6, 7, 5], "hlc": [921528, 7]}
INFO:<Node 5>:{"send": false, "recv": true, "to": 5, "from": 1, "vc": [2, 12, 9, 9, 8, 11, 11, 7, 7, 5], "hlc": [921530, 0]}
INFO:<Node 8>:{"send": false, "recv": true, "to": 8, "from": 3, "vc": [6, 6, 10, 15, 5, 9, 8, 6, 9, 5], "hlc": [921528, 6]}
INFO:<Node 9>:{"send": false, "recv": true, "to": 9, "from": 8, "vc": [5, 5, 8, 1, 5, 3, 5, 4, 8, 11], "hlc": [921527, 0]}
INFO:<Node 0>:{"send": true, "recv": false, "from": 0, "to": 7, "vc": [11, 4, 6, 1, 7, 10, 7, 4, 3, 5], "hlc": [921529, 2]}
INFO:<Node 1>:{"send": true, "recv": false, "from": 1, "to": 0, "vc": [8, 15, 9, 13, 11, 9, 11, 7, 7, 10], "hlc": [921529, 5]}
INFO:<Node 3>:{"send": true, "recv": false, "from": 3, "to": 9, "vc": [6, 7, 10, 17, 5, 9, 12, 6, 7, 5], "hlc": [921529, 2]}
INFO:<Node 4>:{"send": true, "recv": false, "from": 4, "to": 3, "vc": [9, 6, 11, 13, 14, 9, 8, 6, 7, 5], "hlc": [921528, 8]}
INFO:<Node 5>:{"send": true, "recv": false, "from": 5, "to": 2, "vc": [2, 12, 9, 9, 8, 12, 11, 7, 7, 5], "hlc": [921530, 1]}
INFO:<Node 6>:{"send": true, "recv": false, "from": 6, "to": 5, "vc": [2, 7, 8, 9, 5, 8, 13, 6, 7, 5], "hlc": [921529, 1]}
INFO:<Node 8>:{"send": true, "recv": false, "from": 8, "to": 4, "vc": [6, 6, 10, 15, 5, 9, 8, 6, 10, 5], "hlc": [921528, 7]}
INFO:<Node 0>:{"send": false, "recv": true, "to": 0, "from": 1, "vc": [12, 15, 9, 13, 11, 10, 11, 7, 7, 10], "hlc": [921529, 6]}
INFO:<Node 2>:{"send": false, "recv": true, "to": 2, "from": 5, "vc": [2, 12, 12, 9, 8, 12, 11, 7, 7, 5], "hlc": [921530, 2]}
INFO:<Node 3>:{"send": false, "recv": true, "to": 3, "from": 4, "vc": [9, 7, 11, 18, 14, 9, 12, 6, 7, 5], "hlc": [921529, 3]}
INFO:<Node 4>:{"send": false, "recv": true, "to": 4, "from": 8, "vc": [9, 6, 11, 15, 15, 9, 8, 6, 10, 5], "hlc": [921528, 9]}
INFO:<Node 5>:{"send": false, "recv": true, "to": 5, "from": 6, "vc": [2, 12, 9, 9, 8, 13, 13, 7, 7, 5], "hlc": [921530, 2]}
INFO:<Node 7>:{"send": false, "recv": true, "to": 7, "from": 0, "vc": [11, 4, 6, 1, 7, 10, 7, 10, 4, 9], "hlc": [921531, 0]}
INFO:<Node 9>:{"send": false, "recv": true, "to": 9, "from": 3, "vc": [6, 7, 10, 17, 5, 9, 12, 6, 8, 12], "hlc": [921529, 3]}
INFO:<Node 0>:{"send": true, "recv": false, "from": 0, "to": 3, "vc": [13, 15, 9, 13, 11, 10, 11, 7, 7, 10], "hlc": [921529, 7]}
INFO:<Node 1>:{"send": true, "recv": false, "from": 1, "to": 6, "vc": [8, 16, 9, 13, 11, 9, 11, 7, 7, 10], "hlc": [921529, 6]}
INFO:<Node 2>:{"send": true, "recv": false, "from": 2, "to": 4, "vc": [2, 12, 13, 9, 8, 12, 11, 7, 7, 5], "hlc": [921530, 3]}
INFO:<Node 4>:{"send": true, "recv": false, "from": 4, "to": 5, "vc": [9, 6, 11, 15, 16, 9, 8, 6, 10, 5], "hlc": [921528, 10]}
INFO:<Node 5>:{"send": true, "recv": false, "from": 5, "to": 1, "vc": [2, 12, 9, 9, 8, 14, 13, 7, 7, 5], "hlc": [921530, 3]}
INFO:<Node 7>:{"send": true, "recv": false, "from": 7, "to": 8, "vc": [11, 4, 6, 1, 7, 10, 7, 11, 4, 9], "hlc": [921531, 1]}
INFO:<Node 9>:{"send": true, "recv": false, "from": 9, "to": 5, "vc": [6, 7, 10, 17, 5, 9, 12, 6, 8, 13], "hlc": [921529, 4]}
INFO:<Node 1>:{"send": false, "recv": true, "to": 1, "from": 5, "vc": [8, 17, 9, 13, 11, 14, 13, 7, 7, 10], "hlc": [921530, 4]}
INFO:<Node 3>:{"send": false, "recv": true, "to": 3, "from": 0, "vc": [13, 15, 11, 19, 14, 10, 12, 7, 7, 10], "hlc": [921530, 0]}
INFO:<Node 4>:{"send": false, "recv": true, "to": 4, "from": 2, "vc": [9, 12, 13, 15, 17, 12, 11, 7, 10, 5], "hlc": [921530, 4]}
INFO:<Node 5>:{"send": false, "recv": true, "to": 5, "from": 4, "vc": [9, 12, 11, 15, 16, 15, 13, 7, 10, 5], "hlc": [921531, 0]}
INFO:<Node 5>:{"send": false, "recv": true, "to": 5, "from": 9, "vc": [9, 12, 11, 17, 16, 16, 13, 7, 10, 13], "hlc": [921531, 1]}
INFO:<Node 6>:{"send": false, "recv": true, "to": 6, "from": 1, "vc": [8, 16, 9, 13, 11, 9, 14, 7, 7, 10], "hlc": [921530, 0]}
INFO:<Node 8>:{"send": false, "recv": true, "to": 8, "from": 7, "vc": [11, 6, 10, 15, 7, 10, 8, 11, 11, 9], "hlc": [921531, 2]}
INFO:<Node 1>:{"send": true, "recv": false, "from": 1, "to": 0, "vc": [8, 18, 9, 13, 11, 14, 13, 7, 7, 10], "hlc": [921530, 5]}
INFO:<Node 2>:{"send": true, "recv": false, "from": 2, "to": 7, "vc": [2, 12, 14, 9, 8, 12, 11, 7, 7, 5], "hlc": [921530, 4]}
INFO:<Node 3>:{"send": true, "recv": false, "from": 3, "to": 0, "vc": [13, 15, 11, 20, 14, 10, 12, 7, 7, 10], "hlc": [921530, 1]}
INFO:<Node 6>:{"send": true, "recv": false, "from": 6, "to": 3, "vc": [8, 16, 9, 13, 11, 9, 15, 7, 7, 10], "hlc": [921530, 1]}
INFO:<Node 7>:{"send": true, "recv": false, "from": 7, "to": 2, "vc": [11, 4, 6, 1, 7, 10, 7, 12, 4, 9], "hlc": [921531, 2]}
INFO:<Node 8>:{"send": true, "recv": false, "from": 8, "to": 9, "vc": [11, 6, 10, 15, 7, 10, 8, 11, 12, 9], "hlc": [921531, 3]}
INFO:<Node 0>:{"send": false, "recv": true, "to": 0, "from": 1, "vc": [14, 18, 9, 13, 11, 14, 13, 7, 7, 10], "hlc": [921530, 6]}
INFO:<Node 0>:{"send": false, "recv": true, "to": 0, "from": 3, "vc": [15, 18, 11, 20, 14, 14, 13, 7, 7, 10], "hlc": [921530, 7]}
INFO:<Node 2>:{"send": false, "recv": true, "to": 2, "from": 7, "vc": [11, 12, 15, 9, 8, 12, 11, 12, 7, 9], "hlc": [921531, 3]}
INFO:<Node 3>:{"send": false, "recv": true, "to": 3, "from": 6, "vc": [13, 16, 11, 21, 14, 10, 15, 7, 7, 10], "hlc": [921530, 2]}
INFO:<Node 7>:{"send": false, "recv": true, "to": 7, "from": 2, "vc": [11, 12, 14, 9, 8, 12, 11, 13, 7, 9], "hlc": [921532, 0]}
INFO:<Node 9>:{"send": false, "recv": true, "to": 9, "from": 8, "vc": [11, 7, 10, 17, 7, 10, 12, 11, 12, 14], "hlc": [921531, 4]}
INFO:<Node 0>:{"send": true, "recv": false, "from": 0, "to": 7, "vc": [16, 18, 11, 20, 14, 14, 13, 7, 7, 10], "hlc": [921530, 8]}
INFO:<Node 3>:{"send": true, "recv": false, "from": 3, "to": 2, "vc": [13, 16, 11, 22, 14, 10, 15, 7, 7, 10], "hlc": [921530, 3]}
INFO:<Node 8>:{"send": true, "recv": false, "from": 8, "to": 0, "vc": [11, 6, 10, 15, 7, 10, 8, 11, 13, 9], "hlc": [921531, 4]}
INFO:<Node 9>:{"send": true, "recv": false, "from": 9, "to": 2, "vc": [11, 7, 10, 17, 7, 10, 12, 11, 12, 15], "hlc": [921531, 5]}
INFO:<Node 0>:{"send": false, "recv": true, "to": 0, "from": 8, "vc": [17, 18, 11, 20, 14, 14, 13, 11, 13, 10], "hlc": [921531, 5]}
INFO:<Node 2>:{"send": false, "recv": true, "to": 2, "from": 3, "vc": [13, 16, 16, 22, 14, 12, 15, 12, 7, 10], "hlc": [921531, 4]}
INFO:<Node 2>:{"send": false, "recv": true, "to": 2, "from": 9, "vc": [13, 16, 17, 22, 14, 12, 15, 12, 12, 15], "hlc": [921531, 6]}
INFO:<Node 7>:{"send": false, "recv": true, "to": 7, "from": 0, "vc": [16, 18, 14, 20, 14, 14, 13, 14, 7, 10], "hlc": [921532, 1]}
INFO:<Node 0>:{"send": true, "recv": false, "from": 0, "to": 3, "vc": [18, 18, 11, 20, 14, 14, 13, 11, 13, 10], "hlc": [921531, 6]}
INFO:<Node 1>:{"send": true, "recv": false, "from": 1, "to": 2, "vc": [8, 19, 9, 13, 11, 14, 13, 7, 7, 10], "hlc": [921530, 6]}
INFO:<Node 2>:{"send": true, "recv": false, "from": 2, "to": 5, "vc": [13, 16, 18, 22, 14, 12, 15, 12, 12, 15], "hlc": [921531, 7]}
INFO:<Node 4>:{"send": true, "recv": false, "from": 4, "to": 3, "vc": [9, 12, 13, 15, 18, 12, 11, 7, 10, 5], "hlc": [921530, 5]}
INFO:<Node 5>:{"send": true, "recv": false, "from": 5, "to": 6, "vc": [9, 12, 11, 17, 16, 17, 13, 7, 10, 13], "hlc": [921532, 0]}
INFO:<Node 6>:{"send": true, "recv": false, "from": 6, "to": 7, "vc": [8, 16, 9, 13, 11, 9, 16, 7, 7, 10], "hlc": [921531, 0]}
INFO:<Node 2>:{"send": false, "recv": true, "to": 2, "from": 1, "vc": [13, 19, 19, 22, 14, 14, 15, 12, 12, 15], "hlc": [921531, 8]}
INFO:<Node 3>:{"send": false, "recv": true, "to": 3, "from": 0, "vc": [18, 18, 11, 23, 14, 14, 15, 11, 13, 10], "hlc": [921531, 7]}
INFO:<Node 3>:{"send": false, "recv": true, "to": 3, "from": 4, "vc": [18, 18, 13, 24, 18, 14, 15, 11, 13, 10], "hlc": [921531, 8]}
INFO:<Node 5>:{"send": false, "recv": true, "to": 5, "from": 2, "vc": [13, 16, 18, 22, 16, 18, 15, 12, 12, 15], "hlc": [921532, 1]}
INFO:<Node 6>:{"send": false, "recv": true, "to": 6, "from": 5, "vc": [9, 16, 11, 17, 16, 17, 17, 7, 10, 13], "hlc": [921532, 1]}
INFO:<Node 7>:{"send": false, "recv": true, "to": 7, "from": 6, "vc": [16, 18, 14, 20, 14, 14, 16, 15, 7, 10], "hlc": [921533, 0]}
INFO:<Node 5>:{"send": true, "recv": false, "from": 5, "to": 3, "vc": [13, 16, 18, 22, 16, 19, 15, 12, 12, 15], "hlc": [921532, 2]}
INFO:<Node 6>:{"send": true, "recv": false, "from": 6, "to": 2, "vc": [9, 16, 11, 17, 16, 17, 18, 7, 10, 13], "hlc": [921532, 2]}
INFO:<Node 8>:{"send": true, "recv": false, "from": 8, "to": 1, "vc": [11, 6, 10, 15, 7, 10, 8, 11, 14, 9], "hlc": [921531, 5]}
INFO:<Node 9>:{"send": true, "recv": false, "from": 9, "to": 2, "vc": [11, 7, 10, 17, 7, 10, 12, 11, 12, 16], "hlc": [921531, 6]}
INFO:<Node 1>:{"send": false, "recv": true, "to": 1, "from": 8, "vc": [11, 20, 10, 15, 11, 14, 13, 11, 14, 10], "hlc": [921531, 6]}
INFO:<Node 2>:{"send": false, "recv": true, "to": 2, "from": 6, "vc": [13, 19, 20, 22, 16, 17, 18, 12, 12, 15], "hlc": [921532, 3]}
INFO:<Node 2>:{"send": false, "recv": true, "to": 2, "from": 9, "vc": [13, 19, 21, 22, 16, 17, 18, 12, 12, 16], "hlc": [921532, 4]}
INFO:<Node 3>:{"send": false, "recv": true, "to": 3, "from": 5, "vc": [18, 18, 18, 25, 18, 19, 15, 12, 13, 15], "hlc": [921532, 3]}
INFO:<Node 1>:{"send": true, "recv": false, "from": 1, "to": 5, "vc": [11, 21, 10, 15, 11, 14, 13, 11, 14, 10], "hlc": [921531, 7]}
INFO:<Node 2>:{"send": true, "recv": false, "from": 2, "to": 8, "vc": [13, 19, 22, 22, 16, 17, 18, 12, 12, 16], "hlc": [921532, 5]}
INFO:<Node 3>:{"send": true, "recv": false, "from": 3, "to": 4, "vc": [18, 18, 18, 26, 18, 19, 15, 12, 13, 15], "hlc": [921532, 4]}
INFO:<Node 4>:{"send": true, "recv": false, "from": 4, "to": 1, "vc": [9, 12, 13, 15, 19, 12, 11, 7, 10, 5], "hlc": [921530, 6]}
INFO:<Node 6>:{"send": true, "recv": false, "from": 6, "to": 0, "vc": [9, 16, 11, 17, 16, 17, 19, 7, 10, 13], "hlc": [921532, 3]}
INFO:<Node 8>:{"send": true, "recv": false, "from": 8, "to": 9, "vc": [11, 6, 10, 15, 7, 10, 8, 11, 15, 9], "hlc": [921531, 6]}
INFO:<Node 0>:{"send": false, "recv": true, "to": 0, "from": 6, "vc": [19, 18, 11, 20, 16, 17, 19, 11, 13, 13], "hlc": [921532, 4]}
INFO:<Node 1>:{"send": false, "recv": true, "to": 1, "from": 4, "vc": [11, 22, 13, 15, 19, 14, 13, 11, 14, 10], "hlc": [921531, 8]}
INFO:<Node 4>:{"send": false, "recv": true, "to": 4, "from": 3, "vc": [18, 18, 18, 26, 20, 19, 15, 12, 13, 15], "hlc": [921532, 5]}
INFO:<Node 5>:{"send": false, "recv": true, "to": 5, "from": 1, "vc": [13, 21, 18, 22, 16, 20, 15, 12, 14, 15], "hlc": [921533, 0]}
INFO:<Node 8>:{"send": false, "recv": true, "to": 8, "from": 2, "vc": [13, 19, 22, 22, 16, 17, 18, 12, 16, 16], "hlc": [921532, 6]}
INFO:<Node 9>:{"send": false, "recv": true, "to": 9, "from": 8, "vc": [11, 7, 10, 17, 7, 10, 12, 11, 15, 17], "hlc": [921531, 7]}
INFO:<Node 3>:{"send": true, "recv": false, "from": 3, "to": 2, "vc": [18, 18, 18, 27, 18, 19, 15, 12, 13, 15], "hlc": [921532, 5]}
INFO:<Node 7>:{"send": true, "recv": false, "from": 7, "to": 3, "vc": [16, 18, 14, 20, 14, 14, 16, 16, 7, 10], "hlc": [921534, 0]}
INFO:<Node 2>:{"send": false, "recv": true, "to": 2, "from": 3, "vc": [18, 19, 23, 27, 18, 19, 18, 12, 13, 16], "hlc": [921532, 6]}
INFO:<Node 3>:{"send": false, "recv": true, "to": 3, "from": 7, "vc": [18, 18, 18, 28, 18, 19, 16, 16, 13, 15], "hlc": [921534, 1]}
INFO:<Node 0>:{"send": true, "recv": false, "from": 0, "to": 3, "vc": [20, 18, 11, 20, 16, 17, 19, 11, 13, 13], "hlc": [921532, 5]}
INFO:<Node 1>:{"send": true, "recv": false, "from": 1, "to": 5, "vc": [11, 23, 13, 15, 19, 14, 13, 11, 14, 10], "hlc": [921531, 9]}
INFO:<Node 2>:{"send": true, "recv": false, "from": 2, "to": 5, "vc": [18, 19, 24, 27, 18, 19, 18, 12, 13, 16], "hlc": [921532, 7]}
INFO:<Node 6>:{"send": true, "recv": false, "from": 6, "to": 8, "vc": [9, 16, 11, 17, 16, 17, 20, 7, 10, 13], "hlc": [921533, 0]}
INFO:<Node 7>:{"send": true, "recv": false, "from": 7, "to": 1, "vc": [16, 18, 14, 20, 14, 14, 16, 17, 7, 10], "hlc": [921534, 1]}
INFO:<Node 1>:{"send": false, "recv": true, "to": 1, "from": 7, "vc": [16, 24, 14, 20, 19, 14, 16, 17, 14, 10], "hlc": [921534, 2]}
INFO:<Node 3>:{"send": false, "recv": true, "to": 3, "from": 0, "vc": [20, 18, 18, 29, 18, 19, 19, 16, 13, 15], "hlc": [921534, 2]}
INFO:<Node 5>:{"send": false, "recv": true, "to": 5, "from": 1, "vc": [13, 23, 18, 22, 19, 21, 15, 12, 14, 15], "hlc": [921534, 0]}
INFO:<Node 5>:{"send": false, "recv": true, "to": 5, "from": 2, "vc": [18, 23, 24, 27, 19, 22, 18, 12, 14, 16], "hlc": [921534, 1]}
INFO:<Node 8>:{"send": false, "recv": true, "to": 8, "from": 6, "vc": [13, 19, 22, 22, 16, 17, 20, 12, 17, 16], "hlc": [921533, 1]}
INFO:<Node 1>:{"send": true, "recv": false, "from": 1, "to": 3, "vc": [16, 25, 14, 20, 19, 14, 16, 17, 14, 10], "hlc": [921534, 3]}
INFO:<Node 2>:{"send": true, "recv": false, "from": 2, "to": 8, "vc": [18, 19, 25, 27, 18, 19, 18, 12, 13, 16], "hlc": [921532, 8]}
INFO:<Node 4>:{"send": true, "recv": false, "from": 4, "to": 8, "vc": [18, 18, 18, 26, 21, 19, 15, 12, 13, 15], "hlc": [921532, 6]}
INFO:<Node 6>:{"send": true, "recv": false, "from": 6, "to": 9, "vc": [9, 16, 11, 17, 16, 17, 21, 7, 10, 13], "hlc": [921534, 0]}
INFO:<Node 8>:{"send": true, "recv": false, "from": 8, "to": 2, "vc": [13, 19, 22, 22, 16, 17, 20, 12, 18, 16], "hlc": [921533, 2]}
INFO:<Node 2>:{"send": false, "recv": true, "to": 2, "from": 8, "vc": [18, 19, 26, 27, 18, 19, 20, 12, 18, 16], "hlc": [921533, 3]}
INFO:<Node 3>:{"send": false, "recv": true, "to": 3, "from": 1, "vc": [20, 25, 18, 30, 19, 19, 19, 17, 14, 15], "hlc": [921534, 4]}
INFO:<Node 8>:{"send": false, "recv": true, "to": 8, "from": 2, "vc": [18, 19, 25, 27, 18, 19, 20, 12, 19, 16], "hlc": [921533, 3]}
INFO:<Node 8>:{"send": false, "recv": true, "to": 8, "from": 4, "vc": [18, 19, 25, 27, 21, 19, 20, 12, 20, 16], "hlc": [921533, 4]}
INFO:<Node 9>:{"send": false, "recv": true, "to": 9, "from": 6, "vc": [11, 16, 11, 17, 16, 17, 21, 11, 15, 18], "hlc": [921534, 1]}
INFO:<Node 2>:{"send": true, "recv": false, "from": 2, "to": 8, "vc": [18, 19, 27, 27, 18, 19, 20, 12, 18, 16], "hlc": [921533, 4]}
INFO:<Node 6>:{"send": true, "recv": false, "from": 6, "to": 5, "vc": [9, 16, 11, 17, 16, 17, 22, 7, 10, 13], "hlc": [921534, 1]}
INFO:<Node 8>:{"send": true, "recv": false, "from": 8, "to": 9, "vc": [18, 19, 25, 27, 21, 19, 20, 12, 21, 16], "hlc": [921533, 5]}
INFO:<Node 9>:{"send": true, "recv": false, "from": 9, "to": 0, "vc": [11, 16, 11, 17, 16, 17, 21, 11, 15, 19], "hlc": [921534, 2]}
INFO:<Node 0>:{"send": false, "recv": true, "to": 0, "from": 9, "vc": [21, 18, 11, 20, 16, 17, 21, 11, 15, 19], "hlc": [921534, 3]}
INFO:<Node 5>:{"send": false, "recv": true, "to": 5, "from": 6, "vc": [18, 23, 24, 27, 19, 23, 22, 12, 14, 16], "hlc": [921535, 0]}
INFO:<Node 8>:{"send": false, "recv": true, "to": 8, "from": 2, "vc": [18, 19, 27, 27, 21, 19, 20, 12, 22, 16], "hlc": [921533, 6]}
INFO:<Node 9>:{"send": false, "recv": true, "to": 9, "from": 8, "vc": [18, 19, 25, 27, 21, 19, 21, 12, 21, 20], "hlc": [921534, 3]}
INFO:<Node 0>:{"send": true, "recv": false, "from": 0, "to": 5, "vc": [22, 18, 11, 20, 16, 17, 21, 11, 15, 19], "hlc": [921534, 4]}
INFO:<Node 2>:{"send": true, "recv": false, "from": 2, "to": 5, "vc": [18, 19, 28, 27, 18, 19, 20, 12, 18, 16], "hlc": [921533, 5]}
INFO:<Node 3>:{"send": true, "recv": false, "from": 3, "to": 5, "vc": [20, 25, 18, 31, 19, 19, 19, 17, 14, 15], "hlc": [921534, 5]}
INFO:<Node 4>:{"send": true, "recv": false, "from": 4, "to": 6, "vc": [18, 18, 18, 26, 22, 19, 15, 12, 13, 15], "hlc": [921532, 7]}
INFO:<Node 7>:{"send": true, "recv": false, "from": 7, "to": 9, "vc": [16, 18, 14, 20, 14, 14, 16, 18, 7, 10], "hlc": [921536, 0]}
INFO:<Node 5>:{"send": false, "recv": true, "to": 5, "from": 0, "vc": [22, 23, 24, 27, 19, 24, 22, 12, 15, 19], "hlc": [921536, 0]}
INFO:<Node 5>:{"send": false, "recv": true, "to": 5, "from": 2, "vc": [22, 23, 28, 27, 19, 25, 22, 12, 18, 19], "hlc": [921536, 1]}
INFO:<Node 5>:{"send": false, "recv": true, "to": 5, "from": 3, "vc": [22, 25, 28, 31, 19, 26, 22, 17, 18, 19], "hlc": [921536, 2]}
INFO:<Node 6>:{"send": false, "recv": true, "to": 6, "from": 4, "vc": [18, 18, 18, 26, 22, 19, 23, 12, 13, 15], "hlc": [921535, 0]}
INFO:<Node 9>:{"send": false, "recv": true, "to": 9, "from": 7, "vc": [18, 19, 25, 27, 21, 19, 21, 18, 21, 21], "hlc": [921536, 1]}
INFO:<Node 1>:{"send": true, "recv": false, "from": 1, "to": 5, "vc": [16, 26, 14, 20, 19, 14, 16, 17, 14, 10], "hlc": [921534, 4]}
INFO:<Node 4>:{"send": true, "recv": false, "from": 4, "to": 8, "vc": [18, 18, 18, 26, 23, 19, 15, 12, 13, 15], "hlc": [921532, 8]}
INFO:<Node 6>:{"send": true, "recv": false, "from": 6, "to": 7, "vc": [18, 18, 18, 26, 22, 19, 24, 12, 13, 15], "hlc": [921535, 1]}
INFO:<Node 8>:{"send": true, "recv": false, "from": 8, "to": 3, "vc": [18, 19, 27, 27, 21, 19, 20, 12, 23, 16], "hlc": [921533, 7]}
INFO:<Node 9>:{"send": true, "recv": false, "from": 9, "to": 1, "vc": [18, 19, 25, 27, 21, 19, 21, 18, 21, 22], "hlc": [921536, 2]}
INFO:<Node 1>:{"send": false, "recv": true, "to": 1, "from": 9, "vc": [18, 27, 25, 27, 21, 19, 21, 18, 21, 22], "hlc": [921536, 3]}
INFO:<Node 3>:{"send": false, "recv": true, "to": 3, "from": 8, "vc": [20, 25, 27, 32, 21, 19, 20, 17, 23, 16], "hlc": [921535, 0]}
INFO:<Node 5>:{"send": false, "recv": true, "to": 5, "from": 1, "vc": [22, 26, 28, 31, 19, 27, 22, 17, 18, 19], "hlc": [921536, 3]}
INFO:<Node 7>:{"send": false, "recv": true, "to": 7, "from": 6, "vc": [18, 18, 18, 26, 22, 19, 24, 19, 13, 15], "hlc": [921537, 0]}
INFO:<Node 8>:{"send": false, "recv": true, "to": 8, "from": 4, "vc": [18, 19, 27, 27, 23, 19, 20, 12, 24, 16], "hlc": [921533, 8]}
INFO:<Node 0>:{"send": true, "recv": false, "from": 0, "to": 2, "vc": [23, 18, 11, 20, 16, 17, 21, 11, 15, 19], "hlc": [921534, 5]}
INFO:<Node 2>:{"send": true, "recv": false, "from": 2, "to": 1, "vc": [18, 19, 29, 27, 18, 19, 20, 12, 18, 16], "hlc": [921534, 0]}
INFO:<Node 3>:{"send": true, "recv": false, "from": 3, "to": 7, "vc": [20, 25, 27, 33, 21, 19, 20, 17, 23, 16], "hlc": [921535, 1]}
INFO:<Node 4>:{"send": true, "recv": false, "from": 4, "to": 3, "vc": [18, 18, 18, 26, 24, 19, 15, 12, 13, 15], "hlc": [921532, 9]}
INFO:<Node 6>:{"send": true, "recv": false, "from": 6, "to": 0, "vc": [18, 18, 18, 26, 22, 19, 25, 12, 13, 15], "hlc": [921536, 0]}
INFO:<Node 7>:{"send": true, "recv": false, "from": 7, "to": 1, "vc": [18, 18, 18, 26, 22, 19, 24, 20, 13, 15], "hlc": [921537, 1]}
INFO:<Node 8>:{"send": true, "recv": false, "from": 8, "to": 0, "vc": [18, 19, 27, 27, 23, 19, 20, 12, 25, 16], "hlc": [921533, 9]}
INFO:<Node 9>:{"send": true, "recv": false, "from": 9, "to": 6, "vc": [18, 19, 25, 27, 21, 19, 21, 18, 21, 23], "hlc": [921536, 3]}
INFO:<Node 0>:{"send": false, "recv": true, "to": 0, "from": 6, "vc": [24, 18, 18, 26, 22, 19, 25, 12, 15, 19], "hlc": [921536, 1]}
INFO:<Node 0>:{"send": false, "recv": true, "to": 0, "from": 8, "vc": [25, 19, 27, 27, 23, 19, 25, 12, 25, 19], "hlc": [921536, 2]}
INFO:<Node 1>:{"send": false, "recv": true, "to": 1, "from": 2, "vc": [18, 28, 29, 27, 21, 19, 21, 18, 21, 22], "hlc": [921536, 4]}
INFO:<Node 1>:{"send": false, "recv": true, "to": 1, "from": 7, "vc": [18, 29, 29, 27, 22, 19, 24, 20, 21, 22], "hlc": [921537, 2]}
INFO:<Node 2>:{"send": false, "recv": true, "to": 2, "from": 0, "vc": [23, 19, 30, 27, 18, 19, 21, 12, 18, 19], "hlc": [921534, 6]}
INFO:<Node 3>:{"send": false, "recv": true, "to": 3, "from": 4, "vc": [20, 25, 27, 34, 24, 19, 20, 17, 23, 16], "hlc": [921536, 0]}
INFO:<Node 6>:{"send": false, "recv": true, "to": 6, "from": 9, "vc": [18, 19, 25, 27, 22, 19, 26, 18, 21, 23], "hlc": [921536, 4]}
INFO:<Node 7>:{"send": false, "recv": true, "to": 7, "from": 3, "vc": [20, 25, 27, 33, 22, 19, 24, 21, 23, 16], "hlc": [921537, 2]}
INFO:<Node 0>:{"send": true, "recv": false, "from": 0, "to": 2, "vc": [26, 19, 27, 27, 23, 19, 25, 12, 25, 19], "hlc": [921536, 3]}
INFO:<Node 1>:{"send": true, "recv": false, "from": 1, "to": 8, "vc": [18, 30, 29, 27, 22, 19, 24, 20, 21, 22], "hlc": [921537, 3]}
INFO:<Node 4>:{"send": true, "recv": false, "from": 4, "to": 0, "vc": [18, 18, 18, 26, 25, 19, 15, 12, 13, 15], "hlc": [921533, 0]}
INFO:<Node 8>:{"send": true, "recv": false, "from": 8, "to": 0, "vc": [18, 19, 27, 27, 23, 19, 20, 12, 26, 16], "hlc": [921533, 10]}
INFO:<Node 9>:{"send": true, "recv": false, "from": 9, "to": 1, "vc": [18, 19, 25, 27, 21, 19, 21, 18, 21, 24], "hlc": [921536, 4]}
INFO:<Node 0>:{"send": false, "recv": true, "to": 0, "from": 4, "vc": [27, 19, 27, 27, 25, 19, 25, 12, 25, 19], "hlc": [921536, 4]}
INFO:<Node 0>:{"send": false, "recv": true, "to": 0, "from": 8, "vc": [28, 19, 27, 27, 25, 19, 25, 12, 26, 19], "hlc": [921536, 5]}
INFO:<Node 1>:{"send": false, "recv": true, "to": 1, "from": 9, "vc": [18, 31, 29, 27, 22, 19, 24, 20, 21, 24], "hlc": [921537, 4]}
INFO:<Node 2>:{"send": false, "recv": true, "to": 2, "from": 0, "vc": [26, 19, 31, 27, 23, 19, 25, 12, 25, 19], "hlc": [921536, 4]}
INFO:<Node 8>:{"send": false, "recv": true, "to": 8, "from": 1, "vc": [18, 30, 29, 27, 23, 19, 24, 20, 27, 22], "hlc": [921537, 4]}
INFO:<Node 0>:{"send": true, "recv": false, "from": 0, "to": 5, "vc": [29, 19, 27, 27, 25, 19, 25, 12, 26, 19], "hlc": [921536, 6]}
INFO:<Node 1>:{"send": true, "recv": false, "from": 1, "to": 0, "vc": [18, 32, 29, 27, 22, 19, 24, 20, 21, 24], "hlc": [921537, 5]}
INFO:<Node 2>:{"send": true, "recv": false, "from": 2, "to": 8, "vc": [26, 19, 32, 27, 23, 19, 25, 12, 25, 19], "hlc": [921536, 5]}
INFO:<Node 3>:{"send": true, "recv": false, "from": 3, "to": 7, "vc": [20, 25, 27, 35, 24, 19, 20, 17, 23, 16], "hlc": [921536, 1]}
INFO:<Node 6>:{"send": true, "recv": false, "from": 6, "to": 5, "vc": [18, 19, 25, 27, 22, 19, 27, 18, 21, 23], "hlc": [921537, 0]}
INFO:<Node 8>:{"send": true, "recv": false, "from": 8, "to": 6, "vc": [18, 30, 29, 27, 23, 19, 24, 20, 28, 22], "hlc": [921537, 5]}
INFO:<Node 0>:{"send": false, "recv": true, "to": 0, "from": 1, "vc": [30, 32, 29, 27, 25, 19, 25, 20, 26, 24], "hlc": [921537, 6]}
INFO:<Node 5>:{"send": false, "recv": true, "to": 5, "from": 0, "vc": [29, 26, 28, 31, 25, 28, 25, 17, 26, 19], "hlc": [921538, 0]}
INFO:<Node 5>:{"send": false, "recv": true, "to": 5, "from": 6, "vc": [29, 26, 28, 31, 25, 29, 27, 18, 26, 23], "hlc": [921538, 1]}
INFO:<Node 6>:{"send": false, "recv": true, "to": 6, "from": 8, "vc": [18, 30, 29, 27, 23, 19, 28, 20, 28, 23], "hlc": [921537, 6]}
INFO:<Node 7>:{"send": false, "recv": true, "to": 7, "from": 3, "vc": [20, 25, 27, 35, 24, 19, 24, 22, 23, 16], "hlc": [921538, 0]}
INFO:<Node 8>:{"send": false, "recv": true, "to": 8, "from": 2, "vc": [26, 30, 32, 27, 23, 19, 25, 20, 29, 22], "hlc": [921537, 6]}
INFO:<Node 0>:{"send": true, "recv": false, "from": 0, "to": 3, "vc": [31, 32, 29, 27, 25, 19, 25, 20, 26, 24], "hlc": [921537, 7]}
INFO:<Node 1>:{"send": true, "recv": false, "from": 1, "to": 3, "vc": [18, 33, 29, 27, 22, 19, 24, 20, 21, 24], "hlc": [921537, 6]}
INFO:<Node 2>:{"send": true, "recv": false, "from": 2, "to": 4, "vc": [26, 19, 33, 27, 23, 19, 25, 12, 25, 19], "hlc": [921536, 6]}
INFO:<Node 3>:{"send": true, "recv": false, "from": 3, "to": 8, "vc": [20, 25, 27, 36, 24, 19, 20, 17, 23, 16], "hlc": [921537, 0]}
INFO:<Node 4>:{"send": true, "recv": false, "from": 4, "to": 3, "vc": [18, 18, 18, 26, 26, 19, 15, 12, 13, 15], "hlc": [921534, 0]}
INFO:<Node 5>:{"send": true, "recv": false, "from": 5, "to": 1, "vc": [29, 26, 28, 31, 25, 30, 27, 18, 26, 23], "hlc": [921538, 2]}
INFO:<Node 6>:{"send": true, "recv": false, "from": 6, "to": 7, "vc": [18, 30, 29, 27, 23, 19, 29, 20, 28, 23], "hlc": [921537, 7]}
INFO:<Node 9>:{"send": true, "recv": false, "from": 9, "to": 5, "vc": [18, 19, 25, 27, 21, 19, 21, 18, 21, 25], "hlc": [921536, 5]}
INFO:<Node 1>:{"send": false, "recv": true, "to": 1, "from": 5, "vc": [29, 34, 29, 31, 25, 30, 27, 20, 26, 24], "hlc": [921538, 3]}
INFO:<Node 3>:{"send": false, "recv": true, "to": 3, "from": 0, "vc": [31, 32, 29, 37, 25, 19, 25, 20, 26, 24], "hlc": [921537, 8]}
INFO:<Node 3>:{"send": false, "recv": true, "to": 3, "from": 1, "vc": [31, 33, 29, 38, 25, 19, 25, 20, 26, 24], "hlc": [921537, 9]}
INFO:<Node 3>:{"send": false, "recv": true, "to": 3, "from": 4, "vc": [31, 33, 29, 39, 26, 19, 25, 20, 26, 24], "hlc": [921537, 10]}
INFO:<Node 4>:{"send": false, "recv": true, "to": 4, "from": 2, "vc": [26, 19, 33, 27, 27, 19, 25, 12, 25, 19], "hlc": [921536, 7]}
INFO:<Node 5>:{"send": false, "recv": true, "to": 5, "from": 9, "vc": [29, 26, 28, 31, 25, 31, 27, 18, 26, 25], "hlc": [921538, 3]}
INFO:<Node 7>:{"send": false, "recv": true, "to": 7, "from": 6, "vc": [20, 30, 29, 35, 24, 19, 29, 23, 28, 23], "hlc": [921539, 0]}
INFO:<Node 8>:{"send": false, "recv": true, "to": 8, "from": 3, "vc": [26, 30, 32, 36, 24, 19, 25, 20, 30, 22], "hlc": [921537, 7]}
INFO:<Node 0>:{"send": true, "recv": false, "from": 0, "to": 7, "vc": [32, 32, 29, 27, 25, 19, 25, 20, 26, 24], "hlc": [921537, 8]}
INFO:<Node 1>:{"send": true, "recv": false, "from": 1, "to": 7, "vc": [29, 35, 29, 31, 25, 30, 27, 20, 26, 24], "hlc": [921538, 4]}
INFO:<Node 3>:{"send": true, "recv": false, "from": 3, "to": 7, "vc": [31, 33, 29, 40, 26, 19, 25, 20, 26, 24], "hlc": [921537, 11]}
INFO:<Node 5>:{"send": true, "recv": false, "from": 5, "to": 2, "vc": [29, 26, 28, 31, 25, 32, 27, 18, 26, 25], "hlc": [921538, 4]}
INFO:<Node 6>:{"send": true, "recv": false, "from": 6, "to": 2, "vc": [18, 30, 29, 27, 23, 19, 30, 20, 28, 23], "hlc": [921538, 0]}
INFO:<Node 7>:{"send": true, "recv": false, "from": 7, "to": 0, "vc": [20, 30, 29, 35, 24, 19, 29, 24, 28, 23], "hlc": [921539, 1]}
INFO:<Node 0>:{"send": false, "recv": true, "to": 0, "from": 7, "vc": [33, 32, 29, 35, 25, 19, 29, 24, 28, 24], "hlc": [921539, 2]}
INFO:<Node 2>:{"send": false, "recv": true, "to": 2, "from": 5, "vc": [29, 26, 34, 31, 25, 32, 27, 18, 26, 25], "hlc": [921538, 5]}
INFO:<Node 2>:{"send": false, "recv": true, "to": 2, "from": 6, "vc": [29, 30, 35, 31, 25, 32, 30, 20, 28, 25], "hlc": [921538, 6]}
INFO:<Node 7>:{"send": false, "recv": true, "to": 7, "from": 0, "vc": [32, 32, 29, 35, 25, 19, 29, 25, 28, 24], "hlc": [921539, 2]}
INFO:<Node 7>:{"send": false, "recv": true, "to": 7, "from": 1, "vc": [32, 35, 29, 35, 25, 30, 29, 26, 28, 24], "hlc": [921539, 3]}
INFO:<Node 7>:{"send": false, "recv": true, "to": 7, "from": 3, "vc": [32, 35, 29, 40, 26, 30, 29, 27, 28, 24], "hlc": [921539, 4]}
INFO:<Node 0>:{"send": true, "recv": false, "from": 0, "to": 1, "vc": [34, 32, 29, 35, 25, 19, 29, 24, 28, 24], "hlc": [921539, 3]}
INFO:<Node 2>:{"send": true, "recv": false, "from": 2, "to": 4, "vc": [29, 30, 36, 31, 25, 32, 30, 20, 28, 25], "hlc": [921538, 7]}
INFO:<Node 3>:{"send": true, "recv": false, "from": 3, "to": 1, "vc": [31, 33, 29, 41, 26, 19, 25, 20, 26, 24], "hlc": [921538, 0]}
INFO:<Node 5>:{"send": true, "recv": false, "from": 5, "to": 8, "vc": [29, 26, 28, 31, 25, 33, 27, 18, 26, 25], "hlc": [921539, 0]}
INFO:<Node 6>:{"send": true, "recv": false, "from": 6, "to": 2, "vc": [18, 30, 29, 27, 23, 19, 31, 20, 28, 23], "hlc": [921538, 1]}
INFO:<Node 7>:{"send": true, "recv": false, "from": 7, "to": 0, "vc": [32, 35, 29, 40, 26, 30, 29, 28, 28, 24], "hlc": [921539, 5]}
INFO:<Node 8>:{"send": true, "recv": false, "from": 8, "to": 1, "vc": [26, 30, 32, 36, 24, 19, 25, 20, 31, 22], "hlc": [921537, 8]}
INFO:<Node 9>:{"send": true, "recv": false, "from": 9, "to": 8, "vc": [18, 19, 25, 27, 21, 19, 21, 18, 21, 26], "hlc": [921536, 6]}
INFO:<Node 0>:{"send": false, "recv": true, "to": 0, "from": 7, "vc": [35, 35, 29, 40, 26, 30, 29, 28, 28, 24], "hlc": [921539, 6]}
INFO:<Node 1>:{"send": false, "recv": true, "to": 1, "from": 0, "vc": [34, 36, 29, 35, 25, 30, 29, 24, 28, 24], "hlc": [921539, 4]}
INFO:<Node 1>:{"send": false, "recv": true, "to": 1, "from": 3, "vc": [34, 37, 29, 41, 26, 30, 29, 24, 28, 24], "hlc": [921539, 5]}
INFO:<Node 1>:{"send": false, "recv": true, "to": 1, "from": 8, "vc": [34, 38, 32, 41, 26, 30, 29, 24, 31, 24], "hlc": [921539, 6]}
INFO:<Node 2>:{"send": false, "recv": true, "to": 2, "from": 6, "vc": [29, 30, 37, 31, 25, 32, 31, 20, 28, 25], "hlc": [921538, 8]}
INFO:<Node 4>:{"send": false, "recv": true, "to": 4, "from": 2, "vc": [29, 30, 36, 31, 28, 32, 30, 20, 28, 25], "hlc": [921538, 8]}
INFO:<Node 8>:{"send": false, "recv": true, "to": 8, "from": 5, "vc": [29, 30, 32, 36, 25, 33, 27, 20, 32, 25], "hlc": [921539, 1]}
INFO:<Node 8>:{"send": false, "recv": true, "to": 8, "from": 9, "vc": [29, 30, 32, 36, 25, 33, 27, 20, 33, 26], "hlc": [921539, 2]}
INFO:<Node 0>:{"send": true, "recv": false, "from": 0, "to": 2, "vc": [36, 35, 29, 40, 26, 30, 29, 28, 28, 24], "hlc": [921539, 7]}
INFO:<Node 1>:{"send": true, "recv": false, "from": 1, "to": 8, "vc": [34, 39, 32, 41, 26, 30, 29, 24, 31, 24], "hlc": [921539, 7]}
INFO:<Node 2>:{"send": true, "recv": false, "from": 2, "to": 0, "vc": [29, 30, 38, 31, 25, 32, 31, 20, 28, 25], "hlc": [921538, 9]}
INFO:<Node 6>:{"send": true, "recv": false, "from": 6, "to": 9, "vc": [18, 30, 29, 27, 23, 19, 32, 20, 28, 23], "hlc": [921539, 0]}
INFO:<Node 7>:{"send": true, "recv": false, "from": 7, "to": 4, "vc": [32, 35, 29, 40, 26, 30, 29, 29, 28, 24], "hlc": [921540, 0]}
INFO:<Node 9>:{"send": true, "recv": false, "from": 9, "to": 5, "vc": [18, 19, 25, 27, 21, 19, 21, 18, 21, 27], "hlc": [921536, 7]}
INFO:<Node 0>:{"send": false, "recv": true, "to": 0, "from": 2, "vc": [37, 35, 38, 40, 26, 32, 31, 28, 28, 25], "hlc": [921539, 8]}
INFO:<Node 2>:{"send": false, "recv": true, "to": 2, "from": 0, "vc": [36, 35, 39, 40, 26, 32, 31, 28, 28, 25], "hlc": [921539, 8]}
INFO:<Node 4>:{"send": false, "recv": true, "to": 4, "from": 7, "vc": [32, 35, 36, 40, 29, 32, 30, 29, 28, 25], "hlc": [921540, 1]}
INFO:<Node 5>:{"send": false, "recv": true, "to": 5, "from": 9, "vc": [29, 26, 28, 31, 25, 34, 27, 18, 26, 27], "hlc": [921540, 0]}
INFO:<Node 8>:{"send": false, "recv": true, "to": 8, "from": 1, "vc": [34, 39, 32, 41, 26, 33, 29, 24, 34, 26], "hlc": [921539, 8]}
INFO:<Node 9>:{"send": false, "recv": true, "to": 9, "from": 6, "vc": [18, 30, 29, 27, 23, 19, 32, 20, 28, 28], "hlc": [921539, 1]}
INFO:<Node 2>:{"send": true, "recv": false, "from": 2, "to": 0, "vc": [36, 35, 40, 40, 26, 32, 31, 28, 28, 25], "hlc": [921539, 9]}
INFO:<Node 3>:{"send": true, "recv": false, "from": 3, "to": 7, "vc": [31, 33, 29, 42, 26, 19, 25, 20, 26, 24], "hlc": [921539, 0]}
INFO:<Node 4>:{"send": true, "recv": false, "from": 4, "to": 2, "vc": [32, 35, 36, 40, 30, 32, 30, 29, 28, 25], "hlc": [921540, 2]}
INFO:<Node 5>:{"send": true, "recv": false, "from": 5, "to": 8, "vc": [29, 26, 28, 31, 25, 35, 27, 18, 26, 27], "hlc": [921540, 1]}
INFO:<Node 6>:{"send": true, "recv": false, "from": 6, "to": 3, "vc": [18, 30, 29, 27, 23, 19, 33, 20, 28, 23], "hlc": [921539, 1]}
INFO:<Node 7>:{"send": true, "recv": false, "from": 7, "to": 4, "vc": [32, 35, 29, 40, 26, 30, 29, 30, 28, 24], "hlc": [921540, 1]}
INFO:<Node 8>:{"send": true, "recv": false, "from": 8, "to": 2, "vc": [34, 39, 32, 41, 26, 33, 29, 24, 35, 26], "hlc": [921539, 9]}
INFO:<Node 9>:{"send": true, "recv": false, "from": 9, "to": 0, "vc": [18, 30, 29, 27, 23, 19, 32, 20, 28, 29], "hlc": [921539, 2]}
INFO:<Node 0>:{"send": false, "recv": true, "to": 0, "from": 2, "vc": [38, 35, 40, 40, 26, 32, 31, 28, 28, 25], "hlc": [921539, 10]}
INFO:<Node 0>:{"send": false, "recv": true, "to": 0, "from": 9, "vc": [39, 35, 40, 40, 26, 32, 32, 28, 28, 29], "hlc": [921539, 11]}
INFO:<Node 2>:{"send": false, "recv": true, "to": 2, "from": 4, "vc": [36, 35, 41, 40, 30, 32, 31, 29, 28, 25], "hlc": [921540, 3]}
INFO:<Node 2>:{"send": false, "recv": true, "to": 2, "from": 8, "vc": [36, 39, 42, 41, 30, 33, 31, 29, 35, 26], "hlc": [921540, 4]}
INFO:<Node 3>:{"send": false, "recv": true, "to": 3, "from": 6, "vc": [31, 33, 29, 43, 26, 19, 33, 20, 28, 24], "hlc": [921539, 2]}
INFO:<Node 4>:{"send": false, "recv": true, "to": 4, "from": 7, "vc": [32, 35, 36, 40, 31, 32, 30, 30, 28, 25], "hlc": [921540, 3]}
INFO:<Node 7>:{"send": false, "recv": true, "to": 7, "from": 3, "vc": [32, 35, 29, 42, 26, 30, 29, 31, 28, 24], "hlc": [921541, 0]}
INFO:<Node 8>:{"send": false, "recv": true, "to": 8, "from": 5, "vc": [34, 39, 32, 41, 26, 35, 29, 24, 36, 27], "hlc": [921540, 2]}
INFO:<Node 0>:{"send": true, "recv": false, "from": 0, "to": 1, "vc": [40, 35, 40, 40, 26, 32, 32, 28, 28, 29], "hlc": [921539, 12]}
INFO:<Node 2>:{"send": true, "recv": false, "from": 2, "to": 6, "vc": [36, 39, 43, 41, 30, 33, 31, 29, 35, 26], "hlc": [921540, 5]}
INFO:<Node 3>:{"send": true, "recv": false, "from": 3, "to": 2, "vc": [31, 33, 29, 44, 26, 19, 33, 20, 28, 24], "hlc": [921539, 3]}
INFO:<Node 6>:{"send": true, "recv": false, "from": 6, "to": 4, "vc": [18, 30, 29, 27, 23, 19, 34, 20, 28, 23], "hlc": [921540, 0]}
INFO:<Node 7>:{"send": true, "recv": false, "from": 7, "to": 8, "vc": [32, 35, 29, 42, 26, 30, 29, 32, 28, 24], "hlc": [921541, 1]}
INFO:<Node 9>:{"send": true, "recv": false, "from": 9, "to": 2, "vc": [18, 30, 29, 27, 23, 19, 32, 20, 28, 30], "hlc": [921539, 3]}
INFO:<Node 1>:{"send": false, "recv": true, "to": 1, "from": 0, "vc": [40, 40, 40, 41, 26, 32, 32, 28, 31, 29], "hlc": [921539, 13]}
INFO:<Node 2>:{"send": false, "recv": true, "to": 2, "from": 3, "vc": [36, 39, 44, 44, 30, 33, 33, 29, 35, 26], "hlc": [921540, 6]}
INFO:<Node 2>:{"send": false, "recv": true, "to": 2, "from": 9, "vc": [36, 39, 45, 44, 30, 33, 33, 29, 35, 30], "hlc": [921540, 7]}
INFO:<Node 4>:{"send": false, "recv": true, "to": 4, "from": 6, "vc": [32, 35, 36, 40, 32, 32, 34, 30, 28, 25], "hlc": [921540, 4]}
INFO:<Node 6>:{"send": false, "recv": true, "to": 6, "from": 2, "vc": [36, 39, 43, 41, 30, 33, 35, 29, 35, 26], "hlc": [921540, 6]}
INFO:<Node 8>:{"send": false, "recv": true, "to": 8, "from": 7, "vc": [34, 39, 32, 42, 26, 35, 29, 32, 37, 27], "hlc": [921541, 2]}
INFO:<Node 1>:{"send": true, "recv": false, "from": 1, "to": 2, "vc": [40, 41, 40, 41, 26, 32, 32, 28, 31, 29], "hlc": [921539, 14]}
INFO:<Node 2>:{"send": true, "recv": false, "from": 2, "to": 8, "vc": [36, 39, 46, 44, 30, 33, 33, 29, 35, 30], "hlc": [921540, 8]}
INFO:<Node 5>:{"send": true, "recv": false, "from": 5, "to": 3, "vc": [29, 26, 28, 31, 25, 36, 27, 18, 26, 27], "hlc": [921541, 0]}
INFO:<Node 6>:{"send": true, "recv": false, "from": 6, "to": 4, "vc": [36, 39, 43, 41, 30, 33, 36, 29, 35, 26], "hlc": [921540, 7]}
INFO:<Node 7>:{"send": true, "recv": false, "from": 7, "to": 3, "vc": [32, 35, 29, 42, 26, 30, 29, 33, 28, 24], "hlc": [921541, 2]}
INFO:<Node 8>:{"send": true, "recv": false, "from": 8, "to": 0, "vc": [34, 39, 32, 42, 26, 35, 29, 32, 38, 27], "hlc": [921541, 3]}
INFO:<Node 9>:{"send": true, "recv": false, "from": 9, "to": 5, "vc": [18, 30, 29, 27, 23, 19, 32, 20, 28, 31], "hlc": [921539, 4]}
INFO:<Node 0>:{"send": false, "recv": true, "to": 0, "from": 8, "vc": [41, 39, 40, 42, 26, 35, 32, 32, 38, 29], "hlc": [921541, 4]}
INFO:<Node 2>:{"send": false, "recv": true, "to": 2, "from": 1, "vc": [40, 41, 47, 44, 30, 33, 33, 29, 35, 30], "hlc": [921540, 9]}
INFO:<Node 3>:{"send": false, "recv": true, "to": 3, "from": 5, "vc": [31, 33, 29, 45, 26, 36, 33, 20, 28, 27], "hlc": [921541, 1]}
INFO:<Node 3>:{"send": false, "recv": true, "to": 3, "from": 7, "vc": [32, 35, 29, 46, 26, 36, 33, 33, 28, 27], "hlc": [921541, 3]}
INFO:<Node 4>:{"send": false, "recv": true, "to": 4, "from": 6, "vc": [36, 39, 43, 41, 33, 33, 36, 30, 35, 26], "hlc": [921540, 8]}
INFO:<Node 5>:{"send": false, "recv": true, "to": 5, "from": 9, "vc": [29, 30, 29, 31, 25, 37, 32, 20, 28, 31], "hlc": [921541, 1]}
INFO:<Node 8>:{"send": false, "recv": true, "to": 8, "from": 2, "vc": [36, 39, 46, 44, 30, 35, 33, 32, 39, 30], "hlc": [921541, 4]}
INFO:<Node 0>:{"send": true, "recv": false, "from": 0, "to": 9, "vc": [42, 39, 40, 42, 26, 35, 32, 32, 38, 29], "hlc": [921541, 5]}
INFO:<Node 1>:{"send": true, "recv": false, "from": 1, "to": 2, "vc": [40, 42, 40, 41, 26, 32, 32, 28, 31, 29], "hlc": [921539, 15]}
INFO:<Node 6>:{"send": true, "recv": false, "from": 6, "to": 1, "vc": [36, 39, 43, 41, 30, 33, 37, 29, 35, 26], "hlc": [921541, 0]}
INFO:<Node 7>:{"send": true, "recv": false, "from": 7, "to": 3, "vc": [32, 35, 29, 42, 26, 30, 29, 34, 28, 24], "hlc": [921542, 0]}
INFO:<Node 8>:{"send": true, "recv": false, "from": 8, "to": 2, "vc": [36, 39, 46, 44, 30, 35, 33, 32, 40, 30], "hlc": [921541, 5]}
INFO:<Node 1>:{"send": false, "recv": true, "to": 1, "from": 6, "vc": [40, 43, 43, 41, 30, 33, 37, 29, 35, 29], "hlc": [921541, 1]}
INFO:<Node 2>:{"send": false, "recv": true, "to": 2, "from": 1, "vc": [40, 42, 48, 44, 30, 33, 33, 29, 35, 30], "hlc": [921540, 10]}
INFO:<Node 2>:{"send": false, "recv": true, "to": 2, "from": 8, "vc": [40, 42, 49, 44, 30, 35, 33, 32, 40, 30], "hlc": [921541, 6]}
INFO:<Node 3>:{"send": false, "recv": true, "to": 3, "from": 7, "vc": [32, 35, 29, 47, 26, 36, 33, 34, 28, 27], "hlc": [921542, 1]}
INFO:<Node 9>:{"send": false, "recv": true, "to": 9, "from": 0, "vc": [42, 39, 40, 42, 26, 35, 32, 32, 38, 32], "hlc": [921541, 6]}
INFO:<Node 0>:{"send": true, "recv": false, "from": 0, "to": 2, "vc": [43, 39, 40, 42, 26, 35, 32, 32, 38, 29], "hlc": [921541, 6]}
INFO:<Node 1>:{"send": true, "recv": false, "from": 1, "to": 6, "vc": [40, 44, 43, 41, 30, 33, 37, 29, 35, 29], "hlc": [921541, 2]}
INFO:<Node 3>:{"send": true, "recv": false, "from": 3, "to": 6, "vc": [32, 35, 29, 48, 26, 36, 33, 34, 28, 27], "hlc": [921542, 2]}
INFO:<Node 6>:{"send": true, "recv": false, "from": 6, "to": 5, "vc": [36, 39, 43, 41, 30, 33, 38, 29, 35, 26], "hlc": [921541, 1]}
INFO:<Node 9>:{"send": true, "recv": false, "from": 9, "to": 3, "vc": [42, 39, 40, 42, 26, 35, 32, 32, 38, 33], "hlc": [921541, 7]}
INFO:<Node 2>:{"send": false, "recv": true, "to": 2, "from": 0, "vc": [43, 42, 50, 44, 30, 35, 33, 32, 40, 30], "hlc": [921541, 7]}
INFO:<Node 3>:{"send": false, "recv": true, "to": 3, "from": 9, "vc": [42, 39, 40, 49, 26, 36, 33, 34, 38, 33], "hlc": [921542, 3]}
INFO:<Node 5>:{"send": false, "recv": true, "to": 5, "from": 6, "vc": [36, 39, 43, 41, 30, 38, 38, 29, 35, 31], "hlc": [921542, 0]}
INFO:<Node 6>:{"send": false, "recv": true, "to": 6, "from": 1, "vc": [40, 44, 43, 41, 30, 33, 39, 29, 35, 29], "hlc": [921542, 0]}
INFO:<Node 6>:{"send": false, "recv": true, "to": 6, "from": 3, "vc": [40, 44, 43, 48, 30, 36, 40, 34, 35, 29], "hlc": [921542, 3]}
INFO:<Node 0>:{"send": true, "recv": false, "from": 0, "to": 8, "vc": [44, 39, 40, 42, 26, 35, 32, 32, 38, 29], "hlc": [921541, 7]}
INFO:<Node 1>:{"send": true, "recv": false, "from": 1, "to": 7, "vc": [40, 45, 43, 41, 30, 33, 37, 29, 35, 29], "hlc": [921541, 3]}
INFO:<Node 3>:{"send": true, "recv": false, "from": 3, "to": 2, "vc": [42, 39, 40, 50, 26, 36, 33, 34, 38, 33], "hlc": [921542, 4]}
INFO:<Node 4>:{"send": true, "recv": false, "from": 4, "to": 0, "vc": [36, 39, 43, 41, 34, 33, 36, 30, 35, 26], "hlc": [921540, 9]}
INFO:<Node 6>:{"send": true, "recv": false, "from": 6, "to": 3, "vc": [40, 44, 43, 48, 30, 36, 41, 34, 35, 29], "hlc": [921542, 4]}
INFO:<Node 7>:{"send": true, "recv": false, "from": 7, "to": 2, "vc": [32, 35, 29, 42, 26, 30, 29, 35, 28, 24], "hlc": [921543, 0]}
INFO:<Node 8>:{"send": true, "recv": false, "from": 8, "to": 4, "vc": [36, 39, 46, 44, 30, 35, 33, 32, 41, 30], "hlc": [921541, 6]}
INFO:<Node 9>:{"send": true, "recv": false, "from": 9, "to": 2, "vc": [42, 39, 40, 42, 26, 35, 32, 32, 38, 34], "hlc": [921541, 8]}
INFO:<Node 0>:{"send": false, "recv": true, "to": 0, "from": 4, "vc": [45, 39, 43, 42, 34, 35, 36, 32, 38, 29], "hlc": [921541, 8]}
INFO:<Node 2>:{"send": false, "recv": true, "to": 2, "from": 3, "vc": [43, 42, 51, 50, 30, 36, 33, 34, 40, 33], "hlc": [921542, 5]}
INFO:<Node 2>:{"send": false, "recv": true, "to": 2, "from": 7, "vc": [43, 42, 52, 50, 30, 36, 33, 35, 40, 33], "hlc": [921543, 1]}
INFO:<Node 2>:{"send": false, "recv": true, "to": 2, "from": 9, "vc": [43, 42, 53, 50, 30, 36, 33, 35, 40, 34], "hlc": [921543, 2]}
INFO:<Node 3>:{"send": false, "recv": true, "to": 3, "from": 6, "vc": [42, 44, 43, 51, 30, 36, 41, 34, 38, 33], "hlc": [921542, 5]}
INFO:<Node 4>:{"send": false, "recv": true, "to": 4, "from": 8, "vc": [36, 39, 46, 44, 35, 35, 36, 32, 41, 30], "hlc": [921541, 7]}
INFO:<Node 7>:{"send": false, "recv": true, "to": 7, "from": 1, "vc": [40, 45, 43, 42, 30, 33, 37, 36, 35, 29], "hlc": [921543, 1]}
INFO:<Node 8>:{"send": false, "recv": true, "to": 8, "from": 0, "vc": [44, 39, 46, 44, 30, 35, 33, 32, 42, 30], "hlc": [921541, 8]}
INFO:<Node 1>:{"send": true, "recv": false, "from": 1, "to": 3, "vc": [40, 46, 43, 41, 30, 33, 37, 29, 35, 29], "hlc": [921541, 4]}
INFO:<Node 3>:{"send": true, "recv": false, "from": 3, "to": 0, "vc": [42, 44, 43, 52, 30, 36, 41, 34, 38, 33], "hlc": [921542, 6]}
INFO:<Node 8>:{"send": true, "recv": false, "from": 8, "to": 4, "vc": [44, 39, 46, 44, 30, 35, 33, 32, 43, 30], "hlc": [921541, 9]}
INFO:<Node 9>:{"send": true, "recv": false, "from": 9, "to": 5, "vc": [42, 39, 40, 42, 26, 35, 32, 32, 38, 35], "hlc": [921541, 9]}
INFO:<Node 0>:{"send": false, "recv": true, "to": 0, "from": 3, "vc": [46, 44, 43, 52, 34, 36, 41, 34, 38, 33], "hlc": [921542, 7]}
INFO:<Node 3>:{"send": false, "recv": true, "to": 3, "from": 1, "vc": [42, 46, 43, 53, 30, 36, 41, 34, 38, 33], "hlc": [921542, 7]}
INFO:<Node 4>:{"send": false, "recv": true, "to": 4, "from": 8, "vc": [44, 39, 46, 44, 36, 35, 36, 32, 43, 30], "hlc": [921541, 10]}
INFO:<Node 5>:{"send": false, "recv": true, "to": 5, "from": 9, "vc": [42, 39, 43, 42, 30, 39, 38, 32, 38, 35], "hlc": [921543, 0]}
INFO:<Node 0>:{"send": true, "recv": false, "from": 0, "to": 9, "vc": [47, 44, 43, 52, 34, 36, 41, 34, 38, 33], "hlc": [921542, 8]}
INFO:<Node 1>:{"send": true, "recv": false, "from": 1, "to": 0, "vc": [40, 47, 43, 41, 30, 33, 37, 29, 35, 29], "hlc": [921541, 5]}
INFO:<Node 3>:{"send": true, "recv": false, "from": 3, "to": 2, "vc": [42, 46, 43, 54, 30, 36, 41, 34, 38, 33], "hlc": [921542, 8]}
INFO:<Node 4>:{"send": true, "recv": false, "from": 4, "to": 0, "vc": [44, 39, 46, 44, 37, 35, 36, 32, 43, 30], "hlc": [921541, 11]}
INFO:<Node 7>:{"send": true, "recv": false, "from": 7, "to": 2, "vc": [40, 45, 43, 42, 30, 33, 37, 37, 35, 29], "hlc": [921544, 0]}
INFO:<Node 8>:{"send": true, "recv": false, "from": 8, "to": 5, "vc": [44, 39, 46, 44, 30, 35, 33, 32, 44, 30], "hlc": [921541, 10]}
INFO:<Node 9>:{"send": true, "recv": false, "from": 9, "to": 6, "vc": [42, 39, 40, 42, 26, 35, 32, 32, 38, 36], "hlc": [921541, 10]}
INFO:<Node 0>:{"send": false, "recv": true, "to": 0, "from": 1, "vc": [48, 47, 43, 52, 34, 36, 41, 34, 38, 33], "hlc": [921542, 9]}
INFO:<Node 0>:{"send": false, "recv": true, "to": 0, "from": 4, "vc": [49, 47, 46, 52, 37, 36, 41, 34, 43, 33], "hlc": [921542, 10]}
INFO:<Node 2>:{"send": false, "recv": true, "to": 2, "from": 3, "vc": [43, 46, 54, 54, 30, 36, 41, 35, 40, 34], "hlc": [921543, 3]}
INFO:<Node 2>:{"send": false, "recv": true, "to": 2, "from": 7, "vc": [43, 46, 55, 54, 30, 36, 41, 37, 40, 34], "hlc": [921544, 1]}
INFO:<Node 5>:{"send": false, "recv": true, "to": 5, "from": 8, "vc": [44, 39, 46, 44, 30, 40, 38, 32, 44, 35], "hlc": [921544, 0]}
INFO:<Node 6>:{"send": false, "recv": true, "to": 6, "from": 9, "vc": [42, 44, 43, 48, 30, 36, 42, 34, 38, 36], "hlc": [921543, 0]}
INFO:<Node 9>:{"send": false, "recv": true, "to": 9, "from": 0, "vc": [47, 44, 43, 52, 34, 36, 41, 34, 38, 37], "hlc": [921542, 9]}
INFO:<Node 0>:{"send": true, "recv": false, "from": 0, "to": 1, "vc": [50, 47, 46, 52, 37, 36, 41, 34, 43, 33], "hlc": [921542, 11]}
INFO:<Node 1>:{"send": true, "recv": false, "from": 1, "to": 0, "vc": [40, 48, 43, 41, 30, 33, 37, 29, 35, 29], "hlc": [921542, 0]}
INFO:<Node 2>:{"send": true, "recv": false, "from": 2, "to": 8, "vc": [43, 46, 56, 54, 30, 36, 41, 37, 40, 34], "hlc": [921544, 2]}
INFO:<Node 6>:{"send": true, "recv": false, "from": 6, "to": 9, "vc": [42, 44, 43, 48, 30, 36, 43, 34, 38, 36], "hlc": [921543, 1]}
INFO:<Node 7>:{"send": true, "recv": false, "from": 7, "to": 1, "vc": [40, 45, 43, 42, 30, 33, 37, 38, 35, 29], "hlc": [921544, 1]}
INFO:<Node 8>:{"send": true, "recv": false, "from": 8, "to": 1, "vc": [44, 39, 46, 44, 30, 35, 33, 32, 45, 30], "hlc": [921541, 11]}
INFO:<Node 9>:{"send": true, "recv": false, "from": 9, "to": 2, "vc": [47, 44, 43, 52, 34, 36, 41, 34, 38, 38], "hlc": [921542, 10]}
INFO:<Node 0>:{"send": false, "recv": true, "to": 0, "from": 1, "vc": [51, 48, 46, 52, 37, 36, 41, 34, 43, 33], "hlc": [921542, 12]}
INFO:<Node 1>:{"send": false, "recv": true, "to": 1, "from": 0, "vc": [50, 49, 46, 52, 37, 36, 41, 34, 43, 33], "hlc": [921542, 12]}
INFO:<Node 1>:{"send": false, "recv": true, "to": 1, "from": 7, "vc": [50, 50, 46, 52, 37, 36, 41, 38, 43, 33], "hlc": [921544, 2]}
INFO:<Node 1>:{"send": false, "recv": true, "to": 1, "from": 8, "vc": [50, 51, 46, 52, 37, 36, 41, 38, 45, 33], "hlc": [921544, 3]}
INFO:<Node 2>:{"send": false, "recv": true, "to": 2, "from": 9, "vc": [47, 46, 57, 54, 34, 36, 41, 37, 40, 38], "hlc": [921544, 3]}
INFO:<Node 8>:{"send": false, "recv": true, "to": 8, "from": 2, "vc": [44, 46, 56, 54, 30, 36, 41, 37, 46, 34], "hlc": [921544, 3]}
INFO:<Node 9>:{"send": false, "recv": true, "to": 9, "from": 6, "vc": [47, 44, 43, 52, 34, 36, 43, 34, 38, 39], "hlc": [921543, 2]}
INFO:<Node 1>:{"send": true, "recv": false, "from": 1, "to": 5, "vc": [50, 52, 46, 52, 37, 36, 41, 38, 45, 33], "hlc": [921544, 4]}
INFO:<Node 2>:{"send": true, "recv": false, "from": 2, "to": 7, "vc": [47, 46, 58, 54, 34, 36, 41, 37, 40, 38], "hlc": [921544, 4]}
INFO:<Node 5>:{"send": true, "recv": false, "from": 5, "to": 1, "vc": [44, 39, 46, 44, 30, 41, 38, 32, 44, 35], "hlc": [921544, 1]}
INFO:<Node 7>:{"send": true, "recv": false, "from": 7, "to": 2, "vc": [40, 45, 43, 42, 30, 33, 37, 39, 35, 29], "hlc": [921545, 0]}
INFO:<Node 8>:{"send": true, "recv": false, "from": 8, "to": 4, "vc": [44, 46, 56, 54, 30, 36, 41, 37, 47, 34], "hlc": [921544, 4]}
INFO:<Node 1>:{"send": false, "recv": true, "to": 1, "from": 5, "vc": [50, 53, 46, 52, 37, 41, 41, 38, 45, 35], "hlc": [921544, 5]}
INFO:<Node 2>:{"send": false, "recv": true, "to": 2, "from": 7, "vc": [47, 46, 59, 54, 34, 36, 41, 39, 40, 38], "hlc": [921545, 1]}
INFO:<Node 4>:{"send": false, "recv": true, "to": 4, "from": 8, "vc": [44, 46, 56, 54, 38, 36, 41, 37, 47, 34], "hlc": [921544, 5]}
INFO:<Node 5>:{"send": false, "recv": true, "to": 5, "from": 1, "vc": [50, 52, 46, 52, 37, 42, 41, 38, 45, 35], "hlc": [921545, 0]}
INFO:<Node 7>:{"send": false, "recv": true, "to": 7, "from": 2, "vc": [47, 46, 58, 54, 34, 36, 41, 40, 40, 38], "hlc": [921545, 1]}
INFO:<Node 0>:{"send": true, "recv": false, "from": 0, "to": 2, "vc": [52, 48, 46, 52, 37, 36, 41, 34, 43, 33], "hlc": [921542, 13]}
INFO:<Node 3>:{"send": true, "recv": false, "from": 3, "to": 6, "vc": [42, 46, 43, 55, 30, 36, 41, 34, 38, 33], "hlc": [921544, 0]}
INFO:<Node 4>:{"send": true, "recv": false, "from": 4, "to": 3, "vc": [44, 46, 56, 54, 39, 36, 41, 37, 47, 34], "hlc": [921544, 6]}
INFO:<Node 5>:{"send": true, "recv": false, "from": 5, "to": 7, "vc": [50, 52, 46, 52, 37, 43, 41, 38, 45, 35], "hlc": [921545, 1]}
INFO:<Node 6>:{"send": true, "recv": false, "from": 6, "to": 9, "vc": [42, 44, 43, 48, 30, 36, 44, 34, 38, 36], "hlc": [921544, 0]}
INFO:<Node 8>:{"send": true, "recv": false, "from": 8, "to": 5, "vc": [44, 46, 56, 54, 30, 36, 41, 37, 48, 34], "hlc": [921544, 5]}
INFO:<Node 9>:{"send": true, "recv": false, "from": 9, "to": 4, "vc": [47, 44, 43, 52, 34, 36, 43, 34, 38, 40], "hlc": [921543, 3]}
INFO:<Node 2>:{"send": false, "recv": true, "to": 2, "from": 0, "vc": [52, 48, 60, 54, 37, 36, 41, 39, 43, 38], "hlc": [921545, 2]}
INFO:<Node 3>:{"send": false, "recv": true, "to": 3, "from": 4, "vc": [44, 46, 56, 56, 39, 36, 41, 37, 47, 34], "hlc": [921544, 7]}
INFO:<Node 4>:{"send": false, "recv": true, "to": 4, "from": 9, "vc": [47, 46, 56, 54, 40, 36, 43, 37, 47, 40], "hlc": [921544, 7]}
INFO:<Node 5>:{"send": false, "recv": true, "to": 5, "from": 8, "vc": [50, 52, 56, 54, 37, 44, 41, 38, 48, 35], "hlc": [921545, 2]}
INFO:<Node 6>:{"send": false, "recv": true, "to": 6, "from": 3, "vc": [42, 46, 43, 55, 30, 36, 45, 34, 38, 36], "hlc": [921545, 0]}
INFO:<Node 7>:{"send": false, "recv": true, "to": 7, "from": 5, "vc": [50, 52, 58, 54, 37, 43, 41, 41, 45, 38], "hlc": [921546, 0]}
INFO:<Node 9>:{"send": false, "recv": true, "to": 9, "from": 6, "vc": [47, 44, 43, 52, 34, 36, 44, 34, 38, 41], "hlc": [921544, 1]}
INFO:<Node 0>:{"send": true, "recv": false, "from": 0, "to": 1, "vc": [53, 48, 46, 52, 37, 36, 41, 34, 43, 33], "hlc": [921542, 14]}
INFO:<Node 1>:{"send": true, "recv": false, "from": 1, "to": 9, "vc": [50, 54, 46, 52, 37, 41, 41, 38, 45, 35], "hlc": [921544, 6]}
INFO:<Node 2>:{"send": true, "recv": false, "from": 2, "to": 1, "vc": [52, 48, 61, 54, 37, 36, 41, 39, 43, 38], "hlc": [921545, 3]}
INFO:<Node 3>:{"send": true, "recv": false, "from": 3, "to": 8, "vc": [44, 46, 56, 57, 39, 36, 41, 37, 47, 34], "hlc": [921544, 8]}
INFO:<Node 4>:{"send": true, "recv": false, "from": 4, "to": 7, "vc": [47, 46, 56, 54, 41, 36, 43, 37, 47, 40], "hlc": [921544, 8]}
INFO:<Node 5>:{"send": true, "recv": false, "from": 5, "to": 9, "vc": [50, 52, 56, 54, 37, 45, 41, 38, 48, 35], "hlc": [921545, 3]}
INFO:<Node 6>:{"send": true, "recv": false, "from": 6, "to": 1, "vc": [42, 46, 43, 55, 30, 36, 46, 34, 38, 36], "hlc": [921545, 1]}
INFO:<Node 7>:{"send": true, "recv": false, "from": 7, "to": 3, "vc": [50, 52, 58, 54, 37, 43, 41, 42, 45, 38], "hlc": [921546, 1]}
INFO:<Node 9>:{"send": true, "recv": false, "from": 9, "to": 7, "vc": [47, 44, 43, 52, 34, 36, 44, 34, 38, 42], "hlc": [921544, 2]}
INFO:<Node 1>:{"send": false, "recv": true, "to": 1, "from": 0, "vc": [53, 55, 46, 52, 37, 41, 41, 38, 45, 35], "hlc": [921544, 7]}
INFO:<Node 1>:{"send": false, "recv": true, "to": 1, "from": 2, "vc": [53, 56, 61, 54, 37, 41, 41, 39, 45, 38], "hlc": [921545, 4]}
INFO:<Node 1>:{"send": false, "recv": true, "to": 1, "from": 6, "vc": [53, 57, 61, 55, 37, 41, 46, 39, 45, 38], "hlc": [921545, 5]}
INFO:<Node 3>:{"send": false, "recv": true, "to": 3, "from": 7, "vc": [50, 52, 58, 58, 39, 43, 41, 42, 47, 38], "hlc": [921546, 2]}
INFO:<Node 7>:{"send": false, "recv": true, "to": 7, "from": 4, "vc": [50, 52, 58, 54, 41, 43, 43, 43, 47, 40], "hlc": [921546, 2]}
INFO:<Node 7>:{"send": false, "recv": true, "to": 7, "from": 9, "vc": [50, 52, 58, 54, 41, 43, 44, 44, 47, 42], "hlc": [921546, 3]}
INFO:<Node 8>:{"send": false, "recv": true, "to": 8, "from": 3, "vc": [44, 46, 56, 57, 39, 36, 41, 37, 49, 34], "hlc": [921544, 9]}
INFO:<Node 9>:{"send": false, "recv": true, "to": 9, "from": 1, "vc": [50, 54, 46, 52, 37, 41, 44, 38, 45, 43], "hlc": [921544, 7]}
INFO:<Node 9>:{"send": false, "recv": true, "to": 9, "from": 5, "vc": [50, 54, 56, 54, 37, 45, 44, 38, 48, 44], "hlc": [921545, 4]}
INFO:<Node 1>:{"send": true, "recv": false, "from": 1, "to": 6, "vc": [53, 58, 61, 55, 37, 41, 46, 39, 45, 38], "hlc": [921545, 6]}
INFO:<Node 2>:{"send": true, "recv": false, "from": 2, "to": 3, "vc": [52, 48, 62, 54, 37, 36, 41, 39, 43, 38], "hlc": [921545, 4]}
INFO:<Node 3>:{"send": true, "recv": false, "from": 3, "to": 1, "vc": [50, 52, 58, 59, 39, 43, 41, 42, 47, 38], "hlc": [921546, 3]}
INFO:<Node 4>:{"send": true, "recv": false, "from": 4, "to": 2, "vc": [47, 46, 56, 54, 42, 36, 43, 37, 47, 40], "hlc": [921544, 9]}
INFO:<Node 5>:{"send": true, "recv": false, "from": 5, "to": 2, "vc": [50, 52, 56, 54, 37, 46, 41, 38, 48, 35], "hlc": [921546, 0]}
INFO:<Node 6>:{"send": true, "recv": false, "from": 6, "to": 5, "vc": [42, 46, 43, 55, 30, 36, 47, 34, 38, 36], "hlc": [921545, 2]}
INFO:<Node 8>:{"send": true, "recv": false, "from": 8, "to": 1, "vc": [44, 46, 56, 57, 39, 36, 41, 37, 50, 34], "hlc": [921544, 10]}
INFO:<Node 9>:{"send": true, "recv": false, "from": 9, "to": 3, "vc": [50, 54, 56, 54, 37, 45, 44, 38, 48, 45], "hlc": [921545, 5]}
INFO:<Node 1>:{"send": false, "recv": true, "to": 1, "from": 3, "vc": [53, 59, 61, 59, 39, 43, 46, 42, 47, 38], "hlc": [921546, 4]}
INFO:<Node 1>:{"send": false, "recv": true, "to": 1, "from": 8, "vc": [53, 60, 61, 59, 39, 43, 46, 42, 50, 38], "hlc": [921546, 5]}
INFO:<Node 2>:{"send": false, "recv": true, "to": 2, "from": 4, "vc": [52, 48, 63, 54, 42, 36, 43, 39, 47, 40], "hlc": [921545, 5]}
INFO:<Node 2>:{"send": false, "recv": true, "to": 2, "from": 5, "vc": [52, 52, 64, 54, 42, 46, 43, 39, 48, 40], "hlc": [921546, 1]}
INFO:<Node 3>:{"send": false, "recv": true, "to": 3, "from": 2, "vc": [52, 52, 62, 60, 39, 43, 41, 42, 47, 38], "hlc": [921546, 4]}
INFO:<Node 3>:{"send": false, "recv": true, "to": 3, "from": 9, "vc": [52, 54, 62, 61, 39, 45, 44, 42, 48, 45], "hlc": [921546, 5]}
INFO:<Node 5>:{"send": false, "recv": true, "to": 5, "from": 6, "vc": [50, 52, 56, 55, 37, 47, 47, 38, 48, 36], "hlc": [921546, 1]}
INFO:<Node 6>:{"send": false, "recv": true, "to": 6, "from": 1, "vc": [53, 58, 61, 55, 37, 41, 48, 39, 45, 38], "hlc": [921546, 0]}
INFO:<Node 0>:{"send": true, "recv": false, "from": 0, "to": 2, "vc": [54, 48, 46, 52, 37, 36, 41, 34, 43, 33], "hlc": [921543, 0]}
INFO:<Node 1>:{"send": true, "recv": false, "from": 1, "to": 3, "vc": [53, 61, 61, 59, 39, 43, 46, 42, 50, 38], "hlc": [921546, 6]}
INFO:<Node 4>:{"send": true, "recv": false, "from": 4, "to": 7, "vc": [47, 46, 56, 54, 43, 36, 43, 37, 47, 40], "hlc": [921544, 10]}
INFO:<Node 5>:{"send": true, "recv": false, "from": 5, "to": 0, "vc": [50, 52, 56, 55, 37, 48, 47, 38, 48, 36], "hlc": [921546, 2]}
INFO:<Node 8>:{"send": true, "recv": false, "from": 8, "to": 6, "vc": [44, 46, 56, 57, 39, 36, 41, 37, 51, 34], "hlc": [921544, 11]}
INFO:<Node 9>:{"send": true, "recv": false, "from": 9, "to": 5, "vc": [50, 54, 56, 54, 37, 45, 44, 38, 48, 46], "hlc": [921545, 6]}
INFO:<Node 0>:{"send": false, "recv": true, "to": 0, "from": 5, "vc": [55, 52, 56, 55, 37, 48, 47, 38, 48, 36], "hlc": [921546, 3]}
INFO:<Node 2>:{"send": false, "recv": true, "to": 2, "from": 0, "vc": [54, 52, 65, 54, 42, 46, 43, 39, 48, 40], "hlc": [921546, 2]}
INFO:<Node 3>:{"send": false, "recv": true, "to": 3, "from": 1, "vc": [53, 61, 62, 62, 39, 45, 46, 42, 50, 45], "hlc": [921546, 7]}
INFO:<Node 5>:{"send": false, "recv": true, "to": 5, "from": 9, "vc": [50, 54, 56, 55, 37, 49, 47, 38, 48, 46], "hlc": [921547, 0]}
INFO:<Node 6>:{"send": false, "recv": true, "to": 6, "from": 8, "vc": [53, 58, 61, 57, 39, 41, 49, 39, 51, 38], "hlc": [921546, 1]}
INFO:<Node 7>:{"send": false, "recv": true, "to": 7, "from": 4, "vc": [50, 52, 58, 54, 43, 43, 44, 45, 47, 42], "hlc": [921547, 0]}
INFO:<Node 2>:{"send": true, "recv": false, "from": 2, "to": 8, "vc": [54, 52, 66, 54, 42, 46, 43, 39, 48, 40], "hlc": [921546, 3]}
INFO:<Node 4>:{"send": true, "recv": false, "from": 4, "to": 7, "vc": [47, 46, 56, 54, 44, 36, 43, 37, 47, 40], "hlc": [921544, 11]}
INFO:<Node 6>:{"send": true, "recv": false, "from": 6, "to": 7, "vc": [53, 58, 61, 57, 39, 41, 50, 39, 51, 38], "hlc": [921546, 2]}
INFO:<Node 7>:{"send": true, "recv": false, "from": 7, "to": 8, "vc": [50, 52, 58, 54, 43, 43, 44, 46, 47, 42], "hlc": [921547, 1]}
INFO:<Node 8>:{"send": true, "recv": false, "from": 8, "to": 7, "vc": [44, 46, 56, 57, 39, 36, 41, 37, 52, 34], "hlc": [921544, 12]}
INFO:<Node 9>:{"send": true, "recv": false, "from": 9, "to": 2, "vc": [50, 54, 56, 54, 37, 45, 44, 38, 48, 47], "hlc": [921545, 7]}
INFO:<Node 2>:{"send": false, "recv": true, "to": 2, "from": 9, "vc": [54, 54, 67, 54, 42, 46, 44, 39, 48, 47], "hlc": [921546, 4]}
INFO:<Node 7>:{"send": false, "recv": true, "to": 7, "from": 4, "vc": [50, 52, 58, 54, 44, 43, 44, 47, 47, 42], "hlc": [921548, 0]}
INFO:<Node 7>:{"send": false, "recv": true, "to": 7, "from": 6, "vc": [53, 58, 61, 57, 44, 43, 50, 48, 51, 42], "hlc": [921548, 1]}
INFO:<Node 7>:{"send": false, "recv": true, "to": 7, "from": 8, "vc": [53, 58, 61, 57, 44, 43, 50, 49, 52, 42], "hlc": [921548, 2]}
INFO:<Node 8>:{"send": false, "recv": true, "to": 8, "from": 2, "vc": [54, 52, 66, 57, 42, 46, 43, 39, 53, 40], "hlc": [921546, 4]}
INFO:<Node 8>:{"send": false, "recv": true, "to": 8, "from": 7, "vc": [54, 52, 66, 57, 43, 46, 44, 46, 54, 42], "hlc": [921547, 2]}
INFO:<Node 0>:{"send": true, "recv": false, "from": 0, "to": 3, "vc": [56, 52, 56, 55, 37, 48, 47, 38, 48, 36], "hlc": [921546, 4]}
INFO:<Node 1>:{"send": true, "recv": false, "from": 1, "to": 8, "vc": [53, 62, 61, 59, 39, 43, 46, 42, 50, 38], "hlc": [921546, 7]}
INFO:<Node 2>:{"send": true, "recv": false, "from": 2, "to": 7, "vc": [54, 54, 68, 54, 42, 46, 44, 39, 48, 47], "hlc": [921546, 5]}
INFO:<Node 4>:{"send": true, "recv": false, "from": 4, "to": 0, "vc": [47, 46, 56, 54, 45, 36, 43, 37, 47, 40], "hlc": [921544, 12]}
INFO:<Node 7>:{"send": true, "recv": false, "from": 7, "to": 5, "vc": [53, 58, 61, 57, 44, 43, 50, 50, 52, 42], "hlc": [921548, 3]}
INFO:<Node 8>:{"send": true, "recv": false, "from": 8, "to": 9, "vc": [54, 52, 66, 57, 43, 46, 44, 46, 55, 42], "hlc": [921547, 3]}
INFO:<Node 9>:{"send": true, "recv": false, "from": 9, "to": 5, "vc": [50, 54, 56, 54, 37, 45, 44, 38, 48, 48], "hlc": [921545, 8]}
INFO:<Node 0>:{"send": false, "recv": true, "to": 0, "from": 4, "vc": [57, 52, 56, 55, 45, 48, 47, 38, 48, 40], "hlc": [921546, 5]}
INFO:<Node 3>:{"send": false, "recv": true, "to": 3, "from": 0, "vc": [56, 61, 62, 63, 39, 48, 47, 42, 50, 45], "hlc": [921547, 0]}
INFO:<Node 5>:{"send": false, "recv": true, "to": 5, "from": 7, "vc": [53, 58, 61, 57, 44, 50, 50, 50, 52, 46], "hlc": [921548, 4]}
INFO:<Node 5>:{"send": false, "recv": true, "to": 5, "from": 9, "vc": [53, 58, 61, 57, 44, 51, 50, 50, 52, 48], "hlc": [921548, 5]}
INFO:<Node 7>:{"send": false, "recv": true, "to": 7, "from": 2, "vc": [54, 58, 68, 57, 44, 46, 50, 51, 52, 47], "hlc": [921548, 4]}
INFO:<Node 8>:{"send": false, "recv": true, "to": 8, "from": 1, "vc": [54, 62, 66, 59, 43, 46, 46, 46, 56, 42], "hlc": [921547, 4]}
INFO:<Node 9>:{"send": false, "recv": true, "to": 9, "from": 8, "vc": [54, 54, 66, 57, 43, 46, 44, 46, 55, 49], "hlc": [921547, 4]}
INFO:<Node 0>:{"send": true, "recv": false, "from": 0, "to": 7, "vc": [58, 52, 56, 55, 45, 48, 47, 38, 48, 40], "hlc": [921546, 6]}
INFO:<Node 1>:{"send": true, "recv": false, "from": 1, "to": 4, "vc": [53, 63, 61, 59, 39, 43, 46, 42, 50, 38], "hlc": [921546, 8]}
INFO:<Node 2>:{"send": true, "recv": false, "from": 2, "to": 8, "vc": [54, 54, 69, 54, 42, 46, 44, 39, 48, 47], "hlc": [921546, 6]}
INFO:<Node 3>:{"send": true, "recv": false, "from": 3, "to": 9, "vc": [56, 61, 62, 64, 39, 48, 47, 42, 50, 45], "hlc": [921547, 1]}
INFO:<Node 5>:{"send": true, "recv": false, "from": 5, "to": 9, "vc": [53, 58, 61, 57, 44, 52, 50, 50, 52, 48], "hlc": [921548, 6]}
INFO:<Node 7>:{"send": true, "recv": false, "from": 7, "to": 6, "vc": [54, 58, 68, 57, 44, 46, 50, 52, 52, 47], "hlc": [921548, 5]}
INFO:<Node 8>:{"send": true, "recv": false, "from": 8, "to": 2, "vc": [54, 62, 66, 59, 43, 46, 46, 46, 57, 42], "hlc": [921547, 5]}
INFO:<Node 2>:{"send": false, "recv": true, "to": 2, "from": 8, "vc": [54, 62, 70, 59, 43, 46, 46, 46, 57, 47], "hlc": [921547, 6]}
INFO:<Node 4>:{"send": false, "recv": true, "to": 4, "from": 1, "vc": [53, 63, 61, 59, 46, 43, 46, 42, 50, 40], "hlc": [921546, 9]}
INFO:<Node 6>:{"send": false, "recv": true, "to": 6, "from": 7, "vc": [54, 58, 68, 57, 44, 46, 51, 52, 52, 47], "hlc": [921548, 6]}
INFO:<Node 7>:{"send": false, "recv": true, "to": 7, "from": 0, "vc": [58, 58, 68, 57, 45, 48, 50, 53, 52, 47], "hlc": [921549, 0]}
INFO:<Node 8>:{"send": false, "recv": true, "to": 8, "from": 2, "vc": [54, 62, 69, 59, 43, 46, 46, 46, 58, 47], "hlc": [921547, 6]}
INFO:<Node 9>:{"send": false, "recv": true, "to": 9, "from": 3, "vc": [56, 61, 66, 64, 43, 48, 47, 46, 55, 50], "hlc": [921547, 5]}
INFO:<Node 9>:{"send": false, "recv": true, "to": 9, "from": 5, "vc": [56, 61, 66, 64, 44, 52, 50, 50, 55, 51], "hlc": [921548, 7]}
INFO:<Node 1>:{"send": true, "recv": false, "from": 1, "to": 4, "vc": [53, 64, 61, 59, 39, 43, 46, 42, 50, 38], "hlc": [921546, 9]}
INFO:<Node 6>:{"send": true, "recv": false, "from": 6, "to": 7, "vc": [54, 58, 68, 57, 44, 46, 52, 52, 52, 47], "hlc": [921548, 7]}
INFO:<Node 7>:{"send": true, "recv": false, "from": 7, "to": 1, "vc": [58, 58, 68, 57, 45, 48, 50, 54, 52, 47], "hlc": [921549, 1]}
INFO:<Node 8>:{"send": true, "recv": false, "from": 8, "to": 5, "vc": [54, 62, 69, 59, 43, 46, 46, 46, 59, 47], "hlc": [921547, 7]}
INFO:<Node 9>:{"send": true, "recv": false, "from": 9, "to": 3, "vc": [56, 61, 66, 64, 44, 52, 50, 50, 55, 52], "hlc": [921548, 8]}
INFO:<Node 1>:{"send": false, "recv": true, "to": 1, "from": 7, "vc": [58, 65, 68, 59, 45, 48, 50, 54, 52, 47], "hlc": [921549, 2]}
INFO:<Node 3>:{"send": false, "recv": true, "to": 3, "from": 9, "vc": [56, 61, 66, 65, 44, 52, 50, 50, 55, 52], "hlc": [921548, 9]}
INFO:<Node 4>:{"send": false, "recv": true, "to": 4, "from": 1, "vc": [53, 64, 61, 59, 47, 43, 46, 42, 50, 40], "hlc": [921546, 10]}
INFO:<Node 5>:{"send": false, "recv": true, "to": 5, "from": 8, "vc": [54, 62, 69, 59, 44, 53, 50, 50, 59, 48], "hlc": [921549, 0]}
INFO:<Node 7>:{"send": false, "recv": true, "to": 7, "from": 6, "vc": [58, 58, 68, 57, 45, 48, 52, 55, 52, 47], "hlc": [921549, 2]}
INFO:<Node 0>:{"send": true, "recv": false, "from": 0, "to": 3, "vc": [59, 52, 56, 55, 45, 48, 47, 38, 48, 40], "hlc": [921546, 7]}
INFO:<Node 1>:{"send": true, "recv": false, "from": 1, "to": 7, "vc": [58, 66, 68, 59, 45, 48, 50, 54, 52, 47], "hlc": [921549, 3]}
INFO:<Node 2>:{"send": true, "recv": false, "from": 2, "to": 7, "vc": [54, 62, 71, 59, 43, 46, 46, 46, 57, 47], "hlc": [921547, 7]}
INFO:<Node 3>:{"send": true, "recv": false, "from": 3, "to": 7, "vc": [56, 61, 66, 66, 44, 52, 50, 50, 55, 52], "hlc": [921548, 10]}
INFO:<Node 5>:{"send": true, "recv": false, "from": 5, "to": 2, "vc": [54, 62, 69, 59, 44, 54, 50, 50, 59, 48], "hlc": [921549, 1]}
INFO:<Node 6>:{"send": true, "recv": false, "from": 6, "to": 9, "vc": [54, 58, 68, 57, 44, 46, 53, 52, 52, 47], "hlc": [921548, 8]}
INFO:<Node 7>:{"send": true, "recv": false, "from": 7, "to": 8, "vc": [58, 58, 68, 57, 45, 48, 52, 56, 52, 47], "hlc": [921549, 3]}
INFO:<Node 2>:{"send": false, "recv": true, "to": 2, "from": 5, "vc": [54, 62, 72, 59, 44, 54, 50, 50, 59, 48], "hlc": [921549, 2]}
INFO:<Node 3>:{"send": false, "recv": true, "to": 3, "from": 0, "vc": [59, 61, 66, 67, 45, 52, 50, 50, 55, 52], "hlc": [921548, 11]}
INFO:<Node 7>:{"send": false, "recv": true, "to": 7, "from": 1, "vc": [58, 66, 68, 59, 45, 48, 52, 57, 52, 47], "hlc": [921550, 0]}
INFO:<Node 7>:{"send": false, "recv": true, "to": 7, "from": 2, "vc": [58, 66, 71, 59, 45, 48, 52, 58, 57, 47], "hlc": [921550, 1]}
INFO:<Node 7>:{"send": false, "recv": true, "to": 7, "from": 3, "vc": [58, 66, 71, 66, 45, 52, 52, 59, 57, 52], "hlc": [921550, 2]}
INFO:<Node 8>:{"send": false, "recv": true, "to": 8, "from": 7, "vc": [58, 62, 69, 59, 45, 48, 52, 56, 60, 47], "hlc": [921549, 4]}
INFO:<Node 9>:{"send": false, "recv": true, "to": 9, "from": 6, "vc": [56, 61, 68, 64, 44, 52, 53, 52, 55, 53], "hlc": [921548, 9]}
INFO:<Node 3>:{"send": true, "recv": false, "from": 3, "to": 4, "vc": [59, 61, 66, 68, 45, 52, 50, 50, 55, 52], "hlc": [921548, 12]}
INFO:<Node 4>:{"send": true, "recv": false, "from": 4, "to": 6, "vc": [53, 64, 61, 59, 48, 43, 46, 42, 50, 40], "hlc": [921546, 11]}
INFO:<Node 5>:{"send": true, "recv": false, "from": 5, "to": 0, "vc": [54, 62, 69, 59, 44, 55, 50, 50, 59, 48], "hlc": [921549, 2]}
INFO:<Node 7>:{"send": true, "recv": false, "from": 7, "to": 2, "vc": [58, 66, 71, 66, 45, 52, 52, 60, 57, 52], "hlc": [921550, 3]}
INFO:<Node 8>:{"send": true, "recv": false, "from": 8, "to": 2, "vc": [58, 62, 69, 59, 45, 48, 52, 56, 61, 47], "hlc": [921549, 5]}
INFO:<Node 9>:{"send": true, "recv": false, "from": 9, "to": 8, "vc": [56, 61, 68, 64, 44, 52, 53, 52, 55, 54], "hlc": [921548, 10]}
INFO:<Node 0>:{"send": false, "recv": true, "to": 0, "from": 5, "vc": [60, 62, 69, 59, 45, 55, 50, 50, 59, 48], "hlc": [921549, 3]}
INFO:<Node 2>:{"send": false, "recv": true, "to": 2, "from": 7, "vc": [58, 66, 73, 66, 45, 54, 52, 60, 59, 52], "hlc": [921550, 4]}
INFO:<Node 2>:{"send": false, "recv": true, "to": 2, "from": 8, "vc": [58, 66, 74, 66, 45, 54, 52, 60, 61, 52], "hlc": [921550, 5]}
INFO:<Node 4>:{"send": false, "recv": true, "to": 4, "from": 3, "vc": [59, 64, 66, 68, 49, 52, 50, 50, 55, 52], "hlc": [921548, 13]}
INFO:<Node 6>:{"send": false, "recv": true, "to": 6, "from": 4, "vc": [54, 64, 68, 59, 48, 46, 54, 52, 52, 47], "hlc": [921549, 0]}
INFO:<Node 8>:{"send": false, "recv": true, "to": 8, "from": 9, "vc": [58, 62, 69, 64, 45, 52, 53, 56, 62, 54], "hlc": [921549, 6]}
