INFO:root:Random workload: num sockets: 10, num iterations: 50, base address: 43400, chance of send: 3 in 5, round delay (s): 0.5, max clock drift (s): 6.5, actual clock drifts: [2.691747569997812, 5.766260455693281, 1.8248642289621273, 5.910631307849949, 2.0275529149367966, -0.32321109747315546, 3.9098515593894163, 2.0810472525036445, 2.590956422298211, 1.5587843491192945]
INFO:<Node 1>:{"send": true, "recv": false, "from": 1, "to": 5, "vc": [0, 1, 0, 0, 0, 0, 0, 0, 0, 0], "hlc": [921693, 0]}
INFO:<Node 2>:{"send": true, "recv": false, "from": 2, "to": 0, "vc": [0, 0, 1, 0, 0, 0, 0, 0, 0, 0], "hlc": [921689, 0]}
INFO:<Node 7>:{"send": true, "recv": false, "from": 7, "to": 2, "vc": [0, 0, 0, 0, 0, 0, 0, 1, 0, 0], "hlc": [921689, 0]}
INFO:<Node 0>:{"send": false, "recv": true, "to": 0, "from": 2, "vc": [1, 0, 1, 0, 0, 0, 0, 0, 0, 0], "hlc": [921690, 0]}
INFO:<Node 2>:{"send": false, "recv": true, "to": 2, "from": 7, "vc": [0, 0, 2, 0, 0, 0, 0, 1, 0, 0], "hlc": [921690, 0]}
INFO:<Node 5>:{"send": false, "recv": true, "to": 5, "from": 1, "vc": [0, 1, 0, 0, 0, 1, 0, 0, 0, 0], "hlc": [921693, 1]}
INFO:<Node 0>:{"send": true, "recv": false, "from": 0, "to": 5, "vc": [2, 0, 1, 0, 0, 0, 0, 0, 0, 0], "hlc": [921690, 1]}
INFO:<Node 1>:{"send": true, "recv": false, "from": 1, "to": 3, "vc": [0, 2, 0, 0, 0, 0, 0, 0, 0, 0], "hlc": [921694, 0]}
INFO:<Node 2>:{"send": true, "recv": false, "from": 2, "to": 4, "vc": [0, 0, 3, 0, 0, 0, 0, 1, 0, 0], "hlc": [921690, 1]}
INFO:<Node 3>:{"send": true, "recv": false, "from": 3, "to": 7, "vc": [0, 0, 0, 1, 0, 0, 0, 0, 0, 0], "hlc": [921694, 0]}
INFO:<Node 4>:{"send": true, "recv": false, "from": 4, "to": 0, "vc": [0, 0, 0, 0, 1, 0, 0, 0, 0, 0], "hlc": [921690, 0]}
INFO:<Node 5>:{"send": true, "recv": false, "from": 5, "to": 4, "vc": [0, 1, 0, 0, 0, 2, 0, 0, 0, 0], "hlc": [921693, 2]}
INFO:<Node 7>:{"send": true, "recv": false, "from": 7, "to": 2, "vc": [0, 0, 0, 0, 0, 0, 0, 2, 0, 0], "hlc": [921690, 0]}
INFO:<Node 8>:{"send": true, "recv": false, "from": 8, "to": 9, "vc": [0, 0, 0, 0, 0, 0, 0, 0, 1, 0], "hlc": [921690, 0]}
INFO:<Node 9>:{"send": true, "recv": false, "from": 9, "to": 4, "vc": [0, 0, 0, 0, 0, 0, 0, 0, 0, 1], "hlc": [921689, 0]}
INFO:<Node 0>:{"send": false, "recv": true, "to": 0, "from": 4, "vc": [3, 0, 1, 0, 1, 0, 0, 0, 0, 0], "hlc": [921691, 0]}
INFO:<Node 2>:{"send": false, "recv": true, "to": 2, "from": 7, "vc": [0, 0, 4, 0, 0, 0, 0, 2, 0, 0], "hlc": [921690, 2]}
INFO:<Node 3>:{"send": false, "recv": true, "to": 3, "from": 1, "vc": [0, 2, 0, 2, 0, 0, 0, 0, 0, 0], "hlc": [921694, 1]}
INFO:<Node 4>:{"send": false, "recv": true, "to": 4, "from": 2, "vc": [0, 0, 3, 0, 2, 0, 0, 1, 0, 0], "hlc": [921690, 2]}
INFO:<Node 4>:{"send": false, "recv": true, "to": 4, "from": 5, "vc": [0, 1, 3, 0, 3, 2, 0, 1, 0, 0], "hlc": [921693, 3]}
INFO:<Node 4>:{"send": false, "recv": true, "to": 4, "from": 9, "vc": [0, 1, 3, 0, 4, 2, 0, 1, 0, 1], "hlc": [921693, 4]}
INFO:<Node 5>:{"send": false, "recv": true, "to": 5, "from": 0, "vc": [2, 1, 1, 0, 0, 3, 0, 0, 0, 0], "hlc": [921693, 3]}
INFO:<Node 7>:{"send": false, "recv": true, "to": 7, "from": 3, "vc": [0, 0, 0, 1, 0, 0, 0, 3, 0, 0], "hlc": [921694, 1]}
INFO:<Node 9>:{"send": false, "recv": true, "to": 9, "from": 8, "vc": [0, 0, 0, 0, 0, 0, 0, 0, 1, 2], "hlc": [921690, 1]}
INFO:<Node 0>:{"send": true, "recv": false, "from": 0, "to": 9, "vc": [4, 0, 1, 0, 1, 0, 0, 0, 0, 0], "hlc": [921691, 1]}
INFO:<Node 1>:{"send": true, "recv": false, "from": 1, "to": 6, "vc": [0, 3, 0, 0, 0, 0, 0, 0, 0, 0], "hlc": [921694, 1]}
INFO:<Node 2>:{"send": true, "recv": false, "from": 2, "to": 8, "vc": [0, 0, 5, 0, 0, 0, 0, 2, 0, 0], "hlc": [921690, 3]}
INFO:<Node 3>:{"send": true, "recv": false, "from": 3, "to": 2, "vc": [0, 2, 0, 3, 0, 0, 0, 0, 0, 0], "hlc": [921694, 2]}
INFO:<Node 6>:{"send": true, "recv": false, "from": 6, "to": 7, "vc": [0, 0, 0, 0, 0, 0, 1, 0, 0, 0], "hlc": [921692, 0]}
INFO:<Node 9>:{"send": true, "recv": false, "from": 9, "to": 2, "vc": [0, 0, 0, 0, 0, 0, 0, 0, 1, 3], "hlc": [921690, 2]}
INFO:<Node 2>:{"send": false, "recv": true, "to": 2, "from": 3, "vc": [0, 2, 6, 3, 0, 0, 0, 2, 0, 0], "hlc": [921694, 3]}
INFO:<Node 2>:{"send": false, "recv": true, "to": 2, "from": 9, "vc": [0, 2, 7, 3, 0, 0, 0, 2, 1, 3], "hlc": [921694, 4]}
INFO:<Node 6>:{"send": false, "recv": true, "to": 6, "from": 1, "vc": [0, 3, 0, 0, 0, 0, 2, 0, 0, 0], "hlc": [921694, 2]}
INFO:<Node 7>:{"send": false, "recv": true, "to": 7, "from": 6, "vc": [0, 0, 0, 1, 0, 0, 1, 4, 0, 0], "hlc": [921694, 2]}
INFO:<Node 8>:{"send": false, "recv": true, "to": 8, "from": 2, "vc": [0, 0, 5, 0, 0, 0, 0, 2, 2, 0], "hlc": [921691, 0]}
INFO:<Node 9>:{"send": false, "recv": true, "to": 9, "from": 0, "vc": [4, 0, 1, 0, 1, 0, 0, 0, 1, 4], "hlc": [921691, 2]}
INFO:<Node 0>:{"send": true, "recv": false, "from": 0, "to": 4, "vc": [5, 0, 1, 0, 1, 0, 0, 0, 0, 0], "hlc": [921691, 2]}
INFO:<Node 1>:{"send": true, "recv": false, "from": 1, "to": 4, "vc": [0, 4, 0, 0, 0, 0, 0, 0, 0, 0], "hlc": [921695, 0]}
INFO:<Node 2>:{"send": true, "recv": false, "from": 2, "to": 5, "vc": [0, 2, 8, 3, 0, 0, 0, 2, 1, 3], "hlc": [921694, 5]}
INFO:<Node 4>:{"send": true, "recv": false, "from": 4, "to": 9, "vc": [0, 1, 3, 0, 5, 2, 0, 1, 0, 1], "hlc": [921693, 5]}
INFO:<Node 5>:{"send": true, "recv": false, "from": 5, "to": 2, "vc": [2, 1, 1, 0, 0, 4, 0, 0, 0, 0], "hlc": [921693, 4]}
INFO:<Node 6>:{"send": true, "recv": false, "from": 6, "to": 4, "vc": [0, 3, 0, 0, 0, 0, 3, 0, 0, 0], "hlc": [921694, 3]}
INFO:<Node 7>:{"send": true, "recv": false, "from": 7, "to": 0, "vc": [0, 0, 0, 1, 0, 0, 1, 5, 0, 0], "hlc": [921694, 3]}
INFO:<Node 8>:{"send": true, "recv": false, "from": 8, "to": 3, "vc": [0, 0, 5, 0, 0, 0, 0, 2, 3, 0], "hlc": [921691, 1]}
INFO:<Node 9>:{"send": true, "recv": false, "from": 9, "to": 2, "vc": [4, 0, 1, 0, 1, 0, 0, 0, 1, 5], "hlc": [921691, 3]}
INFO:<Node 0>:{"send": false, "recv": true, "to": 0, "from": 7, "vc": [6, 0, 1, 1, 1, 0, 1, 5, 0, 0], "hlc": [921694, 4]}
INFO:<Node 2>:{"send": false, "recv": true, "to": 2, "from": 5, "vc": [2, 2, 9, 3, 0, 4, 0, 2, 1, 3], "hlc": [921694, 6]}
INFO:<Node 2>:{"send": false, "recv": true, "to": 2, "from": 9, "vc": [4, 2, 10, 3, 1, 4, 0, 2, 1, 5], "hlc": [921694, 7]}
INFO:<Node 3>:{"send": false, "recv": true, "to": 3, "from": 8, "vc": [0, 2, 5, 4, 0, 0, 0, 2, 3, 0], "hlc": [921695, 0]}
INFO:<Node 4>:{"send": false, "recv": true, "to": 4, "from": 0, "vc": [5, 1, 3, 0, 6, 2, 0, 1, 0, 1], "hlc": [921693, 6]}
INFO:<Node 4>:{"send": false, "recv": true, "to": 4, "from": 1, "vc": [5, 4, 3, 0, 7, 2, 0, 1, 0, 1], "hlc": [921695, 1]}
INFO:<Node 4>:{"send": false, "recv": true, "to": 4, "from": 6, "vc": [5, 4, 3, 0, 8, 2, 3, 1, 0, 1], "hlc": [921695, 2]}
INFO:<Node 5>:{"send": false, "recv": true, "to": 5, "from": 2, "vc": [2, 2, 8, 3, 0, 5, 0, 2, 1, 3], "hlc": [921694, 6]}
INFO:<Node 9>:{"send": false, "recv": true, "to": 9, "from": 4, "vc": [4, 1, 3, 0, 5, 2, 0, 1, 1, 6], "hlc": [921693, 6]}
INFO:<Node 0>:{"send": true, "recv": false, "from": 0, "to": 7, "vc": [7, 0, 1, 1, 1, 0, 1, 5, 0, 0], "hlc": [921694, 5]}
INFO:<Node 1>:{"send": true, "recv": false, "from": 1, "to": 2, "vc": [0, 5, 0, 0, 0, 0, 0, 0, 0, 0], "hlc": [921695, 1]}
INFO:<Node 4>:{"send": true, "recv": false, "from": 4, "to": 9, "vc": [5, 4, 3, 0, 9, 2, 3, 1, 0, 1], "hlc": [921695, 3]}
INFO:<Node 5>:{"send": true, "recv": false, "from": 5, "to": 9, "vc": [2, 2, 8, 3, 0, 6, 0, 2, 1, 3], "hlc": [921694, 7]}
INFO:<Node 6>:{"send": true, "recv": false, "from": 6, "to": 8, "vc": [0, 3, 0, 0, 0, 0, 4, 0, 0, 0], "hlc": [921694, 4]}
INFO:<Node 9>:{"send": true, "recv": false, "from": 9, "to": 1, "vc": [4, 1, 3, 0, 5, 2, 0, 1, 1, 7], "hlc": [921693, 7]}
INFO:<Node 1>:{"send": false, "recv": true, "to": 1, "from": 9, "vc": [4, 6, 3, 0, 5, 2, 0, 1, 1, 7], "hlc": [921696, 0]}
INFO:<Node 2>:{"send": false, "recv": true, "to": 2, "from": 1, "vc": [4, 5, 11, 3, 1, 4, 0, 2, 1, 5], "hlc": [921695, 2]}
INFO:<Node 7>:{"send": false, "recv": true, "to": 7, "from": 0, "vc": [7, 0, 1, 1, 1, 0, 1, 6, 0, 0], "hlc": [921694, 6]}
INFO:<Node 8>:{"send": false, "recv": true, "to": 8, "from": 6, "vc": [0, 3, 5, 0, 0, 0, 4, 2, 4, 0], "hlc": [921694, 5]}
INFO:<Node 9>:{"send": false, "recv": true, "to": 9, "from": 4, "vc": [5, 4, 3, 0, 9, 2, 3, 1, 1, 8], "hlc": [921695, 4]}
INFO:<Node 9>:{"send": false, "recv": true, "to": 9, "from": 5, "vc": [5, 4, 8, 3, 9, 6, 3, 2, 1, 9], "hlc": [921695, 5]}
INFO:<Node 2>:{"send": true, "recv": false, "from": 2, "to": 9, "vc": [4, 5, 12, 3, 1, 4, 0, 2, 1, 5], "hlc": [921695, 3]}
INFO:<Node 3>:{"send": true, "recv": false, "from": 3, "to": 7, "vc": [0, 2, 5, 5, 0, 0, 0, 2, 3, 0], "hlc": [921696, 0]}
INFO:<Node 4>:{"send": true, "recv": false, "from": 4, "to": 9, "vc": [5, 4, 3, 0, 10, 2, 3, 1, 0, 1], "hlc": [921695, 4]}
INFO:<Node 7>:{"send": true, "recv": false, "from": 7, "to": 6, "vc": [7, 0, 1, 1, 1, 0, 1, 7, 0, 0], "hlc": [921694, 7]}
INFO:<Node 9>:{"send": true, "recv": false, "from": 9, "to": 3, "vc": [5, 4, 8, 3, 9, 6, 3, 2, 1, 10], "hlc": [921695, 6]}
INFO:<Node 3>:{"send": false, "recv": true, "to": 3, "from": 9, "vc": [5, 4, 8, 6, 9, 6, 3, 2, 3, 10], "hlc": [921696, 1]}
INFO:<Node 6>:{"send": false, "recv": true, "to": 6, "from": 7, "vc": [7, 3, 1, 1, 1, 0, 5, 7, 0, 0], "hlc": [921694, 8]}
INFO:<Node 7>:{"send": false, "recv": true, "to": 7, "from": 3, "vc": [7, 2, 5, 5, 1, 0, 1, 8, 3, 0], "hlc": [921696, 1]}
INFO:<Node 9>:{"send": false, "recv": true, "to": 9, "from": 2, "vc": [5, 5, 12, 3, 9, 6, 3, 2, 1, 11], "hlc": [921695, 7]}
INFO:<Node 9>:{"send": false, "recv": true, "to": 9, "from": 4, "vc": [5, 5, 12, 3, 10, 6, 3, 2, 1, 12], "hlc": [921695, 8]}
INFO:<Node 0>:{"send": true, "recv": false, "from": 0, "to": 2, "vc": [8, 0, 1, 1, 1, 0, 1, 5, 0, 0], "hlc": [921694, 6]}
INFO:<Node 1>:{"send": true, "recv": false, "from": 1, "to": 9, "vc": [4, 7, 3, 0, 5, 2, 0, 1, 1, 7], "hlc": [921696, 1]}
INFO:<Node 2>:{"send": true, "recv": false, "from": 2, "to": 5, "vc": [4, 5, 13, 3, 1, 4, 0, 2, 1, 5], "hlc": [921695, 4]}
INFO:<Node 4>:{"send": true, "recv": false, "from": 4, "to": 2, "vc": [5, 4, 3, 0, 11, 2, 3, 1, 0, 1], "hlc": [921695, 5]}
INFO:<Node 7>:{"send": true, "recv": false, "from": 7, "to": 2, "vc": [7, 2, 5, 5, 1, 0, 1, 9, 3, 0], "hlc": [921696, 2]}
INFO:<Node 8>:{"send": true, "recv": false, "from": 8, "to": 4, "vc": [0, 3, 5, 0, 0, 0, 4, 2, 5, 0], "hlc": [921694, 6]}
INFO:<Node 2>:{"send": false, "recv": true, "to": 2, "from": 0, "vc": [8, 5, 14, 3, 1, 4, 1, 5, 1, 5], "hlc": [921695, 5]}
INFO:<Node 2>:{"send": false, "recv": true, "to": 2, "from": 4, "vc": [8, 5, 15, 3, 11, 4, 3, 5, 1, 5], "hlc": [921695, 6]}
INFO:<Node 2>:{"send": false, "recv": true, "to": 2, "from": 7, "vc": [8, 5, 16, 5, 11, 4, 3, 9, 3, 5], "hlc": [921696, 3]}
INFO:<Node 4>:{"send": false, "recv": true, "to": 4, "from": 8, "vc": [5, 4, 5, 0, 12, 2, 4, 2, 5, 1], "hlc": [921695, 6]}
INFO:<Node 5>:{"send": false, "recv": true, "to": 5, "from": 2, "vc": [4, 5, 13, 3, 1, 7, 0, 2, 1, 5], "hlc": [921695, 5]}
INFO:<Node 9>:{"send": false, "recv": true, "to": 9, "from": 1, "vc": [5, 7, 12, 3, 10, 6, 3, 2, 1, 13], "hlc": [921696, 2]}
INFO:<Node 0>:{"send": true, "recv": false, "from": 0, "to": 3, "vc": [9, 0, 1, 1, 1, 0, 1, 5, 0, 0], "hlc": [921694, 7]}
INFO:<Node 2>:{"send": true, "recv": false, "from": 2, "to": 1, "vc": [8, 5, 17, 5, 11, 4, 3, 9, 3, 5], "hlc": [921696, 4]}
INFO:<Node 3>:{"send": true, "recv": false, "from": 3, "to": 2, "vc": [5, 4, 8, 7, 9, 6, 3, 2, 3, 10], "hlc": [921697, 0]}
INFO:<Node 4>:{"send": true, "recv": false, "from": 4, "to": 7, "vc": [5, 4, 5, 0, 13, 2, 4, 2, 5, 1], "hlc": [921695, 7]}
INFO:<Node 6>:{"send": true, "recv": false, "from": 6, "to": 9, "vc": [7, 3, 1, 1, 1, 0, 6, 7, 0, 0], "hlc": [921695, 0]}
INFO:<Node 1>:{"send": false, "recv": true, "to": 1, "from": 2, "vc": [8, 8, 17, 5, 11, 4, 3, 9, 3, 7], "hlc": [921697, 0]}
INFO:<Node 2>:{"send": false, "recv": true, "to": 2, "from": 3, "vc": [8, 5, 18, 7, 11, 6, 3, 9, 3, 10], "hlc": [921697, 1]}
INFO:<Node 3>:{"send": false, "recv": true, "to": 3, "from": 0, "vc": [9, 4, 8, 8, 9, 6, 3, 5, 3, 10], "hlc": [921697, 1]}
INFO:<Node 7>:{"send": false, "recv": true, "to": 7, "from": 4, "vc": [7, 4, 5, 5, 13, 2, 4, 10, 5, 1], "hlc": [921696, 3]}
INFO:<Node 9>:{"send": false, "recv": true, "to": 9, "from": 6, "vc": [7, 7, 12, 3, 10, 6, 6, 7, 1, 14], "hlc": [921696, 3]}
INFO:<Node 0>:{"send": true, "recv": false, "from": 0, "to": 5, "vc": [10, 0, 1, 1, 1, 0, 1, 5, 0, 0], "hlc": [921694, 8]}
INFO:<Node 1>:{"send": true, "recv": false, "from": 1, "to": 2, "vc": [8, 9, 17, 5, 11, 4, 3, 9, 3, 7], "hlc": [921697, 1]}
INFO:<Node 2>:{"send": true, "recv": false, "from": 2, "to": 8, "vc": [8, 5, 19, 7, 11, 6, 3, 9, 3, 10], "hlc": [921697, 2]}
INFO:<Node 4>:{"send": true, "recv": false, "from": 4, "to": 5, "vc": [5, 4, 5, 0, 14, 2, 4, 2, 5, 1], "hlc": [921695, 8]}
INFO:<Node 6>:{"send": true, "recv": false, "from": 6, "to": 9, "vc": [7, 3, 1, 1, 1, 0, 7, 7, 0, 0], "hlc": [921695, 1]}
INFO:<Node 7>:{"send": true, "recv": false, "from": 7, "to": 1, "vc": [7, 4, 5, 5, 13, 2, 4, 11, 5, 1], "hlc": [921696, 4]}
INFO:<Node 8>:{"send": true, "recv": false, "from": 8, "to": 1, "vc": [0, 3, 5, 0, 0, 0, 4, 2, 6, 0], "hlc": [921694, 7]}
INFO:<Node 1>:{"send": false, "recv": true, "to": 1, "from": 7, "vc": [8, 10, 17, 5, 13, 4, 4, 11, 5, 7], "hlc": [921698, 0]}
INFO:<Node 1>:{"send": false, "recv": true, "to": 1, "from": 8, "vc": [8, 11, 17, 5, 13, 4, 4, 11, 6, 7], "hlc": [921698, 1]}
INFO:<Node 2>:{"send": false, "recv": true, "to": 2, "from": 1, "vc": [8, 9, 20, 7, 11, 6, 3, 9, 3, 10], "hlc": [921697, 3]}
INFO:<Node 5>:{"send": false, "recv": true, "to": 5, "from": 0, "vc": [10, 5, 13, 3, 1, 8, 1, 5, 1, 5], "hlc": [921695, 6]}
INFO:<Node 5>:{"send": false, "recv": true, "to": 5, "from": 4, "vc": [10, 5, 13, 3, 14, 9, 4, 5, 5, 5], "hlc": [921695, 9]}
INFO:<Node 8>:{"send": false, "recv": true, "to": 8, "from": 2, "vc": [8, 5, 19, 7, 11, 6, 4, 9, 7, 10], "hlc": [921697, 3]}
INFO:<Node 9>:{"send": false, "recv": true, "to": 9, "from": 6, "vc": [7, 7, 12, 3, 10, 6, 7, 7, 1, 15], "hlc": [921696, 4]}
INFO:<Node 0>:{"send": true, "recv": false, "from": 0, "to": 4, "vc": [11, 0, 1, 1, 1, 0, 1, 5, 0, 0], "hlc": [921694, 9]}
INFO:<Node 1>:{"send": true, "recv": false, "from": 1, "to": 5, "vc": [8, 12, 17, 5, 13, 4, 4, 11, 6, 7], "hlc": [921698, 2]}
INFO:<Node 4>:{"send": true, "recv": false, "from": 4, "to": 1, "vc": [5, 4, 5, 0, 15, 2, 4, 2, 5, 1], "hlc": [921695, 9]}
INFO:<Node 5>:{"send": true, "recv": false, "from": 5, "to": 0, "vc": [10, 5, 13, 3, 14, 10, 4, 5, 5, 5], "hlc": [921695, 10]}
INFO:<Node 6>:{"send": true, "recv": false, "from": 6, "to": 2, "vc": [7, 3, 1, 1, 1, 0, 8, 7, 0, 0], "hlc": [921696, 0]}
INFO:<Node 8>:{"send": true, "recv": false, "from": 8, "to": 4, "vc": [8, 5, 19, 7, 11, 6, 4, 9, 8, 10], "hlc": [921697, 4]}
INFO:<Node 0>:{"send": false, "recv": true, "to": 0, "from": 5, "vc": [12, 5, 13, 3, 14, 10, 4, 5, 5, 5], "hlc": [921695, 11]}
INFO:<Node 1>:{"send": false, "recv": true, "to": 1, "from": 4, "vc": [8, 13, 17, 5, 15, 4, 4, 11, 6, 7], "hlc": [921698, 3]}
INFO:<Node 2>:{"send": false, "recv": true, "to": 2, "from": 6, "vc": [8, 9, 21, 7, 11, 6, 8, 9, 3, 10], "hlc": [921697, 4]}
INFO:<Node 4>:{"send": false, "recv": true, "to": 4, "from": 0, "vc": [11, 4, 5, 1, 16, 2, 4, 5, 5, 1], "hlc": [921695, 10]}
INFO:<Node 4>:{"send": false, "recv": true, "to": 4, "from": 8, "vc": [11, 5, 19, 7, 17, 6, 4, 9, 8, 10], "hlc": [921697, 5]}
INFO:<Node 5>:{"send": false, "recv": true, "to": 5, "from": 1, "vc": [10, 12, 17, 5, 14, 11, 4, 11, 6, 7], "hlc": [921698, 3]}
INFO:<Node 0>:{"send": true, "recv": false, "from": 0, "to": 7, "vc": [13, 5, 13, 3, 14, 10, 4, 5, 5, 5], "hlc": [921695, 12]}
INFO:<Node 1>:{"send": true, "recv": false, "from": 1, "to": 5, "vc": [8, 14, 17, 5, 15, 4, 4, 11, 6, 7], "hlc": [921698, 4]}
INFO:<Node 2>:{"send": true, "recv": false, "from": 2, "to": 3, "vc": [8, 9, 22, 7, 11, 6, 8, 9, 3, 10], "hlc": [921697, 5]}
INFO:<Node 3>:{"send": true, "recv": false, "from": 3, "to": 6, "vc": [9, 4, 8, 9, 9, 6, 3, 5, 3, 10], "hlc": [921698, 0]}
INFO:<Node 5>:{"send": true, "recv": false, "from": 5, "to": 6, "vc": [10, 12, 17, 5, 14, 12, 4, 11, 6, 7], "hlc": [921698, 4]}
INFO:<Node 6>:{"send": true, "recv": false, "from": 6, "to": 9, "vc": [7, 3, 1, 1, 1, 0, 9, 7, 0, 0], "hlc": [921696, 1]}
INFO:<Node 8>:{"send": true, "recv": false, "from": 8, "to": 3, "vc": [8, 5, 19, 7, 11, 6, 4, 9, 9, 10], "hlc": [921697, 5]}
INFO:<Node 9>:{"send": true, "recv": false, "from": 9, "to": 7, "vc": [7, 7, 12, 3, 10, 6, 7, 7, 1, 16], "hlc": [921696, 5]}
INFO:<Node 3>:{"send": false, "recv": true, "to": 3, "from": 2, "vc": [9, 9, 22, 10, 11, 6, 8, 9, 3, 10], "hlc": [921699, 0]}
INFO:<Node 3>:{"send": false, "recv": true, "to": 3, "from": 8, "vc": [9, 9, 22, 11, 11, 6, 8, 9, 9, 10], "hlc": [921699, 1]}
INFO:<Node 5>:{"send": false, "recv": true, "to": 5, "from": 1, "vc": [10, 14, 17, 5, 15, 13, 4, 11, 6, 7], "hlc": [921698, 5]}
INFO:<Node 6>:{"send": false, "recv": true, "to": 6, "from": 3, "vc": [9, 4, 8, 9, 9, 6, 10, 7, 3, 10], "hlc": [921698, 1]}
INFO:<Node 6>:{"send": false, "recv": true, "to": 6, "from": 5, "vc": [10, 12, 17, 9, 14, 12, 11, 11, 6, 10], "hlc": [921698, 5]}
INFO:<Node 7>:{"send": false, "recv": true, "to": 7, "from": 0, "vc": [13, 5, 13, 5, 14, 10, 4, 12, 5, 5], "hlc": [921696, 5]}
INFO:<Node 7>:{"send": false, "recv": true, "to": 7, "from": 9, "vc": [13, 7, 13, 5, 14, 10, 7, 13, 5, 16], "hlc": [921696, 6]}
INFO:<Node 9>:{"send": false, "recv": true, "to": 9, "from": 6, "vc": [7, 7, 12, 3, 10, 6, 9, 7, 1, 17], "hlc": [921696, 6]}
INFO:<Node 1>:{"send": true, "recv": false, "from": 1, "to": 0, "vc": [8, 15, 17, 5, 15, 4, 4, 11, 6, 7], "hlc": [921699, 0]}
INFO:<Node 2>:{"send": true, "recv": false, "from": 2, "to": 1, "vc": [8, 9, 23, 7, 11, 6, 8, 9, 3, 10], "hlc": [921697, 6]}
INFO:<Node 3>:{"send": true, "recv": false, "from": 3, "to": 7, "vc": [9, 9, 22, 12, 11, 6, 8, 9, 9, 10], "hlc": [921699, 2]}
INFO:<Node 4>:{"send": true, "recv": false, "from": 4, "to": 8, "vc": [11, 5, 19, 7, 18, 6, 4, 9, 8, 10], "hlc": [921697, 6]}
INFO:<Node 5>:{"send": true, "recv": false, "from": 5, "to": 1, "vc": [10, 14, 17, 5, 15, 14, 4, 11, 6, 7], "hlc": [921698, 6]}
INFO:<Node 9>:{"send": true, "recv": false, "from": 9, "to": 5, "vc": [7, 7, 12, 3, 10, 6, 9, 7, 1, 18], "hlc": [921696, 7]}
INFO:<Node 0>:{"send": false, "recv": true, "to": 0, "from": 1, "vc": [14, 15, 17, 5, 15, 10, 4, 11, 6, 7], "hlc": [921699, 1]}
INFO:<Node 1>:{"send": false, "recv": true, "to": 1, "from": 2, "vc": [8, 16, 23, 7, 15, 6, 8, 11, 6, 10], "hlc": [921699, 1]}
INFO:<Node 1>:{"send": false, "recv": true, "to": 1, "from": 5, "vc": [10, 17, 23, 7, 15, 14, 8, 11, 6, 10], "hlc": [921699, 2]}
INFO:<Node 5>:{"send": false, "recv": true, "to": 5, "from": 9, "vc": [10, 14, 17, 5, 15, 15, 9, 11, 6, 18], "hlc": [921698, 7]}
INFO:<Node 7>:{"send": false, "recv": true, "to": 7, "from": 3, "vc": [13, 9, 22, 12, 14, 10, 8, 14, 9, 16], "hlc": [921699, 3]}
INFO:<Node 8>:{"send": false, "recv": true, "to": 8, "from": 4, "vc": [11, 5, 19, 7, 18, 6, 4, 9, 10, 10], "hlc": [921697, 7]}
INFO:<Node 0>:{"send": true, "recv": false, "from": 0, "to": 2, "vc": [15, 15, 17, 5, 15, 10, 4, 11, 6, 7], "hlc": [921699, 2]}
INFO:<Node 1>:{"send": true, "recv": false, "from": 1, "to": 3, "vc": [10, 18, 23, 7, 15, 14, 8, 11, 6, 10], "hlc": [921699, 3]}
INFO:<Node 2>:{"send": true, "recv": false, "from": 2, "to": 0, "vc": [8, 9, 24, 7, 11, 6, 8, 9, 3, 10], "hlc": [921697, 7]}
INFO:<Node 3>:{"send": true, "recv": false, "from": 3, "to": 0, "vc": [9, 9, 22, 13, 11, 6, 8, 9, 9, 10], "hlc": [921699, 3]}
INFO:<Node 5>:{"send": true, "recv": false, "from": 5, "to": 9, "vc": [10, 14, 17, 5, 15, 16, 9, 11, 6, 18], "hlc": [921698, 8]}
INFO:<Node 6>:{"send": true, "recv": false, "from": 6, "to": 5, "vc": [10, 12, 17, 9, 14, 12, 12, 11, 6, 10], "hlc": [921698, 6]}
INFO:<Node 8>:{"send": true, "recv": false, "from": 8, "to": 6, "vc": [11, 5, 19, 7, 18, 6, 4, 9, 11, 10], "hlc": [921697, 8]}
INFO:<Node 9>:{"send": true, "recv": false, "from": 9, "to": 6, "vc": [7, 7, 12, 3, 10, 6, 9, 7, 1, 19], "hlc": [921696, 8]}
INFO:<Node 0>:{"send": false, "recv": true, "to": 0, "from": 2, "vc": [16, 15, 24, 7, 15, 10, 8, 11, 6, 10], "hlc": [921699, 3]}
INFO:<Node 0>:{"send": false, "recv": true, "to": 0, "from": 3, "vc": [17, 15, 24, 13, 15, 10, 8, 11, 9, 10], "hlc": [921699, 4]}
INFO:<Node 2>:{"send": false, "recv": true, "to": 2, "from": 0, "vc": [15, 15, 25, 7, 15, 10, 8, 11, 6, 10], "hlc": [921699, 3]}
INFO:<Node 3>:{"send": false, "recv": true, "to": 3, "from": 1, "vc": [10, 18, 23, 14, 15, 14, 8, 11, 9, 10], "hlc": [921700, 0]}
INFO:<Node 5>:{"send": false, "recv": true, "to": 5, "from": 6, "vc": [10, 14, 17, 9, 15, 17, 12, 11, 6, 18], "hlc": [921698, 9]}
INFO:<Node 6>:{"send": false, "recv": true, "to": 6, "from": 8, "vc": [11, 12, 19, 9, 18, 12, 13, 11, 11, 10], "hlc": [921698, 7]}
INFO:<Node 6>:{"send": false, "recv": true, "to": 6, "from": 9, "vc": [11, 12, 19, 9, 18, 12, 14, 11, 11, 19], "hlc": [921698, 8]}
INFO:<Node 9>:{"send": false, "recv": true, "to": 9, "from": 5, "vc": [10, 14, 17, 5, 15, 16, 9, 11, 6, 20], "hlc": [921698, 9]}
INFO:<Node 0>:{"send": true, "recv": false, "from": 0, "to": 3, "vc": [18, 15, 24, 13, 15, 10, 8, 11, 9, 10], "hlc": [921699, 5]}
INFO:<Node 3>:{"send": true, "recv": false, "from": 3, "to": 6, "vc": [10, 18, 23, 15, 15, 14, 8, 11, 9, 10], "hlc": [921700, 1]}
INFO:<Node 5>:{"send": true, "recv": false, "from": 5, "to": 4, "vc": [10, 14, 17, 9, 15, 18, 12, 11, 6, 18], "hlc": [921698, 10]}
INFO:<Node 7>:{"send": true, "recv": false, "from": 7, "to": 1, "vc": [13, 9, 22, 12, 14, 10, 8, 15, 9, 16], "hlc": [921699, 4]}
INFO:<Node 8>:{"send": true, "recv": false, "from": 8, "to": 7, "vc": [11, 5, 19, 7, 18, 6, 4, 9, 12, 10], "hlc": [921697, 9]}
INFO:<Node 9>:{"send": true, "recv": false, "from": 9, "to": 4, "vc": [10, 14, 17, 5, 15, 16, 9, 11, 6, 21], "hlc": [921698, 10]}
INFO:<Node 1>:{"send": false, "recv": true, "to": 1, "from": 7, "vc": [13, 19, 23, 12, 15, 14, 8, 15, 9, 16], "hlc": [921700, 0]}
INFO:<Node 3>:{"send": false, "recv": true, "to": 3, "from": 0, "vc": [18, 18, 24, 16, 15, 14, 8, 11, 9, 10], "hlc": [921700, 2]}
INFO:<Node 4>:{"send": false, "recv": true, "to": 4, "from": 5, "vc": [11, 14, 19, 9, 19, 18, 12, 11, 8, 18], "hlc": [921698, 11]}
INFO:<Node 4>:{"send": false, "recv": true, "to": 4, "from": 9, "vc": [11, 14, 19, 9, 20, 18, 12, 11, 8, 21], "hlc": [921698, 12]}
INFO:<Node 6>:{"send": false, "recv": true, "to": 6, "from": 3, "vc": [11, 18, 23, 15, 18, 14, 15, 11, 11, 19], "hlc": [921700, 2]}
INFO:<Node 7>:{"send": false, "recv": true, "to": 7, "from": 8, "vc": [13, 9, 22, 12, 18, 10, 8, 16, 12, 16], "hlc": [921699, 5]}
INFO:<Node 0>:{"send": true, "recv": false, "from": 0, "to": 3, "vc": [19, 15, 24, 13, 15, 10, 8, 11, 9, 10], "hlc": [921699, 6]}
INFO:<Node 2>:{"send": true, "recv": false, "from": 2, "to": 8, "vc": [15, 15, 26, 7, 15, 10, 8, 11, 6, 10], "hlc": [921699, 4]}
INFO:<Node 4>:{"send": true, "recv": false, "from": 4, "to": 3, "vc": [11, 14, 19, 9, 21, 18, 12, 11, 8, 21], "hlc": [921698, 13]}
INFO:<Node 5>:{"send": true, "recv": false, "from": 5, "to": 0, "vc": [10, 14, 17, 9, 15, 19, 12, 11, 6, 18], "hlc": [921698, 11]}
INFO:<Node 6>:{"send": true, "recv": false, "from": 6, "to": 8, "vc": [11, 18, 23, 15, 18, 14, 16, 11, 11, 19], "hlc": [921700, 3]}
INFO:<Node 8>:{"send": true, "recv": false, "from": 8, "to": 9, "vc": [11, 5, 19, 7, 18, 6, 4, 9, 13, 10], "hlc": [921697, 10]}
INFO:<Node 9>:{"send": true, "recv": false, "from": 9, "to": 0, "vc": [10, 14, 17, 5, 15, 16, 9, 11, 6, 22], "hlc": [921698, 11]}
INFO:<Node 0>:{"send": false, "recv": true, "to": 0, "from": 5, "vc": [20, 15, 24, 13, 15, 19, 12, 11, 9, 18], "hlc": [921699, 7]}
INFO:<Node 0>:{"send": false, "recv": true, "to": 0, "from": 9, "vc": [21, 15, 24, 13, 15, 19, 12, 11, 9, 22], "hlc": [921699, 8]}
INFO:<Node 3>:{"send": false, "recv": true, "to": 3, "from": 0, "vc": [19, 18, 24, 17, 15, 14, 8, 11, 9, 10], "hlc": [921701, 0]}
INFO:<Node 3>:{"send": false, "recv": true, "to": 3, "from": 4, "vc": [19, 18, 24, 18, 21, 18, 12, 11, 9, 21], "hlc": [921701, 1]}
INFO:<Node 8>:{"send": false, "recv": true, "to": 8, "from": 2, "vc": [15, 15, 26, 7, 18, 10, 8, 11, 14, 10], "hlc": [921699, 5]}
INFO:<Node 8>:{"send": false, "recv": true, "to": 8, "from": 6, "vc": [15, 18, 26, 15, 18, 14, 16, 11, 15, 19], "hlc": [921700, 4]}
INFO:<Node 9>:{"send": false, "recv": true, "to": 9, "from": 8, "vc": [11, 14, 19, 7, 18, 16, 9, 11, 13, 23], "hlc": [921698, 12]}
INFO:<Node 0>:{"send": true, "recv": false, "from": 0, "to": 7, "vc": [22, 15, 24, 13, 15, 19, 12, 11, 9, 22], "hlc": [921699, 9]}
INFO:<Node 1>:{"send": true, "recv": false, "from": 1, "to": 2, "vc": [13, 20, 23, 12, 15, 14, 8, 15, 9, 16], "hlc": [921701, 0]}
INFO:<Node 3>:{"send": true, "recv": false, "from": 3, "to": 7, "vc": [19, 18, 24, 19, 21, 18, 12, 11, 9, 21], "hlc": [921701, 2]}
INFO:<Node 4>:{"send": true, "recv": false, "from": 4, "to": 5, "vc": [11, 14, 19, 9, 22, 18, 12, 11, 8, 21], "hlc": [921698, 14]}
INFO:<Node 5>:{"send": true, "recv": false, "from": 5, "to": 3, "vc": [10, 14, 17, 9, 15, 20, 12, 11, 6, 18], "hlc": [921698, 12]}
INFO:<Node 7>:{"send": true, "recv": false, "from": 7, "to": 0, "vc": [13, 9, 22, 12, 18, 10, 8, 17, 12, 16], "hlc": [921699, 6]}
INFO:<Node 9>:{"send": true, "recv": false, "from": 9, "to": 6, "vc": [11, 14, 19, 7, 18, 16, 9, 11, 13, 24], "hlc": [921698, 13]}
INFO:<Node 0>:{"send": false, "recv": true, "to": 0, "from": 7, "vc": [23, 15, 24, 13, 18, 19, 12, 17, 12, 22], "hlc": [921699, 10]}
INFO:<Node 2>:{"send": false, "recv": true, "to": 2, "from": 1, "vc": [15, 20, 27, 12, 15, 14, 8, 15, 9, 16], "hlc": [921701, 1]}
INFO:<Node 3>:{"send": false, "recv": true, "to": 3, "from": 5, "vc": [19, 18, 24, 20, 21, 20, 12, 11, 9, 21], "hlc": [921701, 3]}
INFO:<Node 5>:{"send": false, "recv": true, "to": 5, "from": 4, "vc": [11, 14, 19, 9, 22, 21, 12, 11, 8, 21], "hlc": [921698, 15]}
INFO:<Node 6>:{"send": false, "recv": true, "to": 6, "from": 9, "vc": [11, 18, 23, 15, 18, 16, 17, 11, 13, 24], "hlc": [921700, 4]}
INFO:<Node 7>:{"send": false, "recv": true, "to": 7, "from": 0, "vc": [22, 15, 24, 13, 18, 19, 12, 18, 12, 22], "hlc": [921699, 10]}
INFO:<Node 7>:{"send": false, "recv": true, "to": 7, "from": 3, "vc": [22, 18, 24, 19, 21, 19, 12, 19, 12, 22], "hlc": [921701, 3]}
INFO:<Node 0>:{"send": true, "recv": false, "from": 0, "to": 2, "vc": [24, 15, 24, 13, 18, 19, 12, 17, 12, 22], "hlc": [921699, 11]}
INFO:<Node 2>:{"send": true, "recv": false, "from": 2, "to": 4, "vc": [15, 20, 28, 12, 15, 14, 8, 15, 9, 16], "hlc": [921701, 2]}
INFO:<Node 5>:{"send": true, "recv": false, "from": 5, "to": 6, "vc": [11, 14, 19, 9, 22, 22, 12, 11, 8, 21], "hlc": [921698, 16]}
INFO:<Node 7>:{"send": true, "recv": false, "from": 7, "to": 0, "vc": [22, 18, 24, 19, 21, 19, 12, 20, 12, 22], "hlc": [921701, 4]}
INFO:<Node 8>:{"send": true, "recv": false, "from": 8, "to": 4, "vc": [15, 18, 26, 15, 18, 14, 16, 11, 16, 19], "hlc": [921700, 5]}
INFO:<Node 9>:{"send": true, "recv": false, "from": 9, "to": 5, "vc": [11, 14, 19, 7, 18, 16, 9, 11, 13, 25], "hlc": [921698, 14]}
INFO:<Node 0>:{"send": false, "recv": true, "to": 0, "from": 7, "vc": [25, 18, 24, 19, 21, 19, 12, 20, 12, 22], "hlc": [921701, 5]}
INFO:<Node 2>:{"send": false, "recv": true, "to": 2, "from": 0, "vc": [24, 20, 29, 13, 18, 19, 12, 17, 12, 22], "hlc": [921701, 3]}
INFO:<Node 4>:{"send": false, "recv": true, "to": 4, "from": 2, "vc": [15, 20, 28, 12, 23, 18, 12, 15, 9, 21], "hlc": [921701, 3]}
INFO:<Node 4>:{"send": false, "recv": true, "to": 4, "from": 8, "vc": [15, 20, 28, 15, 24, 18, 16, 15, 16, 21], "hlc": [921701, 4]}
INFO:<Node 5>:{"send": false, "recv": true, "to": 5, "from": 9, "vc": [11, 14, 19, 9, 22, 23, 12, 11, 13, 25], "hlc": [921698, 17]}
INFO:<Node 6>:{"send": false, "recv": true, "to": 6, "from": 5, "vc": [11, 18, 23, 15, 22, 22, 18, 11, 13, 24], "hlc": [921700, 5]}
INFO:<Node 0>:{"send": true, "recv": false, "from": 0, "to": 4, "vc": [26, 18, 24, 19, 21, 19, 12, 20, 12, 22], "hlc": [921701, 6]}
INFO:<Node 1>:{"send": true, "recv": false, "from": 1, "to": 8, "vc": [13, 21, 23, 12, 15, 14, 8, 15, 9, 16], "hlc": [921702, 0]}
INFO:<Node 3>:{"send": true, "recv": false, "from": 3, "to": 4, "vc": [19, 18, 24, 21, 21, 20, 12, 11, 9, 21], "hlc": [921702, 0]}
INFO:<Node 5>:{"send": true, "recv": false, "from": 5, "to": 0, "vc": [11, 14, 19, 9, 22, 24, 12, 11, 13, 25], "hlc": [921698, 18]}
INFO:<Node 7>:{"send": true, "recv": false, "from": 7, "to": 3, "vc": [22, 18, 24, 19, 21, 19, 12, 21, 12, 22], "hlc": [921701, 5]}
INFO:<Node 8>:{"send": true, "recv": false, "from": 8, "to": 7, "vc": [15, 18, 26, 15, 18, 14, 16, 11, 17, 19], "hlc": [921700, 6]}
INFO:<Node 9>:{"send": true, "recv": false, "from": 9, "to": 3, "vc": [11, 14, 19, 7, 18, 16, 9, 11, 13, 26], "hlc": [921698, 15]}
INFO:<Node 0>:{"send": false, "recv": true, "to": 0, "from": 5, "vc": [27, 18, 24, 19, 22, 24, 12, 20, 13, 25], "hlc": [921701, 7]}
INFO:<Node 3>:{"send": false, "recv": true, "to": 3, "from": 7, "vc": [22, 18, 24, 22, 21, 20, 12, 21, 12, 22], "hlc": [921702, 1]}
INFO:<Node 3>:{"send": false, "recv": true, "to": 3, "from": 9, "vc": [22, 18, 24, 23, 21, 20, 12, 21, 13, 26], "hlc": [921702, 2]}
INFO:<Node 4>:{"send": false, "recv": true, "to": 4, "from": 0, "vc": [26, 20, 28, 19, 25, 19, 16, 20, 16, 22], "hlc": [921701, 7]}
INFO:<Node 4>:{"send": false, "recv": true, "to": 4, "from": 3, "vc": [26, 20, 28, 21, 26, 20, 16, 20, 16, 22], "hlc": [921702, 1]}
INFO:<Node 7>:{"send": false, "recv": true, "to": 7, "from": 8, "vc": [22, 18, 26, 19, 21, 19, 16, 22, 17, 22], "hlc": [921701, 6]}
INFO:<Node 8>:{"send": false, "recv": true, "to": 8, "from": 1, "vc": [15, 21, 26, 15, 18, 14, 16, 15, 18, 19], "hlc": [921702, 1]}
INFO:<Node 0>:{"send": true, "recv": false, "from": 0, "to": 8, "vc": [28, 18, 24, 19, 22, 24, 12, 20, 13, 25], "hlc": [921701, 8]}
INFO:<Node 1>:{"send": true, "recv": false, "from": 1, "to": 4, "vc": [13, 22, 23, 12, 15, 14, 8, 15, 9, 16], "hlc": [921702, 1]}
INFO:<Node 2>:{"send": true, "recv": false, "from": 2, "to": 5, "vc": [24, 20, 30, 13, 18, 19, 12, 17, 12, 22], "hlc": [921701, 4]}
INFO:<Node 7>:{"send": true, "recv": false, "from": 7, "to": 3, "vc": [22, 18, 26, 19, 21, 19, 16, 23, 17, 22], "hlc": [921701, 7]}
INFO:<Node 3>:{"send": false, "recv": true, "to": 3, "from": 7, "vc": [22, 18, 26, 24, 21, 20, 16, 23, 17, 26], "hlc": [921703, 0]}
INFO:<Node 4>:{"send": false, "recv": true, "to": 4, "from": 1, "vc": [26, 22, 28, 21, 27, 20, 16, 20, 16, 22], "hlc": [921702, 2]}
INFO:<Node 5>:{"send": false, "recv": true, "to": 5, "from": 2, "vc": [24, 20, 30, 13, 22, 25, 12, 17, 13, 25], "hlc": [921701, 5]}
INFO:<Node 8>:{"send": false, "recv": true, "to": 8, "from": 0, "vc": [28, 21, 26, 19, 22, 24, 16, 20, 19, 25], "hlc": [921702, 2]}
INFO:<Node 1>:{"send": true, "recv": false, "from": 1, "to": 8, "vc": [13, 23, 23, 12, 15, 14, 8, 15, 9, 16], "hlc": [921703, 0]}
INFO:<Node 2>:{"send": true, "recv": false, "from": 2, "to": 6, "vc": [24, 20, 31, 13, 18, 19, 12, 17, 12, 22], "hlc": [921701, 5]}
INFO:<Node 3>:{"send": true, "recv": false, "from": 3, "to": 6, "vc": [22, 18, 26, 25, 21, 20, 16, 23, 17, 26], "hlc": [921703, 1]}
INFO:<Node 5>:{"send": true, "recv": false, "from": 5, "to": 3, "vc": [24, 20, 30, 13, 22, 26, 12, 17, 13, 25], "hlc": [921701, 6]}
INFO:<Node 6>:{"send": true, "recv": false, "from": 6, "to": 0, "vc": [11, 18, 23, 15, 22, 22, 19, 11, 13, 24], "hlc": [921701, 0]}
INFO:<Node 0>:{"send": false, "recv": true, "to": 0, "from": 6, "vc": [29, 18, 24, 19, 22, 24, 19, 20, 13, 25], "hlc": [921701, 9]}
INFO:<Node 3>:{"send": false, "recv": true, "to": 3, "from": 5, "vc": [24, 20, 30, 26, 22, 26, 16, 23, 17, 26], "hlc": [921703, 2]}
INFO:<Node 6>:{"send": false, "recv": true, "to": 6, "from": 2, "vc": [24, 20, 31, 15, 22, 22, 20, 17, 13, 24], "hlc": [921701, 6]}
INFO:<Node 6>:{"send": false, "recv": true, "to": 6, "from": 3, "vc": [24, 20, 31, 25, 22, 22, 21, 23, 17, 26], "hlc": [921703, 2]}
INFO:<Node 8>:{"send": false, "recv": true, "to": 8, "from": 1, "vc": [28, 23, 26, 19, 22, 24, 16, 20, 20, 25], "hlc": [921703, 1]}
INFO:<Node 0>:{"send": true, "recv": false, "from": 0, "to": 1, "vc": [30, 18, 24, 19, 22, 24, 19, 20, 13, 25], "hlc": [921701, 10]}
INFO:<Node 1>:{"send": true, "recv": false, "from": 1, "to": 6, "vc": [13, 24, 23, 12, 15, 14, 8, 15, 9, 16], "hlc": [921703, 1]}
INFO:<Node 4>:{"send": true, "recv": false, "from": 4, "to": 5, "vc": [26, 22, 28, 21, 28, 20, 16, 20, 16, 22], "hlc": [921702, 3]}
INFO:<Node 6>:{"send": true, "recv": false, "from": 6, "to": 8, "vc": [24, 20, 31, 25, 22, 22, 22, 23, 17, 26], "hlc": [921703, 3]}
INFO:<Node 7>:{"send": true, "recv": false, "from": 7, "to": 3, "vc": [22, 18, 26, 19, 21, 19, 16, 24, 17, 22], "hlc": [921701, 8]}
INFO:<Node 8>:{"send": true, "recv": false, "from": 8, "to": 6, "vc": [28, 23, 26, 19, 22, 24, 16, 20, 21, 25], "hlc": [921703, 2]}
INFO:<Node 1>:{"send": false, "recv": true, "to": 1, "from": 0, "vc": [30, 25, 24, 19, 22, 24, 19, 20, 13, 25], "hlc": [921704, 0]}
INFO:<Node 3>:{"send": false, "recv": true, "to": 3, "from": 7, "vc": [24, 20, 30, 27, 22, 26, 16, 24, 17, 26], "hlc": [921704, 0]}
INFO:<Node 5>:{"send": false, "recv": true, "to": 5, "from": 4, "vc": [26, 22, 30, 21, 28, 27, 16, 20, 16, 25], "hlc": [921702, 4]}
INFO:<Node 6>:{"send": false, "recv": true, "to": 6, "from": 1, "vc": [24, 24, 31, 25, 22, 22, 23, 23, 17, 26], "hlc": [921703, 4]}
INFO:<Node 6>:{"send": false, "recv": true, "to": 6, "from": 8, "vc": [28, 24, 31, 25, 22, 24, 24, 23, 21, 26], "hlc": [921703, 5]}
INFO:<Node 8>:{"send": false, "recv": true, "to": 8, "from": 6, "vc": [28, 23, 31, 25, 22, 24, 22, 23, 22, 26], "hlc": [921703, 4]}
INFO:<Node 3>:{"send": true, "recv": false, "from": 3, "to": 5, "vc": [24, 20, 30, 28, 22, 26, 16, 24, 17, 26], "hlc": [921704, 1]}
INFO:<Node 4>:{"send": true, "recv": false, "from": 4, "to": 3, "vc": [26, 22, 28, 21, 29, 20, 16, 20, 16, 22], "hlc": [921702, 4]}
INFO:<Node 5>:{"send": true, "recv": false, "from": 5, "to": 3, "vc": [26, 22, 30, 21, 28, 28, 16, 20, 16, 25], "hlc": [921702, 5]}
INFO:<Node 6>:{"send": true, "recv": false, "from": 6, "to": 2, "vc": [28, 24, 31, 25, 22, 24, 25, 23, 21, 26], "hlc": [921703, 6]}
INFO:<Node 7>:{"send": true, "recv": false, "from": 7, "to": 2, "vc": [22, 18, 26, 19, 21, 19, 16, 25, 17, 22], "hlc": [921701, 9]}
INFO:<Node 8>:{"send": true, "recv": false, "from": 8, "to": 9, "vc": [28, 23, 31, 25, 22, 24, 22, 23, 23, 26], "hlc": [921703, 5]}
INFO:<Node 2>:{"send": false, "recv": true, "to": 2, "from": 6, "vc": [28, 24, 32, 25, 22, 24, 25, 23, 21, 26], "hlc": [921703, 7]}
INFO:<Node 2>:{"send": false, "recv": true, "to": 2, "from": 7, "vc": [28, 24, 33, 25, 22, 24, 25, 25, 21, 26], "hlc": [921703, 8]}
INFO:<Node 3>:{"send": false, "recv": true, "to": 3, "from": 4, "vc": [26, 22, 30, 29, 29, 26, 16, 24, 17, 26], "hlc": [921704, 2]}
INFO:<Node 3>:{"send": false, "recv": true, "to": 3, "from": 5, "vc": [26, 22, 30, 30, 29, 28, 16, 24, 17, 26], "hlc": [921704, 3]}
INFO:<Node 5>:{"send": false, "recv": true, "to": 5, "from": 3, "vc": [26, 22, 30, 28, 28, 29, 16, 24, 17, 26], "hlc": [921704, 2]}
INFO:<Node 9>:{"send": false, "recv": true, "to": 9, "from": 8, "vc": [28, 23, 31, 25, 22, 24, 22, 23, 23, 27], "hlc": [921703, 6]}
INFO:<Node 0>:{"send": true, "recv": false, "from": 0, "to": 1, "vc": [31, 18, 24, 19, 22, 24, 19, 20, 13, 25], "hlc": [921701, 11]}
INFO:<Node 2>:{"send": true, "recv": false, "from": 2, "to": 1, "vc": [28, 24, 34, 25, 22, 24, 25, 25, 21, 26], "hlc": [921703, 9]}
INFO:<Node 3>:{"send": true, "recv": false, "from": 3, "to": 0, "vc": [26, 22, 30, 31, 29, 28, 16, 24, 17, 26], "hlc": [921704, 4]}
INFO:<Node 4>:{"send": true, "recv": false, "from": 4, "to": 9, "vc": [26, 22, 28, 21, 30, 20, 16, 20, 16, 22], "hlc": [921702, 5]}
INFO:<Node 5>:{"send": true, "recv": false, "from": 5, "to": 4, "vc": [26, 22, 30, 28, 28, 30, 16, 24, 17, 26], "hlc": [921704, 3]}
INFO:<Node 7>:{"send": true, "recv": false, "from": 7, "to": 6, "vc": [22, 18, 26, 19, 21, 19, 16, 26, 17, 22], "hlc": [921701, 10]}
INFO:<Node 8>:{"send": true, "recv": false, "from": 8, "to": 6, "vc": [28, 23, 31, 25, 22, 24, 22, 23, 24, 26], "hlc": [921703, 6]}
INFO:<Node 0>:{"send": false, "recv": true, "to": 0, "from": 3, "vc": [32, 22, 30, 31, 29, 28, 19, 24, 17, 26], "hlc": [921704, 5]}
INFO:<Node 1>:{"send": false, "recv": true, "to": 1, "from": 0, "vc": [31, 26, 24, 19, 22, 24, 19, 20, 13, 25], "hlc": [921705, 0]}
INFO:<Node 1>:{"send": false, "recv": true, "to": 1, "from": 2, "vc": [31, 27, 34, 25, 22, 24, 25, 25, 21, 26], "hlc": [921705, 1]}
INFO:<Node 4>:{"send": false, "recv": true, "to": 4, "from": 5, "vc": [26, 22, 30, 28, 31, 30, 16, 24, 17, 26], "hlc": [921704, 4]}
INFO:<Node 6>:{"send": false, "recv": true, "to": 6, "from": 7, "vc": [28, 24, 31, 25, 22, 24, 26, 26, 21, 26], "hlc": [921703, 7]}
INFO:<Node 6>:{"send": false, "recv": true, "to": 6, "from": 8, "vc": [28, 24, 31, 25, 22, 24, 27, 26, 24, 26], "hlc": [921703, 8]}
INFO:<Node 9>:{"send": false, "recv": true, "to": 9, "from": 4, "vc": [28, 23, 31, 25, 30, 24, 22, 23, 23, 28], "hlc": [921703, 7]}
INFO:<Node 0>:{"send": true, "recv": false, "from": 0, "to": 9, "vc": [33, 22, 30, 31, 29, 28, 19, 24, 17, 26], "hlc": [921704, 6]}
INFO:<Node 1>:{"send": true, "recv": false, "from": 1, "to": 6, "vc": [31, 28, 34, 25, 22, 24, 25, 25, 21, 26], "hlc": [921705, 2]}
INFO:<Node 4>:{"send": true, "recv": false, "from": 4, "to": 3, "vc": [26, 22, 30, 28, 32, 30, 16, 24, 17, 26], "hlc": [921704, 5]}
INFO:<Node 5>:{"send": true, "recv": false, "from": 5, "to": 1, "vc": [26, 22, 30, 28, 28, 31, 16, 24, 17, 26], "hlc": [921704, 4]}
INFO:<Node 7>:{"send": true, "recv": false, "from": 7, "to": 1, "vc": [22, 18, 26, 19, 21, 19, 16, 27, 17, 22], "hlc": [921701, 11]}
INFO:<Node 8>:{"send": true, "recv": false, "from": 8, "to": 2, "vc": [28, 23, 31, 25, 22, 24, 22, 23, 25, 26], "hlc": [921703, 7]}
INFO:<Node 9>:{"send": true, "recv": false, "from": 9, "to": 2, "vc": [28, 23, 31, 25, 30, 24, 22, 23, 23, 29], "hlc": [921703, 8]}
INFO:<Node 1>:{"send": false, "recv": true, "to": 1, "from": 5, "vc": [31, 29, 34, 28, 28, 31, 25, 25, 21, 26], "hlc": [921705, 3]}
INFO:<Node 1>:{"send": false, "recv": true, "to": 1, "from": 7, "vc": [31, 30, 34, 28, 28, 31, 25, 27, 21, 26], "hlc": [921705, 4]}
INFO:<Node 2>:{"send": false, "recv": true, "to": 2, "from": 8, "vc": [28, 24, 35, 25, 22, 24, 25, 25, 25, 26], "hlc": [921703, 10]}
INFO:<Node 2>:{"send": false, "recv": true, "to": 2, "from": 9, "vc": [28, 24, 36, 25, 30, 24, 25, 25, 25, 29], "hlc": [921703, 11]}
INFO:<Node 3>:{"send": false, "recv": true, "to": 3, "from": 4, "vc": [26, 22, 30, 32, 32, 30, 16, 24, 17, 26], "hlc": [921705, 0]}
INFO:<Node 6>:{"send": false, "recv": true, "to": 6, "from": 1, "vc": [31, 28, 34, 25, 22, 24, 28, 26, 24, 26], "hlc": [921705, 3]}
INFO:<Node 9>:{"send": false, "recv": true, "to": 9, "from": 0, "vc": [33, 23, 31, 31, 30, 28, 22, 24, 23, 30], "hlc": [921704, 7]}
INFO:<Node 1>:{"send": true, "recv": false, "from": 1, "to": 3, "vc": [31, 31, 34, 28, 28, 31, 25, 27, 21, 26], "hlc": [921705, 5]}
INFO:<Node 2>:{"send": true, "recv": false, "from": 2, "to": 6, "vc": [28, 24, 37, 25, 30, 24, 25, 25, 25, 29], "hlc": [921703, 12]}
INFO:<Node 4>:{"send": true, "recv": false, "from": 4, "to": 2, "vc": [26, 22, 30, 28, 33, 30, 16, 24, 17, 26], "hlc": [921704, 6]}
INFO:<Node 5>:{"send": true, "recv": false, "from": 5, "to": 3, "vc": [26, 22, 30, 28, 28, 32, 16, 24, 17, 26], "hlc": [921704, 5]}
INFO:<Node 6>:{"send": true, "recv": false, "from": 6, "to": 5, "vc": [31, 28, 34, 25, 22, 24, 29, 26, 24, 26], "hlc": [921705, 4]}
INFO:<Node 7>:{"send": true, "recv": false, "from": 7, "to": 4, "vc": [22, 18, 26, 19, 21, 19, 16, 28, 17, 22], "hlc": [921701, 12]}
INFO:<Node 8>:{"send": true, "recv": false, "from": 8, "to": 0, "vc": [28, 23, 31, 25, 22, 24, 22, 23, 26, 26], "hlc": [921703, 8]}
INFO:<Node 0>:{"send": false, "recv": true, "to": 0, "from": 8, "vc": [34, 23, 31, 31, 29, 28, 22, 24, 26, 26], "hlc": [921704, 7]}
INFO:<Node 2>:{"send": false, "recv": true, "to": 2, "from": 4, "vc": [28, 24, 38, 28, 33, 30, 25, 25, 25, 29], "hlc": [921704, 7]}
INFO:<Node 3>:{"send": false, "recv": true, "to": 3, "from": 1, "vc": [31, 31, 34, 33, 32, 31, 25, 27, 21, 26], "hlc": [921706, 0]}
INFO:<Node 3>:{"send": false, "recv": true, "to": 3, "from": 5, "vc": [31, 31, 34, 34, 32, 32, 25, 27, 21, 26], "hlc": [921706, 1]}
INFO:<Node 4>:{"send": false, "recv": true, "to": 4, "from": 7, "vc": [26, 22, 30, 28, 34, 30, 16, 28, 17, 26], "hlc": [921704, 7]}
INFO:<Node 5>:{"send": false, "recv": true, "to": 5, "from": 6, "vc": [31, 28, 34, 28, 28, 33, 29, 26, 24, 26], "hlc": [921705, 5]}
INFO:<Node 6>:{"send": false, "recv": true, "to": 6, "from": 2, "vc": [31, 28, 37, 25, 30, 24, 30, 26, 25, 29], "hlc": [921705, 5]}
INFO:<Node 0>:{"send": true, "recv": false, "from": 0, "to": 3, "vc": [35, 23, 31, 31, 29, 28, 22, 24, 26, 26], "hlc": [921704, 8]}
INFO:<Node 2>:{"send": true, "recv": false, "from": 2, "to": 1, "vc": [28, 24, 39, 28, 33, 30, 25, 25, 25, 29], "hlc": [921704, 8]}
INFO:<Node 7>:{"send": true, "recv": false, "from": 7, "to": 0, "vc": [22, 18, 26, 19, 21, 19, 16, 29, 17, 22], "hlc": [921702, 0]}
INFO:<Node 9>:{"send": true, "recv": false, "from": 9, "to": 3, "vc": [33, 23, 31, 31, 30, 28, 22, 24, 23, 31], "hlc": [921704, 8]}
INFO:<Node 0>:{"send": false, "recv": true, "to": 0, "from": 7, "vc": [36, 23, 31, 31, 29, 28, 22, 29, 26, 26], "hlc": [921704, 9]}
INFO:<Node 1>:{"send": false, "recv": true, "to": 1, "from": 2, "vc": [31, 32, 39, 28, 33, 31, 25, 27, 25, 29], "hlc": [921706, 0]}
INFO:<Node 3>:{"send": false, "recv": true, "to": 3, "from": 0, "vc": [35, 31, 34, 35, 32, 32, 25, 27, 26, 26], "hlc": [921706, 2]}
INFO:<Node 3>:{"send": false, "recv": true, "to": 3, "from": 9, "vc": [35, 31, 34, 36, 32, 32, 25, 27, 26, 31], "hlc": [921706, 3]}
INFO:<Node 0>:{"send": true, "recv": false, "from": 0, "to": 6, "vc": [37, 23, 31, 31, 29, 28, 22, 29, 26, 26], "hlc": [921704, 10]}
INFO:<Node 2>:{"send": true, "recv": false, "from": 2, "to": 3, "vc": [28, 24, 40, 28, 33, 30, 25, 25, 25, 29], "hlc": [921704, 9]}
INFO:<Node 4>:{"send": true, "recv": false, "from": 4, "to": 7, "vc": [26, 22, 30, 28, 35, 30, 16, 28, 17, 26], "hlc": [921704, 8]}
INFO:<Node 5>:{"send": true, "recv": false, "from": 5, "to": 8, "vc": [31, 28, 34, 28, 28, 34, 29, 26, 24, 26], "hlc": [921705, 6]}
INFO:<Node 6>:{"send": true, "recv": false, "from": 6, "to": 3, "vc": [31, 28, 37, 25, 30, 24, 31, 26, 25, 29], "hlc": [921705, 6]}
INFO:<Node 9>:{"send": true, "recv": false, "from": 9, "to": 2, "vc": [33, 23, 31, 31, 30, 28, 22, 24, 23, 32], "hlc": [921704, 9]}
INFO:<Node 2>:{"send": false, "recv": true, "to": 2, "from": 9, "vc": [33, 24, 41, 31, 33, 30, 25, 25, 25, 32], "hlc": [921704, 10]}
INFO:<Node 3>:{"send": false, "recv": true, "to": 3, "from": 2, "vc": [35, 31, 40, 37, 33, 32, 25, 27, 26, 31], "hlc": [921707, 0]}
INFO:<Node 3>:{"send": false, "recv": true, "to": 3, "from": 6, "vc": [35, 31, 40, 38, 33, 32, 31, 27, 26, 31], "hlc": [921707, 1]}
INFO:<Node 6>:{"send": false, "recv": true, "to": 6, "from": 0, "vc": [37, 28, 37, 31, 30, 28, 32, 29, 26, 29], "hlc": [921705, 7]}
INFO:<Node 7>:{"send": false, "recv": true, "to": 7, "from": 4, "vc": [26, 22, 30, 28, 35, 30, 16, 30, 17, 26], "hlc": [921704, 9]}
INFO:<Node 8>:{"send": false, "recv": true, "to": 8, "from": 5, "vc": [31, 28, 34, 28, 28, 34, 29, 26, 27, 26], "hlc": [921705, 7]}
INFO:<Node 1>:{"send": true, "recv": false, "from": 1, "to": 6, "vc": [31, 33, 39, 28, 33, 31, 25, 27, 25, 29], "hlc": [921707, 0]}
INFO:<Node 4>:{"send": true, "recv": false, "from": 4, "to": 7, "vc": [26, 22, 30, 28, 36, 30, 16, 28, 17, 26], "hlc": [921704, 9]}
INFO:<Node 5>:{"send": true, "recv": false, "from": 5, "to": 1, "vc": [31, 28, 34, 28, 28, 35, 29, 26, 24, 26], "hlc": [921705, 7]}
INFO:<Node 7>:{"send": true, "recv": false, "from": 7, "to": 2, "vc": [26, 22, 30, 28, 35, 30, 16, 31, 17, 26], "hlc": [921704, 10]}
INFO:<Node 8>:{"send": true, "recv": false, "from": 8, "to": 4, "vc": [31, 28, 34, 28, 28, 34, 29, 26, 28, 26], "hlc": [921705, 8]}
INFO:<Node 1>:{"send": false, "recv": true, "to": 1, "from": 5, "vc": [31, 34, 39, 28, 33, 35, 29, 27, 25, 29], "hlc": [921707, 1]}
INFO:<Node 2>:{"send": false, "recv": true, "to": 2, "from": 7, "vc": [33, 24, 42, 31, 35, 30, 25, 31, 25, 32], "hlc": [921704, 11]}
INFO:<Node 4>:{"send": false, "recv": true, "to": 4, "from": 8, "vc": [31, 28, 34, 28, 37, 34, 29, 28, 28, 26], "hlc": [921705, 9]}
INFO:<Node 6>:{"send": false, "recv": true, "to": 6, "from": 1, "vc": [37, 33, 39, 31, 33, 31, 33, 29, 26, 29], "hlc": [921707, 1]}
INFO:<Node 7>:{"send": false, "recv": true, "to": 7, "from": 4, "vc": [26, 22, 30, 28, 36, 30, 16, 32, 17, 26], "hlc": [921704, 11]}
INFO:<Node 2>:{"send": true, "recv": false, "from": 2, "to": 7, "vc": [33, 24, 43, 31, 35, 30, 25, 31, 25, 32], "hlc": [921704, 12]}
INFO:<Node 5>:{"send": true, "recv": false, "from": 5, "to": 7, "vc": [31, 28, 34, 28, 28, 36, 29, 26, 24, 26], "hlc": [921705, 8]}
INFO:<Node 6>:{"send": true, "recv": false, "from": 6, "to": 9, "vc": [37, 33, 39, 31, 33, 31, 34, 29, 26, 29], "hlc": [921707, 2]}
INFO:<Node 7>:{"send": true, "recv": false, "from": 7, "to": 0, "vc": [26, 22, 30, 28, 36, 30, 16, 33, 17, 26], "hlc": [921704, 12]}
INFO:<Node 9>:{"send": true, "recv": false, "from": 9, "to": 0, "vc": [33, 23, 31, 31, 30, 28, 22, 24, 23, 33], "hlc": [921704, 10]}
INFO:<Node 0>:{"send": false, "recv": true, "to": 0, "from": 7, "vc": [38, 23, 31, 31, 36, 30, 22, 33, 26, 26], "hlc": [921705, 0]}
INFO:<Node 0>:{"send": false, "recv": true, "to": 0, "from": 9, "vc": [39, 23, 31, 31, 36, 30, 22, 33, 26, 33], "hlc": [921705, 1]}
INFO:<Node 7>:{"send": false, "recv": true, "to": 7, "from": 2, "vc": [33, 24, 43, 31, 36, 30, 25, 34, 25, 32], "hlc": [921704, 13]}
INFO:<Node 7>:{"send": false, "recv": true, "to": 7, "from": 5, "vc": [33, 28, 43, 31, 36, 36, 29, 35, 25, 32], "hlc": [921705, 9]}
INFO:<Node 9>:{"send": false, "recv": true, "to": 9, "from": 6, "vc": [37, 33, 39, 31, 33, 31, 34, 29, 26, 34], "hlc": [921707, 3]}
INFO:<Node 0>:{"send": true, "recv": false, "from": 0, "to": 8, "vc": [40, 23, 31, 31, 36, 30, 22, 33, 26, 33], "hlc": [921705, 2]}
INFO:<Node 1>:{"send": true, "recv": false, "from": 1, "to": 3, "vc": [31, 35, 39, 28, 33, 35, 29, 27, 25, 29], "hlc": [921708, 0]}
INFO:<Node 2>:{"send": true, "recv": false, "from": 2, "to": 8, "vc": [33, 24, 44, 31, 35, 30, 25, 31, 25, 32], "hlc": [921704, 13]}
INFO:<Node 3>:{"send": true, "recv": false, "from": 3, "to": 1, "vc": [35, 31, 40, 39, 33, 32, 31, 27, 26, 31], "hlc": [921708, 0]}
INFO:<Node 5>:{"send": true, "recv": false, "from": 5, "to": 6, "vc": [31, 28, 34, 28, 28, 37, 29, 26, 24, 26], "hlc": [921705, 9]}
INFO:<Node 8>:{"send": true, "recv": false, "from": 8, "to": 5, "vc": [31, 28, 34, 28, 28, 34, 29, 26, 29, 26], "hlc": [921705, 9]}
INFO:<Node 1>:{"send": false, "recv": true, "to": 1, "from": 3, "vc": [35, 36, 40, 39, 33, 35, 31, 27, 26, 31], "hlc": [921708, 1]}
INFO:<Node 3>:{"send": false, "recv": true, "to": 3, "from": 1, "vc": [35, 35, 40, 40, 33, 35, 31, 27, 26, 31], "hlc": [921708, 1]}
INFO:<Node 5>:{"send": false, "recv": true, "to": 5, "from": 8, "vc": [31, 28, 34, 28, 28, 38, 29, 26, 29, 26], "hlc": [921705, 10]}
INFO:<Node 6>:{"send": false, "recv": true, "to": 6, "from": 5, "vc": [37, 33, 39, 31, 33, 37, 35, 29, 26, 29], "hlc": [921707, 3]}
INFO:<Node 8>:{"send": false, "recv": true, "to": 8, "from": 0, "vc": [40, 28, 34, 31, 36, 34, 29, 33, 30, 33], "hlc": [921705, 10]}
INFO:<Node 8>:{"send": false, "recv": true, "to": 8, "from": 2, "vc": [40, 28, 44, 31, 36, 34, 29, 33, 31, 33], "hlc": [921705, 11]}
INFO:<Node 1>:{"send": true, "recv": false, "from": 1, "to": 5, "vc": [35, 37, 40, 39, 33, 35, 31, 27, 26, 31], "hlc": [921708, 2]}
INFO:<Node 2>:{"send": true, "recv": false, "from": 2, "to": 8, "vc": [33, 24, 45, 31, 35, 30, 25, 31, 25, 32], "hlc": [921704, 14]}
INFO:<Node 3>:{"send": true, "recv": false, "from": 3, "to": 5, "vc": [35, 35, 40, 41, 33, 35, 31, 27, 26, 31], "hlc": [921708, 2]}
INFO:<Node 5>:{"send": true, "recv": false, "from": 5, "to": 4, "vc": [31, 28, 34, 28, 28, 39, 29, 26, 29, 26], "hlc": [921705, 11]}
INFO:<Node 7>:{"send": true, "recv": false, "from": 7, "to": 1, "vc": [33, 28, 43, 31, 36, 36, 29, 36, 25, 32], "hlc": [921705, 10]}
INFO:<Node 8>:{"send": true, "recv": false, "from": 8, "to": 2, "vc": [40, 28, 44, 31, 36, 34, 29, 33, 32, 33], "hlc": [921705, 12]}
INFO:<Node 1>:{"send": false, "recv": true, "to": 1, "from": 7, "vc": [35, 38, 43, 39, 36, 36, 31, 36, 26, 32], "hlc": [921709, 0]}
INFO:<Node 2>:{"send": false, "recv": true, "to": 2, "from": 8, "vc": [40, 28, 46, 31, 36, 34, 29, 33, 32, 33], "hlc": [921705, 13]}
INFO:<Node 4>:{"send": false, "recv": true, "to": 4, "from": 5, "vc": [31, 28, 34, 28, 38, 39, 29, 28, 29, 26], "hlc": [921705, 12]}
INFO:<Node 5>:{"send": false, "recv": true, "to": 5, "from": 1, "vc": [35, 37, 40, 39, 33, 40, 31, 27, 29, 31], "hlc": [921708, 3]}
INFO:<Node 5>:{"send": false, "recv": true, "to": 5, "from": 3, "vc": [35, 37, 40, 41, 33, 41, 31, 27, 29, 31], "hlc": [921708, 4]}
INFO:<Node 8>:{"send": false, "recv": true, "to": 8, "from": 2, "vc": [40, 28, 45, 31, 36, 34, 29, 33, 33, 33], "hlc": [921705, 13]}
INFO:<Node 0>:{"send": true, "recv": false, "from": 0, "to": 1, "vc": [41, 23, 31, 31, 36, 30, 22, 33, 26, 33], "hlc": [921706, 0]}
INFO:<Node 1>:{"send": true, "recv": false, "from": 1, "to": 9, "vc": [35, 39, 43, 39, 36, 36, 31, 36, 26, 32], "hlc": [921709, 1]}
INFO:<Node 2>:{"send": true, "recv": false, "from": 2, "to": 5, "vc": [40, 28, 47, 31, 36, 34, 29, 33, 32, 33], "hlc": [921705, 14]}
INFO:<Node 4>:{"send": true, "recv": false, "from": 4, "to": 0, "vc": [31, 28, 34, 28, 39, 39, 29, 28, 29, 26], "hlc": [921705, 13]}
INFO:<Node 5>:{"send": true, "recv": false, "from": 5, "to": 3, "vc": [35, 37, 40, 41, 33, 42, 31, 27, 29, 31], "hlc": [921708, 5]}
INFO:<Node 7>:{"send": true, "recv": false, "from": 7, "to": 4, "vc": [33, 28, 43, 31, 36, 36, 29, 37, 25, 32], "hlc": [921705, 11]}
INFO:<Node 8>:{"send": true, "recv": false, "from": 8, "to": 9, "vc": [40, 28, 45, 31, 36, 34, 29, 33, 34, 33], "hlc": [921705, 14]}
INFO:<Node 9>:{"send": true, "recv": false, "from": 9, "to": 4, "vc": [37, 33, 39, 31, 33, 31, 34, 29, 26, 35], "hlc": [921707, 4]}
INFO:<Node 0>:{"send": false, "recv": true, "to": 0, "from": 4, "vc": [42, 28, 34, 31, 39, 39, 29, 33, 29, 33], "hlc": [921706, 1]}
INFO:<Node 1>:{"send": false, "recv": true, "to": 1, "from": 0, "vc": [41, 40, 43, 39, 36, 36, 31, 36, 26, 33], "hlc": [921709, 2]}
INFO:<Node 3>:{"send": false, "recv": true, "to": 3, "from": 5, "vc": [35, 37, 40, 42, 33, 42, 31, 27, 29, 31], "hlc": [921709, 0]}
INFO:<Node 4>:{"send": false, "recv": true, "to": 4, "from": 7, "vc": [33, 28, 43, 31, 40, 39, 29, 37, 29, 32], "hlc": [921705, 14]}
INFO:<Node 4>:{"send": false, "recv": true, "to": 4, "from": 9, "vc": [37, 33, 43, 31, 41, 39, 34, 37, 29, 35], "hlc": [921707, 5]}
INFO:<Node 5>:{"send": false, "recv": true, "to": 5, "from": 2, "vc": [40, 37, 47, 41, 36, 43, 31, 33, 32, 33], "hlc": [921708, 6]}
INFO:<Node 9>:{"send": false, "recv": true, "to": 9, "from": 1, "vc": [37, 39, 43, 39, 36, 36, 34, 36, 26, 36], "hlc": [921709, 2]}
INFO:<Node 9>:{"send": false, "recv": true, "to": 9, "from": 8, "vc": [40, 39, 45, 39, 36, 36, 34, 36, 34, 37], "hlc": [921709, 3]}
INFO:<Node 0>:{"send": true, "recv": false, "from": 0, "to": 9, "vc": [43, 28, 34, 31, 39, 39, 29, 33, 29, 33], "hlc": [921706, 2]}
INFO:<Node 1>:{"send": true, "recv": false, "from": 1, "to": 4, "vc": [41, 41, 43, 39, 36, 36, 31, 36, 26, 33], "hlc": [921709, 3]}
INFO:<Node 3>:{"send": true, "recv": false, "from": 3, "to": 7, "vc": [35, 37, 40, 43, 33, 42, 31, 27, 29, 31], "hlc": [921709, 1]}
INFO:<Node 4>:{"send": true, "recv": false, "from": 4, "to": 1, "vc": [37, 33, 43, 31, 42, 39, 34, 37, 29, 35], "hlc": [921707, 6]}
INFO:<Node 5>:{"send": true, "recv": false, "from": 5, "to": 8, "vc": [40, 37, 47, 41, 36, 44, 31, 33, 32, 33], "hlc": [921708, 7]}
INFO:<Node 6>:{"send": true, "recv": false, "from": 6, "to": 0, "vc": [37, 33, 39, 31, 33, 37, 36, 29, 26, 29], "hlc": [921707, 4]}
INFO:<Node 7>:{"send": true, "recv": false, "from": 7, "to": 8, "vc": [33, 28, 43, 31, 36, 36, 29, 38, 25, 32], "hlc": [921705, 12]}
INFO:<Node 8>:{"send": true, "recv": false, "from": 8, "to": 4, "vc": [40, 28, 45, 31, 36, 34, 29, 33, 35, 33], "hlc": [921706, 0]}
INFO:<Node 0>:{"send": false, "recv": true, "to": 0, "from": 6, "vc": [44, 33, 39, 31, 39, 39, 36, 33, 29, 33], "hlc": [921707, 5]}
INFO:<Node 1>:{"send": false, "recv": true, "to": 1, "from": 4, "vc": [41, 42, 43, 39, 42, 39, 34, 37, 29, 35], "hlc": [921710, 0]}
INFO:<Node 4>:{"send": false, "recv": true, "to": 4, "from": 1, "vc": [41, 41, 43, 39, 43, 39, 34, 37, 29, 35], "hlc": [921709, 4]}
INFO:<Node 4>:{"send": false, "recv": true, "to": 4, "from": 8, "vc": [41, 41, 45, 39, 44, 39, 34, 37, 35, 35], "hlc": [921709, 5]}
INFO:<Node 7>:{"send": false, "recv": true, "to": 7, "from": 3, "vc": [35, 37, 43, 43, 36, 42, 31, 39, 29, 32], "hlc": [921709, 2]}
INFO:<Node 8>:{"send": false, "recv": true, "to": 8, "from": 5, "vc": [40, 37, 47, 41, 36, 44, 31, 33, 36, 33], "hlc": [921708, 8]}
INFO:<Node 8>:{"send": false, "recv": true, "to": 8, "from": 7, "vc": [40, 37, 47, 41, 36, 44, 31, 38, 37, 33], "hlc": [921708, 9]}
INFO:<Node 9>:{"send": false, "recv": true, "to": 9, "from": 0, "vc": [43, 39, 45, 39, 39, 39, 34, 36, 34, 38], "hlc": [921709, 4]}
INFO:<Node 0>:{"send": true, "recv": false, "from": 0, "to": 1, "vc": [45, 33, 39, 31, 39, 39, 36, 33, 29, 33], "hlc": [921707, 6]}
INFO:<Node 1>:{"send": true, "recv": false, "from": 1, "to": 8, "vc": [41, 43, 43, 39, 42, 39, 34, 37, 29, 35], "hlc": [921710, 1]}
INFO:<Node 3>:{"send": true, "recv": false, "from": 3, "to": 9, "vc": [35, 37, 40, 44, 33, 42, 31, 27, 29, 31], "hlc": [921710, 0]}
INFO:<Node 6>:{"send": true, "recv": false, "from": 6, "to": 3, "vc": [37, 33, 39, 31, 33, 37, 37, 29, 26, 29], "hlc": [921708, 0]}
INFO:<Node 8>:{"send": true, "recv": false, "from": 8, "to": 5, "vc": [40, 37, 47, 41, 36, 44, 31, 38, 38, 33], "hlc": [921708, 10]}
INFO:<Node 1>:{"send": false, "recv": true, "to": 1, "from": 0, "vc": [45, 44, 43, 39, 42, 39, 36, 37, 29, 35], "hlc": [921710, 2]}
INFO:<Node 3>:{"send": false, "recv": true, "to": 3, "from": 6, "vc": [37, 37, 40, 45, 33, 42, 37, 29, 29, 31], "hlc": [921710, 1]}
INFO:<Node 5>:{"send": false, "recv": true, "to": 5, "from": 8, "vc": [40, 37, 47, 41, 36, 45, 31, 38, 38, 33], "hlc": [921708, 11]}
INFO:<Node 8>:{"send": false, "recv": true, "to": 8, "from": 1, "vc": [41, 43, 47, 41, 42, 44, 34, 38, 39, 35], "hlc": [921710, 2]}
INFO:<Node 9>:{"send": false, "recv": true, "to": 9, "from": 3, "vc": [43, 39, 45, 44, 39, 42, 34, 36, 34, 39], "hlc": [921710, 1]}
INFO:<Node 3>:{"send": true, "recv": false, "from": 3, "to": 7, "vc": [37, 37, 40, 46, 33, 42, 37, 29, 29, 31], "hlc": [921710, 2]}
INFO:<Node 4>:{"send": true, "recv": false, "from": 4, "to": 5, "vc": [41, 41, 45, 39, 45, 39, 34, 37, 35, 35], "hlc": [921709, 6]}
INFO:<Node 5>:{"send": true, "recv": false, "from": 5, "to": 3, "vc": [40, 37, 47, 41, 36, 46, 31, 38, 38, 33], "hlc": [921708, 12]}
INFO:<Node 6>:{"send": true, "recv": false, "from": 6, "to": 3, "vc": [37, 33, 39, 31, 33, 37, 38, 29, 26, 29], "hlc": [921708, 1]}
INFO:<Node 7>:{"send": true, "recv": false, "from": 7, "to": 2, "vc": [35, 37, 43, 43, 36, 42, 31, 40, 29, 32], "hlc": [921709, 3]}
INFO:<Node 8>:{"send": true, "recv": false, "from": 8, "to": 3, "vc": [41, 43, 47, 41, 42, 44, 34, 38, 40, 35], "hlc": [921710, 3]}
INFO:<Node 9>:{"send": true, "recv": false, "from": 9, "to": 1, "vc": [43, 39, 45, 44, 39, 42, 34, 36, 34, 40], "hlc": [921710, 2]}
INFO:<Node 1>:{"send": false, "recv": true, "to": 1, "from": 9, "vc": [45, 45, 45, 44, 42, 42, 36, 37, 34, 40], "hlc": [921711, 0]}
INFO:<Node 2>:{"send": false, "recv": true, "to": 2, "from": 7, "vc": [40, 37, 48, 43, 36, 42, 31, 40, 32, 33], "hlc": [921709, 4]}
INFO:<Node 3>:{"send": false, "recv": true, "to": 3, "from": 5, "vc": [40, 37, 47, 47, 36, 46, 37, 38, 38, 33], "hlc": [921711, 0]}
INFO:<Node 3>:{"send": false, "recv": true, "to": 3, "from": 6, "vc": [40, 37, 47, 48, 36, 46, 38, 38, 38, 33], "hlc": [921711, 1]}
INFO:<Node 3>:{"send": false, "recv": true, "to": 3, "from": 8, "vc": [41, 43, 47, 49, 42, 46, 38, 38, 40, 35], "hlc": [921711, 2]}
INFO:<Node 5>:{"send": false, "recv": true, "to": 5, "from": 4, "vc": [41, 41, 47, 41, 45, 47, 34, 38, 38, 35], "hlc": [921709, 7]}
INFO:<Node 7>:{"send": false, "recv": true, "to": 7, "from": 3, "vc": [37, 37, 43, 46, 36, 42, 37, 41, 29, 32], "hlc": [921710, 3]}
INFO:<Node 0>:{"send": true, "recv": false, "from": 0, "to": 8, "vc": [46, 33, 39, 31, 39, 39, 36, 33, 29, 33], "hlc": [921708, 0]}
INFO:<Node 1>:{"send": true, "recv": false, "from": 1, "to": 9, "vc": [45, 46, 45, 44, 42, 42, 36, 37, 34, 40], "hlc": [921711, 1]}
INFO:<Node 2>:{"send": true, "recv": false, "from": 2, "to": 9, "vc": [40, 37, 49, 43, 36, 42, 31, 40, 32, 33], "hlc": [921709, 5]}
INFO:<Node 3>:{"send": true, "recv": false, "from": 3, "to": 2, "vc": [41, 43, 47, 50, 42, 46, 38, 38, 40, 35], "hlc": [921711, 3]}
INFO:<Node 5>:{"send": true, "recv": false, "from": 5, "to": 2, "vc": [41, 41, 47, 41, 45, 48, 34, 38, 38, 35], "hlc": [921709, 8]}
INFO:<Node 6>:{"send": true, "recv": false, "from": 6, "to": 0, "vc": [37, 33, 39, 31, 33, 37, 39, 29, 26, 29], "hlc": [921709, 0]}
INFO:<Node 7>:{"send": true, "recv": false, "from": 7, "to": 8, "vc": [37, 37, 43, 46, 36, 42, 37, 42, 29, 32], "hlc": [921710, 4]}
INFO:<Node 9>:{"send": true, "recv": false, "from": 9, "to": 5, "vc": [43, 39, 45, 44, 39, 42, 34, 36, 34, 41], "hlc": [921710, 3]}
INFO:<Node 0>:{"send": false, "recv": true, "to": 0, "from": 6, "vc": [47, 33, 39, 31, 39, 39, 39, 33, 29, 33], "hlc": [921709, 1]}
INFO:<Node 2>:{"send": false, "recv": true, "to": 2, "from": 3, "vc": [41, 43, 50, 50, 42, 46, 38, 40, 40, 35], "hlc": [921711, 4]}
INFO:<Node 2>:{"send": false, "recv": true, "to": 2, "from": 5, "vc": [41, 43, 51, 50, 45, 48, 38, 40, 40, 35], "hlc": [921711, 5]}
INFO:<Node 5>:{"send": false, "recv": true, "to": 5, "from": 9, "vc": [43, 41, 47, 44, 45, 49, 34, 38, 38, 41], "hlc": [921710, 4]}
INFO:<Node 8>:{"send": false, "recv": true, "to": 8, "from": 0, "vc": [46, 43, 47, 41, 42, 44, 36, 38, 41, 35], "hlc": [921710, 4]}
INFO:<Node 8>:{"send": false, "recv": true, "to": 8, "from": 7, "vc": [46, 43, 47, 46, 42, 44, 37, 42, 42, 35], "hlc": [921710, 5]}
INFO:<Node 9>:{"send": false, "recv": true, "to": 9, "from": 1, "vc": [45, 46, 45, 44, 42, 42, 36, 37, 34, 42], "hlc": [921711, 2]}
INFO:<Node 9>:{"send": false, "recv": true, "to": 9, "from": 2, "vc": [45, 46, 49, 44, 42, 42, 36, 40, 34, 43], "hlc": [921711, 3]}
INFO:<Node 0>:{"send": true, "recv": false, "from": 0, "to": 2, "vc": [48, 33, 39, 31, 39, 39, 39, 33, 29, 33], "hlc": [921709, 2]}
INFO:<Node 1>:{"send": true, "recv": false, "from": 1, "to": 6, "vc": [45, 47, 45, 44, 42, 42, 36, 37, 34, 40], "hlc": [921711, 2]}
INFO:<Node 2>:{"send": true, "recv": false, "from": 2, "to": 8, "vc": [41, 43, 52, 50, 45, 48, 38, 40, 40, 35], "hlc": [921711, 6]}
INFO:<Node 5>:{"send": true, "recv": false, "from": 5, "to": 2, "vc": [43, 41, 47, 44, 45, 50, 34, 38, 38, 41], "hlc": [921710, 5]}
INFO:<Node 6>:{"send": true, "recv": false, "from": 6, "to": 8, "vc": [37, 33, 39, 31, 33, 37, 40, 29, 26, 29], "hlc": [921709, 1]}
INFO:<Node 7>:{"send": true, "recv": false, "from": 7, "to": 9, "vc": [37, 37, 43, 46, 36, 42, 37, 43, 29, 32], "hlc": [921710, 5]}
INFO:<Node 8>:{"send": true, "recv": false, "from": 8, "to": 5, "vc": [46, 43, 47, 46, 42, 44, 37, 42, 43, 35], "hlc": [921710, 6]}
INFO:<Node 2>:{"send": false, "recv": true, "to": 2, "from": 0, "vc": [48, 43, 53, 50, 45, 48, 39, 40, 40, 35], "hlc": [921711, 7]}
INFO:<Node 2>:{"send": false, "recv": true, "to": 2, "from": 5, "vc": [48, 43, 54, 50, 45, 50, 39, 40, 40, 41], "hlc": [921711, 8]}
INFO:<Node 5>:{"send": false, "recv": true, "to": 5, "from": 8, "vc": [46, 43, 47, 46, 45, 51, 37, 42, 43, 41], "hlc": [921710, 7]}
INFO:<Node 6>:{"send": false, "recv": true, "to": 6, "from": 1, "vc": [45, 47, 45, 44, 42, 42, 41, 37, 34, 40], "hlc": [921711, 3]}
INFO:<Node 8>:{"send": false, "recv": true, "to": 8, "from": 2, "vc": [46, 43, 52, 50, 45, 48, 38, 42, 44, 35], "hlc": [921711, 7]}
INFO:<Node 8>:{"send": false, "recv": true, "to": 8, "from": 6, "vc": [46, 43, 52, 50, 45, 48, 40, 42, 45, 35], "hlc": [921711, 8]}
INFO:<Node 9>:{"send": false, "recv": true, "to": 9, "from": 7, "vc": [45, 46, 49, 46, 42, 42, 37, 43, 34, 44], "hlc": [921711, 4]}
INFO:<Node 0>:{"send": true, "recv": false, "from": 0, "to": 7, "vc": [49, 33, 39, 31, 39, 39, 39, 33, 29, 33], "hlc": [921709, 3]}
INFO:<Node 1>:{"send": true, "recv": false, "from": 1, "to": 4, "vc": [45, 48, 45, 44, 42, 42, 36, 37, 34, 40], "hlc": [921712, 0]}
INFO:<Node 3>:{"send": true, "recv": false, "from": 3, "to": 2, "vc": [41, 43, 47, 51, 42, 46, 38, 38, 40, 35], "hlc": [921712, 0]}
INFO:<Node 8>:{"send": true, "recv": false, "from": 8, "to": 6, "vc": [46, 43, 52, 50, 45, 48, 40, 42, 46, 35], "hlc": [921711, 9]}
INFO:<Node 2>:{"send": false, "recv": true, "to": 2, "from": 3, "vc": [48, 43, 55, 51, 45, 50, 39, 40, 40, 41], "hlc": [921712, 1]}
INFO:<Node 4>:{"send": false, "recv": true, "to": 4, "from": 1, "vc": [45, 48, 45, 44, 46, 42, 36, 37, 35, 40], "hlc": [921712, 1]}
INFO:<Node 6>:{"send": false, "recv": true, "to": 6, "from": 8, "vc": [46, 47, 52, 50, 45, 48, 42, 42, 46, 40], "hlc": [921711, 10]}
INFO:<Node 7>:{"send": false, "recv": true, "to": 7, "from": 0, "vc": [49, 37, 43, 46, 39, 42, 39, 44, 29, 33], "hlc": [921710, 6]}
INFO:<Node 1>:{"send": true, "recv": false, "from": 1, "to": 7, "vc": [45, 49, 45, 44, 42, 42, 36, 37, 34, 40], "hlc": [921712, 1]}
INFO:<Node 2>:{"send": true, "recv": false, "from": 2, "to": 3, "vc": [48, 43, 56, 51, 45, 50, 39, 40, 40, 41], "hlc": [921712, 2]}
INFO:<Node 3>:{"send": true, "recv": false, "from": 3, "to": 1, "vc": [41, 43, 47, 52, 42, 46, 38, 38, 40, 35], "hlc": [921712, 1]}
INFO:<Node 4>:{"send": true, "recv": false, "from": 4, "to": 7, "vc": [45, 48, 45, 44, 47, 42, 36, 37, 35, 40], "hlc": [921712, 2]}
INFO:<Node 5>:{"send": true, "recv": false, "from": 5, "to": 3, "vc": [46, 43, 47, 46, 45, 52, 37, 42, 43, 41], "hlc": [921710, 8]}
INFO:<Node 6>:{"send": true, "recv": false, "from": 6, "to": 9, "vc": [46, 47, 52, 50, 45, 48, 43, 42, 46, 40], "hlc": [921711, 11]}
INFO:<Node 9>:{"send": true, "recv": false, "from": 9, "to": 1, "vc": [45, 46, 49, 46, 42, 42, 37, 43, 34, 45], "hlc": [921711, 5]}
INFO:<Node 1>:{"send": false, "recv": true, "to": 1, "from": 3, "vc": [45, 50, 47, 52, 42, 46, 38, 38, 40, 40], "hlc": [921713, 0]}
INFO:<Node 1>:{"send": false, "recv": true, "to": 1, "from": 9, "vc": [45, 51, 49, 52, 42, 46, 38, 43, 40, 45], "hlc": [921713, 1]}
INFO:<Node 3>:{"send": false, "recv": true, "to": 3, "from": 2, "vc": [48, 43, 56, 53, 45, 50, 39, 40, 40, 41], "hlc": [921713, 0]}
INFO:<Node 3>:{"send": false, "recv": true, "to": 3, "from": 5, "vc": [48, 43, 56, 54, 45, 52, 39, 42, 43, 41], "hlc": [921713, 1]}
INFO:<Node 7>:{"send": false, "recv": true, "to": 7, "from": 1, "vc": [49, 49, 45, 46, 42, 42, 39, 45, 34, 40], "hlc": [921712, 2]}
INFO:<Node 7>:{"send": false, "recv": true, "to": 7, "from": 4, "vc": [49, 49, 45, 46, 47, 42, 39, 46, 35, 40], "hlc": [921712, 3]}
INFO:<Node 9>:{"send": false, "recv": true, "to": 9, "from": 6, "vc": [46, 47, 52, 50, 45, 48, 43, 43, 46, 46], "hlc": [921711, 12]}
INFO:<Node 2>:{"send": true, "recv": false, "from": 2, "to": 3, "vc": [48, 43, 57, 51, 45, 50, 39, 40, 40, 41], "hlc": [921712, 3]}
INFO:<Node 3>:{"send": true, "recv": false, "from": 3, "to": 2, "vc": [48, 43, 56, 55, 45, 52, 39, 42, 43, 41], "hlc": [921713, 2]}
INFO:<Node 4>:{"send": true, "recv": false, "from": 4, "to": 1, "vc": [45, 48, 45, 44, 48, 42, 36, 37, 35, 40], "hlc": [921712, 3]}
INFO:<Node 6>:{"send": true, "recv": false, "from": 6, "to": 3, "vc": [46, 47, 52, 50, 45, 48, 44, 42, 46, 40], "hlc": [921711, 12]}
INFO:<Node 9>:{"send": true, "recv": false, "from": 9, "to": 8, "vc": [46, 47, 52, 50, 45, 48, 43, 43, 46, 47], "hlc": [921711, 13]}
INFO:<Node 1>:{"send": false, "recv": true, "to": 1, "from": 4, "vc": [45, 52, 49, 52, 48, 46, 38, 43, 40, 45], "hlc": [921713, 2]}
INFO:<Node 2>:{"send": false, "recv": true, "to": 2, "from": 3, "vc": [48, 43, 58, 55, 45, 52, 39, 42, 43, 41], "hlc": [921713, 3]}
INFO:<Node 3>:{"send": false, "recv": true, "to": 3, "from": 2, "vc": [48, 43, 57, 56, 45, 52, 39, 42, 43, 41], "hlc": [921713, 3]}
INFO:<Node 3>:{"send": false, "recv": true, "to": 3, "from": 6, "vc": [48, 47, 57, 57, 45, 52, 44, 42, 46, 41], "hlc": [921713, 4]}
INFO:<Node 8>:{"send": false, "recv": true, "to": 8, "from": 9, "vc": [46, 47, 52, 50, 45, 48, 43, 43, 47, 47], "hlc": [921711, 14]}
INFO:<Node 1>:{"send": true, "recv": false, "from": 1, "to": 2, "vc": [45, 53, 49, 52, 48, 46, 38, 43, 40, 45], "hlc": [921713, 3]}
INFO:<Node 3>:{"send": true, "recv": false, "from": 3, "to": 0, "vc": [48, 47, 57, 58, 45, 52, 44, 42, 46, 41], "hlc": [921713, 5]}
INFO:<Node 4>:{"send": true, "recv": false, "from": 4, "to": 1, "vc": [45, 48, 45, 44, 49, 42, 36, 37, 35, 40], "hlc": [921712, 4]}
INFO:<Node 7>:{"send": true, "recv": false, "from": 7, "to": 0, "vc": [49, 49, 45, 46, 47, 42, 39, 47, 35, 40], "hlc": [921712, 4]}
INFO:<Node 8>:{"send": true, "recv": false, "from": 8, "to": 1, "vc": [46, 47, 52, 50, 45, 48, 43, 43, 48, 47], "hlc": [921711, 15]}
INFO:<Node 9>:{"send": true, "recv": false, "from": 9, "to": 7, "vc": [46, 47, 52, 50, 45, 48, 43, 43, 46, 48], "hlc": [921711, 14]}
INFO:<Node 0>:{"send": false, "recv": true, "to": 0, "from": 3, "vc": [50, 47, 57, 58, 45, 52, 44, 42, 46, 41], "hlc": [921713, 6]}
INFO:<Node 0>:{"send": false, "recv": true, "to": 0, "from": 7, "vc": [51, 49, 57, 58, 47, 52, 44, 47, 46, 41], "hlc": [921713, 7]}
INFO:<Node 1>:{"send": false, "recv": true, "to": 1, "from": 4, "vc": [45, 54, 49, 52, 49, 46, 38, 43, 40, 45], "hlc": [921714, 0]}
INFO:<Node 1>:{"send": false, "recv": true, "to": 1, "from": 8, "vc": [46, 55, 52, 52, 49, 48, 43, 43, 48, 47], "hlc": [921714, 1]}
INFO:<Node 2>:{"send": false, "recv": true, "to": 2, "from": 1, "vc": [48, 53, 59, 55, 48, 52, 39, 43, 43, 45], "hlc": [921713, 4]}
INFO:<Node 7>:{"send": false, "recv": true, "to": 7, "from": 9, "vc": [49, 49, 52, 50, 47, 48, 43, 48, 46, 48], "hlc": [921712, 5]}
INFO:<Node 0>:{"send": true, "recv": false, "from": 0, "to": 2, "vc": [52, 49, 57, 58, 47, 52, 44, 47, 46, 41], "hlc": [921713, 8]}
INFO:<Node 1>:{"send": true, "recv": false, "from": 1, "to": 9, "vc": [46, 56, 52, 52, 49, 48, 43, 43, 48, 47], "hlc": [921714, 2]}
INFO:<Node 2>:{"send": true, "recv": false, "from": 2, "to": 1, "vc": [48, 53, 60, 55, 48, 52, 39, 43, 43, 45], "hlc": [921713, 5]}
INFO:<Node 3>:{"send": true, "recv": false, "from": 3, "to": 4, "vc": [48, 47, 57, 59, 45, 52, 44, 42, 46, 41], "hlc": [921714, 0]}
INFO:<Node 8>:{"send": true, "recv": false, "from": 8, "to": 5, "vc": [46, 47, 52, 50, 45, 48, 43, 43, 49, 47], "hlc": [921711, 16]}
INFO:<Node 9>:{"send": true, "recv": false, "from": 9, "to": 2, "vc": [46, 47, 52, 50, 45, 48, 43, 43, 46, 49], "hlc": [921711, 15]}
INFO:<Node 1>:{"send": false, "recv": true, "to": 1, "from": 2, "vc": [48, 57, 60, 55, 49, 52, 43, 43, 48, 47], "hlc": [921714, 3]}
INFO:<Node 2>:{"send": false, "recv": true, "to": 2, "from": 0, "vc": [52, 53, 61, 58, 48, 52, 44, 47, 46, 45], "hlc": [921713, 9]}
INFO:<Node 2>:{"send": false, "recv": true, "to": 2, "from": 9, "vc": [52, 53, 62, 58, 48, 52, 44, 47, 46, 49], "hlc": [921713, 10]}
INFO:<Node 4>:{"send": false, "recv": true, "to": 4, "from": 3, "vc": [48, 48, 57, 59, 50, 52, 44, 42, 46, 41], "hlc": [921714, 1]}
INFO:<Node 5>:{"send": false, "recv": true, "to": 5, "from": 8, "vc": [46, 47, 52, 50, 45, 53, 43, 43, 49, 47], "hlc": [921711, 17]}
INFO:<Node 9>:{"send": false, "recv": true, "to": 9, "from": 1, "vc": [46, 56, 52, 52, 49, 48, 43, 43, 48, 50], "hlc": [921714, 3]}
INFO:<Node 1>:{"send": true, "recv": false, "from": 1, "to": 0, "vc": [48, 58, 60, 55, 49, 52, 43, 43, 48, 47], "hlc": [921714, 4]}
INFO:<Node 2>:{"send": true, "recv": false, "from": 2, "to": 9, "vc": [52, 53, 63, 58, 48, 52, 44, 47, 46, 49], "hlc": [921713, 11]}
INFO:<Node 3>:{"send": true, "recv": false, "from": 3, "to": 2, "vc": [48, 47, 57, 60, 45, 52, 44, 42, 46, 41], "hlc": [921714, 1]}
INFO:<Node 4>:{"send": true, "recv": false, "from": 4, "to": 6, "vc": [48, 48, 57, 59, 51, 52, 44, 42, 46, 41], "hlc": [921714, 2]}
INFO:<Node 6>:{"send": true, "recv": false, "from": 6, "to": 2, "vc": [46, 47, 52, 50, 45, 48, 45, 42, 46, 40], "hlc": [921712, 0]}
INFO:<Node 7>:{"send": true, "recv": false, "from": 7, "to": 8, "vc": [49, 49, 52, 50, 47, 48, 43, 49, 46, 48], "hlc": [921712, 6]}
INFO:<Node 8>:{"send": true, "recv": false, "from": 8, "to": 1, "vc": [46, 47, 52, 50, 45, 48, 43, 43, 50, 47], "hlc": [921711, 17]}
INFO:<Node 0>:{"send": false, "recv": true, "to": 0, "from": 1, "vc": [53, 58, 60, 58, 49, 52, 44, 47, 48, 47], "hlc": [921714, 5]}
INFO:<Node 1>:{"send": false, "recv": true, "to": 1, "from": 8, "vc": [48, 59, 60, 55, 49, 52, 43, 43, 50, 47], "hlc": [921715, 0]}
INFO:<Node 2>:{"send": false, "recv": true, "to": 2, "from": 3, "vc": [52, 53, 64, 60, 48, 52, 44, 47, 46, 49], "hlc": [921714, 2]}
INFO:<Node 2>:{"send": false, "recv": true, "to": 2, "from": 6, "vc": [52, 53, 65, 60, 48, 52, 45, 47, 46, 49], "hlc": [921714, 3]}
INFO:<Node 6>:{"send": false, "recv": true, "to": 6, "from": 4, "vc": [48, 48, 57, 59, 51, 52, 46, 42, 46, 41], "hlc": [921714, 3]}
INFO:<Node 8>:{"send": false, "recv": true, "to": 8, "from": 7, "vc": [49, 49, 52, 50, 47, 48, 43, 49, 51, 48], "hlc": [921712, 7]}
INFO:<Node 9>:{"send": false, "recv": true, "to": 9, "from": 2, "vc": [52, 56, 63, 58, 49, 52, 44, 47, 48, 51], "hlc": [921714, 4]}
INFO:<Node 0>:{"send": true, "recv": false, "from": 0, "to": 3, "vc": [54, 58, 60, 58, 49, 52, 44, 47, 48, 47], "hlc": [921714, 6]}
INFO:<Node 1>:{"send": true, "recv": false, "from": 1, "to": 4, "vc": [48, 60, 60, 55, 49, 52, 43, 43, 50, 47], "hlc": [921715, 1]}
INFO:<Node 3>:{"send": true, "recv": false, "from": 3, "to": 1, "vc": [48, 47, 57, 61, 45, 52, 44, 42, 46, 41], "hlc": [921715, 0]}
INFO:<Node 4>:{"send": true, "recv": false, "from": 4, "to": 5, "vc": [48, 48, 57, 59, 52, 52, 44, 42, 46, 41], "hlc": [921714, 3]}
INFO:<Node 5>:{"send": true, "recv": false, "from": 5, "to": 0, "vc": [46, 47, 52, 50, 45, 54, 43, 43, 49, 47], "hlc": [921711, 18]}
INFO:<Node 6>:{"send": true, "recv": false, "from": 6, "to": 9, "vc": [48, 48, 57, 59, 51, 52, 47, 42, 46, 41], "hlc": [921714, 4]}
INFO:<Node 8>:{"send": true, "recv": false, "from": 8, "to": 9, "vc": [49, 49, 52, 50, 47, 48, 43, 49, 52, 48], "hlc": [921712, 8]}
INFO:<Node 9>:{"send": true, "recv": false, "from": 9, "to": 0, "vc": [52, 56, 63, 58, 49, 52, 44, 47, 48, 52], "hlc": [921714, 5]}
INFO:<Node 0>:{"send": false, "recv": true, "to": 0, "from": 5, "vc": [55, 58, 60, 58, 49, 54, 44, 47, 49, 47], "hlc": [921714, 7]}
INFO:<Node 0>:{"send": false, "recv": true, "to": 0, "from": 9, "vc": [56, 58, 63, 58, 49, 54, 44, 47, 49, 52], "hlc": [921714, 8]}
INFO:<Node 1>:{"send": false, "recv": true, "to": 1, "from": 3, "vc": [48, 61, 60, 61, 49, 52, 44, 43, 50, 47], "hlc": [921715, 2]}
INFO:<Node 3>:{"send": false, "recv": true, "to": 3, "from": 0, "vc": [54, 58, 60, 62, 49, 52, 44, 47, 48, 47], "hlc": [921715, 1]}
INFO:<Node 4>:{"send": false, "recv": true, "to": 4, "from": 1, "vc": [48, 60, 60, 59, 53, 52, 44, 43, 50, 47], "hlc": [921715, 2]}
INFO:<Node 5>:{"send": false, "recv": true, "to": 5, "from": 4, "vc": [48, 48, 57, 59, 52, 55, 44, 43, 49, 47], "hlc": [921714, 4]}
INFO:<Node 9>:{"send": false, "recv": true, "to": 9, "from": 6, "vc": [52, 56, 63, 59, 51, 52, 47, 47, 48, 53], "hlc": [921714, 6]}
INFO:<Node 9>:{"send": false, "recv": true, "to": 9, "from": 8, "vc": [52, 56, 63, 59, 51, 52, 47, 49, 52, 54], "hlc": [921714, 7]}
INFO:<Node 2>:{"send": true, "recv": false, "from": 2, "to": 3, "vc": [52, 53, 66, 60, 48, 52, 45, 47, 46, 49], "hlc": [921714, 4]}
INFO:<Node 3>:{"send": true, "recv": false, "from": 3, "to": 1, "vc": [54, 58, 60, 63, 49, 52, 44, 47, 48, 47], "hlc": [921715, 2]}
INFO:<Node 4>:{"send": true, "recv": false, "from": 4, "to": 9, "vc": [48, 60, 60, 59, 54, 52, 44, 43, 50, 47], "hlc": [921715, 3]}
INFO:<Node 5>:{"send": true, "recv": false, "from": 5, "to": 3, "vc": [48, 48, 57, 59, 52, 56, 44, 43, 49, 47], "hlc": [921714, 5]}
INFO:<Node 6>:{"send": true, "recv": false, "from": 6, "to": 7, "vc": [48, 48, 57, 59, 51, 52, 48, 42, 46, 41], "hlc": [921714, 5]}
INFO:<Node 7>:{"send": true, "recv": false, "from": 7, "to": 9, "vc": [49, 49, 52, 50, 47, 48, 43, 50, 46, 48], "hlc": [921712, 7]}
INFO:<Node 1>:{"send": false, "recv": true, "to": 1, "from": 3, "vc": [54, 62, 60, 63, 49, 52, 44, 47, 50, 47], "hlc": [921716, 0]}
INFO:<Node 3>:{"send": false, "recv": true, "to": 3, "from": 2, "vc": [54, 58, 66, 64, 49, 52, 45, 47, 48, 49], "hlc": [921716, 0]}
INFO:<Node 3>:{"send": false, "recv": true, "to": 3, "from": 5, "vc": [54, 58, 66, 65, 52, 56, 45, 47, 49, 49], "hlc": [921716, 1]}
INFO:<Node 7>:{"send": false, "recv": true, "to": 7, "from": 6, "vc": [49, 49, 57, 59, 51, 52, 48, 51, 46, 48], "hlc": [921714, 6]}
INFO:<Node 9>:{"send": false, "recv": true, "to": 9, "from": 4, "vc": [52, 60, 63, 59, 54, 52, 47, 49, 52, 55], "hlc": [921715, 4]}
INFO:<Node 9>:{"send": false, "recv": true, "to": 9, "from": 7, "vc": [52, 60, 63, 59, 54, 52, 47, 50, 52, 56], "hlc": [921715, 5]}
INFO:<Node 1>:{"send": true, "recv": false, "from": 1, "to": 9, "vc": [54, 63, 60, 63, 49, 52, 44, 47, 50, 47], "hlc": [921716, 1]}
INFO:<Node 2>:{"send": true, "recv": false, "from": 2, "to": 1, "vc": [52, 53, 67, 60, 48, 52, 45, 47, 46, 49], "hlc": [921714, 5]}
INFO:<Node 3>:{"send": true, "recv": false, "from": 3, "to": 7, "vc": [54, 58, 66, 66, 52, 56, 45, 47, 49, 49], "hlc": [921716, 2]}
INFO:<Node 4>:{"send": true, "recv": false, "from": 4, "to": 8, "vc": [48, 60, 60, 59, 55, 52, 44, 43, 50, 47], "hlc": [921715, 4]}
INFO:<Node 7>:{"send": true, "recv": false, "from": 7, "to": 5, "vc": [49, 49, 57, 59, 51, 52, 48, 52, 46, 48], "hlc": [921714, 7]}
INFO:<Node 8>:{"send": true, "recv": false, "from": 8, "to": 1, "vc": [49, 49, 52, 50, 47, 48, 43, 49, 53, 48], "hlc": [921712, 9]}
INFO:<Node 9>:{"send": true, "recv": false, "from": 9, "to": 1, "vc": [52, 60, 63, 59, 54, 52, 47, 50, 52, 57], "hlc": [921715, 6]}
INFO:<Node 1>:{"send": false, "recv": true, "to": 1, "from": 2, "vc": [54, 64, 67, 63, 49, 52, 45, 47, 50, 49], "hlc": [921716, 2]}
INFO:<Node 1>:{"send": false, "recv": true, "to": 1, "from": 8, "vc": [54, 65, 67, 63, 49, 52, 45, 49, 53, 49], "hlc": [921716, 3]}
INFO:<Node 1>:{"send": false, "recv": true, "to": 1, "from": 9, "vc": [54, 66, 67, 63, 54, 52, 47, 50, 53, 57], "hlc": [921716, 4]}
INFO:<Node 5>:{"send": false, "recv": true, "to": 5, "from": 7, "vc": [49, 49, 57, 59, 52, 57, 48, 52, 49, 48], "hlc": [921714, 8]}
INFO:<Node 7>:{"send": false, "recv": true, "to": 7, "from": 3, "vc": [54, 58, 66, 66, 52, 56, 48, 53, 49, 49], "hlc": [921716, 3]}
INFO:<Node 8>:{"send": false, "recv": true, "to": 8, "from": 4, "vc": [49, 60, 60, 59, 55, 52, 44, 49, 54, 48], "hlc": [921715, 5]}
INFO:<Node 9>:{"send": false, "recv": true, "to": 9, "from": 1, "vc": [54, 63, 63, 63, 54, 52, 47, 50, 52, 58], "hlc": [921716, 2]}
INFO:<Node 0>:{"send": true, "recv": false, "from": 0, "to": 4, "vc": [57, 58, 63, 58, 49, 54, 44, 47, 49, 52], "hlc": [921714, 9]}
INFO:<Node 2>:{"send": true, "recv": false, "from": 2, "to": 5, "vc": [52, 53, 68, 60, 48, 52, 45, 47, 46, 49], "hlc": [921714, 6]}
INFO:<Node 5>:{"send": true, "recv": false, "from": 5, "to": 8, "vc": [49, 49, 57, 59, 52, 58, 48, 52, 49, 48], "hlc": [921714, 9]}
INFO:<Node 6>:{"send": true, "recv": false, "from": 6, "to": 8, "vc": [48, 48, 57, 59, 51, 52, 49, 42, 46, 41], "hlc": [921714, 6]}
INFO:<Node 7>:{"send": true, "recv": false, "from": 7, "to": 5, "vc": [54, 58, 66, 66, 52, 56, 48, 54, 49, 49], "hlc": [921716, 4]}
INFO:<Node 8>:{"send": true, "recv": false, "from": 8, "to": 3, "vc": [49, 60, 60, 59, 55, 52, 44, 49, 55, 48], "hlc": [921715, 6]}
INFO:<Node 3>:{"send": false, "recv": true, "to": 3, "from": 8, "vc": [54, 60, 66, 67, 55, 56, 45, 49, 55, 49], "hlc": [921717, 0]}
INFO:<Node 4>:{"send": false, "recv": true, "to": 4, "from": 0, "vc": [57, 60, 63, 59, 56, 54, 44, 47, 50, 52], "hlc": [921715, 5]}
INFO:<Node 5>:{"send": false, "recv": true, "to": 5, "from": 2, "vc": [52, 53, 68, 60, 52, 59, 48, 52, 49, 49], "hlc": [921714, 10]}
INFO:<Node 5>:{"send": false, "recv": true, "to": 5, "from": 7, "vc": [54, 58, 68, 66, 52, 60, 48, 54, 49, 49], "hlc": [921716, 5]}
INFO:<Node 8>:{"send": false, "recv": true, "to": 8, "from": 5, "vc": [49, 60, 60, 59, 55, 58, 48, 52, 56, 48], "hlc": [921715, 7]}
INFO:<Node 8>:{"send": false, "recv": true, "to": 8, "from": 6, "vc": [49, 60, 60, 59, 55, 58, 49, 52, 57, 48], "hlc": [921715, 8]}
INFO:<Node 0>:{"send": true, "recv": false, "from": 0, "to": 5, "vc": [58, 58, 63, 58, 49, 54, 44, 47, 49, 52], "hlc": [921714, 10]}
INFO:<Node 1>:{"send": true, "recv": false, "from": 1, "to": 3, "vc": [54, 67, 67, 63, 54, 52, 47, 50, 53, 57], "hlc": [921717, 0]}
INFO:<Node 2>:{"send": true, "recv": false, "from": 2, "to": 5, "vc": [52, 53, 69, 60, 48, 52, 45, 47, 46, 49], "hlc": [921714, 7]}
INFO:<Node 4>:{"send": true, "recv": false, "from": 4, "to": 3, "vc": [57, 60, 63, 59, 57, 54, 44, 47, 50, 52], "hlc": [921715, 6]}
INFO:<Node 6>:{"send": true, "recv": false, "from": 6, "to": 2, "vc": [48, 48, 57, 59, 51, 52, 50, 42, 46, 41], "hlc": [921715, 0]}
INFO:<Node 7>:{"send": true, "recv": false, "from": 7, "to": 0, "vc": [54, 58, 66, 66, 52, 56, 48, 55, 49, 49], "hlc": [921716, 5]}
INFO:<Node 8>:{"send": true, "recv": false, "from": 8, "to": 0, "vc": [49, 60, 60, 59, 55, 58, 49, 52, 58, 48], "hlc": [921715, 9]}
INFO:<Node 0>:{"send": false, "recv": true, "to": 0, "from": 7, "vc": [59, 58, 66, 66, 52, 56, 48, 55, 49, 52], "hlc": [921716, 6]}
INFO:<Node 0>:{"send": false, "recv": true, "to": 0, "from": 8, "vc": [60, 60, 66, 66, 55, 58, 49, 55, 58, 52], "hlc": [921716, 7]}
INFO:<Node 2>:{"send": false, "recv": true, "to": 2, "from": 6, "vc": [52, 53, 70, 60, 51, 52, 50, 47, 46, 49], "hlc": [921715, 1]}
INFO:<Node 3>:{"send": false, "recv": true, "to": 3, "from": 1, "vc": [54, 67, 67, 68, 55, 56, 47, 50, 55, 57], "hlc": [921717, 1]}
INFO:<Node 3>:{"send": false, "recv": true, "to": 3, "from": 4, "vc": [57, 67, 67, 69, 57, 56, 47, 50, 55, 57], "hlc": [921717, 2]}
INFO:<Node 5>:{"send": false, "recv": true, "to": 5, "from": 0, "vc": [58, 58, 68, 66, 52, 61, 48, 54, 49, 52], "hlc": [921716, 6]}
INFO:<Node 5>:{"send": false, "recv": true, "to": 5, "from": 2, "vc": [58, 58, 69, 66, 52, 62, 48, 54, 49, 52], "hlc": [921716, 7]}
INFO:<Node 0>:{"send": true, "recv": false, "from": 0, "to": 2, "vc": [61, 60, 66, 66, 55, 58, 49, 55, 58, 52], "hlc": [921716, 8]}
INFO:<Node 1>:{"send": true, "recv": false, "from": 1, "to": 8, "vc": [54, 68, 67, 63, 54, 52, 47, 50, 53, 57], "hlc": [921717, 1]}
INFO:<Node 3>:{"send": true, "recv": false, "from": 3, "to": 8, "vc": [57, 67, 67, 70, 57, 56, 47, 50, 55, 57], "hlc": [921717, 3]}
INFO:<Node 5>:{"send": true, "recv": false, "from": 5, "to": 0, "vc": [58, 58, 69, 66, 52, 63, 48, 54, 49, 52], "hlc": [921716, 8]}
INFO:<Node 6>:{"send": true, "recv": false, "from": 6, "to": 1, "vc": [48, 48, 57, 59, 51, 52, 51, 42, 46, 41], "hlc": [921715, 1]}
INFO:<Node 7>:{"send": true, "recv": false, "from": 7, "to": 8, "vc": [54, 58, 66, 66, 52, 56, 48, 56, 49, 49], "hlc": [921716, 6]}
INFO:<Node 0>:{"send": false, "recv": true, "to": 0, "from": 5, "vc": [62, 60, 69, 66, 55, 63, 49, 55, 58, 52], "hlc": [921716, 9]}
INFO:<Node 1>:{"send": false, "recv": true, "to": 1, "from": 6, "vc": [54, 69, 67, 63, 54, 52, 51, 50, 53, 57], "hlc": [921718, 0]}
INFO:<Node 2>:{"send": false, "recv": true, "to": 2, "from": 0, "vc": [61, 60, 71, 66, 55, 58, 50, 55, 58, 52], "hlc": [921716, 9]}
INFO:<Node 8>:{"send": false, "recv": true, "to": 8, "from": 1, "vc": [54, 68, 67, 63, 55, 58, 49, 52, 59, 57], "hlc": [921717, 2]}
INFO:<Node 8>:{"send": false, "recv": true, "to": 8, "from": 3, "vc": [57, 68, 67, 70, 57, 58, 49, 52, 60, 57], "hlc": [921717, 4]}
INFO:<Node 8>:{"send": false, "recv": true, "to": 8, "from": 7, "vc": [57, 68, 67, 70, 57, 58, 49, 56, 61, 57], "hlc": [921717, 5]}
INFO:<Node 0>:{"send": true, "recv": false, "from": 0, "to": 8, "vc": [63, 60, 69, 66, 55, 63, 49, 55, 58, 52], "hlc": [921716, 10]}
INFO:<Node 1>:{"send": true, "recv": false, "from": 1, "to": 6, "vc": [54, 70, 67, 63, 54, 52, 51, 50, 53, 57], "hlc": [921718, 1]}
INFO:<Node 2>:{"send": true, "recv": false, "from": 2, "to": 6, "vc": [61, 60, 72, 66, 55, 58, 50, 55, 58, 52], "hlc": [921716, 10]}
INFO:<Node 3>:{"send": true, "recv": false, "from": 3, "to": 6, "vc": [57, 67, 67, 71, 57, 56, 47, 50, 55, 57], "hlc": [921718, 0]}
INFO:<Node 4>:{"send": true, "recv": false, "from": 4, "to": 7, "vc": [57, 60, 63, 59, 58, 54, 44, 47, 50, 52], "hlc": [921715, 7]}
INFO:<Node 6>:{"send": true, "recv": false, "from": 6, "to": 3, "vc": [48, 48, 57, 59, 51, 52, 52, 42, 46, 41], "hlc": [921716, 0]}
INFO:<Node 3>:{"send": false, "recv": true, "to": 3, "from": 6, "vc": [57, 67, 67, 72, 57, 56, 52, 50, 55, 57], "hlc": [921718, 1]}
INFO:<Node 6>:{"send": false, "recv": true, "to": 6, "from": 1, "vc": [54, 70, 67, 63, 54, 52, 53, 50, 53, 57], "hlc": [921718, 2]}
INFO:<Node 6>:{"send": false, "recv": true, "to": 6, "from": 2, "vc": [61, 70, 72, 66, 55, 58, 54, 55, 58, 57], "hlc": [921718, 3]}
INFO:<Node 6>:{"send": false, "recv": true, "to": 6, "from": 3, "vc": [61, 70, 72, 71, 57, 58, 55, 55, 58, 57], "hlc": [921718, 4]}
INFO:<Node 7>:{"send": false, "recv": true, "to": 7, "from": 4, "vc": [57, 60, 66, 66, 58, 56, 48, 57, 50, 52], "hlc": [921716, 7]}
INFO:<Node 8>:{"send": false, "recv": true, "to": 8, "from": 0, "vc": [63, 68, 69, 70, 57, 63, 49, 56, 62, 57], "hlc": [921717, 6]}
