INFO:root:Random workload: num sockets: 10, num iterations: 50, base address: 39200, chance of send: 3 in 5, round delay (s): 0.5, max clock drift (s): 3.5, actual clock drifts: [-1.3534631983329302, -2.138564589543664, 0.4992127354699649, -1.4924748262448597, 0.08732003445784375, -3.280038562311149, 0.7357142047804999, 2.1196566151809986, -3.3795911692662695, 0.8531973761167846]
INFO:<Node 0>:{"send": true, "recv": false, "from": 0, "to": 3, "vc": [1, 0, 0, 0, 0, 0, 0, 0, 0, 0], "hlc": [921536, 1]}
INFO:<Node 1>:{"send": true, "recv": false, "from": 1, "to": 3, "vc": [0, 1, 0, 0, 0, 0, 0, 0, 0, 0], "hlc": [921536, 1]}
INFO:<Node 2>:{"send": true, "recv": false, "from": 2, "to": 3, "vc": [0, 0, 1, 0, 0, 0, 0, 0, 0, 0], "hlc": [921537, 0]}
INFO:<Node 4>:{"send": true, "recv": false, "from": 4, "to": 5, "vc": [0, 0, 0, 0, 1, 0, 0, 0, 0, 0], "hlc": [921536, 1]}
INFO:<Node 6>:{"send": true, "recv": false, "from": 6, "to": 9, "vc": [0, 0, 0, 0, 0, 0, 1, 0, 0, 0], "hlc": [921537, 0]}
INFO:<Node 7>:{"send": true, "recv": false, "from": 7, "to": 1, "vc": [0, 0, 0, 0, 0, 0, 0, 1, 0, 0], "hlc": [921538, 0]}
INFO:<Node 1>:{"send": false, "recv": true, "to": 1, "from": 7, "vc": [0, 2, 0, 0, 0, 0, 0, 1, 0, 0], "hlc": [921538, 1]}
INFO:<Node 3>:{"send": false, "recv": true, "to": 3, "from": 0, "vc": [1, 0, 0, 1, 0, 0, 0, 0, 0, 0], "hlc": [921536, 2]}
INFO:<Node 3>:{"send": false, "recv": true, "to": 3, "from": 1, "vc": [1, 1, 0, 2, 0, 0, 0, 0, 0, 0], "hlc": [921536, 3]}
INFO:<Node 3>:{"send": false, "recv": true, "to": 3, "from": 2, "vc": [1, 1, 1, 3, 0, 0, 0, 0, 0, 0], "hlc": [921537, 1]}
INFO:<Node 5>:{"send": false, "recv": true, "to": 5, "from": 4, "vc": [0, 0, 0, 0, 1, 1, 0, 0, 0, 0], "hlc": [921536, 2]}
INFO:<Node 9>:{"send": false, "recv": true, "to": 9, "from": 6, "vc": [0, 0, 0, 0, 0, 0, 1, 0, 0, 1], "hlc": [921537, 1]}
INFO:<Node 0>:{"send": true, "recv": false, "from": 0, "to": 6, "vc": [2, 0, 0, 0, 0, 0, 0, 0, 0, 0], "hlc": [921536, 2]}
INFO:<Node 1>:{"send": true, "recv": false, "from": 1, "to": 2, "vc": [0, 3, 0, 0, 0, 0, 0, 1, 0, 0], "hlc": [921538, 2]}
INFO:<Node 4>:{"send": true, "recv": false, "from": 4, "to": 9, "vc": [0, 0, 0, 0, 2, 0, 0, 0, 0, 0], "hlc": [921537, 0]}
INFO:<Node 5>:{"send": true, "recv": false, "from": 5, "to": 3, "vc": [0, 0, 0, 0, 1, 2, 0, 0, 0, 0], "hlc": [921536, 3]}
INFO:<Node 6>:{"send": true, "recv": false, "from": 6, "to": 7, "vc": [0, 0, 0, 0, 0, 0, 2, 0, 0, 0], "hlc": [921537, 1]}
INFO:<Node 7>:{"send": true, "recv": false, "from": 7, "to": 2, "vc": [0, 0, 0, 0, 0, 0, 0, 2, 0, 0], "hlc": [921539, 0]}
INFO:<Node 8>:{"send": true, "recv": false, "from": 8, "to": 3, "vc": [0, 0, 0, 0, 0, 0, 0, 0, 1, 0], "hlc": [921536, 1]}
INFO:<Node 2>:{"send": false, "recv": true, "to": 2, "from": 1, "vc": [0, 3, 2, 0, 0, 0, 0, 1, 0, 0], "hlc": [921538, 3]}
INFO:<Node 2>:{"send": false, "recv": true, "to": 2, "from": 7, "vc": [0, 3, 3, 0, 0, 0, 0, 2, 0, 0], "hlc": [921539, 1]}
INFO:<Node 3>:{"send": false, "recv": true, "to": 3, "from": 5, "vc": [1, 1, 1, 4, 1, 2, 0, 0, 0, 0], "hlc": [921537, 2]}
INFO:<Node 3>:{"send": false, "recv": true, "to": 3, "from": 8, "vc": [1, 1, 1, 5, 1, 2, 0, 0, 1, 0], "hlc": [921537, 3]}
INFO:<Node 6>:{"send": false, "recv": true, "to": 6, "from": 0, "vc": [2, 0, 0, 0, 0, 0, 3, 0, 0, 0], "hlc": [921538, 0]}
INFO:<Node 7>:{"send": false, "recv": true, "to": 7, "from": 6, "vc": [0, 0, 0, 0, 0, 0, 2, 3, 0, 0], "hlc": [921539, 1]}
INFO:<Node 9>:{"send": false, "recv": true, "to": 9, "from": 4, "vc": [0, 0, 0, 0, 2, 0, 1, 0, 0, 2], "hlc": [921538, 0]}
INFO:<Node 0>:{"send": true, "recv": false, "from": 0, "to": 2, "vc": [3, 0, 0, 0, 0, 0, 0, 0, 0, 0], "hlc": [921536, 3]}
INFO:<Node 2>:{"send": true, "recv": false, "from": 2, "to": 6, "vc": [0, 3, 4, 0, 0, 0, 0, 2, 0, 0], "hlc": [921539, 2]}
INFO:<Node 3>:{"send": true, "recv": false, "from": 3, "to": 8, "vc": [1, 1, 1, 6, 1, 2, 0, 0, 1, 0], "hlc": [921537, 4]}
INFO:<Node 4>:{"send": true, "recv": false, "from": 4, "to": 1, "vc": [0, 0, 0, 0, 3, 0, 0, 0, 0, 0], "hlc": [921537, 1]}
INFO:<Node 5>:{"send": true, "recv": false, "from": 5, "to": 1, "vc": [0, 0, 0, 0, 1, 3, 0, 0, 0, 0], "hlc": [921536, 4]}
INFO:<Node 6>:{"send": true, "recv": false, "from": 6, "to": 4, "vc": [2, 0, 0, 0, 0, 0, 4, 0, 0, 0], "hlc": [921538, 1]}
INFO:<Node 8>:{"send": true, "recv": false, "from": 8, "to": 4, "vc": [0, 0, 0, 0, 0, 0, 0, 0, 2, 0], "hlc": [921536, 2]}
INFO:<Node 9>:{"send": true, "recv": false, "from": 9, "to": 3, "vc": [0, 0, 0, 0, 2, 0, 1, 0, 0, 3], "hlc": [921538, 1]}
INFO:<Node 1>:{"send": false, "recv": true, "to": 1, "from": 4, "vc": [0, 4, 0, 0, 3, 0, 0, 1, 0, 0], "hlc": [921538, 3]}
INFO:<Node 1>:{"send": false, "recv": true, "to": 1, "from": 5, "vc": [0, 5, 0, 0, 3, 3, 0, 1, 0, 0], "hlc": [921538, 4]}
INFO:<Node 2>:{"send": false, "recv": true, "to": 2, "from": 0, "vc": [3, 3, 5, 0, 0, 0, 0, 2, 0, 0], "hlc": [921539, 3]}
INFO:<Node 3>:{"send": false, "recv": true, "to": 3, "from": 9, "vc": [1, 1, 1, 7, 2, 2, 1, 0, 1, 3], "hlc": [921538, 2]}
INFO:<Node 4>:{"send": false, "recv": true, "to": 4, "from": 6, "vc": [2, 0, 0, 0, 4, 0, 4, 0, 0, 0], "hlc": [921538, 2]}
INFO:<Node 4>:{"send": false, "recv": true, "to": 4, "from": 8, "vc": [2, 0, 0, 0, 5, 0, 4, 0, 2, 0], "hlc": [921538, 3]}
INFO:<Node 6>:{"send": false, "recv": true, "to": 6, "from": 2, "vc": [2, 3, 4, 0, 0, 0, 5, 2, 0, 0], "hlc": [921539, 3]}
INFO:<Node 8>:{"send": false, "recv": true, "to": 8, "from": 3, "vc": [1, 1, 1, 6, 1, 2, 0, 0, 3, 0], "hlc": [921537, 5]}
INFO:<Node 0>:{"send": true, "recv": false, "from": 0, "to": 7, "vc": [4, 0, 0, 0, 0, 0, 0, 0, 0, 0], "hlc": [921536, 4]}
INFO:<Node 1>:{"send": true, "recv": false, "from": 1, "to": 9, "vc": [0, 6, 0, 0, 3, 3, 0, 1, 0, 0], "hlc": [921538, 5]}
INFO:<Node 2>:{"send": true, "recv": false, "from": 2, "to": 0, "vc": [3, 3, 6, 0, 0, 0, 0, 2, 0, 0], "hlc": [921539, 4]}
INFO:<Node 3>:{"send": true, "recv": false, "from": 3, "to": 2, "vc": [1, 1, 1, 8, 2, 2, 1, 0, 1, 3], "hlc": [921538, 3]}
INFO:<Node 4>:{"send": true, "recv": false, "from": 4, "to": 5, "vc": [2, 0, 0, 0, 6, 0, 4, 0, 2, 0], "hlc": [921538, 4]}
INFO:<Node 5>:{"send": true, "recv": false, "from": 5, "to": 2, "vc": [0, 0, 0, 0, 1, 4, 0, 0, 0, 0], "hlc": [921536, 5]}
INFO:<Node 8>:{"send": true, "recv": false, "from": 8, "to": 4, "vc": [1, 1, 1, 6, 1, 2, 0, 0, 4, 0], "hlc": [921537, 6]}
INFO:<Node 0>:{"send": false, "recv": true, "to": 0, "from": 2, "vc": [5, 3, 6, 0, 0, 0, 0, 2, 0, 0], "hlc": [921539, 5]}
INFO:<Node 2>:{"send": false, "recv": true, "to": 2, "from": 3, "vc": [3, 3, 7, 8, 2, 2, 1, 2, 1, 3], "hlc": [921539, 5]}
INFO:<Node 2>:{"send": false, "recv": true, "to": 2, "from": 5, "vc": [3, 3, 8, 8, 2, 4, 1, 2, 1, 3], "hlc": [921539, 6]}
INFO:<Node 4>:{"send": false, "recv": true, "to": 4, "from": 8, "vc": [2, 1, 1, 6, 7, 2, 4, 0, 4, 0], "hlc": [921538, 5]}
INFO:<Node 5>:{"send": false, "recv": true, "to": 5, "from": 4, "vc": [2, 0, 0, 0, 6, 5, 4, 0, 2, 0], "hlc": [921538, 5]}
INFO:<Node 7>:{"send": false, "recv": true, "to": 7, "from": 0, "vc": [4, 0, 0, 0, 0, 0, 2, 4, 0, 0], "hlc": [921540, 0]}
INFO:<Node 9>:{"send": false, "recv": true, "to": 9, "from": 1, "vc": [0, 6, 0, 0, 3, 3, 1, 1, 0, 4], "hlc": [921539, 0]}
INFO:<Node 4>:{"send": true, "recv": false, "from": 4, "to": 8, "vc": [2, 1, 1, 6, 8, 2, 4, 0, 4, 0], "hlc": [921538, 6]}
INFO:<Node 8>:{"send": true, "recv": false, "from": 8, "to": 5, "vc": [1, 1, 1, 6, 1, 2, 0, 0, 5, 0], "hlc": [921537, 7]}
INFO:<Node 5>:{"send": false, "recv": true, "to": 5, "from": 8, "vc": [2, 1, 1, 6, 6, 6, 4, 0, 5, 0], "hlc": [921538, 6]}
INFO:<Node 8>:{"send": false, "recv": true, "to": 8, "from": 4, "vc": [2, 1, 1, 6, 8, 2, 4, 0, 6, 0], "hlc": [921538, 7]}
INFO:<Node 2>:{"send": true, "recv": false, "from": 2, "to": 9, "vc": [3, 3, 9, 8, 2, 4, 1, 2, 1, 3], "hlc": [921539, 7]}
INFO:<Node 4>:{"send": true, "recv": false, "from": 4, "to": 6, "vc": [2, 1, 1, 6, 9, 2, 4, 0, 4, 0], "hlc": [921539, 0]}
INFO:<Node 5>:{"send": true, "recv": false, "from": 5, "to": 9, "vc": [2, 1, 1, 6, 6, 7, 4, 0, 5, 0], "hlc": [921538, 7]}
INFO:<Node 9>:{"send": true, "recv": false, "from": 9, "to": 0, "vc": [0, 6, 0, 0, 3, 3, 1, 1, 0, 5], "hlc": [921539, 1]}
INFO:<Node 0>:{"send": false, "recv": true, "to": 0, "from": 9, "vc": [6, 6, 6, 0, 3, 3, 1, 2, 0, 5], "hlc": [921539, 6]}
INFO:<Node 6>:{"send": false, "recv": true, "to": 6, "from": 4, "vc": [2, 3, 4, 6, 9, 2, 6, 2, 4, 0], "hlc": [921540, 0]}
INFO:<Node 9>:{"send": false, "recv": true, "to": 9, "from": 2, "vc": [3, 6, 9, 8, 3, 4, 1, 2, 1, 6], "hlc": [921540, 0]}
INFO:<Node 9>:{"send": false, "recv": true, "to": 9, "from": 5, "vc": [3, 6, 9, 8, 6, 7, 4, 2, 5, 7], "hlc": [921540, 1]}
INFO:<Node 1>:{"send": true, "recv": false, "from": 1, "to": 4, "vc": [0, 7, 0, 0, 3, 3, 0, 1, 0, 0], "hlc": [921538, 6]}
INFO:<Node 2>:{"send": true, "recv": false, "from": 2, "to": 0, "vc": [3, 3, 10, 8, 2, 4, 1, 2, 1, 3], "hlc": [921540, 0]}
INFO:<Node 4>:{"send": true, "recv": false, "from": 4, "to": 9, "vc": [2, 1, 1, 6, 10, 2, 4, 0, 4, 0], "hlc": [921539, 1]}
INFO:<Node 5>:{"send": true, "recv": false, "from": 5, "to": 6, "vc": [2, 1, 1, 6, 6, 8, 4, 0, 5, 0], "hlc": [921538, 8]}
INFO:<Node 6>:{"send": true, "recv": false, "from": 6, "to": 2, "vc": [2, 3, 4, 6, 9, 2, 7, 2, 4, 0], "hlc": [921540, 1]}
INFO:<Node 7>:{"send": true, "recv": false, "from": 7, "to": 3, "vc": [4, 0, 0, 0, 0, 0, 2, 5, 0, 0], "hlc": [921541, 0]}
INFO:<Node 8>:{"send": true, "recv": false, "from": 8, "to": 0, "vc": [2, 1, 1, 6, 8, 2, 4, 0, 7, 0], "hlc": [921538, 8]}
INFO:<Node 0>:{"send": false, "recv": true, "to": 0, "from": 2, "vc": [7, 6, 10, 8, 3, 4, 1, 2, 1, 5], "hlc": [921540, 1]}
INFO:<Node 0>:{"send": false, "recv": true, "to": 0, "from": 8, "vc": [8, 6, 10, 8, 8, 4, 4, 2, 7, 5], "hlc": [921540, 2]}
INFO:<Node 2>:{"send": false, "recv": true, "to": 2, "from": 6, "vc": [3, 3, 11, 8, 9, 4, 7, 2, 4, 3], "hlc": [921540, 2]}
INFO:<Node 3>:{"send": false, "recv": true, "to": 3, "from": 7, "vc": [4, 1, 1, 9, 2, 2, 2, 5, 1, 3], "hlc": [921541, 1]}
INFO:<Node 4>:{"send": false, "recv": true, "to": 4, "from": 1, "vc": [2, 7, 1, 6, 11, 3, 4, 1, 4, 0], "hlc": [921540, 0]}
INFO:<Node 6>:{"send": false, "recv": true, "to": 6, "from": 5, "vc": [2, 3, 4, 6, 9, 8, 8, 2, 5, 0], "hlc": [921540, 2]}
INFO:<Node 9>:{"send": false, "recv": true, "to": 9, "from": 4, "vc": [3, 6, 9, 8, 10, 7, 4, 2, 5, 8], "hlc": [921540, 2]}
INFO:<Node 0>:{"send": true, "recv": false, "from": 0, "to": 8, "vc": [9, 6, 10, 8, 8, 4, 4, 2, 7, 5], "hlc": [921540, 3]}
INFO:<Node 1>:{"send": true, "recv": false, "from": 1, "to": 4, "vc": [0, 8, 0, 0, 3, 3, 0, 1, 0, 0], "hlc": [921538, 7]}
INFO:<Node 4>:{"send": true, "recv": false, "from": 4, "to": 9, "vc": [2, 7, 1, 6, 12, 3, 4, 1, 4, 0], "hlc": [921540, 1]}
INFO:<Node 5>:{"send": true, "recv": false, "from": 5, "to": 9, "vc": [2, 1, 1, 6, 6, 9, 4, 0, 5, 0], "hlc": [921538, 9]}
INFO:<Node 6>:{"send": true, "recv": false, "from": 6, "to": 9, "vc": [2, 3, 4, 6, 9, 8, 9, 2, 5, 0], "hlc": [921540, 3]}
INFO:<Node 7>:{"send": true, "recv": false, "from": 7, "to": 6, "vc": [4, 0, 0, 0, 0, 0, 2, 6, 0, 0], "hlc": [921542, 0]}
INFO:<Node 8>:{"send": true, "recv": false, "from": 8, "to": 5, "vc": [2, 1, 1, 6, 8, 2, 4, 0, 8, 0], "hlc": [921538, 9]}
INFO:<Node 9>:{"send": true, "recv": false, "from": 9, "to": 8, "vc": [3, 6, 9, 8, 10, 7, 4, 2, 5, 9], "hlc": [921540, 3]}
INFO:<Node 4>:{"send": false, "recv": true, "to": 4, "from": 1, "vc": [2, 8, 1, 6, 13, 3, 4, 1, 4, 0], "hlc": [921540, 2]}
INFO:<Node 5>:{"send": false, "recv": true, "to": 5, "from": 8, "vc": [2, 1, 1, 6, 8, 10, 4, 0, 8, 0], "hlc": [921538, 10]}
INFO:<Node 6>:{"send": false, "recv": true, "to": 6, "from": 7, "vc": [4, 3, 4, 6, 9, 8, 10, 6, 5, 0], "hlc": [921542, 1]}
INFO:<Node 8>:{"send": false, "recv": true, "to": 8, "from": 0, "vc": [9, 6, 10, 8, 8, 4, 4, 2, 9, 5], "hlc": [921540, 4]}
INFO:<Node 8>:{"send": false, "recv": true, "to": 8, "from": 9, "vc": [9, 6, 10, 8, 10, 7, 4, 2, 10, 9], "hlc": [921540, 5]}
INFO:<Node 9>:{"send": false, "recv": true, "to": 9, "from": 4, "vc": [3, 7, 9, 8, 12, 7, 4, 2, 5, 10], "hlc": [921541, 0]}
INFO:<Node 9>:{"send": false, "recv": true, "to": 9, "from": 5, "vc": [3, 7, 9, 8, 12, 9, 4, 2, 5, 11], "hlc": [921541, 1]}
INFO:<Node 9>:{"send": false, "recv": true, "to": 9, "from": 6, "vc": [3, 7, 9, 8, 12, 9, 9, 2, 5, 12], "hlc": [921541, 2]}
INFO:<Node 1>:{"send": true, "recv": false, "from": 1, "to": 2, "vc": [0, 9, 0, 0, 3, 3, 0, 1, 0, 0], "hlc": [921538, 8]}
INFO:<Node 2>:{"send": true, "recv": false, "from": 2, "to": 1, "vc": [3, 3, 12, 8, 9, 4, 7, 2, 4, 3], "hlc": [921541, 0]}
INFO:<Node 3>:{"send": true, "recv": false, "from": 3, "to": 2, "vc": [4, 1, 1, 10, 2, 2, 2, 5, 1, 3], "hlc": [921541, 2]}
INFO:<Node 4>:{"send": true, "recv": false, "from": 4, "to": 9, "vc": [2, 8, 1, 6, 14, 3, 4, 1, 4, 0], "hlc": [921540, 3]}
INFO:<Node 5>:{"send": true, "recv": false, "from": 5, "to": 9, "vc": [2, 1, 1, 6, 8, 11, 4, 0, 8, 0], "hlc": [921538, 11]}
INFO:<Node 6>:{"send": true, "recv": false, "from": 6, "to": 1, "vc": [4, 3, 4, 6, 9, 8, 11, 6, 5, 0], "hlc": [921542, 2]}
INFO:<Node 7>:{"send": true, "recv": false, "from": 7, "to": 3, "vc": [4, 0, 0, 0, 0, 0, 2, 7, 0, 0], "hlc": [921542, 1]}
INFO:<Node 9>:{"send": true, "recv": false, "from": 9, "to": 2, "vc": [3, 7, 9, 8, 12, 9, 9, 2, 5, 13], "hlc": [921541, 3]}
INFO:<Node 1>:{"send": false, "recv": true, "to": 1, "from": 2, "vc": [3, 10, 12, 8, 9, 4, 7, 2, 4, 3], "hlc": [921541, 1]}
INFO:<Node 1>:{"send": false, "recv": true, "to": 1, "from": 6, "vc": [4, 11, 12, 8, 9, 8, 11, 6, 5, 3], "hlc": [921542, 3]}
INFO:<Node 2>:{"send": false, "recv": true, "to": 2, "from": 1, "vc": [3, 9, 13, 8, 9, 4, 7, 2, 4, 3], "hlc": [921541, 1]}
INFO:<Node 2>:{"send": false, "recv": true, "to": 2, "from": 3, "vc": [4, 9, 14, 10, 9, 4, 7, 5, 4, 3], "hlc": [921541, 3]}
INFO:<Node 2>:{"send": false, "recv": true, "to": 2, "from": 9, "vc": [4, 9, 15, 10, 12, 9, 9, 5, 5, 13], "hlc": [921541, 4]}
INFO:<Node 3>:{"send": false, "recv": true, "to": 3, "from": 7, "vc": [4, 1, 1, 11, 2, 2, 2, 7, 1, 3], "hlc": [921542, 2]}
INFO:<Node 9>:{"send": false, "recv": true, "to": 9, "from": 4, "vc": [3, 8, 9, 8, 14, 9, 9, 2, 5, 14], "hlc": [921541, 4]}
INFO:<Node 9>:{"send": false, "recv": true, "to": 9, "from": 5, "vc": [3, 8, 9, 8, 14, 11, 9, 2, 8, 15], "hlc": [921541, 5]}
INFO:<Node 0>:{"send": true, "recv": false, "from": 0, "to": 6, "vc": [10, 6, 10, 8, 8, 4, 4, 2, 7, 5], "hlc": [921540, 4]}
INFO:<Node 1>:{"send": true, "recv": false, "from": 1, "to": 4, "vc": [4, 12, 12, 8, 9, 8, 11, 6, 5, 3], "hlc": [921542, 4]}
INFO:<Node 2>:{"send": true, "recv": false, "from": 2, "to": 9, "vc": [4, 9, 16, 10, 12, 9, 9, 5, 5, 13], "hlc": [921541, 5]}
INFO:<Node 5>:{"send": true, "recv": false, "from": 5, "to": 2, "vc": [2, 1, 1, 6, 8, 12, 4, 0, 8, 0], "hlc": [921538, 12]}
INFO:<Node 8>:{"send": true, "recv": false, "from": 8, "to": 1, "vc": [9, 6, 10, 8, 10, 7, 4, 2, 11, 9], "hlc": [921540, 6]}
INFO:<Node 9>:{"send": true, "recv": false, "from": 9, "to": 1, "vc": [3, 8, 9, 8, 14, 11, 9, 2, 8, 16], "hlc": [921541, 6]}
INFO:<Node 1>:{"send": false, "recv": true, "to": 1, "from": 8, "vc": [9, 13, 12, 8, 10, 8, 11, 6, 11, 9], "hlc": [921542, 5]}
INFO:<Node 1>:{"send": false, "recv": true, "to": 1, "from": 9, "vc": [9, 14, 12, 8, 14, 11, 11, 6, 11, 16], "hlc": [921542, 6]}
INFO:<Node 2>:{"send": false, "recv": true, "to": 2, "from": 5, "vc": [4, 9, 17, 10, 12, 12, 9, 5, 8, 13], "hlc": [921542, 0]}
INFO:<Node 4>:{"send": false, "recv": true, "to": 4, "from": 1, "vc": [4, 12, 12, 8, 15, 8, 11, 6, 5, 3], "hlc": [921542, 5]}
INFO:<Node 6>:{"send": false, "recv": true, "to": 6, "from": 0, "vc": [10, 6, 10, 8, 9, 8, 12, 6, 7, 5], "hlc": [921542, 3]}
INFO:<Node 9>:{"send": false, "recv": true, "to": 9, "from": 2, "vc": [4, 9, 16, 10, 14, 11, 9, 5, 8, 17], "hlc": [921542, 0]}
INFO:<Node 0>:{"send": true, "recv": false, "from": 0, "to": 1, "vc": [11, 6, 10, 8, 8, 4, 4, 2, 7, 5], "hlc": [921540, 5]}
INFO:<Node 1>:{"send": true, "recv": false, "from": 1, "to": 7, "vc": [9, 15, 12, 8, 14, 11, 11, 6, 11, 16], "hlc": [921542, 7]}
INFO:<Node 2>:{"send": true, "recv": false, "from": 2, "to": 4, "vc": [4, 9, 18, 10, 12, 12, 9, 5, 8, 13], "hlc": [921542, 1]}
INFO:<Node 3>:{"send": true, "recv": false, "from": 3, "to": 9, "vc": [4, 1, 1, 12, 2, 2, 2, 7, 1, 3], "hlc": [921542, 3]}
INFO:<Node 4>:{"send": true, "recv": false, "from": 4, "to": 5, "vc": [4, 12, 12, 8, 16, 8, 11, 6, 5, 3], "hlc": [921542, 6]}
INFO:<Node 5>:{"send": true, "recv": false, "from": 5, "to": 8, "vc": [2, 1, 1, 6, 8, 13, 4, 0, 8, 0], "hlc": [921538, 13]}
INFO:<Node 8>:{"send": true, "recv": false, "from": 8, "to": 6, "vc": [9, 6, 10, 8, 10, 7, 4, 2, 12, 9], "hlc": [921540, 7]}
INFO:<Node 9>:{"send": true, "recv": false, "from": 9, "to": 6, "vc": [4, 9, 16, 10, 14, 11, 9, 5, 8, 18], "hlc": [921542, 1]}
INFO:<Node 1>:{"send": false, "recv": true, "to": 1, "from": 0, "vc": [11, 16, 12, 8, 14, 11, 11, 6, 11, 16], "hlc": [921542, 8]}
INFO:<Node 4>:{"send": false, "recv": true, "to": 4, "from": 2, "vc": [4, 12, 18, 10, 17, 12, 11, 6, 8, 13], "hlc": [921542, 7]}
INFO:<Node 5>:{"send": false, "recv": true, "to": 5, "from": 4, "vc": [4, 12, 12, 8, 16, 14, 11, 6, 8, 3], "hlc": [921542, 7]}
INFO:<Node 6>:{"send": false, "recv": true, "to": 6, "from": 8, "vc": [10, 6, 10, 8, 10, 8, 13, 6, 12, 9], "hlc": [921542, 4]}
INFO:<Node 6>:{"send": false, "recv": true, "to": 6, "from": 9, "vc": [10, 9, 16, 10, 14, 11, 14, 6, 12, 18], "hlc": [921542, 5]}
INFO:<Node 7>:{"send": false, "recv": true, "to": 7, "from": 1, "vc": [9, 15, 12, 8, 14, 11, 11, 8, 11, 16], "hlc": [921544, 0]}
INFO:<Node 8>:{"send": false, "recv": true, "to": 8, "from": 5, "vc": [9, 6, 10, 8, 10, 13, 4, 2, 13, 9], "hlc": [921540, 8]}
INFO:<Node 9>:{"send": false, "recv": true, "to": 9, "from": 3, "vc": [4, 9, 16, 12, 14, 11, 9, 7, 8, 19], "hlc": [921542, 4]}
INFO:<Node 0>:{"send": true, "recv": false, "from": 0, "to": 8, "vc": [12, 6, 10, 8, 8, 4, 4, 2, 7, 5], "hlc": [921540, 6]}
INFO:<Node 1>:{"send": true, "recv": false, "from": 1, "to": 3, "vc": [11, 17, 12, 8, 14, 11, 11, 6, 11, 16], "hlc": [921542, 9]}
INFO:<Node 2>:{"send": true, "recv": false, "from": 2, "to": 3, "vc": [4, 9, 19, 10, 12, 12, 9, 5, 8, 13], "hlc": [921542, 2]}
INFO:<Node 3>:{"send": true, "recv": false, "from": 3, "to": 7, "vc": [4, 1, 1, 13, 2, 2, 2, 7, 1, 3], "hlc": [921542, 4]}
INFO:<Node 5>:{"send": true, "recv": false, "from": 5, "to": 3, "vc": [4, 12, 12, 8, 16, 15, 11, 6, 8, 3], "hlc": [921542, 8]}
INFO:<Node 7>:{"send": true, "recv": false, "from": 7, "to": 6, "vc": [9, 15, 12, 8, 14, 11, 11, 9, 11, 16], "hlc": [921544, 1]}
INFO:<Node 8>:{"send": true, "recv": false, "from": 8, "to": 2, "vc": [9, 6, 10, 8, 10, 13, 4, 2, 14, 9], "hlc": [921540, 9]}
INFO:<Node 2>:{"send": false, "recv": true, "to": 2, "from": 8, "vc": [9, 9, 20, 10, 12, 13, 9, 5, 14, 13], "hlc": [921543, 0]}
INFO:<Node 3>:{"send": false, "recv": true, "to": 3, "from": 1, "vc": [11, 17, 12, 14, 14, 11, 11, 7, 11, 16], "hlc": [921542, 10]}
INFO:<Node 3>:{"send": false, "recv": true, "to": 3, "from": 2, "vc": [11, 17, 19, 15, 14, 12, 11, 7, 11, 16], "hlc": [921542, 11]}
INFO:<Node 3>:{"send": false, "recv": true, "to": 3, "from": 5, "vc": [11, 17, 19, 16, 16, 15, 11, 7, 11, 16], "hlc": [921542, 12]}
INFO:<Node 6>:{"send": false, "recv": true, "to": 6, "from": 7, "vc": [10, 15, 16, 10, 14, 11, 15, 9, 12, 18], "hlc": [921544, 2]}
INFO:<Node 7>:{"send": false, "recv": true, "to": 7, "from": 3, "vc": [9, 15, 12, 13, 14, 11, 11, 10, 11, 16], "hlc": [921544, 2]}
INFO:<Node 8>:{"send": false, "recv": true, "to": 8, "from": 0, "vc": [12, 6, 10, 8, 10, 13, 4, 2, 15, 9], "hlc": [921540, 10]}
INFO:<Node 1>:{"send": true, "recv": false, "from": 1, "to": 8, "vc": [11, 18, 12, 8, 14, 11, 11, 6, 11, 16], "hlc": [921542, 10]}
INFO:<Node 2>:{"send": true, "recv": false, "from": 2, "to": 9, "vc": [9, 9, 21, 10, 12, 13, 9, 5, 14, 13], "hlc": [921543, 1]}
INFO:<Node 3>:{"send": true, "recv": false, "from": 3, "to": 0, "vc": [11, 17, 19, 17, 16, 15, 11, 7, 11, 16], "hlc": [921542, 13]}
INFO:<Node 4>:{"send": true, "recv": false, "from": 4, "to": 7, "vc": [4, 12, 18, 10, 18, 12, 11, 6, 8, 13], "hlc": [921542, 8]}
INFO:<Node 6>:{"send": true, "recv": false, "from": 6, "to": 9, "vc": [10, 15, 16, 10, 14, 11, 16, 9, 12, 18], "hlc": [921544, 3]}
INFO:<Node 8>:{"send": true, "recv": false, "from": 8, "to": 3, "vc": [12, 6, 10, 8, 10, 13, 4, 2, 16, 9], "hlc": [921540, 11]}
INFO:<Node 9>:{"send": true, "recv": false, "from": 9, "to": 5, "vc": [4, 9, 16, 12, 14, 11, 9, 7, 8, 20], "hlc": [921543, 0]}
INFO:<Node 0>:{"send": false, "recv": true, "to": 0, "from": 3, "vc": [13, 17, 19, 17, 16, 15, 11, 7, 11, 16], "hlc": [921542, 14]}
INFO:<Node 3>:{"send": false, "recv": true, "to": 3, "from": 8, "vc": [12, 17, 19, 18, 16, 15, 11, 7, 16, 16], "hlc": [921542, 14]}
INFO:<Node 5>:{"send": false, "recv": true, "to": 5, "from": 9, "vc": [4, 12, 16, 12, 16, 16, 11, 7, 8, 20], "hlc": [921543, 1]}
INFO:<Node 7>:{"send": false, "recv": true, "to": 7, "from": 4, "vc": [9, 15, 18, 13, 18, 12, 11, 11, 11, 16], "hlc": [921545, 0]}
INFO:<Node 8>:{"send": false, "recv": true, "to": 8, "from": 1, "vc": [12, 18, 12, 8, 14, 13, 11, 6, 17, 16], "hlc": [921542, 11]}
INFO:<Node 9>:{"send": false, "recv": true, "to": 9, "from": 2, "vc": [9, 9, 21, 12, 14, 13, 9, 7, 14, 21], "hlc": [921543, 2]}
INFO:<Node 9>:{"send": false, "recv": true, "to": 9, "from": 6, "vc": [10, 15, 21, 12, 14, 13, 16, 9, 14, 22], "hlc": [921544, 4]}
INFO:<Node 0>:{"send": true, "recv": false, "from": 0, "to": 8, "vc": [14, 17, 19, 17, 16, 15, 11, 7, 11, 16], "hlc": [921542, 15]}
INFO:<Node 1>:{"send": true, "recv": false, "from": 1, "to": 9, "vc": [11, 19, 12, 8, 14, 11, 11, 6, 11, 16], "hlc": [921542, 11]}
INFO:<Node 2>:{"send": true, "recv": false, "from": 2, "to": 3, "vc": [9, 9, 22, 10, 12, 13, 9, 5, 14, 13], "hlc": [921543, 2]}
INFO:<Node 3>:{"send": true, "recv": false, "from": 3, "to": 0, "vc": [12, 17, 19, 19, 16, 15, 11, 7, 16, 16], "hlc": [921542, 15]}
INFO:<Node 4>:{"send": true, "recv": false, "from": 4, "to": 3, "vc": [4, 12, 18, 10, 19, 12, 11, 6, 8, 13], "hlc": [921543, 0]}
INFO:<Node 6>:{"send": true, "recv": false, "from": 6, "to": 0, "vc": [10, 15, 16, 10, 14, 11, 17, 9, 12, 18], "hlc": [921544, 4]}
INFO:<Node 7>:{"send": true, "recv": false, "from": 7, "to": 4, "vc": [9, 15, 18, 13, 18, 12, 11, 12, 11, 16], "hlc": [921545, 1]}
INFO:<Node 8>:{"send": true, "recv": false, "from": 8, "to": 2, "vc": [12, 18, 12, 8, 14, 13, 11, 6, 18, 16], "hlc": [921542, 12]}
INFO:<Node 9>:{"send": true, "recv": false, "from": 9, "to": 8, "vc": [10, 15, 21, 12, 14, 13, 16, 9, 14, 23], "hlc": [921544, 5]}
INFO:<Node 0>:{"send": false, "recv": true, "to": 0, "from": 3, "vc": [15, 17, 19, 19, 16, 15, 11, 7, 16, 16], "hlc": [921542, 16]}
INFO:<Node 0>:{"send": false, "recv": true, "to": 0, "from": 6, "vc": [16, 17, 19, 19, 16, 15, 17, 9, 16, 18], "hlc": [921544, 5]}
INFO:<Node 2>:{"send": false, "recv": true, "to": 2, "from": 8, "vc": [12, 18, 23, 10, 14, 13, 11, 6, 18, 16], "hlc": [921544, 0]}
INFO:<Node 3>:{"send": false, "recv": true, "to": 3, "from": 2, "vc": [12, 17, 22, 20, 16, 15, 11, 7, 16, 16], "hlc": [921543, 3]}
INFO:<Node 3>:{"send": false, "recv": true, "to": 3, "from": 4, "vc": [12, 17, 22, 21, 19, 15, 11, 7, 16, 16], "hlc": [921543, 4]}
INFO:<Node 4>:{"send": false, "recv": true, "to": 4, "from": 7, "vc": [9, 15, 18, 13, 20, 12, 11, 12, 11, 16], "hlc": [921545, 2]}
INFO:<Node 8>:{"send": false, "recv": true, "to": 8, "from": 0, "vc": [14, 18, 19, 17, 16, 15, 11, 7, 19, 16], "hlc": [921542, 16]}
INFO:<Node 8>:{"send": false, "recv": true, "to": 8, "from": 9, "vc": [14, 18, 21, 17, 16, 15, 16, 9, 20, 23], "hlc": [921544, 6]}
INFO:<Node 9>:{"send": false, "recv": true, "to": 9, "from": 1, "vc": [11, 19, 21, 12, 14, 13, 16, 9, 14, 24], "hlc": [921544, 6]}
INFO:<Node 0>:{"send": true, "recv": false, "from": 0, "to": 8, "vc": [17, 17, 19, 19, 16, 15, 17, 9, 16, 18], "hlc": [921544, 6]}
INFO:<Node 2>:{"send": true, "recv": false, "from": 2, "to": 0, "vc": [12, 18, 24, 10, 14, 13, 11, 6, 18, 16], "hlc": [921544, 1]}
INFO:<Node 3>:{"send": true, "recv": false, "from": 3, "to": 7, "vc": [12, 17, 22, 22, 19, 15, 11, 7, 16, 16], "hlc": [921543, 5]}
INFO:<Node 4>:{"send": true, "recv": false, "from": 4, "to": 7, "vc": [9, 15, 18, 13, 21, 12, 11, 12, 11, 16], "hlc": [921545, 3]}
INFO:<Node 5>:{"send": true, "recv": false, "from": 5, "to": 8, "vc": [4, 12, 16, 12, 16, 17, 11, 7, 8, 20], "hlc": [921543, 2]}
INFO:<Node 6>:{"send": true, "recv": false, "from": 6, "to": 4, "vc": [10, 15, 16, 10, 14, 11, 18, 9, 12, 18], "hlc": [921544, 5]}
INFO:<Node 9>:{"send": true, "recv": false, "from": 9, "to": 0, "vc": [11, 19, 21, 12, 14, 13, 16, 9, 14, 25], "hlc": [921544, 7]}
INFO:<Node 0>:{"send": false, "recv": true, "to": 0, "from": 2, "vc": [18, 18, 24, 19, 16, 15, 17, 9, 18, 18], "hlc": [921544, 7]}
INFO:<Node 0>:{"send": false, "recv": true, "to": 0, "from": 9, "vc": [19, 19, 24, 19, 16, 15, 17, 9, 18, 25], "hlc": [921544, 8]}
INFO:<Node 4>:{"send": false, "recv": true, "to": 4, "from": 6, "vc": [10, 15, 18, 13, 22, 12, 18, 12, 12, 18], "hlc": [921545, 4]}
INFO:<Node 7>:{"send": false, "recv": true, "to": 7, "from": 3, "vc": [12, 17, 22, 22, 19, 15, 11, 13, 16, 16], "hlc": [921546, 0]}
INFO:<Node 7>:{"send": false, "recv": true, "to": 7, "from": 4, "vc": [12, 17, 22, 22, 21, 15, 11, 14, 16, 16], "hlc": [921546, 1]}
INFO:<Node 8>:{"send": false, "recv": true, "to": 8, "from": 0, "vc": [17, 18, 21, 19, 16, 15, 17, 9, 21, 23], "hlc": [921544, 7]}
INFO:<Node 8>:{"send": false, "recv": true, "to": 8, "from": 5, "vc": [17, 18, 21, 19, 16, 17, 17, 9, 22, 23], "hlc": [921544, 8]}
INFO:<Node 0>:{"send": true, "recv": false, "from": 0, "to": 2, "vc": [20, 19, 24, 19, 16, 15, 17, 9, 18, 25], "hlc": [921544, 9]}
INFO:<Node 6>:{"send": true, "recv": false, "from": 6, "to": 3, "vc": [10, 15, 16, 10, 14, 11, 19, 9, 12, 18], "hlc": [921544, 6]}
INFO:<Node 7>:{"send": true, "recv": false, "from": 7, "to": 5, "vc": [12, 17, 22, 22, 21, 15, 11, 15, 16, 16], "hlc": [921546, 2]}
INFO:<Node 8>:{"send": true, "recv": false, "from": 8, "to": 0, "vc": [17, 18, 21, 19, 16, 17, 17, 9, 23, 23], "hlc": [921544, 9]}
INFO:<Node 9>:{"send": true, "recv": false, "from": 9, "to": 7, "vc": [11, 19, 21, 12, 14, 13, 16, 9, 14, 26], "hlc": [921544, 8]}
INFO:<Node 0>:{"send": false, "recv": true, "to": 0, "from": 8, "vc": [21, 19, 24, 19, 16, 17, 17, 9, 23, 25], "hlc": [921544, 10]}
INFO:<Node 2>:{"send": false, "recv": true, "to": 2, "from": 0, "vc": [20, 19, 25, 19, 16, 15, 17, 9, 18, 25], "hlc": [921545, 0]}
INFO:<Node 3>:{"send": false, "recv": true, "to": 3, "from": 6, "vc": [12, 17, 22, 23, 19, 15, 19, 9, 16, 18], "hlc": [921544, 7]}
INFO:<Node 5>:{"send": false, "recv": true, "to": 5, "from": 7, "vc": [12, 17, 22, 22, 21, 18, 11, 15, 16, 20], "hlc": [921546, 3]}
INFO:<Node 7>:{"send": false, "recv": true, "to": 7, "from": 9, "vc": [12, 19, 22, 22, 21, 15, 16, 16, 16, 26], "hlc": [921546, 3]}
INFO:<Node 0>:{"send": true, "recv": false, "from": 0, "to": 7, "vc": [22, 19, 24, 19, 16, 17, 17, 9, 23, 25], "hlc": [921544, 11]}
INFO:<Node 1>:{"send": true, "recv": false, "from": 1, "to": 8, "vc": [11, 20, 12, 8, 14, 11, 11, 6, 11, 16], "hlc": [921542, 12]}
INFO:<Node 4>:{"send": true, "recv": false, "from": 4, "to": 1, "vc": [10, 15, 18, 13, 23, 12, 18, 12, 12, 18], "hlc": [921545, 5]}
INFO:<Node 5>:{"send": true, "recv": false, "from": 5, "to": 4, "vc": [12, 17, 22, 22, 21, 19, 11, 15, 16, 20], "hlc": [921546, 4]}
INFO:<Node 7>:{"send": true, "recv": false, "from": 7, "to": 9, "vc": [12, 19, 22, 22, 21, 15, 16, 17, 16, 26], "hlc": [921546, 4]}
INFO:<Node 9>:{"send": true, "recv": false, "from": 9, "to": 4, "vc": [11, 19, 21, 12, 14, 13, 16, 9, 14, 27], "hlc": [921545, 0]}
INFO:<Node 1>:{"send": false, "recv": true, "to": 1, "from": 4, "vc": [11, 21, 18, 13, 23, 12, 18, 12, 12, 18], "hlc": [921545, 6]}
INFO:<Node 4>:{"send": false, "recv": true, "to": 4, "from": 5, "vc": [12, 17, 22, 22, 24, 19, 18, 15, 16, 20], "hlc": [921546, 5]}
INFO:<Node 4>:{"send": false, "recv": true, "to": 4, "from": 9, "vc": [12, 19, 22, 22, 25, 19, 18, 15, 16, 27], "hlc": [921546, 6]}
INFO:<Node 7>:{"send": false, "recv": true, "to": 7, "from": 0, "vc": [22, 19, 24, 22, 21, 17, 17, 18, 23, 26], "hlc": [921547, 0]}
INFO:<Node 8>:{"send": false, "recv": true, "to": 8, "from": 1, "vc": [17, 20, 21, 19, 16, 17, 17, 9, 24, 23], "hlc": [921544, 10]}
INFO:<Node 9>:{"send": false, "recv": true, "to": 9, "from": 7, "vc": [12, 19, 22, 22, 21, 15, 16, 17, 16, 28], "hlc": [921546, 5]}
INFO:<Node 0>:{"send": true, "recv": false, "from": 0, "to": 6, "vc": [23, 19, 24, 19, 16, 17, 17, 9, 23, 25], "hlc": [921544, 12]}
INFO:<Node 1>:{"send": true, "recv": false, "from": 1, "to": 7, "vc": [11, 22, 18, 13, 23, 12, 18, 12, 12, 18], "hlc": [921545, 7]}
INFO:<Node 3>:{"send": true, "recv": false, "from": 3, "to": 1, "vc": [12, 17, 22, 24, 19, 15, 19, 9, 16, 18], "hlc": [921544, 8]}
INFO:<Node 4>:{"send": true, "recv": false, "from": 4, "to": 3, "vc": [12, 19, 22, 22, 26, 19, 18, 15, 16, 27], "hlc": [921546, 7]}
INFO:<Node 6>:{"send": true, "recv": false, "from": 6, "to": 9, "vc": [10, 15, 16, 10, 14, 11, 20, 9, 12, 18], "hlc": [921545, 0]}
INFO:<Node 7>:{"send": true, "recv": false, "from": 7, "to": 6, "vc": [22, 19, 24, 22, 21, 17, 17, 19, 23, 26], "hlc": [921547, 1]}
INFO:<Node 8>:{"send": true, "recv": false, "from": 8, "to": 9, "vc": [17, 20, 21, 19, 16, 17, 17, 9, 25, 23], "hlc": [921544, 11]}
INFO:<Node 1>:{"send": false, "recv": true, "to": 1, "from": 3, "vc": [12, 23, 22, 24, 23, 15, 19, 12, 16, 18], "hlc": [921545, 8]}
INFO:<Node 3>:{"send": false, "recv": true, "to": 3, "from": 4, "vc": [12, 19, 22, 25, 26, 19, 19, 15, 16, 27], "hlc": [921546, 8]}
INFO:<Node 6>:{"send": false, "recv": true, "to": 6, "from": 0, "vc": [23, 19, 24, 19, 16, 17, 21, 9, 23, 25], "hlc": [921546, 0]}
INFO:<Node 6>:{"send": false, "recv": true, "to": 6, "from": 7, "vc": [23, 19, 24, 22, 21, 17, 22, 19, 23, 26], "hlc": [921547, 2]}
INFO:<Node 7>:{"send": false, "recv": true, "to": 7, "from": 1, "vc": [22, 22, 24, 22, 23, 17, 18, 20, 23, 26], "hlc": [921547, 2]}
INFO:<Node 9>:{"send": false, "recv": true, "to": 9, "from": 6, "vc": [12, 19, 22, 22, 21, 15, 20, 17, 16, 29], "hlc": [921546, 6]}
INFO:<Node 9>:{"send": false, "recv": true, "to": 9, "from": 8, "vc": [17, 20, 22, 22, 21, 17, 20, 17, 25, 30], "hlc": [921546, 7]}
INFO:<Node 2>:{"send": true, "recv": false, "from": 2, "to": 6, "vc": [20, 19, 26, 19, 16, 15, 17, 9, 18, 25], "hlc": [921546, 0]}
INFO:<Node 6>:{"send": true, "recv": false, "from": 6, "to": 1, "vc": [23, 19, 24, 22, 21, 17, 23, 19, 23, 26], "hlc": [921547, 3]}
INFO:<Node 8>:{"send": true, "recv": false, "from": 8, "to": 7, "vc": [17, 20, 21, 19, 16, 17, 17, 9, 26, 23], "hlc": [921544, 12]}
INFO:<Node 9>:{"send": true, "recv": false, "from": 9, "to": 4, "vc": [17, 20, 22, 22, 21, 17, 20, 17, 25, 31], "hlc": [921546, 8]}
INFO:<Node 1>:{"send": false, "recv": true, "to": 1, "from": 6, "vc": [23, 24, 24, 24, 23, 17, 23, 19, 23, 26], "hlc": [921547, 4]}
INFO:<Node 4>:{"send": false, "recv": true, "to": 4, "from": 9, "vc": [17, 20, 22, 22, 27, 19, 20, 17, 25, 31], "hlc": [921546, 9]}
INFO:<Node 6>:{"send": false, "recv": true, "to": 6, "from": 2, "vc": [23, 19, 26, 22, 21, 17, 24, 19, 23, 26], "hlc": [921547, 4]}
INFO:<Node 7>:{"send": false, "recv": true, "to": 7, "from": 8, "vc": [22, 22, 24, 22, 23, 17, 18, 21, 26, 26], "hlc": [921548, 0]}
INFO:<Node 1>:{"send": true, "recv": false, "from": 1, "to": 0, "vc": [23, 25, 24, 24, 23, 17, 23, 19, 23, 26], "hlc": [921547, 5]}
INFO:<Node 2>:{"send": true, "recv": false, "from": 2, "to": 7, "vc": [20, 19, 27, 19, 16, 15, 17, 9, 18, 25], "hlc": [921546, 1]}
INFO:<Node 4>:{"send": true, "recv": false, "from": 4, "to": 7, "vc": [17, 20, 22, 22, 28, 19, 20, 17, 25, 31], "hlc": [921546, 10]}
INFO:<Node 7>:{"send": true, "recv": false, "from": 7, "to": 5, "vc": [22, 22, 24, 22, 23, 17, 18, 22, 26, 26], "hlc": [921548, 1]}
INFO:<Node 9>:{"send": true, "recv": false, "from": 9, "to": 1, "vc": [17, 20, 22, 22, 21, 17, 20, 17, 25, 32], "hlc": [921546, 9]}
INFO:<Node 0>:{"send": false, "recv": true, "to": 0, "from": 1, "vc": [24, 25, 24, 24, 23, 17, 23, 19, 23, 26], "hlc": [921547, 6]}
INFO:<Node 1>:{"send": false, "recv": true, "to": 1, "from": 9, "vc": [23, 26, 24, 24, 23, 17, 23, 19, 25, 32], "hlc": [921547, 6]}
INFO:<Node 5>:{"send": false, "recv": true, "to": 5, "from": 7, "vc": [22, 22, 24, 22, 23, 20, 18, 22, 26, 26], "hlc": [921548, 2]}
INFO:<Node 7>:{"send": false, "recv": true, "to": 7, "from": 2, "vc": [22, 22, 27, 22, 23, 17, 18, 23, 26, 26], "hlc": [921548, 2]}
INFO:<Node 7>:{"send": false, "recv": true, "to": 7, "from": 4, "vc": [22, 22, 27, 22, 28, 19, 20, 24, 26, 31], "hlc": [921548, 3]}
INFO:<Node 1>:{"send": true, "recv": false, "from": 1, "to": 3, "vc": [23, 27, 24, 24, 23, 17, 23, 19, 25, 32], "hlc": [921547, 7]}
INFO:<Node 3>:{"send": true, "recv": false, "from": 3, "to": 8, "vc": [12, 19, 22, 26, 26, 19, 19, 15, 16, 27], "hlc": [921546, 9]}
INFO:<Node 3>:{"send": false, "recv": true, "to": 3, "from": 1, "vc": [23, 27, 24, 27, 26, 19, 23, 19, 25, 32], "hlc": [921547, 8]}
INFO:<Node 8>:{"send": false, "recv": true, "to": 8, "from": 3, "vc": [17, 20, 22, 26, 26, 19, 19, 15, 27, 27], "hlc": [921546, 10]}
INFO:<Node 2>:{"send": true, "recv": false, "from": 2, "to": 8, "vc": [20, 19, 28, 19, 16, 15, 17, 9, 18, 25], "hlc": [921547, 0]}
INFO:<Node 3>:{"send": true, "recv": false, "from": 3, "to": 4, "vc": [23, 27, 24, 28, 26, 19, 23, 19, 25, 32], "hlc": [921547, 9]}
INFO:<Node 5>:{"send": true, "recv": false, "from": 5, "to": 6, "vc": [22, 22, 24, 22, 23, 21, 18, 22, 26, 26], "hlc": [921548, 3]}
INFO:<Node 6>:{"send": true, "recv": false, "from": 6, "to": 5, "vc": [23, 19, 26, 22, 21, 17, 25, 19, 23, 26], "hlc": [921547, 5]}
INFO:<Node 7>:{"send": true, "recv": false, "from": 7, "to": 1, "vc": [22, 22, 27, 22, 28, 19, 20, 25, 26, 31], "hlc": [921549, 0]}
INFO:<Node 9>:{"send": true, "recv": false, "from": 9, "to": 2, "vc": [17, 20, 22, 22, 21, 17, 20, 17, 25, 33], "hlc": [921547, 0]}
INFO:<Node 1>:{"send": false, "recv": true, "to": 1, "from": 7, "vc": [23, 28, 27, 24, 28, 19, 23, 25, 26, 32], "hlc": [921549, 1]}
INFO:<Node 2>:{"send": false, "recv": true, "to": 2, "from": 9, "vc": [20, 20, 29, 22, 21, 17, 20, 17, 25, 33], "hlc": [921548, 0]}
INFO:<Node 4>:{"send": false, "recv": true, "to": 4, "from": 3, "vc": [23, 27, 24, 28, 29, 19, 23, 19, 25, 32], "hlc": [921547, 10]}
INFO:<Node 5>:{"send": false, "recv": true, "to": 5, "from": 6, "vc": [23, 22, 26, 22, 23, 22, 25, 22, 26, 26], "hlc": [921548, 4]}
INFO:<Node 6>:{"send": false, "recv": true, "to": 6, "from": 5, "vc": [23, 22, 26, 22, 23, 21, 26, 22, 26, 26], "hlc": [921548, 4]}
INFO:<Node 8>:{"send": false, "recv": true, "to": 8, "from": 2, "vc": [20, 20, 28, 26, 26, 19, 19, 15, 28, 27], "hlc": [921547, 1]}
INFO:<Node 4>:{"send": true, "recv": false, "from": 4, "to": 0, "vc": [23, 27, 24, 28, 30, 19, 23, 19, 25, 32], "hlc": [921547, 11]}
INFO:<Node 7>:{"send": true, "recv": false, "from": 7, "to": 0, "vc": [22, 22, 27, 22, 28, 19, 20, 26, 26, 31], "hlc": [921549, 1]}
INFO:<Node 0>:{"send": false, "recv": true, "to": 0, "from": 4, "vc": [25, 27, 24, 28, 30, 19, 23, 19, 25, 32], "hlc": [921547, 12]}
INFO:<Node 0>:{"send": false, "recv": true, "to": 0, "from": 7, "vc": [26, 27, 27, 28, 30, 19, 23, 26, 26, 32], "hlc": [921549, 2]}
INFO:<Node 0>:{"send": true, "recv": false, "from": 0, "to": 3, "vc": [27, 27, 27, 28, 30, 19, 23, 26, 26, 32], "hlc": [921549, 3]}
INFO:<Node 2>:{"send": true, "recv": false, "from": 2, "to": 7, "vc": [20, 20, 30, 22, 21, 17, 20, 17, 25, 33], "hlc": [921548, 1]}
INFO:<Node 3>:{"send": true, "recv": false, "from": 3, "to": 6, "vc": [23, 27, 24, 29, 26, 19, 23, 19, 25, 32], "hlc": [921547, 10]}
INFO:<Node 4>:{"send": true, "recv": false, "from": 4, "to": 8, "vc": [23, 27, 24, 28, 31, 19, 23, 19, 25, 32], "hlc": [921548, 0]}
INFO:<Node 6>:{"send": true, "recv": false, "from": 6, "to": 8, "vc": [23, 22, 26, 22, 23, 21, 27, 22, 26, 26], "hlc": [921548, 5]}
INFO:<Node 7>:{"send": true, "recv": false, "from": 7, "to": 6, "vc": [22, 22, 27, 22, 28, 19, 20, 27, 26, 31], "hlc": [921550, 0]}
INFO:<Node 9>:{"send": true, "recv": false, "from": 9, "to": 6, "vc": [17, 20, 22, 22, 21, 17, 20, 17, 25, 34], "hlc": [921548, 0]}
INFO:<Node 3>:{"send": false, "recv": true, "to": 3, "from": 0, "vc": [27, 27, 27, 30, 30, 19, 23, 26, 26, 32], "hlc": [921549, 4]}
INFO:<Node 6>:{"send": false, "recv": true, "to": 6, "from": 3, "vc": [23, 27, 26, 29, 26, 21, 28, 22, 26, 32], "hlc": [921549, 0]}
INFO:<Node 6>:{"send": false, "recv": true, "to": 6, "from": 7, "vc": [23, 27, 27, 29, 28, 21, 29, 27, 26, 32], "hlc": [921550, 1]}
INFO:<Node 6>:{"send": false, "recv": true, "to": 6, "from": 9, "vc": [23, 27, 27, 29, 28, 21, 30, 27, 26, 34], "hlc": [921550, 2]}
INFO:<Node 7>:{"send": false, "recv": true, "to": 7, "from": 2, "vc": [22, 22, 30, 22, 28, 19, 20, 28, 26, 33], "hlc": [921550, 1]}
INFO:<Node 8>:{"send": false, "recv": true, "to": 8, "from": 4, "vc": [23, 27, 28, 28, 31, 19, 23, 19, 29, 32], "hlc": [921548, 1]}
INFO:<Node 8>:{"send": false, "recv": true, "to": 8, "from": 6, "vc": [23, 27, 28, 28, 31, 21, 27, 22, 30, 32], "hlc": [921548, 6]}
INFO:<Node 0>:{"send": true, "recv": false, "from": 0, "to": 2, "vc": [28, 27, 27, 28, 30, 19, 23, 26, 26, 32], "hlc": [921549, 4]}
INFO:<Node 1>:{"send": true, "recv": false, "from": 1, "to": 8, "vc": [23, 29, 27, 24, 28, 19, 23, 25, 26, 32], "hlc": [921549, 2]}
INFO:<Node 3>:{"send": true, "recv": false, "from": 3, "to": 4, "vc": [27, 27, 27, 31, 30, 19, 23, 26, 26, 32], "hlc": [921549, 5]}
INFO:<Node 4>:{"send": true, "recv": false, "from": 4, "to": 1, "vc": [23, 27, 24, 28, 32, 19, 23, 19, 25, 32], "hlc": [921548, 1]}
INFO:<Node 5>:{"send": true, "recv": false, "from": 5, "to": 1, "vc": [23, 22, 26, 22, 23, 23, 25, 22, 26, 26], "hlc": [921548, 5]}
INFO:<Node 6>:{"send": true, "recv": false, "from": 6, "to": 8, "vc": [23, 27, 27, 29, 28, 21, 31, 27, 26, 34], "hlc": [921550, 3]}
INFO:<Node 7>:{"send": true, "recv": false, "from": 7, "to": 9, "vc": [22, 22, 30, 22, 28, 19, 20, 29, 26, 33], "hlc": [921550, 2]}
INFO:<Node 8>:{"send": true, "recv": false, "from": 8, "to": 2, "vc": [23, 27, 28, 28, 31, 21, 27, 22, 31, 32], "hlc": [921548, 7]}
INFO:<Node 1>:{"send": false, "recv": true, "to": 1, "from": 4, "vc": [23, 30, 27, 28, 32, 19, 23, 25, 26, 32], "hlc": [921549, 3]}
INFO:<Node 1>:{"send": false, "recv": true, "to": 1, "from": 5, "vc": [23, 31, 27, 28, 32, 23, 25, 25, 26, 32], "hlc": [921549, 4]}
INFO:<Node 2>:{"send": false, "recv": true, "to": 2, "from": 0, "vc": [28, 27, 31, 28, 30, 19, 23, 26, 26, 33], "hlc": [921549, 5]}
INFO:<Node 2>:{"send": false, "recv": true, "to": 2, "from": 8, "vc": [28, 27, 32, 28, 31, 21, 27, 26, 31, 33], "hlc": [921549, 6]}
INFO:<Node 4>:{"send": false, "recv": true, "to": 4, "from": 3, "vc": [27, 27, 27, 31, 33, 19, 23, 26, 26, 32], "hlc": [921549, 6]}
INFO:<Node 8>:{"send": false, "recv": true, "to": 8, "from": 1, "vc": [23, 29, 28, 28, 31, 21, 27, 25, 32, 32], "hlc": [921549, 3]}
INFO:<Node 8>:{"send": false, "recv": true, "to": 8, "from": 6, "vc": [23, 29, 28, 29, 31, 21, 31, 27, 33, 34], "hlc": [921550, 4]}
INFO:<Node 9>:{"send": false, "recv": true, "to": 9, "from": 7, "vc": [22, 22, 30, 22, 28, 19, 20, 29, 26, 35], "hlc": [921550, 3]}
INFO:<Node 0>:{"send": true, "recv": false, "from": 0, "to": 5, "vc": [29, 27, 27, 28, 30, 19, 23, 26, 26, 32], "hlc": [921549, 5]}
INFO:<Node 1>:{"send": true, "recv": false, "from": 1, "to": 9, "vc": [23, 32, 27, 28, 32, 23, 25, 25, 26, 32], "hlc": [921549, 5]}
INFO:<Node 2>:{"send": true, "recv": false, "from": 2, "to": 8, "vc": [28, 27, 33, 28, 31, 21, 27, 26, 31, 33], "hlc": [921549, 7]}
INFO:<Node 3>:{"send": true, "recv": false, "from": 3, "to": 5, "vc": [27, 27, 27, 32, 30, 19, 23, 26, 26, 32], "hlc": [921549, 6]}
INFO:<Node 4>:{"send": true, "recv": false, "from": 4, "to": 1, "vc": [27, 27, 27, 31, 34, 19, 23, 26, 26, 32], "hlc": [921549, 7]}
INFO:<Node 6>:{"send": true, "recv": false, "from": 6, "to": 0, "vc": [23, 27, 27, 29, 28, 21, 32, 27, 26, 34], "hlc": [921550, 4]}
INFO:<Node 7>:{"send": true, "recv": false, "from": 7, "to": 5, "vc": [22, 22, 30, 22, 28, 19, 20, 30, 26, 33], "hlc": [921551, 0]}
INFO:<Node 9>:{"send": true, "recv": false, "from": 9, "to": 5, "vc": [22, 22, 30, 22, 28, 19, 20, 29, 26, 36], "hlc": [921550, 4]}
INFO:<Node 0>:{"send": false, "recv": true, "to": 0, "from": 6, "vc": [30, 27, 27, 29, 30, 21, 32, 27, 26, 34], "hlc": [921550, 5]}
INFO:<Node 1>:{"send": false, "recv": true, "to": 1, "from": 4, "vc": [27, 33, 27, 31, 34, 23, 25, 26, 26, 32], "hlc": [921549, 8]}
INFO:<Node 5>:{"send": false, "recv": true, "to": 5, "from": 0, "vc": [29, 27, 27, 28, 30, 24, 25, 26, 26, 32], "hlc": [921549, 6]}
INFO:<Node 5>:{"send": false, "recv": true, "to": 5, "from": 3, "vc": [29, 27, 27, 32, 30, 25, 25, 26, 26, 32], "hlc": [921549, 7]}
INFO:<Node 5>:{"send": false, "recv": true, "to": 5, "from": 7, "vc": [29, 27, 30, 32, 30, 26, 25, 30, 26, 33], "hlc": [921551, 1]}
INFO:<Node 5>:{"send": false, "recv": true, "to": 5, "from": 9, "vc": [29, 27, 30, 32, 30, 27, 25, 30, 26, 36], "hlc": [921551, 2]}
INFO:<Node 8>:{"send": false, "recv": true, "to": 8, "from": 2, "vc": [28, 29, 33, 29, 31, 21, 31, 27, 34, 34], "hlc": [921550, 5]}
INFO:<Node 9>:{"send": false, "recv": true, "to": 9, "from": 1, "vc": [23, 32, 30, 28, 32, 23, 25, 29, 26, 37], "hlc": [921550, 5]}
INFO:<Node 0>:{"send": true, "recv": false, "from": 0, "to": 9, "vc": [31, 27, 27, 29, 30, 21, 32, 27, 26, 34], "hlc": [921550, 6]}
INFO:<Node 1>:{"send": true, "recv": false, "from": 1, "to": 3, "vc": [27, 34, 27, 31, 34, 23, 25, 26, 26, 32], "hlc": [921549, 9]}
INFO:<Node 3>:{"send": true, "recv": false, "from": 3, "to": 6, "vc": [27, 27, 27, 33, 30, 19, 23, 26, 26, 32], "hlc": [921549, 7]}
INFO:<Node 5>:{"send": true, "recv": false, "from": 5, "to": 7, "vc": [29, 27, 30, 32, 30, 28, 25, 30, 26, 36], "hlc": [921551, 3]}
INFO:<Node 7>:{"send": true, "recv": false, "from": 7, "to": 0, "vc": [22, 22, 30, 22, 28, 19, 20, 31, 26, 33], "hlc": [921551, 1]}
INFO:<Node 0>:{"send": false, "recv": true, "to": 0, "from": 7, "vc": [32, 27, 30, 29, 30, 21, 32, 31, 26, 34], "hlc": [921551, 2]}
INFO:<Node 3>:{"send": false, "recv": true, "to": 3, "from": 1, "vc": [27, 34, 27, 34, 34, 23, 25, 26, 26, 32], "hlc": [921549, 10]}
INFO:<Node 6>:{"send": false, "recv": true, "to": 6, "from": 3, "vc": [27, 27, 27, 33, 30, 21, 33, 27, 26, 34], "hlc": [921550, 5]}
INFO:<Node 7>:{"send": false, "recv": true, "to": 7, "from": 5, "vc": [29, 27, 30, 32, 30, 28, 25, 32, 26, 36], "hlc": [921552, 0]}
INFO:<Node 9>:{"send": false, "recv": true, "to": 9, "from": 0, "vc": [31, 32, 30, 29, 32, 23, 32, 29, 26, 38], "hlc": [921550, 7]}
INFO:<Node 0>:{"send": true, "recv": false, "from": 0, "to": 2, "vc": [33, 27, 30, 29, 30, 21, 32, 31, 26, 34], "hlc": [921551, 3]}
INFO:<Node 2>:{"send": true, "recv": false, "from": 2, "to": 5, "vc": [28, 27, 34, 28, 31, 21, 27, 26, 31, 33], "hlc": [921550, 0]}
INFO:<Node 5>:{"send": true, "recv": false, "from": 5, "to": 8, "vc": [29, 27, 30, 32, 30, 29, 25, 30, 26, 36], "hlc": [921551, 4]}
INFO:<Node 6>:{"send": true, "recv": false, "from": 6, "to": 3, "vc": [27, 27, 27, 33, 30, 21, 34, 27, 26, 34], "hlc": [921550, 6]}
INFO:<Node 7>:{"send": true, "recv": false, "from": 7, "to": 8, "vc": [29, 27, 30, 32, 30, 28, 25, 33, 26, 36], "hlc": [921552, 1]}
INFO:<Node 8>:{"send": true, "recv": false, "from": 8, "to": 4, "vc": [28, 29, 33, 29, 31, 21, 31, 27, 35, 34], "hlc": [921550, 6]}
INFO:<Node 2>:{"send": false, "recv": true, "to": 2, "from": 0, "vc": [33, 27, 35, 29, 31, 21, 32, 31, 31, 34], "hlc": [921551, 4]}
INFO:<Node 3>:{"send": false, "recv": true, "to": 3, "from": 6, "vc": [27, 34, 27, 35, 34, 23, 34, 27, 26, 34], "hlc": [921550, 7]}
INFO:<Node 4>:{"send": false, "recv": true, "to": 4, "from": 8, "vc": [28, 29, 33, 31, 35, 21, 31, 27, 35, 34], "hlc": [921550, 7]}
INFO:<Node 5>:{"send": false, "recv": true, "to": 5, "from": 2, "vc": [29, 27, 34, 32, 31, 30, 27, 30, 31, 36], "hlc": [921551, 5]}
INFO:<Node 8>:{"send": false, "recv": true, "to": 8, "from": 5, "vc": [29, 29, 33, 32, 31, 29, 31, 30, 36, 36], "hlc": [921551, 5]}
INFO:<Node 8>:{"send": false, "recv": true, "to": 8, "from": 7, "vc": [29, 29, 33, 32, 31, 29, 31, 33, 37, 36], "hlc": [921552, 2]}
INFO:<Node 1>:{"send": true, "recv": false, "from": 1, "to": 4, "vc": [27, 35, 27, 31, 34, 23, 25, 26, 26, 32], "hlc": [921549, 10]}
INFO:<Node 2>:{"send": true, "recv": false, "from": 2, "to": 4, "vc": [33, 27, 36, 29, 31, 21, 32, 31, 31, 34], "hlc": [921551, 5]}
INFO:<Node 3>:{"send": true, "recv": false, "from": 3, "to": 7, "vc": [27, 34, 27, 36, 34, 23, 34, 27, 26, 34], "hlc": [921550, 8]}
INFO:<Node 7>:{"send": true, "recv": false, "from": 7, "to": 9, "vc": [29, 27, 30, 32, 30, 28, 25, 34, 26, 36], "hlc": [921552, 2]}
INFO:<Node 8>:{"send": true, "recv": false, "from": 8, "to": 2, "vc": [29, 29, 33, 32, 31, 29, 31, 33, 38, 36], "hlc": [921552, 3]}
INFO:<Node 2>:{"send": false, "recv": true, "to": 2, "from": 8, "vc": [33, 29, 37, 32, 31, 29, 32, 33, 38, 36], "hlc": [921552, 4]}
INFO:<Node 4>:{"send": false, "recv": true, "to": 4, "from": 1, "vc": [28, 35, 33, 31, 36, 23, 31, 27, 35, 34], "hlc": [921551, 0]}
INFO:<Node 4>:{"send": false, "recv": true, "to": 4, "from": 2, "vc": [33, 35, 36, 31, 37, 23, 32, 31, 35, 34], "hlc": [921551, 6]}
INFO:<Node 7>:{"send": false, "recv": true, "to": 7, "from": 3, "vc": [29, 34, 30, 36, 34, 28, 34, 35, 26, 36], "hlc": [921553, 0]}
INFO:<Node 9>:{"send": false, "recv": true, "to": 9, "from": 7, "vc": [31, 32, 30, 32, 32, 28, 32, 34, 26, 39], "hlc": [921552, 3]}
INFO:<Node 0>:{"send": true, "recv": false, "from": 0, "to": 1, "vc": [34, 27, 30, 29, 30, 21, 32, 31, 26, 34], "hlc": [921551, 4]}
INFO:<Node 1>:{"send": true, "recv": false, "from": 1, "to": 7, "vc": [27, 36, 27, 31, 34, 23, 25, 26, 26, 32], "hlc": [921549, 11]}
INFO:<Node 3>:{"send": true, "recv": false, "from": 3, "to": 6, "vc": [27, 34, 27, 37, 34, 23, 34, 27, 26, 34], "hlc": [921550, 9]}
INFO:<Node 4>:{"send": true, "recv": false, "from": 4, "to": 1, "vc": [33, 35, 36, 31, 38, 23, 32, 31, 35, 34], "hlc": [921551, 7]}
INFO:<Node 8>:{"send": true, "recv": false, "from": 8, "to": 5, "vc": [29, 29, 33, 32, 31, 29, 31, 33, 39, 36], "hlc": [921552, 4]}
INFO:<Node 9>:{"send": true, "recv": false, "from": 9, "to": 2, "vc": [31, 32, 30, 32, 32, 28, 32, 34, 26, 40], "hlc": [921552, 4]}
INFO:<Node 1>:{"send": false, "recv": true, "to": 1, "from": 0, "vc": [34, 37, 30, 31, 34, 23, 32, 31, 26, 34], "hlc": [921551, 5]}
INFO:<Node 1>:{"send": false, "recv": true, "to": 1, "from": 4, "vc": [34, 38, 36, 31, 38, 23, 32, 31, 35, 34], "hlc": [921551, 8]}
INFO:<Node 2>:{"send": false, "recv": true, "to": 2, "from": 9, "vc": [33, 32, 38, 32, 32, 29, 32, 34, 38, 40], "hlc": [921552, 5]}
INFO:<Node 5>:{"send": false, "recv": true, "to": 5, "from": 8, "vc": [29, 29, 34, 32, 31, 31, 31, 33, 39, 36], "hlc": [921552, 5]}
INFO:<Node 6>:{"send": false, "recv": true, "to": 6, "from": 3, "vc": [27, 34, 27, 37, 34, 23, 35, 27, 26, 34], "hlc": [921552, 0]}
INFO:<Node 7>:{"send": false, "recv": true, "to": 7, "from": 1, "vc": [29, 36, 30, 36, 34, 28, 34, 36, 26, 36], "hlc": [921553, 1]}
INFO:<Node 0>:{"send": true, "recv": false, "from": 0, "to": 1, "vc": [35, 27, 30, 29, 30, 21, 32, 31, 26, 34], "hlc": [921551, 5]}
INFO:<Node 1>:{"send": true, "recv": false, "from": 1, "to": 2, "vc": [34, 39, 36, 31, 38, 23, 32, 31, 35, 34], "hlc": [921551, 9]}
INFO:<Node 7>:{"send": true, "recv": false, "from": 7, "to": 4, "vc": [29, 36, 30, 36, 34, 28, 34, 37, 26, 36], "hlc": [921553, 2]}
INFO:<Node 8>:{"send": true, "recv": false, "from": 8, "to": 7, "vc": [29, 29, 33, 32, 31, 29, 31, 33, 40, 36], "hlc": [921552, 5]}
INFO:<Node 9>:{"send": true, "recv": false, "from": 9, "to": 4, "vc": [31, 32, 30, 32, 32, 28, 32, 34, 26, 41], "hlc": [921552, 5]}
INFO:<Node 1>:{"send": false, "recv": true, "to": 1, "from": 0, "vc": [35, 40, 36, 31, 38, 23, 32, 31, 35, 34], "hlc": [921551, 10]}
INFO:<Node 2>:{"send": false, "recv": true, "to": 2, "from": 1, "vc": [34, 39, 39, 32, 38, 29, 32, 34, 38, 40], "hlc": [921552, 6]}
INFO:<Node 4>:{"send": false, "recv": true, "to": 4, "from": 7, "vc": [33, 36, 36, 36, 39, 28, 34, 37, 35, 36], "hlc": [921553, 3]}
INFO:<Node 4>:{"send": false, "recv": true, "to": 4, "from": 9, "vc": [33, 36, 36, 36, 40, 28, 34, 37, 35, 41], "hlc": [921553, 4]}
INFO:<Node 7>:{"send": false, "recv": true, "to": 7, "from": 8, "vc": [29, 36, 33, 36, 34, 29, 34, 38, 40, 36], "hlc": [921554, 0]}
INFO:<Node 0>:{"send": true, "recv": false, "from": 0, "to": 2, "vc": [36, 27, 30, 29, 30, 21, 32, 31, 26, 34], "hlc": [921551, 6]}
INFO:<Node 1>:{"send": true, "recv": false, "from": 1, "to": 3, "vc": [35, 41, 36, 31, 38, 23, 32, 31, 35, 34], "hlc": [921551, 11]}
INFO:<Node 2>:{"send": true, "recv": false, "from": 2, "to": 5, "vc": [34, 39, 40, 32, 38, 29, 32, 34, 38, 40], "hlc": [921552, 7]}
INFO:<Node 4>:{"send": true, "recv": false, "from": 4, "to": 0, "vc": [33, 36, 36, 36, 41, 28, 34, 37, 35, 41], "hlc": [921553, 5]}
INFO:<Node 6>:{"send": true, "recv": false, "from": 6, "to": 9, "vc": [27, 34, 27, 37, 34, 23, 36, 27, 26, 34], "hlc": [921552, 1]}
INFO:<Node 7>:{"send": true, "recv": false, "from": 7, "to": 0, "vc": [29, 36, 33, 36, 34, 29, 34, 39, 40, 36], "hlc": [921554, 1]}
INFO:<Node 9>:{"send": true, "recv": false, "from": 9, "to": 7, "vc": [31, 32, 30, 32, 32, 28, 32, 34, 26, 42], "hlc": [921552, 6]}
INFO:<Node 0>:{"send": false, "recv": true, "to": 0, "from": 4, "vc": [37, 36, 36, 36, 41, 28, 34, 37, 35, 41], "hlc": [921553, 6]}
INFO:<Node 0>:{"send": false, "recv": true, "to": 0, "from": 7, "vc": [38, 36, 36, 36, 41, 29, 34, 39, 40, 41], "hlc": [921554, 2]}
INFO:<Node 2>:{"send": false, "recv": true, "to": 2, "from": 0, "vc": [36, 39, 41, 32, 38, 29, 32, 34, 38, 40], "hlc": [921553, 0]}
INFO:<Node 3>:{"send": false, "recv": true, "to": 3, "from": 1, "vc": [35, 41, 36, 38, 38, 23, 34, 31, 35, 34], "hlc": [921551, 12]}
INFO:<Node 5>:{"send": false, "recv": true, "to": 5, "from": 2, "vc": [34, 39, 40, 32, 38, 32, 32, 34, 39, 40], "hlc": [921552, 8]}
INFO:<Node 7>:{"send": false, "recv": true, "to": 7, "from": 9, "vc": [31, 36, 33, 36, 34, 29, 34, 40, 40, 42], "hlc": [921554, 2]}
INFO:<Node 9>:{"send": false, "recv": true, "to": 9, "from": 6, "vc": [31, 34, 30, 37, 34, 28, 36, 34, 26, 43], "hlc": [921553, 0]}
INFO:<Node 0>:{"send": true, "recv": false, "from": 0, "to": 1, "vc": [39, 36, 36, 36, 41, 29, 34, 39, 40, 41], "hlc": [921554, 3]}
INFO:<Node 1>:{"send": true, "recv": false, "from": 1, "to": 7, "vc": [35, 42, 36, 31, 38, 23, 32, 31, 35, 34], "hlc": [921551, 12]}
INFO:<Node 2>:{"send": true, "recv": false, "from": 2, "to": 0, "vc": [36, 39, 42, 32, 38, 29, 32, 34, 38, 40], "hlc": [921553, 1]}
INFO:<Node 4>:{"send": true, "recv": false, "from": 4, "to": 6, "vc": [33, 36, 36, 36, 42, 28, 34, 37, 35, 41], "hlc": [921553, 6]}
INFO:<Node 5>:{"send": true, "recv": false, "from": 5, "to": 1, "vc": [34, 39, 40, 32, 38, 33, 32, 34, 39, 40], "hlc": [921552, 9]}
INFO:<Node 6>:{"send": true, "recv": false, "from": 6, "to": 8, "vc": [27, 34, 27, 37, 34, 23, 37, 27, 26, 34], "hlc": [921553, 0]}
INFO:<Node 9>:{"send": true, "recv": false, "from": 9, "to": 7, "vc": [31, 34, 30, 37, 34, 28, 36, 34, 26, 44], "hlc": [921553, 1]}
INFO:<Node 0>:{"send": false, "recv": true, "to": 0, "from": 2, "vc": [40, 39, 42, 36, 41, 29, 34, 39, 40, 41], "hlc": [921554, 4]}
INFO:<Node 1>:{"send": false, "recv": true, "to": 1, "from": 0, "vc": [39, 43, 36, 36, 41, 29, 34, 39, 40, 41], "hlc": [921554, 4]}
INFO:<Node 1>:{"send": false, "recv": true, "to": 1, "from": 5, "vc": [39, 44, 40, 36, 41, 33, 34, 39, 40, 41], "hlc": [921554, 5]}
INFO:<Node 6>:{"send": false, "recv": true, "to": 6, "from": 4, "vc": [33, 36, 36, 37, 42, 28, 38, 37, 35, 41], "hlc": [921553, 7]}
INFO:<Node 7>:{"send": false, "recv": true, "to": 7, "from": 1, "vc": [35, 42, 36, 36, 38, 29, 34, 41, 40, 42], "hlc": [921555, 0]}
INFO:<Node 7>:{"send": false, "recv": true, "to": 7, "from": 9, "vc": [35, 42, 36, 37, 38, 29, 36, 42, 40, 44], "hlc": [921555, 1]}
INFO:<Node 8>:{"send": false, "recv": true, "to": 8, "from": 6, "vc": [29, 34, 33, 37, 34, 29, 37, 33, 41, 36], "hlc": [921553, 1]}
INFO:<Node 1>:{"send": true, "recv": false, "from": 1, "to": 4, "vc": [39, 45, 40, 36, 41, 33, 34, 39, 40, 41], "hlc": [921554, 6]}
INFO:<Node 2>:{"send": true, "recv": false, "from": 2, "to": 4, "vc": [36, 39, 43, 32, 38, 29, 32, 34, 38, 40], "hlc": [921553, 2]}
INFO:<Node 3>:{"send": true, "recv": false, "from": 3, "to": 7, "vc": [35, 41, 36, 39, 38, 23, 34, 31, 35, 34], "hlc": [921551, 13]}
INFO:<Node 6>:{"send": true, "recv": false, "from": 6, "to": 9, "vc": [33, 36, 36, 37, 42, 28, 39, 37, 35, 41], "hlc": [921553, 8]}
INFO:<Node 7>:{"send": true, "recv": false, "from": 7, "to": 9, "vc": [35, 42, 36, 37, 38, 29, 36, 43, 40, 44], "hlc": [921555, 2]}
INFO:<Node 4>:{"send": false, "recv": true, "to": 4, "from": 1, "vc": [39, 45, 40, 36, 43, 33, 34, 39, 40, 41], "hlc": [921554, 7]}
INFO:<Node 4>:{"send": false, "recv": true, "to": 4, "from": 2, "vc": [39, 45, 43, 36, 44, 33, 34, 39, 40, 41], "hlc": [921554, 8]}
INFO:<Node 7>:{"send": false, "recv": true, "to": 7, "from": 3, "vc": [35, 42, 36, 39, 38, 29, 36, 44, 40, 44], "hlc": [921555, 3]}
INFO:<Node 9>:{"send": false, "recv": true, "to": 9, "from": 6, "vc": [33, 36, 36, 37, 42, 28, 39, 37, 35, 45], "hlc": [921554, 0]}
INFO:<Node 9>:{"send": false, "recv": true, "to": 9, "from": 7, "vc": [35, 42, 36, 37, 42, 29, 39, 43, 40, 46], "hlc": [921555, 3]}
INFO:<Node 0>:{"send": true, "recv": false, "from": 0, "to": 4, "vc": [41, 39, 42, 36, 41, 29, 34, 39, 40, 41], "hlc": [921554, 5]}
INFO:<Node 1>:{"send": true, "recv": false, "from": 1, "to": 0, "vc": [39, 46, 40, 36, 41, 33, 34, 39, 40, 41], "hlc": [921554, 7]}
INFO:<Node 2>:{"send": true, "recv": false, "from": 2, "to": 8, "vc": [36, 39, 44, 32, 38, 29, 32, 34, 38, 40], "hlc": [921554, 0]}
INFO:<Node 4>:{"send": true, "recv": false, "from": 4, "to": 5, "vc": [39, 45, 43, 36, 45, 33, 34, 39, 40, 41], "hlc": [921554, 9]}
INFO:<Node 7>:{"send": true, "recv": false, "from": 7, "to": 3, "vc": [35, 42, 36, 39, 38, 29, 36, 45, 40, 44], "hlc": [921555, 4]}
INFO:<Node 0>:{"send": false, "recv": true, "to": 0, "from": 1, "vc": [42, 46, 42, 36, 41, 33, 34, 39, 40, 41], "hlc": [921554, 8]}
INFO:<Node 3>:{"send": false, "recv": true, "to": 3, "from": 7, "vc": [35, 42, 36, 40, 38, 29, 36, 45, 40, 44], "hlc": [921555, 5]}
INFO:<Node 4>:{"send": false, "recv": true, "to": 4, "from": 0, "vc": [41, 45, 43, 36, 46, 33, 34, 39, 40, 41], "hlc": [921554, 10]}
INFO:<Node 5>:{"send": false, "recv": true, "to": 5, "from": 4, "vc": [39, 45, 43, 36, 45, 34, 34, 39, 40, 41], "hlc": [921554, 10]}
INFO:<Node 8>:{"send": false, "recv": true, "to": 8, "from": 2, "vc": [36, 39, 44, 37, 38, 29, 37, 34, 42, 40], "hlc": [921554, 1]}
INFO:<Node 0>:{"send": true, "recv": false, "from": 0, "to": 3, "vc": [43, 46, 42, 36, 41, 33, 34, 39, 40, 41], "hlc": [921554, 9]}
INFO:<Node 1>:{"send": true, "recv": false, "from": 1, "to": 6, "vc": [39, 47, 40, 36, 41, 33, 34, 39, 40, 41], "hlc": [921554, 8]}
INFO:<Node 3>:{"send": true, "recv": false, "from": 3, "to": 1, "vc": [35, 42, 36, 41, 38, 29, 36, 45, 40, 44], "hlc": [921555, 6]}
INFO:<Node 4>:{"send": true, "recv": false, "from": 4, "to": 9, "vc": [41, 45, 43, 36, 47, 33, 34, 39, 40, 41], "hlc": [921554, 11]}
INFO:<Node 5>:{"send": true, "recv": false, "from": 5, "to": 1, "vc": [39, 45, 43, 36, 45, 35, 34, 39, 40, 41], "hlc": [921554, 11]}
INFO:<Node 6>:{"send": true, "recv": false, "from": 6, "to": 9, "vc": [33, 36, 36, 37, 42, 28, 40, 37, 35, 41], "hlc": [921554, 0]}
INFO:<Node 8>:{"send": true, "recv": false, "from": 8, "to": 5, "vc": [36, 39, 44, 37, 38, 29, 37, 34, 43, 40], "hlc": [921554, 2]}
INFO:<Node 9>:{"send": true, "recv": false, "from": 9, "to": 2, "vc": [35, 42, 36, 37, 42, 29, 39, 43, 40, 47], "hlc": [921555, 4]}
INFO:<Node 1>:{"send": false, "recv": true, "to": 1, "from": 3, "vc": [39, 48, 40, 41, 41, 33, 36, 45, 40, 44], "hlc": [921555, 7]}
INFO:<Node 1>:{"send": false, "recv": true, "to": 1, "from": 5, "vc": [39, 49, 43, 41, 45, 35, 36, 45, 40, 44], "hlc": [921555, 8]}
INFO:<Node 2>:{"send": false, "recv": true, "to": 2, "from": 9, "vc": [36, 42, 45, 37, 42, 29, 39, 43, 40, 47], "hlc": [921555, 5]}
INFO:<Node 3>:{"send": false, "recv": true, "to": 3, "from": 0, "vc": [43, 46, 42, 42, 41, 33, 36, 45, 40, 44], "hlc": [921555, 7]}
INFO:<Node 5>:{"send": false, "recv": true, "to": 5, "from": 8, "vc": [39, 45, 44, 37, 45, 36, 37, 39, 43, 41], "hlc": [921554, 12]}
INFO:<Node 6>:{"send": false, "recv": true, "to": 6, "from": 1, "vc": [39, 47, 40, 37, 42, 33, 41, 39, 40, 41], "hlc": [921555, 0]}
INFO:<Node 9>:{"send": false, "recv": true, "to": 9, "from": 4, "vc": [41, 45, 43, 37, 47, 33, 39, 43, 40, 48], "hlc": [921555, 5]}
INFO:<Node 9>:{"send": false, "recv": true, "to": 9, "from": 6, "vc": [41, 45, 43, 37, 47, 33, 40, 43, 40, 49], "hlc": [921555, 6]}
INFO:<Node 1>:{"send": true, "recv": false, "from": 1, "to": 2, "vc": [39, 50, 43, 41, 45, 35, 36, 45, 40, 44], "hlc": [921555, 9]}
INFO:<Node 2>:{"send": true, "recv": false, "from": 2, "to": 5, "vc": [36, 42, 46, 37, 42, 29, 39, 43, 40, 47], "hlc": [921555, 6]}
INFO:<Node 3>:{"send": true, "recv": false, "from": 3, "to": 7, "vc": [43, 46, 42, 43, 41, 33, 36, 45, 40, 44], "hlc": [921555, 8]}
INFO:<Node 6>:{"send": true, "recv": false, "from": 6, "to": 4, "vc": [39, 47, 40, 37, 42, 33, 42, 39, 40, 41], "hlc": [921555, 1]}
INFO:<Node 7>:{"send": true, "recv": false, "from": 7, "to": 9, "vc": [35, 42, 36, 39, 38, 29, 36, 46, 40, 44], "hlc": [921556, 0]}
INFO:<Node 8>:{"send": true, "recv": false, "from": 8, "to": 1, "vc": [36, 39, 44, 37, 38, 29, 37, 34, 44, 40], "hlc": [921554, 3]}
INFO:<Node 1>:{"send": false, "recv": true, "to": 1, "from": 8, "vc": [39, 51, 44, 41, 45, 35, 37, 45, 44, 44], "hlc": [921555, 10]}
INFO:<Node 2>:{"send": false, "recv": true, "to": 2, "from": 1, "vc": [39, 50, 47, 41, 45, 35, 39, 45, 40, 47], "hlc": [921555, 10]}
INFO:<Node 4>:{"send": false, "recv": true, "to": 4, "from": 6, "vc": [41, 47, 43, 37, 48, 33, 42, 39, 40, 41], "hlc": [921555, 2]}
INFO:<Node 5>:{"send": false, "recv": true, "to": 5, "from": 2, "vc": [39, 45, 46, 37, 45, 37, 39, 43, 43, 47], "hlc": [921555, 7]}
INFO:<Node 7>:{"send": false, "recv": true, "to": 7, "from": 3, "vc": [43, 46, 42, 43, 41, 33, 36, 47, 40, 44], "hlc": [921557, 0]}
INFO:<Node 9>:{"send": false, "recv": true, "to": 9, "from": 7, "vc": [41, 45, 43, 39, 47, 33, 40, 46, 40, 50], "hlc": [921556, 1]}
INFO:<Node 2>:{"send": true, "recv": false, "from": 2, "to": 3, "vc": [39, 50, 48, 41, 45, 35, 39, 45, 40, 47], "hlc": [921555, 11]}
INFO:<Node 3>:{"send": true, "recv": false, "from": 3, "to": 4, "vc": [43, 46, 42, 44, 41, 33, 36, 45, 40, 44], "hlc": [921555, 9]}
INFO:<Node 4>:{"send": true, "recv": false, "from": 4, "to": 1, "vc": [41, 47, 43, 37, 49, 33, 42, 39, 40, 41], "hlc": [921555, 3]}
INFO:<Node 5>:{"send": true, "recv": false, "from": 5, "to": 8, "vc": [39, 45, 46, 37, 45, 38, 39, 43, 43, 47], "hlc": [921555, 8]}
INFO:<Node 6>:{"send": true, "recv": false, "from": 6, "to": 8, "vc": [39, 47, 40, 37, 42, 33, 43, 39, 40, 41], "hlc": [921555, 2]}
INFO:<Node 7>:{"send": true, "recv": false, "from": 7, "to": 3, "vc": [43, 46, 42, 43, 41, 33, 36, 48, 40, 44], "hlc": [921557, 1]}
INFO:<Node 8>:{"send": true, "recv": false, "from": 8, "to": 5, "vc": [36, 39, 44, 37, 38, 29, 37, 34, 45, 40], "hlc": [921554, 4]}
INFO:<Node 9>:{"send": true, "recv": false, "from": 9, "to": 4, "vc": [41, 45, 43, 39, 47, 33, 40, 46, 40, 51], "hlc": [921556, 2]}
INFO:<Node 1>:{"send": false, "recv": true, "to": 1, "from": 4, "vc": [41, 52, 44, 41, 49, 35, 42, 45, 44, 44], "hlc": [921555, 11]}
INFO:<Node 3>:{"send": false, "recv": true, "to": 3, "from": 2, "vc": [43, 50, 48, 45, 45, 35, 39, 45, 40, 47], "hlc": [921555, 12]}
INFO:<Node 3>:{"send": false, "recv": true, "to": 3, "from": 7, "vc": [43, 50, 48, 46, 45, 35, 39, 48, 40, 47], "hlc": [921557, 2]}
INFO:<Node 4>:{"send": false, "recv": true, "to": 4, "from": 3, "vc": [43, 47, 43, 44, 50, 33, 42, 45, 40, 44], "hlc": [921555, 10]}
INFO:<Node 4>:{"send": false, "recv": true, "to": 4, "from": 9, "vc": [43, 47, 43, 44, 51, 33, 42, 46, 40, 51], "hlc": [921556, 3]}
INFO:<Node 5>:{"send": false, "recv": true, "to": 5, "from": 8, "vc": [39, 45, 46, 37, 45, 39, 39, 43, 45, 47], "hlc": [921555, 9]}
INFO:<Node 8>:{"send": false, "recv": true, "to": 8, "from": 5, "vc": [39, 45, 46, 37, 45, 38, 39, 43, 46, 47], "hlc": [921555, 9]}
INFO:<Node 8>:{"send": false, "recv": true, "to": 8, "from": 6, "vc": [39, 47, 46, 37, 45, 38, 43, 43, 47, 47], "hlc": [921555, 10]}
INFO:<Node 0>:{"send": true, "recv": false, "from": 0, "to": 9, "vc": [44, 46, 42, 36, 41, 33, 34, 39, 40, 41], "hlc": [921554, 10]}
INFO:<Node 2>:{"send": true, "recv": false, "from": 2, "to": 9, "vc": [39, 50, 49, 41, 45, 35, 39, 45, 40, 47], "hlc": [921556, 0]}
INFO:<Node 4>:{"send": true, "recv": false, "from": 4, "to": 3, "vc": [43, 47, 43, 44, 52, 33, 42, 46, 40, 51], "hlc": [921556, 4]}
INFO:<Node 5>:{"send": true, "recv": false, "from": 5, "to": 1, "vc": [39, 45, 46, 37, 45, 40, 39, 43, 45, 47], "hlc": [921555, 10]}
INFO:<Node 7>:{"send": true, "recv": false, "from": 7, "to": 8, "vc": [43, 46, 42, 43, 41, 33, 36, 49, 40, 44], "hlc": [921557, 2]}
INFO:<Node 9>:{"send": true, "recv": false, "from": 9, "to": 2, "vc": [41, 45, 43, 39, 47, 33, 40, 46, 40, 52], "hlc": [921556, 3]}
INFO:<Node 1>:{"send": false, "recv": true, "to": 1, "from": 5, "vc": [41, 53, 46, 41, 49, 40, 42, 45, 45, 47], "hlc": [921555, 12]}
INFO:<Node 2>:{"send": false, "recv": true, "to": 2, "from": 9, "vc": [41, 50, 50, 41, 47, 35, 40, 46, 40, 52], "hlc": [921556, 4]}
INFO:<Node 3>:{"send": false, "recv": true, "to": 3, "from": 4, "vc": [43, 50, 48, 47, 52, 35, 42, 48, 40, 51], "hlc": [921557, 3]}
INFO:<Node 8>:{"send": false, "recv": true, "to": 8, "from": 7, "vc": [43, 47, 46, 43, 45, 38, 43, 49, 48, 47], "hlc": [921557, 3]}
INFO:<Node 9>:{"send": false, "recv": true, "to": 9, "from": 0, "vc": [44, 46, 43, 39, 47, 33, 40, 46, 40, 53], "hlc": [921557, 0]}
INFO:<Node 9>:{"send": false, "recv": true, "to": 9, "from": 2, "vc": [44, 50, 49, 41, 47, 35, 40, 46, 40, 54], "hlc": [921557, 1]}
INFO:<Node 0>:{"send": true, "recv": false, "from": 0, "to": 3, "vc": [45, 46, 42, 36, 41, 33, 34, 39, 40, 41], "hlc": [921554, 11]}
INFO:<Node 1>:{"send": true, "recv": false, "from": 1, "to": 6, "vc": [41, 54, 46, 41, 49, 40, 42, 45, 45, 47], "hlc": [921555, 13]}
INFO:<Node 2>:{"send": true, "recv": false, "from": 2, "to": 6, "vc": [41, 50, 51, 41, 47, 35, 40, 46, 40, 52], "hlc": [921556, 5]}
INFO:<Node 3>:{"send": true, "recv": false, "from": 3, "to": 2, "vc": [43, 50, 48, 48, 52, 35, 42, 48, 40, 51], "hlc": [921557, 4]}
INFO:<Node 5>:{"send": true, "recv": false, "from": 5, "to": 1, "vc": [39, 45, 46, 37, 45, 41, 39, 43, 45, 47], "hlc": [921555, 11]}
INFO:<Node 6>:{"send": true, "recv": false, "from": 6, "to": 9, "vc": [39, 47, 40, 37, 42, 33, 44, 39, 40, 41], "hlc": [921556, 0]}
INFO:<Node 7>:{"send": true, "recv": false, "from": 7, "to": 5, "vc": [43, 46, 42, 43, 41, 33, 36, 50, 40, 44], "hlc": [921558, 0]}
INFO:<Node 8>:{"send": true, "recv": false, "from": 8, "to": 4, "vc": [43, 47, 46, 43, 45, 38, 43, 49, 49, 47], "hlc": [921557, 4]}
INFO:<Node 9>:{"send": true, "recv": false, "from": 9, "to": 7, "vc": [44, 50, 49, 41, 47, 35, 40, 46, 40, 55], "hlc": [921557, 2]}
INFO:<Node 1>:{"send": false, "recv": true, "to": 1, "from": 5, "vc": [41, 55, 46, 41, 49, 41, 42, 45, 45, 47], "hlc": [921555, 14]}
INFO:<Node 2>:{"send": false, "recv": true, "to": 2, "from": 3, "vc": [43, 50, 52, 48, 52, 35, 42, 48, 40, 52], "hlc": [921557, 5]}
INFO:<Node 3>:{"send": false, "recv": true, "to": 3, "from": 0, "vc": [45, 50, 48, 49, 52, 35, 42, 48, 40, 51], "hlc": [921557, 5]}
INFO:<Node 4>:{"send": false, "recv": true, "to": 4, "from": 8, "vc": [43, 47, 46, 44, 53, 38, 43, 49, 49, 51], "hlc": [921557, 5]}
INFO:<Node 5>:{"send": false, "recv": true, "to": 5, "from": 7, "vc": [43, 46, 46, 43, 45, 42, 39, 50, 45, 47], "hlc": [921558, 1]}
INFO:<Node 6>:{"send": false, "recv": true, "to": 6, "from": 1, "vc": [41, 54, 46, 41, 49, 40, 45, 45, 45, 47], "hlc": [921557, 0]}
INFO:<Node 6>:{"send": false, "recv": true, "to": 6, "from": 2, "vc": [41, 54, 51, 41, 49, 40, 46, 46, 45, 52], "hlc": [921557, 1]}
INFO:<Node 7>:{"send": false, "recv": true, "to": 7, "from": 9, "vc": [44, 50, 49, 43, 47, 35, 40, 51, 40, 55], "hlc": [921558, 1]}
INFO:<Node 9>:{"send": false, "recv": true, "to": 9, "from": 6, "vc": [44, 50, 49, 41, 47, 35, 44, 46, 40, 56], "hlc": [921557, 3]}
INFO:<Node 0>:{"send": true, "recv": false, "from": 0, "to": 1, "vc": [46, 46, 42, 36, 41, 33, 34, 39, 40, 41], "hlc": [921555, 0]}
INFO:<Node 1>:{"send": true, "recv": false, "from": 1, "to": 2, "vc": [41, 56, 46, 41, 49, 41, 42, 45, 45, 47], "hlc": [921555, 15]}
INFO:<Node 2>:{"send": true, "recv": false, "from": 2, "to": 1, "vc": [43, 50, 53, 48, 52, 35, 42, 48, 40, 52], "hlc": [921557, 6]}
INFO:<Node 3>:{"send": true, "recv": false, "from": 3, "to": 9, "vc": [45, 50, 48, 50, 52, 35, 42, 48, 40, 51], "hlc": [921557, 6]}
INFO:<Node 4>:{"send": true, "recv": false, "from": 4, "to": 8, "vc": [43, 47, 46, 44, 54, 38, 43, 49, 49, 51], "hlc": [921557, 6]}
INFO:<Node 6>:{"send": true, "recv": false, "from": 6, "to": 1, "vc": [41, 54, 51, 41, 49, 40, 47, 46, 45, 52], "hlc": [921557, 2]}
INFO:<Node 9>:{"send": true, "recv": false, "from": 9, "to": 4, "vc": [44, 50, 49, 41, 47, 35, 44, 46, 40, 57], "hlc": [921557, 4]}
INFO:<Node 1>:{"send": false, "recv": true, "to": 1, "from": 0, "vc": [46, 57, 46, 41, 49, 41, 42, 45, 45, 47], "hlc": [921555, 16]}
INFO:<Node 1>:{"send": false, "recv": true, "to": 1, "from": 2, "vc": [46, 58, 53, 48, 52, 41, 42, 48, 45, 52], "hlc": [921557, 7]}
INFO:<Node 1>:{"send": false, "recv": true, "to": 1, "from": 6, "vc": [46, 59, 53, 48, 52, 41, 47, 48, 45, 52], "hlc": [921557, 8]}
INFO:<Node 2>:{"send": false, "recv": true, "to": 2, "from": 1, "vc": [43, 56, 54, 48, 52, 41, 42, 48, 45, 52], "hlc": [921557, 7]}
INFO:<Node 4>:{"send": false, "recv": true, "to": 4, "from": 9, "vc": [44, 50, 49, 44, 55, 38, 44, 49, 49, 57], "hlc": [921557, 7]}
INFO:<Node 8>:{"send": false, "recv": true, "to": 8, "from": 4, "vc": [43, 47, 46, 44, 54, 38, 43, 49, 50, 51], "hlc": [921557, 7]}
INFO:<Node 9>:{"send": false, "recv": true, "to": 9, "from": 3, "vc": [45, 50, 49, 50, 52, 35, 44, 48, 40, 58], "hlc": [921558, 0]}
INFO:<Node 1>:{"send": true, "recv": false, "from": 1, "to": 5, "vc": [46, 60, 53, 48, 52, 41, 47, 48, 45, 52], "hlc": [921557, 9]}
INFO:<Node 3>:{"send": true, "recv": false, "from": 3, "to": 0, "vc": [45, 50, 48, 51, 52, 35, 42, 48, 40, 51], "hlc": [921557, 7]}
INFO:<Node 4>:{"send": true, "recv": false, "from": 4, "to": 1, "vc": [44, 50, 49, 44, 56, 38, 44, 49, 49, 57], "hlc": [921557, 8]}
INFO:<Node 7>:{"send": true, "recv": false, "from": 7, "to": 6, "vc": [44, 50, 49, 43, 47, 35, 40, 52, 40, 55], "hlc": [921559, 0]}
INFO:<Node 0>:{"send": false, "recv": true, "to": 0, "from": 3, "vc": [47, 50, 48, 51, 52, 35, 42, 48, 40, 51], "hlc": [921557, 8]}
INFO:<Node 1>:{"send": false, "recv": true, "to": 1, "from": 4, "vc": [46, 61, 53, 48, 56, 41, 47, 49, 49, 57], "hlc": [921557, 10]}
INFO:<Node 5>:{"send": false, "recv": true, "to": 5, "from": 1, "vc": [46, 60, 53, 48, 52, 43, 47, 50, 45, 52], "hlc": [921558, 2]}
INFO:<Node 6>:{"send": false, "recv": true, "to": 6, "from": 7, "vc": [44, 54, 51, 43, 49, 40, 48, 52, 45, 55], "hlc": [921559, 1]}
INFO:<Node 3>:{"send": true, "recv": false, "from": 3, "to": 6, "vc": [45, 50, 48, 52, 52, 35, 42, 48, 40, 51], "hlc": [921557, 8]}
INFO:<Node 4>:{"send": true, "recv": false, "from": 4, "to": 1, "vc": [44, 50, 49, 44, 57, 38, 44, 49, 49, 57], "hlc": [921557, 9]}
INFO:<Node 5>:{"send": true, "recv": false, "from": 5, "to": 8, "vc": [46, 60, 53, 48, 52, 44, 47, 50, 45, 52], "hlc": [921558, 3]}
INFO:<Node 7>:{"send": true, "recv": false, "from": 7, "to": 5, "vc": [44, 50, 49, 43, 47, 35, 40, 53, 40, 55], "hlc": [921559, 1]}
INFO:<Node 8>:{"send": true, "recv": false, "from": 8, "to": 9, "vc": [43, 47, 46, 44, 54, 38, 43, 49, 51, 51], "hlc": [921557, 8]}
INFO:<Node 9>:{"send": true, "recv": false, "from": 9, "to": 7, "vc": [45, 50, 49, 50, 52, 35, 44, 48, 40, 59], "hlc": [921558, 1]}
INFO:<Node 1>:{"send": false, "recv": true, "to": 1, "from": 4, "vc": [46, 62, 53, 48, 57, 41, 47, 49, 49, 57], "hlc": [921557, 11]}
INFO:<Node 5>:{"send": false, "recv": true, "to": 5, "from": 7, "vc": [46, 60, 53, 48, 52, 45, 47, 53, 45, 55], "hlc": [921559, 2]}
INFO:<Node 6>:{"send": false, "recv": true, "to": 6, "from": 3, "vc": [45, 54, 51, 52, 52, 40, 49, 52, 45, 55], "hlc": [921559, 2]}
INFO:<Node 7>:{"send": false, "recv": true, "to": 7, "from": 9, "vc": [45, 50, 49, 50, 52, 35, 44, 54, 40, 59], "hlc": [921560, 0]}
INFO:<Node 8>:{"send": false, "recv": true, "to": 8, "from": 5, "vc": [46, 60, 53, 48, 54, 44, 47, 50, 52, 52], "hlc": [921558, 4]}
INFO:<Node 9>:{"send": false, "recv": true, "to": 9, "from": 8, "vc": [45, 50, 49, 50, 54, 38, 44, 49, 51, 60], "hlc": [921559, 0]}
INFO:<Node 0>:{"send": true, "recv": false, "from": 0, "to": 3, "vc": [48, 50, 48, 51, 52, 35, 42, 48, 40, 51], "hlc": [921557, 9]}
INFO:<Node 1>:{"send": true, "recv": false, "from": 1, "to": 5, "vc": [46, 63, 53, 48, 57, 41, 47, 49, 49, 57], "hlc": [921557, 12]}
INFO:<Node 4>:{"send": true, "recv": false, "from": 4, "to": 2, "vc": [44, 50, 49, 44, 58, 38, 44, 49, 49, 57], "hlc": [921558, 0]}
INFO:<Node 5>:{"send": true, "recv": false, "from": 5, "to": 0, "vc": [46, 60, 53, 48, 52, 46, 47, 53, 45, 55], "hlc": [921559, 3]}
INFO:<Node 6>:{"send": true, "recv": false, "from": 6, "to": 1, "vc": [45, 54, 51, 52, 52, 40, 50, 52, 45, 55], "hlc": [921559, 3]}
INFO:<Node 7>:{"send": true, "recv": false, "from": 7, "to": 0, "vc": [45, 50, 49, 50, 52, 35, 44, 55, 40, 59], "hlc": [921560, 1]}
INFO:<Node 8>:{"send": true, "recv": false, "from": 8, "to": 0, "vc": [46, 60, 53, 48, 54, 44, 47, 50, 53, 52], "hlc": [921558, 5]}
INFO:<Node 0>:{"send": false, "recv": true, "to": 0, "from": 5, "vc": [49, 60, 53, 51, 52, 46, 47, 53, 45, 55], "hlc": [921559, 4]}
INFO:<Node 0>:{"send": false, "recv": true, "to": 0, "from": 7, "vc": [50, 60, 53, 51, 52, 46, 47, 55, 45, 59], "hlc": [921560, 2]}
INFO:<Node 0>:{"send": false, "recv": true, "to": 0, "from": 8, "vc": [51, 60, 53, 51, 54, 46, 47, 55, 53, 59], "hlc": [921560, 3]}
INFO:<Node 1>:{"send": false, "recv": true, "to": 1, "from": 6, "vc": [46, 64, 53, 52, 57, 41, 50, 52, 49, 57], "hlc": [921559, 4]}
INFO:<Node 2>:{"send": false, "recv": true, "to": 2, "from": 4, "vc": [44, 56, 55, 48, 58, 41, 44, 49, 49, 57], "hlc": [921559, 0]}
INFO:<Node 3>:{"send": false, "recv": true, "to": 3, "from": 0, "vc": [48, 50, 48, 53, 52, 35, 42, 48, 40, 51], "hlc": [921557, 10]}
INFO:<Node 5>:{"send": false, "recv": true, "to": 5, "from": 1, "vc": [46, 63, 53, 48, 57, 47, 47, 53, 49, 57], "hlc": [921559, 4]}
INFO:<Node 4>:{"send": true, "recv": false, "from": 4, "to": 8, "vc": [44, 50, 49, 44, 59, 38, 44, 49, 49, 57], "hlc": [921558, 1]}
INFO:<Node 6>:{"send": true, "recv": false, "from": 6, "to": 5, "vc": [45, 54, 51, 52, 52, 40, 51, 52, 45, 55], "hlc": [921559, 4]}
INFO:<Node 7>:{"send": true, "recv": false, "from": 7, "to": 0, "vc": [45, 50, 49, 50, 52, 35, 44, 56, 40, 59], "hlc": [921560, 2]}
INFO:<Node 8>:{"send": true, "recv": false, "from": 8, "to": 6, "vc": [46, 60, 53, 48, 54, 44, 47, 50, 54, 52], "hlc": [921558, 6]}
INFO:<Node 0>:{"send": false, "recv": true, "to": 0, "from": 7, "vc": [52, 60, 53, 51, 54, 46, 47, 56, 53, 59], "hlc": [921560, 4]}
INFO:<Node 5>:{"send": false, "recv": true, "to": 5, "from": 6, "vc": [46, 63, 53, 52, 57, 48, 51, 53, 49, 57], "hlc": [921559, 5]}
INFO:<Node 6>:{"send": false, "recv": true, "to": 6, "from": 8, "vc": [46, 60, 53, 52, 54, 44, 52, 52, 54, 55], "hlc": [921559, 5]}
INFO:<Node 8>:{"send": false, "recv": true, "to": 8, "from": 4, "vc": [46, 60, 53, 48, 59, 44, 47, 50, 55, 57], "hlc": [921558, 7]}
INFO:<Node 1>:{"send": true, "recv": false, "from": 1, "to": 8, "vc": [46, 65, 53, 52, 57, 41, 50, 52, 49, 57], "hlc": [921559, 5]}
INFO:<Node 3>:{"send": true, "recv": false, "from": 3, "to": 7, "vc": [48, 50, 48, 54, 52, 35, 42, 48, 40, 51], "hlc": [921557, 11]}
INFO:<Node 4>:{"send": true, "recv": false, "from": 4, "to": 5, "vc": [44, 50, 49, 44, 60, 38, 44, 49, 49, 57], "hlc": [921559, 0]}
INFO:<Node 7>:{"send": true, "recv": false, "from": 7, "to": 2, "vc": [45, 50, 49, 50, 52, 35, 44, 57, 40, 59], "hlc": [921561, 0]}
INFO:<Node 8>:{"send": true, "recv": false, "from": 8, "to": 9, "vc": [46, 60, 53, 48, 59, 44, 47, 50, 56, 57], "hlc": [921558, 8]}
INFO:<Node 9>:{"send": true, "recv": false, "from": 9, "to": 4, "vc": [45, 50, 49, 50, 54, 38, 44, 49, 51, 61], "hlc": [921560, 0]}
INFO:<Node 2>:{"send": false, "recv": true, "to": 2, "from": 7, "vc": [45, 56, 56, 50, 58, 41, 44, 57, 49, 59], "hlc": [921561, 1]}
INFO:<Node 4>:{"send": false, "recv": true, "to": 4, "from": 9, "vc": [45, 50, 49, 50, 61, 38, 44, 49, 51, 61], "hlc": [921560, 1]}
INFO:<Node 5>:{"send": false, "recv": true, "to": 5, "from": 4, "vc": [46, 63, 53, 52, 60, 49, 51, 53, 49, 57], "hlc": [921559, 6]}
INFO:<Node 7>:{"send": false, "recv": true, "to": 7, "from": 3, "vc": [48, 50, 49, 54, 52, 35, 44, 58, 40, 59], "hlc": [921561, 1]}
INFO:<Node 8>:{"send": false, "recv": true, "to": 8, "from": 1, "vc": [46, 65, 53, 52, 59, 44, 50, 52, 57, 57], "hlc": [921559, 6]}
INFO:<Node 9>:{"send": false, "recv": true, "to": 9, "from": 8, "vc": [46, 60, 53, 50, 59, 44, 47, 50, 56, 62], "hlc": [921560, 1]}
INFO:<Node 0>:{"send": true, "recv": false, "from": 0, "to": 8, "vc": [53, 60, 53, 51, 54, 46, 47, 56, 53, 59], "hlc": [921560, 5]}
INFO:<Node 2>:{"send": true, "recv": false, "from": 2, "to": 6, "vc": [45, 56, 57, 50, 58, 41, 44, 57, 49, 59], "hlc": [921561, 2]}
INFO:<Node 3>:{"send": true, "recv": false, "from": 3, "to": 5, "vc": [48, 50, 48, 55, 52, 35, 42, 48, 40, 51], "hlc": [921558, 0]}
INFO:<Node 4>:{"send": true, "recv": false, "from": 4, "to": 8, "vc": [45, 50, 49, 50, 62, 38, 44, 49, 51, 61], "hlc": [921560, 2]}
INFO:<Node 5>:{"send": true, "recv": false, "from": 5, "to": 6, "vc": [46, 63, 53, 52, 60, 50, 51, 53, 49, 57], "hlc": [921559, 7]}
INFO:<Node 6>:{"send": true, "recv": false, "from": 6, "to": 9, "vc": [46, 60, 53, 52, 54, 44, 53, 52, 54, 55], "hlc": [921560, 0]}
INFO:<Node 9>:{"send": true, "recv": false, "from": 9, "to": 4, "vc": [46, 60, 53, 50, 59, 44, 47, 50, 56, 63], "hlc": [921560, 2]}
INFO:<Node 4>:{"send": false, "recv": true, "to": 4, "from": 9, "vc": [46, 60, 53, 50, 63, 44, 47, 50, 56, 63], "hlc": [921560, 3]}
INFO:<Node 5>:{"send": false, "recv": true, "to": 5, "from": 3, "vc": [48, 63, 53, 55, 60, 51, 51, 53, 49, 57], "hlc": [921559, 8]}
INFO:<Node 6>:{"send": false, "recv": true, "to": 6, "from": 2, "vc": [46, 60, 57, 52, 58, 44, 54, 57, 54, 59], "hlc": [921561, 3]}
INFO:<Node 6>:{"send": false, "recv": true, "to": 6, "from": 5, "vc": [46, 63, 57, 52, 60, 50, 55, 57, 54, 59], "hlc": [921561, 4]}
INFO:<Node 8>:{"send": false, "recv": true, "to": 8, "from": 0, "vc": [53, 65, 53, 52, 59, 46, 50, 56, 58, 59], "hlc": [921560, 6]}
INFO:<Node 8>:{"send": false, "recv": true, "to": 8, "from": 4, "vc": [53, 65, 53, 52, 62, 46, 50, 56, 59, 61], "hlc": [921560, 7]}
INFO:<Node 9>:{"send": false, "recv": true, "to": 9, "from": 6, "vc": [46, 60, 53, 52, 59, 44, 53, 52, 56, 64], "hlc": [921561, 0]}
INFO:<Node 0>:{"send": true, "recv": false, "from": 0, "to": 9, "vc": [54, 60, 53, 51, 54, 46, 47, 56, 53, 59], "hlc": [921560, 6]}
INFO:<Node 1>:{"send": true, "recv": false, "from": 1, "to": 0, "vc": [46, 66, 53, 52, 57, 41, 50, 52, 49, 57], "hlc": [921559, 6]}
INFO:<Node 2>:{"send": true, "recv": false, "from": 2, "to": 6, "vc": [45, 56, 58, 50, 58, 41, 44, 57, 49, 59], "hlc": [921561, 3]}
INFO:<Node 3>:{"send": true, "recv": false, "from": 3, "to": 2, "vc": [48, 50, 48, 56, 52, 35, 42, 48, 40, 51], "hlc": [921558, 1]}
INFO:<Node 5>:{"send": true, "recv": false, "from": 5, "to": 7, "vc": [48, 63, 53, 55, 60, 52, 51, 53, 49, 57], "hlc": [921559, 9]}
INFO:<Node 7>:{"send": true, "recv": false, "from": 7, "to": 1, "vc": [48, 50, 49, 54, 52, 35, 44, 59, 40, 59], "hlc": [921562, 0]}
INFO:<Node 8>:{"send": true, "recv": false, "from": 8, "to": 1, "vc": [53, 65, 53, 52, 62, 46, 50, 56, 60, 61], "hlc": [921560, 8]}
INFO:<Node 9>:{"send": true, "recv": false, "from": 9, "to": 7, "vc": [46, 60, 53, 52, 59, 44, 53, 52, 56, 65], "hlc": [921561, 1]}
INFO:<Node 0>:{"send": false, "recv": true, "to": 0, "from": 1, "vc": [55, 66, 53, 52, 57, 46, 50, 56, 53, 59], "hlc": [921560, 7]}
INFO:<Node 1>:{"send": false, "recv": true, "to": 1, "from": 7, "vc": [48, 67, 53, 54, 57, 41, 50, 59, 49, 59], "hlc": [921562, 1]}
INFO:<Node 1>:{"send": false, "recv": true, "to": 1, "from": 8, "vc": [53, 68, 53, 54, 62, 46, 50, 59, 60, 61], "hlc": [921562, 2]}
INFO:<Node 2>:{"send": false, "recv": true, "to": 2, "from": 3, "vc": [48, 56, 59, 56, 58, 41, 44, 57, 49, 59], "hlc": [921561, 4]}
INFO:<Node 6>:{"send": false, "recv": true, "to": 6, "from": 2, "vc": [46, 63, 58, 52, 60, 50, 56, 57, 54, 59], "hlc": [921561, 5]}
INFO:<Node 7>:{"send": false, "recv": true, "to": 7, "from": 5, "vc": [48, 63, 53, 55, 60, 52, 51, 60, 49, 59], "hlc": [921562, 1]}
INFO:<Node 7>:{"send": false, "recv": true, "to": 7, "from": 9, "vc": [48, 63, 53, 55, 60, 52, 53, 61, 56, 65], "hlc": [921562, 2]}
INFO:<Node 9>:{"send": false, "recv": true, "to": 9, "from": 0, "vc": [54, 60, 53, 52, 59, 46, 53, 56, 56, 66], "hlc": [921561, 2]}
INFO:<Node 0>:{"send": true, "recv": false, "from": 0, "to": 1, "vc": [56, 66, 53, 52, 57, 46, 50, 56, 53, 59], "hlc": [921560, 8]}
INFO:<Node 1>:{"send": true, "recv": false, "from": 1, "to": 3, "vc": [53, 69, 53, 54, 62, 46, 50, 59, 60, 61], "hlc": [921562, 3]}
INFO:<Node 2>:{"send": true, "recv": false, "from": 2, "to": 8, "vc": [48, 56, 60, 56, 58, 41, 44, 57, 49, 59], "hlc": [921561, 5]}
INFO:<Node 3>:{"send": true, "recv": false, "from": 3, "to": 5, "vc": [48, 50, 48, 57, 52, 35, 42, 48, 40, 51], "hlc": [921559, 0]}
INFO:<Node 5>:{"send": true, "recv": false, "from": 5, "to": 2, "vc": [48, 63, 53, 55, 60, 53, 51, 53, 49, 57], "hlc": [921559, 10]}
INFO:<Node 6>:{"send": true, "recv": false, "from": 6, "to": 2, "vc": [46, 63, 58, 52, 60, 50, 57, 57, 54, 59], "hlc": [921561, 6]}
INFO:<Node 7>:{"send": true, "recv": false, "from": 7, "to": 0, "vc": [48, 63, 53, 55, 60, 52, 53, 62, 56, 65], "hlc": [921562, 3]}
INFO:<Node 8>:{"send": true, "recv": false, "from": 8, "to": 5, "vc": [53, 65, 53, 52, 62, 46, 50, 56, 61, 61], "hlc": [921560, 9]}
INFO:<Node 9>:{"send": true, "recv": false, "from": 9, "to": 5, "vc": [54, 60, 53, 52, 59, 46, 53, 56, 56, 67], "hlc": [921561, 3]}
INFO:<Node 0>:{"send": false, "recv": true, "to": 0, "from": 7, "vc": [57, 66, 53, 55, 60, 52, 53, 62, 56, 65], "hlc": [921562, 4]}
INFO:<Node 1>:{"send": false, "recv": true, "to": 1, "from": 0, "vc": [56, 70, 53, 54, 62, 46, 50, 59, 60, 61], "hlc": [921562, 4]}
INFO:<Node 2>:{"send": false, "recv": true, "to": 2, "from": 5, "vc": [48, 63, 61, 56, 60, 53, 51, 57, 49, 59], "hlc": [921561, 6]}
INFO:<Node 2>:{"send": false, "recv": true, "to": 2, "from": 6, "vc": [48, 63, 62, 56, 60, 53, 57, 57, 54, 59], "hlc": [921561, 7]}
INFO:<Node 3>:{"send": false, "recv": true, "to": 3, "from": 1, "vc": [53, 69, 53, 58, 62, 46, 50, 59, 60, 61], "hlc": [921562, 4]}
INFO:<Node 5>:{"send": false, "recv": true, "to": 5, "from": 3, "vc": [48, 63, 53, 57, 60, 54, 51, 53, 49, 57], "hlc": [921559, 11]}
INFO:<Node 5>:{"send": false, "recv": true, "to": 5, "from": 8, "vc": [53, 65, 53, 57, 62, 55, 51, 56, 61, 61], "hlc": [921560, 10]}
INFO:<Node 5>:{"send": false, "recv": true, "to": 5, "from": 9, "vc": [54, 65, 53, 57, 62, 56, 53, 56, 61, 67], "hlc": [921561, 4]}
INFO:<Node 8>:{"send": false, "recv": true, "to": 8, "from": 2, "vc": [53, 65, 60, 56, 62, 46, 50, 57, 62, 61], "hlc": [921561, 6]}
INFO:<Node 5>:{"send": true, "recv": false, "from": 5, "to": 6, "vc": [54, 65, 53, 57, 62, 57, 53, 56, 61, 67], "hlc": [921561, 5]}
INFO:<Node 6>:{"send": true, "recv": false, "from": 6, "to": 7, "vc": [46, 63, 58, 52, 60, 50, 58, 57, 54, 59], "hlc": [921561, 7]}
INFO:<Node 6>:{"send": false, "recv": true, "to": 6, "from": 5, "vc": [54, 65, 58, 57, 62, 57, 59, 57, 61, 67], "hlc": [921562, 0]}
INFO:<Node 7>:{"send": false, "recv": true, "to": 7, "from": 6, "vc": [48, 63, 58, 55, 60, 52, 58, 63, 56, 65], "hlc": [921563, 0]}
