INFO:root:Random workload: num sockets: 10, num iterations: 50, base address: 40900, chance of send: 3 in 5, round delay (s): 0.5, max clock drift (s): 7.5, actual clock drifts: [-4.537673824106242, 3.529892533007592, -6.420719151964864, 0.15559342794316944, 6.940146832585171, 1.2097760378212374, -4.504086106868126, -7.334627318156334, -5.9385845191610365, -4.231313300824112]
INFO:<Node 0>:{"send": true, "recv": false, "from": 0, "to": 1, "vc": [1, 0, 0, 0, 0, 0, 0, 0, 0, 0], "hlc": [921702, 1]}
INFO:<Node 3>:{"send": true, "recv": false, "from": 3, "to": 8, "vc": [0, 0, 0, 1, 0, 0, 0, 0, 0, 0], "hlc": [921702, 1]}
INFO:<Node 4>:{"send": true, "recv": false, "from": 4, "to": 2, "vc": [0, 0, 0, 0, 1, 0, 0, 0, 0, 0], "hlc": [921709, 0]}
INFO:<Node 8>:{"send": true, "recv": false, "from": 8, "to": 1, "vc": [0, 0, 0, 0, 0, 0, 0, 0, 1, 0], "hlc": [921702, 1]}
INFO:<Node 1>:{"send": false, "recv": true, "to": 1, "from": 0, "vc": [1, 1, 0, 0, 0, 0, 0, 0, 0, 0], "hlc": [921706, 0]}
INFO:<Node 1>:{"send": false, "recv": true, "to": 1, "from": 8, "vc": [1, 2, 0, 0, 0, 0, 0, 0, 1, 0], "hlc": [921706, 1]}
INFO:<Node 2>:{"send": false, "recv": true, "to": 2, "from": 4, "vc": [0, 0, 1, 0, 1, 0, 0, 0, 0, 0], "hlc": [921709, 1]}
INFO:<Node 8>:{"send": false, "recv": true, "to": 8, "from": 3, "vc": [0, 0, 0, 1, 0, 0, 0, 0, 2, 0], "hlc": [921702, 2]}
INFO:<Node 2>:{"send": true, "recv": false, "from": 2, "to": 6, "vc": [0, 0, 2, 0, 1, 0, 0, 0, 0, 0], "hlc": [921709, 2]}
INFO:<Node 3>:{"send": true, "recv": false, "from": 3, "to": 2, "vc": [0, 0, 0, 2, 0, 0, 0, 0, 0, 0], "hlc": [921703, 0]}
INFO:<Node 5>:{"send": true, "recv": false, "from": 5, "to": 3, "vc": [0, 0, 0, 0, 0, 1, 0, 0, 0, 0], "hlc": [921704, 0]}
INFO:<Node 6>:{"send": true, "recv": false, "from": 6, "to": 1, "vc": [0, 0, 0, 0, 0, 0, 1, 0, 0, 0], "hlc": [921702, 1]}
INFO:<Node 7>:{"send": true, "recv": false, "from": 7, "to": 8, "vc": [0, 0, 0, 0, 0, 0, 0, 1, 0, 0], "hlc": [921702, 1]}
INFO:<Node 8>:{"send": true, "recv": false, "from": 8, "to": 5, "vc": [0, 0, 0, 1, 0, 0, 0, 0, 3, 0], "hlc": [921702, 3]}
INFO:<Node 1>:{"send": false, "recv": true, "to": 1, "from": 6, "vc": [1, 3, 0, 0, 0, 0, 1, 0, 1, 0], "hlc": [921707, 0]}
INFO:<Node 2>:{"send": false, "recv": true, "to": 2, "from": 3, "vc": [0, 0, 3, 2, 1, 0, 0, 0, 0, 0], "hlc": [921709, 3]}
INFO:<Node 3>:{"send": false, "recv": true, "to": 3, "from": 5, "vc": [0, 0, 0, 3, 0, 1, 0, 0, 0, 0], "hlc": [921704, 1]}
INFO:<Node 5>:{"send": false, "recv": true, "to": 5, "from": 8, "vc": [0, 0, 0, 1, 0, 2, 0, 0, 3, 0], "hlc": [921705, 0]}
INFO:<Node 6>:{"send": false, "recv": true, "to": 6, "from": 2, "vc": [0, 0, 2, 0, 1, 0, 2, 0, 0, 0], "hlc": [921709, 3]}
INFO:<Node 8>:{"send": false, "recv": true, "to": 8, "from": 7, "vc": [0, 0, 0, 1, 0, 0, 0, 1, 4, 0], "hlc": [921702, 4]}
INFO:<Node 0>:{"send": true, "recv": false, "from": 0, "to": 2, "vc": [2, 0, 0, 0, 0, 0, 0, 0, 0, 0], "hlc": [921702, 2]}
INFO:<Node 1>:{"send": true, "recv": false, "from": 1, "to": 5, "vc": [1, 4, 0, 0, 0, 0, 1, 0, 1, 0], "hlc": [921707, 1]}
INFO:<Node 2>:{"send": true, "recv": false, "from": 2, "to": 3, "vc": [0, 0, 4, 2, 1, 0, 0, 0, 0, 0], "hlc": [921709, 4]}
INFO:<Node 3>:{"send": true, "recv": false, "from": 3, "to": 2, "vc": [0, 0, 0, 4, 0, 1, 0, 0, 0, 0], "hlc": [921704, 2]}
INFO:<Node 4>:{"send": true, "recv": false, "from": 4, "to": 5, "vc": [0, 0, 0, 0, 2, 0, 0, 0, 0, 0], "hlc": [921710, 0]}
INFO:<Node 6>:{"send": true, "recv": false, "from": 6, "to": 4, "vc": [0, 0, 2, 0, 1, 0, 3, 0, 0, 0], "hlc": [921709, 4]}
INFO:<Node 7>:{"send": true, "recv": false, "from": 7, "to": 1, "vc": [0, 0, 0, 0, 0, 0, 0, 2, 0, 0], "hlc": [921702, 2]}
INFO:<Node 1>:{"send": false, "recv": true, "to": 1, "from": 7, "vc": [1, 5, 0, 0, 0, 0, 1, 2, 1, 0], "hlc": [921707, 2]}
INFO:<Node 2>:{"send": false, "recv": true, "to": 2, "from": 0, "vc": [2, 0, 5, 2, 1, 0, 0, 0, 0, 0], "hlc": [921709, 5]}
INFO:<Node 2>:{"send": false, "recv": true, "to": 2, "from": 3, "vc": [2, 0, 6, 4, 1, 1, 0, 0, 0, 0], "hlc": [921709, 6]}
INFO:<Node 3>:{"send": false, "recv": true, "to": 3, "from": 2, "vc": [0, 0, 4, 5, 1, 1, 0, 0, 0, 0], "hlc": [921709, 5]}
INFO:<Node 4>:{"send": false, "recv": true, "to": 4, "from": 6, "vc": [0, 0, 2, 0, 3, 0, 3, 0, 0, 0], "hlc": [921711, 0]}
INFO:<Node 5>:{"send": false, "recv": true, "to": 5, "from": 1, "vc": [1, 4, 0, 1, 0, 3, 1, 0, 3, 0], "hlc": [921707, 2]}
INFO:<Node 5>:{"send": false, "recv": true, "to": 5, "from": 4, "vc": [1, 4, 0, 1, 2, 4, 1, 0, 3, 0], "hlc": [921710, 1]}
INFO:<Node 0>:{"send": true, "recv": false, "from": 0, "to": 8, "vc": [3, 0, 0, 0, 0, 0, 0, 0, 0, 0], "hlc": [921702, 3]}
INFO:<Node 4>:{"send": true, "recv": false, "from": 4, "to": 2, "vc": [0, 0, 2, 0, 4, 0, 3, 0, 0, 0], "hlc": [921711, 1]}
INFO:<Node 5>:{"send": true, "recv": false, "from": 5, "to": 9, "vc": [1, 4, 0, 1, 2, 5, 1, 0, 3, 0], "hlc": [921710, 2]}
INFO:<Node 6>:{"send": true, "recv": false, "from": 6, "to": 8, "vc": [0, 0, 2, 0, 1, 0, 4, 0, 0, 0], "hlc": [921709, 5]}
INFO:<Node 8>:{"send": true, "recv": false, "from": 8, "to": 3, "vc": [0, 0, 0, 1, 0, 0, 0, 1, 5, 0], "hlc": [921702, 5]}
INFO:<Node 2>:{"send": false, "recv": true, "to": 2, "from": 4, "vc": [2, 0, 7, 4, 4, 1, 3, 0, 0, 0], "hlc": [921711, 2]}
INFO:<Node 3>:{"send": false, "recv": true, "to": 3, "from": 8, "vc": [0, 0, 4, 6, 1, 1, 0, 1, 5, 0], "hlc": [921709, 6]}
INFO:<Node 8>:{"send": false, "recv": true, "to": 8, "from": 0, "vc": [3, 0, 0, 1, 0, 0, 0, 1, 6, 0], "hlc": [921702, 6]}
INFO:<Node 8>:{"send": false, "recv": true, "to": 8, "from": 6, "vc": [3, 0, 2, 1, 1, 0, 4, 1, 7, 0], "hlc": [921709, 6]}
INFO:<Node 9>:{"send": false, "recv": true, "to": 9, "from": 5, "vc": [1, 4, 0, 1, 2, 5, 1, 0, 3, 1], "hlc": [921710, 3]}
INFO:<Node 1>:{"send": true, "recv": false, "from": 1, "to": 3, "vc": [1, 6, 0, 0, 0, 0, 1, 2, 1, 0], "hlc": [921708, 0]}
INFO:<Node 2>:{"send": true, "recv": false, "from": 2, "to": 4, "vc": [2, 0, 8, 4, 4, 1, 3, 0, 0, 0], "hlc": [921711, 3]}
INFO:<Node 4>:{"send": true, "recv": false, "from": 4, "to": 0, "vc": [0, 0, 2, 0, 5, 0, 3, 0, 0, 0], "hlc": [921711, 2]}
INFO:<Node 6>:{"send": true, "recv": false, "from": 6, "to": 7, "vc": [0, 0, 2, 0, 1, 0, 5, 0, 0, 0], "hlc": [921709, 6]}
INFO:<Node 7>:{"send": true, "recv": false, "from": 7, "to": 8, "vc": [0, 0, 0, 0, 0, 0, 0, 3, 0, 0], "hlc": [921702, 3]}
INFO:<Node 8>:{"send": true, "recv": false, "from": 8, "to": 5, "vc": [3, 0, 2, 1, 1, 0, 4, 1, 8, 0], "hlc": [921709, 7]}
INFO:<Node 0>:{"send": false, "recv": true, "to": 0, "from": 4, "vc": [4, 0, 2, 0, 5, 0, 3, 0, 0, 0], "hlc": [921711, 3]}
INFO:<Node 3>:{"send": false, "recv": true, "to": 3, "from": 1, "vc": [1, 6, 4, 7, 1, 1, 1, 2, 5, 0], "hlc": [921709, 7]}
INFO:<Node 4>:{"send": false, "recv": true, "to": 4, "from": 2, "vc": [2, 0, 8, 4, 6, 1, 3, 0, 0, 0], "hlc": [921712, 0]}
INFO:<Node 5>:{"send": false, "recv": true, "to": 5, "from": 8, "vc": [3, 4, 2, 1, 2, 6, 4, 1, 8, 0], "hlc": [921710, 3]}
INFO:<Node 7>:{"send": false, "recv": true, "to": 7, "from": 6, "vc": [0, 0, 2, 0, 1, 0, 5, 4, 0, 0], "hlc": [921709, 7]}
INFO:<Node 8>:{"send": false, "recv": true, "to": 8, "from": 7, "vc": [3, 0, 2, 1, 1, 0, 4, 3, 9, 0], "hlc": [921709, 8]}
INFO:<Node 1>:{"send": true, "recv": false, "from": 1, "to": 8, "vc": [1, 7, 0, 0, 0, 0, 1, 2, 1, 0], "hlc": [921708, 1]}
INFO:<Node 3>:{"send": true, "recv": false, "from": 3, "to": 4, "vc": [1, 6, 4, 8, 1, 1, 1, 2, 5, 0], "hlc": [921709, 8]}
INFO:<Node 4>:{"send": true, "recv": false, "from": 4, "to": 2, "vc": [2, 0, 8, 4, 7, 1, 3, 0, 0, 0], "hlc": [921712, 1]}
INFO:<Node 7>:{"send": true, "recv": false, "from": 7, "to": 9, "vc": [0, 0, 2, 0, 1, 0, 5, 5, 0, 0], "hlc": [921709, 8]}
INFO:<Node 9>:{"send": true, "recv": false, "from": 9, "to": 4, "vc": [1, 4, 0, 1, 2, 5, 1, 0, 3, 2], "hlc": [921710, 4]}
INFO:<Node 2>:{"send": false, "recv": true, "to": 2, "from": 4, "vc": [2, 0, 9, 4, 7, 1, 3, 0, 0, 0], "hlc": [921712, 2]}
INFO:<Node 4>:{"send": false, "recv": true, "to": 4, "from": 3, "vc": [2, 6, 8, 8, 8, 1, 3, 2, 5, 0], "hlc": [921712, 2]}
INFO:<Node 4>:{"send": false, "recv": true, "to": 4, "from": 9, "vc": [2, 6, 8, 8, 9, 5, 3, 2, 5, 2], "hlc": [921712, 3]}
INFO:<Node 8>:{"send": false, "recv": true, "to": 8, "from": 1, "vc": [3, 7, 2, 1, 1, 0, 4, 3, 10, 0], "hlc": [921709, 9]}
INFO:<Node 9>:{"send": false, "recv": true, "to": 9, "from": 7, "vc": [1, 4, 2, 1, 2, 5, 5, 5, 3, 3], "hlc": [921710, 5]}
INFO:<Node 3>:{"send": true, "recv": false, "from": 3, "to": 6, "vc": [1, 6, 4, 9, 1, 1, 1, 2, 5, 0], "hlc": [921709, 9]}
INFO:<Node 5>:{"send": true, "recv": false, "from": 5, "to": 9, "vc": [3, 4, 2, 1, 2, 7, 4, 1, 8, 0], "hlc": [921710, 4]}
INFO:<Node 6>:{"send": true, "recv": false, "from": 6, "to": 5, "vc": [0, 0, 2, 0, 1, 0, 6, 0, 0, 0], "hlc": [921709, 7]}
INFO:<Node 7>:{"send": true, "recv": false, "from": 7, "to": 9, "vc": [0, 0, 2, 0, 1, 0, 5, 6, 0, 0], "hlc": [921709, 9]}
INFO:<Node 9>:{"send": true, "recv": false, "from": 9, "to": 1, "vc": [1, 4, 2, 1, 2, 5, 5, 5, 3, 4], "hlc": [921710, 6]}
INFO:<Node 1>:{"send": false, "recv": true, "to": 1, "from": 9, "vc": [1, 8, 2, 1, 2, 5, 5, 5, 3, 4], "hlc": [921710, 7]}
INFO:<Node 5>:{"send": false, "recv": true, "to": 5, "from": 6, "vc": [3, 4, 2, 1, 2, 8, 6, 1, 8, 0], "hlc": [921710, 5]}
INFO:<Node 6>:{"send": false, "recv": true, "to": 6, "from": 3, "vc": [1, 6, 4, 9, 1, 1, 7, 2, 5, 0], "hlc": [921709, 10]}
INFO:<Node 9>:{"send": false, "recv": true, "to": 9, "from": 5, "vc": [3, 4, 2, 1, 2, 7, 5, 5, 8, 5], "hlc": [921710, 7]}
INFO:<Node 9>:{"send": false, "recv": true, "to": 9, "from": 7, "vc": [3, 4, 2, 1, 2, 7, 5, 6, 8, 6], "hlc": [921710, 8]}
INFO:<Node 0>:{"send": true, "recv": false, "from": 0, "to": 3, "vc": [5, 0, 2, 0, 5, 0, 3, 0, 0, 0], "hlc": [921711, 4]}
INFO:<Node 1>:{"send": true, "recv": false, "from": 1, "to": 3, "vc": [1, 9, 2, 1, 2, 5, 5, 5, 3, 4], "hlc": [921710, 8]}
INFO:<Node 2>:{"send": true, "recv": false, "from": 2, "to": 4, "vc": [2, 0, 10, 4, 7, 1, 3, 0, 0, 0], "hlc": [921712, 3]}
INFO:<Node 3>:{"send": true, "recv": false, "from": 3, "to": 7, "vc": [1, 6, 4, 10, 1, 1, 1, 2, 5, 0], "hlc": [921709, 10]}
INFO:<Node 4>:{"send": true, "recv": false, "from": 4, "to": 8, "vc": [2, 6, 8, 8, 10, 5, 3, 2, 5, 2], "hlc": [921713, 0]}
INFO:<Node 7>:{"send": true, "recv": false, "from": 7, "to": 4, "vc": [0, 0, 2, 0, 1, 0, 5, 7, 0, 0], "hlc": [921709, 10]}
INFO:<Node 8>:{"send": true, "recv": false, "from": 8, "to": 0, "vc": [3, 7, 2, 1, 1, 0, 4, 3, 11, 0], "hlc": [921709, 10]}
INFO:<Node 9>:{"send": true, "recv": false, "from": 9, "to": 2, "vc": [3, 4, 2, 1, 2, 7, 5, 6, 8, 7], "hlc": [921710, 9]}
INFO:<Node 0>:{"send": false, "recv": true, "to": 0, "from": 8, "vc": [6, 7, 2, 1, 5, 0, 4, 3, 11, 0], "hlc": [921711, 5]}
INFO:<Node 2>:{"send": false, "recv": true, "to": 2, "from": 9, "vc": [3, 4, 11, 4, 7, 7, 5, 6, 8, 7], "hlc": [921712, 4]}
INFO:<Node 3>:{"send": false, "recv": true, "to": 3, "from": 0, "vc": [5, 6, 4, 11, 5, 1, 3, 2, 5, 0], "hlc": [921711, 5]}
INFO:<Node 3>:{"send": false, "recv": true, "to": 3, "from": 1, "vc": [5, 9, 4, 12, 5, 5, 5, 5, 5, 4], "hlc": [921711, 6]}
INFO:<Node 4>:{"send": false, "recv": true, "to": 4, "from": 2, "vc": [2, 6, 10, 8, 11, 5, 3, 2, 5, 2], "hlc": [921713, 1]}
INFO:<Node 4>:{"send": false, "recv": true, "to": 4, "from": 7, "vc": [2, 6, 10, 8, 12, 5, 5, 7, 5, 2], "hlc": [921713, 2]}
INFO:<Node 7>:{"send": false, "recv": true, "to": 7, "from": 3, "vc": [1, 6, 4, 10, 1, 1, 5, 8, 5, 0], "hlc": [921709, 11]}
INFO:<Node 8>:{"send": false, "recv": true, "to": 8, "from": 4, "vc": [3, 7, 8, 8, 10, 5, 4, 3, 12, 2], "hlc": [921713, 1]}
INFO:<Node 0>:{"send": true, "recv": false, "from": 0, "to": 6, "vc": [7, 7, 2, 1, 5, 0, 4, 3, 11, 0], "hlc": [921711, 6]}
INFO:<Node 1>:{"send": true, "recv": false, "from": 1, "to": 8, "vc": [1, 10, 2, 1, 2, 5, 5, 5, 3, 4], "hlc": [921710, 9]}
INFO:<Node 2>:{"send": true, "recv": false, "from": 2, "to": 1, "vc": [3, 4, 12, 4, 7, 7, 5, 6, 8, 7], "hlc": [921712, 5]}
INFO:<Node 4>:{"send": true, "recv": false, "from": 4, "to": 8, "vc": [2, 6, 10, 8, 13, 5, 5, 7, 5, 2], "hlc": [921713, 3]}
INFO:<Node 6>:{"send": true, "recv": false, "from": 6, "to": 9, "vc": [1, 6, 4, 9, 1, 1, 8, 2, 5, 0], "hlc": [921709, 11]}
INFO:<Node 8>:{"send": true, "recv": false, "from": 8, "to": 5, "vc": [3, 7, 8, 8, 10, 5, 4, 3, 13, 2], "hlc": [921713, 2]}
INFO:<Node 1>:{"send": false, "recv": true, "to": 1, "from": 2, "vc": [3, 11, 12, 4, 7, 7, 5, 6, 8, 7], "hlc": [921712, 6]}
INFO:<Node 5>:{"send": false, "recv": true, "to": 5, "from": 8, "vc": [3, 7, 8, 8, 10, 9, 6, 3, 13, 2], "hlc": [921713, 3]}
INFO:<Node 6>:{"send": false, "recv": true, "to": 6, "from": 0, "vc": [7, 7, 4, 9, 5, 1, 9, 3, 11, 0], "hlc": [921711, 7]}
INFO:<Node 8>:{"send": false, "recv": true, "to": 8, "from": 1, "vc": [3, 10, 8, 8, 10, 5, 5, 5, 14, 4], "hlc": [921713, 3]}
INFO:<Node 8>:{"send": false, "recv": true, "to": 8, "from": 4, "vc": [3, 10, 10, 8, 13, 5, 5, 7, 15, 4], "hlc": [921713, 4]}
INFO:<Node 9>:{"send": false, "recv": true, "to": 9, "from": 6, "vc": [3, 6, 4, 9, 2, 7, 8, 6, 8, 8], "hlc": [921710, 10]}
INFO:<Node 0>:{"send": true, "recv": false, "from": 0, "to": 8, "vc": [8, 7, 2, 1, 5, 0, 4, 3, 11, 0], "hlc": [921711, 7]}
INFO:<Node 1>:{"send": true, "recv": false, "from": 1, "to": 5, "vc": [3, 12, 12, 4, 7, 7, 5, 6, 8, 7], "hlc": [921712, 7]}
INFO:<Node 2>:{"send": true, "recv": false, "from": 2, "to": 6, "vc": [3, 4, 13, 4, 7, 7, 5, 6, 8, 7], "hlc": [921712, 6]}
INFO:<Node 3>:{"send": true, "recv": false, "from": 3, "to": 9, "vc": [5, 9, 4, 13, 5, 5, 5, 5, 5, 4], "hlc": [921711, 7]}
INFO:<Node 4>:{"send": true, "recv": false, "from": 4, "to": 1, "vc": [2, 6, 10, 8, 14, 5, 5, 7, 5, 2], "hlc": [921714, 0]}
INFO:<Node 6>:{"send": true, "recv": false, "from": 6, "to": 2, "vc": [7, 7, 4, 9, 5, 1, 10, 3, 11, 0], "hlc": [921711, 8]}
INFO:<Node 7>:{"send": true, "recv": false, "from": 7, "to": 2, "vc": [1, 6, 4, 10, 1, 1, 5, 9, 5, 0], "hlc": [921709, 12]}
INFO:<Node 9>:{"send": true, "recv": false, "from": 9, "to": 6, "vc": [3, 6, 4, 9, 2, 7, 8, 6, 8, 9], "hlc": [921710, 11]}
INFO:<Node 1>:{"send": false, "recv": true, "to": 1, "from": 4, "vc": [3, 13, 12, 8, 14, 7, 5, 7, 8, 7], "hlc": [921714, 1]}
INFO:<Node 2>:{"send": false, "recv": true, "to": 2, "from": 6, "vc": [7, 7, 14, 9, 7, 7, 10, 6, 11, 7], "hlc": [921712, 7]}
INFO:<Node 2>:{"send": false, "recv": true, "to": 2, "from": 7, "vc": [7, 7, 15, 10, 7, 7, 10, 9, 11, 7], "hlc": [921712, 8]}
INFO:<Node 5>:{"send": false, "recv": true, "to": 5, "from": 1, "vc": [3, 12, 12, 8, 10, 10, 6, 6, 13, 7], "hlc": [921713, 4]}
INFO:<Node 6>:{"send": false, "recv": true, "to": 6, "from": 2, "vc": [7, 7, 13, 9, 7, 7, 11, 6, 11, 7], "hlc": [921712, 7]}
INFO:<Node 6>:{"send": false, "recv": true, "to": 6, "from": 9, "vc": [7, 7, 13, 9, 7, 7, 12, 6, 11, 9], "hlc": [921712, 8]}
INFO:<Node 8>:{"send": false, "recv": true, "to": 8, "from": 0, "vc": [8, 10, 10, 8, 13, 5, 5, 7, 16, 4], "hlc": [921713, 5]}
INFO:<Node 9>:{"send": false, "recv": true, "to": 9, "from": 3, "vc": [5, 9, 4, 13, 5, 7, 8, 6, 8, 10], "hlc": [921711, 8]}
INFO:<Node 0>:{"send": true, "recv": false, "from": 0, "to": 9, "vc": [9, 7, 2, 1, 5, 0, 4, 3, 11, 0], "hlc": [921711, 8]}
INFO:<Node 3>:{"send": true, "recv": false, "from": 3, "to": 8, "vc": [5, 9, 4, 14, 5, 5, 5, 5, 5, 4], "hlc": [921711, 8]}
INFO:<Node 5>:{"send": true, "recv": false, "from": 5, "to": 8, "vc": [3, 12, 12, 8, 10, 11, 6, 6, 13, 7], "hlc": [921713, 5]}
INFO:<Node 6>:{"send": true, "recv": false, "from": 6, "to": 5, "vc": [7, 7, 13, 9, 7, 7, 13, 6, 11, 9], "hlc": [921712, 9]}
INFO:<Node 8>:{"send": true, "recv": false, "from": 8, "to": 0, "vc": [8, 10, 10, 8, 13, 5, 5, 7, 17, 4], "hlc": [921713, 6]}
INFO:<Node 0>:{"send": false, "recv": true, "to": 0, "from": 8, "vc": [10, 10, 10, 8, 13, 5, 5, 7, 17, 4], "hlc": [921713, 7]}
INFO:<Node 5>:{"send": false, "recv": true, "to": 5, "from": 6, "vc": [7, 12, 13, 9, 10, 12, 13, 6, 13, 9], "hlc": [921713, 6]}
INFO:<Node 8>:{"send": false, "recv": true, "to": 8, "from": 3, "vc": [8, 10, 10, 14, 13, 5, 5, 7, 18, 4], "hlc": [921713, 7]}
INFO:<Node 8>:{"send": false, "recv": true, "to": 8, "from": 5, "vc": [8, 12, 12, 14, 13, 11, 6, 7, 19, 7], "hlc": [921713, 8]}
INFO:<Node 9>:{"send": false, "recv": true, "to": 9, "from": 0, "vc": [9, 9, 4, 13, 5, 7, 8, 6, 11, 11], "hlc": [921711, 9]}
INFO:<Node 1>:{"send": true, "recv": false, "from": 1, "to": 3, "vc": [3, 14, 12, 8, 14, 7, 5, 7, 8, 7], "hlc": [921714, 2]}
INFO:<Node 2>:{"send": true, "recv": false, "from": 2, "to": 3, "vc": [7, 7, 16, 10, 7, 7, 10, 9, 11, 7], "hlc": [921712, 9]}
INFO:<Node 5>:{"send": true, "recv": false, "from": 5, "to": 6, "vc": [7, 12, 13, 9, 10, 13, 13, 6, 13, 9], "hlc": [921713, 7]}
INFO:<Node 6>:{"send": true, "recv": false, "from": 6, "to": 1, "vc": [7, 7, 13, 9, 7, 7, 14, 6, 11, 9], "hlc": [921712, 10]}
INFO:<Node 7>:{"send": true, "recv": false, "from": 7, "to": 8, "vc": [1, 6, 4, 10, 1, 1, 5, 10, 5, 0], "hlc": [921709, 13]}
INFO:<Node 8>:{"send": true, "recv": false, "from": 8, "to": 6, "vc": [8, 12, 12, 14, 13, 11, 6, 7, 20, 7], "hlc": [921713, 9]}
INFO:<Node 9>:{"send": true, "recv": false, "from": 9, "to": 1, "vc": [9, 9, 4, 13, 5, 7, 8, 6, 11, 12], "hlc": [921711, 10]}
INFO:<Node 1>:{"send": false, "recv": true, "to": 1, "from": 6, "vc": [7, 15, 13, 9, 14, 7, 14, 7, 11, 9], "hlc": [921714, 3]}
INFO:<Node 1>:{"send": false, "recv": true, "to": 1, "from": 9, "vc": [9, 16, 13, 13, 14, 7, 14, 7, 11, 12], "hlc": [921714, 4]}
INFO:<Node 3>:{"send": false, "recv": true, "to": 3, "from": 1, "vc": [5, 14, 12, 15, 14, 7, 5, 7, 8, 7], "hlc": [921714, 3]}
INFO:<Node 3>:{"send": false, "recv": true, "to": 3, "from": 2, "vc": [7, 14, 16, 16, 14, 7, 10, 9, 11, 7], "hlc": [921714, 4]}
INFO:<Node 6>:{"send": false, "recv": true, "to": 6, "from": 5, "vc": [7, 12, 13, 9, 10, 13, 15, 6, 13, 9], "hlc": [921713, 8]}
INFO:<Node 6>:{"send": false, "recv": true, "to": 6, "from": 8, "vc": [8, 12, 13, 14, 13, 13, 16, 7, 20, 9], "hlc": [921713, 10]}
INFO:<Node 8>:{"send": false, "recv": true, "to": 8, "from": 7, "vc": [8, 12, 12, 14, 13, 11, 6, 10, 21, 7], "hlc": [921713, 10]}
INFO:<Node 0>:{"send": true, "recv": false, "from": 0, "to": 9, "vc": [11, 10, 10, 8, 13, 5, 5, 7, 17, 4], "hlc": [921713, 8]}
INFO:<Node 1>:{"send": true, "recv": false, "from": 1, "to": 3, "vc": [9, 17, 13, 13, 14, 7, 14, 7, 11, 12], "hlc": [921714, 5]}
INFO:<Node 2>:{"send": true, "recv": false, "from": 2, "to": 5, "vc": [7, 7, 17, 10, 7, 7, 10, 9, 11, 7], "hlc": [921712, 10]}
INFO:<Node 3>:{"send": true, "recv": false, "from": 3, "to": 9, "vc": [7, 14, 16, 17, 14, 7, 10, 9, 11, 7], "hlc": [921714, 5]}
INFO:<Node 6>:{"send": true, "recv": false, "from": 6, "to": 1, "vc": [8, 12, 13, 14, 13, 13, 17, 7, 20, 9], "hlc": [921713, 11]}
INFO:<Node 8>:{"send": true, "recv": false, "from": 8, "to": 2, "vc": [8, 12, 12, 14, 13, 11, 6, 10, 22, 7], "hlc": [921713, 11]}
INFO:<Node 9>:{"send": true, "recv": false, "from": 9, "to": 2, "vc": [9, 9, 4, 13, 5, 7, 8, 6, 11, 13], "hlc": [921711, 11]}
INFO:<Node 1>:{"send": false, "recv": true, "to": 1, "from": 6, "vc": [9, 18, 13, 14, 14, 13, 17, 7, 20, 12], "hlc": [921714, 6]}
INFO:<Node 2>:{"send": false, "recv": true, "to": 2, "from": 8, "vc": [8, 12, 18, 14, 13, 11, 10, 10, 22, 7], "hlc": [921713, 12]}
INFO:<Node 2>:{"send": false, "recv": true, "to": 2, "from": 9, "vc": [9, 12, 19, 14, 13, 11, 10, 10, 22, 13], "hlc": [921713, 13]}
INFO:<Node 3>:{"send": false, "recv": true, "to": 3, "from": 1, "vc": [9, 17, 16, 18, 14, 7, 14, 9, 11, 12], "hlc": [921714, 6]}
INFO:<Node 5>:{"send": false, "recv": true, "to": 5, "from": 2, "vc": [7, 12, 17, 10, 10, 14, 13, 9, 13, 9], "hlc": [921713, 8]}
INFO:<Node 9>:{"send": false, "recv": true, "to": 9, "from": 0, "vc": [11, 10, 10, 13, 13, 7, 8, 7, 17, 14], "hlc": [921713, 9]}
INFO:<Node 9>:{"send": false, "recv": true, "to": 9, "from": 3, "vc": [11, 14, 16, 17, 14, 7, 10, 9, 17, 15], "hlc": [921714, 6]}
INFO:<Node 1>:{"send": true, "recv": false, "from": 1, "to": 7, "vc": [9, 19, 13, 14, 14, 13, 17, 7, 20, 12], "hlc": [921714, 7]}
INFO:<Node 2>:{"send": true, "recv": false, "from": 2, "to": 8, "vc": [9, 12, 20, 14, 13, 11, 10, 10, 22, 13], "hlc": [921713, 14]}
INFO:<Node 5>:{"send": true, "recv": false, "from": 5, "to": 4, "vc": [7, 12, 17, 10, 10, 15, 13, 9, 13, 9], "hlc": [921713, 9]}
INFO:<Node 6>:{"send": true, "recv": false, "from": 6, "to": 9, "vc": [8, 12, 13, 14, 13, 13, 18, 7, 20, 9], "hlc": [921713, 12]}
INFO:<Node 9>:{"send": true, "recv": false, "from": 9, "to": 6, "vc": [11, 14, 16, 17, 14, 7, 10, 9, 17, 16], "hlc": [921714, 7]}
INFO:<Node 4>:{"send": false, "recv": true, "to": 4, "from": 5, "vc": [7, 12, 17, 10, 15, 15, 13, 9, 13, 9], "hlc": [921716, 0]}
INFO:<Node 6>:{"send": false, "recv": true, "to": 6, "from": 9, "vc": [11, 14, 16, 17, 14, 13, 19, 9, 20, 16], "hlc": [921714, 8]}
INFO:<Node 7>:{"send": false, "recv": true, "to": 7, "from": 1, "vc": [9, 19, 13, 14, 14, 13, 17, 11, 20, 12], "hlc": [921714, 8]}
INFO:<Node 8>:{"send": false, "recv": true, "to": 8, "from": 2, "vc": [9, 12, 20, 14, 13, 11, 10, 10, 23, 13], "hlc": [921713, 15]}
INFO:<Node 9>:{"send": false, "recv": true, "to": 9, "from": 6, "vc": [11, 14, 16, 17, 14, 13, 18, 9, 20, 17], "hlc": [921714, 8]}
INFO:<Node 0>:{"send": true, "recv": false, "from": 0, "to": 7, "vc": [12, 10, 10, 8, 13, 5, 5, 7, 17, 4], "hlc": [921713, 9]}
INFO:<Node 1>:{"send": true, "recv": false, "from": 1, "to": 0, "vc": [9, 20, 13, 14, 14, 13, 17, 7, 20, 12], "hlc": [921714, 8]}
INFO:<Node 3>:{"send": true, "recv": false, "from": 3, "to": 4, "vc": [9, 17, 16, 19, 14, 7, 14, 9, 11, 12], "hlc": [921714, 7]}
INFO:<Node 5>:{"send": true, "recv": false, "from": 5, "to": 3, "vc": [7, 12, 17, 10, 10, 16, 13, 9, 13, 9], "hlc": [921713, 10]}
INFO:<Node 7>:{"send": true, "recv": false, "from": 7, "to": 2, "vc": [9, 19, 13, 14, 14, 13, 17, 12, 20, 12], "hlc": [921714, 9]}
INFO:<Node 8>:{"send": true, "recv": false, "from": 8, "to": 3, "vc": [9, 12, 20, 14, 13, 11, 10, 10, 24, 13], "hlc": [921713, 16]}
INFO:<Node 0>:{"send": false, "recv": true, "to": 0, "from": 1, "vc": [13, 20, 13, 14, 14, 13, 17, 7, 20, 12], "hlc": [921714, 9]}
INFO:<Node 2>:{"send": false, "recv": true, "to": 2, "from": 7, "vc": [9, 19, 21, 14, 14, 13, 17, 12, 22, 13], "hlc": [921714, 10]}
INFO:<Node 3>:{"send": false, "recv": true, "to": 3, "from": 5, "vc": [9, 17, 17, 20, 14, 16, 14, 9, 13, 12], "hlc": [921714, 8]}
INFO:<Node 3>:{"send": false, "recv": true, "to": 3, "from": 8, "vc": [9, 17, 20, 21, 14, 16, 14, 10, 24, 13], "hlc": [921714, 9]}
INFO:<Node 4>:{"send": false, "recv": true, "to": 4, "from": 3, "vc": [9, 17, 17, 19, 16, 15, 14, 9, 13, 12], "hlc": [921717, 0]}
INFO:<Node 7>:{"send": false, "recv": true, "to": 7, "from": 0, "vc": [12, 19, 13, 14, 14, 13, 17, 13, 20, 12], "hlc": [921714, 10]}
INFO:<Node 0>:{"send": true, "recv": false, "from": 0, "to": 9, "vc": [14, 20, 13, 14, 14, 13, 17, 7, 20, 12], "hlc": [921714, 10]}
INFO:<Node 1>:{"send": true, "recv": false, "from": 1, "to": 9, "vc": [9, 21, 13, 14, 14, 13, 17, 7, 20, 12], "hlc": [921714, 9]}
INFO:<Node 3>:{"send": true, "recv": false, "from": 3, "to": 2, "vc": [9, 17, 20, 22, 14, 16, 14, 10, 24, 13], "hlc": [921714, 10]}
INFO:<Node 4>:{"send": true, "recv": false, "from": 4, "to": 8, "vc": [9, 17, 17, 19, 17, 15, 14, 9, 13, 12], "hlc": [921717, 1]}
INFO:<Node 7>:{"send": true, "recv": false, "from": 7, "to": 6, "vc": [12, 19, 13, 14, 14, 13, 17, 14, 20, 12], "hlc": [921714, 11]}
INFO:<Node 8>:{"send": true, "recv": false, "from": 8, "to": 7, "vc": [9, 12, 20, 14, 13, 11, 10, 10, 25, 13], "hlc": [921713, 17]}
INFO:<Node 2>:{"send": false, "recv": true, "to": 2, "from": 3, "vc": [9, 19, 22, 22, 14, 16, 17, 12, 24, 13], "hlc": [921714, 11]}
INFO:<Node 6>:{"send": false, "recv": true, "to": 6, "from": 7, "vc": [12, 19, 16, 17, 14, 13, 20, 14, 20, 16], "hlc": [921714, 12]}
INFO:<Node 7>:{"send": false, "recv": true, "to": 7, "from": 8, "vc": [12, 19, 20, 14, 14, 13, 17, 15, 25, 13], "hlc": [921714, 12]}
INFO:<Node 8>:{"send": false, "recv": true, "to": 8, "from": 4, "vc": [9, 17, 20, 19, 17, 15, 14, 10, 26, 13], "hlc": [921717, 2]}
INFO:<Node 9>:{"send": false, "recv": true, "to": 9, "from": 0, "vc": [14, 20, 16, 17, 14, 13, 18, 9, 20, 18], "hlc": [921714, 11]}
INFO:<Node 9>:{"send": false, "recv": true, "to": 9, "from": 1, "vc": [14, 21, 16, 17, 14, 13, 18, 9, 20, 19], "hlc": [921714, 12]}
INFO:<Node 1>:{"send": true, "recv": false, "from": 1, "to": 8, "vc": [9, 22, 13, 14, 14, 13, 17, 7, 20, 12], "hlc": [921714, 10]}
INFO:<Node 3>:{"send": true, "recv": false, "from": 3, "to": 0, "vc": [9, 17, 20, 23, 14, 16, 14, 10, 24, 13], "hlc": [921714, 11]}
INFO:<Node 4>:{"send": true, "recv": false, "from": 4, "to": 8, "vc": [9, 17, 17, 19, 18, 15, 14, 9, 13, 12], "hlc": [921717, 2]}
INFO:<Node 5>:{"send": true, "recv": false, "from": 5, "to": 1, "vc": [7, 12, 17, 10, 10, 17, 13, 9, 13, 9], "hlc": [921713, 11]}
INFO:<Node 7>:{"send": true, "recv": false, "from": 7, "to": 6, "vc": [12, 19, 20, 14, 14, 13, 17, 16, 25, 13], "hlc": [921714, 13]}
INFO:<Node 9>:{"send": true, "recv": false, "from": 9, "to": 6, "vc": [14, 21, 16, 17, 14, 13, 18, 9, 20, 20], "hlc": [921714, 13]}
INFO:<Node 0>:{"send": false, "recv": true, "to": 0, "from": 3, "vc": [15, 20, 20, 23, 14, 16, 17, 10, 24, 13], "hlc": [921714, 12]}
INFO:<Node 1>:{"send": false, "recv": true, "to": 1, "from": 5, "vc": [9, 23, 17, 14, 14, 17, 17, 9, 20, 12], "hlc": [921714, 11]}
INFO:<Node 6>:{"send": false, "recv": true, "to": 6, "from": 7, "vc": [12, 19, 20, 17, 14, 13, 21, 16, 25, 16], "hlc": [921714, 14]}
INFO:<Node 6>:{"send": false, "recv": true, "to": 6, "from": 9, "vc": [14, 21, 20, 17, 14, 13, 22, 16, 25, 20], "hlc": [921714, 15]}
INFO:<Node 8>:{"send": false, "recv": true, "to": 8, "from": 1, "vc": [9, 22, 20, 19, 17, 15, 17, 10, 27, 13], "hlc": [921717, 3]}
INFO:<Node 8>:{"send": false, "recv": true, "to": 8, "from": 4, "vc": [9, 22, 20, 19, 18, 15, 17, 10, 28, 13], "hlc": [921717, 4]}
INFO:<Node 2>:{"send": true, "recv": false, "from": 2, "to": 7, "vc": [9, 19, 23, 22, 14, 16, 17, 12, 24, 13], "hlc": [921714, 12]}
INFO:<Node 4>:{"send": true, "recv": false, "from": 4, "to": 2, "vc": [9, 17, 17, 19, 19, 15, 14, 9, 13, 12], "hlc": [921718, 0]}
INFO:<Node 6>:{"send": true, "recv": false, "from": 6, "to": 0, "vc": [14, 21, 20, 17, 14, 13, 23, 16, 25, 20], "hlc": [921714, 16]}
INFO:<Node 0>:{"send": false, "recv": true, "to": 0, "from": 6, "vc": [16, 21, 20, 23, 14, 16, 23, 16, 25, 20], "hlc": [921714, 17]}
INFO:<Node 2>:{"send": false, "recv": true, "to": 2, "from": 4, "vc": [9, 19, 24, 22, 19, 16, 17, 12, 24, 13], "hlc": [921718, 1]}
INFO:<Node 7>:{"send": false, "recv": true, "to": 7, "from": 2, "vc": [12, 19, 23, 22, 14, 16, 17, 17, 25, 13], "hlc": [921714, 14]}
INFO:<Node 0>:{"send": true, "recv": false, "from": 0, "to": 2, "vc": [17, 21, 20, 23, 14, 16, 23, 16, 25, 20], "hlc": [921714, 18]}
INFO:<Node 2>:{"send": true, "recv": false, "from": 2, "to": 8, "vc": [9, 19, 25, 22, 19, 16, 17, 12, 24, 13], "hlc": [921718, 2]}
INFO:<Node 4>:{"send": true, "recv": false, "from": 4, "to": 0, "vc": [9, 17, 17, 19, 20, 15, 14, 9, 13, 12], "hlc": [921718, 1]}
INFO:<Node 9>:{"send": true, "recv": false, "from": 9, "to": 3, "vc": [14, 21, 16, 17, 14, 13, 18, 9, 20, 21], "hlc": [921714, 14]}
INFO:<Node 0>:{"send": false, "recv": true, "to": 0, "from": 4, "vc": [18, 21, 20, 23, 20, 16, 23, 16, 25, 20], "hlc": [921718, 2]}
INFO:<Node 2>:{"send": false, "recv": true, "to": 2, "from": 0, "vc": [17, 21, 26, 23, 19, 16, 23, 16, 25, 20], "hlc": [921718, 3]}
INFO:<Node 3>:{"send": false, "recv": true, "to": 3, "from": 9, "vc": [14, 21, 20, 24, 14, 16, 18, 10, 24, 21], "hlc": [921714, 15]}
INFO:<Node 8>:{"send": false, "recv": true, "to": 8, "from": 2, "vc": [9, 22, 25, 22, 19, 16, 17, 12, 29, 13], "hlc": [921718, 3]}
INFO:<Node 1>:{"send": true, "recv": false, "from": 1, "to": 5, "vc": [9, 24, 17, 14, 14, 17, 17, 9, 20, 12], "hlc": [921715, 0]}
INFO:<Node 2>:{"send": true, "recv": false, "from": 2, "to": 1, "vc": [17, 21, 27, 23, 19, 16, 23, 16, 25, 20], "hlc": [921718, 4]}
INFO:<Node 4>:{"send": true, "recv": false, "from": 4, "to": 8, "vc": [9, 17, 17, 19, 21, 15, 14, 9, 13, 12], "hlc": [921719, 0]}
INFO:<Node 5>:{"send": true, "recv": false, "from": 5, "to": 0, "vc": [7, 12, 17, 10, 10, 18, 13, 9, 13, 9], "hlc": [921713, 12]}
INFO:<Node 7>:{"send": true, "recv": false, "from": 7, "to": 6, "vc": [12, 19, 23, 22, 14, 16, 17, 18, 25, 13], "hlc": [921714, 15]}
INFO:<Node 9>:{"send": true, "recv": false, "from": 9, "to": 1, "vc": [14, 21, 16, 17, 14, 13, 18, 9, 20, 22], "hlc": [921714, 15]}
INFO:<Node 0>:{"send": false, "recv": true, "to": 0, "from": 5, "vc": [19, 21, 20, 23, 20, 18, 23, 16, 25, 20], "hlc": [921718, 3]}
INFO:<Node 1>:{"send": false, "recv": true, "to": 1, "from": 2, "vc": [17, 25, 27, 23, 19, 17, 23, 16, 25, 20], "hlc": [921718, 5]}
INFO:<Node 1>:{"send": false, "recv": true, "to": 1, "from": 9, "vc": [17, 26, 27, 23, 19, 17, 23, 16, 25, 22], "hlc": [921718, 6]}
INFO:<Node 5>:{"send": false, "recv": true, "to": 5, "from": 1, "vc": [9, 24, 17, 14, 14, 19, 17, 9, 20, 12], "hlc": [921715, 1]}
INFO:<Node 6>:{"send": false, "recv": true, "to": 6, "from": 7, "vc": [14, 21, 23, 22, 14, 16, 24, 18, 25, 20], "hlc": [921714, 17]}
INFO:<Node 8>:{"send": false, "recv": true, "to": 8, "from": 4, "vc": [9, 22, 25, 22, 21, 16, 17, 12, 30, 13], "hlc": [921719, 1]}
INFO:<Node 0>:{"send": true, "recv": false, "from": 0, "to": 7, "vc": [20, 21, 20, 23, 20, 18, 23, 16, 25, 20], "hlc": [921718, 4]}
INFO:<Node 1>:{"send": true, "recv": false, "from": 1, "to": 3, "vc": [17, 27, 27, 23, 19, 17, 23, 16, 25, 22], "hlc": [921718, 7]}
INFO:<Node 2>:{"send": true, "recv": false, "from": 2, "to": 4, "vc": [17, 21, 28, 23, 19, 16, 23, 16, 25, 20], "hlc": [921718, 5]}
INFO:<Node 4>:{"send": true, "recv": false, "from": 4, "to": 5, "vc": [9, 17, 17, 19, 22, 15, 14, 9, 13, 12], "hlc": [921719, 1]}
INFO:<Node 3>:{"send": false, "recv": true, "to": 3, "from": 1, "vc": [17, 27, 27, 25, 19, 17, 23, 16, 25, 22], "hlc": [921718, 8]}
INFO:<Node 4>:{"send": false, "recv": true, "to": 4, "from": 2, "vc": [17, 21, 28, 23, 23, 16, 23, 16, 25, 20], "hlc": [921720, 0]}
INFO:<Node 5>:{"send": false, "recv": true, "to": 5, "from": 4, "vc": [9, 24, 17, 19, 22, 20, 17, 9, 20, 12], "hlc": [921719, 2]}
INFO:<Node 7>:{"send": false, "recv": true, "to": 7, "from": 0, "vc": [20, 21, 23, 23, 20, 18, 23, 19, 25, 20], "hlc": [921718, 5]}
INFO:<Node 3>:{"send": true, "recv": false, "from": 3, "to": 5, "vc": [17, 27, 27, 26, 19, 17, 23, 16, 25, 22], "hlc": [921718, 9]}
INFO:<Node 7>:{"send": true, "recv": false, "from": 7, "to": 4, "vc": [20, 21, 23, 23, 20, 18, 23, 20, 25, 20], "hlc": [921718, 6]}
INFO:<Node 8>:{"send": true, "recv": false, "from": 8, "to": 4, "vc": [9, 22, 25, 22, 21, 16, 17, 12, 31, 13], "hlc": [921719, 2]}
INFO:<Node 4>:{"send": false, "recv": true, "to": 4, "from": 7, "vc": [20, 21, 28, 23, 24, 18, 23, 20, 25, 20], "hlc": [921720, 1]}
INFO:<Node 4>:{"send": false, "recv": true, "to": 4, "from": 8, "vc": [20, 22, 28, 23, 25, 18, 23, 20, 31, 20], "hlc": [921720, 2]}
INFO:<Node 5>:{"send": false, "recv": true, "to": 5, "from": 3, "vc": [17, 27, 27, 26, 22, 21, 23, 16, 25, 22], "hlc": [921719, 3]}
INFO:<Node 1>:{"send": true, "recv": false, "from": 1, "to": 8, "vc": [17, 28, 27, 23, 19, 17, 23, 16, 25, 22], "hlc": [921718, 8]}
INFO:<Node 4>:{"send": true, "recv": false, "from": 4, "to": 0, "vc": [20, 22, 28, 23, 26, 18, 23, 20, 31, 20], "hlc": [921720, 3]}
INFO:<Node 8>:{"send": true, "recv": false, "from": 8, "to": 0, "vc": [9, 22, 25, 22, 21, 16, 17, 12, 32, 13], "hlc": [921719, 3]}
INFO:<Node 9>:{"send": true, "recv": false, "from": 9, "to": 0, "vc": [14, 21, 16, 17, 14, 13, 18, 9, 20, 23], "hlc": [921714, 16]}
INFO:<Node 0>:{"send": false, "recv": true, "to": 0, "from": 4, "vc": [21, 22, 28, 23, 26, 18, 23, 20, 31, 20], "hlc": [921720, 4]}
INFO:<Node 0>:{"send": false, "recv": true, "to": 0, "from": 8, "vc": [22, 22, 28, 23, 26, 18, 23, 20, 32, 20], "hlc": [921720, 5]}
INFO:<Node 0>:{"send": false, "recv": true, "to": 0, "from": 9, "vc": [23, 22, 28, 23, 26, 18, 23, 20, 32, 23], "hlc": [921720, 6]}
INFO:<Node 8>:{"send": false, "recv": true, "to": 8, "from": 1, "vc": [17, 28, 27, 23, 21, 17, 23, 16, 33, 22], "hlc": [921719, 4]}
INFO:<Node 1>:{"send": true, "recv": false, "from": 1, "to": 8, "vc": [17, 29, 27, 23, 19, 17, 23, 16, 25, 22], "hlc": [921718, 9]}
INFO:<Node 2>:{"send": true, "recv": false, "from": 2, "to": 8, "vc": [17, 21, 29, 23, 19, 16, 23, 16, 25, 20], "hlc": [921718, 6]}
INFO:<Node 4>:{"send": true, "recv": false, "from": 4, "to": 1, "vc": [20, 22, 28, 23, 27, 18, 23, 20, 31, 20], "hlc": [921721, 0]}
INFO:<Node 5>:{"send": true, "recv": false, "from": 5, "to": 3, "vc": [17, 27, 27, 26, 22, 22, 23, 16, 25, 22], "hlc": [921719, 4]}
INFO:<Node 8>:{"send": true, "recv": false, "from": 8, "to": 9, "vc": [17, 28, 27, 23, 21, 17, 23, 16, 34, 22], "hlc": [921719, 5]}
INFO:<Node 1>:{"send": false, "recv": true, "to": 1, "from": 4, "vc": [20, 30, 28, 23, 27, 18, 23, 20, 31, 22], "hlc": [921721, 1]}
INFO:<Node 3>:{"send": false, "recv": true, "to": 3, "from": 5, "vc": [17, 27, 27, 27, 22, 22, 23, 16, 25, 22], "hlc": [921719, 5]}
INFO:<Node 8>:{"send": false, "recv": true, "to": 8, "from": 1, "vc": [17, 29, 27, 23, 21, 17, 23, 16, 35, 22], "hlc": [921719, 6]}
INFO:<Node 8>:{"send": false, "recv": true, "to": 8, "from": 2, "vc": [17, 29, 29, 23, 21, 17, 23, 16, 36, 22], "hlc": [921719, 7]}
INFO:<Node 9>:{"send": false, "recv": true, "to": 9, "from": 8, "vc": [17, 28, 27, 23, 21, 17, 23, 16, 34, 24], "hlc": [921719, 6]}
INFO:<Node 1>:{"send": true, "recv": false, "from": 1, "to": 8, "vc": [20, 31, 28, 23, 27, 18, 23, 20, 31, 22], "hlc": [921721, 2]}
INFO:<Node 2>:{"send": true, "recv": false, "from": 2, "to": 1, "vc": [17, 21, 30, 23, 19, 16, 23, 16, 25, 20], "hlc": [921718, 7]}
INFO:<Node 6>:{"send": true, "recv": false, "from": 6, "to": 1, "vc": [14, 21, 23, 22, 14, 16, 25, 18, 25, 20], "hlc": [921714, 18]}
INFO:<Node 1>:{"send": false, "recv": true, "to": 1, "from": 2, "vc": [20, 32, 30, 23, 27, 18, 23, 20, 31, 22], "hlc": [921721, 3]}
INFO:<Node 1>:{"send": false, "recv": true, "to": 1, "from": 6, "vc": [20, 33, 30, 23, 27, 18, 25, 20, 31, 22], "hlc": [921721, 4]}
INFO:<Node 8>:{"send": false, "recv": true, "to": 8, "from": 1, "vc": [20, 31, 29, 23, 27, 18, 23, 20, 37, 22], "hlc": [921721, 3]}
INFO:<Node 0>:{"send": true, "recv": false, "from": 0, "to": 4, "vc": [24, 22, 28, 23, 26, 18, 23, 20, 32, 23], "hlc": [921720, 7]}
INFO:<Node 1>:{"send": true, "recv": false, "from": 1, "to": 0, "vc": [20, 34, 30, 23, 27, 18, 25, 20, 31, 22], "hlc": [921721, 5]}
INFO:<Node 2>:{"send": true, "recv": false, "from": 2, "to": 6, "vc": [17, 21, 31, 23, 19, 16, 23, 16, 25, 20], "hlc": [921718, 8]}
INFO:<Node 3>:{"send": true, "recv": false, "from": 3, "to": 1, "vc": [17, 27, 27, 28, 22, 22, 23, 16, 25, 22], "hlc": [921719, 6]}
INFO:<Node 4>:{"send": true, "recv": false, "from": 4, "to": 7, "vc": [20, 22, 28, 23, 28, 18, 23, 20, 31, 20], "hlc": [921722, 0]}
INFO:<Node 5>:{"send": true, "recv": false, "from": 5, "to": 1, "vc": [17, 27, 27, 26, 22, 23, 23, 16, 25, 22], "hlc": [921719, 5]}
INFO:<Node 8>:{"send": true, "recv": false, "from": 8, "to": 6, "vc": [20, 31, 29, 23, 27, 18, 23, 20, 38, 22], "hlc": [921721, 4]}
INFO:<Node 0>:{"send": false, "recv": true, "to": 0, "from": 1, "vc": [25, 34, 30, 23, 27, 18, 25, 20, 32, 23], "hlc": [921721, 6]}
INFO:<Node 1>:{"send": false, "recv": true, "to": 1, "from": 3, "vc": [20, 35, 30, 28, 27, 22, 25, 20, 31, 22], "hlc": [921721, 6]}
INFO:<Node 1>:{"send": false, "recv": true, "to": 1, "from": 5, "vc": [20, 36, 30, 28, 27, 23, 25, 20, 31, 22], "hlc": [921721, 7]}
INFO:<Node 4>:{"send": false, "recv": true, "to": 4, "from": 0, "vc": [24, 22, 28, 23, 29, 18, 23, 20, 32, 23], "hlc": [921722, 1]}
INFO:<Node 6>:{"send": false, "recv": true, "to": 6, "from": 2, "vc": [17, 21, 31, 23, 19, 16, 26, 18, 25, 20], "hlc": [921718, 9]}
INFO:<Node 6>:{"send": false, "recv": true, "to": 6, "from": 8, "vc": [20, 31, 31, 23, 27, 18, 27, 20, 38, 22], "hlc": [921721, 5]}
INFO:<Node 7>:{"send": false, "recv": true, "to": 7, "from": 4, "vc": [20, 22, 28, 23, 28, 18, 23, 21, 31, 20], "hlc": [921722, 1]}
INFO:<Node 0>:{"send": true, "recv": false, "from": 0, "to": 2, "vc": [26, 34, 30, 23, 27, 18, 25, 20, 32, 23], "hlc": [921721, 7]}
INFO:<Node 1>:{"send": true, "recv": false, "from": 1, "to": 8, "vc": [20, 37, 30, 28, 27, 23, 25, 20, 31, 22], "hlc": [921721, 8]}
INFO:<Node 2>:{"send": true, "recv": false, "from": 2, "to": 8, "vc": [17, 21, 32, 23, 19, 16, 23, 16, 25, 20], "hlc": [921718, 9]}
INFO:<Node 3>:{"send": true, "recv": false, "from": 3, "to": 5, "vc": [17, 27, 27, 29, 22, 22, 23, 16, 25, 22], "hlc": [921719, 7]}
INFO:<Node 4>:{"send": true, "recv": false, "from": 4, "to": 8, "vc": [24, 22, 28, 23, 30, 18, 23, 20, 32, 23], "hlc": [921722, 2]}
INFO:<Node 6>:{"send": true, "recv": false, "from": 6, "to": 7, "vc": [20, 31, 31, 23, 27, 18, 28, 20, 38, 22], "hlc": [921721, 6]}
INFO:<Node 7>:{"send": true, "recv": false, "from": 7, "to": 3, "vc": [20, 22, 28, 23, 28, 18, 23, 22, 31, 20], "hlc": [921722, 2]}
INFO:<Node 8>:{"send": true, "recv": false, "from": 8, "to": 1, "vc": [20, 31, 29, 23, 27, 18, 23, 20, 39, 22], "hlc": [921721, 5]}
INFO:<Node 9>:{"send": true, "recv": false, "from": 9, "to": 8, "vc": [17, 28, 27, 23, 21, 17, 23, 16, 34, 25], "hlc": [921719, 7]}
INFO:<Node 1>:{"send": false, "recv": true, "to": 1, "from": 8, "vc": [20, 38, 30, 28, 27, 23, 25, 20, 39, 22], "hlc": [921721, 9]}
INFO:<Node 2>:{"send": false, "recv": true, "to": 2, "from": 0, "vc": [26, 34, 33, 23, 27, 18, 25, 20, 32, 23], "hlc": [921721, 8]}
INFO:<Node 3>:{"send": false, "recv": true, "to": 3, "from": 7, "vc": [20, 27, 28, 30, 28, 22, 23, 22, 31, 22], "hlc": [921722, 3]}
INFO:<Node 5>:{"send": false, "recv": true, "to": 5, "from": 3, "vc": [17, 27, 27, 29, 22, 24, 23, 16, 25, 22], "hlc": [921719, 8]}
INFO:<Node 7>:{"send": false, "recv": true, "to": 7, "from": 6, "vc": [20, 31, 31, 23, 28, 18, 28, 23, 38, 22], "hlc": [921722, 3]}
INFO:<Node 8>:{"send": false, "recv": true, "to": 8, "from": 1, "vc": [20, 37, 30, 28, 27, 23, 25, 20, 40, 22], "hlc": [921721, 9]}
INFO:<Node 8>:{"send": false, "recv": true, "to": 8, "from": 2, "vc": [20, 37, 32, 28, 27, 23, 25, 20, 41, 22], "hlc": [921721, 10]}
INFO:<Node 8>:{"send": false, "recv": true, "to": 8, "from": 4, "vc": [24, 37, 32, 28, 30, 23, 25, 20, 42, 23], "hlc": [921722, 3]}
INFO:<Node 8>:{"send": false, "recv": true, "to": 8, "from": 9, "vc": [24, 37, 32, 28, 30, 23, 25, 20, 43, 25], "hlc": [921722, 4]}
INFO:<Node 0>:{"send": true, "recv": false, "from": 0, "to": 1, "vc": [27, 34, 30, 23, 27, 18, 25, 20, 32, 23], "hlc": [921721, 8]}
INFO:<Node 1>:{"send": true, "recv": false, "from": 1, "to": 2, "vc": [20, 39, 30, 28, 27, 23, 25, 20, 39, 22], "hlc": [921721, 10]}
INFO:<Node 2>:{"send": true, "recv": false, "from": 2, "to": 9, "vc": [26, 34, 34, 23, 27, 18, 25, 20, 32, 23], "hlc": [921721, 9]}
INFO:<Node 5>:{"send": true, "recv": false, "from": 5, "to": 8, "vc": [17, 27, 27, 29, 22, 25, 23, 16, 25, 22], "hlc": [921719, 9]}
INFO:<Node 6>:{"send": true, "recv": false, "from": 6, "to": 5, "vc": [20, 31, 31, 23, 27, 18, 29, 20, 38, 22], "hlc": [921721, 7]}
INFO:<Node 7>:{"send": true, "recv": false, "from": 7, "to": 5, "vc": [20, 31, 31, 23, 28, 18, 28, 24, 38, 22], "hlc": [921722, 4]}
INFO:<Node 9>:{"send": true, "recv": false, "from": 9, "to": 7, "vc": [17, 28, 27, 23, 21, 17, 23, 16, 34, 26], "hlc": [921719, 8]}
INFO:<Node 1>:{"send": false, "recv": true, "to": 1, "from": 0, "vc": [27, 40, 30, 28, 27, 23, 25, 20, 39, 23], "hlc": [921721, 11]}
INFO:<Node 2>:{"send": false, "recv": true, "to": 2, "from": 1, "vc": [26, 39, 35, 28, 27, 23, 25, 20, 39, 23], "hlc": [921721, 11]}
INFO:<Node 5>:{"send": false, "recv": true, "to": 5, "from": 6, "vc": [20, 31, 31, 29, 27, 26, 29, 20, 38, 22], "hlc": [921721, 8]}
INFO:<Node 5>:{"send": false, "recv": true, "to": 5, "from": 7, "vc": [20, 31, 31, 29, 28, 27, 29, 24, 38, 22], "hlc": [921722, 5]}
INFO:<Node 7>:{"send": false, "recv": true, "to": 7, "from": 9, "vc": [20, 31, 31, 23, 28, 18, 28, 25, 38, 26], "hlc": [921722, 5]}
INFO:<Node 8>:{"send": false, "recv": true, "to": 8, "from": 5, "vc": [24, 37, 32, 29, 30, 25, 25, 20, 44, 25], "hlc": [921722, 5]}
INFO:<Node 9>:{"send": false, "recv": true, "to": 9, "from": 2, "vc": [26, 34, 34, 23, 27, 18, 25, 20, 34, 27], "hlc": [921721, 10]}
INFO:<Node 2>:{"send": true, "recv": false, "from": 2, "to": 9, "vc": [26, 39, 36, 28, 27, 23, 25, 20, 39, 23], "hlc": [921721, 12]}
INFO:<Node 4>:{"send": true, "recv": false, "from": 4, "to": 2, "vc": [24, 22, 28, 23, 31, 18, 23, 20, 32, 23], "hlc": [921723, 0]}
INFO:<Node 5>:{"send": true, "recv": false, "from": 5, "to": 0, "vc": [20, 31, 31, 29, 28, 28, 29, 24, 38, 22], "hlc": [921722, 6]}
INFO:<Node 6>:{"send": true, "recv": false, "from": 6, "to": 8, "vc": [20, 31, 31, 23, 27, 18, 30, 20, 38, 22], "hlc": [921721, 8]}
INFO:<Node 7>:{"send": true, "recv": false, "from": 7, "to": 3, "vc": [20, 31, 31, 23, 28, 18, 28, 26, 38, 26], "hlc": [921722, 6]}
INFO:<Node 9>:{"send": true, "recv": false, "from": 9, "to": 4, "vc": [26, 34, 34, 23, 27, 18, 25, 20, 34, 28], "hlc": [921721, 11]}
INFO:<Node 0>:{"send": false, "recv": true, "to": 0, "from": 5, "vc": [28, 34, 31, 29, 28, 28, 29, 24, 38, 23], "hlc": [921722, 7]}
INFO:<Node 2>:{"send": false, "recv": true, "to": 2, "from": 4, "vc": [26, 39, 37, 28, 31, 23, 25, 20, 39, 23], "hlc": [921723, 1]}
INFO:<Node 3>:{"send": false, "recv": true, "to": 3, "from": 7, "vc": [20, 31, 31, 31, 28, 22, 28, 26, 38, 26], "hlc": [921722, 7]}
INFO:<Node 4>:{"send": false, "recv": true, "to": 4, "from": 9, "vc": [26, 34, 34, 23, 32, 18, 25, 20, 34, 28], "hlc": [921724, 0]}
INFO:<Node 8>:{"send": false, "recv": true, "to": 8, "from": 6, "vc": [24, 37, 32, 29, 30, 25, 30, 20, 45, 25], "hlc": [921722, 6]}
INFO:<Node 9>:{"send": false, "recv": true, "to": 9, "from": 2, "vc": [26, 39, 36, 28, 27, 23, 25, 20, 39, 29], "hlc": [921721, 13]}
INFO:<Node 0>:{"send": true, "recv": false, "from": 0, "to": 4, "vc": [29, 34, 31, 29, 28, 28, 29, 24, 38, 23], "hlc": [921722, 8]}
INFO:<Node 1>:{"send": true, "recv": false, "from": 1, "to": 9, "vc": [27, 41, 30, 28, 27, 23, 25, 20, 39, 23], "hlc": [921721, 12]}
INFO:<Node 2>:{"send": true, "recv": false, "from": 2, "to": 9, "vc": [26, 39, 38, 28, 31, 23, 25, 20, 39, 23], "hlc": [921723, 2]}
INFO:<Node 5>:{"send": true, "recv": false, "from": 5, "to": 1, "vc": [20, 31, 31, 29, 28, 29, 29, 24, 38, 22], "hlc": [921722, 7]}
INFO:<Node 6>:{"send": true, "recv": false, "from": 6, "to": 1, "vc": [20, 31, 31, 23, 27, 18, 31, 20, 38, 22], "hlc": [921721, 9]}
INFO:<Node 8>:{"send": true, "recv": false, "from": 8, "to": 7, "vc": [24, 37, 32, 29, 30, 25, 30, 20, 46, 25], "hlc": [921722, 7]}
INFO:<Node 9>:{"send": true, "recv": false, "from": 9, "to": 1, "vc": [26, 39, 36, 28, 27, 23, 25, 20, 39, 30], "hlc": [921721, 14]}
INFO:<Node 1>:{"send": false, "recv": true, "to": 1, "from": 5, "vc": [27, 42, 31, 29, 28, 29, 29, 24, 39, 23], "hlc": [921722, 8]}
INFO:<Node 1>:{"send": false, "recv": true, "to": 1, "from": 6, "vc": [27, 43, 31, 29, 28, 29, 31, 24, 39, 23], "hlc": [921722, 9]}
INFO:<Node 1>:{"send": false, "recv": true, "to": 1, "from": 9, "vc": [27, 44, 36, 29, 28, 29, 31, 24, 39, 30], "hlc": [921722, 10]}
INFO:<Node 4>:{"send": false, "recv": true, "to": 4, "from": 0, "vc": [29, 34, 34, 29, 33, 28, 29, 24, 38, 28], "hlc": [921724, 1]}
INFO:<Node 7>:{"send": false, "recv": true, "to": 7, "from": 8, "vc": [24, 37, 32, 29, 30, 25, 30, 27, 46, 26], "hlc": [921722, 8]}
INFO:<Node 9>:{"send": false, "recv": true, "to": 9, "from": 1, "vc": [27, 41, 36, 28, 27, 23, 25, 20, 39, 31], "hlc": [921721, 15]}
INFO:<Node 9>:{"send": false, "recv": true, "to": 9, "from": 2, "vc": [27, 41, 38, 28, 31, 23, 25, 20, 39, 32], "hlc": [921723, 3]}
INFO:<Node 0>:{"send": true, "recv": false, "from": 0, "to": 6, "vc": [30, 34, 31, 29, 28, 28, 29, 24, 38, 23], "hlc": [921722, 9]}
INFO:<Node 2>:{"send": true, "recv": false, "from": 2, "to": 9, "vc": [26, 39, 39, 28, 31, 23, 25, 20, 39, 23], "hlc": [921723, 3]}
INFO:<Node 3>:{"send": true, "recv": false, "from": 3, "to": 7, "vc": [20, 31, 31, 32, 28, 22, 28, 26, 38, 26], "hlc": [921722, 8]}
INFO:<Node 4>:{"send": true, "recv": false, "from": 4, "to": 9, "vc": [29, 34, 34, 29, 34, 28, 29, 24, 38, 28], "hlc": [921724, 2]}
INFO:<Node 5>:{"send": true, "recv": false, "from": 5, "to": 1, "vc": [20, 31, 31, 29, 28, 30, 29, 24, 38, 22], "hlc": [921722, 8]}
INFO:<Node 6>:{"send": true, "recv": false, "from": 6, "to": 0, "vc": [20, 31, 31, 23, 27, 18, 32, 20, 38, 22], "hlc": [921721, 10]}
INFO:<Node 8>:{"send": true, "recv": false, "from": 8, "to": 3, "vc": [24, 37, 32, 29, 30, 25, 30, 20, 47, 25], "hlc": [921722, 8]}
INFO:<Node 9>:{"send": true, "recv": false, "from": 9, "to": 3, "vc": [27, 41, 38, 28, 31, 23, 25, 20, 39, 33], "hlc": [921723, 4]}
INFO:<Node 0>:{"send": false, "recv": true, "to": 0, "from": 6, "vc": [31, 34, 31, 29, 28, 28, 32, 24, 38, 23], "hlc": [921722, 10]}
INFO:<Node 1>:{"send": false, "recv": true, "to": 1, "from": 5, "vc": [27, 45, 36, 29, 28, 30, 31, 24, 39, 30], "hlc": [921722, 11]}
INFO:<Node 3>:{"send": false, "recv": true, "to": 3, "from": 8, "vc": [24, 37, 32, 33, 30, 25, 30, 26, 47, 26], "hlc": [921722, 9]}
INFO:<Node 3>:{"send": false, "recv": true, "to": 3, "from": 9, "vc": [27, 41, 38, 34, 31, 25, 30, 26, 47, 33], "hlc": [921723, 5]}
INFO:<Node 6>:{"send": false, "recv": true, "to": 6, "from": 0, "vc": [30, 34, 31, 29, 28, 28, 33, 24, 38, 23], "hlc": [921722, 10]}
INFO:<Node 7>:{"send": false, "recv": true, "to": 7, "from": 3, "vc": [24, 37, 32, 32, 30, 25, 30, 28, 46, 26], "hlc": [921722, 9]}
INFO:<Node 9>:{"send": false, "recv": true, "to": 9, "from": 2, "vc": [27, 41, 39, 28, 31, 23, 25, 20, 39, 34], "hlc": [921723, 5]}
INFO:<Node 9>:{"send": false, "recv": true, "to": 9, "from": 4, "vc": [29, 41, 39, 29, 34, 28, 29, 24, 39, 35], "hlc": [921724, 3]}
INFO:<Node 3>:{"send": true, "recv": false, "from": 3, "to": 2, "vc": [27, 41, 38, 35, 31, 25, 30, 26, 47, 33], "hlc": [921723, 6]}
INFO:<Node 4>:{"send": true, "recv": false, "from": 4, "to": 2, "vc": [29, 34, 34, 29, 35, 28, 29, 24, 38, 28], "hlc": [921725, 0]}
INFO:<Node 5>:{"send": true, "recv": false, "from": 5, "to": 1, "vc": [20, 31, 31, 29, 28, 31, 29, 24, 38, 22], "hlc": [921722, 9]}
INFO:<Node 7>:{"send": true, "recv": false, "from": 7, "to": 6, "vc": [24, 37, 32, 32, 30, 25, 30, 29, 46, 26], "hlc": [921722, 10]}
INFO:<Node 8>:{"send": true, "recv": false, "from": 8, "to": 2, "vc": [24, 37, 32, 29, 30, 25, 30, 20, 48, 25], "hlc": [921722, 9]}
INFO:<Node 9>:{"send": true, "recv": false, "from": 9, "to": 4, "vc": [29, 41, 39, 29, 34, 28, 29, 24, 39, 36], "hlc": [921724, 4]}
INFO:<Node 1>:{"send": false, "recv": true, "to": 1, "from": 5, "vc": [27, 46, 36, 29, 28, 31, 31, 24, 39, 30], "hlc": [921722, 12]}
INFO:<Node 2>:{"send": false, "recv": true, "to": 2, "from": 3, "vc": [27, 41, 40, 35, 31, 25, 30, 26, 47, 33], "hlc": [921723, 7]}
INFO:<Node 2>:{"send": false, "recv": true, "to": 2, "from": 4, "vc": [29, 41, 41, 35, 35, 28, 30, 26, 47, 33], "hlc": [921725, 1]}
INFO:<Node 2>:{"send": false, "recv": true, "to": 2, "from": 8, "vc": [29, 41, 42, 35, 35, 28, 30, 26, 48, 33], "hlc": [921725, 2]}
INFO:<Node 4>:{"send": false, "recv": true, "to": 4, "from": 9, "vc": [29, 41, 39, 29, 36, 28, 29, 24, 39, 36], "hlc": [921725, 1]}
INFO:<Node 6>:{"send": false, "recv": true, "to": 6, "from": 7, "vc": [30, 37, 32, 32, 30, 28, 34, 29, 46, 26], "hlc": [921722, 11]}
INFO:<Node 0>:{"send": true, "recv": false, "from": 0, "to": 2, "vc": [32, 34, 31, 29, 28, 28, 32, 24, 38, 23], "hlc": [921722, 11]}
INFO:<Node 2>:{"send": true, "recv": false, "from": 2, "to": 5, "vc": [29, 41, 43, 35, 35, 28, 30, 26, 48, 33], "hlc": [921725, 3]}
INFO:<Node 7>:{"send": true, "recv": false, "from": 7, "to": 5, "vc": [24, 37, 32, 32, 30, 25, 30, 30, 46, 26], "hlc": [921722, 11]}
INFO:<Node 2>:{"send": false, "recv": true, "to": 2, "from": 0, "vc": [32, 41, 44, 35, 35, 28, 32, 26, 48, 33], "hlc": [921725, 4]}
INFO:<Node 5>:{"send": false, "recv": true, "to": 5, "from": 2, "vc": [29, 41, 43, 35, 35, 32, 30, 26, 48, 33], "hlc": [921725, 4]}
INFO:<Node 5>:{"send": false, "recv": true, "to": 5, "from": 7, "vc": [29, 41, 43, 35, 35, 33, 30, 30, 48, 33], "hlc": [921725, 5]}
INFO:<Node 0>:{"send": true, "recv": false, "from": 0, "to": 4, "vc": [33, 34, 31, 29, 28, 28, 32, 24, 38, 23], "hlc": [921722, 12]}
INFO:<Node 5>:{"send": true, "recv": false, "from": 5, "to": 4, "vc": [29, 41, 43, 35, 35, 34, 30, 30, 48, 33], "hlc": [921725, 6]}
INFO:<Node 6>:{"send": true, "recv": false, "from": 6, "to": 2, "vc": [30, 37, 32, 32, 30, 28, 35, 29, 46, 26], "hlc": [921722, 12]}
INFO:<Node 8>:{"send": true, "recv": false, "from": 8, "to": 7, "vc": [24, 37, 32, 29, 30, 25, 30, 20, 49, 25], "hlc": [921722, 10]}
INFO:<Node 2>:{"send": false, "recv": true, "to": 2, "from": 6, "vc": [32, 41, 45, 35, 35, 28, 35, 29, 48, 33], "hlc": [921725, 5]}
INFO:<Node 4>:{"send": false, "recv": true, "to": 4, "from": 0, "vc": [33, 41, 39, 29, 37, 28, 32, 24, 39, 36], "hlc": [921726, 0]}
INFO:<Node 4>:{"send": false, "recv": true, "to": 4, "from": 5, "vc": [33, 41, 43, 35, 38, 34, 32, 30, 48, 36], "hlc": [921726, 1]}
INFO:<Node 7>:{"send": false, "recv": true, "to": 7, "from": 8, "vc": [24, 37, 32, 32, 30, 25, 30, 31, 49, 26], "hlc": [921722, 12]}
INFO:<Node 1>:{"send": true, "recv": false, "from": 1, "to": 0, "vc": [27, 47, 36, 29, 28, 31, 31, 24, 39, 30], "hlc": [921723, 0]}
INFO:<Node 5>:{"send": true, "recv": false, "from": 5, "to": 9, "vc": [29, 41, 43, 35, 35, 35, 30, 30, 48, 33], "hlc": [921725, 7]}
INFO:<Node 6>:{"send": true, "recv": false, "from": 6, "to": 4, "vc": [30, 37, 32, 32, 30, 28, 36, 29, 46, 26], "hlc": [921722, 13]}
INFO:<Node 8>:{"send": true, "recv": false, "from": 8, "to": 5, "vc": [24, 37, 32, 29, 30, 25, 30, 20, 50, 25], "hlc": [921722, 11]}
INFO:<Node 0>:{"send": false, "recv": true, "to": 0, "from": 1, "vc": [34, 47, 36, 29, 28, 31, 32, 24, 39, 30], "hlc": [921723, 1]}
INFO:<Node 4>:{"send": false, "recv": true, "to": 4, "from": 6, "vc": [33, 41, 43, 35, 39, 34, 36, 30, 48, 36], "hlc": [921727, 0]}
INFO:<Node 5>:{"send": false, "recv": true, "to": 5, "from": 8, "vc": [29, 41, 43, 35, 35, 36, 30, 30, 50, 33], "hlc": [921725, 8]}
INFO:<Node 9>:{"send": false, "recv": true, "to": 9, "from": 5, "vc": [29, 41, 43, 35, 35, 35, 30, 30, 48, 37], "hlc": [921725, 8]}
INFO:<Node 0>:{"send": true, "recv": false, "from": 0, "to": 1, "vc": [35, 47, 36, 29, 28, 31, 32, 24, 39, 30], "hlc": [921723, 2]}
INFO:<Node 5>:{"send": true, "recv": false, "from": 5, "to": 2, "vc": [29, 41, 43, 35, 35, 37, 30, 30, 50, 33], "hlc": [921725, 9]}
INFO:<Node 6>:{"send": true, "recv": false, "from": 6, "to": 5, "vc": [30, 37, 32, 32, 30, 28, 37, 29, 46, 26], "hlc": [921722, 14]}
INFO:<Node 7>:{"send": true, "recv": false, "from": 7, "to": 3, "vc": [24, 37, 32, 32, 30, 25, 30, 32, 49, 26], "hlc": [921722, 13]}
INFO:<Node 8>:{"send": true, "recv": false, "from": 8, "to": 7, "vc": [24, 37, 32, 29, 30, 25, 30, 20, 51, 25], "hlc": [921722, 12]}
INFO:<Node 9>:{"send": true, "recv": false, "from": 9, "to": 8, "vc": [29, 41, 43, 35, 35, 35, 30, 30, 48, 38], "hlc": [921725, 9]}
INFO:<Node 1>:{"send": false, "recv": true, "to": 1, "from": 0, "vc": [35, 48, 36, 29, 28, 31, 32, 24, 39, 30], "hlc": [921724, 0]}
INFO:<Node 2>:{"send": false, "recv": true, "to": 2, "from": 5, "vc": [32, 41, 46, 35, 35, 37, 35, 30, 50, 33], "hlc": [921725, 10]}
INFO:<Node 3>:{"send": false, "recv": true, "to": 3, "from": 7, "vc": [27, 41, 38, 36, 31, 25, 30, 32, 49, 33], "hlc": [921723, 7]}
INFO:<Node 5>:{"send": false, "recv": true, "to": 5, "from": 6, "vc": [30, 41, 43, 35, 35, 38, 37, 30, 50, 33], "hlc": [921725, 10]}
INFO:<Node 7>:{"send": false, "recv": true, "to": 7, "from": 8, "vc": [24, 37, 32, 32, 30, 25, 30, 33, 51, 26], "hlc": [921722, 14]}
INFO:<Node 8>:{"send": false, "recv": true, "to": 8, "from": 9, "vc": [29, 41, 43, 35, 35, 35, 30, 30, 52, 38], "hlc": [921725, 10]}
INFO:<Node 0>:{"send": true, "recv": false, "from": 0, "to": 9, "vc": [36, 47, 36, 29, 28, 31, 32, 24, 39, 30], "hlc": [921723, 3]}
INFO:<Node 1>:{"send": true, "recv": false, "from": 1, "to": 5, "vc": [35, 49, 36, 29, 28, 31, 32, 24, 39, 30], "hlc": [921724, 1]}
INFO:<Node 2>:{"send": true, "recv": false, "from": 2, "to": 0, "vc": [32, 41, 47, 35, 35, 37, 35, 30, 50, 33], "hlc": [921725, 11]}
INFO:<Node 3>:{"send": true, "recv": false, "from": 3, "to": 4, "vc": [27, 41, 38, 37, 31, 25, 30, 32, 49, 33], "hlc": [921723, 8]}
INFO:<Node 5>:{"send": true, "recv": false, "from": 5, "to": 1, "vc": [30, 41, 43, 35, 35, 39, 37, 30, 50, 33], "hlc": [921725, 11]}
INFO:<Node 6>:{"send": true, "recv": false, "from": 6, "to": 0, "vc": [30, 37, 32, 32, 30, 28, 38, 29, 46, 26], "hlc": [921722, 15]}
INFO:<Node 7>:{"send": true, "recv": false, "from": 7, "to": 8, "vc": [24, 37, 32, 32, 30, 25, 30, 34, 51, 26], "hlc": [921722, 15]}
INFO:<Node 8>:{"send": true, "recv": false, "from": 8, "to": 0, "vc": [29, 41, 43, 35, 35, 35, 30, 30, 53, 38], "hlc": [921725, 11]}
INFO:<Node 0>:{"send": false, "recv": true, "to": 0, "from": 2, "vc": [37, 47, 47, 35, 35, 37, 35, 30, 50, 33], "hlc": [921725, 12]}
INFO:<Node 0>:{"send": false, "recv": true, "to": 0, "from": 6, "vc": [38, 47, 47, 35, 35, 37, 38, 30, 50, 33], "hlc": [921725, 13]}
INFO:<Node 0>:{"send": false, "recv": true, "to": 0, "from": 8, "vc": [39, 47, 47, 35, 35, 37, 38, 30, 53, 38], "hlc": [921725, 14]}
INFO:<Node 1>:{"send": false, "recv": true, "to": 1, "from": 5, "vc": [35, 50, 43, 35, 35, 39, 37, 30, 50, 33], "hlc": [921725, 12]}
INFO:<Node 4>:{"send": false, "recv": true, "to": 4, "from": 3, "vc": [33, 41, 43, 37, 40, 34, 36, 32, 49, 36], "hlc": [921728, 0]}
INFO:<Node 5>:{"send": false, "recv": true, "to": 5, "from": 1, "vc": [35, 49, 43, 35, 35, 40, 37, 30, 50, 33], "hlc": [921725, 12]}
INFO:<Node 8>:{"send": false, "recv": true, "to": 8, "from": 7, "vc": [29, 41, 43, 35, 35, 35, 30, 34, 54, 38], "hlc": [921725, 12]}
INFO:<Node 9>:{"send": false, "recv": true, "to": 9, "from": 0, "vc": [36, 47, 43, 35, 35, 35, 32, 30, 48, 39], "hlc": [921725, 10]}
INFO:<Node 0>:{"send": true, "recv": false, "from": 0, "to": 1, "vc": [40, 47, 47, 35, 35, 37, 38, 30, 53, 38], "hlc": [921725, 15]}
INFO:<Node 3>:{"send": true, "recv": false, "from": 3, "to": 9, "vc": [27, 41, 38, 38, 31, 25, 30, 32, 49, 33], "hlc": [921723, 9]}
INFO:<Node 6>:{"send": true, "recv": false, "from": 6, "to": 0, "vc": [30, 37, 32, 32, 30, 28, 39, 29, 46, 26], "hlc": [921722, 16]}
INFO:<Node 7>:{"send": true, "recv": false, "from": 7, "to": 6, "vc": [24, 37, 32, 32, 30, 25, 30, 35, 51, 26], "hlc": [921722, 16]}
INFO:<Node 8>:{"send": true, "recv": false, "from": 8, "to": 3, "vc": [29, 41, 43, 35, 35, 35, 30, 34, 55, 38], "hlc": [921725, 13]}
INFO:<Node 9>:{"send": true, "recv": false, "from": 9, "to": 5, "vc": [36, 47, 43, 35, 35, 35, 32, 30, 48, 40], "hlc": [921725, 11]}
INFO:<Node 0>:{"send": false, "recv": true, "to": 0, "from": 6, "vc": [41, 47, 47, 35, 35, 37, 39, 30, 53, 38], "hlc": [921725, 16]}
INFO:<Node 1>:{"send": false, "recv": true, "to": 1, "from": 0, "vc": [40, 51, 47, 35, 35, 39, 38, 30, 53, 38], "hlc": [921725, 16]}
INFO:<Node 3>:{"send": false, "recv": true, "to": 3, "from": 8, "vc": [29, 41, 43, 39, 35, 35, 30, 34, 55, 38], "hlc": [921725, 14]}
INFO:<Node 5>:{"send": false, "recv": true, "to": 5, "from": 9, "vc": [36, 49, 43, 35, 35, 41, 37, 30, 50, 40], "hlc": [921725, 13]}
INFO:<Node 6>:{"send": false, "recv": true, "to": 6, "from": 7, "vc": [30, 37, 32, 32, 30, 28, 40, 35, 51, 26], "hlc": [921722, 17]}
INFO:<Node 9>:{"send": false, "recv": true, "to": 9, "from": 3, "vc": [36, 47, 43, 38, 35, 35, 32, 32, 49, 41], "hlc": [921725, 12]}
INFO:<Node 0>:{"send": true, "recv": false, "from": 0, "to": 1, "vc": [42, 47, 47, 35, 35, 37, 39, 30, 53, 38], "hlc": [921725, 17]}
INFO:<Node 1>:{"send": true, "recv": false, "from": 1, "to": 8, "vc": [40, 52, 47, 35, 35, 39, 38, 30, 53, 38], "hlc": [921725, 17]}
INFO:<Node 3>:{"send": true, "recv": false, "from": 3, "to": 4, "vc": [29, 41, 43, 40, 35, 35, 30, 34, 55, 38], "hlc": [921725, 15]}
INFO:<Node 6>:{"send": true, "recv": false, "from": 6, "to": 7, "vc": [30, 37, 32, 32, 30, 28, 41, 35, 51, 26], "hlc": [921722, 18]}
INFO:<Node 7>:{"send": true, "recv": false, "from": 7, "to": 5, "vc": [24, 37, 32, 32, 30, 25, 30, 36, 51, 26], "hlc": [921722, 17]}
INFO:<Node 8>:{"send": true, "recv": false, "from": 8, "to": 3, "vc": [29, 41, 43, 35, 35, 35, 30, 34, 56, 38], "hlc": [921725, 14]}
INFO:<Node 9>:{"send": true, "recv": false, "from": 9, "to": 8, "vc": [36, 47, 43, 38, 35, 35, 32, 32, 49, 42], "hlc": [921725, 13]}
INFO:<Node 1>:{"send": false, "recv": true, "to": 1, "from": 0, "vc": [42, 53, 47, 35, 35, 39, 39, 30, 53, 38], "hlc": [921725, 18]}
INFO:<Node 3>:{"send": false, "recv": true, "to": 3, "from": 8, "vc": [29, 41, 43, 41, 35, 35, 30, 34, 56, 38], "hlc": [921725, 16]}
INFO:<Node 4>:{"send": false, "recv": true, "to": 4, "from": 3, "vc": [33, 41, 43, 40, 41, 35, 36, 34, 55, 38], "hlc": [921729, 0]}
INFO:<Node 5>:{"send": false, "recv": true, "to": 5, "from": 7, "vc": [36, 49, 43, 35, 35, 42, 37, 36, 51, 40], "hlc": [921725, 14]}
INFO:<Node 7>:{"send": false, "recv": true, "to": 7, "from": 6, "vc": [30, 37, 32, 32, 30, 28, 41, 37, 51, 26], "hlc": [921722, 19]}
INFO:<Node 8>:{"send": false, "recv": true, "to": 8, "from": 1, "vc": [40, 52, 47, 35, 35, 39, 38, 34, 57, 38], "hlc": [921725, 18]}
INFO:<Node 8>:{"send": false, "recv": true, "to": 8, "from": 9, "vc": [40, 52, 47, 38, 35, 39, 38, 34, 58, 42], "hlc": [921725, 19]}
INFO:<Node 0>:{"send": true, "recv": false, "from": 0, "to": 1, "vc": [43, 47, 47, 35, 35, 37, 39, 30, 53, 38], "hlc": [921725, 18]}
INFO:<Node 1>:{"send": true, "recv": false, "from": 1, "to": 4, "vc": [42, 54, 47, 35, 35, 39, 39, 30, 53, 38], "hlc": [921725, 19]}
INFO:<Node 2>:{"send": true, "recv": false, "from": 2, "to": 9, "vc": [32, 41, 48, 35, 35, 37, 35, 30, 50, 33], "hlc": [921725, 12]}
INFO:<Node 3>:{"send": true, "recv": false, "from": 3, "to": 1, "vc": [29, 41, 43, 42, 35, 35, 30, 34, 56, 38], "hlc": [921725, 17]}
INFO:<Node 4>:{"send": true, "recv": false, "from": 4, "to": 9, "vc": [33, 41, 43, 40, 42, 35, 36, 34, 55, 38], "hlc": [921729, 1]}
INFO:<Node 7>:{"send": true, "recv": false, "from": 7, "to": 6, "vc": [30, 37, 32, 32, 30, 28, 41, 38, 51, 26], "hlc": [921722, 20]}
INFO:<Node 1>:{"send": false, "recv": true, "to": 1, "from": 0, "vc": [43, 55, 47, 35, 35, 39, 39, 30, 53, 38], "hlc": [921726, 0]}
INFO:<Node 1>:{"send": false, "recv": true, "to": 1, "from": 3, "vc": [43, 56, 47, 42, 35, 39, 39, 34, 56, 38], "hlc": [921726, 1]}
INFO:<Node 4>:{"send": false, "recv": true, "to": 4, "from": 1, "vc": [42, 54, 47, 40, 43, 39, 39, 34, 55, 38], "hlc": [921729, 2]}
INFO:<Node 6>:{"send": false, "recv": true, "to": 6, "from": 7, "vc": [30, 37, 32, 32, 30, 28, 42, 38, 51, 26], "hlc": [921722, 21]}
INFO:<Node 9>:{"send": false, "recv": true, "to": 9, "from": 2, "vc": [36, 47, 48, 38, 35, 37, 35, 32, 50, 43], "hlc": [921725, 14]}
INFO:<Node 9>:{"send": false, "recv": true, "to": 9, "from": 4, "vc": [36, 47, 48, 40, 42, 37, 36, 34, 55, 44], "hlc": [921729, 2]}
INFO:<Node 1>:{"send": true, "recv": false, "from": 1, "to": 8, "vc": [43, 57, 47, 42, 35, 39, 39, 34, 56, 38], "hlc": [921726, 2]}
INFO:<Node 2>:{"send": true, "recv": false, "from": 2, "to": 8, "vc": [32, 41, 49, 35, 35, 37, 35, 30, 50, 33], "hlc": [921725, 13]}
INFO:<Node 4>:{"send": true, "recv": false, "from": 4, "to": 8, "vc": [42, 54, 47, 40, 44, 39, 39, 34, 55, 38], "hlc": [921729, 3]}
INFO:<Node 7>:{"send": true, "recv": false, "from": 7, "to": 6, "vc": [30, 37, 32, 32, 30, 28, 41, 39, 51, 26], "hlc": [921722, 21]}
INFO:<Node 8>:{"send": true, "recv": false, "from": 8, "to": 3, "vc": [40, 52, 47, 38, 35, 39, 38, 34, 59, 42], "hlc": [921725, 20]}
INFO:<Node 9>:{"send": true, "recv": false, "from": 9, "to": 3, "vc": [36, 47, 48, 40, 42, 37, 36, 34, 55, 45], "hlc": [921729, 3]}
INFO:<Node 3>:{"send": false, "recv": true, "to": 3, "from": 8, "vc": [40, 52, 47, 43, 35, 39, 38, 34, 59, 42], "hlc": [921725, 21]}
INFO:<Node 3>:{"send": false, "recv": true, "to": 3, "from": 9, "vc": [40, 52, 48, 44, 42, 39, 38, 34, 59, 45], "hlc": [921729, 4]}
INFO:<Node 6>:{"send": false, "recv": true, "to": 6, "from": 7, "vc": [30, 37, 32, 32, 30, 28, 43, 39, 51, 26], "hlc": [921722, 22]}
INFO:<Node 8>:{"send": false, "recv": true, "to": 8, "from": 1, "vc": [43, 57, 47, 42, 35, 39, 39, 34, 60, 42], "hlc": [921726, 3]}
INFO:<Node 8>:{"send": false, "recv": true, "to": 8, "from": 2, "vc": [43, 57, 49, 42, 35, 39, 39, 34, 61, 42], "hlc": [921726, 4]}
INFO:<Node 8>:{"send": false, "recv": true, "to": 8, "from": 4, "vc": [43, 57, 49, 42, 44, 39, 39, 34, 62, 42], "hlc": [921729, 4]}
INFO:<Node 0>:{"send": true, "recv": false, "from": 0, "to": 3, "vc": [44, 47, 47, 35, 35, 37, 39, 30, 53, 38], "hlc": [921725, 19]}
INFO:<Node 4>:{"send": true, "recv": false, "from": 4, "to": 9, "vc": [42, 54, 47, 40, 45, 39, 39, 34, 55, 38], "hlc": [921730, 0]}
INFO:<Node 5>:{"send": true, "recv": false, "from": 5, "to": 6, "vc": [36, 49, 43, 35, 35, 43, 37, 36, 51, 40], "hlc": [921725, 15]}
INFO:<Node 6>:{"send": true, "recv": false, "from": 6, "to": 2, "vc": [30, 37, 32, 32, 30, 28, 44, 39, 51, 26], "hlc": [921722, 23]}
INFO:<Node 7>:{"send": true, "recv": false, "from": 7, "to": 4, "vc": [30, 37, 32, 32, 30, 28, 41, 40, 51, 26], "hlc": [921722, 22]}
INFO:<Node 2>:{"send": false, "recv": true, "to": 2, "from": 6, "vc": [32, 41, 50, 35, 35, 37, 44, 39, 51, 33], "hlc": [921725, 14]}
INFO:<Node 3>:{"send": false, "recv": true, "to": 3, "from": 0, "vc": [44, 52, 48, 45, 42, 39, 39, 34, 59, 45], "hlc": [921729, 5]}
INFO:<Node 4>:{"send": false, "recv": true, "to": 4, "from": 7, "vc": [42, 54, 47, 40, 46, 39, 41, 40, 55, 38], "hlc": [921730, 1]}
INFO:<Node 6>:{"send": false, "recv": true, "to": 6, "from": 5, "vc": [36, 49, 43, 35, 35, 43, 45, 39, 51, 40], "hlc": [921725, 16]}
INFO:<Node 9>:{"send": false, "recv": true, "to": 9, "from": 4, "vc": [42, 54, 48, 40, 45, 39, 39, 34, 55, 46], "hlc": [921730, 1]}
INFO:<Node 2>:{"send": true, "recv": false, "from": 2, "to": 5, "vc": [32, 41, 51, 35, 35, 37, 44, 39, 51, 33], "hlc": [921725, 15]}
INFO:<Node 5>:{"send": true, "recv": false, "from": 5, "to": 2, "vc": [36, 49, 43, 35, 35, 44, 37, 36, 51, 40], "hlc": [921725, 16]}
INFO:<Node 6>:{"send": true, "recv": false, "from": 6, "to": 3, "vc": [36, 49, 43, 35, 35, 43, 46, 39, 51, 40], "hlc": [921725, 17]}
INFO:<Node 8>:{"send": true, "recv": false, "from": 8, "to": 2, "vc": [43, 57, 49, 42, 44, 39, 39, 34, 63, 42], "hlc": [921729, 5]}
INFO:<Node 9>:{"send": true, "recv": false, "from": 9, "to": 4, "vc": [42, 54, 48, 40, 45, 39, 39, 34, 55, 47], "hlc": [921730, 2]}
INFO:<Node 2>:{"send": false, "recv": true, "to": 2, "from": 5, "vc": [36, 49, 52, 35, 35, 44, 44, 39, 51, 40], "hlc": [921725, 17]}
INFO:<Node 2>:{"send": false, "recv": true, "to": 2, "from": 8, "vc": [43, 57, 53, 42, 44, 44, 44, 39, 63, 42], "hlc": [921729, 6]}
INFO:<Node 3>:{"send": false, "recv": true, "to": 3, "from": 6, "vc": [44, 52, 48, 46, 42, 43, 46, 39, 59, 45], "hlc": [921729, 6]}
INFO:<Node 4>:{"send": false, "recv": true, "to": 4, "from": 9, "vc": [42, 54, 48, 40, 47, 39, 41, 40, 55, 47], "hlc": [921731, 0]}
INFO:<Node 5>:{"send": false, "recv": true, "to": 5, "from": 2, "vc": [36, 49, 51, 35, 35, 45, 44, 39, 51, 40], "hlc": [921725, 17]}
INFO:<Node 2>:{"send": true, "recv": false, "from": 2, "to": 7, "vc": [43, 57, 54, 42, 44, 44, 44, 39, 63, 42], "hlc": [921729, 7]}
INFO:<Node 7>:{"send": true, "recv": false, "from": 7, "to": 8, "vc": [30, 37, 32, 32, 30, 28, 41, 41, 51, 26], "hlc": [921722, 23]}
INFO:<Node 8>:{"send": true, "recv": false, "from": 8, "to": 7, "vc": [43, 57, 49, 42, 44, 39, 39, 34, 64, 42], "hlc": [921729, 6]}
INFO:<Node 7>:{"send": false, "recv": true, "to": 7, "from": 2, "vc": [43, 57, 54, 42, 44, 44, 44, 42, 63, 42], "hlc": [921729, 8]}
INFO:<Node 7>:{"send": false, "recv": true, "to": 7, "from": 8, "vc": [43, 57, 54, 42, 44, 44, 44, 43, 64, 42], "hlc": [921729, 9]}
INFO:<Node 8>:{"send": false, "recv": true, "to": 8, "from": 7, "vc": [43, 57, 49, 42, 44, 39, 41, 41, 65, 42], "hlc": [921729, 7]}
INFO:<Node 3>:{"send": true, "recv": false, "from": 3, "to": 7, "vc": [44, 52, 48, 47, 42, 43, 46, 39, 59, 45], "hlc": [921729, 7]}
INFO:<Node 5>:{"send": true, "recv": false, "from": 5, "to": 1, "vc": [36, 49, 51, 35, 35, 46, 44, 39, 51, 40], "hlc": [921726, 0]}
INFO:<Node 6>:{"send": true, "recv": false, "from": 6, "to": 4, "vc": [36, 49, 43, 35, 35, 43, 47, 39, 51, 40], "hlc": [921725, 18]}
INFO:<Node 8>:{"send": true, "recv": false, "from": 8, "to": 0, "vc": [43, 57, 49, 42, 44, 39, 41, 41, 66, 42], "hlc": [921729, 8]}
INFO:<Node 9>:{"send": true, "recv": false, "from": 9, "to": 8, "vc": [42, 54, 48, 40, 45, 39, 39, 34, 55, 48], "hlc": [921730, 3]}
INFO:<Node 0>:{"send": false, "recv": true, "to": 0, "from": 8, "vc": [45, 57, 49, 42, 44, 39, 41, 41, 66, 42], "hlc": [921729, 9]}
INFO:<Node 1>:{"send": false, "recv": true, "to": 1, "from": 5, "vc": [43, 58, 51, 42, 35, 46, 44, 39, 56, 40], "hlc": [921728, 0]}
INFO:<Node 4>:{"send": false, "recv": true, "to": 4, "from": 6, "vc": [42, 54, 48, 40, 48, 43, 47, 40, 55, 47], "hlc": [921732, 0]}
INFO:<Node 7>:{"send": false, "recv": true, "to": 7, "from": 3, "vc": [44, 57, 54, 47, 44, 44, 46, 44, 64, 45], "hlc": [921729, 10]}
INFO:<Node 8>:{"send": false, "recv": true, "to": 8, "from": 9, "vc": [43, 57, 49, 42, 45, 39, 41, 41, 67, 48], "hlc": [921730, 4]}
INFO:<Node 0>:{"send": true, "recv": false, "from": 0, "to": 4, "vc": [46, 57, 49, 42, 44, 39, 41, 41, 66, 42], "hlc": [921729, 10]}
INFO:<Node 2>:{"send": true, "recv": false, "from": 2, "to": 9, "vc": [43, 57, 55, 42, 44, 44, 44, 39, 63, 42], "hlc": [921729, 8]}
INFO:<Node 3>:{"send": true, "recv": false, "from": 3, "to": 9, "vc": [44, 52, 48, 48, 42, 43, 46, 39, 59, 45], "hlc": [921729, 8]}
INFO:<Node 5>:{"send": true, "recv": false, "from": 5, "to": 6, "vc": [36, 49, 51, 35, 35, 47, 44, 39, 51, 40], "hlc": [921726, 1]}
INFO:<Node 7>:{"send": true, "recv": false, "from": 7, "to": 9, "vc": [44, 57, 54, 47, 44, 44, 46, 45, 64, 45], "hlc": [921729, 11]}
INFO:<Node 8>:{"send": true, "recv": false, "from": 8, "to": 5, "vc": [43, 57, 49, 42, 45, 39, 41, 41, 68, 48], "hlc": [921730, 5]}
INFO:<Node 9>:{"send": true, "recv": false, "from": 9, "to": 1, "vc": [42, 54, 48, 40, 45, 39, 39, 34, 55, 49], "hlc": [921730, 4]}
INFO:<Node 1>:{"send": false, "recv": true, "to": 1, "from": 9, "vc": [43, 59, 51, 42, 45, 46, 44, 39, 56, 49], "hlc": [921730, 5]}
INFO:<Node 4>:{"send": false, "recv": true, "to": 4, "from": 0, "vc": [46, 57, 49, 42, 49, 43, 47, 41, 66, 47], "hlc": [921732, 1]}
INFO:<Node 5>:{"send": false, "recv": true, "to": 5, "from": 8, "vc": [43, 57, 51, 42, 45, 48, 44, 41, 68, 48], "hlc": [921730, 6]}
INFO:<Node 6>:{"send": false, "recv": true, "to": 6, "from": 5, "vc": [36, 49, 51, 35, 35, 47, 48, 39, 51, 40], "hlc": [921726, 2]}
INFO:<Node 9>:{"send": false, "recv": true, "to": 9, "from": 2, "vc": [43, 57, 55, 42, 45, 44, 44, 39, 63, 50], "hlc": [921730, 5]}
INFO:<Node 9>:{"send": false, "recv": true, "to": 9, "from": 3, "vc": [44, 57, 55, 48, 45, 44, 46, 39, 63, 51], "hlc": [921730, 6]}
INFO:<Node 9>:{"send": false, "recv": true, "to": 9, "from": 7, "vc": [44, 57, 55, 48, 45, 44, 46, 45, 64, 52], "hlc": [921730, 7]}
INFO:<Node 2>:{"send": true, "recv": false, "from": 2, "to": 6, "vc": [43, 57, 56, 42, 44, 44, 44, 39, 63, 42], "hlc": [921729, 9]}
INFO:<Node 3>:{"send": true, "recv": false, "from": 3, "to": 1, "vc": [44, 52, 48, 49, 42, 43, 46, 39, 59, 45], "hlc": [921729, 9]}
INFO:<Node 4>:{"send": true, "recv": false, "from": 4, "to": 9, "vc": [46, 57, 49, 42, 50, 43, 47, 41, 66, 47], "hlc": [921732, 2]}
INFO:<Node 5>:{"send": true, "recv": false, "from": 5, "to": 8, "vc": [43, 57, 51, 42, 45, 49, 44, 41, 68, 48], "hlc": [921730, 7]}
INFO:<Node 7>:{"send": true, "recv": false, "from": 7, "to": 0, "vc": [44, 57, 54, 47, 44, 44, 46, 46, 64, 45], "hlc": [921729, 12]}
INFO:<Node 9>:{"send": true, "recv": false, "from": 9, "to": 8, "vc": [44, 57, 55, 48, 45, 44, 46, 45, 64, 53], "hlc": [921730, 8]}
INFO:<Node 0>:{"send": false, "recv": true, "to": 0, "from": 7, "vc": [47, 57, 54, 47, 44, 44, 46, 46, 66, 45], "hlc": [921729, 13]}
INFO:<Node 1>:{"send": false, "recv": true, "to": 1, "from": 3, "vc": [44, 60, 51, 49, 45, 46, 46, 39, 59, 49], "hlc": [921730, 6]}
INFO:<Node 6>:{"send": false, "recv": true, "to": 6, "from": 2, "vc": [43, 57, 56, 42, 44, 47, 49, 39, 63, 42], "hlc": [921729, 10]}
INFO:<Node 8>:{"send": false, "recv": true, "to": 8, "from": 5, "vc": [43, 57, 51, 42, 45, 49, 44, 41, 69, 48], "hlc": [921730, 8]}
INFO:<Node 8>:{"send": false, "recv": true, "to": 8, "from": 9, "vc": [44, 57, 55, 48, 45, 49, 46, 45, 70, 53], "hlc": [921730, 9]}
INFO:<Node 9>:{"send": false, "recv": true, "to": 9, "from": 4, "vc": [46, 57, 55, 48, 50, 44, 47, 45, 66, 54], "hlc": [921732, 3]}
INFO:<Node 0>:{"send": true, "recv": false, "from": 0, "to": 7, "vc": [48, 57, 54, 47, 44, 44, 46, 46, 66, 45], "hlc": [921729, 14]}
INFO:<Node 1>:{"send": true, "recv": false, "from": 1, "to": 9, "vc": [44, 61, 51, 49, 45, 46, 46, 39, 59, 49], "hlc": [921730, 7]}
INFO:<Node 3>:{"send": true, "recv": false, "from": 3, "to": 4, "vc": [44, 52, 48, 50, 42, 43, 46, 39, 59, 45], "hlc": [921729, 10]}
INFO:<Node 4>:{"send": true, "recv": false, "from": 4, "to": 0, "vc": [46, 57, 49, 42, 51, 43, 47, 41, 66, 47], "hlc": [921733, 0]}
INFO:<Node 5>:{"send": true, "recv": false, "from": 5, "to": 3, "vc": [43, 57, 51, 42, 45, 50, 44, 41, 68, 48], "hlc": [921730, 8]}
INFO:<Node 6>:{"send": true, "recv": false, "from": 6, "to": 8, "vc": [43, 57, 56, 42, 44, 47, 50, 39, 63, 42], "hlc": [921729, 11]}
INFO:<Node 7>:{"send": true, "recv": false, "from": 7, "to": 3, "vc": [44, 57, 54, 47, 44, 44, 46, 47, 64, 45], "hlc": [921729, 13]}
INFO:<Node 0>:{"send": false, "recv": true, "to": 0, "from": 4, "vc": [49, 57, 54, 47, 51, 44, 47, 46, 66, 47], "hlc": [921733, 1]}
INFO:<Node 3>:{"send": false, "recv": true, "to": 3, "from": 5, "vc": [44, 57, 51, 51, 45, 50, 46, 41, 68, 48], "hlc": [921730, 9]}
INFO:<Node 3>:{"send": false, "recv": true, "to": 3, "from": 7, "vc": [44, 57, 54, 52, 45, 50, 46, 47, 68, 48], "hlc": [921730, 10]}
INFO:<Node 4>:{"send": false, "recv": true, "to": 4, "from": 3, "vc": [46, 57, 49, 50, 52, 43, 47, 41, 66, 47], "hlc": [921733, 1]}
INFO:<Node 7>:{"send": false, "recv": true, "to": 7, "from": 0, "vc": [48, 57, 54, 47, 44, 44, 46, 48, 66, 45], "hlc": [921729, 15]}
INFO:<Node 8>:{"send": false, "recv": true, "to": 8, "from": 6, "vc": [44, 57, 56, 48, 45, 49, 50, 45, 71, 53], "hlc": [921730, 10]}
INFO:<Node 9>:{"send": false, "recv": true, "to": 9, "from": 1, "vc": [46, 61, 55, 49, 50, 46, 47, 45, 66, 55], "hlc": [921732, 4]}
INFO:<Node 2>:{"send": true, "recv": false, "from": 2, "to": 0, "vc": [43, 57, 57, 42, 44, 44, 44, 39, 63, 42], "hlc": [921729, 10]}
INFO:<Node 3>:{"send": true, "recv": false, "from": 3, "to": 0, "vc": [44, 57, 54, 53, 45, 50, 46, 47, 68, 48], "hlc": [921730, 11]}
INFO:<Node 7>:{"send": true, "recv": false, "from": 7, "to": 2, "vc": [48, 57, 54, 47, 44, 44, 46, 49, 66, 45], "hlc": [921729, 16]}
INFO:<Node 8>:{"send": true, "recv": false, "from": 8, "to": 9, "vc": [44, 57, 56, 48, 45, 49, 50, 45, 72, 53], "hlc": [921730, 11]}
INFO:<Node 0>:{"send": false, "recv": true, "to": 0, "from": 2, "vc": [50, 57, 57, 47, 51, 44, 47, 46, 66, 47], "hlc": [921733, 2]}
INFO:<Node 0>:{"send": false, "recv": true, "to": 0, "from": 3, "vc": [51, 57, 57, 53, 51, 50, 47, 47, 68, 48], "hlc": [921733, 3]}
INFO:<Node 2>:{"send": false, "recv": true, "to": 2, "from": 7, "vc": [48, 57, 58, 47, 44, 44, 46, 49, 66, 45], "hlc": [921729, 17]}
INFO:<Node 9>:{"send": false, "recv": true, "to": 9, "from": 8, "vc": [46, 61, 56, 49, 50, 49, 50, 45, 72, 56], "hlc": [921732, 5]}
INFO:<Node 0>:{"send": true, "recv": false, "from": 0, "to": 6, "vc": [52, 57, 57, 53, 51, 50, 47, 47, 68, 48], "hlc": [921733, 4]}
INFO:<Node 1>:{"send": true, "recv": false, "from": 1, "to": 6, "vc": [44, 62, 51, 49, 45, 46, 46, 39, 59, 49], "hlc": [921731, 0]}
INFO:<Node 2>:{"send": true, "recv": false, "from": 2, "to": 8, "vc": [48, 57, 59, 47, 44, 44, 46, 49, 66, 45], "hlc": [921729, 18]}
INFO:<Node 6>:{"send": true, "recv": false, "from": 6, "to": 7, "vc": [43, 57, 56, 42, 44, 47, 51, 39, 63, 42], "hlc": [921729, 12]}
INFO:<Node 7>:{"send": true, "recv": false, "from": 7, "to": 8, "vc": [48, 57, 54, 47, 44, 44, 46, 50, 66, 45], "hlc": [921729, 17]}
INFO:<Node 6>:{"send": false, "recv": true, "to": 6, "from": 0, "vc": [52, 57, 57, 53, 51, 50, 52, 47, 68, 48], "hlc": [921733, 5]}
INFO:<Node 6>:{"send": false, "recv": true, "to": 6, "from": 1, "vc": [52, 62, 57, 53, 51, 50, 53, 47, 68, 49], "hlc": [921733, 6]}
INFO:<Node 7>:{"send": false, "recv": true, "to": 7, "from": 6, "vc": [48, 57, 56, 47, 44, 47, 51, 51, 66, 45], "hlc": [921729, 18]}
INFO:<Node 8>:{"send": false, "recv": true, "to": 8, "from": 2, "vc": [48, 57, 59, 48, 45, 49, 50, 49, 73, 53], "hlc": [921730, 12]}
INFO:<Node 8>:{"send": false, "recv": true, "to": 8, "from": 7, "vc": [48, 57, 59, 48, 45, 49, 50, 50, 74, 53], "hlc": [921730, 13]}
