INFO:root:Random workload: num sockets: 10, num iterations: 50, base address: 43900, chance of send: 3 in 5, round delay (s): 0.5, max clock drift (s): 4.5, actual clock drifts: [1.5853754317394593, -1.3335141806563184, 2.7697655542192043, -1.0248469125339996, -0.3289080402695186, 2.6893198594934873, -2.973326545200625, 4.037019997055346, 1.7866022384000537, -3.4694807048440857]
INFO:<Node 0>:{"send": true, "recv": false, "from": 0, "to": 5, "vc": [1, 0, 0, 0, 0, 0, 0, 0, 0, 0], "hlc": [921552, 0]}
INFO:<Node 1>:{"send": true, "recv": false, "from": 1, "to": 4, "vc": [0, 1, 0, 0, 0, 0, 0, 0, 0, 0], "hlc": [921550, 1]}
INFO:<Node 2>:{"send": true, "recv": false, "from": 2, "to": 5, "vc": [0, 0, 1, 0, 0, 0, 0, 0, 0, 0], "hlc": [921553, 0]}
INFO:<Node 4>:{"send": true, "recv": false, "from": 4, "to": 5, "vc": [0, 0, 0, 0, 1, 0, 0, 0, 0, 0], "hlc": [921550, 1]}
INFO:<Node 7>:{"send": true, "recv": false, "from": 7, "to": 4, "vc": [0, 0, 0, 0, 0, 0, 0, 1, 0, 0], "hlc": [921554, 0]}
INFO:<Node 9>:{"send": true, "recv": false, "from": 9, "to": 6, "vc": [0, 0, 0, 0, 0, 0, 0, 0, 0, 1], "hlc": [921550, 1]}
INFO:<Node 4>:{"send": false, "recv": true, "to": 4, "from": 1, "vc": [0, 1, 0, 0, 2, 0, 0, 0, 0, 0], "hlc": [921550, 2]}
INFO:<Node 4>:{"send": false, "recv": true, "to": 4, "from": 7, "vc": [0, 1, 0, 0, 3, 0, 0, 1, 0, 0], "hlc": [921554, 1]}
INFO:<Node 5>:{"send": false, "recv": true, "to": 5, "from": 0, "vc": [1, 0, 0, 0, 0, 1, 0, 0, 0, 0], "hlc": [921553, 0]}
INFO:<Node 5>:{"send": false, "recv": true, "to": 5, "from": 2, "vc": [1, 0, 1, 0, 0, 2, 0, 0, 0, 0], "hlc": [921553, 1]}
INFO:<Node 5>:{"send": false, "recv": true, "to": 5, "from": 4, "vc": [1, 0, 1, 0, 1, 3, 0, 0, 0, 0], "hlc": [921553, 2]}
INFO:<Node 6>:{"send": false, "recv": true, "to": 6, "from": 9, "vc": [0, 0, 0, 0, 0, 0, 1, 0, 0, 1], "hlc": [921550, 2]}
INFO:<Node 0>:{"send": true, "recv": false, "from": 0, "to": 3, "vc": [2, 0, 0, 0, 0, 0, 0, 0, 0, 0], "hlc": [921552, 1]}
INFO:<Node 1>:{"send": true, "recv": false, "from": 1, "to": 8, "vc": [0, 2, 0, 0, 0, 0, 0, 0, 0, 0], "hlc": [921550, 2]}
INFO:<Node 2>:{"send": true, "recv": false, "from": 2, "to": 5, "vc": [0, 0, 2, 0, 0, 0, 0, 0, 0, 0], "hlc": [921553, 1]}
INFO:<Node 3>:{"send": true, "recv": false, "from": 3, "to": 2, "vc": [0, 0, 0, 1, 0, 0, 0, 0, 0, 0], "hlc": [921550, 1]}
INFO:<Node 4>:{"send": true, "recv": false, "from": 4, "to": 5, "vc": [0, 1, 0, 0, 4, 0, 0, 1, 0, 0], "hlc": [921554, 2]}
INFO:<Node 5>:{"send": true, "recv": false, "from": 5, "to": 6, "vc": [1, 0, 1, 0, 1, 4, 0, 0, 0, 0], "hlc": [921553, 3]}
INFO:<Node 2>:{"send": false, "recv": true, "to": 2, "from": 3, "vc": [0, 0, 3, 1, 0, 0, 0, 0, 0, 0], "hlc": [921554, 0]}
INFO:<Node 3>:{"send": false, "recv": true, "to": 3, "from": 0, "vc": [2, 0, 0, 2, 0, 0, 0, 0, 0, 0], "hlc": [921552, 2]}
INFO:<Node 5>:{"send": false, "recv": true, "to": 5, "from": 2, "vc": [1, 0, 2, 0, 1, 5, 0, 0, 0, 0], "hlc": [921554, 0]}
INFO:<Node 5>:{"send": false, "recv": true, "to": 5, "from": 4, "vc": [1, 1, 2, 0, 4, 6, 0, 1, 0, 0], "hlc": [921554, 3]}
INFO:<Node 6>:{"send": false, "recv": true, "to": 6, "from": 5, "vc": [1, 0, 1, 0, 1, 4, 2, 0, 0, 1], "hlc": [921553, 4]}
INFO:<Node 8>:{"send": false, "recv": true, "to": 8, "from": 1, "vc": [0, 2, 0, 0, 0, 0, 0, 0, 1, 0], "hlc": [921553, 0]}
INFO:<Node 0>:{"send": true, "recv": false, "from": 0, "to": 6, "vc": [3, 0, 0, 0, 0, 0, 0, 0, 0, 0], "hlc": [921553, 0]}
INFO:<Node 2>:{"send": true, "recv": false, "from": 2, "to": 7, "vc": [0, 0, 4, 1, 0, 0, 0, 0, 0, 0], "hlc": [921554, 1]}
INFO:<Node 3>:{"send": true, "recv": false, "from": 3, "to": 4, "vc": [2, 0, 0, 3, 0, 0, 0, 0, 0, 0], "hlc": [921552, 3]}
INFO:<Node 4>:{"send": true, "recv": false, "from": 4, "to": 1, "vc": [0, 1, 0, 0, 5, 0, 0, 1, 0, 0], "hlc": [921554, 3]}
INFO:<Node 6>:{"send": true, "recv": false, "from": 6, "to": 3, "vc": [1, 0, 1, 0, 1, 4, 3, 0, 0, 1], "hlc": [921553, 5]}
INFO:<Node 9>:{"send": true, "recv": false, "from": 9, "to": 0, "vc": [0, 0, 0, 0, 0, 0, 0, 0, 0, 2], "hlc": [921550, 2]}
INFO:<Node 0>:{"send": false, "recv": true, "to": 0, "from": 9, "vc": [4, 0, 0, 0, 0, 0, 0, 0, 0, 2], "hlc": [921553, 1]}
INFO:<Node 1>:{"send": false, "recv": true, "to": 1, "from": 4, "vc": [0, 3, 0, 0, 5, 0, 0, 1, 0, 0], "hlc": [921554, 4]}
INFO:<Node 3>:{"send": false, "recv": true, "to": 3, "from": 6, "vc": [2, 0, 1, 4, 1, 4, 3, 0, 0, 1], "hlc": [921553, 6]}
INFO:<Node 4>:{"send": false, "recv": true, "to": 4, "from": 3, "vc": [2, 1, 0, 3, 6, 0, 0, 1, 0, 0], "hlc": [921554, 4]}
INFO:<Node 6>:{"send": false, "recv": true, "to": 6, "from": 0, "vc": [3, 0, 1, 0, 1, 4, 4, 0, 0, 1], "hlc": [921553, 6]}
INFO:<Node 7>:{"send": false, "recv": true, "to": 7, "from": 2, "vc": [0, 0, 4, 1, 0, 0, 0, 2, 0, 0], "hlc": [921556, 0]}
INFO:<Node 5>:{"send": true, "recv": false, "from": 5, "to": 7, "vc": [1, 1, 2, 0, 4, 7, 0, 1, 0, 0], "hlc": [921554, 4]}
INFO:<Node 7>:{"send": true, "recv": false, "from": 7, "to": 4, "vc": [0, 0, 4, 1, 0, 0, 0, 3, 0, 0], "hlc": [921556, 1]}
INFO:<Node 8>:{"send": true, "recv": false, "from": 8, "to": 0, "vc": [0, 2, 0, 0, 0, 0, 0, 0, 2, 0], "hlc": [921553, 1]}
INFO:<Node 0>:{"send": false, "recv": true, "to": 0, "from": 8, "vc": [5, 2, 0, 0, 0, 0, 0, 0, 2, 2], "hlc": [921554, 0]}
INFO:<Node 4>:{"send": false, "recv": true, "to": 4, "from": 7, "vc": [2, 1, 4, 3, 7, 0, 0, 3, 0, 0], "hlc": [921556, 2]}
INFO:<Node 7>:{"send": false, "recv": true, "to": 7, "from": 5, "vc": [1, 1, 4, 1, 4, 7, 0, 4, 0, 0], "hlc": [921556, 2]}
INFO:<Node 0>:{"send": true, "recv": false, "from": 0, "to": 5, "vc": [6, 2, 0, 0, 0, 0, 0, 0, 2, 2], "hlc": [921554, 1]}
INFO:<Node 2>:{"send": true, "recv": false, "from": 2, "to": 1, "vc": [0, 0, 5, 1, 0, 0, 0, 0, 0, 0], "hlc": [921555, 0]}
INFO:<Node 5>:{"send": true, "recv": false, "from": 5, "to": 1, "vc": [1, 1, 2, 0, 4, 8, 0, 1, 0, 0], "hlc": [921555, 0]}
INFO:<Node 6>:{"send": true, "recv": false, "from": 6, "to": 1, "vc": [3, 0, 1, 0, 1, 4, 5, 0, 0, 1], "hlc": [921553, 7]}
INFO:<Node 7>:{"send": true, "recv": false, "from": 7, "to": 5, "vc": [1, 1, 4, 1, 4, 7, 0, 5, 0, 0], "hlc": [921556, 3]}
INFO:<Node 8>:{"send": true, "recv": false, "from": 8, "to": 5, "vc": [0, 2, 0, 0, 0, 0, 0, 0, 3, 0], "hlc": [921554, 0]}
INFO:<Node 9>:{"send": true, "recv": false, "from": 9, "to": 8, "vc": [0, 0, 0, 0, 0, 0, 0, 0, 0, 3], "hlc": [921550, 3]}
INFO:<Node 1>:{"send": false, "recv": true, "to": 1, "from": 2, "vc": [0, 4, 5, 1, 5, 0, 0, 1, 0, 0], "hlc": [921555, 1]}
INFO:<Node 1>:{"send": false, "recv": true, "to": 1, "from": 5, "vc": [1, 5, 5, 1, 5, 8, 0, 1, 0, 0], "hlc": [921555, 2]}
INFO:<Node 1>:{"send": false, "recv": true, "to": 1, "from": 6, "vc": [3, 6, 5, 1, 5, 8, 5, 1, 0, 1], "hlc": [921555, 3]}
INFO:<Node 5>:{"send": false, "recv": true, "to": 5, "from": 0, "vc": [6, 2, 2, 0, 4, 9, 0, 1, 2, 2], "hlc": [921555, 1]}
INFO:<Node 5>:{"send": false, "recv": true, "to": 5, "from": 7, "vc": [6, 2, 4, 1, 4, 10, 0, 5, 2, 2], "hlc": [921556, 4]}
INFO:<Node 5>:{"send": false, "recv": true, "to": 5, "from": 8, "vc": [6, 2, 4, 1, 4, 11, 0, 5, 3, 2], "hlc": [921556, 5]}
INFO:<Node 8>:{"send": false, "recv": true, "to": 8, "from": 9, "vc": [0, 2, 0, 0, 0, 0, 0, 0, 4, 3], "hlc": [921554, 1]}
INFO:<Node 0>:{"send": true, "recv": false, "from": 0, "to": 6, "vc": [7, 2, 0, 0, 0, 0, 0, 0, 2, 2], "hlc": [921554, 2]}
INFO:<Node 1>:{"send": true, "recv": false, "from": 1, "to": 6, "vc": [3, 7, 5, 1, 5, 8, 5, 1, 0, 1], "hlc": [921555, 4]}
INFO:<Node 2>:{"send": true, "recv": false, "from": 2, "to": 1, "vc": [0, 0, 6, 1, 0, 0, 0, 0, 0, 0], "hlc": [921555, 1]}
INFO:<Node 3>:{"send": true, "recv": false, "from": 3, "to": 9, "vc": [2, 0, 1, 5, 1, 4, 3, 0, 0, 1], "hlc": [921553, 7]}
INFO:<Node 4>:{"send": true, "recv": false, "from": 4, "to": 2, "vc": [2, 1, 4, 3, 8, 0, 0, 3, 0, 0], "hlc": [921556, 3]}
INFO:<Node 5>:{"send": true, "recv": false, "from": 5, "to": 1, "vc": [6, 2, 4, 1, 4, 12, 0, 5, 3, 2], "hlc": [921556, 6]}
INFO:<Node 6>:{"send": true, "recv": false, "from": 6, "to": 1, "vc": [3, 0, 1, 0, 1, 4, 6, 0, 0, 1], "hlc": [921553, 8]}
INFO:<Node 7>:{"send": true, "recv": false, "from": 7, "to": 8, "vc": [1, 1, 4, 1, 4, 7, 0, 6, 0, 0], "hlc": [921557, 0]}
INFO:<Node 8>:{"send": true, "recv": false, "from": 8, "to": 4, "vc": [0, 2, 0, 0, 0, 0, 0, 0, 5, 3], "hlc": [921554, 2]}
INFO:<Node 9>:{"send": true, "recv": false, "from": 9, "to": 5, "vc": [0, 0, 0, 0, 0, 0, 0, 0, 0, 4], "hlc": [921550, 4]}
INFO:<Node 1>:{"send": false, "recv": true, "to": 1, "from": 2, "vc": [3, 8, 6, 1, 5, 8, 5, 1, 0, 1], "hlc": [921555, 5]}
INFO:<Node 1>:{"send": false, "recv": true, "to": 1, "from": 5, "vc": [6, 9, 6, 1, 5, 12, 5, 5, 3, 2], "hlc": [921556, 7]}
INFO:<Node 1>:{"send": false, "recv": true, "to": 1, "from": 6, "vc": [6, 10, 6, 1, 5, 12, 6, 5, 3, 2], "hlc": [921556, 8]}
INFO:<Node 2>:{"send": false, "recv": true, "to": 2, "from": 4, "vc": [2, 1, 7, 3, 8, 0, 0, 3, 0, 0], "hlc": [921556, 4]}
INFO:<Node 4>:{"send": false, "recv": true, "to": 4, "from": 8, "vc": [2, 2, 4, 3, 9, 0, 0, 3, 5, 3], "hlc": [921556, 4]}
INFO:<Node 5>:{"send": false, "recv": true, "to": 5, "from": 9, "vc": [6, 2, 4, 1, 4, 13, 0, 5, 3, 4], "hlc": [921556, 7]}
INFO:<Node 6>:{"send": false, "recv": true, "to": 6, "from": 0, "vc": [7, 2, 1, 0, 1, 4, 7, 0, 2, 2], "hlc": [921554, 3]}
INFO:<Node 6>:{"send": false, "recv": true, "to": 6, "from": 1, "vc": [7, 7, 5, 1, 5, 8, 8, 1, 2, 2], "hlc": [921555, 5]}
INFO:<Node 8>:{"send": false, "recv": true, "to": 8, "from": 7, "vc": [1, 2, 4, 1, 4, 7, 0, 6, 6, 3], "hlc": [921557, 1]}
INFO:<Node 9>:{"send": false, "recv": true, "to": 9, "from": 3, "vc": [2, 0, 1, 5, 1, 4, 3, 0, 0, 5], "hlc": [921553, 8]}
INFO:<Node 0>:{"send": true, "recv": false, "from": 0, "to": 4, "vc": [8, 2, 0, 0, 0, 0, 0, 0, 2, 2], "hlc": [921555, 0]}
INFO:<Node 1>:{"send": true, "recv": false, "from": 1, "to": 8, "vc": [6, 11, 6, 1, 5, 12, 6, 5, 3, 2], "hlc": [921556, 9]}
INFO:<Node 2>:{"send": true, "recv": false, "from": 2, "to": 8, "vc": [2, 1, 8, 3, 8, 0, 0, 3, 0, 0], "hlc": [921556, 5]}
INFO:<Node 3>:{"send": true, "recv": false, "from": 3, "to": 4, "vc": [2, 0, 1, 6, 1, 4, 3, 0, 0, 1], "hlc": [921553, 8]}
INFO:<Node 4>:{"send": true, "recv": false, "from": 4, "to": 1, "vc": [2, 2, 4, 3, 10, 0, 0, 3, 5, 3], "hlc": [921556, 5]}
INFO:<Node 6>:{"send": true, "recv": false, "from": 6, "to": 5, "vc": [7, 7, 5, 1, 5, 8, 9, 1, 2, 2], "hlc": [921555, 6]}
INFO:<Node 7>:{"send": true, "recv": false, "from": 7, "to": 5, "vc": [1, 1, 4, 1, 4, 7, 0, 7, 0, 0], "hlc": [921557, 1]}
INFO:<Node 9>:{"send": true, "recv": false, "from": 9, "to": 2, "vc": [2, 0, 1, 5, 1, 4, 3, 0, 0, 6], "hlc": [921553, 9]}
INFO:<Node 1>:{"send": false, "recv": true, "to": 1, "from": 4, "vc": [6, 12, 6, 3, 10, 12, 6, 5, 5, 3], "hlc": [921556, 10]}
INFO:<Node 2>:{"send": false, "recv": true, "to": 2, "from": 9, "vc": [2, 1, 9, 5, 8, 4, 3, 3, 0, 6], "hlc": [921556, 6]}
INFO:<Node 4>:{"send": false, "recv": true, "to": 4, "from": 0, "vc": [8, 2, 4, 3, 11, 0, 0, 3, 5, 3], "hlc": [921556, 6]}
INFO:<Node 4>:{"send": false, "recv": true, "to": 4, "from": 3, "vc": [8, 2, 4, 6, 12, 4, 3, 3, 5, 3], "hlc": [921556, 7]}
INFO:<Node 5>:{"send": false, "recv": true, "to": 5, "from": 6, "vc": [7, 7, 5, 1, 5, 14, 9, 5, 3, 4], "hlc": [921556, 8]}
INFO:<Node 5>:{"send": false, "recv": true, "to": 5, "from": 7, "vc": [7, 7, 5, 1, 5, 15, 9, 7, 3, 4], "hlc": [921557, 2]}
INFO:<Node 8>:{"send": false, "recv": true, "to": 8, "from": 1, "vc": [6, 11, 6, 1, 5, 12, 6, 6, 7, 3], "hlc": [921557, 2]}
INFO:<Node 8>:{"send": false, "recv": true, "to": 8, "from": 2, "vc": [6, 11, 8, 3, 8, 12, 6, 6, 8, 3], "hlc": [921557, 3]}
INFO:<Node 0>:{"send": true, "recv": false, "from": 0, "to": 9, "vc": [9, 2, 0, 0, 0, 0, 0, 0, 2, 2], "hlc": [921555, 1]}
INFO:<Node 1>:{"send": true, "recv": false, "from": 1, "to": 7, "vc": [6, 13, 6, 3, 10, 12, 6, 5, 5, 3], "hlc": [921556, 11]}
INFO:<Node 3>:{"send": true, "recv": false, "from": 3, "to": 5, "vc": [2, 0, 1, 7, 1, 4, 3, 0, 0, 1], "hlc": [921553, 9]}
INFO:<Node 5>:{"send": true, "recv": false, "from": 5, "to": 8, "vc": [7, 7, 5, 1, 5, 16, 9, 7, 3, 4], "hlc": [921557, 3]}
INFO:<Node 6>:{"send": true, "recv": false, "from": 6, "to": 9, "vc": [7, 7, 5, 1, 5, 8, 10, 1, 2, 2], "hlc": [921555, 7]}
INFO:<Node 7>:{"send": true, "recv": false, "from": 7, "to": 4, "vc": [1, 1, 4, 1, 4, 7, 0, 8, 0, 0], "hlc": [921558, 0]}
INFO:<Node 8>:{"send": true, "recv": false, "from": 8, "to": 4, "vc": [6, 11, 8, 3, 8, 12, 6, 6, 9, 3], "hlc": [921557, 4]}
INFO:<Node 9>:{"send": true, "recv": false, "from": 9, "to": 4, "vc": [2, 0, 1, 5, 1, 4, 3, 0, 0, 7], "hlc": [921553, 10]}
INFO:<Node 4>:{"send": false, "recv": true, "to": 4, "from": 7, "vc": [8, 2, 4, 6, 13, 7, 3, 8, 5, 3], "hlc": [921558, 1]}
INFO:<Node 4>:{"send": false, "recv": true, "to": 4, "from": 8, "vc": [8, 11, 8, 6, 14, 12, 6, 8, 9, 3], "hlc": [921558, 2]}
INFO:<Node 4>:{"send": false, "recv": true, "to": 4, "from": 9, "vc": [8, 11, 8, 6, 15, 12, 6, 8, 9, 7], "hlc": [921558, 3]}
INFO:<Node 5>:{"send": false, "recv": true, "to": 5, "from": 3, "vc": [7, 7, 5, 7, 5, 17, 9, 7, 3, 4], "hlc": [921557, 4]}
INFO:<Node 7>:{"send": false, "recv": true, "to": 7, "from": 1, "vc": [6, 13, 6, 3, 10, 12, 6, 9, 5, 3], "hlc": [921558, 1]}
INFO:<Node 8>:{"send": false, "recv": true, "to": 8, "from": 5, "vc": [7, 11, 8, 3, 8, 16, 9, 7, 10, 4], "hlc": [921557, 5]}
INFO:<Node 9>:{"send": false, "recv": true, "to": 9, "from": 0, "vc": [9, 2, 1, 5, 1, 4, 3, 0, 2, 8], "hlc": [921555, 2]}
INFO:<Node 9>:{"send": false, "recv": true, "to": 9, "from": 6, "vc": [9, 7, 5, 5, 5, 8, 10, 1, 2, 9], "hlc": [921555, 8]}
INFO:<Node 1>:{"send": true, "recv": false, "from": 1, "to": 6, "vc": [6, 14, 6, 3, 10, 12, 6, 5, 5, 3], "hlc": [921556, 12]}
INFO:<Node 2>:{"send": true, "recv": false, "from": 2, "to": 4, "vc": [2, 1, 10, 5, 8, 4, 3, 3, 0, 6], "hlc": [921557, 0]}
INFO:<Node 3>:{"send": true, "recv": false, "from": 3, "to": 4, "vc": [2, 0, 1, 8, 1, 4, 3, 0, 0, 1], "hlc": [921553, 10]}
INFO:<Node 4>:{"send": true, "recv": false, "from": 4, "to": 9, "vc": [8, 11, 8, 6, 16, 12, 6, 8, 9, 7], "hlc": [921558, 4]}
INFO:<Node 7>:{"send": true, "recv": false, "from": 7, "to": 5, "vc": [6, 13, 6, 3, 10, 12, 6, 10, 5, 3], "hlc": [921558, 2]}
INFO:<Node 9>:{"send": true, "recv": false, "from": 9, "to": 6, "vc": [9, 7, 5, 5, 5, 8, 10, 1, 2, 10], "hlc": [921555, 9]}
INFO:<Node 4>:{"send": false, "recv": true, "to": 4, "from": 2, "vc": [8, 11, 10, 6, 17, 12, 6, 8, 9, 7], "hlc": [921558, 5]}
INFO:<Node 4>:{"send": false, "recv": true, "to": 4, "from": 3, "vc": [8, 11, 10, 8, 18, 12, 6, 8, 9, 7], "hlc": [921558, 6]}
INFO:<Node 5>:{"send": false, "recv": true, "to": 5, "from": 7, "vc": [7, 13, 6, 7, 10, 18, 9, 10, 5, 4], "hlc": [921558, 3]}
INFO:<Node 6>:{"send": false, "recv": true, "to": 6, "from": 1, "vc": [7, 14, 6, 3, 10, 12, 11, 5, 5, 3], "hlc": [921556, 13]}
INFO:<Node 6>:{"send": false, "recv": true, "to": 6, "from": 9, "vc": [9, 14, 6, 5, 10, 12, 12, 5, 5, 10], "hlc": [921556, 14]}
INFO:<Node 9>:{"send": false, "recv": true, "to": 9, "from": 4, "vc": [9, 11, 8, 6, 16, 12, 10, 8, 9, 11], "hlc": [921558, 5]}
INFO:<Node 0>:{"send": true, "recv": false, "from": 0, "to": 9, "vc": [10, 2, 0, 0, 0, 0, 0, 0, 2, 2], "hlc": [921556, 0]}
INFO:<Node 2>:{"send": true, "recv": false, "from": 2, "to": 8, "vc": [2, 1, 11, 5, 8, 4, 3, 3, 0, 6], "hlc": [921557, 1]}
INFO:<Node 3>:{"send": true, "recv": false, "from": 3, "to": 5, "vc": [2, 0, 1, 9, 1, 4, 3, 0, 0, 1], "hlc": [921553, 11]}
INFO:<Node 4>:{"send": true, "recv": false, "from": 4, "to": 7, "vc": [8, 11, 10, 8, 19, 12, 6, 8, 9, 7], "hlc": [921558, 7]}
INFO:<Node 6>:{"send": true, "recv": false, "from": 6, "to": 2, "vc": [9, 14, 6, 5, 10, 12, 13, 5, 5, 10], "hlc": [921556, 15]}
INFO:<Node 2>:{"send": false, "recv": true, "to": 2, "from": 6, "vc": [9, 14, 12, 5, 10, 12, 13, 5, 5, 10], "hlc": [921558, 0]}
INFO:<Node 5>:{"send": false, "recv": true, "to": 5, "from": 3, "vc": [7, 13, 6, 9, 10, 19, 9, 10, 5, 4], "hlc": [921558, 4]}
INFO:<Node 7>:{"send": false, "recv": true, "to": 7, "from": 4, "vc": [8, 13, 10, 8, 19, 12, 6, 11, 9, 7], "hlc": [921559, 0]}
INFO:<Node 8>:{"send": false, "recv": true, "to": 8, "from": 2, "vc": [7, 11, 11, 5, 8, 16, 9, 7, 11, 6], "hlc": [921557, 6]}
INFO:<Node 9>:{"send": false, "recv": true, "to": 9, "from": 0, "vc": [10, 11, 8, 6, 16, 12, 10, 8, 9, 12], "hlc": [921558, 6]}
INFO:<Node 0>:{"send": true, "recv": false, "from": 0, "to": 9, "vc": [11, 2, 0, 0, 0, 0, 0, 0, 2, 2], "hlc": [921557, 0]}
INFO:<Node 1>:{"send": true, "recv": false, "from": 1, "to": 3, "vc": [6, 15, 6, 3, 10, 12, 6, 5, 5, 3], "hlc": [921556, 13]}
INFO:<Node 2>:{"send": true, "recv": false, "from": 2, "to": 1, "vc": [9, 14, 13, 5, 10, 12, 13, 5, 5, 10], "hlc": [921558, 1]}
INFO:<Node 3>:{"send": true, "recv": false, "from": 3, "to": 2, "vc": [2, 0, 1, 10, 1, 4, 3, 0, 0, 1], "hlc": [921554, 0]}
INFO:<Node 5>:{"send": true, "recv": false, "from": 5, "to": 9, "vc": [7, 13, 6, 9, 10, 20, 9, 10, 5, 4], "hlc": [921558, 5]}
INFO:<Node 7>:{"send": true, "recv": false, "from": 7, "to": 8, "vc": [8, 13, 10, 8, 19, 12, 6, 12, 9, 7], "hlc": [921559, 1]}
INFO:<Node 8>:{"send": true, "recv": false, "from": 8, "to": 6, "vc": [7, 11, 11, 5, 8, 16, 9, 7, 12, 6], "hlc": [921557, 7]}
INFO:<Node 1>:{"send": false, "recv": true, "to": 1, "from": 2, "vc": [9, 16, 13, 5, 10, 12, 13, 5, 5, 10], "hlc": [921558, 2]}
INFO:<Node 2>:{"send": false, "recv": true, "to": 2, "from": 3, "vc": [9, 14, 14, 10, 10, 12, 13, 5, 5, 10], "hlc": [921558, 2]}
INFO:<Node 3>:{"send": false, "recv": true, "to": 3, "from": 1, "vc": [6, 15, 6, 11, 10, 12, 6, 5, 5, 3], "hlc": [921556, 14]}
INFO:<Node 6>:{"send": false, "recv": true, "to": 6, "from": 8, "vc": [9, 14, 11, 5, 10, 16, 14, 7, 12, 10], "hlc": [921557, 8]}
INFO:<Node 8>:{"send": false, "recv": true, "to": 8, "from": 7, "vc": [8, 13, 11, 8, 19, 16, 9, 12, 13, 7], "hlc": [921559, 2]}
INFO:<Node 9>:{"send": false, "recv": true, "to": 9, "from": 0, "vc": [11, 11, 8, 6, 16, 12, 10, 8, 9, 13], "hlc": [921558, 7]}
INFO:<Node 9>:{"send": false, "recv": true, "to": 9, "from": 5, "vc": [11, 13, 8, 9, 16, 20, 10, 10, 9, 14], "hlc": [921558, 8]}
INFO:<Node 1>:{"send": true, "recv": false, "from": 1, "to": 8, "vc": [9, 17, 13, 5, 10, 12, 13, 5, 5, 10], "hlc": [921558, 3]}
INFO:<Node 3>:{"send": true, "recv": false, "from": 3, "to": 6, "vc": [6, 15, 6, 12, 10, 12, 6, 5, 5, 3], "hlc": [921556, 15]}
INFO:<Node 4>:{"send": true, "recv": false, "from": 4, "to": 5, "vc": [8, 11, 10, 8, 20, 12, 6, 8, 9, 7], "hlc": [921558, 8]}
INFO:<Node 7>:{"send": true, "recv": false, "from": 7, "to": 4, "vc": [8, 13, 10, 8, 19, 12, 6, 13, 9, 7], "hlc": [921560, 0]}
INFO:<Node 9>:{"send": true, "recv": false, "from": 9, "to": 7, "vc": [11, 13, 8, 9, 16, 20, 10, 10, 9, 15], "hlc": [921558, 9]}
INFO:<Node 4>:{"send": false, "recv": true, "to": 4, "from": 7, "vc": [8, 13, 10, 8, 21, 12, 6, 13, 9, 7], "hlc": [921560, 1]}
INFO:<Node 5>:{"send": false, "recv": true, "to": 5, "from": 4, "vc": [8, 13, 10, 9, 20, 21, 9, 10, 9, 7], "hlc": [921559, 0]}
INFO:<Node 6>:{"send": false, "recv": true, "to": 6, "from": 3, "vc": [9, 15, 11, 12, 10, 16, 15, 7, 12, 10], "hlc": [921557, 9]}
INFO:<Node 7>:{"send": false, "recv": true, "to": 7, "from": 9, "vc": [11, 13, 10, 9, 19, 20, 10, 14, 9, 15], "hlc": [921560, 1]}
INFO:<Node 8>:{"send": false, "recv": true, "to": 8, "from": 1, "vc": [9, 17, 13, 8, 19, 16, 13, 12, 14, 10], "hlc": [921559, 3]}
INFO:<Node 0>:{"send": true, "recv": false, "from": 0, "to": 6, "vc": [12, 2, 0, 0, 0, 0, 0, 0, 2, 2], "hlc": [921558, 0]}
INFO:<Node 4>:{"send": true, "recv": false, "from": 4, "to": 8, "vc": [8, 13, 10, 8, 22, 12, 6, 13, 9, 7], "hlc": [921560, 2]}
INFO:<Node 6>:{"send": true, "recv": false, "from": 6, "to": 4, "vc": [9, 15, 11, 12, 10, 16, 16, 7, 12, 10], "hlc": [921557, 10]}
INFO:<Node 8>:{"send": true, "recv": false, "from": 8, "to": 4, "vc": [9, 17, 13, 8, 19, 16, 13, 12, 15, 10], "hlc": [921559, 4]}
INFO:<Node 9>:{"send": true, "recv": false, "from": 9, "to": 8, "vc": [11, 13, 8, 9, 16, 20, 10, 10, 9, 16], "hlc": [921558, 10]}
INFO:<Node 4>:{"send": false, "recv": true, "to": 4, "from": 6, "vc": [9, 15, 11, 12, 23, 16, 16, 13, 12, 10], "hlc": [921560, 3]}
INFO:<Node 4>:{"send": false, "recv": true, "to": 4, "from": 8, "vc": [9, 17, 13, 12, 24, 16, 16, 13, 15, 10], "hlc": [921560, 4]}
INFO:<Node 6>:{"send": false, "recv": true, "to": 6, "from": 0, "vc": [12, 15, 11, 12, 10, 16, 17, 7, 12, 10], "hlc": [921558, 1]}
INFO:<Node 8>:{"send": false, "recv": true, "to": 8, "from": 4, "vc": [9, 17, 13, 8, 22, 16, 13, 13, 16, 10], "hlc": [921560, 3]}
INFO:<Node 8>:{"send": false, "recv": true, "to": 8, "from": 9, "vc": [11, 17, 13, 9, 22, 20, 13, 13, 17, 16], "hlc": [921560, 4]}
INFO:<Node 3>:{"send": true, "recv": false, "from": 3, "to": 5, "vc": [6, 15, 6, 13, 10, 12, 6, 5, 5, 3], "hlc": [921556, 16]}
INFO:<Node 4>:{"send": true, "recv": false, "from": 4, "to": 3, "vc": [9, 17, 13, 12, 25, 16, 16, 13, 15, 10], "hlc": [921560, 5]}
INFO:<Node 5>:{"send": true, "recv": false, "from": 5, "to": 1, "vc": [8, 13, 10, 9, 20, 22, 9, 10, 9, 7], "hlc": [921559, 1]}
INFO:<Node 7>:{"send": true, "recv": false, "from": 7, "to": 1, "vc": [11, 13, 10, 9, 19, 20, 10, 15, 9, 15], "hlc": [921561, 0]}
INFO:<Node 9>:{"send": true, "recv": false, "from": 9, "to": 2, "vc": [11, 13, 8, 9, 16, 20, 10, 10, 9, 17], "hlc": [921558, 11]}
INFO:<Node 1>:{"send": false, "recv": true, "to": 1, "from": 5, "vc": [9, 18, 13, 9, 20, 22, 13, 10, 9, 10], "hlc": [921559, 2]}
INFO:<Node 1>:{"send": false, "recv": true, "to": 1, "from": 7, "vc": [11, 19, 13, 9, 20, 22, 13, 15, 9, 15], "hlc": [921561, 1]}
INFO:<Node 2>:{"send": false, "recv": true, "to": 2, "from": 9, "vc": [11, 14, 15, 10, 16, 20, 13, 10, 9, 17], "hlc": [921560, 0]}
INFO:<Node 3>:{"send": false, "recv": true, "to": 3, "from": 4, "vc": [9, 17, 13, 14, 25, 16, 16, 13, 15, 10], "hlc": [921560, 6]}
INFO:<Node 5>:{"send": false, "recv": true, "to": 5, "from": 3, "vc": [8, 15, 10, 13, 20, 23, 9, 10, 9, 7], "hlc": [921560, 0]}
INFO:<Node 0>:{"send": true, "recv": false, "from": 0, "to": 6, "vc": [13, 2, 0, 0, 0, 0, 0, 0, 2, 2], "hlc": [921559, 0]}
INFO:<Node 1>:{"send": true, "recv": false, "from": 1, "to": 9, "vc": [11, 20, 13, 9, 20, 22, 13, 15, 9, 15], "hlc": [921561, 2]}
INFO:<Node 3>:{"send": true, "recv": false, "from": 3, "to": 5, "vc": [9, 17, 13, 15, 25, 16, 16, 13, 15, 10], "hlc": [921560, 7]}
INFO:<Node 4>:{"send": true, "recv": false, "from": 4, "to": 3, "vc": [9, 17, 13, 12, 26, 16, 16, 13, 15, 10], "hlc": [921560, 6]}
INFO:<Node 5>:{"send": true, "recv": false, "from": 5, "to": 2, "vc": [8, 15, 10, 13, 20, 24, 9, 10, 9, 7], "hlc": [921560, 1]}
INFO:<Node 6>:{"send": true, "recv": false, "from": 6, "to": 7, "vc": [12, 15, 11, 12, 10, 16, 18, 7, 12, 10], "hlc": [921558, 2]}
INFO:<Node 9>:{"send": true, "recv": false, "from": 9, "to": 7, "vc": [11, 13, 8, 9, 16, 20, 10, 10, 9, 18], "hlc": [921558, 12]}
INFO:<Node 2>:{"send": false, "recv": true, "to": 2, "from": 5, "vc": [11, 15, 16, 13, 20, 24, 13, 10, 9, 17], "hlc": [921560, 2]}
INFO:<Node 3>:{"send": false, "recv": true, "to": 3, "from": 4, "vc": [9, 17, 13, 16, 26, 16, 16, 13, 15, 10], "hlc": [921560, 8]}
INFO:<Node 5>:{"send": false, "recv": true, "to": 5, "from": 3, "vc": [9, 17, 13, 15, 25, 25, 16, 13, 15, 10], "hlc": [921560, 8]}
INFO:<Node 6>:{"send": false, "recv": true, "to": 6, "from": 0, "vc": [13, 15, 11, 12, 10, 16, 19, 7, 12, 10], "hlc": [921559, 1]}
INFO:<Node 7>:{"send": false, "recv": true, "to": 7, "from": 6, "vc": [12, 15, 11, 12, 19, 20, 18, 16, 12, 15], "hlc": [921562, 0]}
INFO:<Node 7>:{"send": false, "recv": true, "to": 7, "from": 9, "vc": [12, 15, 11, 12, 19, 20, 18, 17, 12, 18], "hlc": [921562, 1]}
INFO:<Node 9>:{"send": false, "recv": true, "to": 9, "from": 1, "vc": [11, 20, 13, 9, 20, 22, 13, 15, 9, 19], "hlc": [921561, 3]}
INFO:<Node 0>:{"send": true, "recv": false, "from": 0, "to": 6, "vc": [14, 2, 0, 0, 0, 0, 0, 0, 2, 2], "hlc": [921559, 1]}
INFO:<Node 1>:{"send": true, "recv": false, "from": 1, "to": 0, "vc": [11, 21, 13, 9, 20, 22, 13, 15, 9, 15], "hlc": [921561, 3]}
INFO:<Node 2>:{"send": true, "recv": false, "from": 2, "to": 5, "vc": [11, 15, 17, 13, 20, 24, 13, 10, 9, 17], "hlc": [921560, 3]}
INFO:<Node 5>:{"send": true, "recv": false, "from": 5, "to": 2, "vc": [9, 17, 13, 15, 25, 26, 16, 13, 15, 10], "hlc": [921560, 9]}
INFO:<Node 7>:{"send": true, "recv": false, "from": 7, "to": 8, "vc": [12, 15, 11, 12, 19, 20, 18, 18, 12, 18], "hlc": [921562, 2]}
INFO:<Node 8>:{"send": true, "recv": false, "from": 8, "to": 5, "vc": [11, 17, 13, 9, 22, 20, 13, 13, 18, 16], "hlc": [921560, 5]}
INFO:<Node 0>:{"send": false, "recv": true, "to": 0, "from": 1, "vc": [15, 21, 13, 9, 20, 22, 13, 15, 9, 15], "hlc": [921561, 4]}
INFO:<Node 2>:{"send": false, "recv": true, "to": 2, "from": 5, "vc": [11, 17, 18, 15, 25, 26, 16, 13, 15, 17], "hlc": [921561, 0]}
INFO:<Node 5>:{"send": false, "recv": true, "to": 5, "from": 2, "vc": [11, 17, 17, 15, 25, 27, 16, 13, 15, 17], "hlc": [921561, 0]}
INFO:<Node 5>:{"send": false, "recv": true, "to": 5, "from": 8, "vc": [11, 17, 17, 15, 25, 28, 16, 13, 18, 17], "hlc": [921561, 1]}
INFO:<Node 6>:{"send": false, "recv": true, "to": 6, "from": 0, "vc": [14, 15, 11, 12, 10, 16, 20, 7, 12, 10], "hlc": [921559, 2]}
INFO:<Node 8>:{"send": false, "recv": true, "to": 8, "from": 7, "vc": [12, 17, 13, 12, 22, 20, 18, 18, 19, 18], "hlc": [921562, 3]}
INFO:<Node 0>:{"send": true, "recv": false, "from": 0, "to": 6, "vc": [16, 21, 13, 9, 20, 22, 13, 15, 9, 15], "hlc": [921561, 5]}
INFO:<Node 3>:{"send": true, "recv": false, "from": 3, "to": 0, "vc": [9, 17, 13, 17, 26, 16, 16, 13, 15, 10], "hlc": [921560, 9]}
INFO:<Node 4>:{"send": true, "recv": false, "from": 4, "to": 7, "vc": [9, 17, 13, 12, 27, 16, 16, 13, 15, 10], "hlc": [921560, 7]}
INFO:<Node 8>:{"send": true, "recv": false, "from": 8, "to": 4, "vc": [12, 17, 13, 12, 22, 20, 18, 18, 20, 18], "hlc": [921562, 4]}
INFO:<Node 9>:{"send": true, "recv": false, "from": 9, "to": 2, "vc": [11, 20, 13, 9, 20, 22, 13, 15, 9, 20], "hlc": [921561, 4]}
INFO:<Node 0>:{"send": false, "recv": true, "to": 0, "from": 3, "vc": [17, 21, 13, 17, 26, 22, 16, 15, 15, 15], "hlc": [921561, 6]}
INFO:<Node 2>:{"send": false, "recv": true, "to": 2, "from": 9, "vc": [11, 20, 19, 15, 25, 26, 16, 15, 15, 20], "hlc": [921561, 5]}
INFO:<Node 4>:{"send": false, "recv": true, "to": 4, "from": 8, "vc": [12, 17, 13, 12, 28, 20, 18, 18, 20, 18], "hlc": [921562, 5]}
INFO:<Node 6>:{"send": false, "recv": true, "to": 6, "from": 0, "vc": [16, 21, 13, 12, 20, 22, 21, 15, 12, 15], "hlc": [921561, 6]}
INFO:<Node 7>:{"send": false, "recv": true, "to": 7, "from": 4, "vc": [12, 17, 13, 12, 27, 20, 18, 19, 15, 18], "hlc": [921563, 0]}
INFO:<Node 5>:{"send": true, "recv": false, "from": 5, "to": 7, "vc": [11, 17, 17, 15, 25, 29, 16, 13, 18, 17], "hlc": [921561, 2]}
INFO:<Node 8>:{"send": true, "recv": false, "from": 8, "to": 0, "vc": [12, 17, 13, 12, 22, 20, 18, 18, 21, 18], "hlc": [921562, 5]}
INFO:<Node 0>:{"send": false, "recv": true, "to": 0, "from": 8, "vc": [18, 21, 13, 17, 26, 22, 18, 18, 21, 18], "hlc": [921562, 6]}
INFO:<Node 7>:{"send": false, "recv": true, "to": 7, "from": 5, "vc": [12, 17, 17, 15, 27, 29, 18, 20, 18, 18], "hlc": [921563, 1]}
INFO:<Node 1>:{"send": true, "recv": false, "from": 1, "to": 6, "vc": [11, 22, 13, 9, 20, 22, 13, 15, 9, 15], "hlc": [921561, 4]}
INFO:<Node 2>:{"send": true, "recv": false, "from": 2, "to": 7, "vc": [11, 20, 20, 15, 25, 26, 16, 15, 15, 20], "hlc": [921562, 0]}
INFO:<Node 4>:{"send": true, "recv": false, "from": 4, "to": 1, "vc": [12, 17, 13, 12, 29, 20, 18, 18, 20, 18], "hlc": [921562, 6]}
INFO:<Node 7>:{"send": true, "recv": false, "from": 7, "to": 5, "vc": [12, 17, 17, 15, 27, 29, 18, 21, 18, 18], "hlc": [921563, 2]}
INFO:<Node 8>:{"send": true, "recv": false, "from": 8, "to": 3, "vc": [12, 17, 13, 12, 22, 20, 18, 18, 22, 18], "hlc": [921562, 6]}
INFO:<Node 9>:{"send": true, "recv": false, "from": 9, "to": 7, "vc": [11, 20, 13, 9, 20, 22, 13, 15, 9, 21], "hlc": [921561, 5]}
INFO:<Node 1>:{"send": false, "recv": true, "to": 1, "from": 4, "vc": [12, 23, 13, 12, 29, 22, 18, 18, 20, 18], "hlc": [921562, 7]}
INFO:<Node 3>:{"send": false, "recv": true, "to": 3, "from": 8, "vc": [12, 17, 13, 18, 26, 20, 18, 18, 22, 18], "hlc": [921562, 7]}
INFO:<Node 5>:{"send": false, "recv": true, "to": 5, "from": 7, "vc": [12, 17, 17, 15, 27, 30, 18, 21, 18, 18], "hlc": [921563, 3]}
INFO:<Node 6>:{"send": false, "recv": true, "to": 6, "from": 1, "vc": [16, 22, 13, 12, 20, 22, 22, 15, 12, 15], "hlc": [921561, 7]}
INFO:<Node 7>:{"send": false, "recv": true, "to": 7, "from": 2, "vc": [12, 20, 20, 15, 27, 29, 18, 22, 18, 20], "hlc": [921564, 0]}
INFO:<Node 7>:{"send": false, "recv": true, "to": 7, "from": 9, "vc": [12, 20, 20, 15, 27, 29, 18, 23, 18, 21], "hlc": [921564, 1]}
INFO:<Node 0>:{"send": true, "recv": false, "from": 0, "to": 5, "vc": [19, 21, 13, 17, 26, 22, 18, 18, 21, 18], "hlc": [921562, 7]}
INFO:<Node 3>:{"send": true, "recv": false, "from": 3, "to": 1, "vc": [12, 17, 13, 19, 26, 20, 18, 18, 22, 18], "hlc": [921562, 8]}
INFO:<Node 4>:{"send": true, "recv": false, "from": 4, "to": 2, "vc": [12, 17, 13, 12, 30, 20, 18, 18, 20, 18], "hlc": [921562, 7]}
INFO:<Node 5>:{"send": true, "recv": false, "from": 5, "to": 2, "vc": [12, 17, 17, 15, 27, 31, 18, 21, 18, 18], "hlc": [921563, 4]}
INFO:<Node 6>:{"send": true, "recv": false, "from": 6, "to": 1, "vc": [16, 22, 13, 12, 20, 22, 23, 15, 12, 15], "hlc": [921561, 8]}
INFO:<Node 8>:{"send": true, "recv": false, "from": 8, "to": 5, "vc": [12, 17, 13, 12, 22, 20, 18, 18, 23, 18], "hlc": [921562, 7]}
INFO:<Node 9>:{"send": true, "recv": false, "from": 9, "to": 5, "vc": [11, 20, 13, 9, 20, 22, 13, 15, 9, 22], "hlc": [921561, 6]}
INFO:<Node 1>:{"send": false, "recv": true, "to": 1, "from": 3, "vc": [12, 24, 13, 19, 29, 22, 18, 18, 22, 18], "hlc": [921562, 9]}
INFO:<Node 1>:{"send": false, "recv": true, "to": 1, "from": 6, "vc": [16, 25, 13, 19, 29, 22, 23, 18, 22, 18], "hlc": [921562, 10]}
INFO:<Node 2>:{"send": false, "recv": true, "to": 2, "from": 4, "vc": [12, 20, 21, 15, 30, 26, 18, 18, 20, 20], "hlc": [921563, 0]}
INFO:<Node 2>:{"send": false, "recv": true, "to": 2, "from": 5, "vc": [12, 20, 22, 15, 30, 31, 18, 21, 20, 20], "hlc": [921563, 5]}
INFO:<Node 5>:{"send": false, "recv": true, "to": 5, "from": 0, "vc": [19, 21, 17, 17, 27, 32, 18, 21, 21, 18], "hlc": [921563, 5]}
INFO:<Node 5>:{"send": false, "recv": true, "to": 5, "from": 8, "vc": [19, 21, 17, 17, 27, 33, 18, 21, 23, 18], "hlc": [921563, 6]}
INFO:<Node 5>:{"send": false, "recv": true, "to": 5, "from": 9, "vc": [19, 21, 17, 17, 27, 34, 18, 21, 23, 22], "hlc": [921563, 7]}
INFO:<Node 0>:{"send": true, "recv": false, "from": 0, "to": 5, "vc": [20, 21, 13, 17, 26, 22, 18, 18, 21, 18], "hlc": [921562, 8]}
INFO:<Node 2>:{"send": true, "recv": false, "from": 2, "to": 6, "vc": [12, 20, 23, 15, 30, 31, 18, 21, 20, 20], "hlc": [921563, 6]}
INFO:<Node 5>:{"send": true, "recv": false, "from": 5, "to": 3, "vc": [19, 21, 17, 17, 27, 35, 18, 21, 23, 22], "hlc": [921563, 8]}
INFO:<Node 6>:{"send": true, "recv": false, "from": 6, "to": 4, "vc": [16, 22, 13, 12, 20, 22, 24, 15, 12, 15], "hlc": [921561, 9]}
INFO:<Node 8>:{"send": true, "recv": false, "from": 8, "to": 2, "vc": [12, 17, 13, 12, 22, 20, 18, 18, 24, 18], "hlc": [921562, 8]}
INFO:<Node 9>:{"send": true, "recv": false, "from": 9, "to": 2, "vc": [11, 20, 13, 9, 20, 22, 13, 15, 9, 23], "hlc": [921561, 7]}
INFO:<Node 2>:{"send": false, "recv": true, "to": 2, "from": 8, "vc": [12, 20, 24, 15, 30, 31, 18, 21, 24, 20], "hlc": [921563, 7]}
INFO:<Node 2>:{"send": false, "recv": true, "to": 2, "from": 9, "vc": [12, 20, 25, 15, 30, 31, 18, 21, 24, 23], "hlc": [921563, 8]}
INFO:<Node 3>:{"send": false, "recv": true, "to": 3, "from": 5, "vc": [19, 21, 17, 20, 27, 35, 18, 21, 23, 22], "hlc": [921563, 9]}
INFO:<Node 4>:{"send": false, "recv": true, "to": 4, "from": 6, "vc": [16, 22, 13, 12, 31, 22, 24, 18, 20, 18], "hlc": [921562, 8]}
INFO:<Node 5>:{"send": false, "recv": true, "to": 5, "from": 0, "vc": [20, 21, 17, 17, 27, 36, 18, 21, 23, 22], "hlc": [921563, 9]}
INFO:<Node 6>:{"send": false, "recv": true, "to": 6, "from": 2, "vc": [16, 22, 23, 15, 30, 31, 25, 21, 20, 20], "hlc": [921563, 7]}
INFO:<Node 0>:{"send": true, "recv": false, "from": 0, "to": 3, "vc": [21, 21, 13, 17, 26, 22, 18, 18, 21, 18], "hlc": [921562, 9]}
INFO:<Node 1>:{"send": true, "recv": false, "from": 1, "to": 5, "vc": [16, 26, 13, 19, 29, 22, 23, 18, 22, 18], "hlc": [921562, 11]}
INFO:<Node 2>:{"send": true, "recv": false, "from": 2, "to": 0, "vc": [12, 20, 26, 15, 30, 31, 18, 21, 24, 23], "hlc": [921563, 9]}
INFO:<Node 5>:{"send": true, "recv": false, "from": 5, "to": 7, "vc": [20, 21, 17, 17, 27, 37, 18, 21, 23, 22], "hlc": [921563, 10]}
INFO:<Node 6>:{"send": true, "recv": false, "from": 6, "to": 7, "vc": [16, 22, 23, 15, 30, 31, 26, 21, 20, 20], "hlc": [921563, 8]}
INFO:<Node 9>:{"send": true, "recv": false, "from": 9, "to": 8, "vc": [11, 20, 13, 9, 20, 22, 13, 15, 9, 24], "hlc": [921561, 8]}
INFO:<Node 0>:{"send": false, "recv": true, "to": 0, "from": 2, "vc": [22, 21, 26, 17, 30, 31, 18, 21, 24, 23], "hlc": [921563, 10]}
INFO:<Node 3>:{"send": false, "recv": true, "to": 3, "from": 0, "vc": [21, 21, 17, 21, 27, 35, 18, 21, 23, 22], "hlc": [921563, 10]}
INFO:<Node 5>:{"send": false, "recv": true, "to": 5, "from": 1, "vc": [20, 26, 17, 19, 29, 38, 23, 21, 23, 22], "hlc": [921564, 0]}
INFO:<Node 7>:{"send": false, "recv": true, "to": 7, "from": 5, "vc": [20, 21, 20, 17, 27, 37, 18, 24, 23, 22], "hlc": [921565, 0]}
INFO:<Node 7>:{"send": false, "recv": true, "to": 7, "from": 6, "vc": [20, 22, 23, 17, 30, 37, 26, 25, 23, 22], "hlc": [921565, 1]}
INFO:<Node 8>:{"send": false, "recv": true, "to": 8, "from": 9, "vc": [12, 20, 13, 12, 22, 22, 18, 18, 25, 24], "hlc": [921563, 0]}
INFO:<Node 1>:{"send": true, "recv": false, "from": 1, "to": 2, "vc": [16, 27, 13, 19, 29, 22, 23, 18, 22, 18], "hlc": [921562, 12]}
INFO:<Node 2>:{"send": true, "recv": false, "from": 2, "to": 3, "vc": [12, 20, 27, 15, 30, 31, 18, 21, 24, 23], "hlc": [921564, 0]}
INFO:<Node 3>:{"send": true, "recv": false, "from": 3, "to": 4, "vc": [21, 21, 17, 22, 27, 35, 18, 21, 23, 22], "hlc": [921563, 11]}
INFO:<Node 4>:{"send": true, "recv": false, "from": 4, "to": 2, "vc": [16, 22, 13, 12, 32, 22, 24, 18, 20, 18], "hlc": [921562, 9]}
INFO:<Node 6>:{"send": true, "recv": false, "from": 6, "to": 0, "vc": [16, 22, 23, 15, 30, 31, 27, 21, 20, 20], "hlc": [921563, 9]}
INFO:<Node 7>:{"send": true, "recv": false, "from": 7, "to": 1, "vc": [20, 22, 23, 17, 30, 37, 26, 26, 23, 22], "hlc": [921565, 2]}
INFO:<Node 8>:{"send": true, "recv": false, "from": 8, "to": 4, "vc": [12, 20, 13, 12, 22, 22, 18, 18, 26, 24], "hlc": [921563, 1]}
INFO:<Node 9>:{"send": true, "recv": false, "from": 9, "to": 5, "vc": [11, 20, 13, 9, 20, 22, 13, 15, 9, 25], "hlc": [921561, 9]}
INFO:<Node 0>:{"send": false, "recv": true, "to": 0, "from": 6, "vc": [23, 22, 26, 17, 30, 31, 27, 21, 24, 23], "hlc": [921563, 11]}
INFO:<Node 1>:{"send": false, "recv": true, "to": 1, "from": 7, "vc": [20, 28, 23, 19, 30, 37, 26, 26, 23, 22], "hlc": [921565, 3]}
INFO:<Node 2>:{"send": false, "recv": true, "to": 2, "from": 1, "vc": [16, 27, 28, 19, 30, 31, 23, 21, 24, 23], "hlc": [921564, 1]}
INFO:<Node 2>:{"send": false, "recv": true, "to": 2, "from": 4, "vc": [16, 27, 29, 19, 32, 31, 24, 21, 24, 23], "hlc": [921564, 2]}
INFO:<Node 3>:{"send": false, "recv": true, "to": 3, "from": 2, "vc": [21, 21, 27, 23, 30, 35, 18, 21, 24, 23], "hlc": [921564, 1]}
INFO:<Node 4>:{"send": false, "recv": true, "to": 4, "from": 3, "vc": [21, 22, 17, 22, 33, 35, 24, 21, 23, 22], "hlc": [921563, 12]}
INFO:<Node 4>:{"send": false, "recv": true, "to": 4, "from": 8, "vc": [21, 22, 17, 22, 34, 35, 24, 21, 26, 24], "hlc": [921563, 13]}
INFO:<Node 5>:{"send": false, "recv": true, "to": 5, "from": 9, "vc": [20, 26, 17, 19, 29, 39, 23, 21, 23, 25], "hlc": [921564, 1]}
INFO:<Node 0>:{"send": true, "recv": false, "from": 0, "to": 9, "vc": [24, 22, 26, 17, 30, 31, 27, 21, 24, 23], "hlc": [921563, 12]}
INFO:<Node 1>:{"send": true, "recv": false, "from": 1, "to": 5, "vc": [20, 29, 23, 19, 30, 37, 26, 26, 23, 22], "hlc": [921565, 4]}
INFO:<Node 2>:{"send": true, "recv": false, "from": 2, "to": 0, "vc": [16, 27, 30, 19, 32, 31, 24, 21, 24, 23], "hlc": [921564, 3]}
INFO:<Node 4>:{"send": true, "recv": false, "from": 4, "to": 5, "vc": [21, 22, 17, 22, 35, 35, 24, 21, 26, 24], "hlc": [921563, 14]}
INFO:<Node 5>:{"send": true, "recv": false, "from": 5, "to": 1, "vc": [20, 26, 17, 19, 29, 40, 23, 21, 23, 25], "hlc": [921564, 2]}
INFO:<Node 6>:{"send": true, "recv": false, "from": 6, "to": 5, "vc": [16, 22, 23, 15, 30, 31, 28, 21, 20, 20], "hlc": [921563, 10]}
INFO:<Node 7>:{"send": true, "recv": false, "from": 7, "to": 6, "vc": [20, 22, 23, 17, 30, 37, 26, 27, 23, 22], "hlc": [921566, 0]}
INFO:<Node 8>:{"send": true, "recv": false, "from": 8, "to": 7, "vc": [12, 20, 13, 12, 22, 22, 18, 18, 27, 24], "hlc": [921563, 2]}
INFO:<Node 9>:{"send": true, "recv": false, "from": 9, "to": 4, "vc": [11, 20, 13, 9, 20, 22, 13, 15, 9, 26], "hlc": [921561, 10]}
INFO:<Node 0>:{"send": false, "recv": true, "to": 0, "from": 2, "vc": [25, 27, 30, 19, 32, 31, 27, 21, 24, 23], "hlc": [921564, 4]}
INFO:<Node 1>:{"send": false, "recv": true, "to": 1, "from": 5, "vc": [20, 30, 23, 19, 30, 40, 26, 26, 23, 25], "hlc": [921565, 5]}
INFO:<Node 4>:{"send": false, "recv": true, "to": 4, "from": 9, "vc": [21, 22, 17, 22, 36, 35, 24, 21, 26, 26], "hlc": [921563, 15]}
INFO:<Node 5>:{"send": false, "recv": true, "to": 5, "from": 1, "vc": [20, 29, 23, 19, 30, 41, 26, 26, 23, 25], "hlc": [921565, 5]}
INFO:<Node 5>:{"send": false, "recv": true, "to": 5, "from": 4, "vc": [21, 29, 23, 22, 35, 42, 26, 26, 26, 25], "hlc": [921565, 6]}
INFO:<Node 5>:{"send": false, "recv": true, "to": 5, "from": 6, "vc": [21, 29, 23, 22, 35, 43, 28, 26, 26, 25], "hlc": [921565, 7]}
INFO:<Node 6>:{"send": false, "recv": true, "to": 6, "from": 7, "vc": [20, 22, 23, 17, 30, 37, 29, 27, 23, 22], "hlc": [921566, 1]}
INFO:<Node 7>:{"send": false, "recv": true, "to": 7, "from": 8, "vc": [20, 22, 23, 17, 30, 37, 26, 28, 27, 24], "hlc": [921566, 1]}
INFO:<Node 9>:{"send": false, "recv": true, "to": 9, "from": 0, "vc": [24, 22, 26, 17, 30, 31, 27, 21, 24, 27], "hlc": [921563, 13]}
INFO:<Node 1>:{"send": true, "recv": false, "from": 1, "to": 6, "vc": [20, 31, 23, 19, 30, 40, 26, 26, 23, 25], "hlc": [921565, 6]}
INFO:<Node 2>:{"send": true, "recv": false, "from": 2, "to": 3, "vc": [16, 27, 31, 19, 32, 31, 24, 21, 24, 23], "hlc": [921565, 0]}
INFO:<Node 3>:{"send": true, "recv": false, "from": 3, "to": 4, "vc": [21, 21, 27, 24, 30, 35, 18, 21, 24, 23], "hlc": [921564, 2]}
INFO:<Node 4>:{"send": true, "recv": false, "from": 4, "to": 7, "vc": [21, 22, 17, 22, 37, 35, 24, 21, 26, 26], "hlc": [921563, 16]}
INFO:<Node 6>:{"send": true, "recv": false, "from": 6, "to": 5, "vc": [20, 22, 23, 17, 30, 37, 30, 27, 23, 22], "hlc": [921566, 2]}
INFO:<Node 7>:{"send": true, "recv": false, "from": 7, "to": 2, "vc": [20, 22, 23, 17, 30, 37, 26, 29, 27, 24], "hlc": [921566, 2]}
INFO:<Node 8>:{"send": true, "recv": false, "from": 8, "to": 4, "vc": [12, 20, 13, 12, 22, 22, 18, 18, 28, 24], "hlc": [921564, 0]}
INFO:<Node 9>:{"send": true, "recv": false, "from": 9, "to": 4, "vc": [24, 22, 26, 17, 30, 31, 27, 21, 24, 28], "hlc": [921563, 14]}
INFO:<Node 2>:{"send": false, "recv": true, "to": 2, "from": 7, "vc": [20, 27, 32, 19, 32, 37, 26, 29, 27, 24], "hlc": [921566, 3]}
INFO:<Node 3>:{"send": false, "recv": true, "to": 3, "from": 2, "vc": [21, 27, 31, 25, 32, 35, 24, 21, 24, 23], "hlc": [921565, 1]}
INFO:<Node 4>:{"send": false, "recv": true, "to": 4, "from": 3, "vc": [21, 22, 27, 24, 38, 35, 24, 21, 26, 26], "hlc": [921564, 3]}
INFO:<Node 4>:{"send": false, "recv": true, "to": 4, "from": 8, "vc": [21, 22, 27, 24, 39, 35, 24, 21, 28, 26], "hlc": [921564, 4]}
INFO:<Node 4>:{"send": false, "recv": true, "to": 4, "from": 9, "vc": [24, 22, 27, 24, 40, 35, 27, 21, 28, 28], "hlc": [921564, 5]}
INFO:<Node 5>:{"send": false, "recv": true, "to": 5, "from": 6, "vc": [21, 29, 23, 22, 35, 44, 30, 27, 26, 25], "hlc": [921566, 3]}
INFO:<Node 6>:{"send": false, "recv": true, "to": 6, "from": 1, "vc": [20, 31, 23, 19, 30, 40, 31, 27, 23, 25], "hlc": [921566, 3]}
INFO:<Node 7>:{"send": false, "recv": true, "to": 7, "from": 4, "vc": [21, 22, 23, 22, 37, 37, 26, 30, 27, 26], "hlc": [921567, 0]}
INFO:<Node 0>:{"send": true, "recv": false, "from": 0, "to": 1, "vc": [26, 27, 30, 19, 32, 31, 27, 21, 24, 23], "hlc": [921564, 5]}
INFO:<Node 1>:{"send": true, "recv": false, "from": 1, "to": 9, "vc": [20, 32, 23, 19, 30, 40, 26, 26, 23, 25], "hlc": [921565, 7]}
INFO:<Node 3>:{"send": true, "recv": false, "from": 3, "to": 6, "vc": [21, 27, 31, 26, 32, 35, 24, 21, 24, 23], "hlc": [921565, 2]}
INFO:<Node 4>:{"send": true, "recv": false, "from": 4, "to": 6, "vc": [24, 22, 27, 24, 41, 35, 27, 21, 28, 28], "hlc": [921564, 6]}
INFO:<Node 6>:{"send": true, "recv": false, "from": 6, "to": 4, "vc": [20, 31, 23, 19, 30, 40, 32, 27, 23, 25], "hlc": [921566, 4]}
INFO:<Node 7>:{"send": true, "recv": false, "from": 7, "to": 1, "vc": [21, 22, 23, 22, 37, 37, 26, 31, 27, 26], "hlc": [921567, 1]}
INFO:<Node 1>:{"send": false, "recv": true, "to": 1, "from": 0, "vc": [26, 33, 30, 19, 32, 40, 27, 26, 24, 25], "hlc": [921565, 8]}
INFO:<Node 1>:{"send": false, "recv": true, "to": 1, "from": 7, "vc": [26, 34, 30, 22, 37, 40, 27, 31, 27, 26], "hlc": [921567, 2]}
INFO:<Node 4>:{"send": false, "recv": true, "to": 4, "from": 6, "vc": [24, 31, 27, 24, 42, 40, 32, 27, 28, 28], "hlc": [921566, 5]}
INFO:<Node 6>:{"send": false, "recv": true, "to": 6, "from": 3, "vc": [21, 31, 31, 26, 32, 40, 33, 27, 24, 25], "hlc": [921566, 5]}
INFO:<Node 6>:{"send": false, "recv": true, "to": 6, "from": 4, "vc": [24, 31, 31, 26, 41, 40, 34, 27, 28, 28], "hlc": [921566, 6]}
INFO:<Node 9>:{"send": false, "recv": true, "to": 9, "from": 1, "vc": [24, 32, 26, 19, 30, 40, 27, 26, 24, 29], "hlc": [921565, 8]}
INFO:<Node 0>:{"send": true, "recv": false, "from": 0, "to": 2, "vc": [27, 27, 30, 19, 32, 31, 27, 21, 24, 23], "hlc": [921565, 0]}
INFO:<Node 3>:{"send": true, "recv": false, "from": 3, "to": 1, "vc": [21, 27, 31, 27, 32, 35, 24, 21, 24, 23], "hlc": [921565, 3]}
INFO:<Node 4>:{"send": true, "recv": false, "from": 4, "to": 1, "vc": [24, 31, 27, 24, 43, 40, 32, 27, 28, 28], "hlc": [921566, 6]}
INFO:<Node 5>:{"send": true, "recv": false, "from": 5, "to": 2, "vc": [21, 29, 23, 22, 35, 45, 30, 27, 26, 25], "hlc": [921566, 4]}
INFO:<Node 8>:{"send": true, "recv": false, "from": 8, "to": 3, "vc": [12, 20, 13, 12, 22, 22, 18, 18, 29, 24], "hlc": [921565, 0]}
INFO:<Node 9>:{"send": true, "recv": false, "from": 9, "to": 6, "vc": [24, 32, 26, 19, 30, 40, 27, 26, 24, 30], "hlc": [921565, 9]}
INFO:<Node 1>:{"send": false, "recv": true, "to": 1, "from": 3, "vc": [26, 35, 31, 27, 37, 40, 27, 31, 27, 26], "hlc": [921567, 3]}
INFO:<Node 1>:{"send": false, "recv": true, "to": 1, "from": 4, "vc": [26, 36, 31, 27, 43, 40, 32, 31, 28, 28], "hlc": [921567, 4]}
INFO:<Node 2>:{"send": false, "recv": true, "to": 2, "from": 0, "vc": [27, 27, 33, 19, 32, 37, 27, 29, 27, 24], "hlc": [921566, 4]}
INFO:<Node 2>:{"send": false, "recv": true, "to": 2, "from": 5, "vc": [27, 29, 34, 22, 35, 45, 30, 29, 27, 25], "hlc": [921566, 5]}
INFO:<Node 3>:{"send": false, "recv": true, "to": 3, "from": 8, "vc": [21, 27, 31, 28, 32, 35, 24, 21, 29, 24], "hlc": [921565, 4]}
INFO:<Node 6>:{"send": false, "recv": true, "to": 6, "from": 9, "vc": [24, 32, 31, 26, 41, 40, 35, 27, 28, 30], "hlc": [921566, 7]}
INFO:<Node 0>:{"send": true, "recv": false, "from": 0, "to": 4, "vc": [28, 27, 30, 19, 32, 31, 27, 21, 24, 23], "hlc": [921565, 1]}
INFO:<Node 1>:{"send": true, "recv": false, "from": 1, "to": 5, "vc": [26, 37, 31, 27, 43, 40, 32, 31, 28, 28], "hlc": [921567, 5]}
INFO:<Node 2>:{"send": true, "recv": false, "from": 2, "to": 9, "vc": [27, 29, 35, 22, 35, 45, 30, 29, 27, 25], "hlc": [921566, 6]}
INFO:<Node 3>:{"send": true, "recv": false, "from": 3, "to": 2, "vc": [21, 27, 31, 29, 32, 35, 24, 21, 29, 24], "hlc": [921565, 5]}
INFO:<Node 4>:{"send": true, "recv": false, "from": 4, "to": 5, "vc": [24, 31, 27, 24, 44, 40, 32, 27, 28, 28], "hlc": [921566, 7]}
INFO:<Node 5>:{"send": true, "recv": false, "from": 5, "to": 9, "vc": [21, 29, 23, 22, 35, 46, 30, 27, 26, 25], "hlc": [921566, 5]}
INFO:<Node 7>:{"send": true, "recv": false, "from": 7, "to": 9, "vc": [21, 22, 23, 22, 37, 37, 26, 32, 27, 26], "hlc": [921568, 0]}
INFO:<Node 2>:{"send": false, "recv": true, "to": 2, "from": 3, "vc": [27, 29, 36, 29, 35, 45, 30, 29, 29, 25], "hlc": [921567, 0]}
INFO:<Node 4>:{"send": false, "recv": true, "to": 4, "from": 0, "vc": [28, 31, 30, 24, 45, 40, 32, 27, 28, 28], "hlc": [921566, 8]}
INFO:<Node 5>:{"send": false, "recv": true, "to": 5, "from": 1, "vc": [26, 37, 31, 27, 43, 47, 32, 31, 28, 28], "hlc": [921567, 6]}
INFO:<Node 5>:{"send": false, "recv": true, "to": 5, "from": 4, "vc": [26, 37, 31, 27, 44, 48, 32, 31, 28, 28], "hlc": [921567, 7]}
INFO:<Node 9>:{"send": false, "recv": true, "to": 9, "from": 2, "vc": [27, 32, 35, 22, 35, 45, 30, 29, 27, 31], "hlc": [921566, 7]}
INFO:<Node 9>:{"send": false, "recv": true, "to": 9, "from": 5, "vc": [27, 32, 35, 22, 35, 46, 30, 29, 27, 32], "hlc": [921566, 8]}
INFO:<Node 9>:{"send": false, "recv": true, "to": 9, "from": 7, "vc": [27, 32, 35, 22, 37, 46, 30, 32, 27, 33], "hlc": [921568, 1]}
INFO:<Node 0>:{"send": true, "recv": false, "from": 0, "to": 1, "vc": [29, 27, 30, 19, 32, 31, 27, 21, 24, 23], "hlc": [921566, 0]}
INFO:<Node 1>:{"send": true, "recv": false, "from": 1, "to": 8, "vc": [26, 38, 31, 27, 43, 40, 32, 31, 28, 28], "hlc": [921567, 6]}
INFO:<Node 2>:{"send": true, "recv": false, "from": 2, "to": 6, "vc": [27, 29, 37, 29, 35, 45, 30, 29, 29, 25], "hlc": [921567, 1]}
INFO:<Node 3>:{"send": true, "recv": false, "from": 3, "to": 0, "vc": [21, 27, 31, 30, 32, 35, 24, 21, 29, 24], "hlc": [921565, 6]}
INFO:<Node 4>:{"send": true, "recv": false, "from": 4, "to": 0, "vc": [28, 31, 30, 24, 46, 40, 32, 27, 28, 28], "hlc": [921566, 9]}
INFO:<Node 5>:{"send": true, "recv": false, "from": 5, "to": 9, "vc": [26, 37, 31, 27, 44, 49, 32, 31, 28, 28], "hlc": [921567, 8]}
INFO:<Node 7>:{"send": true, "recv": false, "from": 7, "to": 5, "vc": [21, 22, 23, 22, 37, 37, 26, 33, 27, 26], "hlc": [921568, 1]}
INFO:<Node 9>:{"send": true, "recv": false, "from": 9, "to": 6, "vc": [27, 32, 35, 22, 37, 46, 30, 32, 27, 34], "hlc": [921568, 2]}
INFO:<Node 0>:{"send": false, "recv": true, "to": 0, "from": 3, "vc": [30, 27, 31, 30, 32, 35, 27, 21, 29, 24], "hlc": [921566, 1]}
INFO:<Node 0>:{"send": false, "recv": true, "to": 0, "from": 4, "vc": [31, 31, 31, 30, 46, 40, 32, 27, 29, 28], "hlc": [921566, 10]}
INFO:<Node 1>:{"send": false, "recv": true, "to": 1, "from": 0, "vc": [29, 39, 31, 27, 43, 40, 32, 31, 28, 28], "hlc": [921567, 7]}
INFO:<Node 5>:{"send": false, "recv": true, "to": 5, "from": 7, "vc": [26, 37, 31, 27, 44, 50, 32, 33, 28, 28], "hlc": [921568, 2]}
INFO:<Node 6>:{"send": false, "recv": true, "to": 6, "from": 2, "vc": [27, 32, 37, 29, 41, 45, 36, 29, 29, 30], "hlc": [921567, 2]}
INFO:<Node 6>:{"send": false, "recv": true, "to": 6, "from": 9, "vc": [27, 32, 37, 29, 41, 46, 37, 32, 29, 34], "hlc": [921568, 3]}
INFO:<Node 8>:{"send": false, "recv": true, "to": 8, "from": 1, "vc": [26, 38, 31, 27, 43, 40, 32, 31, 30, 28], "hlc": [921567, 7]}
INFO:<Node 9>:{"send": false, "recv": true, "to": 9, "from": 5, "vc": [27, 37, 35, 27, 44, 49, 32, 32, 28, 35], "hlc": [921568, 3]}
INFO:<Node 0>:{"send": true, "recv": false, "from": 0, "to": 7, "vc": [32, 31, 31, 30, 46, 40, 32, 27, 29, 28], "hlc": [921566, 11]}
INFO:<Node 1>:{"send": true, "recv": false, "from": 1, "to": 2, "vc": [29, 40, 31, 27, 43, 40, 32, 31, 28, 28], "hlc": [921567, 8]}
INFO:<Node 2>:{"send": true, "recv": false, "from": 2, "to": 9, "vc": [27, 29, 38, 29, 35, 45, 30, 29, 29, 25], "hlc": [921567, 2]}
INFO:<Node 4>:{"send": true, "recv": false, "from": 4, "to": 7, "vc": [28, 31, 30, 24, 47, 40, 32, 27, 28, 28], "hlc": [921566, 10]}
INFO:<Node 5>:{"send": true, "recv": false, "from": 5, "to": 4, "vc": [26, 37, 31, 27, 44, 51, 32, 33, 28, 28], "hlc": [921568, 3]}
INFO:<Node 6>:{"send": true, "recv": false, "from": 6, "to": 1, "vc": [27, 32, 37, 29, 41, 46, 38, 32, 29, 34], "hlc": [921568, 4]}
INFO:<Node 8>:{"send": true, "recv": false, "from": 8, "to": 9, "vc": [26, 38, 31, 27, 43, 40, 32, 31, 31, 28], "hlc": [921567, 8]}
INFO:<Node 9>:{"send": true, "recv": false, "from": 9, "to": 3, "vc": [27, 37, 35, 27, 44, 49, 32, 32, 28, 36], "hlc": [921568, 4]}
INFO:<Node 1>:{"send": false, "recv": true, "to": 1, "from": 6, "vc": [29, 41, 37, 29, 43, 46, 38, 32, 29, 34], "hlc": [921568, 5]}
INFO:<Node 2>:{"send": false, "recv": true, "to": 2, "from": 1, "vc": [29, 40, 39, 29, 43, 45, 32, 31, 29, 28], "hlc": [921568, 0]}
INFO:<Node 3>:{"send": false, "recv": true, "to": 3, "from": 9, "vc": [27, 37, 35, 31, 44, 49, 32, 32, 29, 36], "hlc": [921568, 5]}
INFO:<Node 4>:{"send": false, "recv": true, "to": 4, "from": 5, "vc": [28, 37, 31, 27, 48, 51, 32, 33, 28, 28], "hlc": [921568, 4]}
INFO:<Node 7>:{"send": false, "recv": true, "to": 7, "from": 0, "vc": [32, 31, 31, 30, 46, 40, 32, 34, 29, 28], "hlc": [921569, 0]}
INFO:<Node 7>:{"send": false, "recv": true, "to": 7, "from": 4, "vc": [32, 31, 31, 30, 47, 40, 32, 35, 29, 28], "hlc": [921569, 1]}
INFO:<Node 9>:{"send": false, "recv": true, "to": 9, "from": 2, "vc": [27, 37, 38, 29, 44, 49, 32, 32, 29, 37], "hlc": [921568, 5]}
INFO:<Node 9>:{"send": false, "recv": true, "to": 9, "from": 8, "vc": [27, 38, 38, 29, 44, 49, 32, 32, 31, 38], "hlc": [921568, 6]}
INFO:<Node 0>:{"send": true, "recv": false, "from": 0, "to": 6, "vc": [33, 31, 31, 30, 46, 40, 32, 27, 29, 28], "hlc": [921567, 0]}
INFO:<Node 1>:{"send": true, "recv": false, "from": 1, "to": 9, "vc": [29, 42, 37, 29, 43, 46, 38, 32, 29, 34], "hlc": [921568, 6]}
INFO:<Node 3>:{"send": true, "recv": false, "from": 3, "to": 6, "vc": [27, 37, 35, 32, 44, 49, 32, 32, 29, 36], "hlc": [921568, 6]}
INFO:<Node 5>:{"send": true, "recv": false, "from": 5, "to": 1, "vc": [26, 37, 31, 27, 44, 52, 32, 33, 28, 28], "hlc": [921568, 4]}
INFO:<Node 8>:{"send": true, "recv": false, "from": 8, "to": 5, "vc": [26, 38, 31, 27, 43, 40, 32, 31, 32, 28], "hlc": [921567, 9]}
INFO:<Node 9>:{"send": true, "recv": false, "from": 9, "to": 6, "vc": [27, 38, 38, 29, 44, 49, 32, 32, 31, 39], "hlc": [921568, 7]}
INFO:<Node 1>:{"send": false, "recv": true, "to": 1, "from": 5, "vc": [29, 43, 37, 29, 44, 52, 38, 33, 29, 34], "hlc": [921568, 7]}
INFO:<Node 5>:{"send": false, "recv": true, "to": 5, "from": 8, "vc": [26, 38, 31, 27, 44, 53, 32, 33, 32, 28], "hlc": [921568, 5]}
INFO:<Node 6>:{"send": false, "recv": true, "to": 6, "from": 0, "vc": [33, 32, 37, 30, 46, 46, 39, 32, 29, 34], "hlc": [921568, 5]}
INFO:<Node 6>:{"send": false, "recv": true, "to": 6, "from": 3, "vc": [33, 37, 37, 32, 46, 49, 40, 32, 29, 36], "hlc": [921568, 7]}
INFO:<Node 6>:{"send": false, "recv": true, "to": 6, "from": 9, "vc": [33, 38, 38, 32, 46, 49, 41, 32, 31, 39], "hlc": [921568, 8]}
INFO:<Node 9>:{"send": false, "recv": true, "to": 9, "from": 1, "vc": [29, 42, 38, 29, 44, 49, 38, 32, 31, 40], "hlc": [921568, 8]}
INFO:<Node 0>:{"send": true, "recv": false, "from": 0, "to": 7, "vc": [34, 31, 31, 30, 46, 40, 32, 27, 29, 28], "hlc": [921567, 1]}
INFO:<Node 1>:{"send": true, "recv": false, "from": 1, "to": 7, "vc": [29, 44, 37, 29, 44, 52, 38, 33, 29, 34], "hlc": [921568, 8]}
INFO:<Node 4>:{"send": true, "recv": false, "from": 4, "to": 7, "vc": [28, 37, 31, 27, 49, 51, 32, 33, 28, 28], "hlc": [921568, 5]}
INFO:<Node 6>:{"send": true, "recv": false, "from": 6, "to": 3, "vc": [33, 38, 38, 32, 46, 49, 42, 32, 31, 39], "hlc": [921568, 9]}
INFO:<Node 7>:{"send": true, "recv": false, "from": 7, "to": 4, "vc": [32, 31, 31, 30, 47, 40, 32, 36, 29, 28], "hlc": [921570, 0]}
INFO:<Node 9>:{"send": true, "recv": false, "from": 9, "to": 5, "vc": [29, 42, 38, 29, 44, 49, 38, 32, 31, 41], "hlc": [921568, 9]}
INFO:<Node 3>:{"send": false, "recv": true, "to": 3, "from": 6, "vc": [33, 38, 38, 33, 46, 49, 42, 32, 31, 39], "hlc": [921568, 10]}
INFO:<Node 4>:{"send": false, "recv": true, "to": 4, "from": 7, "vc": [32, 37, 31, 30, 50, 51, 32, 36, 29, 28], "hlc": [921570, 1]}
INFO:<Node 5>:{"send": false, "recv": true, "to": 5, "from": 9, "vc": [29, 42, 38, 29, 44, 54, 38, 33, 32, 41], "hlc": [921569, 0]}
INFO:<Node 7>:{"send": false, "recv": true, "to": 7, "from": 0, "vc": [34, 31, 31, 30, 47, 40, 32, 37, 29, 28], "hlc": [921570, 1]}
INFO:<Node 7>:{"send": false, "recv": true, "to": 7, "from": 1, "vc": [34, 44, 37, 30, 47, 52, 38, 38, 29, 34], "hlc": [921570, 2]}
INFO:<Node 7>:{"send": false, "recv": true, "to": 7, "from": 4, "vc": [34, 44, 37, 30, 49, 52, 38, 39, 29, 34], "hlc": [921570, 3]}
INFO:<Node 0>:{"send": true, "recv": false, "from": 0, "to": 1, "vc": [35, 31, 31, 30, 46, 40, 32, 27, 29, 28], "hlc": [921568, 0]}
INFO:<Node 1>:{"send": true, "recv": false, "from": 1, "to": 8, "vc": [29, 45, 37, 29, 44, 52, 38, 33, 29, 34], "hlc": [921568, 9]}
INFO:<Node 5>:{"send": true, "recv": false, "from": 5, "to": 1, "vc": [29, 42, 38, 29, 44, 55, 38, 33, 32, 41], "hlc": [921569, 1]}
INFO:<Node 8>:{"send": true, "recv": false, "from": 8, "to": 6, "vc": [26, 38, 31, 27, 43, 40, 32, 31, 33, 28], "hlc": [921568, 0]}
INFO:<Node 9>:{"send": true, "recv": false, "from": 9, "to": 2, "vc": [29, 42, 38, 29, 44, 49, 38, 32, 31, 42], "hlc": [921568, 10]}
INFO:<Node 1>:{"send": false, "recv": true, "to": 1, "from": 0, "vc": [35, 46, 37, 30, 46, 52, 38, 33, 29, 34], "hlc": [921568, 10]}
INFO:<Node 1>:{"send": false, "recv": true, "to": 1, "from": 5, "vc": [35, 47, 38, 30, 46, 55, 38, 33, 32, 41], "hlc": [921569, 2]}
INFO:<Node 2>:{"send": false, "recv": true, "to": 2, "from": 9, "vc": [29, 42, 40, 29, 44, 49, 38, 32, 31, 42], "hlc": [921569, 0]}
INFO:<Node 6>:{"send": false, "recv": true, "to": 6, "from": 8, "vc": [33, 38, 38, 32, 46, 49, 43, 32, 33, 39], "hlc": [921568, 10]}
INFO:<Node 8>:{"send": false, "recv": true, "to": 8, "from": 1, "vc": [29, 45, 37, 29, 44, 52, 38, 33, 34, 34], "hlc": [921568, 10]}
INFO:<Node 0>:{"send": true, "recv": false, "from": 0, "to": 5, "vc": [36, 31, 31, 30, 46, 40, 32, 27, 29, 28], "hlc": [921568, 1]}
INFO:<Node 1>:{"send": true, "recv": false, "from": 1, "to": 2, "vc": [35, 48, 38, 30, 46, 55, 38, 33, 32, 41], "hlc": [921569, 3]}
INFO:<Node 2>:{"send": true, "recv": false, "from": 2, "to": 5, "vc": [29, 42, 41, 29, 44, 49, 38, 32, 31, 42], "hlc": [921569, 1]}
INFO:<Node 5>:{"send": true, "recv": false, "from": 5, "to": 0, "vc": [29, 42, 38, 29, 44, 56, 38, 33, 32, 41], "hlc": [921569, 2]}
INFO:<Node 6>:{"send": true, "recv": false, "from": 6, "to": 5, "vc": [33, 38, 38, 32, 46, 49, 44, 32, 33, 39], "hlc": [921568, 11]}
INFO:<Node 7>:{"send": true, "recv": false, "from": 7, "to": 3, "vc": [34, 44, 37, 30, 49, 52, 38, 40, 29, 34], "hlc": [921571, 0]}
INFO:<Node 9>:{"send": true, "recv": false, "from": 9, "to": 6, "vc": [29, 42, 38, 29, 44, 49, 38, 32, 31, 43], "hlc": [921568, 11]}
INFO:<Node 0>:{"send": false, "recv": true, "to": 0, "from": 5, "vc": [37, 42, 38, 30, 46, 56, 38, 33, 32, 41], "hlc": [921569, 3]}
INFO:<Node 2>:{"send": false, "recv": true, "to": 2, "from": 1, "vc": [35, 48, 42, 30, 46, 55, 38, 33, 32, 42], "hlc": [921570, 0]}
INFO:<Node 3>:{"send": false, "recv": true, "to": 3, "from": 7, "vc": [34, 44, 38, 34, 49, 52, 42, 40, 31, 39], "hlc": [921571, 1]}
INFO:<Node 5>:{"send": false, "recv": true, "to": 5, "from": 0, "vc": [36, 42, 38, 30, 46, 57, 38, 33, 32, 41], "hlc": [921570, 0]}
INFO:<Node 5>:{"send": false, "recv": true, "to": 5, "from": 2, "vc": [36, 42, 41, 30, 46, 58, 38, 33, 32, 42], "hlc": [921570, 1]}
INFO:<Node 5>:{"send": false, "recv": true, "to": 5, "from": 6, "vc": [36, 42, 41, 32, 46, 59, 44, 33, 33, 42], "hlc": [921570, 2]}
INFO:<Node 6>:{"send": false, "recv": true, "to": 6, "from": 9, "vc": [33, 42, 38, 32, 46, 49, 45, 32, 33, 43], "hlc": [921568, 12]}
INFO:<Node 0>:{"send": true, "recv": false, "from": 0, "to": 6, "vc": [38, 42, 38, 30, 46, 56, 38, 33, 32, 41], "hlc": [921569, 4]}
INFO:<Node 1>:{"send": true, "recv": false, "from": 1, "to": 9, "vc": [35, 49, 38, 30, 46, 55, 38, 33, 32, 41], "hlc": [921569, 4]}
INFO:<Node 3>:{"send": true, "recv": false, "from": 3, "to": 0, "vc": [34, 44, 38, 35, 49, 52, 42, 40, 31, 39], "hlc": [921571, 2]}
INFO:<Node 4>:{"send": true, "recv": false, "from": 4, "to": 5, "vc": [32, 37, 31, 30, 51, 51, 32, 36, 29, 28], "hlc": [921570, 2]}
INFO:<Node 7>:{"send": true, "recv": false, "from": 7, "to": 2, "vc": [34, 44, 37, 30, 49, 52, 38, 41, 29, 34], "hlc": [921571, 1]}
INFO:<Node 8>:{"send": true, "recv": false, "from": 8, "to": 2, "vc": [29, 45, 37, 29, 44, 52, 38, 33, 35, 34], "hlc": [921569, 0]}
INFO:<Node 9>:{"send": true, "recv": false, "from": 9, "to": 5, "vc": [29, 42, 38, 29, 44, 49, 38, 32, 31, 44], "hlc": [921568, 12]}
INFO:<Node 0>:{"send": false, "recv": true, "to": 0, "from": 3, "vc": [39, 44, 38, 35, 49, 56, 42, 40, 32, 41], "hlc": [921571, 3]}
INFO:<Node 2>:{"send": false, "recv": true, "to": 2, "from": 7, "vc": [35, 48, 43, 30, 49, 55, 38, 41, 32, 42], "hlc": [921571, 2]}
INFO:<Node 2>:{"send": false, "recv": true, "to": 2, "from": 8, "vc": [35, 48, 44, 30, 49, 55, 38, 41, 35, 42], "hlc": [921571, 3]}
INFO:<Node 5>:{"send": false, "recv": true, "to": 5, "from": 4, "vc": [36, 42, 41, 32, 51, 60, 44, 36, 33, 42], "hlc": [921570, 3]}
INFO:<Node 5>:{"send": false, "recv": true, "to": 5, "from": 9, "vc": [36, 42, 41, 32, 51, 61, 44, 36, 33, 44], "hlc": [921570, 4]}
INFO:<Node 6>:{"send": false, "recv": true, "to": 6, "from": 0, "vc": [38, 42, 38, 32, 46, 56, 46, 33, 33, 43], "hlc": [921569, 5]}
INFO:<Node 9>:{"send": false, "recv": true, "to": 9, "from": 1, "vc": [35, 49, 38, 30, 46, 55, 38, 33, 32, 45], "hlc": [921569, 5]}
INFO:<Node 0>:{"send": true, "recv": false, "from": 0, "to": 7, "vc": [40, 44, 38, 35, 49, 56, 42, 40, 32, 41], "hlc": [921571, 4]}
INFO:<Node 1>:{"send": true, "recv": false, "from": 1, "to": 7, "vc": [35, 50, 38, 30, 46, 55, 38, 33, 32, 41], "hlc": [921569, 5]}
INFO:<Node 7>:{"send": true, "recv": false, "from": 7, "to": 1, "vc": [34, 44, 37, 30, 49, 52, 38, 42, 29, 34], "hlc": [921572, 0]}
INFO:<Node 9>:{"send": true, "recv": false, "from": 9, "to": 6, "vc": [35, 49, 38, 30, 46, 55, 38, 33, 32, 46], "hlc": [921569, 6]}
INFO:<Node 1>:{"send": false, "recv": true, "to": 1, "from": 7, "vc": [35, 51, 38, 30, 49, 55, 38, 42, 32, 41], "hlc": [921572, 1]}
INFO:<Node 6>:{"send": false, "recv": true, "to": 6, "from": 9, "vc": [38, 49, 38, 32, 46, 56, 47, 33, 33, 46], "hlc": [921569, 7]}
INFO:<Node 7>:{"send": false, "recv": true, "to": 7, "from": 0, "vc": [40, 44, 38, 35, 49, 56, 42, 43, 32, 41], "hlc": [921572, 1]}
INFO:<Node 7>:{"send": false, "recv": true, "to": 7, "from": 1, "vc": [40, 50, 38, 35, 49, 56, 42, 44, 32, 41], "hlc": [921572, 2]}
INFO:<Node 1>:{"send": true, "recv": false, "from": 1, "to": 4, "vc": [35, 52, 38, 30, 49, 55, 38, 42, 32, 41], "hlc": [921572, 2]}
INFO:<Node 2>:{"send": true, "recv": false, "from": 2, "to": 8, "vc": [35, 48, 45, 30, 49, 55, 38, 41, 35, 42], "hlc": [921571, 4]}
INFO:<Node 3>:{"send": true, "recv": false, "from": 3, "to": 4, "vc": [34, 44, 38, 36, 49, 52, 42, 40, 31, 39], "hlc": [921571, 3]}
INFO:<Node 4>:{"send": true, "recv": false, "from": 4, "to": 2, "vc": [32, 37, 31, 30, 52, 51, 32, 36, 29, 28], "hlc": [921570, 3]}
INFO:<Node 7>:{"send": true, "recv": false, "from": 7, "to": 8, "vc": [40, 50, 38, 35, 49, 56, 42, 45, 32, 41], "hlc": [921572, 3]}
INFO:<Node 8>:{"send": true, "recv": false, "from": 8, "to": 3, "vc": [29, 45, 37, 29, 44, 52, 38, 33, 36, 34], "hlc": [921570, 0]}
INFO:<Node 9>:{"send": true, "recv": false, "from": 9, "to": 1, "vc": [35, 49, 38, 30, 46, 55, 38, 33, 32, 47], "hlc": [921569, 7]}
INFO:<Node 1>:{"send": false, "recv": true, "to": 1, "from": 9, "vc": [35, 53, 38, 30, 49, 55, 38, 42, 32, 47], "hlc": [921572, 3]}
INFO:<Node 2>:{"send": false, "recv": true, "to": 2, "from": 4, "vc": [35, 48, 46, 30, 52, 55, 38, 41, 35, 42], "hlc": [921571, 5]}
INFO:<Node 3>:{"send": false, "recv": true, "to": 3, "from": 8, "vc": [34, 45, 38, 37, 49, 52, 42, 40, 36, 39], "hlc": [921571, 4]}
INFO:<Node 4>:{"send": false, "recv": true, "to": 4, "from": 1, "vc": [35, 52, 38, 30, 53, 55, 38, 42, 32, 41], "hlc": [921572, 3]}
INFO:<Node 4>:{"send": false, "recv": true, "to": 4, "from": 3, "vc": [35, 52, 38, 36, 54, 55, 42, 42, 32, 41], "hlc": [921572, 4]}
INFO:<Node 8>:{"send": false, "recv": true, "to": 8, "from": 2, "vc": [35, 48, 45, 30, 49, 55, 38, 41, 37, 42], "hlc": [921571, 5]}
INFO:<Node 8>:{"send": false, "recv": true, "to": 8, "from": 7, "vc": [40, 50, 45, 35, 49, 56, 42, 45, 38, 42], "hlc": [921572, 4]}
INFO:<Node 0>:{"send": true, "recv": false, "from": 0, "to": 9, "vc": [41, 44, 38, 35, 49, 56, 42, 40, 32, 41], "hlc": [921571, 5]}
INFO:<Node 1>:{"send": true, "recv": false, "from": 1, "to": 0, "vc": [35, 54, 38, 30, 49, 55, 38, 42, 32, 47], "hlc": [921572, 4]}
INFO:<Node 2>:{"send": true, "recv": false, "from": 2, "to": 6, "vc": [35, 48, 47, 30, 52, 55, 38, 41, 35, 42], "hlc": [921571, 6]}
INFO:<Node 4>:{"send": true, "recv": false, "from": 4, "to": 5, "vc": [35, 52, 38, 36, 55, 55, 42, 42, 32, 41], "hlc": [921572, 5]}
INFO:<Node 5>:{"send": true, "recv": false, "from": 5, "to": 4, "vc": [36, 42, 41, 32, 51, 62, 44, 36, 33, 44], "hlc": [921571, 0]}
INFO:<Node 6>:{"send": true, "recv": false, "from": 6, "to": 2, "vc": [38, 49, 38, 32, 46, 56, 48, 33, 33, 46], "hlc": [921569, 8]}
INFO:<Node 7>:{"send": true, "recv": false, "from": 7, "to": 3, "vc": [40, 50, 38, 35, 49, 56, 42, 46, 32, 41], "hlc": [921573, 0]}
INFO:<Node 8>:{"send": true, "recv": false, "from": 8, "to": 5, "vc": [40, 50, 45, 35, 49, 56, 42, 45, 39, 42], "hlc": [921572, 5]}
INFO:<Node 9>:{"send": true, "recv": false, "from": 9, "to": 3, "vc": [35, 49, 38, 30, 46, 55, 38, 33, 32, 48], "hlc": [921569, 8]}
INFO:<Node 0>:{"send": false, "recv": true, "to": 0, "from": 1, "vc": [42, 54, 38, 35, 49, 56, 42, 42, 32, 47], "hlc": [921572, 5]}
INFO:<Node 2>:{"send": false, "recv": true, "to": 2, "from": 6, "vc": [38, 49, 48, 32, 52, 56, 48, 41, 35, 46], "hlc": [921572, 0]}
INFO:<Node 3>:{"send": false, "recv": true, "to": 3, "from": 7, "vc": [40, 50, 38, 38, 49, 56, 42, 46, 36, 41], "hlc": [921573, 1]}
INFO:<Node 3>:{"send": false, "recv": true, "to": 3, "from": 9, "vc": [40, 50, 38, 39, 49, 56, 42, 46, 36, 48], "hlc": [921573, 2]}
INFO:<Node 4>:{"send": false, "recv": true, "to": 4, "from": 5, "vc": [36, 52, 41, 36, 56, 62, 44, 42, 33, 44], "hlc": [921572, 6]}
INFO:<Node 5>:{"send": false, "recv": true, "to": 5, "from": 4, "vc": [36, 52, 41, 36, 55, 63, 44, 42, 33, 44], "hlc": [921572, 6]}
INFO:<Node 5>:{"send": false, "recv": true, "to": 5, "from": 8, "vc": [40, 52, 45, 36, 55, 64, 44, 45, 39, 44], "hlc": [921572, 7]}
INFO:<Node 6>:{"send": false, "recv": true, "to": 6, "from": 2, "vc": [38, 49, 47, 32, 52, 56, 49, 41, 35, 46], "hlc": [921571, 7]}
INFO:<Node 9>:{"send": false, "recv": true, "to": 9, "from": 0, "vc": [41, 49, 38, 35, 49, 56, 42, 40, 32, 49], "hlc": [921571, 6]}
INFO:<Node 0>:{"send": true, "recv": false, "from": 0, "to": 8, "vc": [43, 54, 38, 35, 49, 56, 42, 42, 32, 47], "hlc": [921572, 6]}
INFO:<Node 2>:{"send": true, "recv": false, "from": 2, "to": 7, "vc": [38, 49, 49, 32, 52, 56, 48, 41, 35, 46], "hlc": [921572, 1]}
INFO:<Node 3>:{"send": true, "recv": false, "from": 3, "to": 1, "vc": [40, 50, 38, 40, 49, 56, 42, 46, 36, 48], "hlc": [921573, 3]}
INFO:<Node 5>:{"send": true, "recv": false, "from": 5, "to": 9, "vc": [40, 52, 45, 36, 55, 65, 44, 45, 39, 44], "hlc": [921572, 8]}
INFO:<Node 6>:{"send": true, "recv": false, "from": 6, "to": 1, "vc": [38, 49, 47, 32, 52, 56, 50, 41, 35, 46], "hlc": [921571, 8]}
INFO:<Node 7>:{"send": true, "recv": false, "from": 7, "to": 1, "vc": [40, 50, 38, 35, 49, 56, 42, 47, 32, 41], "hlc": [921573, 1]}
INFO:<Node 9>:{"send": true, "recv": false, "from": 9, "to": 0, "vc": [41, 49, 38, 35, 49, 56, 42, 40, 32, 50], "hlc": [921571, 7]}
INFO:<Node 0>:{"send": false, "recv": true, "to": 0, "from": 9, "vc": [44, 54, 38, 35, 49, 56, 42, 42, 32, 50], "hlc": [921572, 7]}
INFO:<Node 1>:{"send": false, "recv": true, "to": 1, "from": 3, "vc": [40, 55, 38, 40, 49, 56, 42, 46, 36, 48], "hlc": [921573, 4]}
INFO:<Node 1>:{"send": false, "recv": true, "to": 1, "from": 6, "vc": [40, 56, 47, 40, 52, 56, 50, 46, 36, 48], "hlc": [921573, 5]}
INFO:<Node 1>:{"send": false, "recv": true, "to": 1, "from": 7, "vc": [40, 57, 47, 40, 52, 56, 50, 47, 36, 48], "hlc": [921573, 6]}
INFO:<Node 7>:{"send": false, "recv": true, "to": 7, "from": 2, "vc": [40, 50, 49, 35, 52, 56, 48, 48, 35, 46], "hlc": [921574, 0]}
INFO:<Node 8>:{"send": false, "recv": true, "to": 8, "from": 0, "vc": [43, 54, 45, 35, 49, 56, 42, 45, 40, 47], "hlc": [921572, 7]}
INFO:<Node 9>:{"send": false, "recv": true, "to": 9, "from": 5, "vc": [41, 52, 45, 36, 55, 65, 44, 45, 39, 51], "hlc": [921572, 9]}
INFO:<Node 3>:{"send": true, "recv": false, "from": 3, "to": 6, "vc": [40, 50, 38, 41, 49, 56, 42, 46, 36, 48], "hlc": [921573, 4]}
INFO:<Node 5>:{"send": true, "recv": false, "from": 5, "to": 8, "vc": [40, 52, 45, 36, 55, 66, 44, 45, 39, 44], "hlc": [921572, 9]}
INFO:<Node 6>:{"send": true, "recv": false, "from": 6, "to": 9, "vc": [38, 49, 47, 32, 52, 56, 51, 41, 35, 46], "hlc": [921571, 9]}
INFO:<Node 7>:{"send": true, "recv": false, "from": 7, "to": 4, "vc": [40, 50, 49, 35, 52, 56, 48, 49, 35, 46], "hlc": [921574, 1]}
INFO:<Node 8>:{"send": true, "recv": false, "from": 8, "to": 0, "vc": [43, 54, 45, 35, 49, 56, 42, 45, 41, 47], "hlc": [921572, 8]}
INFO:<Node 9>:{"send": true, "recv": false, "from": 9, "to": 2, "vc": [41, 52, 45, 36, 55, 65, 44, 45, 39, 52], "hlc": [921572, 10]}
INFO:<Node 0>:{"send": false, "recv": true, "to": 0, "from": 8, "vc": [45, 54, 45, 35, 49, 56, 42, 45, 41, 50], "hlc": [921572, 9]}
INFO:<Node 2>:{"send": false, "recv": true, "to": 2, "from": 9, "vc": [41, 52, 50, 36, 55, 65, 48, 45, 39, 52], "hlc": [921573, 0]}
INFO:<Node 4>:{"send": false, "recv": true, "to": 4, "from": 7, "vc": [40, 52, 49, 36, 57, 62, 48, 49, 35, 46], "hlc": [921574, 2]}
INFO:<Node 6>:{"send": false, "recv": true, "to": 6, "from": 3, "vc": [40, 50, 47, 41, 52, 56, 52, 46, 36, 48], "hlc": [921573, 5]}
INFO:<Node 8>:{"send": false, "recv": true, "to": 8, "from": 5, "vc": [43, 54, 45, 36, 55, 66, 44, 45, 42, 47], "hlc": [921572, 10]}
INFO:<Node 9>:{"send": false, "recv": true, "to": 9, "from": 6, "vc": [41, 52, 47, 36, 55, 65, 51, 45, 39, 53], "hlc": [921572, 11]}
INFO:<Node 1>:{"send": true, "recv": false, "from": 1, "to": 2, "vc": [40, 58, 47, 40, 52, 56, 50, 47, 36, 48], "hlc": [921573, 7]}
INFO:<Node 2>:{"send": true, "recv": false, "from": 2, "to": 7, "vc": [41, 52, 51, 36, 55, 65, 48, 45, 39, 52], "hlc": [921573, 1]}
INFO:<Node 3>:{"send": true, "recv": false, "from": 3, "to": 4, "vc": [40, 50, 38, 42, 49, 56, 42, 46, 36, 48], "hlc": [921573, 5]}
INFO:<Node 5>:{"send": true, "recv": false, "from": 5, "to": 8, "vc": [40, 52, 45, 36, 55, 67, 44, 45, 39, 44], "hlc": [921573, 0]}
INFO:<Node 7>:{"send": true, "recv": false, "from": 7, "to": 4, "vc": [40, 50, 49, 35, 52, 56, 48, 50, 35, 46], "hlc": [921574, 2]}
INFO:<Node 9>:{"send": true, "recv": false, "from": 9, "to": 3, "vc": [41, 52, 47, 36, 55, 65, 51, 45, 39, 54], "hlc": [921572, 12]}
INFO:<Node 2>:{"send": false, "recv": true, "to": 2, "from": 1, "vc": [41, 58, 52, 40, 55, 65, 50, 47, 39, 52], "hlc": [921573, 8]}
INFO:<Node 3>:{"send": false, "recv": true, "to": 3, "from": 9, "vc": [41, 52, 47, 43, 55, 65, 51, 46, 39, 54], "hlc": [921573, 6]}
INFO:<Node 4>:{"send": false, "recv": true, "to": 4, "from": 3, "vc": [40, 52, 49, 42, 58, 62, 48, 49, 36, 48], "hlc": [921574, 3]}
INFO:<Node 4>:{"send": false, "recv": true, "to": 4, "from": 7, "vc": [40, 52, 49, 42, 59, 62, 48, 50, 36, 48], "hlc": [921574, 4]}
INFO:<Node 7>:{"send": false, "recv": true, "to": 7, "from": 2, "vc": [41, 52, 51, 36, 55, 65, 48, 51, 39, 52], "hlc": [921575, 0]}
INFO:<Node 8>:{"send": false, "recv": true, "to": 8, "from": 5, "vc": [43, 54, 45, 36, 55, 67, 44, 45, 43, 47], "hlc": [921573, 1]}
INFO:<Node 2>:{"send": true, "recv": false, "from": 2, "to": 4, "vc": [41, 58, 53, 40, 55, 65, 50, 47, 39, 52], "hlc": [921573, 9]}
INFO:<Node 4>:{"send": true, "recv": false, "from": 4, "to": 5, "vc": [40, 52, 49, 42, 60, 62, 48, 50, 36, 48], "hlc": [921574, 5]}
INFO:<Node 5>:{"send": true, "recv": false, "from": 5, "to": 3, "vc": [40, 52, 45, 36, 55, 68, 44, 45, 39, 44], "hlc": [921573, 1]}
INFO:<Node 7>:{"send": true, "recv": false, "from": 7, "to": 2, "vc": [41, 52, 51, 36, 55, 65, 48, 52, 39, 52], "hlc": [921575, 1]}
INFO:<Node 8>:{"send": true, "recv": false, "from": 8, "to": 4, "vc": [43, 54, 45, 36, 55, 67, 44, 45, 44, 47], "hlc": [921573, 2]}
INFO:<Node 2>:{"send": false, "recv": true, "to": 2, "from": 7, "vc": [41, 58, 54, 40, 55, 65, 50, 52, 39, 52], "hlc": [921575, 2]}
INFO:<Node 3>:{"send": false, "recv": true, "to": 3, "from": 5, "vc": [41, 52, 47, 44, 55, 68, 51, 46, 39, 54], "hlc": [921573, 7]}
INFO:<Node 4>:{"send": false, "recv": true, "to": 4, "from": 2, "vc": [41, 58, 53, 42, 61, 65, 50, 50, 39, 52], "hlc": [921574, 6]}
INFO:<Node 4>:{"send": false, "recv": true, "to": 4, "from": 8, "vc": [43, 58, 53, 42, 62, 67, 50, 50, 44, 52], "hlc": [921574, 7]}
INFO:<Node 5>:{"send": false, "recv": true, "to": 5, "from": 4, "vc": [40, 52, 49, 42, 60, 69, 48, 50, 39, 48], "hlc": [921574, 6]}
INFO:<Node 0>:{"send": true, "recv": false, "from": 0, "to": 7, "vc": [46, 54, 45, 35, 49, 56, 42, 45, 41, 50], "hlc": [921573, 0]}
INFO:<Node 1>:{"send": true, "recv": false, "from": 1, "to": 9, "vc": [40, 59, 47, 40, 52, 56, 50, 47, 36, 48], "hlc": [921573, 8]}
INFO:<Node 2>:{"send": true, "recv": false, "from": 2, "to": 9, "vc": [41, 58, 55, 40, 55, 65, 50, 52, 39, 52], "hlc": [921575, 3]}
INFO:<Node 3>:{"send": true, "recv": false, "from": 3, "to": 6, "vc": [41, 52, 47, 45, 55, 68, 51, 46, 39, 54], "hlc": [921573, 8]}
INFO:<Node 4>:{"send": true, "recv": false, "from": 4, "to": 0, "vc": [43, 58, 53, 42, 63, 67, 50, 50, 44, 52], "hlc": [921574, 8]}
INFO:<Node 6>:{"send": true, "recv": false, "from": 6, "to": 1, "vc": [40, 50, 47, 41, 52, 56, 53, 46, 36, 48], "hlc": [921573, 6]}
INFO:<Node 7>:{"send": true, "recv": false, "from": 7, "to": 3, "vc": [41, 52, 51, 36, 55, 65, 48, 53, 39, 52], "hlc": [921575, 2]}
INFO:<Node 8>:{"send": true, "recv": false, "from": 8, "to": 7, "vc": [43, 54, 45, 36, 55, 67, 44, 45, 45, 47], "hlc": [921573, 3]}
INFO:<Node 0>:{"send": false, "recv": true, "to": 0, "from": 4, "vc": [47, 58, 53, 42, 63, 67, 50, 50, 44, 52], "hlc": [921574, 9]}
INFO:<Node 1>:{"send": false, "recv": true, "to": 1, "from": 6, "vc": [40, 60, 47, 41, 52, 56, 53, 47, 36, 48], "hlc": [921573, 9]}
INFO:<Node 3>:{"send": false, "recv": true, "to": 3, "from": 7, "vc": [41, 52, 51, 46, 55, 68, 51, 53, 39, 54], "hlc": [921575, 3]}
INFO:<Node 6>:{"send": false, "recv": true, "to": 6, "from": 3, "vc": [41, 52, 47, 45, 55, 68, 54, 46, 39, 54], "hlc": [921573, 9]}
INFO:<Node 7>:{"send": false, "recv": true, "to": 7, "from": 0, "vc": [46, 54, 51, 36, 55, 65, 48, 54, 41, 52], "hlc": [921576, 0]}
INFO:<Node 7>:{"send": false, "recv": true, "to": 7, "from": 8, "vc": [46, 54, 51, 36, 55, 67, 48, 55, 45, 52], "hlc": [921576, 1]}
INFO:<Node 9>:{"send": false, "recv": true, "to": 9, "from": 1, "vc": [41, 59, 47, 40, 55, 65, 51, 47, 39, 55], "hlc": [921573, 9]}
INFO:<Node 9>:{"send": false, "recv": true, "to": 9, "from": 2, "vc": [41, 59, 55, 40, 55, 65, 51, 52, 39, 56], "hlc": [921575, 4]}
INFO:<Node 1>:{"send": true, "recv": false, "from": 1, "to": 4, "vc": [40, 61, 47, 41, 52, 56, 53, 47, 36, 48], "hlc": [921573, 10]}
INFO:<Node 3>:{"send": true, "recv": false, "from": 3, "to": 4, "vc": [41, 52, 51, 47, 55, 68, 51, 53, 39, 54], "hlc": [921575, 4]}
INFO:<Node 4>:{"send": true, "recv": false, "from": 4, "to": 3, "vc": [43, 58, 53, 42, 64, 67, 50, 50, 44, 52], "hlc": [921574, 9]}
INFO:<Node 5>:{"send": true, "recv": false, "from": 5, "to": 0, "vc": [40, 52, 49, 42, 60, 70, 48, 50, 39, 48], "hlc": [921574, 7]}
INFO:<Node 6>:{"send": true, "recv": false, "from": 6, "to": 9, "vc": [41, 52, 47, 45, 55, 68, 55, 46, 39, 54], "hlc": [921573, 10]}
INFO:<Node 9>:{"send": true, "recv": false, "from": 9, "to": 3, "vc": [41, 59, 55, 40, 55, 65, 51, 52, 39, 57], "hlc": [921575, 5]}
INFO:<Node 0>:{"send": false, "recv": true, "to": 0, "from": 5, "vc": [48, 58, 53, 42, 63, 70, 50, 50, 44, 52], "hlc": [921574, 10]}
INFO:<Node 3>:{"send": false, "recv": true, "to": 3, "from": 4, "vc": [43, 58, 53, 48, 64, 68, 51, 53, 44, 54], "hlc": [921575, 5]}
INFO:<Node 3>:{"send": false, "recv": true, "to": 3, "from": 9, "vc": [43, 59, 55, 49, 64, 68, 51, 53, 44, 57], "hlc": [921575, 6]}
INFO:<Node 4>:{"send": false, "recv": true, "to": 4, "from": 1, "vc": [43, 61, 53, 42, 65, 67, 53, 50, 44, 52], "hlc": [921574, 10]}
INFO:<Node 4>:{"send": false, "recv": true, "to": 4, "from": 3, "vc": [43, 61, 53, 47, 66, 68, 53, 53, 44, 54], "hlc": [921575, 5]}
INFO:<Node 9>:{"send": false, "recv": true, "to": 9, "from": 6, "vc": [41, 59, 55, 45, 55, 68, 55, 52, 39, 58], "hlc": [921575, 6]}
INFO:<Node 0>:{"send": true, "recv": false, "from": 0, "to": 8, "vc": [49, 58, 53, 42, 63, 70, 50, 50, 44, 52], "hlc": [921574, 11]}
INFO:<Node 5>:{"send": true, "recv": false, "from": 5, "to": 3, "vc": [40, 52, 49, 42, 60, 71, 48, 50, 39, 48], "hlc": [921575, 0]}
INFO:<Node 6>:{"send": true, "recv": false, "from": 6, "to": 9, "vc": [41, 52, 47, 45, 55, 68, 56, 46, 39, 54], "hlc": [921573, 11]}
INFO:<Node 7>:{"send": true, "recv": false, "from": 7, "to": 4, "vc": [46, 54, 51, 36, 55, 67, 48, 56, 45, 52], "hlc": [921576, 2]}
INFO:<Node 3>:{"send": false, "recv": true, "to": 3, "from": 5, "vc": [43, 59, 55, 50, 64, 71, 51, 53, 44, 57], "hlc": [921575, 7]}
INFO:<Node 4>:{"send": false, "recv": true, "to": 4, "from": 7, "vc": [46, 61, 53, 47, 67, 68, 53, 56, 45, 54], "hlc": [921576, 3]}
INFO:<Node 8>:{"send": false, "recv": true, "to": 8, "from": 0, "vc": [49, 58, 53, 42, 63, 70, 50, 50, 46, 52], "hlc": [921574, 12]}
INFO:<Node 9>:{"send": false, "recv": true, "to": 9, "from": 6, "vc": [41, 59, 55, 45, 55, 68, 56, 52, 39, 59], "hlc": [921575, 7]}
INFO:<Node 0>:{"send": true, "recv": false, "from": 0, "to": 7, "vc": [50, 58, 53, 42, 63, 70, 50, 50, 44, 52], "hlc": [921574, 12]}
INFO:<Node 1>:{"send": true, "recv": false, "from": 1, "to": 4, "vc": [40, 62, 47, 41, 52, 56, 53, 47, 36, 48], "hlc": [921573, 11]}
INFO:<Node 2>:{"send": true, "recv": false, "from": 2, "to": 5, "vc": [41, 58, 56, 40, 55, 65, 50, 52, 39, 52], "hlc": [921575, 4]}
INFO:<Node 5>:{"send": true, "recv": false, "from": 5, "to": 6, "vc": [40, 52, 49, 42, 60, 72, 48, 50, 39, 48], "hlc": [921575, 1]}
INFO:<Node 7>:{"send": true, "recv": false, "from": 7, "to": 9, "vc": [46, 54, 51, 36, 55, 67, 48, 57, 45, 52], "hlc": [921577, 0]}
INFO:<Node 9>:{"send": true, "recv": false, "from": 9, "to": 1, "vc": [41, 59, 55, 45, 55, 68, 56, 52, 39, 60], "hlc": [921575, 8]}
INFO:<Node 1>:{"send": false, "recv": true, "to": 1, "from": 9, "vc": [41, 63, 55, 45, 55, 68, 56, 52, 39, 60], "hlc": [921575, 9]}
INFO:<Node 4>:{"send": false, "recv": true, "to": 4, "from": 1, "vc": [46, 62, 53, 47, 68, 68, 53, 56, 45, 54], "hlc": [921576, 4]}
INFO:<Node 5>:{"send": false, "recv": true, "to": 5, "from": 2, "vc": [41, 58, 56, 42, 60, 73, 50, 52, 39, 52], "hlc": [921576, 0]}
INFO:<Node 6>:{"send": false, "recv": true, "to": 6, "from": 5, "vc": [41, 52, 49, 45, 60, 72, 57, 50, 39, 54], "hlc": [921575, 2]}
INFO:<Node 7>:{"send": false, "recv": true, "to": 7, "from": 0, "vc": [50, 58, 53, 42, 63, 70, 50, 58, 45, 52], "hlc": [921577, 1]}
INFO:<Node 9>:{"send": false, "recv": true, "to": 9, "from": 7, "vc": [46, 59, 55, 45, 55, 68, 56, 57, 45, 61], "hlc": [921577, 1]}
INFO:<Node 0>:{"send": true, "recv": false, "from": 0, "to": 7, "vc": [51, 58, 53, 42, 63, 70, 50, 50, 44, 52], "hlc": [921575, 0]}
INFO:<Node 3>:{"send": true, "recv": false, "from": 3, "to": 2, "vc": [43, 59, 55, 51, 64, 71, 51, 53, 44, 57], "hlc": [921575, 8]}
INFO:<Node 5>:{"send": true, "recv": false, "from": 5, "to": 2, "vc": [41, 58, 56, 42, 60, 74, 50, 52, 39, 52], "hlc": [921576, 1]}
INFO:<Node 6>:{"send": true, "recv": false, "from": 6, "to": 5, "vc": [41, 52, 49, 45, 60, 72, 58, 50, 39, 54], "hlc": [921575, 3]}
INFO:<Node 8>:{"send": true, "recv": false, "from": 8, "to": 4, "vc": [49, 58, 53, 42, 63, 70, 50, 50, 47, 52], "hlc": [921575, 0]}
INFO:<Node 9>:{"send": true, "recv": false, "from": 9, "to": 1, "vc": [46, 59, 55, 45, 55, 68, 56, 57, 45, 62], "hlc": [921577, 2]}
INFO:<Node 1>:{"send": false, "recv": true, "to": 1, "from": 9, "vc": [46, 64, 55, 45, 55, 68, 56, 57, 45, 62], "hlc": [921577, 3]}
INFO:<Node 2>:{"send": false, "recv": true, "to": 2, "from": 3, "vc": [43, 59, 57, 51, 64, 71, 51, 53, 44, 57], "hlc": [921576, 0]}
INFO:<Node 2>:{"send": false, "recv": true, "to": 2, "from": 5, "vc": [43, 59, 58, 51, 64, 74, 51, 53, 44, 57], "hlc": [921576, 2]}
INFO:<Node 4>:{"send": false, "recv": true, "to": 4, "from": 8, "vc": [49, 62, 53, 47, 69, 70, 53, 56, 47, 54], "hlc": [921576, 5]}
INFO:<Node 5>:{"send": false, "recv": true, "to": 5, "from": 6, "vc": [41, 58, 56, 45, 60, 75, 58, 52, 39, 54], "hlc": [921576, 2]}
INFO:<Node 7>:{"send": false, "recv": true, "to": 7, "from": 0, "vc": [51, 58, 53, 42, 63, 70, 50, 59, 45, 52], "hlc": [921578, 0]}
INFO:<Node 0>:{"send": true, "recv": false, "from": 0, "to": 8, "vc": [52, 58, 53, 42, 63, 70, 50, 50, 44, 52], "hlc": [921575, 1]}
INFO:<Node 2>:{"send": true, "recv": false, "from": 2, "to": 6, "vc": [43, 59, 59, 51, 64, 74, 51, 53, 44, 57], "hlc": [921576, 3]}
INFO:<Node 3>:{"send": true, "recv": false, "from": 3, "to": 4, "vc": [43, 59, 55, 52, 64, 71, 51, 53, 44, 57], "hlc": [921575, 9]}
INFO:<Node 4>:{"send": true, "recv": false, "from": 4, "to": 6, "vc": [49, 62, 53, 47, 70, 70, 53, 56, 47, 54], "hlc": [921576, 6]}
INFO:<Node 5>:{"send": true, "recv": false, "from": 5, "to": 6, "vc": [41, 58, 56, 45, 60, 76, 58, 52, 39, 54], "hlc": [921576, 3]}
INFO:<Node 4>:{"send": false, "recv": true, "to": 4, "from": 3, "vc": [49, 62, 55, 52, 71, 71, 53, 56, 47, 57], "hlc": [921576, 7]}
INFO:<Node 6>:{"send": false, "recv": true, "to": 6, "from": 2, "vc": [43, 59, 59, 51, 64, 74, 59, 53, 44, 57], "hlc": [921576, 4]}
INFO:<Node 6>:{"send": false, "recv": true, "to": 6, "from": 4, "vc": [49, 62, 59, 51, 70, 74, 60, 56, 47, 57], "hlc": [921576, 7]}
INFO:<Node 6>:{"send": false, "recv": true, "to": 6, "from": 5, "vc": [49, 62, 59, 51, 70, 76, 61, 56, 47, 57], "hlc": [921576, 8]}
INFO:<Node 8>:{"send": false, "recv": true, "to": 8, "from": 0, "vc": [52, 58, 53, 42, 63, 70, 50, 50, 48, 52], "hlc": [921576, 0]}
INFO:<Node 0>:{"send": true, "recv": false, "from": 0, "to": 8, "vc": [53, 58, 53, 42, 63, 70, 50, 50, 44, 52], "hlc": [921576, 0]}
INFO:<Node 1>:{"send": true, "recv": false, "from": 1, "to": 3, "vc": [46, 65, 55, 45, 55, 68, 56, 57, 45, 62], "hlc": [921577, 4]}
INFO:<Node 2>:{"send": true, "recv": false, "from": 2, "to": 3, "vc": [43, 59, 60, 51, 64, 74, 51, 53, 44, 57], "hlc": [921577, 0]}
INFO:<Node 4>:{"send": true, "recv": false, "from": 4, "to": 0, "vc": [49, 62, 55, 52, 72, 71, 53, 56, 47, 57], "hlc": [921576, 8]}
INFO:<Node 7>:{"send": true, "recv": false, "from": 7, "to": 1, "vc": [51, 58, 53, 42, 63, 70, 50, 60, 45, 52], "hlc": [921578, 1]}
INFO:<Node 8>:{"send": true, "recv": false, "from": 8, "to": 2, "vc": [52, 58, 53, 42, 63, 70, 50, 50, 49, 52], "hlc": [921576, 1]}
INFO:<Node 9>:{"send": true, "recv": false, "from": 9, "to": 6, "vc": [46, 59, 55, 45, 55, 68, 56, 57, 45, 63], "hlc": [921577, 3]}
INFO:<Node 0>:{"send": false, "recv": true, "to": 0, "from": 4, "vc": [54, 62, 55, 52, 72, 71, 53, 56, 47, 57], "hlc": [921576, 9]}
INFO:<Node 1>:{"send": false, "recv": true, "to": 1, "from": 7, "vc": [51, 66, 55, 45, 63, 70, 56, 60, 45, 62], "hlc": [921578, 2]}
INFO:<Node 2>:{"send": false, "recv": true, "to": 2, "from": 8, "vc": [52, 59, 61, 51, 64, 74, 51, 53, 49, 57], "hlc": [921577, 1]}
INFO:<Node 3>:{"send": false, "recv": true, "to": 3, "from": 1, "vc": [46, 65, 55, 53, 64, 71, 56, 57, 45, 62], "hlc": [921577, 5]}
INFO:<Node 3>:{"send": false, "recv": true, "to": 3, "from": 2, "vc": [46, 65, 60, 54, 64, 74, 56, 57, 45, 62], "hlc": [921577, 6]}
INFO:<Node 6>:{"send": false, "recv": true, "to": 6, "from": 9, "vc": [49, 62, 59, 51, 70, 76, 62, 57, 47, 63], "hlc": [921577, 4]}
INFO:<Node 8>:{"send": false, "recv": true, "to": 8, "from": 0, "vc": [53, 58, 53, 42, 63, 70, 50, 50, 50, 52], "hlc": [921576, 2]}
INFO:<Node 1>:{"send": true, "recv": false, "from": 1, "to": 4, "vc": [51, 67, 55, 45, 63, 70, 56, 60, 45, 62], "hlc": [921578, 3]}
INFO:<Node 2>:{"send": true, "recv": false, "from": 2, "to": 0, "vc": [52, 59, 62, 51, 64, 74, 51, 53, 49, 57], "hlc": [921577, 2]}
INFO:<Node 5>:{"send": true, "recv": false, "from": 5, "to": 8, "vc": [41, 58, 56, 45, 60, 77, 58, 52, 39, 54], "hlc": [921577, 0]}
INFO:<Node 8>:{"send": true, "recv": false, "from": 8, "to": 0, "vc": [53, 58, 53, 42, 63, 70, 50, 50, 51, 52], "hlc": [921576, 3]}
INFO:<Node 9>:{"send": true, "recv": false, "from": 9, "to": 5, "vc": [46, 59, 55, 45, 55, 68, 56, 57, 45, 64], "hlc": [921577, 4]}
INFO:<Node 0>:{"send": false, "recv": true, "to": 0, "from": 2, "vc": [55, 62, 62, 52, 72, 74, 53, 56, 49, 57], "hlc": [921577, 3]}
INFO:<Node 0>:{"send": false, "recv": true, "to": 0, "from": 8, "vc": [56, 62, 62, 52, 72, 74, 53, 56, 51, 57], "hlc": [921577, 4]}
INFO:<Node 4>:{"send": false, "recv": true, "to": 4, "from": 1, "vc": [51, 67, 55, 52, 73, 71, 56, 60, 47, 62], "hlc": [921578, 4]}
INFO:<Node 5>:{"send": false, "recv": true, "to": 5, "from": 9, "vc": [46, 59, 56, 45, 60, 78, 58, 57, 45, 64], "hlc": [921578, 0]}
INFO:<Node 8>:{"send": false, "recv": true, "to": 8, "from": 5, "vc": [53, 58, 56, 45, 63, 77, 58, 52, 52, 54], "hlc": [921577, 1]}
