INFO:root:Random workload: num sockets: 10, num iterations: 50, base address: 45800, chance of send: 3 in 5, round delay (s): 0.5, max clock drift (s): 8.5, actual clock drifts: [-4.638606445797713, -6.427616644881452, 1.5725137029544118, 7.514017403388451, -6.145261678004413, -4.589303175339167, -4.7199962091575625, -4.427077492702441, 1.0650484831497238, 3.2060777881459046]
INFO:<Node 0>:{"send": true, "recv": false, "from": 0, "to": 3, "vc": [1, 0, 0, 0, 0, 0, 0, 0, 0, 0], "hlc": [921715, 1]}
INFO:<Node 4>:{"send": true, "recv": false, "from": 4, "to": 3, "vc": [0, 0, 0, 0, 1, 0, 0, 0, 0, 0], "hlc": [921715, 1]}
INFO:<Node 5>:{"send": true, "recv": false, "from": 5, "to": 2, "vc": [0, 0, 0, 0, 0, 1, 0, 0, 0, 0], "hlc": [921715, 1]}
INFO:<Node 6>:{"send": true, "recv": false, "from": 6, "to": 8, "vc": [0, 0, 0, 0, 0, 0, 1, 0, 0, 0], "hlc": [921715, 1]}
INFO:<Node 7>:{"send": true, "recv": false, "from": 7, "to": 4, "vc": [0, 0, 0, 0, 0, 0, 0, 1, 0, 0], "hlc": [921715, 1]}
INFO:<Node 9>:{"send": true, "recv": false, "from": 9, "to": 8, "vc": [0, 0, 0, 0, 0, 0, 0, 0, 0, 1], "hlc": [921718, 0]}
INFO:<Node 2>:{"send": false, "recv": true, "to": 2, "from": 5, "vc": [0, 0, 1, 0, 0, 1, 0, 0, 0, 0], "hlc": [921717, 0]}
INFO:<Node 3>:{"send": false, "recv": true, "to": 3, "from": 0, "vc": [1, 0, 0, 1, 0, 0, 0, 0, 0, 0], "hlc": [921723, 0]}
INFO:<Node 3>:{"send": false, "recv": true, "to": 3, "from": 4, "vc": [1, 0, 0, 2, 1, 0, 0, 0, 0, 0], "hlc": [921723, 1]}
INFO:<Node 4>:{"send": false, "recv": true, "to": 4, "from": 7, "vc": [0, 0, 0, 0, 2, 0, 0, 1, 0, 0], "hlc": [921715, 2]}
INFO:<Node 8>:{"send": false, "recv": true, "to": 8, "from": 6, "vc": [0, 0, 0, 0, 0, 0, 1, 0, 1, 0], "hlc": [921717, 0]}
INFO:<Node 8>:{"send": false, "recv": true, "to": 8, "from": 9, "vc": [0, 0, 0, 0, 0, 0, 1, 0, 2, 1], "hlc": [921718, 1]}
INFO:<Node 0>:{"send": true, "recv": false, "from": 0, "to": 6, "vc": [2, 0, 0, 0, 0, 0, 0, 0, 0, 0], "hlc": [921715, 2]}
INFO:<Node 2>:{"send": true, "recv": false, "from": 2, "to": 8, "vc": [0, 0, 2, 0, 0, 1, 0, 0, 0, 0], "hlc": [921717, 1]}
INFO:<Node 3>:{"send": true, "recv": false, "from": 3, "to": 4, "vc": [1, 0, 0, 3, 1, 0, 0, 0, 0, 0], "hlc": [921723, 2]}
INFO:<Node 6>:{"send": true, "recv": false, "from": 6, "to": 8, "vc": [0, 0, 0, 0, 0, 0, 2, 0, 0, 0], "hlc": [921715, 2]}
INFO:<Node 8>:{"send": true, "recv": false, "from": 8, "to": 0, "vc": [0, 0, 0, 0, 0, 0, 1, 0, 3, 1], "hlc": [921718, 2]}
INFO:<Node 9>:{"send": true, "recv": false, "from": 9, "to": 3, "vc": [0, 0, 0, 0, 0, 0, 0, 0, 0, 2], "hlc": [921719, 0]}
INFO:<Node 0>:{"send": false, "recv": true, "to": 0, "from": 8, "vc": [3, 0, 0, 0, 0, 0, 1, 0, 3, 1], "hlc": [921718, 3]}
INFO:<Node 3>:{"send": false, "recv": true, "to": 3, "from": 9, "vc": [1, 0, 0, 4, 1, 0, 0, 0, 0, 2], "hlc": [921723, 3]}
INFO:<Node 4>:{"send": false, "recv": true, "to": 4, "from": 3, "vc": [1, 0, 0, 3, 3, 0, 0, 1, 0, 0], "hlc": [921723, 3]}
INFO:<Node 6>:{"send": false, "recv": true, "to": 6, "from": 0, "vc": [2, 0, 0, 0, 0, 0, 3, 0, 0, 0], "hlc": [921715, 3]}
INFO:<Node 8>:{"send": false, "recv": true, "to": 8, "from": 2, "vc": [0, 0, 2, 0, 0, 1, 1, 0, 4, 1], "hlc": [921718, 3]}
INFO:<Node 8>:{"send": false, "recv": true, "to": 8, "from": 6, "vc": [0, 0, 2, 0, 0, 1, 2, 0, 5, 1], "hlc": [921718, 4]}
INFO:<Node 1>:{"send": true, "recv": false, "from": 1, "to": 8, "vc": [0, 1, 0, 0, 0, 0, 0, 0, 0, 0], "hlc": [921715, 1]}
INFO:<Node 3>:{"send": true, "recv": false, "from": 3, "to": 4, "vc": [1, 0, 0, 5, 1, 0, 0, 0, 0, 2], "hlc": [921723, 4]}
INFO:<Node 5>:{"send": true, "recv": false, "from": 5, "to": 9, "vc": [0, 0, 0, 0, 0, 2, 0, 0, 0, 0], "hlc": [921715, 2]}
INFO:<Node 4>:{"send": false, "recv": true, "to": 4, "from": 3, "vc": [1, 0, 0, 5, 4, 0, 0, 1, 0, 2], "hlc": [921723, 5]}
INFO:<Node 8>:{"send": false, "recv": true, "to": 8, "from": 1, "vc": [0, 1, 2, 0, 0, 1, 2, 0, 6, 1], "hlc": [921718, 5]}
INFO:<Node 9>:{"send": false, "recv": true, "to": 9, "from": 5, "vc": [0, 0, 0, 0, 0, 2, 0, 0, 0, 3], "hlc": [921720, 0]}
INFO:<Node 0>:{"send": true, "recv": false, "from": 0, "to": 1, "vc": [4, 0, 0, 0, 0, 0, 1, 0, 3, 1], "hlc": [921718, 4]}
INFO:<Node 1>:{"send": true, "recv": false, "from": 1, "to": 7, "vc": [0, 2, 0, 0, 0, 0, 0, 0, 0, 0], "hlc": [921715, 2]}
INFO:<Node 3>:{"send": true, "recv": false, "from": 3, "to": 9, "vc": [1, 0, 0, 6, 1, 0, 0, 0, 0, 2], "hlc": [921724, 0]}
INFO:<Node 6>:{"send": true, "recv": false, "from": 6, "to": 7, "vc": [2, 0, 0, 0, 0, 0, 4, 0, 0, 0], "hlc": [921715, 4]}
INFO:<Node 8>:{"send": true, "recv": false, "from": 8, "to": 5, "vc": [0, 1, 2, 0, 0, 1, 2, 0, 7, 1], "hlc": [921718, 6]}
INFO:<Node 1>:{"send": false, "recv": true, "to": 1, "from": 0, "vc": [4, 3, 0, 0, 0, 0, 1, 0, 3, 1], "hlc": [921718, 5]}
INFO:<Node 5>:{"send": false, "recv": true, "to": 5, "from": 8, "vc": [0, 1, 2, 0, 0, 3, 2, 0, 7, 1], "hlc": [921718, 7]}
INFO:<Node 7>:{"send": false, "recv": true, "to": 7, "from": 1, "vc": [0, 2, 0, 0, 0, 0, 0, 2, 0, 0], "hlc": [921715, 3]}
INFO:<Node 7>:{"send": false, "recv": true, "to": 7, "from": 6, "vc": [2, 2, 0, 0, 0, 0, 4, 3, 0, 0], "hlc": [921715, 5]}
INFO:<Node 9>:{"send": false, "recv": true, "to": 9, "from": 3, "vc": [1, 0, 0, 6, 1, 2, 0, 0, 0, 4], "hlc": [921724, 1]}
INFO:<Node 0>:{"send": true, "recv": false, "from": 0, "to": 6, "vc": [5, 0, 0, 0, 0, 0, 1, 0, 3, 1], "hlc": [921718, 5]}
INFO:<Node 2>:{"send": true, "recv": false, "from": 2, "to": 7, "vc": [0, 0, 3, 0, 0, 1, 0, 0, 0, 0], "hlc": [921719, 0]}
INFO:<Node 3>:{"send": true, "recv": false, "from": 3, "to": 9, "vc": [1, 0, 0, 7, 1, 0, 0, 0, 0, 2], "hlc": [921724, 1]}
INFO:<Node 6>:{"send": true, "recv": false, "from": 6, "to": 2, "vc": [2, 0, 0, 0, 0, 0, 5, 0, 0, 0], "hlc": [921715, 5]}
INFO:<Node 9>:{"send": true, "recv": false, "from": 9, "to": 6, "vc": [1, 0, 0, 6, 1, 2, 0, 0, 0, 5], "hlc": [921724, 2]}
INFO:<Node 2>:{"send": false, "recv": true, "to": 2, "from": 6, "vc": [2, 0, 4, 0, 0, 1, 5, 0, 0, 0], "hlc": [921719, 1]}
INFO:<Node 6>:{"send": false, "recv": true, "to": 6, "from": 0, "vc": [5, 0, 0, 0, 0, 0, 6, 0, 3, 1], "hlc": [921718, 6]}
INFO:<Node 6>:{"send": false, "recv": true, "to": 6, "from": 9, "vc": [5, 0, 0, 6, 1, 2, 7, 0, 3, 5], "hlc": [921724, 3]}
INFO:<Node 7>:{"send": false, "recv": true, "to": 7, "from": 2, "vc": [2, 2, 3, 0, 0, 1, 4, 4, 0, 0], "hlc": [921719, 1]}
INFO:<Node 9>:{"send": false, "recv": true, "to": 9, "from": 3, "vc": [1, 0, 0, 7, 1, 2, 0, 0, 0, 6], "hlc": [921724, 3]}
INFO:<Node 1>:{"send": true, "recv": false, "from": 1, "to": 0, "vc": [4, 4, 0, 0, 0, 0, 1, 0, 3, 1], "hlc": [921718, 6]}
INFO:<Node 3>:{"send": true, "recv": false, "from": 3, "to": 5, "vc": [1, 0, 0, 8, 1, 0, 0, 0, 0, 2], "hlc": [921725, 0]}
INFO:<Node 4>:{"send": true, "recv": false, "from": 4, "to": 1, "vc": [1, 0, 0, 5, 5, 0, 0, 1, 0, 2], "hlc": [921723, 6]}
INFO:<Node 5>:{"send": true, "recv": false, "from": 5, "to": 0, "vc": [0, 1, 2, 0, 0, 4, 2, 0, 7, 1], "hlc": [921718, 8]}
INFO:<Node 6>:{"send": true, "recv": false, "from": 6, "to": 8, "vc": [5, 0, 0, 6, 1, 2, 8, 0, 3, 5], "hlc": [921724, 4]}
INFO:<Node 7>:{"send": true, "recv": false, "from": 7, "to": 3, "vc": [2, 2, 3, 0, 0, 1, 4, 5, 0, 0], "hlc": [921719, 2]}
INFO:<Node 9>:{"send": true, "recv": false, "from": 9, "to": 7, "vc": [1, 0, 0, 7, 1, 2, 0, 0, 0, 7], "hlc": [921724, 4]}
INFO:<Node 0>:{"send": false, "recv": true, "to": 0, "from": 1, "vc": [6, 4, 0, 0, 0, 0, 1, 0, 3, 1], "hlc": [921718, 7]}
INFO:<Node 0>:{"send": false, "recv": true, "to": 0, "from": 5, "vc": [7, 4, 2, 0, 0, 4, 2, 0, 7, 1], "hlc": [921718, 9]}
INFO:<Node 1>:{"send": false, "recv": true, "to": 1, "from": 4, "vc": [4, 5, 0, 5, 5, 0, 1, 1, 3, 2], "hlc": [921723, 7]}
INFO:<Node 3>:{"send": false, "recv": true, "to": 3, "from": 7, "vc": [2, 2, 3, 9, 1, 1, 4, 5, 0, 2], "hlc": [921725, 1]}
INFO:<Node 5>:{"send": false, "recv": true, "to": 5, "from": 3, "vc": [1, 1, 2, 8, 1, 5, 2, 0, 7, 2], "hlc": [921725, 1]}
INFO:<Node 7>:{"send": false, "recv": true, "to": 7, "from": 9, "vc": [2, 2, 3, 7, 1, 2, 4, 6, 0, 7], "hlc": [921724, 5]}
INFO:<Node 8>:{"send": false, "recv": true, "to": 8, "from": 6, "vc": [5, 1, 2, 6, 1, 2, 8, 0, 8, 5], "hlc": [921724, 5]}
INFO:<Node 3>:{"send": true, "recv": false, "from": 3, "to": 5, "vc": [2, 2, 3, 10, 1, 1, 4, 5, 0, 2], "hlc": [921725, 2]}
INFO:<Node 5>:{"send": true, "recv": false, "from": 5, "to": 3, "vc": [1, 1, 2, 8, 1, 6, 2, 0, 7, 2], "hlc": [921725, 2]}
INFO:<Node 8>:{"send": true, "recv": false, "from": 8, "to": 6, "vc": [5, 1, 2, 6, 1, 2, 8, 0, 9, 5], "hlc": [921724, 6]}
INFO:<Node 3>:{"send": false, "recv": true, "to": 3, "from": 5, "vc": [2, 2, 3, 11, 1, 6, 4, 5, 7, 2], "hlc": [921726, 0]}
INFO:<Node 5>:{"send": false, "recv": true, "to": 5, "from": 3, "vc": [2, 2, 3, 10, 1, 7, 4, 5, 7, 2], "hlc": [921725, 3]}
INFO:<Node 6>:{"send": false, "recv": true, "to": 6, "from": 8, "vc": [5, 1, 2, 6, 1, 2, 9, 0, 9, 5], "hlc": [921724, 7]}
INFO:<Node 1>:{"send": true, "recv": false, "from": 1, "to": 5, "vc": [4, 6, 0, 5, 5, 0, 1, 1, 3, 2], "hlc": [921723, 8]}
INFO:<Node 2>:{"send": true, "recv": false, "from": 2, "to": 9, "vc": [2, 0, 5, 0, 0, 1, 5, 0, 0, 0], "hlc": [921720, 0]}
INFO:<Node 3>:{"send": true, "recv": false, "from": 3, "to": 6, "vc": [2, 2, 3, 12, 1, 6, 4, 5, 7, 2], "hlc": [921726, 1]}
INFO:<Node 4>:{"send": true, "recv": false, "from": 4, "to": 6, "vc": [1, 0, 0, 5, 6, 0, 0, 1, 0, 2], "hlc": [921723, 7]}
INFO:<Node 5>:{"send": true, "recv": false, "from": 5, "to": 9, "vc": [2, 2, 3, 10, 1, 8, 4, 5, 7, 2], "hlc": [921725, 4]}
INFO:<Node 6>:{"send": true, "recv": false, "from": 6, "to": 1, "vc": [5, 1, 2, 6, 1, 2, 10, 0, 9, 5], "hlc": [921724, 8]}
INFO:<Node 8>:{"send": true, "recv": false, "from": 8, "to": 6, "vc": [5, 1, 2, 6, 1, 2, 8, 0, 10, 5], "hlc": [921724, 7]}
INFO:<Node 9>:{"send": true, "recv": false, "from": 9, "to": 0, "vc": [1, 0, 0, 7, 1, 2, 0, 0, 0, 8], "hlc": [921724, 5]}
INFO:<Node 0>:{"send": false, "recv": true, "to": 0, "from": 9, "vc": [8, 4, 2, 7, 1, 4, 2, 0, 7, 8], "hlc": [921724, 6]}
INFO:<Node 1>:{"send": false, "recv": true, "to": 1, "from": 6, "vc": [5, 7, 2, 6, 5, 2, 10, 1, 9, 5], "hlc": [921724, 9]}
INFO:<Node 5>:{"send": false, "recv": true, "to": 5, "from": 1, "vc": [4, 6, 3, 10, 5, 9, 4, 5, 7, 2], "hlc": [921725, 5]}
INFO:<Node 6>:{"send": false, "recv": true, "to": 6, "from": 3, "vc": [5, 2, 3, 12, 1, 6, 11, 5, 9, 5], "hlc": [921726, 2]}
INFO:<Node 6>:{"send": false, "recv": true, "to": 6, "from": 4, "vc": [5, 2, 3, 12, 6, 6, 12, 5, 9, 5], "hlc": [921726, 3]}
INFO:<Node 6>:{"send": false, "recv": true, "to": 6, "from": 8, "vc": [5, 2, 3, 12, 6, 6, 13, 5, 10, 5], "hlc": [921726, 4]}
INFO:<Node 9>:{"send": false, "recv": true, "to": 9, "from": 2, "vc": [2, 0, 5, 7, 1, 2, 5, 0, 0, 9], "hlc": [921724, 6]}
INFO:<Node 9>:{"send": false, "recv": true, "to": 9, "from": 5, "vc": [2, 2, 5, 10, 1, 8, 5, 5, 7, 10], "hlc": [921725, 5]}
INFO:<Node 0>:{"send": true, "recv": false, "from": 0, "to": 5, "vc": [9, 4, 2, 7, 1, 4, 2, 0, 7, 8], "hlc": [921724, 7]}
INFO:<Node 1>:{"send": true, "recv": false, "from": 1, "to": 7, "vc": [5, 8, 2, 6, 5, 2, 10, 1, 9, 5], "hlc": [921724, 10]}
INFO:<Node 2>:{"send": true, "recv": false, "from": 2, "to": 8, "vc": [2, 0, 6, 0, 0, 1, 5, 0, 0, 0], "hlc": [921721, 0]}
INFO:<Node 4>:{"send": true, "recv": false, "from": 4, "to": 1, "vc": [1, 0, 0, 5, 7, 0, 0, 1, 0, 2], "hlc": [921723, 8]}
INFO:<Node 5>:{"send": true, "recv": false, "from": 5, "to": 9, "vc": [4, 6, 3, 10, 5, 10, 4, 5, 7, 2], "hlc": [921725, 6]}
INFO:<Node 7>:{"send": true, "recv": false, "from": 7, "to": 1, "vc": [2, 2, 3, 7, 1, 2, 4, 7, 0, 7], "hlc": [921724, 6]}
INFO:<Node 8>:{"send": true, "recv": false, "from": 8, "to": 0, "vc": [5, 1, 2, 6, 1, 2, 8, 0, 11, 5], "hlc": [921724, 8]}
INFO:<Node 9>:{"send": true, "recv": false, "from": 9, "to": 4, "vc": [2, 2, 5, 10, 1, 8, 5, 5, 7, 11], "hlc": [921725, 6]}
INFO:<Node 0>:{"send": false, "recv": true, "to": 0, "from": 8, "vc": [10, 4, 2, 7, 1, 4, 8, 0, 11, 8], "hlc": [921724, 9]}
INFO:<Node 1>:{"send": false, "recv": true, "to": 1, "from": 4, "vc": [5, 9, 2, 6, 7, 2, 10, 1, 9, 5], "hlc": [921724, 11]}
INFO:<Node 1>:{"send": false, "recv": true, "to": 1, "from": 7, "vc": [5, 10, 3, 7, 7, 2, 10, 7, 9, 7], "hlc": [921724, 12]}
INFO:<Node 4>:{"send": false, "recv": true, "to": 4, "from": 9, "vc": [2, 2, 5, 10, 8, 8, 5, 5, 7, 11], "hlc": [921725, 7]}
INFO:<Node 5>:{"send": false, "recv": true, "to": 5, "from": 0, "vc": [9, 6, 3, 10, 5, 11, 4, 5, 7, 8], "hlc": [921725, 7]}
INFO:<Node 7>:{"send": false, "recv": true, "to": 7, "from": 1, "vc": [5, 8, 3, 7, 5, 2, 10, 8, 9, 7], "hlc": [921724, 11]}
INFO:<Node 8>:{"send": false, "recv": true, "to": 8, "from": 2, "vc": [5, 1, 6, 6, 1, 2, 8, 0, 12, 5], "hlc": [921724, 9]}
INFO:<Node 9>:{"send": false, "recv": true, "to": 9, "from": 5, "vc": [4, 6, 5, 10, 5, 10, 5, 5, 7, 12], "hlc": [921725, 7]}
INFO:<Node 0>:{"send": true, "recv": false, "from": 0, "to": 7, "vc": [11, 4, 2, 7, 1, 4, 8, 0, 11, 8], "hlc": [921724, 10]}
INFO:<Node 2>:{"send": true, "recv": false, "from": 2, "to": 5, "vc": [2, 0, 7, 0, 0, 1, 5, 0, 0, 0], "hlc": [921721, 1]}
INFO:<Node 7>:{"send": true, "recv": false, "from": 7, "to": 6, "vc": [5, 8, 3, 7, 5, 2, 10, 9, 9, 7], "hlc": [921724, 12]}
INFO:<Node 8>:{"send": true, "recv": false, "from": 8, "to": 3, "vc": [5, 1, 6, 6, 1, 2, 8, 0, 13, 5], "hlc": [921724, 10]}
INFO:<Node 3>:{"send": false, "recv": true, "to": 3, "from": 8, "vc": [5, 2, 6, 13, 1, 6, 8, 5, 13, 5], "hlc": [921727, 0]}
INFO:<Node 5>:{"send": false, "recv": true, "to": 5, "from": 2, "vc": [9, 6, 7, 10, 5, 12, 5, 5, 7, 8], "hlc": [921725, 8]}
INFO:<Node 6>:{"send": false, "recv": true, "to": 6, "from": 7, "vc": [5, 8, 3, 12, 6, 6, 14, 9, 10, 7], "hlc": [921726, 5]}
INFO:<Node 7>:{"send": false, "recv": true, "to": 7, "from": 0, "vc": [11, 8, 3, 7, 5, 4, 10, 10, 11, 8], "hlc": [921724, 13]}
INFO:<Node 1>:{"send": true, "recv": false, "from": 1, "to": 8, "vc": [5, 11, 3, 7, 7, 2, 10, 7, 9, 7], "hlc": [921724, 13]}
INFO:<Node 8>:{"send": true, "recv": false, "from": 8, "to": 0, "vc": [5, 1, 6, 6, 1, 2, 8, 0, 14, 5], "hlc": [921724, 11]}
INFO:<Node 9>:{"send": true, "recv": false, "from": 9, "to": 4, "vc": [4, 6, 5, 10, 5, 10, 5, 5, 7, 13], "hlc": [921725, 8]}
INFO:<Node 0>:{"send": false, "recv": true, "to": 0, "from": 8, "vc": [12, 4, 6, 7, 1, 4, 8, 0, 14, 8], "hlc": [921724, 12]}
INFO:<Node 4>:{"send": false, "recv": true, "to": 4, "from": 9, "vc": [4, 6, 5, 10, 9, 10, 5, 5, 7, 13], "hlc": [921725, 9]}
INFO:<Node 8>:{"send": false, "recv": true, "to": 8, "from": 1, "vc": [5, 11, 6, 7, 7, 2, 10, 7, 15, 7], "hlc": [921724, 14]}
INFO:<Node 0>:{"send": true, "recv": false, "from": 0, "to": 8, "vc": [13, 4, 6, 7, 1, 4, 8, 0, 14, 8], "hlc": [921724, 13]}
INFO:<Node 2>:{"send": true, "recv": false, "from": 2, "to": 6, "vc": [2, 0, 8, 0, 0, 1, 5, 0, 0, 0], "hlc": [921722, 0]}
INFO:<Node 4>:{"send": true, "recv": false, "from": 4, "to": 3, "vc": [4, 6, 5, 10, 10, 10, 5, 5, 7, 13], "hlc": [921725, 10]}
INFO:<Node 5>:{"send": true, "recv": false, "from": 5, "to": 2, "vc": [9, 6, 7, 10, 5, 13, 5, 5, 7, 8], "hlc": [921725, 9]}
INFO:<Node 6>:{"send": true, "recv": false, "from": 6, "to": 8, "vc": [5, 8, 3, 12, 6, 6, 15, 9, 10, 7], "hlc": [921726, 6]}
INFO:<Node 8>:{"send": true, "recv": false, "from": 8, "to": 2, "vc": [5, 11, 6, 7, 7, 2, 10, 7, 16, 7], "hlc": [921724, 15]}
INFO:<Node 2>:{"send": false, "recv": true, "to": 2, "from": 5, "vc": [9, 6, 9, 10, 5, 13, 5, 5, 7, 8], "hlc": [921725, 10]}
INFO:<Node 2>:{"send": false, "recv": true, "to": 2, "from": 8, "vc": [9, 11, 10, 10, 7, 13, 10, 7, 16, 8], "hlc": [921725, 11]}
INFO:<Node 3>:{"send": false, "recv": true, "to": 3, "from": 4, "vc": [5, 6, 6, 14, 10, 10, 8, 5, 13, 13], "hlc": [921729, 0]}
INFO:<Node 6>:{"send": false, "recv": true, "to": 6, "from": 2, "vc": [5, 8, 8, 12, 6, 6, 16, 9, 10, 7], "hlc": [921726, 7]}
INFO:<Node 8>:{"send": false, "recv": true, "to": 8, "from": 0, "vc": [13, 11, 6, 7, 7, 4, 10, 7, 17, 8], "hlc": [921724, 16]}
INFO:<Node 8>:{"send": false, "recv": true, "to": 8, "from": 6, "vc": [13, 11, 6, 12, 7, 6, 15, 9, 18, 8], "hlc": [921726, 7]}
INFO:<Node 0>:{"send": true, "recv": false, "from": 0, "to": 1, "vc": [14, 4, 6, 7, 1, 4, 8, 0, 14, 8], "hlc": [921724, 14]}
INFO:<Node 2>:{"send": true, "recv": false, "from": 2, "to": 5, "vc": [9, 11, 11, 10, 7, 13, 10, 7, 16, 8], "hlc": [921725, 12]}
INFO:<Node 3>:{"send": true, "recv": false, "from": 3, "to": 5, "vc": [5, 6, 6, 15, 10, 10, 8, 5, 13, 13], "hlc": [921729, 1]}
INFO:<Node 4>:{"send": true, "recv": false, "from": 4, "to": 5, "vc": [4, 6, 5, 10, 11, 10, 5, 5, 7, 13], "hlc": [921725, 11]}
INFO:<Node 8>:{"send": true, "recv": false, "from": 8, "to": 4, "vc": [13, 11, 6, 12, 7, 6, 15, 9, 19, 8], "hlc": [921726, 8]}
INFO:<Node 1>:{"send": false, "recv": true, "to": 1, "from": 0, "vc": [14, 12, 6, 7, 7, 4, 10, 7, 14, 8], "hlc": [921724, 15]}
INFO:<Node 4>:{"send": false, "recv": true, "to": 4, "from": 8, "vc": [13, 11, 6, 12, 12, 10, 15, 9, 19, 13], "hlc": [921726, 9]}
INFO:<Node 5>:{"send": false, "recv": true, "to": 5, "from": 2, "vc": [9, 11, 11, 10, 7, 14, 10, 7, 16, 8], "hlc": [921725, 13]}
INFO:<Node 5>:{"send": false, "recv": true, "to": 5, "from": 3, "vc": [9, 11, 11, 15, 10, 15, 10, 7, 16, 13], "hlc": [921729, 2]}
INFO:<Node 5>:{"send": false, "recv": true, "to": 5, "from": 4, "vc": [9, 11, 11, 15, 11, 16, 10, 7, 16, 13], "hlc": [921729, 3]}
INFO:<Node 3>:{"send": true, "recv": false, "from": 3, "to": 5, "vc": [5, 6, 6, 16, 10, 10, 8, 5, 13, 13], "hlc": [921729, 2]}
INFO:<Node 7>:{"send": true, "recv": false, "from": 7, "to": 2, "vc": [11, 8, 3, 7, 5, 4, 10, 11, 11, 8], "hlc": [921724, 14]}
INFO:<Node 8>:{"send": true, "recv": false, "from": 8, "to": 6, "vc": [13, 11, 6, 12, 7, 6, 15, 9, 20, 8], "hlc": [921726, 9]}
INFO:<Node 2>:{"send": false, "recv": true, "to": 2, "from": 7, "vc": [11, 11, 12, 10, 7, 13, 10, 11, 16, 8], "hlc": [921725, 13]}
INFO:<Node 5>:{"send": false, "recv": true, "to": 5, "from": 3, "vc": [9, 11, 11, 16, 11, 17, 10, 7, 16, 13], "hlc": [921729, 4]}
INFO:<Node 6>:{"send": false, "recv": true, "to": 6, "from": 8, "vc": [13, 11, 8, 12, 7, 6, 17, 9, 20, 8], "hlc": [921726, 10]}
INFO:<Node 0>:{"send": true, "recv": false, "from": 0, "to": 5, "vc": [15, 4, 6, 7, 1, 4, 8, 0, 14, 8], "hlc": [921724, 15]}
INFO:<Node 3>:{"send": true, "recv": false, "from": 3, "to": 9, "vc": [5, 6, 6, 17, 10, 10, 8, 5, 13, 13], "hlc": [921730, 0]}
INFO:<Node 4>:{"send": true, "recv": false, "from": 4, "to": 5, "vc": [13, 11, 6, 12, 13, 10, 15, 9, 19, 13], "hlc": [921726, 10]}
INFO:<Node 5>:{"send": true, "recv": false, "from": 5, "to": 3, "vc": [9, 11, 11, 16, 11, 18, 10, 7, 16, 13], "hlc": [921729, 5]}
INFO:<Node 9>:{"send": true, "recv": false, "from": 9, "to": 8, "vc": [4, 6, 5, 10, 5, 10, 5, 5, 7, 14], "hlc": [921725, 9]}
INFO:<Node 3>:{"send": false, "recv": true, "to": 3, "from": 5, "vc": [9, 11, 11, 18, 11, 18, 10, 7, 16, 13], "hlc": [921730, 1]}
INFO:<Node 5>:{"send": false, "recv": true, "to": 5, "from": 0, "vc": [15, 11, 11, 16, 11, 19, 10, 7, 16, 13], "hlc": [921729, 6]}
INFO:<Node 5>:{"send": false, "recv": true, "to": 5, "from": 4, "vc": [15, 11, 11, 16, 13, 20, 15, 9, 19, 13], "hlc": [921729, 7]}
INFO:<Node 8>:{"send": false, "recv": true, "to": 8, "from": 9, "vc": [13, 11, 6, 12, 7, 10, 15, 9, 21, 14], "hlc": [921726, 10]}
INFO:<Node 9>:{"send": false, "recv": true, "to": 9, "from": 3, "vc": [5, 6, 6, 17, 10, 10, 8, 5, 13, 15], "hlc": [921730, 1]}
INFO:<Node 4>:{"send": true, "recv": false, "from": 4, "to": 9, "vc": [13, 11, 6, 12, 14, 10, 15, 9, 19, 13], "hlc": [921726, 11]}
INFO:<Node 5>:{"send": true, "recv": false, "from": 5, "to": 7, "vc": [15, 11, 11, 16, 13, 21, 15, 9, 19, 13], "hlc": [921729, 8]}
INFO:<Node 8>:{"send": true, "recv": false, "from": 8, "to": 6, "vc": [13, 11, 6, 12, 7, 10, 15, 9, 22, 14], "hlc": [921726, 11]}
INFO:<Node 6>:{"send": false, "recv": true, "to": 6, "from": 8, "vc": [13, 11, 8, 12, 7, 10, 18, 9, 22, 14], "hlc": [921726, 12]}
INFO:<Node 7>:{"send": false, "recv": true, "to": 7, "from": 5, "vc": [15, 11, 11, 16, 13, 21, 15, 12, 19, 13], "hlc": [921729, 9]}
INFO:<Node 9>:{"send": false, "recv": true, "to": 9, "from": 4, "vc": [13, 11, 6, 17, 14, 10, 15, 9, 19, 16], "hlc": [921730, 2]}
INFO:<Node 1>:{"send": true, "recv": false, "from": 1, "to": 2, "vc": [14, 13, 6, 7, 7, 4, 10, 7, 14, 8], "hlc": [921724, 16]}
INFO:<Node 2>:{"send": true, "recv": false, "from": 2, "to": 3, "vc": [11, 11, 13, 10, 7, 13, 10, 11, 16, 8], "hlc": [921725, 14]}
INFO:<Node 3>:{"send": true, "recv": false, "from": 3, "to": 5, "vc": [9, 11, 11, 19, 11, 18, 10, 7, 16, 13], "hlc": [921731, 0]}
INFO:<Node 6>:{"send": true, "recv": false, "from": 6, "to": 1, "vc": [13, 11, 8, 12, 7, 10, 19, 9, 22, 14], "hlc": [921726, 13]}
INFO:<Node 1>:{"send": false, "recv": true, "to": 1, "from": 6, "vc": [14, 14, 8, 12, 7, 10, 19, 9, 22, 14], "hlc": [921726, 14]}
INFO:<Node 2>:{"send": false, "recv": true, "to": 2, "from": 1, "vc": [14, 13, 14, 10, 7, 13, 10, 11, 16, 8], "hlc": [921725, 15]}
INFO:<Node 3>:{"send": false, "recv": true, "to": 3, "from": 2, "vc": [11, 11, 13, 20, 11, 18, 10, 11, 16, 13], "hlc": [921731, 1]}
INFO:<Node 5>:{"send": false, "recv": true, "to": 5, "from": 3, "vc": [15, 11, 11, 19, 13, 22, 15, 9, 19, 13], "hlc": [921731, 1]}
INFO:<Node 0>:{"send": true, "recv": false, "from": 0, "to": 6, "vc": [16, 4, 6, 7, 1, 4, 8, 0, 14, 8], "hlc": [921724, 16]}
INFO:<Node 2>:{"send": true, "recv": false, "from": 2, "to": 5, "vc": [14, 13, 15, 10, 7, 13, 10, 11, 16, 8], "hlc": [921725, 16]}
INFO:<Node 4>:{"send": true, "recv": false, "from": 4, "to": 1, "vc": [13, 11, 6, 12, 15, 10, 15, 9, 19, 13], "hlc": [921726, 12]}
INFO:<Node 7>:{"send": true, "recv": false, "from": 7, "to": 5, "vc": [15, 11, 11, 16, 13, 21, 15, 13, 19, 13], "hlc": [921729, 10]}
INFO:<Node 8>:{"send": true, "recv": false, "from": 8, "to": 4, "vc": [13, 11, 6, 12, 7, 10, 15, 9, 23, 14], "hlc": [921726, 12]}
INFO:<Node 1>:{"send": false, "recv": true, "to": 1, "from": 4, "vc": [14, 15, 8, 12, 15, 10, 19, 9, 22, 14], "hlc": [921726, 15]}
INFO:<Node 4>:{"send": false, "recv": true, "to": 4, "from": 8, "vc": [13, 11, 6, 12, 16, 10, 15, 9, 23, 14], "hlc": [921726, 13]}
INFO:<Node 5>:{"send": false, "recv": true, "to": 5, "from": 2, "vc": [15, 13, 15, 19, 13, 23, 15, 11, 19, 13], "hlc": [921731, 2]}
INFO:<Node 5>:{"send": false, "recv": true, "to": 5, "from": 7, "vc": [15, 13, 15, 19, 13, 24, 15, 13, 19, 13], "hlc": [921731, 3]}
INFO:<Node 6>:{"send": false, "recv": true, "to": 6, "from": 0, "vc": [16, 11, 8, 12, 7, 10, 20, 9, 22, 14], "hlc": [921726, 14]}
INFO:<Node 0>:{"send": true, "recv": false, "from": 0, "to": 9, "vc": [17, 4, 6, 7, 1, 4, 8, 0, 14, 8], "hlc": [921724, 17]}
INFO:<Node 1>:{"send": true, "recv": false, "from": 1, "to": 2, "vc": [14, 16, 8, 12, 15, 10, 19, 9, 22, 14], "hlc": [921726, 16]}
INFO:<Node 3>:{"send": true, "recv": false, "from": 3, "to": 2, "vc": [11, 11, 13, 21, 11, 18, 10, 11, 16, 13], "hlc": [921732, 0]}
INFO:<Node 6>:{"send": true, "recv": false, "from": 6, "to": 2, "vc": [16, 11, 8, 12, 7, 10, 21, 9, 22, 14], "hlc": [921726, 15]}
INFO:<Node 8>:{"send": true, "recv": false, "from": 8, "to": 0, "vc": [13, 11, 6, 12, 7, 10, 15, 9, 24, 14], "hlc": [921726, 13]}
INFO:<Node 9>:{"send": true, "recv": false, "from": 9, "to": 4, "vc": [13, 11, 6, 17, 14, 10, 15, 9, 19, 17], "hlc": [921730, 3]}
INFO:<Node 0>:{"send": false, "recv": true, "to": 0, "from": 8, "vc": [18, 11, 6, 12, 7, 10, 15, 9, 24, 14], "hlc": [921726, 14]}
INFO:<Node 2>:{"send": false, "recv": true, "to": 2, "from": 1, "vc": [14, 16, 16, 12, 15, 13, 19, 11, 22, 14], "hlc": [921726, 17]}
INFO:<Node 2>:{"send": false, "recv": true, "to": 2, "from": 3, "vc": [14, 16, 17, 21, 15, 18, 19, 11, 22, 14], "hlc": [921732, 1]}
INFO:<Node 2>:{"send": false, "recv": true, "to": 2, "from": 6, "vc": [16, 16, 18, 21, 15, 18, 21, 11, 22, 14], "hlc": [921732, 2]}
INFO:<Node 4>:{"send": false, "recv": true, "to": 4, "from": 9, "vc": [13, 11, 6, 17, 17, 10, 15, 9, 23, 17], "hlc": [921730, 4]}
INFO:<Node 9>:{"send": false, "recv": true, "to": 9, "from": 0, "vc": [17, 11, 6, 17, 14, 10, 15, 9, 19, 18], "hlc": [921730, 4]}
INFO:<Node 0>:{"send": true, "recv": false, "from": 0, "to": 3, "vc": [19, 11, 6, 12, 7, 10, 15, 9, 24, 14], "hlc": [921726, 15]}
INFO:<Node 3>:{"send": true, "recv": false, "from": 3, "to": 1, "vc": [11, 11, 13, 22, 11, 18, 10, 11, 16, 13], "hlc": [921732, 1]}
INFO:<Node 4>:{"send": true, "recv": false, "from": 4, "to": 8, "vc": [13, 11, 6, 17, 18, 10, 15, 9, 23, 17], "hlc": [921730, 5]}
INFO:<Node 5>:{"send": true, "recv": false, "from": 5, "to": 7, "vc": [15, 13, 15, 19, 13, 25, 15, 13, 19, 13], "hlc": [921731, 4]}
INFO:<Node 7>:{"send": true, "recv": false, "from": 7, "to": 8, "vc": [15, 11, 11, 16, 13, 21, 15, 14, 19, 13], "hlc": [921729, 11]}
INFO:<Node 9>:{"send": true, "recv": false, "from": 9, "to": 3, "vc": [17, 11, 6, 17, 14, 10, 15, 9, 19, 19], "hlc": [921730, 5]}
INFO:<Node 1>:{"send": false, "recv": true, "to": 1, "from": 3, "vc": [14, 17, 13, 22, 15, 18, 19, 11, 22, 14], "hlc": [921732, 2]}
INFO:<Node 3>:{"send": false, "recv": true, "to": 3, "from": 0, "vc": [19, 11, 13, 23, 11, 18, 15, 11, 24, 14], "hlc": [921733, 0]}
INFO:<Node 3>:{"send": false, "recv": true, "to": 3, "from": 9, "vc": [19, 11, 13, 24, 14, 18, 15, 11, 24, 19], "hlc": [921733, 1]}
INFO:<Node 7>:{"send": false, "recv": true, "to": 7, "from": 5, "vc": [15, 13, 15, 19, 13, 25, 15, 15, 19, 13], "hlc": [921731, 5]}
INFO:<Node 8>:{"send": false, "recv": true, "to": 8, "from": 4, "vc": [13, 11, 6, 17, 18, 10, 15, 9, 25, 17], "hlc": [921730, 6]}
INFO:<Node 8>:{"send": false, "recv": true, "to": 8, "from": 7, "vc": [15, 11, 11, 17, 18, 21, 15, 14, 26, 17], "hlc": [921730, 7]}
INFO:<Node 2>:{"send": true, "recv": false, "from": 2, "to": 5, "vc": [16, 16, 19, 21, 15, 18, 21, 11, 22, 14], "hlc": [921732, 3]}
INFO:<Node 4>:{"send": true, "recv": false, "from": 4, "to": 1, "vc": [13, 11, 6, 17, 19, 10, 15, 9, 23, 17], "hlc": [921730, 6]}
INFO:<Node 5>:{"send": true, "recv": false, "from": 5, "to": 2, "vc": [15, 13, 15, 19, 13, 26, 15, 13, 19, 13], "hlc": [921731, 5]}
INFO:<Node 7>:{"send": true, "recv": false, "from": 7, "to": 5, "vc": [15, 13, 15, 19, 13, 25, 15, 16, 19, 13], "hlc": [921731, 6]}
INFO:<Node 8>:{"send": true, "recv": false, "from": 8, "to": 1, "vc": [15, 11, 11, 17, 18, 21, 15, 14, 27, 17], "hlc": [921730, 8]}
INFO:<Node 9>:{"send": true, "recv": false, "from": 9, "to": 0, "vc": [17, 11, 6, 17, 14, 10, 15, 9, 19, 20], "hlc": [921730, 6]}
INFO:<Node 0>:{"send": false, "recv": true, "to": 0, "from": 9, "vc": [20, 11, 6, 17, 14, 10, 15, 9, 24, 20], "hlc": [921730, 7]}
INFO:<Node 1>:{"send": false, "recv": true, "to": 1, "from": 4, "vc": [14, 18, 13, 22, 19, 18, 19, 11, 23, 17], "hlc": [921732, 3]}
INFO:<Node 1>:{"send": false, "recv": true, "to": 1, "from": 8, "vc": [15, 19, 13, 22, 19, 21, 19, 14, 27, 17], "hlc": [921732, 4]}
INFO:<Node 2>:{"send": false, "recv": true, "to": 2, "from": 5, "vc": [16, 16, 20, 21, 15, 26, 21, 13, 22, 14], "hlc": [921732, 4]}
INFO:<Node 5>:{"send": false, "recv": true, "to": 5, "from": 2, "vc": [16, 16, 19, 21, 15, 27, 21, 13, 22, 14], "hlc": [921732, 4]}
INFO:<Node 5>:{"send": false, "recv": true, "to": 5, "from": 7, "vc": [16, 16, 19, 21, 15, 28, 21, 16, 22, 14], "hlc": [921732, 5]}
INFO:<Node 0>:{"send": true, "recv": false, "from": 0, "to": 1, "vc": [21, 11, 6, 17, 14, 10, 15, 9, 24, 20], "hlc": [921730, 8]}
INFO:<Node 2>:{"send": true, "recv": false, "from": 2, "to": 8, "vc": [16, 16, 21, 21, 15, 26, 21, 13, 22, 14], "hlc": [921732, 5]}
INFO:<Node 3>:{"send": true, "recv": false, "from": 3, "to": 2, "vc": [19, 11, 13, 25, 14, 18, 15, 11, 24, 19], "hlc": [921733, 2]}
INFO:<Node 4>:{"send": true, "recv": false, "from": 4, "to": 6, "vc": [13, 11, 6, 17, 20, 10, 15, 9, 23, 17], "hlc": [921730, 7]}
INFO:<Node 5>:{"send": true, "recv": false, "from": 5, "to": 9, "vc": [16, 16, 19, 21, 15, 29, 21, 16, 22, 14], "hlc": [921732, 6]}
INFO:<Node 6>:{"send": true, "recv": false, "from": 6, "to": 9, "vc": [16, 11, 8, 12, 7, 10, 22, 9, 22, 14], "hlc": [921726, 16]}
INFO:<Node 7>:{"send": true, "recv": false, "from": 7, "to": 8, "vc": [15, 13, 15, 19, 13, 25, 15, 17, 19, 13], "hlc": [921731, 7]}
INFO:<Node 8>:{"send": true, "recv": false, "from": 8, "to": 9, "vc": [15, 11, 11, 17, 18, 21, 15, 14, 28, 17], "hlc": [921730, 9]}
INFO:<Node 9>:{"send": true, "recv": false, "from": 9, "to": 1, "vc": [17, 11, 6, 17, 14, 10, 15, 9, 19, 21], "hlc": [921730, 7]}
INFO:<Node 1>:{"send": false, "recv": true, "to": 1, "from": 0, "vc": [21, 20, 13, 22, 19, 21, 19, 14, 27, 20], "hlc": [921732, 5]}
INFO:<Node 1>:{"send": false, "recv": true, "to": 1, "from": 9, "vc": [21, 21, 13, 22, 19, 21, 19, 14, 27, 21], "hlc": [921732, 6]}
INFO:<Node 2>:{"send": false, "recv": true, "to": 2, "from": 3, "vc": [19, 16, 22, 25, 15, 26, 21, 13, 24, 19], "hlc": [921733, 3]}
INFO:<Node 6>:{"send": false, "recv": true, "to": 6, "from": 4, "vc": [16, 11, 8, 17, 20, 10, 23, 9, 23, 17], "hlc": [921730, 8]}
INFO:<Node 8>:{"send": false, "recv": true, "to": 8, "from": 2, "vc": [16, 16, 21, 21, 18, 26, 21, 14, 29, 17], "hlc": [921732, 6]}
INFO:<Node 8>:{"send": false, "recv": true, "to": 8, "from": 7, "vc": [16, 16, 21, 21, 18, 26, 21, 17, 30, 17], "hlc": [921732, 7]}
INFO:<Node 9>:{"send": false, "recv": true, "to": 9, "from": 5, "vc": [17, 16, 19, 21, 15, 29, 21, 16, 22, 22], "hlc": [921732, 7]}
INFO:<Node 9>:{"send": false, "recv": true, "to": 9, "from": 6, "vc": [17, 16, 19, 21, 15, 29, 22, 16, 22, 23], "hlc": [921732, 8]}
INFO:<Node 9>:{"send": false, "recv": true, "to": 9, "from": 8, "vc": [17, 16, 19, 21, 18, 29, 22, 16, 28, 24], "hlc": [921732, 9]}
INFO:<Node 1>:{"send": true, "recv": false, "from": 1, "to": 4, "vc": [21, 22, 13, 22, 19, 21, 19, 14, 27, 21], "hlc": [921732, 7]}
INFO:<Node 4>:{"send": true, "recv": false, "from": 4, "to": 8, "vc": [13, 11, 6, 17, 21, 10, 15, 9, 23, 17], "hlc": [921730, 8]}
INFO:<Node 5>:{"send": true, "recv": false, "from": 5, "to": 1, "vc": [16, 16, 19, 21, 15, 30, 21, 16, 22, 14], "hlc": [921732, 7]}
INFO:<Node 7>:{"send": true, "recv": false, "from": 7, "to": 1, "vc": [15, 13, 15, 19, 13, 25, 15, 18, 19, 13], "hlc": [921731, 8]}
INFO:<Node 8>:{"send": true, "recv": false, "from": 8, "to": 9, "vc": [16, 16, 21, 21, 18, 26, 21, 17, 31, 17], "hlc": [921732, 8]}
INFO:<Node 9>:{"send": true, "recv": false, "from": 9, "to": 1, "vc": [17, 16, 19, 21, 18, 29, 22, 16, 28, 25], "hlc": [921732, 10]}
INFO:<Node 1>:{"send": false, "recv": true, "to": 1, "from": 5, "vc": [21, 23, 19, 22, 19, 30, 21, 16, 27, 21], "hlc": [921732, 8]}
INFO:<Node 1>:{"send": false, "recv": true, "to": 1, "from": 7, "vc": [21, 24, 19, 22, 19, 30, 21, 18, 27, 21], "hlc": [921732, 9]}
INFO:<Node 1>:{"send": false, "recv": true, "to": 1, "from": 9, "vc": [21, 25, 19, 22, 19, 30, 22, 18, 28, 25], "hlc": [921732, 11]}
INFO:<Node 4>:{"send": false, "recv": true, "to": 4, "from": 1, "vc": [21, 22, 13, 22, 22, 21, 19, 14, 27, 21], "hlc": [921732, 8]}
INFO:<Node 8>:{"send": false, "recv": true, "to": 8, "from": 4, "vc": [16, 16, 21, 21, 21, 26, 21, 17, 32, 17], "hlc": [921732, 9]}
INFO:<Node 9>:{"send": false, "recv": true, "to": 9, "from": 8, "vc": [17, 16, 21, 21, 18, 29, 22, 17, 31, 26], "hlc": [921732, 11]}
INFO:<Node 0>:{"send": true, "recv": false, "from": 0, "to": 6, "vc": [22, 11, 6, 17, 14, 10, 15, 9, 24, 20], "hlc": [921730, 9]}
INFO:<Node 1>:{"send": true, "recv": false, "from": 1, "to": 0, "vc": [21, 26, 19, 22, 19, 30, 22, 18, 28, 25], "hlc": [921732, 12]}
INFO:<Node 2>:{"send": true, "recv": false, "from": 2, "to": 9, "vc": [19, 16, 23, 25, 15, 26, 21, 13, 24, 19], "hlc": [921733, 4]}
INFO:<Node 3>:{"send": true, "recv": false, "from": 3, "to": 1, "vc": [19, 11, 13, 26, 14, 18, 15, 11, 24, 19], "hlc": [921734, 0]}
INFO:<Node 4>:{"send": true, "recv": false, "from": 4, "to": 7, "vc": [21, 22, 13, 22, 23, 21, 19, 14, 27, 21], "hlc": [921732, 9]}
INFO:<Node 5>:{"send": true, "recv": false, "from": 5, "to": 2, "vc": [16, 16, 19, 21, 15, 31, 21, 16, 22, 14], "hlc": [921732, 8]}
INFO:<Node 6>:{"send": true, "recv": false, "from": 6, "to": 8, "vc": [16, 11, 8, 17, 20, 10, 24, 9, 23, 17], "hlc": [921730, 9]}
INFO:<Node 9>:{"send": true, "recv": false, "from": 9, "to": 5, "vc": [17, 16, 21, 21, 18, 29, 22, 17, 31, 27], "hlc": [921732, 12]}
INFO:<Node 0>:{"send": false, "recv": true, "to": 0, "from": 1, "vc": [23, 26, 19, 22, 19, 30, 22, 18, 28, 25], "hlc": [921732, 13]}
INFO:<Node 1>:{"send": false, "recv": true, "to": 1, "from": 3, "vc": [21, 27, 19, 26, 19, 30, 22, 18, 28, 25], "hlc": [921734, 1]}
INFO:<Node 2>:{"send": false, "recv": true, "to": 2, "from": 5, "vc": [19, 16, 24, 25, 15, 31, 21, 16, 24, 19], "hlc": [921733, 5]}
INFO:<Node 5>:{"send": false, "recv": true, "to": 5, "from": 9, "vc": [17, 16, 21, 21, 18, 32, 22, 17, 31, 27], "hlc": [921732, 13]}
INFO:<Node 6>:{"send": false, "recv": true, "to": 6, "from": 0, "vc": [22, 11, 8, 17, 20, 10, 25, 9, 24, 20], "hlc": [921730, 10]}
INFO:<Node 7>:{"send": false, "recv": true, "to": 7, "from": 4, "vc": [21, 22, 15, 22, 23, 25, 19, 19, 27, 21], "hlc": [921732, 10]}
INFO:<Node 8>:{"send": false, "recv": true, "to": 8, "from": 6, "vc": [16, 16, 21, 21, 21, 26, 24, 17, 33, 17], "hlc": [921732, 10]}
INFO:<Node 9>:{"send": false, "recv": true, "to": 9, "from": 2, "vc": [19, 16, 23, 25, 18, 29, 22, 17, 31, 28], "hlc": [921733, 5]}
INFO:<Node 0>:{"send": true, "recv": false, "from": 0, "to": 4, "vc": [24, 26, 19, 22, 19, 30, 22, 18, 28, 25], "hlc": [921732, 14]}
INFO:<Node 2>:{"send": true, "recv": false, "from": 2, "to": 1, "vc": [19, 16, 25, 25, 15, 31, 21, 16, 24, 19], "hlc": [921733, 6]}
INFO:<Node 4>:{"send": true, "recv": false, "from": 4, "to": 9, "vc": [21, 22, 13, 22, 24, 21, 19, 14, 27, 21], "hlc": [921732, 10]}
INFO:<Node 5>:{"send": true, "recv": false, "from": 5, "to": 4, "vc": [17, 16, 21, 21, 18, 33, 22, 17, 31, 27], "hlc": [921732, 14]}
INFO:<Node 7>:{"send": true, "recv": false, "from": 7, "to": 4, "vc": [21, 22, 15, 22, 23, 25, 19, 20, 27, 21], "hlc": [921732, 11]}
INFO:<Node 8>:{"send": true, "recv": false, "from": 8, "to": 1, "vc": [16, 16, 21, 21, 21, 26, 24, 17, 34, 17], "hlc": [921732, 11]}
INFO:<Node 9>:{"send": true, "recv": false, "from": 9, "to": 6, "vc": [19, 16, 23, 25, 18, 29, 22, 17, 31, 29], "hlc": [921733, 6]}
INFO:<Node 1>:{"send": false, "recv": true, "to": 1, "from": 2, "vc": [21, 28, 25, 26, 19, 31, 22, 18, 28, 25], "hlc": [921734, 2]}
INFO:<Node 1>:{"send": false, "recv": true, "to": 1, "from": 8, "vc": [21, 29, 25, 26, 21, 31, 24, 18, 34, 25], "hlc": [921734, 3]}
INFO:<Node 4>:{"send": false, "recv": true, "to": 4, "from": 0, "vc": [24, 26, 19, 22, 25, 30, 22, 18, 28, 25], "hlc": [921732, 15]}
INFO:<Node 4>:{"send": false, "recv": true, "to": 4, "from": 5, "vc": [24, 26, 21, 22, 26, 33, 22, 18, 31, 27], "hlc": [921732, 16]}
INFO:<Node 4>:{"send": false, "recv": true, "to": 4, "from": 7, "vc": [24, 26, 21, 22, 27, 33, 22, 20, 31, 27], "hlc": [921732, 17]}
INFO:<Node 6>:{"send": false, "recv": true, "to": 6, "from": 9, "vc": [22, 16, 23, 25, 20, 29, 26, 17, 31, 29], "hlc": [921733, 7]}
INFO:<Node 9>:{"send": false, "recv": true, "to": 9, "from": 4, "vc": [21, 22, 23, 25, 24, 29, 22, 17, 31, 30], "hlc": [921733, 7]}
INFO:<Node 0>:{"send": true, "recv": false, "from": 0, "to": 2, "vc": [25, 26, 19, 22, 19, 30, 22, 18, 28, 25], "hlc": [921732, 15]}
INFO:<Node 2>:{"send": true, "recv": false, "from": 2, "to": 8, "vc": [19, 16, 26, 25, 15, 31, 21, 16, 24, 19], "hlc": [921733, 7]}
INFO:<Node 3>:{"send": true, "recv": false, "from": 3, "to": 8, "vc": [19, 11, 13, 27, 14, 18, 15, 11, 24, 19], "hlc": [921735, 0]}
INFO:<Node 4>:{"send": true, "recv": false, "from": 4, "to": 6, "vc": [24, 26, 21, 22, 28, 33, 22, 20, 31, 27], "hlc": [921732, 18]}
INFO:<Node 5>:{"send": true, "recv": false, "from": 5, "to": 8, "vc": [17, 16, 21, 21, 18, 34, 22, 17, 31, 27], "hlc": [921732, 15]}
INFO:<Node 6>:{"send": true, "recv": false, "from": 6, "to": 8, "vc": [22, 16, 23, 25, 20, 29, 27, 17, 31, 29], "hlc": [921733, 8]}
INFO:<Node 7>:{"send": true, "recv": false, "from": 7, "to": 9, "vc": [21, 22, 15, 22, 23, 25, 19, 21, 27, 21], "hlc": [921732, 12]}
INFO:<Node 8>:{"send": true, "recv": false, "from": 8, "to": 4, "vc": [16, 16, 21, 21, 21, 26, 24, 17, 35, 17], "hlc": [921732, 12]}
INFO:<Node 9>:{"send": true, "recv": false, "from": 9, "to": 5, "vc": [21, 22, 23, 25, 24, 29, 22, 17, 31, 31], "hlc": [921733, 8]}
INFO:<Node 2>:{"send": false, "recv": true, "to": 2, "from": 0, "vc": [25, 26, 27, 25, 19, 31, 22, 18, 28, 25], "hlc": [921733, 8]}
INFO:<Node 4>:{"send": false, "recv": true, "to": 4, "from": 8, "vc": [24, 26, 21, 22, 29, 33, 24, 20, 35, 27], "hlc": [921732, 19]}
INFO:<Node 5>:{"send": false, "recv": true, "to": 5, "from": 9, "vc": [21, 22, 23, 25, 24, 35, 22, 17, 31, 31], "hlc": [921733, 9]}
INFO:<Node 6>:{"send": false, "recv": true, "to": 6, "from": 4, "vc": [24, 26, 23, 25, 28, 33, 28, 20, 31, 29], "hlc": [921733, 9]}
INFO:<Node 8>:{"send": false, "recv": true, "to": 8, "from": 2, "vc": [19, 16, 26, 25, 21, 31, 24, 17, 36, 19], "hlc": [921733, 8]}
INFO:<Node 8>:{"send": false, "recv": true, "to": 8, "from": 3, "vc": [19, 16, 26, 27, 21, 31, 24, 17, 37, 19], "hlc": [921735, 1]}
INFO:<Node 8>:{"send": false, "recv": true, "to": 8, "from": 5, "vc": [19, 16, 26, 27, 21, 34, 24, 17, 38, 27], "hlc": [921735, 2]}
INFO:<Node 8>:{"send": false, "recv": true, "to": 8, "from": 6, "vc": [22, 16, 26, 27, 21, 34, 27, 17, 39, 29], "hlc": [921735, 3]}
INFO:<Node 9>:{"send": false, "recv": true, "to": 9, "from": 7, "vc": [21, 22, 23, 25, 24, 29, 22, 21, 31, 32], "hlc": [921733, 9]}
INFO:<Node 0>:{"send": true, "recv": false, "from": 0, "to": 3, "vc": [26, 26, 19, 22, 19, 30, 22, 18, 28, 25], "hlc": [921732, 16]}
INFO:<Node 1>:{"send": true, "recv": false, "from": 1, "to": 5, "vc": [21, 30, 25, 26, 21, 31, 24, 18, 34, 25], "hlc": [921734, 4]}
INFO:<Node 2>:{"send": true, "recv": false, "from": 2, "to": 1, "vc": [25, 26, 28, 25, 19, 31, 22, 18, 28, 25], "hlc": [921733, 9]}
INFO:<Node 3>:{"send": true, "recv": false, "from": 3, "to": 0, "vc": [19, 11, 13, 28, 14, 18, 15, 11, 24, 19], "hlc": [921736, 0]}
INFO:<Node 5>:{"send": true, "recv": false, "from": 5, "to": 8, "vc": [21, 22, 23, 25, 24, 36, 22, 17, 31, 31], "hlc": [921733, 10]}
INFO:<Node 7>:{"send": true, "recv": false, "from": 7, "to": 8, "vc": [21, 22, 15, 22, 23, 25, 19, 22, 27, 21], "hlc": [921732, 13]}
INFO:<Node 9>:{"send": true, "recv": false, "from": 9, "to": 8, "vc": [21, 22, 23, 25, 24, 29, 22, 21, 31, 33], "hlc": [921733, 10]}
INFO:<Node 0>:{"send": false, "recv": true, "to": 0, "from": 3, "vc": [27, 26, 19, 28, 19, 30, 22, 18, 28, 25], "hlc": [921736, 1]}
INFO:<Node 1>:{"send": false, "recv": true, "to": 1, "from": 2, "vc": [25, 31, 28, 26, 21, 31, 24, 18, 34, 25], "hlc": [921734, 5]}
INFO:<Node 3>:{"send": false, "recv": true, "to": 3, "from": 0, "vc": [26, 26, 19, 29, 19, 30, 22, 18, 28, 25], "hlc": [921736, 1]}
INFO:<Node 5>:{"send": false, "recv": true, "to": 5, "from": 1, "vc": [21, 30, 25, 26, 24, 37, 24, 18, 34, 31], "hlc": [921734, 5]}
INFO:<Node 8>:{"send": false, "recv": true, "to": 8, "from": 5, "vc": [22, 22, 26, 27, 24, 36, 27, 17, 40, 31], "hlc": [921735, 4]}
INFO:<Node 8>:{"send": false, "recv": true, "to": 8, "from": 7, "vc": [22, 22, 26, 27, 24, 36, 27, 22, 41, 31], "hlc": [921735, 5]}
INFO:<Node 8>:{"send": false, "recv": true, "to": 8, "from": 9, "vc": [22, 22, 26, 27, 24, 36, 27, 22, 42, 33], "hlc": [921735, 6]}
INFO:<Node 1>:{"send": true, "recv": false, "from": 1, "to": 5, "vc": [25, 32, 28, 26, 21, 31, 24, 18, 34, 25], "hlc": [921734, 6]}
INFO:<Node 2>:{"send": true, "recv": false, "from": 2, "to": 5, "vc": [25, 26, 29, 25, 19, 31, 22, 18, 28, 25], "hlc": [921733, 10]}
INFO:<Node 4>:{"send": true, "recv": false, "from": 4, "to": 3, "vc": [24, 26, 21, 22, 30, 33, 24, 20, 35, 27], "hlc": [921732, 20]}
INFO:<Node 6>:{"send": true, "recv": false, "from": 6, "to": 9, "vc": [24, 26, 23, 25, 28, 33, 29, 20, 31, 29], "hlc": [921733, 10]}
INFO:<Node 9>:{"send": true, "recv": false, "from": 9, "to": 5, "vc": [21, 22, 23, 25, 24, 29, 22, 21, 31, 34], "hlc": [921733, 11]}
INFO:<Node 3>:{"send": false, "recv": true, "to": 3, "from": 4, "vc": [26, 26, 21, 30, 30, 33, 24, 20, 35, 27], "hlc": [921737, 0]}
INFO:<Node 5>:{"send": false, "recv": true, "to": 5, "from": 1, "vc": [25, 32, 28, 26, 24, 38, 24, 18, 34, 31], "hlc": [921734, 7]}
INFO:<Node 5>:{"send": false, "recv": true, "to": 5, "from": 2, "vc": [25, 32, 29, 26, 24, 39, 24, 18, 34, 31], "hlc": [921734, 8]}
INFO:<Node 5>:{"send": false, "recv": true, "to": 5, "from": 9, "vc": [25, 32, 29, 26, 24, 40, 24, 21, 34, 34], "hlc": [921734, 9]}
INFO:<Node 9>:{"send": false, "recv": true, "to": 9, "from": 6, "vc": [24, 26, 23, 25, 28, 33, 29, 21, 31, 35], "hlc": [921733, 12]}
INFO:<Node 0>:{"send": true, "recv": false, "from": 0, "to": 6, "vc": [28, 26, 19, 28, 19, 30, 22, 18, 28, 25], "hlc": [921736, 2]}
INFO:<Node 1>:{"send": true, "recv": false, "from": 1, "to": 7, "vc": [25, 33, 28, 26, 21, 31, 24, 18, 34, 25], "hlc": [921734, 7]}
INFO:<Node 3>:{"send": true, "recv": false, "from": 3, "to": 5, "vc": [26, 26, 21, 31, 30, 33, 24, 20, 35, 27], "hlc": [921737, 1]}
INFO:<Node 6>:{"send": true, "recv": false, "from": 6, "to": 5, "vc": [24, 26, 23, 25, 28, 33, 30, 20, 31, 29], "hlc": [921733, 11]}
INFO:<Node 9>:{"send": true, "recv": false, "from": 9, "to": 2, "vc": [24, 26, 23, 25, 28, 33, 29, 21, 31, 36], "hlc": [921733, 13]}
INFO:<Node 2>:{"send": false, "recv": true, "to": 2, "from": 9, "vc": [25, 26, 30, 25, 28, 33, 29, 21, 31, 36], "hlc": [921733, 14]}
INFO:<Node 5>:{"send": false, "recv": true, "to": 5, "from": 3, "vc": [26, 32, 29, 31, 30, 41, 24, 21, 35, 34], "hlc": [921737, 2]}
INFO:<Node 5>:{"send": false, "recv": true, "to": 5, "from": 6, "vc": [26, 32, 29, 31, 30, 42, 30, 21, 35, 34], "hlc": [921737, 3]}
INFO:<Node 6>:{"send": false, "recv": true, "to": 6, "from": 0, "vc": [28, 26, 23, 28, 28, 33, 31, 20, 31, 29], "hlc": [921736, 3]}
INFO:<Node 7>:{"send": false, "recv": true, "to": 7, "from": 1, "vc": [25, 33, 28, 26, 23, 31, 24, 23, 34, 25], "hlc": [921734, 8]}
INFO:<Node 0>:{"send": true, "recv": false, "from": 0, "to": 7, "vc": [29, 26, 19, 28, 19, 30, 22, 18, 28, 25], "hlc": [921736, 3]}
INFO:<Node 1>:{"send": true, "recv": false, "from": 1, "to": 2, "vc": [25, 34, 28, 26, 21, 31, 24, 18, 34, 25], "hlc": [921734, 8]}
INFO:<Node 2>:{"send": true, "recv": false, "from": 2, "to": 6, "vc": [25, 26, 31, 25, 28, 33, 29, 21, 31, 36], "hlc": [921733, 15]}
INFO:<Node 3>:{"send": true, "recv": false, "from": 3, "to": 2, "vc": [26, 26, 21, 32, 30, 33, 24, 20, 35, 27], "hlc": [921737, 2]}
INFO:<Node 4>:{"send": true, "recv": false, "from": 4, "to": 2, "vc": [24, 26, 21, 22, 31, 33, 24, 20, 35, 27], "hlc": [921732, 21]}
INFO:<Node 5>:{"send": true, "recv": false, "from": 5, "to": 7, "vc": [26, 32, 29, 31, 30, 43, 30, 21, 35, 34], "hlc": [921737, 4]}
INFO:<Node 8>:{"send": true, "recv": false, "from": 8, "to": 4, "vc": [22, 22, 26, 27, 24, 36, 27, 22, 43, 33], "hlc": [921735, 7]}
INFO:<Node 9>:{"send": true, "recv": false, "from": 9, "to": 8, "vc": [24, 26, 23, 25, 28, 33, 29, 21, 31, 37], "hlc": [921733, 14]}
INFO:<Node 2>:{"send": false, "recv": true, "to": 2, "from": 1, "vc": [25, 34, 32, 26, 28, 33, 29, 21, 34, 36], "hlc": [921734, 9]}
INFO:<Node 2>:{"send": false, "recv": true, "to": 2, "from": 3, "vc": [26, 34, 33, 32, 30, 33, 29, 21, 35, 36], "hlc": [921737, 3]}
INFO:<Node 2>:{"send": false, "recv": true, "to": 2, "from": 4, "vc": [26, 34, 34, 32, 31, 33, 29, 21, 35, 36], "hlc": [921737, 4]}
INFO:<Node 4>:{"send": false, "recv": true, "to": 4, "from": 8, "vc": [24, 26, 26, 27, 32, 36, 27, 22, 43, 33], "hlc": [921735, 8]}
INFO:<Node 6>:{"send": false, "recv": true, "to": 6, "from": 2, "vc": [28, 26, 31, 28, 28, 33, 32, 21, 31, 36], "hlc": [921736, 4]}
INFO:<Node 7>:{"send": false, "recv": true, "to": 7, "from": 0, "vc": [29, 33, 28, 28, 23, 31, 24, 24, 34, 25], "hlc": [921736, 4]}
INFO:<Node 7>:{"send": false, "recv": true, "to": 7, "from": 5, "vc": [29, 33, 29, 31, 30, 43, 30, 25, 35, 34], "hlc": [921737, 5]}
INFO:<Node 8>:{"send": false, "recv": true, "to": 8, "from": 9, "vc": [24, 26, 26, 27, 28, 36, 29, 22, 44, 37], "hlc": [921735, 8]}
INFO:<Node 2>:{"send": true, "recv": false, "from": 2, "to": 8, "vc": [26, 34, 35, 32, 31, 33, 29, 21, 35, 36], "hlc": [921737, 5]}
INFO:<Node 5>:{"send": true, "recv": false, "from": 5, "to": 3, "vc": [26, 32, 29, 31, 30, 44, 30, 21, 35, 34], "hlc": [921737, 5]}
INFO:<Node 9>:{"send": true, "recv": false, "from": 9, "to": 4, "vc": [24, 26, 23, 25, 28, 33, 29, 21, 31, 38], "hlc": [921733, 15]}
INFO:<Node 3>:{"send": false, "recv": true, "to": 3, "from": 5, "vc": [26, 32, 29, 33, 30, 44, 30, 21, 35, 34], "hlc": [921738, 0]}
INFO:<Node 4>:{"send": false, "recv": true, "to": 4, "from": 9, "vc": [24, 26, 26, 27, 33, 36, 29, 22, 43, 38], "hlc": [921735, 9]}
INFO:<Node 8>:{"send": false, "recv": true, "to": 8, "from": 2, "vc": [26, 34, 35, 32, 31, 36, 29, 22, 45, 37], "hlc": [921737, 6]}
INFO:<Node 0>:{"send": true, "recv": false, "from": 0, "to": 4, "vc": [30, 26, 19, 28, 19, 30, 22, 18, 28, 25], "hlc": [921736, 4]}
INFO:<Node 1>:{"send": true, "recv": false, "from": 1, "to": 2, "vc": [25, 35, 28, 26, 21, 31, 24, 18, 34, 25], "hlc": [921734, 9]}
INFO:<Node 2>:{"send": true, "recv": false, "from": 2, "to": 1, "vc": [26, 34, 36, 32, 31, 33, 29, 21, 35, 36], "hlc": [921737, 6]}
INFO:<Node 3>:{"send": true, "recv": false, "from": 3, "to": 2, "vc": [26, 32, 29, 34, 30, 44, 30, 21, 35, 34], "hlc": [921738, 1]}
INFO:<Node 6>:{"send": true, "recv": false, "from": 6, "to": 2, "vc": [28, 26, 31, 28, 28, 33, 33, 21, 31, 36], "hlc": [921736, 5]}
INFO:<Node 7>:{"send": true, "recv": false, "from": 7, "to": 4, "vc": [29, 33, 29, 31, 30, 43, 30, 26, 35, 34], "hlc": [921737, 6]}
INFO:<Node 9>:{"send": true, "recv": false, "from": 9, "to": 0, "vc": [24, 26, 23, 25, 28, 33, 29, 21, 31, 39], "hlc": [921734, 0]}
INFO:<Node 0>:{"send": false, "recv": true, "to": 0, "from": 9, "vc": [31, 26, 23, 28, 28, 33, 29, 21, 31, 39], "hlc": [921736, 5]}
INFO:<Node 1>:{"send": false, "recv": true, "to": 1, "from": 2, "vc": [26, 36, 36, 32, 31, 33, 29, 21, 35, 36], "hlc": [921737, 7]}
INFO:<Node 2>:{"send": false, "recv": true, "to": 2, "from": 1, "vc": [26, 35, 37, 32, 31, 33, 29, 21, 35, 36], "hlc": [921737, 7]}
INFO:<Node 2>:{"send": false, "recv": true, "to": 2, "from": 3, "vc": [26, 35, 38, 34, 31, 44, 30, 21, 35, 36], "hlc": [921738, 2]}
INFO:<Node 2>:{"send": false, "recv": true, "to": 2, "from": 6, "vc": [28, 35, 39, 34, 31, 44, 33, 21, 35, 36], "hlc": [921738, 3]}
INFO:<Node 4>:{"send": false, "recv": true, "to": 4, "from": 0, "vc": [30, 26, 26, 28, 34, 36, 29, 22, 43, 38], "hlc": [921736, 5]}
INFO:<Node 4>:{"send": false, "recv": true, "to": 4, "from": 7, "vc": [30, 33, 29, 31, 35, 43, 30, 26, 43, 38], "hlc": [921737, 7]}
INFO:<Node 0>:{"send": true, "recv": false, "from": 0, "to": 3, "vc": [32, 26, 23, 28, 28, 33, 29, 21, 31, 39], "hlc": [921736, 6]}
INFO:<Node 1>:{"send": true, "recv": false, "from": 1, "to": 6, "vc": [26, 37, 36, 32, 31, 33, 29, 21, 35, 36], "hlc": [921737, 8]}
INFO:<Node 3>:{"send": true, "recv": false, "from": 3, "to": 7, "vc": [26, 32, 29, 35, 30, 44, 30, 21, 35, 34], "hlc": [921739, 0]}
INFO:<Node 4>:{"send": true, "recv": false, "from": 4, "to": 8, "vc": [30, 33, 29, 31, 36, 43, 30, 26, 43, 38], "hlc": [921737, 8]}
INFO:<Node 5>:{"send": true, "recv": false, "from": 5, "to": 6, "vc": [26, 32, 29, 31, 30, 45, 30, 21, 35, 34], "hlc": [921737, 6]}
INFO:<Node 7>:{"send": true, "recv": false, "from": 7, "to": 9, "vc": [29, 33, 29, 31, 30, 43, 30, 27, 35, 34], "hlc": [921737, 7]}
INFO:<Node 3>:{"send": false, "recv": true, "to": 3, "from": 0, "vc": [32, 32, 29, 36, 30, 44, 30, 21, 35, 39], "hlc": [921739, 1]}
INFO:<Node 6>:{"send": false, "recv": true, "to": 6, "from": 1, "vc": [28, 37, 36, 32, 31, 33, 34, 21, 35, 36], "hlc": [921737, 9]}
INFO:<Node 6>:{"send": false, "recv": true, "to": 6, "from": 5, "vc": [28, 37, 36, 32, 31, 45, 35, 21, 35, 36], "hlc": [921737, 10]}
INFO:<Node 7>:{"send": false, "recv": true, "to": 7, "from": 3, "vc": [29, 33, 29, 35, 30, 44, 30, 28, 35, 34], "hlc": [921739, 1]}
INFO:<Node 8>:{"send": false, "recv": true, "to": 8, "from": 4, "vc": [30, 34, 35, 32, 36, 43, 30, 26, 46, 38], "hlc": [921737, 9]}
INFO:<Node 9>:{"send": false, "recv": true, "to": 9, "from": 7, "vc": [29, 33, 29, 31, 30, 43, 30, 27, 35, 40], "hlc": [921737, 8]}
INFO:<Node 1>:{"send": true, "recv": false, "from": 1, "to": 9, "vc": [26, 38, 36, 32, 31, 33, 29, 21, 35, 36], "hlc": [921737, 9]}
INFO:<Node 3>:{"send": true, "recv": false, "from": 3, "to": 9, "vc": [32, 32, 29, 37, 30, 44, 30, 21, 35, 39], "hlc": [921739, 2]}
INFO:<Node 5>:{"send": true, "recv": false, "from": 5, "to": 7, "vc": [26, 32, 29, 31, 30, 46, 30, 21, 35, 34], "hlc": [921737, 7]}
INFO:<Node 6>:{"send": true, "recv": false, "from": 6, "to": 7, "vc": [28, 37, 36, 32, 31, 45, 36, 21, 35, 36], "hlc": [921737, 11]}
INFO:<Node 7>:{"send": false, "recv": true, "to": 7, "from": 5, "vc": [29, 33, 29, 35, 30, 46, 30, 29, 35, 34], "hlc": [921739, 2]}
INFO:<Node 7>:{"send": false, "recv": true, "to": 7, "from": 6, "vc": [29, 37, 36, 35, 31, 46, 36, 30, 35, 36], "hlc": [921739, 3]}
INFO:<Node 9>:{"send": false, "recv": true, "to": 9, "from": 1, "vc": [29, 38, 36, 32, 31, 43, 30, 27, 35, 41], "hlc": [921737, 10]}
INFO:<Node 9>:{"send": false, "recv": true, "to": 9, "from": 3, "vc": [32, 38, 36, 37, 31, 44, 30, 27, 35, 42], "hlc": [921739, 3]}
INFO:<Node 0>:{"send": true, "recv": false, "from": 0, "to": 2, "vc": [33, 26, 23, 28, 28, 33, 29, 21, 31, 39], "hlc": [921736, 7]}
INFO:<Node 2>:{"send": true, "recv": false, "from": 2, "to": 0, "vc": [28, 35, 40, 34, 31, 44, 33, 21, 35, 36], "hlc": [921738, 4]}
INFO:<Node 3>:{"send": true, "recv": false, "from": 3, "to": 5, "vc": [32, 32, 29, 38, 30, 44, 30, 21, 35, 39], "hlc": [921740, 0]}
INFO:<Node 8>:{"send": true, "recv": false, "from": 8, "to": 5, "vc": [30, 34, 35, 32, 36, 43, 30, 26, 47, 38], "hlc": [921737, 10]}
INFO:<Node 0>:{"send": false, "recv": true, "to": 0, "from": 2, "vc": [34, 35, 40, 34, 31, 44, 33, 21, 35, 39], "hlc": [921738, 5]}
INFO:<Node 2>:{"send": false, "recv": true, "to": 2, "from": 0, "vc": [33, 35, 41, 34, 31, 44, 33, 21, 35, 39], "hlc": [921738, 5]}
INFO:<Node 5>:{"send": false, "recv": true, "to": 5, "from": 3, "vc": [32, 32, 29, 38, 30, 47, 30, 21, 35, 39], "hlc": [921740, 1]}
INFO:<Node 5>:{"send": false, "recv": true, "to": 5, "from": 8, "vc": [32, 34, 35, 38, 36, 48, 30, 26, 47, 39], "hlc": [921740, 2]}
INFO:<Node 2>:{"send": true, "recv": false, "from": 2, "to": 1, "vc": [33, 35, 42, 34, 31, 44, 33, 21, 35, 39], "hlc": [921738, 6]}
INFO:<Node 3>:{"send": true, "recv": false, "from": 3, "to": 6, "vc": [32, 32, 29, 39, 30, 44, 30, 21, 35, 39], "hlc": [921740, 1]}
INFO:<Node 4>:{"send": true, "recv": false, "from": 4, "to": 3, "vc": [30, 33, 29, 31, 37, 43, 30, 26, 43, 38], "hlc": [921737, 9]}
INFO:<Node 5>:{"send": true, "recv": false, "from": 5, "to": 8, "vc": [32, 34, 35, 38, 36, 49, 30, 26, 47, 39], "hlc": [921740, 3]}
INFO:<Node 6>:{"send": true, "recv": false, "from": 6, "to": 5, "vc": [28, 37, 36, 32, 31, 45, 37, 21, 35, 36], "hlc": [921737, 12]}
INFO:<Node 9>:{"send": true, "recv": false, "from": 9, "to": 8, "vc": [32, 38, 36, 37, 31, 44, 30, 27, 35, 43], "hlc": [921739, 4]}
INFO:<Node 1>:{"send": false, "recv": true, "to": 1, "from": 2, "vc": [33, 39, 42, 34, 31, 44, 33, 21, 35, 39], "hlc": [921738, 7]}
INFO:<Node 3>:{"send": false, "recv": true, "to": 3, "from": 4, "vc": [32, 33, 29, 40, 37, 44, 30, 26, 43, 39], "hlc": [921741, 0]}
INFO:<Node 5>:{"send": false, "recv": true, "to": 5, "from": 6, "vc": [32, 37, 36, 38, 36, 50, 37, 26, 47, 39], "hlc": [921740, 4]}
INFO:<Node 6>:{"send": false, "recv": true, "to": 6, "from": 3, "vc": [32, 37, 36, 39, 31, 45, 38, 21, 35, 39], "hlc": [921740, 2]}
INFO:<Node 8>:{"send": false, "recv": true, "to": 8, "from": 5, "vc": [32, 34, 35, 38, 36, 49, 30, 26, 48, 39], "hlc": [921740, 4]}
INFO:<Node 8>:{"send": false, "recv": true, "to": 8, "from": 9, "vc": [32, 38, 36, 38, 36, 49, 30, 27, 49, 43], "hlc": [921740, 5]}
INFO:<Node 0>:{"send": true, "recv": false, "from": 0, "to": 6, "vc": [35, 35, 40, 34, 31, 44, 33, 21, 35, 39], "hlc": [921738, 6]}
INFO:<Node 1>:{"send": true, "recv": false, "from": 1, "to": 0, "vc": [33, 40, 42, 34, 31, 44, 33, 21, 35, 39], "hlc": [921738, 8]}
INFO:<Node 2>:{"send": true, "recv": false, "from": 2, "to": 1, "vc": [33, 35, 43, 34, 31, 44, 33, 21, 35, 39], "hlc": [921738, 7]}
INFO:<Node 5>:{"send": true, "recv": false, "from": 5, "to": 1, "vc": [32, 37, 36, 38, 36, 51, 37, 26, 47, 39], "hlc": [921740, 5]}
INFO:<Node 6>:{"send": true, "recv": false, "from": 6, "to": 1, "vc": [32, 37, 36, 39, 31, 45, 39, 21, 35, 39], "hlc": [921740, 3]}
INFO:<Node 7>:{"send": true, "recv": false, "from": 7, "to": 4, "vc": [29, 37, 36, 35, 31, 46, 36, 31, 35, 36], "hlc": [921739, 4]}
INFO:<Node 9>:{"send": true, "recv": false, "from": 9, "to": 1, "vc": [32, 38, 36, 37, 31, 44, 30, 27, 35, 44], "hlc": [921739, 5]}
INFO:<Node 0>:{"send": false, "recv": true, "to": 0, "from": 1, "vc": [36, 40, 42, 34, 31, 44, 33, 21, 35, 39], "hlc": [921738, 9]}
INFO:<Node 1>:{"send": false, "recv": true, "to": 1, "from": 2, "vc": [33, 41, 43, 34, 31, 44, 33, 21, 35, 39], "hlc": [921738, 9]}
INFO:<Node 1>:{"send": false, "recv": true, "to": 1, "from": 5, "vc": [33, 42, 43, 38, 36, 51, 37, 26, 47, 39], "hlc": [921740, 6]}
INFO:<Node 1>:{"send": false, "recv": true, "to": 1, "from": 6, "vc": [33, 43, 43, 39, 36, 51, 39, 26, 47, 39], "hlc": [921740, 7]}
INFO:<Node 1>:{"send": false, "recv": true, "to": 1, "from": 9, "vc": [33, 44, 43, 39, 36, 51, 39, 27, 47, 44], "hlc": [921740, 8]}
INFO:<Node 4>:{"send": false, "recv": true, "to": 4, "from": 7, "vc": [30, 37, 36, 35, 38, 46, 36, 31, 43, 38], "hlc": [921739, 5]}
INFO:<Node 6>:{"send": false, "recv": true, "to": 6, "from": 0, "vc": [35, 37, 40, 39, 31, 45, 40, 21, 35, 39], "hlc": [921740, 4]}
INFO:<Node 0>:{"send": true, "recv": false, "from": 0, "to": 8, "vc": [37, 40, 42, 34, 31, 44, 33, 21, 35, 39], "hlc": [921738, 10]}
INFO:<Node 2>:{"send": true, "recv": false, "from": 2, "to": 3, "vc": [33, 35, 44, 34, 31, 44, 33, 21, 35, 39], "hlc": [921738, 8]}
INFO:<Node 4>:{"send": true, "recv": false, "from": 4, "to": 8, "vc": [30, 37, 36, 35, 39, 46, 36, 31, 43, 38], "hlc": [921739, 6]}
INFO:<Node 5>:{"send": true, "recv": false, "from": 5, "to": 0, "vc": [32, 37, 36, 38, 36, 52, 37, 26, 47, 39], "hlc": [921740, 6]}
INFO:<Node 6>:{"send": true, "recv": false, "from": 6, "to": 7, "vc": [35, 37, 40, 39, 31, 45, 41, 21, 35, 39], "hlc": [921740, 5]}
INFO:<Node 7>:{"send": true, "recv": false, "from": 7, "to": 8, "vc": [29, 37, 36, 35, 31, 46, 36, 32, 35, 36], "hlc": [921739, 5]}
INFO:<Node 8>:{"send": true, "recv": false, "from": 8, "to": 4, "vc": [32, 38, 36, 38, 36, 49, 30, 27, 50, 43], "hlc": [921740, 6]}
INFO:<Node 0>:{"send": false, "recv": true, "to": 0, "from": 5, "vc": [38, 40, 42, 38, 36, 52, 37, 26, 47, 39], "hlc": [921740, 7]}
INFO:<Node 3>:{"send": false, "recv": true, "to": 3, "from": 2, "vc": [33, 35, 44, 41, 37, 44, 33, 26, 43, 39], "hlc": [921742, 0]}
INFO:<Node 4>:{"send": false, "recv": true, "to": 4, "from": 8, "vc": [32, 38, 36, 38, 40, 49, 36, 31, 50, 43], "hlc": [921740, 7]}
INFO:<Node 7>:{"send": false, "recv": true, "to": 7, "from": 6, "vc": [35, 37, 40, 39, 31, 46, 41, 33, 35, 39], "hlc": [921740, 6]}
INFO:<Node 8>:{"send": false, "recv": true, "to": 8, "from": 0, "vc": [37, 40, 42, 38, 36, 49, 33, 27, 51, 43], "hlc": [921740, 7]}
INFO:<Node 8>:{"send": false, "recv": true, "to": 8, "from": 4, "vc": [37, 40, 42, 38, 39, 49, 36, 31, 52, 43], "hlc": [921740, 8]}
INFO:<Node 8>:{"send": false, "recv": true, "to": 8, "from": 7, "vc": [37, 40, 42, 38, 39, 49, 36, 32, 53, 43], "hlc": [921740, 9]}
INFO:<Node 1>:{"send": true, "recv": false, "from": 1, "to": 7, "vc": [33, 45, 43, 39, 36, 51, 39, 27, 47, 44], "hlc": [921740, 9]}
INFO:<Node 3>:{"send": true, "recv": false, "from": 3, "to": 2, "vc": [33, 35, 44, 42, 37, 44, 33, 26, 43, 39], "hlc": [921742, 1]}
INFO:<Node 4>:{"send": true, "recv": false, "from": 4, "to": 6, "vc": [32, 38, 36, 38, 41, 49, 36, 31, 50, 43], "hlc": [921740, 8]}
INFO:<Node 7>:{"send": true, "recv": false, "from": 7, "to": 5, "vc": [35, 37, 40, 39, 31, 46, 41, 34, 35, 39], "hlc": [921740, 7]}
INFO:<Node 9>:{"send": true, "recv": false, "from": 9, "to": 4, "vc": [32, 38, 36, 37, 31, 44, 30, 27, 35, 45], "hlc": [921739, 6]}
INFO:<Node 2>:{"send": false, "recv": true, "to": 2, "from": 3, "vc": [33, 35, 45, 42, 37, 44, 33, 26, 43, 39], "hlc": [921742, 2]}
INFO:<Node 4>:{"send": false, "recv": true, "to": 4, "from": 9, "vc": [32, 38, 36, 38, 42, 49, 36, 31, 50, 45], "hlc": [921740, 9]}
INFO:<Node 5>:{"send": false, "recv": true, "to": 5, "from": 7, "vc": [35, 37, 40, 39, 36, 53, 41, 34, 47, 39], "hlc": [921740, 8]}
INFO:<Node 6>:{"send": false, "recv": true, "to": 6, "from": 4, "vc": [35, 38, 40, 39, 41, 49, 42, 31, 50, 43], "hlc": [921740, 9]}
INFO:<Node 7>:{"send": false, "recv": true, "to": 7, "from": 1, "vc": [35, 45, 43, 39, 36, 51, 41, 35, 47, 44], "hlc": [921740, 10]}
INFO:<Node 1>:{"send": true, "recv": false, "from": 1, "to": 7, "vc": [33, 46, 43, 39, 36, 51, 39, 27, 47, 44], "hlc": [921740, 10]}
INFO:<Node 2>:{"send": true, "recv": false, "from": 2, "to": 1, "vc": [33, 35, 46, 42, 37, 44, 33, 26, 43, 39], "hlc": [921742, 3]}
INFO:<Node 5>:{"send": true, "recv": false, "from": 5, "to": 8, "vc": [35, 37, 40, 39, 36, 54, 41, 34, 47, 39], "hlc": [921740, 9]}
INFO:<Node 9>:{"send": true, "recv": false, "from": 9, "to": 7, "vc": [32, 38, 36, 37, 31, 44, 30, 27, 35, 46], "hlc": [921739, 7]}
INFO:<Node 1>:{"send": false, "recv": true, "to": 1, "from": 2, "vc": [33, 47, 46, 42, 37, 51, 39, 27, 47, 44], "hlc": [921742, 4]}
INFO:<Node 7>:{"send": false, "recv": true, "to": 7, "from": 1, "vc": [35, 46, 43, 39, 36, 51, 41, 36, 47, 44], "hlc": [921740, 11]}
INFO:<Node 7>:{"send": false, "recv": true, "to": 7, "from": 9, "vc": [35, 46, 43, 39, 36, 51, 41, 37, 47, 46], "hlc": [921740, 12]}
INFO:<Node 8>:{"send": false, "recv": true, "to": 8, "from": 5, "vc": [37, 40, 42, 39, 39, 54, 41, 34, 54, 43], "hlc": [921740, 10]}
INFO:<Node 2>:{"send": true, "recv": false, "from": 2, "to": 1, "vc": [33, 35, 47, 42, 37, 44, 33, 26, 43, 39], "hlc": [921742, 4]}
INFO:<Node 5>:{"send": true, "recv": false, "from": 5, "to": 0, "vc": [35, 37, 40, 39, 36, 55, 41, 34, 47, 39], "hlc": [921740, 10]}
INFO:<Node 6>:{"send": true, "recv": false, "from": 6, "to": 7, "vc": [35, 38, 40, 39, 41, 49, 43, 31, 50, 43], "hlc": [921740, 10]}
INFO:<Node 7>:{"send": true, "recv": false, "from": 7, "to": 9, "vc": [35, 46, 43, 39, 36, 51, 41, 38, 47, 46], "hlc": [921740, 13]}
INFO:<Node 9>:{"send": true, "recv": false, "from": 9, "to": 6, "vc": [32, 38, 36, 37, 31, 44, 30, 27, 35, 47], "hlc": [921739, 8]}
INFO:<Node 0>:{"send": false, "recv": true, "to": 0, "from": 5, "vc": [39, 40, 42, 39, 36, 55, 41, 34, 47, 39], "hlc": [921740, 11]}
INFO:<Node 1>:{"send": false, "recv": true, "to": 1, "from": 2, "vc": [33, 48, 47, 42, 37, 51, 39, 27, 47, 44], "hlc": [921742, 5]}
INFO:<Node 6>:{"send": false, "recv": true, "to": 6, "from": 9, "vc": [35, 38, 40, 39, 41, 49, 44, 31, 50, 47], "hlc": [921740, 11]}
INFO:<Node 7>:{"send": false, "recv": true, "to": 7, "from": 6, "vc": [35, 46, 43, 39, 41, 51, 43, 39, 50, 46], "hlc": [921740, 14]}
INFO:<Node 9>:{"send": false, "recv": true, "to": 9, "from": 7, "vc": [35, 46, 43, 39, 36, 51, 41, 38, 47, 48], "hlc": [921740, 14]}
INFO:<Node 1>:{"send": true, "recv": false, "from": 1, "to": 7, "vc": [33, 49, 47, 42, 37, 51, 39, 27, 47, 44], "hlc": [921742, 6]}
INFO:<Node 5>:{"send": true, "recv": false, "from": 5, "to": 3, "vc": [35, 37, 40, 39, 36, 56, 41, 34, 47, 39], "hlc": [921740, 11]}
INFO:<Node 6>:{"send": true, "recv": false, "from": 6, "to": 9, "vc": [35, 38, 40, 39, 41, 49, 45, 31, 50, 47], "hlc": [921740, 12]}
INFO:<Node 8>:{"send": true, "recv": false, "from": 8, "to": 5, "vc": [37, 40, 42, 39, 39, 54, 41, 34, 55, 43], "hlc": [921740, 11]}
INFO:<Node 3>:{"send": false, "recv": true, "to": 3, "from": 5, "vc": [35, 37, 44, 43, 37, 56, 41, 34, 47, 39], "hlc": [921744, 0]}
INFO:<Node 5>:{"send": false, "recv": true, "to": 5, "from": 8, "vc": [37, 40, 42, 39, 39, 57, 41, 34, 55, 43], "hlc": [921740, 12]}
INFO:<Node 7>:{"send": false, "recv": true, "to": 7, "from": 1, "vc": [35, 49, 47, 42, 41, 51, 43, 40, 50, 46], "hlc": [921742, 7]}
INFO:<Node 9>:{"send": false, "recv": true, "to": 9, "from": 6, "vc": [35, 46, 43, 39, 41, 51, 45, 38, 50, 49], "hlc": [921740, 15]}
INFO:<Node 1>:{"send": true, "recv": false, "from": 1, "to": 5, "vc": [33, 50, 47, 42, 37, 51, 39, 27, 47, 44], "hlc": [921742, 7]}
INFO:<Node 2>:{"send": true, "recv": false, "from": 2, "to": 3, "vc": [33, 35, 48, 42, 37, 44, 33, 26, 43, 39], "hlc": [921742, 5]}
INFO:<Node 3>:{"send": true, "recv": false, "from": 3, "to": 4, "vc": [35, 37, 44, 44, 37, 56, 41, 34, 47, 39], "hlc": [921744, 1]}
INFO:<Node 4>:{"send": true, "recv": false, "from": 4, "to": 5, "vc": [32, 38, 36, 38, 43, 49, 36, 31, 50, 45], "hlc": [921740, 10]}
INFO:<Node 7>:{"send": true, "recv": false, "from": 7, "to": 6, "vc": [35, 49, 47, 42, 41, 51, 43, 41, 50, 46], "hlc": [921742, 8]}
INFO:<Node 8>:{"send": true, "recv": false, "from": 8, "to": 0, "vc": [37, 40, 42, 39, 39, 54, 41, 34, 56, 43], "hlc": [921740, 12]}
INFO:<Node 9>:{"send": true, "recv": false, "from": 9, "to": 7, "vc": [35, 46, 43, 39, 41, 51, 45, 38, 50, 50], "hlc": [921740, 16]}
INFO:<Node 0>:{"send": false, "recv": true, "to": 0, "from": 8, "vc": [40, 40, 42, 39, 39, 55, 41, 34, 56, 43], "hlc": [921740, 13]}
INFO:<Node 3>:{"send": false, "recv": true, "to": 3, "from": 2, "vc": [35, 37, 48, 45, 37, 56, 41, 34, 47, 39], "hlc": [921744, 2]}
INFO:<Node 4>:{"send": false, "recv": true, "to": 4, "from": 3, "vc": [35, 38, 44, 44, 44, 56, 41, 34, 50, 45], "hlc": [921744, 2]}
INFO:<Node 5>:{"send": false, "recv": true, "to": 5, "from": 1, "vc": [37, 50, 47, 42, 39, 58, 41, 34, 55, 44], "hlc": [921742, 8]}
INFO:<Node 5>:{"send": false, "recv": true, "to": 5, "from": 4, "vc": [37, 50, 47, 42, 43, 59, 41, 34, 55, 45], "hlc": [921742, 9]}
INFO:<Node 6>:{"send": false, "recv": true, "to": 6, "from": 7, "vc": [35, 49, 47, 42, 41, 51, 46, 41, 50, 47], "hlc": [921742, 9]}
INFO:<Node 7>:{"send": false, "recv": true, "to": 7, "from": 9, "vc": [35, 49, 47, 42, 41, 51, 45, 42, 50, 50], "hlc": [921742, 9]}
INFO:<Node 0>:{"send": true, "recv": false, "from": 0, "to": 3, "vc": [41, 40, 42, 39, 39, 55, 41, 34, 56, 43], "hlc": [921740, 14]}
INFO:<Node 2>:{"send": true, "recv": false, "from": 2, "to": 1, "vc": [33, 35, 49, 42, 37, 44, 33, 26, 43, 39], "hlc": [921742, 6]}
INFO:<Node 3>:{"send": true, "recv": false, "from": 3, "to": 4, "vc": [35, 37, 48, 46, 37, 56, 41, 34, 47, 39], "hlc": [921744, 3]}
INFO:<Node 5>:{"send": true, "recv": false, "from": 5, "to": 8, "vc": [37, 50, 47, 42, 43, 60, 41, 34, 55, 45], "hlc": [921742, 10]}
INFO:<Node 6>:{"send": true, "recv": false, "from": 6, "to": 0, "vc": [35, 49, 47, 42, 41, 51, 47, 41, 50, 47], "hlc": [921742, 10]}
INFO:<Node 7>:{"send": true, "recv": false, "from": 7, "to": 9, "vc": [35, 49, 47, 42, 41, 51, 45, 43, 50, 50], "hlc": [921742, 10]}
INFO:<Node 9>:{"send": true, "recv": false, "from": 9, "to": 1, "vc": [35, 46, 43, 39, 41, 51, 45, 38, 50, 51], "hlc": [921740, 17]}
INFO:<Node 0>:{"send": false, "recv": true, "to": 0, "from": 6, "vc": [42, 49, 47, 42, 41, 55, 47, 41, 56, 47], "hlc": [921742, 11]}
INFO:<Node 1>:{"send": false, "recv": true, "to": 1, "from": 2, "vc": [33, 51, 49, 42, 37, 51, 39, 27, 47, 44], "hlc": [921742, 8]}
INFO:<Node 1>:{"send": false, "recv": true, "to": 1, "from": 9, "vc": [35, 52, 49, 42, 41, 51, 45, 38, 50, 51], "hlc": [921742, 9]}
INFO:<Node 3>:{"send": false, "recv": true, "to": 3, "from": 0, "vc": [41, 40, 48, 47, 39, 56, 41, 34, 56, 43], "hlc": [921745, 0]}
INFO:<Node 4>:{"send": false, "recv": true, "to": 4, "from": 3, "vc": [35, 38, 48, 46, 45, 56, 41, 34, 50, 45], "hlc": [921744, 4]}
INFO:<Node 8>:{"send": false, "recv": true, "to": 8, "from": 5, "vc": [37, 50, 47, 42, 43, 60, 41, 34, 57, 45], "hlc": [921742, 11]}
INFO:<Node 9>:{"send": false, "recv": true, "to": 9, "from": 7, "vc": [35, 49, 47, 42, 41, 51, 45, 43, 50, 52], "hlc": [921742, 11]}
INFO:<Node 3>:{"send": true, "recv": false, "from": 3, "to": 5, "vc": [41, 40, 48, 48, 39, 56, 41, 34, 56, 43], "hlc": [921745, 1]}
INFO:<Node 4>:{"send": true, "recv": false, "from": 4, "to": 0, "vc": [35, 38, 48, 46, 46, 56, 41, 34, 50, 45], "hlc": [921744, 5]}
INFO:<Node 5>:{"send": true, "recv": false, "from": 5, "to": 6, "vc": [37, 50, 47, 42, 43, 61, 41, 34, 55, 45], "hlc": [921742, 11]}
INFO:<Node 7>:{"send": true, "recv": false, "from": 7, "to": 8, "vc": [35, 49, 47, 42, 41, 51, 45, 44, 50, 50], "hlc": [921742, 11]}
INFO:<Node 9>:{"send": true, "recv": false, "from": 9, "to": 5, "vc": [35, 49, 47, 42, 41, 51, 45, 43, 50, 53], "hlc": [921742, 12]}
INFO:<Node 0>:{"send": false, "recv": true, "to": 0, "from": 4, "vc": [43, 49, 48, 46, 46, 56, 47, 41, 56, 47], "hlc": [921744, 6]}
INFO:<Node 5>:{"send": false, "recv": true, "to": 5, "from": 3, "vc": [41, 50, 48, 48, 43, 62, 41, 34, 56, 45], "hlc": [921745, 2]}
INFO:<Node 5>:{"send": false, "recv": true, "to": 5, "from": 9, "vc": [41, 50, 48, 48, 43, 63, 45, 43, 56, 53], "hlc": [921745, 3]}
INFO:<Node 6>:{"send": false, "recv": true, "to": 6, "from": 5, "vc": [37, 50, 47, 42, 43, 61, 48, 41, 55, 47], "hlc": [921742, 12]}
INFO:<Node 8>:{"send": false, "recv": true, "to": 8, "from": 7, "vc": [37, 50, 47, 42, 43, 60, 45, 44, 58, 50], "hlc": [921742, 12]}
INFO:<Node 1>:{"send": true, "recv": false, "from": 1, "to": 8, "vc": [35, 53, 49, 42, 41, 51, 45, 38, 50, 51], "hlc": [921742, 10]}
INFO:<Node 2>:{"send": true, "recv": false, "from": 2, "to": 3, "vc": [33, 35, 50, 42, 37, 44, 33, 26, 43, 39], "hlc": [921742, 7]}
INFO:<Node 3>:{"send": true, "recv": false, "from": 3, "to": 4, "vc": [41, 40, 48, 49, 39, 56, 41, 34, 56, 43], "hlc": [921745, 2]}
INFO:<Node 6>:{"send": true, "recv": false, "from": 6, "to": 0, "vc": [37, 50, 47, 42, 43, 61, 49, 41, 55, 47], "hlc": [921742, 13]}
INFO:<Node 7>:{"send": true, "recv": false, "from": 7, "to": 1, "vc": [35, 49, 47, 42, 41, 51, 45, 45, 50, 50], "hlc": [921742, 12]}
INFO:<Node 8>:{"send": true, "recv": false, "from": 8, "to": 7, "vc": [37, 50, 47, 42, 43, 60, 45, 44, 59, 50], "hlc": [921742, 13]}
INFO:<Node 0>:{"send": false, "recv": true, "to": 0, "from": 6, "vc": [44, 50, 48, 46, 46, 61, 49, 41, 56, 47], "hlc": [921744, 7]}
INFO:<Node 1>:{"send": false, "recv": true, "to": 1, "from": 7, "vc": [35, 54, 49, 42, 41, 51, 45, 45, 50, 51], "hlc": [921742, 13]}
INFO:<Node 3>:{"send": false, "recv": true, "to": 3, "from": 2, "vc": [41, 40, 50, 50, 39, 56, 41, 34, 56, 43], "hlc": [921746, 0]}
INFO:<Node 4>:{"send": false, "recv": true, "to": 4, "from": 3, "vc": [41, 40, 48, 49, 47, 56, 41, 34, 56, 45], "hlc": [921745, 3]}
INFO:<Node 7>:{"send": false, "recv": true, "to": 7, "from": 8, "vc": [37, 50, 47, 42, 43, 60, 45, 46, 59, 50], "hlc": [921742, 14]}
INFO:<Node 8>:{"send": false, "recv": true, "to": 8, "from": 1, "vc": [37, 53, 49, 42, 43, 60, 45, 44, 60, 51], "hlc": [921742, 14]}
INFO:<Node 0>:{"send": true, "recv": false, "from": 0, "to": 6, "vc": [45, 50, 48, 46, 46, 61, 49, 41, 56, 47], "hlc": [921744, 8]}
INFO:<Node 1>:{"send": true, "recv": false, "from": 1, "to": 4, "vc": [35, 55, 49, 42, 41, 51, 45, 45, 50, 51], "hlc": [921742, 14]}
INFO:<Node 2>:{"send": true, "recv": false, "from": 2, "to": 4, "vc": [33, 35, 51, 42, 37, 44, 33, 26, 43, 39], "hlc": [921742, 8]}
INFO:<Node 4>:{"send": true, "recv": false, "from": 4, "to": 9, "vc": [41, 40, 48, 49, 48, 56, 41, 34, 56, 45], "hlc": [921745, 4]}
INFO:<Node 6>:{"send": true, "recv": false, "from": 6, "to": 4, "vc": [37, 50, 47, 42, 43, 61, 50, 41, 55, 47], "hlc": [921742, 14]}
INFO:<Node 9>:{"send": true, "recv": false, "from": 9, "to": 7, "vc": [35, 49, 47, 42, 41, 51, 45, 43, 50, 54], "hlc": [921742, 13]}
INFO:<Node 4>:{"send": false, "recv": true, "to": 4, "from": 1, "vc": [41, 55, 49, 49, 49, 56, 45, 45, 56, 51], "hlc": [921745, 5]}
INFO:<Node 4>:{"send": false, "recv": true, "to": 4, "from": 2, "vc": [41, 55, 51, 49, 50, 56, 45, 45, 56, 51], "hlc": [921745, 6]}
INFO:<Node 4>:{"send": false, "recv": true, "to": 4, "from": 6, "vc": [41, 55, 51, 49, 51, 61, 50, 45, 56, 51], "hlc": [921745, 7]}
INFO:<Node 6>:{"send": false, "recv": true, "to": 6, "from": 0, "vc": [45, 50, 48, 46, 46, 61, 51, 41, 56, 47], "hlc": [921744, 9]}
INFO:<Node 7>:{"send": false, "recv": true, "to": 7, "from": 9, "vc": [37, 50, 47, 42, 43, 60, 45, 47, 59, 54], "hlc": [921742, 15]}
INFO:<Node 9>:{"send": false, "recv": true, "to": 9, "from": 4, "vc": [41, 49, 48, 49, 48, 56, 45, 43, 56, 55], "hlc": [921745, 5]}
INFO:<Node 0>:{"send": true, "recv": false, "from": 0, "to": 9, "vc": [46, 50, 48, 46, 46, 61, 49, 41, 56, 47], "hlc": [921744, 9]}
INFO:<Node 1>:{"send": true, "recv": false, "from": 1, "to": 0, "vc": [35, 56, 49, 42, 41, 51, 45, 45, 50, 51], "hlc": [921742, 15]}
INFO:<Node 2>:{"send": true, "recv": false, "from": 2, "to": 6, "vc": [33, 35, 52, 42, 37, 44, 33, 26, 43, 39], "hlc": [921742, 9]}
INFO:<Node 3>:{"send": true, "recv": false, "from": 3, "to": 5, "vc": [41, 40, 50, 51, 39, 56, 41, 34, 56, 43], "hlc": [921746, 1]}
INFO:<Node 5>:{"send": true, "recv": false, "from": 5, "to": 2, "vc": [41, 50, 48, 48, 43, 64, 45, 43, 56, 53], "hlc": [921745, 4]}
INFO:<Node 8>:{"send": true, "recv": false, "from": 8, "to": 0, "vc": [37, 53, 49, 42, 43, 60, 45, 44, 61, 51], "hlc": [921742, 15]}
INFO:<Node 9>:{"send": true, "recv": false, "from": 9, "to": 3, "vc": [41, 49, 48, 49, 48, 56, 45, 43, 56, 56], "hlc": [921745, 6]}
INFO:<Node 0>:{"send": false, "recv": true, "to": 0, "from": 1, "vc": [47, 56, 49, 46, 46, 61, 49, 45, 56, 51], "hlc": [921744, 10]}
INFO:<Node 0>:{"send": false, "recv": true, "to": 0, "from": 8, "vc": [48, 56, 49, 46, 46, 61, 49, 45, 61, 51], "hlc": [921744, 11]}
INFO:<Node 2>:{"send": false, "recv": true, "to": 2, "from": 5, "vc": [41, 50, 53, 48, 43, 64, 45, 43, 56, 53], "hlc": [921745, 5]}
INFO:<Node 3>:{"send": false, "recv": true, "to": 3, "from": 9, "vc": [41, 49, 50, 52, 48, 56, 45, 43, 56, 56], "hlc": [921747, 0]}
INFO:<Node 5>:{"send": false, "recv": true, "to": 5, "from": 3, "vc": [41, 50, 50, 51, 43, 65, 45, 43, 56, 53], "hlc": [921746, 2]}
INFO:<Node 6>:{"send": false, "recv": true, "to": 6, "from": 2, "vc": [45, 50, 52, 46, 46, 61, 52, 41, 56, 47], "hlc": [921744, 10]}
INFO:<Node 9>:{"send": false, "recv": true, "to": 9, "from": 0, "vc": [46, 50, 48, 49, 48, 61, 49, 43, 56, 57], "hlc": [921745, 7]}
INFO:<Node 0>:{"send": true, "recv": false, "from": 0, "to": 8, "vc": [49, 56, 49, 46, 46, 61, 49, 45, 61, 51], "hlc": [921744, 12]}
INFO:<Node 2>:{"send": true, "recv": false, "from": 2, "to": 3, "vc": [41, 50, 54, 48, 43, 64, 45, 43, 56, 53], "hlc": [921745, 6]}
INFO:<Node 3>:{"send": true, "recv": false, "from": 3, "to": 1, "vc": [41, 49, 50, 53, 48, 56, 45, 43, 56, 56], "hlc": [921747, 1]}
INFO:<Node 4>:{"send": true, "recv": false, "from": 4, "to": 1, "vc": [41, 55, 51, 49, 52, 61, 50, 45, 56, 51], "hlc": [921745, 8]}
INFO:<Node 6>:{"send": true, "recv": false, "from": 6, "to": 2, "vc": [45, 50, 52, 46, 46, 61, 53, 41, 56, 47], "hlc": [921744, 11]}
INFO:<Node 7>:{"send": true, "recv": false, "from": 7, "to": 0, "vc": [37, 50, 47, 42, 43, 60, 45, 48, 59, 54], "hlc": [921742, 16]}
INFO:<Node 8>:{"send": true, "recv": false, "from": 8, "to": 0, "vc": [37, 53, 49, 42, 43, 60, 45, 44, 62, 51], "hlc": [921742, 16]}
INFO:<Node 9>:{"send": true, "recv": false, "from": 9, "to": 2, "vc": [46, 50, 48, 49, 48, 61, 49, 43, 56, 58], "hlc": [921745, 8]}
INFO:<Node 0>:{"send": false, "recv": true, "to": 0, "from": 7, "vc": [50, 56, 49, 46, 46, 61, 49, 48, 61, 54], "hlc": [921744, 13]}
INFO:<Node 0>:{"send": false, "recv": true, "to": 0, "from": 8, "vc": [51, 56, 49, 46, 46, 61, 49, 48, 62, 54], "hlc": [921744, 14]}
INFO:<Node 1>:{"send": false, "recv": true, "to": 1, "from": 3, "vc": [41, 57, 50, 53, 48, 56, 45, 45, 56, 56], "hlc": [921747, 2]}
INFO:<Node 1>:{"send": false, "recv": true, "to": 1, "from": 4, "vc": [41, 58, 51, 53, 52, 61, 50, 45, 56, 56], "hlc": [921747, 3]}
INFO:<Node 2>:{"send": false, "recv": true, "to": 2, "from": 6, "vc": [45, 50, 55, 48, 46, 64, 53, 43, 56, 53], "hlc": [921745, 7]}
INFO:<Node 2>:{"send": false, "recv": true, "to": 2, "from": 9, "vc": [46, 50, 56, 49, 48, 64, 53, 43, 56, 58], "hlc": [921745, 9]}
INFO:<Node 3>:{"send": false, "recv": true, "to": 3, "from": 2, "vc": [41, 50, 54, 54, 48, 64, 45, 43, 56, 56], "hlc": [921747, 2]}
INFO:<Node 8>:{"send": false, "recv": true, "to": 8, "from": 0, "vc": [49, 56, 49, 46, 46, 61, 49, 45, 63, 51], "hlc": [921744, 13]}
INFO:<Node 0>:{"send": true, "recv": false, "from": 0, "to": 9, "vc": [52, 56, 49, 46, 46, 61, 49, 48, 62, 54], "hlc": [921744, 15]}
INFO:<Node 2>:{"send": true, "recv": false, "from": 2, "to": 0, "vc": [46, 50, 57, 49, 48, 64, 53, 43, 56, 58], "hlc": [921745, 10]}
INFO:<Node 7>:{"send": true, "recv": false, "from": 7, "to": 1, "vc": [37, 50, 47, 42, 43, 60, 45, 49, 59, 54], "hlc": [921742, 17]}
INFO:<Node 8>:{"send": true, "recv": false, "from": 8, "to": 6, "vc": [49, 56, 49, 46, 46, 61, 49, 45, 64, 51], "hlc": [921744, 14]}
INFO:<Node 9>:{"send": true, "recv": false, "from": 9, "to": 4, "vc": [46, 50, 48, 49, 48, 61, 49, 43, 56, 59], "hlc": [921745, 9]}
INFO:<Node 0>:{"send": false, "recv": true, "to": 0, "from": 2, "vc": [53, 56, 57, 49, 48, 64, 53, 48, 62, 58], "hlc": [921745, 11]}
INFO:<Node 1>:{"send": false, "recv": true, "to": 1, "from": 7, "vc": [41, 59, 51, 53, 52, 61, 50, 49, 59, 56], "hlc": [921747, 4]}
INFO:<Node 4>:{"send": false, "recv": true, "to": 4, "from": 9, "vc": [46, 55, 51, 49, 53, 61, 50, 45, 56, 59], "hlc": [921745, 10]}
INFO:<Node 6>:{"send": false, "recv": true, "to": 6, "from": 8, "vc": [49, 56, 52, 46, 46, 61, 54, 45, 64, 51], "hlc": [921744, 15]}
INFO:<Node 9>:{"send": false, "recv": true, "to": 9, "from": 0, "vc": [52, 56, 49, 49, 48, 61, 49, 48, 62, 60], "hlc": [921745, 10]}
