INFO:root:Random workload: num sockets: 10, num iterations: 50, base address: 46400, chance of send: 3 in 5, round delay (s): 0.5, max clock drift (s): 1.5, actual clock drifts: [0.2967883674255747, 0.9852714749445917, 0.2897844989296319, 1.2372057183335912, -1.2279372352054783, -1.4328407257532767, -1.2010307044489303, 1.240202365574266, -0.3712930744008922, -1.4184710452515739]
INFO:<Node 0>:{"send": true, "recv": false, "from": 0, "to": 5, "vc": [1, 0, 0, 0, 0, 0, 0, 0, 0, 0], "hlc": [921207, 1]}
INFO:<Node 2>:{"send": true, "recv": false, "from": 2, "to": 9, "vc": [0, 0, 1, 0, 0, 0, 0, 0, 0, 0], "hlc": [921207, 1]}
INFO:<Node 3>:{"send": true, "recv": false, "from": 3, "to": 2, "vc": [0, 0, 0, 1, 0, 0, 0, 0, 0, 0], "hlc": [921208, 0]}
INFO:<Node 4>:{"send": true, "recv": false, "from": 4, "to": 1, "vc": [0, 0, 0, 0, 1, 0, 0, 0, 0, 0], "hlc": [921207, 1]}
INFO:<Node 6>:{"send": true, "recv": false, "from": 6, "to": 5, "vc": [0, 0, 0, 0, 0, 0, 1, 0, 0, 0], "hlc": [921207, 1]}
INFO:<Node 7>:{"send": true, "recv": false, "from": 7, "to": 9, "vc": [0, 0, 0, 0, 0, 0, 0, 1, 0, 0], "hlc": [921208, 0]}
INFO:<Node 1>:{"send": false, "recv": true, "to": 1, "from": 4, "vc": [0, 1, 0, 0, 1, 0, 0, 0, 0, 0], "hlc": [921208, 0]}
INFO:<Node 2>:{"send": false, "recv": true, "to": 2, "from": 3, "vc": [0, 0, 2, 1, 0, 0, 0, 0, 0, 0], "hlc": [921208, 1]}
INFO:<Node 5>:{"send": false, "recv": true, "to": 5, "from": 0, "vc": [1, 0, 0, 0, 0, 1, 0, 0, 0, 0], "hlc": [921207, 2]}
INFO:<Node 5>:{"send": false, "recv": true, "to": 5, "from": 6, "vc": [1, 0, 0, 0, 0, 2, 1, 0, 0, 0], "hlc": [921207, 3]}
INFO:<Node 9>:{"send": false, "recv": true, "to": 9, "from": 2, "vc": [0, 0, 1, 0, 0, 0, 0, 0, 0, 1], "hlc": [921207, 2]}
INFO:<Node 9>:{"send": false, "recv": true, "to": 9, "from": 7, "vc": [0, 0, 1, 0, 0, 0, 0, 1, 0, 2], "hlc": [921208, 1]}
INFO:<Node 0>:{"send": true, "recv": false, "from": 0, "to": 8, "vc": [2, 0, 0, 0, 0, 0, 0, 0, 0, 0], "hlc": [921208, 0]}
INFO:<Node 3>:{"send": true, "recv": false, "from": 3, "to": 2, "vc": [0, 0, 0, 2, 0, 0, 0, 0, 0, 0], "hlc": [921209, 0]}
INFO:<Node 5>:{"send": true, "recv": false, "from": 5, "to": 1, "vc": [1, 0, 0, 0, 0, 3, 1, 0, 0, 0], "hlc": [921207, 4]}
INFO:<Node 6>:{"send": true, "recv": false, "from": 6, "to": 8, "vc": [0, 0, 0, 0, 0, 0, 2, 0, 0, 0], "hlc": [921207, 2]}
INFO:<Node 7>:{"send": true, "recv": false, "from": 7, "to": 4, "vc": [0, 0, 0, 0, 0, 0, 0, 2, 0, 0], "hlc": [921209, 0]}
INFO:<Node 8>:{"send": true, "recv": false, "from": 8, "to": 7, "vc": [0, 0, 0, 0, 0, 0, 0, 0, 1, 0], "hlc": [921207, 1]}
INFO:<Node 9>:{"send": true, "recv": false, "from": 9, "to": 4, "vc": [0, 0, 1, 0, 0, 0, 0, 1, 0, 3], "hlc": [921208, 2]}
INFO:<Node 1>:{"send": false, "recv": true, "to": 1, "from": 5, "vc": [1, 2, 0, 0, 1, 3, 1, 0, 0, 0], "hlc": [921209, 0]}
INFO:<Node 2>:{"send": false, "recv": true, "to": 2, "from": 3, "vc": [0, 0, 3, 2, 0, 0, 0, 0, 0, 0], "hlc": [921209, 1]}
INFO:<Node 4>:{"send": false, "recv": true, "to": 4, "from": 7, "vc": [0, 0, 0, 0, 2, 0, 0, 2, 0, 0], "hlc": [921209, 1]}
INFO:<Node 4>:{"send": false, "recv": true, "to": 4, "from": 9, "vc": [0, 0, 1, 0, 3, 0, 0, 2, 0, 3], "hlc": [921209, 2]}
INFO:<Node 7>:{"send": false, "recv": true, "to": 7, "from": 8, "vc": [0, 0, 0, 0, 0, 0, 0, 3, 1, 0], "hlc": [921209, 1]}
INFO:<Node 8>:{"send": false, "recv": true, "to": 8, "from": 0, "vc": [2, 0, 0, 0, 0, 0, 0, 0, 2, 0], "hlc": [921208, 1]}
INFO:<Node 8>:{"send": false, "recv": true, "to": 8, "from": 6, "vc": [2, 0, 0, 0, 0, 0, 2, 0, 3, 0], "hlc": [921208, 2]}
INFO:<Node 2>:{"send": true, "recv": false, "from": 2, "to": 5, "vc": [0, 0, 4, 2, 0, 0, 0, 0, 0, 0], "hlc": [921209, 2]}
INFO:<Node 4>:{"send": true, "recv": false, "from": 4, "to": 2, "vc": [0, 0, 1, 0, 4, 0, 0, 2, 0, 3], "hlc": [921209, 3]}
INFO:<Node 5>:{"send": true, "recv": false, "from": 5, "to": 7, "vc": [1, 0, 0, 0, 0, 4, 1, 0, 0, 0], "hlc": [921207, 5]}
INFO:<Node 7>:{"send": true, "recv": false, "from": 7, "to": 6, "vc": [0, 0, 0, 0, 0, 0, 0, 4, 1, 0], "hlc": [921209, 2]}
INFO:<Node 9>:{"send": true, "recv": false, "from": 9, "to": 8, "vc": [0, 0, 1, 0, 0, 0, 0, 1, 0, 4], "hlc": [921208, 3]}
INFO:<Node 2>:{"send": false, "recv": true, "to": 2, "from": 4, "vc": [0, 0, 5, 2, 4, 0, 0, 2, 0, 3], "hlc": [921209, 4]}
INFO:<Node 5>:{"send": false, "recv": true, "to": 5, "from": 2, "vc": [1, 0, 4, 2, 0, 5, 1, 0, 0, 0], "hlc": [921209, 3]}
INFO:<Node 6>:{"send": false, "recv": true, "to": 6, "from": 7, "vc": [0, 0, 0, 0, 0, 0, 3, 4, 1, 0], "hlc": [921209, 3]}
INFO:<Node 7>:{"send": false, "recv": true, "to": 7, "from": 5, "vc": [1, 0, 0, 0, 0, 4, 1, 5, 1, 0], "hlc": [921210, 0]}
INFO:<Node 8>:{"send": false, "recv": true, "to": 8, "from": 9, "vc": [2, 0, 1, 0, 0, 0, 2, 1, 4, 4], "hlc": [921208, 4]}
INFO:<Node 0>:{"send": true, "recv": false, "from": 0, "to": 4, "vc": [3, 0, 0, 0, 0, 0, 0, 0, 0, 0], "hlc": [921209, 0]}
INFO:<Node 1>:{"send": true, "recv": false, "from": 1, "to": 5, "vc": [1, 3, 0, 0, 1, 3, 1, 0, 0, 0], "hlc": [921209, 1]}
INFO:<Node 6>:{"send": true, "recv": false, "from": 6, "to": 5, "vc": [0, 0, 0, 0, 0, 0, 4, 4, 1, 0], "hlc": [921209, 4]}
INFO:<Node 7>:{"send": true, "recv": false, "from": 7, "to": 5, "vc": [1, 0, 0, 0, 0, 4, 1, 6, 1, 0], "hlc": [921210, 1]}
INFO:<Node 8>:{"send": true, "recv": false, "from": 8, "to": 0, "vc": [2, 0, 1, 0, 0, 0, 2, 1, 5, 4], "hlc": [921208, 5]}
INFO:<Node 9>:{"send": true, "recv": false, "from": 9, "to": 5, "vc": [0, 0, 1, 0, 0, 0, 0, 1, 0, 5], "hlc": [921208, 4]}
INFO:<Node 0>:{"send": false, "recv": true, "to": 0, "from": 8, "vc": [4, 0, 1, 0, 0, 0, 2, 1, 5, 4], "hlc": [921209, 1]}
INFO:<Node 4>:{"send": false, "recv": true, "to": 4, "from": 0, "vc": [3, 0, 1, 0, 5, 0, 0, 2, 0, 3], "hlc": [921209, 4]}
INFO:<Node 5>:{"send": false, "recv": true, "to": 5, "from": 1, "vc": [1, 3, 4, 2, 1, 6, 1, 0, 0, 0], "hlc": [921209, 4]}
INFO:<Node 5>:{"send": false, "recv": true, "to": 5, "from": 6, "vc": [1, 3, 4, 2, 1, 7, 4, 4, 1, 0], "hlc": [921209, 5]}
INFO:<Node 5>:{"send": false, "recv": true, "to": 5, "from": 7, "vc": [1, 3, 4, 2, 1, 8, 4, 6, 1, 0], "hlc": [921210, 2]}
INFO:<Node 5>:{"send": false, "recv": true, "to": 5, "from": 9, "vc": [1, 3, 4, 2, 1, 9, 4, 6, 1, 5], "hlc": [921210, 3]}
INFO:<Node 1>:{"send": true, "recv": false, "from": 1, "to": 2, "vc": [1, 4, 0, 0, 1, 3, 1, 0, 0, 0], "hlc": [921210, 0]}
INFO:<Node 4>:{"send": true, "recv": false, "from": 4, "to": 1, "vc": [3, 0, 1, 0, 6, 0, 0, 2, 0, 3], "hlc": [921209, 5]}
INFO:<Node 7>:{"send": true, "recv": false, "from": 7, "to": 9, "vc": [1, 0, 0, 0, 0, 4, 1, 7, 1, 0], "hlc": [921210, 2]}
INFO:<Node 8>:{"send": true, "recv": false, "from": 8, "to": 5, "vc": [2, 0, 1, 0, 0, 0, 2, 1, 6, 4], "hlc": [921209, 0]}
INFO:<Node 1>:{"send": false, "recv": true, "to": 1, "from": 4, "vc": [3, 5, 1, 0, 6, 3, 1, 2, 0, 3], "hlc": [921210, 1]}
INFO:<Node 2>:{"send": false, "recv": true, "to": 2, "from": 1, "vc": [1, 4, 6, 2, 4, 3, 1, 2, 0, 3], "hlc": [921210, 1]}
INFO:<Node 5>:{"send": false, "recv": true, "to": 5, "from": 8, "vc": [2, 3, 4, 2, 1, 10, 4, 6, 6, 5], "hlc": [921210, 4]}
INFO:<Node 9>:{"send": false, "recv": true, "to": 9, "from": 7, "vc": [1, 0, 1, 0, 0, 4, 1, 7, 1, 6], "hlc": [921210, 3]}
INFO:<Node 1>:{"send": true, "recv": false, "from": 1, "to": 2, "vc": [3, 6, 1, 0, 6, 3, 1, 2, 0, 3], "hlc": [921210, 2]}
INFO:<Node 5>:{"send": true, "recv": false, "from": 5, "to": 1, "vc": [2, 3, 4, 2, 1, 11, 4, 6, 6, 5], "hlc": [921210, 5]}
INFO:<Node 6>:{"send": true, "recv": false, "from": 6, "to": 7, "vc": [0, 0, 0, 0, 0, 0, 5, 4, 1, 0], "hlc": [921209, 5]}
INFO:<Node 7>:{"send": true, "recv": false, "from": 7, "to": 0, "vc": [1, 0, 0, 0, 0, 4, 1, 8, 1, 0], "hlc": [921211, 0]}
INFO:<Node 0>:{"send": false, "recv": true, "to": 0, "from": 7, "vc": [5, 0, 1, 0, 0, 4, 2, 8, 5, 4], "hlc": [921211, 1]}
INFO:<Node 1>:{"send": false, "recv": true, "to": 1, "from": 5, "vc": [3, 7, 4, 2, 6, 11, 4, 6, 6, 5], "hlc": [921211, 0]}
INFO:<Node 2>:{"send": false, "recv": true, "to": 2, "from": 1, "vc": [3, 6, 7, 2, 6, 3, 1, 2, 0, 3], "hlc": [921210, 3]}
INFO:<Node 7>:{"send": false, "recv": true, "to": 7, "from": 6, "vc": [1, 0, 0, 0, 0, 4, 5, 9, 1, 0], "hlc": [921211, 1]}
INFO:<Node 0>:{"send": true, "recv": false, "from": 0, "to": 4, "vc": [6, 0, 1, 0, 0, 4, 2, 8, 5, 4], "hlc": [921211, 2]}
INFO:<Node 1>:{"send": true, "recv": false, "from": 1, "to": 6, "vc": [3, 8, 4, 2, 6, 11, 4, 6, 6, 5], "hlc": [921211, 1]}
INFO:<Node 3>:{"send": true, "recv": false, "from": 3, "to": 7, "vc": [0, 0, 0, 3, 0, 0, 0, 0, 0, 0], "hlc": [921211, 0]}
INFO:<Node 4>:{"send": true, "recv": false, "from": 4, "to": 0, "vc": [3, 0, 1, 0, 7, 0, 0, 2, 0, 3], "hlc": [921209, 6]}
INFO:<Node 6>:{"send": true, "recv": false, "from": 6, "to": 9, "vc": [0, 0, 0, 0, 0, 0, 6, 4, 1, 0], "hlc": [921209, 6]}
INFO:<Node 7>:{"send": true, "recv": false, "from": 7, "to": 5, "vc": [1, 0, 0, 0, 0, 4, 5, 10, 1, 0], "hlc": [921211, 2]}
INFO:<Node 8>:{"send": true, "recv": false, "from": 8, "to": 2, "vc": [2, 0, 1, 0, 0, 0, 2, 1, 7, 4], "hlc": [921210, 0]}
INFO:<Node 9>:{"send": true, "recv": false, "from": 9, "to": 5, "vc": [1, 0, 1, 0, 0, 4, 1, 7, 1, 7], "hlc": [921210, 4]}
INFO:<Node 0>:{"send": false, "recv": true, "to": 0, "from": 4, "vc": [7, 0, 1, 0, 7, 4, 2, 8, 5, 4], "hlc": [921211, 3]}
INFO:<Node 2>:{"send": false, "recv": true, "to": 2, "from": 8, "vc": [3, 6, 8, 2, 6, 3, 2, 2, 7, 4], "hlc": [921211, 0]}
INFO:<Node 4>:{"send": false, "recv": true, "to": 4, "from": 0, "vc": [6, 0, 1, 0, 8, 4, 2, 8, 5, 4], "hlc": [921211, 3]}
INFO:<Node 5>:{"send": false, "recv": true, "to": 5, "from": 7, "vc": [2, 3, 4, 2, 1, 12, 5, 10, 6, 5], "hlc": [921211, 3]}
INFO:<Node 5>:{"send": false, "recv": true, "to": 5, "from": 9, "vc": [2, 3, 4, 2, 1, 13, 5, 10, 6, 7], "hlc": [921211, 4]}
INFO:<Node 6>:{"send": false, "recv": true, "to": 6, "from": 1, "vc": [3, 8, 4, 2, 6, 11, 7, 6, 6, 5], "hlc": [921211, 2]}
INFO:<Node 7>:{"send": false, "recv": true, "to": 7, "from": 3, "vc": [1, 0, 0, 3, 0, 4, 5, 11, 1, 0], "hlc": [921212, 0]}
INFO:<Node 9>:{"send": false, "recv": true, "to": 9, "from": 6, "vc": [1, 0, 1, 0, 0, 4, 6, 7, 1, 8], "hlc": [921210, 5]}
INFO:<Node 0>:{"send": true, "recv": false, "from": 0, "to": 7, "vc": [8, 0, 1, 0, 7, 4, 2, 8, 5, 4], "hlc": [921211, 4]}
INFO:<Node 2>:{"send": true, "recv": false, "from": 2, "to": 6, "vc": [3, 6, 9, 2, 6, 3, 2, 2, 7, 4], "hlc": [921211, 1]}
INFO:<Node 3>:{"send": true, "recv": false, "from": 3, "to": 5, "vc": [0, 0, 0, 4, 0, 0, 0, 0, 0, 0], "hlc": [921212, 0]}
INFO:<Node 4>:{"send": true, "recv": false, "from": 4, "to": 9, "vc": [6, 0, 1, 0, 9, 4, 2, 8, 5, 4], "hlc": [921211, 4]}
INFO:<Node 5>:{"send": true, "recv": false, "from": 5, "to": 6, "vc": [2, 3, 4, 2, 1, 14, 5, 10, 6, 7], "hlc": [921211, 5]}
INFO:<Node 6>:{"send": true, "recv": false, "from": 6, "to": 1, "vc": [3, 8, 4, 2, 6, 11, 8, 6, 6, 5], "hlc": [921211, 3]}
INFO:<Node 7>:{"send": true, "recv": false, "from": 7, "to": 1, "vc": [1, 0, 0, 3, 0, 4, 5, 12, 1, 0], "hlc": [921212, 1]}
INFO:<Node 1>:{"send": false, "recv": true, "to": 1, "from": 6, "vc": [3, 9, 4, 2, 6, 11, 8, 6, 6, 5], "hlc": [921212, 0]}
INFO:<Node 1>:{"send": false, "recv": true, "to": 1, "from": 7, "vc": [3, 10, 4, 3, 6, 11, 8, 12, 6, 5], "hlc": [921212, 2]}
INFO:<Node 5>:{"send": false, "recv": true, "to": 5, "from": 3, "vc": [2, 3, 4, 4, 1, 15, 5, 10, 6, 7], "hlc": [921212, 1]}
INFO:<Node 6>:{"send": false, "recv": true, "to": 6, "from": 2, "vc": [3, 8, 9, 2, 6, 11, 9, 6, 7, 5], "hlc": [921211, 4]}
INFO:<Node 6>:{"send": false, "recv": true, "to": 6, "from": 5, "vc": [3, 8, 9, 2, 6, 14, 10, 10, 7, 7], "hlc": [921211, 6]}
INFO:<Node 7>:{"send": false, "recv": true, "to": 7, "from": 0, "vc": [8, 0, 1, 3, 7, 4, 5, 13, 5, 4], "hlc": [921212, 2]}
INFO:<Node 9>:{"send": false, "recv": true, "to": 9, "from": 4, "vc": [6, 0, 1, 0, 9, 4, 6, 8, 5, 9], "hlc": [921211, 5]}
INFO:<Node 2>:{"send": true, "recv": false, "from": 2, "to": 1, "vc": [3, 6, 10, 2, 6, 3, 2, 2, 7, 4], "hlc": [921211, 2]}
INFO:<Node 3>:{"send": true, "recv": false, "from": 3, "to": 7, "vc": [0, 0, 0, 5, 0, 0, 0, 0, 0, 0], "hlc": [921212, 1]}
INFO:<Node 6>:{"send": true, "recv": false, "from": 6, "to": 3, "vc": [3, 8, 9, 2, 6, 14, 11, 10, 7, 7], "hlc": [921211, 7]}
INFO:<Node 7>:{"send": true, "recv": false, "from": 7, "to": 3, "vc": [8, 0, 1, 3, 7, 4, 5, 14, 5, 4], "hlc": [921212, 3]}
INFO:<Node 8>:{"send": true, "recv": false, "from": 8, "to": 5, "vc": [2, 0, 1, 0, 0, 0, 2, 1, 8, 4], "hlc": [921211, 0]}
INFO:<Node 1>:{"send": false, "recv": true, "to": 1, "from": 2, "vc": [3, 11, 10, 3, 6, 11, 8, 12, 7, 5], "hlc": [921213, 0]}
INFO:<Node 3>:{"send": false, "recv": true, "to": 3, "from": 6, "vc": [3, 8, 9, 6, 6, 14, 11, 10, 7, 7], "hlc": [921213, 0]}
INFO:<Node 3>:{"send": false, "recv": true, "to": 3, "from": 7, "vc": [8, 8, 9, 7, 7, 14, 11, 14, 7, 7], "hlc": [921213, 1]}
INFO:<Node 5>:{"send": false, "recv": true, "to": 5, "from": 8, "vc": [2, 3, 4, 4, 1, 16, 5, 10, 8, 7], "hlc": [921212, 2]}
INFO:<Node 7>:{"send": false, "recv": true, "to": 7, "from": 3, "vc": [8, 0, 1, 5, 7, 4, 5, 15, 5, 4], "hlc": [921213, 0]}
INFO:<Node 1>:{"send": true, "recv": false, "from": 1, "to": 3, "vc": [3, 12, 10, 3, 6, 11, 8, 12, 7, 5], "hlc": [921213, 1]}
INFO:<Node 2>:{"send": true, "recv": false, "from": 2, "to": 6, "vc": [3, 6, 11, 2, 6, 3, 2, 2, 7, 4], "hlc": [921212, 0]}
INFO:<Node 4>:{"send": true, "recv": false, "from": 4, "to": 2, "vc": [6, 0, 1, 0, 10, 4, 2, 8, 5, 4], "hlc": [921211, 5]}
INFO:<Node 8>:{"send": true, "recv": false, "from": 8, "to": 1, "vc": [2, 0, 1, 0, 0, 0, 2, 1, 9, 4], "hlc": [921211, 1]}
INFO:<Node 9>:{"send": true, "recv": false, "from": 9, "to": 4, "vc": [6, 0, 1, 0, 9, 4, 6, 8, 5, 10], "hlc": [921211, 6]}
INFO:<Node 1>:{"send": false, "recv": true, "to": 1, "from": 8, "vc": [3, 13, 10, 3, 6, 11, 8, 12, 9, 5], "hlc": [921213, 2]}
INFO:<Node 2>:{"send": false, "recv": true, "to": 2, "from": 4, "vc": [6, 6, 12, 2, 10, 4, 2, 8, 7, 4], "hlc": [921212, 1]}
INFO:<Node 3>:{"send": false, "recv": true, "to": 3, "from": 1, "vc": [8, 12, 10, 8, 7, 14, 11, 14, 7, 7], "hlc": [921213, 2]}
INFO:<Node 4>:{"send": false, "recv": true, "to": 4, "from": 9, "vc": [6, 0, 1, 0, 11, 4, 6, 8, 5, 10], "hlc": [921211, 7]}
INFO:<Node 6>:{"send": false, "recv": true, "to": 6, "from": 2, "vc": [3, 8, 11, 2, 6, 14, 12, 10, 7, 7], "hlc": [921212, 1]}
INFO:<Node 0>:{"send": true, "recv": false, "from": 0, "to": 3, "vc": [9, 0, 1, 0, 7, 4, 2, 8, 5, 4], "hlc": [921212, 0]}
INFO:<Node 1>:{"send": true, "recv": false, "from": 1, "to": 6, "vc": [3, 14, 10, 3, 6, 11, 8, 12, 9, 5], "hlc": [921213, 3]}
INFO:<Node 2>:{"send": true, "recv": false, "from": 2, "to": 1, "vc": [6, 6, 13, 2, 10, 4, 2, 8, 7, 4], "hlc": [921212, 2]}
INFO:<Node 3>:{"send": true, "recv": false, "from": 3, "to": 6, "vc": [8, 12, 10, 9, 7, 14, 11, 14, 7, 7], "hlc": [921213, 3]}
INFO:<Node 4>:{"send": true, "recv": false, "from": 4, "to": 7, "vc": [6, 0, 1, 0, 12, 4, 6, 8, 5, 10], "hlc": [921211, 8]}
INFO:<Node 5>:{"send": true, "recv": false, "from": 5, "to": 4, "vc": [2, 3, 4, 4, 1, 17, 5, 10, 8, 7], "hlc": [921212, 3]}
INFO:<Node 7>:{"send": true, "recv": false, "from": 7, "to": 6, "vc": [8, 0, 1, 5, 7, 4, 5, 16, 5, 4], "hlc": [921213, 1]}
INFO:<Node 8>:{"send": true, "recv": false, "from": 8, "to": 3, "vc": [2, 0, 1, 0, 0, 0, 2, 1, 10, 4], "hlc": [921212, 0]}
INFO:<Node 9>:{"send": true, "recv": false, "from": 9, "to": 1, "vc": [6, 0, 1, 0, 9, 4, 6, 8, 5, 11], "hlc": [921211, 7]}
INFO:<Node 1>:{"send": false, "recv": true, "to": 1, "from": 2, "vc": [6, 15, 13, 3, 10, 11, 8, 12, 9, 5], "hlc": [921214, 0]}
INFO:<Node 1>:{"send": false, "recv": true, "to": 1, "from": 9, "vc": [6, 16, 13, 3, 10, 11, 8, 12, 9, 11], "hlc": [921214, 1]}
INFO:<Node 3>:{"send": false, "recv": true, "to": 3, "from": 0, "vc": [9, 12, 10, 10, 7, 14, 11, 14, 7, 7], "hlc": [921214, 0]}
INFO:<Node 3>:{"send": false, "recv": true, "to": 3, "from": 8, "vc": [9, 12, 10, 11, 7, 14, 11, 14, 10, 7], "hlc": [921214, 1]}
INFO:<Node 4>:{"send": false, "recv": true, "to": 4, "from": 5, "vc": [6, 3, 4, 4, 13, 17, 6, 10, 8, 10], "hlc": [921212, 4]}
INFO:<Node 6>:{"send": false, "recv": true, "to": 6, "from": 1, "vc": [3, 14, 11, 3, 6, 14, 13, 12, 9, 7], "hlc": [921213, 4]}
INFO:<Node 6>:{"send": false, "recv": true, "to": 6, "from": 3, "vc": [8, 14, 11, 9, 7, 14, 14, 14, 9, 7], "hlc": [921213, 5]}
INFO:<Node 6>:{"send": false, "recv": true, "to": 6, "from": 7, "vc": [8, 14, 11, 9, 7, 14, 15, 16, 9, 7], "hlc": [921213, 6]}
INFO:<Node 7>:{"send": false, "recv": true, "to": 7, "from": 4, "vc": [8, 0, 1, 5, 12, 4, 6, 17, 5, 10], "hlc": [921214, 0]}
INFO:<Node 1>:{"send": true, "recv": false, "from": 1, "to": 3, "vc": [6, 17, 13, 3, 10, 11, 8, 12, 9, 11], "hlc": [921214, 2]}
INFO:<Node 2>:{"send": true, "recv": false, "from": 2, "to": 6, "vc": [6, 6, 14, 2, 10, 4, 2, 8, 7, 4], "hlc": [921213, 0]}
INFO:<Node 4>:{"send": true, "recv": false, "from": 4, "to": 5, "vc": [6, 3, 4, 4, 14, 17, 6, 10, 8, 10], "hlc": [921212, 5]}
INFO:<Node 6>:{"send": true, "recv": false, "from": 6, "to": 3, "vc": [8, 14, 11, 9, 7, 14, 16, 16, 9, 7], "hlc": [921213, 7]}
INFO:<Node 3>:{"send": false, "recv": true, "to": 3, "from": 1, "vc": [9, 17, 13, 12, 10, 14, 11, 14, 10, 11], "hlc": [921214, 3]}
INFO:<Node 3>:{"send": false, "recv": true, "to": 3, "from": 6, "vc": [9, 17, 13, 13, 10, 14, 16, 16, 10, 11], "hlc": [921214, 4]}
INFO:<Node 5>:{"send": false, "recv": true, "to": 5, "from": 4, "vc": [6, 3, 4, 4, 14, 18, 6, 10, 8, 10], "hlc": [921212, 6]}
INFO:<Node 6>:{"send": false, "recv": true, "to": 6, "from": 2, "vc": [8, 14, 14, 9, 10, 14, 17, 16, 9, 7], "hlc": [921213, 8]}
INFO:<Node 1>:{"send": true, "recv": false, "from": 1, "to": 5, "vc": [6, 18, 13, 3, 10, 11, 8, 12, 9, 11], "hlc": [921214, 3]}
INFO:<Node 2>:{"send": true, "recv": false, "from": 2, "to": 4, "vc": [6, 6, 15, 2, 10, 4, 2, 8, 7, 4], "hlc": [921213, 1]}
INFO:<Node 4>:{"send": true, "recv": false, "from": 4, "to": 5, "vc": [6, 3, 4, 4, 15, 17, 6, 10, 8, 10], "hlc": [921212, 6]}
INFO:<Node 5>:{"send": true, "recv": false, "from": 5, "to": 4, "vc": [6, 3, 4, 4, 14, 19, 6, 10, 8, 10], "hlc": [921212, 7]}
INFO:<Node 6>:{"send": true, "recv": false, "from": 6, "to": 1, "vc": [8, 14, 14, 9, 10, 14, 18, 16, 9, 7], "hlc": [921213, 9]}
INFO:<Node 8>:{"send": true, "recv": false, "from": 8, "to": 1, "vc": [2, 0, 1, 0, 0, 0, 2, 1, 11, 4], "hlc": [921213, 0]}
INFO:<Node 9>:{"send": true, "recv": false, "from": 9, "to": 8, "vc": [6, 0, 1, 0, 9, 4, 6, 8, 5, 12], "hlc": [921212, 0]}
INFO:<Node 1>:{"send": false, "recv": true, "to": 1, "from": 6, "vc": [8, 19, 14, 9, 10, 14, 18, 16, 9, 11], "hlc": [921215, 0]}
INFO:<Node 1>:{"send": false, "recv": true, "to": 1, "from": 8, "vc": [8, 20, 14, 9, 10, 14, 18, 16, 11, 11], "hlc": [921215, 1]}
INFO:<Node 4>:{"send": false, "recv": true, "to": 4, "from": 2, "vc": [6, 6, 15, 4, 16, 17, 6, 10, 8, 10], "hlc": [921213, 2]}
INFO:<Node 4>:{"send": false, "recv": true, "to": 4, "from": 5, "vc": [6, 6, 15, 4, 17, 19, 6, 10, 8, 10], "hlc": [921213, 3]}
INFO:<Node 5>:{"send": false, "recv": true, "to": 5, "from": 1, "vc": [6, 18, 13, 4, 14, 20, 8, 12, 9, 11], "hlc": [921214, 4]}
INFO:<Node 5>:{"send": false, "recv": true, "to": 5, "from": 4, "vc": [6, 18, 13, 4, 15, 21, 8, 12, 9, 11], "hlc": [921214, 5]}
INFO:<Node 8>:{"send": false, "recv": true, "to": 8, "from": 9, "vc": [6, 0, 1, 0, 9, 4, 6, 8, 12, 12], "hlc": [921213, 1]}
INFO:<Node 0>:{"send": true, "recv": false, "from": 0, "to": 2, "vc": [10, 0, 1, 0, 7, 4, 2, 8, 5, 4], "hlc": [921214, 0]}
INFO:<Node 1>:{"send": true, "recv": false, "from": 1, "to": 4, "vc": [8, 21, 14, 9, 10, 14, 18, 16, 11, 11], "hlc": [921215, 2]}
INFO:<Node 2>:{"send": true, "recv": false, "from": 2, "to": 6, "vc": [6, 6, 16, 2, 10, 4, 2, 8, 7, 4], "hlc": [921214, 0]}
INFO:<Node 8>:{"send": true, "recv": false, "from": 8, "to": 2, "vc": [6, 0, 1, 0, 9, 4, 6, 8, 13, 12], "hlc": [921213, 2]}
INFO:<Node 9>:{"send": true, "recv": false, "from": 9, "to": 0, "vc": [6, 0, 1, 0, 9, 4, 6, 8, 5, 13], "hlc": [921212, 1]}
INFO:<Node 0>:{"send": false, "recv": true, "to": 0, "from": 9, "vc": [11, 0, 1, 0, 9, 4, 6, 8, 5, 13], "hlc": [921214, 1]}
INFO:<Node 2>:{"send": false, "recv": true, "to": 2, "from": 0, "vc": [10, 6, 17, 2, 10, 4, 2, 8, 7, 4], "hlc": [921214, 1]}
INFO:<Node 2>:{"send": false, "recv": true, "to": 2, "from": 8, "vc": [10, 6, 18, 2, 10, 4, 6, 8, 13, 12], "hlc": [921214, 2]}
INFO:<Node 4>:{"send": false, "recv": true, "to": 4, "from": 1, "vc": [8, 21, 15, 9, 18, 19, 18, 16, 11, 11], "hlc": [921215, 3]}
INFO:<Node 6>:{"send": false, "recv": true, "to": 6, "from": 2, "vc": [8, 14, 16, 9, 10, 14, 19, 16, 9, 7], "hlc": [921214, 1]}
INFO:<Node 1>:{"send": true, "recv": false, "from": 1, "to": 8, "vc": [8, 22, 14, 9, 10, 14, 18, 16, 11, 11], "hlc": [921215, 3]}
INFO:<Node 3>:{"send": true, "recv": false, "from": 3, "to": 4, "vc": [9, 17, 13, 14, 10, 14, 16, 16, 10, 11], "hlc": [921215, 0]}
INFO:<Node 4>:{"send": true, "recv": false, "from": 4, "to": 1, "vc": [8, 21, 15, 9, 19, 19, 18, 16, 11, 11], "hlc": [921215, 4]}
INFO:<Node 5>:{"send": true, "recv": false, "from": 5, "to": 6, "vc": [6, 18, 13, 4, 15, 22, 8, 12, 9, 11], "hlc": [921214, 6]}
INFO:<Node 6>:{"send": true, "recv": false, "from": 6, "to": 3, "vc": [8, 14, 16, 9, 10, 14, 20, 16, 9, 7], "hlc": [921214, 2]}
INFO:<Node 8>:{"send": true, "recv": false, "from": 8, "to": 7, "vc": [6, 0, 1, 0, 9, 4, 6, 8, 14, 12], "hlc": [921214, 0]}
INFO:<Node 9>:{"send": true, "recv": false, "from": 9, "to": 6, "vc": [6, 0, 1, 0, 9, 4, 6, 8, 5, 14], "hlc": [921213, 0]}
INFO:<Node 1>:{"send": false, "recv": true, "to": 1, "from": 4, "vc": [8, 23, 15, 9, 19, 19, 18, 16, 11, 11], "hlc": [921216, 0]}
INFO:<Node 3>:{"send": false, "recv": true, "to": 3, "from": 6, "vc": [9, 17, 16, 15, 10, 14, 20, 16, 10, 11], "hlc": [921216, 0]}
INFO:<Node 4>:{"send": false, "recv": true, "to": 4, "from": 3, "vc": [9, 21, 15, 14, 20, 19, 18, 16, 11, 11], "hlc": [921215, 5]}
INFO:<Node 6>:{"send": false, "recv": true, "to": 6, "from": 5, "vc": [8, 18, 16, 9, 15, 22, 21, 16, 9, 11], "hlc": [921214, 7]}
INFO:<Node 6>:{"send": false, "recv": true, "to": 6, "from": 9, "vc": [8, 18, 16, 9, 15, 22, 22, 16, 9, 14], "hlc": [921214, 8]}
INFO:<Node 7>:{"send": false, "recv": true, "to": 7, "from": 8, "vc": [8, 0, 1, 5, 12, 4, 6, 18, 14, 12], "hlc": [921216, 0]}
INFO:<Node 8>:{"send": false, "recv": true, "to": 8, "from": 1, "vc": [8, 22, 14, 9, 10, 14, 18, 16, 15, 12], "hlc": [921215, 4]}
INFO:<Node 0>:{"send": true, "recv": false, "from": 0, "to": 6, "vc": [12, 0, 1, 0, 9, 4, 6, 8, 5, 13], "hlc": [921215, 0]}
INFO:<Node 1>:{"send": true, "recv": false, "from": 1, "to": 8, "vc": [8, 24, 15, 9, 19, 19, 18, 16, 11, 11], "hlc": [921216, 1]}
INFO:<Node 2>:{"send": true, "recv": false, "from": 2, "to": 4, "vc": [10, 6, 19, 2, 10, 4, 6, 8, 13, 12], "hlc": [921215, 0]}
INFO:<Node 5>:{"send": true, "recv": false, "from": 5, "to": 7, "vc": [6, 18, 13, 4, 15, 23, 8, 12, 9, 11], "hlc": [921214, 7]}
INFO:<Node 6>:{"send": true, "recv": false, "from": 6, "to": 5, "vc": [8, 18, 16, 9, 15, 22, 23, 16, 9, 14], "hlc": [921214, 9]}
INFO:<Node 9>:{"send": true, "recv": false, "from": 9, "to": 5, "vc": [6, 0, 1, 0, 9, 4, 6, 8, 5, 15], "hlc": [921213, 1]}
INFO:<Node 4>:{"send": false, "recv": true, "to": 4, "from": 2, "vc": [10, 21, 19, 14, 21, 19, 18, 16, 13, 12], "hlc": [921215, 6]}
INFO:<Node 5>:{"send": false, "recv": true, "to": 5, "from": 6, "vc": [8, 18, 16, 9, 15, 24, 23, 16, 9, 14], "hlc": [921214, 10]}
INFO:<Node 5>:{"send": false, "recv": true, "to": 5, "from": 9, "vc": [8, 18, 16, 9, 15, 25, 23, 16, 9, 15], "hlc": [921214, 11]}
INFO:<Node 6>:{"send": false, "recv": true, "to": 6, "from": 0, "vc": [12, 18, 16, 9, 15, 22, 24, 16, 9, 14], "hlc": [921215, 1]}
INFO:<Node 7>:{"send": false, "recv": true, "to": 7, "from": 5, "vc": [8, 18, 13, 5, 15, 23, 8, 19, 14, 12], "hlc": [921216, 1]}
INFO:<Node 8>:{"send": false, "recv": true, "to": 8, "from": 1, "vc": [8, 24, 15, 9, 19, 19, 18, 16, 16, 12], "hlc": [921216, 2]}
INFO:<Node 1>:{"send": true, "recv": false, "from": 1, "to": 0, "vc": [8, 25, 15, 9, 19, 19, 18, 16, 11, 11], "hlc": [921216, 2]}
INFO:<Node 2>:{"send": true, "recv": false, "from": 2, "to": 1, "vc": [10, 6, 20, 2, 10, 4, 6, 8, 13, 12], "hlc": [921215, 1]}
INFO:<Node 6>:{"send": true, "recv": false, "from": 6, "to": 9, "vc": [12, 18, 16, 9, 15, 22, 25, 16, 9, 14], "hlc": [921215, 2]}
INFO:<Node 9>:{"send": true, "recv": false, "from": 9, "to": 5, "vc": [6, 0, 1, 0, 9, 4, 6, 8, 5, 16], "hlc": [921214, 0]}
INFO:<Node 0>:{"send": false, "recv": true, "to": 0, "from": 1, "vc": [13, 25, 15, 9, 19, 19, 18, 16, 11, 13], "hlc": [921216, 3]}
INFO:<Node 1>:{"send": false, "recv": true, "to": 1, "from": 2, "vc": [10, 26, 20, 9, 19, 19, 18, 16, 13, 12], "hlc": [921217, 0]}
INFO:<Node 5>:{"send": false, "recv": true, "to": 5, "from": 9, "vc": [8, 18, 16, 9, 15, 26, 23, 16, 9, 16], "hlc": [921214, 12]}
INFO:<Node 9>:{"send": false, "recv": true, "to": 9, "from": 6, "vc": [12, 18, 16, 9, 15, 22, 25, 16, 9, 17], "hlc": [921215, 3]}
INFO:<Node 0>:{"send": true, "recv": false, "from": 0, "to": 1, "vc": [14, 25, 15, 9, 19, 19, 18, 16, 11, 13], "hlc": [921216, 4]}
INFO:<Node 1>:{"send": true, "recv": false, "from": 1, "to": 3, "vc": [10, 27, 20, 9, 19, 19, 18, 16, 13, 12], "hlc": [921217, 1]}
INFO:<Node 4>:{"send": true, "recv": false, "from": 4, "to": 9, "vc": [10, 21, 19, 14, 22, 19, 18, 16, 13, 12], "hlc": [921215, 7]}
INFO:<Node 5>:{"send": true, "recv": false, "from": 5, "to": 1, "vc": [8, 18, 16, 9, 15, 27, 23, 16, 9, 16], "hlc": [921214, 13]}
INFO:<Node 6>:{"send": true, "recv": false, "from": 6, "to": 8, "vc": [12, 18, 16, 9, 15, 22, 26, 16, 9, 14], "hlc": [921215, 3]}
INFO:<Node 9>:{"send": true, "recv": false, "from": 9, "to": 5, "vc": [12, 18, 16, 9, 15, 22, 25, 16, 9, 18], "hlc": [921215, 4]}
INFO:<Node 1>:{"send": false, "recv": true, "to": 1, "from": 0, "vc": [14, 28, 20, 9, 19, 19, 18, 16, 13, 13], "hlc": [921217, 2]}
INFO:<Node 1>:{"send": false, "recv": true, "to": 1, "from": 5, "vc": [14, 29, 20, 9, 19, 27, 23, 16, 13, 16], "hlc": [921217, 3]}
INFO:<Node 3>:{"send": false, "recv": true, "to": 3, "from": 1, "vc": [10, 27, 20, 16, 19, 19, 20, 16, 13, 12], "hlc": [921217, 2]}
INFO:<Node 5>:{"send": false, "recv": true, "to": 5, "from": 9, "vc": [12, 18, 16, 9, 15, 28, 25, 16, 9, 18], "hlc": [921215, 5]}
INFO:<Node 8>:{"send": false, "recv": true, "to": 8, "from": 6, "vc": [12, 24, 16, 9, 19, 22, 26, 16, 17, 14], "hlc": [921216, 3]}
INFO:<Node 9>:{"send": false, "recv": true, "to": 9, "from": 4, "vc": [12, 21, 19, 14, 22, 22, 25, 16, 13, 19], "hlc": [921215, 8]}
INFO:<Node 0>:{"send": true, "recv": false, "from": 0, "to": 2, "vc": [15, 25, 15, 9, 19, 19, 18, 16, 11, 13], "hlc": [921216, 5]}
INFO:<Node 1>:{"send": true, "recv": false, "from": 1, "to": 7, "vc": [14, 30, 20, 9, 19, 27, 23, 16, 13, 16], "hlc": [921217, 4]}
INFO:<Node 4>:{"send": true, "recv": false, "from": 4, "to": 1, "vc": [10, 21, 19, 14, 23, 19, 18, 16, 13, 12], "hlc": [921215, 8]}
INFO:<Node 5>:{"send": true, "recv": false, "from": 5, "to": 3, "vc": [12, 18, 16, 9, 15, 29, 25, 16, 9, 18], "hlc": [921215, 6]}
INFO:<Node 6>:{"send": true, "recv": false, "from": 6, "to": 3, "vc": [12, 18, 16, 9, 15, 22, 27, 16, 9, 14], "hlc": [921215, 4]}
INFO:<Node 8>:{"send": true, "recv": false, "from": 8, "to": 9, "vc": [12, 24, 16, 9, 19, 22, 26, 16, 18, 14], "hlc": [921216, 4]}
INFO:<Node 1>:{"send": false, "recv": true, "to": 1, "from": 4, "vc": [14, 31, 20, 14, 23, 27, 23, 16, 13, 16], "hlc": [921218, 0]}
INFO:<Node 2>:{"send": false, "recv": true, "to": 2, "from": 0, "vc": [15, 25, 21, 9, 19, 19, 18, 16, 13, 13], "hlc": [921217, 0]}
INFO:<Node 3>:{"send": false, "recv": true, "to": 3, "from": 5, "vc": [12, 27, 20, 17, 19, 29, 25, 16, 13, 18], "hlc": [921218, 0]}
INFO:<Node 3>:{"send": false, "recv": true, "to": 3, "from": 6, "vc": [12, 27, 20, 18, 19, 29, 27, 16, 13, 18], "hlc": [921218, 1]}
INFO:<Node 7>:{"send": false, "recv": true, "to": 7, "from": 1, "vc": [14, 30, 20, 9, 19, 27, 23, 20, 14, 16], "hlc": [921218, 0]}
INFO:<Node 9>:{"send": false, "recv": true, "to": 9, "from": 8, "vc": [12, 24, 19, 14, 22, 22, 26, 16, 18, 20], "hlc": [921216, 5]}
INFO:<Node 0>:{"send": true, "recv": false, "from": 0, "to": 1, "vc": [16, 25, 15, 9, 19, 19, 18, 16, 11, 13], "hlc": [921217, 0]}
INFO:<Node 2>:{"send": true, "recv": false, "from": 2, "to": 3, "vc": [15, 25, 22, 9, 19, 19, 18, 16, 13, 13], "hlc": [921217, 1]}
INFO:<Node 3>:{"send": true, "recv": false, "from": 3, "to": 5, "vc": [12, 27, 20, 19, 19, 29, 27, 16, 13, 18], "hlc": [921218, 2]}
INFO:<Node 4>:{"send": true, "recv": false, "from": 4, "to": 5, "vc": [10, 21, 19, 14, 24, 19, 18, 16, 13, 12], "hlc": [921215, 9]}
INFO:<Node 5>:{"send": true, "recv": false, "from": 5, "to": 7, "vc": [12, 18, 16, 9, 15, 30, 25, 16, 9, 18], "hlc": [921215, 7]}
INFO:<Node 6>:{"send": true, "recv": false, "from": 6, "to": 0, "vc": [12, 18, 16, 9, 15, 22, 28, 16, 9, 14], "hlc": [921215, 5]}
INFO:<Node 9>:{"send": true, "recv": false, "from": 9, "to": 1, "vc": [12, 24, 19, 14, 22, 22, 26, 16, 18, 21], "hlc": [921216, 6]}
INFO:<Node 0>:{"send": false, "recv": true, "to": 0, "from": 6, "vc": [17, 25, 16, 9, 19, 22, 28, 16, 11, 14], "hlc": [921217, 1]}
INFO:<Node 1>:{"send": false, "recv": true, "to": 1, "from": 0, "vc": [16, 32, 20, 14, 23, 27, 23, 16, 13, 16], "hlc": [921218, 1]}
INFO:<Node 1>:{"send": false, "recv": true, "to": 1, "from": 9, "vc": [16, 33, 20, 14, 23, 27, 26, 16, 18, 21], "hlc": [921218, 2]}
INFO:<Node 3>:{"send": false, "recv": true, "to": 3, "from": 2, "vc": [15, 27, 22, 20, 19, 29, 27, 16, 13, 18], "hlc": [921218, 3]}
INFO:<Node 5>:{"send": false, "recv": true, "to": 5, "from": 3, "vc": [12, 27, 20, 19, 19, 31, 27, 16, 13, 18], "hlc": [921218, 3]}
INFO:<Node 5>:{"send": false, "recv": true, "to": 5, "from": 4, "vc": [12, 27, 20, 19, 24, 32, 27, 16, 13, 18], "hlc": [921218, 4]}
INFO:<Node 7>:{"send": false, "recv": true, "to": 7, "from": 5, "vc": [14, 30, 20, 9, 19, 30, 25, 21, 14, 18], "hlc": [921218, 1]}
INFO:<Node 1>:{"send": true, "recv": false, "from": 1, "to": 4, "vc": [16, 34, 20, 14, 23, 27, 26, 16, 18, 21], "hlc": [921218, 3]}
INFO:<Node 3>:{"send": true, "recv": false, "from": 3, "to": 0, "vc": [15, 27, 22, 21, 19, 29, 27, 16, 13, 18], "hlc": [921218, 4]}
INFO:<Node 5>:{"send": true, "recv": false, "from": 5, "to": 9, "vc": [12, 27, 20, 19, 24, 33, 27, 16, 13, 18], "hlc": [921218, 5]}
INFO:<Node 7>:{"send": true, "recv": false, "from": 7, "to": 3, "vc": [14, 30, 20, 9, 19, 30, 25, 22, 14, 18], "hlc": [921218, 2]}
INFO:<Node 8>:{"send": true, "recv": false, "from": 8, "to": 1, "vc": [12, 24, 16, 9, 19, 22, 26, 16, 19, 14], "hlc": [921217, 0]}
INFO:<Node 0>:{"send": false, "recv": true, "to": 0, "from": 3, "vc": [18, 27, 22, 21, 19, 29, 28, 16, 13, 18], "hlc": [921218, 5]}
INFO:<Node 1>:{"send": false, "recv": true, "to": 1, "from": 8, "vc": [16, 35, 20, 14, 23, 27, 26, 16, 19, 21], "hlc": [921219, 0]}
INFO:<Node 3>:{"send": false, "recv": true, "to": 3, "from": 7, "vc": [15, 30, 22, 22, 19, 30, 27, 22, 14, 18], "hlc": [921219, 0]}
INFO:<Node 4>:{"send": false, "recv": true, "to": 4, "from": 1, "vc": [16, 34, 20, 14, 25, 27, 26, 16, 18, 21], "hlc": [921218, 4]}
INFO:<Node 9>:{"send": false, "recv": true, "to": 9, "from": 5, "vc": [12, 27, 20, 19, 24, 33, 27, 16, 18, 22], "hlc": [921218, 6]}
INFO:<Node 1>:{"send": true, "recv": false, "from": 1, "to": 6, "vc": [16, 36, 20, 14, 23, 27, 26, 16, 19, 21], "hlc": [921219, 1]}
INFO:<Node 3>:{"send": true, "recv": false, "from": 3, "to": 9, "vc": [15, 30, 22, 23, 19, 30, 27, 22, 14, 18], "hlc": [921219, 1]}
INFO:<Node 7>:{"send": true, "recv": false, "from": 7, "to": 9, "vc": [14, 30, 20, 9, 19, 30, 25, 23, 14, 18], "hlc": [921219, 0]}
INFO:<Node 8>:{"send": true, "recv": false, "from": 8, "to": 5, "vc": [12, 24, 16, 9, 19, 22, 26, 16, 20, 14], "hlc": [921217, 1]}
INFO:<Node 9>:{"send": true, "recv": false, "from": 9, "to": 0, "vc": [12, 27, 20, 19, 24, 33, 27, 16, 18, 23], "hlc": [921218, 7]}
INFO:<Node 0>:{"send": false, "recv": true, "to": 0, "from": 9, "vc": [19, 27, 22, 21, 24, 33, 28, 16, 18, 23], "hlc": [921218, 8]}
INFO:<Node 5>:{"send": false, "recv": true, "to": 5, "from": 8, "vc": [12, 27, 20, 19, 24, 34, 27, 16, 20, 18], "hlc": [921218, 6]}
INFO:<Node 6>:{"send": false, "recv": true, "to": 6, "from": 1, "vc": [16, 36, 20, 14, 23, 27, 29, 16, 19, 21], "hlc": [921219, 2]}
INFO:<Node 9>:{"send": false, "recv": true, "to": 9, "from": 3, "vc": [15, 30, 22, 23, 24, 33, 27, 22, 18, 24], "hlc": [921219, 2]}
INFO:<Node 9>:{"send": false, "recv": true, "to": 9, "from": 7, "vc": [15, 30, 22, 23, 24, 33, 27, 23, 18, 25], "hlc": [921219, 3]}
INFO:<Node 0>:{"send": true, "recv": false, "from": 0, "to": 2, "vc": [20, 27, 22, 21, 24, 33, 28, 16, 18, 23], "hlc": [921218, 9]}
INFO:<Node 2>:{"send": true, "recv": false, "from": 2, "to": 0, "vc": [15, 25, 23, 9, 19, 19, 18, 16, 13, 13], "hlc": [921218, 0]}
INFO:<Node 3>:{"send": true, "recv": false, "from": 3, "to": 9, "vc": [15, 30, 22, 24, 19, 30, 27, 22, 14, 18], "hlc": [921219, 2]}
INFO:<Node 4>:{"send": true, "recv": false, "from": 4, "to": 0, "vc": [16, 34, 20, 14, 26, 27, 26, 16, 18, 21], "hlc": [921218, 5]}
INFO:<Node 5>:{"send": true, "recv": false, "from": 5, "to": 3, "vc": [12, 27, 20, 19, 24, 35, 27, 16, 20, 18], "hlc": [921218, 7]}
INFO:<Node 7>:{"send": true, "recv": false, "from": 7, "to": 0, "vc": [14, 30, 20, 9, 19, 30, 25, 24, 14, 18], "hlc": [921219, 1]}
INFO:<Node 9>:{"send": true, "recv": false, "from": 9, "to": 2, "vc": [15, 30, 22, 23, 24, 33, 27, 23, 18, 26], "hlc": [921219, 4]}
INFO:<Node 0>:{"send": false, "recv": true, "to": 0, "from": 2, "vc": [21, 27, 23, 21, 24, 33, 28, 16, 18, 23], "hlc": [921219, 0]}
INFO:<Node 0>:{"send": false, "recv": true, "to": 0, "from": 4, "vc": [22, 34, 23, 21, 26, 33, 28, 16, 18, 23], "hlc": [921219, 1]}
INFO:<Node 0>:{"send": false, "recv": true, "to": 0, "from": 7, "vc": [23, 34, 23, 21, 26, 33, 28, 24, 18, 23], "hlc": [921219, 2]}
INFO:<Node 2>:{"send": false, "recv": true, "to": 2, "from": 0, "vc": [20, 27, 24, 21, 24, 33, 28, 16, 18, 23], "hlc": [921219, 0]}
INFO:<Node 2>:{"send": false, "recv": true, "to": 2, "from": 9, "vc": [20, 30, 25, 23, 24, 33, 28, 23, 18, 26], "hlc": [921219, 5]}
INFO:<Node 3>:{"send": false, "recv": true, "to": 3, "from": 5, "vc": [15, 30, 22, 25, 24, 35, 27, 22, 20, 18], "hlc": [921220, 0]}
INFO:<Node 9>:{"send": false, "recv": true, "to": 9, "from": 3, "vc": [15, 30, 22, 24, 24, 33, 27, 23, 18, 27], "hlc": [921219, 5]}
INFO:<Node 1>:{"send": true, "recv": false, "from": 1, "to": 8, "vc": [16, 37, 20, 14, 23, 27, 26, 16, 19, 21], "hlc": [921220, 0]}
INFO:<Node 2>:{"send": true, "recv": false, "from": 2, "to": 4, "vc": [20, 30, 26, 23, 24, 33, 28, 23, 18, 26], "hlc": [921219, 6]}
INFO:<Node 4>:{"send": true, "recv": false, "from": 4, "to": 9, "vc": [16, 34, 20, 14, 27, 27, 26, 16, 18, 21], "hlc": [921218, 6]}
INFO:<Node 5>:{"send": true, "recv": false, "from": 5, "to": 4, "vc": [12, 27, 20, 19, 24, 36, 27, 16, 20, 18], "hlc": [921218, 8]}
INFO:<Node 6>:{"send": true, "recv": false, "from": 6, "to": 4, "vc": [16, 36, 20, 14, 23, 27, 30, 16, 19, 21], "hlc": [921219, 3]}
INFO:<Node 7>:{"send": true, "recv": false, "from": 7, "to": 4, "vc": [14, 30, 20, 9, 19, 30, 25, 25, 14, 18], "hlc": [921220, 0]}
INFO:<Node 8>:{"send": true, "recv": false, "from": 8, "to": 3, "vc": [12, 24, 16, 9, 19, 22, 26, 16, 21, 14], "hlc": [921218, 0]}
INFO:<Node 9>:{"send": true, "recv": false, "from": 9, "to": 1, "vc": [15, 30, 22, 24, 24, 33, 27, 23, 18, 28], "hlc": [921219, 6]}
INFO:<Node 1>:{"send": false, "recv": true, "to": 1, "from": 9, "vc": [16, 38, 22, 24, 24, 33, 27, 23, 19, 28], "hlc": [921220, 1]}
INFO:<Node 3>:{"send": false, "recv": true, "to": 3, "from": 8, "vc": [15, 30, 22, 26, 24, 35, 27, 22, 21, 18], "hlc": [921220, 1]}
INFO:<Node 4>:{"send": false, "recv": true, "to": 4, "from": 2, "vc": [20, 34, 26, 23, 28, 33, 28, 23, 18, 26], "hlc": [921219, 7]}
INFO:<Node 4>:{"send": false, "recv": true, "to": 4, "from": 5, "vc": [20, 34, 26, 23, 29, 36, 28, 23, 20, 26], "hlc": [921219, 8]}
INFO:<Node 4>:{"send": false, "recv": true, "to": 4, "from": 6, "vc": [20, 36, 26, 23, 30, 36, 30, 23, 20, 26], "hlc": [921219, 9]}
INFO:<Node 4>:{"send": false, "recv": true, "to": 4, "from": 7, "vc": [20, 36, 26, 23, 31, 36, 30, 25, 20, 26], "hlc": [921220, 1]}
INFO:<Node 8>:{"send": false, "recv": true, "to": 8, "from": 1, "vc": [16, 37, 20, 14, 23, 27, 26, 16, 22, 21], "hlc": [921220, 1]}
INFO:<Node 9>:{"send": false, "recv": true, "to": 9, "from": 4, "vc": [16, 34, 22, 24, 27, 33, 27, 23, 18, 29], "hlc": [921219, 7]}
INFO:<Node 0>:{"send": true, "recv": false, "from": 0, "to": 6, "vc": [24, 34, 23, 21, 26, 33, 28, 24, 18, 23], "hlc": [921219, 3]}
INFO:<Node 1>:{"send": true, "recv": false, "from": 1, "to": 9, "vc": [16, 39, 22, 24, 24, 33, 27, 23, 19, 28], "hlc": [921220, 2]}
INFO:<Node 5>:{"send": true, "recv": false, "from": 5, "to": 3, "vc": [12, 27, 20, 19, 24, 37, 27, 16, 20, 18], "hlc": [921218, 9]}
INFO:<Node 7>:{"send": true, "recv": false, "from": 7, "to": 4, "vc": [14, 30, 20, 9, 19, 30, 25, 26, 14, 18], "hlc": [921220, 1]}
INFO:<Node 9>:{"send": true, "recv": false, "from": 9, "to": 7, "vc": [16, 34, 22, 24, 27, 33, 27, 23, 18, 30], "hlc": [921219, 8]}
INFO:<Node 3>:{"send": false, "recv": true, "to": 3, "from": 5, "vc": [15, 30, 22, 27, 24, 37, 27, 22, 21, 18], "hlc": [921221, 0]}
INFO:<Node 4>:{"send": false, "recv": true, "to": 4, "from": 7, "vc": [20, 36, 26, 23, 32, 36, 30, 26, 20, 26], "hlc": [921220, 2]}
INFO:<Node 6>:{"send": false, "recv": true, "to": 6, "from": 0, "vc": [24, 36, 23, 21, 26, 33, 31, 24, 19, 23], "hlc": [921219, 4]}
INFO:<Node 7>:{"send": false, "recv": true, "to": 7, "from": 9, "vc": [16, 34, 22, 24, 27, 33, 27, 27, 18, 30], "hlc": [921221, 0]}
INFO:<Node 9>:{"send": false, "recv": true, "to": 9, "from": 1, "vc": [16, 39, 22, 24, 27, 33, 27, 23, 19, 31], "hlc": [921220, 3]}
INFO:<Node 1>:{"send": true, "recv": false, "from": 1, "to": 0, "vc": [16, 40, 22, 24, 24, 33, 27, 23, 19, 28], "hlc": [921221, 0]}
INFO:<Node 3>:{"send": true, "recv": false, "from": 3, "to": 4, "vc": [15, 30, 22, 28, 24, 37, 27, 22, 21, 18], "hlc": [921221, 1]}
INFO:<Node 4>:{"send": true, "recv": false, "from": 4, "to": 1, "vc": [20, 36, 26, 23, 33, 36, 30, 26, 20, 26], "hlc": [921220, 3]}
INFO:<Node 5>:{"send": true, "recv": false, "from": 5, "to": 3, "vc": [12, 27, 20, 19, 24, 38, 27, 16, 20, 18], "hlc": [921218, 10]}
INFO:<Node 0>:{"send": false, "recv": true, "to": 0, "from": 1, "vc": [25, 40, 23, 24, 26, 33, 28, 24, 19, 28], "hlc": [921221, 1]}
INFO:<Node 1>:{"send": false, "recv": true, "to": 1, "from": 4, "vc": [20, 41, 26, 24, 33, 36, 30, 26, 20, 28], "hlc": [921221, 1]}
INFO:<Node 3>:{"send": false, "recv": true, "to": 3, "from": 5, "vc": [15, 30, 22, 29, 24, 38, 27, 22, 21, 18], "hlc": [921221, 2]}
INFO:<Node 4>:{"send": false, "recv": true, "to": 4, "from": 3, "vc": [20, 36, 26, 28, 34, 37, 30, 26, 21, 26], "hlc": [921221, 2]}
INFO:<Node 0>:{"send": true, "recv": false, "from": 0, "to": 9, "vc": [26, 40, 23, 24, 26, 33, 28, 24, 19, 28], "hlc": [921221, 2]}
INFO:<Node 1>:{"send": true, "recv": false, "from": 1, "to": 5, "vc": [20, 42, 26, 24, 33, 36, 30, 26, 20, 28], "hlc": [921221, 2]}
INFO:<Node 2>:{"send": true, "recv": false, "from": 2, "to": 0, "vc": [20, 30, 27, 23, 24, 33, 28, 23, 18, 26], "hlc": [921220, 0]}
INFO:<Node 3>:{"send": true, "recv": false, "from": 3, "to": 2, "vc": [15, 30, 22, 30, 24, 38, 27, 22, 21, 18], "hlc": [921221, 3]}
INFO:<Node 4>:{"send": true, "recv": false, "from": 4, "to": 8, "vc": [20, 36, 26, 28, 35, 37, 30, 26, 21, 26], "hlc": [921221, 3]}
INFO:<Node 6>:{"send": true, "recv": false, "from": 6, "to": 1, "vc": [24, 36, 23, 21, 26, 33, 32, 24, 19, 23], "hlc": [921219, 5]}
INFO:<Node 0>:{"send": false, "recv": true, "to": 0, "from": 2, "vc": [27, 40, 27, 24, 26, 33, 28, 24, 19, 28], "hlc": [921221, 3]}
INFO:<Node 1>:{"send": false, "recv": true, "to": 1, "from": 6, "vc": [24, 43, 26, 24, 33, 36, 32, 26, 20, 28], "hlc": [921222, 0]}
INFO:<Node 2>:{"send": false, "recv": true, "to": 2, "from": 3, "vc": [20, 30, 28, 30, 24, 38, 28, 23, 21, 26], "hlc": [921221, 4]}
INFO:<Node 5>:{"send": false, "recv": true, "to": 5, "from": 1, "vc": [20, 42, 26, 24, 33, 39, 30, 26, 20, 28], "hlc": [921221, 3]}
INFO:<Node 8>:{"send": false, "recv": true, "to": 8, "from": 4, "vc": [20, 37, 26, 28, 35, 37, 30, 26, 23, 26], "hlc": [921221, 4]}
INFO:<Node 9>:{"send": false, "recv": true, "to": 9, "from": 0, "vc": [26, 40, 23, 24, 27, 33, 28, 24, 19, 32], "hlc": [921221, 3]}
INFO:<Node 1>:{"send": true, "recv": false, "from": 1, "to": 0, "vc": [24, 44, 26, 24, 33, 36, 32, 26, 20, 28], "hlc": [921222, 1]}
INFO:<Node 2>:{"send": true, "recv": false, "from": 2, "to": 3, "vc": [20, 30, 29, 30, 24, 38, 28, 23, 21, 26], "hlc": [921221, 5]}
INFO:<Node 4>:{"send": true, "recv": false, "from": 4, "to": 2, "vc": [20, 36, 26, 28, 36, 37, 30, 26, 21, 26], "hlc": [921221, 4]}
INFO:<Node 5>:{"send": true, "recv": false, "from": 5, "to": 4, "vc": [20, 42, 26, 24, 33, 40, 30, 26, 20, 28], "hlc": [921221, 4]}
INFO:<Node 6>:{"send": true, "recv": false, "from": 6, "to": 7, "vc": [24, 36, 23, 21, 26, 33, 33, 24, 19, 23], "hlc": [921219, 6]}
INFO:<Node 7>:{"send": true, "recv": false, "from": 7, "to": 6, "vc": [16, 34, 22, 24, 27, 33, 27, 28, 18, 30], "hlc": [921222, 0]}
INFO:<Node 8>:{"send": true, "recv": false, "from": 8, "to": 0, "vc": [20, 37, 26, 28, 35, 37, 30, 26, 24, 26], "hlc": [921221, 5]}
INFO:<Node 0>:{"send": false, "recv": true, "to": 0, "from": 1, "vc": [28, 44, 27, 24, 33, 36, 32, 26, 20, 28], "hlc": [921222, 2]}
INFO:<Node 0>:{"send": false, "recv": true, "to": 0, "from": 8, "vc": [29, 44, 27, 28, 35, 37, 32, 26, 24, 28], "hlc": [921222, 3]}
INFO:<Node 2>:{"send": false, "recv": true, "to": 2, "from": 4, "vc": [20, 36, 30, 30, 36, 38, 30, 26, 21, 26], "hlc": [921221, 6]}
INFO:<Node 3>:{"send": false, "recv": true, "to": 3, "from": 2, "vc": [20, 30, 29, 31, 24, 38, 28, 23, 21, 26], "hlc": [921222, 0]}
INFO:<Node 4>:{"send": false, "recv": true, "to": 4, "from": 5, "vc": [20, 42, 26, 28, 37, 40, 30, 26, 21, 28], "hlc": [921221, 5]}
INFO:<Node 6>:{"send": false, "recv": true, "to": 6, "from": 7, "vc": [24, 36, 23, 24, 27, 33, 34, 28, 19, 30], "hlc": [921222, 1]}
INFO:<Node 7>:{"send": false, "recv": true, "to": 7, "from": 6, "vc": [24, 36, 23, 24, 27, 33, 33, 29, 19, 30], "hlc": [921222, 1]}
INFO:<Node 0>:{"send": true, "recv": false, "from": 0, "to": 7, "vc": [30, 44, 27, 28, 35, 37, 32, 26, 24, 28], "hlc": [921222, 4]}
INFO:<Node 2>:{"send": true, "recv": false, "from": 2, "to": 1, "vc": [20, 36, 31, 30, 36, 38, 30, 26, 21, 26], "hlc": [921221, 7]}
INFO:<Node 5>:{"send": true, "recv": false, "from": 5, "to": 6, "vc": [20, 42, 26, 24, 33, 41, 30, 26, 20, 28], "hlc": [921221, 5]}
INFO:<Node 6>:{"send": true, "recv": false, "from": 6, "to": 7, "vc": [24, 36, 23, 24, 27, 33, 35, 28, 19, 30], "hlc": [921222, 2]}
INFO:<Node 8>:{"send": true, "recv": false, "from": 8, "to": 5, "vc": [20, 37, 26, 28, 35, 37, 30, 26, 25, 26], "hlc": [921221, 6]}
INFO:<Node 1>:{"send": false, "recv": true, "to": 1, "from": 2, "vc": [24, 45, 31, 30, 36, 38, 32, 26, 21, 28], "hlc": [921223, 0]}
INFO:<Node 5>:{"send": false, "recv": true, "to": 5, "from": 8, "vc": [20, 42, 26, 28, 35, 42, 30, 26, 25, 28], "hlc": [921221, 7]}
INFO:<Node 6>:{"send": false, "recv": true, "to": 6, "from": 5, "vc": [24, 42, 26, 24, 33, 41, 36, 28, 20, 30], "hlc": [921222, 3]}
INFO:<Node 7>:{"send": false, "recv": true, "to": 7, "from": 0, "vc": [30, 44, 27, 28, 35, 37, 33, 30, 24, 30], "hlc": [921223, 0]}
INFO:<Node 7>:{"send": false, "recv": true, "to": 7, "from": 6, "vc": [30, 44, 27, 28, 35, 37, 35, 31, 24, 30], "hlc": [921223, 1]}
INFO:<Node 3>:{"send": true, "recv": false, "from": 3, "to": 5, "vc": [20, 30, 29, 32, 24, 38, 28, 23, 21, 26], "hlc": [921223, 0]}
INFO:<Node 4>:{"send": true, "recv": false, "from": 4, "to": 9, "vc": [20, 42, 26, 28, 38, 40, 30, 26, 21, 28], "hlc": [921221, 6]}
INFO:<Node 7>:{"send": true, "recv": false, "from": 7, "to": 6, "vc": [30, 44, 27, 28, 35, 37, 35, 32, 24, 30], "hlc": [921223, 2]}
INFO:<Node 8>:{"send": true, "recv": false, "from": 8, "to": 1, "vc": [20, 37, 26, 28, 35, 37, 30, 26, 26, 26], "hlc": [921221, 7]}
INFO:<Node 9>:{"send": true, "recv": false, "from": 9, "to": 1, "vc": [26, 40, 23, 24, 27, 33, 28, 24, 19, 33], "hlc": [921221, 4]}
INFO:<Node 1>:{"send": false, "recv": true, "to": 1, "from": 8, "vc": [24, 46, 31, 30, 36, 38, 32, 26, 26, 28], "hlc": [921223, 1]}
INFO:<Node 1>:{"send": false, "recv": true, "to": 1, "from": 9, "vc": [26, 47, 31, 30, 36, 38, 32, 26, 26, 33], "hlc": [921223, 2]}
INFO:<Node 5>:{"send": false, "recv": true, "to": 5, "from": 3, "vc": [20, 42, 29, 32, 35, 43, 30, 26, 25, 28], "hlc": [921223, 1]}
INFO:<Node 6>:{"send": false, "recv": true, "to": 6, "from": 7, "vc": [30, 44, 27, 28, 35, 41, 37, 32, 24, 30], "hlc": [921223, 3]}
INFO:<Node 9>:{"send": false, "recv": true, "to": 9, "from": 4, "vc": [26, 42, 26, 28, 38, 40, 30, 26, 21, 34], "hlc": [921221, 7]}
INFO:<Node 4>:{"send": true, "recv": false, "from": 4, "to": 2, "vc": [20, 42, 26, 28, 39, 40, 30, 26, 21, 28], "hlc": [921221, 7]}
INFO:<Node 5>:{"send": true, "recv": false, "from": 5, "to": 4, "vc": [20, 42, 29, 32, 35, 44, 30, 26, 25, 28], "hlc": [921223, 2]}
INFO:<Node 6>:{"send": true, "recv": false, "from": 6, "to": 2, "vc": [30, 44, 27, 28, 35, 41, 38, 32, 24, 30], "hlc": [921223, 4]}
INFO:<Node 9>:{"send": true, "recv": false, "from": 9, "to": 5, "vc": [26, 42, 26, 28, 38, 40, 30, 26, 21, 35], "hlc": [921221, 8]}
INFO:<Node 2>:{"send": false, "recv": true, "to": 2, "from": 4, "vc": [20, 42, 32, 30, 39, 40, 30, 26, 21, 28], "hlc": [921223, 0]}
INFO:<Node 2>:{"send": false, "recv": true, "to": 2, "from": 6, "vc": [30, 44, 33, 30, 39, 41, 38, 32, 24, 30], "hlc": [921223, 5]}
INFO:<Node 4>:{"send": false, "recv": true, "to": 4, "from": 5, "vc": [20, 42, 29, 32, 40, 44, 30, 26, 25, 28], "hlc": [921223, 3]}
INFO:<Node 5>:{"send": false, "recv": true, "to": 5, "from": 9, "vc": [26, 42, 29, 32, 38, 45, 30, 26, 25, 35], "hlc": [921223, 3]}
INFO:<Node 0>:{"send": true, "recv": false, "from": 0, "to": 6, "vc": [31, 44, 27, 28, 35, 37, 32, 26, 24, 28], "hlc": [921223, 0]}
INFO:<Node 1>:{"send": true, "recv": false, "from": 1, "to": 0, "vc": [26, 48, 31, 30, 36, 38, 32, 26, 26, 33], "hlc": [921224, 0]}
INFO:<Node 4>:{"send": true, "recv": false, "from": 4, "to": 1, "vc": [20, 42, 29, 32, 41, 44, 30, 26, 25, 28], "hlc": [921223, 4]}
INFO:<Node 5>:{"send": true, "recv": false, "from": 5, "to": 0, "vc": [26, 42, 29, 32, 38, 46, 30, 26, 25, 35], "hlc": [921223, 4]}
INFO:<Node 6>:{"send": true, "recv": false, "from": 6, "to": 7, "vc": [30, 44, 27, 28, 35, 41, 39, 32, 24, 30], "hlc": [921223, 5]}
INFO:<Node 7>:{"send": true, "recv": false, "from": 7, "to": 0, "vc": [30, 44, 27, 28, 35, 37, 35, 33, 24, 30], "hlc": [921224, 0]}
INFO:<Node 8>:{"send": true, "recv": false, "from": 8, "to": 4, "vc": [20, 37, 26, 28, 35, 37, 30, 26, 27, 26], "hlc": [921222, 0]}
INFO:<Node 0>:{"send": false, "recv": true, "to": 0, "from": 1, "vc": [32, 48, 31, 30, 36, 38, 32, 26, 26, 33], "hlc": [921224, 1]}
INFO:<Node 0>:{"send": false, "recv": true, "to": 0, "from": 5, "vc": [33, 48, 31, 32, 38, 46, 32, 26, 26, 35], "hlc": [921224, 2]}
INFO:<Node 0>:{"send": false, "recv": true, "to": 0, "from": 7, "vc": [34, 48, 31, 32, 38, 46, 35, 33, 26, 35], "hlc": [921224, 3]}
INFO:<Node 1>:{"send": false, "recv": true, "to": 1, "from": 4, "vc": [26, 49, 31, 32, 41, 44, 32, 26, 26, 33], "hlc": [921224, 1]}
INFO:<Node 4>:{"send": false, "recv": true, "to": 4, "from": 8, "vc": [20, 42, 29, 32, 42, 44, 30, 26, 27, 28], "hlc": [921223, 5]}
INFO:<Node 6>:{"send": false, "recv": true, "to": 6, "from": 0, "vc": [31, 44, 27, 28, 35, 41, 40, 32, 24, 30], "hlc": [921223, 6]}
INFO:<Node 7>:{"send": false, "recv": true, "to": 7, "from": 6, "vc": [30, 44, 27, 28, 35, 41, 39, 34, 24, 30], "hlc": [921224, 1]}
INFO:<Node 1>:{"send": true, "recv": false, "from": 1, "to": 5, "vc": [26, 50, 31, 32, 41, 44, 32, 26, 26, 33], "hlc": [921224, 2]}
INFO:<Node 2>:{"send": true, "recv": false, "from": 2, "to": 3, "vc": [30, 44, 34, 30, 39, 41, 38, 32, 24, 30], "hlc": [921223, 6]}
INFO:<Node 4>:{"send": true, "recv": false, "from": 4, "to": 2, "vc": [20, 42, 29, 32, 43, 44, 30, 26, 27, 28], "hlc": [921223, 6]}
INFO:<Node 5>:{"send": true, "recv": false, "from": 5, "to": 7, "vc": [26, 42, 29, 32, 38, 47, 30, 26, 25, 35], "hlc": [921223, 5]}
INFO:<Node 7>:{"send": true, "recv": false, "from": 7, "to": 6, "vc": [30, 44, 27, 28, 35, 41, 39, 35, 24, 30], "hlc": [921224, 2]}
INFO:<Node 8>:{"send": true, "recv": false, "from": 8, "to": 5, "vc": [20, 37, 26, 28, 35, 37, 30, 26, 28, 26], "hlc": [921223, 0]}
INFO:<Node 2>:{"send": false, "recv": true, "to": 2, "from": 4, "vc": [30, 44, 35, 32, 43, 44, 38, 32, 27, 30], "hlc": [921224, 0]}
INFO:<Node 3>:{"send": false, "recv": true, "to": 3, "from": 2, "vc": [30, 44, 34, 33, 39, 41, 38, 32, 24, 30], "hlc": [921225, 0]}
INFO:<Node 5>:{"send": false, "recv": true, "to": 5, "from": 1, "vc": [26, 50, 31, 32, 41, 48, 32, 26, 26, 35], "hlc": [921224, 3]}
INFO:<Node 5>:{"send": false, "recv": true, "to": 5, "from": 8, "vc": [26, 50, 31, 32, 41, 49, 32, 26, 28, 35], "hlc": [921224, 4]}
INFO:<Node 6>:{"send": false, "recv": true, "to": 6, "from": 7, "vc": [31, 44, 27, 28, 35, 41, 41, 35, 24, 30], "hlc": [921224, 3]}
INFO:<Node 7>:{"send": false, "recv": true, "to": 7, "from": 5, "vc": [30, 44, 29, 32, 38, 47, 39, 36, 25, 35], "hlc": [921225, 0]}
INFO:<Node 0>:{"send": true, "recv": false, "from": 0, "to": 4, "vc": [35, 48, 31, 32, 38, 46, 35, 33, 26, 35], "hlc": [921224, 4]}
INFO:<Node 1>:{"send": true, "recv": false, "from": 1, "to": 7, "vc": [26, 51, 31, 32, 41, 44, 32, 26, 26, 33], "hlc": [921225, 0]}
INFO:<Node 2>:{"send": true, "recv": false, "from": 2, "to": 5, "vc": [30, 44, 36, 32, 43, 44, 38, 32, 27, 30], "hlc": [921224, 1]}
INFO:<Node 5>:{"send": true, "recv": false, "from": 5, "to": 0, "vc": [26, 50, 31, 32, 41, 50, 32, 26, 28, 35], "hlc": [921224, 5]}
INFO:<Node 6>:{"send": true, "recv": false, "from": 6, "to": 7, "vc": [31, 44, 27, 28, 35, 41, 42, 35, 24, 30], "hlc": [921224, 4]}
INFO:<Node 7>:{"send": true, "recv": false, "from": 7, "to": 8, "vc": [30, 44, 29, 32, 38, 47, 39, 37, 25, 35], "hlc": [921225, 1]}
INFO:<Node 9>:{"send": true, "recv": false, "from": 9, "to": 1, "vc": [26, 42, 26, 28, 38, 40, 30, 26, 21, 36], "hlc": [921222, 0]}
INFO:<Node 0>:{"send": false, "recv": true, "to": 0, "from": 5, "vc": [36, 50, 31, 32, 41, 50, 35, 33, 28, 35], "hlc": [921224, 6]}
INFO:<Node 1>:{"send": false, "recv": true, "to": 1, "from": 9, "vc": [26, 52, 31, 32, 41, 44, 32, 26, 26, 36], "hlc": [921225, 1]}
INFO:<Node 4>:{"send": false, "recv": true, "to": 4, "from": 0, "vc": [35, 48, 31, 32, 44, 46, 35, 33, 27, 35], "hlc": [921224, 5]}
INFO:<Node 5>:{"send": false, "recv": true, "to": 5, "from": 2, "vc": [30, 50, 36, 32, 43, 51, 38, 32, 28, 35], "hlc": [921224, 6]}
INFO:<Node 7>:{"send": false, "recv": true, "to": 7, "from": 1, "vc": [30, 51, 31, 32, 41, 47, 39, 38, 26, 35], "hlc": [921225, 2]}
INFO:<Node 7>:{"send": false, "recv": true, "to": 7, "from": 6, "vc": [31, 51, 31, 32, 41, 47, 42, 39, 26, 35], "hlc": [921225, 3]}
INFO:<Node 8>:{"send": false, "recv": true, "to": 8, "from": 7, "vc": [30, 44, 29, 32, 38, 47, 39, 37, 29, 35], "hlc": [921225, 2]}
INFO:<Node 2>:{"send": true, "recv": false, "from": 2, "to": 5, "vc": [30, 44, 37, 32, 43, 44, 38, 32, 27, 30], "hlc": [921224, 2]}
INFO:<Node 3>:{"send": true, "recv": false, "from": 3, "to": 0, "vc": [30, 44, 34, 34, 39, 41, 38, 32, 24, 30], "hlc": [921225, 1]}
INFO:<Node 4>:{"send": true, "recv": false, "from": 4, "to": 5, "vc": [35, 48, 31, 32, 45, 46, 35, 33, 27, 35], "hlc": [921224, 6]}
INFO:<Node 6>:{"send": true, "recv": false, "from": 6, "to": 0, "vc": [31, 44, 27, 28, 35, 41, 43, 35, 24, 30], "hlc": [921224, 5]}
INFO:<Node 7>:{"send": true, "recv": false, "from": 7, "to": 5, "vc": [31, 51, 31, 32, 41, 47, 42, 40, 26, 35], "hlc": [921225, 4]}
INFO:<Node 9>:{"send": true, "recv": false, "from": 9, "to": 8, "vc": [26, 42, 26, 28, 38, 40, 30, 26, 21, 37], "hlc": [921223, 0]}
INFO:<Node 0>:{"send": false, "recv": true, "to": 0, "from": 3, "vc": [37, 50, 34, 34, 41, 50, 38, 33, 28, 35], "hlc": [921225, 2]}
INFO:<Node 0>:{"send": false, "recv": true, "to": 0, "from": 6, "vc": [38, 50, 34, 34, 41, 50, 43, 35, 28, 35], "hlc": [921225, 3]}
INFO:<Node 5>:{"send": false, "recv": true, "to": 5, "from": 2, "vc": [30, 50, 37, 32, 43, 52, 38, 32, 28, 35], "hlc": [921224, 7]}
INFO:<Node 5>:{"send": false, "recv": true, "to": 5, "from": 4, "vc": [35, 50, 37, 32, 45, 53, 38, 33, 28, 35], "hlc": [921224, 8]}
INFO:<Node 5>:{"send": false, "recv": true, "to": 5, "from": 7, "vc": [35, 51, 37, 32, 45, 54, 42, 40, 28, 35], "hlc": [921225, 5]}
INFO:<Node 8>:{"send": false, "recv": true, "to": 8, "from": 9, "vc": [30, 44, 29, 32, 38, 47, 39, 37, 30, 37], "hlc": [921225, 3]}
INFO:<Node 0>:{"send": true, "recv": false, "from": 0, "to": 2, "vc": [39, 50, 34, 34, 41, 50, 43, 35, 28, 35], "hlc": [921225, 4]}
INFO:<Node 6>:{"send": true, "recv": false, "from": 6, "to": 8, "vc": [31, 44, 27, 28, 35, 41, 44, 35, 24, 30], "hlc": [921224, 6]}
INFO:<Node 7>:{"send": true, "recv": false, "from": 7, "to": 1, "vc": [31, 51, 31, 32, 41, 47, 42, 41, 26, 35], "hlc": [921226, 0]}
INFO:<Node 8>:{"send": true, "recv": false, "from": 8, "to": 5, "vc": [30, 44, 29, 32, 38, 47, 39, 37, 31, 37], "hlc": [921225, 4]}
INFO:<Node 9>:{"send": true, "recv": false, "from": 9, "to": 2, "vc": [26, 42, 26, 28, 38, 40, 30, 26, 21, 38], "hlc": [921223, 1]}
INFO:<Node 1>:{"send": false, "recv": true, "to": 1, "from": 7, "vc": [31, 53, 31, 32, 41, 47, 42, 41, 26, 36], "hlc": [921226, 1]}
INFO:<Node 2>:{"send": false, "recv": true, "to": 2, "from": 0, "vc": [39, 50, 38, 34, 43, 50, 43, 35, 28, 35], "hlc": [921225, 5]}
INFO:<Node 2>:{"send": false, "recv": true, "to": 2, "from": 9, "vc": [39, 50, 39, 34, 43, 50, 43, 35, 28, 38], "hlc": [921225, 6]}
INFO:<Node 5>:{"send": false, "recv": true, "to": 5, "from": 8, "vc": [35, 51, 37, 32, 45, 55, 42, 40, 31, 37], "hlc": [921225, 6]}
INFO:<Node 8>:{"send": false, "recv": true, "to": 8, "from": 6, "vc": [31, 44, 29, 32, 38, 47, 44, 37, 32, 37], "hlc": [921225, 5]}
INFO:<Node 0>:{"send": true, "recv": false, "from": 0, "to": 1, "vc": [40, 50, 34, 34, 41, 50, 43, 35, 28, 35], "hlc": [921225, 5]}
INFO:<Node 1>:{"send": true, "recv": false, "from": 1, "to": 0, "vc": [31, 54, 31, 32, 41, 47, 42, 41, 26, 36], "hlc": [921226, 2]}
INFO:<Node 2>:{"send": true, "recv": false, "from": 2, "to": 8, "vc": [39, 50, 40, 34, 43, 50, 43, 35, 28, 38], "hlc": [921225, 7]}
INFO:<Node 3>:{"send": true, "recv": false, "from": 3, "to": 0, "vc": [30, 44, 34, 35, 39, 41, 38, 32, 24, 30], "hlc": [921226, 0]}
INFO:<Node 4>:{"send": true, "recv": false, "from": 4, "to": 5, "vc": [35, 48, 31, 32, 46, 46, 35, 33, 27, 35], "hlc": [921224, 7]}
INFO:<Node 5>:{"send": true, "recv": false, "from": 5, "to": 3, "vc": [35, 51, 37, 32, 45, 56, 42, 40, 31, 37], "hlc": [921225, 7]}
INFO:<Node 8>:{"send": true, "recv": false, "from": 8, "to": 5, "vc": [31, 44, 29, 32, 38, 47, 44, 37, 33, 37], "hlc": [921225, 6]}
INFO:<Node 0>:{"send": false, "recv": true, "to": 0, "from": 1, "vc": [41, 54, 34, 34, 41, 50, 43, 41, 28, 36], "hlc": [921226, 3]}
INFO:<Node 0>:{"send": false, "recv": true, "to": 0, "from": 3, "vc": [42, 54, 34, 35, 41, 50, 43, 41, 28, 36], "hlc": [921226, 4]}
INFO:<Node 1>:{"send": false, "recv": true, "to": 1, "from": 0, "vc": [40, 55, 34, 34, 41, 50, 43, 41, 28, 36], "hlc": [921227, 0]}
INFO:<Node 3>:{"send": false, "recv": true, "to": 3, "from": 5, "vc": [35, 51, 37, 36, 45, 56, 42, 40, 31, 37], "hlc": [921227, 0]}
INFO:<Node 5>:{"send": false, "recv": true, "to": 5, "from": 4, "vc": [35, 51, 37, 32, 46, 57, 42, 40, 31, 37], "hlc": [921225, 8]}
INFO:<Node 5>:{"send": false, "recv": true, "to": 5, "from": 8, "vc": [35, 51, 37, 32, 46, 58, 44, 40, 33, 37], "hlc": [921225, 9]}
INFO:<Node 8>:{"send": false, "recv": true, "to": 8, "from": 2, "vc": [39, 50, 40, 34, 43, 50, 44, 37, 34, 38], "hlc": [921225, 8]}
INFO:<Node 1>:{"send": true, "recv": false, "from": 1, "to": 3, "vc": [40, 56, 34, 34, 41, 50, 43, 41, 28, 36], "hlc": [921227, 1]}
INFO:<Node 2>:{"send": true, "recv": false, "from": 2, "to": 8, "vc": [39, 50, 41, 34, 43, 50, 43, 35, 28, 38], "hlc": [921226, 0]}
INFO:<Node 3>:{"send": true, "recv": false, "from": 3, "to": 5, "vc": [35, 51, 37, 37, 45, 56, 42, 40, 31, 37], "hlc": [921227, 1]}
INFO:<Node 5>:{"send": true, "recv": false, "from": 5, "to": 1, "vc": [35, 51, 37, 32, 46, 59, 44, 40, 33, 37], "hlc": [921225, 10]}
INFO:<Node 6>:{"send": true, "recv": false, "from": 6, "to": 2, "vc": [31, 44, 27, 28, 35, 41, 45, 35, 24, 30], "hlc": [921224, 7]}
INFO:<Node 7>:{"send": true, "recv": false, "from": 7, "to": 0, "vc": [31, 51, 31, 32, 41, 47, 42, 42, 26, 35], "hlc": [921227, 0]}
INFO:<Node 9>:{"send": true, "recv": false, "from": 9, "to": 3, "vc": [26, 42, 26, 28, 38, 40, 30, 26, 21, 39], "hlc": [921224, 0]}
INFO:<Node 0>:{"send": false, "recv": true, "to": 0, "from": 7, "vc": [43, 54, 34, 35, 41, 50, 43, 42, 28, 36], "hlc": [921227, 1]}
INFO:<Node 1>:{"send": false, "recv": true, "to": 1, "from": 5, "vc": [40, 57, 37, 34, 46, 59, 44, 41, 33, 37], "hlc": [921227, 2]}
INFO:<Node 2>:{"send": false, "recv": true, "to": 2, "from": 6, "vc": [39, 50, 42, 34, 43, 50, 45, 35, 28, 38], "hlc": [921226, 1]}
INFO:<Node 3>:{"send": false, "recv": true, "to": 3, "from": 1, "vc": [40, 56, 37, 38, 45, 56, 43, 41, 31, 37], "hlc": [921227, 2]}
INFO:<Node 3>:{"send": false, "recv": true, "to": 3, "from": 9, "vc": [40, 56, 37, 39, 45, 56, 43, 41, 31, 39], "hlc": [921227, 3]}
INFO:<Node 5>:{"send": false, "recv": true, "to": 5, "from": 3, "vc": [35, 51, 37, 37, 46, 60, 44, 40, 33, 37], "hlc": [921227, 2]}
INFO:<Node 8>:{"send": false, "recv": true, "to": 8, "from": 2, "vc": [39, 50, 41, 34, 43, 50, 44, 37, 35, 38], "hlc": [921226, 1]}
INFO:<Node 1>:{"send": true, "recv": false, "from": 1, "to": 9, "vc": [40, 58, 37, 34, 46, 59, 44, 41, 33, 37], "hlc": [921227, 3]}
INFO:<Node 4>:{"send": true, "recv": false, "from": 4, "to": 6, "vc": [35, 48, 31, 32, 47, 46, 35, 33, 27, 35], "hlc": [921225, 0]}
INFO:<Node 5>:{"send": true, "recv": false, "from": 5, "to": 6, "vc": [35, 51, 37, 37, 46, 61, 44, 40, 33, 37], "hlc": [921227, 3]}
INFO:<Node 6>:{"send": true, "recv": false, "from": 6, "to": 3, "vc": [31, 44, 27, 28, 35, 41, 46, 35, 24, 30], "hlc": [921225, 0]}
INFO:<Node 7>:{"send": true, "recv": false, "from": 7, "to": 4, "vc": [31, 51, 31, 32, 41, 47, 42, 43, 26, 35], "hlc": [921227, 1]}
INFO:<Node 8>:{"send": true, "recv": false, "from": 8, "to": 0, "vc": [39, 50, 41, 34, 43, 50, 44, 37, 36, 38], "hlc": [921226, 2]}
INFO:<Node 9>:{"send": true, "recv": false, "from": 9, "to": 5, "vc": [26, 42, 26, 28, 38, 40, 30, 26, 21, 40], "hlc": [921225, 0]}
INFO:<Node 0>:{"send": false, "recv": true, "to": 0, "from": 8, "vc": [44, 54, 41, 35, 43, 50, 44, 42, 36, 38], "hlc": [921227, 2]}
INFO:<Node 3>:{"send": false, "recv": true, "to": 3, "from": 6, "vc": [40, 56, 37, 40, 45, 56, 46, 41, 31, 39], "hlc": [921228, 0]}
INFO:<Node 4>:{"send": false, "recv": true, "to": 4, "from": 7, "vc": [35, 51, 31, 32, 48, 47, 42, 43, 27, 35], "hlc": [921227, 2]}
INFO:<Node 5>:{"send": false, "recv": true, "to": 5, "from": 9, "vc": [35, 51, 37, 37, 46, 62, 44, 40, 33, 40], "hlc": [921227, 4]}
INFO:<Node 6>:{"send": false, "recv": true, "to": 6, "from": 4, "vc": [35, 48, 31, 32, 47, 46, 47, 35, 27, 35], "hlc": [921225, 1]}
INFO:<Node 6>:{"send": false, "recv": true, "to": 6, "from": 5, "vc": [35, 51, 37, 37, 47, 61, 48, 40, 33, 37], "hlc": [921227, 4]}
INFO:<Node 9>:{"send": false, "recv": true, "to": 9, "from": 1, "vc": [40, 58, 37, 34, 46, 59, 44, 41, 33, 41], "hlc": [921227, 4]}
INFO:<Node 0>:{"send": true, "recv": false, "from": 0, "to": 8, "vc": [45, 54, 41, 35, 43, 50, 44, 42, 36, 38], "hlc": [921227, 3]}
INFO:<Node 1>:{"send": true, "recv": false, "from": 1, "to": 8, "vc": [40, 59, 37, 34, 46, 59, 44, 41, 33, 37], "hlc": [921228, 0]}
INFO:<Node 3>:{"send": true, "recv": false, "from": 3, "to": 9, "vc": [40, 56, 37, 41, 45, 56, 46, 41, 31, 39], "hlc": [921228, 1]}
INFO:<Node 6>:{"send": true, "recv": false, "from": 6, "to": 8, "vc": [35, 51, 37, 37, 47, 61, 49, 40, 33, 37], "hlc": [921227, 5]}
INFO:<Node 8>:{"send": true, "recv": false, "from": 8, "to": 5, "vc": [39, 50, 41, 34, 43, 50, 44, 37, 37, 38], "hlc": [921226, 3]}
INFO:<Node 5>:{"send": false, "recv": true, "to": 5, "from": 8, "vc": [39, 51, 41, 37, 46, 63, 44, 40, 37, 40], "hlc": [921227, 5]}
INFO:<Node 8>:{"send": false, "recv": true, "to": 8, "from": 0, "vc": [45, 54, 41, 35, 43, 50, 44, 42, 38, 38], "hlc": [921227, 4]}
INFO:<Node 8>:{"send": false, "recv": true, "to": 8, "from": 1, "vc": [45, 59, 41, 35, 46, 59, 44, 42, 39, 38], "hlc": [921228, 1]}
INFO:<Node 8>:{"send": false, "recv": true, "to": 8, "from": 6, "vc": [45, 59, 41, 37, 47, 61, 49, 42, 40, 38], "hlc": [921228, 2]}
INFO:<Node 9>:{"send": false, "recv": true, "to": 9, "from": 3, "vc": [40, 58, 37, 41, 46, 59, 46, 41, 33, 42], "hlc": [921228, 2]}
INFO:<Node 0>:{"send": true, "recv": false, "from": 0, "to": 1, "vc": [46, 54, 41, 35, 43, 50, 44, 42, 36, 38], "hlc": [921227, 4]}
INFO:<Node 1>:{"send": true, "recv": false, "from": 1, "to": 8, "vc": [40, 60, 37, 34, 46, 59, 44, 41, 33, 37], "hlc": [921228, 1]}
INFO:<Node 2>:{"send": true, "recv": false, "from": 2, "to": 6, "vc": [39, 50, 43, 34, 43, 50, 45, 35, 28, 38], "hlc": [921227, 0]}
INFO:<Node 4>:{"send": true, "recv": false, "from": 4, "to": 0, "vc": [35, 51, 31, 32, 49, 47, 42, 43, 27, 35], "hlc": [921227, 3]}
INFO:<Node 7>:{"send": true, "recv": false, "from": 7, "to": 2, "vc": [31, 51, 31, 32, 41, 47, 42, 44, 26, 35], "hlc": [921228, 0]}
INFO:<Node 8>:{"send": true, "recv": false, "from": 8, "to": 0, "vc": [45, 59, 41, 37, 47, 61, 49, 42, 41, 38], "hlc": [921228, 3]}
INFO:<Node 9>:{"send": true, "recv": false, "from": 9, "to": 5, "vc": [40, 58, 37, 41, 46, 59, 46, 41, 33, 43], "hlc": [921228, 3]}
INFO:<Node 0>:{"send": false, "recv": true, "to": 0, "from": 4, "vc": [47, 54, 41, 35, 49, 50, 44, 43, 36, 38], "hlc": [921228, 0]}
INFO:<Node 0>:{"send": false, "recv": true, "to": 0, "from": 8, "vc": [48, 59, 41, 37, 49, 61, 49, 43, 41, 38], "hlc": [921228, 4]}
INFO:<Node 1>:{"send": false, "recv": true, "to": 1, "from": 0, "vc": [46, 61, 41, 35, 46, 59, 44, 42, 36, 38], "hlc": [921229, 0]}
INFO:<Node 2>:{"send": false, "recv": true, "to": 2, "from": 7, "vc": [39, 51, 44, 34, 43, 50, 45, 44, 28, 38], "hlc": [921228, 1]}
INFO:<Node 5>:{"send": false, "recv": true, "to": 5, "from": 9, "vc": [40, 58, 41, 41, 46, 64, 46, 41, 37, 43], "hlc": [921228, 4]}
INFO:<Node 6>:{"send": false, "recv": true, "to": 6, "from": 2, "vc": [39, 51, 43, 37, 47, 61, 50, 40, 33, 38], "hlc": [921227, 6]}
INFO:<Node 8>:{"send": false, "recv": true, "to": 8, "from": 1, "vc": [45, 60, 41, 37, 47, 61, 49, 42, 42, 38], "hlc": [921228, 4]}
INFO:<Node 0>:{"send": true, "recv": false, "from": 0, "to": 4, "vc": [49, 59, 41, 37, 49, 61, 49, 43, 41, 38], "hlc": [921228, 5]}
INFO:<Node 2>:{"send": true, "recv": false, "from": 2, "to": 9, "vc": [39, 51, 45, 34, 43, 50, 45, 44, 28, 38], "hlc": [921228, 2]}
INFO:<Node 3>:{"send": true, "recv": false, "from": 3, "to": 7, "vc": [40, 56, 37, 42, 45, 56, 46, 41, 31, 39], "hlc": [921229, 0]}
INFO:<Node 4>:{"send": true, "recv": false, "from": 4, "to": 6, "vc": [35, 51, 31, 32, 50, 47, 42, 43, 27, 35], "hlc": [921227, 4]}
INFO:<Node 5>:{"send": true, "recv": false, "from": 5, "to": 0, "vc": [40, 58, 41, 41, 46, 65, 46, 41, 37, 43], "hlc": [921228, 5]}
INFO:<Node 6>:{"send": true, "recv": false, "from": 6, "to": 2, "vc": [39, 51, 43, 37, 47, 61, 51, 40, 33, 38], "hlc": [921227, 7]}
INFO:<Node 7>:{"send": true, "recv": false, "from": 7, "to": 0, "vc": [31, 51, 31, 32, 41, 47, 42, 45, 26, 35], "hlc": [921229, 0]}
INFO:<Node 8>:{"send": true, "recv": false, "from": 8, "to": 1, "vc": [45, 60, 41, 37, 47, 61, 49, 42, 43, 38], "hlc": [921228, 5]}
INFO:<Node 0>:{"send": false, "recv": true, "to": 0, "from": 5, "vc": [50, 59, 41, 41, 49, 65, 49, 43, 41, 43], "hlc": [921228, 6]}
INFO:<Node 0>:{"send": false, "recv": true, "to": 0, "from": 7, "vc": [51, 59, 41, 41, 49, 65, 49, 45, 41, 43], "hlc": [921229, 1]}
INFO:<Node 1>:{"send": false, "recv": true, "to": 1, "from": 8, "vc": [46, 62, 41, 37, 47, 61, 49, 42, 43, 38], "hlc": [921229, 1]}
INFO:<Node 2>:{"send": false, "recv": true, "to": 2, "from": 6, "vc": [39, 51, 46, 37, 47, 61, 51, 44, 33, 38], "hlc": [921228, 3]}
INFO:<Node 4>:{"send": false, "recv": true, "to": 4, "from": 0, "vc": [49, 59, 41, 37, 51, 61, 49, 43, 41, 38], "hlc": [921228, 6]}
INFO:<Node 6>:{"send": false, "recv": true, "to": 6, "from": 4, "vc": [39, 51, 43, 37, 50, 61, 52, 43, 33, 38], "hlc": [921227, 8]}
INFO:<Node 7>:{"send": false, "recv": true, "to": 7, "from": 3, "vc": [40, 56, 37, 42, 45, 56, 46, 46, 31, 39], "hlc": [921229, 1]}
INFO:<Node 9>:{"send": false, "recv": true, "to": 9, "from": 2, "vc": [40, 58, 45, 41, 46, 59, 46, 44, 33, 44], "hlc": [921228, 4]}
INFO:<Node 0>:{"send": true, "recv": false, "from": 0, "to": 6, "vc": [52, 59, 41, 41, 49, 65, 49, 45, 41, 43], "hlc": [921229, 2]}
INFO:<Node 4>:{"send": true, "recv": false, "from": 4, "to": 9, "vc": [49, 59, 41, 37, 52, 61, 49, 43, 41, 38], "hlc": [921228, 7]}
INFO:<Node 5>:{"send": true, "recv": false, "from": 5, "to": 8, "vc": [40, 58, 41, 41, 46, 66, 46, 41, 37, 43], "hlc": [921228, 6]}
INFO:<Node 7>:{"send": true, "recv": false, "from": 7, "to": 1, "vc": [40, 56, 37, 42, 45, 56, 46, 47, 31, 39], "hlc": [921229, 2]}
INFO:<Node 9>:{"send": true, "recv": false, "from": 9, "to": 4, "vc": [40, 58, 45, 41, 46, 59, 46, 44, 33, 45], "hlc": [921228, 5]}
INFO:<Node 1>:{"send": false, "recv": true, "to": 1, "from": 7, "vc": [46, 63, 41, 42, 47, 61, 49, 47, 43, 39], "hlc": [921230, 0]}
INFO:<Node 4>:{"send": false, "recv": true, "to": 4, "from": 9, "vc": [49, 59, 45, 41, 53, 61, 49, 44, 41, 45], "hlc": [921228, 8]}
INFO:<Node 6>:{"send": false, "recv": true, "to": 6, "from": 0, "vc": [52, 59, 43, 41, 50, 65, 53, 45, 41, 43], "hlc": [921229, 3]}
INFO:<Node 8>:{"send": false, "recv": true, "to": 8, "from": 5, "vc": [45, 60, 41, 41, 47, 66, 49, 42, 44, 43], "hlc": [921228, 7]}
INFO:<Node 9>:{"send": false, "recv": true, "to": 9, "from": 4, "vc": [49, 59, 45, 41, 52, 61, 49, 44, 41, 46], "hlc": [921228, 8]}
INFO:<Node 1>:{"send": true, "recv": false, "from": 1, "to": 3, "vc": [46, 64, 41, 42, 47, 61, 49, 47, 43, 39], "hlc": [921230, 1]}
INFO:<Node 3>:{"send": true, "recv": false, "from": 3, "to": 5, "vc": [40, 56, 37, 43, 45, 56, 46, 41, 31, 39], "hlc": [921230, 0]}
INFO:<Node 6>:{"send": true, "recv": false, "from": 6, "to": 7, "vc": [52, 59, 43, 41, 50, 65, 54, 45, 41, 43], "hlc": [921229, 4]}
INFO:<Node 8>:{"send": true, "recv": false, "from": 8, "to": 0, "vc": [45, 60, 41, 41, 47, 66, 49, 42, 45, 43], "hlc": [921228, 8]}
INFO:<Node 0>:{"send": false, "recv": true, "to": 0, "from": 8, "vc": [53, 60, 41, 41, 49, 66, 49, 45, 45, 43], "hlc": [921229, 3]}
INFO:<Node 3>:{"send": false, "recv": true, "to": 3, "from": 1, "vc": [46, 64, 41, 44, 47, 61, 49, 47, 43, 39], "hlc": [921230, 2]}
INFO:<Node 5>:{"send": false, "recv": true, "to": 5, "from": 3, "vc": [40, 58, 41, 43, 46, 67, 46, 41, 37, 43], "hlc": [921230, 1]}
INFO:<Node 7>:{"send": false, "recv": true, "to": 7, "from": 6, "vc": [52, 59, 43, 42, 50, 65, 54, 48, 41, 43], "hlc": [921230, 0]}
INFO:<Node 0>:{"send": true, "recv": false, "from": 0, "to": 2, "vc": [54, 60, 41, 41, 49, 66, 49, 45, 45, 43], "hlc": [921229, 4]}
INFO:<Node 1>:{"send": true, "recv": false, "from": 1, "to": 5, "vc": [46, 65, 41, 42, 47, 61, 49, 47, 43, 39], "hlc": [921230, 2]}
INFO:<Node 3>:{"send": true, "recv": false, "from": 3, "to": 9, "vc": [46, 64, 41, 45, 47, 61, 49, 47, 43, 39], "hlc": [921230, 3]}
INFO:<Node 4>:{"send": true, "recv": false, "from": 4, "to": 9, "vc": [49, 59, 45, 41, 54, 61, 49, 44, 41, 45], "hlc": [921228, 9]}
INFO:<Node 5>:{"send": true, "recv": false, "from": 5, "to": 7, "vc": [40, 58, 41, 43, 46, 68, 46, 41, 37, 43], "hlc": [921230, 2]}
INFO:<Node 6>:{"send": true, "recv": false, "from": 6, "to": 7, "vc": [52, 59, 43, 41, 50, 65, 55, 45, 41, 43], "hlc": [921229, 5]}
INFO:<Node 7>:{"send": true, "recv": false, "from": 7, "to": 8, "vc": [52, 59, 43, 42, 50, 65, 54, 49, 41, 43], "hlc": [921230, 1]}
INFO:<Node 8>:{"send": true, "recv": false, "from": 8, "to": 9, "vc": [45, 60, 41, 41, 47, 66, 49, 42, 46, 43], "hlc": [921229, 0]}
INFO:<Node 9>:{"send": true, "recv": false, "from": 9, "to": 3, "vc": [49, 59, 45, 41, 52, 61, 49, 44, 41, 47], "hlc": [921228, 9]}
INFO:<Node 2>:{"send": false, "recv": true, "to": 2, "from": 0, "vc": [54, 60, 47, 41, 49, 66, 51, 45, 45, 43], "hlc": [921230, 0]}
INFO:<Node 3>:{"send": false, "recv": true, "to": 3, "from": 9, "vc": [49, 64, 45, 46, 52, 61, 49, 47, 43, 47], "hlc": [921231, 0]}
INFO:<Node 5>:{"send": false, "recv": true, "to": 5, "from": 1, "vc": [46, 65, 41, 43, 47, 69, 49, 47, 43, 43], "hlc": [921230, 3]}
INFO:<Node 7>:{"send": false, "recv": true, "to": 7, "from": 5, "vc": [52, 59, 43, 43, 50, 68, 54, 50, 41, 43], "hlc": [921231, 0]}
INFO:<Node 7>:{"send": false, "recv": true, "to": 7, "from": 6, "vc": [52, 59, 43, 43, 50, 68, 55, 51, 41, 43], "hlc": [921231, 1]}
INFO:<Node 8>:{"send": false, "recv": true, "to": 8, "from": 7, "vc": [52, 60, 43, 42, 50, 66, 54, 49, 47, 43], "hlc": [921230, 2]}
INFO:<Node 9>:{"send": false, "recv": true, "to": 9, "from": 3, "vc": [49, 64, 45, 45, 52, 61, 49, 47, 43, 48], "hlc": [921230, 4]}
INFO:<Node 9>:{"send": false, "recv": true, "to": 9, "from": 4, "vc": [49, 64, 45, 45, 54, 61, 49, 47, 43, 49], "hlc": [921230, 5]}
INFO:<Node 9>:{"send": false, "recv": true, "to": 9, "from": 8, "vc": [49, 64, 45, 45, 54, 66, 49, 47, 46, 50], "hlc": [921230, 6]}
INFO:<Node 0>:{"send": true, "recv": false, "from": 0, "to": 7, "vc": [55, 60, 41, 41, 49, 66, 49, 45, 45, 43], "hlc": [921230, 0]}
INFO:<Node 3>:{"send": true, "recv": false, "from": 3, "to": 1, "vc": [49, 64, 45, 47, 52, 61, 49, 47, 43, 47], "hlc": [921231, 1]}
INFO:<Node 4>:{"send": true, "recv": false, "from": 4, "to": 9, "vc": [49, 59, 45, 41, 55, 61, 49, 44, 41, 45], "hlc": [921228, 10]}
INFO:<Node 8>:{"send": true, "recv": false, "from": 8, "to": 3, "vc": [52, 60, 43, 42, 50, 66, 54, 49, 48, 43], "hlc": [921230, 3]}
INFO:<Node 9>:{"send": true, "recv": false, "from": 9, "to": 1, "vc": [49, 64, 45, 45, 54, 66, 49, 47, 46, 51], "hlc": [921230, 7]}
INFO:<Node 1>:{"send": false, "recv": true, "to": 1, "from": 3, "vc": [49, 66, 45, 47, 52, 61, 49, 47, 43, 47], "hlc": [921231, 2]}
INFO:<Node 1>:{"send": false, "recv": true, "to": 1, "from": 9, "vc": [49, 67, 45, 47, 54, 66, 49, 47, 46, 51], "hlc": [921231, 3]}
INFO:<Node 3>:{"send": false, "recv": true, "to": 3, "from": 8, "vc": [52, 64, 45, 48, 52, 66, 54, 49, 48, 47], "hlc": [921231, 2]}
INFO:<Node 7>:{"send": false, "recv": true, "to": 7, "from": 0, "vc": [55, 60, 43, 43, 50, 68, 55, 52, 45, 43], "hlc": [921231, 2]}
INFO:<Node 9>:{"send": false, "recv": true, "to": 9, "from": 4, "vc": [49, 64, 45, 45, 55, 66, 49, 47, 46, 52], "hlc": [921230, 8]}
INFO:<Node 2>:{"send": true, "recv": false, "from": 2, "to": 3, "vc": [54, 60, 48, 41, 49, 66, 51, 45, 45, 43], "hlc": [921230, 1]}
INFO:<Node 3>:{"send": true, "recv": false, "from": 3, "to": 1, "vc": [52, 64, 45, 49, 52, 66, 54, 49, 48, 47], "hlc": [921231, 3]}
INFO:<Node 4>:{"send": true, "recv": false, "from": 4, "to": 0, "vc": [49, 59, 45, 41, 56, 61, 49, 44, 41, 45], "hlc": [921229, 0]}
INFO:<Node 5>:{"send": true, "recv": false, "from": 5, "to": 7, "vc": [46, 65, 41, 43, 47, 70, 49, 47, 43, 43], "hlc": [921230, 4]}
INFO:<Node 8>:{"send": true, "recv": false, "from": 8, "to": 0, "vc": [52, 60, 43, 42, 50, 66, 54, 49, 49, 43], "hlc": [921230, 4]}
INFO:<Node 9>:{"send": true, "recv": false, "from": 9, "to": 7, "vc": [49, 64, 45, 45, 55, 66, 49, 47, 46, 53], "hlc": [921230, 9]}
INFO:<Node 0>:{"send": false, "recv": true, "to": 0, "from": 4, "vc": [56, 60, 45, 41, 56, 66, 49, 45, 45, 45], "hlc": [921231, 0]}
INFO:<Node 0>:{"send": false, "recv": true, "to": 0, "from": 8, "vc": [57, 60, 45, 42, 56, 66, 54, 49, 49, 45], "hlc": [921231, 1]}
INFO:<Node 1>:{"send": false, "recv": true, "to": 1, "from": 3, "vc": [52, 68, 45, 49, 54, 66, 54, 49, 48, 51], "hlc": [921232, 0]}
INFO:<Node 3>:{"send": false, "recv": true, "to": 3, "from": 2, "vc": [54, 64, 48, 50, 52, 66, 54, 49, 48, 47], "hlc": [921232, 0]}
INFO:<Node 7>:{"send": false, "recv": true, "to": 7, "from": 5, "vc": [55, 65, 43, 43, 50, 70, 55, 53, 45, 43], "hlc": [921232, 0]}
INFO:<Node 7>:{"send": false, "recv": true, "to": 7, "from": 9, "vc": [55, 65, 45, 45, 55, 70, 55, 54, 46, 53], "hlc": [921232, 1]}
INFO:<Node 4>:{"send": true, "recv": false, "from": 4, "to": 0, "vc": [49, 59, 45, 41, 57, 61, 49, 44, 41, 45], "hlc": [921229, 1]}
INFO:<Node 6>:{"send": true, "recv": false, "from": 6, "to": 2, "vc": [52, 59, 43, 41, 50, 65, 56, 45, 41, 43], "hlc": [921229, 6]}
INFO:<Node 8>:{"send": true, "recv": false, "from": 8, "to": 4, "vc": [52, 60, 43, 42, 50, 66, 54, 49, 50, 43], "hlc": [921230, 5]}
INFO:<Node 0>:{"send": false, "recv": true, "to": 0, "from": 4, "vc": [58, 60, 45, 42, 57, 66, 54, 49, 49, 45], "hlc": [921231, 2]}
INFO:<Node 2>:{"send": false, "recv": true, "to": 2, "from": 6, "vc": [54, 60, 49, 41, 50, 66, 56, 45, 45, 43], "hlc": [921231, 0]}
INFO:<Node 4>:{"send": false, "recv": true, "to": 4, "from": 8, "vc": [52, 60, 45, 42, 58, 66, 54, 49, 50, 45], "hlc": [921230, 6]}
INFO:<Node 0>:{"send": true, "recv": false, "from": 0, "to": 7, "vc": [59, 60, 45, 42, 57, 66, 54, 49, 49, 45], "hlc": [921231, 3]}
INFO:<Node 2>:{"send": true, "recv": false, "from": 2, "to": 8, "vc": [54, 60, 50, 41, 50, 66, 56, 45, 45, 43], "hlc": [921231, 1]}
INFO:<Node 3>:{"send": true, "recv": false, "from": 3, "to": 8, "vc": [54, 64, 48, 51, 52, 66, 54, 49, 48, 47], "hlc": [921232, 1]}
INFO:<Node 4>:{"send": true, "recv": false, "from": 4, "to": 0, "vc": [52, 60, 45, 42, 59, 66, 54, 49, 50, 45], "hlc": [921230, 7]}
INFO:<Node 6>:{"send": true, "recv": false, "from": 6, "to": 7, "vc": [52, 59, 43, 41, 50, 65, 57, 45, 41, 43], "hlc": [921230, 0]}
INFO:<Node 7>:{"send": true, "recv": false, "from": 7, "to": 0, "vc": [55, 65, 45, 45, 55, 70, 55, 55, 46, 53], "hlc": [921232, 2]}
INFO:<Node 8>:{"send": true, "recv": false, "from": 8, "to": 0, "vc": [52, 60, 43, 42, 50, 66, 54, 49, 51, 43], "hlc": [921231, 0]}
INFO:<Node 0>:{"send": false, "recv": true, "to": 0, "from": 4, "vc": [60, 60, 45, 42, 59, 66, 54, 49, 50, 45], "hlc": [921232, 0]}
INFO:<Node 0>:{"send": false, "recv": true, "to": 0, "from": 7, "vc": [61, 65, 45, 45, 59, 70, 55, 55, 50, 53], "hlc": [921232, 3]}
INFO:<Node 0>:{"send": false, "recv": true, "to": 0, "from": 8, "vc": [62, 65, 45, 45, 59, 70, 55, 55, 51, 53], "hlc": [921232, 4]}
INFO:<Node 7>:{"send": false, "recv": true, "to": 7, "from": 0, "vc": [59, 65, 45, 45, 57, 70, 55, 56, 49, 53], "hlc": [921233, 0]}
INFO:<Node 7>:{"send": false, "recv": true, "to": 7, "from": 6, "vc": [59, 65, 45, 45, 57, 70, 57, 57, 49, 53], "hlc": [921233, 1]}
INFO:<Node 8>:{"send": false, "recv": true, "to": 8, "from": 2, "vc": [54, 60, 50, 42, 50, 66, 56, 49, 52, 43], "hlc": [921231, 2]}
INFO:<Node 8>:{"send": false, "recv": true, "to": 8, "from": 3, "vc": [54, 64, 50, 51, 52, 66, 56, 49, 53, 47], "hlc": [921232, 2]}
INFO:<Node 0>:{"send": true, "recv": false, "from": 0, "to": 8, "vc": [63, 65, 45, 45, 59, 70, 55, 55, 51, 53], "hlc": [921232, 5]}
INFO:<Node 1>:{"send": true, "recv": false, "from": 1, "to": 3, "vc": [52, 69, 45, 49, 54, 66, 54, 49, 48, 51], "hlc": [921233, 0]}
INFO:<Node 3>:{"send": true, "recv": false, "from": 3, "to": 8, "vc": [54, 64, 48, 52, 52, 66, 54, 49, 48, 47], "hlc": [921233, 0]}
INFO:<Node 5>:{"send": true, "recv": false, "from": 5, "to": 7, "vc": [46, 65, 41, 43, 47, 71, 49, 47, 43, 43], "hlc": [921230, 5]}
INFO:<Node 8>:{"send": true, "recv": false, "from": 8, "to": 3, "vc": [54, 64, 50, 51, 52, 66, 56, 49, 54, 47], "hlc": [921232, 3]}
INFO:<Node 9>:{"send": true, "recv": false, "from": 9, "to": 2, "vc": [49, 64, 45, 45, 55, 66, 49, 47, 46, 54], "hlc": [921230, 10]}
INFO:<Node 2>:{"send": false, "recv": true, "to": 2, "from": 9, "vc": [54, 64, 51, 45, 55, 66, 56, 47, 46, 54], "hlc": [921232, 0]}
INFO:<Node 3>:{"send": false, "recv": true, "to": 3, "from": 1, "vc": [54, 69, 48, 53, 54, 66, 54, 49, 48, 51], "hlc": [921233, 1]}
INFO:<Node 3>:{"send": false, "recv": true, "to": 3, "from": 8, "vc": [54, 69, 50, 54, 54, 66, 56, 49, 54, 51], "hlc": [921233, 2]}
INFO:<Node 7>:{"send": false, "recv": true, "to": 7, "from": 5, "vc": [59, 65, 45, 45, 57, 71, 57, 58, 49, 53], "hlc": [921233, 2]}
INFO:<Node 8>:{"send": false, "recv": true, "to": 8, "from": 0, "vc": [63, 65, 50, 51, 59, 70, 56, 55, 55, 53], "hlc": [921232, 6]}
INFO:<Node 8>:{"send": false, "recv": true, "to": 8, "from": 3, "vc": [63, 65, 50, 52, 59, 70, 56, 55, 56, 53], "hlc": [921233, 1]}
