INFO:root:Random workload: num sockets: 10, num iterations: 50, base address: 45900, chance of send: 3 in 5, round delay (s): 0.5, max clock drift (s): 1.5, actual clock drifts: [0.9597124974850475, 0.6468394492244554, -1.3016824811378456, 0.9856248029604497, 0.16959612478525798, 0.7963334911451918, -1.1794142461013, 0.24045884814160345, -1.3706571917734398, 0.862760447632974]
INFO:<Node 3>:{"send": true, "recv": false, "from": 3, "to": 1, "vc": [0, 0, 0, 1, 0, 0, 0, 0, 0, 0], "hlc": [921208, 0]}
INFO:<Node 5>:{"send": true, "recv": false, "from": 5, "to": 1, "vc": [0, 0, 0, 0, 0, 1, 0, 0, 0, 0], "hlc": [921208, 0]}
INFO:<Node 6>:{"send": true, "recv": false, "from": 6, "to": 0, "vc": [0, 0, 0, 0, 0, 0, 1, 0, 0, 0], "hlc": [921207, 1]}
INFO:<Node 7>:{"send": true, "recv": false, "from": 7, "to": 6, "vc": [0, 0, 0, 0, 0, 0, 0, 1, 0, 0], "hlc": [921207, 1]}
INFO:<Node 9>:{"send": true, "recv": false, "from": 9, "to": 3, "vc": [0, 0, 0, 0, 0, 0, 0, 0, 0, 1], "hlc": [921208, 0]}
INFO:<Node 0>:{"send": false, "recv": true, "to": 0, "from": 6, "vc": [1, 0, 0, 0, 0, 0, 1, 0, 0, 0], "hlc": [921208, 0]}
INFO:<Node 1>:{"send": false, "recv": true, "to": 1, "from": 3, "vc": [0, 1, 0, 1, 0, 0, 0, 0, 0, 0], "hlc": [921208, 1]}
INFO:<Node 1>:{"send": false, "recv": true, "to": 1, "from": 5, "vc": [0, 2, 0, 1, 0, 1, 0, 0, 0, 0], "hlc": [921208, 2]}
INFO:<Node 3>:{"send": false, "recv": true, "to": 3, "from": 9, "vc": [0, 0, 0, 2, 0, 0, 0, 0, 0, 1], "hlc": [921208, 1]}
INFO:<Node 6>:{"send": false, "recv": true, "to": 6, "from": 7, "vc": [0, 0, 0, 0, 0, 0, 2, 1, 0, 0], "hlc": [921207, 2]}
INFO:<Node 2>:{"send": true, "recv": false, "from": 2, "to": 3, "vc": [0, 0, 1, 0, 0, 0, 0, 0, 0, 0], "hlc": [921207, 1]}
INFO:<Node 6>:{"send": true, "recv": false, "from": 6, "to": 3, "vc": [0, 0, 0, 0, 0, 0, 3, 1, 0, 0], "hlc": [921207, 3]}
INFO:<Node 8>:{"send": true, "recv": false, "from": 8, "to": 1, "vc": [0, 0, 0, 0, 0, 0, 0, 0, 1, 0], "hlc": [921207, 1]}
INFO:<Node 1>:{"send": false, "recv": true, "to": 1, "from": 8, "vc": [0, 3, 0, 1, 0, 1, 0, 0, 1, 0], "hlc": [921209, 0]}
INFO:<Node 3>:{"send": false, "recv": true, "to": 3, "from": 2, "vc": [0, 0, 1, 3, 0, 0, 0, 0, 0, 1], "hlc": [921209, 0]}
INFO:<Node 3>:{"send": false, "recv": true, "to": 3, "from": 6, "vc": [0, 0, 1, 4, 0, 0, 3, 1, 0, 1], "hlc": [921209, 1]}
INFO:<Node 1>:{"send": true, "recv": false, "from": 1, "to": 9, "vc": [0, 4, 0, 1, 0, 1, 0, 0, 1, 0], "hlc": [921209, 1]}
INFO:<Node 4>:{"send": true, "recv": false, "from": 4, "to": 1, "vc": [0, 0, 0, 0, 1, 0, 0, 0, 0, 0], "hlc": [921208, 0]}
INFO:<Node 5>:{"send": true, "recv": false, "from": 5, "to": 2, "vc": [0, 0, 0, 0, 0, 2, 0, 0, 0, 0], "hlc": [921209, 0]}
INFO:<Node 6>:{"send": true, "recv": false, "from": 6, "to": 4, "vc": [0, 0, 0, 0, 0, 0, 4, 1, 0, 0], "hlc": [921207, 4]}
INFO:<Node 8>:{"send": true, "recv": false, "from": 8, "to": 7, "vc": [0, 0, 0, 0, 0, 0, 0, 0, 2, 0], "hlc": [921207, 2]}
INFO:<Node 9>:{"send": true, "recv": false, "from": 9, "to": 4, "vc": [0, 0, 0, 0, 0, 0, 0, 0, 0, 2], "hlc": [921209, 0]}
INFO:<Node 1>:{"send": false, "recv": true, "to": 1, "from": 4, "vc": [0, 5, 0, 1, 1, 1, 0, 0, 1, 0], "hlc": [921209, 2]}
INFO:<Node 2>:{"send": false, "recv": true, "to": 2, "from": 5, "vc": [0, 0, 2, 0, 0, 2, 0, 0, 0, 0], "hlc": [921209, 1]}
INFO:<Node 4>:{"send": false, "recv": true, "to": 4, "from": 6, "vc": [0, 0, 0, 0, 2, 0, 4, 1, 0, 0], "hlc": [921209, 0]}
INFO:<Node 4>:{"send": false, "recv": true, "to": 4, "from": 9, "vc": [0, 0, 0, 0, 3, 0, 4, 1, 0, 2], "hlc": [921209, 1]}
INFO:<Node 7>:{"send": false, "recv": true, "to": 7, "from": 8, "vc": [0, 0, 0, 0, 0, 0, 0, 2, 2, 0], "hlc": [921209, 0]}
INFO:<Node 9>:{"send": false, "recv": true, "to": 9, "from": 1, "vc": [0, 4, 0, 1, 0, 1, 0, 0, 1, 3], "hlc": [921209, 2]}
INFO:<Node 0>:{"send": true, "recv": false, "from": 0, "to": 1, "vc": [2, 0, 0, 0, 0, 0, 1, 0, 0, 0], "hlc": [921209, 0]}
INFO:<Node 1>:{"send": true, "recv": false, "from": 1, "to": 7, "vc": [0, 6, 0, 1, 1, 1, 0, 0, 1, 0], "hlc": [921209, 3]}
INFO:<Node 3>:{"send": true, "recv": false, "from": 3, "to": 8, "vc": [0, 0, 1, 5, 0, 0, 3, 1, 0, 1], "hlc": [921209, 2]}
INFO:<Node 4>:{"send": true, "recv": false, "from": 4, "to": 2, "vc": [0, 0, 0, 0, 4, 0, 4, 1, 0, 2], "hlc": [921209, 2]}
INFO:<Node 6>:{"send": true, "recv": false, "from": 6, "to": 1, "vc": [0, 0, 0, 0, 0, 0, 5, 1, 0, 0], "hlc": [921207, 5]}
INFO:<Node 7>:{"send": true, "recv": false, "from": 7, "to": 4, "vc": [0, 0, 0, 0, 0, 0, 0, 3, 2, 0], "hlc": [921209, 1]}
INFO:<Node 9>:{"send": true, "recv": false, "from": 9, "to": 8, "vc": [0, 4, 0, 1, 0, 1, 0, 0, 1, 4], "hlc": [921209, 3]}
INFO:<Node 1>:{"send": false, "recv": true, "to": 1, "from": 0, "vc": [2, 7, 0, 1, 1, 1, 1, 0, 1, 0], "hlc": [921210, 0]}
INFO:<Node 1>:{"send": false, "recv": true, "to": 1, "from": 6, "vc": [2, 8, 0, 1, 1, 1, 5, 1, 1, 0], "hlc": [921210, 1]}
INFO:<Node 2>:{"send": false, "recv": true, "to": 2, "from": 4, "vc": [0, 0, 3, 0, 4, 2, 4, 1, 0, 2], "hlc": [921209, 3]}
INFO:<Node 4>:{"send": false, "recv": true, "to": 4, "from": 7, "vc": [0, 0, 0, 0, 5, 0, 4, 3, 2, 2], "hlc": [921209, 3]}
INFO:<Node 7>:{"send": false, "recv": true, "to": 7, "from": 1, "vc": [0, 6, 0, 1, 1, 1, 0, 4, 2, 0], "hlc": [921209, 4]}
INFO:<Node 8>:{"send": false, "recv": true, "to": 8, "from": 3, "vc": [0, 0, 1, 5, 0, 0, 3, 1, 3, 1], "hlc": [921209, 3]}
INFO:<Node 8>:{"send": false, "recv": true, "to": 8, "from": 9, "vc": [0, 4, 1, 5, 0, 1, 3, 1, 4, 4], "hlc": [921209, 4]}
INFO:<Node 1>:{"send": true, "recv": false, "from": 1, "to": 0, "vc": [2, 9, 0, 1, 1, 1, 5, 1, 1, 0], "hlc": [921210, 2]}
INFO:<Node 2>:{"send": true, "recv": false, "from": 2, "to": 1, "vc": [0, 0, 4, 0, 4, 2, 4, 1, 0, 2], "hlc": [921209, 4]}
INFO:<Node 3>:{"send": true, "recv": false, "from": 3, "to": 6, "vc": [0, 0, 1, 6, 0, 0, 3, 1, 0, 1], "hlc": [921210, 0]}
INFO:<Node 4>:{"send": true, "recv": false, "from": 4, "to": 6, "vc": [0, 0, 0, 0, 6, 0, 4, 3, 2, 2], "hlc": [921209, 4]}
INFO:<Node 7>:{"send": true, "recv": false, "from": 7, "to": 2, "vc": [0, 6, 0, 1, 1, 1, 0, 5, 2, 0], "hlc": [921209, 5]}
INFO:<Node 0>:{"send": false, "recv": true, "to": 0, "from": 1, "vc": [3, 9, 0, 1, 1, 1, 5, 1, 1, 0], "hlc": [921210, 3]}
INFO:<Node 1>:{"send": false, "recv": true, "to": 1, "from": 2, "vc": [2, 10, 4, 1, 4, 2, 5, 1, 1, 2], "hlc": [921210, 3]}
INFO:<Node 2>:{"send": false, "recv": true, "to": 2, "from": 7, "vc": [0, 6, 5, 1, 4, 2, 4, 5, 2, 2], "hlc": [921209, 6]}
INFO:<Node 6>:{"send": false, "recv": true, "to": 6, "from": 3, "vc": [0, 0, 1, 6, 0, 0, 6, 1, 0, 1], "hlc": [921210, 1]}
INFO:<Node 6>:{"send": false, "recv": true, "to": 6, "from": 4, "vc": [0, 0, 1, 6, 6, 0, 7, 3, 2, 2], "hlc": [921210, 2]}
INFO:<Node 0>:{"send": true, "recv": false, "from": 0, "to": 1, "vc": [4, 9, 0, 1, 1, 1, 5, 1, 1, 0], "hlc": [921210, 4]}
INFO:<Node 1>:{"send": true, "recv": false, "from": 1, "to": 9, "vc": [2, 11, 4, 1, 4, 2, 5, 1, 1, 2], "hlc": [921210, 4]}
INFO:<Node 2>:{"send": true, "recv": false, "from": 2, "to": 9, "vc": [0, 6, 6, 1, 4, 2, 4, 5, 2, 2], "hlc": [921209, 7]}
INFO:<Node 4>:{"send": true, "recv": false, "from": 4, "to": 5, "vc": [0, 0, 0, 0, 7, 0, 4, 3, 2, 2], "hlc": [921210, 0]}
INFO:<Node 6>:{"send": true, "recv": false, "from": 6, "to": 1, "vc": [0, 0, 1, 6, 6, 0, 8, 3, 2, 2], "hlc": [921210, 3]}
INFO:<Node 7>:{"send": true, "recv": false, "from": 7, "to": 1, "vc": [0, 6, 0, 1, 1, 1, 0, 6, 2, 0], "hlc": [921210, 0]}
INFO:<Node 1>:{"send": false, "recv": true, "to": 1, "from": 0, "vc": [4, 12, 4, 1, 4, 2, 5, 1, 1, 2], "hlc": [921211, 0]}
INFO:<Node 1>:{"send": false, "recv": true, "to": 1, "from": 6, "vc": [4, 13, 4, 6, 6, 2, 8, 3, 2, 2], "hlc": [921211, 1]}
INFO:<Node 1>:{"send": false, "recv": true, "to": 1, "from": 7, "vc": [4, 14, 4, 6, 6, 2, 8, 6, 2, 2], "hlc": [921211, 2]}
INFO:<Node 5>:{"send": false, "recv": true, "to": 5, "from": 4, "vc": [0, 0, 0, 0, 7, 3, 4, 3, 2, 2], "hlc": [921211, 0]}
INFO:<Node 9>:{"send": false, "recv": true, "to": 9, "from": 1, "vc": [2, 11, 4, 1, 4, 2, 5, 1, 1, 5], "hlc": [921211, 0]}
INFO:<Node 9>:{"send": false, "recv": true, "to": 9, "from": 2, "vc": [2, 11, 6, 1, 4, 2, 5, 5, 2, 6], "hlc": [921211, 1]}
INFO:<Node 0>:{"send": true, "recv": false, "from": 0, "to": 4, "vc": [5, 9, 0, 1, 1, 1, 5, 1, 1, 0], "hlc": [921211, 0]}
INFO:<Node 1>:{"send": true, "recv": false, "from": 1, "to": 2, "vc": [4, 15, 4, 6, 6, 2, 8, 6, 2, 2], "hlc": [921211, 3]}
INFO:<Node 3>:{"send": true, "recv": false, "from": 3, "to": 9, "vc": [0, 0, 1, 7, 0, 0, 3, 1, 0, 1], "hlc": [921211, 0]}
INFO:<Node 4>:{"send": true, "recv": false, "from": 4, "to": 7, "vc": [0, 0, 0, 0, 8, 0, 4, 3, 2, 2], "hlc": [921210, 1]}
INFO:<Node 7>:{"send": true, "recv": false, "from": 7, "to": 2, "vc": [0, 6, 0, 1, 1, 1, 0, 7, 2, 0], "hlc": [921210, 1]}
INFO:<Node 9>:{"send": true, "recv": false, "from": 9, "to": 1, "vc": [2, 11, 6, 1, 4, 2, 5, 5, 2, 7], "hlc": [921211, 2]}
INFO:<Node 1>:{"send": false, "recv": true, "to": 1, "from": 9, "vc": [4, 16, 6, 6, 6, 2, 8, 6, 2, 7], "hlc": [921211, 4]}
INFO:<Node 2>:{"send": false, "recv": true, "to": 2, "from": 1, "vc": [4, 15, 7, 6, 6, 2, 8, 6, 2, 2], "hlc": [921211, 4]}
INFO:<Node 2>:{"send": false, "recv": true, "to": 2, "from": 7, "vc": [4, 15, 8, 6, 6, 2, 8, 7, 2, 2], "hlc": [921211, 5]}
INFO:<Node 4>:{"send": false, "recv": true, "to": 4, "from": 0, "vc": [5, 9, 0, 1, 9, 1, 5, 3, 2, 2], "hlc": [921211, 1]}
INFO:<Node 7>:{"send": false, "recv": true, "to": 7, "from": 4, "vc": [0, 6, 0, 1, 8, 1, 4, 8, 2, 2], "hlc": [921211, 0]}
INFO:<Node 9>:{"send": false, "recv": true, "to": 9, "from": 3, "vc": [2, 11, 6, 7, 4, 2, 5, 5, 2, 8], "hlc": [921211, 3]}
INFO:<Node 0>:{"send": true, "recv": false, "from": 0, "to": 5, "vc": [6, 9, 0, 1, 1, 1, 5, 1, 1, 0], "hlc": [921211, 1]}
INFO:<Node 3>:{"send": true, "recv": false, "from": 3, "to": 1, "vc": [0, 0, 1, 8, 0, 0, 3, 1, 0, 1], "hlc": [921211, 1]}
INFO:<Node 4>:{"send": true, "recv": false, "from": 4, "to": 1, "vc": [5, 9, 0, 1, 10, 1, 5, 3, 2, 2], "hlc": [921211, 2]}
INFO:<Node 5>:{"send": true, "recv": false, "from": 5, "to": 6, "vc": [0, 0, 0, 0, 7, 4, 4, 3, 2, 2], "hlc": [921211, 1]}
INFO:<Node 6>:{"send": true, "recv": false, "from": 6, "to": 5, "vc": [0, 0, 1, 6, 6, 0, 9, 3, 2, 2], "hlc": [921210, 4]}
INFO:<Node 7>:{"send": true, "recv": false, "from": 7, "to": 6, "vc": [0, 6, 0, 1, 8, 1, 4, 9, 2, 2], "hlc": [921211, 1]}
INFO:<Node 9>:{"send": true, "recv": false, "from": 9, "to": 7, "vc": [2, 11, 6, 7, 4, 2, 5, 5, 2, 9], "hlc": [921211, 4]}
INFO:<Node 1>:{"send": false, "recv": true, "to": 1, "from": 3, "vc": [4, 17, 6, 8, 6, 2, 8, 6, 2, 7], "hlc": [921212, 0]}
INFO:<Node 1>:{"send": false, "recv": true, "to": 1, "from": 4, "vc": [5, 18, 6, 8, 10, 2, 8, 6, 2, 7], "hlc": [921212, 1]}
INFO:<Node 5>:{"send": false, "recv": true, "to": 5, "from": 0, "vc": [6, 9, 0, 1, 7, 5, 5, 3, 2, 2], "hlc": [921212, 0]}
INFO:<Node 5>:{"send": false, "recv": true, "to": 5, "from": 6, "vc": [6, 9, 1, 6, 7, 6, 9, 3, 2, 2], "hlc": [921212, 1]}
INFO:<Node 6>:{"send": false, "recv": true, "to": 6, "from": 5, "vc": [0, 0, 1, 6, 7, 4, 10, 3, 2, 2], "hlc": [921211, 2]}
INFO:<Node 6>:{"send": false, "recv": true, "to": 6, "from": 7, "vc": [0, 6, 1, 6, 8, 4, 11, 9, 2, 2], "hlc": [921211, 3]}
INFO:<Node 7>:{"send": false, "recv": true, "to": 7, "from": 9, "vc": [2, 11, 6, 7, 8, 2, 5, 10, 2, 9], "hlc": [921211, 5]}
INFO:<Node 0>:{"send": true, "recv": false, "from": 0, "to": 6, "vc": [7, 9, 0, 1, 1, 1, 5, 1, 1, 0], "hlc": [921212, 0]}
INFO:<Node 1>:{"send": true, "recv": false, "from": 1, "to": 7, "vc": [5, 19, 6, 8, 10, 2, 8, 6, 2, 7], "hlc": [921212, 2]}
INFO:<Node 3>:{"send": true, "recv": false, "from": 3, "to": 7, "vc": [0, 0, 1, 9, 0, 0, 3, 1, 0, 1], "hlc": [921212, 0]}
INFO:<Node 7>:{"send": true, "recv": false, "from": 7, "to": 2, "vc": [2, 11, 6, 7, 8, 2, 5, 11, 2, 9], "hlc": [921211, 6]}
INFO:<Node 8>:{"send": true, "recv": false, "from": 8, "to": 3, "vc": [0, 4, 1, 5, 0, 1, 3, 1, 5, 4], "hlc": [921210, 0]}
INFO:<Node 2>:{"send": false, "recv": true, "to": 2, "from": 7, "vc": [4, 15, 9, 7, 8, 2, 8, 11, 2, 9], "hlc": [921211, 7]}
INFO:<Node 3>:{"send": false, "recv": true, "to": 3, "from": 8, "vc": [0, 4, 1, 10, 0, 1, 3, 1, 5, 4], "hlc": [921212, 1]}
INFO:<Node 6>:{"send": false, "recv": true, "to": 6, "from": 0, "vc": [7, 9, 1, 6, 8, 4, 12, 9, 2, 2], "hlc": [921212, 1]}
INFO:<Node 7>:{"send": false, "recv": true, "to": 7, "from": 1, "vc": [5, 19, 6, 8, 10, 2, 8, 12, 2, 9], "hlc": [921212, 3]}
INFO:<Node 7>:{"send": false, "recv": true, "to": 7, "from": 3, "vc": [5, 19, 6, 9, 10, 2, 8, 13, 2, 9], "hlc": [921212, 4]}
INFO:<Node 2>:{"send": true, "recv": false, "from": 2, "to": 5, "vc": [4, 15, 10, 7, 8, 2, 8, 11, 2, 9], "hlc": [921211, 8]}
INFO:<Node 4>:{"send": true, "recv": false, "from": 4, "to": 3, "vc": [5, 9, 0, 1, 11, 1, 5, 3, 2, 2], "hlc": [921212, 0]}
INFO:<Node 7>:{"send": true, "recv": false, "from": 7, "to": 1, "vc": [5, 19, 6, 9, 10, 2, 8, 14, 2, 9], "hlc": [921212, 5]}
INFO:<Node 1>:{"send": false, "recv": true, "to": 1, "from": 7, "vc": [5, 20, 6, 9, 10, 2, 8, 14, 2, 9], "hlc": [921213, 0]}
INFO:<Node 3>:{"send": false, "recv": true, "to": 3, "from": 4, "vc": [5, 9, 1, 11, 11, 1, 5, 3, 5, 4], "hlc": [921213, 0]}
INFO:<Node 5>:{"send": false, "recv": true, "to": 5, "from": 2, "vc": [6, 15, 10, 7, 8, 7, 9, 11, 2, 9], "hlc": [921213, 0]}
INFO:<Node 1>:{"send": true, "recv": false, "from": 1, "to": 3, "vc": [5, 21, 6, 9, 10, 2, 8, 14, 2, 9], "hlc": [921213, 1]}
INFO:<Node 2>:{"send": true, "recv": false, "from": 2, "to": 8, "vc": [4, 15, 11, 7, 8, 2, 8, 11, 2, 9], "hlc": [921211, 9]}
INFO:<Node 3>:{"send": true, "recv": false, "from": 3, "to": 5, "vc": [5, 9, 1, 12, 11, 1, 5, 3, 5, 4], "hlc": [921213, 1]}
INFO:<Node 4>:{"send": true, "recv": false, "from": 4, "to": 7, "vc": [5, 9, 0, 1, 12, 1, 5, 3, 2, 2], "hlc": [921212, 1]}
INFO:<Node 7>:{"send": true, "recv": false, "from": 7, "to": 4, "vc": [5, 19, 6, 9, 10, 2, 8, 15, 2, 9], "hlc": [921212, 6]}
INFO:<Node 8>:{"send": true, "recv": false, "from": 8, "to": 5, "vc": [0, 4, 1, 5, 0, 1, 3, 1, 6, 4], "hlc": [921211, 0]}
INFO:<Node 9>:{"send": true, "recv": false, "from": 9, "to": 3, "vc": [2, 11, 6, 7, 4, 2, 5, 5, 2, 10], "hlc": [921213, 0]}
INFO:<Node 3>:{"send": false, "recv": true, "to": 3, "from": 1, "vc": [5, 21, 6, 13, 11, 2, 8, 14, 5, 9], "hlc": [921214, 0]}
INFO:<Node 3>:{"send": false, "recv": true, "to": 3, "from": 9, "vc": [5, 21, 6, 14, 11, 2, 8, 14, 5, 10], "hlc": [921214, 1]}
INFO:<Node 4>:{"send": false, "recv": true, "to": 4, "from": 7, "vc": [5, 19, 6, 9, 13, 2, 8, 15, 2, 9], "hlc": [921213, 0]}
INFO:<Node 5>:{"send": false, "recv": true, "to": 5, "from": 3, "vc": [6, 15, 10, 12, 11, 8, 9, 11, 5, 9], "hlc": [921213, 2]}
INFO:<Node 5>:{"send": false, "recv": true, "to": 5, "from": 8, "vc": [6, 15, 10, 12, 11, 9, 9, 11, 6, 9], "hlc": [921213, 3]}
INFO:<Node 7>:{"send": false, "recv": true, "to": 7, "from": 4, "vc": [5, 19, 6, 9, 12, 2, 8, 16, 2, 9], "hlc": [921213, 0]}
INFO:<Node 8>:{"send": false, "recv": true, "to": 8, "from": 2, "vc": [4, 15, 11, 7, 8, 2, 8, 11, 7, 9], "hlc": [921211, 10]}
INFO:<Node 1>:{"send": true, "recv": false, "from": 1, "to": 3, "vc": [5, 22, 6, 9, 10, 2, 8, 14, 2, 9], "hlc": [921213, 2]}
INFO:<Node 2>:{"send": true, "recv": false, "from": 2, "to": 4, "vc": [4, 15, 12, 7, 8, 2, 8, 11, 2, 9], "hlc": [921211, 10]}
INFO:<Node 3>:{"send": true, "recv": false, "from": 3, "to": 5, "vc": [5, 21, 6, 15, 11, 2, 8, 14, 5, 10], "hlc": [921214, 2]}
INFO:<Node 4>:{"send": true, "recv": false, "from": 4, "to": 0, "vc": [5, 19, 6, 9, 14, 2, 8, 15, 2, 9], "hlc": [921213, 1]}
INFO:<Node 5>:{"send": true, "recv": false, "from": 5, "to": 9, "vc": [6, 15, 10, 12, 11, 10, 9, 11, 6, 9], "hlc": [921213, 4]}
INFO:<Node 6>:{"send": true, "recv": false, "from": 6, "to": 3, "vc": [7, 9, 1, 6, 8, 4, 13, 9, 2, 2], "hlc": [921212, 2]}
INFO:<Node 7>:{"send": true, "recv": false, "from": 7, "to": 9, "vc": [5, 19, 6, 9, 12, 2, 8, 17, 2, 9], "hlc": [921213, 1]}
INFO:<Node 8>:{"send": true, "recv": false, "from": 8, "to": 5, "vc": [4, 15, 11, 7, 8, 2, 8, 11, 8, 9], "hlc": [921211, 11]}
INFO:<Node 9>:{"send": true, "recv": false, "from": 9, "to": 3, "vc": [2, 11, 6, 7, 4, 2, 5, 5, 2, 11], "hlc": [921213, 1]}
INFO:<Node 0>:{"send": false, "recv": true, "to": 0, "from": 4, "vc": [8, 19, 6, 9, 14, 2, 8, 15, 2, 9], "hlc": [921214, 0]}
INFO:<Node 3>:{"send": false, "recv": true, "to": 3, "from": 1, "vc": [5, 22, 6, 16, 11, 2, 8, 14, 5, 10], "hlc": [921214, 3]}
INFO:<Node 3>:{"send": false, "recv": true, "to": 3, "from": 6, "vc": [7, 22, 6, 17, 11, 4, 13, 14, 5, 10], "hlc": [921214, 4]}
INFO:<Node 3>:{"send": false, "recv": true, "to": 3, "from": 9, "vc": [7, 22, 6, 18, 11, 4, 13, 14, 5, 11], "hlc": [921214, 5]}
INFO:<Node 4>:{"send": false, "recv": true, "to": 4, "from": 2, "vc": [5, 19, 12, 9, 15, 2, 8, 15, 2, 9], "hlc": [921213, 2]}
INFO:<Node 5>:{"send": false, "recv": true, "to": 5, "from": 3, "vc": [6, 21, 10, 15, 11, 11, 9, 14, 6, 10], "hlc": [921214, 3]}
INFO:<Node 5>:{"send": false, "recv": true, "to": 5, "from": 8, "vc": [6, 21, 11, 15, 11, 12, 9, 14, 8, 10], "hlc": [921214, 4]}
INFO:<Node 9>:{"send": false, "recv": true, "to": 9, "from": 5, "vc": [6, 15, 10, 12, 11, 10, 9, 11, 6, 12], "hlc": [921214, 0]}
INFO:<Node 9>:{"send": false, "recv": true, "to": 9, "from": 7, "vc": [6, 19, 10, 12, 12, 10, 9, 17, 6, 13], "hlc": [921214, 1]}
INFO:<Node 0>:{"send": true, "recv": false, "from": 0, "to": 7, "vc": [9, 19, 6, 9, 14, 2, 8, 15, 2, 9], "hlc": [921214, 1]}
INFO:<Node 2>:{"send": true, "recv": false, "from": 2, "to": 8, "vc": [4, 15, 13, 7, 8, 2, 8, 11, 2, 9], "hlc": [921212, 0]}
INFO:<Node 3>:{"send": true, "recv": false, "from": 3, "to": 1, "vc": [7, 22, 6, 19, 11, 4, 13, 14, 5, 11], "hlc": [921214, 6]}
INFO:<Node 5>:{"send": true, "recv": false, "from": 5, "to": 9, "vc": [6, 21, 11, 15, 11, 13, 9, 14, 8, 10], "hlc": [921214, 5]}
INFO:<Node 6>:{"send": true, "recv": false, "from": 6, "to": 2, "vc": [7, 9, 1, 6, 8, 4, 14, 9, 2, 2], "hlc": [921212, 3]}
INFO:<Node 9>:{"send": true, "recv": false, "from": 9, "to": 2, "vc": [6, 19, 10, 12, 12, 10, 9, 17, 6, 14], "hlc": [921214, 2]}
INFO:<Node 1>:{"send": false, "recv": true, "to": 1, "from": 3, "vc": [7, 23, 6, 19, 11, 4, 13, 14, 5, 11], "hlc": [921214, 7]}
INFO:<Node 2>:{"send": false, "recv": true, "to": 2, "from": 6, "vc": [7, 15, 14, 7, 8, 4, 14, 11, 2, 9], "hlc": [921212, 4]}
INFO:<Node 2>:{"send": false, "recv": true, "to": 2, "from": 9, "vc": [7, 19, 15, 12, 12, 10, 14, 17, 6, 14], "hlc": [921214, 3]}
INFO:<Node 7>:{"send": false, "recv": true, "to": 7, "from": 0, "vc": [9, 19, 6, 9, 14, 2, 8, 18, 2, 9], "hlc": [921214, 2]}
INFO:<Node 8>:{"send": false, "recv": true, "to": 8, "from": 2, "vc": [4, 15, 13, 7, 8, 2, 8, 11, 9, 9], "hlc": [921212, 1]}
INFO:<Node 9>:{"send": false, "recv": true, "to": 9, "from": 5, "vc": [6, 21, 11, 15, 12, 13, 9, 17, 8, 15], "hlc": [921214, 6]}
INFO:<Node 5>:{"send": true, "recv": false, "from": 5, "to": 7, "vc": [6, 21, 11, 15, 11, 14, 9, 14, 8, 10], "hlc": [921214, 6]}
INFO:<Node 6>:{"send": true, "recv": false, "from": 6, "to": 5, "vc": [7, 9, 1, 6, 8, 4, 15, 9, 2, 2], "hlc": [921212, 4]}
INFO:<Node 7>:{"send": true, "recv": false, "from": 7, "to": 6, "vc": [9, 19, 6, 9, 14, 2, 8, 19, 2, 9], "hlc": [921214, 3]}
INFO:<Node 9>:{"send": true, "recv": false, "from": 9, "to": 2, "vc": [6, 21, 11, 15, 12, 13, 9, 17, 8, 16], "hlc": [921214, 7]}
INFO:<Node 2>:{"send": false, "recv": true, "to": 2, "from": 9, "vc": [7, 21, 16, 15, 12, 13, 14, 17, 8, 16], "hlc": [921214, 8]}
INFO:<Node 5>:{"send": false, "recv": true, "to": 5, "from": 6, "vc": [7, 21, 11, 15, 11, 15, 15, 14, 8, 10], "hlc": [921215, 0]}
INFO:<Node 6>:{"send": false, "recv": true, "to": 6, "from": 7, "vc": [9, 19, 6, 9, 14, 4, 16, 19, 2, 9], "hlc": [921214, 4]}
INFO:<Node 7>:{"send": false, "recv": true, "to": 7, "from": 5, "vc": [9, 21, 11, 15, 14, 14, 9, 20, 8, 10], "hlc": [921214, 7]}
INFO:<Node 0>:{"send": true, "recv": false, "from": 0, "to": 9, "vc": [10, 19, 6, 9, 14, 2, 8, 15, 2, 9], "hlc": [921215, 0]}
INFO:<Node 1>:{"send": true, "recv": false, "from": 1, "to": 6, "vc": [7, 24, 6, 19, 11, 4, 13, 14, 5, 11], "hlc": [921215, 0]}
INFO:<Node 2>:{"send": true, "recv": false, "from": 2, "to": 3, "vc": [7, 21, 17, 15, 12, 13, 14, 17, 8, 16], "hlc": [921214, 9]}
INFO:<Node 5>:{"send": true, "recv": false, "from": 5, "to": 4, "vc": [7, 21, 11, 15, 11, 16, 15, 14, 8, 10], "hlc": [921215, 1]}
INFO:<Node 6>:{"send": true, "recv": false, "from": 6, "to": 9, "vc": [9, 19, 6, 9, 14, 4, 17, 19, 2, 9], "hlc": [921214, 5]}
INFO:<Node 7>:{"send": true, "recv": false, "from": 7, "to": 0, "vc": [9, 21, 11, 15, 14, 14, 9, 21, 8, 10], "hlc": [921214, 8]}
INFO:<Node 8>:{"send": true, "recv": false, "from": 8, "to": 0, "vc": [4, 15, 13, 7, 8, 2, 8, 11, 10, 9], "hlc": [921213, 0]}
INFO:<Node 0>:{"send": false, "recv": true, "to": 0, "from": 7, "vc": [11, 21, 11, 15, 14, 14, 9, 21, 8, 10], "hlc": [921215, 1]}
INFO:<Node 0>:{"send": false, "recv": true, "to": 0, "from": 8, "vc": [12, 21, 13, 15, 14, 14, 9, 21, 10, 10], "hlc": [921215, 2]}
INFO:<Node 3>:{"send": false, "recv": true, "to": 3, "from": 2, "vc": [7, 22, 17, 20, 12, 13, 14, 17, 8, 16], "hlc": [921216, 0]}
INFO:<Node 4>:{"send": false, "recv": true, "to": 4, "from": 5, "vc": [7, 21, 12, 15, 16, 16, 15, 15, 8, 10], "hlc": [921215, 2]}
INFO:<Node 6>:{"send": false, "recv": true, "to": 6, "from": 1, "vc": [9, 24, 6, 19, 14, 4, 18, 19, 5, 11], "hlc": [921215, 1]}
INFO:<Node 9>:{"send": false, "recv": true, "to": 9, "from": 0, "vc": [10, 21, 11, 15, 14, 13, 9, 17, 8, 17], "hlc": [921215, 1]}
INFO:<Node 9>:{"send": false, "recv": true, "to": 9, "from": 6, "vc": [10, 21, 11, 15, 14, 13, 17, 19, 8, 18], "hlc": [921215, 2]}
INFO:<Node 1>:{"send": true, "recv": false, "from": 1, "to": 2, "vc": [7, 25, 6, 19, 11, 4, 13, 14, 5, 11], "hlc": [921215, 1]}
INFO:<Node 3>:{"send": true, "recv": false, "from": 3, "to": 4, "vc": [7, 22, 17, 21, 12, 13, 14, 17, 8, 16], "hlc": [921216, 1]}
INFO:<Node 4>:{"send": true, "recv": false, "from": 4, "to": 9, "vc": [7, 21, 12, 15, 17, 16, 15, 15, 8, 10], "hlc": [921215, 3]}
INFO:<Node 5>:{"send": true, "recv": false, "from": 5, "to": 7, "vc": [7, 21, 11, 15, 11, 17, 15, 14, 8, 10], "hlc": [921215, 2]}
INFO:<Node 7>:{"send": true, "recv": false, "from": 7, "to": 6, "vc": [9, 21, 11, 15, 14, 14, 9, 22, 8, 10], "hlc": [921215, 0]}
INFO:<Node 8>:{"send": true, "recv": false, "from": 8, "to": 5, "vc": [4, 15, 13, 7, 8, 2, 8, 11, 11, 9], "hlc": [921213, 1]}
INFO:<Node 2>:{"send": false, "recv": true, "to": 2, "from": 1, "vc": [7, 25, 18, 19, 12, 13, 14, 17, 8, 16], "hlc": [921215, 2]}
INFO:<Node 4>:{"send": false, "recv": true, "to": 4, "from": 3, "vc": [7, 22, 17, 21, 18, 16, 15, 17, 8, 16], "hlc": [921216, 2]}
INFO:<Node 5>:{"send": false, "recv": true, "to": 5, "from": 8, "vc": [7, 21, 13, 15, 11, 18, 15, 14, 11, 10], "hlc": [921216, 0]}
INFO:<Node 6>:{"send": false, "recv": true, "to": 6, "from": 7, "vc": [9, 24, 11, 19, 14, 14, 19, 22, 8, 11], "hlc": [921215, 2]}
INFO:<Node 7>:{"send": false, "recv": true, "to": 7, "from": 5, "vc": [9, 21, 11, 15, 14, 17, 15, 23, 8, 10], "hlc": [921215, 3]}
INFO:<Node 9>:{"send": false, "recv": true, "to": 9, "from": 4, "vc": [10, 21, 12, 15, 17, 16, 17, 19, 8, 19], "hlc": [921216, 0]}
INFO:<Node 0>:{"send": true, "recv": false, "from": 0, "to": 8, "vc": [13, 21, 13, 15, 14, 14, 9, 21, 10, 10], "hlc": [921216, 0]}
INFO:<Node 1>:{"send": true, "recv": false, "from": 1, "to": 0, "vc": [7, 26, 6, 19, 11, 4, 13, 14, 5, 11], "hlc": [921216, 0]}
INFO:<Node 8>:{"send": true, "recv": false, "from": 8, "to": 6, "vc": [4, 15, 13, 7, 8, 2, 8, 11, 12, 9], "hlc": [921214, 0]}
INFO:<Node 9>:{"send": true, "recv": false, "from": 9, "to": 1, "vc": [10, 21, 12, 15, 17, 16, 17, 19, 8, 20], "hlc": [921216, 1]}
INFO:<Node 0>:{"send": false, "recv": true, "to": 0, "from": 1, "vc": [14, 26, 13, 19, 14, 14, 13, 21, 10, 11], "hlc": [921217, 0]}
INFO:<Node 1>:{"send": false, "recv": true, "to": 1, "from": 9, "vc": [10, 27, 12, 19, 17, 16, 17, 19, 8, 20], "hlc": [921216, 2]}
INFO:<Node 6>:{"send": false, "recv": true, "to": 6, "from": 8, "vc": [9, 24, 13, 19, 14, 14, 20, 22, 12, 11], "hlc": [921215, 3]}
INFO:<Node 8>:{"send": false, "recv": true, "to": 8, "from": 0, "vc": [13, 21, 13, 15, 14, 14, 9, 21, 13, 10], "hlc": [921216, 1]}
INFO:<Node 2>:{"send": true, "recv": false, "from": 2, "to": 1, "vc": [7, 25, 19, 19, 12, 13, 14, 17, 8, 16], "hlc": [921215, 3]}
INFO:<Node 3>:{"send": true, "recv": false, "from": 3, "to": 7, "vc": [7, 22, 17, 22, 12, 13, 14, 17, 8, 16], "hlc": [921217, 0]}
INFO:<Node 4>:{"send": true, "recv": false, "from": 4, "to": 5, "vc": [7, 22, 17, 21, 19, 16, 15, 17, 8, 16], "hlc": [921216, 3]}
INFO:<Node 5>:{"send": true, "recv": false, "from": 5, "to": 0, "vc": [7, 21, 13, 15, 11, 19, 15, 14, 11, 10], "hlc": [921216, 1]}
INFO:<Node 7>:{"send": true, "recv": false, "from": 7, "to": 8, "vc": [9, 21, 11, 15, 14, 17, 15, 24, 8, 10], "hlc": [921216, 0]}
INFO:<Node 8>:{"send": true, "recv": false, "from": 8, "to": 9, "vc": [13, 21, 13, 15, 14, 14, 9, 21, 14, 10], "hlc": [921216, 2]}
INFO:<Node 0>:{"send": false, "recv": true, "to": 0, "from": 5, "vc": [15, 26, 13, 19, 14, 19, 15, 21, 11, 11], "hlc": [921217, 1]}
INFO:<Node 1>:{"send": false, "recv": true, "to": 1, "from": 2, "vc": [10, 28, 19, 19, 17, 16, 17, 19, 8, 20], "hlc": [921217, 0]}
INFO:<Node 5>:{"send": false, "recv": true, "to": 5, "from": 4, "vc": [7, 22, 17, 21, 19, 20, 15, 17, 11, 16], "hlc": [921217, 0]}
INFO:<Node 7>:{"send": false, "recv": true, "to": 7, "from": 3, "vc": [9, 22, 17, 22, 14, 17, 15, 25, 8, 16], "hlc": [921217, 1]}
INFO:<Node 8>:{"send": false, "recv": true, "to": 8, "from": 7, "vc": [13, 21, 13, 15, 14, 17, 15, 24, 15, 10], "hlc": [921216, 3]}
INFO:<Node 9>:{"send": false, "recv": true, "to": 9, "from": 8, "vc": [13, 21, 13, 15, 17, 16, 17, 21, 14, 21], "hlc": [921217, 0]}
INFO:<Node 0>:{"send": true, "recv": false, "from": 0, "to": 5, "vc": [16, 26, 13, 19, 14, 19, 15, 21, 11, 11], "hlc": [921217, 2]}
INFO:<Node 2>:{"send": true, "recv": false, "from": 2, "to": 3, "vc": [7, 25, 20, 19, 12, 13, 14, 17, 8, 16], "hlc": [921215, 4]}
INFO:<Node 3>:{"send": true, "recv": false, "from": 3, "to": 7, "vc": [7, 22, 17, 23, 12, 13, 14, 17, 8, 16], "hlc": [921217, 1]}
INFO:<Node 5>:{"send": true, "recv": false, "from": 5, "to": 7, "vc": [7, 22, 17, 21, 19, 21, 15, 17, 11, 16], "hlc": [921217, 1]}
INFO:<Node 7>:{"send": true, "recv": false, "from": 7, "to": 5, "vc": [9, 22, 17, 22, 14, 17, 15, 26, 8, 16], "hlc": [921217, 2]}
INFO:<Node 8>:{"send": true, "recv": false, "from": 8, "to": 1, "vc": [13, 21, 13, 15, 14, 17, 15, 24, 16, 10], "hlc": [921216, 4]}
INFO:<Node 9>:{"send": true, "recv": false, "from": 9, "to": 5, "vc": [13, 21, 13, 15, 17, 16, 17, 21, 14, 22], "hlc": [921217, 1]}
INFO:<Node 1>:{"send": false, "recv": true, "to": 1, "from": 8, "vc": [13, 29, 19, 19, 17, 17, 17, 24, 16, 20], "hlc": [921217, 1]}
INFO:<Node 3>:{"send": false, "recv": true, "to": 3, "from": 2, "vc": [7, 25, 20, 24, 12, 13, 14, 17, 8, 16], "hlc": [921218, 0]}
INFO:<Node 5>:{"send": false, "recv": true, "to": 5, "from": 0, "vc": [16, 26, 17, 21, 19, 22, 15, 21, 11, 16], "hlc": [921217, 3]}
INFO:<Node 5>:{"send": false, "recv": true, "to": 5, "from": 7, "vc": [16, 26, 17, 22, 19, 23, 15, 26, 11, 16], "hlc": [921217, 4]}
INFO:<Node 5>:{"send": false, "recv": true, "to": 5, "from": 9, "vc": [16, 26, 17, 22, 19, 24, 17, 26, 14, 22], "hlc": [921217, 5]}
INFO:<Node 7>:{"send": false, "recv": true, "to": 7, "from": 3, "vc": [9, 22, 17, 23, 14, 17, 15, 27, 8, 16], "hlc": [921217, 3]}
INFO:<Node 7>:{"send": false, "recv": true, "to": 7, "from": 5, "vc": [9, 22, 17, 23, 19, 21, 15, 28, 11, 16], "hlc": [921217, 4]}
INFO:<Node 0>:{"send": true, "recv": false, "from": 0, "to": 6, "vc": [17, 26, 13, 19, 14, 19, 15, 21, 11, 11], "hlc": [921218, 0]}
INFO:<Node 1>:{"send": true, "recv": false, "from": 1, "to": 5, "vc": [13, 30, 19, 19, 17, 17, 17, 24, 16, 20], "hlc": [921217, 2]}
INFO:<Node 2>:{"send": true, "recv": false, "from": 2, "to": 4, "vc": [7, 25, 21, 19, 12, 13, 14, 17, 8, 16], "hlc": [921215, 5]}
INFO:<Node 5>:{"send": true, "recv": false, "from": 5, "to": 6, "vc": [16, 26, 17, 22, 19, 25, 17, 26, 14, 22], "hlc": [921217, 6]}
INFO:<Node 6>:{"send": true, "recv": false, "from": 6, "to": 5, "vc": [9, 24, 13, 19, 14, 14, 21, 22, 12, 11], "hlc": [921215, 4]}
INFO:<Node 9>:{"send": true, "recv": false, "from": 9, "to": 3, "vc": [13, 21, 13, 15, 17, 16, 17, 21, 14, 23], "hlc": [921217, 2]}
INFO:<Node 3>:{"send": false, "recv": true, "to": 3, "from": 9, "vc": [13, 25, 20, 25, 17, 16, 17, 21, 14, 23], "hlc": [921218, 1]}
INFO:<Node 4>:{"send": false, "recv": true, "to": 4, "from": 2, "vc": [7, 25, 21, 21, 20, 16, 15, 17, 8, 16], "hlc": [921217, 0]}
INFO:<Node 5>:{"send": false, "recv": true, "to": 5, "from": 1, "vc": [16, 30, 19, 22, 19, 26, 17, 26, 16, 22], "hlc": [921218, 0]}
INFO:<Node 5>:{"send": false, "recv": true, "to": 5, "from": 6, "vc": [16, 30, 19, 22, 19, 27, 21, 26, 16, 22], "hlc": [921218, 1]}
INFO:<Node 6>:{"send": false, "recv": true, "to": 6, "from": 0, "vc": [17, 26, 13, 19, 14, 19, 22, 22, 12, 11], "hlc": [921218, 1]}
INFO:<Node 6>:{"send": false, "recv": true, "to": 6, "from": 5, "vc": [17, 26, 17, 22, 19, 25, 23, 26, 14, 22], "hlc": [921218, 2]}
INFO:<Node 1>:{"send": true, "recv": false, "from": 1, "to": 5, "vc": [13, 31, 19, 19, 17, 17, 17, 24, 16, 20], "hlc": [921218, 0]}
INFO:<Node 2>:{"send": true, "recv": false, "from": 2, "to": 7, "vc": [7, 25, 22, 19, 12, 13, 14, 17, 8, 16], "hlc": [921216, 0]}
INFO:<Node 3>:{"send": true, "recv": false, "from": 3, "to": 5, "vc": [13, 25, 20, 26, 17, 16, 17, 21, 14, 23], "hlc": [921218, 2]}
INFO:<Node 5>:{"send": true, "recv": false, "from": 5, "to": 8, "vc": [16, 30, 19, 22, 19, 28, 21, 26, 16, 22], "hlc": [921218, 2]}
INFO:<Node 8>:{"send": true, "recv": false, "from": 8, "to": 1, "vc": [13, 21, 13, 15, 14, 17, 15, 24, 17, 10], "hlc": [921216, 5]}
INFO:<Node 1>:{"send": false, "recv": true, "to": 1, "from": 8, "vc": [13, 32, 19, 19, 17, 17, 17, 24, 17, 20], "hlc": [921218, 1]}
INFO:<Node 5>:{"send": false, "recv": true, "to": 5, "from": 1, "vc": [16, 31, 19, 22, 19, 29, 21, 26, 16, 22], "hlc": [921218, 3]}
INFO:<Node 5>:{"send": false, "recv": true, "to": 5, "from": 3, "vc": [16, 31, 20, 26, 19, 30, 21, 26, 16, 23], "hlc": [921218, 4]}
INFO:<Node 7>:{"send": false, "recv": true, "to": 7, "from": 2, "vc": [9, 25, 22, 23, 19, 21, 15, 29, 11, 16], "hlc": [921218, 0]}
INFO:<Node 8>:{"send": false, "recv": true, "to": 8, "from": 5, "vc": [16, 30, 19, 22, 19, 28, 21, 26, 18, 22], "hlc": [921218, 3]}
INFO:<Node 2>:{"send": true, "recv": false, "from": 2, "to": 5, "vc": [7, 25, 23, 19, 12, 13, 14, 17, 8, 16], "hlc": [921216, 1]}
INFO:<Node 4>:{"send": true, "recv": false, "from": 4, "to": 8, "vc": [7, 25, 21, 21, 21, 16, 15, 17, 8, 16], "hlc": [921218, 0]}
INFO:<Node 7>:{"send": true, "recv": false, "from": 7, "to": 3, "vc": [9, 25, 22, 23, 19, 21, 15, 30, 11, 16], "hlc": [921218, 1]}
INFO:<Node 8>:{"send": true, "recv": false, "from": 8, "to": 1, "vc": [16, 30, 19, 22, 19, 28, 21, 26, 19, 22], "hlc": [921218, 4]}
INFO:<Node 9>:{"send": true, "recv": false, "from": 9, "to": 3, "vc": [13, 21, 13, 15, 17, 16, 17, 21, 14, 24], "hlc": [921218, 0]}
INFO:<Node 1>:{"send": false, "recv": true, "to": 1, "from": 8, "vc": [16, 33, 19, 22, 19, 28, 21, 26, 19, 22], "hlc": [921219, 0]}
INFO:<Node 3>:{"send": false, "recv": true, "to": 3, "from": 7, "vc": [13, 25, 22, 27, 19, 21, 17, 30, 14, 23], "hlc": [921219, 0]}
INFO:<Node 3>:{"send": false, "recv": true, "to": 3, "from": 9, "vc": [13, 25, 22, 28, 19, 21, 17, 30, 14, 24], "hlc": [921219, 1]}
INFO:<Node 5>:{"send": false, "recv": true, "to": 5, "from": 2, "vc": [16, 31, 23, 26, 19, 31, 21, 26, 16, 23], "hlc": [921219, 0]}
INFO:<Node 8>:{"send": false, "recv": true, "to": 8, "from": 4, "vc": [16, 30, 21, 22, 21, 28, 21, 26, 20, 22], "hlc": [921218, 5]}
INFO:<Node 1>:{"send": true, "recv": false, "from": 1, "to": 9, "vc": [16, 34, 19, 22, 19, 28, 21, 26, 19, 22], "hlc": [921219, 1]}
INFO:<Node 2>:{"send": true, "recv": false, "from": 2, "to": 0, "vc": [7, 25, 24, 19, 12, 13, 14, 17, 8, 16], "hlc": [921217, 0]}
INFO:<Node 4>:{"send": true, "recv": false, "from": 4, "to": 6, "vc": [7, 25, 21, 21, 22, 16, 15, 17, 8, 16], "hlc": [921218, 1]}
INFO:<Node 5>:{"send": true, "recv": false, "from": 5, "to": 6, "vc": [16, 31, 23, 26, 19, 32, 21, 26, 16, 23], "hlc": [921219, 1]}
INFO:<Node 6>:{"send": true, "recv": false, "from": 6, "to": 9, "vc": [17, 26, 17, 22, 19, 25, 24, 26, 14, 22], "hlc": [921218, 3]}
INFO:<Node 7>:{"send": true, "recv": false, "from": 7, "to": 0, "vc": [9, 25, 22, 23, 19, 21, 15, 31, 11, 16], "hlc": [921218, 2]}
INFO:<Node 0>:{"send": false, "recv": true, "to": 0, "from": 2, "vc": [18, 26, 24, 19, 14, 19, 15, 21, 11, 16], "hlc": [921220, 0]}
INFO:<Node 0>:{"send": false, "recv": true, "to": 0, "from": 7, "vc": [19, 26, 24, 23, 19, 21, 15, 31, 11, 16], "hlc": [921220, 1]}
INFO:<Node 6>:{"send": false, "recv": true, "to": 6, "from": 4, "vc": [17, 26, 21, 22, 22, 25, 25, 26, 14, 22], "hlc": [921218, 4]}
INFO:<Node 6>:{"send": false, "recv": true, "to": 6, "from": 5, "vc": [17, 31, 23, 26, 22, 32, 26, 26, 16, 23], "hlc": [921219, 2]}
INFO:<Node 9>:{"send": false, "recv": true, "to": 9, "from": 1, "vc": [16, 34, 19, 22, 19, 28, 21, 26, 19, 25], "hlc": [921219, 2]}
INFO:<Node 9>:{"send": false, "recv": true, "to": 9, "from": 6, "vc": [17, 34, 19, 22, 19, 28, 24, 26, 19, 26], "hlc": [921219, 3]}
INFO:<Node 1>:{"send": true, "recv": false, "from": 1, "to": 7, "vc": [16, 35, 19, 22, 19, 28, 21, 26, 19, 22], "hlc": [921219, 2]}
INFO:<Node 3>:{"send": true, "recv": false, "from": 3, "to": 5, "vc": [13, 25, 22, 29, 19, 21, 17, 30, 14, 24], "hlc": [921220, 0]}
INFO:<Node 4>:{"send": true, "recv": false, "from": 4, "to": 0, "vc": [7, 25, 21, 21, 23, 16, 15, 17, 8, 16], "hlc": [921219, 0]}
INFO:<Node 5>:{"send": true, "recv": false, "from": 5, "to": 9, "vc": [16, 31, 23, 26, 19, 33, 21, 26, 16, 23], "hlc": [921219, 2]}
INFO:<Node 8>:{"send": true, "recv": false, "from": 8, "to": 6, "vc": [16, 30, 21, 22, 21, 28, 21, 26, 21, 22], "hlc": [921218, 6]}
INFO:<Node 9>:{"send": true, "recv": false, "from": 9, "to": 1, "vc": [17, 34, 19, 22, 19, 28, 24, 26, 19, 27], "hlc": [921219, 4]}
INFO:<Node 0>:{"send": false, "recv": true, "to": 0, "from": 4, "vc": [20, 26, 24, 23, 23, 21, 15, 31, 11, 16], "hlc": [921220, 2]}
INFO:<Node 1>:{"send": false, "recv": true, "to": 1, "from": 9, "vc": [17, 36, 19, 22, 19, 28, 24, 26, 19, 27], "hlc": [921220, 0]}
INFO:<Node 5>:{"send": false, "recv": true, "to": 5, "from": 3, "vc": [16, 31, 23, 29, 19, 34, 21, 30, 16, 24], "hlc": [921220, 1]}
INFO:<Node 6>:{"send": false, "recv": true, "to": 6, "from": 8, "vc": [17, 31, 23, 26, 22, 32, 27, 26, 21, 23], "hlc": [921219, 3]}
INFO:<Node 7>:{"send": false, "recv": true, "to": 7, "from": 1, "vc": [16, 35, 22, 23, 19, 28, 21, 32, 19, 22], "hlc": [921219, 3]}
INFO:<Node 9>:{"send": false, "recv": true, "to": 9, "from": 5, "vc": [17, 34, 23, 26, 19, 33, 24, 26, 19, 28], "hlc": [921220, 0]}
INFO:<Node 0>:{"send": true, "recv": false, "from": 0, "to": 3, "vc": [21, 26, 24, 23, 23, 21, 15, 31, 11, 16], "hlc": [921220, 3]}
INFO:<Node 1>:{"send": true, "recv": false, "from": 1, "to": 3, "vc": [17, 37, 19, 22, 19, 28, 24, 26, 19, 27], "hlc": [921220, 1]}
INFO:<Node 2>:{"send": true, "recv": false, "from": 2, "to": 5, "vc": [7, 25, 25, 19, 12, 13, 14, 17, 8, 16], "hlc": [921218, 0]}
INFO:<Node 4>:{"send": true, "recv": false, "from": 4, "to": 5, "vc": [7, 25, 21, 21, 24, 16, 15, 17, 8, 16], "hlc": [921219, 1]}
INFO:<Node 5>:{"send": true, "recv": false, "from": 5, "to": 8, "vc": [16, 31, 23, 29, 19, 35, 21, 30, 16, 24], "hlc": [921220, 2]}
INFO:<Node 9>:{"send": true, "recv": false, "from": 9, "to": 8, "vc": [17, 34, 23, 26, 19, 33, 24, 26, 19, 29], "hlc": [921220, 1]}
INFO:<Node 3>:{"send": false, "recv": true, "to": 3, "from": 0, "vc": [21, 26, 24, 30, 23, 21, 17, 31, 14, 24], "hlc": [921221, 0]}
INFO:<Node 3>:{"send": false, "recv": true, "to": 3, "from": 1, "vc": [21, 37, 24, 31, 23, 28, 24, 31, 19, 27], "hlc": [921221, 1]}
INFO:<Node 5>:{"send": false, "recv": true, "to": 5, "from": 2, "vc": [16, 31, 25, 29, 19, 36, 21, 30, 16, 24], "hlc": [921220, 3]}
INFO:<Node 5>:{"send": false, "recv": true, "to": 5, "from": 4, "vc": [16, 31, 25, 29, 24, 37, 21, 30, 16, 24], "hlc": [921220, 4]}
INFO:<Node 8>:{"send": false, "recv": true, "to": 8, "from": 5, "vc": [16, 31, 23, 29, 21, 35, 21, 30, 22, 24], "hlc": [921220, 3]}
INFO:<Node 8>:{"send": false, "recv": true, "to": 8, "from": 9, "vc": [17, 34, 23, 29, 21, 35, 24, 30, 23, 29], "hlc": [921220, 4]}
INFO:<Node 1>:{"send": true, "recv": false, "from": 1, "to": 8, "vc": [17, 38, 19, 22, 19, 28, 24, 26, 19, 27], "hlc": [921220, 2]}
INFO:<Node 3>:{"send": true, "recv": false, "from": 3, "to": 7, "vc": [21, 37, 24, 32, 23, 28, 24, 31, 19, 27], "hlc": [921221, 2]}
INFO:<Node 4>:{"send": true, "recv": false, "from": 4, "to": 8, "vc": [7, 25, 21, 21, 25, 16, 15, 17, 8, 16], "hlc": [921220, 0]}
INFO:<Node 7>:{"send": true, "recv": false, "from": 7, "to": 1, "vc": [16, 35, 22, 23, 19, 28, 21, 33, 19, 22], "hlc": [921220, 0]}
INFO:<Node 1>:{"send": false, "recv": true, "to": 1, "from": 7, "vc": [17, 39, 22, 23, 19, 28, 24, 33, 19, 27], "hlc": [921221, 0]}
INFO:<Node 7>:{"send": false, "recv": true, "to": 7, "from": 3, "vc": [21, 37, 24, 32, 23, 28, 24, 34, 19, 27], "hlc": [921221, 3]}
INFO:<Node 8>:{"send": false, "recv": true, "to": 8, "from": 1, "vc": [17, 38, 23, 29, 21, 35, 24, 30, 24, 29], "hlc": [921220, 5]}
INFO:<Node 8>:{"send": false, "recv": true, "to": 8, "from": 4, "vc": [17, 38, 23, 29, 25, 35, 24, 30, 25, 29], "hlc": [921220, 6]}
INFO:<Node 0>:{"send": true, "recv": false, "from": 0, "to": 3, "vc": [22, 26, 24, 23, 23, 21, 15, 31, 11, 16], "hlc": [921221, 0]}
INFO:<Node 1>:{"send": true, "recv": false, "from": 1, "to": 6, "vc": [17, 40, 22, 23, 19, 28, 24, 33, 19, 27], "hlc": [921221, 1]}
INFO:<Node 2>:{"send": true, "recv": false, "from": 2, "to": 9, "vc": [7, 25, 26, 19, 12, 13, 14, 17, 8, 16], "hlc": [921219, 0]}
INFO:<Node 6>:{"send": true, "recv": false, "from": 6, "to": 7, "vc": [17, 31, 23, 26, 22, 32, 28, 26, 21, 23], "hlc": [921219, 4]}
INFO:<Node 9>:{"send": true, "recv": false, "from": 9, "to": 8, "vc": [17, 34, 23, 26, 19, 33, 24, 26, 19, 30], "hlc": [921221, 0]}
INFO:<Node 3>:{"send": false, "recv": true, "to": 3, "from": 0, "vc": [22, 37, 24, 33, 23, 28, 24, 31, 19, 27], "hlc": [921222, 0]}
INFO:<Node 6>:{"send": false, "recv": true, "to": 6, "from": 1, "vc": [17, 40, 23, 26, 22, 32, 29, 33, 21, 27], "hlc": [921221, 2]}
INFO:<Node 7>:{"send": false, "recv": true, "to": 7, "from": 6, "vc": [21, 37, 24, 32, 23, 32, 28, 35, 21, 27], "hlc": [921221, 4]}
INFO:<Node 8>:{"send": false, "recv": true, "to": 8, "from": 9, "vc": [17, 38, 23, 29, 25, 35, 24, 30, 26, 30], "hlc": [921221, 1]}
INFO:<Node 9>:{"send": false, "recv": true, "to": 9, "from": 2, "vc": [17, 34, 26, 26, 19, 33, 24, 26, 19, 31], "hlc": [921221, 1]}
INFO:<Node 1>:{"send": true, "recv": false, "from": 1, "to": 7, "vc": [17, 41, 22, 23, 19, 28, 24, 33, 19, 27], "hlc": [921221, 2]}
INFO:<Node 2>:{"send": true, "recv": false, "from": 2, "to": 5, "vc": [7, 25, 27, 19, 12, 13, 14, 17, 8, 16], "hlc": [921219, 1]}
INFO:<Node 4>:{"send": true, "recv": false, "from": 4, "to": 3, "vc": [7, 25, 21, 21, 26, 16, 15, 17, 8, 16], "hlc": [921221, 0]}
INFO:<Node 6>:{"send": true, "recv": false, "from": 6, "to": 2, "vc": [17, 40, 23, 26, 22, 32, 30, 33, 21, 27], "hlc": [921221, 3]}
INFO:<Node 9>:{"send": true, "recv": false, "from": 9, "to": 8, "vc": [17, 34, 26, 26, 19, 33, 24, 26, 19, 32], "hlc": [921221, 2]}
INFO:<Node 2>:{"send": false, "recv": true, "to": 2, "from": 6, "vc": [17, 40, 28, 26, 22, 32, 30, 33, 21, 27], "hlc": [921221, 4]}
INFO:<Node 3>:{"send": false, "recv": true, "to": 3, "from": 4, "vc": [22, 37, 24, 34, 26, 28, 24, 31, 19, 27], "hlc": [921222, 1]}
INFO:<Node 5>:{"send": false, "recv": true, "to": 5, "from": 2, "vc": [16, 31, 27, 29, 24, 38, 21, 30, 16, 24], "hlc": [921222, 0]}
INFO:<Node 7>:{"send": false, "recv": true, "to": 7, "from": 1, "vc": [21, 41, 24, 32, 23, 32, 28, 36, 21, 27], "hlc": [921221, 5]}
INFO:<Node 8>:{"send": false, "recv": true, "to": 8, "from": 9, "vc": [17, 38, 26, 29, 25, 35, 24, 30, 27, 32], "hlc": [921221, 3]}
INFO:<Node 0>:{"send": true, "recv": false, "from": 0, "to": 3, "vc": [23, 26, 24, 23, 23, 21, 15, 31, 11, 16], "hlc": [921222, 0]}
INFO:<Node 1>:{"send": true, "recv": false, "from": 1, "to": 7, "vc": [17, 42, 22, 23, 19, 28, 24, 33, 19, 27], "hlc": [921222, 0]}
INFO:<Node 3>:{"send": true, "recv": false, "from": 3, "to": 1, "vc": [22, 37, 24, 35, 26, 28, 24, 31, 19, 27], "hlc": [921222, 2]}
INFO:<Node 6>:{"send": true, "recv": false, "from": 6, "to": 4, "vc": [17, 40, 23, 26, 22, 32, 31, 33, 21, 27], "hlc": [921221, 4]}
INFO:<Node 7>:{"send": true, "recv": false, "from": 7, "to": 3, "vc": [21, 41, 24, 32, 23, 32, 28, 37, 21, 27], "hlc": [921221, 6]}
INFO:<Node 9>:{"send": true, "recv": false, "from": 9, "to": 3, "vc": [17, 34, 26, 26, 19, 33, 24, 26, 19, 33], "hlc": [921222, 0]}
INFO:<Node 1>:{"send": false, "recv": true, "to": 1, "from": 3, "vc": [22, 43, 24, 35, 26, 28, 24, 33, 19, 27], "hlc": [921222, 3]}
INFO:<Node 3>:{"send": false, "recv": true, "to": 3, "from": 0, "vc": [23, 37, 24, 36, 26, 28, 24, 31, 19, 27], "hlc": [921223, 0]}
INFO:<Node 3>:{"send": false, "recv": true, "to": 3, "from": 7, "vc": [23, 41, 24, 37, 26, 32, 28, 37, 21, 27], "hlc": [921223, 1]}
INFO:<Node 3>:{"send": false, "recv": true, "to": 3, "from": 9, "vc": [23, 41, 26, 38, 26, 33, 28, 37, 21, 33], "hlc": [921223, 2]}
INFO:<Node 4>:{"send": false, "recv": true, "to": 4, "from": 6, "vc": [17, 40, 23, 26, 27, 32, 31, 33, 21, 27], "hlc": [921222, 0]}
INFO:<Node 7>:{"send": false, "recv": true, "to": 7, "from": 1, "vc": [21, 42, 24, 32, 23, 32, 28, 38, 21, 27], "hlc": [921222, 1]}
INFO:<Node 0>:{"send": true, "recv": false, "from": 0, "to": 3, "vc": [24, 26, 24, 23, 23, 21, 15, 31, 11, 16], "hlc": [921223, 0]}
INFO:<Node 2>:{"send": true, "recv": false, "from": 2, "to": 3, "vc": [17, 40, 29, 26, 22, 32, 30, 33, 21, 27], "hlc": [921221, 5]}
INFO:<Node 3>:{"send": true, "recv": false, "from": 3, "to": 8, "vc": [23, 41, 26, 39, 26, 33, 28, 37, 21, 33], "hlc": [921223, 3]}
INFO:<Node 4>:{"send": true, "recv": false, "from": 4, "to": 8, "vc": [17, 40, 23, 26, 28, 32, 31, 33, 21, 27], "hlc": [921222, 1]}
INFO:<Node 6>:{"send": true, "recv": false, "from": 6, "to": 2, "vc": [17, 40, 23, 26, 22, 32, 32, 33, 21, 27], "hlc": [921221, 5]}
INFO:<Node 7>:{"send": true, "recv": false, "from": 7, "to": 6, "vc": [21, 42, 24, 32, 23, 32, 28, 39, 21, 27], "hlc": [921222, 2]}
INFO:<Node 9>:{"send": true, "recv": false, "from": 9, "to": 8, "vc": [17, 34, 26, 26, 19, 33, 24, 26, 19, 34], "hlc": [921222, 1]}
INFO:<Node 2>:{"send": false, "recv": true, "to": 2, "from": 6, "vc": [17, 40, 30, 26, 22, 32, 32, 33, 21, 27], "hlc": [921221, 6]}
INFO:<Node 3>:{"send": false, "recv": true, "to": 3, "from": 0, "vc": [24, 41, 26, 40, 26, 33, 28, 37, 21, 33], "hlc": [921223, 4]}
INFO:<Node 3>:{"send": false, "recv": true, "to": 3, "from": 2, "vc": [24, 41, 29, 41, 26, 33, 30, 37, 21, 33], "hlc": [921223, 5]}
INFO:<Node 6>:{"send": false, "recv": true, "to": 6, "from": 7, "vc": [21, 42, 24, 32, 23, 32, 33, 39, 21, 27], "hlc": [921222, 3]}
INFO:<Node 8>:{"send": false, "recv": true, "to": 8, "from": 3, "vc": [23, 41, 26, 39, 26, 35, 28, 37, 28, 33], "hlc": [921223, 4]}
INFO:<Node 8>:{"send": false, "recv": true, "to": 8, "from": 4, "vc": [23, 41, 26, 39, 28, 35, 31, 37, 29, 33], "hlc": [921223, 5]}
INFO:<Node 8>:{"send": false, "recv": true, "to": 8, "from": 9, "vc": [23, 41, 26, 39, 28, 35, 31, 37, 30, 34], "hlc": [921223, 6]}
INFO:<Node 1>:{"send": true, "recv": false, "from": 1, "to": 3, "vc": [22, 44, 24, 35, 26, 28, 24, 33, 19, 27], "hlc": [921223, 0]}
INFO:<Node 9>:{"send": true, "recv": false, "from": 9, "to": 6, "vc": [17, 34, 26, 26, 19, 33, 24, 26, 19, 35], "hlc": [921223, 0]}
INFO:<Node 3>:{"send": false, "recv": true, "to": 3, "from": 1, "vc": [24, 44, 29, 42, 26, 33, 30, 37, 21, 33], "hlc": [921224, 0]}
INFO:<Node 6>:{"send": false, "recv": true, "to": 6, "from": 9, "vc": [21, 42, 26, 32, 23, 33, 34, 39, 21, 35], "hlc": [921223, 1]}
INFO:<Node 2>:{"send": true, "recv": false, "from": 2, "to": 8, "vc": [17, 40, 31, 26, 22, 32, 32, 33, 21, 27], "hlc": [921221, 7]}
INFO:<Node 5>:{"send": true, "recv": false, "from": 5, "to": 6, "vc": [16, 31, 27, 29, 24, 39, 21, 30, 16, 24], "hlc": [921223, 0]}
INFO:<Node 6>:{"send": true, "recv": false, "from": 6, "to": 4, "vc": [21, 42, 26, 32, 23, 33, 35, 39, 21, 35], "hlc": [921223, 2]}
INFO:<Node 9>:{"send": true, "recv": false, "from": 9, "to": 7, "vc": [17, 34, 26, 26, 19, 33, 24, 26, 19, 36], "hlc": [921223, 1]}
INFO:<Node 4>:{"send": false, "recv": true, "to": 4, "from": 6, "vc": [21, 42, 26, 32, 29, 33, 35, 39, 21, 35], "hlc": [921223, 3]}
INFO:<Node 6>:{"send": false, "recv": true, "to": 6, "from": 5, "vc": [21, 42, 27, 32, 24, 39, 36, 39, 21, 35], "hlc": [921223, 3]}
INFO:<Node 7>:{"send": false, "recv": true, "to": 7, "from": 9, "vc": [21, 42, 26, 32, 23, 33, 28, 40, 21, 36], "hlc": [921223, 2]}
INFO:<Node 8>:{"send": false, "recv": true, "to": 8, "from": 2, "vc": [23, 41, 31, 39, 28, 35, 32, 37, 31, 34], "hlc": [921223, 7]}
INFO:<Node 0>:{"send": true, "recv": false, "from": 0, "to": 3, "vc": [25, 26, 24, 23, 23, 21, 15, 31, 11, 16], "hlc": [921224, 0]}
INFO:<Node 1>:{"send": true, "recv": false, "from": 1, "to": 8, "vc": [22, 45, 24, 35, 26, 28, 24, 33, 19, 27], "hlc": [921224, 0]}
INFO:<Node 2>:{"send": true, "recv": false, "from": 2, "to": 8, "vc": [17, 40, 32, 26, 22, 32, 32, 33, 21, 27], "hlc": [921222, 0]}
INFO:<Node 3>:{"send": true, "recv": false, "from": 3, "to": 8, "vc": [24, 44, 29, 43, 26, 33, 30, 37, 21, 33], "hlc": [921224, 1]}
INFO:<Node 5>:{"send": true, "recv": false, "from": 5, "to": 9, "vc": [16, 31, 27, 29, 24, 40, 21, 30, 16, 24], "hlc": [921224, 0]}
INFO:<Node 6>:{"send": true, "recv": false, "from": 6, "to": 1, "vc": [21, 42, 27, 32, 24, 39, 37, 39, 21, 35], "hlc": [921223, 4]}
INFO:<Node 7>:{"send": true, "recv": false, "from": 7, "to": 4, "vc": [21, 42, 26, 32, 23, 33, 28, 41, 21, 36], "hlc": [921223, 3]}
INFO:<Node 8>:{"send": true, "recv": false, "from": 8, "to": 0, "vc": [23, 41, 31, 39, 28, 35, 32, 37, 32, 34], "hlc": [921223, 8]}
INFO:<Node 0>:{"send": false, "recv": true, "to": 0, "from": 8, "vc": [26, 41, 31, 39, 28, 35, 32, 37, 32, 34], "hlc": [921225, 0]}
INFO:<Node 1>:{"send": false, "recv": true, "to": 1, "from": 6, "vc": [22, 46, 27, 35, 26, 39, 37, 39, 21, 35], "hlc": [921224, 1]}
INFO:<Node 3>:{"send": false, "recv": true, "to": 3, "from": 0, "vc": [25, 44, 29, 44, 26, 33, 30, 37, 21, 33], "hlc": [921225, 0]}
INFO:<Node 4>:{"send": false, "recv": true, "to": 4, "from": 7, "vc": [21, 42, 26, 32, 30, 33, 35, 41, 21, 36], "hlc": [921224, 0]}
INFO:<Node 8>:{"send": false, "recv": true, "to": 8, "from": 1, "vc": [23, 45, 31, 39, 28, 35, 32, 37, 33, 34], "hlc": [921224, 1]}
INFO:<Node 8>:{"send": false, "recv": true, "to": 8, "from": 2, "vc": [23, 45, 32, 39, 28, 35, 32, 37, 34, 34], "hlc": [921224, 2]}
INFO:<Node 8>:{"send": false, "recv": true, "to": 8, "from": 3, "vc": [24, 45, 32, 43, 28, 35, 32, 37, 35, 34], "hlc": [921224, 3]}
INFO:<Node 9>:{"send": false, "recv": true, "to": 9, "from": 5, "vc": [17, 34, 27, 29, 24, 40, 24, 30, 19, 37], "hlc": [921224, 1]}
INFO:<Node 2>:{"send": true, "recv": false, "from": 2, "to": 0, "vc": [17, 40, 33, 26, 22, 32, 32, 33, 21, 27], "hlc": [921222, 1]}
INFO:<Node 6>:{"send": true, "recv": false, "from": 6, "to": 4, "vc": [21, 42, 27, 32, 24, 39, 38, 39, 21, 35], "hlc": [921223, 5]}
INFO:<Node 0>:{"send": false, "recv": true, "to": 0, "from": 2, "vc": [27, 41, 33, 39, 28, 35, 32, 37, 32, 34], "hlc": [921225, 1]}
INFO:<Node 4>:{"send": false, "recv": true, "to": 4, "from": 6, "vc": [21, 42, 27, 32, 31, 39, 38, 41, 21, 36], "hlc": [921224, 1]}
INFO:<Node 1>:{"send": true, "recv": false, "from": 1, "to": 9, "vc": [22, 47, 27, 35, 26, 39, 37, 39, 21, 35], "hlc": [921225, 0]}
INFO:<Node 2>:{"send": true, "recv": false, "from": 2, "to": 1, "vc": [17, 40, 34, 26, 22, 32, 32, 33, 21, 27], "hlc": [921223, 0]}
INFO:<Node 3>:{"send": true, "recv": false, "from": 3, "to": 9, "vc": [25, 44, 29, 45, 26, 33, 30, 37, 21, 33], "hlc": [921225, 1]}
INFO:<Node 5>:{"send": true, "recv": false, "from": 5, "to": 6, "vc": [16, 31, 27, 29, 24, 41, 21, 30, 16, 24], "hlc": [921225, 0]}
INFO:<Node 7>:{"send": true, "recv": false, "from": 7, "to": 9, "vc": [21, 42, 26, 32, 23, 33, 28, 42, 21, 36], "hlc": [921224, 0]}
INFO:<Node 8>:{"send": true, "recv": false, "from": 8, "to": 9, "vc": [24, 45, 32, 43, 28, 35, 32, 37, 36, 34], "hlc": [921224, 4]}
INFO:<Node 9>:{"send": true, "recv": false, "from": 9, "to": 1, "vc": [17, 34, 27, 29, 24, 40, 24, 30, 19, 38], "hlc": [921225, 0]}
INFO:<Node 1>:{"send": false, "recv": true, "to": 1, "from": 2, "vc": [22, 48, 34, 35, 26, 39, 37, 39, 21, 35], "hlc": [921225, 1]}
INFO:<Node 1>:{"send": false, "recv": true, "to": 1, "from": 9, "vc": [22, 49, 34, 35, 26, 40, 37, 39, 21, 38], "hlc": [921225, 2]}
INFO:<Node 6>:{"send": false, "recv": true, "to": 6, "from": 5, "vc": [21, 42, 27, 32, 24, 41, 39, 39, 21, 35], "hlc": [921225, 1]}
INFO:<Node 9>:{"send": false, "recv": true, "to": 9, "from": 1, "vc": [22, 47, 27, 35, 26, 40, 37, 39, 21, 39], "hlc": [921225, 1]}
INFO:<Node 9>:{"send": false, "recv": true, "to": 9, "from": 3, "vc": [25, 47, 29, 45, 26, 40, 37, 39, 21, 40], "hlc": [921225, 2]}
INFO:<Node 9>:{"send": false, "recv": true, "to": 9, "from": 7, "vc": [25, 47, 29, 45, 26, 40, 37, 42, 21, 41], "hlc": [921225, 3]}
INFO:<Node 9>:{"send": false, "recv": true, "to": 9, "from": 8, "vc": [25, 47, 32, 45, 28, 40, 37, 42, 36, 42], "hlc": [921225, 4]}
INFO:<Node 0>:{"send": true, "recv": false, "from": 0, "to": 7, "vc": [28, 41, 33, 39, 28, 35, 32, 37, 32, 34], "hlc": [921226, 0]}
INFO:<Node 1>:{"send": true, "recv": false, "from": 1, "to": 6, "vc": [22, 50, 34, 35, 26, 40, 37, 39, 21, 38], "hlc": [921225, 3]}
INFO:<Node 2>:{"send": true, "recv": false, "from": 2, "to": 5, "vc": [17, 40, 35, 26, 22, 32, 32, 33, 21, 27], "hlc": [921223, 1]}
INFO:<Node 4>:{"send": true, "recv": false, "from": 4, "to": 6, "vc": [21, 42, 27, 32, 32, 39, 38, 41, 21, 36], "hlc": [921225, 0]}
INFO:<Node 6>:{"send": true, "recv": false, "from": 6, "to": 1, "vc": [21, 42, 27, 32, 24, 41, 40, 39, 21, 35], "hlc": [921225, 2]}
INFO:<Node 7>:{"send": true, "recv": false, "from": 7, "to": 9, "vc": [21, 42, 26, 32, 23, 33, 28, 43, 21, 36], "hlc": [921225, 0]}
INFO:<Node 8>:{"send": true, "recv": false, "from": 8, "to": 9, "vc": [24, 45, 32, 43, 28, 35, 32, 37, 37, 34], "hlc": [921224, 5]}
INFO:<Node 9>:{"send": true, "recv": false, "from": 9, "to": 3, "vc": [25, 47, 32, 45, 28, 40, 37, 42, 36, 43], "hlc": [921225, 5]}
INFO:<Node 1>:{"send": false, "recv": true, "to": 1, "from": 6, "vc": [22, 51, 34, 35, 26, 41, 40, 39, 21, 38], "hlc": [921226, 0]}
INFO:<Node 3>:{"send": false, "recv": true, "to": 3, "from": 9, "vc": [25, 47, 32, 46, 28, 40, 37, 42, 36, 43], "hlc": [921226, 0]}
INFO:<Node 5>:{"send": false, "recv": true, "to": 5, "from": 2, "vc": [17, 40, 35, 29, 24, 42, 32, 33, 21, 27], "hlc": [921226, 0]}
INFO:<Node 6>:{"send": false, "recv": true, "to": 6, "from": 1, "vc": [22, 50, 34, 35, 26, 41, 41, 39, 21, 38], "hlc": [921225, 4]}
INFO:<Node 6>:{"send": false, "recv": true, "to": 6, "from": 4, "vc": [22, 50, 34, 35, 32, 41, 42, 41, 21, 38], "hlc": [921225, 5]}
INFO:<Node 7>:{"send": false, "recv": true, "to": 7, "from": 0, "vc": [28, 42, 33, 39, 28, 35, 32, 44, 32, 36], "hlc": [921226, 1]}
INFO:<Node 9>:{"send": false, "recv": true, "to": 9, "from": 7, "vc": [25, 47, 32, 45, 28, 40, 37, 43, 36, 44], "hlc": [921226, 0]}
INFO:<Node 9>:{"send": false, "recv": true, "to": 9, "from": 8, "vc": [25, 47, 32, 45, 28, 40, 37, 43, 37, 45], "hlc": [921226, 1]}
INFO:<Node 0>:{"send": true, "recv": false, "from": 0, "to": 5, "vc": [29, 41, 33, 39, 28, 35, 32, 37, 32, 34], "hlc": [921226, 1]}
INFO:<Node 1>:{"send": true, "recv": false, "from": 1, "to": 9, "vc": [22, 52, 34, 35, 26, 41, 40, 39, 21, 38], "hlc": [921226, 1]}
INFO:<Node 3>:{"send": true, "recv": false, "from": 3, "to": 4, "vc": [25, 47, 32, 47, 28, 40, 37, 42, 36, 43], "hlc": [921226, 1]}
INFO:<Node 6>:{"send": true, "recv": false, "from": 6, "to": 0, "vc": [22, 50, 34, 35, 32, 41, 43, 41, 21, 38], "hlc": [921225, 6]}
INFO:<Node 9>:{"send": true, "recv": false, "from": 9, "to": 8, "vc": [25, 47, 32, 45, 28, 40, 37, 43, 37, 46], "hlc": [921226, 2]}
INFO:<Node 0>:{"send": false, "recv": true, "to": 0, "from": 6, "vc": [30, 50, 34, 39, 32, 41, 43, 41, 32, 38], "hlc": [921227, 0]}
INFO:<Node 4>:{"send": false, "recv": true, "to": 4, "from": 3, "vc": [25, 47, 32, 47, 33, 40, 38, 42, 36, 43], "hlc": [921226, 2]}
INFO:<Node 5>:{"send": false, "recv": true, "to": 5, "from": 0, "vc": [29, 41, 35, 39, 28, 43, 32, 37, 32, 34], "hlc": [921226, 2]}
INFO:<Node 8>:{"send": false, "recv": true, "to": 8, "from": 9, "vc": [25, 47, 32, 45, 28, 40, 37, 43, 38, 46], "hlc": [921226, 3]}
INFO:<Node 9>:{"send": false, "recv": true, "to": 9, "from": 1, "vc": [25, 52, 34, 45, 28, 41, 40, 43, 37, 47], "hlc": [921226, 3]}
INFO:<Node 2>:{"send": true, "recv": false, "from": 2, "to": 4, "vc": [17, 40, 36, 26, 22, 32, 32, 33, 21, 27], "hlc": [921224, 0]}
INFO:<Node 4>:{"send": true, "recv": false, "from": 4, "to": 8, "vc": [25, 47, 32, 47, 34, 40, 38, 42, 36, 43], "hlc": [921226, 3]}
INFO:<Node 7>:{"send": true, "recv": false, "from": 7, "to": 8, "vc": [28, 42, 33, 39, 28, 35, 32, 45, 32, 36], "hlc": [921226, 2]}
INFO:<Node 8>:{"send": true, "recv": false, "from": 8, "to": 9, "vc": [25, 47, 32, 45, 28, 40, 37, 43, 39, 46], "hlc": [921226, 4]}
INFO:<Node 9>:{"send": true, "recv": false, "from": 9, "to": 2, "vc": [25, 52, 34, 45, 28, 41, 40, 43, 37, 48], "hlc": [921226, 4]}
INFO:<Node 2>:{"send": false, "recv": true, "to": 2, "from": 9, "vc": [25, 52, 37, 45, 28, 41, 40, 43, 37, 48], "hlc": [921226, 5]}
INFO:<Node 4>:{"send": false, "recv": true, "to": 4, "from": 2, "vc": [25, 47, 36, 47, 35, 40, 38, 42, 36, 43], "hlc": [921226, 4]}
INFO:<Node 8>:{"send": false, "recv": true, "to": 8, "from": 4, "vc": [25, 47, 32, 47, 34, 40, 38, 43, 40, 46], "hlc": [921226, 5]}
INFO:<Node 8>:{"send": false, "recv": true, "to": 8, "from": 7, "vc": [28, 47, 33, 47, 34, 40, 38, 45, 41, 46], "hlc": [921226, 6]}
INFO:<Node 9>:{"send": false, "recv": true, "to": 9, "from": 8, "vc": [25, 52, 34, 45, 28, 41, 40, 43, 39, 49], "hlc": [921227, 0]}
INFO:<Node 1>:{"send": true, "recv": false, "from": 1, "to": 5, "vc": [22, 53, 34, 35, 26, 41, 40, 39, 21, 38], "hlc": [921227, 0]}
INFO:<Node 2>:{"send": true, "recv": false, "from": 2, "to": 3, "vc": [25, 52, 38, 45, 28, 41, 40, 43, 37, 48], "hlc": [921226, 6]}
INFO:<Node 4>:{"send": true, "recv": false, "from": 4, "to": 2, "vc": [25, 47, 36, 47, 36, 40, 38, 42, 36, 43], "hlc": [921226, 5]}
INFO:<Node 5>:{"send": true, "recv": false, "from": 5, "to": 1, "vc": [29, 41, 35, 39, 28, 44, 32, 37, 32, 34], "hlc": [921227, 0]}
INFO:<Node 8>:{"send": true, "recv": false, "from": 8, "to": 0, "vc": [28, 47, 33, 47, 34, 40, 38, 45, 42, 46], "hlc": [921226, 7]}
INFO:<Node 9>:{"send": true, "recv": false, "from": 9, "to": 8, "vc": [25, 52, 34, 45, 28, 41, 40, 43, 39, 50], "hlc": [921227, 1]}
INFO:<Node 0>:{"send": false, "recv": true, "to": 0, "from": 8, "vc": [31, 50, 34, 47, 34, 41, 43, 45, 42, 46], "hlc": [921228, 0]}
INFO:<Node 1>:{"send": false, "recv": true, "to": 1, "from": 5, "vc": [29, 54, 35, 39, 28, 44, 40, 39, 32, 38], "hlc": [921227, 1]}
INFO:<Node 2>:{"send": false, "recv": true, "to": 2, "from": 4, "vc": [25, 52, 39, 47, 36, 41, 40, 43, 37, 48], "hlc": [921226, 7]}
INFO:<Node 3>:{"send": false, "recv": true, "to": 3, "from": 2, "vc": [25, 52, 38, 48, 28, 41, 40, 43, 37, 48], "hlc": [921228, 0]}
INFO:<Node 5>:{"send": false, "recv": true, "to": 5, "from": 1, "vc": [29, 53, 35, 39, 28, 45, 40, 39, 32, 38], "hlc": [921227, 1]}
INFO:<Node 8>:{"send": false, "recv": true, "to": 8, "from": 9, "vc": [28, 52, 34, 47, 34, 41, 40, 45, 43, 50], "hlc": [921227, 2]}
INFO:<Node 0>:{"send": true, "recv": false, "from": 0, "to": 5, "vc": [32, 50, 34, 47, 34, 41, 43, 45, 42, 46], "hlc": [921228, 1]}
INFO:<Node 2>:{"send": true, "recv": false, "from": 2, "to": 9, "vc": [25, 52, 40, 47, 36, 41, 40, 43, 37, 48], "hlc": [921226, 8]}
INFO:<Node 3>:{"send": true, "recv": false, "from": 3, "to": 5, "vc": [25, 52, 38, 49, 28, 41, 40, 43, 37, 48], "hlc": [921228, 1]}
INFO:<Node 4>:{"send": true, "recv": false, "from": 4, "to": 7, "vc": [25, 47, 36, 47, 37, 40, 38, 42, 36, 43], "hlc": [921227, 0]}
INFO:<Node 6>:{"send": true, "recv": false, "from": 6, "to": 7, "vc": [22, 50, 34, 35, 32, 41, 44, 41, 21, 38], "hlc": [921225, 7]}
INFO:<Node 7>:{"send": true, "recv": false, "from": 7, "to": 5, "vc": [28, 42, 33, 39, 28, 35, 32, 46, 32, 36], "hlc": [921227, 0]}
INFO:<Node 8>:{"send": true, "recv": false, "from": 8, "to": 1, "vc": [28, 52, 34, 47, 34, 41, 40, 45, 44, 50], "hlc": [921227, 3]}
INFO:<Node 9>:{"send": true, "recv": false, "from": 9, "to": 5, "vc": [25, 52, 34, 45, 28, 41, 40, 43, 39, 51], "hlc": [921227, 2]}
INFO:<Node 1>:{"send": false, "recv": true, "to": 1, "from": 8, "vc": [29, 55, 35, 47, 34, 44, 40, 45, 44, 50], "hlc": [921228, 0]}
INFO:<Node 5>:{"send": false, "recv": true, "to": 5, "from": 0, "vc": [32, 53, 35, 47, 34, 46, 43, 45, 42, 46], "hlc": [921228, 2]}
INFO:<Node 5>:{"send": false, "recv": true, "to": 5, "from": 3, "vc": [32, 53, 38, 49, 34, 47, 43, 45, 42, 48], "hlc": [921228, 3]}
INFO:<Node 5>:{"send": false, "recv": true, "to": 5, "from": 7, "vc": [32, 53, 38, 49, 34, 48, 43, 46, 42, 48], "hlc": [921228, 4]}
INFO:<Node 5>:{"send": false, "recv": true, "to": 5, "from": 9, "vc": [32, 53, 38, 49, 34, 49, 43, 46, 42, 51], "hlc": [921228, 5]}
INFO:<Node 7>:{"send": false, "recv": true, "to": 7, "from": 4, "vc": [28, 47, 36, 47, 37, 40, 38, 47, 36, 43], "hlc": [921227, 1]}
INFO:<Node 7>:{"send": false, "recv": true, "to": 7, "from": 6, "vc": [28, 50, 36, 47, 37, 41, 44, 48, 36, 43], "hlc": [921227, 2]}
INFO:<Node 9>:{"send": false, "recv": true, "to": 9, "from": 2, "vc": [25, 52, 40, 47, 36, 41, 40, 43, 39, 52], "hlc": [921228, 0]}
INFO:<Node 0>:{"send": true, "recv": false, "from": 0, "to": 7, "vc": [33, 50, 34, 47, 34, 41, 43, 45, 42, 46], "hlc": [921228, 2]}
INFO:<Node 1>:{"send": true, "recv": false, "from": 1, "to": 7, "vc": [29, 56, 35, 47, 34, 44, 40, 45, 44, 50], "hlc": [921228, 1]}
INFO:<Node 2>:{"send": true, "recv": false, "from": 2, "to": 9, "vc": [25, 52, 41, 47, 36, 41, 40, 43, 37, 48], "hlc": [921226, 9]}
INFO:<Node 3>:{"send": true, "recv": false, "from": 3, "to": 4, "vc": [25, 52, 38, 50, 28, 41, 40, 43, 37, 48], "hlc": [921228, 2]}
INFO:<Node 7>:{"send": true, "recv": false, "from": 7, "to": 6, "vc": [28, 50, 36, 47, 37, 41, 44, 49, 36, 43], "hlc": [921227, 3]}
INFO:<Node 4>:{"send": false, "recv": true, "to": 4, "from": 3, "vc": [25, 52, 38, 50, 38, 41, 40, 43, 37, 48], "hlc": [921228, 3]}
INFO:<Node 6>:{"send": false, "recv": true, "to": 6, "from": 7, "vc": [28, 50, 36, 47, 37, 41, 45, 49, 36, 43], "hlc": [921227, 4]}
INFO:<Node 7>:{"send": false, "recv": true, "to": 7, "from": 0, "vc": [33, 50, 36, 47, 37, 41, 44, 50, 42, 46], "hlc": [921228, 3]}
INFO:<Node 7>:{"send": false, "recv": true, "to": 7, "from": 1, "vc": [33, 56, 36, 47, 37, 44, 44, 51, 44, 50], "hlc": [921228, 4]}
INFO:<Node 9>:{"send": false, "recv": true, "to": 9, "from": 2, "vc": [25, 52, 41, 47, 36, 41, 40, 43, 39, 53], "hlc": [921229, 0]}
INFO:<Node 1>:{"send": true, "recv": false, "from": 1, "to": 3, "vc": [29, 57, 35, 47, 34, 44, 40, 45, 44, 50], "hlc": [921228, 2]}
INFO:<Node 3>:{"send": true, "recv": false, "from": 3, "to": 5, "vc": [25, 52, 38, 51, 28, 41, 40, 43, 37, 48], "hlc": [921229, 0]}
INFO:<Node 4>:{"send": true, "recv": false, "from": 4, "to": 7, "vc": [25, 52, 38, 50, 39, 41, 40, 43, 37, 48], "hlc": [921228, 4]}
INFO:<Node 5>:{"send": true, "recv": false, "from": 5, "to": 6, "vc": [32, 53, 38, 49, 34, 50, 43, 46, 42, 51], "hlc": [921228, 6]}
INFO:<Node 6>:{"send": true, "recv": false, "from": 6, "to": 9, "vc": [28, 50, 36, 47, 37, 41, 46, 49, 36, 43], "hlc": [921227, 5]}
INFO:<Node 7>:{"send": true, "recv": false, "from": 7, "to": 0, "vc": [33, 56, 36, 47, 37, 44, 44, 52, 44, 50], "hlc": [921228, 5]}
INFO:<Node 9>:{"send": true, "recv": false, "from": 9, "to": 8, "vc": [25, 52, 41, 47, 36, 41, 40, 43, 39, 54], "hlc": [921229, 1]}
INFO:<Node 0>:{"send": false, "recv": true, "to": 0, "from": 7, "vc": [34, 56, 36, 47, 37, 44, 44, 52, 44, 50], "hlc": [921229, 0]}
INFO:<Node 3>:{"send": false, "recv": true, "to": 3, "from": 1, "vc": [29, 57, 38, 52, 34, 44, 40, 45, 44, 50], "hlc": [921229, 1]}
INFO:<Node 5>:{"send": false, "recv": true, "to": 5, "from": 3, "vc": [32, 53, 38, 51, 34, 51, 43, 46, 42, 51], "hlc": [921229, 1]}
INFO:<Node 6>:{"send": false, "recv": true, "to": 6, "from": 5, "vc": [32, 53, 38, 49, 37, 50, 47, 49, 42, 51], "hlc": [921228, 7]}
INFO:<Node 7>:{"send": false, "recv": true, "to": 7, "from": 4, "vc": [33, 56, 38, 50, 39, 44, 44, 53, 44, 50], "hlc": [921228, 6]}
INFO:<Node 8>:{"send": false, "recv": true, "to": 8, "from": 9, "vc": [28, 52, 41, 47, 36, 41, 40, 45, 45, 54], "hlc": [921229, 2]}
INFO:<Node 9>:{"send": false, "recv": true, "to": 9, "from": 6, "vc": [28, 52, 41, 47, 37, 41, 46, 49, 39, 55], "hlc": [921229, 2]}
INFO:<Node 1>:{"send": true, "recv": false, "from": 1, "to": 3, "vc": [29, 58, 35, 47, 34, 44, 40, 45, 44, 50], "hlc": [921229, 0]}
INFO:<Node 2>:{"send": true, "recv": false, "from": 2, "to": 5, "vc": [25, 52, 42, 47, 36, 41, 40, 43, 37, 48], "hlc": [921227, 0]}
INFO:<Node 3>:{"send": true, "recv": false, "from": 3, "to": 2, "vc": [29, 57, 38, 53, 34, 44, 40, 45, 44, 50], "hlc": [921229, 2]}
INFO:<Node 4>:{"send": true, "recv": false, "from": 4, "to": 3, "vc": [25, 52, 38, 50, 40, 41, 40, 43, 37, 48], "hlc": [921228, 5]}
INFO:<Node 7>:{"send": true, "recv": false, "from": 7, "to": 1, "vc": [33, 56, 38, 50, 39, 44, 44, 54, 44, 50], "hlc": [921228, 7]}
INFO:<Node 1>:{"send": false, "recv": true, "to": 1, "from": 7, "vc": [33, 59, 38, 50, 39, 44, 44, 54, 44, 50], "hlc": [921229, 1]}
INFO:<Node 2>:{"send": false, "recv": true, "to": 2, "from": 3, "vc": [29, 57, 43, 53, 36, 44, 40, 45, 44, 50], "hlc": [921229, 3]}
INFO:<Node 3>:{"send": false, "recv": true, "to": 3, "from": 1, "vc": [29, 58, 38, 54, 34, 44, 40, 45, 44, 50], "hlc": [921230, 0]}
INFO:<Node 3>:{"send": false, "recv": true, "to": 3, "from": 4, "vc": [29, 58, 38, 55, 40, 44, 40, 45, 44, 50], "hlc": [921230, 1]}
INFO:<Node 5>:{"send": false, "recv": true, "to": 5, "from": 2, "vc": [32, 53, 42, 51, 36, 52, 43, 46, 42, 51], "hlc": [921229, 2]}
INFO:<Node 2>:{"send": true, "recv": false, "from": 2, "to": 6, "vc": [29, 57, 44, 53, 36, 44, 40, 45, 44, 50], "hlc": [921229, 4]}
INFO:<Node 3>:{"send": true, "recv": false, "from": 3, "to": 0, "vc": [29, 58, 38, 56, 40, 44, 40, 45, 44, 50], "hlc": [921230, 2]}
INFO:<Node 5>:{"send": true, "recv": false, "from": 5, "to": 4, "vc": [32, 53, 42, 51, 36, 53, 43, 46, 42, 51], "hlc": [921229, 3]}
INFO:<Node 7>:{"send": true, "recv": false, "from": 7, "to": 5, "vc": [33, 56, 38, 50, 39, 44, 44, 55, 44, 50], "hlc": [921229, 0]}
INFO:<Node 0>:{"send": false, "recv": true, "to": 0, "from": 3, "vc": [35, 58, 38, 56, 40, 44, 44, 52, 44, 50], "hlc": [921230, 3]}
INFO:<Node 4>:{"send": false, "recv": true, "to": 4, "from": 5, "vc": [32, 53, 42, 51, 41, 53, 43, 46, 42, 51], "hlc": [921229, 4]}
INFO:<Node 5>:{"send": false, "recv": true, "to": 5, "from": 7, "vc": [33, 56, 42, 51, 39, 54, 44, 55, 44, 51], "hlc": [921230, 0]}
INFO:<Node 6>:{"send": false, "recv": true, "to": 6, "from": 2, "vc": [32, 57, 44, 53, 37, 50, 48, 49, 44, 51], "hlc": [921229, 5]}
INFO:<Node 0>:{"send": true, "recv": false, "from": 0, "to": 8, "vc": [36, 58, 38, 56, 40, 44, 44, 52, 44, 50], "hlc": [921230, 4]}
INFO:<Node 1>:{"send": true, "recv": false, "from": 1, "to": 0, "vc": [33, 60, 38, 50, 39, 44, 44, 54, 44, 50], "hlc": [921230, 0]}
INFO:<Node 2>:{"send": true, "recv": false, "from": 2, "to": 0, "vc": [29, 57, 45, 53, 36, 44, 40, 45, 44, 50], "hlc": [921229, 5]}
INFO:<Node 3>:{"send": true, "recv": false, "from": 3, "to": 1, "vc": [29, 58, 38, 57, 40, 44, 40, 45, 44, 50], "hlc": [921230, 3]}
INFO:<Node 4>:{"send": true, "recv": false, "from": 4, "to": 6, "vc": [32, 53, 42, 51, 42, 53, 43, 46, 42, 51], "hlc": [921229, 5]}
INFO:<Node 6>:{"send": true, "recv": false, "from": 6, "to": 2, "vc": [32, 57, 44, 53, 37, 50, 49, 49, 44, 51], "hlc": [921229, 6]}
INFO:<Node 8>:{"send": true, "recv": false, "from": 8, "to": 5, "vc": [28, 52, 41, 47, 36, 41, 40, 45, 46, 54], "hlc": [921229, 3]}
INFO:<Node 0>:{"send": false, "recv": true, "to": 0, "from": 1, "vc": [37, 60, 38, 56, 40, 44, 44, 54, 44, 50], "hlc": [921231, 0]}
INFO:<Node 0>:{"send": false, "recv": true, "to": 0, "from": 2, "vc": [38, 60, 45, 56, 40, 44, 44, 54, 44, 50], "hlc": [921231, 1]}
INFO:<Node 1>:{"send": false, "recv": true, "to": 1, "from": 3, "vc": [33, 61, 38, 57, 40, 44, 44, 54, 44, 50], "hlc": [921230, 4]}
INFO:<Node 2>:{"send": false, "recv": true, "to": 2, "from": 6, "vc": [32, 57, 46, 53, 37, 50, 49, 49, 44, 51], "hlc": [921229, 7]}
INFO:<Node 5>:{"send": false, "recv": true, "to": 5, "from": 8, "vc": [33, 56, 42, 51, 39, 55, 44, 55, 46, 54], "hlc": [921230, 1]}
INFO:<Node 6>:{"send": false, "recv": true, "to": 6, "from": 4, "vc": [32, 57, 44, 53, 42, 53, 50, 49, 44, 51], "hlc": [921229, 7]}
INFO:<Node 8>:{"send": false, "recv": true, "to": 8, "from": 0, "vc": [36, 58, 41, 56, 40, 44, 44, 52, 47, 54], "hlc": [921230, 5]}
INFO:<Node 0>:{"send": true, "recv": false, "from": 0, "to": 2, "vc": [39, 60, 45, 56, 40, 44, 44, 54, 44, 50], "hlc": [921231, 2]}
INFO:<Node 1>:{"send": true, "recv": false, "from": 1, "to": 4, "vc": [33, 62, 38, 57, 40, 44, 44, 54, 44, 50], "hlc": [921230, 5]}
INFO:<Node 2>:{"send": true, "recv": false, "from": 2, "to": 6, "vc": [32, 57, 47, 53, 37, 50, 49, 49, 44, 51], "hlc": [921229, 8]}
INFO:<Node 4>:{"send": true, "recv": false, "from": 4, "to": 7, "vc": [32, 53, 42, 51, 43, 53, 43, 46, 42, 51], "hlc": [921230, 0]}
INFO:<Node 8>:{"send": true, "recv": false, "from": 8, "to": 2, "vc": [36, 58, 41, 56, 40, 44, 44, 52, 48, 54], "hlc": [921230, 6]}
INFO:<Node 9>:{"send": true, "recv": false, "from": 9, "to": 5, "vc": [28, 52, 41, 47, 37, 41, 46, 49, 39, 56], "hlc": [921231, 0]}
INFO:<Node 2>:{"send": false, "recv": true, "to": 2, "from": 0, "vc": [39, 60, 48, 56, 40, 50, 49, 54, 44, 51], "hlc": [921231, 3]}
INFO:<Node 2>:{"send": false, "recv": true, "to": 2, "from": 8, "vc": [39, 60, 49, 56, 40, 50, 49, 54, 48, 54], "hlc": [921231, 4]}
INFO:<Node 4>:{"send": false, "recv": true, "to": 4, "from": 1, "vc": [33, 62, 42, 57, 44, 53, 44, 54, 44, 51], "hlc": [921230, 6]}
INFO:<Node 5>:{"send": false, "recv": true, "to": 5, "from": 9, "vc": [33, 56, 42, 51, 39, 56, 46, 55, 46, 56], "hlc": [921231, 1]}
INFO:<Node 6>:{"send": false, "recv": true, "to": 6, "from": 2, "vc": [32, 57, 47, 53, 42, 53, 51, 49, 44, 51], "hlc": [921229, 9]}
INFO:<Node 7>:{"send": false, "recv": true, "to": 7, "from": 4, "vc": [33, 56, 42, 51, 43, 53, 44, 56, 44, 51], "hlc": [921230, 1]}
INFO:<Node 0>:{"send": true, "recv": false, "from": 0, "to": 8, "vc": [40, 60, 45, 56, 40, 44, 44, 54, 44, 50], "hlc": [921231, 3]}
INFO:<Node 2>:{"send": true, "recv": false, "from": 2, "to": 9, "vc": [39, 60, 50, 56, 40, 50, 49, 54, 48, 54], "hlc": [921231, 5]}
INFO:<Node 3>:{"send": true, "recv": false, "from": 3, "to": 0, "vc": [29, 58, 38, 58, 40, 44, 40, 45, 44, 50], "hlc": [921231, 0]}
INFO:<Node 4>:{"send": true, "recv": false, "from": 4, "to": 6, "vc": [33, 62, 42, 57, 45, 53, 44, 54, 44, 51], "hlc": [921230, 7]}
INFO:<Node 5>:{"send": true, "recv": false, "from": 5, "to": 0, "vc": [33, 56, 42, 51, 39, 57, 46, 55, 46, 56], "hlc": [921231, 2]}
INFO:<Node 6>:{"send": true, "recv": false, "from": 6, "to": 7, "vc": [32, 57, 47, 53, 42, 53, 52, 49, 44, 51], "hlc": [921229, 10]}
INFO:<Node 7>:{"send": true, "recv": false, "from": 7, "to": 0, "vc": [33, 56, 42, 51, 43, 53, 44, 57, 44, 51], "hlc": [921230, 2]}
INFO:<Node 9>:{"send": true, "recv": false, "from": 9, "to": 3, "vc": [28, 52, 41, 47, 37, 41, 46, 49, 39, 57], "hlc": [921231, 1]}
INFO:<Node 0>:{"send": false, "recv": true, "to": 0, "from": 3, "vc": [41, 60, 45, 58, 40, 44, 44, 54, 44, 50], "hlc": [921232, 0]}
INFO:<Node 0>:{"send": false, "recv": true, "to": 0, "from": 5, "vc": [42, 60, 45, 58, 40, 57, 46, 55, 46, 56], "hlc": [921232, 1]}
INFO:<Node 0>:{"send": false, "recv": true, "to": 0, "from": 7, "vc": [43, 60, 45, 58, 43, 57, 46, 57, 46, 56], "hlc": [921232, 2]}
INFO:<Node 3>:{"send": false, "recv": true, "to": 3, "from": 9, "vc": [29, 58, 41, 59, 40, 44, 46, 49, 44, 57], "hlc": [921232, 0]}
INFO:<Node 6>:{"send": false, "recv": true, "to": 6, "from": 4, "vc": [33, 62, 47, 57, 45, 53, 53, 54, 44, 51], "hlc": [921230, 8]}
INFO:<Node 7>:{"send": false, "recv": true, "to": 7, "from": 6, "vc": [33, 57, 47, 53, 43, 53, 52, 58, 44, 51], "hlc": [921231, 0]}
INFO:<Node 8>:{"send": false, "recv": true, "to": 8, "from": 0, "vc": [40, 60, 45, 56, 40, 44, 44, 54, 49, 54], "hlc": [921231, 4]}
INFO:<Node 9>:{"send": false, "recv": true, "to": 9, "from": 2, "vc": [39, 60, 50, 56, 40, 50, 49, 54, 48, 58], "hlc": [921232, 0]}
INFO:<Node 0>:{"send": true, "recv": false, "from": 0, "to": 7, "vc": [44, 60, 45, 58, 43, 57, 46, 57, 46, 56], "hlc": [921232, 3]}
INFO:<Node 1>:{"send": true, "recv": false, "from": 1, "to": 7, "vc": [33, 63, 38, 57, 40, 44, 44, 54, 44, 50], "hlc": [921231, 0]}
INFO:<Node 2>:{"send": true, "recv": false, "from": 2, "to": 9, "vc": [39, 60, 51, 56, 40, 50, 49, 54, 48, 54], "hlc": [921231, 6]}
INFO:<Node 3>:{"send": true, "recv": false, "from": 3, "to": 1, "vc": [29, 58, 41, 60, 40, 44, 46, 49, 44, 57], "hlc": [921232, 1]}
INFO:<Node 6>:{"send": true, "recv": false, "from": 6, "to": 0, "vc": [33, 62, 47, 57, 45, 53, 54, 54, 44, 51], "hlc": [921230, 9]}
INFO:<Node 8>:{"send": true, "recv": false, "from": 8, "to": 7, "vc": [40, 60, 45, 56, 40, 44, 44, 54, 50, 54], "hlc": [921231, 5]}
INFO:<Node 0>:{"send": false, "recv": true, "to": 0, "from": 6, "vc": [45, 62, 47, 58, 45, 57, 54, 57, 46, 56], "hlc": [921232, 4]}
INFO:<Node 1>:{"send": false, "recv": true, "to": 1, "from": 3, "vc": [33, 64, 41, 60, 40, 44, 46, 54, 44, 57], "hlc": [921232, 2]}
INFO:<Node 7>:{"send": false, "recv": true, "to": 7, "from": 0, "vc": [44, 60, 47, 58, 43, 57, 52, 59, 46, 56], "hlc": [921232, 4]}
INFO:<Node 7>:{"send": false, "recv": true, "to": 7, "from": 1, "vc": [44, 63, 47, 58, 43, 57, 52, 60, 46, 56], "hlc": [921232, 5]}
INFO:<Node 7>:{"send": false, "recv": true, "to": 7, "from": 8, "vc": [44, 63, 47, 58, 43, 57, 52, 61, 50, 56], "hlc": [921232, 6]}
INFO:<Node 9>:{"send": false, "recv": true, "to": 9, "from": 2, "vc": [39, 60, 51, 56, 40, 50, 49, 54, 48, 59], "hlc": [921232, 1]}
INFO:<Node 0>:{"send": true, "recv": false, "from": 0, "to": 1, "vc": [46, 62, 47, 58, 45, 57, 54, 57, 46, 56], "hlc": [921232, 5]}
INFO:<Node 2>:{"send": true, "recv": false, "from": 2, "to": 9, "vc": [39, 60, 52, 56, 40, 50, 49, 54, 48, 54], "hlc": [921231, 7]}
INFO:<Node 3>:{"send": true, "recv": false, "from": 3, "to": 2, "vc": [29, 58, 41, 61, 40, 44, 46, 49, 44, 57], "hlc": [921232, 2]}
INFO:<Node 4>:{"send": true, "recv": false, "from": 4, "to": 2, "vc": [33, 62, 42, 57, 46, 53, 44, 54, 44, 51], "hlc": [921231, 0]}
INFO:<Node 5>:{"send": true, "recv": false, "from": 5, "to": 8, "vc": [33, 56, 42, 51, 39, 58, 46, 55, 46, 56], "hlc": [921232, 0]}
INFO:<Node 7>:{"send": true, "recv": false, "from": 7, "to": 4, "vc": [44, 63, 47, 58, 43, 57, 52, 62, 50, 56], "hlc": [921232, 7]}
INFO:<Node 8>:{"send": true, "recv": false, "from": 8, "to": 2, "vc": [40, 60, 45, 56, 40, 44, 44, 54, 51, 54], "hlc": [921231, 6]}
INFO:<Node 9>:{"send": true, "recv": false, "from": 9, "to": 8, "vc": [39, 60, 51, 56, 40, 50, 49, 54, 48, 60], "hlc": [921232, 2]}
INFO:<Node 1>:{"send": false, "recv": true, "to": 1, "from": 0, "vc": [46, 65, 47, 60, 45, 57, 54, 57, 46, 57], "hlc": [921232, 6]}
INFO:<Node 2>:{"send": false, "recv": true, "to": 2, "from": 3, "vc": [39, 60, 53, 61, 40, 50, 49, 54, 48, 57], "hlc": [921232, 3]}
INFO:<Node 2>:{"send": false, "recv": true, "to": 2, "from": 4, "vc": [39, 62, 54, 61, 46, 53, 49, 54, 48, 57], "hlc": [921232, 4]}
INFO:<Node 2>:{"send": false, "recv": true, "to": 2, "from": 8, "vc": [40, 62, 55, 61, 46, 53, 49, 54, 51, 57], "hlc": [921232, 5]}
INFO:<Node 4>:{"send": false, "recv": true, "to": 4, "from": 7, "vc": [44, 63, 47, 58, 47, 57, 52, 62, 50, 56], "hlc": [921232, 8]}
INFO:<Node 8>:{"send": false, "recv": true, "to": 8, "from": 5, "vc": [40, 60, 45, 56, 40, 58, 46, 55, 52, 56], "hlc": [921232, 1]}
INFO:<Node 8>:{"send": false, "recv": true, "to": 8, "from": 9, "vc": [40, 60, 51, 56, 40, 58, 49, 55, 53, 60], "hlc": [921232, 3]}
INFO:<Node 9>:{"send": false, "recv": true, "to": 9, "from": 2, "vc": [39, 60, 52, 56, 40, 50, 49, 54, 48, 61], "hlc": [921233, 0]}
INFO:<Node 0>:{"send": true, "recv": false, "from": 0, "to": 9, "vc": [47, 62, 47, 58, 45, 57, 54, 57, 46, 56], "hlc": [921233, 0]}
INFO:<Node 2>:{"send": true, "recv": false, "from": 2, "to": 6, "vc": [40, 62, 56, 61, 46, 53, 49, 54, 51, 57], "hlc": [921232, 6]}
INFO:<Node 5>:{"send": true, "recv": false, "from": 5, "to": 3, "vc": [33, 56, 42, 51, 39, 59, 46, 55, 46, 56], "hlc": [921232, 1]}
INFO:<Node 6>:{"send": true, "recv": false, "from": 6, "to": 4, "vc": [33, 62, 47, 57, 45, 53, 55, 54, 44, 51], "hlc": [921230, 10]}
INFO:<Node 7>:{"send": true, "recv": false, "from": 7, "to": 5, "vc": [44, 63, 47, 58, 43, 57, 52, 63, 50, 56], "hlc": [921232, 8]}
INFO:<Node 8>:{"send": true, "recv": false, "from": 8, "to": 5, "vc": [40, 60, 51, 56, 40, 58, 49, 55, 54, 60], "hlc": [921232, 4]}
INFO:<Node 3>:{"send": false, "recv": true, "to": 3, "from": 5, "vc": [33, 58, 42, 62, 40, 59, 46, 55, 46, 57], "hlc": [921233, 0]}
INFO:<Node 4>:{"send": false, "recv": true, "to": 4, "from": 6, "vc": [44, 63, 47, 58, 48, 57, 55, 62, 50, 56], "hlc": [921232, 9]}
INFO:<Node 5>:{"send": false, "recv": true, "to": 5, "from": 7, "vc": [44, 63, 47, 58, 43, 60, 52, 63, 50, 56], "hlc": [921233, 0]}
INFO:<Node 5>:{"send": false, "recv": true, "to": 5, "from": 8, "vc": [44, 63, 51, 58, 43, 61, 52, 63, 54, 60], "hlc": [921233, 1]}
INFO:<Node 6>:{"send": false, "recv": true, "to": 6, "from": 2, "vc": [40, 62, 56, 61, 46, 53, 56, 54, 51, 57], "hlc": [921232, 7]}
INFO:<Node 9>:{"send": false, "recv": true, "to": 9, "from": 0, "vc": [47, 62, 52, 58, 45, 57, 54, 57, 48, 62], "hlc": [921233, 1]}
