INFO:root:Random workload: num sockets: 10, num iterations: 50, base address: 61200, chance of send: 3 in 5, round delay (s): 0.5, max clock drift (s): 9.5, actual clock drifts: [-9.061456184631695, -8.250519697238822, 6.209818130348776, -7.706574627823113, -4.908525910235845, -6.964102570915957, 4.801723083903672, -5.247978374054487, -5.511605078921284, 0.463981880650584]
INFO:<Node 1>:{"send": true, "recv": false, "from": 1, "to": 0, "vc": [0, 1, 0, 0, 0, 0, 0, 0, 0, 0], "hlc": [921731, 1]}
INFO:<Node 2>:{"send": true, "recv": false, "from": 2, "to": 3, "vc": [0, 0, 1, 0, 0, 0, 0, 0, 0, 0], "hlc": [921737, 0]}
INFO:<Node 5>:{"send": true, "recv": false, "from": 5, "to": 8, "vc": [0, 0, 0, 0, 0, 1, 0, 0, 0, 0], "hlc": [921731, 1]}
INFO:<Node 6>:{"send": true, "recv": false, "from": 6, "to": 7, "vc": [0, 0, 0, 0, 0, 0, 1, 0, 0, 0], "hlc": [921736, 0]}
INFO:<Node 7>:{"send": true, "recv": false, "from": 7, "to": 9, "vc": [0, 0, 0, 0, 0, 0, 0, 1, 0, 0], "hlc": [921731, 1]}
INFO:<Node 8>:{"send": true, "recv": false, "from": 8, "to": 4, "vc": [0, 0, 0, 0, 0, 0, 0, 0, 1, 0], "hlc": [921731, 1]}
INFO:<Node 0>:{"send": false, "recv": true, "to": 0, "from": 1, "vc": [1, 1, 0, 0, 0, 0, 0, 0, 0, 0], "hlc": [921731, 2]}
INFO:<Node 3>:{"send": false, "recv": true, "to": 3, "from": 2, "vc": [0, 0, 1, 1, 0, 0, 0, 0, 0, 0], "hlc": [921737, 1]}
INFO:<Node 4>:{"send": false, "recv": true, "to": 4, "from": 8, "vc": [0, 0, 0, 0, 1, 0, 0, 0, 1, 0], "hlc": [921731, 2]}
INFO:<Node 7>:{"send": false, "recv": true, "to": 7, "from": 6, "vc": [0, 0, 0, 0, 0, 0, 1, 2, 0, 0], "hlc": [921736, 1]}
INFO:<Node 8>:{"send": false, "recv": true, "to": 8, "from": 5, "vc": [0, 0, 0, 0, 0, 1, 0, 0, 2, 0], "hlc": [921731, 2]}
INFO:<Node 9>:{"send": false, "recv": true, "to": 9, "from": 7, "vc": [0, 0, 0, 0, 0, 0, 0, 1, 0, 1], "hlc": [921732, 0]}
INFO:<Node 3>:{"send": true, "recv": false, "from": 3, "to": 9, "vc": [0, 0, 1, 2, 0, 0, 0, 0, 0, 0], "hlc": [921737, 2]}
INFO:<Node 5>:{"send": true, "recv": false, "from": 5, "to": 0, "vc": [0, 0, 0, 0, 0, 2, 0, 0, 0, 0], "hlc": [921731, 2]}
INFO:<Node 6>:{"send": true, "recv": false, "from": 6, "to": 2, "vc": [0, 0, 0, 0, 0, 0, 2, 0, 0, 0], "hlc": [921737, 0]}
INFO:<Node 8>:{"send": true, "recv": false, "from": 8, "to": 3, "vc": [0, 0, 0, 0, 0, 1, 0, 0, 3, 0], "hlc": [921731, 3]}
INFO:<Node 0>:{"send": false, "recv": true, "to": 0, "from": 5, "vc": [2, 1, 0, 0, 0, 2, 0, 0, 0, 0], "hlc": [921731, 3]}
INFO:<Node 2>:{"send": false, "recv": true, "to": 2, "from": 6, "vc": [0, 0, 2, 0, 0, 0, 2, 0, 0, 0], "hlc": [921738, 0]}
INFO:<Node 3>:{"send": false, "recv": true, "to": 3, "from": 8, "vc": [0, 0, 1, 3, 0, 1, 0, 0, 3, 0], "hlc": [921737, 3]}
INFO:<Node 9>:{"send": false, "recv": true, "to": 9, "from": 3, "vc": [0, 0, 1, 2, 0, 0, 0, 1, 0, 2], "hlc": [921737, 3]}
INFO:<Node 0>:{"send": true, "recv": false, "from": 0, "to": 2, "vc": [3, 1, 0, 0, 0, 2, 0, 0, 0, 0], "hlc": [921731, 4]}
INFO:<Node 3>:{"send": true, "recv": false, "from": 3, "to": 1, "vc": [0, 0, 1, 4, 0, 1, 0, 0, 3, 0], "hlc": [921737, 4]}
INFO:<Node 7>:{"send": true, "recv": false, "from": 7, "to": 8, "vc": [0, 0, 0, 0, 0, 0, 1, 3, 0, 0], "hlc": [921736, 2]}
INFO:<Node 8>:{"send": true, "recv": false, "from": 8, "to": 0, "vc": [0, 0, 0, 0, 0, 1, 0, 0, 4, 0], "hlc": [921731, 4]}
INFO:<Node 9>:{"send": true, "recv": false, "from": 9, "to": 1, "vc": [0, 0, 1, 2, 0, 0, 0, 1, 0, 3], "hlc": [921737, 4]}
INFO:<Node 0>:{"send": false, "recv": true, "to": 0, "from": 8, "vc": [4, 1, 0, 0, 0, 2, 0, 0, 4, 0], "hlc": [921731, 5]}
INFO:<Node 1>:{"send": false, "recv": true, "to": 1, "from": 3, "vc": [0, 2, 1, 4, 0, 1, 0, 0, 3, 0], "hlc": [921737, 5]}
INFO:<Node 1>:{"send": false, "recv": true, "to": 1, "from": 9, "vc": [0, 3, 1, 4, 0, 1, 0, 1, 3, 3], "hlc": [921737, 6]}
INFO:<Node 2>:{"send": false, "recv": true, "to": 2, "from": 0, "vc": [3, 1, 3, 0, 0, 2, 2, 0, 0, 0], "hlc": [921739, 0]}
INFO:<Node 8>:{"send": false, "recv": true, "to": 8, "from": 7, "vc": [0, 0, 0, 0, 0, 1, 1, 3, 5, 0], "hlc": [921736, 3]}
INFO:<Node 0>:{"send": true, "recv": false, "from": 0, "to": 9, "vc": [5, 1, 0, 0, 0, 2, 0, 0, 4, 0], "hlc": [921731, 6]}
INFO:<Node 1>:{"send": true, "recv": false, "from": 1, "to": 7, "vc": [0, 4, 1, 4, 0, 1, 0, 1, 3, 3], "hlc": [921737, 7]}
INFO:<Node 2>:{"send": true, "recv": false, "from": 2, "to": 5, "vc": [3, 1, 4, 0, 0, 2, 2, 0, 0, 0], "hlc": [921739, 1]}
INFO:<Node 3>:{"send": true, "recv": false, "from": 3, "to": 4, "vc": [0, 0, 1, 5, 0, 1, 0, 0, 3, 0], "hlc": [921737, 5]}
INFO:<Node 7>:{"send": true, "recv": false, "from": 7, "to": 8, "vc": [0, 0, 0, 0, 0, 0, 1, 4, 0, 0], "hlc": [921736, 3]}
INFO:<Node 9>:{"send": true, "recv": false, "from": 9, "to": 8, "vc": [0, 0, 1, 2, 0, 0, 0, 1, 0, 4], "hlc": [921737, 5]}
INFO:<Node 4>:{"send": false, "recv": true, "to": 4, "from": 3, "vc": [0, 0, 1, 5, 2, 1, 0, 0, 3, 0], "hlc": [921737, 6]}
INFO:<Node 5>:{"send": false, "recv": true, "to": 5, "from": 2, "vc": [3, 1, 4, 0, 0, 3, 2, 0, 0, 0], "hlc": [921739, 2]}
INFO:<Node 7>:{"send": false, "recv": true, "to": 7, "from": 1, "vc": [0, 4, 1, 4, 0, 1, 1, 5, 3, 3], "hlc": [921737, 8]}
INFO:<Node 8>:{"send": false, "recv": true, "to": 8, "from": 7, "vc": [0, 0, 0, 0, 0, 1, 1, 4, 6, 0], "hlc": [921736, 4]}
INFO:<Node 8>:{"send": false, "recv": true, "to": 8, "from": 9, "vc": [0, 0, 1, 2, 0, 1, 1, 4, 7, 4], "hlc": [921737, 6]}
INFO:<Node 9>:{"send": false, "recv": true, "to": 9, "from": 0, "vc": [5, 1, 1, 2, 0, 2, 0, 1, 4, 5], "hlc": [921737, 6]}
INFO:<Node 0>:{"send": true, "recv": false, "from": 0, "to": 6, "vc": [6, 1, 0, 0, 0, 2, 0, 0, 4, 0], "hlc": [921731, 7]}
INFO:<Node 6>:{"send": true, "recv": false, "from": 6, "to": 4, "vc": [0, 0, 0, 0, 0, 0, 3, 0, 0, 0], "hlc": [921738, 0]}
INFO:<Node 7>:{"send": true, "recv": false, "from": 7, "to": 6, "vc": [0, 4, 1, 4, 0, 1, 1, 6, 3, 3], "hlc": [921737, 9]}
INFO:<Node 8>:{"send": true, "recv": false, "from": 8, "to": 4, "vc": [0, 0, 1, 2, 0, 1, 1, 4, 8, 4], "hlc": [921737, 7]}
INFO:<Node 4>:{"send": false, "recv": true, "to": 4, "from": 6, "vc": [0, 0, 1, 5, 3, 1, 3, 0, 3, 0], "hlc": [921738, 1]}
INFO:<Node 4>:{"send": false, "recv": true, "to": 4, "from": 8, "vc": [0, 0, 1, 5, 4, 1, 3, 4, 8, 4], "hlc": [921738, 2]}
INFO:<Node 6>:{"send": false, "recv": true, "to": 6, "from": 0, "vc": [6, 1, 0, 0, 0, 2, 4, 0, 4, 0], "hlc": [921739, 0]}
INFO:<Node 6>:{"send": false, "recv": true, "to": 6, "from": 7, "vc": [6, 4, 1, 4, 0, 2, 5, 6, 4, 3], "hlc": [921739, 1]}
INFO:<Node 3>:{"send": true, "recv": false, "from": 3, "to": 0, "vc": [0, 0, 1, 6, 0, 1, 0, 0, 3, 0], "hlc": [921737, 6]}
INFO:<Node 4>:{"send": true, "recv": false, "from": 4, "to": 8, "vc": [0, 0, 1, 5, 5, 1, 3, 4, 8, 4], "hlc": [921738, 3]}
INFO:<Node 6>:{"send": true, "recv": false, "from": 6, "to": 7, "vc": [6, 4, 1, 4, 0, 2, 6, 6, 4, 3], "hlc": [921739, 2]}
INFO:<Node 8>:{"send": true, "recv": false, "from": 8, "to": 6, "vc": [0, 0, 1, 2, 0, 1, 1, 4, 9, 4], "hlc": [921737, 8]}
INFO:<Node 0>:{"send": false, "recv": true, "to": 0, "from": 3, "vc": [7, 1, 1, 6, 0, 2, 0, 0, 4, 0], "hlc": [921737, 7]}
INFO:<Node 6>:{"send": false, "recv": true, "to": 6, "from": 8, "vc": [6, 4, 1, 4, 0, 2, 7, 6, 9, 4], "hlc": [921739, 3]}
INFO:<Node 7>:{"send": false, "recv": true, "to": 7, "from": 6, "vc": [6, 4, 1, 4, 0, 2, 6, 7, 4, 3], "hlc": [921739, 3]}
INFO:<Node 8>:{"send": false, "recv": true, "to": 8, "from": 4, "vc": [0, 0, 1, 5, 5, 1, 3, 4, 10, 4], "hlc": [921738, 4]}
INFO:<Node 2>:{"send": true, "recv": false, "from": 2, "to": 5, "vc": [3, 1, 5, 0, 0, 2, 2, 0, 0, 0], "hlc": [921740, 0]}
INFO:<Node 3>:{"send": true, "recv": false, "from": 3, "to": 2, "vc": [0, 0, 1, 7, 0, 1, 0, 0, 3, 0], "hlc": [921737, 7]}
INFO:<Node 5>:{"send": true, "recv": false, "from": 5, "to": 2, "vc": [3, 1, 4, 0, 0, 4, 2, 0, 0, 0], "hlc": [921739, 3]}
INFO:<Node 6>:{"send": true, "recv": false, "from": 6, "to": 1, "vc": [6, 4, 1, 4, 0, 2, 8, 6, 9, 4], "hlc": [921739, 4]}
INFO:<Node 7>:{"send": true, "recv": false, "from": 7, "to": 9, "vc": [6, 4, 1, 4, 0, 2, 6, 8, 4, 3], "hlc": [921739, 4]}
INFO:<Node 1>:{"send": false, "recv": true, "to": 1, "from": 6, "vc": [6, 5, 1, 4, 0, 2, 8, 6, 9, 4], "hlc": [921739, 5]}
INFO:<Node 2>:{"send": false, "recv": true, "to": 2, "from": 3, "vc": [3, 1, 6, 7, 0, 2, 2, 0, 3, 0], "hlc": [921741, 0]}
INFO:<Node 2>:{"send": false, "recv": true, "to": 2, "from": 5, "vc": [3, 1, 7, 7, 0, 4, 2, 0, 3, 0], "hlc": [921741, 1]}
INFO:<Node 5>:{"send": false, "recv": true, "to": 5, "from": 2, "vc": [3, 1, 5, 0, 0, 5, 2, 0, 0, 0], "hlc": [921740, 1]}
INFO:<Node 9>:{"send": false, "recv": true, "to": 9, "from": 7, "vc": [6, 4, 1, 4, 0, 2, 6, 8, 4, 6], "hlc": [921739, 5]}
INFO:<Node 1>:{"send": true, "recv": false, "from": 1, "to": 0, "vc": [6, 6, 1, 4, 0, 2, 8, 6, 9, 4], "hlc": [921739, 6]}
INFO:<Node 2>:{"send": true, "recv": false, "from": 2, "to": 7, "vc": [3, 1, 8, 7, 0, 4, 2, 0, 3, 0], "hlc": [921741, 2]}
INFO:<Node 3>:{"send": true, "recv": false, "from": 3, "to": 0, "vc": [0, 0, 1, 8, 0, 1, 0, 0, 3, 0], "hlc": [921737, 8]}
INFO:<Node 6>:{"send": true, "recv": false, "from": 6, "to": 2, "vc": [6, 4, 1, 4, 0, 2, 9, 6, 9, 4], "hlc": [921740, 0]}
INFO:<Node 7>:{"send": true, "recv": false, "from": 7, "to": 6, "vc": [6, 4, 1, 4, 0, 2, 6, 9, 4, 3], "hlc": [921739, 5]}
INFO:<Node 9>:{"send": true, "recv": false, "from": 9, "to": 7, "vc": [6, 4, 1, 4, 0, 2, 6, 8, 4, 7], "hlc": [921739, 6]}
INFO:<Node 0>:{"send": false, "recv": true, "to": 0, "from": 1, "vc": [8, 6, 1, 6, 0, 2, 8, 6, 9, 4], "hlc": [921739, 7]}
INFO:<Node 0>:{"send": false, "recv": true, "to": 0, "from": 3, "vc": [9, 6, 1, 8, 0, 2, 8, 6, 9, 4], "hlc": [921739, 8]}
INFO:<Node 2>:{"send": false, "recv": true, "to": 2, "from": 6, "vc": [6, 4, 9, 7, 0, 4, 9, 6, 9, 4], "hlc": [921742, 0]}
INFO:<Node 6>:{"send": false, "recv": true, "to": 6, "from": 7, "vc": [6, 4, 1, 4, 0, 2, 10, 9, 9, 4], "hlc": [921740, 1]}
INFO:<Node 7>:{"send": false, "recv": true, "to": 7, "from": 2, "vc": [6, 4, 8, 7, 0, 4, 6, 10, 4, 3], "hlc": [921741, 3]}
INFO:<Node 7>:{"send": false, "recv": true, "to": 7, "from": 9, "vc": [6, 4, 8, 7, 0, 4, 6, 11, 4, 7], "hlc": [921741, 4]}
INFO:<Node 0>:{"send": true, "recv": false, "from": 0, "to": 1, "vc": [10, 6, 1, 8, 0, 2, 8, 6, 9, 4], "hlc": [921739, 9]}
INFO:<Node 2>:{"send": true, "recv": false, "from": 2, "to": 1, "vc": [6, 4, 10, 7, 0, 4, 9, 6, 9, 4], "hlc": [921742, 1]}
INFO:<Node 3>:{"send": true, "recv": false, "from": 3, "to": 4, "vc": [0, 0, 1, 9, 0, 1, 0, 0, 3, 0], "hlc": [921737, 9]}
INFO:<Node 4>:{"send": true, "recv": false, "from": 4, "to": 1, "vc": [0, 0, 1, 5, 6, 1, 3, 4, 8, 4], "hlc": [921738, 4]}
INFO:<Node 5>:{"send": true, "recv": false, "from": 5, "to": 9, "vc": [3, 1, 5, 0, 0, 6, 2, 0, 0, 0], "hlc": [921740, 2]}
INFO:<Node 7>:{"send": true, "recv": false, "from": 7, "to": 5, "vc": [6, 4, 8, 7, 0, 4, 6, 12, 4, 7], "hlc": [921741, 5]}
INFO:<Node 8>:{"send": true, "recv": false, "from": 8, "to": 3, "vc": [0, 0, 1, 5, 5, 1, 3, 4, 11, 4], "hlc": [921738, 5]}
INFO:<Node 9>:{"send": true, "recv": false, "from": 9, "to": 8, "vc": [6, 4, 1, 4, 0, 2, 6, 8, 4, 8], "hlc": [921739, 7]}
INFO:<Node 1>:{"send": false, "recv": true, "to": 1, "from": 0, "vc": [10, 7, 1, 8, 0, 2, 8, 6, 9, 4], "hlc": [921739, 10]}
INFO:<Node 1>:{"send": false, "recv": true, "to": 1, "from": 2, "vc": [10, 8, 10, 8, 0, 4, 9, 6, 9, 4], "hlc": [921742, 2]}
INFO:<Node 1>:{"send": false, "recv": true, "to": 1, "from": 4, "vc": [10, 9, 10, 8, 6, 4, 9, 6, 9, 4], "hlc": [921742, 3]}
INFO:<Node 3>:{"send": false, "recv": true, "to": 3, "from": 8, "vc": [0, 0, 1, 10, 5, 1, 3, 4, 11, 4], "hlc": [921738, 6]}
INFO:<Node 4>:{"send": false, "recv": true, "to": 4, "from": 3, "vc": [0, 0, 1, 9, 7, 1, 3, 4, 8, 4], "hlc": [921738, 5]}
INFO:<Node 5>:{"send": false, "recv": true, "to": 5, "from": 7, "vc": [6, 4, 8, 7, 0, 7, 6, 12, 4, 7], "hlc": [921741, 6]}
INFO:<Node 8>:{"send": false, "recv": true, "to": 8, "from": 9, "vc": [6, 4, 1, 5, 5, 2, 6, 8, 12, 8], "hlc": [921739, 8]}
INFO:<Node 9>:{"send": false, "recv": true, "to": 9, "from": 5, "vc": [6, 4, 5, 4, 0, 6, 6, 8, 4, 9], "hlc": [921740, 3]}
INFO:<Node 0>:{"send": true, "recv": false, "from": 0, "to": 1, "vc": [11, 6, 1, 8, 0, 2, 8, 6, 9, 4], "hlc": [921739, 10]}
INFO:<Node 1>:{"send": true, "recv": false, "from": 1, "to": 0, "vc": [10, 10, 10, 8, 6, 4, 9, 6, 9, 4], "hlc": [921742, 4]}
INFO:<Node 2>:{"send": true, "recv": false, "from": 2, "to": 5, "vc": [6, 4, 11, 7, 0, 4, 9, 6, 9, 4], "hlc": [921742, 2]}
INFO:<Node 4>:{"send": true, "recv": false, "from": 4, "to": 8, "vc": [0, 0, 1, 9, 8, 1, 3, 4, 8, 4], "hlc": [921738, 6]}
INFO:<Node 6>:{"send": true, "recv": false, "from": 6, "to": 9, "vc": [6, 4, 1, 4, 0, 2, 11, 9, 9, 4], "hlc": [921741, 0]}
INFO:<Node 8>:{"send": true, "recv": false, "from": 8, "to": 0, "vc": [6, 4, 1, 5, 5, 2, 6, 8, 13, 8], "hlc": [921739, 9]}
INFO:<Node 9>:{"send": true, "recv": false, "from": 9, "to": 4, "vc": [6, 4, 5, 4, 0, 6, 6, 8, 4, 10], "hlc": [921740, 4]}
INFO:<Node 0>:{"send": false, "recv": true, "to": 0, "from": 1, "vc": [12, 10, 10, 8, 6, 4, 9, 6, 9, 4], "hlc": [921742, 5]}
INFO:<Node 0>:{"send": false, "recv": true, "to": 0, "from": 8, "vc": [13, 10, 10, 8, 6, 4, 9, 8, 13, 8], "hlc": [921742, 6]}
INFO:<Node 1>:{"send": false, "recv": true, "to": 1, "from": 0, "vc": [11, 11, 10, 8, 6, 4, 9, 6, 9, 4], "hlc": [921742, 5]}
INFO:<Node 4>:{"send": false, "recv": true, "to": 4, "from": 9, "vc": [6, 4, 5, 9, 9, 6, 6, 8, 8, 10], "hlc": [921740, 5]}
INFO:<Node 5>:{"send": false, "recv": true, "to": 5, "from": 2, "vc": [6, 4, 11, 7, 0, 8, 9, 12, 9, 7], "hlc": [921742, 3]}
INFO:<Node 8>:{"send": false, "recv": true, "to": 8, "from": 4, "vc": [6, 4, 1, 9, 8, 2, 6, 8, 14, 8], "hlc": [921739, 10]}
INFO:<Node 9>:{"send": false, "recv": true, "to": 9, "from": 6, "vc": [6, 4, 5, 4, 0, 6, 11, 9, 9, 11], "hlc": [921741, 1]}
INFO:<Node 6>:{"send": true, "recv": false, "from": 6, "to": 3, "vc": [6, 4, 1, 4, 0, 2, 12, 9, 9, 4], "hlc": [921741, 1]}
INFO:<Node 8>:{"send": true, "recv": false, "from": 8, "to": 5, "vc": [6, 4, 1, 9, 8, 2, 6, 8, 15, 8], "hlc": [921739, 11]}
INFO:<Node 9>:{"send": true, "recv": false, "from": 9, "to": 3, "vc": [6, 4, 5, 4, 0, 6, 11, 9, 9, 12], "hlc": [921741, 2]}
INFO:<Node 3>:{"send": false, "recv": true, "to": 3, "from": 6, "vc": [6, 4, 1, 11, 5, 2, 12, 9, 11, 4], "hlc": [921741, 2]}
INFO:<Node 3>:{"send": false, "recv": true, "to": 3, "from": 9, "vc": [6, 4, 5, 12, 5, 6, 12, 9, 11, 12], "hlc": [921741, 3]}
INFO:<Node 5>:{"send": false, "recv": true, "to": 5, "from": 8, "vc": [6, 4, 11, 9, 8, 9, 9, 12, 15, 8], "hlc": [921742, 4]}
INFO:<Node 1>:{"send": true, "recv": false, "from": 1, "to": 7, "vc": [11, 12, 10, 8, 6, 4, 9, 6, 9, 4], "hlc": [921742, 6]}
INFO:<Node 4>:{"send": true, "recv": false, "from": 4, "to": 2, "vc": [6, 4, 5, 9, 10, 6, 6, 8, 8, 10], "hlc": [921740, 6]}
INFO:<Node 6>:{"send": true, "recv": false, "from": 6, "to": 4, "vc": [6, 4, 1, 4, 0, 2, 13, 9, 9, 4], "hlc": [921742, 0]}
INFO:<Node 7>:{"send": true, "recv": false, "from": 7, "to": 9, "vc": [6, 4, 8, 7, 0, 4, 6, 13, 4, 7], "hlc": [921741, 6]}
INFO:<Node 2>:{"send": false, "recv": true, "to": 2, "from": 4, "vc": [6, 4, 12, 9, 10, 6, 9, 8, 9, 10], "hlc": [921744, 0]}
INFO:<Node 4>:{"send": false, "recv": true, "to": 4, "from": 6, "vc": [6, 4, 5, 9, 11, 6, 13, 9, 9, 10], "hlc": [921742, 1]}
INFO:<Node 7>:{"send": false, "recv": true, "to": 7, "from": 1, "vc": [11, 12, 10, 8, 6, 4, 9, 14, 9, 7], "hlc": [921742, 7]}
INFO:<Node 9>:{"send": false, "recv": true, "to": 9, "from": 7, "vc": [6, 4, 8, 7, 0, 6, 11, 13, 9, 13], "hlc": [921741, 7]}
INFO:<Node 0>:{"send": true, "recv": false, "from": 0, "to": 8, "vc": [14, 10, 10, 8, 6, 4, 9, 8, 13, 8], "hlc": [921742, 7]}
INFO:<Node 1>:{"send": true, "recv": false, "from": 1, "to": 5, "vc": [11, 13, 10, 8, 6, 4, 9, 6, 9, 4], "hlc": [921742, 7]}
INFO:<Node 3>:{"send": true, "recv": false, "from": 3, "to": 8, "vc": [6, 4, 5, 13, 5, 6, 12, 9, 11, 12], "hlc": [921741, 4]}
INFO:<Node 4>:{"send": true, "recv": false, "from": 4, "to": 3, "vc": [6, 4, 5, 9, 12, 6, 13, 9, 9, 10], "hlc": [921742, 2]}
INFO:<Node 5>:{"send": true, "recv": false, "from": 5, "to": 3, "vc": [6, 4, 11, 9, 8, 10, 9, 12, 15, 8], "hlc": [921742, 5]}
INFO:<Node 8>:{"send": true, "recv": false, "from": 8, "to": 9, "vc": [6, 4, 1, 9, 8, 2, 6, 8, 16, 8], "hlc": [921739, 12]}
INFO:<Node 3>:{"send": false, "recv": true, "to": 3, "from": 4, "vc": [6, 4, 5, 14, 12, 6, 13, 9, 11, 12], "hlc": [921742, 3]}
INFO:<Node 3>:{"send": false, "recv": true, "to": 3, "from": 5, "vc": [6, 4, 11, 15, 12, 10, 13, 12, 15, 12], "hlc": [921742, 6]}
INFO:<Node 5>:{"send": false, "recv": true, "to": 5, "from": 1, "vc": [11, 13, 11, 9, 8, 11, 9, 12, 15, 8], "hlc": [921742, 8]}
INFO:<Node 8>:{"send": false, "recv": true, "to": 8, "from": 0, "vc": [14, 10, 10, 9, 8, 4, 9, 8, 17, 8], "hlc": [921742, 8]}
INFO:<Node 8>:{"send": false, "recv": true, "to": 8, "from": 3, "vc": [14, 10, 10, 13, 8, 6, 12, 9, 18, 12], "hlc": [921742, 9]}
INFO:<Node 9>:{"send": false, "recv": true, "to": 9, "from": 8, "vc": [6, 4, 8, 9, 8, 6, 11, 13, 16, 14], "hlc": [921741, 8]}
INFO:<Node 1>:{"send": true, "recv": false, "from": 1, "to": 5, "vc": [11, 14, 10, 8, 6, 4, 9, 6, 9, 4], "hlc": [921742, 8]}
INFO:<Node 2>:{"send": true, "recv": false, "from": 2, "to": 9, "vc": [6, 4, 13, 9, 10, 6, 9, 8, 9, 10], "hlc": [921744, 1]}
INFO:<Node 9>:{"send": true, "recv": false, "from": 9, "to": 7, "vc": [6, 4, 8, 9, 8, 6, 11, 13, 16, 15], "hlc": [921741, 9]}
INFO:<Node 5>:{"send": false, "recv": true, "to": 5, "from": 1, "vc": [11, 14, 11, 9, 8, 12, 9, 12, 15, 8], "hlc": [921742, 9]}
INFO:<Node 7>:{"send": false, "recv": true, "to": 7, "from": 9, "vc": [11, 12, 10, 9, 8, 6, 11, 15, 16, 15], "hlc": [921742, 8]}
INFO:<Node 9>:{"send": false, "recv": true, "to": 9, "from": 2, "vc": [6, 4, 13, 9, 10, 6, 11, 13, 16, 16], "hlc": [921744, 2]}
INFO:<Node 1>:{"send": true, "recv": false, "from": 1, "to": 6, "vc": [11, 15, 10, 8, 6, 4, 9, 6, 9, 4], "hlc": [921742, 9]}
INFO:<Node 2>:{"send": true, "recv": false, "from": 2, "to": 4, "vc": [6, 4, 14, 9, 10, 6, 9, 8, 9, 10], "hlc": [921745, 0]}
INFO:<Node 5>:{"send": true, "recv": false, "from": 5, "to": 3, "vc": [11, 14, 11, 9, 8, 13, 9, 12, 15, 8], "hlc": [921742, 10]}
INFO:<Node 6>:{"send": true, "recv": false, "from": 6, "to": 4, "vc": [6, 4, 1, 4, 0, 2, 14, 9, 9, 4], "hlc": [921743, 0]}
INFO:<Node 7>:{"send": true, "recv": false, "from": 7, "to": 1, "vc": [11, 12, 10, 9, 8, 6, 11, 16, 16, 15], "hlc": [921742, 9]}
INFO:<Node 8>:{"send": true, "recv": false, "from": 8, "to": 6, "vc": [14, 10, 10, 13, 8, 6, 12, 9, 19, 12], "hlc": [921742, 10]}
INFO:<Node 9>:{"send": true, "recv": false, "from": 9, "to": 2, "vc": [6, 4, 13, 9, 10, 6, 11, 13, 16, 17], "hlc": [921744, 3]}
INFO:<Node 1>:{"send": false, "recv": true, "to": 1, "from": 7, "vc": [11, 16, 10, 9, 8, 6, 11, 16, 16, 15], "hlc": [921742, 10]}
INFO:<Node 2>:{"send": false, "recv": true, "to": 2, "from": 9, "vc": [6, 4, 15, 9, 10, 6, 11, 13, 16, 17], "hlc": [921745, 1]}
INFO:<Node 3>:{"send": false, "recv": true, "to": 3, "from": 5, "vc": [11, 14, 11, 16, 12, 13, 13, 12, 15, 12], "hlc": [921742, 11]}
INFO:<Node 4>:{"send": false, "recv": true, "to": 4, "from": 2, "vc": [6, 4, 14, 9, 13, 6, 13, 9, 9, 10], "hlc": [921745, 1]}
INFO:<Node 4>:{"send": false, "recv": true, "to": 4, "from": 6, "vc": [6, 4, 14, 9, 14, 6, 14, 9, 9, 10], "hlc": [921745, 2]}
INFO:<Node 6>:{"send": false, "recv": true, "to": 6, "from": 1, "vc": [11, 15, 10, 8, 6, 4, 15, 9, 9, 4], "hlc": [921744, 0]}
INFO:<Node 6>:{"send": false, "recv": true, "to": 6, "from": 8, "vc": [14, 15, 10, 13, 8, 6, 16, 9, 19, 12], "hlc": [921744, 1]}
INFO:<Node 0>:{"send": true, "recv": false, "from": 0, "to": 9, "vc": [15, 10, 10, 8, 6, 4, 9, 8, 13, 8], "hlc": [921742, 8]}
INFO:<Node 5>:{"send": true, "recv": false, "from": 5, "to": 4, "vc": [11, 14, 11, 9, 8, 14, 9, 12, 15, 8], "hlc": [921742, 11]}
INFO:<Node 6>:{"send": true, "recv": false, "from": 6, "to": 5, "vc": [14, 15, 10, 13, 8, 6, 17, 9, 19, 12], "hlc": [921744, 2]}
INFO:<Node 4>:{"send": false, "recv": true, "to": 4, "from": 5, "vc": [11, 14, 14, 9, 15, 14, 14, 12, 15, 10], "hlc": [921745, 3]}
INFO:<Node 5>:{"send": false, "recv": true, "to": 5, "from": 6, "vc": [14, 15, 11, 13, 8, 15, 17, 12, 19, 12], "hlc": [921744, 3]}
INFO:<Node 9>:{"send": false, "recv": true, "to": 9, "from": 0, "vc": [15, 10, 13, 9, 10, 6, 11, 13, 16, 18], "hlc": [921744, 4]}
INFO:<Node 2>:{"send": true, "recv": false, "from": 2, "to": 0, "vc": [6, 4, 16, 9, 10, 6, 11, 13, 16, 17], "hlc": [921746, 0]}
INFO:<Node 5>:{"send": true, "recv": false, "from": 5, "to": 8, "vc": [14, 15, 11, 13, 8, 16, 17, 12, 19, 12], "hlc": [921744, 4]}
INFO:<Node 6>:{"send": true, "recv": false, "from": 6, "to": 0, "vc": [14, 15, 10, 13, 8, 6, 18, 9, 19, 12], "hlc": [921744, 3]}
INFO:<Node 7>:{"send": true, "recv": false, "from": 7, "to": 3, "vc": [11, 12, 10, 9, 8, 6, 11, 17, 16, 15], "hlc": [921742, 10]}
INFO:<Node 8>:{"send": true, "recv": false, "from": 8, "to": 6, "vc": [14, 10, 10, 13, 8, 6, 12, 9, 20, 12], "hlc": [921742, 11]}
INFO:<Node 0>:{"send": false, "recv": true, "to": 0, "from": 2, "vc": [16, 10, 16, 9, 10, 6, 11, 13, 16, 17], "hlc": [921746, 1]}
INFO:<Node 0>:{"send": false, "recv": true, "to": 0, "from": 6, "vc": [17, 15, 16, 13, 10, 6, 18, 13, 19, 17], "hlc": [921746, 2]}
INFO:<Node 3>:{"send": false, "recv": true, "to": 3, "from": 7, "vc": [11, 14, 11, 17, 12, 13, 13, 17, 16, 15], "hlc": [921742, 12]}
INFO:<Node 6>:{"send": false, "recv": true, "to": 6, "from": 8, "vc": [14, 15, 10, 13, 8, 6, 19, 9, 20, 12], "hlc": [921745, 0]}
INFO:<Node 8>:{"send": false, "recv": true, "to": 8, "from": 5, "vc": [14, 15, 11, 13, 8, 16, 17, 12, 21, 12], "hlc": [921744, 5]}
INFO:<Node 0>:{"send": true, "recv": false, "from": 0, "to": 6, "vc": [18, 15, 16, 13, 10, 6, 18, 13, 19, 17], "hlc": [921746, 3]}
INFO:<Node 3>:{"send": true, "recv": false, "from": 3, "to": 4, "vc": [11, 14, 11, 18, 12, 13, 13, 17, 16, 15], "hlc": [921742, 13]}
INFO:<Node 4>:{"send": true, "recv": false, "from": 4, "to": 5, "vc": [11, 14, 14, 9, 16, 14, 14, 12, 15, 10], "hlc": [921745, 4]}
INFO:<Node 6>:{"send": true, "recv": false, "from": 6, "to": 7, "vc": [14, 15, 10, 13, 8, 6, 20, 9, 20, 12], "hlc": [921745, 1]}
INFO:<Node 7>:{"send": true, "recv": false, "from": 7, "to": 9, "vc": [11, 12, 10, 9, 8, 6, 11, 18, 16, 15], "hlc": [921742, 11]}
INFO:<Node 8>:{"send": true, "recv": false, "from": 8, "to": 2, "vc": [14, 15, 11, 13, 8, 16, 17, 12, 22, 12], "hlc": [921744, 6]}
INFO:<Node 2>:{"send": false, "recv": true, "to": 2, "from": 8, "vc": [14, 15, 17, 13, 10, 16, 17, 13, 22, 17], "hlc": [921747, 0]}
INFO:<Node 4>:{"send": false, "recv": true, "to": 4, "from": 3, "vc": [11, 14, 14, 18, 17, 14, 14, 17, 16, 15], "hlc": [921745, 5]}
INFO:<Node 5>:{"send": false, "recv": true, "to": 5, "from": 4, "vc": [14, 15, 14, 13, 16, 17, 17, 12, 19, 12], "hlc": [921745, 5]}
INFO:<Node 6>:{"send": false, "recv": true, "to": 6, "from": 0, "vc": [18, 15, 16, 13, 10, 6, 21, 13, 20, 17], "hlc": [921746, 4]}
INFO:<Node 7>:{"send": false, "recv": true, "to": 7, "from": 6, "vc": [14, 15, 10, 13, 8, 6, 20, 19, 20, 15], "hlc": [921745, 2]}
INFO:<Node 9>:{"send": false, "recv": true, "to": 9, "from": 7, "vc": [15, 12, 13, 9, 10, 6, 11, 18, 16, 19], "hlc": [921744, 5]}
INFO:<Node 2>:{"send": true, "recv": false, "from": 2, "to": 1, "vc": [14, 15, 18, 13, 10, 16, 17, 13, 22, 17], "hlc": [921747, 1]}
INFO:<Node 3>:{"send": true, "recv": false, "from": 3, "to": 4, "vc": [11, 14, 11, 19, 12, 13, 13, 17, 16, 15], "hlc": [921742, 14]}
INFO:<Node 4>:{"send": true, "recv": false, "from": 4, "to": 8, "vc": [11, 14, 14, 18, 18, 14, 14, 17, 16, 15], "hlc": [921745, 6]}
INFO:<Node 6>:{"send": true, "recv": false, "from": 6, "to": 3, "vc": [18, 15, 16, 13, 10, 6, 22, 13, 20, 17], "hlc": [921746, 5]}
INFO:<Node 8>:{"send": true, "recv": false, "from": 8, "to": 9, "vc": [14, 15, 11, 13, 8, 16, 17, 12, 23, 12], "hlc": [921744, 7]}
INFO:<Node 1>:{"send": false, "recv": true, "to": 1, "from": 2, "vc": [14, 17, 18, 13, 10, 16, 17, 16, 22, 17], "hlc": [921747, 2]}
INFO:<Node 3>:{"send": false, "recv": true, "to": 3, "from": 6, "vc": [18, 15, 16, 20, 12, 13, 22, 17, 20, 17], "hlc": [921746, 6]}
INFO:<Node 4>:{"send": false, "recv": true, "to": 4, "from": 3, "vc": [11, 14, 14, 19, 19, 14, 14, 17, 16, 15], "hlc": [921745, 7]}
INFO:<Node 8>:{"send": false, "recv": true, "to": 8, "from": 4, "vc": [14, 15, 14, 18, 18, 16, 17, 17, 24, 15], "hlc": [921745, 7]}
INFO:<Node 9>:{"send": false, "recv": true, "to": 9, "from": 8, "vc": [15, 15, 13, 13, 10, 16, 17, 18, 23, 20], "hlc": [921744, 8]}
INFO:<Node 0>:{"send": true, "recv": false, "from": 0, "to": 9, "vc": [19, 15, 16, 13, 10, 6, 18, 13, 19, 17], "hlc": [921746, 4]}
INFO:<Node 1>:{"send": true, "recv": false, "from": 1, "to": 2, "vc": [14, 18, 18, 13, 10, 16, 17, 16, 22, 17], "hlc": [921747, 3]}
INFO:<Node 3>:{"send": true, "recv": false, "from": 3, "to": 5, "vc": [18, 15, 16, 21, 12, 13, 22, 17, 20, 17], "hlc": [921746, 7]}
INFO:<Node 4>:{"send": true, "recv": false, "from": 4, "to": 6, "vc": [11, 14, 14, 19, 20, 14, 14, 17, 16, 15], "hlc": [921745, 8]}
INFO:<Node 5>:{"send": true, "recv": false, "from": 5, "to": 0, "vc": [14, 15, 14, 13, 16, 18, 17, 12, 19, 12], "hlc": [921745, 6]}
INFO:<Node 8>:{"send": true, "recv": false, "from": 8, "to": 6, "vc": [14, 15, 14, 18, 18, 16, 17, 17, 25, 15], "hlc": [921745, 8]}
INFO:<Node 9>:{"send": true, "recv": false, "from": 9, "to": 5, "vc": [15, 15, 13, 13, 10, 16, 17, 18, 23, 21], "hlc": [921744, 9]}
INFO:<Node 0>:{"send": false, "recv": true, "to": 0, "from": 5, "vc": [20, 15, 16, 13, 16, 18, 18, 13, 19, 17], "hlc": [921746, 5]}
INFO:<Node 2>:{"send": false, "recv": true, "to": 2, "from": 1, "vc": [14, 18, 19, 13, 10, 16, 17, 16, 22, 17], "hlc": [921748, 0]}
INFO:<Node 5>:{"send": false, "recv": true, "to": 5, "from": 3, "vc": [18, 15, 16, 21, 16, 19, 22, 17, 20, 17], "hlc": [921746, 8]}
INFO:<Node 5>:{"send": false, "recv": true, "to": 5, "from": 9, "vc": [18, 15, 16, 21, 16, 20, 22, 18, 23, 21], "hlc": [921746, 9]}
INFO:<Node 6>:{"send": false, "recv": true, "to": 6, "from": 4, "vc": [18, 15, 16, 19, 20, 14, 23, 17, 20, 17], "hlc": [921746, 6]}
INFO:<Node 6>:{"send": false, "recv": true, "to": 6, "from": 8, "vc": [18, 15, 16, 19, 20, 16, 24, 17, 25, 17], "hlc": [921746, 7]}
INFO:<Node 9>:{"send": false, "recv": true, "to": 9, "from": 0, "vc": [19, 15, 16, 13, 10, 16, 18, 18, 23, 22], "hlc": [921746, 5]}
INFO:<Node 0>:{"send": true, "recv": false, "from": 0, "to": 4, "vc": [21, 15, 16, 13, 16, 18, 18, 13, 19, 17], "hlc": [921746, 6]}
INFO:<Node 1>:{"send": true, "recv": false, "from": 1, "to": 5, "vc": [14, 19, 18, 13, 10, 16, 17, 16, 22, 17], "hlc": [921747, 4]}
INFO:<Node 2>:{"send": true, "recv": false, "from": 2, "to": 1, "vc": [14, 18, 20, 13, 10, 16, 17, 16, 22, 17], "hlc": [921748, 1]}
INFO:<Node 3>:{"send": true, "recv": false, "from": 3, "to": 1, "vc": [18, 15, 16, 22, 12, 13, 22, 17, 20, 17], "hlc": [921746, 8]}
INFO:<Node 5>:{"send": true, "recv": false, "from": 5, "to": 6, "vc": [18, 15, 16, 21, 16, 21, 22, 18, 23, 21], "hlc": [921746, 10]}
INFO:<Node 6>:{"send": true, "recv": false, "from": 6, "to": 7, "vc": [18, 15, 16, 19, 20, 16, 25, 17, 25, 17], "hlc": [921746, 8]}
INFO:<Node 7>:{"send": true, "recv": false, "from": 7, "to": 3, "vc": [14, 15, 10, 13, 8, 6, 20, 20, 20, 15], "hlc": [921745, 3]}
INFO:<Node 8>:{"send": true, "recv": false, "from": 8, "to": 2, "vc": [14, 15, 14, 18, 18, 16, 17, 17, 26, 15], "hlc": [921745, 9]}
INFO:<Node 1>:{"send": false, "recv": true, "to": 1, "from": 2, "vc": [14, 20, 20, 13, 10, 16, 17, 16, 22, 17], "hlc": [921748, 2]}
INFO:<Node 1>:{"send": false, "recv": true, "to": 1, "from": 3, "vc": [18, 21, 20, 22, 12, 16, 22, 17, 22, 17], "hlc": [921748, 3]}
INFO:<Node 2>:{"send": false, "recv": true, "to": 2, "from": 8, "vc": [14, 18, 21, 18, 18, 16, 17, 17, 26, 17], "hlc": [921748, 2]}
INFO:<Node 3>:{"send": false, "recv": true, "to": 3, "from": 7, "vc": [18, 15, 16, 23, 12, 13, 22, 20, 20, 17], "hlc": [921746, 9]}
INFO:<Node 4>:{"send": false, "recv": true, "to": 4, "from": 0, "vc": [21, 15, 16, 19, 21, 18, 18, 17, 19, 17], "hlc": [921746, 7]}
INFO:<Node 5>:{"send": false, "recv": true, "to": 5, "from": 1, "vc": [18, 19, 18, 21, 16, 22, 22, 18, 23, 21], "hlc": [921747, 5]}
INFO:<Node 6>:{"send": false, "recv": true, "to": 6, "from": 5, "vc": [18, 15, 16, 21, 20, 21, 26, 18, 25, 21], "hlc": [921747, 0]}
INFO:<Node 7>:{"send": false, "recv": true, "to": 7, "from": 6, "vc": [18, 15, 16, 19, 20, 16, 25, 21, 25, 17], "hlc": [921746, 9]}
INFO:<Node 1>:{"send": true, "recv": false, "from": 1, "to": 6, "vc": [18, 22, 20, 22, 12, 16, 22, 17, 22, 17], "hlc": [921748, 4]}
INFO:<Node 2>:{"send": true, "recv": false, "from": 2, "to": 6, "vc": [14, 18, 22, 18, 18, 16, 17, 17, 26, 17], "hlc": [921748, 3]}
INFO:<Node 6>:{"send": true, "recv": false, "from": 6, "to": 0, "vc": [18, 15, 16, 21, 20, 21, 27, 18, 25, 21], "hlc": [921747, 1]}
INFO:<Node 7>:{"send": true, "recv": false, "from": 7, "to": 9, "vc": [18, 15, 16, 19, 20, 16, 25, 22, 25, 17], "hlc": [921746, 10]}
INFO:<Node 0>:{"send": false, "recv": true, "to": 0, "from": 6, "vc": [22, 15, 16, 21, 20, 21, 27, 18, 25, 21], "hlc": [921747, 2]}
INFO:<Node 6>:{"send": false, "recv": true, "to": 6, "from": 1, "vc": [18, 22, 20, 22, 20, 21, 28, 18, 25, 21], "hlc": [921748, 5]}
INFO:<Node 6>:{"send": false, "recv": true, "to": 6, "from": 2, "vc": [18, 22, 22, 22, 20, 21, 29, 18, 26, 21], "hlc": [921748, 6]}
INFO:<Node 9>:{"send": false, "recv": true, "to": 9, "from": 7, "vc": [19, 15, 16, 19, 20, 16, 25, 22, 25, 23], "hlc": [921746, 11]}
INFO:<Node 1>:{"send": true, "recv": false, "from": 1, "to": 6, "vc": [18, 23, 20, 22, 12, 16, 22, 17, 22, 17], "hlc": [921748, 5]}
INFO:<Node 2>:{"send": true, "recv": false, "from": 2, "to": 5, "vc": [14, 18, 23, 18, 18, 16, 17, 17, 26, 17], "hlc": [921749, 0]}
INFO:<Node 4>:{"send": true, "recv": false, "from": 4, "to": 5, "vc": [21, 15, 16, 19, 22, 18, 18, 17, 19, 17], "hlc": [921746, 8]}
INFO:<Node 5>:{"send": true, "recv": false, "from": 5, "to": 1, "vc": [18, 19, 18, 21, 16, 23, 22, 18, 23, 21], "hlc": [921747, 6]}
INFO:<Node 6>:{"send": true, "recv": false, "from": 6, "to": 5, "vc": [18, 22, 22, 22, 20, 21, 30, 18, 26, 21], "hlc": [921748, 7]}
INFO:<Node 1>:{"send": false, "recv": true, "to": 1, "from": 5, "vc": [18, 24, 20, 22, 16, 23, 22, 18, 23, 21], "hlc": [921748, 6]}
INFO:<Node 5>:{"send": false, "recv": true, "to": 5, "from": 2, "vc": [18, 19, 23, 21, 18, 24, 22, 18, 26, 21], "hlc": [921749, 1]}
INFO:<Node 5>:{"send": false, "recv": true, "to": 5, "from": 4, "vc": [21, 19, 23, 21, 22, 25, 22, 18, 26, 21], "hlc": [921749, 2]}
INFO:<Node 5>:{"send": false, "recv": true, "to": 5, "from": 6, "vc": [21, 22, 23, 22, 22, 26, 30, 18, 26, 21], "hlc": [921749, 3]}
INFO:<Node 6>:{"send": false, "recv": true, "to": 6, "from": 1, "vc": [18, 23, 22, 22, 20, 21, 31, 18, 26, 21], "hlc": [921748, 8]}
INFO:<Node 0>:{"send": true, "recv": false, "from": 0, "to": 6, "vc": [23, 15, 16, 21, 20, 21, 27, 18, 25, 21], "hlc": [921747, 3]}
INFO:<Node 1>:{"send": true, "recv": false, "from": 1, "to": 9, "vc": [18, 25, 20, 22, 16, 23, 22, 18, 23, 21], "hlc": [921748, 7]}
INFO:<Node 2>:{"send": true, "recv": false, "from": 2, "to": 6, "vc": [14, 18, 24, 18, 18, 16, 17, 17, 26, 17], "hlc": [921749, 1]}
INFO:<Node 4>:{"send": true, "recv": false, "from": 4, "to": 3, "vc": [21, 15, 16, 19, 23, 18, 18, 17, 19, 17], "hlc": [921746, 9]}
INFO:<Node 6>:{"send": true, "recv": false, "from": 6, "to": 2, "vc": [18, 23, 22, 22, 20, 21, 32, 18, 26, 21], "hlc": [921748, 9]}
INFO:<Node 7>:{"send": true, "recv": false, "from": 7, "to": 1, "vc": [18, 15, 16, 19, 20, 16, 25, 23, 25, 17], "hlc": [921746, 11]}
INFO:<Node 1>:{"send": false, "recv": true, "to": 1, "from": 7, "vc": [18, 26, 20, 22, 20, 23, 25, 23, 25, 21], "hlc": [921748, 8]}
INFO:<Node 2>:{"send": false, "recv": true, "to": 2, "from": 6, "vc": [18, 23, 25, 22, 20, 21, 32, 18, 26, 21], "hlc": [921750, 0]}
INFO:<Node 3>:{"send": false, "recv": true, "to": 3, "from": 4, "vc": [21, 15, 16, 24, 23, 18, 22, 20, 20, 17], "hlc": [921746, 10]}
INFO:<Node 6>:{"send": false, "recv": true, "to": 6, "from": 0, "vc": [23, 23, 22, 22, 20, 21, 33, 18, 26, 21], "hlc": [921748, 10]}
INFO:<Node 6>:{"send": false, "recv": true, "to": 6, "from": 2, "vc": [23, 23, 24, 22, 20, 21, 34, 18, 26, 21], "hlc": [921749, 2]}
INFO:<Node 9>:{"send": false, "recv": true, "to": 9, "from": 1, "vc": [19, 25, 20, 22, 20, 23, 25, 22, 25, 24], "hlc": [921748, 8]}
INFO:<Node 1>:{"send": true, "recv": false, "from": 1, "to": 7, "vc": [18, 27, 20, 22, 20, 23, 25, 23, 25, 21], "hlc": [921748, 9]}
INFO:<Node 2>:{"send": true, "recv": false, "from": 2, "to": 0, "vc": [18, 23, 26, 22, 20, 21, 32, 18, 26, 21], "hlc": [921750, 1]}
INFO:<Node 4>:{"send": true, "recv": false, "from": 4, "to": 9, "vc": [21, 15, 16, 19, 24, 18, 18, 17, 19, 17], "hlc": [921746, 10]}
INFO:<Node 6>:{"send": true, "recv": false, "from": 6, "to": 2, "vc": [23, 23, 24, 22, 20, 21, 35, 18, 26, 21], "hlc": [921749, 3]}
INFO:<Node 8>:{"send": true, "recv": false, "from": 8, "to": 9, "vc": [14, 15, 14, 18, 18, 16, 17, 17, 27, 15], "hlc": [921745, 10]}
INFO:<Node 9>:{"send": true, "recv": false, "from": 9, "to": 0, "vc": [19, 25, 20, 22, 20, 23, 25, 22, 25, 25], "hlc": [921748, 9]}
INFO:<Node 0>:{"send": false, "recv": true, "to": 0, "from": 2, "vc": [24, 23, 26, 22, 20, 21, 32, 18, 26, 21], "hlc": [921750, 2]}
INFO:<Node 0>:{"send": false, "recv": true, "to": 0, "from": 9, "vc": [25, 25, 26, 22, 20, 23, 32, 22, 26, 25], "hlc": [921750, 3]}
INFO:<Node 2>:{"send": false, "recv": true, "to": 2, "from": 6, "vc": [23, 23, 27, 22, 20, 21, 35, 18, 26, 21], "hlc": [921750, 2]}
INFO:<Node 7>:{"send": false, "recv": true, "to": 7, "from": 1, "vc": [18, 27, 20, 22, 20, 23, 25, 24, 25, 21], "hlc": [921748, 10]}
INFO:<Node 9>:{"send": false, "recv": true, "to": 9, "from": 4, "vc": [21, 25, 20, 22, 24, 23, 25, 22, 25, 26], "hlc": [921748, 10]}
INFO:<Node 9>:{"send": false, "recv": true, "to": 9, "from": 8, "vc": [21, 25, 20, 22, 24, 23, 25, 22, 27, 27], "hlc": [921748, 11]}
INFO:<Node 0>:{"send": true, "recv": false, "from": 0, "to": 9, "vc": [26, 25, 26, 22, 20, 23, 32, 22, 26, 25], "hlc": [921750, 4]}
INFO:<Node 1>:{"send": true, "recv": false, "from": 1, "to": 7, "vc": [18, 28, 20, 22, 20, 23, 25, 23, 25, 21], "hlc": [921748, 10]}
INFO:<Node 4>:{"send": true, "recv": false, "from": 4, "to": 9, "vc": [21, 15, 16, 19, 25, 18, 18, 17, 19, 17], "hlc": [921746, 11]}
INFO:<Node 7>:{"send": true, "recv": false, "from": 7, "to": 4, "vc": [18, 27, 20, 22, 20, 23, 25, 25, 25, 21], "hlc": [921748, 11]}
INFO:<Node 4>:{"send": false, "recv": true, "to": 4, "from": 7, "vc": [21, 27, 20, 22, 26, 23, 25, 25, 25, 21], "hlc": [921748, 12]}
INFO:<Node 7>:{"send": false, "recv": true, "to": 7, "from": 1, "vc": [18, 28, 20, 22, 20, 23, 25, 26, 25, 21], "hlc": [921748, 12]}
INFO:<Node 9>:{"send": false, "recv": true, "to": 9, "from": 0, "vc": [26, 25, 26, 22, 24, 23, 32, 22, 27, 28], "hlc": [921750, 5]}
INFO:<Node 9>:{"send": false, "recv": true, "to": 9, "from": 4, "vc": [26, 25, 26, 22, 25, 23, 32, 22, 27, 29], "hlc": [921750, 6]}
INFO:<Node 0>:{"send": true, "recv": false, "from": 0, "to": 5, "vc": [27, 25, 26, 22, 20, 23, 32, 22, 26, 25], "hlc": [921750, 5]}
INFO:<Node 2>:{"send": true, "recv": false, "from": 2, "to": 8, "vc": [23, 23, 28, 22, 20, 21, 35, 18, 26, 21], "hlc": [921751, 0]}
INFO:<Node 3>:{"send": true, "recv": false, "from": 3, "to": 5, "vc": [21, 15, 16, 25, 23, 18, 22, 20, 20, 17], "hlc": [921746, 11]}
INFO:<Node 4>:{"send": true, "recv": false, "from": 4, "to": 5, "vc": [21, 27, 20, 22, 27, 23, 25, 25, 25, 21], "hlc": [921748, 13]}
INFO:<Node 7>:{"send": true, "recv": false, "from": 7, "to": 4, "vc": [18, 28, 20, 22, 20, 23, 25, 27, 25, 21], "hlc": [921748, 13]}
INFO:<Node 8>:{"send": true, "recv": false, "from": 8, "to": 4, "vc": [14, 15, 14, 18, 18, 16, 17, 17, 28, 15], "hlc": [921745, 11]}
INFO:<Node 9>:{"send": true, "recv": false, "from": 9, "to": 6, "vc": [26, 25, 26, 22, 25, 23, 32, 22, 27, 30], "hlc": [921750, 7]}
INFO:<Node 4>:{"send": false, "recv": true, "to": 4, "from": 7, "vc": [21, 28, 20, 22, 28, 23, 25, 27, 25, 21], "hlc": [921748, 14]}
INFO:<Node 4>:{"send": false, "recv": true, "to": 4, "from": 8, "vc": [21, 28, 20, 22, 29, 23, 25, 27, 28, 21], "hlc": [921748, 15]}
INFO:<Node 5>:{"send": false, "recv": true, "to": 5, "from": 0, "vc": [27, 25, 26, 22, 22, 27, 32, 22, 26, 25], "hlc": [921750, 6]}
INFO:<Node 5>:{"send": false, "recv": true, "to": 5, "from": 3, "vc": [27, 25, 26, 25, 23, 28, 32, 22, 26, 25], "hlc": [921750, 7]}
INFO:<Node 5>:{"send": false, "recv": true, "to": 5, "from": 4, "vc": [27, 27, 26, 25, 27, 29, 32, 25, 26, 25], "hlc": [921750, 8]}
INFO:<Node 6>:{"send": false, "recv": true, "to": 6, "from": 9, "vc": [26, 25, 26, 22, 25, 23, 36, 22, 27, 30], "hlc": [921750, 8]}
INFO:<Node 8>:{"send": false, "recv": true, "to": 8, "from": 2, "vc": [23, 23, 28, 22, 20, 21, 35, 18, 29, 21], "hlc": [921751, 1]}
INFO:<Node 0>:{"send": true, "recv": false, "from": 0, "to": 7, "vc": [28, 25, 26, 22, 20, 23, 32, 22, 26, 25], "hlc": [921750, 6]}
INFO:<Node 3>:{"send": true, "recv": false, "from": 3, "to": 7, "vc": [21, 15, 16, 26, 23, 18, 22, 20, 20, 17], "hlc": [921746, 12]}
INFO:<Node 7>:{"send": true, "recv": false, "from": 7, "to": 5, "vc": [18, 28, 20, 22, 20, 23, 25, 28, 25, 21], "hlc": [921748, 14]}
INFO:<Node 8>:{"send": true, "recv": false, "from": 8, "to": 4, "vc": [23, 23, 28, 22, 20, 21, 35, 18, 30, 21], "hlc": [921751, 2]}
INFO:<Node 9>:{"send": true, "recv": false, "from": 9, "to": 1, "vc": [26, 25, 26, 22, 25, 23, 32, 22, 27, 31], "hlc": [921750, 8]}
INFO:<Node 1>:{"send": false, "recv": true, "to": 1, "from": 9, "vc": [26, 29, 26, 22, 25, 23, 32, 23, 27, 31], "hlc": [921750, 9]}
INFO:<Node 4>:{"send": false, "recv": true, "to": 4, "from": 8, "vc": [23, 28, 28, 22, 30, 23, 35, 27, 30, 21], "hlc": [921751, 3]}
INFO:<Node 5>:{"send": false, "recv": true, "to": 5, "from": 7, "vc": [27, 28, 26, 25, 27, 30, 32, 28, 26, 25], "hlc": [921750, 9]}
INFO:<Node 7>:{"send": false, "recv": true, "to": 7, "from": 0, "vc": [28, 28, 26, 22, 20, 23, 32, 29, 26, 25], "hlc": [921750, 7]}
INFO:<Node 7>:{"send": false, "recv": true, "to": 7, "from": 3, "vc": [28, 28, 26, 26, 23, 23, 32, 30, 26, 25], "hlc": [921750, 8]}
INFO:<Node 1>:{"send": true, "recv": false, "from": 1, "to": 2, "vc": [26, 30, 26, 22, 25, 23, 32, 23, 27, 31], "hlc": [921750, 10]}
INFO:<Node 2>:{"send": true, "recv": false, "from": 2, "to": 9, "vc": [23, 23, 29, 22, 20, 21, 35, 18, 26, 21], "hlc": [921752, 0]}
INFO:<Node 4>:{"send": true, "recv": false, "from": 4, "to": 0, "vc": [23, 28, 28, 22, 31, 23, 35, 27, 30, 21], "hlc": [921751, 4]}
INFO:<Node 5>:{"send": true, "recv": false, "from": 5, "to": 7, "vc": [27, 28, 26, 25, 27, 31, 32, 28, 26, 25], "hlc": [921750, 10]}
INFO:<Node 6>:{"send": true, "recv": false, "from": 6, "to": 8, "vc": [26, 25, 26, 22, 25, 23, 37, 22, 27, 30], "hlc": [921750, 9]}
INFO:<Node 7>:{"send": true, "recv": false, "from": 7, "to": 6, "vc": [28, 28, 26, 26, 23, 23, 32, 31, 26, 25], "hlc": [921750, 9]}
INFO:<Node 8>:{"send": true, "recv": false, "from": 8, "to": 0, "vc": [23, 23, 28, 22, 20, 21, 35, 18, 31, 21], "hlc": [921751, 3]}
INFO:<Node 9>:{"send": true, "recv": false, "from": 9, "to": 2, "vc": [26, 25, 26, 22, 25, 23, 32, 22, 27, 32], "hlc": [921750, 9]}
INFO:<Node 0>:{"send": false, "recv": true, "to": 0, "from": 4, "vc": [29, 28, 28, 22, 31, 23, 35, 27, 30, 25], "hlc": [921751, 5]}
INFO:<Node 0>:{"send": false, "recv": true, "to": 0, "from": 8, "vc": [30, 28, 28, 22, 31, 23, 35, 27, 31, 25], "hlc": [921751, 6]}
INFO:<Node 2>:{"send": false, "recv": true, "to": 2, "from": 1, "vc": [26, 30, 30, 22, 25, 23, 35, 23, 27, 31], "hlc": [921752, 1]}
INFO:<Node 2>:{"send": false, "recv": true, "to": 2, "from": 9, "vc": [26, 30, 31, 22, 25, 23, 35, 23, 27, 32], "hlc": [921752, 2]}
INFO:<Node 6>:{"send": false, "recv": true, "to": 6, "from": 7, "vc": [28, 28, 26, 26, 25, 23, 38, 31, 27, 30], "hlc": [921751, 0]}
INFO:<Node 7>:{"send": false, "recv": true, "to": 7, "from": 5, "vc": [28, 28, 26, 26, 27, 31, 32, 32, 26, 25], "hlc": [921750, 11]}
INFO:<Node 8>:{"send": false, "recv": true, "to": 8, "from": 6, "vc": [26, 25, 28, 22, 25, 23, 37, 22, 32, 30], "hlc": [921751, 4]}
INFO:<Node 9>:{"send": false, "recv": true, "to": 9, "from": 2, "vc": [26, 25, 29, 22, 25, 23, 35, 22, 27, 33], "hlc": [921752, 1]}
INFO:<Node 0>:{"send": true, "recv": false, "from": 0, "to": 2, "vc": [31, 28, 28, 22, 31, 23, 35, 27, 31, 25], "hlc": [921751, 7]}
INFO:<Node 1>:{"send": true, "recv": false, "from": 1, "to": 9, "vc": [26, 31, 26, 22, 25, 23, 32, 23, 27, 31], "hlc": [921750, 11]}
INFO:<Node 2>:{"send": true, "recv": false, "from": 2, "to": 8, "vc": [26, 30, 32, 22, 25, 23, 35, 23, 27, 32], "hlc": [921752, 3]}
INFO:<Node 3>:{"send": true, "recv": false, "from": 3, "to": 5, "vc": [21, 15, 16, 27, 23, 18, 22, 20, 20, 17], "hlc": [921746, 13]}
INFO:<Node 4>:{"send": true, "recv": false, "from": 4, "to": 1, "vc": [23, 28, 28, 22, 32, 23, 35, 27, 30, 21], "hlc": [921751, 5]}
INFO:<Node 5>:{"send": true, "recv": false, "from": 5, "to": 6, "vc": [27, 28, 26, 25, 27, 32, 32, 28, 26, 25], "hlc": [921750, 11]}
INFO:<Node 7>:{"send": true, "recv": false, "from": 7, "to": 4, "vc": [28, 28, 26, 26, 27, 31, 32, 33, 26, 25], "hlc": [921750, 12]}
INFO:<Node 8>:{"send": true, "recv": false, "from": 8, "to": 9, "vc": [26, 25, 28, 22, 25, 23, 37, 22, 33, 30], "hlc": [921751, 5]}
INFO:<Node 9>:{"send": true, "recv": false, "from": 9, "to": 8, "vc": [26, 25, 29, 22, 25, 23, 35, 22, 27, 34], "hlc": [921752, 2]}
INFO:<Node 1>:{"send": false, "recv": true, "to": 1, "from": 4, "vc": [26, 32, 28, 22, 32, 23, 35, 27, 30, 31], "hlc": [921751, 6]}
INFO:<Node 2>:{"send": false, "recv": true, "to": 2, "from": 0, "vc": [31, 30, 33, 22, 31, 23, 35, 27, 31, 32], "hlc": [921753, 0]}
INFO:<Node 4>:{"send": false, "recv": true, "to": 4, "from": 7, "vc": [28, 28, 28, 26, 33, 31, 35, 33, 30, 25], "hlc": [921751, 6]}
INFO:<Node 5>:{"send": false, "recv": true, "to": 5, "from": 3, "vc": [27, 28, 26, 27, 27, 33, 32, 28, 26, 25], "hlc": [921750, 12]}
INFO:<Node 6>:{"send": false, "recv": true, "to": 6, "from": 5, "vc": [28, 28, 26, 26, 27, 32, 39, 31, 27, 30], "hlc": [921751, 1]}
INFO:<Node 8>:{"send": false, "recv": true, "to": 8, "from": 2, "vc": [26, 30, 32, 22, 25, 23, 37, 23, 34, 32], "hlc": [921752, 4]}
INFO:<Node 8>:{"send": false, "recv": true, "to": 8, "from": 9, "vc": [26, 30, 32, 22, 25, 23, 37, 23, 35, 34], "hlc": [921752, 5]}
INFO:<Node 9>:{"send": false, "recv": true, "to": 9, "from": 1, "vc": [26, 31, 29, 22, 25, 23, 35, 23, 27, 35], "hlc": [921752, 3]}
INFO:<Node 9>:{"send": false, "recv": true, "to": 9, "from": 8, "vc": [26, 31, 29, 22, 25, 23, 37, 23, 33, 36], "hlc": [921752, 4]}
INFO:<Node 0>:{"send": true, "recv": false, "from": 0, "to": 8, "vc": [32, 28, 28, 22, 31, 23, 35, 27, 31, 25], "hlc": [921751, 8]}
INFO:<Node 1>:{"send": true, "recv": false, "from": 1, "to": 0, "vc": [26, 33, 28, 22, 32, 23, 35, 27, 30, 31], "hlc": [921751, 7]}
INFO:<Node 7>:{"send": true, "recv": false, "from": 7, "to": 1, "vc": [28, 28, 26, 26, 27, 31, 32, 34, 26, 25], "hlc": [921750, 13]}
INFO:<Node 8>:{"send": true, "recv": false, "from": 8, "to": 0, "vc": [26, 30, 32, 22, 25, 23, 37, 23, 36, 34], "hlc": [921752, 6]}
INFO:<Node 9>:{"send": true, "recv": false, "from": 9, "to": 0, "vc": [26, 31, 29, 22, 25, 23, 37, 23, 33, 37], "hlc": [921752, 5]}
INFO:<Node 0>:{"send": false, "recv": true, "to": 0, "from": 1, "vc": [33, 33, 28, 22, 32, 23, 35, 27, 31, 31], "hlc": [921751, 9]}
INFO:<Node 0>:{"send": false, "recv": true, "to": 0, "from": 8, "vc": [34, 33, 32, 22, 32, 23, 37, 27, 36, 34], "hlc": [921752, 7]}
INFO:<Node 0>:{"send": false, "recv": true, "to": 0, "from": 9, "vc": [35, 33, 32, 22, 32, 23, 37, 27, 36, 37], "hlc": [921752, 8]}
INFO:<Node 1>:{"send": false, "recv": true, "to": 1, "from": 7, "vc": [28, 34, 28, 26, 32, 31, 35, 34, 30, 31], "hlc": [921751, 8]}
INFO:<Node 8>:{"send": false, "recv": true, "to": 8, "from": 0, "vc": [32, 30, 32, 22, 31, 23, 37, 27, 37, 34], "hlc": [921752, 7]}
INFO:<Node 0>:{"send": true, "recv": false, "from": 0, "to": 2, "vc": [36, 33, 32, 22, 32, 23, 37, 27, 36, 37], "hlc": [921752, 9]}
INFO:<Node 1>:{"send": true, "recv": false, "from": 1, "to": 0, "vc": [28, 35, 28, 26, 32, 31, 35, 34, 30, 31], "hlc": [921751, 9]}
INFO:<Node 3>:{"send": true, "recv": false, "from": 3, "to": 9, "vc": [21, 15, 16, 28, 23, 18, 22, 20, 20, 17], "hlc": [921746, 14]}
INFO:<Node 4>:{"send": true, "recv": false, "from": 4, "to": 3, "vc": [28, 28, 28, 26, 34, 31, 35, 33, 30, 25], "hlc": [921751, 7]}
INFO:<Node 5>:{"send": true, "recv": false, "from": 5, "to": 8, "vc": [27, 28, 26, 27, 27, 34, 32, 28, 26, 25], "hlc": [921750, 13]}
INFO:<Node 7>:{"send": true, "recv": false, "from": 7, "to": 0, "vc": [28, 28, 26, 26, 27, 31, 32, 35, 26, 25], "hlc": [921750, 14]}
INFO:<Node 0>:{"send": false, "recv": true, "to": 0, "from": 1, "vc": [37, 35, 32, 26, 32, 31, 37, 34, 36, 37], "hlc": [921752, 10]}
INFO:<Node 0>:{"send": false, "recv": true, "to": 0, "from": 7, "vc": [38, 35, 32, 26, 32, 31, 37, 35, 36, 37], "hlc": [921752, 11]}
INFO:<Node 2>:{"send": false, "recv": true, "to": 2, "from": 0, "vc": [36, 33, 34, 22, 32, 23, 37, 27, 36, 37], "hlc": [921754, 0]}
INFO:<Node 3>:{"send": false, "recv": true, "to": 3, "from": 4, "vc": [28, 28, 28, 29, 34, 31, 35, 33, 30, 25], "hlc": [921751, 8]}
INFO:<Node 8>:{"send": false, "recv": true, "to": 8, "from": 5, "vc": [32, 30, 32, 27, 31, 34, 37, 28, 38, 34], "hlc": [921752, 8]}
INFO:<Node 9>:{"send": false, "recv": true, "to": 9, "from": 3, "vc": [26, 31, 29, 28, 25, 23, 37, 23, 33, 38], "hlc": [921752, 6]}
INFO:<Node 2>:{"send": true, "recv": false, "from": 2, "to": 4, "vc": [36, 33, 35, 22, 32, 23, 37, 27, 36, 37], "hlc": [921754, 1]}
INFO:<Node 3>:{"send": true, "recv": false, "from": 3, "to": 1, "vc": [28, 28, 28, 30, 34, 31, 35, 33, 30, 25], "hlc": [921751, 9]}
INFO:<Node 4>:{"send": true, "recv": false, "from": 4, "to": 3, "vc": [28, 28, 28, 26, 35, 31, 35, 33, 30, 25], "hlc": [921751, 8]}
INFO:<Node 5>:{"send": true, "recv": false, "from": 5, "to": 0, "vc": [27, 28, 26, 27, 27, 35, 32, 28, 26, 25], "hlc": [921750, 14]}
INFO:<Node 6>:{"send": true, "recv": false, "from": 6, "to": 7, "vc": [28, 28, 26, 26, 27, 32, 40, 31, 27, 30], "hlc": [921752, 0]}
INFO:<Node 7>:{"send": true, "recv": false, "from": 7, "to": 0, "vc": [28, 28, 26, 26, 27, 31, 32, 36, 26, 25], "hlc": [921750, 15]}
INFO:<Node 9>:{"send": true, "recv": false, "from": 9, "to": 1, "vc": [26, 31, 29, 28, 25, 23, 37, 23, 33, 39], "hlc": [921752, 7]}
INFO:<Node 0>:{"send": false, "recv": true, "to": 0, "from": 5, "vc": [39, 35, 32, 27, 32, 35, 37, 35, 36, 37], "hlc": [921752, 12]}
INFO:<Node 0>:{"send": false, "recv": true, "to": 0, "from": 7, "vc": [40, 35, 32, 27, 32, 35, 37, 36, 36, 37], "hlc": [921752, 13]}
INFO:<Node 1>:{"send": false, "recv": true, "to": 1, "from": 3, "vc": [28, 36, 28, 30, 34, 31, 35, 34, 30, 31], "hlc": [921751, 10]}
INFO:<Node 1>:{"send": false, "recv": true, "to": 1, "from": 9, "vc": [28, 37, 29, 30, 34, 31, 37, 34, 33, 39], "hlc": [921752, 8]}
INFO:<Node 3>:{"send": false, "recv": true, "to": 3, "from": 4, "vc": [28, 28, 28, 31, 35, 31, 35, 33, 30, 25], "hlc": [921751, 10]}
INFO:<Node 4>:{"send": false, "recv": true, "to": 4, "from": 2, "vc": [36, 33, 35, 26, 36, 31, 37, 33, 36, 37], "hlc": [921754, 2]}
INFO:<Node 7>:{"send": false, "recv": true, "to": 7, "from": 6, "vc": [28, 28, 26, 26, 27, 32, 40, 37, 27, 30], "hlc": [921752, 1]}
INFO:<Node 0>:{"send": true, "recv": false, "from": 0, "to": 9, "vc": [41, 35, 32, 27, 32, 35, 37, 36, 36, 37], "hlc": [921752, 14]}
INFO:<Node 1>:{"send": true, "recv": false, "from": 1, "to": 5, "vc": [28, 38, 29, 30, 34, 31, 37, 34, 33, 39], "hlc": [921752, 9]}
INFO:<Node 2>:{"send": true, "recv": false, "from": 2, "to": 1, "vc": [36, 33, 36, 22, 32, 23, 37, 27, 36, 37], "hlc": [921754, 2]}
INFO:<Node 3>:{"send": true, "recv": false, "from": 3, "to": 7, "vc": [28, 28, 28, 32, 35, 31, 35, 33, 30, 25], "hlc": [921751, 11]}
INFO:<Node 4>:{"send": true, "recv": false, "from": 4, "to": 0, "vc": [36, 33, 35, 26, 37, 31, 37, 33, 36, 37], "hlc": [921754, 3]}
INFO:<Node 6>:{"send": true, "recv": false, "from": 6, "to": 8, "vc": [28, 28, 26, 26, 27, 32, 41, 31, 27, 30], "hlc": [921753, 0]}
INFO:<Node 7>:{"send": true, "recv": false, "from": 7, "to": 0, "vc": [28, 28, 26, 26, 27, 32, 40, 38, 27, 30], "hlc": [921752, 2]}
INFO:<Node 9>:{"send": true, "recv": false, "from": 9, "to": 3, "vc": [26, 31, 29, 28, 25, 23, 37, 23, 33, 40], "hlc": [921752, 8]}
INFO:<Node 0>:{"send": false, "recv": true, "to": 0, "from": 4, "vc": [42, 35, 35, 27, 37, 35, 37, 36, 36, 37], "hlc": [921754, 4]}
INFO:<Node 0>:{"send": false, "recv": true, "to": 0, "from": 7, "vc": [43, 35, 35, 27, 37, 35, 40, 38, 36, 37], "hlc": [921754, 5]}
INFO:<Node 1>:{"send": false, "recv": true, "to": 1, "from": 2, "vc": [36, 39, 36, 30, 34, 31, 37, 34, 36, 39], "hlc": [921754, 3]}
INFO:<Node 3>:{"send": false, "recv": true, "to": 3, "from": 9, "vc": [28, 31, 29, 33, 35, 31, 37, 33, 33, 40], "hlc": [921752, 9]}
INFO:<Node 5>:{"send": false, "recv": true, "to": 5, "from": 1, "vc": [28, 38, 29, 30, 34, 36, 37, 34, 33, 39], "hlc": [921752, 10]}
INFO:<Node 7>:{"send": false, "recv": true, "to": 7, "from": 3, "vc": [28, 28, 28, 32, 35, 32, 40, 39, 30, 30], "hlc": [921752, 3]}
INFO:<Node 8>:{"send": false, "recv": true, "to": 8, "from": 6, "vc": [32, 30, 32, 27, 31, 34, 41, 31, 39, 34], "hlc": [921753, 1]}
INFO:<Node 9>:{"send": false, "recv": true, "to": 9, "from": 0, "vc": [41, 35, 32, 28, 32, 35, 37, 36, 36, 41], "hlc": [921752, 15]}
INFO:<Node 1>:{"send": true, "recv": false, "from": 1, "to": 6, "vc": [36, 40, 36, 30, 34, 31, 37, 34, 36, 39], "hlc": [921754, 4]}
INFO:<Node 3>:{"send": true, "recv": false, "from": 3, "to": 9, "vc": [28, 31, 29, 34, 35, 31, 37, 33, 33, 40], "hlc": [921752, 10]}
INFO:<Node 4>:{"send": true, "recv": false, "from": 4, "to": 1, "vc": [36, 33, 35, 26, 38, 31, 37, 33, 36, 37], "hlc": [921754, 4]}
INFO:<Node 5>:{"send": true, "recv": false, "from": 5, "to": 8, "vc": [28, 38, 29, 30, 34, 37, 37, 34, 33, 39], "hlc": [921752, 11]}
INFO:<Node 6>:{"send": true, "recv": false, "from": 6, "to": 8, "vc": [28, 28, 26, 26, 27, 32, 42, 31, 27, 30], "hlc": [921753, 1]}
INFO:<Node 7>:{"send": true, "recv": false, "from": 7, "to": 1, "vc": [28, 28, 28, 32, 35, 32, 40, 40, 30, 30], "hlc": [921752, 4]}
INFO:<Node 8>:{"send": true, "recv": false, "from": 8, "to": 4, "vc": [32, 30, 32, 27, 31, 34, 41, 31, 40, 34], "hlc": [921753, 2]}
INFO:<Node 1>:{"send": false, "recv": true, "to": 1, "from": 4, "vc": [36, 41, 36, 30, 38, 31, 37, 34, 36, 39], "hlc": [921754, 5]}
INFO:<Node 1>:{"send": false, "recv": true, "to": 1, "from": 7, "vc": [36, 42, 36, 32, 38, 32, 40, 40, 36, 39], "hlc": [921754, 6]}
INFO:<Node 4>:{"send": false, "recv": true, "to": 4, "from": 8, "vc": [36, 33, 35, 27, 39, 34, 41, 33, 40, 37], "hlc": [921754, 5]}
INFO:<Node 6>:{"send": false, "recv": true, "to": 6, "from": 1, "vc": [36, 40, 36, 30, 34, 32, 43, 34, 36, 39], "hlc": [921754, 5]}
INFO:<Node 8>:{"send": false, "recv": true, "to": 8, "from": 5, "vc": [32, 38, 32, 30, 34, 37, 41, 34, 41, 39], "hlc": [921753, 3]}
INFO:<Node 8>:{"send": false, "recv": true, "to": 8, "from": 6, "vc": [32, 38, 32, 30, 34, 37, 42, 34, 42, 39], "hlc": [921753, 4]}
INFO:<Node 9>:{"send": false, "recv": true, "to": 9, "from": 3, "vc": [41, 35, 32, 34, 35, 35, 37, 36, 36, 42], "hlc": [921752, 16]}
INFO:<Node 0>:{"send": true, "recv": false, "from": 0, "to": 7, "vc": [44, 35, 35, 27, 37, 35, 40, 38, 36, 37], "hlc": [921754, 6]}
INFO:<Node 1>:{"send": true, "recv": false, "from": 1, "to": 2, "vc": [36, 43, 36, 32, 38, 32, 40, 40, 36, 39], "hlc": [921754, 7]}
INFO:<Node 2>:{"send": true, "recv": false, "from": 2, "to": 3, "vc": [36, 33, 37, 22, 32, 23, 37, 27, 36, 37], "hlc": [921755, 0]}
INFO:<Node 4>:{"send": true, "recv": false, "from": 4, "to": 1, "vc": [36, 33, 35, 27, 40, 34, 41, 33, 40, 37], "hlc": [921754, 6]}
INFO:<Node 6>:{"send": true, "recv": false, "from": 6, "to": 2, "vc": [36, 40, 36, 30, 34, 32, 44, 34, 36, 39], "hlc": [921754, 6]}
INFO:<Node 7>:{"send": true, "recv": false, "from": 7, "to": 0, "vc": [28, 28, 28, 32, 35, 32, 40, 41, 30, 30], "hlc": [921752, 5]}
INFO:<Node 8>:{"send": true, "recv": false, "from": 8, "to": 2, "vc": [32, 38, 32, 30, 34, 37, 42, 34, 43, 39], "hlc": [921753, 5]}
INFO:<Node 0>:{"send": false, "recv": true, "to": 0, "from": 7, "vc": [45, 35, 35, 32, 37, 35, 40, 41, 36, 37], "hlc": [921754, 7]}
INFO:<Node 1>:{"send": false, "recv": true, "to": 1, "from": 4, "vc": [36, 44, 36, 32, 40, 34, 41, 40, 40, 39], "hlc": [921754, 8]}
INFO:<Node 2>:{"send": false, "recv": true, "to": 2, "from": 1, "vc": [36, 43, 38, 32, 38, 32, 40, 40, 36, 39], "hlc": [921756, 0]}
INFO:<Node 2>:{"send": false, "recv": true, "to": 2, "from": 6, "vc": [36, 43, 39, 32, 38, 32, 44, 40, 36, 39], "hlc": [921756, 1]}
INFO:<Node 2>:{"send": false, "recv": true, "to": 2, "from": 8, "vc": [36, 43, 40, 32, 38, 37, 44, 40, 43, 39], "hlc": [921756, 2]}
INFO:<Node 3>:{"send": false, "recv": true, "to": 3, "from": 2, "vc": [36, 33, 37, 35, 35, 31, 37, 33, 36, 40], "hlc": [921755, 1]}
INFO:<Node 7>:{"send": false, "recv": true, "to": 7, "from": 0, "vc": [44, 35, 35, 32, 37, 35, 40, 42, 36, 37], "hlc": [921754, 7]}
INFO:<Node 0>:{"send": true, "recv": false, "from": 0, "to": 7, "vc": [46, 35, 35, 32, 37, 35, 40, 41, 36, 37], "hlc": [921754, 8]}
INFO:<Node 2>:{"send": true, "recv": false, "from": 2, "to": 3, "vc": [36, 43, 41, 32, 38, 37, 44, 40, 43, 39], "hlc": [921756, 3]}
INFO:<Node 4>:{"send": true, "recv": false, "from": 4, "to": 9, "vc": [36, 33, 35, 27, 41, 34, 41, 33, 40, 37], "hlc": [921754, 7]}
INFO:<Node 5>:{"send": true, "recv": false, "from": 5, "to": 0, "vc": [28, 38, 29, 30, 34, 38, 37, 34, 33, 39], "hlc": [921752, 12]}
INFO:<Node 6>:{"send": true, "recv": false, "from": 6, "to": 7, "vc": [36, 40, 36, 30, 34, 32, 45, 34, 36, 39], "hlc": [921754, 7]}
INFO:<Node 8>:{"send": true, "recv": false, "from": 8, "to": 7, "vc": [32, 38, 32, 30, 34, 37, 42, 34, 44, 39], "hlc": [921753, 6]}
INFO:<Node 9>:{"send": true, "recv": false, "from": 9, "to": 4, "vc": [41, 35, 32, 34, 35, 35, 37, 36, 36, 43], "hlc": [921752, 17]}
INFO:<Node 0>:{"send": false, "recv": true, "to": 0, "from": 5, "vc": [47, 38, 35, 32, 37, 38, 40, 41, 36, 39], "hlc": [921754, 9]}
INFO:<Node 3>:{"send": false, "recv": true, "to": 3, "from": 2, "vc": [36, 43, 41, 36, 38, 37, 44, 40, 43, 40], "hlc": [921756, 4]}
INFO:<Node 4>:{"send": false, "recv": true, "to": 4, "from": 9, "vc": [41, 35, 35, 34, 42, 35, 41, 36, 40, 43], "hlc": [921754, 8]}
INFO:<Node 7>:{"send": false, "recv": true, "to": 7, "from": 0, "vc": [46, 35, 35, 32, 37, 35, 40, 43, 36, 37], "hlc": [921754, 9]}
INFO:<Node 7>:{"send": false, "recv": true, "to": 7, "from": 6, "vc": [46, 40, 36, 32, 37, 35, 45, 44, 36, 39], "hlc": [921754, 10]}
INFO:<Node 7>:{"send": false, "recv": true, "to": 7, "from": 8, "vc": [46, 40, 36, 32, 37, 37, 45, 45, 44, 39], "hlc": [921754, 11]}
INFO:<Node 9>:{"send": false, "recv": true, "to": 9, "from": 4, "vc": [41, 35, 35, 34, 41, 35, 41, 36, 40, 44], "hlc": [921754, 8]}
INFO:<Node 1>:{"send": true, "recv": false, "from": 1, "to": 3, "vc": [36, 45, 36, 32, 40, 34, 41, 40, 40, 39], "hlc": [921754, 9]}
INFO:<Node 2>:{"send": true, "recv": false, "from": 2, "to": 0, "vc": [36, 43, 42, 32, 38, 37, 44, 40, 43, 39], "hlc": [921756, 4]}
INFO:<Node 3>:{"send": true, "recv": false, "from": 3, "to": 6, "vc": [36, 43, 41, 37, 38, 37, 44, 40, 43, 40], "hlc": [921756, 5]}
INFO:<Node 5>:{"send": true, "recv": false, "from": 5, "to": 6, "vc": [28, 38, 29, 30, 34, 39, 37, 34, 33, 39], "hlc": [921752, 13]}
INFO:<Node 7>:{"send": true, "recv": false, "from": 7, "to": 6, "vc": [46, 40, 36, 32, 37, 37, 45, 46, 44, 39], "hlc": [921754, 12]}
INFO:<Node 8>:{"send": true, "recv": false, "from": 8, "to": 9, "vc": [32, 38, 32, 30, 34, 37, 42, 34, 45, 39], "hlc": [921753, 7]}
INFO:<Node 9>:{"send": true, "recv": false, "from": 9, "to": 1, "vc": [41, 35, 35, 34, 41, 35, 41, 36, 40, 45], "hlc": [921754, 9]}
INFO:<Node 0>:{"send": false, "recv": true, "to": 0, "from": 2, "vc": [48, 43, 42, 32, 38, 38, 44, 41, 43, 39], "hlc": [921756, 5]}
INFO:<Node 1>:{"send": false, "recv": true, "to": 1, "from": 9, "vc": [41, 46, 36, 34, 41, 35, 41, 40, 40, 45], "hlc": [921754, 10]}
INFO:<Node 3>:{"send": false, "recv": true, "to": 3, "from": 1, "vc": [36, 45, 41, 38, 40, 37, 44, 40, 43, 40], "hlc": [921756, 6]}
INFO:<Node 6>:{"send": false, "recv": true, "to": 6, "from": 3, "vc": [36, 43, 41, 37, 38, 37, 46, 40, 43, 40], "hlc": [921756, 6]}
INFO:<Node 6>:{"send": false, "recv": true, "to": 6, "from": 5, "vc": [36, 43, 41, 37, 38, 39, 47, 40, 43, 40], "hlc": [921756, 7]}
INFO:<Node 6>:{"send": false, "recv": true, "to": 6, "from": 7, "vc": [46, 43, 41, 37, 38, 39, 48, 46, 44, 40], "hlc": [921756, 8]}
INFO:<Node 9>:{"send": false, "recv": true, "to": 9, "from": 8, "vc": [41, 38, 35, 34, 41, 37, 42, 36, 45, 46], "hlc": [921754, 10]}
INFO:<Node 0>:{"send": true, "recv": false, "from": 0, "to": 2, "vc": [49, 43, 42, 32, 38, 38, 44, 41, 43, 39], "hlc": [921756, 6]}
INFO:<Node 1>:{"send": true, "recv": false, "from": 1, "to": 6, "vc": [41, 47, 36, 34, 41, 35, 41, 40, 40, 45], "hlc": [921754, 11]}
INFO:<Node 3>:{"send": true, "recv": false, "from": 3, "to": 1, "vc": [36, 45, 41, 39, 40, 37, 44, 40, 43, 40], "hlc": [921756, 7]}
INFO:<Node 6>:{"send": true, "recv": false, "from": 6, "to": 2, "vc": [46, 43, 41, 37, 38, 39, 49, 46, 44, 40], "hlc": [921756, 9]}
INFO:<Node 8>:{"send": true, "recv": false, "from": 8, "to": 3, "vc": [32, 38, 32, 30, 34, 37, 42, 34, 46, 39], "hlc": [921753, 8]}
INFO:<Node 9>:{"send": true, "recv": false, "from": 9, "to": 5, "vc": [41, 38, 35, 34, 41, 37, 42, 36, 45, 47], "hlc": [921754, 11]}
INFO:<Node 1>:{"send": false, "recv": true, "to": 1, "from": 3, "vc": [41, 48, 41, 39, 41, 37, 44, 40, 43, 45], "hlc": [921756, 8]}
INFO:<Node 2>:{"send": false, "recv": true, "to": 2, "from": 0, "vc": [49, 43, 43, 32, 38, 38, 44, 41, 43, 39], "hlc": [921757, 0]}
INFO:<Node 2>:{"send": false, "recv": true, "to": 2, "from": 6, "vc": [49, 43, 44, 37, 38, 39, 49, 46, 44, 40], "hlc": [921757, 1]}
INFO:<Node 3>:{"send": false, "recv": true, "to": 3, "from": 8, "vc": [36, 45, 41, 40, 40, 37, 44, 40, 46, 40], "hlc": [921756, 8]}
INFO:<Node 5>:{"send": false, "recv": true, "to": 5, "from": 9, "vc": [41, 38, 35, 34, 41, 40, 42, 36, 45, 47], "hlc": [921754, 12]}
INFO:<Node 6>:{"send": false, "recv": true, "to": 6, "from": 1, "vc": [46, 47, 41, 37, 41, 39, 50, 46, 44, 45], "hlc": [921756, 10]}
INFO:<Node 1>:{"send": true, "recv": false, "from": 1, "to": 4, "vc": [41, 49, 41, 39, 41, 37, 44, 40, 43, 45], "hlc": [921756, 9]}
INFO:<Node 3>:{"send": true, "recv": false, "from": 3, "to": 8, "vc": [36, 45, 41, 41, 40, 37, 44, 40, 46, 40], "hlc": [921756, 9]}
INFO:<Node 5>:{"send": true, "recv": false, "from": 5, "to": 8, "vc": [41, 38, 35, 34, 41, 41, 42, 36, 45, 47], "hlc": [921754, 13]}
INFO:<Node 4>:{"send": false, "recv": true, "to": 4, "from": 1, "vc": [41, 49, 41, 39, 43, 37, 44, 40, 43, 45], "hlc": [921756, 10]}
INFO:<Node 8>:{"send": false, "recv": true, "to": 8, "from": 3, "vc": [36, 45, 41, 41, 40, 37, 44, 40, 47, 40], "hlc": [921756, 10]}
INFO:<Node 8>:{"send": false, "recv": true, "to": 8, "from": 5, "vc": [41, 45, 41, 41, 41, 41, 44, 40, 48, 47], "hlc": [921756, 11]}
INFO:<Node 1>:{"send": true, "recv": false, "from": 1, "to": 6, "vc": [41, 50, 41, 39, 41, 37, 44, 40, 43, 45], "hlc": [921756, 10]}
INFO:<Node 3>:{"send": true, "recv": false, "from": 3, "to": 7, "vc": [36, 45, 41, 42, 40, 37, 44, 40, 46, 40], "hlc": [921756, 10]}
INFO:<Node 4>:{"send": true, "recv": false, "from": 4, "to": 8, "vc": [41, 49, 41, 39, 44, 37, 44, 40, 43, 45], "hlc": [921756, 11]}
INFO:<Node 5>:{"send": true, "recv": false, "from": 5, "to": 7, "vc": [41, 38, 35, 34, 41, 42, 42, 36, 45, 47], "hlc": [921754, 14]}
INFO:<Node 9>:{"send": true, "recv": false, "from": 9, "to": 2, "vc": [41, 38, 35, 34, 41, 37, 42, 36, 45, 48], "hlc": [921754, 12]}
INFO:<Node 2>:{"send": false, "recv": true, "to": 2, "from": 9, "vc": [49, 43, 45, 37, 41, 39, 49, 46, 45, 48], "hlc": [921758, 0]}
INFO:<Node 6>:{"send": false, "recv": true, "to": 6, "from": 1, "vc": [46, 50, 41, 39, 41, 39, 51, 46, 44, 45], "hlc": [921757, 0]}
INFO:<Node 7>:{"send": false, "recv": true, "to": 7, "from": 3, "vc": [46, 45, 41, 42, 40, 37, 45, 47, 46, 40], "hlc": [921756, 11]}
INFO:<Node 7>:{"send": false, "recv": true, "to": 7, "from": 5, "vc": [46, 45, 41, 42, 41, 42, 45, 48, 46, 47], "hlc": [921756, 12]}
INFO:<Node 8>:{"send": false, "recv": true, "to": 8, "from": 4, "vc": [41, 49, 41, 41, 44, 41, 44, 40, 49, 47], "hlc": [921756, 12]}
INFO:<Node 1>:{"send": true, "recv": false, "from": 1, "to": 0, "vc": [41, 51, 41, 39, 41, 37, 44, 40, 43, 45], "hlc": [921756, 11]}
INFO:<Node 2>:{"send": true, "recv": false, "from": 2, "to": 7, "vc": [49, 43, 46, 37, 41, 39, 49, 46, 45, 48], "hlc": [921758, 1]}
INFO:<Node 3>:{"send": true, "recv": false, "from": 3, "to": 1, "vc": [36, 45, 41, 43, 40, 37, 44, 40, 46, 40], "hlc": [921756, 11]}
INFO:<Node 4>:{"send": true, "recv": false, "from": 4, "to": 5, "vc": [41, 49, 41, 39, 45, 37, 44, 40, 43, 45], "hlc": [921756, 12]}
INFO:<Node 6>:{"send": true, "recv": false, "from": 6, "to": 4, "vc": [46, 50, 41, 39, 41, 39, 52, 46, 44, 45], "hlc": [921757, 1]}
INFO:<Node 7>:{"send": true, "recv": false, "from": 7, "to": 4, "vc": [46, 45, 41, 42, 41, 42, 45, 49, 46, 47], "hlc": [921756, 13]}
INFO:<Node 8>:{"send": true, "recv": false, "from": 8, "to": 3, "vc": [41, 49, 41, 41, 44, 41, 44, 40, 50, 47], "hlc": [921756, 13]}
INFO:<Node 0>:{"send": false, "recv": true, "to": 0, "from": 1, "vc": [50, 51, 42, 39, 41, 38, 44, 41, 43, 45], "hlc": [921756, 12]}
INFO:<Node 1>:{"send": false, "recv": true, "to": 1, "from": 3, "vc": [41, 52, 41, 43, 41, 37, 44, 40, 46, 45], "hlc": [921756, 12]}
INFO:<Node 3>:{"send": false, "recv": true, "to": 3, "from": 8, "vc": [41, 49, 41, 44, 44, 41, 44, 40, 50, 47], "hlc": [921756, 14]}
INFO:<Node 4>:{"send": false, "recv": true, "to": 4, "from": 6, "vc": [46, 50, 41, 39, 46, 39, 52, 46, 44, 45], "hlc": [921757, 2]}
INFO:<Node 4>:{"send": false, "recv": true, "to": 4, "from": 7, "vc": [46, 50, 41, 42, 47, 42, 52, 49, 46, 47], "hlc": [921757, 3]}
INFO:<Node 5>:{"send": false, "recv": true, "to": 5, "from": 4, "vc": [41, 49, 41, 39, 45, 43, 44, 40, 45, 47], "hlc": [921756, 13]}
INFO:<Node 7>:{"send": false, "recv": true, "to": 7, "from": 2, "vc": [49, 45, 46, 42, 41, 42, 49, 50, 46, 48], "hlc": [921758, 2]}
INFO:<Node 0>:{"send": true, "recv": false, "from": 0, "to": 9, "vc": [51, 51, 42, 39, 41, 38, 44, 41, 43, 45], "hlc": [921756, 13]}
INFO:<Node 3>:{"send": true, "recv": false, "from": 3, "to": 5, "vc": [41, 49, 41, 45, 44, 41, 44, 40, 50, 47], "hlc": [921756, 15]}
INFO:<Node 4>:{"send": true, "recv": false, "from": 4, "to": 2, "vc": [46, 50, 41, 42, 48, 42, 52, 49, 46, 47], "hlc": [921757, 4]}
INFO:<Node 6>:{"send": true, "recv": false, "from": 6, "to": 9, "vc": [46, 50, 41, 39, 41, 39, 53, 46, 44, 45], "hlc": [921757, 2]}
INFO:<Node 8>:{"send": true, "recv": false, "from": 8, "to": 5, "vc": [41, 49, 41, 41, 44, 41, 44, 40, 51, 47], "hlc": [921756, 14]}
INFO:<Node 2>:{"send": false, "recv": true, "to": 2, "from": 4, "vc": [49, 50, 47, 42, 48, 42, 52, 49, 46, 48], "hlc": [921759, 0]}
INFO:<Node 5>:{"send": false, "recv": true, "to": 5, "from": 3, "vc": [41, 49, 41, 45, 45, 44, 44, 40, 50, 47], "hlc": [921756, 16]}
INFO:<Node 5>:{"send": false, "recv": true, "to": 5, "from": 8, "vc": [41, 49, 41, 45, 45, 45, 44, 40, 51, 47], "hlc": [921756, 17]}
INFO:<Node 9>:{"send": false, "recv": true, "to": 9, "from": 0, "vc": [51, 51, 42, 39, 41, 38, 44, 41, 45, 49], "hlc": [921756, 14]}
INFO:<Node 9>:{"send": false, "recv": true, "to": 9, "from": 6, "vc": [51, 51, 42, 39, 41, 39, 53, 46, 45, 50], "hlc": [921757, 3]}
INFO:<Node 1>:{"send": true, "recv": false, "from": 1, "to": 4, "vc": [41, 53, 41, 43, 41, 37, 44, 40, 46, 45], "hlc": [921756, 13]}
INFO:<Node 4>:{"send": true, "recv": false, "from": 4, "to": 2, "vc": [46, 50, 41, 42, 49, 42, 52, 49, 46, 47], "hlc": [921757, 5]}
INFO:<Node 7>:{"send": true, "recv": false, "from": 7, "to": 3, "vc": [49, 45, 46, 42, 41, 42, 49, 51, 46, 48], "hlc": [921758, 3]}
INFO:<Node 9>:{"send": true, "recv": false, "from": 9, "to": 6, "vc": [51, 51, 42, 39, 41, 39, 53, 46, 45, 51], "hlc": [921757, 4]}
INFO:<Node 2>:{"send": false, "recv": true, "to": 2, "from": 4, "vc": [49, 50, 48, 42, 49, 42, 52, 49, 46, 48], "hlc": [921760, 0]}
INFO:<Node 3>:{"send": false, "recv": true, "to": 3, "from": 7, "vc": [49, 49, 46, 46, 44, 42, 49, 51, 50, 48], "hlc": [921758, 4]}
INFO:<Node 4>:{"send": false, "recv": true, "to": 4, "from": 1, "vc": [46, 53, 41, 43, 50, 42, 52, 49, 46, 47], "hlc": [921757, 6]}
INFO:<Node 6>:{"send": false, "recv": true, "to": 6, "from": 9, "vc": [51, 51, 42, 39, 41, 39, 54, 46, 45, 51], "hlc": [921758, 0]}
INFO:<Node 5>:{"send": true, "recv": false, "from": 5, "to": 9, "vc": [41, 49, 41, 45, 45, 46, 44, 40, 51, 47], "hlc": [921756, 18]}
INFO:<Node 6>:{"send": true, "recv": false, "from": 6, "to": 4, "vc": [51, 51, 42, 39, 41, 39, 55, 46, 45, 51], "hlc": [921758, 1]}
INFO:<Node 7>:{"send": true, "recv": false, "from": 7, "to": 9, "vc": [49, 45, 46, 42, 41, 42, 49, 52, 46, 48], "hlc": [921758, 4]}
INFO:<Node 8>:{"send": true, "recv": false, "from": 8, "to": 9, "vc": [41, 49, 41, 41, 44, 41, 44, 40, 52, 47], "hlc": [921756, 15]}
INFO:<Node 9>:{"send": true, "recv": false, "from": 9, "to": 3, "vc": [51, 51, 42, 39, 41, 39, 53, 46, 45, 52], "hlc": [921757, 5]}
INFO:<Node 3>:{"send": false, "recv": true, "to": 3, "from": 9, "vc": [51, 51, 46, 47, 44, 42, 53, 51, 50, 52], "hlc": [921758, 5]}
INFO:<Node 4>:{"send": false, "recv": true, "to": 4, "from": 6, "vc": [51, 53, 42, 43, 51, 42, 55, 49, 46, 51], "hlc": [921758, 2]}
INFO:<Node 9>:{"send": false, "recv": true, "to": 9, "from": 5, "vc": [51, 51, 42, 45, 45, 46, 53, 46, 51, 53], "hlc": [921757, 6]}
INFO:<Node 9>:{"send": false, "recv": true, "to": 9, "from": 7, "vc": [51, 51, 46, 45, 45, 46, 53, 52, 51, 54], "hlc": [921758, 5]}
INFO:<Node 9>:{"send": false, "recv": true, "to": 9, "from": 8, "vc": [51, 51, 46, 45, 45, 46, 53, 52, 52, 55], "hlc": [921758, 6]}
INFO:<Node 0>:{"send": true, "recv": false, "from": 0, "to": 8, "vc": [52, 51, 42, 39, 41, 38, 44, 41, 43, 45], "hlc": [921756, 14]}
INFO:<Node 2>:{"send": true, "recv": false, "from": 2, "to": 5, "vc": [49, 50, 49, 42, 49, 42, 52, 49, 46, 48], "hlc": [921760, 1]}
INFO:<Node 3>:{"send": true, "recv": false, "from": 3, "to": 0, "vc": [51, 51, 46, 48, 44, 42, 53, 51, 50, 52], "hlc": [921758, 6]}
INFO:<Node 6>:{"send": true, "recv": false, "from": 6, "to": 4, "vc": [51, 51, 42, 39, 41, 39, 56, 46, 45, 51], "hlc": [921759, 0]}
INFO:<Node 0>:{"send": false, "recv": true, "to": 0, "from": 3, "vc": [53, 51, 46, 48, 44, 42, 53, 51, 50, 52], "hlc": [921758, 7]}
INFO:<Node 4>:{"send": false, "recv": true, "to": 4, "from": 6, "vc": [51, 53, 42, 43, 52, 42, 56, 49, 46, 51], "hlc": [921759, 1]}
INFO:<Node 5>:{"send": false, "recv": true, "to": 5, "from": 2, "vc": [49, 50, 49, 45, 49, 47, 52, 49, 51, 48], "hlc": [921760, 2]}
INFO:<Node 8>:{"send": false, "recv": true, "to": 8, "from": 0, "vc": [52, 51, 42, 41, 44, 41, 44, 41, 53, 47], "hlc": [921756, 16]}
INFO:<Node 1>:{"send": true, "recv": false, "from": 1, "to": 8, "vc": [41, 54, 41, 43, 41, 37, 44, 40, 46, 45], "hlc": [921756, 14]}
INFO:<Node 2>:{"send": true, "recv": false, "from": 2, "to": 6, "vc": [49, 50, 50, 42, 49, 42, 52, 49, 46, 48], "hlc": [921761, 0]}
INFO:<Node 3>:{"send": true, "recv": false, "from": 3, "to": 6, "vc": [51, 51, 46, 49, 44, 42, 53, 51, 50, 52], "hlc": [921758, 7]}
INFO:<Node 4>:{"send": true, "recv": false, "from": 4, "to": 6, "vc": [51, 53, 42, 43, 53, 42, 56, 49, 46, 51], "hlc": [921759, 2]}
INFO:<Node 5>:{"send": true, "recv": false, "from": 5, "to": 6, "vc": [49, 50, 49, 45, 49, 48, 52, 49, 51, 48], "hlc": [921760, 3]}
INFO:<Node 6>:{"send": true, "recv": false, "from": 6, "to": 7, "vc": [51, 51, 42, 39, 41, 39, 57, 46, 45, 51], "hlc": [921759, 1]}
INFO:<Node 7>:{"send": true, "recv": false, "from": 7, "to": 3, "vc": [49, 45, 46, 42, 41, 42, 49, 53, 46, 48], "hlc": [921758, 5]}
INFO:<Node 8>:{"send": true, "recv": false, "from": 8, "to": 1, "vc": [52, 51, 42, 41, 44, 41, 44, 41, 54, 47], "hlc": [921756, 17]}
INFO:<Node 9>:{"send": true, "recv": false, "from": 9, "to": 0, "vc": [51, 51, 46, 45, 45, 46, 53, 52, 52, 56], "hlc": [921758, 7]}
INFO:<Node 0>:{"send": false, "recv": true, "to": 0, "from": 9, "vc": [54, 51, 46, 48, 45, 46, 53, 52, 52, 56], "hlc": [921758, 8]}
INFO:<Node 1>:{"send": false, "recv": true, "to": 1, "from": 8, "vc": [52, 55, 42, 43, 44, 41, 44, 41, 54, 47], "hlc": [921756, 18]}
INFO:<Node 3>:{"send": false, "recv": true, "to": 3, "from": 7, "vc": [51, 51, 46, 50, 44, 42, 53, 53, 50, 52], "hlc": [921758, 8]}
INFO:<Node 6>:{"send": false, "recv": true, "to": 6, "from": 2, "vc": [51, 51, 50, 42, 49, 42, 58, 49, 46, 51], "hlc": [921761, 1]}
INFO:<Node 6>:{"send": false, "recv": true, "to": 6, "from": 3, "vc": [51, 51, 50, 49, 49, 42, 59, 51, 50, 52], "hlc": [921761, 2]}
INFO:<Node 6>:{"send": false, "recv": true, "to": 6, "from": 4, "vc": [51, 53, 50, 49, 53, 42, 60, 51, 50, 52], "hlc": [921761, 3]}
INFO:<Node 6>:{"send": false, "recv": true, "to": 6, "from": 5, "vc": [51, 53, 50, 49, 53, 48, 61, 51, 51, 52], "hlc": [921761, 4]}
INFO:<Node 7>:{"send": false, "recv": true, "to": 7, "from": 6, "vc": [51, 51, 46, 42, 41, 42, 57, 54, 46, 51], "hlc": [921759, 2]}
INFO:<Node 8>:{"send": false, "recv": true, "to": 8, "from": 1, "vc": [52, 54, 42, 43, 44, 41, 44, 41, 55, 47], "hlc": [921756, 18]}
INFO:<Node 0>:{"send": true, "recv": false, "from": 0, "to": 7, "vc": [55, 51, 46, 48, 45, 46, 53, 52, 52, 56], "hlc": [921758, 9]}
INFO:<Node 1>:{"send": true, "recv": false, "from": 1, "to": 5, "vc": [52, 56, 42, 43, 44, 41, 44, 41, 54, 47], "hlc": [921756, 19]}
INFO:<Node 2>:{"send": true, "recv": false, "from": 2, "to": 1, "vc": [49, 50, 51, 42, 49, 42, 52, 49, 46, 48], "hlc": [921761, 1]}
INFO:<Node 3>:{"send": true, "recv": false, "from": 3, "to": 1, "vc": [51, 51, 46, 51, 44, 42, 53, 53, 50, 52], "hlc": [921758, 9]}
INFO:<Node 4>:{"send": true, "recv": false, "from": 4, "to": 6, "vc": [51, 53, 42, 43, 54, 42, 56, 49, 46, 51], "hlc": [921759, 3]}
INFO:<Node 5>:{"send": true, "recv": false, "from": 5, "to": 7, "vc": [49, 50, 49, 45, 49, 49, 52, 49, 51, 48], "hlc": [921760, 4]}
INFO:<Node 6>:{"send": true, "recv": false, "from": 6, "to": 1, "vc": [51, 53, 50, 49, 53, 48, 62, 51, 51, 52], "hlc": [921761, 5]}
INFO:<Node 7>:{"send": true, "recv": false, "from": 7, "to": 5, "vc": [51, 51, 46, 42, 41, 42, 57, 55, 46, 51], "hlc": [921759, 3]}
INFO:<Node 8>:{"send": true, "recv": false, "from": 8, "to": 5, "vc": [52, 54, 42, 43, 44, 41, 44, 41, 56, 47], "hlc": [921756, 19]}
INFO:<Node 1>:{"send": false, "recv": true, "to": 1, "from": 2, "vc": [52, 57, 51, 43, 49, 42, 52, 49, 54, 48], "hlc": [921761, 2]}
INFO:<Node 1>:{"send": false, "recv": true, "to": 1, "from": 3, "vc": [52, 58, 51, 51, 49, 42, 53, 53, 54, 52], "hlc": [921761, 3]}
INFO:<Node 1>:{"send": false, "recv": true, "to": 1, "from": 6, "vc": [52, 59, 51, 51, 53, 48, 62, 53, 54, 52], "hlc": [921761, 6]}
INFO:<Node 5>:{"send": false, "recv": true, "to": 5, "from": 1, "vc": [52, 56, 49, 45, 49, 50, 52, 49, 54, 48], "hlc": [921760, 5]}
INFO:<Node 5>:{"send": false, "recv": true, "to": 5, "from": 7, "vc": [52, 56, 49, 45, 49, 51, 57, 55, 54, 51], "hlc": [921760, 6]}
INFO:<Node 5>:{"send": false, "recv": true, "to": 5, "from": 8, "vc": [52, 56, 49, 45, 49, 52, 57, 55, 56, 51], "hlc": [921760, 7]}
INFO:<Node 6>:{"send": false, "recv": true, "to": 6, "from": 4, "vc": [51, 53, 50, 49, 54, 48, 63, 51, 51, 52], "hlc": [921761, 6]}
INFO:<Node 7>:{"send": false, "recv": true, "to": 7, "from": 0, "vc": [55, 51, 46, 48, 45, 46, 57, 56, 52, 56], "hlc": [921759, 4]}
INFO:<Node 7>:{"send": false, "recv": true, "to": 7, "from": 5, "vc": [55, 51, 49, 48, 49, 49, 57, 57, 52, 56], "hlc": [921760, 5]}
INFO:<Node 0>:{"send": true, "recv": false, "from": 0, "to": 6, "vc": [56, 51, 46, 48, 45, 46, 53, 52, 52, 56], "hlc": [921758, 10]}
INFO:<Node 1>:{"send": true, "recv": false, "from": 1, "to": 5, "vc": [52, 60, 51, 51, 53, 48, 62, 53, 54, 52], "hlc": [921761, 7]}
INFO:<Node 2>:{"send": true, "recv": false, "from": 2, "to": 0, "vc": [49, 50, 52, 42, 49, 42, 52, 49, 46, 48], "hlc": [921762, 0]}
INFO:<Node 3>:{"send": true, "recv": false, "from": 3, "to": 1, "vc": [51, 51, 46, 52, 44, 42, 53, 53, 50, 52], "hlc": [921758, 10]}
INFO:<Node 4>:{"send": true, "recv": false, "from": 4, "to": 3, "vc": [51, 53, 42, 43, 55, 42, 56, 49, 46, 51], "hlc": [921759, 4]}
INFO:<Node 5>:{"send": true, "recv": false, "from": 5, "to": 7, "vc": [52, 56, 49, 45, 49, 53, 57, 55, 56, 51], "hlc": [921760, 8]}
INFO:<Node 6>:{"send": true, "recv": false, "from": 6, "to": 5, "vc": [51, 53, 50, 49, 54, 48, 64, 51, 51, 52], "hlc": [921761, 7]}
INFO:<Node 0>:{"send": false, "recv": true, "to": 0, "from": 2, "vc": [57, 51, 52, 48, 49, 46, 53, 52, 52, 56], "hlc": [921762, 1]}
INFO:<Node 1>:{"send": false, "recv": true, "to": 1, "from": 3, "vc": [52, 61, 51, 52, 53, 48, 62, 53, 54, 52], "hlc": [921761, 8]}
INFO:<Node 3>:{"send": false, "recv": true, "to": 3, "from": 4, "vc": [51, 53, 46, 53, 55, 42, 56, 53, 50, 52], "hlc": [921759, 5]}
INFO:<Node 5>:{"send": false, "recv": true, "to": 5, "from": 1, "vc": [52, 60, 51, 51, 53, 54, 62, 55, 56, 52], "hlc": [921761, 8]}
INFO:<Node 5>:{"send": false, "recv": true, "to": 5, "from": 6, "vc": [52, 60, 51, 51, 54, 55, 64, 55, 56, 52], "hlc": [921761, 9]}
INFO:<Node 6>:{"send": false, "recv": true, "to": 6, "from": 0, "vc": [56, 53, 50, 49, 54, 48, 65, 52, 52, 56], "hlc": [921761, 8]}
INFO:<Node 7>:{"send": false, "recv": true, "to": 7, "from": 5, "vc": [55, 56, 49, 48, 49, 53, 57, 58, 56, 56], "hlc": [921760, 9]}
INFO:<Node 0>:{"send": true, "recv": false, "from": 0, "to": 9, "vc": [58, 51, 52, 48, 49, 46, 53, 52, 52, 56], "hlc": [921762, 2]}
INFO:<Node 1>:{"send": true, "recv": false, "from": 1, "to": 3, "vc": [52, 62, 51, 52, 53, 48, 62, 53, 54, 52], "hlc": [921761, 9]}
INFO:<Node 2>:{"send": true, "recv": false, "from": 2, "to": 1, "vc": [49, 50, 53, 42, 49, 42, 52, 49, 46, 48], "hlc": [921762, 1]}
INFO:<Node 4>:{"send": true, "recv": false, "from": 4, "to": 6, "vc": [51, 53, 42, 43, 56, 42, 56, 49, 46, 51], "hlc": [921759, 5]}
INFO:<Node 5>:{"send": true, "recv": false, "from": 5, "to": 6, "vc": [52, 60, 51, 51, 54, 56, 64, 55, 56, 52], "hlc": [921761, 10]}
INFO:<Node 6>:{"send": true, "recv": false, "from": 6, "to": 2, "vc": [56, 53, 50, 49, 54, 48, 66, 52, 52, 56], "hlc": [921761, 9]}
INFO:<Node 1>:{"send": false, "recv": true, "to": 1, "from": 2, "vc": [52, 63, 53, 52, 53, 48, 62, 53, 54, 52], "hlc": [921762, 2]}
INFO:<Node 2>:{"send": false, "recv": true, "to": 2, "from": 6, "vc": [56, 53, 54, 49, 54, 48, 66, 52, 52, 56], "hlc": [921763, 0]}
INFO:<Node 3>:{"send": false, "recv": true, "to": 3, "from": 1, "vc": [52, 62, 51, 54, 55, 48, 62, 53, 54, 52], "hlc": [921761, 10]}
INFO:<Node 6>:{"send": false, "recv": true, "to": 6, "from": 4, "vc": [56, 53, 50, 49, 56, 48, 67, 52, 52, 56], "hlc": [921761, 10]}
INFO:<Node 6>:{"send": false, "recv": true, "to": 6, "from": 5, "vc": [56, 60, 51, 51, 56, 56, 68, 55, 56, 56], "hlc": [921761, 11]}
INFO:<Node 9>:{"send": false, "recv": true, "to": 9, "from": 0, "vc": [58, 51, 52, 48, 49, 46, 53, 52, 52, 57], "hlc": [921762, 3]}
