INFO:root:Random workload: num sockets: 10, num iterations: 50, base address: 38300, chance of send: 3 in 5, round delay (s): 0.5, max clock drift (s): 3.5, actual clock drifts: [-1.9694629802370311, 0.9636963798644205, -0.20663985464226187, 2.5281132659094503, 2.4620220661800367, -1.9201098723014, -1.588509226980463, 1.5110462152742876, -2.512903476144471, -1.6050945510807224]
INFO:<Node 1>:{"send": true, "recv": false, "from": 1, "to": 7, "vc": [0, 1, 0, 0, 0, 0, 0, 0, 0, 0], "hlc": [921537, 0]}
INFO:<Node 2>:{"send": true, "recv": false, "from": 2, "to": 4, "vc": [0, 0, 1, 0, 0, 0, 0, 0, 0, 0], "hlc": [921536, 1]}
INFO:<Node 3>:{"send": true, "recv": false, "from": 3, "to": 4, "vc": [0, 0, 0, 1, 0, 0, 0, 0, 0, 0], "hlc": [921539, 0]}
INFO:<Node 4>:{"send": true, "recv": false, "from": 4, "to": 1, "vc": [0, 0, 0, 0, 1, 0, 0, 0, 0, 0], "hlc": [921538, 0]}
INFO:<Node 6>:{"send": true, "recv": false, "from": 6, "to": 4, "vc": [0, 0, 0, 0, 0, 0, 1, 0, 0, 0], "hlc": [921536, 1]}
INFO:<Node 8>:{"send": true, "recv": false, "from": 8, "to": 6, "vc": [0, 0, 0, 0, 0, 0, 0, 0, 1, 0], "hlc": [921536, 1]}
INFO:<Node 1>:{"send": false, "recv": true, "to": 1, "from": 4, "vc": [0, 2, 0, 0, 1, 0, 0, 0, 0, 0], "hlc": [921538, 1]}
INFO:<Node 4>:{"send": false, "recv": true, "to": 4, "from": 2, "vc": [0, 0, 1, 0, 2, 0, 0, 0, 0, 0], "hlc": [921539, 0]}
INFO:<Node 4>:{"send": false, "recv": true, "to": 4, "from": 3, "vc": [0, 0, 1, 1, 3, 0, 0, 0, 0, 0], "hlc": [921539, 1]}
INFO:<Node 4>:{"send": false, "recv": true, "to": 4, "from": 6, "vc": [0, 0, 1, 1, 4, 0, 1, 0, 0, 0], "hlc": [921539, 2]}
INFO:<Node 6>:{"send": false, "recv": true, "to": 6, "from": 8, "vc": [0, 0, 0, 0, 0, 0, 2, 0, 1, 0], "hlc": [921536, 2]}
INFO:<Node 7>:{"send": false, "recv": true, "to": 7, "from": 1, "vc": [0, 1, 0, 0, 0, 0, 0, 1, 0, 0], "hlc": [921538, 0]}
INFO:<Node 0>:{"send": true, "recv": false, "from": 0, "to": 5, "vc": [1, 0, 0, 0, 0, 0, 0, 0, 0, 0], "hlc": [921536, 1]}
INFO:<Node 1>:{"send": true, "recv": false, "from": 1, "to": 0, "vc": [0, 3, 0, 0, 1, 0, 0, 0, 0, 0], "hlc": [921538, 2]}
INFO:<Node 4>:{"send": true, "recv": false, "from": 4, "to": 3, "vc": [0, 0, 1, 1, 5, 0, 1, 0, 0, 0], "hlc": [921539, 3]}
INFO:<Node 5>:{"send": true, "recv": false, "from": 5, "to": 2, "vc": [0, 0, 0, 0, 0, 1, 0, 0, 0, 0], "hlc": [921536, 1]}
INFO:<Node 8>:{"send": true, "recv": false, "from": 8, "to": 1, "vc": [0, 0, 0, 0, 0, 0, 0, 0, 2, 0], "hlc": [921536, 2]}
INFO:<Node 0>:{"send": false, "recv": true, "to": 0, "from": 1, "vc": [2, 3, 0, 0, 1, 0, 0, 0, 0, 0], "hlc": [921538, 3]}
INFO:<Node 1>:{"send": false, "recv": true, "to": 1, "from": 8, "vc": [0, 4, 0, 0, 1, 0, 0, 0, 2, 0], "hlc": [921538, 3]}
INFO:<Node 2>:{"send": false, "recv": true, "to": 2, "from": 5, "vc": [0, 0, 2, 0, 0, 1, 0, 0, 0, 0], "hlc": [921537, 0]}
INFO:<Node 3>:{"send": false, "recv": true, "to": 3, "from": 4, "vc": [0, 0, 1, 2, 5, 0, 1, 0, 0, 0], "hlc": [921540, 0]}
INFO:<Node 5>:{"send": false, "recv": true, "to": 5, "from": 0, "vc": [1, 0, 0, 0, 0, 2, 0, 0, 0, 0], "hlc": [921536, 2]}
INFO:<Node 3>:{"send": true, "recv": false, "from": 3, "to": 0, "vc": [0, 0, 1, 3, 5, 0, 1, 0, 0, 0], "hlc": [921540, 1]}
INFO:<Node 4>:{"send": true, "recv": false, "from": 4, "to": 8, "vc": [0, 0, 1, 1, 6, 0, 1, 0, 0, 0], "hlc": [921539, 4]}
INFO:<Node 7>:{"send": true, "recv": false, "from": 7, "to": 2, "vc": [0, 1, 0, 0, 0, 0, 0, 2, 0, 0], "hlc": [921539, 0]}
INFO:<Node 8>:{"send": true, "recv": false, "from": 8, "to": 9, "vc": [0, 0, 0, 0, 0, 0, 0, 0, 3, 0], "hlc": [921536, 3]}
INFO:<Node 9>:{"send": true, "recv": false, "from": 9, "to": 4, "vc": [0, 0, 0, 0, 0, 0, 0, 0, 0, 1], "hlc": [921536, 1]}
INFO:<Node 0>:{"send": false, "recv": true, "to": 0, "from": 3, "vc": [3, 3, 1, 3, 5, 0, 1, 0, 0, 0], "hlc": [921540, 2]}
INFO:<Node 2>:{"send": false, "recv": true, "to": 2, "from": 7, "vc": [0, 1, 3, 0, 0, 1, 0, 2, 0, 0], "hlc": [921539, 1]}
INFO:<Node 4>:{"send": false, "recv": true, "to": 4, "from": 9, "vc": [0, 0, 1, 1, 7, 0, 1, 0, 0, 1], "hlc": [921540, 0]}
INFO:<Node 8>:{"send": false, "recv": true, "to": 8, "from": 4, "vc": [0, 0, 1, 1, 6, 0, 1, 0, 4, 0], "hlc": [921539, 5]}
INFO:<Node 9>:{"send": false, "recv": true, "to": 9, "from": 8, "vc": [0, 0, 0, 0, 0, 0, 0, 0, 3, 2], "hlc": [921536, 4]}
INFO:<Node 1>:{"send": true, "recv": false, "from": 1, "to": 0, "vc": [0, 5, 0, 0, 1, 0, 0, 0, 2, 0], "hlc": [921538, 4]}
INFO:<Node 2>:{"send": true, "recv": false, "from": 2, "to": 0, "vc": [0, 1, 4, 0, 0, 1, 0, 2, 0, 0], "hlc": [921539, 2]}
INFO:<Node 3>:{"send": true, "recv": false, "from": 3, "to": 0, "vc": [0, 0, 1, 4, 5, 0, 1, 0, 0, 0], "hlc": [921540, 2]}
INFO:<Node 5>:{"send": true, "recv": false, "from": 5, "to": 0, "vc": [1, 0, 0, 0, 0, 3, 0, 0, 0, 0], "hlc": [921536, 3]}
INFO:<Node 6>:{"send": true, "recv": false, "from": 6, "to": 2, "vc": [0, 0, 0, 0, 0, 0, 3, 0, 1, 0], "hlc": [921536, 3]}
INFO:<Node 7>:{"send": true, "recv": false, "from": 7, "to": 1, "vc": [0, 1, 0, 0, 0, 0, 0, 3, 0, 0], "hlc": [921539, 1]}
INFO:<Node 8>:{"send": true, "recv": false, "from": 8, "to": 3, "vc": [0, 0, 1, 1, 6, 0, 1, 0, 5, 0], "hlc": [921539, 6]}
INFO:<Node 0>:{"send": false, "recv": true, "to": 0, "from": 1, "vc": [4, 5, 1, 3, 5, 0, 1, 0, 2, 0], "hlc": [921540, 3]}
INFO:<Node 0>:{"send": false, "recv": true, "to": 0, "from": 2, "vc": [5, 5, 4, 3, 5, 1, 1, 2, 2, 0], "hlc": [921540, 4]}
INFO:<Node 0>:{"send": false, "recv": true, "to": 0, "from": 3, "vc": [6, 5, 4, 4, 5, 1, 1, 2, 2, 0], "hlc": [921540, 5]}
INFO:<Node 0>:{"send": false, "recv": true, "to": 0, "from": 5, "vc": [7, 5, 4, 4, 5, 3, 1, 2, 2, 0], "hlc": [921540, 6]}
INFO:<Node 1>:{"send": false, "recv": true, "to": 1, "from": 7, "vc": [0, 6, 0, 0, 1, 0, 0, 3, 2, 0], "hlc": [921539, 2]}
INFO:<Node 2>:{"send": false, "recv": true, "to": 2, "from": 6, "vc": [0, 1, 5, 0, 0, 1, 3, 2, 1, 0], "hlc": [921539, 3]}
INFO:<Node 3>:{"send": false, "recv": true, "to": 3, "from": 8, "vc": [0, 0, 1, 5, 6, 0, 1, 0, 5, 0], "hlc": [921541, 0]}
INFO:<Node 1>:{"send": true, "recv": false, "from": 1, "to": 0, "vc": [0, 7, 0, 0, 1, 0, 0, 3, 2, 0], "hlc": [921539, 3]}
INFO:<Node 6>:{"send": true, "recv": false, "from": 6, "to": 3, "vc": [0, 0, 0, 0, 0, 0, 4, 0, 1, 0], "hlc": [921536, 4]}
INFO:<Node 0>:{"send": false, "recv": true, "to": 0, "from": 1, "vc": [8, 7, 4, 4, 5, 3, 1, 3, 2, 0], "hlc": [921540, 7]}
INFO:<Node 3>:{"send": false, "recv": true, "to": 3, "from": 6, "vc": [0, 0, 1, 6, 6, 0, 4, 0, 5, 0], "hlc": [921541, 1]}
INFO:<Node 0>:{"send": true, "recv": false, "from": 0, "to": 5, "vc": [9, 7, 4, 4, 5, 3, 1, 3, 2, 0], "hlc": [921540, 8]}
INFO:<Node 3>:{"send": true, "recv": false, "from": 3, "to": 8, "vc": [0, 0, 1, 7, 6, 0, 4, 0, 5, 0], "hlc": [921541, 2]}
INFO:<Node 7>:{"send": true, "recv": false, "from": 7, "to": 3, "vc": [0, 1, 0, 0, 0, 0, 0, 4, 0, 0], "hlc": [921540, 0]}
INFO:<Node 8>:{"send": true, "recv": false, "from": 8, "to": 6, "vc": [0, 0, 1, 1, 6, 0, 1, 0, 6, 0], "hlc": [921539, 7]}
INFO:<Node 3>:{"send": false, "recv": true, "to": 3, "from": 7, "vc": [0, 1, 1, 8, 6, 0, 4, 4, 5, 0], "hlc": [921542, 0]}
INFO:<Node 5>:{"send": false, "recv": true, "to": 5, "from": 0, "vc": [9, 7, 4, 4, 5, 4, 1, 3, 2, 0], "hlc": [921540, 9]}
INFO:<Node 6>:{"send": false, "recv": true, "to": 6, "from": 8, "vc": [0, 0, 1, 1, 6, 0, 5, 0, 6, 0], "hlc": [921539, 8]}
INFO:<Node 8>:{"send": false, "recv": true, "to": 8, "from": 3, "vc": [0, 0, 1, 7, 6, 0, 4, 0, 7, 0], "hlc": [921541, 3]}
INFO:<Node 1>:{"send": true, "recv": false, "from": 1, "to": 8, "vc": [0, 8, 0, 0, 1, 0, 0, 3, 2, 0], "hlc": [921540, 0]}
INFO:<Node 2>:{"send": true, "recv": false, "from": 2, "to": 1, "vc": [0, 1, 6, 0, 0, 1, 3, 2, 1, 0], "hlc": [921539, 4]}
INFO:<Node 3>:{"send": true, "recv": false, "from": 3, "to": 7, "vc": [0, 1, 1, 9, 6, 0, 4, 4, 5, 0], "hlc": [921542, 1]}
INFO:<Node 5>:{"send": true, "recv": false, "from": 5, "to": 7, "vc": [9, 7, 4, 4, 5, 5, 1, 3, 2, 0], "hlc": [921540, 10]}
INFO:<Node 9>:{"send": true, "recv": false, "from": 9, "to": 8, "vc": [0, 0, 0, 0, 0, 0, 0, 0, 3, 3], "hlc": [921537, 0]}
INFO:<Node 1>:{"send": false, "recv": true, "to": 1, "from": 2, "vc": [0, 9, 6, 0, 1, 1, 3, 3, 2, 0], "hlc": [921541, 0]}
INFO:<Node 7>:{"send": false, "recv": true, "to": 7, "from": 3, "vc": [0, 1, 1, 9, 6, 0, 4, 5, 5, 0], "hlc": [921542, 2]}
INFO:<Node 7>:{"send": false, "recv": true, "to": 7, "from": 5, "vc": [9, 7, 4, 9, 6, 5, 4, 6, 5, 0], "hlc": [921542, 3]}
INFO:<Node 8>:{"send": false, "recv": true, "to": 8, "from": 1, "vc": [0, 8, 1, 7, 6, 0, 4, 3, 8, 0], "hlc": [921541, 4]}
INFO:<Node 8>:{"send": false, "recv": true, "to": 8, "from": 9, "vc": [0, 8, 1, 7, 6, 0, 4, 3, 9, 3], "hlc": [921541, 5]}
INFO:<Node 3>:{"send": true, "recv": false, "from": 3, "to": 5, "vc": [0, 1, 1, 10, 6, 0, 4, 4, 5, 0], "hlc": [921542, 2]}
INFO:<Node 4>:{"send": true, "recv": false, "from": 4, "to": 3, "vc": [0, 0, 1, 1, 8, 0, 1, 0, 0, 1], "hlc": [921542, 0]}
INFO:<Node 5>:{"send": true, "recv": false, "from": 5, "to": 6, "vc": [9, 7, 4, 4, 5, 6, 1, 3, 2, 0], "hlc": [921540, 11]}
INFO:<Node 6>:{"send": true, "recv": false, "from": 6, "to": 7, "vc": [0, 0, 1, 1, 6, 0, 6, 0, 6, 0], "hlc": [921539, 9]}
INFO:<Node 8>:{"send": true, "recv": false, "from": 8, "to": 5, "vc": [0, 8, 1, 7, 6, 0, 4, 3, 10, 3], "hlc": [921541, 6]}
INFO:<Node 3>:{"send": false, "recv": true, "to": 3, "from": 4, "vc": [0, 1, 1, 11, 8, 0, 4, 4, 5, 1], "hlc": [921543, 0]}
INFO:<Node 5>:{"send": false, "recv": true, "to": 5, "from": 3, "vc": [9, 7, 4, 10, 6, 7, 4, 4, 5, 0], "hlc": [921542, 3]}
INFO:<Node 5>:{"send": false, "recv": true, "to": 5, "from": 8, "vc": [9, 8, 4, 10, 6, 8, 4, 4, 10, 3], "hlc": [921542, 4]}
INFO:<Node 6>:{"send": false, "recv": true, "to": 6, "from": 5, "vc": [9, 7, 4, 4, 6, 6, 7, 3, 6, 0], "hlc": [921540, 12]}
INFO:<Node 7>:{"send": false, "recv": true, "to": 7, "from": 6, "vc": [9, 7, 4, 9, 6, 5, 6, 7, 6, 0], "hlc": [921542, 4]}
INFO:<Node 0>:{"send": true, "recv": false, "from": 0, "to": 6, "vc": [10, 7, 4, 4, 5, 3, 1, 3, 2, 0], "hlc": [921540, 9]}
INFO:<Node 1>:{"send": true, "recv": false, "from": 1, "to": 6, "vc": [0, 10, 6, 0, 1, 1, 3, 3, 2, 0], "hlc": [921541, 1]}
INFO:<Node 2>:{"send": true, "recv": false, "from": 2, "to": 1, "vc": [0, 1, 7, 0, 0, 1, 3, 2, 1, 0], "hlc": [921540, 0]}
INFO:<Node 3>:{"send": true, "recv": false, "from": 3, "to": 9, "vc": [0, 1, 1, 12, 8, 0, 4, 4, 5, 1], "hlc": [921543, 1]}
INFO:<Node 4>:{"send": true, "recv": false, "from": 4, "to": 7, "vc": [0, 0, 1, 1, 9, 0, 1, 0, 0, 1], "hlc": [921543, 0]}
INFO:<Node 1>:{"send": false, "recv": true, "to": 1, "from": 2, "vc": [0, 11, 7, 0, 1, 1, 3, 3, 2, 0], "hlc": [921542, 0]}
INFO:<Node 6>:{"send": false, "recv": true, "to": 6, "from": 0, "vc": [10, 7, 4, 4, 6, 6, 8, 3, 6, 0], "hlc": [921540, 13]}
INFO:<Node 6>:{"send": false, "recv": true, "to": 6, "from": 1, "vc": [10, 10, 6, 4, 6, 6, 9, 3, 6, 0], "hlc": [921541, 2]}
INFO:<Node 7>:{"send": false, "recv": true, "to": 7, "from": 4, "vc": [9, 7, 4, 9, 9, 5, 6, 8, 6, 1], "hlc": [921543, 1]}
INFO:<Node 9>:{"send": false, "recv": true, "to": 9, "from": 3, "vc": [0, 1, 1, 12, 8, 0, 4, 4, 5, 4], "hlc": [921543, 2]}
INFO:<Node 0>:{"send": true, "recv": false, "from": 0, "to": 6, "vc": [11, 7, 4, 4, 5, 3, 1, 3, 2, 0], "hlc": [921540, 10]}
INFO:<Node 1>:{"send": true, "recv": false, "from": 1, "to": 4, "vc": [0, 12, 7, 0, 1, 1, 3, 3, 2, 0], "hlc": [921542, 1]}
INFO:<Node 2>:{"send": true, "recv": false, "from": 2, "to": 7, "vc": [0, 1, 8, 0, 0, 1, 3, 2, 1, 0], "hlc": [921540, 1]}
INFO:<Node 4>:{"send": true, "recv": false, "from": 4, "to": 5, "vc": [0, 0, 1, 1, 10, 0, 1, 0, 0, 1], "hlc": [921543, 1]}
INFO:<Node 8>:{"send": true, "recv": false, "from": 8, "to": 7, "vc": [0, 8, 1, 7, 6, 0, 4, 3, 11, 3], "hlc": [921541, 7]}
INFO:<Node 4>:{"send": false, "recv": true, "to": 4, "from": 1, "vc": [0, 12, 7, 1, 11, 1, 3, 3, 2, 1], "hlc": [921544, 0]}
INFO:<Node 5>:{"send": false, "recv": true, "to": 5, "from": 4, "vc": [9, 8, 4, 10, 10, 9, 4, 4, 10, 3], "hlc": [921543, 2]}
INFO:<Node 6>:{"send": false, "recv": true, "to": 6, "from": 0, "vc": [11, 10, 6, 4, 6, 6, 10, 3, 6, 0], "hlc": [921541, 3]}
INFO:<Node 7>:{"send": false, "recv": true, "to": 7, "from": 2, "vc": [9, 7, 8, 9, 9, 5, 6, 9, 6, 1], "hlc": [921543, 2]}
INFO:<Node 7>:{"send": false, "recv": true, "to": 7, "from": 8, "vc": [9, 8, 8, 9, 9, 5, 6, 10, 11, 3], "hlc": [921543, 3]}
INFO:<Node 0>:{"send": true, "recv": false, "from": 0, "to": 2, "vc": [12, 7, 4, 4, 5, 3, 1, 3, 2, 0], "hlc": [921540, 11]}
INFO:<Node 2>:{"send": true, "recv": false, "from": 2, "to": 8, "vc": [0, 1, 9, 0, 0, 1, 3, 2, 1, 0], "hlc": [921541, 0]}
INFO:<Node 3>:{"send": true, "recv": false, "from": 3, "to": 2, "vc": [0, 1, 1, 13, 8, 0, 4, 4, 5, 1], "hlc": [921544, 0]}
INFO:<Node 4>:{"send": true, "recv": false, "from": 4, "to": 1, "vc": [0, 12, 7, 1, 12, 1, 3, 3, 2, 1], "hlc": [921544, 1]}
INFO:<Node 6>:{"send": true, "recv": false, "from": 6, "to": 5, "vc": [11, 10, 6, 4, 6, 6, 11, 3, 6, 0], "hlc": [921541, 4]}
INFO:<Node 7>:{"send": true, "recv": false, "from": 7, "to": 4, "vc": [9, 8, 8, 9, 9, 5, 6, 11, 11, 3], "hlc": [921543, 4]}
INFO:<Node 1>:{"send": false, "recv": true, "to": 1, "from": 4, "vc": [0, 13, 7, 1, 12, 1, 3, 3, 2, 1], "hlc": [921544, 2]}
INFO:<Node 2>:{"send": false, "recv": true, "to": 2, "from": 0, "vc": [12, 7, 10, 4, 5, 3, 3, 3, 2, 0], "hlc": [921541, 1]}
INFO:<Node 2>:{"send": false, "recv": true, "to": 2, "from": 3, "vc": [12, 7, 11, 13, 8, 3, 4, 4, 5, 1], "hlc": [921544, 1]}
INFO:<Node 4>:{"send": false, "recv": true, "to": 4, "from": 7, "vc": [9, 12, 8, 9, 13, 5, 6, 11, 11, 3], "hlc": [921544, 2]}
INFO:<Node 5>:{"send": false, "recv": true, "to": 5, "from": 6, "vc": [11, 10, 6, 10, 10, 10, 11, 4, 10, 3], "hlc": [921543, 3]}
INFO:<Node 8>:{"send": false, "recv": true, "to": 8, "from": 2, "vc": [0, 8, 9, 7, 6, 1, 4, 3, 12, 3], "hlc": [921541, 8]}
INFO:<Node 1>:{"send": true, "recv": false, "from": 1, "to": 2, "vc": [0, 14, 7, 1, 12, 1, 3, 3, 2, 1], "hlc": [921544, 3]}
INFO:<Node 2>:{"send": true, "recv": false, "from": 2, "to": 5, "vc": [12, 7, 12, 13, 8, 3, 4, 4, 5, 1], "hlc": [921544, 2]}
INFO:<Node 6>:{"send": true, "recv": false, "from": 6, "to": 7, "vc": [11, 10, 6, 4, 6, 6, 12, 3, 6, 0], "hlc": [921541, 5]}
INFO:<Node 8>:{"send": true, "recv": false, "from": 8, "to": 5, "vc": [0, 8, 9, 7, 6, 1, 4, 3, 13, 3], "hlc": [921541, 9]}
INFO:<Node 9>:{"send": true, "recv": false, "from": 9, "to": 8, "vc": [0, 1, 1, 12, 8, 0, 4, 4, 5, 5], "hlc": [921543, 3]}
INFO:<Node 2>:{"send": false, "recv": true, "to": 2, "from": 1, "vc": [12, 14, 13, 13, 12, 3, 4, 4, 5, 1], "hlc": [921544, 4]}
INFO:<Node 5>:{"send": false, "recv": true, "to": 5, "from": 2, "vc": [12, 10, 12, 13, 10, 11, 11, 4, 10, 3], "hlc": [921544, 3]}
INFO:<Node 5>:{"send": false, "recv": true, "to": 5, "from": 8, "vc": [12, 10, 12, 13, 10, 12, 11, 4, 13, 3], "hlc": [921544, 4]}
INFO:<Node 7>:{"send": false, "recv": true, "to": 7, "from": 6, "vc": [11, 10, 8, 9, 9, 6, 12, 12, 11, 3], "hlc": [921544, 0]}
INFO:<Node 8>:{"send": false, "recv": true, "to": 8, "from": 9, "vc": [0, 8, 9, 12, 8, 1, 4, 4, 14, 5], "hlc": [921543, 4]}
INFO:<Node 0>:{"send": true, "recv": false, "from": 0, "to": 2, "vc": [13, 7, 4, 4, 5, 3, 1, 3, 2, 0], "hlc": [921540, 12]}
INFO:<Node 1>:{"send": true, "recv": false, "from": 1, "to": 8, "vc": [0, 15, 7, 1, 12, 1, 3, 3, 2, 1], "hlc": [921544, 4]}
INFO:<Node 3>:{"send": true, "recv": false, "from": 3, "to": 6, "vc": [0, 1, 1, 14, 8, 0, 4, 4, 5, 1], "hlc": [921545, 0]}
INFO:<Node 5>:{"send": true, "recv": false, "from": 5, "to": 9, "vc": [12, 10, 12, 13, 10, 13, 11, 4, 13, 3], "hlc": [921544, 5]}
INFO:<Node 8>:{"send": true, "recv": false, "from": 8, "to": 4, "vc": [0, 8, 9, 12, 8, 1, 4, 4, 15, 5], "hlc": [921543, 5]}
INFO:<Node 9>:{"send": true, "recv": false, "from": 9, "to": 3, "vc": [0, 1, 1, 12, 8, 0, 4, 4, 5, 6], "hlc": [921543, 4]}
INFO:<Node 2>:{"send": false, "recv": true, "to": 2, "from": 0, "vc": [13, 14, 14, 13, 12, 3, 4, 4, 5, 1], "hlc": [921544, 5]}
INFO:<Node 3>:{"send": false, "recv": true, "to": 3, "from": 9, "vc": [0, 1, 1, 15, 8, 0, 4, 4, 5, 6], "hlc": [921545, 1]}
INFO:<Node 4>:{"send": false, "recv": true, "to": 4, "from": 8, "vc": [9, 12, 9, 12, 14, 5, 6, 11, 15, 5], "hlc": [921545, 0]}
INFO:<Node 6>:{"send": false, "recv": true, "to": 6, "from": 3, "vc": [11, 10, 6, 14, 8, 6, 13, 4, 6, 1], "hlc": [921545, 1]}
INFO:<Node 8>:{"send": false, "recv": true, "to": 8, "from": 1, "vc": [0, 15, 9, 12, 12, 1, 4, 4, 16, 5], "hlc": [921544, 5]}
INFO:<Node 9>:{"send": false, "recv": true, "to": 9, "from": 5, "vc": [12, 10, 12, 13, 10, 13, 11, 4, 13, 7], "hlc": [921544, 6]}
INFO:<Node 0>:{"send": true, "recv": false, "from": 0, "to": 9, "vc": [14, 7, 4, 4, 5, 3, 1, 3, 2, 0], "hlc": [921541, 0]}
INFO:<Node 1>:{"send": true, "recv": false, "from": 1, "to": 4, "vc": [0, 16, 7, 1, 12, 1, 3, 3, 2, 1], "hlc": [921544, 5]}
INFO:<Node 2>:{"send": true, "recv": false, "from": 2, "to": 4, "vc": [13, 14, 15, 13, 12, 3, 4, 4, 5, 1], "hlc": [921544, 6]}
INFO:<Node 6>:{"send": true, "recv": false, "from": 6, "to": 7, "vc": [11, 10, 6, 14, 8, 6, 14, 4, 6, 1], "hlc": [921545, 2]}
INFO:<Node 7>:{"send": true, "recv": false, "from": 7, "to": 6, "vc": [11, 10, 8, 9, 9, 6, 12, 13, 11, 3], "hlc": [921544, 1]}
INFO:<Node 8>:{"send": true, "recv": false, "from": 8, "to": 0, "vc": [0, 15, 9, 12, 12, 1, 4, 4, 17, 5], "hlc": [921544, 6]}
INFO:<Node 9>:{"send": true, "recv": false, "from": 9, "to": 3, "vc": [12, 10, 12, 13, 10, 13, 11, 4, 13, 8], "hlc": [921544, 7]}
INFO:<Node 0>:{"send": false, "recv": true, "to": 0, "from": 8, "vc": [15, 15, 9, 12, 12, 3, 4, 4, 17, 5], "hlc": [921544, 7]}
INFO:<Node 3>:{"send": false, "recv": true, "to": 3, "from": 9, "vc": [12, 10, 12, 16, 10, 13, 11, 4, 13, 8], "hlc": [921546, 0]}
INFO:<Node 4>:{"send": false, "recv": true, "to": 4, "from": 1, "vc": [9, 16, 9, 12, 15, 5, 6, 11, 15, 5], "hlc": [921546, 0]}
INFO:<Node 4>:{"send": false, "recv": true, "to": 4, "from": 2, "vc": [13, 16, 15, 13, 16, 5, 6, 11, 15, 5], "hlc": [921546, 1]}
INFO:<Node 6>:{"send": false, "recv": true, "to": 6, "from": 7, "vc": [11, 10, 8, 14, 9, 6, 15, 13, 11, 3], "hlc": [921545, 3]}
INFO:<Node 7>:{"send": false, "recv": true, "to": 7, "from": 6, "vc": [11, 10, 8, 14, 9, 6, 14, 14, 11, 3], "hlc": [921545, 3]}
INFO:<Node 9>:{"send": false, "recv": true, "to": 9, "from": 0, "vc": [14, 10, 12, 13, 10, 13, 11, 4, 13, 9], "hlc": [921544, 8]}
INFO:<Node 1>:{"send": true, "recv": false, "from": 1, "to": 5, "vc": [0, 17, 7, 1, 12, 1, 3, 3, 2, 1], "hlc": [921544, 6]}
INFO:<Node 3>:{"send": true, "recv": false, "from": 3, "to": 6, "vc": [12, 10, 12, 17, 10, 13, 11, 4, 13, 8], "hlc": [921546, 1]}
INFO:<Node 4>:{"send": true, "recv": false, "from": 4, "to": 2, "vc": [13, 16, 15, 13, 17, 5, 6, 11, 15, 5], "hlc": [921546, 2]}
INFO:<Node 5>:{"send": true, "recv": false, "from": 5, "to": 4, "vc": [12, 10, 12, 13, 10, 14, 11, 4, 13, 3], "hlc": [921544, 6]}
INFO:<Node 6>:{"send": true, "recv": false, "from": 6, "to": 1, "vc": [11, 10, 8, 14, 9, 6, 16, 13, 11, 3], "hlc": [921545, 4]}
INFO:<Node 7>:{"send": true, "recv": false, "from": 7, "to": 9, "vc": [11, 10, 8, 14, 9, 6, 14, 15, 11, 3], "hlc": [921545, 4]}
INFO:<Node 8>:{"send": true, "recv": false, "from": 8, "to": 6, "vc": [0, 15, 9, 12, 12, 1, 4, 4, 18, 5], "hlc": [921544, 7]}
INFO:<Node 9>:{"send": true, "recv": false, "from": 9, "to": 2, "vc": [14, 10, 12, 13, 10, 13, 11, 4, 13, 10], "hlc": [921544, 9]}
INFO:<Node 1>:{"send": false, "recv": true, "to": 1, "from": 6, "vc": [11, 18, 8, 14, 12, 6, 16, 13, 11, 3], "hlc": [921545, 5]}
INFO:<Node 2>:{"send": false, "recv": true, "to": 2, "from": 4, "vc": [13, 16, 16, 13, 17, 5, 6, 11, 15, 5], "hlc": [921546, 3]}
INFO:<Node 2>:{"send": false, "recv": true, "to": 2, "from": 9, "vc": [14, 16, 17, 13, 17, 13, 11, 11, 15, 10], "hlc": [921546, 4]}
INFO:<Node 4>:{"send": false, "recv": true, "to": 4, "from": 5, "vc": [13, 16, 15, 13, 18, 14, 11, 11, 15, 5], "hlc": [921546, 3]}
INFO:<Node 5>:{"send": false, "recv": true, "to": 5, "from": 1, "vc": [12, 17, 12, 13, 12, 15, 11, 4, 13, 3], "hlc": [921544, 7]}
INFO:<Node 6>:{"send": false, "recv": true, "to": 6, "from": 3, "vc": [12, 10, 12, 17, 10, 13, 17, 13, 13, 8], "hlc": [921546, 2]}
INFO:<Node 6>:{"send": false, "recv": true, "to": 6, "from": 8, "vc": [12, 15, 12, 17, 12, 13, 18, 13, 18, 8], "hlc": [921546, 3]}
INFO:<Node 9>:{"send": false, "recv": true, "to": 9, "from": 7, "vc": [14, 10, 12, 14, 10, 13, 14, 15, 13, 11], "hlc": [921545, 5]}
INFO:<Node 1>:{"send": true, "recv": false, "from": 1, "to": 6, "vc": [11, 19, 8, 14, 12, 6, 16, 13, 11, 3], "hlc": [921545, 6]}
INFO:<Node 2>:{"send": true, "recv": false, "from": 2, "to": 8, "vc": [14, 16, 18, 13, 17, 13, 11, 11, 15, 10], "hlc": [921546, 5]}
INFO:<Node 4>:{"send": true, "recv": false, "from": 4, "to": 9, "vc": [13, 16, 15, 13, 19, 14, 11, 11, 15, 5], "hlc": [921546, 4]}
INFO:<Node 7>:{"send": true, "recv": false, "from": 7, "to": 0, "vc": [11, 10, 8, 14, 9, 6, 14, 16, 11, 3], "hlc": [921545, 5]}
INFO:<Node 9>:{"send": true, "recv": false, "from": 9, "to": 1, "vc": [14, 10, 12, 14, 10, 13, 14, 15, 13, 12], "hlc": [921545, 6]}
INFO:<Node 0>:{"send": false, "recv": true, "to": 0, "from": 7, "vc": [16, 15, 9, 14, 12, 6, 14, 16, 17, 5], "hlc": [921545, 6]}
INFO:<Node 1>:{"send": false, "recv": true, "to": 1, "from": 9, "vc": [14, 20, 12, 14, 12, 13, 16, 15, 13, 12], "hlc": [921545, 7]}
INFO:<Node 6>:{"send": false, "recv": true, "to": 6, "from": 1, "vc": [12, 19, 12, 17, 12, 13, 19, 13, 18, 8], "hlc": [921546, 4]}
INFO:<Node 8>:{"send": false, "recv": true, "to": 8, "from": 2, "vc": [14, 16, 18, 13, 17, 13, 11, 11, 19, 10], "hlc": [921546, 6]}
INFO:<Node 9>:{"send": false, "recv": true, "to": 9, "from": 4, "vc": [14, 16, 15, 14, 19, 14, 14, 15, 15, 13], "hlc": [921546, 5]}
INFO:<Node 0>:{"send": true, "recv": false, "from": 0, "to": 3, "vc": [17, 15, 9, 14, 12, 6, 14, 16, 17, 5], "hlc": [921545, 7]}
INFO:<Node 1>:{"send": true, "recv": false, "from": 1, "to": 6, "vc": [14, 21, 12, 14, 12, 13, 16, 15, 13, 12], "hlc": [921545, 8]}
INFO:<Node 4>:{"send": true, "recv": false, "from": 4, "to": 0, "vc": [13, 16, 15, 13, 20, 14, 11, 11, 15, 5], "hlc": [921547, 0]}
INFO:<Node 6>:{"send": true, "recv": false, "from": 6, "to": 9, "vc": [12, 19, 12, 17, 12, 13, 20, 13, 18, 8], "hlc": [921546, 5]}
INFO:<Node 7>:{"send": true, "recv": false, "from": 7, "to": 9, "vc": [11, 10, 8, 14, 9, 6, 14, 17, 11, 3], "hlc": [921546, 0]}
INFO:<Node 9>:{"send": true, "recv": false, "from": 9, "to": 7, "vc": [14, 16, 15, 14, 19, 14, 14, 15, 15, 14], "hlc": [921546, 6]}
INFO:<Node 0>:{"send": false, "recv": true, "to": 0, "from": 4, "vc": [18, 16, 15, 14, 20, 14, 14, 16, 17, 5], "hlc": [921547, 1]}
INFO:<Node 3>:{"send": false, "recv": true, "to": 3, "from": 0, "vc": [17, 15, 12, 18, 12, 13, 14, 16, 17, 8], "hlc": [921547, 0]}
INFO:<Node 6>:{"send": false, "recv": true, "to": 6, "from": 1, "vc": [14, 21, 12, 17, 12, 13, 21, 15, 18, 12], "hlc": [921546, 6]}
INFO:<Node 7>:{"send": false, "recv": true, "to": 7, "from": 9, "vc": [14, 16, 15, 14, 19, 14, 14, 18, 15, 14], "hlc": [921546, 7]}
INFO:<Node 9>:{"send": false, "recv": true, "to": 9, "from": 6, "vc": [14, 19, 15, 17, 19, 14, 20, 15, 18, 15], "hlc": [921546, 7]}
INFO:<Node 9>:{"send": false, "recv": true, "to": 9, "from": 7, "vc": [14, 19, 15, 17, 19, 14, 20, 17, 18, 16], "hlc": [921546, 8]}
INFO:<Node 0>:{"send": true, "recv": false, "from": 0, "to": 1, "vc": [19, 16, 15, 14, 20, 14, 14, 16, 17, 5], "hlc": [921547, 2]}
INFO:<Node 1>:{"send": true, "recv": false, "from": 1, "to": 9, "vc": [14, 22, 12, 14, 12, 13, 16, 15, 13, 12], "hlc": [921546, 0]}
INFO:<Node 2>:{"send": true, "recv": false, "from": 2, "to": 4, "vc": [14, 16, 19, 13, 17, 13, 11, 11, 15, 10], "hlc": [921546, 6]}
INFO:<Node 5>:{"send": true, "recv": false, "from": 5, "to": 2, "vc": [12, 17, 12, 13, 12, 16, 11, 4, 13, 3], "hlc": [921544, 8]}
INFO:<Node 6>:{"send": true, "recv": false, "from": 6, "to": 9, "vc": [14, 21, 12, 17, 12, 13, 22, 15, 18, 12], "hlc": [921546, 7]}
INFO:<Node 9>:{"send": true, "recv": false, "from": 9, "to": 2, "vc": [14, 19, 15, 17, 19, 14, 20, 17, 18, 17], "hlc": [921546, 9]}
INFO:<Node 1>:{"send": false, "recv": true, "to": 1, "from": 0, "vc": [19, 23, 15, 14, 20, 14, 16, 16, 17, 12], "hlc": [921547, 3]}
INFO:<Node 2>:{"send": false, "recv": true, "to": 2, "from": 5, "vc": [14, 17, 20, 13, 17, 16, 11, 11, 15, 10], "hlc": [921546, 7]}
INFO:<Node 2>:{"send": false, "recv": true, "to": 2, "from": 9, "vc": [14, 19, 21, 17, 19, 16, 20, 17, 18, 17], "hlc": [921546, 10]}
INFO:<Node 4>:{"send": false, "recv": true, "to": 4, "from": 2, "vc": [14, 16, 19, 13, 21, 14, 11, 11, 15, 10], "hlc": [921548, 0]}
INFO:<Node 9>:{"send": false, "recv": true, "to": 9, "from": 1, "vc": [14, 22, 15, 17, 19, 14, 20, 17, 18, 18], "hlc": [921546, 10]}
INFO:<Node 9>:{"send": false, "recv": true, "to": 9, "from": 6, "vc": [14, 22, 15, 17, 19, 14, 22, 17, 18, 19], "hlc": [921546, 11]}
INFO:<Node 1>:{"send": true, "recv": false, "from": 1, "to": 0, "vc": [19, 24, 15, 14, 20, 14, 16, 16, 17, 12], "hlc": [921547, 4]}
INFO:<Node 2>:{"send": true, "recv": false, "from": 2, "to": 5, "vc": [14, 19, 22, 17, 19, 16, 20, 17, 18, 17], "hlc": [921546, 11]}
INFO:<Node 4>:{"send": true, "recv": false, "from": 4, "to": 1, "vc": [14, 16, 19, 13, 22, 14, 11, 11, 15, 10], "hlc": [921548, 1]}
INFO:<Node 6>:{"send": true, "recv": false, "from": 6, "to": 1, "vc": [14, 21, 12, 17, 12, 13, 23, 15, 18, 12], "hlc": [921546, 8]}
INFO:<Node 7>:{"send": true, "recv": false, "from": 7, "to": 6, "vc": [14, 16, 15, 14, 19, 14, 14, 19, 15, 14], "hlc": [921547, 0]}
INFO:<Node 8>:{"send": true, "recv": false, "from": 8, "to": 3, "vc": [14, 16, 18, 13, 17, 13, 11, 11, 20, 10], "hlc": [921546, 7]}
INFO:<Node 9>:{"send": true, "recv": false, "from": 9, "to": 1, "vc": [14, 22, 15, 17, 19, 14, 22, 17, 18, 20], "hlc": [921546, 12]}
INFO:<Node 0>:{"send": false, "recv": true, "to": 0, "from": 1, "vc": [20, 24, 15, 14, 20, 14, 16, 16, 17, 12], "hlc": [921547, 5]}
INFO:<Node 1>:{"send": false, "recv": true, "to": 1, "from": 4, "vc": [19, 25, 19, 14, 22, 14, 16, 16, 17, 12], "hlc": [921548, 2]}
INFO:<Node 1>:{"send": false, "recv": true, "to": 1, "from": 6, "vc": [19, 26, 19, 17, 22, 14, 23, 16, 18, 12], "hlc": [921548, 3]}
INFO:<Node 1>:{"send": false, "recv": true, "to": 1, "from": 9, "vc": [19, 27, 19, 17, 22, 14, 23, 17, 18, 20], "hlc": [921548, 4]}
INFO:<Node 3>:{"send": false, "recv": true, "to": 3, "from": 8, "vc": [17, 16, 18, 19, 17, 13, 14, 16, 20, 10], "hlc": [921548, 0]}
INFO:<Node 5>:{"send": false, "recv": true, "to": 5, "from": 2, "vc": [14, 19, 22, 17, 19, 17, 20, 17, 18, 17], "hlc": [921546, 12]}
INFO:<Node 6>:{"send": false, "recv": true, "to": 6, "from": 7, "vc": [14, 21, 15, 17, 19, 14, 24, 19, 18, 14], "hlc": [921547, 1]}
INFO:<Node 1>:{"send": true, "recv": false, "from": 1, "to": 9, "vc": [19, 28, 19, 17, 22, 14, 23, 17, 18, 20], "hlc": [921548, 5]}
INFO:<Node 2>:{"send": true, "recv": false, "from": 2, "to": 6, "vc": [14, 19, 23, 17, 19, 16, 20, 17, 18, 17], "hlc": [921546, 12]}
INFO:<Node 3>:{"send": true, "recv": false, "from": 3, "to": 1, "vc": [17, 16, 18, 20, 17, 13, 14, 16, 20, 10], "hlc": [921548, 1]}
INFO:<Node 9>:{"send": true, "recv": false, "from": 9, "to": 3, "vc": [14, 22, 15, 17, 19, 14, 22, 17, 18, 21], "hlc": [921546, 13]}
INFO:<Node 1>:{"send": false, "recv": true, "to": 1, "from": 3, "vc": [19, 29, 19, 20, 22, 14, 23, 17, 20, 20], "hlc": [921548, 6]}
INFO:<Node 3>:{"send": false, "recv": true, "to": 3, "from": 9, "vc": [17, 22, 18, 21, 19, 14, 22, 17, 20, 21], "hlc": [921549, 0]}
INFO:<Node 6>:{"send": false, "recv": true, "to": 6, "from": 2, "vc": [14, 21, 23, 17, 19, 16, 25, 19, 18, 17], "hlc": [921547, 2]}
INFO:<Node 9>:{"send": false, "recv": true, "to": 9, "from": 1, "vc": [19, 28, 19, 17, 22, 14, 23, 17, 18, 22], "hlc": [921548, 6]}
INFO:<Node 0>:{"send": true, "recv": false, "from": 0, "to": 1, "vc": [21, 24, 15, 14, 20, 14, 16, 16, 17, 12], "hlc": [921547, 6]}
INFO:<Node 1>:{"send": true, "recv": false, "from": 1, "to": 8, "vc": [19, 30, 19, 20, 22, 14, 23, 17, 20, 20], "hlc": [921548, 7]}
INFO:<Node 2>:{"send": true, "recv": false, "from": 2, "to": 1, "vc": [14, 19, 24, 17, 19, 16, 20, 17, 18, 17], "hlc": [921546, 13]}
INFO:<Node 3>:{"send": true, "recv": false, "from": 3, "to": 5, "vc": [17, 22, 18, 22, 19, 14, 22, 17, 20, 21], "hlc": [921549, 1]}
INFO:<Node 5>:{"send": true, "recv": false, "from": 5, "to": 8, "vc": [14, 19, 22, 17, 19, 18, 20, 17, 18, 17], "hlc": [921546, 13]}
INFO:<Node 6>:{"send": true, "recv": false, "from": 6, "to": 5, "vc": [14, 21, 23, 17, 19, 16, 26, 19, 18, 17], "hlc": [921547, 3]}
INFO:<Node 7>:{"send": true, "recv": false, "from": 7, "to": 1, "vc": [14, 16, 15, 14, 19, 14, 14, 20, 15, 14], "hlc": [921548, 0]}
INFO:<Node 1>:{"send": false, "recv": true, "to": 1, "from": 0, "vc": [21, 31, 19, 20, 22, 14, 23, 17, 20, 20], "hlc": [921548, 8]}
INFO:<Node 1>:{"send": false, "recv": true, "to": 1, "from": 2, "vc": [21, 32, 24, 20, 22, 16, 23, 17, 20, 20], "hlc": [921548, 9]}
INFO:<Node 1>:{"send": false, "recv": true, "to": 1, "from": 7, "vc": [21, 33, 24, 20, 22, 16, 23, 20, 20, 20], "hlc": [921548, 10]}
INFO:<Node 5>:{"send": false, "recv": true, "to": 5, "from": 3, "vc": [17, 22, 22, 22, 19, 19, 22, 17, 20, 21], "hlc": [921549, 2]}
INFO:<Node 5>:{"send": false, "recv": true, "to": 5, "from": 6, "vc": [17, 22, 23, 22, 19, 20, 26, 19, 20, 21], "hlc": [921549, 3]}
INFO:<Node 8>:{"send": false, "recv": true, "to": 8, "from": 1, "vc": [19, 30, 19, 20, 22, 14, 23, 17, 21, 20], "hlc": [921548, 8]}
INFO:<Node 8>:{"send": false, "recv": true, "to": 8, "from": 5, "vc": [19, 30, 22, 20, 22, 18, 23, 17, 22, 20], "hlc": [921548, 9]}
INFO:<Node 0>:{"send": true, "recv": false, "from": 0, "to": 1, "vc": [22, 24, 15, 14, 20, 14, 16, 16, 17, 12], "hlc": [921547, 7]}
INFO:<Node 1>:{"send": true, "recv": false, "from": 1, "to": 0, "vc": [21, 34, 24, 20, 22, 16, 23, 20, 20, 20], "hlc": [921548, 11]}
INFO:<Node 2>:{"send": true, "recv": false, "from": 2, "to": 5, "vc": [14, 19, 25, 17, 19, 16, 20, 17, 18, 17], "hlc": [921546, 14]}
INFO:<Node 3>:{"send": true, "recv": false, "from": 3, "to": 0, "vc": [17, 22, 18, 23, 19, 14, 22, 17, 20, 21], "hlc": [921549, 2]}
INFO:<Node 4>:{"send": true, "recv": false, "from": 4, "to": 5, "vc": [14, 16, 19, 13, 23, 14, 11, 11, 15, 10], "hlc": [921549, 0]}
INFO:<Node 6>:{"send": true, "recv": false, "from": 6, "to": 0, "vc": [14, 21, 23, 17, 19, 16, 27, 19, 18, 17], "hlc": [921547, 4]}
INFO:<Node 7>:{"send": true, "recv": false, "from": 7, "to": 0, "vc": [14, 16, 15, 14, 19, 14, 14, 21, 15, 14], "hlc": [921548, 1]}
INFO:<Node 8>:{"send": true, "recv": false, "from": 8, "to": 2, "vc": [19, 30, 22, 20, 22, 18, 23, 17, 23, 20], "hlc": [921548, 10]}
INFO:<Node 9>:{"send": true, "recv": false, "from": 9, "to": 5, "vc": [19, 28, 19, 17, 22, 14, 23, 17, 18, 23], "hlc": [921548, 7]}
INFO:<Node 0>:{"send": false, "recv": true, "to": 0, "from": 1, "vc": [23, 34, 24, 20, 22, 16, 23, 20, 20, 20], "hlc": [921548, 12]}
INFO:<Node 0>:{"send": false, "recv": true, "to": 0, "from": 3, "vc": [24, 34, 24, 23, 22, 16, 23, 20, 20, 21], "hlc": [921549, 3]}
INFO:<Node 0>:{"send": false, "recv": true, "to": 0, "from": 6, "vc": [25, 34, 24, 23, 22, 16, 27, 20, 20, 21], "hlc": [921549, 4]}
INFO:<Node 0>:{"send": false, "recv": true, "to": 0, "from": 7, "vc": [26, 34, 24, 23, 22, 16, 27, 21, 20, 21], "hlc": [921549, 5]}
INFO:<Node 1>:{"send": false, "recv": true, "to": 1, "from": 0, "vc": [22, 35, 24, 20, 22, 16, 23, 20, 20, 20], "hlc": [921548, 12]}
INFO:<Node 2>:{"send": false, "recv": true, "to": 2, "from": 8, "vc": [19, 30, 26, 20, 22, 18, 23, 17, 23, 20], "hlc": [921548, 11]}
INFO:<Node 5>:{"send": false, "recv": true, "to": 5, "from": 2, "vc": [17, 22, 25, 22, 19, 21, 26, 19, 20, 21], "hlc": [921549, 4]}
INFO:<Node 5>:{"send": false, "recv": true, "to": 5, "from": 4, "vc": [17, 22, 25, 22, 23, 22, 26, 19, 20, 21], "hlc": [921549, 5]}
INFO:<Node 5>:{"send": false, "recv": true, "to": 5, "from": 9, "vc": [19, 28, 25, 22, 23, 23, 26, 19, 20, 23], "hlc": [921549, 6]}
INFO:<Node 1>:{"send": true, "recv": false, "from": 1, "to": 7, "vc": [22, 36, 24, 20, 22, 16, 23, 20, 20, 20], "hlc": [921548, 13]}
INFO:<Node 2>:{"send": true, "recv": false, "from": 2, "to": 6, "vc": [19, 30, 27, 20, 22, 18, 23, 17, 23, 20], "hlc": [921548, 12]}
INFO:<Node 4>:{"send": true, "recv": false, "from": 4, "to": 9, "vc": [14, 16, 19, 13, 24, 14, 11, 11, 15, 10], "hlc": [921550, 0]}
INFO:<Node 5>:{"send": true, "recv": false, "from": 5, "to": 9, "vc": [19, 28, 25, 22, 23, 24, 26, 19, 20, 23], "hlc": [921549, 7]}
INFO:<Node 6>:{"send": true, "recv": false, "from": 6, "to": 5, "vc": [14, 21, 23, 17, 19, 16, 28, 19, 18, 17], "hlc": [921547, 5]}
INFO:<Node 7>:{"send": true, "recv": false, "from": 7, "to": 8, "vc": [14, 16, 15, 14, 19, 14, 14, 22, 15, 14], "hlc": [921549, 0]}
INFO:<Node 8>:{"send": true, "recv": false, "from": 8, "to": 6, "vc": [19, 30, 22, 20, 22, 18, 23, 17, 24, 20], "hlc": [921548, 11]}
INFO:<Node 9>:{"send": true, "recv": false, "from": 9, "to": 8, "vc": [19, 28, 19, 17, 22, 14, 23, 17, 18, 24], "hlc": [921548, 8]}
INFO:<Node 5>:{"send": false, "recv": true, "to": 5, "from": 6, "vc": [19, 28, 25, 22, 23, 25, 28, 19, 20, 23], "hlc": [921549, 8]}
INFO:<Node 6>:{"send": false, "recv": true, "to": 6, "from": 2, "vc": [19, 30, 27, 20, 22, 18, 29, 19, 23, 20], "hlc": [921548, 13]}
INFO:<Node 6>:{"send": false, "recv": true, "to": 6, "from": 8, "vc": [19, 30, 27, 20, 22, 18, 30, 19, 24, 20], "hlc": [921548, 14]}
INFO:<Node 7>:{"send": false, "recv": true, "to": 7, "from": 1, "vc": [22, 36, 24, 20, 22, 16, 23, 23, 20, 20], "hlc": [921549, 1]}
INFO:<Node 8>:{"send": false, "recv": true, "to": 8, "from": 7, "vc": [19, 30, 22, 20, 22, 18, 23, 22, 25, 20], "hlc": [921549, 1]}
INFO:<Node 8>:{"send": false, "recv": true, "to": 8, "from": 9, "vc": [19, 30, 22, 20, 22, 18, 23, 22, 26, 24], "hlc": [921549, 2]}
INFO:<Node 9>:{"send": false, "recv": true, "to": 9, "from": 4, "vc": [19, 28, 19, 17, 24, 14, 23, 17, 18, 25], "hlc": [921550, 1]}
INFO:<Node 9>:{"send": false, "recv": true, "to": 9, "from": 5, "vc": [19, 28, 25, 22, 24, 24, 26, 19, 20, 26], "hlc": [921550, 2]}
INFO:<Node 1>:{"send": true, "recv": false, "from": 1, "to": 2, "vc": [22, 37, 24, 20, 22, 16, 23, 20, 20, 20], "hlc": [921549, 0]}
INFO:<Node 2>:{"send": true, "recv": false, "from": 2, "to": 0, "vc": [19, 30, 28, 20, 22, 18, 23, 17, 23, 20], "hlc": [921548, 13]}
INFO:<Node 3>:{"send": true, "recv": false, "from": 3, "to": 6, "vc": [17, 22, 18, 24, 19, 14, 22, 17, 20, 21], "hlc": [921550, 0]}
INFO:<Node 6>:{"send": true, "recv": false, "from": 6, "to": 0, "vc": [19, 30, 27, 20, 22, 18, 31, 19, 24, 20], "hlc": [921548, 15]}
INFO:<Node 7>:{"send": true, "recv": false, "from": 7, "to": 5, "vc": [22, 36, 24, 20, 22, 16, 23, 24, 20, 20], "hlc": [921549, 2]}
INFO:<Node 9>:{"send": true, "recv": false, "from": 9, "to": 3, "vc": [19, 28, 25, 22, 24, 24, 26, 19, 20, 27], "hlc": [921550, 3]}
INFO:<Node 0>:{"send": false, "recv": true, "to": 0, "from": 2, "vc": [27, 34, 28, 23, 22, 18, 27, 21, 23, 21], "hlc": [921549, 6]}
INFO:<Node 0>:{"send": false, "recv": true, "to": 0, "from": 6, "vc": [28, 34, 28, 23, 22, 18, 31, 21, 24, 21], "hlc": [921549, 7]}
INFO:<Node 2>:{"send": false, "recv": true, "to": 2, "from": 1, "vc": [22, 37, 29, 20, 22, 18, 23, 20, 23, 20], "hlc": [921549, 1]}
INFO:<Node 3>:{"send": false, "recv": true, "to": 3, "from": 9, "vc": [19, 28, 25, 25, 24, 24, 26, 19, 20, 27], "hlc": [921551, 0]}
INFO:<Node 5>:{"send": false, "recv": true, "to": 5, "from": 7, "vc": [22, 36, 25, 22, 23, 26, 28, 24, 20, 23], "hlc": [921549, 9]}
INFO:<Node 6>:{"send": false, "recv": true, "to": 6, "from": 3, "vc": [19, 30, 27, 24, 22, 18, 32, 19, 24, 21], "hlc": [921550, 1]}
INFO:<Node 0>:{"send": true, "recv": false, "from": 0, "to": 7, "vc": [29, 34, 28, 23, 22, 18, 31, 21, 24, 21], "hlc": [921549, 8]}
INFO:<Node 1>:{"send": true, "recv": false, "from": 1, "to": 7, "vc": [22, 38, 24, 20, 22, 16, 23, 20, 20, 20], "hlc": [921549, 1]}
INFO:<Node 2>:{"send": true, "recv": false, "from": 2, "to": 1, "vc": [22, 37, 30, 20, 22, 18, 23, 20, 23, 20], "hlc": [921549, 2]}
INFO:<Node 3>:{"send": true, "recv": false, "from": 3, "to": 5, "vc": [19, 28, 25, 26, 24, 24, 26, 19, 20, 27], "hlc": [921551, 1]}
INFO:<Node 5>:{"send": true, "recv": false, "from": 5, "to": 1, "vc": [22, 36, 25, 22, 23, 27, 28, 24, 20, 23], "hlc": [921549, 10]}
INFO:<Node 7>:{"send": true, "recv": false, "from": 7, "to": 3, "vc": [22, 36, 24, 20, 22, 16, 23, 25, 20, 20], "hlc": [921550, 0]}
INFO:<Node 8>:{"send": true, "recv": false, "from": 8, "to": 2, "vc": [19, 30, 22, 20, 22, 18, 23, 22, 27, 24], "hlc": [921549, 3]}
INFO:<Node 1>:{"send": false, "recv": true, "to": 1, "from": 2, "vc": [22, 39, 30, 20, 22, 18, 23, 20, 23, 20], "hlc": [921550, 0]}
INFO:<Node 1>:{"send": false, "recv": true, "to": 1, "from": 5, "vc": [22, 40, 30, 22, 23, 27, 28, 24, 23, 23], "hlc": [921550, 1]}
INFO:<Node 2>:{"send": false, "recv": true, "to": 2, "from": 8, "vc": [22, 37, 31, 20, 22, 18, 23, 22, 27, 24], "hlc": [921549, 4]}
INFO:<Node 3>:{"send": false, "recv": true, "to": 3, "from": 7, "vc": [22, 36, 25, 27, 24, 24, 26, 25, 20, 27], "hlc": [921551, 2]}
INFO:<Node 5>:{"send": false, "recv": true, "to": 5, "from": 3, "vc": [22, 36, 25, 26, 24, 28, 28, 24, 20, 27], "hlc": [921551, 2]}
INFO:<Node 7>:{"send": false, "recv": true, "to": 7, "from": 0, "vc": [29, 36, 28, 23, 22, 18, 31, 26, 24, 21], "hlc": [921550, 1]}
INFO:<Node 7>:{"send": false, "recv": true, "to": 7, "from": 1, "vc": [29, 38, 28, 23, 22, 18, 31, 27, 24, 21], "hlc": [921550, 2]}
INFO:<Node 0>:{"send": true, "recv": false, "from": 0, "to": 1, "vc": [30, 34, 28, 23, 22, 18, 31, 21, 24, 21], "hlc": [921549, 9]}
INFO:<Node 1>:{"send": true, "recv": false, "from": 1, "to": 5, "vc": [22, 41, 30, 22, 23, 27, 28, 24, 23, 23], "hlc": [921550, 2]}
INFO:<Node 2>:{"send": true, "recv": false, "from": 2, "to": 4, "vc": [22, 37, 32, 20, 22, 18, 23, 22, 27, 24], "hlc": [921549, 5]}
INFO:<Node 4>:{"send": true, "recv": false, "from": 4, "to": 0, "vc": [14, 16, 19, 13, 25, 14, 11, 11, 15, 10], "hlc": [921551, 0]}
INFO:<Node 5>:{"send": true, "recv": false, "from": 5, "to": 8, "vc": [22, 36, 25, 26, 24, 29, 28, 24, 20, 27], "hlc": [921551, 3]}
INFO:<Node 6>:{"send": true, "recv": false, "from": 6, "to": 4, "vc": [19, 30, 27, 24, 22, 18, 33, 19, 24, 21], "hlc": [921550, 2]}
INFO:<Node 7>:{"send": true, "recv": false, "from": 7, "to": 4, "vc": [29, 38, 28, 23, 22, 18, 31, 28, 24, 21], "hlc": [921550, 3]}
INFO:<Node 8>:{"send": true, "recv": false, "from": 8, "to": 1, "vc": [19, 30, 22, 20, 22, 18, 23, 22, 28, 24], "hlc": [921549, 4]}
INFO:<Node 9>:{"send": true, "recv": false, "from": 9, "to": 3, "vc": [19, 28, 25, 22, 24, 24, 26, 19, 20, 28], "hlc": [921550, 4]}
INFO:<Node 0>:{"send": false, "recv": true, "to": 0, "from": 4, "vc": [31, 34, 28, 23, 25, 18, 31, 21, 24, 21], "hlc": [921551, 1]}
INFO:<Node 1>:{"send": false, "recv": true, "to": 1, "from": 0, "vc": [30, 42, 30, 23, 23, 27, 31, 24, 24, 23], "hlc": [921550, 3]}
INFO:<Node 1>:{"send": false, "recv": true, "to": 1, "from": 8, "vc": [30, 43, 30, 23, 23, 27, 31, 24, 28, 24], "hlc": [921550, 4]}
INFO:<Node 3>:{"send": false, "recv": true, "to": 3, "from": 9, "vc": [22, 36, 25, 28, 24, 24, 26, 25, 20, 28], "hlc": [921552, 0]}
INFO:<Node 4>:{"send": false, "recv": true, "to": 4, "from": 2, "vc": [22, 37, 32, 20, 26, 18, 23, 22, 27, 24], "hlc": [921552, 0]}
INFO:<Node 4>:{"send": false, "recv": true, "to": 4, "from": 6, "vc": [22, 37, 32, 24, 27, 18, 33, 22, 27, 24], "hlc": [921552, 1]}
INFO:<Node 4>:{"send": false, "recv": true, "to": 4, "from": 7, "vc": [29, 38, 32, 24, 28, 18, 33, 28, 27, 24], "hlc": [921552, 2]}
INFO:<Node 5>:{"send": false, "recv": true, "to": 5, "from": 1, "vc": [22, 41, 30, 26, 24, 30, 28, 24, 23, 27], "hlc": [921551, 4]}
INFO:<Node 8>:{"send": false, "recv": true, "to": 8, "from": 5, "vc": [22, 36, 25, 26, 24, 29, 28, 24, 29, 27], "hlc": [921551, 4]}
INFO:<Node 1>:{"send": true, "recv": false, "from": 1, "to": 0, "vc": [30, 44, 30, 23, 23, 27, 31, 24, 28, 24], "hlc": [921550, 5]}
INFO:<Node 3>:{"send": true, "recv": false, "from": 3, "to": 8, "vc": [22, 36, 25, 29, 24, 24, 26, 25, 20, 28], "hlc": [921552, 1]}
INFO:<Node 4>:{"send": true, "recv": false, "from": 4, "to": 6, "vc": [29, 38, 32, 24, 29, 18, 33, 28, 27, 24], "hlc": [921552, 3]}
INFO:<Node 5>:{"send": true, "recv": false, "from": 5, "to": 6, "vc": [22, 41, 30, 26, 24, 31, 28, 24, 23, 27], "hlc": [921551, 5]}
INFO:<Node 7>:{"send": true, "recv": false, "from": 7, "to": 3, "vc": [29, 38, 28, 23, 22, 18, 31, 29, 24, 21], "hlc": [921551, 0]}
INFO:<Node 8>:{"send": true, "recv": false, "from": 8, "to": 2, "vc": [22, 36, 25, 26, 24, 29, 28, 24, 30, 27], "hlc": [921551, 5]}
INFO:<Node 9>:{"send": true, "recv": false, "from": 9, "to": 6, "vc": [19, 28, 25, 22, 24, 24, 26, 19, 20, 29], "hlc": [921550, 5]}
INFO:<Node 0>:{"send": false, "recv": true, "to": 0, "from": 1, "vc": [32, 44, 30, 23, 25, 27, 31, 24, 28, 24], "hlc": [921551, 2]}
INFO:<Node 2>:{"send": false, "recv": true, "to": 2, "from": 8, "vc": [22, 37, 33, 26, 24, 29, 28, 24, 30, 27], "hlc": [921551, 6]}
INFO:<Node 3>:{"send": false, "recv": true, "to": 3, "from": 7, "vc": [29, 38, 28, 30, 24, 24, 31, 29, 24, 28], "hlc": [921552, 2]}
INFO:<Node 6>:{"send": false, "recv": true, "to": 6, "from": 4, "vc": [29, 38, 32, 24, 29, 18, 34, 28, 27, 24], "hlc": [921552, 4]}
INFO:<Node 6>:{"send": false, "recv": true, "to": 6, "from": 5, "vc": [29, 41, 32, 26, 29, 31, 35, 28, 27, 27], "hlc": [921552, 5]}
INFO:<Node 6>:{"send": false, "recv": true, "to": 6, "from": 9, "vc": [29, 41, 32, 26, 29, 31, 36, 28, 27, 29], "hlc": [921552, 6]}
INFO:<Node 8>:{"send": false, "recv": true, "to": 8, "from": 3, "vc": [22, 36, 25, 29, 24, 29, 28, 25, 31, 28], "hlc": [921552, 2]}
INFO:<Node 0>:{"send": true, "recv": false, "from": 0, "to": 2, "vc": [33, 44, 30, 23, 25, 27, 31, 24, 28, 24], "hlc": [921551, 3]}
INFO:<Node 2>:{"send": true, "recv": false, "from": 2, "to": 5, "vc": [22, 37, 34, 26, 24, 29, 28, 24, 30, 27], "hlc": [921551, 7]}
INFO:<Node 3>:{"send": true, "recv": false, "from": 3, "to": 4, "vc": [29, 38, 28, 31, 24, 24, 31, 29, 24, 28], "hlc": [921552, 3]}
INFO:<Node 4>:{"send": true, "recv": false, "from": 4, "to": 2, "vc": [29, 38, 32, 24, 30, 18, 33, 28, 27, 24], "hlc": [921552, 4]}
INFO:<Node 7>:{"send": true, "recv": false, "from": 7, "to": 1, "vc": [29, 38, 28, 23, 22, 18, 31, 30, 24, 21], "hlc": [921551, 1]}
INFO:<Node 8>:{"send": true, "recv": false, "from": 8, "to": 7, "vc": [22, 36, 25, 29, 24, 29, 28, 25, 32, 28], "hlc": [921552, 3]}
INFO:<Node 1>:{"send": false, "recv": true, "to": 1, "from": 7, "vc": [30, 45, 30, 23, 23, 27, 31, 30, 28, 24], "hlc": [921551, 2]}
INFO:<Node 2>:{"send": false, "recv": true, "to": 2, "from": 0, "vc": [33, 44, 35, 26, 25, 29, 31, 24, 30, 27], "hlc": [921551, 8]}
INFO:<Node 2>:{"send": false, "recv": true, "to": 2, "from": 4, "vc": [33, 44, 36, 26, 30, 29, 33, 28, 30, 27], "hlc": [921552, 5]}
INFO:<Node 4>:{"send": false, "recv": true, "to": 4, "from": 3, "vc": [29, 38, 32, 31, 31, 24, 33, 29, 27, 28], "hlc": [921553, 0]}
INFO:<Node 5>:{"send": false, "recv": true, "to": 5, "from": 2, "vc": [22, 41, 34, 26, 24, 32, 28, 24, 30, 27], "hlc": [921551, 8]}
INFO:<Node 7>:{"send": false, "recv": true, "to": 7, "from": 8, "vc": [29, 38, 28, 29, 24, 29, 31, 31, 32, 28], "hlc": [921552, 4]}
INFO:<Node 2>:{"send": true, "recv": false, "from": 2, "to": 9, "vc": [33, 44, 37, 26, 30, 29, 33, 28, 30, 27], "hlc": [921552, 6]}
INFO:<Node 5>:{"send": true, "recv": false, "from": 5, "to": 8, "vc": [22, 41, 34, 26, 24, 33, 28, 24, 30, 27], "hlc": [921551, 9]}
INFO:<Node 6>:{"send": true, "recv": false, "from": 6, "to": 2, "vc": [29, 41, 32, 26, 29, 31, 37, 28, 27, 29], "hlc": [921552, 7]}
INFO:<Node 2>:{"send": false, "recv": true, "to": 2, "from": 6, "vc": [33, 44, 38, 26, 30, 31, 37, 28, 30, 29], "hlc": [921552, 8]}
INFO:<Node 8>:{"send": false, "recv": true, "to": 8, "from": 5, "vc": [22, 41, 34, 29, 24, 33, 28, 25, 33, 28], "hlc": [921552, 4]}
INFO:<Node 9>:{"send": false, "recv": true, "to": 9, "from": 2, "vc": [33, 44, 37, 26, 30, 29, 33, 28, 30, 30], "hlc": [921552, 7]}
INFO:<Node 0>:{"send": true, "recv": false, "from": 0, "to": 7, "vc": [34, 44, 30, 23, 25, 27, 31, 24, 28, 24], "hlc": [921551, 4]}
INFO:<Node 2>:{"send": true, "recv": false, "from": 2, "to": 8, "vc": [33, 44, 39, 26, 30, 31, 37, 28, 30, 29], "hlc": [921552, 9]}
INFO:<Node 3>:{"send": true, "recv": false, "from": 3, "to": 9, "vc": [29, 38, 28, 32, 24, 24, 31, 29, 24, 28], "hlc": [921553, 0]}
INFO:<Node 4>:{"send": true, "recv": false, "from": 4, "to": 9, "vc": [29, 38, 32, 31, 32, 24, 33, 29, 27, 28], "hlc": [921553, 1]}
INFO:<Node 5>:{"send": true, "recv": false, "from": 5, "to": 8, "vc": [22, 41, 34, 26, 24, 34, 28, 24, 30, 27], "hlc": [921551, 10]}
INFO:<Node 6>:{"send": true, "recv": false, "from": 6, "to": 9, "vc": [29, 41, 32, 26, 29, 31, 38, 28, 27, 29], "hlc": [921552, 8]}
INFO:<Node 9>:{"send": true, "recv": false, "from": 9, "to": 4, "vc": [33, 44, 37, 26, 30, 29, 33, 28, 30, 31], "hlc": [921552, 8]}
INFO:<Node 4>:{"send": false, "recv": true, "to": 4, "from": 9, "vc": [33, 44, 37, 31, 33, 29, 33, 29, 30, 31], "hlc": [921554, 0]}
INFO:<Node 7>:{"send": false, "recv": true, "to": 7, "from": 0, "vc": [34, 44, 30, 29, 25, 29, 31, 32, 32, 28], "hlc": [921553, 0]}
INFO:<Node 8>:{"send": false, "recv": true, "to": 8, "from": 2, "vc": [33, 44, 39, 29, 30, 33, 37, 28, 34, 29], "hlc": [921552, 10]}
INFO:<Node 8>:{"send": false, "recv": true, "to": 8, "from": 5, "vc": [33, 44, 39, 29, 30, 34, 37, 28, 35, 29], "hlc": [921552, 11]}
INFO:<Node 9>:{"send": false, "recv": true, "to": 9, "from": 3, "vc": [33, 44, 37, 32, 30, 29, 33, 29, 30, 32], "hlc": [921553, 1]}
INFO:<Node 9>:{"send": false, "recv": true, "to": 9, "from": 4, "vc": [33, 44, 37, 32, 32, 29, 33, 29, 30, 33], "hlc": [921553, 2]}
INFO:<Node 9>:{"send": false, "recv": true, "to": 9, "from": 6, "vc": [33, 44, 37, 32, 32, 31, 38, 29, 30, 34], "hlc": [921553, 3]}
INFO:<Node 0>:{"send": true, "recv": false, "from": 0, "to": 2, "vc": [35, 44, 30, 23, 25, 27, 31, 24, 28, 24], "hlc": [921551, 5]}
INFO:<Node 3>:{"send": true, "recv": false, "from": 3, "to": 8, "vc": [29, 38, 28, 33, 24, 24, 31, 29, 24, 28], "hlc": [921554, 0]}
INFO:<Node 4>:{"send": true, "recv": false, "from": 4, "to": 6, "vc": [33, 44, 37, 31, 34, 29, 33, 29, 30, 31], "hlc": [921554, 1]}
INFO:<Node 6>:{"send": true, "recv": false, "from": 6, "to": 0, "vc": [29, 41, 32, 26, 29, 31, 39, 28, 27, 29], "hlc": [921552, 9]}
INFO:<Node 8>:{"send": true, "recv": false, "from": 8, "to": 1, "vc": [33, 44, 39, 29, 30, 34, 37, 28, 36, 29], "hlc": [921552, 12]}
INFO:<Node 9>:{"send": true, "recv": false, "from": 9, "to": 0, "vc": [33, 44, 37, 32, 32, 31, 38, 29, 30, 35], "hlc": [921553, 4]}
INFO:<Node 0>:{"send": false, "recv": true, "to": 0, "from": 6, "vc": [36, 44, 32, 26, 29, 31, 39, 28, 28, 29], "hlc": [921552, 10]}
INFO:<Node 0>:{"send": false, "recv": true, "to": 0, "from": 9, "vc": [37, 44, 37, 32, 32, 31, 39, 29, 30, 35], "hlc": [921553, 5]}
INFO:<Node 1>:{"send": false, "recv": true, "to": 1, "from": 8, "vc": [33, 46, 39, 29, 30, 34, 37, 30, 36, 29], "hlc": [921553, 0]}
INFO:<Node 2>:{"send": false, "recv": true, "to": 2, "from": 0, "vc": [35, 44, 40, 26, 30, 31, 37, 28, 30, 29], "hlc": [921552, 10]}
INFO:<Node 6>:{"send": false, "recv": true, "to": 6, "from": 4, "vc": [33, 44, 37, 31, 34, 31, 40, 29, 30, 31], "hlc": [921554, 2]}
INFO:<Node 8>:{"send": false, "recv": true, "to": 8, "from": 3, "vc": [33, 44, 39, 33, 30, 34, 37, 29, 37, 29], "hlc": [921554, 1]}
INFO:<Node 2>:{"send": true, "recv": false, "from": 2, "to": 0, "vc": [35, 44, 41, 26, 30, 31, 37, 28, 30, 29], "hlc": [921552, 11]}
INFO:<Node 3>:{"send": true, "recv": false, "from": 3, "to": 7, "vc": [29, 38, 28, 34, 24, 24, 31, 29, 24, 28], "hlc": [921554, 1]}
INFO:<Node 4>:{"send": true, "recv": false, "from": 4, "to": 8, "vc": [33, 44, 37, 31, 35, 29, 33, 29, 30, 31], "hlc": [921554, 2]}
INFO:<Node 5>:{"send": true, "recv": false, "from": 5, "to": 2, "vc": [22, 41, 34, 26, 24, 35, 28, 24, 30, 27], "hlc": [921551, 11]}
INFO:<Node 8>:{"send": true, "recv": false, "from": 8, "to": 1, "vc": [33, 44, 39, 33, 30, 34, 37, 29, 38, 29], "hlc": [921554, 2]}
INFO:<Node 0>:{"send": false, "recv": true, "to": 0, "from": 2, "vc": [38, 44, 41, 32, 32, 31, 39, 29, 30, 35], "hlc": [921553, 6]}
INFO:<Node 1>:{"send": false, "recv": true, "to": 1, "from": 8, "vc": [33, 47, 39, 33, 30, 34, 37, 30, 38, 29], "hlc": [921554, 3]}
INFO:<Node 2>:{"send": false, "recv": true, "to": 2, "from": 5, "vc": [35, 44, 42, 26, 30, 35, 37, 28, 30, 29], "hlc": [921552, 12]}
INFO:<Node 7>:{"send": false, "recv": true, "to": 7, "from": 3, "vc": [34, 44, 30, 34, 25, 29, 31, 33, 32, 28], "hlc": [921554, 2]}
INFO:<Node 8>:{"send": false, "recv": true, "to": 8, "from": 4, "vc": [33, 44, 39, 33, 35, 34, 37, 29, 39, 31], "hlc": [921554, 3]}
INFO:<Node 1>:{"send": true, "recv": false, "from": 1, "to": 9, "vc": [33, 48, 39, 33, 30, 34, 37, 30, 38, 29], "hlc": [921554, 4]}
INFO:<Node 3>:{"send": true, "recv": false, "from": 3, "to": 6, "vc": [29, 38, 28, 35, 24, 24, 31, 29, 24, 28], "hlc": [921555, 0]}
INFO:<Node 5>:{"send": true, "recv": false, "from": 5, "to": 3, "vc": [22, 41, 34, 26, 24, 36, 28, 24, 30, 27], "hlc": [921551, 12]}
INFO:<Node 8>:{"send": true, "recv": false, "from": 8, "to": 1, "vc": [33, 44, 39, 33, 35, 34, 37, 29, 40, 31], "hlc": [921554, 4]}
INFO:<Node 9>:{"send": true, "recv": false, "from": 9, "to": 4, "vc": [33, 44, 37, 32, 32, 31, 38, 29, 30, 36], "hlc": [921553, 5]}
INFO:<Node 1>:{"send": false, "recv": true, "to": 1, "from": 8, "vc": [33, 49, 39, 33, 35, 34, 37, 30, 40, 31], "hlc": [921554, 5]}
INFO:<Node 3>:{"send": false, "recv": true, "to": 3, "from": 5, "vc": [29, 41, 34, 36, 24, 36, 31, 29, 30, 28], "hlc": [921555, 1]}
INFO:<Node 4>:{"send": false, "recv": true, "to": 4, "from": 9, "vc": [33, 44, 37, 32, 36, 31, 38, 29, 30, 36], "hlc": [921555, 0]}
INFO:<Node 6>:{"send": false, "recv": true, "to": 6, "from": 3, "vc": [33, 44, 37, 35, 34, 31, 41, 29, 30, 31], "hlc": [921555, 1]}
INFO:<Node 9>:{"send": false, "recv": true, "to": 9, "from": 1, "vc": [33, 48, 39, 33, 32, 34, 38, 30, 38, 37], "hlc": [921554, 5]}
INFO:<Node 2>:{"send": true, "recv": false, "from": 2, "to": 3, "vc": [35, 44, 43, 26, 30, 35, 37, 28, 30, 29], "hlc": [921552, 13]}
INFO:<Node 3>:{"send": true, "recv": false, "from": 3, "to": 6, "vc": [29, 41, 34, 37, 24, 36, 31, 29, 30, 28], "hlc": [921555, 2]}
INFO:<Node 4>:{"send": true, "recv": false, "from": 4, "to": 7, "vc": [33, 44, 37, 32, 37, 31, 38, 29, 30, 36], "hlc": [921555, 1]}
INFO:<Node 5>:{"send": true, "recv": false, "from": 5, "to": 4, "vc": [22, 41, 34, 26, 24, 37, 28, 24, 30, 27], "hlc": [921551, 13]}
INFO:<Node 6>:{"send": true, "recv": false, "from": 6, "to": 7, "vc": [33, 44, 37, 35, 34, 31, 42, 29, 30, 31], "hlc": [921555, 2]}
INFO:<Node 8>:{"send": true, "recv": false, "from": 8, "to": 7, "vc": [33, 44, 39, 33, 35, 34, 37, 29, 41, 31], "hlc": [921554, 5]}
INFO:<Node 9>:{"send": true, "recv": false, "from": 9, "to": 4, "vc": [33, 48, 39, 33, 32, 34, 38, 30, 38, 38], "hlc": [921554, 6]}
INFO:<Node 3>:{"send": false, "recv": true, "to": 3, "from": 2, "vc": [35, 44, 43, 38, 30, 36, 37, 29, 30, 29], "hlc": [921556, 0]}
INFO:<Node 4>:{"send": false, "recv": true, "to": 4, "from": 5, "vc": [33, 44, 37, 32, 38, 37, 38, 29, 30, 36], "hlc": [921556, 0]}
INFO:<Node 4>:{"send": false, "recv": true, "to": 4, "from": 9, "vc": [33, 48, 39, 33, 39, 37, 38, 30, 38, 38], "hlc": [921556, 1]}
INFO:<Node 6>:{"send": false, "recv": true, "to": 6, "from": 3, "vc": [33, 44, 37, 37, 34, 36, 43, 29, 30, 31], "hlc": [921555, 3]}
INFO:<Node 7>:{"send": false, "recv": true, "to": 7, "from": 4, "vc": [34, 44, 37, 34, 37, 31, 38, 34, 32, 36], "hlc": [921555, 2]}
INFO:<Node 7>:{"send": false, "recv": true, "to": 7, "from": 6, "vc": [34, 44, 37, 35, 37, 31, 42, 35, 32, 36], "hlc": [921555, 3]}
INFO:<Node 7>:{"send": false, "recv": true, "to": 7, "from": 8, "vc": [34, 44, 39, 35, 37, 34, 42, 36, 41, 36], "hlc": [921555, 4]}
INFO:<Node 0>:{"send": true, "recv": false, "from": 0, "to": 2, "vc": [39, 44, 41, 32, 32, 31, 39, 29, 30, 35], "hlc": [921553, 7]}
INFO:<Node 1>:{"send": true, "recv": false, "from": 1, "to": 8, "vc": [33, 50, 39, 33, 35, 34, 37, 30, 40, 31], "hlc": [921554, 6]}
INFO:<Node 3>:{"send": true, "recv": false, "from": 3, "to": 7, "vc": [35, 44, 43, 39, 30, 36, 37, 29, 30, 29], "hlc": [921556, 1]}
INFO:<Node 4>:{"send": true, "recv": false, "from": 4, "to": 0, "vc": [33, 48, 39, 33, 40, 37, 38, 30, 38, 38], "hlc": [921556, 2]}
INFO:<Node 7>:{"send": true, "recv": false, "from": 7, "to": 9, "vc": [34, 44, 39, 35, 37, 34, 42, 37, 41, 36], "hlc": [921555, 5]}
INFO:<Node 8>:{"send": true, "recv": false, "from": 8, "to": 2, "vc": [33, 44, 39, 33, 35, 34, 37, 29, 42, 31], "hlc": [921554, 6]}
INFO:<Node 0>:{"send": false, "recv": true, "to": 0, "from": 4, "vc": [40, 48, 41, 33, 40, 37, 39, 30, 38, 38], "hlc": [921556, 3]}
INFO:<Node 2>:{"send": false, "recv": true, "to": 2, "from": 0, "vc": [39, 44, 44, 32, 32, 35, 39, 29, 30, 35], "hlc": [921553, 8]}
INFO:<Node 2>:{"send": false, "recv": true, "to": 2, "from": 8, "vc": [39, 44, 45, 33, 35, 35, 39, 29, 42, 35], "hlc": [921554, 7]}
INFO:<Node 7>:{"send": false, "recv": true, "to": 7, "from": 3, "vc": [35, 44, 43, 39, 37, 36, 42, 38, 41, 36], "hlc": [921556, 2]}
INFO:<Node 8>:{"send": false, "recv": true, "to": 8, "from": 1, "vc": [33, 50, 39, 33, 35, 34, 37, 30, 43, 31], "hlc": [921554, 7]}
INFO:<Node 9>:{"send": false, "recv": true, "to": 9, "from": 7, "vc": [34, 48, 39, 35, 37, 34, 42, 37, 41, 39], "hlc": [921555, 6]}
INFO:<Node 0>:{"send": true, "recv": false, "from": 0, "to": 8, "vc": [41, 48, 41, 33, 40, 37, 39, 30, 38, 38], "hlc": [921556, 4]}
INFO:<Node 1>:{"send": true, "recv": false, "from": 1, "to": 3, "vc": [33, 51, 39, 33, 35, 34, 37, 30, 40, 31], "hlc": [921555, 0]}
INFO:<Node 2>:{"send": true, "recv": false, "from": 2, "to": 4, "vc": [39, 44, 46, 33, 35, 35, 39, 29, 42, 35], "hlc": [921554, 8]}
INFO:<Node 3>:{"send": true, "recv": false, "from": 3, "to": 0, "vc": [35, 44, 43, 40, 30, 36, 37, 29, 30, 29], "hlc": [921556, 2]}
INFO:<Node 5>:{"send": true, "recv": false, "from": 5, "to": 8, "vc": [22, 41, 34, 26, 24, 38, 28, 24, 30, 27], "hlc": [921552, 0]}
INFO:<Node 6>:{"send": true, "recv": false, "from": 6, "to": 4, "vc": [33, 44, 37, 37, 34, 36, 44, 29, 30, 31], "hlc": [921555, 4]}
INFO:<Node 8>:{"send": true, "recv": false, "from": 8, "to": 2, "vc": [33, 50, 39, 33, 35, 34, 37, 30, 44, 31], "hlc": [921554, 8]}
INFO:<Node 9>:{"send": true, "recv": false, "from": 9, "to": 0, "vc": [34, 48, 39, 35, 37, 34, 42, 37, 41, 40], "hlc": [921555, 7]}
INFO:<Node 0>:{"send": false, "recv": true, "to": 0, "from": 3, "vc": [42, 48, 43, 40, 40, 37, 39, 30, 38, 38], "hlc": [921556, 5]}
INFO:<Node 0>:{"send": false, "recv": true, "to": 0, "from": 9, "vc": [43, 48, 43, 40, 40, 37, 42, 37, 41, 40], "hlc": [921556, 6]}
INFO:<Node 2>:{"send": false, "recv": true, "to": 2, "from": 8, "vc": [39, 50, 47, 33, 35, 35, 39, 30, 44, 35], "hlc": [921554, 9]}
INFO:<Node 3>:{"send": false, "recv": true, "to": 3, "from": 1, "vc": [35, 51, 43, 41, 35, 36, 37, 30, 40, 31], "hlc": [921557, 0]}
INFO:<Node 4>:{"send": false, "recv": true, "to": 4, "from": 2, "vc": [39, 48, 46, 33, 41, 37, 39, 30, 42, 38], "hlc": [921557, 0]}
INFO:<Node 4>:{"send": false, "recv": true, "to": 4, "from": 6, "vc": [39, 48, 46, 37, 42, 37, 44, 30, 42, 38], "hlc": [921557, 1]}
INFO:<Node 8>:{"send": false, "recv": true, "to": 8, "from": 0, "vc": [41, 50, 41, 33, 40, 37, 39, 30, 45, 38], "hlc": [921556, 5]}
INFO:<Node 8>:{"send": false, "recv": true, "to": 8, "from": 5, "vc": [41, 50, 41, 33, 40, 38, 39, 30, 46, 38], "hlc": [921556, 6]}
INFO:<Node 1>:{"send": true, "recv": false, "from": 1, "to": 4, "vc": [33, 52, 39, 33, 35, 34, 37, 30, 40, 31], "hlc": [921555, 1]}
INFO:<Node 3>:{"send": true, "recv": false, "from": 3, "to": 8, "vc": [35, 51, 43, 42, 35, 36, 37, 30, 40, 31], "hlc": [921557, 1]}
INFO:<Node 7>:{"send": true, "recv": false, "from": 7, "to": 0, "vc": [35, 44, 43, 39, 37, 36, 42, 39, 41, 36], "hlc": [921556, 3]}
INFO:<Node 9>:{"send": true, "recv": false, "from": 9, "to": 0, "vc": [34, 48, 39, 35, 37, 34, 42, 37, 41, 41], "hlc": [921555, 8]}
INFO:<Node 0>:{"send": false, "recv": true, "to": 0, "from": 7, "vc": [44, 48, 43, 40, 40, 37, 42, 39, 41, 40], "hlc": [921556, 7]}
INFO:<Node 0>:{"send": false, "recv": true, "to": 0, "from": 9, "vc": [45, 48, 43, 40, 40, 37, 42, 39, 41, 41], "hlc": [921556, 8]}
INFO:<Node 4>:{"send": false, "recv": true, "to": 4, "from": 1, "vc": [39, 52, 46, 37, 43, 37, 44, 30, 42, 38], "hlc": [921557, 2]}
INFO:<Node 8>:{"send": false, "recv": true, "to": 8, "from": 3, "vc": [41, 51, 43, 42, 40, 38, 39, 30, 47, 38], "hlc": [921557, 2]}
INFO:<Node 0>:{"send": true, "recv": false, "from": 0, "to": 4, "vc": [46, 48, 43, 40, 40, 37, 42, 39, 41, 41], "hlc": [921556, 9]}
INFO:<Node 3>:{"send": true, "recv": false, "from": 3, "to": 4, "vc": [35, 51, 43, 43, 35, 36, 37, 30, 40, 31], "hlc": [921557, 2]}
INFO:<Node 4>:{"send": true, "recv": false, "from": 4, "to": 8, "vc": [39, 52, 46, 37, 44, 37, 44, 30, 42, 38], "hlc": [921557, 3]}
INFO:<Node 5>:{"send": true, "recv": false, "from": 5, "to": 7, "vc": [22, 41, 34, 26, 24, 39, 28, 24, 30, 27], "hlc": [921553, 0]}
INFO:<Node 7>:{"send": true, "recv": false, "from": 7, "to": 3, "vc": [35, 44, 43, 39, 37, 36, 42, 40, 41, 36], "hlc": [921556, 4]}
INFO:<Node 9>:{"send": true, "recv": false, "from": 9, "to": 6, "vc": [34, 48, 39, 35, 37, 34, 42, 37, 41, 42], "hlc": [921555, 9]}
INFO:<Node 3>:{"send": false, "recv": true, "to": 3, "from": 7, "vc": [35, 51, 43, 44, 37, 36, 42, 40, 41, 36], "hlc": [921558, 0]}
INFO:<Node 4>:{"send": false, "recv": true, "to": 4, "from": 0, "vc": [46, 52, 46, 40, 45, 37, 44, 39, 42, 41], "hlc": [921558, 0]}
INFO:<Node 4>:{"send": false, "recv": true, "to": 4, "from": 3, "vc": [46, 52, 46, 43, 46, 37, 44, 39, 42, 41], "hlc": [921558, 1]}
INFO:<Node 6>:{"send": false, "recv": true, "to": 6, "from": 9, "vc": [34, 48, 39, 37, 37, 36, 45, 37, 41, 42], "hlc": [921555, 10]}
INFO:<Node 7>:{"send": false, "recv": true, "to": 7, "from": 5, "vc": [35, 44, 43, 39, 37, 39, 42, 41, 41, 36], "hlc": [921557, 0]}
INFO:<Node 8>:{"send": false, "recv": true, "to": 8, "from": 4, "vc": [41, 52, 46, 42, 44, 38, 44, 30, 48, 38], "hlc": [921557, 4]}
INFO:<Node 5>:{"send": true, "recv": false, "from": 5, "to": 2, "vc": [22, 41, 34, 26, 24, 40, 28, 24, 30, 27], "hlc": [921553, 1]}
INFO:<Node 6>:{"send": true, "recv": false, "from": 6, "to": 7, "vc": [34, 48, 39, 37, 37, 36, 46, 37, 41, 42], "hlc": [921555, 11]}
INFO:<Node 7>:{"send": true, "recv": false, "from": 7, "to": 1, "vc": [35, 44, 43, 39, 37, 39, 42, 42, 41, 36], "hlc": [921557, 1]}
INFO:<Node 8>:{"send": true, "recv": false, "from": 8, "to": 7, "vc": [41, 52, 46, 42, 44, 38, 44, 30, 49, 38], "hlc": [921557, 5]}
INFO:<Node 1>:{"send": false, "recv": true, "to": 1, "from": 7, "vc": [35, 53, 43, 39, 37, 39, 42, 42, 41, 36], "hlc": [921557, 2]}
INFO:<Node 2>:{"send": false, "recv": true, "to": 2, "from": 5, "vc": [39, 50, 48, 33, 35, 40, 39, 30, 44, 35], "hlc": [921555, 0]}
INFO:<Node 7>:{"send": false, "recv": true, "to": 7, "from": 6, "vc": [35, 48, 43, 39, 37, 39, 46, 43, 41, 42], "hlc": [921557, 2]}
INFO:<Node 7>:{"send": false, "recv": true, "to": 7, "from": 8, "vc": [41, 52, 46, 42, 44, 39, 46, 44, 49, 42], "hlc": [921557, 6]}
INFO:<Node 1>:{"send": true, "recv": false, "from": 1, "to": 6, "vc": [35, 54, 43, 39, 37, 39, 42, 42, 41, 36], "hlc": [921557, 3]}
INFO:<Node 2>:{"send": true, "recv": false, "from": 2, "to": 5, "vc": [39, 50, 49, 33, 35, 40, 39, 30, 44, 35], "hlc": [921555, 1]}
INFO:<Node 3>:{"send": true, "recv": false, "from": 3, "to": 9, "vc": [35, 51, 43, 45, 37, 36, 42, 40, 41, 36], "hlc": [921558, 1]}
INFO:<Node 5>:{"send": true, "recv": false, "from": 5, "to": 1, "vc": [22, 41, 34, 26, 24, 41, 28, 24, 30, 27], "hlc": [921554, 0]}
INFO:<Node 7>:{"send": true, "recv": false, "from": 7, "to": 3, "vc": [41, 52, 46, 42, 44, 39, 46, 45, 49, 42], "hlc": [921557, 7]}
INFO:<Node 8>:{"send": true, "recv": false, "from": 8, "to": 3, "vc": [41, 52, 46, 42, 44, 38, 44, 30, 50, 38], "hlc": [921557, 6]}
INFO:<Node 9>:{"send": true, "recv": false, "from": 9, "to": 0, "vc": [34, 48, 39, 35, 37, 34, 42, 37, 41, 43], "hlc": [921555, 10]}
INFO:<Node 0>:{"send": false, "recv": true, "to": 0, "from": 9, "vc": [47, 48, 43, 40, 40, 37, 42, 39, 41, 43], "hlc": [921556, 10]}
INFO:<Node 1>:{"send": false, "recv": true, "to": 1, "from": 5, "vc": [35, 55, 43, 39, 37, 41, 42, 42, 41, 36], "hlc": [921557, 4]}
INFO:<Node 3>:{"send": false, "recv": true, "to": 3, "from": 7, "vc": [41, 52, 46, 46, 44, 39, 46, 45, 49, 42], "hlc": [921559, 0]}
INFO:<Node 3>:{"send": false, "recv": true, "to": 3, "from": 8, "vc": [41, 52, 46, 47, 44, 39, 46, 45, 50, 42], "hlc": [921559, 1]}
INFO:<Node 5>:{"send": false, "recv": true, "to": 5, "from": 2, "vc": [39, 50, 49, 33, 35, 42, 39, 30, 44, 35], "hlc": [921555, 2]}
INFO:<Node 6>:{"send": false, "recv": true, "to": 6, "from": 1, "vc": [35, 54, 43, 39, 37, 39, 47, 42, 41, 42], "hlc": [921557, 4]}
INFO:<Node 9>:{"send": false, "recv": true, "to": 9, "from": 3, "vc": [35, 51, 43, 45, 37, 36, 42, 40, 41, 44], "hlc": [921558, 2]}
INFO:<Node 0>:{"send": true, "recv": false, "from": 0, "to": 1, "vc": [48, 48, 43, 40, 40, 37, 42, 39, 41, 43], "hlc": [921556, 11]}
INFO:<Node 2>:{"send": true, "recv": false, "from": 2, "to": 8, "vc": [39, 50, 50, 33, 35, 40, 39, 30, 44, 35], "hlc": [921556, 0]}
INFO:<Node 4>:{"send": true, "recv": false, "from": 4, "to": 5, "vc": [46, 52, 46, 43, 47, 37, 44, 39, 42, 41], "hlc": [921559, 0]}
INFO:<Node 7>:{"send": true, "recv": false, "from": 7, "to": 9, "vc": [41, 52, 46, 42, 44, 39, 46, 46, 49, 42], "hlc": [921558, 0]}
INFO:<Node 8>:{"send": true, "recv": false, "from": 8, "to": 7, "vc": [41, 52, 46, 42, 44, 38, 44, 30, 51, 38], "hlc": [921557, 7]}
INFO:<Node 9>:{"send": true, "recv": false, "from": 9, "to": 1, "vc": [35, 51, 43, 45, 37, 36, 42, 40, 41, 45], "hlc": [921558, 3]}
INFO:<Node 1>:{"send": false, "recv": true, "to": 1, "from": 0, "vc": [48, 56, 43, 40, 40, 41, 42, 42, 41, 43], "hlc": [921558, 0]}
INFO:<Node 1>:{"send": false, "recv": true, "to": 1, "from": 9, "vc": [48, 57, 43, 45, 40, 41, 42, 42, 41, 45], "hlc": [921558, 4]}
INFO:<Node 5>:{"send": false, "recv": true, "to": 5, "from": 4, "vc": [46, 52, 49, 43, 47, 43, 44, 39, 44, 41], "hlc": [921559, 1]}
INFO:<Node 7>:{"send": false, "recv": true, "to": 7, "from": 8, "vc": [41, 52, 46, 42, 44, 39, 46, 47, 51, 42], "hlc": [921558, 1]}
INFO:<Node 8>:{"send": false, "recv": true, "to": 8, "from": 2, "vc": [41, 52, 50, 42, 44, 40, 44, 30, 52, 38], "hlc": [921557, 8]}
INFO:<Node 9>:{"send": false, "recv": true, "to": 9, "from": 7, "vc": [41, 52, 46, 45, 44, 39, 46, 46, 49, 46], "hlc": [921558, 4]}
INFO:<Node 2>:{"send": true, "recv": false, "from": 2, "to": 7, "vc": [39, 50, 51, 33, 35, 40, 39, 30, 44, 35], "hlc": [921556, 1]}
INFO:<Node 3>:{"send": true, "recv": false, "from": 3, "to": 5, "vc": [41, 52, 46, 48, 44, 39, 46, 45, 50, 42], "hlc": [921559, 2]}
INFO:<Node 4>:{"send": true, "recv": false, "from": 4, "to": 1, "vc": [46, 52, 46, 43, 48, 37, 44, 39, 42, 41], "hlc": [921559, 1]}
INFO:<Node 6>:{"send": true, "recv": false, "from": 6, "to": 1, "vc": [35, 54, 43, 39, 37, 39, 48, 42, 41, 42], "hlc": [921557, 5]}
INFO:<Node 8>:{"send": true, "recv": false, "from": 8, "to": 6, "vc": [41, 52, 50, 42, 44, 40, 44, 30, 53, 38], "hlc": [921557, 9]}
INFO:<Node 1>:{"send": false, "recv": true, "to": 1, "from": 4, "vc": [48, 58, 46, 45, 48, 41, 44, 42, 42, 45], "hlc": [921559, 2]}
INFO:<Node 1>:{"send": false, "recv": true, "to": 1, "from": 6, "vc": [48, 59, 46, 45, 48, 41, 48, 42, 42, 45], "hlc": [921559, 3]}
INFO:<Node 5>:{"send": false, "recv": true, "to": 5, "from": 3, "vc": [46, 52, 49, 48, 47, 44, 46, 45, 50, 42], "hlc": [921559, 3]}
INFO:<Node 6>:{"send": false, "recv": true, "to": 6, "from": 8, "vc": [41, 54, 50, 42, 44, 40, 49, 42, 53, 42], "hlc": [921557, 10]}
INFO:<Node 7>:{"send": false, "recv": true, "to": 7, "from": 2, "vc": [41, 52, 51, 42, 44, 40, 46, 48, 51, 42], "hlc": [921559, 0]}
INFO:<Node 0>:{"send": true, "recv": false, "from": 0, "to": 8, "vc": [49, 48, 43, 40, 40, 37, 42, 39, 41, 43], "hlc": [921556, 12]}
INFO:<Node 2>:{"send": true, "recv": false, "from": 2, "to": 5, "vc": [39, 50, 52, 33, 35, 40, 39, 30, 44, 35], "hlc": [921557, 0]}
INFO:<Node 3>:{"send": true, "recv": false, "from": 3, "to": 9, "vc": [41, 52, 46, 49, 44, 39, 46, 45, 50, 42], "hlc": [921560, 0]}
INFO:<Node 4>:{"send": true, "recv": false, "from": 4, "to": 7, "vc": [46, 52, 46, 43, 49, 37, 44, 39, 42, 41], "hlc": [921560, 0]}
INFO:<Node 5>:{"send": true, "recv": false, "from": 5, "to": 9, "vc": [46, 52, 49, 48, 47, 45, 46, 45, 50, 42], "hlc": [921559, 4]}
INFO:<Node 6>:{"send": true, "recv": false, "from": 6, "to": 8, "vc": [41, 54, 50, 42, 44, 40, 50, 42, 53, 42], "hlc": [921557, 11]}
INFO:<Node 7>:{"send": true, "recv": false, "from": 7, "to": 8, "vc": [41, 52, 51, 42, 44, 40, 46, 49, 51, 42], "hlc": [921559, 1]}
INFO:<Node 9>:{"send": true, "recv": false, "from": 9, "to": 1, "vc": [41, 52, 46, 45, 44, 39, 46, 46, 49, 47], "hlc": [921558, 5]}
INFO:<Node 1>:{"send": false, "recv": true, "to": 1, "from": 9, "vc": [48, 60, 46, 45, 48, 41, 48, 46, 49, 47], "hlc": [921559, 4]}
INFO:<Node 5>:{"send": false, "recv": true, "to": 5, "from": 2, "vc": [46, 52, 52, 48, 47, 46, 46, 45, 50, 42], "hlc": [921559, 5]}
INFO:<Node 7>:{"send": false, "recv": true, "to": 7, "from": 4, "vc": [46, 52, 51, 43, 49, 40, 46, 50, 51, 42], "hlc": [921560, 1]}
INFO:<Node 8>:{"send": false, "recv": true, "to": 8, "from": 0, "vc": [49, 52, 50, 42, 44, 40, 44, 39, 54, 43], "hlc": [921557, 10]}
INFO:<Node 8>:{"send": false, "recv": true, "to": 8, "from": 6, "vc": [49, 54, 50, 42, 44, 40, 50, 42, 55, 43], "hlc": [921557, 12]}
INFO:<Node 8>:{"send": false, "recv": true, "to": 8, "from": 7, "vc": [49, 54, 51, 42, 44, 40, 50, 49, 56, 43], "hlc": [921559, 2]}
INFO:<Node 9>:{"send": false, "recv": true, "to": 9, "from": 3, "vc": [41, 52, 46, 49, 44, 39, 46, 46, 50, 48], "hlc": [921560, 1]}
INFO:<Node 9>:{"send": false, "recv": true, "to": 9, "from": 5, "vc": [46, 52, 49, 49, 47, 45, 46, 46, 50, 49], "hlc": [921560, 2]}
INFO:<Node 1>:{"send": true, "recv": false, "from": 1, "to": 2, "vc": [48, 61, 46, 45, 48, 41, 48, 46, 49, 47], "hlc": [921559, 5]}
INFO:<Node 3>:{"send": true, "recv": false, "from": 3, "to": 2, "vc": [41, 52, 46, 50, 44, 39, 46, 45, 50, 42], "hlc": [921560, 1]}
INFO:<Node 4>:{"send": true, "recv": false, "from": 4, "to": 2, "vc": [46, 52, 46, 43, 50, 37, 44, 39, 42, 41], "hlc": [921560, 1]}
INFO:<Node 5>:{"send": true, "recv": false, "from": 5, "to": 2, "vc": [46, 52, 52, 48, 47, 47, 46, 45, 50, 42], "hlc": [921559, 6]}
INFO:<Node 7>:{"send": true, "recv": false, "from": 7, "to": 5, "vc": [46, 52, 51, 43, 49, 40, 46, 51, 51, 42], "hlc": [921560, 2]}
INFO:<Node 8>:{"send": true, "recv": false, "from": 8, "to": 2, "vc": [49, 54, 51, 42, 44, 40, 50, 49, 57, 43], "hlc": [921559, 3]}
INFO:<Node 9>:{"send": true, "recv": false, "from": 9, "to": 6, "vc": [46, 52, 49, 49, 47, 45, 46, 46, 50, 50], "hlc": [921560, 3]}
INFO:<Node 2>:{"send": false, "recv": true, "to": 2, "from": 1, "vc": [48, 61, 53, 45, 48, 41, 48, 46, 49, 47], "hlc": [921559, 6]}
INFO:<Node 2>:{"send": false, "recv": true, "to": 2, "from": 3, "vc": [48, 61, 54, 50, 48, 41, 48, 46, 50, 47], "hlc": [921560, 2]}
INFO:<Node 2>:{"send": false, "recv": true, "to": 2, "from": 4, "vc": [48, 61, 55, 50, 50, 41, 48, 46, 50, 47], "hlc": [921560, 3]}
INFO:<Node 2>:{"send": false, "recv": true, "to": 2, "from": 5, "vc": [48, 61, 56, 50, 50, 47, 48, 46, 50, 47], "hlc": [921560, 4]}
INFO:<Node 2>:{"send": false, "recv": true, "to": 2, "from": 8, "vc": [49, 61, 57, 50, 50, 47, 50, 49, 57, 47], "hlc": [921560, 5]}
INFO:<Node 5>:{"send": false, "recv": true, "to": 5, "from": 7, "vc": [46, 52, 52, 48, 49, 48, 46, 51, 51, 42], "hlc": [921560, 3]}
INFO:<Node 6>:{"send": false, "recv": true, "to": 6, "from": 9, "vc": [46, 54, 50, 49, 47, 45, 51, 46, 53, 50], "hlc": [921560, 4]}
INFO:<Node 0>:{"send": true, "recv": false, "from": 0, "to": 1, "vc": [50, 48, 43, 40, 40, 37, 42, 39, 41, 43], "hlc": [921556, 13]}
INFO:<Node 2>:{"send": true, "recv": false, "from": 2, "to": 8, "vc": [49, 61, 58, 50, 50, 47, 50, 49, 57, 47], "hlc": [921560, 6]}
INFO:<Node 4>:{"send": true, "recv": false, "from": 4, "to": 8, "vc": [46, 52, 46, 43, 51, 37, 44, 39, 42, 41], "hlc": [921561, 0]}
INFO:<Node 7>:{"send": true, "recv": false, "from": 7, "to": 6, "vc": [46, 52, 51, 43, 49, 40, 46, 52, 51, 42], "hlc": [921560, 3]}
INFO:<Node 8>:{"send": true, "recv": false, "from": 8, "to": 5, "vc": [49, 54, 51, 42, 44, 40, 50, 49, 58, 43], "hlc": [921559, 4]}
INFO:<Node 9>:{"send": true, "recv": false, "from": 9, "to": 3, "vc": [46, 52, 49, 49, 47, 45, 46, 46, 50, 51], "hlc": [921560, 4]}
INFO:<Node 1>:{"send": false, "recv": true, "to": 1, "from": 0, "vc": [50, 62, 46, 45, 48, 41, 48, 46, 49, 47], "hlc": [921560, 0]}
INFO:<Node 3>:{"send": false, "recv": true, "to": 3, "from": 9, "vc": [46, 52, 49, 51, 47, 45, 46, 46, 50, 51], "hlc": [921561, 0]}
INFO:<Node 5>:{"send": false, "recv": true, "to": 5, "from": 8, "vc": [49, 54, 52, 48, 49, 49, 50, 51, 58, 43], "hlc": [921560, 4]}
INFO:<Node 6>:{"send": false, "recv": true, "to": 6, "from": 7, "vc": [46, 54, 51, 49, 49, 45, 52, 52, 53, 50], "hlc": [921560, 5]}
INFO:<Node 8>:{"send": false, "recv": true, "to": 8, "from": 2, "vc": [49, 61, 58, 50, 50, 47, 50, 49, 59, 47], "hlc": [921560, 7]}
INFO:<Node 8>:{"send": false, "recv": true, "to": 8, "from": 4, "vc": [49, 61, 58, 50, 51, 47, 50, 49, 60, 47], "hlc": [921561, 1]}
INFO:<Node 0>:{"send": true, "recv": false, "from": 0, "to": 8, "vc": [51, 48, 43, 40, 40, 37, 42, 39, 41, 43], "hlc": [921557, 0]}
INFO:<Node 1>:{"send": true, "recv": false, "from": 1, "to": 0, "vc": [50, 63, 46, 45, 48, 41, 48, 46, 49, 47], "hlc": [921560, 1]}
INFO:<Node 3>:{"send": true, "recv": false, "from": 3, "to": 2, "vc": [46, 52, 49, 52, 47, 45, 46, 46, 50, 51], "hlc": [921561, 1]}
INFO:<Node 4>:{"send": true, "recv": false, "from": 4, "to": 5, "vc": [46, 52, 46, 43, 52, 37, 44, 39, 42, 41], "hlc": [921561, 1]}
INFO:<Node 7>:{"send": true, "recv": false, "from": 7, "to": 2, "vc": [46, 52, 51, 43, 49, 40, 46, 53, 51, 42], "hlc": [921560, 4]}
INFO:<Node 8>:{"send": true, "recv": false, "from": 8, "to": 6, "vc": [49, 61, 58, 50, 51, 47, 50, 49, 61, 47], "hlc": [921561, 2]}
INFO:<Node 9>:{"send": true, "recv": false, "from": 9, "to": 6, "vc": [46, 52, 49, 49, 47, 45, 46, 46, 50, 52], "hlc": [921560, 5]}
INFO:<Node 0>:{"send": false, "recv": true, "to": 0, "from": 1, "vc": [52, 63, 46, 45, 48, 41, 48, 46, 49, 47], "hlc": [921560, 2]}
INFO:<Node 2>:{"send": false, "recv": true, "to": 2, "from": 3, "vc": [49, 61, 59, 52, 50, 47, 50, 49, 57, 51], "hlc": [921561, 2]}
INFO:<Node 2>:{"send": false, "recv": true, "to": 2, "from": 7, "vc": [49, 61, 60, 52, 50, 47, 50, 53, 57, 51], "hlc": [921561, 3]}
INFO:<Node 5>:{"send": false, "recv": true, "to": 5, "from": 4, "vc": [49, 54, 52, 48, 52, 50, 50, 51, 58, 43], "hlc": [921561, 2]}
INFO:<Node 6>:{"send": false, "recv": true, "to": 6, "from": 8, "vc": [49, 61, 58, 50, 51, 47, 53, 52, 61, 50], "hlc": [921561, 3]}
INFO:<Node 6>:{"send": false, "recv": true, "to": 6, "from": 9, "vc": [49, 61, 58, 50, 51, 47, 54, 52, 61, 52], "hlc": [921561, 4]}
INFO:<Node 8>:{"send": false, "recv": true, "to": 8, "from": 0, "vc": [51, 61, 58, 50, 51, 47, 50, 49, 62, 47], "hlc": [921561, 3]}
INFO:<Node 0>:{"send": true, "recv": false, "from": 0, "to": 1, "vc": [53, 63, 46, 45, 48, 41, 48, 46, 49, 47], "hlc": [921560, 3]}
INFO:<Node 3>:{"send": true, "recv": false, "from": 3, "to": 1, "vc": [46, 52, 49, 53, 47, 45, 46, 46, 50, 51], "hlc": [921562, 0]}
INFO:<Node 6>:{"send": true, "recv": false, "from": 6, "to": 4, "vc": [49, 61, 58, 50, 51, 47, 55, 52, 61, 52], "hlc": [921561, 5]}
INFO:<Node 8>:{"send": true, "recv": false, "from": 8, "to": 1, "vc": [51, 61, 58, 50, 51, 47, 50, 49, 63, 47], "hlc": [921561, 4]}
INFO:<Node 9>:{"send": true, "recv": false, "from": 9, "to": 3, "vc": [46, 52, 49, 49, 47, 45, 46, 46, 50, 53], "hlc": [921560, 6]}
INFO:<Node 1>:{"send": false, "recv": true, "to": 1, "from": 0, "vc": [53, 64, 46, 45, 48, 41, 48, 46, 49, 47], "hlc": [921561, 0]}
INFO:<Node 1>:{"send": false, "recv": true, "to": 1, "from": 3, "vc": [53, 65, 49, 53, 48, 45, 48, 46, 50, 51], "hlc": [921562, 1]}
INFO:<Node 1>:{"send": false, "recv": true, "to": 1, "from": 8, "vc": [53, 66, 58, 53, 51, 47, 50, 49, 63, 51], "hlc": [921562, 2]}
INFO:<Node 3>:{"send": false, "recv": true, "to": 3, "from": 9, "vc": [46, 52, 49, 54, 47, 45, 46, 46, 50, 53], "hlc": [921562, 1]}
INFO:<Node 4>:{"send": false, "recv": true, "to": 4, "from": 6, "vc": [49, 61, 58, 50, 53, 47, 55, 52, 61, 52], "hlc": [921562, 0]}
INFO:<Node 0>:{"send": true, "recv": false, "from": 0, "to": 8, "vc": [54, 63, 46, 45, 48, 41, 48, 46, 49, 47], "hlc": [921560, 4]}
INFO:<Node 1>:{"send": true, "recv": false, "from": 1, "to": 7, "vc": [53, 67, 58, 53, 51, 47, 50, 49, 63, 51], "hlc": [921562, 3]}
INFO:<Node 2>:{"send": true, "recv": false, "from": 2, "to": 1, "vc": [49, 61, 61, 52, 50, 47, 50, 53, 57, 51], "hlc": [921561, 4]}
INFO:<Node 4>:{"send": true, "recv": false, "from": 4, "to": 6, "vc": [49, 61, 58, 50, 54, 47, 55, 52, 61, 52], "hlc": [921562, 1]}
INFO:<Node 6>:{"send": true, "recv": false, "from": 6, "to": 4, "vc": [49, 61, 58, 50, 51, 47, 56, 52, 61, 52], "hlc": [921561, 6]}
INFO:<Node 8>:{"send": true, "recv": false, "from": 8, "to": 2, "vc": [51, 61, 58, 50, 51, 47, 50, 49, 64, 47], "hlc": [921561, 5]}
INFO:<Node 9>:{"send": true, "recv": false, "from": 9, "to": 4, "vc": [46, 52, 49, 49, 47, 45, 46, 46, 50, 54], "hlc": [921560, 7]}
INFO:<Node 1>:{"send": false, "recv": true, "to": 1, "from": 2, "vc": [53, 68, 61, 53, 51, 47, 50, 53, 63, 51], "hlc": [921562, 4]}
INFO:<Node 2>:{"send": false, "recv": true, "to": 2, "from": 8, "vc": [51, 61, 62, 52, 51, 47, 50, 53, 64, 51], "hlc": [921561, 6]}
INFO:<Node 4>:{"send": false, "recv": true, "to": 4, "from": 6, "vc": [49, 61, 58, 50, 55, 47, 56, 52, 61, 52], "hlc": [921563, 0]}
INFO:<Node 4>:{"send": false, "recv": true, "to": 4, "from": 9, "vc": [49, 61, 58, 50, 56, 47, 56, 52, 61, 54], "hlc": [921563, 1]}
INFO:<Node 6>:{"send": false, "recv": true, "to": 6, "from": 4, "vc": [49, 61, 58, 50, 54, 47, 57, 52, 61, 52], "hlc": [921562, 2]}
INFO:<Node 7>:{"send": false, "recv": true, "to": 7, "from": 1, "vc": [53, 67, 58, 53, 51, 47, 50, 54, 63, 51], "hlc": [921562, 4]}
INFO:<Node 8>:{"send": false, "recv": true, "to": 8, "from": 0, "vc": [54, 63, 58, 50, 51, 47, 50, 49, 65, 47], "hlc": [921561, 6]}
INFO:<Node 1>:{"send": true, "recv": false, "from": 1, "to": 9, "vc": [53, 69, 61, 53, 51, 47, 50, 53, 63, 51], "hlc": [921562, 5]}
INFO:<Node 3>:{"send": true, "recv": false, "from": 3, "to": 6, "vc": [46, 52, 49, 55, 47, 45, 46, 46, 50, 53], "hlc": [921563, 0]}
INFO:<Node 5>:{"send": true, "recv": false, "from": 5, "to": 8, "vc": [49, 54, 52, 48, 52, 51, 50, 51, 58, 43], "hlc": [921561, 3]}
INFO:<Node 8>:{"send": true, "recv": false, "from": 8, "to": 6, "vc": [54, 63, 58, 50, 51, 47, 50, 49, 66, 47], "hlc": [921561, 7]}
INFO:<Node 9>:{"send": true, "recv": false, "from": 9, "to": 0, "vc": [46, 52, 49, 49, 47, 45, 46, 46, 50, 55], "hlc": [921560, 8]}
INFO:<Node 0>:{"send": false, "recv": true, "to": 0, "from": 9, "vc": [55, 63, 49, 49, 48, 45, 48, 46, 50, 55], "hlc": [921560, 9]}
INFO:<Node 6>:{"send": false, "recv": true, "to": 6, "from": 3, "vc": [49, 61, 58, 55, 54, 47, 58, 52, 61, 53], "hlc": [921563, 1]}
INFO:<Node 6>:{"send": false, "recv": true, "to": 6, "from": 8, "vc": [54, 63, 58, 55, 54, 47, 59, 52, 66, 53], "hlc": [921563, 2]}
INFO:<Node 8>:{"send": false, "recv": true, "to": 8, "from": 5, "vc": [54, 63, 58, 50, 52, 51, 50, 51, 67, 47], "hlc": [921561, 8]}
INFO:<Node 9>:{"send": false, "recv": true, "to": 9, "from": 1, "vc": [53, 69, 61, 53, 51, 47, 50, 53, 63, 56], "hlc": [921562, 6]}
INFO:<Node 0>:{"send": true, "recv": false, "from": 0, "to": 1, "vc": [56, 63, 49, 49, 48, 45, 48, 46, 50, 55], "hlc": [921560, 10]}
INFO:<Node 1>:{"send": true, "recv": false, "from": 1, "to": 3, "vc": [53, 70, 61, 53, 51, 47, 50, 53, 63, 51], "hlc": [921562, 6]}
INFO:<Node 2>:{"send": true, "recv": false, "from": 2, "to": 1, "vc": [51, 61, 63, 52, 51, 47, 50, 53, 64, 51], "hlc": [921561, 7]}
INFO:<Node 3>:{"send": true, "recv": false, "from": 3, "to": 9, "vc": [46, 52, 49, 56, 47, 45, 46, 46, 50, 53], "hlc": [921563, 1]}
INFO:<Node 4>:{"send": true, "recv": false, "from": 4, "to": 3, "vc": [49, 61, 58, 50, 57, 47, 56, 52, 61, 54], "hlc": [921563, 2]}
INFO:<Node 7>:{"send": true, "recv": false, "from": 7, "to": 5, "vc": [53, 67, 58, 53, 51, 47, 50, 55, 63, 51], "hlc": [921562, 5]}
INFO:<Node 8>:{"send": true, "recv": false, "from": 8, "to": 9, "vc": [54, 63, 58, 50, 52, 51, 50, 51, 68, 47], "hlc": [921561, 9]}
INFO:<Node 9>:{"send": true, "recv": false, "from": 9, "to": 6, "vc": [53, 69, 61, 53, 51, 47, 50, 53, 63, 57], "hlc": [921562, 7]}
INFO:<Node 1>:{"send": false, "recv": true, "to": 1, "from": 0, "vc": [56, 71, 61, 53, 51, 47, 50, 53, 63, 55], "hlc": [921562, 7]}
INFO:<Node 1>:{"send": false, "recv": true, "to": 1, "from": 2, "vc": [56, 72, 63, 53, 51, 47, 50, 53, 64, 55], "hlc": [921562, 8]}
INFO:<Node 3>:{"send": false, "recv": true, "to": 3, "from": 1, "vc": [53, 70, 61, 57, 51, 47, 50, 53, 63, 53], "hlc": [921564, 0]}
INFO:<Node 3>:{"send": false, "recv": true, "to": 3, "from": 4, "vc": [53, 70, 61, 58, 57, 47, 56, 53, 63, 54], "hlc": [921564, 1]}
INFO:<Node 5>:{"send": false, "recv": true, "to": 5, "from": 7, "vc": [53, 67, 58, 53, 52, 52, 50, 55, 63, 51], "hlc": [921562, 6]}
INFO:<Node 6>:{"send": false, "recv": true, "to": 6, "from": 9, "vc": [54, 69, 61, 55, 54, 47, 60, 53, 66, 57], "hlc": [921563, 3]}
INFO:<Node 9>:{"send": false, "recv": true, "to": 9, "from": 3, "vc": [53, 69, 61, 56, 51, 47, 50, 53, 63, 58], "hlc": [921563, 2]}
INFO:<Node 9>:{"send": false, "recv": true, "to": 9, "from": 8, "vc": [54, 69, 61, 56, 52, 51, 50, 53, 68, 59], "hlc": [921563, 3]}
