INFO:root:Random workload: num sockets: 10, num iterations: 50, base address: 60600, chance of send: 3 in 5, round delay (s): 0.5, max clock drift (s): 9.5, actual clock drifts: [7.999770279463277, -3.181810852089362, -8.06894121172104, 4.0464282901894695, -0.5252321431411922, 7.551715214138667, 2.367465263375582, 8.287410226459514, -1.1854641268384878, -6.760127648980847]
INFO:<Node 0>:{"send": true, "recv": false, "from": 0, "to": 6, "vc": [1, 0, 0, 0, 0, 0, 0, 0, 0, 0], "hlc": [921739, 0]}
INFO:<Node 1>:{"send": true, "recv": false, "from": 1, "to": 2, "vc": [0, 1, 0, 0, 0, 0, 0, 0, 0, 0], "hlc": [921731, 1]}
INFO:<Node 6>:{"send": true, "recv": false, "from": 6, "to": 0, "vc": [0, 0, 0, 0, 0, 0, 1, 0, 0, 0], "hlc": [921734, 0]}
INFO:<Node 7>:{"send": true, "recv": false, "from": 7, "to": 2, "vc": [0, 0, 0, 0, 0, 0, 0, 1, 0, 0], "hlc": [921740, 0]}
INFO:<Node 8>:{"send": true, "recv": false, "from": 8, "to": 6, "vc": [0, 0, 0, 0, 0, 0, 0, 0, 1, 0], "hlc": [921731, 1]}
INFO:<Node 9>:{"send": true, "recv": false, "from": 9, "to": 2, "vc": [0, 0, 0, 0, 0, 0, 0, 0, 0, 1], "hlc": [921731, 1]}
INFO:<Node 0>:{"send": false, "recv": true, "to": 0, "from": 6, "vc": [2, 0, 0, 0, 0, 0, 1, 0, 0, 0], "hlc": [921740, 0]}
INFO:<Node 2>:{"send": false, "recv": true, "to": 2, "from": 1, "vc": [0, 1, 1, 0, 0, 0, 0, 0, 0, 0], "hlc": [921731, 2]}
INFO:<Node 2>:{"send": false, "recv": true, "to": 2, "from": 7, "vc": [0, 1, 2, 0, 0, 0, 0, 1, 0, 0], "hlc": [921740, 1]}
INFO:<Node 2>:{"send": false, "recv": true, "to": 2, "from": 9, "vc": [0, 1, 3, 0, 0, 0, 0, 1, 0, 1], "hlc": [921740, 2]}
INFO:<Node 6>:{"send": false, "recv": true, "to": 6, "from": 0, "vc": [1, 0, 0, 0, 0, 0, 2, 0, 0, 0], "hlc": [921739, 1]}
INFO:<Node 6>:{"send": false, "recv": true, "to": 6, "from": 8, "vc": [1, 0, 0, 0, 0, 0, 3, 0, 1, 0], "hlc": [921739, 2]}
INFO:<Node 0>:{"send": true, "recv": false, "from": 0, "to": 7, "vc": [3, 0, 0, 0, 0, 0, 1, 0, 0, 0], "hlc": [921740, 1]}
INFO:<Node 1>:{"send": true, "recv": false, "from": 1, "to": 6, "vc": [0, 2, 0, 0, 0, 0, 0, 0, 0, 0], "hlc": [921731, 2]}
INFO:<Node 2>:{"send": true, "recv": false, "from": 2, "to": 6, "vc": [0, 1, 4, 0, 0, 0, 0, 1, 0, 1], "hlc": [921740, 3]}
INFO:<Node 5>:{"send": true, "recv": false, "from": 5, "to": 8, "vc": [0, 0, 0, 0, 0, 1, 0, 0, 0, 0], "hlc": [921739, 0]}
INFO:<Node 7>:{"send": true, "recv": false, "from": 7, "to": 4, "vc": [0, 0, 0, 0, 0, 0, 0, 2, 0, 0], "hlc": [921740, 1]}
INFO:<Node 8>:{"send": true, "recv": false, "from": 8, "to": 7, "vc": [0, 0, 0, 0, 0, 0, 0, 0, 2, 0], "hlc": [921731, 2]}
INFO:<Node 4>:{"send": false, "recv": true, "to": 4, "from": 7, "vc": [0, 0, 0, 0, 1, 0, 0, 2, 0, 0], "hlc": [921740, 2]}
INFO:<Node 6>:{"send": false, "recv": true, "to": 6, "from": 1, "vc": [1, 2, 0, 0, 0, 0, 4, 0, 1, 0], "hlc": [921739, 3]}
INFO:<Node 6>:{"send": false, "recv": true, "to": 6, "from": 2, "vc": [1, 2, 4, 0, 0, 0, 5, 1, 1, 1], "hlc": [921740, 4]}
INFO:<Node 7>:{"send": false, "recv": true, "to": 7, "from": 0, "vc": [3, 0, 0, 0, 0, 0, 1, 3, 0, 0], "hlc": [921741, 0]}
INFO:<Node 7>:{"send": false, "recv": true, "to": 7, "from": 8, "vc": [3, 0, 0, 0, 0, 0, 1, 4, 2, 0], "hlc": [921741, 1]}
INFO:<Node 8>:{"send": false, "recv": true, "to": 8, "from": 5, "vc": [0, 0, 0, 0, 0, 1, 0, 0, 3, 0], "hlc": [921739, 1]}
INFO:<Node 2>:{"send": true, "recv": false, "from": 2, "to": 9, "vc": [0, 1, 5, 0, 0, 0, 0, 1, 0, 1], "hlc": [921740, 4]}
INFO:<Node 3>:{"send": true, "recv": false, "from": 3, "to": 6, "vc": [0, 0, 0, 1, 0, 0, 0, 0, 0, 0], "hlc": [921736, 0]}
INFO:<Node 4>:{"send": true, "recv": false, "from": 4, "to": 6, "vc": [0, 0, 0, 0, 2, 0, 0, 2, 0, 0], "hlc": [921740, 3]}
INFO:<Node 5>:{"send": true, "recv": false, "from": 5, "to": 7, "vc": [0, 0, 0, 0, 0, 2, 0, 0, 0, 0], "hlc": [921740, 0]}
INFO:<Node 6>:{"send": false, "recv": true, "to": 6, "from": 3, "vc": [1, 2, 4, 1, 0, 0, 6, 1, 1, 1], "hlc": [921740, 5]}
INFO:<Node 6>:{"send": false, "recv": true, "to": 6, "from": 4, "vc": [1, 2, 4, 1, 2, 0, 7, 2, 1, 1], "hlc": [921740, 6]}
INFO:<Node 7>:{"send": false, "recv": true, "to": 7, "from": 5, "vc": [3, 0, 0, 0, 0, 2, 1, 5, 2, 0], "hlc": [921741, 2]}
INFO:<Node 9>:{"send": false, "recv": true, "to": 9, "from": 2, "vc": [0, 1, 5, 0, 0, 0, 0, 1, 0, 2], "hlc": [921740, 5]}
INFO:<Node 1>:{"send": true, "recv": false, "from": 1, "to": 2, "vc": [0, 3, 0, 0, 0, 0, 0, 0, 0, 0], "hlc": [921731, 3]}
INFO:<Node 3>:{"send": true, "recv": false, "from": 3, "to": 7, "vc": [0, 0, 0, 2, 0, 0, 0, 0, 0, 0], "hlc": [921737, 0]}
INFO:<Node 4>:{"send": true, "recv": false, "from": 4, "to": 9, "vc": [0, 0, 0, 0, 3, 0, 0, 2, 0, 0], "hlc": [921740, 4]}
INFO:<Node 5>:{"send": true, "recv": false, "from": 5, "to": 0, "vc": [0, 0, 0, 0, 0, 3, 0, 0, 0, 0], "hlc": [921740, 1]}
INFO:<Node 6>:{"send": true, "recv": false, "from": 6, "to": 3, "vc": [1, 2, 4, 1, 2, 0, 8, 2, 1, 1], "hlc": [921740, 7]}
INFO:<Node 8>:{"send": true, "recv": false, "from": 8, "to": 3, "vc": [0, 0, 0, 0, 0, 1, 0, 0, 4, 0], "hlc": [921739, 2]}
INFO:<Node 9>:{"send": true, "recv": false, "from": 9, "to": 2, "vc": [0, 1, 5, 0, 0, 0, 0, 1, 0, 3], "hlc": [921740, 6]}
INFO:<Node 0>:{"send": false, "recv": true, "to": 0, "from": 5, "vc": [4, 0, 0, 0, 0, 3, 1, 0, 0, 0], "hlc": [921741, 0]}
INFO:<Node 2>:{"send": false, "recv": true, "to": 2, "from": 1, "vc": [0, 3, 6, 0, 0, 0, 0, 1, 0, 1], "hlc": [921740, 5]}
INFO:<Node 2>:{"send": false, "recv": true, "to": 2, "from": 9, "vc": [0, 3, 7, 0, 0, 0, 0, 1, 0, 3], "hlc": [921740, 7]}
INFO:<Node 3>:{"send": false, "recv": true, "to": 3, "from": 6, "vc": [1, 2, 4, 3, 2, 0, 8, 2, 1, 1], "hlc": [921740, 8]}
INFO:<Node 3>:{"send": false, "recv": true, "to": 3, "from": 8, "vc": [1, 2, 4, 4, 2, 1, 8, 2, 4, 1], "hlc": [921740, 9]}
INFO:<Node 7>:{"send": false, "recv": true, "to": 7, "from": 3, "vc": [3, 0, 0, 2, 0, 2, 1, 6, 2, 0], "hlc": [921742, 0]}
INFO:<Node 9>:{"send": false, "recv": true, "to": 9, "from": 4, "vc": [0, 1, 5, 0, 3, 0, 0, 2, 0, 4], "hlc": [921740, 7]}
INFO:<Node 0>:{"send": true, "recv": false, "from": 0, "to": 4, "vc": [5, 0, 0, 0, 0, 3, 1, 0, 0, 0], "hlc": [921741, 1]}
INFO:<Node 5>:{"send": true, "recv": false, "from": 5, "to": 4, "vc": [0, 0, 0, 0, 0, 4, 0, 0, 0, 0], "hlc": [921741, 0]}
INFO:<Node 6>:{"send": true, "recv": false, "from": 6, "to": 3, "vc": [1, 2, 4, 1, 2, 0, 9, 2, 1, 1], "hlc": [921740, 8]}
INFO:<Node 7>:{"send": true, "recv": false, "from": 7, "to": 3, "vc": [3, 0, 0, 2, 0, 2, 1, 7, 2, 0], "hlc": [921742, 1]}
INFO:<Node 8>:{"send": true, "recv": false, "from": 8, "to": 1, "vc": [0, 0, 0, 0, 0, 1, 0, 0, 5, 0], "hlc": [921739, 3]}
INFO:<Node 9>:{"send": true, "recv": false, "from": 9, "to": 3, "vc": [0, 1, 5, 0, 3, 0, 0, 2, 0, 5], "hlc": [921740, 8]}
INFO:<Node 1>:{"send": false, "recv": true, "to": 1, "from": 8, "vc": [0, 4, 0, 0, 0, 1, 0, 0, 5, 0], "hlc": [921739, 4]}
INFO:<Node 3>:{"send": false, "recv": true, "to": 3, "from": 6, "vc": [1, 2, 4, 5, 2, 1, 9, 2, 4, 1], "hlc": [921740, 10]}
INFO:<Node 3>:{"send": false, "recv": true, "to": 3, "from": 7, "vc": [3, 2, 4, 6, 2, 2, 9, 7, 4, 1], "hlc": [921742, 2]}
INFO:<Node 3>:{"send": false, "recv": true, "to": 3, "from": 9, "vc": [3, 2, 5, 7, 3, 2, 9, 7, 4, 5], "hlc": [921742, 3]}
INFO:<Node 4>:{"send": false, "recv": true, "to": 4, "from": 0, "vc": [5, 0, 0, 0, 4, 3, 1, 2, 0, 0], "hlc": [921741, 2]}
INFO:<Node 4>:{"send": false, "recv": true, "to": 4, "from": 5, "vc": [5, 0, 0, 0, 5, 4, 1, 2, 0, 0], "hlc": [921741, 3]}
INFO:<Node 0>:{"send": true, "recv": false, "from": 0, "to": 3, "vc": [6, 0, 0, 0, 0, 3, 1, 0, 0, 0], "hlc": [921742, 0]}
INFO:<Node 2>:{"send": true, "recv": false, "from": 2, "to": 8, "vc": [0, 3, 8, 0, 0, 0, 0, 1, 0, 3], "hlc": [921740, 8]}
INFO:<Node 5>:{"send": true, "recv": false, "from": 5, "to": 3, "vc": [0, 0, 0, 0, 0, 5, 0, 0, 0, 0], "hlc": [921741, 1]}
INFO:<Node 6>:{"send": true, "recv": false, "from": 6, "to": 0, "vc": [1, 2, 4, 1, 2, 0, 10, 2, 1, 1], "hlc": [921740, 9]}
INFO:<Node 7>:{"send": true, "recv": false, "from": 7, "to": 1, "vc": [3, 0, 0, 2, 0, 2, 1, 8, 2, 0], "hlc": [921742, 2]}
INFO:<Node 9>:{"send": true, "recv": false, "from": 9, "to": 2, "vc": [0, 1, 5, 0, 3, 0, 0, 2, 0, 6], "hlc": [921740, 9]}
INFO:<Node 0>:{"send": false, "recv": true, "to": 0, "from": 6, "vc": [7, 2, 4, 1, 2, 3, 10, 2, 1, 1], "hlc": [921742, 1]}
INFO:<Node 1>:{"send": false, "recv": true, "to": 1, "from": 7, "vc": [3, 5, 0, 2, 0, 2, 1, 8, 5, 0], "hlc": [921742, 3]}
INFO:<Node 2>:{"send": false, "recv": true, "to": 2, "from": 9, "vc": [0, 3, 9, 0, 3, 0, 0, 2, 0, 6], "hlc": [921740, 10]}
INFO:<Node 3>:{"send": false, "recv": true, "to": 3, "from": 0, "vc": [6, 2, 5, 8, 3, 3, 9, 7, 4, 5], "hlc": [921742, 4]}
INFO:<Node 3>:{"send": false, "recv": true, "to": 3, "from": 5, "vc": [6, 2, 5, 9, 3, 5, 9, 7, 4, 5], "hlc": [921742, 5]}
INFO:<Node 8>:{"send": false, "recv": true, "to": 8, "from": 2, "vc": [0, 3, 8, 0, 0, 1, 0, 1, 6, 3], "hlc": [921740, 9]}
INFO:<Node 0>:{"send": true, "recv": false, "from": 0, "to": 3, "vc": [8, 2, 4, 1, 2, 3, 10, 2, 1, 1], "hlc": [921742, 2]}
INFO:<Node 3>:{"send": true, "recv": false, "from": 3, "to": 6, "vc": [6, 2, 5, 10, 3, 5, 9, 7, 4, 5], "hlc": [921742, 6]}
INFO:<Node 4>:{"send": true, "recv": false, "from": 4, "to": 8, "vc": [5, 0, 0, 0, 6, 4, 1, 2, 0, 0], "hlc": [921741, 4]}
INFO:<Node 5>:{"send": true, "recv": false, "from": 5, "to": 4, "vc": [0, 0, 0, 0, 0, 6, 0, 0, 0, 0], "hlc": [921742, 0]}
INFO:<Node 6>:{"send": true, "recv": false, "from": 6, "to": 9, "vc": [1, 2, 4, 1, 2, 0, 11, 2, 1, 1], "hlc": [921740, 10]}
INFO:<Node 8>:{"send": true, "recv": false, "from": 8, "to": 6, "vc": [0, 3, 8, 0, 0, 1, 0, 1, 7, 3], "hlc": [921740, 10]}
INFO:<Node 3>:{"send": false, "recv": true, "to": 3, "from": 0, "vc": [8, 2, 5, 11, 3, 5, 10, 7, 4, 5], "hlc": [921742, 7]}
INFO:<Node 4>:{"send": false, "recv": true, "to": 4, "from": 5, "vc": [5, 0, 0, 0, 7, 6, 1, 2, 0, 0], "hlc": [921742, 1]}
INFO:<Node 6>:{"send": false, "recv": true, "to": 6, "from": 3, "vc": [6, 2, 5, 10, 3, 5, 12, 7, 4, 5], "hlc": [921742, 7]}
INFO:<Node 6>:{"send": false, "recv": true, "to": 6, "from": 8, "vc": [6, 3, 8, 10, 3, 5, 13, 7, 7, 5], "hlc": [921742, 8]}
INFO:<Node 8>:{"send": false, "recv": true, "to": 8, "from": 4, "vc": [5, 3, 8, 0, 6, 4, 1, 2, 8, 3], "hlc": [921741, 5]}
INFO:<Node 9>:{"send": false, "recv": true, "to": 9, "from": 6, "vc": [1, 2, 5, 1, 3, 0, 11, 2, 1, 7], "hlc": [921740, 11]}
INFO:<Node 0>:{"send": true, "recv": false, "from": 0, "to": 7, "vc": [9, 2, 4, 1, 2, 3, 10, 2, 1, 1], "hlc": [921743, 0]}
INFO:<Node 6>:{"send": true, "recv": false, "from": 6, "to": 4, "vc": [6, 3, 8, 10, 3, 5, 14, 7, 7, 5], "hlc": [921742, 9]}
INFO:<Node 7>:{"send": true, "recv": false, "from": 7, "to": 8, "vc": [3, 0, 0, 2, 0, 2, 1, 9, 2, 0], "hlc": [921743, 0]}
INFO:<Node 4>:{"send": false, "recv": true, "to": 4, "from": 6, "vc": [6, 3, 8, 10, 8, 6, 14, 7, 7, 5], "hlc": [921742, 10]}
INFO:<Node 7>:{"send": false, "recv": true, "to": 7, "from": 0, "vc": [9, 2, 4, 2, 2, 3, 10, 10, 2, 1], "hlc": [921744, 0]}
INFO:<Node 8>:{"send": false, "recv": true, "to": 8, "from": 7, "vc": [5, 3, 8, 2, 6, 4, 1, 9, 9, 3], "hlc": [921743, 1]}
INFO:<Node 0>:{"send": true, "recv": false, "from": 0, "to": 7, "vc": [10, 2, 4, 1, 2, 3, 10, 2, 1, 1], "hlc": [921743, 1]}
INFO:<Node 1>:{"send": true, "recv": false, "from": 1, "to": 0, "vc": [3, 6, 0, 2, 0, 2, 1, 8, 5, 0], "hlc": [921742, 4]}
INFO:<Node 3>:{"send": true, "recv": false, "from": 3, "to": 7, "vc": [8, 2, 5, 12, 3, 5, 10, 7, 4, 5], "hlc": [921742, 8]}
INFO:<Node 5>:{"send": true, "recv": false, "from": 5, "to": 4, "vc": [0, 0, 0, 0, 0, 7, 0, 0, 0, 0], "hlc": [921743, 0]}
INFO:<Node 8>:{"send": true, "recv": false, "from": 8, "to": 4, "vc": [5, 3, 8, 2, 6, 4, 1, 9, 10, 3], "hlc": [921743, 2]}
INFO:<Node 9>:{"send": true, "recv": false, "from": 9, "to": 7, "vc": [1, 2, 5, 1, 3, 0, 11, 2, 1, 8], "hlc": [921740, 12]}
INFO:<Node 0>:{"send": false, "recv": true, "to": 0, "from": 1, "vc": [11, 6, 4, 2, 2, 3, 10, 8, 5, 1], "hlc": [921744, 0]}
INFO:<Node 4>:{"send": false, "recv": true, "to": 4, "from": 5, "vc": [6, 3, 8, 10, 9, 7, 14, 7, 7, 5], "hlc": [921743, 1]}
INFO:<Node 4>:{"send": false, "recv": true, "to": 4, "from": 8, "vc": [6, 3, 8, 10, 10, 7, 14, 9, 10, 5], "hlc": [921743, 3]}
INFO:<Node 7>:{"send": false, "recv": true, "to": 7, "from": 0, "vc": [10, 2, 4, 2, 2, 3, 10, 11, 2, 1], "hlc": [921744, 1]}
INFO:<Node 7>:{"send": false, "recv": true, "to": 7, "from": 3, "vc": [10, 2, 5, 12, 3, 5, 10, 12, 4, 5], "hlc": [921744, 2]}
INFO:<Node 7>:{"send": false, "recv": true, "to": 7, "from": 9, "vc": [10, 2, 5, 12, 3, 5, 11, 13, 4, 8], "hlc": [921744, 3]}
INFO:<Node 0>:{"send": true, "recv": false, "from": 0, "to": 5, "vc": [12, 6, 4, 2, 2, 3, 10, 8, 5, 1], "hlc": [921744, 1]}
INFO:<Node 4>:{"send": true, "recv": false, "from": 4, "to": 3, "vc": [6, 3, 8, 10, 11, 7, 14, 9, 10, 5], "hlc": [921743, 4]}
INFO:<Node 5>:{"send": true, "recv": false, "from": 5, "to": 3, "vc": [0, 0, 0, 0, 0, 8, 0, 0, 0, 0], "hlc": [921743, 1]}
INFO:<Node 6>:{"send": true, "recv": false, "from": 6, "to": 7, "vc": [6, 3, 8, 10, 3, 5, 15, 7, 7, 5], "hlc": [921742, 10]}
INFO:<Node 3>:{"send": false, "recv": true, "to": 3, "from": 4, "vc": [8, 3, 8, 13, 11, 7, 14, 9, 10, 5], "hlc": [921743, 5]}
INFO:<Node 3>:{"send": false, "recv": true, "to": 3, "from": 5, "vc": [8, 3, 8, 14, 11, 8, 14, 9, 10, 5], "hlc": [921743, 6]}
INFO:<Node 5>:{"send": false, "recv": true, "to": 5, "from": 0, "vc": [12, 6, 4, 2, 2, 9, 10, 8, 5, 1], "hlc": [921744, 2]}
INFO:<Node 7>:{"send": false, "recv": true, "to": 7, "from": 6, "vc": [10, 3, 8, 12, 3, 5, 15, 14, 7, 8], "hlc": [921745, 0]}
INFO:<Node 1>:{"send": true, "recv": false, "from": 1, "to": 4, "vc": [3, 7, 0, 2, 0, 2, 1, 8, 5, 0], "hlc": [921742, 5]}
INFO:<Node 3>:{"send": true, "recv": false, "from": 3, "to": 6, "vc": [8, 3, 8, 15, 11, 8, 14, 9, 10, 5], "hlc": [921743, 7]}
INFO:<Node 4>:{"send": true, "recv": false, "from": 4, "to": 0, "vc": [6, 3, 8, 10, 12, 7, 14, 9, 10, 5], "hlc": [921743, 5]}
INFO:<Node 6>:{"send": true, "recv": false, "from": 6, "to": 2, "vc": [6, 3, 8, 10, 3, 5, 16, 7, 7, 5], "hlc": [921742, 11]}
INFO:<Node 8>:{"send": true, "recv": false, "from": 8, "to": 1, "vc": [5, 3, 8, 2, 6, 4, 1, 9, 11, 3], "hlc": [921743, 3]}
INFO:<Node 9>:{"send": true, "recv": false, "from": 9, "to": 4, "vc": [1, 2, 5, 1, 3, 0, 11, 2, 1, 9], "hlc": [921740, 13]}
INFO:<Node 0>:{"send": false, "recv": true, "to": 0, "from": 4, "vc": [13, 6, 8, 10, 12, 7, 14, 9, 10, 5], "hlc": [921745, 0]}
INFO:<Node 1>:{"send": false, "recv": true, "to": 1, "from": 8, "vc": [5, 8, 8, 2, 6, 4, 1, 9, 11, 3], "hlc": [921743, 4]}
INFO:<Node 2>:{"send": false, "recv": true, "to": 2, "from": 6, "vc": [6, 3, 10, 10, 3, 5, 16, 7, 7, 6], "hlc": [921742, 12]}
INFO:<Node 4>:{"send": false, "recv": true, "to": 4, "from": 1, "vc": [6, 7, 8, 10, 13, 7, 14, 9, 10, 5], "hlc": [921743, 6]}
INFO:<Node 4>:{"send": false, "recv": true, "to": 4, "from": 9, "vc": [6, 7, 8, 10, 14, 7, 14, 9, 10, 9], "hlc": [921743, 7]}
INFO:<Node 6>:{"send": false, "recv": true, "to": 6, "from": 3, "vc": [8, 3, 8, 15, 11, 8, 17, 9, 10, 5], "hlc": [921743, 8]}
INFO:<Node 1>:{"send": true, "recv": false, "from": 1, "to": 4, "vc": [5, 9, 8, 2, 6, 4, 1, 9, 11, 3], "hlc": [921743, 5]}
INFO:<Node 3>:{"send": true, "recv": false, "from": 3, "to": 8, "vc": [8, 3, 8, 16, 11, 8, 14, 9, 10, 5], "hlc": [921743, 8]}
INFO:<Node 4>:{"send": true, "recv": false, "from": 4, "to": 9, "vc": [6, 7, 8, 10, 15, 7, 14, 9, 10, 9], "hlc": [921743, 8]}
INFO:<Node 7>:{"send": true, "recv": false, "from": 7, "to": 0, "vc": [10, 3, 8, 12, 3, 5, 15, 15, 7, 8], "hlc": [921745, 1]}
INFO:<Node 0>:{"send": false, "recv": true, "to": 0, "from": 7, "vc": [14, 6, 8, 12, 12, 7, 15, 15, 10, 8], "hlc": [921745, 2]}
INFO:<Node 4>:{"send": false, "recv": true, "to": 4, "from": 1, "vc": [6, 9, 8, 10, 16, 7, 14, 9, 11, 9], "hlc": [921743, 9]}
INFO:<Node 8>:{"send": false, "recv": true, "to": 8, "from": 3, "vc": [8, 3, 8, 16, 11, 8, 14, 9, 12, 5], "hlc": [921743, 9]}
INFO:<Node 9>:{"send": false, "recv": true, "to": 9, "from": 4, "vc": [6, 7, 8, 10, 15, 7, 14, 9, 10, 10], "hlc": [921743, 9]}
INFO:<Node 1>:{"send": true, "recv": false, "from": 1, "to": 5, "vc": [5, 10, 8, 2, 6, 4, 1, 9, 11, 3], "hlc": [921743, 6]}
INFO:<Node 2>:{"send": true, "recv": false, "from": 2, "to": 4, "vc": [6, 3, 11, 10, 3, 5, 16, 7, 7, 6], "hlc": [921742, 13]}
INFO:<Node 3>:{"send": true, "recv": false, "from": 3, "to": 8, "vc": [8, 3, 8, 17, 11, 8, 14, 9, 10, 5], "hlc": [921743, 9]}
INFO:<Node 4>:{"send": true, "recv": false, "from": 4, "to": 6, "vc": [6, 9, 8, 10, 17, 7, 14, 9, 11, 9], "hlc": [921743, 10]}
INFO:<Node 5>:{"send": true, "recv": false, "from": 5, "to": 1, "vc": [12, 6, 4, 2, 2, 10, 10, 8, 5, 1], "hlc": [921745, 0]}
INFO:<Node 6>:{"send": true, "recv": false, "from": 6, "to": 7, "vc": [8, 3, 8, 15, 11, 8, 18, 9, 10, 5], "hlc": [921743, 9]}
INFO:<Node 8>:{"send": true, "recv": false, "from": 8, "to": 2, "vc": [8, 3, 8, 16, 11, 8, 14, 9, 13, 5], "hlc": [921743, 10]}
INFO:<Node 9>:{"send": true, "recv": false, "from": 9, "to": 5, "vc": [6, 7, 8, 10, 15, 7, 14, 9, 10, 11], "hlc": [921743, 10]}
INFO:<Node 1>:{"send": false, "recv": true, "to": 1, "from": 5, "vc": [12, 11, 8, 2, 6, 10, 10, 9, 11, 3], "hlc": [921745, 1]}
INFO:<Node 2>:{"send": false, "recv": true, "to": 2, "from": 8, "vc": [8, 3, 12, 16, 11, 8, 16, 9, 13, 6], "hlc": [921743, 11]}
INFO:<Node 4>:{"send": false, "recv": true, "to": 4, "from": 2, "vc": [6, 9, 11, 10, 18, 7, 16, 9, 11, 9], "hlc": [921743, 11]}
INFO:<Node 5>:{"send": false, "recv": true, "to": 5, "from": 1, "vc": [12, 10, 8, 2, 6, 11, 10, 9, 11, 3], "hlc": [921745, 1]}
INFO:<Node 5>:{"send": false, "recv": true, "to": 5, "from": 9, "vc": [12, 10, 8, 10, 15, 12, 14, 9, 11, 11], "hlc": [921745, 2]}
INFO:<Node 6>:{"send": false, "recv": true, "to": 6, "from": 4, "vc": [8, 9, 8, 15, 17, 8, 19, 9, 11, 9], "hlc": [921743, 11]}
INFO:<Node 7>:{"send": false, "recv": true, "to": 7, "from": 6, "vc": [10, 3, 8, 15, 11, 8, 18, 16, 10, 8], "hlc": [921746, 0]}
INFO:<Node 8>:{"send": false, "recv": true, "to": 8, "from": 3, "vc": [8, 3, 8, 17, 11, 8, 14, 9, 14, 5], "hlc": [921743, 11]}
INFO:<Node 5>:{"send": true, "recv": false, "from": 5, "to": 9, "vc": [12, 10, 8, 10, 15, 13, 14, 9, 11, 11], "hlc": [921745, 3]}
INFO:<Node 6>:{"send": true, "recv": false, "from": 6, "to": 4, "vc": [8, 9, 8, 15, 17, 8, 20, 9, 11, 9], "hlc": [921743, 12]}
INFO:<Node 4>:{"send": false, "recv": true, "to": 4, "from": 6, "vc": [8, 9, 11, 15, 19, 8, 20, 9, 11, 9], "hlc": [921743, 13]}
INFO:<Node 9>:{"send": false, "recv": true, "to": 9, "from": 5, "vc": [12, 10, 8, 10, 15, 13, 14, 9, 11, 12], "hlc": [921745, 4]}
INFO:<Node 0>:{"send": true, "recv": false, "from": 0, "to": 7, "vc": [15, 6, 8, 12, 12, 7, 15, 15, 10, 8], "hlc": [921746, 0]}
INFO:<Node 1>:{"send": true, "recv": false, "from": 1, "to": 3, "vc": [12, 12, 8, 2, 6, 10, 10, 9, 11, 3], "hlc": [921745, 2]}
INFO:<Node 4>:{"send": true, "recv": false, "from": 4, "to": 1, "vc": [8, 9, 11, 15, 20, 8, 20, 9, 11, 9], "hlc": [921743, 14]}
INFO:<Node 6>:{"send": true, "recv": false, "from": 6, "to": 3, "vc": [8, 9, 8, 15, 17, 8, 21, 9, 11, 9], "hlc": [921743, 13]}
INFO:<Node 7>:{"send": true, "recv": false, "from": 7, "to": 2, "vc": [10, 3, 8, 15, 11, 8, 18, 17, 10, 8], "hlc": [921747, 0]}
INFO:<Node 8>:{"send": true, "recv": false, "from": 8, "to": 6, "vc": [8, 3, 8, 17, 11, 8, 14, 9, 15, 5], "hlc": [921743, 12]}
INFO:<Node 1>:{"send": false, "recv": true, "to": 1, "from": 4, "vc": [12, 13, 11, 15, 20, 10, 20, 9, 11, 9], "hlc": [921745, 3]}
INFO:<Node 2>:{"send": false, "recv": true, "to": 2, "from": 7, "vc": [10, 3, 13, 16, 11, 8, 18, 17, 13, 8], "hlc": [921747, 1]}
INFO:<Node 3>:{"send": false, "recv": true, "to": 3, "from": 1, "vc": [12, 12, 8, 18, 11, 10, 14, 9, 11, 5], "hlc": [921745, 3]}
INFO:<Node 3>:{"send": false, "recv": true, "to": 3, "from": 6, "vc": [12, 12, 8, 19, 17, 10, 21, 9, 11, 9], "hlc": [921745, 4]}
INFO:<Node 6>:{"send": false, "recv": true, "to": 6, "from": 8, "vc": [8, 9, 8, 17, 17, 8, 22, 9, 15, 9], "hlc": [921743, 14]}
INFO:<Node 7>:{"send": false, "recv": true, "to": 7, "from": 0, "vc": [15, 6, 8, 15, 12, 8, 18, 18, 10, 8], "hlc": [921747, 1]}
INFO:<Node 0>:{"send": true, "recv": false, "from": 0, "to": 3, "vc": [16, 6, 8, 12, 12, 7, 15, 15, 10, 8], "hlc": [921747, 0]}
INFO:<Node 1>:{"send": true, "recv": false, "from": 1, "to": 4, "vc": [12, 14, 11, 15, 20, 10, 20, 9, 11, 9], "hlc": [921745, 4]}
INFO:<Node 2>:{"send": true, "recv": false, "from": 2, "to": 4, "vc": [10, 3, 14, 16, 11, 8, 18, 17, 13, 8], "hlc": [921747, 2]}
INFO:<Node 3>:{"send": true, "recv": false, "from": 3, "to": 9, "vc": [12, 12, 8, 20, 17, 10, 21, 9, 11, 9], "hlc": [921745, 5]}
INFO:<Node 4>:{"send": true, "recv": false, "from": 4, "to": 1, "vc": [8, 9, 11, 15, 21, 8, 20, 9, 11, 9], "hlc": [921743, 15]}
INFO:<Node 5>:{"send": true, "recv": false, "from": 5, "to": 1, "vc": [12, 10, 8, 10, 15, 14, 14, 9, 11, 11], "hlc": [921746, 0]}
INFO:<Node 7>:{"send": true, "recv": false, "from": 7, "to": 3, "vc": [15, 6, 8, 15, 12, 8, 18, 19, 10, 8], "hlc": [921747, 2]}
INFO:<Node 8>:{"send": true, "recv": false, "from": 8, "to": 0, "vc": [8, 3, 8, 17, 11, 8, 14, 9, 16, 5], "hlc": [921743, 13]}
INFO:<Node 0>:{"send": false, "recv": true, "to": 0, "from": 8, "vc": [17, 6, 8, 17, 12, 8, 15, 15, 16, 8], "hlc": [921747, 1]}
INFO:<Node 1>:{"send": false, "recv": true, "to": 1, "from": 4, "vc": [12, 15, 11, 15, 21, 10, 20, 9, 11, 9], "hlc": [921745, 5]}
INFO:<Node 1>:{"send": false, "recv": true, "to": 1, "from": 5, "vc": [12, 16, 11, 15, 21, 14, 20, 9, 11, 11], "hlc": [921746, 1]}
INFO:<Node 3>:{"send": false, "recv": true, "to": 3, "from": 0, "vc": [16, 12, 8, 21, 17, 10, 21, 15, 11, 9], "hlc": [921747, 1]}
INFO:<Node 3>:{"send": false, "recv": true, "to": 3, "from": 7, "vc": [16, 12, 8, 22, 17, 10, 21, 19, 11, 9], "hlc": [921747, 3]}
INFO:<Node 4>:{"send": false, "recv": true, "to": 4, "from": 1, "vc": [12, 14, 11, 15, 22, 10, 20, 9, 11, 9], "hlc": [921745, 5]}
INFO:<Node 4>:{"send": false, "recv": true, "to": 4, "from": 2, "vc": [12, 14, 14, 16, 23, 10, 20, 17, 13, 9], "hlc": [921747, 3]}
INFO:<Node 9>:{"send": false, "recv": true, "to": 9, "from": 3, "vc": [12, 12, 8, 20, 17, 13, 21, 9, 11, 13], "hlc": [921745, 6]}
INFO:<Node 0>:{"send": true, "recv": false, "from": 0, "to": 9, "vc": [18, 6, 8, 17, 12, 8, 15, 15, 16, 8], "hlc": [921747, 2]}
INFO:<Node 2>:{"send": true, "recv": false, "from": 2, "to": 9, "vc": [10, 3, 15, 16, 11, 8, 18, 17, 13, 8], "hlc": [921747, 3]}
INFO:<Node 3>:{"send": true, "recv": false, "from": 3, "to": 6, "vc": [16, 12, 8, 23, 17, 10, 21, 19, 11, 9], "hlc": [921747, 4]}
INFO:<Node 4>:{"send": true, "recv": false, "from": 4, "to": 7, "vc": [12, 14, 14, 16, 24, 10, 20, 17, 13, 9], "hlc": [921747, 4]}
INFO:<Node 5>:{"send": true, "recv": false, "from": 5, "to": 2, "vc": [12, 10, 8, 10, 15, 15, 14, 9, 11, 11], "hlc": [921747, 0]}
INFO:<Node 7>:{"send": true, "recv": false, "from": 7, "to": 4, "vc": [15, 6, 8, 15, 12, 8, 18, 20, 10, 8], "hlc": [921748, 0]}
INFO:<Node 8>:{"send": true, "recv": false, "from": 8, "to": 3, "vc": [8, 3, 8, 17, 11, 8, 14, 9, 17, 5], "hlc": [921743, 14]}
INFO:<Node 2>:{"send": false, "recv": true, "to": 2, "from": 5, "vc": [12, 10, 16, 16, 15, 15, 18, 17, 13, 11], "hlc": [921747, 4]}
INFO:<Node 3>:{"send": false, "recv": true, "to": 3, "from": 8, "vc": [16, 12, 8, 24, 17, 10, 21, 19, 17, 9], "hlc": [921747, 5]}
INFO:<Node 4>:{"send": false, "recv": true, "to": 4, "from": 7, "vc": [15, 14, 14, 16, 25, 10, 20, 20, 13, 9], "hlc": [921748, 1]}
INFO:<Node 6>:{"send": false, "recv": true, "to": 6, "from": 3, "vc": [16, 12, 8, 23, 17, 10, 23, 19, 15, 9], "hlc": [921747, 5]}
INFO:<Node 7>:{"send": false, "recv": true, "to": 7, "from": 4, "vc": [15, 14, 14, 16, 24, 10, 20, 21, 13, 9], "hlc": [921748, 1]}
INFO:<Node 9>:{"send": false, "recv": true, "to": 9, "from": 0, "vc": [18, 12, 8, 20, 17, 13, 21, 15, 16, 14], "hlc": [921747, 3]}
INFO:<Node 9>:{"send": false, "recv": true, "to": 9, "from": 2, "vc": [18, 12, 15, 20, 17, 13, 21, 17, 16, 15], "hlc": [921747, 4]}
INFO:<Node 0>:{"send": true, "recv": false, "from": 0, "to": 5, "vc": [19, 6, 8, 17, 12, 8, 15, 15, 16, 8], "hlc": [921748, 0]}
INFO:<Node 1>:{"send": true, "recv": false, "from": 1, "to": 9, "vc": [12, 17, 11, 15, 21, 14, 20, 9, 11, 11], "hlc": [921746, 2]}
INFO:<Node 2>:{"send": true, "recv": false, "from": 2, "to": 5, "vc": [12, 10, 17, 16, 15, 15, 18, 17, 13, 11], "hlc": [921747, 5]}
INFO:<Node 3>:{"send": true, "recv": false, "from": 3, "to": 0, "vc": [16, 12, 8, 25, 17, 10, 21, 19, 17, 9], "hlc": [921747, 6]}
INFO:<Node 4>:{"send": true, "recv": false, "from": 4, "to": 3, "vc": [15, 14, 14, 16, 26, 10, 20, 20, 13, 9], "hlc": [921748, 2]}
INFO:<Node 6>:{"send": true, "recv": false, "from": 6, "to": 7, "vc": [16, 12, 8, 23, 17, 10, 24, 19, 15, 9], "hlc": [921747, 6]}
INFO:<Node 7>:{"send": true, "recv": false, "from": 7, "to": 2, "vc": [15, 14, 14, 16, 24, 10, 20, 22, 13, 9], "hlc": [921748, 2]}
INFO:<Node 9>:{"send": true, "recv": false, "from": 9, "to": 3, "vc": [18, 12, 15, 20, 17, 13, 21, 17, 16, 16], "hlc": [921747, 5]}
INFO:<Node 0>:{"send": false, "recv": true, "to": 0, "from": 3, "vc": [20, 12, 8, 25, 17, 10, 21, 19, 17, 9], "hlc": [921748, 1]}
INFO:<Node 2>:{"send": false, "recv": true, "to": 2, "from": 7, "vc": [15, 14, 18, 16, 24, 15, 20, 22, 13, 11], "hlc": [921748, 3]}
INFO:<Node 3>:{"send": false, "recv": true, "to": 3, "from": 4, "vc": [16, 14, 14, 26, 26, 10, 21, 20, 17, 9], "hlc": [921748, 3]}
INFO:<Node 3>:{"send": false, "recv": true, "to": 3, "from": 9, "vc": [18, 14, 15, 27, 26, 13, 21, 20, 17, 16], "hlc": [921748, 4]}
INFO:<Node 5>:{"send": false, "recv": true, "to": 5, "from": 0, "vc": [19, 10, 8, 17, 15, 16, 15, 15, 16, 11], "hlc": [921748, 1]}
INFO:<Node 5>:{"send": false, "recv": true, "to": 5, "from": 2, "vc": [19, 10, 17, 17, 15, 17, 18, 17, 16, 11], "hlc": [921748, 2]}
INFO:<Node 7>:{"send": false, "recv": true, "to": 7, "from": 6, "vc": [16, 14, 14, 23, 24, 10, 24, 23, 15, 9], "hlc": [921749, 0]}
INFO:<Node 9>:{"send": false, "recv": true, "to": 9, "from": 1, "vc": [18, 17, 15, 20, 21, 14, 21, 17, 16, 17], "hlc": [921747, 6]}
INFO:<Node 2>:{"send": true, "recv": false, "from": 2, "to": 0, "vc": [15, 14, 19, 16, 24, 15, 20, 22, 13, 11], "hlc": [921748, 4]}
INFO:<Node 3>:{"send": true, "recv": false, "from": 3, "to": 1, "vc": [18, 14, 15, 28, 26, 13, 21, 20, 17, 16], "hlc": [921748, 5]}
INFO:<Node 5>:{"send": true, "recv": false, "from": 5, "to": 8, "vc": [19, 10, 17, 17, 15, 18, 18, 17, 16, 11], "hlc": [921748, 3]}
INFO:<Node 6>:{"send": true, "recv": false, "from": 6, "to": 3, "vc": [16, 12, 8, 23, 17, 10, 25, 19, 15, 9], "hlc": [921747, 7]}
INFO:<Node 9>:{"send": true, "recv": false, "from": 9, "to": 4, "vc": [18, 17, 15, 20, 21, 14, 21, 17, 16, 18], "hlc": [921747, 7]}
INFO:<Node 0>:{"send": false, "recv": true, "to": 0, "from": 2, "vc": [21, 14, 19, 25, 24, 15, 21, 22, 17, 11], "hlc": [921749, 0]}
INFO:<Node 1>:{"send": false, "recv": true, "to": 1, "from": 3, "vc": [18, 18, 15, 28, 26, 14, 21, 20, 17, 16], "hlc": [921748, 6]}
INFO:<Node 3>:{"send": false, "recv": true, "to": 3, "from": 6, "vc": [18, 14, 15, 29, 26, 13, 25, 20, 17, 16], "hlc": [921748, 6]}
INFO:<Node 4>:{"send": false, "recv": true, "to": 4, "from": 9, "vc": [18, 17, 15, 20, 27, 14, 21, 20, 16, 18], "hlc": [921748, 3]}
INFO:<Node 8>:{"send": false, "recv": true, "to": 8, "from": 5, "vc": [19, 10, 17, 17, 15, 18, 18, 17, 18, 11], "hlc": [921748, 4]}
INFO:<Node 1>:{"send": true, "recv": false, "from": 1, "to": 0, "vc": [18, 19, 15, 28, 26, 14, 21, 20, 17, 16], "hlc": [921748, 7]}
INFO:<Node 2>:{"send": true, "recv": false, "from": 2, "to": 6, "vc": [15, 14, 20, 16, 24, 15, 20, 22, 13, 11], "hlc": [921748, 5]}
INFO:<Node 4>:{"send": true, "recv": false, "from": 4, "to": 1, "vc": [18, 17, 15, 20, 28, 14, 21, 20, 16, 18], "hlc": [921748, 4]}
INFO:<Node 5>:{"send": true, "recv": false, "from": 5, "to": 6, "vc": [19, 10, 17, 17, 15, 19, 18, 17, 16, 11], "hlc": [921748, 4]}
INFO:<Node 6>:{"send": true, "recv": false, "from": 6, "to": 5, "vc": [16, 12, 8, 23, 17, 10, 26, 19, 15, 9], "hlc": [921747, 8]}
INFO:<Node 7>:{"send": true, "recv": false, "from": 7, "to": 6, "vc": [16, 14, 14, 23, 24, 10, 24, 24, 15, 9], "hlc": [921749, 1]}
INFO:<Node 8>:{"send": true, "recv": false, "from": 8, "to": 5, "vc": [19, 10, 17, 17, 15, 18, 18, 17, 19, 11], "hlc": [921748, 5]}
INFO:<Node 0>:{"send": false, "recv": true, "to": 0, "from": 1, "vc": [22, 19, 19, 28, 26, 15, 21, 22, 17, 16], "hlc": [921749, 1]}
INFO:<Node 1>:{"send": false, "recv": true, "to": 1, "from": 4, "vc": [18, 20, 15, 28, 28, 14, 21, 20, 17, 18], "hlc": [921748, 8]}
INFO:<Node 5>:{"send": false, "recv": true, "to": 5, "from": 6, "vc": [19, 12, 17, 23, 17, 20, 26, 19, 16, 11], "hlc": [921749, 0]}
INFO:<Node 5>:{"send": false, "recv": true, "to": 5, "from": 8, "vc": [19, 12, 17, 23, 17, 21, 26, 19, 19, 11], "hlc": [921749, 1]}
INFO:<Node 6>:{"send": false, "recv": true, "to": 6, "from": 2, "vc": [16, 14, 20, 23, 24, 15, 27, 22, 15, 11], "hlc": [921748, 6]}
INFO:<Node 6>:{"send": false, "recv": true, "to": 6, "from": 5, "vc": [19, 14, 20, 23, 24, 19, 28, 22, 16, 11], "hlc": [921748, 7]}
INFO:<Node 6>:{"send": false, "recv": true, "to": 6, "from": 7, "vc": [19, 14, 20, 23, 24, 19, 29, 24, 16, 11], "hlc": [921749, 2]}
INFO:<Node 0>:{"send": true, "recv": false, "from": 0, "to": 8, "vc": [23, 19, 19, 28, 26, 15, 21, 22, 17, 16], "hlc": [921749, 2]}
INFO:<Node 2>:{"send": true, "recv": false, "from": 2, "to": 0, "vc": [15, 14, 21, 16, 24, 15, 20, 22, 13, 11], "hlc": [921748, 6]}
INFO:<Node 4>:{"send": true, "recv": false, "from": 4, "to": 6, "vc": [18, 17, 15, 20, 29, 14, 21, 20, 16, 18], "hlc": [921748, 5]}
INFO:<Node 6>:{"send": true, "recv": false, "from": 6, "to": 4, "vc": [19, 14, 20, 23, 24, 19, 30, 24, 16, 11], "hlc": [921749, 3]}
INFO:<Node 7>:{"send": true, "recv": false, "from": 7, "to": 8, "vc": [16, 14, 14, 23, 24, 10, 24, 25, 15, 9], "hlc": [921750, 0]}
INFO:<Node 8>:{"send": true, "recv": false, "from": 8, "to": 3, "vc": [19, 10, 17, 17, 15, 18, 18, 17, 20, 11], "hlc": [921748, 6]}
INFO:<Node 9>:{"send": true, "recv": false, "from": 9, "to": 0, "vc": [18, 17, 15, 20, 21, 14, 21, 17, 16, 19], "hlc": [921747, 8]}
INFO:<Node 0>:{"send": false, "recv": true, "to": 0, "from": 2, "vc": [24, 19, 21, 28, 26, 15, 21, 22, 17, 16], "hlc": [921750, 0]}
INFO:<Node 0>:{"send": false, "recv": true, "to": 0, "from": 9, "vc": [25, 19, 21, 28, 26, 15, 21, 22, 17, 19], "hlc": [921750, 1]}
INFO:<Node 3>:{"send": false, "recv": true, "to": 3, "from": 8, "vc": [19, 14, 17, 30, 26, 18, 25, 20, 20, 16], "hlc": [921748, 7]}
INFO:<Node 4>:{"send": false, "recv": true, "to": 4, "from": 6, "vc": [19, 17, 20, 23, 30, 19, 30, 24, 16, 18], "hlc": [921749, 4]}
INFO:<Node 6>:{"send": false, "recv": true, "to": 6, "from": 4, "vc": [19, 17, 20, 23, 29, 19, 31, 24, 16, 18], "hlc": [921749, 4]}
INFO:<Node 8>:{"send": false, "recv": true, "to": 8, "from": 0, "vc": [23, 19, 19, 28, 26, 18, 21, 22, 21, 16], "hlc": [921749, 3]}
INFO:<Node 8>:{"send": false, "recv": true, "to": 8, "from": 7, "vc": [23, 19, 19, 28, 26, 18, 24, 25, 22, 16], "hlc": [921750, 1]}
INFO:<Node 1>:{"send": true, "recv": false, "from": 1, "to": 6, "vc": [18, 21, 15, 28, 28, 14, 21, 20, 17, 18], "hlc": [921748, 9]}
INFO:<Node 5>:{"send": true, "recv": false, "from": 5, "to": 3, "vc": [19, 12, 17, 23, 17, 22, 26, 19, 19, 11], "hlc": [921749, 2]}
INFO:<Node 8>:{"send": true, "recv": false, "from": 8, "to": 3, "vc": [23, 19, 19, 28, 26, 18, 24, 25, 23, 16], "hlc": [921750, 2]}
INFO:<Node 3>:{"send": false, "recv": true, "to": 3, "from": 5, "vc": [19, 14, 17, 31, 26, 22, 26, 20, 20, 16], "hlc": [921749, 3]}
INFO:<Node 3>:{"send": false, "recv": true, "to": 3, "from": 8, "vc": [23, 19, 19, 32, 26, 22, 26, 25, 23, 16], "hlc": [921750, 3]}
INFO:<Node 6>:{"send": false, "recv": true, "to": 6, "from": 1, "vc": [19, 21, 20, 28, 29, 19, 32, 24, 17, 18], "hlc": [921749, 5]}
INFO:<Node 1>:{"send": true, "recv": false, "from": 1, "to": 0, "vc": [18, 22, 15, 28, 28, 14, 21, 20, 17, 18], "hlc": [921748, 10]}
INFO:<Node 4>:{"send": true, "recv": false, "from": 4, "to": 5, "vc": [19, 17, 20, 23, 31, 19, 30, 24, 16, 18], "hlc": [921749, 5]}
INFO:<Node 5>:{"send": true, "recv": false, "from": 5, "to": 9, "vc": [19, 12, 17, 23, 17, 23, 26, 19, 19, 11], "hlc": [921750, 0]}
INFO:<Node 6>:{"send": true, "recv": false, "from": 6, "to": 9, "vc": [19, 21, 20, 28, 29, 19, 33, 24, 17, 18], "hlc": [921749, 6]}
INFO:<Node 9>:{"send": true, "recv": false, "from": 9, "to": 2, "vc": [18, 17, 15, 20, 21, 14, 21, 17, 16, 20], "hlc": [921747, 9]}
INFO:<Node 0>:{"send": false, "recv": true, "to": 0, "from": 1, "vc": [26, 22, 21, 28, 28, 15, 21, 22, 17, 19], "hlc": [921751, 0]}
INFO:<Node 2>:{"send": false, "recv": true, "to": 2, "from": 9, "vc": [18, 17, 22, 20, 24, 15, 21, 22, 16, 20], "hlc": [921748, 7]}
INFO:<Node 5>:{"send": false, "recv": true, "to": 5, "from": 4, "vc": [19, 17, 20, 23, 31, 24, 30, 24, 19, 18], "hlc": [921750, 1]}
INFO:<Node 9>:{"send": false, "recv": true, "to": 9, "from": 5, "vc": [19, 17, 17, 23, 21, 23, 26, 19, 19, 21], "hlc": [921750, 1]}
INFO:<Node 9>:{"send": false, "recv": true, "to": 9, "from": 6, "vc": [19, 21, 20, 28, 29, 23, 33, 24, 19, 22], "hlc": [921750, 2]}
INFO:<Node 2>:{"send": true, "recv": false, "from": 2, "to": 3, "vc": [18, 17, 23, 20, 24, 15, 21, 22, 16, 20], "hlc": [921748, 8]}
INFO:<Node 4>:{"send": true, "recv": false, "from": 4, "to": 9, "vc": [19, 17, 20, 23, 32, 19, 30, 24, 16, 18], "hlc": [921749, 6]}
INFO:<Node 5>:{"send": true, "recv": false, "from": 5, "to": 4, "vc": [19, 17, 20, 23, 31, 25, 30, 24, 19, 18], "hlc": [921750, 2]}
INFO:<Node 7>:{"send": true, "recv": false, "from": 7, "to": 6, "vc": [16, 14, 14, 23, 24, 10, 24, 26, 15, 9], "hlc": [921751, 0]}
INFO:<Node 9>:{"send": true, "recv": false, "from": 9, "to": 5, "vc": [19, 21, 20, 28, 29, 23, 33, 24, 19, 23], "hlc": [921750, 3]}
INFO:<Node 3>:{"send": false, "recv": true, "to": 3, "from": 2, "vc": [23, 19, 23, 33, 26, 22, 26, 25, 23, 20], "hlc": [921750, 4]}
INFO:<Node 4>:{"send": false, "recv": true, "to": 4, "from": 5, "vc": [19, 17, 20, 23, 33, 25, 30, 24, 19, 18], "hlc": [921750, 3]}
INFO:<Node 5>:{"send": false, "recv": true, "to": 5, "from": 9, "vc": [19, 21, 20, 28, 31, 26, 33, 24, 19, 23], "hlc": [921751, 0]}
INFO:<Node 6>:{"send": false, "recv": true, "to": 6, "from": 7, "vc": [19, 21, 20, 28, 29, 19, 34, 26, 17, 18], "hlc": [921751, 1]}
INFO:<Node 9>:{"send": false, "recv": true, "to": 9, "from": 4, "vc": [19, 21, 20, 28, 32, 23, 33, 24, 19, 24], "hlc": [921750, 4]}
INFO:<Node 0>:{"send": true, "recv": false, "from": 0, "to": 3, "vc": [27, 22, 21, 28, 28, 15, 21, 22, 17, 19], "hlc": [921751, 1]}
INFO:<Node 1>:{"send": true, "recv": false, "from": 1, "to": 4, "vc": [18, 23, 15, 28, 28, 14, 21, 20, 17, 18], "hlc": [921748, 11]}
INFO:<Node 7>:{"send": true, "recv": false, "from": 7, "to": 0, "vc": [16, 14, 14, 23, 24, 10, 24, 27, 15, 9], "hlc": [921752, 0]}
INFO:<Node 8>:{"send": true, "recv": false, "from": 8, "to": 2, "vc": [23, 19, 19, 28, 26, 18, 24, 25, 24, 16], "hlc": [921750, 3]}
INFO:<Node 9>:{"send": true, "recv": false, "from": 9, "to": 0, "vc": [19, 21, 20, 28, 32, 23, 33, 24, 19, 25], "hlc": [921750, 5]}
INFO:<Node 0>:{"send": false, "recv": true, "to": 0, "from": 7, "vc": [28, 22, 21, 28, 28, 15, 24, 27, 17, 19], "hlc": [921752, 1]}
INFO:<Node 0>:{"send": false, "recv": true, "to": 0, "from": 9, "vc": [29, 22, 21, 28, 32, 23, 33, 27, 19, 25], "hlc": [921752, 2]}
INFO:<Node 2>:{"send": false, "recv": true, "to": 2, "from": 8, "vc": [23, 19, 24, 28, 26, 18, 24, 25, 24, 20], "hlc": [921750, 4]}
INFO:<Node 3>:{"send": false, "recv": true, "to": 3, "from": 0, "vc": [27, 22, 23, 34, 28, 22, 26, 25, 23, 20], "hlc": [921751, 2]}
INFO:<Node 4>:{"send": false, "recv": true, "to": 4, "from": 1, "vc": [19, 23, 20, 28, 34, 25, 30, 24, 19, 18], "hlc": [921750, 4]}
INFO:<Node 0>:{"send": true, "recv": false, "from": 0, "to": 6, "vc": [30, 22, 21, 28, 32, 23, 33, 27, 19, 25], "hlc": [921752, 3]}
INFO:<Node 3>:{"send": true, "recv": false, "from": 3, "to": 2, "vc": [27, 22, 23, 35, 28, 22, 26, 25, 23, 20], "hlc": [921751, 3]}
INFO:<Node 4>:{"send": true, "recv": false, "from": 4, "to": 8, "vc": [19, 23, 20, 28, 35, 25, 30, 24, 19, 18], "hlc": [921750, 5]}
INFO:<Node 6>:{"send": true, "recv": false, "from": 6, "to": 5, "vc": [19, 21, 20, 28, 29, 19, 35, 26, 17, 18], "hlc": [921751, 2]}
INFO:<Node 7>:{"send": true, "recv": false, "from": 7, "to": 6, "vc": [16, 14, 14, 23, 24, 10, 24, 28, 15, 9], "hlc": [921752, 1]}
INFO:<Node 9>:{"send": true, "recv": false, "from": 9, "to": 4, "vc": [19, 21, 20, 28, 32, 23, 33, 24, 19, 26], "hlc": [921750, 6]}
INFO:<Node 2>:{"send": false, "recv": true, "to": 2, "from": 3, "vc": [27, 22, 25, 35, 28, 22, 26, 25, 24, 20], "hlc": [921751, 4]}
INFO:<Node 4>:{"send": false, "recv": true, "to": 4, "from": 9, "vc": [19, 23, 20, 28, 36, 25, 33, 24, 19, 26], "hlc": [921750, 7]}
INFO:<Node 5>:{"send": false, "recv": true, "to": 5, "from": 6, "vc": [19, 21, 20, 28, 31, 27, 35, 26, 19, 23], "hlc": [921752, 0]}
INFO:<Node 6>:{"send": false, "recv": true, "to": 6, "from": 0, "vc": [30, 22, 21, 28, 32, 23, 36, 27, 19, 25], "hlc": [921752, 4]}
INFO:<Node 6>:{"send": false, "recv": true, "to": 6, "from": 7, "vc": [30, 22, 21, 28, 32, 23, 37, 28, 19, 25], "hlc": [921752, 5]}
INFO:<Node 8>:{"send": false, "recv": true, "to": 8, "from": 4, "vc": [23, 23, 20, 28, 35, 25, 30, 25, 25, 18], "hlc": [921750, 6]}
INFO:<Node 2>:{"send": true, "recv": false, "from": 2, "to": 0, "vc": [27, 22, 26, 35, 28, 22, 26, 25, 24, 20], "hlc": [921751, 5]}
INFO:<Node 5>:{"send": true, "recv": false, "from": 5, "to": 2, "vc": [19, 21, 20, 28, 31, 28, 35, 26, 19, 23], "hlc": [921752, 1]}
INFO:<Node 6>:{"send": true, "recv": false, "from": 6, "to": 1, "vc": [30, 22, 21, 28, 32, 23, 38, 28, 19, 25], "hlc": [921752, 6]}
INFO:<Node 7>:{"send": true, "recv": false, "from": 7, "to": 1, "vc": [16, 14, 14, 23, 24, 10, 24, 29, 15, 9], "hlc": [921753, 0]}
INFO:<Node 9>:{"send": true, "recv": false, "from": 9, "to": 3, "vc": [19, 21, 20, 28, 32, 23, 33, 24, 19, 27], "hlc": [921750, 7]}
INFO:<Node 0>:{"send": false, "recv": true, "to": 0, "from": 2, "vc": [31, 22, 26, 35, 32, 23, 33, 27, 24, 25], "hlc": [921753, 0]}
INFO:<Node 1>:{"send": false, "recv": true, "to": 1, "from": 6, "vc": [30, 24, 21, 28, 32, 23, 38, 28, 19, 25], "hlc": [921752, 7]}
INFO:<Node 1>:{"send": false, "recv": true, "to": 1, "from": 7, "vc": [30, 25, 21, 28, 32, 23, 38, 29, 19, 25], "hlc": [921753, 1]}
INFO:<Node 2>:{"send": false, "recv": true, "to": 2, "from": 5, "vc": [27, 22, 27, 35, 31, 28, 35, 26, 24, 23], "hlc": [921752, 2]}
INFO:<Node 3>:{"send": false, "recv": true, "to": 3, "from": 9, "vc": [27, 22, 23, 36, 32, 23, 33, 25, 23, 27], "hlc": [921751, 4]}
INFO:<Node 0>:{"send": true, "recv": false, "from": 0, "to": 5, "vc": [32, 22, 26, 35, 32, 23, 33, 27, 24, 25], "hlc": [921753, 1]}
INFO:<Node 1>:{"send": true, "recv": false, "from": 1, "to": 6, "vc": [30, 26, 21, 28, 32, 23, 38, 29, 19, 25], "hlc": [921753, 2]}
INFO:<Node 2>:{"send": true, "recv": false, "from": 2, "to": 0, "vc": [27, 22, 28, 35, 31, 28, 35, 26, 24, 23], "hlc": [921752, 3]}
INFO:<Node 5>:{"send": true, "recv": false, "from": 5, "to": 4, "vc": [19, 21, 20, 28, 31, 29, 35, 26, 19, 23], "hlc": [921752, 2]}
INFO:<Node 6>:{"send": true, "recv": false, "from": 6, "to": 7, "vc": [30, 22, 21, 28, 32, 23, 39, 28, 19, 25], "hlc": [921752, 7]}
INFO:<Node 7>:{"send": true, "recv": false, "from": 7, "to": 2, "vc": [16, 14, 14, 23, 24, 10, 24, 30, 15, 9], "hlc": [921753, 1]}
INFO:<Node 8>:{"send": true, "recv": false, "from": 8, "to": 2, "vc": [23, 23, 20, 28, 35, 25, 30, 25, 26, 18], "hlc": [921750, 7]}
INFO:<Node 0>:{"send": false, "recv": true, "to": 0, "from": 2, "vc": [33, 22, 28, 35, 32, 28, 35, 27, 24, 25], "hlc": [921753, 2]}
INFO:<Node 2>:{"send": false, "recv": true, "to": 2, "from": 7, "vc": [27, 22, 29, 35, 31, 28, 35, 30, 24, 23], "hlc": [921753, 2]}
INFO:<Node 2>:{"send": false, "recv": true, "to": 2, "from": 8, "vc": [27, 23, 30, 35, 35, 28, 35, 30, 26, 23], "hlc": [921753, 3]}
INFO:<Node 4>:{"send": false, "recv": true, "to": 4, "from": 5, "vc": [19, 23, 20, 28, 37, 29, 35, 26, 19, 26], "hlc": [921752, 3]}
INFO:<Node 5>:{"send": false, "recv": true, "to": 5, "from": 0, "vc": [32, 22, 26, 35, 32, 30, 35, 27, 24, 25], "hlc": [921753, 2]}
INFO:<Node 6>:{"send": false, "recv": true, "to": 6, "from": 1, "vc": [30, 26, 21, 28, 32, 23, 40, 29, 19, 25], "hlc": [921753, 3]}
INFO:<Node 7>:{"send": false, "recv": true, "to": 7, "from": 6, "vc": [30, 22, 21, 28, 32, 23, 39, 31, 19, 25], "hlc": [921754, 0]}
INFO:<Node 2>:{"send": true, "recv": false, "from": 2, "to": 1, "vc": [27, 23, 31, 35, 35, 28, 35, 30, 26, 23], "hlc": [921753, 4]}
INFO:<Node 3>:{"send": true, "recv": false, "from": 3, "to": 7, "vc": [27, 22, 23, 37, 32, 23, 33, 25, 23, 27], "hlc": [921751, 5]}
INFO:<Node 4>:{"send": true, "recv": false, "from": 4, "to": 6, "vc": [19, 23, 20, 28, 38, 29, 35, 26, 19, 26], "hlc": [921752, 4]}
INFO:<Node 5>:{"send": true, "recv": false, "from": 5, "to": 4, "vc": [32, 22, 26, 35, 32, 31, 35, 27, 24, 25], "hlc": [921753, 3]}
INFO:<Node 6>:{"send": true, "recv": false, "from": 6, "to": 1, "vc": [30, 26, 21, 28, 32, 23, 41, 29, 19, 25], "hlc": [921753, 4]}
INFO:<Node 9>:{"send": true, "recv": false, "from": 9, "to": 2, "vc": [19, 21, 20, 28, 32, 23, 33, 24, 19, 28], "hlc": [921750, 8]}
INFO:<Node 1>:{"send": false, "recv": true, "to": 1, "from": 2, "vc": [30, 27, 31, 35, 35, 28, 38, 30, 26, 25], "hlc": [921753, 5]}
INFO:<Node 1>:{"send": false, "recv": true, "to": 1, "from": 6, "vc": [30, 28, 31, 35, 35, 28, 41, 30, 26, 25], "hlc": [921753, 6]}
INFO:<Node 2>:{"send": false, "recv": true, "to": 2, "from": 9, "vc": [27, 23, 32, 35, 35, 28, 35, 30, 26, 28], "hlc": [921753, 5]}
INFO:<Node 4>:{"send": false, "recv": true, "to": 4, "from": 5, "vc": [32, 23, 26, 35, 39, 31, 35, 27, 24, 26], "hlc": [921753, 4]}
INFO:<Node 6>:{"send": false, "recv": true, "to": 6, "from": 4, "vc": [30, 26, 21, 28, 38, 29, 42, 29, 19, 26], "hlc": [921753, 5]}
INFO:<Node 7>:{"send": false, "recv": true, "to": 7, "from": 3, "vc": [30, 22, 23, 37, 32, 23, 39, 32, 23, 27], "hlc": [921754, 1]}
INFO:<Node 0>:{"send": true, "recv": false, "from": 0, "to": 5, "vc": [34, 22, 28, 35, 32, 28, 35, 27, 24, 25], "hlc": [921754, 0]}
INFO:<Node 1>:{"send": true, "recv": false, "from": 1, "to": 3, "vc": [30, 29, 31, 35, 35, 28, 41, 30, 26, 25], "hlc": [921753, 7]}
INFO:<Node 2>:{"send": true, "recv": false, "from": 2, "to": 7, "vc": [27, 23, 33, 35, 35, 28, 35, 30, 26, 28], "hlc": [921753, 6]}
INFO:<Node 3>:{"send": true, "recv": false, "from": 3, "to": 4, "vc": [27, 22, 23, 38, 32, 23, 33, 25, 23, 27], "hlc": [921751, 6]}
INFO:<Node 5>:{"send": true, "recv": false, "from": 5, "to": 8, "vc": [32, 22, 26, 35, 32, 32, 35, 27, 24, 25], "hlc": [921753, 4]}
INFO:<Node 6>:{"send": true, "recv": false, "from": 6, "to": 9, "vc": [30, 26, 21, 28, 38, 29, 43, 29, 19, 26], "hlc": [921753, 6]}
INFO:<Node 7>:{"send": true, "recv": false, "from": 7, "to": 0, "vc": [30, 22, 23, 37, 32, 23, 39, 33, 23, 27], "hlc": [921754, 2]}
INFO:<Node 8>:{"send": true, "recv": false, "from": 8, "to": 9, "vc": [23, 23, 20, 28, 35, 25, 30, 25, 27, 18], "hlc": [921750, 8]}
INFO:<Node 9>:{"send": true, "recv": false, "from": 9, "to": 1, "vc": [19, 21, 20, 28, 32, 23, 33, 24, 19, 29], "hlc": [921750, 9]}
INFO:<Node 0>:{"send": false, "recv": true, "to": 0, "from": 7, "vc": [35, 22, 28, 37, 32, 28, 39, 33, 24, 27], "hlc": [921754, 3]}
INFO:<Node 1>:{"send": false, "recv": true, "to": 1, "from": 9, "vc": [30, 30, 31, 35, 35, 28, 41, 30, 26, 29], "hlc": [921753, 8]}
INFO:<Node 3>:{"send": false, "recv": true, "to": 3, "from": 1, "vc": [30, 29, 31, 39, 35, 28, 41, 30, 26, 27], "hlc": [921753, 8]}
INFO:<Node 4>:{"send": false, "recv": true, "to": 4, "from": 3, "vc": [32, 23, 26, 38, 40, 31, 35, 27, 24, 27], "hlc": [921753, 5]}
INFO:<Node 5>:{"send": false, "recv": true, "to": 5, "from": 0, "vc": [34, 22, 28, 35, 32, 33, 35, 27, 24, 25], "hlc": [921754, 1]}
INFO:<Node 7>:{"send": false, "recv": true, "to": 7, "from": 2, "vc": [30, 23, 33, 37, 35, 28, 39, 34, 26, 28], "hlc": [921755, 0]}
INFO:<Node 8>:{"send": false, "recv": true, "to": 8, "from": 5, "vc": [32, 23, 26, 35, 35, 32, 35, 27, 28, 25], "hlc": [921753, 5]}
INFO:<Node 9>:{"send": false, "recv": true, "to": 9, "from": 6, "vc": [30, 26, 21, 28, 38, 29, 43, 29, 19, 30], "hlc": [921753, 7]}
INFO:<Node 9>:{"send": false, "recv": true, "to": 9, "from": 8, "vc": [30, 26, 21, 28, 38, 29, 43, 29, 27, 31], "hlc": [921753, 8]}
INFO:<Node 0>:{"send": true, "recv": false, "from": 0, "to": 8, "vc": [36, 22, 28, 37, 32, 28, 39, 33, 24, 27], "hlc": [921754, 4]}
INFO:<Node 2>:{"send": true, "recv": false, "from": 2, "to": 8, "vc": [27, 23, 34, 35, 35, 28, 35, 30, 26, 28], "hlc": [921753, 7]}
INFO:<Node 3>:{"send": true, "recv": false, "from": 3, "to": 6, "vc": [30, 29, 31, 40, 35, 28, 41, 30, 26, 27], "hlc": [921753, 9]}
INFO:<Node 5>:{"send": true, "recv": false, "from": 5, "to": 0, "vc": [34, 22, 28, 35, 32, 34, 35, 27, 24, 25], "hlc": [921754, 2]}
INFO:<Node 6>:{"send": true, "recv": false, "from": 6, "to": 9, "vc": [30, 26, 21, 28, 38, 29, 44, 29, 19, 26], "hlc": [921753, 7]}
INFO:<Node 8>:{"send": true, "recv": false, "from": 8, "to": 2, "vc": [32, 23, 26, 35, 35, 32, 35, 27, 29, 25], "hlc": [921753, 6]}
INFO:<Node 9>:{"send": true, "recv": false, "from": 9, "to": 0, "vc": [30, 26, 21, 28, 38, 29, 43, 29, 27, 32], "hlc": [921753, 9]}
INFO:<Node 0>:{"send": false, "recv": true, "to": 0, "from": 5, "vc": [37, 22, 28, 37, 32, 34, 39, 33, 24, 27], "hlc": [921755, 0]}
INFO:<Node 0>:{"send": false, "recv": true, "to": 0, "from": 9, "vc": [38, 26, 28, 37, 38, 34, 43, 33, 27, 32], "hlc": [921755, 1]}
INFO:<Node 2>:{"send": false, "recv": true, "to": 2, "from": 8, "vc": [32, 23, 35, 35, 35, 32, 35, 30, 29, 28], "hlc": [921753, 8]}
INFO:<Node 6>:{"send": false, "recv": true, "to": 6, "from": 3, "vc": [30, 29, 31, 40, 38, 29, 45, 30, 26, 27], "hlc": [921753, 10]}
INFO:<Node 8>:{"send": false, "recv": true, "to": 8, "from": 0, "vc": [36, 23, 28, 37, 35, 32, 39, 33, 30, 27], "hlc": [921754, 5]}
INFO:<Node 8>:{"send": false, "recv": true, "to": 8, "from": 2, "vc": [36, 23, 34, 37, 35, 32, 39, 33, 31, 28], "hlc": [921754, 6]}
INFO:<Node 9>:{"send": false, "recv": true, "to": 9, "from": 6, "vc": [30, 26, 21, 28, 38, 29, 44, 29, 27, 33], "hlc": [921753, 10]}
INFO:<Node 0>:{"send": true, "recv": false, "from": 0, "to": 6, "vc": [39, 26, 28, 37, 38, 34, 43, 33, 27, 32], "hlc": [921755, 2]}
INFO:<Node 3>:{"send": true, "recv": false, "from": 3, "to": 7, "vc": [30, 29, 31, 41, 35, 28, 41, 30, 26, 27], "hlc": [921753, 10]}
INFO:<Node 6>:{"send": true, "recv": false, "from": 6, "to": 8, "vc": [30, 29, 31, 40, 38, 29, 46, 30, 26, 27], "hlc": [921753, 11]}
INFO:<Node 8>:{"send": true, "recv": false, "from": 8, "to": 1, "vc": [36, 23, 34, 37, 35, 32, 39, 33, 32, 28], "hlc": [921754, 7]}
INFO:<Node 1>:{"send": false, "recv": true, "to": 1, "from": 8, "vc": [36, 31, 34, 37, 35, 32, 41, 33, 32, 29], "hlc": [921754, 8]}
INFO:<Node 6>:{"send": false, "recv": true, "to": 6, "from": 0, "vc": [39, 29, 31, 40, 38, 34, 47, 33, 27, 32], "hlc": [921755, 3]}
INFO:<Node 7>:{"send": false, "recv": true, "to": 7, "from": 3, "vc": [30, 29, 33, 41, 35, 28, 41, 35, 26, 28], "hlc": [921756, 0]}
INFO:<Node 8>:{"send": false, "recv": true, "to": 8, "from": 6, "vc": [36, 29, 34, 40, 38, 32, 46, 33, 33, 28], "hlc": [921754, 8]}
INFO:<Node 1>:{"send": true, "recv": false, "from": 1, "to": 3, "vc": [36, 32, 34, 37, 35, 32, 41, 33, 32, 29], "hlc": [921754, 9]}
INFO:<Node 2>:{"send": true, "recv": false, "from": 2, "to": 4, "vc": [32, 23, 36, 35, 35, 32, 35, 30, 29, 28], "hlc": [921753, 9]}
INFO:<Node 3>:{"send": true, "recv": false, "from": 3, "to": 9, "vc": [30, 29, 31, 42, 35, 28, 41, 30, 26, 27], "hlc": [921753, 11]}
INFO:<Node 4>:{"send": true, "recv": false, "from": 4, "to": 5, "vc": [32, 23, 26, 38, 41, 31, 35, 27, 24, 27], "hlc": [921753, 6]}
INFO:<Node 6>:{"send": true, "recv": false, "from": 6, "to": 7, "vc": [39, 29, 31, 40, 38, 34, 48, 33, 27, 32], "hlc": [921755, 4]}
INFO:<Node 7>:{"send": true, "recv": false, "from": 7, "to": 0, "vc": [30, 29, 33, 41, 35, 28, 41, 36, 26, 28], "hlc": [921756, 1]}
INFO:<Node 8>:{"send": true, "recv": false, "from": 8, "to": 3, "vc": [36, 29, 34, 40, 38, 32, 46, 33, 34, 28], "hlc": [921754, 9]}
INFO:<Node 9>:{"send": true, "recv": false, "from": 9, "to": 2, "vc": [30, 26, 21, 28, 38, 29, 44, 29, 27, 34], "hlc": [921753, 11]}
INFO:<Node 0>:{"send": false, "recv": true, "to": 0, "from": 7, "vc": [40, 29, 33, 41, 38, 34, 43, 36, 27, 32], "hlc": [921756, 2]}
INFO:<Node 2>:{"send": false, "recv": true, "to": 2, "from": 9, "vc": [32, 26, 37, 35, 38, 32, 44, 30, 29, 34], "hlc": [921753, 12]}
INFO:<Node 3>:{"send": false, "recv": true, "to": 3, "from": 1, "vc": [36, 32, 34, 43, 35, 32, 41, 33, 32, 29], "hlc": [921754, 10]}
INFO:<Node 3>:{"send": false, "recv": true, "to": 3, "from": 8, "vc": [36, 32, 34, 44, 38, 32, 46, 33, 34, 29], "hlc": [921754, 11]}
INFO:<Node 4>:{"send": false, "recv": true, "to": 4, "from": 2, "vc": [32, 23, 36, 38, 42, 32, 35, 30, 29, 28], "hlc": [921753, 10]}
INFO:<Node 5>:{"send": false, "recv": true, "to": 5, "from": 4, "vc": [34, 23, 28, 38, 41, 35, 35, 27, 24, 27], "hlc": [921755, 0]}
INFO:<Node 7>:{"send": false, "recv": true, "to": 7, "from": 6, "vc": [39, 29, 33, 41, 38, 34, 48, 37, 27, 32], "hlc": [921756, 2]}
INFO:<Node 9>:{"send": false, "recv": true, "to": 9, "from": 3, "vc": [30, 29, 31, 42, 38, 29, 44, 30, 27, 35], "hlc": [921753, 12]}
INFO:<Node 1>:{"send": true, "recv": false, "from": 1, "to": 5, "vc": [36, 33, 34, 37, 35, 32, 41, 33, 32, 29], "hlc": [921754, 10]}
INFO:<Node 2>:{"send": true, "recv": false, "from": 2, "to": 0, "vc": [32, 26, 38, 35, 38, 32, 44, 30, 29, 34], "hlc": [921753, 13]}
INFO:<Node 5>:{"send": true, "recv": false, "from": 5, "to": 9, "vc": [34, 23, 28, 38, 41, 36, 35, 27, 24, 27], "hlc": [921755, 1]}
INFO:<Node 6>:{"send": true, "recv": false, "from": 6, "to": 4, "vc": [39, 29, 31, 40, 38, 34, 49, 33, 27, 32], "hlc": [921755, 5]}
INFO:<Node 7>:{"send": true, "recv": false, "from": 7, "to": 1, "vc": [39, 29, 33, 41, 38, 34, 48, 38, 27, 32], "hlc": [921756, 3]}
INFO:<Node 8>:{"send": true, "recv": false, "from": 8, "to": 5, "vc": [36, 29, 34, 40, 38, 32, 46, 33, 35, 28], "hlc": [921754, 10]}
INFO:<Node 0>:{"send": false, "recv": true, "to": 0, "from": 2, "vc": [41, 29, 38, 41, 38, 34, 44, 36, 29, 34], "hlc": [921756, 3]}
INFO:<Node 1>:{"send": false, "recv": true, "to": 1, "from": 7, "vc": [39, 34, 34, 41, 38, 34, 48, 38, 32, 32], "hlc": [921756, 4]}
INFO:<Node 4>:{"send": false, "recv": true, "to": 4, "from": 6, "vc": [39, 29, 36, 40, 43, 34, 49, 33, 29, 32], "hlc": [921755, 6]}
INFO:<Node 5>:{"send": false, "recv": true, "to": 5, "from": 1, "vc": [36, 33, 34, 38, 41, 37, 41, 33, 32, 29], "hlc": [921756, 0]}
INFO:<Node 5>:{"send": false, "recv": true, "to": 5, "from": 8, "vc": [36, 33, 34, 40, 41, 38, 46, 33, 35, 29], "hlc": [921756, 1]}
INFO:<Node 9>:{"send": false, "recv": true, "to": 9, "from": 5, "vc": [34, 29, 31, 42, 41, 36, 44, 30, 27, 36], "hlc": [921755, 2]}
INFO:<Node 0>:{"send": true, "recv": false, "from": 0, "to": 1, "vc": [42, 29, 38, 41, 38, 34, 44, 36, 29, 34], "hlc": [921756, 4]}
INFO:<Node 3>:{"send": true, "recv": false, "from": 3, "to": 8, "vc": [36, 32, 34, 45, 38, 32, 46, 33, 34, 29], "hlc": [921754, 12]}
INFO:<Node 4>:{"send": true, "recv": false, "from": 4, "to": 2, "vc": [39, 29, 36, 40, 44, 34, 49, 33, 29, 32], "hlc": [921755, 7]}
INFO:<Node 5>:{"send": true, "recv": false, "from": 5, "to": 6, "vc": [36, 33, 34, 40, 41, 39, 46, 33, 35, 29], "hlc": [921756, 2]}
INFO:<Node 9>:{"send": true, "recv": false, "from": 9, "to": 0, "vc": [34, 29, 31, 42, 41, 36, 44, 30, 27, 37], "hlc": [921755, 3]}
INFO:<Node 0>:{"send": false, "recv": true, "to": 0, "from": 9, "vc": [43, 29, 38, 42, 41, 36, 44, 36, 29, 37], "hlc": [921757, 0]}
INFO:<Node 1>:{"send": false, "recv": true, "to": 1, "from": 0, "vc": [42, 35, 38, 41, 38, 34, 48, 38, 32, 34], "hlc": [921756, 5]}
INFO:<Node 2>:{"send": false, "recv": true, "to": 2, "from": 4, "vc": [39, 29, 39, 40, 44, 34, 49, 33, 29, 34], "hlc": [921755, 8]}
INFO:<Node 6>:{"send": false, "recv": true, "to": 6, "from": 5, "vc": [39, 33, 34, 40, 41, 39, 50, 33, 35, 32], "hlc": [921756, 3]}
INFO:<Node 8>:{"send": false, "recv": true, "to": 8, "from": 3, "vc": [36, 32, 34, 45, 38, 32, 46, 33, 36, 29], "hlc": [921754, 13]}
INFO:<Node 2>:{"send": true, "recv": false, "from": 2, "to": 3, "vc": [39, 29, 40, 40, 44, 34, 49, 33, 29, 34], "hlc": [921755, 9]}
INFO:<Node 3>:{"send": true, "recv": false, "from": 3, "to": 1, "vc": [36, 32, 34, 46, 38, 32, 46, 33, 34, 29], "hlc": [921754, 13]}
INFO:<Node 7>:{"send": true, "recv": false, "from": 7, "to": 4, "vc": [39, 29, 33, 41, 38, 34, 48, 39, 27, 32], "hlc": [921757, 0]}
INFO:<Node 9>:{"send": true, "recv": false, "from": 9, "to": 4, "vc": [34, 29, 31, 42, 41, 36, 44, 30, 27, 38], "hlc": [921755, 4]}
INFO:<Node 1>:{"send": false, "recv": true, "to": 1, "from": 3, "vc": [42, 36, 38, 46, 38, 34, 48, 38, 34, 34], "hlc": [921756, 6]}
INFO:<Node 3>:{"send": false, "recv": true, "to": 3, "from": 2, "vc": [39, 32, 40, 47, 44, 34, 49, 33, 34, 34], "hlc": [921755, 10]}
INFO:<Node 4>:{"send": false, "recv": true, "to": 4, "from": 7, "vc": [39, 29, 36, 41, 45, 34, 49, 39, 29, 32], "hlc": [921757, 1]}
INFO:<Node 4>:{"send": false, "recv": true, "to": 4, "from": 9, "vc": [39, 29, 36, 42, 46, 36, 49, 39, 29, 38], "hlc": [921757, 2]}
INFO:<Node 1>:{"send": true, "recv": false, "from": 1, "to": 8, "vc": [42, 37, 38, 46, 38, 34, 48, 38, 34, 34], "hlc": [921756, 7]}
INFO:<Node 6>:{"send": true, "recv": false, "from": 6, "to": 3, "vc": [39, 33, 34, 40, 41, 39, 51, 33, 35, 32], "hlc": [921756, 4]}
INFO:<Node 7>:{"send": true, "recv": false, "from": 7, "to": 9, "vc": [39, 29, 33, 41, 38, 34, 48, 40, 27, 32], "hlc": [921758, 0]}
INFO:<Node 8>:{"send": true, "recv": false, "from": 8, "to": 4, "vc": [36, 32, 34, 45, 38, 32, 46, 33, 37, 29], "hlc": [921754, 14]}
INFO:<Node 9>:{"send": true, "recv": false, "from": 9, "to": 8, "vc": [34, 29, 31, 42, 41, 36, 44, 30, 27, 39], "hlc": [921755, 5]}
INFO:<Node 3>:{"send": false, "recv": true, "to": 3, "from": 6, "vc": [39, 33, 40, 48, 44, 39, 51, 33, 35, 34], "hlc": [921756, 5]}
INFO:<Node 4>:{"send": false, "recv": true, "to": 4, "from": 8, "vc": [39, 32, 36, 45, 47, 36, 49, 39, 37, 38], "hlc": [921757, 3]}
INFO:<Node 8>:{"send": false, "recv": true, "to": 8, "from": 1, "vc": [42, 37, 38, 46, 38, 34, 48, 38, 38, 34], "hlc": [921756, 8]}
INFO:<Node 8>:{"send": false, "recv": true, "to": 8, "from": 9, "vc": [42, 37, 38, 46, 41, 36, 48, 38, 39, 39], "hlc": [921756, 9]}
INFO:<Node 9>:{"send": false, "recv": true, "to": 9, "from": 7, "vc": [39, 29, 33, 42, 41, 36, 48, 40, 27, 40], "hlc": [921758, 1]}
INFO:<Node 0>:{"send": true, "recv": false, "from": 0, "to": 5, "vc": [44, 29, 38, 42, 41, 36, 44, 36, 29, 37], "hlc": [921758, 0]}
INFO:<Node 4>:{"send": true, "recv": false, "from": 4, "to": 1, "vc": [39, 32, 36, 45, 48, 36, 49, 39, 37, 38], "hlc": [921757, 4]}
INFO:<Node 5>:{"send": true, "recv": false, "from": 5, "to": 6, "vc": [36, 33, 34, 40, 41, 40, 46, 33, 35, 29], "hlc": [921757, 0]}
INFO:<Node 9>:{"send": true, "recv": false, "from": 9, "to": 8, "vc": [39, 29, 33, 42, 41, 36, 48, 40, 27, 41], "hlc": [921758, 2]}
INFO:<Node 1>:{"send": false, "recv": true, "to": 1, "from": 4, "vc": [42, 38, 38, 46, 48, 36, 49, 39, 37, 38], "hlc": [921757, 5]}
INFO:<Node 5>:{"send": false, "recv": true, "to": 5, "from": 0, "vc": [44, 33, 38, 42, 41, 41, 46, 36, 35, 37], "hlc": [921758, 1]}
INFO:<Node 6>:{"send": false, "recv": true, "to": 6, "from": 5, "vc": [39, 33, 34, 40, 41, 40, 52, 33, 35, 32], "hlc": [921757, 1]}
INFO:<Node 8>:{"send": false, "recv": true, "to": 8, "from": 9, "vc": [42, 37, 38, 46, 41, 36, 48, 40, 40, 41], "hlc": [921758, 3]}
INFO:<Node 0>:{"send": true, "recv": false, "from": 0, "to": 7, "vc": [45, 29, 38, 42, 41, 36, 44, 36, 29, 37], "hlc": [921758, 1]}
INFO:<Node 4>:{"send": true, "recv": false, "from": 4, "to": 6, "vc": [39, 32, 36, 45, 49, 36, 49, 39, 37, 38], "hlc": [921757, 5]}
INFO:<Node 5>:{"send": true, "recv": false, "from": 5, "to": 0, "vc": [44, 33, 38, 42, 41, 42, 46, 36, 35, 37], "hlc": [921758, 2]}
INFO:<Node 6>:{"send": true, "recv": false, "from": 6, "to": 4, "vc": [39, 33, 34, 40, 41, 40, 53, 33, 35, 32], "hlc": [921757, 2]}
INFO:<Node 7>:{"send": true, "recv": false, "from": 7, "to": 5, "vc": [39, 29, 33, 41, 38, 34, 48, 41, 27, 32], "hlc": [921759, 0]}
INFO:<Node 8>:{"send": true, "recv": false, "from": 8, "to": 0, "vc": [42, 37, 38, 46, 41, 36, 48, 40, 41, 41], "hlc": [921758, 4]}
INFO:<Node 9>:{"send": true, "recv": false, "from": 9, "to": 0, "vc": [39, 29, 33, 42, 41, 36, 48, 40, 27, 42], "hlc": [921758, 3]}
INFO:<Node 0>:{"send": false, "recv": true, "to": 0, "from": 5, "vc": [46, 33, 38, 42, 41, 42, 46, 36, 35, 37], "hlc": [921759, 0]}
INFO:<Node 0>:{"send": false, "recv": true, "to": 0, "from": 8, "vc": [47, 37, 38, 46, 41, 42, 48, 40, 41, 41], "hlc": [921759, 1]}
INFO:<Node 0>:{"send": false, "recv": true, "to": 0, "from": 9, "vc": [48, 37, 38, 46, 41, 42, 48, 40, 41, 42], "hlc": [921759, 2]}
INFO:<Node 4>:{"send": false, "recv": true, "to": 4, "from": 6, "vc": [39, 33, 36, 45, 50, 40, 53, 39, 37, 38], "hlc": [921757, 6]}
INFO:<Node 5>:{"send": false, "recv": true, "to": 5, "from": 7, "vc": [44, 33, 38, 42, 41, 43, 48, 41, 35, 37], "hlc": [921759, 1]}
INFO:<Node 6>:{"send": false, "recv": true, "to": 6, "from": 4, "vc": [39, 33, 36, 45, 49, 40, 54, 39, 37, 38], "hlc": [921757, 6]}
INFO:<Node 7>:{"send": false, "recv": true, "to": 7, "from": 0, "vc": [45, 29, 38, 42, 41, 36, 48, 42, 29, 37], "hlc": [921759, 1]}
INFO:<Node 0>:{"send": true, "recv": false, "from": 0, "to": 1, "vc": [49, 37, 38, 46, 41, 42, 48, 40, 41, 42], "hlc": [921759, 3]}
INFO:<Node 1>:{"send": true, "recv": false, "from": 1, "to": 8, "vc": [42, 39, 38, 46, 48, 36, 49, 39, 37, 38], "hlc": [921757, 6]}
INFO:<Node 2>:{"send": true, "recv": false, "from": 2, "to": 8, "vc": [39, 29, 41, 40, 44, 34, 49, 33, 29, 34], "hlc": [921755, 10]}
INFO:<Node 4>:{"send": true, "recv": false, "from": 4, "to": 1, "vc": [39, 33, 36, 45, 51, 40, 53, 39, 37, 38], "hlc": [921757, 7]}
INFO:<Node 5>:{"send": true, "recv": false, "from": 5, "to": 8, "vc": [44, 33, 38, 42, 41, 44, 48, 41, 35, 37], "hlc": [921759, 2]}
INFO:<Node 9>:{"send": true, "recv": false, "from": 9, "to": 5, "vc": [39, 29, 33, 42, 41, 36, 48, 40, 27, 43], "hlc": [921758, 4]}
INFO:<Node 1>:{"send": false, "recv": true, "to": 1, "from": 0, "vc": [49, 40, 38, 46, 48, 42, 49, 40, 41, 42], "hlc": [921759, 4]}
INFO:<Node 1>:{"send": false, "recv": true, "to": 1, "from": 4, "vc": [49, 41, 38, 46, 51, 42, 53, 40, 41, 42], "hlc": [921759, 5]}
INFO:<Node 5>:{"send": false, "recv": true, "to": 5, "from": 9, "vc": [44, 33, 38, 42, 41, 45, 48, 41, 35, 43], "hlc": [921759, 3]}
INFO:<Node 8>:{"send": false, "recv": true, "to": 8, "from": 1, "vc": [42, 39, 38, 46, 48, 36, 49, 40, 42, 41], "hlc": [921758, 5]}
INFO:<Node 8>:{"send": false, "recv": true, "to": 8, "from": 2, "vc": [42, 39, 41, 46, 48, 36, 49, 40, 43, 41], "hlc": [921758, 6]}
INFO:<Node 8>:{"send": false, "recv": true, "to": 8, "from": 5, "vc": [44, 39, 41, 46, 48, 44, 49, 41, 44, 41], "hlc": [921759, 3]}
INFO:<Node 2>:{"send": true, "recv": false, "from": 2, "to": 5, "vc": [39, 29, 42, 40, 44, 34, 49, 33, 29, 34], "hlc": [921755, 11]}
INFO:<Node 5>:{"send": true, "recv": false, "from": 5, "to": 7, "vc": [44, 33, 38, 42, 41, 46, 48, 41, 35, 43], "hlc": [921759, 4]}
INFO:<Node 6>:{"send": true, "recv": false, "from": 6, "to": 9, "vc": [39, 33, 36, 45, 49, 40, 55, 39, 37, 38], "hlc": [921757, 7]}
INFO:<Node 7>:{"send": true, "recv": false, "from": 7, "to": 9, "vc": [45, 29, 38, 42, 41, 36, 48, 43, 29, 37], "hlc": [921760, 0]}
INFO:<Node 8>:{"send": true, "recv": false, "from": 8, "to": 4, "vc": [44, 39, 41, 46, 48, 44, 49, 41, 45, 41], "hlc": [921759, 4]}
INFO:<Node 9>:{"send": true, "recv": false, "from": 9, "to": 3, "vc": [39, 29, 33, 42, 41, 36, 48, 40, 27, 44], "hlc": [921758, 5]}
INFO:<Node 3>:{"send": false, "recv": true, "to": 3, "from": 9, "vc": [39, 33, 40, 49, 44, 39, 51, 40, 35, 44], "hlc": [921758, 6]}
INFO:<Node 4>:{"send": false, "recv": true, "to": 4, "from": 8, "vc": [44, 39, 41, 46, 52, 44, 53, 41, 45, 41], "hlc": [921759, 5]}
INFO:<Node 5>:{"send": false, "recv": true, "to": 5, "from": 2, "vc": [44, 33, 42, 42, 44, 47, 49, 41, 35, 43], "hlc": [921759, 5]}
INFO:<Node 7>:{"send": false, "recv": true, "to": 7, "from": 5, "vc": [45, 33, 38, 42, 41, 46, 48, 44, 35, 43], "hlc": [921760, 1]}
INFO:<Node 9>:{"send": false, "recv": true, "to": 9, "from": 6, "vc": [39, 33, 36, 45, 49, 40, 55, 40, 37, 45], "hlc": [921758, 6]}
INFO:<Node 9>:{"send": false, "recv": true, "to": 9, "from": 7, "vc": [45, 33, 38, 45, 49, 40, 55, 43, 37, 46], "hlc": [921760, 1]}
INFO:<Node 1>:{"send": true, "recv": false, "from": 1, "to": 0, "vc": [49, 42, 38, 46, 51, 42, 53, 40, 41, 42], "hlc": [921759, 6]}
INFO:<Node 2>:{"send": true, "recv": false, "from": 2, "to": 9, "vc": [39, 29, 43, 40, 44, 34, 49, 33, 29, 34], "hlc": [921755, 12]}
INFO:<Node 4>:{"send": true, "recv": false, "from": 4, "to": 8, "vc": [44, 39, 41, 46, 53, 44, 53, 41, 45, 41], "hlc": [921759, 6]}
INFO:<Node 5>:{"send": true, "recv": false, "from": 5, "to": 8, "vc": [44, 33, 42, 42, 44, 48, 49, 41, 35, 43], "hlc": [921759, 6]}
INFO:<Node 6>:{"send": true, "recv": false, "from": 6, "to": 0, "vc": [39, 33, 36, 45, 49, 40, 56, 39, 37, 38], "hlc": [921757, 8]}
INFO:<Node 9>:{"send": true, "recv": false, "from": 9, "to": 1, "vc": [45, 33, 38, 45, 49, 40, 55, 43, 37, 47], "hlc": [921760, 2]}
INFO:<Node 0>:{"send": false, "recv": true, "to": 0, "from": 1, "vc": [50, 42, 38, 46, 51, 42, 53, 40, 41, 42], "hlc": [921760, 0]}
INFO:<Node 0>:{"send": false, "recv": true, "to": 0, "from": 6, "vc": [51, 42, 38, 46, 51, 42, 56, 40, 41, 42], "hlc": [921760, 1]}
INFO:<Node 1>:{"send": false, "recv": true, "to": 1, "from": 9, "vc": [49, 43, 38, 46, 51, 42, 55, 43, 41, 47], "hlc": [921760, 3]}
INFO:<Node 8>:{"send": false, "recv": true, "to": 8, "from": 4, "vc": [44, 39, 41, 46, 53, 44, 53, 41, 46, 41], "hlc": [921759, 7]}
INFO:<Node 8>:{"send": false, "recv": true, "to": 8, "from": 5, "vc": [44, 39, 42, 46, 53, 48, 53, 41, 47, 43], "hlc": [921759, 8]}
INFO:<Node 9>:{"send": false, "recv": true, "to": 9, "from": 2, "vc": [45, 33, 43, 45, 49, 40, 55, 43, 37, 48], "hlc": [921760, 3]}
INFO:<Node 0>:{"send": true, "recv": false, "from": 0, "to": 2, "vc": [52, 42, 38, 46, 51, 42, 56, 40, 41, 42], "hlc": [921760, 2]}
INFO:<Node 1>:{"send": true, "recv": false, "from": 1, "to": 7, "vc": [49, 44, 38, 46, 51, 42, 55, 43, 41, 47], "hlc": [921760, 4]}
INFO:<Node 2>:{"send": true, "recv": false, "from": 2, "to": 6, "vc": [39, 29, 44, 40, 44, 34, 49, 33, 29, 34], "hlc": [921755, 13]}
INFO:<Node 4>:{"send": true, "recv": false, "from": 4, "to": 6, "vc": [44, 39, 41, 46, 54, 44, 53, 41, 45, 41], "hlc": [921759, 7]}
INFO:<Node 5>:{"send": true, "recv": false, "from": 5, "to": 7, "vc": [44, 33, 42, 42, 44, 49, 49, 41, 35, 43], "hlc": [921760, 0]}
INFO:<Node 6>:{"send": true, "recv": false, "from": 6, "to": 1, "vc": [39, 33, 36, 45, 49, 40, 57, 39, 37, 38], "hlc": [921757, 9]}
INFO:<Node 7>:{"send": true, "recv": false, "from": 7, "to": 8, "vc": [45, 33, 38, 42, 41, 46, 48, 45, 35, 43], "hlc": [921761, 0]}
INFO:<Node 8>:{"send": true, "recv": false, "from": 8, "to": 3, "vc": [44, 39, 42, 46, 53, 48, 53, 41, 48, 43], "hlc": [921759, 9]}
INFO:<Node 9>:{"send": true, "recv": false, "from": 9, "to": 6, "vc": [45, 33, 43, 45, 49, 40, 55, 43, 37, 49], "hlc": [921760, 4]}
INFO:<Node 1>:{"send": false, "recv": true, "to": 1, "from": 6, "vc": [49, 45, 38, 46, 51, 42, 57, 43, 41, 47], "hlc": [921760, 5]}
INFO:<Node 2>:{"send": false, "recv": true, "to": 2, "from": 0, "vc": [52, 42, 45, 46, 51, 42, 56, 40, 41, 42], "hlc": [921760, 3]}
INFO:<Node 3>:{"send": false, "recv": true, "to": 3, "from": 8, "vc": [44, 39, 42, 50, 53, 48, 53, 41, 48, 44], "hlc": [921759, 10]}
INFO:<Node 6>:{"send": false, "recv": true, "to": 6, "from": 2, "vc": [39, 33, 44, 45, 49, 40, 58, 39, 37, 38], "hlc": [921757, 10]}
INFO:<Node 6>:{"send": false, "recv": true, "to": 6, "from": 4, "vc": [44, 39, 44, 46, 54, 44, 59, 41, 45, 41], "hlc": [921759, 8]}
INFO:<Node 6>:{"send": false, "recv": true, "to": 6, "from": 9, "vc": [45, 39, 44, 46, 54, 44, 60, 43, 45, 49], "hlc": [921760, 5]}
INFO:<Node 7>:{"send": false, "recv": true, "to": 7, "from": 1, "vc": [49, 44, 38, 46, 51, 46, 55, 46, 41, 47], "hlc": [921761, 1]}
INFO:<Node 7>:{"send": false, "recv": true, "to": 7, "from": 5, "vc": [49, 44, 42, 46, 51, 49, 55, 47, 41, 47], "hlc": [921761, 2]}
INFO:<Node 8>:{"send": false, "recv": true, "to": 8, "from": 7, "vc": [45, 39, 42, 46, 53, 48, 53, 45, 49, 43], "hlc": [921761, 1]}
INFO:<Node 2>:{"send": true, "recv": false, "from": 2, "to": 3, "vc": [52, 42, 46, 46, 51, 42, 56, 40, 41, 42], "hlc": [921760, 4]}
INFO:<Node 3>:{"send": true, "recv": false, "from": 3, "to": 1, "vc": [44, 39, 42, 51, 53, 48, 53, 41, 48, 44], "hlc": [921759, 11]}
INFO:<Node 4>:{"send": true, "recv": false, "from": 4, "to": 2, "vc": [44, 39, 41, 46, 55, 44, 53, 41, 45, 41], "hlc": [921759, 8]}
INFO:<Node 7>:{"send": true, "recv": false, "from": 7, "to": 9, "vc": [49, 44, 42, 46, 51, 49, 55, 48, 41, 47], "hlc": [921761, 3]}
INFO:<Node 8>:{"send": true, "recv": false, "from": 8, "to": 2, "vc": [45, 39, 42, 46, 53, 48, 53, 45, 50, 43], "hlc": [921761, 2]}
INFO:<Node 9>:{"send": true, "recv": false, "from": 9, "to": 2, "vc": [45, 33, 43, 45, 49, 40, 55, 43, 37, 50], "hlc": [921760, 5]}
INFO:<Node 1>:{"send": false, "recv": true, "to": 1, "from": 3, "vc": [49, 46, 42, 51, 53, 48, 57, 43, 48, 47], "hlc": [921760, 6]}
INFO:<Node 2>:{"send": false, "recv": true, "to": 2, "from": 4, "vc": [52, 42, 47, 46, 55, 44, 56, 41, 45, 42], "hlc": [921760, 5]}
INFO:<Node 2>:{"send": false, "recv": true, "to": 2, "from": 8, "vc": [52, 42, 48, 46, 55, 48, 56, 45, 50, 43], "hlc": [921761, 3]}
INFO:<Node 2>:{"send": false, "recv": true, "to": 2, "from": 9, "vc": [52, 42, 49, 46, 55, 48, 56, 45, 50, 50], "hlc": [921761, 4]}
INFO:<Node 3>:{"send": false, "recv": true, "to": 3, "from": 2, "vc": [52, 42, 46, 52, 53, 48, 56, 41, 48, 44], "hlc": [921760, 5]}
INFO:<Node 9>:{"send": false, "recv": true, "to": 9, "from": 7, "vc": [49, 44, 43, 46, 51, 49, 55, 48, 41, 51], "hlc": [921761, 4]}
INFO:<Node 1>:{"send": true, "recv": false, "from": 1, "to": 2, "vc": [49, 47, 42, 51, 53, 48, 57, 43, 48, 47], "hlc": [921760, 7]}
INFO:<Node 3>:{"send": true, "recv": false, "from": 3, "to": 9, "vc": [52, 42, 46, 53, 53, 48, 56, 41, 48, 44], "hlc": [921760, 6]}
INFO:<Node 4>:{"send": true, "recv": false, "from": 4, "to": 2, "vc": [44, 39, 41, 46, 56, 44, 53, 41, 45, 41], "hlc": [921759, 9]}
INFO:<Node 5>:{"send": true, "recv": false, "from": 5, "to": 7, "vc": [44, 33, 42, 42, 44, 50, 49, 41, 35, 43], "hlc": [921761, 0]}
INFO:<Node 7>:{"send": true, "recv": false, "from": 7, "to": 1, "vc": [49, 44, 42, 46, 51, 49, 55, 49, 41, 47], "hlc": [921762, 0]}
INFO:<Node 8>:{"send": true, "recv": false, "from": 8, "to": 3, "vc": [45, 39, 42, 46, 53, 48, 53, 45, 51, 43], "hlc": [921761, 3]}
INFO:<Node 1>:{"send": false, "recv": true, "to": 1, "from": 7, "vc": [49, 48, 42, 51, 53, 49, 57, 49, 48, 47], "hlc": [921762, 1]}
INFO:<Node 2>:{"send": false, "recv": true, "to": 2, "from": 1, "vc": [52, 47, 50, 51, 55, 48, 57, 45, 50, 50], "hlc": [921761, 5]}
INFO:<Node 2>:{"send": false, "recv": true, "to": 2, "from": 4, "vc": [52, 47, 51, 51, 56, 48, 57, 45, 50, 50], "hlc": [921761, 6]}
INFO:<Node 3>:{"send": false, "recv": true, "to": 3, "from": 8, "vc": [52, 42, 46, 54, 53, 48, 56, 45, 51, 44], "hlc": [921761, 4]}
INFO:<Node 7>:{"send": false, "recv": true, "to": 7, "from": 5, "vc": [49, 44, 42, 46, 51, 50, 55, 50, 41, 47], "hlc": [921762, 1]}
INFO:<Node 9>:{"send": false, "recv": true, "to": 9, "from": 3, "vc": [52, 44, 46, 53, 53, 49, 56, 48, 48, 52], "hlc": [921761, 5]}
INFO:<Node 2>:{"send": true, "recv": false, "from": 2, "to": 4, "vc": [52, 47, 52, 51, 56, 48, 57, 45, 50, 50], "hlc": [921761, 7]}
INFO:<Node 4>:{"send": true, "recv": false, "from": 4, "to": 3, "vc": [44, 39, 41, 46, 57, 44, 53, 41, 45, 41], "hlc": [921759, 10]}
INFO:<Node 7>:{"send": true, "recv": false, "from": 7, "to": 1, "vc": [49, 44, 42, 46, 51, 50, 55, 51, 41, 47], "hlc": [921762, 2]}
INFO:<Node 9>:{"send": true, "recv": false, "from": 9, "to": 4, "vc": [52, 44, 46, 53, 53, 49, 56, 48, 48, 53], "hlc": [921761, 6]}
INFO:<Node 1>:{"send": false, "recv": true, "to": 1, "from": 7, "vc": [49, 49, 42, 51, 53, 50, 57, 51, 48, 47], "hlc": [921762, 3]}
INFO:<Node 3>:{"send": false, "recv": true, "to": 3, "from": 4, "vc": [52, 42, 46, 55, 57, 48, 56, 45, 51, 44], "hlc": [921761, 5]}
INFO:<Node 4>:{"send": false, "recv": true, "to": 4, "from": 2, "vc": [52, 47, 52, 51, 58, 48, 57, 45, 50, 50], "hlc": [921761, 8]}
INFO:<Node 4>:{"send": false, "recv": true, "to": 4, "from": 9, "vc": [52, 47, 52, 53, 59, 49, 57, 48, 50, 53], "hlc": [921761, 9]}
INFO:<Node 5>:{"send": true, "recv": false, "from": 5, "to": 0, "vc": [44, 33, 42, 42, 44, 51, 49, 41, 35, 43], "hlc": [921762, 0]}
INFO:<Node 8>:{"send": true, "recv": false, "from": 8, "to": 2, "vc": [45, 39, 42, 46, 53, 48, 53, 45, 52, 43], "hlc": [921761, 4]}
INFO:<Node 0>:{"send": false, "recv": true, "to": 0, "from": 5, "vc": [53, 42, 42, 46, 51, 51, 56, 41, 41, 43], "hlc": [921763, 0]}
INFO:<Node 2>:{"send": false, "recv": true, "to": 2, "from": 8, "vc": [52, 47, 53, 51, 56, 48, 57, 45, 52, 50], "hlc": [921761, 8]}
INFO:<Node 1>:{"send": true, "recv": false, "from": 1, "to": 5, "vc": [49, 50, 42, 51, 53, 50, 57, 51, 48, 47], "hlc": [921762, 4]}
INFO:<Node 3>:{"send": true, "recv": false, "from": 3, "to": 9, "vc": [52, 42, 46, 56, 57, 48, 56, 45, 51, 44], "hlc": [921761, 6]}
INFO:<Node 6>:{"send": true, "recv": false, "from": 6, "to": 3, "vc": [45, 39, 44, 46, 54, 44, 61, 43, 45, 49], "hlc": [921760, 6]}
INFO:<Node 7>:{"send": true, "recv": false, "from": 7, "to": 6, "vc": [49, 44, 42, 46, 51, 50, 55, 52, 41, 47], "hlc": [921763, 0]}
INFO:<Node 9>:{"send": true, "recv": false, "from": 9, "to": 7, "vc": [52, 44, 46, 53, 53, 49, 56, 48, 48, 54], "hlc": [921761, 7]}
INFO:<Node 3>:{"send": false, "recv": true, "to": 3, "from": 6, "vc": [52, 42, 46, 57, 57, 48, 61, 45, 51, 49], "hlc": [921761, 7]}
INFO:<Node 5>:{"send": false, "recv": true, "to": 5, "from": 1, "vc": [49, 50, 42, 51, 53, 52, 57, 51, 48, 47], "hlc": [921763, 0]}
INFO:<Node 6>:{"send": false, "recv": true, "to": 6, "from": 7, "vc": [49, 44, 44, 46, 54, 50, 62, 52, 45, 49], "hlc": [921763, 1]}
INFO:<Node 7>:{"send": false, "recv": true, "to": 7, "from": 9, "vc": [52, 44, 46, 53, 53, 50, 56, 53, 48, 54], "hlc": [921764, 0]}
INFO:<Node 9>:{"send": false, "recv": true, "to": 9, "from": 3, "vc": [52, 44, 46, 56, 57, 49, 56, 48, 51, 55], "hlc": [921761, 8]}
INFO:<Node 1>:{"send": true, "recv": false, "from": 1, "to": 8, "vc": [49, 51, 42, 51, 53, 50, 57, 51, 48, 47], "hlc": [921762, 5]}
INFO:<Node 2>:{"send": true, "recv": false, "from": 2, "to": 3, "vc": [52, 47, 54, 51, 56, 48, 57, 45, 52, 50], "hlc": [921761, 9]}
INFO:<Node 3>:{"send": true, "recv": false, "from": 3, "to": 7, "vc": [52, 42, 46, 58, 57, 48, 61, 45, 51, 49], "hlc": [921761, 8]}
INFO:<Node 4>:{"send": true, "recv": false, "from": 4, "to": 5, "vc": [52, 47, 52, 53, 60, 49, 57, 48, 50, 53], "hlc": [921761, 10]}
INFO:<Node 5>:{"send": true, "recv": false, "from": 5, "to": 3, "vc": [49, 50, 42, 51, 53, 53, 57, 51, 48, 47], "hlc": [921763, 1]}
INFO:<Node 6>:{"send": true, "recv": false, "from": 6, "to": 1, "vc": [49, 44, 44, 46, 54, 50, 63, 52, 45, 49], "hlc": [921763, 2]}
INFO:<Node 7>:{"send": true, "recv": false, "from": 7, "to": 2, "vc": [52, 44, 46, 53, 53, 50, 56, 54, 48, 54], "hlc": [921764, 1]}
INFO:<Node 8>:{"send": true, "recv": false, "from": 8, "to": 7, "vc": [45, 39, 42, 46, 53, 48, 53, 45, 53, 43], "hlc": [921761, 5]}
INFO:<Node 1>:{"send": false, "recv": true, "to": 1, "from": 6, "vc": [49, 52, 44, 51, 54, 50, 63, 52, 48, 49], "hlc": [921763, 3]}
INFO:<Node 2>:{"send": false, "recv": true, "to": 2, "from": 7, "vc": [52, 47, 55, 53, 56, 50, 57, 54, 52, 54], "hlc": [921764, 2]}
INFO:<Node 3>:{"send": false, "recv": true, "to": 3, "from": 2, "vc": [52, 47, 54, 59, 57, 48, 61, 45, 52, 50], "hlc": [921761, 10]}
INFO:<Node 3>:{"send": false, "recv": true, "to": 3, "from": 5, "vc": [52, 50, 54, 60, 57, 53, 61, 51, 52, 50], "hlc": [921763, 2]}
INFO:<Node 5>:{"send": false, "recv": true, "to": 5, "from": 4, "vc": [52, 50, 52, 53, 60, 54, 57, 51, 50, 53], "hlc": [921763, 2]}
INFO:<Node 7>:{"send": false, "recv": true, "to": 7, "from": 3, "vc": [52, 44, 46, 58, 57, 50, 61, 55, 51, 54], "hlc": [921764, 2]}
INFO:<Node 7>:{"send": false, "recv": true, "to": 7, "from": 8, "vc": [52, 44, 46, 58, 57, 50, 61, 56, 53, 54], "hlc": [921764, 3]}
INFO:<Node 8>:{"send": false, "recv": true, "to": 8, "from": 1, "vc": [49, 51, 42, 51, 53, 50, 57, 51, 54, 47], "hlc": [921762, 6]}
INFO:<Node 0>:{"send": true, "recv": false, "from": 0, "to": 6, "vc": [54, 42, 42, 46, 51, 51, 56, 41, 41, 43], "hlc": [921764, 0]}
INFO:<Node 1>:{"send": true, "recv": false, "from": 1, "to": 6, "vc": [49, 53, 44, 51, 54, 50, 63, 52, 48, 49], "hlc": [921763, 4]}
INFO:<Node 2>:{"send": true, "recv": false, "from": 2, "to": 0, "vc": [52, 47, 56, 53, 56, 50, 57, 54, 52, 54], "hlc": [921764, 3]}
INFO:<Node 3>:{"send": true, "recv": false, "from": 3, "to": 0, "vc": [52, 50, 54, 61, 57, 53, 61, 51, 52, 50], "hlc": [921763, 3]}
INFO:<Node 4>:{"send": true, "recv": false, "from": 4, "to": 6, "vc": [52, 47, 52, 53, 61, 49, 57, 48, 50, 53], "hlc": [921761, 11]}
INFO:<Node 5>:{"send": true, "recv": false, "from": 5, "to": 8, "vc": [52, 50, 52, 53, 60, 55, 57, 51, 50, 53], "hlc": [921763, 3]}
INFO:<Node 7>:{"send": true, "recv": false, "from": 7, "to": 5, "vc": [52, 44, 46, 58, 57, 50, 61, 57, 53, 54], "hlc": [921764, 4]}
INFO:<Node 8>:{"send": true, "recv": false, "from": 8, "to": 3, "vc": [49, 51, 42, 51, 53, 50, 57, 51, 55, 47], "hlc": [921762, 7]}
INFO:<Node 9>:{"send": true, "recv": false, "from": 9, "to": 8, "vc": [52, 44, 46, 56, 57, 49, 56, 48, 51, 56], "hlc": [921761, 9]}
INFO:<Node 0>:{"send": false, "recv": true, "to": 0, "from": 2, "vc": [55, 47, 56, 53, 56, 51, 57, 54, 52, 54], "hlc": [921764, 4]}
INFO:<Node 0>:{"send": false, "recv": true, "to": 0, "from": 3, "vc": [56, 50, 56, 61, 57, 53, 61, 54, 52, 54], "hlc": [921764, 5]}
INFO:<Node 3>:{"send": false, "recv": true, "to": 3, "from": 8, "vc": [52, 51, 54, 62, 57, 53, 61, 51, 55, 50], "hlc": [921763, 4]}
INFO:<Node 5>:{"send": false, "recv": true, "to": 5, "from": 7, "vc": [52, 50, 52, 58, 60, 56, 61, 57, 53, 54], "hlc": [921764, 5]}
INFO:<Node 6>:{"send": false, "recv": true, "to": 6, "from": 0, "vc": [54, 44, 44, 46, 54, 51, 64, 52, 45, 49], "hlc": [921764, 1]}
INFO:<Node 6>:{"send": false, "recv": true, "to": 6, "from": 1, "vc": [54, 53, 44, 51, 54, 51, 65, 52, 48, 49], "hlc": [921764, 2]}
INFO:<Node 6>:{"send": false, "recv": true, "to": 6, "from": 4, "vc": [54, 53, 52, 53, 61, 51, 66, 52, 50, 53], "hlc": [921764, 3]}
INFO:<Node 8>:{"send": false, "recv": true, "to": 8, "from": 5, "vc": [52, 51, 52, 53, 60, 55, 57, 51, 56, 53], "hlc": [921763, 4]}
INFO:<Node 8>:{"send": false, "recv": true, "to": 8, "from": 9, "vc": [52, 51, 52, 56, 60, 55, 57, 51, 57, 56], "hlc": [921763, 5]}
