INFO:root:Random workload: num sockets: 10, num iterations: 50, base address: 46300, chance of send: 3 in 5, round delay (s): 0.5, max clock drift (s): 8.5, actual clock drifts: [7.585987728563396, 1.6008081178491516, 6.979053081027349, -7.010896705543091, -1.2409630720320397, 4.269954115470581, 1.294701968697499, 3.6050461764102018, 7.776180883511692, 5.414677225620519]
INFO:<Node 0>:{"send": true, "recv": false, "from": 0, "to": 9, "vc": [1, 0, 0, 0, 0, 0, 0, 0, 0, 0], "hlc": [921723, 0]}
INFO:<Node 1>:{"send": true, "recv": false, "from": 1, "to": 5, "vc": [0, 1, 0, 0, 0, 0, 0, 0, 0, 0], "hlc": [921717, 0]}
INFO:<Node 2>:{"send": true, "recv": false, "from": 2, "to": 4, "vc": [0, 0, 1, 0, 0, 0, 0, 0, 0, 0], "hlc": [921722, 0]}
INFO:<Node 5>:{"send": true, "recv": false, "from": 5, "to": 6, "vc": [0, 0, 0, 0, 0, 1, 0, 0, 0, 0], "hlc": [921719, 0]}
INFO:<Node 8>:{"send": true, "recv": false, "from": 8, "to": 4, "vc": [0, 0, 0, 0, 0, 0, 0, 0, 1, 0], "hlc": [921723, 0]}
INFO:<Node 4>:{"send": false, "recv": true, "to": 4, "from": 2, "vc": [0, 0, 1, 0, 1, 0, 0, 0, 0, 0], "hlc": [921722, 1]}
INFO:<Node 4>:{"send": false, "recv": true, "to": 4, "from": 8, "vc": [0, 0, 1, 0, 2, 0, 0, 0, 1, 0], "hlc": [921723, 1]}
INFO:<Node 5>:{"send": false, "recv": true, "to": 5, "from": 1, "vc": [0, 1, 0, 0, 0, 2, 0, 0, 0, 0], "hlc": [921720, 0]}
INFO:<Node 6>:{"send": false, "recv": true, "to": 6, "from": 5, "vc": [0, 0, 0, 0, 0, 1, 1, 0, 0, 0], "hlc": [921719, 1]}
INFO:<Node 9>:{"send": false, "recv": true, "to": 9, "from": 0, "vc": [1, 0, 0, 0, 0, 0, 0, 0, 0, 1], "hlc": [921723, 1]}
INFO:<Node 0>:{"send": true, "recv": false, "from": 0, "to": 7, "vc": [2, 0, 0, 0, 0, 0, 0, 0, 0, 0], "hlc": [921723, 1]}
INFO:<Node 1>:{"send": true, "recv": false, "from": 1, "to": 9, "vc": [0, 2, 0, 0, 0, 0, 0, 0, 0, 0], "hlc": [921717, 1]}
INFO:<Node 2>:{"send": true, "recv": false, "from": 2, "to": 6, "vc": [0, 0, 2, 0, 0, 0, 0, 0, 0, 0], "hlc": [921722, 1]}
INFO:<Node 3>:{"send": true, "recv": false, "from": 3, "to": 1, "vc": [0, 0, 0, 1, 0, 0, 0, 0, 0, 0], "hlc": [921715, 1]}
INFO:<Node 5>:{"send": true, "recv": false, "from": 5, "to": 1, "vc": [0, 1, 0, 0, 0, 3, 0, 0, 0, 0], "hlc": [921720, 1]}
INFO:<Node 6>:{"send": true, "recv": false, "from": 6, "to": 5, "vc": [0, 0, 0, 0, 0, 1, 2, 0, 0, 0], "hlc": [921719, 2]}
INFO:<Node 7>:{"send": true, "recv": false, "from": 7, "to": 1, "vc": [0, 0, 0, 0, 0, 0, 0, 1, 0, 0], "hlc": [921719, 0]}
INFO:<Node 9>:{"send": true, "recv": false, "from": 9, "to": 4, "vc": [1, 0, 0, 0, 0, 0, 0, 0, 0, 2], "hlc": [921723, 2]}
INFO:<Node 1>:{"send": false, "recv": true, "to": 1, "from": 3, "vc": [0, 3, 0, 1, 0, 0, 0, 0, 0, 0], "hlc": [921718, 0]}
INFO:<Node 1>:{"send": false, "recv": true, "to": 1, "from": 5, "vc": [0, 4, 0, 1, 0, 3, 0, 0, 0, 0], "hlc": [921720, 2]}
INFO:<Node 1>:{"send": false, "recv": true, "to": 1, "from": 7, "vc": [0, 5, 0, 1, 0, 3, 0, 1, 0, 0], "hlc": [921720, 3]}
INFO:<Node 4>:{"send": false, "recv": true, "to": 4, "from": 9, "vc": [1, 0, 1, 0, 3, 0, 0, 0, 1, 2], "hlc": [921723, 3]}
INFO:<Node 5>:{"send": false, "recv": true, "to": 5, "from": 6, "vc": [0, 1, 0, 0, 0, 4, 2, 0, 0, 0], "hlc": [921720, 2]}
INFO:<Node 6>:{"send": false, "recv": true, "to": 6, "from": 2, "vc": [0, 0, 2, 0, 0, 1, 3, 0, 0, 0], "hlc": [921722, 2]}
INFO:<Node 7>:{"send": false, "recv": true, "to": 7, "from": 0, "vc": [2, 0, 0, 0, 0, 0, 0, 2, 0, 0], "hlc": [921723, 2]}
INFO:<Node 9>:{"send": false, "recv": true, "to": 9, "from": 1, "vc": [1, 2, 0, 0, 0, 0, 0, 0, 0, 3], "hlc": [921723, 3]}
INFO:<Node 0>:{"send": true, "recv": false, "from": 0, "to": 4, "vc": [3, 0, 0, 0, 0, 0, 0, 0, 0, 0], "hlc": [921724, 0]}
INFO:<Node 1>:{"send": true, "recv": false, "from": 1, "to": 6, "vc": [0, 6, 0, 1, 0, 3, 0, 1, 0, 0], "hlc": [921720, 4]}
INFO:<Node 2>:{"send": true, "recv": false, "from": 2, "to": 6, "vc": [0, 0, 3, 0, 0, 0, 0, 0, 0, 0], "hlc": [921723, 0]}
INFO:<Node 3>:{"send": true, "recv": false, "from": 3, "to": 7, "vc": [0, 0, 0, 2, 0, 0, 0, 0, 0, 0], "hlc": [921715, 2]}
INFO:<Node 5>:{"send": true, "recv": false, "from": 5, "to": 8, "vc": [0, 1, 0, 0, 0, 5, 2, 0, 0, 0], "hlc": [921720, 3]}
INFO:<Node 6>:{"send": true, "recv": false, "from": 6, "to": 4, "vc": [0, 0, 2, 0, 0, 1, 4, 0, 0, 0], "hlc": [921722, 3]}
INFO:<Node 4>:{"send": false, "recv": true, "to": 4, "from": 0, "vc": [3, 0, 1, 0, 4, 0, 0, 0, 1, 2], "hlc": [921724, 1]}
INFO:<Node 4>:{"send": false, "recv": true, "to": 4, "from": 6, "vc": [3, 0, 2, 0, 5, 1, 4, 0, 1, 2], "hlc": [921724, 2]}
INFO:<Node 6>:{"send": false, "recv": true, "to": 6, "from": 1, "vc": [0, 6, 2, 1, 0, 3, 5, 1, 0, 0], "hlc": [921722, 4]}
INFO:<Node 6>:{"send": false, "recv": true, "to": 6, "from": 2, "vc": [0, 6, 3, 1, 0, 3, 6, 1, 0, 0], "hlc": [921723, 1]}
INFO:<Node 7>:{"send": false, "recv": true, "to": 7, "from": 3, "vc": [2, 0, 0, 2, 0, 0, 0, 3, 0, 0], "hlc": [921723, 3]}
INFO:<Node 8>:{"send": false, "recv": true, "to": 8, "from": 5, "vc": [0, 1, 0, 0, 0, 5, 2, 0, 2, 0], "hlc": [921724, 0]}
INFO:<Node 0>:{"send": true, "recv": false, "from": 0, "to": 1, "vc": [4, 0, 0, 0, 0, 0, 0, 0, 0, 0], "hlc": [921724, 1]}
INFO:<Node 2>:{"send": true, "recv": false, "from": 2, "to": 6, "vc": [0, 0, 4, 0, 0, 0, 0, 0, 0, 0], "hlc": [921723, 1]}
INFO:<Node 3>:{"send": true, "recv": false, "from": 3, "to": 2, "vc": [0, 0, 0, 3, 0, 0, 0, 0, 0, 0], "hlc": [921715, 3]}
INFO:<Node 4>:{"send": true, "recv": false, "from": 4, "to": 0, "vc": [3, 0, 2, 0, 6, 1, 4, 0, 1, 2], "hlc": [921724, 3]}
INFO:<Node 5>:{"send": true, "recv": false, "from": 5, "to": 1, "vc": [0, 1, 0, 0, 0, 6, 2, 0, 0, 0], "hlc": [921721, 0]}
INFO:<Node 6>:{"send": true, "recv": false, "from": 6, "to": 2, "vc": [0, 6, 3, 1, 0, 3, 7, 1, 0, 0], "hlc": [921723, 2]}
INFO:<Node 7>:{"send": true, "recv": false, "from": 7, "to": 8, "vc": [2, 0, 0, 2, 0, 0, 0, 4, 0, 0], "hlc": [921723, 4]}
INFO:<Node 8>:{"send": true, "recv": false, "from": 8, "to": 0, "vc": [0, 1, 0, 0, 0, 5, 2, 0, 3, 0], "hlc": [921724, 1]}
INFO:<Node 9>:{"send": true, "recv": false, "from": 9, "to": 4, "vc": [1, 2, 0, 0, 0, 0, 0, 0, 0, 4], "hlc": [921723, 4]}
INFO:<Node 0>:{"send": false, "recv": true, "to": 0, "from": 4, "vc": [5, 0, 2, 0, 6, 1, 4, 0, 1, 2], "hlc": [921725, 0]}
INFO:<Node 0>:{"send": false, "recv": true, "to": 0, "from": 8, "vc": [6, 1, 2, 0, 6, 5, 4, 0, 3, 2], "hlc": [921725, 1]}
INFO:<Node 1>:{"send": false, "recv": true, "to": 1, "from": 0, "vc": [4, 7, 0, 1, 0, 3, 0, 1, 0, 0], "hlc": [921724, 2]}
INFO:<Node 1>:{"send": false, "recv": true, "to": 1, "from": 5, "vc": [4, 8, 0, 1, 0, 6, 2, 1, 0, 0], "hlc": [921724, 3]}
INFO:<Node 2>:{"send": false, "recv": true, "to": 2, "from": 3, "vc": [0, 0, 5, 3, 0, 0, 0, 0, 0, 0], "hlc": [921724, 0]}
INFO:<Node 2>:{"send": false, "recv": true, "to": 2, "from": 6, "vc": [0, 6, 6, 3, 0, 3, 7, 1, 0, 0], "hlc": [921724, 1]}
INFO:<Node 4>:{"send": false, "recv": true, "to": 4, "from": 9, "vc": [3, 2, 2, 0, 7, 1, 4, 0, 1, 4], "hlc": [921724, 4]}
INFO:<Node 6>:{"send": false, "recv": true, "to": 6, "from": 2, "vc": [0, 6, 4, 1, 0, 3, 8, 1, 0, 0], "hlc": [921723, 3]}
INFO:<Node 8>:{"send": false, "recv": true, "to": 8, "from": 7, "vc": [2, 1, 0, 2, 0, 5, 2, 4, 4, 0], "hlc": [921725, 0]}
INFO:<Node 0>:{"send": true, "recv": false, "from": 0, "to": 8, "vc": [7, 1, 2, 0, 6, 5, 4, 0, 3, 2], "hlc": [921725, 2]}
INFO:<Node 1>:{"send": true, "recv": false, "from": 1, "to": 0, "vc": [4, 9, 0, 1, 0, 6, 2, 1, 0, 0], "hlc": [921724, 4]}
INFO:<Node 3>:{"send": true, "recv": false, "from": 3, "to": 7, "vc": [0, 0, 0, 4, 0, 0, 0, 0, 0, 0], "hlc": [921715, 4]}
INFO:<Node 4>:{"send": true, "recv": false, "from": 4, "to": 0, "vc": [3, 2, 2, 0, 8, 1, 4, 0, 1, 4], "hlc": [921724, 5]}
INFO:<Node 5>:{"send": true, "recv": false, "from": 5, "to": 9, "vc": [0, 1, 0, 0, 0, 7, 2, 0, 0, 0], "hlc": [921721, 1]}
INFO:<Node 8>:{"send": true, "recv": false, "from": 8, "to": 3, "vc": [2, 1, 0, 2, 0, 5, 2, 4, 5, 0], "hlc": [921725, 1]}
INFO:<Node 9>:{"send": true, "recv": false, "from": 9, "to": 6, "vc": [1, 2, 0, 0, 0, 0, 0, 0, 0, 5], "hlc": [921723, 5]}
INFO:<Node 0>:{"send": false, "recv": true, "to": 0, "from": 1, "vc": [8, 9, 2, 1, 6, 6, 4, 1, 3, 2], "hlc": [921725, 3]}
INFO:<Node 0>:{"send": false, "recv": true, "to": 0, "from": 4, "vc": [9, 9, 2, 1, 8, 6, 4, 1, 3, 4], "hlc": [921725, 4]}
INFO:<Node 3>:{"send": false, "recv": true, "to": 3, "from": 8, "vc": [2, 1, 0, 5, 0, 5, 2, 4, 5, 0], "hlc": [921725, 2]}
INFO:<Node 6>:{"send": false, "recv": true, "to": 6, "from": 9, "vc": [1, 6, 4, 1, 0, 3, 9, 1, 0, 5], "hlc": [921723, 6]}
INFO:<Node 7>:{"send": false, "recv": true, "to": 7, "from": 3, "vc": [2, 0, 0, 4, 0, 0, 0, 5, 0, 0], "hlc": [921723, 5]}
INFO:<Node 8>:{"send": false, "recv": true, "to": 8, "from": 0, "vc": [7, 1, 2, 2, 6, 5, 4, 4, 6, 2], "hlc": [921725, 3]}
INFO:<Node 9>:{"send": false, "recv": true, "to": 9, "from": 5, "vc": [1, 2, 0, 0, 0, 7, 2, 0, 0, 6], "hlc": [921723, 6]}
INFO:<Node 0>:{"send": true, "recv": false, "from": 0, "to": 2, "vc": [10, 9, 2, 1, 8, 6, 4, 1, 3, 4], "hlc": [921725, 5]}
INFO:<Node 2>:{"send": true, "recv": false, "from": 2, "to": 0, "vc": [0, 6, 7, 3, 0, 3, 7, 1, 0, 0], "hlc": [921724, 2]}
INFO:<Node 3>:{"send": true, "recv": false, "from": 3, "to": 6, "vc": [2, 1, 0, 6, 0, 5, 2, 4, 5, 0], "hlc": [921725, 3]}
INFO:<Node 4>:{"send": true, "recv": false, "from": 4, "to": 2, "vc": [3, 2, 2, 0, 9, 1, 4, 0, 1, 4], "hlc": [921724, 6]}
INFO:<Node 6>:{"send": true, "recv": false, "from": 6, "to": 7, "vc": [1, 6, 4, 1, 0, 3, 10, 1, 0, 5], "hlc": [921723, 7]}
INFO:<Node 8>:{"send": true, "recv": false, "from": 8, "to": 1, "vc": [7, 1, 2, 2, 6, 5, 4, 4, 7, 2], "hlc": [921725, 4]}
INFO:<Node 9>:{"send": true, "recv": false, "from": 9, "to": 0, "vc": [1, 2, 0, 0, 0, 7, 2, 0, 0, 7], "hlc": [921723, 7]}
INFO:<Node 0>:{"send": false, "recv": true, "to": 0, "from": 2, "vc": [11, 9, 7, 3, 8, 6, 7, 1, 3, 4], "hlc": [921726, 0]}
INFO:<Node 0>:{"send": false, "recv": true, "to": 0, "from": 9, "vc": [12, 9, 7, 3, 8, 7, 7, 1, 3, 7], "hlc": [921726, 1]}
INFO:<Node 1>:{"send": false, "recv": true, "to": 1, "from": 8, "vc": [7, 10, 2, 2, 6, 6, 4, 4, 7, 2], "hlc": [921725, 5]}
INFO:<Node 2>:{"send": false, "recv": true, "to": 2, "from": 0, "vc": [10, 9, 8, 3, 8, 6, 7, 1, 3, 4], "hlc": [921725, 6]}
INFO:<Node 2>:{"send": false, "recv": true, "to": 2, "from": 4, "vc": [10, 9, 9, 3, 9, 6, 7, 1, 3, 4], "hlc": [921725, 7]}
INFO:<Node 6>:{"send": false, "recv": true, "to": 6, "from": 3, "vc": [2, 6, 4, 6, 0, 5, 11, 4, 5, 5], "hlc": [921725, 4]}
INFO:<Node 7>:{"send": false, "recv": true, "to": 7, "from": 6, "vc": [2, 6, 4, 4, 0, 3, 10, 6, 0, 5], "hlc": [921723, 8]}
INFO:<Node 0>:{"send": true, "recv": false, "from": 0, "to": 9, "vc": [13, 9, 7, 3, 8, 7, 7, 1, 3, 7], "hlc": [921726, 2]}
INFO:<Node 1>:{"send": true, "recv": false, "from": 1, "to": 9, "vc": [7, 11, 2, 2, 6, 6, 4, 4, 7, 2], "hlc": [921725, 6]}
INFO:<Node 3>:{"send": true, "recv": false, "from": 3, "to": 8, "vc": [2, 1, 0, 7, 0, 5, 2, 4, 5, 0], "hlc": [921725, 4]}
INFO:<Node 4>:{"send": true, "recv": false, "from": 4, "to": 3, "vc": [3, 2, 2, 0, 10, 1, 4, 0, 1, 4], "hlc": [921724, 7]}
INFO:<Node 5>:{"send": true, "recv": false, "from": 5, "to": 8, "vc": [0, 1, 0, 0, 0, 8, 2, 0, 0, 0], "hlc": [921722, 0]}
INFO:<Node 6>:{"send": true, "recv": false, "from": 6, "to": 8, "vc": [2, 6, 4, 6, 0, 5, 12, 4, 5, 5], "hlc": [921725, 5]}
INFO:<Node 7>:{"send": true, "recv": false, "from": 7, "to": 3, "vc": [2, 6, 4, 4, 0, 3, 10, 7, 0, 5], "hlc": [921723, 9]}
INFO:<Node 9>:{"send": true, "recv": false, "from": 9, "to": 6, "vc": [1, 2, 0, 0, 0, 7, 2, 0, 0, 8], "hlc": [921723, 8]}
INFO:<Node 3>:{"send": false, "recv": true, "to": 3, "from": 4, "vc": [3, 2, 2, 8, 10, 5, 4, 4, 5, 4], "hlc": [921725, 5]}
INFO:<Node 3>:{"send": false, "recv": true, "to": 3, "from": 7, "vc": [3, 6, 4, 9, 10, 5, 10, 7, 5, 5], "hlc": [921725, 6]}
INFO:<Node 6>:{"send": false, "recv": true, "to": 6, "from": 9, "vc": [2, 6, 4, 6, 0, 7, 13, 4, 5, 8], "hlc": [921725, 6]}
INFO:<Node 8>:{"send": false, "recv": true, "to": 8, "from": 3, "vc": [7, 1, 2, 7, 6, 5, 4, 4, 8, 2], "hlc": [921726, 0]}
INFO:<Node 8>:{"send": false, "recv": true, "to": 8, "from": 5, "vc": [7, 1, 2, 7, 6, 8, 4, 4, 9, 2], "hlc": [921726, 1]}
INFO:<Node 8>:{"send": false, "recv": true, "to": 8, "from": 6, "vc": [7, 6, 4, 7, 6, 8, 12, 4, 10, 5], "hlc": [921726, 2]}
INFO:<Node 9>:{"send": false, "recv": true, "to": 9, "from": 0, "vc": [13, 9, 7, 3, 8, 7, 7, 1, 3, 9], "hlc": [921726, 3]}
INFO:<Node 9>:{"send": false, "recv": true, "to": 9, "from": 1, "vc": [13, 11, 7, 3, 8, 7, 7, 4, 7, 10], "hlc": [921726, 4]}
INFO:<Node 2>:{"send": true, "recv": false, "from": 2, "to": 3, "vc": [10, 9, 10, 3, 9, 6, 7, 1, 3, 4], "hlc": [921725, 8]}
INFO:<Node 3>:{"send": true, "recv": false, "from": 3, "to": 9, "vc": [3, 6, 4, 10, 10, 5, 10, 7, 5, 5], "hlc": [921725, 7]}
INFO:<Node 4>:{"send": true, "recv": false, "from": 4, "to": 3, "vc": [3, 2, 2, 0, 11, 1, 4, 0, 1, 4], "hlc": [921724, 8]}
INFO:<Node 5>:{"send": true, "recv": false, "from": 5, "to": 6, "vc": [0, 1, 0, 0, 0, 9, 2, 0, 0, 0], "hlc": [921723, 0]}
INFO:<Node 6>:{"send": true, "recv": false, "from": 6, "to": 1, "vc": [2, 6, 4, 6, 0, 7, 14, 4, 5, 8], "hlc": [921725, 7]}
INFO:<Node 1>:{"send": false, "recv": true, "to": 1, "from": 6, "vc": [7, 12, 4, 6, 6, 7, 14, 4, 7, 8], "hlc": [921725, 8]}
INFO:<Node 3>:{"send": false, "recv": true, "to": 3, "from": 2, "vc": [10, 9, 10, 11, 10, 6, 10, 7, 5, 5], "hlc": [921725, 9]}
INFO:<Node 3>:{"send": false, "recv": true, "to": 3, "from": 4, "vc": [10, 9, 10, 12, 11, 6, 10, 7, 5, 5], "hlc": [921725, 10]}
INFO:<Node 6>:{"send": false, "recv": true, "to": 6, "from": 5, "vc": [2, 6, 4, 6, 0, 9, 15, 4, 5, 8], "hlc": [921725, 8]}
INFO:<Node 9>:{"send": false, "recv": true, "to": 9, "from": 3, "vc": [13, 11, 7, 10, 10, 7, 10, 7, 7, 11], "hlc": [921726, 5]}
INFO:<Node 0>:{"send": true, "recv": false, "from": 0, "to": 9, "vc": [14, 9, 7, 3, 8, 7, 7, 1, 3, 7], "hlc": [921727, 0]}
INFO:<Node 1>:{"send": true, "recv": false, "from": 1, "to": 2, "vc": [7, 13, 4, 6, 6, 7, 14, 4, 7, 8], "hlc": [921725, 9]}
INFO:<Node 2>:{"send": true, "recv": false, "from": 2, "to": 5, "vc": [10, 9, 11, 3, 9, 6, 7, 1, 3, 4], "hlc": [921726, 0]}
INFO:<Node 3>:{"send": true, "recv": false, "from": 3, "to": 4, "vc": [10, 9, 10, 13, 11, 6, 10, 7, 5, 5], "hlc": [921725, 11]}
INFO:<Node 7>:{"send": true, "recv": false, "from": 7, "to": 0, "vc": [2, 6, 4, 4, 0, 3, 10, 8, 0, 5], "hlc": [921723, 10]}
INFO:<Node 8>:{"send": true, "recv": false, "from": 8, "to": 9, "vc": [7, 6, 4, 7, 6, 8, 12, 4, 11, 5], "hlc": [921727, 0]}
INFO:<Node 9>:{"send": true, "recv": false, "from": 9, "to": 6, "vc": [13, 11, 7, 10, 10, 7, 10, 7, 7, 12], "hlc": [921726, 6]}
INFO:<Node 0>:{"send": false, "recv": true, "to": 0, "from": 7, "vc": [15, 9, 7, 4, 8, 7, 10, 8, 3, 7], "hlc": [921727, 1]}
INFO:<Node 2>:{"send": false, "recv": true, "to": 2, "from": 1, "vc": [10, 13, 12, 6, 9, 7, 14, 4, 7, 8], "hlc": [921726, 1]}
INFO:<Node 4>:{"send": false, "recv": true, "to": 4, "from": 3, "vc": [10, 9, 10, 13, 12, 6, 10, 7, 5, 5], "hlc": [921725, 12]}
INFO:<Node 5>:{"send": false, "recv": true, "to": 5, "from": 2, "vc": [10, 9, 11, 3, 9, 10, 7, 1, 3, 4], "hlc": [921726, 1]}
INFO:<Node 6>:{"send": false, "recv": true, "to": 6, "from": 9, "vc": [13, 11, 7, 10, 10, 9, 16, 7, 7, 12], "hlc": [921726, 7]}
INFO:<Node 9>:{"send": false, "recv": true, "to": 9, "from": 0, "vc": [14, 11, 7, 10, 10, 7, 10, 7, 7, 13], "hlc": [921727, 1]}
INFO:<Node 9>:{"send": false, "recv": true, "to": 9, "from": 8, "vc": [14, 11, 7, 10, 10, 8, 12, 7, 11, 14], "hlc": [921727, 2]}
INFO:<Node 4>:{"send": true, "recv": false, "from": 4, "to": 8, "vc": [10, 9, 10, 13, 13, 6, 10, 7, 5, 5], "hlc": [921725, 13]}
INFO:<Node 5>:{"send": true, "recv": false, "from": 5, "to": 2, "vc": [10, 9, 11, 3, 9, 11, 7, 1, 3, 4], "hlc": [921726, 2]}
INFO:<Node 8>:{"send": true, "recv": false, "from": 8, "to": 3, "vc": [7, 6, 4, 7, 6, 8, 12, 4, 12, 5], "hlc": [921727, 1]}
INFO:<Node 9>:{"send": true, "recv": false, "from": 9, "to": 3, "vc": [14, 11, 7, 10, 10, 8, 12, 7, 11, 15], "hlc": [921727, 3]}
INFO:<Node 2>:{"send": false, "recv": true, "to": 2, "from": 5, "vc": [10, 13, 13, 6, 9, 11, 14, 4, 7, 8], "hlc": [921727, 0]}
INFO:<Node 3>:{"send": false, "recv": true, "to": 3, "from": 8, "vc": [10, 9, 10, 14, 11, 8, 12, 7, 12, 5], "hlc": [921727, 2]}
INFO:<Node 3>:{"send": false, "recv": true, "to": 3, "from": 9, "vc": [14, 11, 10, 15, 11, 8, 12, 7, 12, 15], "hlc": [921727, 4]}
INFO:<Node 8>:{"send": false, "recv": true, "to": 8, "from": 4, "vc": [10, 9, 10, 13, 13, 8, 12, 7, 13, 5], "hlc": [921728, 0]}
INFO:<Node 1>:{"send": true, "recv": false, "from": 1, "to": 9, "vc": [7, 14, 4, 6, 6, 7, 14, 4, 7, 8], "hlc": [921725, 10]}
INFO:<Node 2>:{"send": true, "recv": false, "from": 2, "to": 8, "vc": [10, 13, 14, 6, 9, 11, 14, 4, 7, 8], "hlc": [921727, 1]}
INFO:<Node 3>:{"send": true, "recv": false, "from": 3, "to": 8, "vc": [14, 11, 10, 16, 11, 8, 12, 7, 12, 15], "hlc": [921727, 5]}
INFO:<Node 6>:{"send": true, "recv": false, "from": 6, "to": 0, "vc": [13, 11, 7, 10, 10, 9, 17, 7, 7, 12], "hlc": [921726, 8]}
INFO:<Node 7>:{"send": true, "recv": false, "from": 7, "to": 3, "vc": [2, 6, 4, 4, 0, 3, 10, 9, 0, 5], "hlc": [921724, 0]}
INFO:<Node 0>:{"send": false, "recv": true, "to": 0, "from": 6, "vc": [16, 11, 7, 10, 10, 9, 17, 8, 7, 12], "hlc": [921728, 0]}
INFO:<Node 3>:{"send": false, "recv": true, "to": 3, "from": 7, "vc": [14, 11, 10, 17, 11, 8, 12, 9, 12, 15], "hlc": [921727, 6]}
INFO:<Node 8>:{"send": false, "recv": true, "to": 8, "from": 2, "vc": [10, 13, 14, 13, 13, 11, 14, 7, 14, 8], "hlc": [921728, 1]}
INFO:<Node 8>:{"send": false, "recv": true, "to": 8, "from": 3, "vc": [14, 13, 14, 16, 13, 11, 14, 7, 15, 15], "hlc": [921728, 2]}
INFO:<Node 9>:{"send": false, "recv": true, "to": 9, "from": 1, "vc": [14, 14, 7, 10, 10, 8, 14, 7, 11, 16], "hlc": [921727, 4]}
INFO:<Node 0>:{"send": true, "recv": false, "from": 0, "to": 5, "vc": [17, 11, 7, 10, 10, 9, 17, 8, 7, 12], "hlc": [921728, 1]}
INFO:<Node 3>:{"send": true, "recv": false, "from": 3, "to": 9, "vc": [14, 11, 10, 18, 11, 8, 12, 9, 12, 15], "hlc": [921727, 7]}
INFO:<Node 4>:{"send": true, "recv": false, "from": 4, "to": 9, "vc": [10, 9, 10, 13, 14, 6, 10, 7, 5, 5], "hlc": [921725, 14]}
INFO:<Node 7>:{"send": true, "recv": false, "from": 7, "to": 0, "vc": [2, 6, 4, 4, 0, 3, 10, 10, 0, 5], "hlc": [921724, 1]}
INFO:<Node 8>:{"send": true, "recv": false, "from": 8, "to": 6, "vc": [14, 13, 14, 16, 13, 11, 14, 7, 16, 15], "hlc": [921728, 3]}
INFO:<Node 9>:{"send": true, "recv": false, "from": 9, "to": 0, "vc": [14, 14, 7, 10, 10, 8, 14, 7, 11, 17], "hlc": [921727, 5]}
INFO:<Node 0>:{"send": false, "recv": true, "to": 0, "from": 7, "vc": [18, 11, 7, 10, 10, 9, 17, 10, 7, 12], "hlc": [921729, 0]}
INFO:<Node 0>:{"send": false, "recv": true, "to": 0, "from": 9, "vc": [19, 14, 7, 10, 10, 9, 17, 10, 11, 17], "hlc": [921729, 1]}
INFO:<Node 5>:{"send": false, "recv": true, "to": 5, "from": 0, "vc": [17, 11, 11, 10, 10, 12, 17, 8, 7, 12], "hlc": [921728, 2]}
INFO:<Node 6>:{"send": false, "recv": true, "to": 6, "from": 8, "vc": [14, 13, 14, 16, 13, 11, 18, 7, 16, 15], "hlc": [921728, 4]}
INFO:<Node 9>:{"send": false, "recv": true, "to": 9, "from": 3, "vc": [14, 14, 10, 18, 11, 8, 14, 9, 12, 18], "hlc": [921727, 8]}
INFO:<Node 9>:{"send": false, "recv": true, "to": 9, "from": 4, "vc": [14, 14, 10, 18, 14, 8, 14, 9, 12, 19], "hlc": [921727, 9]}
INFO:<Node 1>:{"send": true, "recv": false, "from": 1, "to": 0, "vc": [7, 15, 4, 6, 6, 7, 14, 4, 7, 8], "hlc": [921725, 11]}
INFO:<Node 2>:{"send": true, "recv": false, "from": 2, "to": 6, "vc": [10, 13, 15, 6, 9, 11, 14, 4, 7, 8], "hlc": [921728, 0]}
INFO:<Node 3>:{"send": true, "recv": false, "from": 3, "to": 6, "vc": [14, 11, 10, 19, 11, 8, 12, 9, 12, 15], "hlc": [921727, 8]}
INFO:<Node 4>:{"send": true, "recv": false, "from": 4, "to": 9, "vc": [10, 9, 10, 13, 15, 6, 10, 7, 5, 5], "hlc": [921725, 15]}
INFO:<Node 5>:{"send": true, "recv": false, "from": 5, "to": 9, "vc": [17, 11, 11, 10, 10, 13, 17, 8, 7, 12], "hlc": [921728, 3]}
INFO:<Node 8>:{"send": true, "recv": false, "from": 8, "to": 1, "vc": [14, 13, 14, 16, 13, 11, 14, 7, 17, 15], "hlc": [921729, 0]}
INFO:<Node 0>:{"send": false, "recv": true, "to": 0, "from": 1, "vc": [20, 15, 7, 10, 10, 9, 17, 10, 11, 17], "hlc": [921729, 2]}
INFO:<Node 1>:{"send": false, "recv": true, "to": 1, "from": 8, "vc": [14, 16, 14, 16, 13, 11, 14, 7, 17, 15], "hlc": [921729, 1]}
INFO:<Node 6>:{"send": false, "recv": true, "to": 6, "from": 2, "vc": [14, 13, 15, 16, 13, 11, 19, 7, 16, 15], "hlc": [921728, 5]}
INFO:<Node 6>:{"send": false, "recv": true, "to": 6, "from": 3, "vc": [14, 13, 15, 19, 13, 11, 20, 9, 16, 15], "hlc": [921728, 6]}
INFO:<Node 9>:{"send": false, "recv": true, "to": 9, "from": 4, "vc": [14, 14, 10, 18, 15, 8, 14, 9, 12, 20], "hlc": [921727, 10]}
INFO:<Node 9>:{"send": false, "recv": true, "to": 9, "from": 5, "vc": [17, 14, 11, 18, 15, 13, 17, 9, 12, 21], "hlc": [921728, 4]}
INFO:<Node 0>:{"send": true, "recv": false, "from": 0, "to": 9, "vc": [21, 15, 7, 10, 10, 9, 17, 10, 11, 17], "hlc": [921729, 3]}
INFO:<Node 1>:{"send": true, "recv": false, "from": 1, "to": 9, "vc": [14, 17, 14, 16, 13, 11, 14, 7, 17, 15], "hlc": [921729, 2]}
INFO:<Node 2>:{"send": true, "recv": false, "from": 2, "to": 5, "vc": [10, 13, 16, 6, 9, 11, 14, 4, 7, 8], "hlc": [921728, 1]}
INFO:<Node 3>:{"send": true, "recv": false, "from": 3, "to": 0, "vc": [14, 11, 10, 20, 11, 8, 12, 9, 12, 15], "hlc": [921727, 9]}
INFO:<Node 6>:{"send": true, "recv": false, "from": 6, "to": 2, "vc": [14, 13, 15, 19, 13, 11, 21, 9, 16, 15], "hlc": [921728, 7]}
INFO:<Node 8>:{"send": true, "recv": false, "from": 8, "to": 7, "vc": [14, 13, 14, 16, 13, 11, 14, 7, 18, 15], "hlc": [921729, 1]}
INFO:<Node 9>:{"send": true, "recv": false, "from": 9, "to": 1, "vc": [17, 14, 11, 18, 15, 13, 17, 9, 12, 22], "hlc": [921728, 5]}
INFO:<Node 0>:{"send": false, "recv": true, "to": 0, "from": 3, "vc": [22, 15, 10, 20, 11, 9, 17, 10, 12, 17], "hlc": [921730, 0]}
INFO:<Node 1>:{"send": false, "recv": true, "to": 1, "from": 9, "vc": [17, 18, 14, 18, 15, 13, 17, 9, 17, 22], "hlc": [921729, 3]}
INFO:<Node 2>:{"send": false, "recv": true, "to": 2, "from": 6, "vc": [14, 13, 17, 19, 13, 11, 21, 9, 16, 15], "hlc": [921729, 0]}
INFO:<Node 5>:{"send": false, "recv": true, "to": 5, "from": 2, "vc": [17, 13, 16, 10, 10, 14, 17, 8, 7, 12], "hlc": [921728, 4]}
INFO:<Node 7>:{"send": false, "recv": true, "to": 7, "from": 8, "vc": [14, 13, 14, 16, 13, 11, 14, 11, 18, 15], "hlc": [921729, 2]}
INFO:<Node 9>:{"send": false, "recv": true, "to": 9, "from": 0, "vc": [21, 15, 11, 18, 15, 13, 17, 10, 12, 23], "hlc": [921729, 4]}
INFO:<Node 9>:{"send": false, "recv": true, "to": 9, "from": 1, "vc": [21, 17, 14, 18, 15, 13, 17, 10, 17, 24], "hlc": [921729, 5]}
INFO:<Node 1>:{"send": true, "recv": false, "from": 1, "to": 0, "vc": [17, 19, 14, 18, 15, 13, 17, 9, 17, 22], "hlc": [921729, 4]}
INFO:<Node 4>:{"send": true, "recv": false, "from": 4, "to": 8, "vc": [10, 9, 10, 13, 16, 6, 10, 7, 5, 5], "hlc": [921725, 16]}
INFO:<Node 6>:{"send": true, "recv": false, "from": 6, "to": 2, "vc": [14, 13, 15, 19, 13, 11, 22, 9, 16, 15], "hlc": [921728, 8]}
INFO:<Node 7>:{"send": true, "recv": false, "from": 7, "to": 3, "vc": [14, 13, 14, 16, 13, 11, 14, 12, 18, 15], "hlc": [921729, 3]}
INFO:<Node 8>:{"send": true, "recv": false, "from": 8, "to": 5, "vc": [14, 13, 14, 16, 13, 11, 14, 7, 19, 15], "hlc": [921730, 0]}
INFO:<Node 9>:{"send": true, "recv": false, "from": 9, "to": 2, "vc": [21, 17, 14, 18, 15, 13, 17, 10, 17, 25], "hlc": [921729, 6]}
INFO:<Node 0>:{"send": false, "recv": true, "to": 0, "from": 1, "vc": [23, 19, 14, 20, 15, 13, 17, 10, 17, 22], "hlc": [921730, 1]}
INFO:<Node 2>:{"send": false, "recv": true, "to": 2, "from": 6, "vc": [14, 13, 18, 19, 13, 11, 22, 9, 16, 15], "hlc": [921729, 1]}
INFO:<Node 2>:{"send": false, "recv": true, "to": 2, "from": 9, "vc": [21, 17, 19, 19, 15, 13, 22, 10, 17, 25], "hlc": [921729, 7]}
INFO:<Node 3>:{"send": false, "recv": true, "to": 3, "from": 7, "vc": [14, 13, 14, 21, 13, 11, 14, 12, 18, 15], "hlc": [921729, 4]}
INFO:<Node 5>:{"send": false, "recv": true, "to": 5, "from": 8, "vc": [17, 13, 16, 16, 13, 15, 17, 8, 19, 15], "hlc": [921730, 1]}
INFO:<Node 8>:{"send": false, "recv": true, "to": 8, "from": 4, "vc": [14, 13, 14, 16, 16, 11, 14, 7, 20, 15], "hlc": [921730, 1]}
INFO:<Node 0>:{"send": true, "recv": false, "from": 0, "to": 9, "vc": [24, 19, 14, 20, 15, 13, 17, 10, 17, 22], "hlc": [921730, 2]}
INFO:<Node 1>:{"send": true, "recv": false, "from": 1, "to": 0, "vc": [17, 20, 14, 18, 15, 13, 17, 9, 17, 22], "hlc": [921729, 5]}
INFO:<Node 3>:{"send": true, "recv": false, "from": 3, "to": 4, "vc": [14, 13, 14, 22, 13, 11, 14, 12, 18, 15], "hlc": [921729, 5]}
INFO:<Node 4>:{"send": true, "recv": false, "from": 4, "to": 8, "vc": [10, 9, 10, 13, 17, 6, 10, 7, 5, 5], "hlc": [921725, 17]}
INFO:<Node 5>:{"send": true, "recv": false, "from": 5, "to": 2, "vc": [17, 13, 16, 16, 13, 16, 17, 8, 19, 15], "hlc": [921730, 2]}
INFO:<Node 7>:{"send": true, "recv": false, "from": 7, "to": 2, "vc": [14, 13, 14, 16, 13, 11, 14, 13, 18, 15], "hlc": [921729, 4]}
INFO:<Node 8>:{"send": true, "recv": false, "from": 8, "to": 5, "vc": [14, 13, 14, 16, 16, 11, 14, 7, 21, 15], "hlc": [921730, 2]}
INFO:<Node 9>:{"send": true, "recv": false, "from": 9, "to": 5, "vc": [21, 17, 14, 18, 15, 13, 17, 10, 17, 26], "hlc": [921729, 7]}
INFO:<Node 0>:{"send": false, "recv": true, "to": 0, "from": 1, "vc": [25, 20, 14, 20, 15, 13, 17, 10, 17, 22], "hlc": [921731, 0]}
INFO:<Node 2>:{"send": false, "recv": true, "to": 2, "from": 5, "vc": [21, 17, 20, 19, 15, 16, 22, 10, 19, 25], "hlc": [921730, 3]}
INFO:<Node 2>:{"send": false, "recv": true, "to": 2, "from": 7, "vc": [21, 17, 21, 19, 15, 16, 22, 13, 19, 25], "hlc": [921730, 4]}
INFO:<Node 4>:{"send": false, "recv": true, "to": 4, "from": 3, "vc": [14, 13, 14, 22, 18, 11, 14, 12, 18, 15], "hlc": [921729, 6]}
INFO:<Node 5>:{"send": false, "recv": true, "to": 5, "from": 8, "vc": [17, 13, 16, 16, 16, 17, 17, 8, 21, 15], "hlc": [921730, 3]}
INFO:<Node 5>:{"send": false, "recv": true, "to": 5, "from": 9, "vc": [21, 17, 16, 18, 16, 18, 17, 10, 21, 26], "hlc": [921730, 4]}
INFO:<Node 8>:{"send": false, "recv": true, "to": 8, "from": 4, "vc": [14, 13, 14, 16, 17, 11, 14, 7, 22, 15], "hlc": [921731, 0]}
INFO:<Node 9>:{"send": false, "recv": true, "to": 9, "from": 0, "vc": [24, 19, 14, 20, 15, 13, 17, 10, 17, 27], "hlc": [921730, 3]}
INFO:<Node 6>:{"send": true, "recv": false, "from": 6, "to": 0, "vc": [14, 13, 15, 19, 13, 11, 23, 9, 16, 15], "hlc": [921728, 9]}
INFO:<Node 7>:{"send": true, "recv": false, "from": 7, "to": 8, "vc": [14, 13, 14, 16, 13, 11, 14, 14, 18, 15], "hlc": [921729, 5]}
INFO:<Node 8>:{"send": true, "recv": false, "from": 8, "to": 4, "vc": [14, 13, 14, 16, 17, 11, 14, 7, 23, 15], "hlc": [921731, 1]}
INFO:<Node 0>:{"send": false, "recv": true, "to": 0, "from": 6, "vc": [26, 20, 15, 20, 15, 13, 23, 10, 17, 22], "hlc": [921731, 1]}
INFO:<Node 4>:{"send": false, "recv": true, "to": 4, "from": 8, "vc": [14, 13, 14, 22, 19, 11, 14, 12, 23, 15], "hlc": [921731, 2]}
INFO:<Node 8>:{"send": false, "recv": true, "to": 8, "from": 7, "vc": [14, 13, 14, 16, 17, 11, 14, 14, 24, 15], "hlc": [921731, 2]}
INFO:<Node 0>:{"send": true, "recv": false, "from": 0, "to": 5, "vc": [27, 20, 15, 20, 15, 13, 23, 10, 17, 22], "hlc": [921731, 2]}
INFO:<Node 2>:{"send": true, "recv": false, "from": 2, "to": 6, "vc": [21, 17, 22, 19, 15, 16, 22, 13, 19, 25], "hlc": [921731, 0]}
INFO:<Node 5>:{"send": true, "recv": false, "from": 5, "to": 8, "vc": [21, 17, 16, 18, 16, 19, 17, 10, 21, 26], "hlc": [921730, 5]}
INFO:<Node 6>:{"send": true, "recv": false, "from": 6, "to": 4, "vc": [14, 13, 15, 19, 13, 11, 24, 9, 16, 15], "hlc": [921728, 10]}
INFO:<Node 8>:{"send": true, "recv": false, "from": 8, "to": 3, "vc": [14, 13, 14, 16, 17, 11, 14, 14, 25, 15], "hlc": [921731, 3]}
INFO:<Node 3>:{"send": false, "recv": true, "to": 3, "from": 8, "vc": [14, 13, 14, 23, 17, 11, 14, 14, 25, 15], "hlc": [921731, 4]}
INFO:<Node 4>:{"send": false, "recv": true, "to": 4, "from": 6, "vc": [14, 13, 15, 22, 20, 11, 24, 12, 23, 15], "hlc": [921731, 3]}
INFO:<Node 5>:{"send": false, "recv": true, "to": 5, "from": 0, "vc": [27, 20, 16, 20, 16, 20, 23, 10, 21, 26], "hlc": [921731, 3]}
INFO:<Node 6>:{"send": false, "recv": true, "to": 6, "from": 2, "vc": [21, 17, 22, 19, 15, 16, 25, 13, 19, 25], "hlc": [921731, 1]}
INFO:<Node 8>:{"send": false, "recv": true, "to": 8, "from": 5, "vc": [21, 17, 16, 18, 17, 19, 17, 14, 26, 26], "hlc": [921732, 0]}
INFO:<Node 1>:{"send": true, "recv": false, "from": 1, "to": 4, "vc": [17, 21, 14, 18, 15, 13, 17, 9, 17, 22], "hlc": [921729, 6]}
INFO:<Node 2>:{"send": true, "recv": false, "from": 2, "to": 9, "vc": [21, 17, 23, 19, 15, 16, 22, 13, 19, 25], "hlc": [921731, 1]}
INFO:<Node 3>:{"send": true, "recv": false, "from": 3, "to": 5, "vc": [14, 13, 14, 24, 17, 11, 14, 14, 25, 15], "hlc": [921731, 5]}
INFO:<Node 4>:{"send": true, "recv": false, "from": 4, "to": 7, "vc": [14, 13, 15, 22, 21, 11, 24, 12, 23, 15], "hlc": [921731, 4]}
INFO:<Node 6>:{"send": true, "recv": false, "from": 6, "to": 0, "vc": [21, 17, 22, 19, 15, 16, 26, 13, 19, 25], "hlc": [921731, 2]}
INFO:<Node 7>:{"send": true, "recv": false, "from": 7, "to": 3, "vc": [14, 13, 14, 16, 13, 11, 14, 15, 18, 15], "hlc": [921729, 6]}
INFO:<Node 8>:{"send": true, "recv": false, "from": 8, "to": 6, "vc": [21, 17, 16, 18, 17, 19, 17, 14, 27, 26], "hlc": [921732, 1]}
INFO:<Node 9>:{"send": true, "recv": false, "from": 9, "to": 1, "vc": [24, 19, 14, 20, 15, 13, 17, 10, 17, 28], "hlc": [921730, 4]}
INFO:<Node 0>:{"send": false, "recv": true, "to": 0, "from": 6, "vc": [28, 20, 22, 20, 15, 16, 26, 13, 19, 25], "hlc": [921732, 0]}
INFO:<Node 1>:{"send": false, "recv": true, "to": 1, "from": 9, "vc": [24, 22, 14, 20, 15, 13, 17, 10, 17, 28], "hlc": [921730, 5]}
INFO:<Node 3>:{"send": false, "recv": true, "to": 3, "from": 7, "vc": [14, 13, 14, 25, 17, 11, 14, 15, 25, 15], "hlc": [921731, 6]}
INFO:<Node 4>:{"send": false, "recv": true, "to": 4, "from": 1, "vc": [17, 21, 15, 22, 22, 13, 24, 12, 23, 22], "hlc": [921731, 5]}
INFO:<Node 5>:{"send": false, "recv": true, "to": 5, "from": 3, "vc": [27, 20, 16, 24, 17, 21, 23, 14, 25, 26], "hlc": [921731, 6]}
INFO:<Node 6>:{"send": false, "recv": true, "to": 6, "from": 8, "vc": [21, 17, 22, 19, 17, 19, 27, 14, 27, 26], "hlc": [921732, 2]}
INFO:<Node 7>:{"send": false, "recv": true, "to": 7, "from": 4, "vc": [14, 13, 15, 22, 21, 11, 24, 16, 23, 15], "hlc": [921731, 5]}
INFO:<Node 9>:{"send": false, "recv": true, "to": 9, "from": 2, "vc": [24, 19, 23, 20, 15, 16, 22, 13, 19, 29], "hlc": [921731, 2]}
INFO:<Node 1>:{"send": true, "recv": false, "from": 1, "to": 9, "vc": [24, 23, 14, 20, 15, 13, 17, 10, 17, 28], "hlc": [921730, 6]}
INFO:<Node 2>:{"send": true, "recv": false, "from": 2, "to": 0, "vc": [21, 17, 24, 19, 15, 16, 22, 13, 19, 25], "hlc": [921732, 0]}
INFO:<Node 5>:{"send": true, "recv": false, "from": 5, "to": 4, "vc": [27, 20, 16, 24, 17, 22, 23, 14, 25, 26], "hlc": [921731, 7]}
INFO:<Node 8>:{"send": true, "recv": false, "from": 8, "to": 4, "vc": [21, 17, 16, 18, 17, 19, 17, 14, 28, 26], "hlc": [921732, 2]}
INFO:<Node 0>:{"send": false, "recv": true, "to": 0, "from": 2, "vc": [29, 20, 24, 20, 15, 16, 26, 13, 19, 25], "hlc": [921733, 0]}
INFO:<Node 4>:{"send": false, "recv": true, "to": 4, "from": 5, "vc": [27, 21, 16, 24, 23, 22, 24, 14, 25, 26], "hlc": [921731, 8]}
INFO:<Node 4>:{"send": false, "recv": true, "to": 4, "from": 8, "vc": [27, 21, 16, 24, 24, 22, 24, 14, 28, 26], "hlc": [921732, 3]}
INFO:<Node 9>:{"send": false, "recv": true, "to": 9, "from": 1, "vc": [24, 23, 23, 20, 15, 16, 22, 13, 19, 30], "hlc": [921731, 3]}
INFO:<Node 3>:{"send": true, "recv": false, "from": 3, "to": 5, "vc": [14, 13, 14, 26, 17, 11, 14, 15, 25, 15], "hlc": [921731, 7]}
INFO:<Node 4>:{"send": true, "recv": false, "from": 4, "to": 8, "vc": [27, 21, 16, 24, 25, 22, 24, 14, 28, 26], "hlc": [921732, 4]}
INFO:<Node 5>:{"send": true, "recv": false, "from": 5, "to": 0, "vc": [27, 20, 16, 24, 17, 23, 23, 14, 25, 26], "hlc": [921731, 8]}
INFO:<Node 6>:{"send": true, "recv": false, "from": 6, "to": 3, "vc": [21, 17, 22, 19, 17, 19, 28, 14, 27, 26], "hlc": [921732, 3]}
INFO:<Node 7>:{"send": true, "recv": false, "from": 7, "to": 1, "vc": [14, 13, 15, 22, 21, 11, 24, 17, 23, 15], "hlc": [921731, 6]}
INFO:<Node 0>:{"send": false, "recv": true, "to": 0, "from": 5, "vc": [30, 20, 24, 24, 17, 23, 26, 14, 25, 26], "hlc": [921733, 1]}
INFO:<Node 1>:{"send": false, "recv": true, "to": 1, "from": 7, "vc": [24, 24, 15, 22, 21, 13, 24, 17, 23, 28], "hlc": [921731, 7]}
INFO:<Node 3>:{"send": false, "recv": true, "to": 3, "from": 6, "vc": [21, 17, 22, 27, 17, 19, 28, 15, 27, 26], "hlc": [921732, 4]}
INFO:<Node 5>:{"send": false, "recv": true, "to": 5, "from": 3, "vc": [27, 20, 16, 26, 17, 24, 23, 15, 25, 26], "hlc": [921731, 9]}
INFO:<Node 8>:{"send": false, "recv": true, "to": 8, "from": 4, "vc": [27, 21, 16, 24, 25, 22, 24, 14, 29, 26], "hlc": [921733, 0]}
INFO:<Node 0>:{"send": true, "recv": false, "from": 0, "to": 3, "vc": [31, 20, 24, 24, 17, 23, 26, 14, 25, 26], "hlc": [921733, 2]}
INFO:<Node 3>:{"send": true, "recv": false, "from": 3, "to": 5, "vc": [21, 17, 22, 28, 17, 19, 28, 15, 27, 26], "hlc": [921732, 5]}
INFO:<Node 4>:{"send": true, "recv": false, "from": 4, "to": 6, "vc": [27, 21, 16, 24, 26, 22, 24, 14, 28, 26], "hlc": [921732, 5]}
INFO:<Node 5>:{"send": true, "recv": false, "from": 5, "to": 2, "vc": [27, 20, 16, 26, 17, 25, 23, 15, 25, 26], "hlc": [921731, 10]}
INFO:<Node 6>:{"send": true, "recv": false, "from": 6, "to": 8, "vc": [21, 17, 22, 19, 17, 19, 29, 14, 27, 26], "hlc": [921732, 4]}
INFO:<Node 9>:{"send": true, "recv": false, "from": 9, "to": 2, "vc": [24, 23, 23, 20, 15, 16, 22, 13, 19, 31], "hlc": [921731, 4]}
INFO:<Node 2>:{"send": false, "recv": true, "to": 2, "from": 5, "vc": [27, 20, 25, 26, 17, 25, 23, 15, 25, 26], "hlc": [921733, 0]}
INFO:<Node 2>:{"send": false, "recv": true, "to": 2, "from": 9, "vc": [27, 23, 26, 26, 17, 25, 23, 15, 25, 31], "hlc": [921733, 1]}
INFO:<Node 3>:{"send": false, "recv": true, "to": 3, "from": 0, "vc": [31, 20, 24, 29, 17, 23, 28, 15, 27, 26], "hlc": [921733, 3]}
INFO:<Node 5>:{"send": false, "recv": true, "to": 5, "from": 3, "vc": [27, 20, 22, 28, 17, 26, 28, 15, 27, 26], "hlc": [921732, 6]}
INFO:<Node 6>:{"send": false, "recv": true, "to": 6, "from": 4, "vc": [27, 21, 22, 24, 26, 22, 30, 14, 28, 26], "hlc": [921732, 6]}
INFO:<Node 8>:{"send": false, "recv": true, "to": 8, "from": 6, "vc": [27, 21, 22, 24, 25, 22, 29, 14, 30, 26], "hlc": [921734, 0]}
INFO:<Node 0>:{"send": true, "recv": false, "from": 0, "to": 1, "vc": [32, 20, 24, 24, 17, 23, 26, 14, 25, 26], "hlc": [921734, 0]}
INFO:<Node 2>:{"send": true, "recv": false, "from": 2, "to": 8, "vc": [27, 23, 27, 26, 17, 25, 23, 15, 25, 31], "hlc": [921733, 2]}
INFO:<Node 3>:{"send": true, "recv": false, "from": 3, "to": 4, "vc": [31, 20, 24, 30, 17, 23, 28, 15, 27, 26], "hlc": [921733, 4]}
INFO:<Node 6>:{"send": true, "recv": false, "from": 6, "to": 3, "vc": [27, 21, 22, 24, 26, 22, 31, 14, 28, 26], "hlc": [921732, 7]}
INFO:<Node 1>:{"send": false, "recv": true, "to": 1, "from": 0, "vc": [32, 25, 24, 24, 21, 23, 26, 17, 25, 28], "hlc": [921734, 1]}
INFO:<Node 3>:{"send": false, "recv": true, "to": 3, "from": 6, "vc": [31, 21, 24, 31, 26, 23, 31, 15, 28, 26], "hlc": [921733, 5]}
INFO:<Node 4>:{"send": false, "recv": true, "to": 4, "from": 3, "vc": [31, 21, 24, 30, 27, 23, 28, 15, 28, 26], "hlc": [921733, 5]}
INFO:<Node 8>:{"send": false, "recv": true, "to": 8, "from": 2, "vc": [27, 23, 27, 26, 25, 25, 29, 15, 31, 31], "hlc": [921734, 1]}
INFO:<Node 1>:{"send": true, "recv": false, "from": 1, "to": 9, "vc": [32, 26, 24, 24, 21, 23, 26, 17, 25, 28], "hlc": [921734, 2]}
INFO:<Node 2>:{"send": true, "recv": false, "from": 2, "to": 3, "vc": [27, 23, 28, 26, 17, 25, 23, 15, 25, 31], "hlc": [921734, 0]}
INFO:<Node 3>:{"send": true, "recv": false, "from": 3, "to": 2, "vc": [31, 21, 24, 32, 26, 23, 31, 15, 28, 26], "hlc": [921733, 6]}
INFO:<Node 6>:{"send": true, "recv": false, "from": 6, "to": 0, "vc": [27, 21, 22, 24, 26, 22, 32, 14, 28, 26], "hlc": [921732, 8]}
INFO:<Node 8>:{"send": true, "recv": false, "from": 8, "to": 4, "vc": [27, 23, 27, 26, 25, 25, 29, 15, 32, 31], "hlc": [921734, 2]}
INFO:<Node 9>:{"send": true, "recv": false, "from": 9, "to": 7, "vc": [24, 23, 23, 20, 15, 16, 22, 13, 19, 32], "hlc": [921732, 0]}
INFO:<Node 0>:{"send": false, "recv": true, "to": 0, "from": 6, "vc": [33, 21, 24, 24, 26, 23, 32, 14, 28, 26], "hlc": [921735, 0]}
INFO:<Node 2>:{"send": false, "recv": true, "to": 2, "from": 3, "vc": [31, 23, 29, 32, 26, 25, 31, 15, 28, 31], "hlc": [921734, 1]}
INFO:<Node 3>:{"send": false, "recv": true, "to": 3, "from": 2, "vc": [31, 23, 28, 33, 26, 25, 31, 15, 28, 31], "hlc": [921734, 1]}
INFO:<Node 4>:{"send": false, "recv": true, "to": 4, "from": 8, "vc": [31, 23, 27, 30, 28, 25, 29, 15, 32, 31], "hlc": [921734, 3]}
INFO:<Node 7>:{"send": false, "recv": true, "to": 7, "from": 9, "vc": [24, 23, 23, 22, 21, 16, 24, 18, 23, 32], "hlc": [921732, 1]}
INFO:<Node 9>:{"send": false, "recv": true, "to": 9, "from": 1, "vc": [32, 26, 24, 24, 21, 23, 26, 17, 25, 33], "hlc": [921734, 3]}
INFO:<Node 0>:{"send": true, "recv": false, "from": 0, "to": 5, "vc": [34, 21, 24, 24, 26, 23, 32, 14, 28, 26], "hlc": [921735, 1]}
INFO:<Node 1>:{"send": true, "recv": false, "from": 1, "to": 6, "vc": [32, 27, 24, 24, 21, 23, 26, 17, 25, 28], "hlc": [921734, 3]}
INFO:<Node 3>:{"send": true, "recv": false, "from": 3, "to": 1, "vc": [31, 23, 28, 34, 26, 25, 31, 15, 28, 31], "hlc": [921734, 2]}
INFO:<Node 4>:{"send": true, "recv": false, "from": 4, "to": 0, "vc": [31, 23, 27, 30, 29, 25, 29, 15, 32, 31], "hlc": [921734, 4]}
INFO:<Node 5>:{"send": true, "recv": false, "from": 5, "to": 7, "vc": [27, 20, 22, 28, 17, 27, 28, 15, 27, 26], "hlc": [921732, 7]}
INFO:<Node 8>:{"send": true, "recv": false, "from": 8, "to": 2, "vc": [27, 23, 27, 26, 25, 25, 29, 15, 33, 31], "hlc": [921735, 0]}
INFO:<Node 9>:{"send": true, "recv": false, "from": 9, "to": 4, "vc": [32, 26, 24, 24, 21, 23, 26, 17, 25, 34], "hlc": [921734, 4]}
INFO:<Node 0>:{"send": false, "recv": true, "to": 0, "from": 4, "vc": [35, 23, 27, 30, 29, 25, 32, 15, 32, 31], "hlc": [921735, 2]}
INFO:<Node 1>:{"send": false, "recv": true, "to": 1, "from": 3, "vc": [32, 28, 28, 34, 26, 25, 31, 17, 28, 31], "hlc": [921734, 4]}
INFO:<Node 2>:{"send": false, "recv": true, "to": 2, "from": 8, "vc": [31, 23, 30, 32, 26, 25, 31, 15, 33, 31], "hlc": [921735, 1]}
INFO:<Node 4>:{"send": false, "recv": true, "to": 4, "from": 9, "vc": [32, 26, 27, 30, 30, 25, 29, 17, 32, 34], "hlc": [921734, 5]}
INFO:<Node 5>:{"send": false, "recv": true, "to": 5, "from": 0, "vc": [34, 21, 24, 28, 26, 28, 32, 15, 28, 26], "hlc": [921735, 2]}
INFO:<Node 6>:{"send": false, "recv": true, "to": 6, "from": 1, "vc": [32, 27, 24, 24, 26, 23, 33, 17, 28, 28], "hlc": [921734, 4]}
INFO:<Node 7>:{"send": false, "recv": true, "to": 7, "from": 5, "vc": [27, 23, 23, 28, 21, 27, 28, 19, 27, 32], "hlc": [921732, 8]}
INFO:<Node 0>:{"send": true, "recv": false, "from": 0, "to": 2, "vc": [36, 23, 27, 30, 29, 25, 32, 15, 32, 31], "hlc": [921735, 3]}
INFO:<Node 1>:{"send": true, "recv": false, "from": 1, "to": 8, "vc": [32, 29, 28, 34, 26, 25, 31, 17, 28, 31], "hlc": [921734, 5]}
INFO:<Node 2>:{"send": true, "recv": false, "from": 2, "to": 7, "vc": [31, 23, 31, 32, 26, 25, 31, 15, 33, 31], "hlc": [921735, 2]}
INFO:<Node 6>:{"send": true, "recv": false, "from": 6, "to": 3, "vc": [32, 27, 24, 24, 26, 23, 34, 17, 28, 28], "hlc": [921734, 5]}
INFO:<Node 9>:{"send": true, "recv": false, "from": 9, "to": 5, "vc": [32, 26, 24, 24, 21, 23, 26, 17, 25, 35], "hlc": [921734, 5]}
INFO:<Node 2>:{"send": false, "recv": true, "to": 2, "from": 0, "vc": [36, 23, 32, 32, 29, 25, 32, 15, 33, 31], "hlc": [921735, 4]}
INFO:<Node 3>:{"send": false, "recv": true, "to": 3, "from": 6, "vc": [32, 27, 28, 35, 26, 25, 34, 17, 28, 31], "hlc": [921734, 6]}
INFO:<Node 5>:{"send": false, "recv": true, "to": 5, "from": 9, "vc": [34, 26, 24, 28, 26, 29, 32, 17, 28, 35], "hlc": [921735, 3]}
INFO:<Node 7>:{"send": false, "recv": true, "to": 7, "from": 2, "vc": [31, 23, 31, 32, 26, 27, 31, 20, 33, 32], "hlc": [921735, 3]}
INFO:<Node 8>:{"send": false, "recv": true, "to": 8, "from": 1, "vc": [32, 29, 28, 34, 26, 25, 31, 17, 34, 31], "hlc": [921736, 0]}
INFO:<Node 1>:{"send": true, "recv": false, "from": 1, "to": 3, "vc": [32, 30, 28, 34, 26, 25, 31, 17, 28, 31], "hlc": [921734, 6]}
INFO:<Node 2>:{"send": true, "recv": false, "from": 2, "to": 4, "vc": [36, 23, 33, 32, 29, 25, 32, 15, 33, 31], "hlc": [921735, 5]}
INFO:<Node 3>:{"send": true, "recv": false, "from": 3, "to": 9, "vc": [32, 27, 28, 36, 26, 25, 34, 17, 28, 31], "hlc": [921734, 7]}
INFO:<Node 4>:{"send": true, "recv": false, "from": 4, "to": 3, "vc": [32, 26, 27, 30, 31, 25, 29, 17, 32, 34], "hlc": [921734, 6]}
INFO:<Node 6>:{"send": true, "recv": false, "from": 6, "to": 1, "vc": [32, 27, 24, 24, 26, 23, 35, 17, 28, 28], "hlc": [921734, 6]}
INFO:<Node 7>:{"send": true, "recv": false, "from": 7, "to": 6, "vc": [31, 23, 31, 32, 26, 27, 31, 21, 33, 32], "hlc": [921735, 4]}
INFO:<Node 8>:{"send": true, "recv": false, "from": 8, "to": 2, "vc": [32, 29, 28, 34, 26, 25, 31, 17, 35, 31], "hlc": [921736, 1]}
INFO:<Node 9>:{"send": true, "recv": false, "from": 9, "to": 3, "vc": [32, 26, 24, 24, 21, 23, 26, 17, 25, 36], "hlc": [921734, 6]}
INFO:<Node 1>:{"send": false, "recv": true, "to": 1, "from": 6, "vc": [32, 31, 28, 34, 26, 25, 35, 17, 28, 31], "hlc": [921734, 7]}
INFO:<Node 2>:{"send": false, "recv": true, "to": 2, "from": 8, "vc": [36, 29, 34, 34, 29, 25, 32, 17, 35, 31], "hlc": [921736, 2]}
INFO:<Node 3>:{"send": false, "recv": true, "to": 3, "from": 1, "vc": [32, 30, 28, 37, 26, 25, 34, 17, 28, 31], "hlc": [921734, 8]}
INFO:<Node 3>:{"send": false, "recv": true, "to": 3, "from": 4, "vc": [32, 30, 28, 38, 31, 25, 34, 17, 32, 34], "hlc": [921734, 9]}
INFO:<Node 3>:{"send": false, "recv": true, "to": 3, "from": 9, "vc": [32, 30, 28, 39, 31, 25, 34, 17, 32, 36], "hlc": [921734, 10]}
INFO:<Node 4>:{"send": false, "recv": true, "to": 4, "from": 2, "vc": [36, 26, 33, 32, 32, 25, 32, 17, 33, 34], "hlc": [921735, 6]}
INFO:<Node 6>:{"send": false, "recv": true, "to": 6, "from": 7, "vc": [32, 27, 31, 32, 26, 27, 36, 21, 33, 32], "hlc": [921735, 5]}
INFO:<Node 9>:{"send": false, "recv": true, "to": 9, "from": 3, "vc": [32, 27, 28, 36, 26, 25, 34, 17, 28, 37], "hlc": [921734, 8]}
INFO:<Node 0>:{"send": true, "recv": false, "from": 0, "to": 8, "vc": [37, 23, 27, 30, 29, 25, 32, 15, 32, 31], "hlc": [921736, 0]}
INFO:<Node 6>:{"send": true, "recv": false, "from": 6, "to": 7, "vc": [32, 27, 31, 32, 26, 27, 37, 21, 33, 32], "hlc": [921735, 6]}
INFO:<Node 7>:{"send": true, "recv": false, "from": 7, "to": 1, "vc": [31, 23, 31, 32, 26, 27, 31, 22, 33, 32], "hlc": [921735, 5]}
INFO:<Node 8>:{"send": true, "recv": false, "from": 8, "to": 3, "vc": [32, 29, 28, 34, 26, 25, 31, 17, 36, 31], "hlc": [921736, 2]}
INFO:<Node 1>:{"send": false, "recv": true, "to": 1, "from": 7, "vc": [32, 32, 31, 34, 26, 27, 35, 22, 33, 32], "hlc": [921735, 6]}
INFO:<Node 3>:{"send": false, "recv": true, "to": 3, "from": 8, "vc": [32, 30, 28, 40, 31, 25, 34, 17, 36, 36], "hlc": [921736, 3]}
INFO:<Node 7>:{"send": false, "recv": true, "to": 7, "from": 6, "vc": [32, 27, 31, 32, 26, 27, 37, 23, 33, 32], "hlc": [921735, 7]}
INFO:<Node 8>:{"send": false, "recv": true, "to": 8, "from": 0, "vc": [37, 29, 28, 34, 29, 25, 32, 17, 37, 31], "hlc": [921737, 0]}
INFO:<Node 1>:{"send": true, "recv": false, "from": 1, "to": 0, "vc": [32, 33, 31, 34, 26, 27, 35, 22, 33, 32], "hlc": [921735, 7]}
INFO:<Node 2>:{"send": true, "recv": false, "from": 2, "to": 3, "vc": [36, 29, 35, 34, 29, 25, 32, 17, 35, 31], "hlc": [921736, 3]}
INFO:<Node 3>:{"send": true, "recv": false, "from": 3, "to": 4, "vc": [32, 30, 28, 41, 31, 25, 34, 17, 36, 36], "hlc": [921736, 4]}
INFO:<Node 6>:{"send": true, "recv": false, "from": 6, "to": 8, "vc": [32, 27, 31, 32, 26, 27, 38, 21, 33, 32], "hlc": [921735, 7]}
INFO:<Node 8>:{"send": true, "recv": false, "from": 8, "to": 7, "vc": [37, 29, 28, 34, 29, 25, 32, 17, 38, 31], "hlc": [921737, 1]}
INFO:<Node 0>:{"send": false, "recv": true, "to": 0, "from": 1, "vc": [38, 33, 31, 34, 29, 27, 35, 22, 33, 32], "hlc": [921737, 0]}
INFO:<Node 3>:{"send": false, "recv": true, "to": 3, "from": 2, "vc": [36, 30, 35, 42, 31, 25, 34, 17, 36, 36], "hlc": [921736, 5]}
INFO:<Node 4>:{"send": false, "recv": true, "to": 4, "from": 3, "vc": [36, 30, 33, 41, 33, 25, 34, 17, 36, 36], "hlc": [921736, 5]}
INFO:<Node 7>:{"send": false, "recv": true, "to": 7, "from": 8, "vc": [37, 29, 31, 34, 29, 27, 37, 24, 38, 32], "hlc": [921737, 2]}
INFO:<Node 8>:{"send": false, "recv": true, "to": 8, "from": 6, "vc": [37, 29, 31, 34, 29, 27, 38, 21, 39, 32], "hlc": [921737, 2]}
INFO:<Node 0>:{"send": true, "recv": false, "from": 0, "to": 2, "vc": [39, 33, 31, 34, 29, 27, 35, 22, 33, 32], "hlc": [921737, 1]}
INFO:<Node 1>:{"send": true, "recv": false, "from": 1, "to": 5, "vc": [32, 34, 31, 34, 26, 27, 35, 22, 33, 32], "hlc": [921735, 8]}
INFO:<Node 3>:{"send": true, "recv": false, "from": 3, "to": 6, "vc": [36, 30, 35, 43, 31, 25, 34, 17, 36, 36], "hlc": [921736, 6]}
INFO:<Node 4>:{"send": true, "recv": false, "from": 4, "to": 3, "vc": [36, 30, 33, 41, 34, 25, 34, 17, 36, 36], "hlc": [921736, 6]}
INFO:<Node 5>:{"send": true, "recv": false, "from": 5, "to": 1, "vc": [34, 26, 24, 28, 26, 30, 32, 17, 28, 35], "hlc": [921735, 4]}
INFO:<Node 6>:{"send": true, "recv": false, "from": 6, "to": 5, "vc": [32, 27, 31, 32, 26, 27, 39, 21, 33, 32], "hlc": [921735, 8]}
INFO:<Node 9>:{"send": true, "recv": false, "from": 9, "to": 2, "vc": [32, 27, 28, 36, 26, 25, 34, 17, 28, 38], "hlc": [921735, 0]}
INFO:<Node 1>:{"send": false, "recv": true, "to": 1, "from": 5, "vc": [34, 35, 31, 34, 26, 30, 35, 22, 33, 35], "hlc": [921735, 9]}
INFO:<Node 2>:{"send": false, "recv": true, "to": 2, "from": 0, "vc": [39, 33, 36, 34, 29, 27, 35, 22, 35, 32], "hlc": [921737, 2]}
INFO:<Node 2>:{"send": false, "recv": true, "to": 2, "from": 9, "vc": [39, 33, 37, 36, 29, 27, 35, 22, 35, 38], "hlc": [921737, 3]}
INFO:<Node 3>:{"send": false, "recv": true, "to": 3, "from": 4, "vc": [36, 30, 35, 44, 34, 25, 34, 17, 36, 36], "hlc": [921736, 7]}
INFO:<Node 5>:{"send": false, "recv": true, "to": 5, "from": 1, "vc": [34, 34, 31, 34, 26, 31, 35, 22, 33, 35], "hlc": [921735, 9]}
INFO:<Node 5>:{"send": false, "recv": true, "to": 5, "from": 6, "vc": [34, 34, 31, 34, 26, 32, 39, 22, 33, 35], "hlc": [921735, 10]}
INFO:<Node 6>:{"send": false, "recv": true, "to": 6, "from": 3, "vc": [36, 30, 35, 43, 31, 27, 40, 21, 36, 36], "hlc": [921736, 7]}
INFO:<Node 5>:{"send": true, "recv": false, "from": 5, "to": 1, "vc": [34, 34, 31, 34, 26, 33, 39, 22, 33, 35], "hlc": [921735, 11]}
INFO:<Node 6>:{"send": true, "recv": false, "from": 6, "to": 7, "vc": [36, 30, 35, 43, 31, 27, 41, 21, 36, 36], "hlc": [921736, 8]}
INFO:<Node 8>:{"send": true, "recv": false, "from": 8, "to": 3, "vc": [37, 29, 31, 34, 29, 27, 38, 21, 40, 32], "hlc": [921738, 0]}
INFO:<Node 9>:{"send": true, "recv": false, "from": 9, "to": 0, "vc": [32, 27, 28, 36, 26, 25, 34, 17, 28, 39], "hlc": [921735, 1]}
INFO:<Node 0>:{"send": false, "recv": true, "to": 0, "from": 9, "vc": [40, 33, 31, 36, 29, 27, 35, 22, 33, 39], "hlc": [921738, 0]}
INFO:<Node 1>:{"send": false, "recv": true, "to": 1, "from": 5, "vc": [34, 36, 31, 34, 26, 33, 39, 22, 33, 35], "hlc": [921735, 12]}
INFO:<Node 3>:{"send": false, "recv": true, "to": 3, "from": 8, "vc": [37, 30, 35, 45, 34, 27, 38, 21, 40, 36], "hlc": [921738, 1]}
INFO:<Node 7>:{"send": false, "recv": true, "to": 7, "from": 6, "vc": [37, 30, 35, 43, 31, 27, 41, 25, 38, 36], "hlc": [921737, 3]}
INFO:<Node 1>:{"send": true, "recv": false, "from": 1, "to": 4, "vc": [34, 37, 31, 34, 26, 33, 39, 22, 33, 35], "hlc": [921735, 13]}
INFO:<Node 3>:{"send": true, "recv": false, "from": 3, "to": 8, "vc": [37, 30, 35, 46, 34, 27, 38, 21, 40, 36], "hlc": [921738, 2]}
INFO:<Node 4>:{"send": true, "recv": false, "from": 4, "to": 1, "vc": [36, 30, 33, 41, 35, 25, 34, 17, 36, 36], "hlc": [921736, 7]}
INFO:<Node 5>:{"send": true, "recv": false, "from": 5, "to": 3, "vc": [34, 34, 31, 34, 26, 34, 39, 22, 33, 35], "hlc": [921735, 12]}
INFO:<Node 6>:{"send": true, "recv": false, "from": 6, "to": 0, "vc": [36, 30, 35, 43, 31, 27, 42, 21, 36, 36], "hlc": [921736, 9]}
INFO:<Node 7>:{"send": true, "recv": false, "from": 7, "to": 8, "vc": [37, 30, 35, 43, 31, 27, 41, 26, 38, 36], "hlc": [921737, 4]}
INFO:<Node 8>:{"send": true, "recv": false, "from": 8, "to": 2, "vc": [37, 29, 31, 34, 29, 27, 38, 21, 41, 32], "hlc": [921738, 1]}
INFO:<Node 0>:{"send": false, "recv": true, "to": 0, "from": 6, "vc": [41, 33, 35, 43, 31, 27, 42, 22, 36, 39], "hlc": [921739, 0]}
INFO:<Node 1>:{"send": false, "recv": true, "to": 1, "from": 4, "vc": [36, 38, 33, 41, 35, 33, 39, 22, 36, 36], "hlc": [921736, 8]}
INFO:<Node 2>:{"send": false, "recv": true, "to": 2, "from": 8, "vc": [39, 33, 38, 36, 29, 27, 38, 22, 41, 38], "hlc": [921738, 2]}
INFO:<Node 3>:{"send": false, "recv": true, "to": 3, "from": 5, "vc": [37, 34, 35, 47, 34, 34, 39, 22, 40, 36], "hlc": [921738, 3]}
INFO:<Node 4>:{"send": false, "recv": true, "to": 4, "from": 1, "vc": [36, 37, 33, 41, 36, 33, 39, 22, 36, 36], "hlc": [921736, 8]}
INFO:<Node 8>:{"send": false, "recv": true, "to": 8, "from": 3, "vc": [37, 30, 35, 46, 34, 27, 38, 21, 42, 36], "hlc": [921739, 0]}
INFO:<Node 8>:{"send": false, "recv": true, "to": 8, "from": 7, "vc": [37, 30, 35, 46, 34, 27, 41, 26, 43, 36], "hlc": [921739, 1]}
INFO:<Node 0>:{"send": true, "recv": false, "from": 0, "to": 1, "vc": [42, 33, 35, 43, 31, 27, 42, 22, 36, 39], "hlc": [921739, 1]}
INFO:<Node 2>:{"send": true, "recv": false, "from": 2, "to": 8, "vc": [39, 33, 39, 36, 29, 27, 38, 22, 41, 38], "hlc": [921738, 3]}
INFO:<Node 3>:{"send": true, "recv": false, "from": 3, "to": 8, "vc": [37, 34, 35, 48, 34, 34, 39, 22, 40, 36], "hlc": [921738, 4]}
INFO:<Node 4>:{"send": true, "recv": false, "from": 4, "to": 0, "vc": [36, 37, 33, 41, 37, 33, 39, 22, 36, 36], "hlc": [921736, 9]}
INFO:<Node 5>:{"send": true, "recv": false, "from": 5, "to": 8, "vc": [34, 34, 31, 34, 26, 35, 39, 22, 33, 35], "hlc": [921735, 13]}
INFO:<Node 6>:{"send": true, "recv": false, "from": 6, "to": 1, "vc": [36, 30, 35, 43, 31, 27, 43, 21, 36, 36], "hlc": [921736, 10]}
INFO:<Node 7>:{"send": true, "recv": false, "from": 7, "to": 1, "vc": [37, 30, 35, 43, 31, 27, 41, 27, 38, 36], "hlc": [921737, 5]}
INFO:<Node 0>:{"send": false, "recv": true, "to": 0, "from": 4, "vc": [43, 37, 35, 43, 37, 33, 42, 22, 36, 39], "hlc": [921739, 2]}
INFO:<Node 1>:{"send": false, "recv": true, "to": 1, "from": 0, "vc": [42, 39, 35, 43, 35, 33, 42, 22, 36, 39], "hlc": [921739, 2]}
INFO:<Node 1>:{"send": false, "recv": true, "to": 1, "from": 6, "vc": [42, 40, 35, 43, 35, 33, 43, 22, 36, 39], "hlc": [921739, 3]}
INFO:<Node 1>:{"send": false, "recv": true, "to": 1, "from": 7, "vc": [42, 41, 35, 43, 35, 33, 43, 27, 38, 39], "hlc": [921739, 4]}
INFO:<Node 8>:{"send": false, "recv": true, "to": 8, "from": 2, "vc": [39, 33, 39, 46, 34, 27, 41, 26, 44, 38], "hlc": [921739, 2]}
INFO:<Node 8>:{"send": false, "recv": true, "to": 8, "from": 3, "vc": [39, 34, 39, 48, 34, 34, 41, 26, 45, 38], "hlc": [921739, 3]}
INFO:<Node 8>:{"send": false, "recv": true, "to": 8, "from": 5, "vc": [39, 34, 39, 48, 34, 35, 41, 26, 46, 38], "hlc": [921739, 4]}
INFO:<Node 0>:{"send": true, "recv": false, "from": 0, "to": 9, "vc": [44, 37, 35, 43, 37, 33, 42, 22, 36, 39], "hlc": [921739, 3]}
INFO:<Node 1>:{"send": true, "recv": false, "from": 1, "to": 8, "vc": [42, 42, 35, 43, 35, 33, 43, 27, 38, 39], "hlc": [921739, 5]}
INFO:<Node 3>:{"send": true, "recv": false, "from": 3, "to": 7, "vc": [37, 34, 35, 49, 34, 34, 39, 22, 40, 36], "hlc": [921738, 5]}
INFO:<Node 4>:{"send": true, "recv": false, "from": 4, "to": 7, "vc": [36, 37, 33, 41, 38, 33, 39, 22, 36, 36], "hlc": [921736, 10]}
INFO:<Node 5>:{"send": true, "recv": false, "from": 5, "to": 0, "vc": [34, 34, 31, 34, 26, 36, 39, 22, 33, 35], "hlc": [921736, 0]}
INFO:<Node 6>:{"send": true, "recv": false, "from": 6, "to": 8, "vc": [36, 30, 35, 43, 31, 27, 44, 21, 36, 36], "hlc": [921736, 11]}
INFO:<Node 8>:{"send": true, "recv": false, "from": 8, "to": 3, "vc": [39, 34, 39, 48, 34, 35, 41, 26, 47, 38], "hlc": [921739, 5]}
INFO:<Node 9>:{"send": true, "recv": false, "from": 9, "to": 2, "vc": [32, 27, 28, 36, 26, 25, 34, 17, 28, 40], "hlc": [921737, 0]}
INFO:<Node 0>:{"send": false, "recv": true, "to": 0, "from": 5, "vc": [45, 37, 35, 43, 37, 36, 42, 22, 36, 39], "hlc": [921740, 0]}
INFO:<Node 2>:{"send": false, "recv": true, "to": 2, "from": 9, "vc": [39, 33, 40, 36, 29, 27, 38, 22, 41, 40], "hlc": [921739, 0]}
INFO:<Node 3>:{"send": false, "recv": true, "to": 3, "from": 8, "vc": [39, 34, 39, 50, 34, 35, 41, 26, 47, 38], "hlc": [921739, 6]}
INFO:<Node 7>:{"send": false, "recv": true, "to": 7, "from": 3, "vc": [37, 34, 35, 49, 34, 34, 41, 28, 40, 36], "hlc": [921738, 6]}
INFO:<Node 7>:{"send": false, "recv": true, "to": 7, "from": 4, "vc": [37, 37, 35, 49, 38, 34, 41, 29, 40, 36], "hlc": [921738, 7]}
INFO:<Node 8>:{"send": false, "recv": true, "to": 8, "from": 1, "vc": [42, 42, 39, 48, 35, 35, 43, 27, 48, 39], "hlc": [921740, 0]}
INFO:<Node 8>:{"send": false, "recv": true, "to": 8, "from": 6, "vc": [42, 42, 39, 48, 35, 35, 44, 27, 49, 39], "hlc": [921740, 1]}
INFO:<Node 9>:{"send": false, "recv": true, "to": 9, "from": 0, "vc": [44, 37, 35, 43, 37, 33, 42, 22, 36, 41], "hlc": [921739, 4]}
INFO:<Node 0>:{"send": true, "recv": false, "from": 0, "to": 5, "vc": [46, 37, 35, 43, 37, 36, 42, 22, 36, 39], "hlc": [921740, 1]}
INFO:<Node 1>:{"send": true, "recv": false, "from": 1, "to": 2, "vc": [42, 43, 35, 43, 35, 33, 43, 27, 38, 39], "hlc": [921739, 6]}
INFO:<Node 5>:{"send": true, "recv": false, "from": 5, "to": 8, "vc": [34, 34, 31, 34, 26, 37, 39, 22, 33, 35], "hlc": [921736, 1]}
INFO:<Node 7>:{"send": true, "recv": false, "from": 7, "to": 4, "vc": [37, 37, 35, 49, 38, 34, 41, 30, 40, 36], "hlc": [921738, 8]}
INFO:<Node 9>:{"send": true, "recv": false, "from": 9, "to": 7, "vc": [44, 37, 35, 43, 37, 33, 42, 22, 36, 42], "hlc": [921739, 5]}
INFO:<Node 2>:{"send": false, "recv": true, "to": 2, "from": 1, "vc": [42, 43, 41, 43, 35, 33, 43, 27, 41, 40], "hlc": [921740, 0]}
INFO:<Node 4>:{"send": false, "recv": true, "to": 4, "from": 7, "vc": [37, 37, 35, 49, 39, 34, 41, 30, 40, 36], "hlc": [921738, 9]}
INFO:<Node 5>:{"send": false, "recv": true, "to": 5, "from": 0, "vc": [46, 37, 35, 43, 37, 38, 42, 22, 36, 39], "hlc": [921740, 2]}
INFO:<Node 7>:{"send": false, "recv": true, "to": 7, "from": 9, "vc": [44, 37, 35, 49, 38, 34, 42, 31, 40, 42], "hlc": [921739, 6]}
INFO:<Node 8>:{"send": false, "recv": true, "to": 8, "from": 5, "vc": [42, 42, 39, 48, 35, 37, 44, 27, 50, 39], "hlc": [921740, 2]}
INFO:<Node 0>:{"send": true, "recv": false, "from": 0, "to": 1, "vc": [47, 37, 35, 43, 37, 36, 42, 22, 36, 39], "hlc": [921740, 2]}
INFO:<Node 6>:{"send": true, "recv": false, "from": 6, "to": 2, "vc": [36, 30, 35, 43, 31, 27, 45, 21, 36, 36], "hlc": [921736, 12]}
INFO:<Node 7>:{"send": true, "recv": false, "from": 7, "to": 4, "vc": [44, 37, 35, 49, 38, 34, 42, 32, 40, 42], "hlc": [921739, 7]}
INFO:<Node 8>:{"send": true, "recv": false, "from": 8, "to": 5, "vc": [42, 42, 39, 48, 35, 37, 44, 27, 51, 39], "hlc": [921740, 3]}
INFO:<Node 9>:{"send": true, "recv": false, "from": 9, "to": 6, "vc": [44, 37, 35, 43, 37, 33, 42, 22, 36, 43], "hlc": [921739, 6]}
INFO:<Node 1>:{"send": false, "recv": true, "to": 1, "from": 0, "vc": [47, 44, 35, 43, 37, 36, 43, 27, 38, 39], "hlc": [921740, 3]}
INFO:<Node 2>:{"send": false, "recv": true, "to": 2, "from": 6, "vc": [42, 43, 42, 43, 35, 33, 45, 27, 41, 40], "hlc": [921740, 1]}
INFO:<Node 4>:{"send": false, "recv": true, "to": 4, "from": 7, "vc": [44, 37, 35, 49, 40, 34, 42, 32, 40, 42], "hlc": [921739, 8]}
INFO:<Node 5>:{"send": false, "recv": true, "to": 5, "from": 8, "vc": [46, 42, 39, 48, 37, 39, 44, 27, 51, 39], "hlc": [921740, 4]}
INFO:<Node 6>:{"send": false, "recv": true, "to": 6, "from": 9, "vc": [44, 37, 35, 43, 37, 33, 46, 22, 36, 43], "hlc": [921739, 7]}
INFO:<Node 0>:{"send": true, "recv": false, "from": 0, "to": 4, "vc": [48, 37, 35, 43, 37, 36, 42, 22, 36, 39], "hlc": [921741, 0]}
INFO:<Node 2>:{"send": true, "recv": false, "from": 2, "to": 6, "vc": [42, 43, 43, 43, 35, 33, 45, 27, 41, 40], "hlc": [921740, 2]}
INFO:<Node 3>:{"send": true, "recv": false, "from": 3, "to": 7, "vc": [39, 34, 39, 51, 34, 35, 41, 26, 47, 38], "hlc": [921739, 7]}
INFO:<Node 5>:{"send": true, "recv": false, "from": 5, "to": 1, "vc": [46, 42, 39, 48, 37, 40, 44, 27, 51, 39], "hlc": [921740, 5]}
INFO:<Node 6>:{"send": true, "recv": false, "from": 6, "to": 4, "vc": [44, 37, 35, 43, 37, 33, 47, 22, 36, 43], "hlc": [921739, 8]}
INFO:<Node 7>:{"send": true, "recv": false, "from": 7, "to": 0, "vc": [44, 37, 35, 49, 38, 34, 42, 33, 40, 42], "hlc": [921739, 8]}
INFO:<Node 0>:{"send": false, "recv": true, "to": 0, "from": 7, "vc": [49, 37, 35, 49, 38, 36, 42, 33, 40, 42], "hlc": [921741, 1]}
INFO:<Node 1>:{"send": false, "recv": true, "to": 1, "from": 5, "vc": [47, 45, 39, 48, 37, 40, 44, 27, 51, 39], "hlc": [921740, 6]}
INFO:<Node 4>:{"send": false, "recv": true, "to": 4, "from": 0, "vc": [48, 37, 35, 49, 41, 36, 42, 32, 40, 42], "hlc": [921741, 1]}
INFO:<Node 4>:{"send": false, "recv": true, "to": 4, "from": 6, "vc": [48, 37, 35, 49, 42, 36, 47, 32, 40, 43], "hlc": [921741, 2]}
INFO:<Node 6>:{"send": false, "recv": true, "to": 6, "from": 2, "vc": [44, 43, 43, 43, 37, 33, 48, 27, 41, 43], "hlc": [921740, 3]}
INFO:<Node 7>:{"send": false, "recv": true, "to": 7, "from": 3, "vc": [44, 37, 39, 51, 38, 35, 42, 34, 47, 42], "hlc": [921739, 9]}
INFO:<Node 2>:{"send": true, "recv": false, "from": 2, "to": 9, "vc": [42, 43, 44, 43, 35, 33, 45, 27, 41, 40], "hlc": [921741, 0]}
INFO:<Node 5>:{"send": true, "recv": false, "from": 5, "to": 7, "vc": [46, 42, 39, 48, 37, 41, 44, 27, 51, 39], "hlc": [921740, 6]}
INFO:<Node 6>:{"send": true, "recv": false, "from": 6, "to": 9, "vc": [44, 43, 43, 43, 37, 33, 49, 27, 41, 43], "hlc": [921740, 4]}
INFO:<Node 9>:{"send": true, "recv": false, "from": 9, "to": 3, "vc": [44, 37, 35, 43, 37, 33, 42, 22, 36, 44], "hlc": [921739, 7]}
INFO:<Node 3>:{"send": false, "recv": true, "to": 3, "from": 9, "vc": [44, 37, 39, 52, 37, 35, 42, 26, 47, 44], "hlc": [921739, 8]}
INFO:<Node 7>:{"send": false, "recv": true, "to": 7, "from": 5, "vc": [46, 42, 39, 51, 38, 41, 44, 35, 51, 42], "hlc": [921740, 7]}
INFO:<Node 9>:{"send": false, "recv": true, "to": 9, "from": 2, "vc": [44, 43, 44, 43, 37, 33, 45, 27, 41, 45], "hlc": [921741, 1]}
INFO:<Node 9>:{"send": false, "recv": true, "to": 9, "from": 6, "vc": [44, 43, 44, 43, 37, 33, 49, 27, 41, 46], "hlc": [921741, 2]}
INFO:<Node 0>:{"send": true, "recv": false, "from": 0, "to": 1, "vc": [50, 37, 35, 49, 38, 36, 42, 33, 40, 42], "hlc": [921742, 0]}
INFO:<Node 3>:{"send": true, "recv": false, "from": 3, "to": 5, "vc": [44, 37, 39, 53, 37, 35, 42, 26, 47, 44], "hlc": [921739, 9]}
INFO:<Node 4>:{"send": true, "recv": false, "from": 4, "to": 5, "vc": [48, 37, 35, 49, 43, 36, 47, 32, 40, 43], "hlc": [921741, 3]}
INFO:<Node 5>:{"send": true, "recv": false, "from": 5, "to": 2, "vc": [46, 42, 39, 48, 37, 42, 44, 27, 51, 39], "hlc": [921740, 7]}
INFO:<Node 7>:{"send": true, "recv": false, "from": 7, "to": 4, "vc": [46, 42, 39, 51, 38, 41, 44, 36, 51, 42], "hlc": [921740, 8]}
INFO:<Node 8>:{"send": true, "recv": false, "from": 8, "to": 4, "vc": [42, 42, 39, 48, 35, 37, 44, 27, 52, 39], "hlc": [921742, 0]}
INFO:<Node 9>:{"send": true, "recv": false, "from": 9, "to": 6, "vc": [44, 43, 44, 43, 37, 33, 49, 27, 41, 47], "hlc": [921741, 3]}
INFO:<Node 1>:{"send": false, "recv": true, "to": 1, "from": 0, "vc": [50, 46, 39, 49, 38, 40, 44, 33, 51, 42], "hlc": [921742, 1]}
INFO:<Node 2>:{"send": false, "recv": true, "to": 2, "from": 5, "vc": [46, 43, 45, 48, 37, 42, 45, 27, 51, 40], "hlc": [921742, 0]}
INFO:<Node 4>:{"send": false, "recv": true, "to": 4, "from": 7, "vc": [48, 42, 39, 51, 44, 41, 47, 36, 51, 43], "hlc": [921741, 4]}
INFO:<Node 4>:{"send": false, "recv": true, "to": 4, "from": 8, "vc": [48, 42, 39, 51, 45, 41, 47, 36, 52, 43], "hlc": [921742, 1]}
INFO:<Node 5>:{"send": false, "recv": true, "to": 5, "from": 3, "vc": [46, 42, 39, 53, 37, 43, 44, 27, 51, 44], "hlc": [921740, 8]}
INFO:<Node 5>:{"send": false, "recv": true, "to": 5, "from": 4, "vc": [48, 42, 39, 53, 43, 44, 47, 32, 51, 44], "hlc": [921741, 4]}
INFO:<Node 6>:{"send": false, "recv": true, "to": 6, "from": 9, "vc": [44, 43, 44, 43, 37, 33, 50, 27, 41, 47], "hlc": [921741, 4]}
INFO:<Node 0>:{"send": true, "recv": false, "from": 0, "to": 4, "vc": [51, 37, 35, 49, 38, 36, 42, 33, 40, 42], "hlc": [921742, 1]}
INFO:<Node 2>:{"send": true, "recv": false, "from": 2, "to": 1, "vc": [46, 43, 46, 48, 37, 42, 45, 27, 51, 40], "hlc": [921742, 1]}
INFO:<Node 4>:{"send": true, "recv": false, "from": 4, "to": 0, "vc": [48, 42, 39, 51, 46, 41, 47, 36, 52, 43], "hlc": [921742, 2]}
INFO:<Node 6>:{"send": true, "recv": false, "from": 6, "to": 3, "vc": [44, 43, 44, 43, 37, 33, 51, 27, 41, 47], "hlc": [921741, 5]}
INFO:<Node 8>:{"send": true, "recv": false, "from": 8, "to": 3, "vc": [42, 42, 39, 48, 35, 37, 44, 27, 53, 39], "hlc": [921742, 1]}
INFO:<Node 9>:{"send": true, "recv": false, "from": 9, "to": 4, "vc": [44, 43, 44, 43, 37, 33, 49, 27, 41, 48], "hlc": [921741, 4]}
INFO:<Node 0>:{"send": false, "recv": true, "to": 0, "from": 4, "vc": [52, 42, 39, 51, 46, 41, 47, 36, 52, 43], "hlc": [921743, 0]}
INFO:<Node 1>:{"send": false, "recv": true, "to": 1, "from": 2, "vc": [50, 47, 46, 49, 38, 42, 45, 33, 51, 42], "hlc": [921742, 2]}
INFO:<Node 3>:{"send": false, "recv": true, "to": 3, "from": 6, "vc": [44, 43, 44, 54, 37, 35, 51, 27, 47, 47], "hlc": [921741, 6]}
INFO:<Node 3>:{"send": false, "recv": true, "to": 3, "from": 8, "vc": [44, 43, 44, 55, 37, 37, 51, 27, 53, 47], "hlc": [921742, 2]}
INFO:<Node 4>:{"send": false, "recv": true, "to": 4, "from": 0, "vc": [51, 42, 39, 51, 47, 41, 47, 36, 52, 43], "hlc": [921742, 3]}
INFO:<Node 4>:{"send": false, "recv": true, "to": 4, "from": 9, "vc": [51, 43, 44, 51, 48, 41, 49, 36, 52, 48], "hlc": [921742, 4]}
INFO:<Node 1>:{"send": true, "recv": false, "from": 1, "to": 6, "vc": [50, 48, 46, 49, 38, 42, 45, 33, 51, 42], "hlc": [921742, 3]}
INFO:<Node 2>:{"send": true, "recv": false, "from": 2, "to": 5, "vc": [46, 43, 47, 48, 37, 42, 45, 27, 51, 40], "hlc": [921742, 2]}
INFO:<Node 3>:{"send": true, "recv": false, "from": 3, "to": 0, "vc": [44, 43, 44, 56, 37, 37, 51, 27, 53, 47], "hlc": [921742, 3]}
INFO:<Node 6>:{"send": true, "recv": false, "from": 6, "to": 4, "vc": [44, 43, 44, 43, 37, 33, 52, 27, 41, 47], "hlc": [921741, 6]}
INFO:<Node 8>:{"send": true, "recv": false, "from": 8, "to": 3, "vc": [42, 42, 39, 48, 35, 37, 44, 27, 54, 39], "hlc": [921743, 0]}
INFO:<Node 9>:{"send": true, "recv": false, "from": 9, "to": 8, "vc": [44, 43, 44, 43, 37, 33, 49, 27, 41, 49], "hlc": [921741, 5]}
INFO:<Node 0>:{"send": false, "recv": true, "to": 0, "from": 3, "vc": [53, 43, 44, 56, 46, 41, 51, 36, 53, 47], "hlc": [921743, 1]}
INFO:<Node 3>:{"send": false, "recv": true, "to": 3, "from": 8, "vc": [44, 43, 44, 57, 37, 37, 51, 27, 54, 47], "hlc": [921743, 1]}
INFO:<Node 4>:{"send": false, "recv": true, "to": 4, "from": 6, "vc": [51, 43, 44, 51, 49, 41, 52, 36, 52, 48], "hlc": [921742, 5]}
INFO:<Node 5>:{"send": false, "recv": true, "to": 5, "from": 2, "vc": [48, 43, 47, 53, 43, 45, 47, 32, 51, 44], "hlc": [921742, 3]}
INFO:<Node 6>:{"send": false, "recv": true, "to": 6, "from": 1, "vc": [50, 48, 46, 49, 38, 42, 53, 33, 51, 47], "hlc": [921742, 4]}
INFO:<Node 8>:{"send": false, "recv": true, "to": 8, "from": 9, "vc": [44, 43, 44, 48, 37, 37, 49, 27, 55, 49], "hlc": [921743, 1]}
INFO:<Node 0>:{"send": true, "recv": false, "from": 0, "to": 8, "vc": [54, 43, 44, 56, 46, 41, 51, 36, 53, 47], "hlc": [921743, 2]}
INFO:<Node 1>:{"send": true, "recv": false, "from": 1, "to": 4, "vc": [50, 49, 46, 49, 38, 42, 45, 33, 51, 42], "hlc": [921742, 4]}
INFO:<Node 2>:{"send": true, "recv": false, "from": 2, "to": 5, "vc": [46, 43, 48, 48, 37, 42, 45, 27, 51, 40], "hlc": [921743, 0]}
INFO:<Node 3>:{"send": true, "recv": false, "from": 3, "to": 6, "vc": [44, 43, 44, 58, 37, 37, 51, 27, 54, 47], "hlc": [921743, 2]}
INFO:<Node 7>:{"send": true, "recv": false, "from": 7, "to": 8, "vc": [46, 42, 39, 51, 38, 41, 44, 37, 51, 42], "hlc": [921740, 9]}
INFO:<Node 9>:{"send": true, "recv": false, "from": 9, "to": 5, "vc": [44, 43, 44, 43, 37, 33, 49, 27, 41, 50], "hlc": [921741, 6]}
INFO:<Node 4>:{"send": false, "recv": true, "to": 4, "from": 1, "vc": [51, 49, 46, 51, 50, 42, 52, 36, 52, 48], "hlc": [921742, 6]}
INFO:<Node 5>:{"send": false, "recv": true, "to": 5, "from": 2, "vc": [48, 43, 48, 53, 43, 46, 47, 32, 51, 44], "hlc": [921743, 1]}
INFO:<Node 5>:{"send": false, "recv": true, "to": 5, "from": 9, "vc": [48, 43, 48, 53, 43, 47, 49, 32, 51, 50], "hlc": [921743, 2]}
INFO:<Node 6>:{"send": false, "recv": true, "to": 6, "from": 3, "vc": [50, 48, 46, 58, 38, 42, 54, 33, 54, 47], "hlc": [921743, 3]}
INFO:<Node 8>:{"send": false, "recv": true, "to": 8, "from": 0, "vc": [54, 43, 44, 56, 46, 41, 51, 36, 56, 49], "hlc": [921744, 0]}
INFO:<Node 8>:{"send": false, "recv": true, "to": 8, "from": 7, "vc": [54, 43, 44, 56, 46, 41, 51, 37, 57, 49], "hlc": [921744, 1]}
INFO:<Node 0>:{"send": true, "recv": false, "from": 0, "to": 3, "vc": [55, 43, 44, 56, 46, 41, 51, 36, 53, 47], "hlc": [921744, 0]}
INFO:<Node 1>:{"send": true, "recv": false, "from": 1, "to": 7, "vc": [50, 50, 46, 49, 38, 42, 45, 33, 51, 42], "hlc": [921742, 5]}
INFO:<Node 2>:{"send": true, "recv": false, "from": 2, "to": 4, "vc": [46, 43, 49, 48, 37, 42, 45, 27, 51, 40], "hlc": [921743, 1]}
INFO:<Node 3>:{"send": false, "recv": true, "to": 3, "from": 0, "vc": [55, 43, 44, 59, 46, 41, 51, 36, 54, 47], "hlc": [921744, 1]}
INFO:<Node 4>:{"send": false, "recv": true, "to": 4, "from": 2, "vc": [51, 49, 49, 51, 51, 42, 52, 36, 52, 48], "hlc": [921743, 2]}
INFO:<Node 7>:{"send": false, "recv": true, "to": 7, "from": 1, "vc": [50, 50, 46, 51, 38, 42, 45, 38, 51, 42], "hlc": [921742, 6]}
INFO:<Node 0>:{"send": true, "recv": false, "from": 0, "to": 3, "vc": [56, 43, 44, 56, 46, 41, 51, 36, 53, 47], "hlc": [921744, 1]}
INFO:<Node 2>:{"send": true, "recv": false, "from": 2, "to": 4, "vc": [46, 43, 50, 48, 37, 42, 45, 27, 51, 40], "hlc": [921744, 0]}
INFO:<Node 4>:{"send": true, "recv": false, "from": 4, "to": 2, "vc": [51, 49, 49, 51, 52, 42, 52, 36, 52, 48], "hlc": [921743, 3]}
INFO:<Node 6>:{"send": true, "recv": false, "from": 6, "to": 4, "vc": [50, 48, 46, 58, 38, 42, 55, 33, 54, 47], "hlc": [921743, 4]}
INFO:<Node 7>:{"send": true, "recv": false, "from": 7, "to": 5, "vc": [50, 50, 46, 51, 38, 42, 45, 39, 51, 42], "hlc": [921742, 7]}
INFO:<Node 2>:{"send": false, "recv": true, "to": 2, "from": 4, "vc": [51, 49, 51, 51, 52, 42, 52, 36, 52, 48], "hlc": [921744, 1]}
INFO:<Node 3>:{"send": false, "recv": true, "to": 3, "from": 0, "vc": [56, 43, 44, 60, 46, 41, 51, 36, 54, 47], "hlc": [921744, 2]}
INFO:<Node 4>:{"send": false, "recv": true, "to": 4, "from": 2, "vc": [51, 49, 50, 51, 53, 42, 52, 36, 52, 48], "hlc": [921744, 1]}
INFO:<Node 4>:{"send": false, "recv": true, "to": 4, "from": 6, "vc": [51, 49, 50, 58, 54, 42, 55, 36, 54, 48], "hlc": [921744, 2]}
INFO:<Node 5>:{"send": false, "recv": true, "to": 5, "from": 7, "vc": [50, 50, 48, 53, 43, 48, 49, 39, 51, 50], "hlc": [921743, 3]}
INFO:<Node 0>:{"send": true, "recv": false, "from": 0, "to": 4, "vc": [57, 43, 44, 56, 46, 41, 51, 36, 53, 47], "hlc": [921745, 0]}
INFO:<Node 3>:{"send": true, "recv": false, "from": 3, "to": 6, "vc": [56, 43, 44, 61, 46, 41, 51, 36, 54, 47], "hlc": [921744, 3]}
INFO:<Node 4>:{"send": true, "recv": false, "from": 4, "to": 9, "vc": [51, 49, 50, 58, 55, 42, 55, 36, 54, 48], "hlc": [921744, 3]}
INFO:<Node 6>:{"send": true, "recv": false, "from": 6, "to": 2, "vc": [50, 48, 46, 58, 38, 42, 56, 33, 54, 47], "hlc": [921743, 5]}
INFO:<Node 9>:{"send": true, "recv": false, "from": 9, "to": 6, "vc": [44, 43, 44, 43, 37, 33, 49, 27, 41, 51], "hlc": [921743, 0]}
INFO:<Node 2>:{"send": false, "recv": true, "to": 2, "from": 6, "vc": [51, 49, 52, 58, 52, 42, 56, 36, 54, 48], "hlc": [921745, 0]}
INFO:<Node 4>:{"send": false, "recv": true, "to": 4, "from": 0, "vc": [57, 49, 50, 58, 56, 42, 55, 36, 54, 48], "hlc": [921745, 1]}
INFO:<Node 6>:{"send": false, "recv": true, "to": 6, "from": 3, "vc": [56, 48, 46, 61, 46, 42, 57, 36, 54, 47], "hlc": [921744, 4]}
INFO:<Node 6>:{"send": false, "recv": true, "to": 6, "from": 9, "vc": [56, 48, 46, 61, 46, 42, 58, 36, 54, 51], "hlc": [921744, 5]}
INFO:<Node 9>:{"send": false, "recv": true, "to": 9, "from": 4, "vc": [51, 49, 50, 58, 55, 42, 55, 36, 54, 52], "hlc": [921744, 4]}
INFO:<Node 2>:{"send": true, "recv": false, "from": 2, "to": 4, "vc": [51, 49, 53, 58, 52, 42, 56, 36, 54, 48], "hlc": [921745, 1]}
INFO:<Node 3>:{"send": true, "recv": false, "from": 3, "to": 5, "vc": [56, 43, 44, 62, 46, 41, 51, 36, 54, 47], "hlc": [921744, 4]}
INFO:<Node 4>:{"send": true, "recv": false, "from": 4, "to": 6, "vc": [57, 49, 50, 58, 57, 42, 55, 36, 54, 48], "hlc": [921745, 2]}
INFO:<Node 5>:{"send": true, "recv": false, "from": 5, "to": 1, "vc": [50, 50, 48, 53, 43, 49, 49, 39, 51, 50], "hlc": [921743, 4]}
INFO:<Node 6>:{"send": true, "recv": false, "from": 6, "to": 1, "vc": [56, 48, 46, 61, 46, 42, 59, 36, 54, 51], "hlc": [921744, 6]}
INFO:<Node 8>:{"send": true, "recv": false, "from": 8, "to": 4, "vc": [54, 43, 44, 56, 46, 41, 51, 37, 58, 49], "hlc": [921745, 0]}
INFO:<Node 1>:{"send": false, "recv": true, "to": 1, "from": 5, "vc": [50, 51, 48, 53, 43, 49, 49, 39, 51, 50], "hlc": [921743, 5]}
INFO:<Node 1>:{"send": false, "recv": true, "to": 1, "from": 6, "vc": [56, 52, 48, 61, 46, 49, 59, 39, 54, 51], "hlc": [921744, 7]}
INFO:<Node 4>:{"send": false, "recv": true, "to": 4, "from": 2, "vc": [57, 49, 53, 58, 58, 42, 56, 36, 54, 48], "hlc": [921745, 3]}
INFO:<Node 4>:{"send": false, "recv": true, "to": 4, "from": 8, "vc": [57, 49, 53, 58, 59, 42, 56, 37, 58, 49], "hlc": [921745, 4]}
INFO:<Node 5>:{"send": false, "recv": true, "to": 5, "from": 3, "vc": [56, 50, 48, 62, 46, 50, 51, 39, 54, 50], "hlc": [921744, 5]}
INFO:<Node 6>:{"send": false, "recv": true, "to": 6, "from": 4, "vc": [57, 49, 50, 61, 57, 42, 60, 36, 54, 51], "hlc": [921745, 3]}
INFO:<Node 1>:{"send": true, "recv": false, "from": 1, "to": 6, "vc": [56, 53, 48, 61, 46, 49, 59, 39, 54, 51], "hlc": [921744, 8]}
INFO:<Node 3>:{"send": true, "recv": false, "from": 3, "to": 1, "vc": [56, 43, 44, 63, 46, 41, 51, 36, 54, 47], "hlc": [921744, 5]}
INFO:<Node 4>:{"send": true, "recv": false, "from": 4, "to": 9, "vc": [57, 49, 53, 58, 60, 42, 56, 37, 58, 49], "hlc": [921745, 5]}
INFO:<Node 5>:{"send": true, "recv": false, "from": 5, "to": 4, "vc": [56, 50, 48, 62, 46, 51, 51, 39, 54, 50], "hlc": [921744, 6]}
INFO:<Node 7>:{"send": true, "recv": false, "from": 7, "to": 2, "vc": [50, 50, 46, 51, 38, 42, 45, 40, 51, 42], "hlc": [921742, 8]}
INFO:<Node 1>:{"send": false, "recv": true, "to": 1, "from": 3, "vc": [56, 54, 48, 63, 46, 49, 59, 39, 54, 51], "hlc": [921744, 9]}
INFO:<Node 2>:{"send": false, "recv": true, "to": 2, "from": 7, "vc": [51, 50, 54, 58, 52, 42, 56, 40, 54, 48], "hlc": [921746, 0]}
INFO:<Node 4>:{"send": false, "recv": true, "to": 4, "from": 5, "vc": [57, 50, 53, 62, 61, 51, 56, 39, 58, 50], "hlc": [921745, 6]}
INFO:<Node 6>:{"send": false, "recv": true, "to": 6, "from": 1, "vc": [57, 53, 50, 61, 57, 49, 61, 39, 54, 51], "hlc": [921745, 4]}
INFO:<Node 9>:{"send": false, "recv": true, "to": 9, "from": 4, "vc": [57, 49, 53, 58, 60, 42, 56, 37, 58, 53], "hlc": [921745, 6]}
INFO:<Node 0>:{"send": true, "recv": false, "from": 0, "to": 1, "vc": [58, 43, 44, 56, 46, 41, 51, 36, 53, 47], "hlc": [921746, 0]}
INFO:<Node 1>:{"send": true, "recv": false, "from": 1, "to": 2, "vc": [56, 55, 48, 63, 46, 49, 59, 39, 54, 51], "hlc": [921744, 10]}
INFO:<Node 7>:{"send": true, "recv": false, "from": 7, "to": 5, "vc": [50, 50, 46, 51, 38, 42, 45, 41, 51, 42], "hlc": [921742, 9]}
INFO:<Node 8>:{"send": true, "recv": false, "from": 8, "to": 1, "vc": [54, 43, 44, 56, 46, 41, 51, 37, 59, 49], "hlc": [921746, 0]}
INFO:<Node 9>:{"send": true, "recv": false, "from": 9, "to": 3, "vc": [57, 49, 53, 58, 60, 42, 56, 37, 58, 54], "hlc": [921745, 7]}
INFO:<Node 1>:{"send": false, "recv": true, "to": 1, "from": 0, "vc": [58, 56, 48, 63, 46, 49, 59, 39, 54, 51], "hlc": [921746, 1]}
INFO:<Node 1>:{"send": false, "recv": true, "to": 1, "from": 8, "vc": [58, 57, 48, 63, 46, 49, 59, 39, 59, 51], "hlc": [921746, 2]}
INFO:<Node 2>:{"send": false, "recv": true, "to": 2, "from": 1, "vc": [56, 55, 55, 63, 52, 49, 59, 40, 54, 51], "hlc": [921746, 1]}
INFO:<Node 3>:{"send": false, "recv": true, "to": 3, "from": 9, "vc": [57, 49, 53, 64, 60, 42, 56, 37, 58, 54], "hlc": [921745, 8]}
INFO:<Node 5>:{"send": false, "recv": true, "to": 5, "from": 7, "vc": [56, 50, 48, 62, 46, 52, 51, 41, 54, 50], "hlc": [921744, 7]}
INFO:<Node 0>:{"send": true, "recv": false, "from": 0, "to": 9, "vc": [59, 43, 44, 56, 46, 41, 51, 36, 53, 47], "hlc": [921747, 0]}
INFO:<Node 1>:{"send": true, "recv": false, "from": 1, "to": 3, "vc": [58, 58, 48, 63, 46, 49, 59, 39, 59, 51], "hlc": [921746, 3]}
INFO:<Node 2>:{"send": true, "recv": false, "from": 2, "to": 3, "vc": [56, 55, 56, 63, 52, 49, 59, 40, 54, 51], "hlc": [921746, 2]}
INFO:<Node 4>:{"send": true, "recv": false, "from": 4, "to": 6, "vc": [57, 50, 53, 62, 62, 51, 56, 39, 58, 50], "hlc": [921745, 7]}
INFO:<Node 5>:{"send": true, "recv": false, "from": 5, "to": 9, "vc": [56, 50, 48, 62, 46, 53, 51, 41, 54, 50], "hlc": [921744, 8]}
INFO:<Node 7>:{"send": true, "recv": false, "from": 7, "to": 1, "vc": [50, 50, 46, 51, 38, 42, 45, 42, 51, 42], "hlc": [921743, 0]}
INFO:<Node 8>:{"send": true, "recv": false, "from": 8, "to": 9, "vc": [54, 43, 44, 56, 46, 41, 51, 37, 60, 49], "hlc": [921747, 0]}
INFO:<Node 1>:{"send": false, "recv": true, "to": 1, "from": 7, "vc": [58, 59, 48, 63, 46, 49, 59, 42, 59, 51], "hlc": [921746, 4]}
INFO:<Node 3>:{"send": false, "recv": true, "to": 3, "from": 1, "vc": [58, 58, 53, 65, 60, 49, 59, 39, 59, 54], "hlc": [921746, 4]}
INFO:<Node 3>:{"send": false, "recv": true, "to": 3, "from": 2, "vc": [58, 58, 56, 66, 60, 49, 59, 40, 59, 54], "hlc": [921746, 5]}
INFO:<Node 6>:{"send": false, "recv": true, "to": 6, "from": 4, "vc": [57, 53, 53, 62, 62, 51, 62, 39, 58, 51], "hlc": [921745, 8]}
INFO:<Node 9>:{"send": false, "recv": true, "to": 9, "from": 0, "vc": [59, 49, 53, 58, 60, 42, 56, 37, 58, 55], "hlc": [921747, 1]}
INFO:<Node 9>:{"send": false, "recv": true, "to": 9, "from": 5, "vc": [59, 50, 53, 62, 60, 53, 56, 41, 58, 56], "hlc": [921747, 2]}
INFO:<Node 9>:{"send": false, "recv": true, "to": 9, "from": 8, "vc": [59, 50, 53, 62, 60, 53, 56, 41, 60, 57], "hlc": [921747, 3]}
INFO:<Node 0>:{"send": true, "recv": false, "from": 0, "to": 7, "vc": [60, 43, 44, 56, 46, 41, 51, 36, 53, 47], "hlc": [921747, 1]}
INFO:<Node 1>:{"send": true, "recv": false, "from": 1, "to": 6, "vc": [58, 60, 48, 63, 46, 49, 59, 42, 59, 51], "hlc": [921746, 5]}
INFO:<Node 3>:{"send": true, "recv": false, "from": 3, "to": 5, "vc": [58, 58, 56, 67, 60, 49, 59, 40, 59, 54], "hlc": [921746, 6]}
INFO:<Node 5>:{"send": true, "recv": false, "from": 5, "to": 7, "vc": [56, 50, 48, 62, 46, 54, 51, 41, 54, 50], "hlc": [921744, 9]}
INFO:<Node 6>:{"send": true, "recv": false, "from": 6, "to": 3, "vc": [57, 53, 53, 62, 62, 51, 63, 39, 58, 51], "hlc": [921745, 9]}
INFO:<Node 7>:{"send": true, "recv": false, "from": 7, "to": 0, "vc": [50, 50, 46, 51, 38, 42, 45, 43, 51, 42], "hlc": [921743, 1]}
INFO:<Node 0>:{"send": false, "recv": true, "to": 0, "from": 7, "vc": [61, 50, 46, 56, 46, 42, 51, 43, 53, 47], "hlc": [921748, 0]}
INFO:<Node 3>:{"send": false, "recv": true, "to": 3, "from": 6, "vc": [58, 58, 56, 68, 62, 51, 63, 40, 59, 54], "hlc": [921746, 7]}
INFO:<Node 5>:{"send": false, "recv": true, "to": 5, "from": 3, "vc": [58, 58, 56, 67, 60, 55, 59, 41, 59, 54], "hlc": [921746, 7]}
INFO:<Node 6>:{"send": false, "recv": true, "to": 6, "from": 1, "vc": [58, 60, 53, 63, 62, 51, 64, 42, 59, 51], "hlc": [921746, 6]}
INFO:<Node 7>:{"send": false, "recv": true, "to": 7, "from": 0, "vc": [60, 50, 46, 56, 46, 42, 51, 44, 53, 47], "hlc": [921747, 2]}
INFO:<Node 7>:{"send": false, "recv": true, "to": 7, "from": 5, "vc": [60, 50, 48, 62, 46, 54, 51, 45, 54, 50], "hlc": [921747, 3]}
