INFO:root:Random workload: num sockets: 10, num iterations: 50, base address: 32400, chance of send: 3 in 5, round delay (s): 0.5, max clock drift (s): 5.5, actual clock drifts: [-4.877925451580871, 5.363436442338402, -4.029235270109824, -1.3411864748572855, -2.14275789177532, -3.7701298154795695, -4.699692344505957, -2.71360002835131, -5.085700452647195, -0.937748729269515]
INFO:<Node 0>:{"send": true, "recv": false, "from": 0, "to": 4, "vc": [1, 0, 0, 0, 0, 0, 0, 0, 0, 0], "hlc": [921570, 1]}
INFO:<Node 1>:{"send": true, "recv": false, "from": 1, "to": 0, "vc": [0, 1, 0, 0, 0, 0, 0, 0, 0, 0], "hlc": [921575, 0]}
INFO:<Node 3>:{"send": true, "recv": false, "from": 3, "to": 1, "vc": [0, 0, 0, 1, 0, 0, 0, 0, 0, 0], "hlc": [921570, 1]}
INFO:<Node 4>:{"send": true, "recv": false, "from": 4, "to": 2, "vc": [0, 0, 0, 0, 1, 0, 0, 0, 0, 0], "hlc": [921570, 1]}
INFO:<Node 6>:{"send": true, "recv": false, "from": 6, "to": 0, "vc": [0, 0, 0, 0, 0, 0, 1, 0, 0, 0], "hlc": [921570, 1]}
INFO:<Node 7>:{"send": true, "recv": false, "from": 7, "to": 9, "vc": [0, 0, 0, 0, 0, 0, 0, 1, 0, 0], "hlc": [921570, 1]}
INFO:<Node 8>:{"send": true, "recv": false, "from": 8, "to": 7, "vc": [0, 0, 0, 0, 0, 0, 0, 0, 1, 0], "hlc": [921570, 1]}
INFO:<Node 0>:{"send": false, "recv": true, "to": 0, "from": 1, "vc": [2, 1, 0, 0, 0, 0, 0, 0, 0, 0], "hlc": [921575, 1]}
INFO:<Node 0>:{"send": false, "recv": true, "to": 0, "from": 6, "vc": [3, 1, 0, 0, 0, 0, 1, 0, 0, 0], "hlc": [921575, 2]}
INFO:<Node 1>:{"send": false, "recv": true, "to": 1, "from": 3, "vc": [0, 2, 0, 1, 0, 0, 0, 0, 0, 0], "hlc": [921576, 0]}
INFO:<Node 2>:{"send": false, "recv": true, "to": 2, "from": 4, "vc": [0, 0, 1, 0, 1, 0, 0, 0, 0, 0], "hlc": [921570, 2]}
INFO:<Node 4>:{"send": false, "recv": true, "to": 4, "from": 0, "vc": [1, 0, 0, 0, 2, 0, 0, 0, 0, 0], "hlc": [921570, 2]}
INFO:<Node 7>:{"send": false, "recv": true, "to": 7, "from": 8, "vc": [0, 0, 0, 0, 0, 0, 0, 2, 1, 0], "hlc": [921570, 2]}
INFO:<Node 9>:{"send": false, "recv": true, "to": 9, "from": 7, "vc": [0, 0, 0, 0, 0, 0, 0, 1, 0, 1], "hlc": [921570, 2]}
INFO:<Node 0>:{"send": true, "recv": false, "from": 0, "to": 6, "vc": [4, 1, 0, 0, 0, 0, 1, 0, 0, 0], "hlc": [921575, 3]}
INFO:<Node 1>:{"send": true, "recv": false, "from": 1, "to": 4, "vc": [0, 3, 0, 1, 0, 0, 0, 0, 0, 0], "hlc": [921576, 1]}
INFO:<Node 2>:{"send": true, "recv": false, "from": 2, "to": 7, "vc": [0, 0, 2, 0, 1, 0, 0, 0, 0, 0], "hlc": [921570, 3]}
INFO:<Node 6>:{"send": true, "recv": false, "from": 6, "to": 4, "vc": [0, 0, 0, 0, 0, 0, 2, 0, 0, 0], "hlc": [921570, 2]}
INFO:<Node 7>:{"send": true, "recv": false, "from": 7, "to": 1, "vc": [0, 0, 0, 0, 0, 0, 0, 3, 1, 0], "hlc": [921570, 3]}
INFO:<Node 8>:{"send": true, "recv": false, "from": 8, "to": 2, "vc": [0, 0, 0, 0, 0, 0, 0, 0, 2, 0], "hlc": [921570, 2]}
INFO:<Node 9>:{"send": true, "recv": false, "from": 9, "to": 4, "vc": [0, 0, 0, 0, 0, 0, 0, 1, 0, 2], "hlc": [921570, 3]}
INFO:<Node 1>:{"send": false, "recv": true, "to": 1, "from": 7, "vc": [0, 4, 0, 1, 0, 0, 0, 3, 1, 0], "hlc": [921576, 2]}
INFO:<Node 2>:{"send": false, "recv": true, "to": 2, "from": 8, "vc": [0, 0, 3, 0, 1, 0, 0, 0, 2, 0], "hlc": [921570, 4]}
INFO:<Node 4>:{"send": false, "recv": true, "to": 4, "from": 1, "vc": [1, 3, 0, 1, 3, 0, 0, 0, 0, 0], "hlc": [921576, 2]}
INFO:<Node 4>:{"send": false, "recv": true, "to": 4, "from": 6, "vc": [1, 3, 0, 1, 4, 0, 2, 0, 0, 0], "hlc": [921576, 3]}
INFO:<Node 4>:{"send": false, "recv": true, "to": 4, "from": 9, "vc": [1, 3, 0, 1, 5, 0, 2, 1, 0, 2], "hlc": [921576, 4]}
INFO:<Node 6>:{"send": false, "recv": true, "to": 6, "from": 0, "vc": [4, 1, 0, 0, 0, 0, 3, 0, 0, 0], "hlc": [921575, 4]}
INFO:<Node 7>:{"send": false, "recv": true, "to": 7, "from": 2, "vc": [0, 0, 2, 0, 1, 0, 0, 4, 1, 0], "hlc": [921570, 4]}
INFO:<Node 0>:{"send": true, "recv": false, "from": 0, "to": 9, "vc": [5, 1, 0, 0, 0, 0, 1, 0, 0, 0], "hlc": [921575, 4]}
INFO:<Node 1>:{"send": true, "recv": false, "from": 1, "to": 6, "vc": [0, 5, 0, 1, 0, 0, 0, 3, 1, 0], "hlc": [921576, 3]}
INFO:<Node 3>:{"send": true, "recv": false, "from": 3, "to": 1, "vc": [0, 0, 0, 2, 0, 0, 0, 0, 0, 0], "hlc": [921570, 2]}
INFO:<Node 5>:{"send": true, "recv": false, "from": 5, "to": 8, "vc": [0, 0, 0, 0, 0, 1, 0, 0, 0, 0], "hlc": [921570, 1]}
INFO:<Node 9>:{"send": true, "recv": false, "from": 9, "to": 7, "vc": [0, 0, 0, 0, 0, 0, 0, 1, 0, 3], "hlc": [921570, 4]}
INFO:<Node 1>:{"send": false, "recv": true, "to": 1, "from": 3, "vc": [0, 6, 0, 2, 0, 0, 0, 3, 1, 0], "hlc": [921577, 0]}
INFO:<Node 6>:{"send": false, "recv": true, "to": 6, "from": 1, "vc": [4, 5, 0, 1, 0, 0, 4, 3, 1, 0], "hlc": [921576, 4]}
INFO:<Node 7>:{"send": false, "recv": true, "to": 7, "from": 9, "vc": [0, 0, 2, 0, 1, 0, 0, 5, 1, 3], "hlc": [921570, 5]}
INFO:<Node 8>:{"send": false, "recv": true, "to": 8, "from": 5, "vc": [0, 0, 0, 0, 0, 1, 0, 0, 3, 0], "hlc": [921570, 3]}
INFO:<Node 9>:{"send": false, "recv": true, "to": 9, "from": 0, "vc": [5, 1, 0, 0, 0, 0, 1, 1, 0, 4], "hlc": [921575, 5]}
INFO:<Node 1>:{"send": true, "recv": false, "from": 1, "to": 0, "vc": [0, 7, 0, 2, 0, 0, 0, 3, 1, 0], "hlc": [921577, 1]}
INFO:<Node 4>:{"send": true, "recv": false, "from": 4, "to": 5, "vc": [1, 3, 0, 1, 6, 0, 2, 1, 0, 2], "hlc": [921576, 5]}
INFO:<Node 5>:{"send": true, "recv": false, "from": 5, "to": 1, "vc": [0, 0, 0, 0, 0, 2, 0, 0, 0, 0], "hlc": [921570, 2]}
INFO:<Node 7>:{"send": true, "recv": false, "from": 7, "to": 4, "vc": [0, 0, 2, 0, 1, 0, 0, 6, 1, 3], "hlc": [921570, 6]}
INFO:<Node 9>:{"send": true, "recv": false, "from": 9, "to": 7, "vc": [5, 1, 0, 0, 0, 0, 1, 1, 0, 5], "hlc": [921575, 6]}
INFO:<Node 0>:{"send": false, "recv": true, "to": 0, "from": 1, "vc": [6, 7, 0, 2, 0, 0, 1, 3, 1, 0], "hlc": [921577, 2]}
INFO:<Node 1>:{"send": false, "recv": true, "to": 1, "from": 5, "vc": [0, 8, 0, 2, 0, 2, 0, 3, 1, 0], "hlc": [921577, 2]}
INFO:<Node 4>:{"send": false, "recv": true, "to": 4, "from": 7, "vc": [1, 3, 2, 1, 7, 0, 2, 6, 1, 3], "hlc": [921576, 6]}
INFO:<Node 5>:{"send": false, "recv": true, "to": 5, "from": 4, "vc": [1, 3, 0, 1, 6, 3, 2, 1, 0, 2], "hlc": [921576, 6]}
INFO:<Node 7>:{"send": false, "recv": true, "to": 7, "from": 9, "vc": [5, 1, 2, 0, 1, 0, 1, 7, 1, 5], "hlc": [921575, 7]}
INFO:<Node 0>:{"send": true, "recv": false, "from": 0, "to": 5, "vc": [7, 7, 0, 2, 0, 0, 1, 3, 1, 0], "hlc": [921577, 3]}
INFO:<Node 1>:{"send": true, "recv": false, "from": 1, "to": 3, "vc": [0, 9, 0, 2, 0, 2, 0, 3, 1, 0], "hlc": [921577, 3]}
INFO:<Node 2>:{"send": true, "recv": false, "from": 2, "to": 5, "vc": [0, 0, 4, 0, 1, 0, 0, 0, 2, 0], "hlc": [921570, 5]}
INFO:<Node 4>:{"send": true, "recv": false, "from": 4, "to": 0, "vc": [1, 3, 2, 1, 8, 0, 2, 6, 1, 3], "hlc": [921576, 7]}
INFO:<Node 5>:{"send": true, "recv": false, "from": 5, "to": 1, "vc": [1, 3, 0, 1, 6, 4, 2, 1, 0, 2], "hlc": [921576, 7]}
INFO:<Node 6>:{"send": true, "recv": false, "from": 6, "to": 9, "vc": [4, 5, 0, 1, 0, 0, 5, 3, 1, 0], "hlc": [921576, 5]}
INFO:<Node 7>:{"send": true, "recv": false, "from": 7, "to": 5, "vc": [5, 1, 2, 0, 1, 0, 1, 8, 1, 5], "hlc": [921575, 8]}
INFO:<Node 8>:{"send": true, "recv": false, "from": 8, "to": 0, "vc": [0, 0, 0, 0, 0, 1, 0, 0, 4, 0], "hlc": [921570, 4]}
INFO:<Node 9>:{"send": true, "recv": false, "from": 9, "to": 1, "vc": [5, 1, 0, 0, 0, 0, 1, 1, 0, 6], "hlc": [921575, 7]}
INFO:<Node 0>:{"send": false, "recv": true, "to": 0, "from": 4, "vc": [8, 7, 2, 2, 8, 0, 2, 6, 1, 3], "hlc": [921577, 4]}
INFO:<Node 0>:{"send": false, "recv": true, "to": 0, "from": 8, "vc": [9, 7, 2, 2, 8, 1, 2, 6, 4, 3], "hlc": [921577, 5]}
INFO:<Node 1>:{"send": false, "recv": true, "to": 1, "from": 5, "vc": [1, 10, 0, 2, 6, 4, 2, 3, 1, 2], "hlc": [921578, 0]}
INFO:<Node 1>:{"send": false, "recv": true, "to": 1, "from": 9, "vc": [5, 11, 0, 2, 6, 4, 2, 3, 1, 6], "hlc": [921578, 1]}
INFO:<Node 3>:{"send": false, "recv": true, "to": 3, "from": 1, "vc": [0, 9, 0, 3, 0, 2, 0, 3, 1, 0], "hlc": [921577, 4]}
INFO:<Node 5>:{"send": false, "recv": true, "to": 5, "from": 0, "vc": [7, 7, 0, 2, 6, 5, 2, 3, 1, 2], "hlc": [921577, 4]}
INFO:<Node 5>:{"send": false, "recv": true, "to": 5, "from": 2, "vc": [7, 7, 4, 2, 6, 6, 2, 3, 2, 2], "hlc": [921577, 5]}
INFO:<Node 5>:{"send": false, "recv": true, "to": 5, "from": 7, "vc": [7, 7, 4, 2, 6, 7, 2, 8, 2, 5], "hlc": [921577, 6]}
INFO:<Node 9>:{"send": false, "recv": true, "to": 9, "from": 6, "vc": [5, 5, 0, 1, 0, 0, 5, 3, 1, 7], "hlc": [921576, 6]}
INFO:<Node 1>:{"send": true, "recv": false, "from": 1, "to": 7, "vc": [5, 12, 0, 2, 6, 4, 2, 3, 1, 6], "hlc": [921578, 2]}
INFO:<Node 2>:{"send": true, "recv": false, "from": 2, "to": 6, "vc": [0, 0, 5, 0, 1, 0, 0, 0, 2, 0], "hlc": [921570, 6]}
INFO:<Node 3>:{"send": true, "recv": false, "from": 3, "to": 5, "vc": [0, 9, 0, 4, 0, 2, 0, 3, 1, 0], "hlc": [921577, 5]}
INFO:<Node 4>:{"send": true, "recv": false, "from": 4, "to": 7, "vc": [1, 3, 2, 1, 9, 0, 2, 6, 1, 3], "hlc": [921576, 8]}
INFO:<Node 6>:{"send": true, "recv": false, "from": 6, "to": 3, "vc": [4, 5, 0, 1, 0, 0, 6, 3, 1, 0], "hlc": [921576, 6]}
INFO:<Node 7>:{"send": true, "recv": false, "from": 7, "to": 1, "vc": [5, 1, 2, 0, 1, 0, 1, 9, 1, 5], "hlc": [921575, 9]}
INFO:<Node 1>:{"send": false, "recv": true, "to": 1, "from": 7, "vc": [5, 13, 2, 2, 6, 4, 2, 9, 1, 6], "hlc": [921578, 3]}
INFO:<Node 3>:{"send": false, "recv": true, "to": 3, "from": 6, "vc": [4, 9, 0, 5, 0, 2, 6, 3, 1, 0], "hlc": [921577, 6]}
INFO:<Node 5>:{"send": false, "recv": true, "to": 5, "from": 3, "vc": [7, 9, 4, 4, 6, 8, 2, 8, 2, 5], "hlc": [921577, 7]}
INFO:<Node 6>:{"send": false, "recv": true, "to": 6, "from": 2, "vc": [4, 5, 5, 1, 1, 0, 7, 3, 2, 0], "hlc": [921576, 7]}
INFO:<Node 7>:{"send": false, "recv": true, "to": 7, "from": 1, "vc": [5, 12, 2, 2, 6, 4, 2, 10, 1, 6], "hlc": [921578, 3]}
INFO:<Node 7>:{"send": false, "recv": true, "to": 7, "from": 4, "vc": [5, 12, 2, 2, 9, 4, 2, 11, 1, 6], "hlc": [921578, 4]}
INFO:<Node 0>:{"send": true, "recv": false, "from": 0, "to": 2, "vc": [10, 7, 2, 2, 8, 1, 2, 6, 4, 3], "hlc": [921577, 6]}
INFO:<Node 2>:{"send": true, "recv": false, "from": 2, "to": 7, "vc": [0, 0, 6, 0, 1, 0, 0, 0, 2, 0], "hlc": [921570, 7]}
INFO:<Node 4>:{"send": true, "recv": false, "from": 4, "to": 0, "vc": [1, 3, 2, 1, 10, 0, 2, 6, 1, 3], "hlc": [921576, 9]}
INFO:<Node 6>:{"send": true, "recv": false, "from": 6, "to": 4, "vc": [4, 5, 5, 1, 1, 0, 8, 3, 2, 0], "hlc": [921576, 8]}
INFO:<Node 8>:{"send": true, "recv": false, "from": 8, "to": 6, "vc": [0, 0, 0, 0, 0, 1, 0, 0, 5, 0], "hlc": [921570, 5]}
INFO:<Node 0>:{"send": false, "recv": true, "to": 0, "from": 4, "vc": [11, 7, 2, 2, 10, 1, 2, 6, 4, 3], "hlc": [921577, 7]}
INFO:<Node 2>:{"send": false, "recv": true, "to": 2, "from": 0, "vc": [10, 7, 7, 2, 8, 1, 2, 6, 4, 3], "hlc": [921577, 7]}
INFO:<Node 4>:{"send": false, "recv": true, "to": 4, "from": 6, "vc": [4, 5, 5, 1, 11, 0, 8, 6, 2, 3], "hlc": [921576, 10]}
INFO:<Node 6>:{"send": false, "recv": true, "to": 6, "from": 8, "vc": [4, 5, 5, 1, 1, 1, 9, 3, 5, 0], "hlc": [921576, 9]}
INFO:<Node 7>:{"send": false, "recv": true, "to": 7, "from": 2, "vc": [5, 12, 6, 2, 9, 4, 2, 12, 2, 6], "hlc": [921578, 5]}
INFO:<Node 2>:{"send": true, "recv": false, "from": 2, "to": 7, "vc": [10, 7, 8, 2, 8, 1, 2, 6, 4, 3], "hlc": [921577, 8]}
INFO:<Node 3>:{"send": true, "recv": false, "from": 3, "to": 5, "vc": [4, 9, 0, 6, 0, 2, 6, 3, 1, 0], "hlc": [921577, 7]}
INFO:<Node 4>:{"send": true, "recv": false, "from": 4, "to": 8, "vc": [4, 5, 5, 1, 12, 0, 8, 6, 2, 3], "hlc": [921576, 11]}
INFO:<Node 5>:{"send": true, "recv": false, "from": 5, "to": 2, "vc": [7, 9, 4, 4, 6, 9, 2, 8, 2, 5], "hlc": [921577, 8]}
INFO:<Node 8>:{"send": true, "recv": false, "from": 8, "to": 3, "vc": [0, 0, 0, 0, 0, 1, 0, 0, 6, 0], "hlc": [921570, 6]}
INFO:<Node 9>:{"send": true, "recv": false, "from": 9, "to": 0, "vc": [5, 5, 0, 1, 0, 0, 5, 3, 1, 8], "hlc": [921576, 7]}
INFO:<Node 0>:{"send": false, "recv": true, "to": 0, "from": 9, "vc": [12, 7, 2, 2, 10, 1, 5, 6, 4, 8], "hlc": [921577, 8]}
INFO:<Node 2>:{"send": false, "recv": true, "to": 2, "from": 5, "vc": [10, 9, 9, 4, 8, 9, 2, 8, 4, 5], "hlc": [921577, 9]}
INFO:<Node 3>:{"send": false, "recv": true, "to": 3, "from": 8, "vc": [4, 9, 0, 7, 0, 2, 6, 3, 6, 0], "hlc": [921577, 8]}
INFO:<Node 5>:{"send": false, "recv": true, "to": 5, "from": 3, "vc": [7, 9, 4, 6, 6, 10, 6, 8, 2, 5], "hlc": [921577, 9]}
INFO:<Node 7>:{"send": false, "recv": true, "to": 7, "from": 2, "vc": [10, 12, 8, 2, 9, 4, 2, 13, 4, 6], "hlc": [921578, 6]}
INFO:<Node 8>:{"send": false, "recv": true, "to": 8, "from": 4, "vc": [4, 5, 5, 1, 12, 1, 8, 6, 7, 3], "hlc": [921576, 12]}
INFO:<Node 1>:{"send": true, "recv": false, "from": 1, "to": 3, "vc": [5, 14, 2, 2, 6, 4, 2, 9, 1, 6], "hlc": [921579, 0]}
INFO:<Node 3>:{"send": true, "recv": false, "from": 3, "to": 1, "vc": [4, 9, 0, 8, 0, 2, 6, 3, 6, 0], "hlc": [921577, 9]}
INFO:<Node 6>:{"send": true, "recv": false, "from": 6, "to": 5, "vc": [4, 5, 5, 1, 1, 1, 10, 3, 5, 0], "hlc": [921576, 10]}
INFO:<Node 8>:{"send": true, "recv": false, "from": 8, "to": 9, "vc": [4, 5, 5, 1, 12, 1, 8, 6, 8, 3], "hlc": [921576, 13]}
INFO:<Node 9>:{"send": true, "recv": false, "from": 9, "to": 4, "vc": [5, 5, 0, 1, 0, 0, 5, 3, 1, 9], "hlc": [921576, 8]}
INFO:<Node 1>:{"send": false, "recv": true, "to": 1, "from": 3, "vc": [5, 15, 2, 8, 6, 4, 6, 9, 6, 6], "hlc": [921580, 0]}
INFO:<Node 3>:{"send": false, "recv": true, "to": 3, "from": 1, "vc": [5, 14, 2, 9, 6, 4, 6, 9, 6, 6], "hlc": [921579, 1]}
INFO:<Node 4>:{"send": false, "recv": true, "to": 4, "from": 9, "vc": [5, 5, 5, 1, 13, 0, 8, 6, 2, 9], "hlc": [921576, 12]}
INFO:<Node 5>:{"send": false, "recv": true, "to": 5, "from": 6, "vc": [7, 9, 5, 6, 6, 11, 10, 8, 5, 5], "hlc": [921577, 10]}
INFO:<Node 9>:{"send": false, "recv": true, "to": 9, "from": 8, "vc": [5, 5, 5, 1, 12, 1, 8, 6, 8, 10], "hlc": [921576, 14]}
INFO:<Node 1>:{"send": true, "recv": false, "from": 1, "to": 6, "vc": [5, 16, 2, 8, 6, 4, 6, 9, 6, 6], "hlc": [921580, 1]}
INFO:<Node 2>:{"send": true, "recv": false, "from": 2, "to": 1, "vc": [10, 9, 10, 4, 8, 9, 2, 8, 4, 5], "hlc": [921577, 10]}
INFO:<Node 3>:{"send": true, "recv": false, "from": 3, "to": 9, "vc": [5, 14, 2, 10, 6, 4, 6, 9, 6, 6], "hlc": [921579, 2]}
INFO:<Node 4>:{"send": true, "recv": false, "from": 4, "to": 6, "vc": [5, 5, 5, 1, 14, 0, 8, 6, 2, 9], "hlc": [921576, 13]}
INFO:<Node 9>:{"send": true, "recv": false, "from": 9, "to": 6, "vc": [5, 5, 5, 1, 12, 1, 8, 6, 8, 11], "hlc": [921576, 15]}
INFO:<Node 1>:{"send": false, "recv": true, "to": 1, "from": 2, "vc": [10, 17, 10, 8, 8, 9, 6, 9, 6, 6], "hlc": [921580, 2]}
INFO:<Node 6>:{"send": false, "recv": true, "to": 6, "from": 1, "vc": [5, 16, 5, 8, 6, 4, 11, 9, 6, 6], "hlc": [921580, 2]}
INFO:<Node 6>:{"send": false, "recv": true, "to": 6, "from": 4, "vc": [5, 16, 5, 8, 14, 4, 12, 9, 6, 9], "hlc": [921580, 3]}
INFO:<Node 6>:{"send": false, "recv": true, "to": 6, "from": 9, "vc": [5, 16, 5, 8, 14, 4, 13, 9, 8, 11], "hlc": [921580, 4]}
INFO:<Node 9>:{"send": false, "recv": true, "to": 9, "from": 3, "vc": [5, 14, 5, 10, 12, 4, 8, 9, 8, 12], "hlc": [921579, 3]}
INFO:<Node 0>:{"send": true, "recv": false, "from": 0, "to": 5, "vc": [13, 7, 2, 2, 10, 1, 5, 6, 4, 8], "hlc": [921577, 9]}
INFO:<Node 1>:{"send": true, "recv": false, "from": 1, "to": 9, "vc": [10, 18, 10, 8, 8, 9, 6, 9, 6, 6], "hlc": [921580, 3]}
INFO:<Node 3>:{"send": true, "recv": false, "from": 3, "to": 7, "vc": [5, 14, 2, 11, 6, 4, 6, 9, 6, 6], "hlc": [921579, 3]}
INFO:<Node 6>:{"send": true, "recv": false, "from": 6, "to": 1, "vc": [5, 16, 5, 8, 14, 4, 14, 9, 8, 11], "hlc": [921580, 5]}
INFO:<Node 7>:{"send": true, "recv": false, "from": 7, "to": 4, "vc": [10, 12, 8, 2, 9, 4, 2, 14, 4, 6], "hlc": [921578, 7]}
INFO:<Node 8>:{"send": true, "recv": false, "from": 8, "to": 5, "vc": [4, 5, 5, 1, 12, 1, 8, 6, 9, 3], "hlc": [921576, 14]}
INFO:<Node 9>:{"send": true, "recv": false, "from": 9, "to": 8, "vc": [5, 14, 5, 10, 12, 4, 8, 9, 8, 13], "hlc": [921579, 4]}
INFO:<Node 1>:{"send": false, "recv": true, "to": 1, "from": 6, "vc": [10, 19, 10, 8, 14, 9, 14, 9, 8, 11], "hlc": [921581, 0]}
INFO:<Node 4>:{"send": false, "recv": true, "to": 4, "from": 7, "vc": [10, 12, 8, 2, 15, 4, 8, 14, 4, 9], "hlc": [921578, 8]}
INFO:<Node 5>:{"send": false, "recv": true, "to": 5, "from": 0, "vc": [13, 9, 5, 6, 10, 12, 10, 8, 5, 8], "hlc": [921577, 11]}
INFO:<Node 5>:{"send": false, "recv": true, "to": 5, "from": 8, "vc": [13, 9, 5, 6, 12, 13, 10, 8, 9, 8], "hlc": [921577, 12]}
INFO:<Node 7>:{"send": false, "recv": true, "to": 7, "from": 3, "vc": [10, 14, 8, 11, 9, 4, 6, 15, 6, 6], "hlc": [921579, 4]}
INFO:<Node 8>:{"send": false, "recv": true, "to": 8, "from": 9, "vc": [5, 14, 5, 10, 12, 4, 8, 9, 10, 13], "hlc": [921579, 5]}
INFO:<Node 9>:{"send": false, "recv": true, "to": 9, "from": 1, "vc": [10, 18, 10, 10, 12, 9, 8, 9, 8, 14], "hlc": [921580, 4]}
INFO:<Node 2>:{"send": true, "recv": false, "from": 2, "to": 7, "vc": [10, 9, 11, 4, 8, 9, 2, 8, 4, 5], "hlc": [921577, 11]}
INFO:<Node 3>:{"send": true, "recv": false, "from": 3, "to": 2, "vc": [5, 14, 2, 12, 6, 4, 6, 9, 6, 6], "hlc": [921579, 4]}
INFO:<Node 4>:{"send": true, "recv": false, "from": 4, "to": 6, "vc": [10, 12, 8, 2, 16, 4, 8, 14, 4, 9], "hlc": [921578, 9]}
INFO:<Node 5>:{"send": true, "recv": false, "from": 5, "to": 2, "vc": [13, 9, 5, 6, 12, 14, 10, 8, 9, 8], "hlc": [921577, 13]}
INFO:<Node 6>:{"send": true, "recv": false, "from": 6, "to": 3, "vc": [5, 16, 5, 8, 14, 4, 15, 9, 8, 11], "hlc": [921580, 6]}
INFO:<Node 7>:{"send": true, "recv": false, "from": 7, "to": 8, "vc": [10, 14, 8, 11, 9, 4, 6, 16, 6, 6], "hlc": [921579, 5]}
INFO:<Node 8>:{"send": true, "recv": false, "from": 8, "to": 5, "vc": [5, 14, 5, 10, 12, 4, 8, 9, 11, 13], "hlc": [921579, 6]}
INFO:<Node 9>:{"send": true, "recv": false, "from": 9, "to": 6, "vc": [10, 18, 10, 10, 12, 9, 8, 9, 8, 15], "hlc": [921580, 5]}
INFO:<Node 2>:{"send": false, "recv": true, "to": 2, "from": 3, "vc": [10, 14, 12, 12, 8, 9, 6, 9, 6, 6], "hlc": [921579, 5]}
INFO:<Node 2>:{"send": false, "recv": true, "to": 2, "from": 5, "vc": [13, 14, 13, 12, 12, 14, 10, 9, 9, 8], "hlc": [921579, 6]}
INFO:<Node 3>:{"send": false, "recv": true, "to": 3, "from": 6, "vc": [5, 16, 5, 13, 14, 4, 15, 9, 8, 11], "hlc": [921580, 7]}
INFO:<Node 5>:{"send": false, "recv": true, "to": 5, "from": 8, "vc": [13, 14, 5, 10, 12, 15, 10, 9, 11, 13], "hlc": [921579, 7]}
INFO:<Node 6>:{"send": false, "recv": true, "to": 6, "from": 4, "vc": [10, 16, 8, 8, 16, 4, 16, 14, 8, 11], "hlc": [921580, 7]}
INFO:<Node 6>:{"send": false, "recv": true, "to": 6, "from": 9, "vc": [10, 18, 10, 10, 16, 9, 17, 14, 8, 15], "hlc": [921580, 8]}
INFO:<Node 7>:{"send": false, "recv": true, "to": 7, "from": 2, "vc": [10, 14, 11, 11, 9, 9, 6, 17, 6, 6], "hlc": [921579, 6]}
INFO:<Node 8>:{"send": false, "recv": true, "to": 8, "from": 7, "vc": [10, 14, 8, 11, 12, 4, 8, 16, 12, 13], "hlc": [921579, 7]}
INFO:<Node 0>:{"send": true, "recv": false, "from": 0, "to": 9, "vc": [14, 7, 2, 2, 10, 1, 5, 6, 4, 8], "hlc": [921577, 10]}
INFO:<Node 1>:{"send": true, "recv": false, "from": 1, "to": 7, "vc": [10, 20, 10, 8, 14, 9, 14, 9, 8, 11], "hlc": [921581, 1]}
INFO:<Node 4>:{"send": true, "recv": false, "from": 4, "to": 6, "vc": [10, 12, 8, 2, 17, 4, 8, 14, 4, 9], "hlc": [921578, 10]}
INFO:<Node 5>:{"send": true, "recv": false, "from": 5, "to": 0, "vc": [13, 14, 5, 10, 12, 16, 10, 9, 11, 13], "hlc": [921579, 8]}
INFO:<Node 6>:{"send": true, "recv": false, "from": 6, "to": 0, "vc": [10, 18, 10, 10, 16, 9, 18, 14, 8, 15], "hlc": [921580, 9]}
INFO:<Node 7>:{"send": true, "recv": false, "from": 7, "to": 6, "vc": [10, 14, 11, 11, 9, 9, 6, 18, 6, 6], "hlc": [921579, 7]}
INFO:<Node 8>:{"send": true, "recv": false, "from": 8, "to": 0, "vc": [10, 14, 8, 11, 12, 4, 8, 16, 13, 13], "hlc": [921579, 8]}
INFO:<Node 9>:{"send": true, "recv": false, "from": 9, "to": 8, "vc": [10, 18, 10, 10, 12, 9, 8, 9, 8, 16], "hlc": [921580, 6]}
INFO:<Node 0>:{"send": false, "recv": true, "to": 0, "from": 5, "vc": [15, 14, 5, 10, 12, 16, 10, 9, 11, 13], "hlc": [921579, 9]}
INFO:<Node 0>:{"send": false, "recv": true, "to": 0, "from": 6, "vc": [16, 18, 10, 10, 16, 16, 18, 14, 11, 15], "hlc": [921580, 10]}
INFO:<Node 0>:{"send": false, "recv": true, "to": 0, "from": 8, "vc": [17, 18, 10, 11, 16, 16, 18, 16, 13, 15], "hlc": [921580, 11]}
INFO:<Node 6>:{"send": false, "recv": true, "to": 6, "from": 4, "vc": [10, 18, 10, 10, 17, 9, 19, 14, 8, 15], "hlc": [921580, 10]}
INFO:<Node 6>:{"send": false, "recv": true, "to": 6, "from": 7, "vc": [10, 18, 11, 11, 17, 9, 20, 18, 8, 15], "hlc": [921580, 11]}
INFO:<Node 7>:{"send": false, "recv": true, "to": 7, "from": 1, "vc": [10, 20, 11, 11, 14, 9, 14, 19, 8, 11], "hlc": [921581, 2]}
INFO:<Node 8>:{"send": false, "recv": true, "to": 8, "from": 9, "vc": [10, 18, 10, 11, 12, 9, 8, 16, 14, 16], "hlc": [921580, 7]}
INFO:<Node 9>:{"send": false, "recv": true, "to": 9, "from": 0, "vc": [14, 18, 10, 10, 12, 9, 8, 9, 8, 17], "hlc": [921580, 7]}
INFO:<Node 0>:{"send": true, "recv": false, "from": 0, "to": 1, "vc": [18, 18, 10, 11, 16, 16, 18, 16, 13, 15], "hlc": [921580, 12]}
INFO:<Node 1>:{"send": true, "recv": false, "from": 1, "to": 8, "vc": [10, 21, 10, 8, 14, 9, 14, 9, 8, 11], "hlc": [921582, 0]}
INFO:<Node 4>:{"send": true, "recv": false, "from": 4, "to": 2, "vc": [10, 12, 8, 2, 18, 4, 8, 14, 4, 9], "hlc": [921578, 11]}
INFO:<Node 5>:{"send": true, "recv": false, "from": 5, "to": 8, "vc": [13, 14, 5, 10, 12, 17, 10, 9, 11, 13], "hlc": [921579, 9]}
INFO:<Node 6>:{"send": true, "recv": false, "from": 6, "to": 7, "vc": [10, 18, 11, 11, 17, 9, 21, 18, 8, 15], "hlc": [921580, 12]}
INFO:<Node 7>:{"send": true, "recv": false, "from": 7, "to": 8, "vc": [10, 20, 11, 11, 14, 9, 14, 20, 8, 11], "hlc": [921581, 3]}
INFO:<Node 8>:{"send": true, "recv": false, "from": 8, "to": 5, "vc": [10, 18, 10, 11, 12, 9, 8, 16, 15, 16], "hlc": [921580, 8]}
INFO:<Node 9>:{"send": true, "recv": false, "from": 9, "to": 1, "vc": [14, 18, 10, 10, 12, 9, 8, 9, 8, 18], "hlc": [921580, 8]}
INFO:<Node 1>:{"send": false, "recv": true, "to": 1, "from": 0, "vc": [18, 22, 10, 11, 16, 16, 18, 16, 13, 15], "hlc": [921582, 1]}
INFO:<Node 1>:{"send": false, "recv": true, "to": 1, "from": 9, "vc": [18, 23, 10, 11, 16, 16, 18, 16, 13, 18], "hlc": [921582, 2]}
INFO:<Node 2>:{"send": false, "recv": true, "to": 2, "from": 4, "vc": [13, 14, 14, 12, 18, 14, 10, 14, 9, 9], "hlc": [921579, 7]}
INFO:<Node 5>:{"send": false, "recv": true, "to": 5, "from": 8, "vc": [13, 18, 10, 11, 12, 18, 10, 16, 15, 16], "hlc": [921580, 9]}
INFO:<Node 7>:{"send": false, "recv": true, "to": 7, "from": 6, "vc": [10, 20, 11, 11, 17, 9, 21, 21, 8, 15], "hlc": [921581, 4]}
INFO:<Node 8>:{"send": false, "recv": true, "to": 8, "from": 1, "vc": [10, 21, 10, 11, 14, 9, 14, 16, 16, 16], "hlc": [921582, 1]}
INFO:<Node 8>:{"send": false, "recv": true, "to": 8, "from": 5, "vc": [13, 21, 10, 11, 14, 17, 14, 16, 17, 16], "hlc": [921582, 2]}
INFO:<Node 8>:{"send": false, "recv": true, "to": 8, "from": 7, "vc": [13, 21, 11, 11, 14, 17, 14, 20, 18, 16], "hlc": [921582, 3]}
INFO:<Node 0>:{"send": true, "recv": false, "from": 0, "to": 8, "vc": [19, 18, 10, 11, 16, 16, 18, 16, 13, 15], "hlc": [921580, 13]}
INFO:<Node 3>:{"send": true, "recv": false, "from": 3, "to": 6, "vc": [5, 16, 5, 14, 14, 4, 15, 9, 8, 11], "hlc": [921580, 8]}
INFO:<Node 5>:{"send": true, "recv": false, "from": 5, "to": 7, "vc": [13, 18, 10, 11, 12, 19, 10, 16, 15, 16], "hlc": [921580, 10]}
INFO:<Node 8>:{"send": true, "recv": false, "from": 8, "to": 9, "vc": [13, 21, 11, 11, 14, 17, 14, 20, 19, 16], "hlc": [921582, 4]}
INFO:<Node 6>:{"send": false, "recv": true, "to": 6, "from": 3, "vc": [10, 18, 11, 14, 17, 9, 22, 18, 8, 15], "hlc": [921580, 13]}
INFO:<Node 7>:{"send": false, "recv": true, "to": 7, "from": 5, "vc": [13, 20, 11, 11, 17, 19, 21, 22, 15, 16], "hlc": [921581, 5]}
INFO:<Node 8>:{"send": false, "recv": true, "to": 8, "from": 0, "vc": [19, 21, 11, 11, 16, 17, 18, 20, 20, 16], "hlc": [921582, 5]}
INFO:<Node 9>:{"send": false, "recv": true, "to": 9, "from": 8, "vc": [14, 21, 11, 11, 14, 17, 14, 20, 19, 19], "hlc": [921582, 5]}
INFO:<Node 0>:{"send": true, "recv": false, "from": 0, "to": 5, "vc": [20, 18, 10, 11, 16, 16, 18, 16, 13, 15], "hlc": [921580, 14]}
INFO:<Node 2>:{"send": true, "recv": false, "from": 2, "to": 8, "vc": [13, 14, 15, 12, 18, 14, 10, 14, 9, 9], "hlc": [921579, 8]}
INFO:<Node 3>:{"send": true, "recv": false, "from": 3, "to": 0, "vc": [5, 16, 5, 15, 14, 4, 15, 9, 8, 11], "hlc": [921580, 9]}
INFO:<Node 4>:{"send": true, "recv": false, "from": 4, "to": 2, "vc": [10, 12, 8, 2, 19, 4, 8, 14, 4, 9], "hlc": [921578, 12]}
INFO:<Node 6>:{"send": true, "recv": false, "from": 6, "to": 2, "vc": [10, 18, 11, 14, 17, 9, 23, 18, 8, 15], "hlc": [921580, 14]}
INFO:<Node 7>:{"send": true, "recv": false, "from": 7, "to": 8, "vc": [13, 20, 11, 11, 17, 19, 21, 23, 15, 16], "hlc": [921581, 6]}
INFO:<Node 0>:{"send": false, "recv": true, "to": 0, "from": 3, "vc": [21, 18, 10, 15, 16, 16, 18, 16, 13, 15], "hlc": [921580, 15]}
INFO:<Node 2>:{"send": false, "recv": true, "to": 2, "from": 4, "vc": [13, 14, 16, 12, 19, 14, 10, 14, 9, 9], "hlc": [921579, 9]}
INFO:<Node 2>:{"send": false, "recv": true, "to": 2, "from": 6, "vc": [13, 18, 17, 14, 19, 14, 23, 18, 9, 15], "hlc": [921580, 15]}
INFO:<Node 5>:{"send": false, "recv": true, "to": 5, "from": 0, "vc": [20, 18, 10, 11, 16, 20, 18, 16, 15, 16], "hlc": [921580, 15]}
INFO:<Node 8>:{"send": false, "recv": true, "to": 8, "from": 2, "vc": [19, 21, 15, 12, 18, 17, 18, 20, 21, 16], "hlc": [921582, 6]}
INFO:<Node 8>:{"send": false, "recv": true, "to": 8, "from": 7, "vc": [19, 21, 15, 12, 18, 19, 21, 23, 22, 16], "hlc": [921582, 7]}
INFO:<Node 0>:{"send": true, "recv": false, "from": 0, "to": 8, "vc": [22, 18, 10, 15, 16, 16, 18, 16, 13, 15], "hlc": [921580, 16]}
INFO:<Node 1>:{"send": true, "recv": false, "from": 1, "to": 3, "vc": [18, 24, 10, 11, 16, 16, 18, 16, 13, 18], "hlc": [921583, 0]}
INFO:<Node 3>:{"send": true, "recv": false, "from": 3, "to": 0, "vc": [5, 16, 5, 16, 14, 4, 15, 9, 8, 11], "hlc": [921580, 10]}
INFO:<Node 4>:{"send": true, "recv": false, "from": 4, "to": 3, "vc": [10, 12, 8, 2, 20, 4, 8, 14, 4, 9], "hlc": [921578, 13]}
INFO:<Node 5>:{"send": true, "recv": false, "from": 5, "to": 4, "vc": [20, 18, 10, 11, 16, 21, 18, 16, 15, 16], "hlc": [921580, 16]}
INFO:<Node 6>:{"send": true, "recv": false, "from": 6, "to": 2, "vc": [10, 18, 11, 14, 17, 9, 24, 18, 8, 15], "hlc": [921580, 15]}
INFO:<Node 8>:{"send": true, "recv": false, "from": 8, "to": 5, "vc": [19, 21, 15, 12, 18, 19, 21, 23, 23, 16], "hlc": [921582, 8]}
INFO:<Node 9>:{"send": true, "recv": false, "from": 9, "to": 7, "vc": [14, 21, 11, 11, 14, 17, 14, 20, 19, 20], "hlc": [921582, 6]}
INFO:<Node 0>:{"send": false, "recv": true, "to": 0, "from": 3, "vc": [23, 18, 10, 16, 16, 16, 18, 16, 13, 15], "hlc": [921580, 17]}
INFO:<Node 2>:{"send": false, "recv": true, "to": 2, "from": 6, "vc": [13, 18, 18, 14, 19, 14, 24, 18, 9, 15], "hlc": [921580, 16]}
INFO:<Node 3>:{"send": false, "recv": true, "to": 3, "from": 1, "vc": [18, 24, 10, 17, 16, 16, 18, 16, 13, 18], "hlc": [921583, 1]}
INFO:<Node 3>:{"send": false, "recv": true, "to": 3, "from": 4, "vc": [18, 24, 10, 18, 20, 16, 18, 16, 13, 18], "hlc": [921583, 2]}
INFO:<Node 4>:{"send": false, "recv": true, "to": 4, "from": 5, "vc": [20, 18, 10, 11, 21, 21, 18, 16, 15, 16], "hlc": [921580, 17]}
INFO:<Node 5>:{"send": false, "recv": true, "to": 5, "from": 8, "vc": [20, 21, 15, 12, 18, 22, 21, 23, 23, 16], "hlc": [921582, 9]}
INFO:<Node 7>:{"send": false, "recv": true, "to": 7, "from": 9, "vc": [14, 21, 11, 11, 17, 19, 21, 24, 19, 20], "hlc": [921582, 7]}
INFO:<Node 8>:{"send": false, "recv": true, "to": 8, "from": 0, "vc": [22, 21, 15, 15, 18, 19, 21, 23, 24, 16], "hlc": [921582, 9]}
INFO:<Node 0>:{"send": true, "recv": false, "from": 0, "to": 8, "vc": [24, 18, 10, 16, 16, 16, 18, 16, 13, 15], "hlc": [921580, 18]}
INFO:<Node 1>:{"send": true, "recv": false, "from": 1, "to": 9, "vc": [18, 25, 10, 11, 16, 16, 18, 16, 13, 18], "hlc": [921584, 0]}
INFO:<Node 3>:{"send": true, "recv": false, "from": 3, "to": 5, "vc": [18, 24, 10, 19, 20, 16, 18, 16, 13, 18], "hlc": [921583, 3]}
INFO:<Node 5>:{"send": true, "recv": false, "from": 5, "to": 7, "vc": [20, 21, 15, 12, 18, 23, 21, 23, 23, 16], "hlc": [921582, 10]}
INFO:<Node 6>:{"send": true, "recv": false, "from": 6, "to": 4, "vc": [10, 18, 11, 14, 17, 9, 25, 18, 8, 15], "hlc": [921580, 16]}
INFO:<Node 7>:{"send": true, "recv": false, "from": 7, "to": 0, "vc": [14, 21, 11, 11, 17, 19, 21, 25, 19, 20], "hlc": [921582, 8]}
INFO:<Node 9>:{"send": true, "recv": false, "from": 9, "to": 1, "vc": [14, 21, 11, 11, 14, 17, 14, 20, 19, 21], "hlc": [921582, 7]}
INFO:<Node 0>:{"send": false, "recv": true, "to": 0, "from": 7, "vc": [25, 21, 11, 16, 17, 19, 21, 25, 19, 20], "hlc": [921582, 9]}
INFO:<Node 1>:{"send": false, "recv": true, "to": 1, "from": 9, "vc": [18, 26, 11, 11, 16, 17, 18, 20, 19, 21], "hlc": [921584, 1]}
INFO:<Node 4>:{"send": false, "recv": true, "to": 4, "from": 6, "vc": [20, 18, 11, 14, 22, 21, 25, 18, 15, 16], "hlc": [921580, 18]}
INFO:<Node 5>:{"send": false, "recv": true, "to": 5, "from": 3, "vc": [20, 24, 15, 19, 20, 24, 21, 23, 23, 18], "hlc": [921583, 4]}
INFO:<Node 7>:{"send": false, "recv": true, "to": 7, "from": 5, "vc": [20, 21, 15, 12, 18, 23, 21, 26, 23, 20], "hlc": [921582, 11]}
INFO:<Node 8>:{"send": false, "recv": true, "to": 8, "from": 0, "vc": [24, 21, 15, 16, 18, 19, 21, 23, 25, 16], "hlc": [921582, 10]}
INFO:<Node 9>:{"send": false, "recv": true, "to": 9, "from": 1, "vc": [18, 25, 11, 11, 16, 17, 18, 20, 19, 22], "hlc": [921584, 1]}
INFO:<Node 1>:{"send": true, "recv": false, "from": 1, "to": 8, "vc": [18, 27, 11, 11, 16, 17, 18, 20, 19, 21], "hlc": [921584, 2]}
INFO:<Node 2>:{"send": true, "recv": false, "from": 2, "to": 7, "vc": [13, 18, 19, 14, 19, 14, 24, 18, 9, 15], "hlc": [921580, 17]}
INFO:<Node 4>:{"send": true, "recv": false, "from": 4, "to": 3, "vc": [20, 18, 11, 14, 23, 21, 25, 18, 15, 16], "hlc": [921580, 19]}
INFO:<Node 7>:{"send": true, "recv": false, "from": 7, "to": 1, "vc": [20, 21, 15, 12, 18, 23, 21, 27, 23, 20], "hlc": [921582, 12]}
INFO:<Node 8>:{"send": true, "recv": false, "from": 8, "to": 2, "vc": [24, 21, 15, 16, 18, 19, 21, 23, 26, 16], "hlc": [921582, 11]}
INFO:<Node 9>:{"send": true, "recv": false, "from": 9, "to": 1, "vc": [18, 25, 11, 11, 16, 17, 18, 20, 19, 23], "hlc": [921584, 2]}
INFO:<Node 1>:{"send": false, "recv": true, "to": 1, "from": 7, "vc": [20, 28, 15, 12, 18, 23, 21, 27, 23, 21], "hlc": [921585, 0]}
INFO:<Node 1>:{"send": false, "recv": true, "to": 1, "from": 9, "vc": [20, 29, 15, 12, 18, 23, 21, 27, 23, 23], "hlc": [921585, 1]}
INFO:<Node 2>:{"send": false, "recv": true, "to": 2, "from": 8, "vc": [24, 21, 20, 16, 19, 19, 24, 23, 26, 16], "hlc": [921582, 12]}
INFO:<Node 3>:{"send": false, "recv": true, "to": 3, "from": 4, "vc": [20, 24, 11, 20, 23, 21, 25, 18, 15, 18], "hlc": [921583, 4]}
INFO:<Node 7>:{"send": false, "recv": true, "to": 7, "from": 2, "vc": [20, 21, 19, 14, 19, 23, 24, 28, 23, 20], "hlc": [921582, 13]}
INFO:<Node 8>:{"send": false, "recv": true, "to": 8, "from": 1, "vc": [24, 27, 15, 16, 18, 19, 21, 23, 27, 21], "hlc": [921584, 3]}
INFO:<Node 0>:{"send": true, "recv": false, "from": 0, "to": 3, "vc": [26, 21, 11, 16, 17, 19, 21, 25, 19, 20], "hlc": [921582, 10]}
INFO:<Node 1>:{"send": true, "recv": false, "from": 1, "to": 2, "vc": [20, 30, 15, 12, 18, 23, 21, 27, 23, 23], "hlc": [921585, 2]}
INFO:<Node 3>:{"send": true, "recv": false, "from": 3, "to": 6, "vc": [20, 24, 11, 21, 23, 21, 25, 18, 15, 18], "hlc": [921583, 5]}
INFO:<Node 4>:{"send": true, "recv": false, "from": 4, "to": 3, "vc": [20, 18, 11, 14, 24, 21, 25, 18, 15, 16], "hlc": [921580, 20]}
INFO:<Node 8>:{"send": true, "recv": false, "from": 8, "to": 7, "vc": [24, 27, 15, 16, 18, 19, 21, 23, 28, 21], "hlc": [921584, 4]}
INFO:<Node 2>:{"send": false, "recv": true, "to": 2, "from": 1, "vc": [24, 30, 21, 16, 19, 23, 24, 27, 26, 23], "hlc": [921585, 3]}
INFO:<Node 3>:{"send": false, "recv": true, "to": 3, "from": 0, "vc": [26, 24, 11, 22, 23, 21, 25, 25, 19, 20], "hlc": [921583, 6]}
INFO:<Node 3>:{"send": false, "recv": true, "to": 3, "from": 4, "vc": [26, 24, 11, 23, 24, 21, 25, 25, 19, 20], "hlc": [921583, 7]}
INFO:<Node 6>:{"send": false, "recv": true, "to": 6, "from": 3, "vc": [20, 24, 11, 21, 23, 21, 26, 18, 15, 18], "hlc": [921583, 6]}
INFO:<Node 7>:{"send": false, "recv": true, "to": 7, "from": 8, "vc": [24, 27, 19, 16, 19, 23, 24, 29, 28, 21], "hlc": [921584, 5]}
INFO:<Node 1>:{"send": true, "recv": false, "from": 1, "to": 7, "vc": [20, 31, 15, 12, 18, 23, 21, 27, 23, 23], "hlc": [921585, 3]}
INFO:<Node 4>:{"send": true, "recv": false, "from": 4, "to": 8, "vc": [20, 18, 11, 14, 25, 21, 25, 18, 15, 16], "hlc": [921580, 21]}
INFO:<Node 7>:{"send": true, "recv": false, "from": 7, "to": 1, "vc": [24, 27, 19, 16, 19, 23, 24, 30, 28, 21], "hlc": [921584, 6]}
INFO:<Node 1>:{"send": false, "recv": true, "to": 1, "from": 7, "vc": [24, 32, 19, 16, 19, 23, 24, 30, 28, 23], "hlc": [921586, 0]}
INFO:<Node 7>:{"send": false, "recv": true, "to": 7, "from": 1, "vc": [24, 31, 19, 16, 19, 23, 24, 31, 28, 23], "hlc": [921585, 4]}
INFO:<Node 8>:{"send": false, "recv": true, "to": 8, "from": 4, "vc": [24, 27, 15, 16, 25, 21, 25, 23, 29, 21], "hlc": [921584, 5]}
INFO:<Node 1>:{"send": true, "recv": false, "from": 1, "to": 7, "vc": [24, 33, 19, 16, 19, 23, 24, 30, 28, 23], "hlc": [921586, 1]}
INFO:<Node 2>:{"send": true, "recv": false, "from": 2, "to": 9, "vc": [24, 30, 22, 16, 19, 23, 24, 27, 26, 23], "hlc": [921585, 4]}
INFO:<Node 4>:{"send": true, "recv": false, "from": 4, "to": 1, "vc": [20, 18, 11, 14, 26, 21, 25, 18, 15, 16], "hlc": [921580, 22]}
INFO:<Node 5>:{"send": true, "recv": false, "from": 5, "to": 9, "vc": [20, 24, 15, 19, 20, 25, 21, 23, 23, 18], "hlc": [921583, 5]}
INFO:<Node 6>:{"send": true, "recv": false, "from": 6, "to": 0, "vc": [20, 24, 11, 21, 23, 21, 27, 18, 15, 18], "hlc": [921583, 7]}
INFO:<Node 8>:{"send": true, "recv": false, "from": 8, "to": 2, "vc": [24, 27, 15, 16, 25, 21, 25, 23, 30, 21], "hlc": [921584, 6]}
INFO:<Node 9>:{"send": true, "recv": false, "from": 9, "to": 4, "vc": [18, 25, 11, 11, 16, 17, 18, 20, 19, 24], "hlc": [921584, 3]}
INFO:<Node 0>:{"send": false, "recv": true, "to": 0, "from": 6, "vc": [27, 24, 11, 21, 23, 21, 27, 25, 19, 20], "hlc": [921583, 8]}
INFO:<Node 1>:{"send": false, "recv": true, "to": 1, "from": 4, "vc": [24, 34, 19, 16, 26, 23, 25, 30, 28, 23], "hlc": [921586, 2]}
INFO:<Node 2>:{"send": false, "recv": true, "to": 2, "from": 8, "vc": [24, 30, 23, 16, 25, 23, 25, 27, 30, 23], "hlc": [921585, 5]}
INFO:<Node 4>:{"send": false, "recv": true, "to": 4, "from": 9, "vc": [20, 25, 11, 14, 27, 21, 25, 20, 19, 24], "hlc": [921584, 4]}
INFO:<Node 7>:{"send": false, "recv": true, "to": 7, "from": 1, "vc": [24, 33, 19, 16, 19, 23, 24, 32, 28, 23], "hlc": [921586, 2]}
INFO:<Node 9>:{"send": false, "recv": true, "to": 9, "from": 2, "vc": [24, 30, 22, 16, 19, 23, 24, 27, 26, 25], "hlc": [921585, 5]}
INFO:<Node 9>:{"send": false, "recv": true, "to": 9, "from": 5, "vc": [24, 30, 22, 19, 20, 25, 24, 27, 26, 26], "hlc": [921585, 6]}
INFO:<Node 0>:{"send": true, "recv": false, "from": 0, "to": 9, "vc": [28, 24, 11, 21, 23, 21, 27, 25, 19, 20], "hlc": [921583, 9]}
INFO:<Node 2>:{"send": true, "recv": false, "from": 2, "to": 0, "vc": [24, 30, 24, 16, 25, 23, 25, 27, 30, 23], "hlc": [921585, 6]}
INFO:<Node 3>:{"send": true, "recv": false, "from": 3, "to": 5, "vc": [26, 24, 11, 24, 24, 21, 25, 25, 19, 20], "hlc": [921583, 8]}
INFO:<Node 4>:{"send": true, "recv": false, "from": 4, "to": 2, "vc": [20, 25, 11, 14, 28, 21, 25, 20, 19, 24], "hlc": [921584, 5]}
INFO:<Node 5>:{"send": true, "recv": false, "from": 5, "to": 7, "vc": [20, 24, 15, 19, 20, 26, 21, 23, 23, 18], "hlc": [921583, 6]}
INFO:<Node 9>:{"send": true, "recv": false, "from": 9, "to": 5, "vc": [24, 30, 22, 19, 20, 25, 24, 27, 26, 27], "hlc": [921585, 7]}
INFO:<Node 0>:{"send": false, "recv": true, "to": 0, "from": 2, "vc": [29, 30, 24, 21, 25, 23, 27, 27, 30, 23], "hlc": [921585, 7]}
INFO:<Node 2>:{"send": false, "recv": true, "to": 2, "from": 4, "vc": [24, 30, 25, 16, 28, 23, 25, 27, 30, 24], "hlc": [921585, 7]}
INFO:<Node 5>:{"send": false, "recv": true, "to": 5, "from": 3, "vc": [26, 24, 15, 24, 24, 27, 25, 25, 23, 20], "hlc": [921583, 9]}
INFO:<Node 5>:{"send": false, "recv": true, "to": 5, "from": 9, "vc": [26, 30, 22, 24, 24, 28, 25, 27, 26, 27], "hlc": [921585, 8]}
INFO:<Node 7>:{"send": false, "recv": true, "to": 7, "from": 5, "vc": [24, 33, 19, 19, 20, 26, 24, 33, 28, 23], "hlc": [921586, 3]}
INFO:<Node 9>:{"send": false, "recv": true, "to": 9, "from": 0, "vc": [28, 30, 22, 21, 23, 25, 27, 27, 26, 28], "hlc": [921585, 8]}
INFO:<Node 1>:{"send": true, "recv": false, "from": 1, "to": 6, "vc": [24, 35, 19, 16, 26, 23, 25, 30, 28, 23], "hlc": [921587, 0]}
INFO:<Node 5>:{"send": true, "recv": false, "from": 5, "to": 1, "vc": [26, 30, 22, 24, 24, 29, 25, 27, 26, 27], "hlc": [921585, 9]}
INFO:<Node 6>:{"send": true, "recv": false, "from": 6, "to": 4, "vc": [20, 24, 11, 21, 23, 21, 28, 18, 15, 18], "hlc": [921583, 8]}
INFO:<Node 7>:{"send": true, "recv": false, "from": 7, "to": 0, "vc": [24, 33, 19, 19, 20, 26, 24, 34, 28, 23], "hlc": [921586, 4]}
INFO:<Node 9>:{"send": true, "recv": false, "from": 9, "to": 8, "vc": [28, 30, 22, 21, 23, 25, 27, 27, 26, 29], "hlc": [921585, 9]}
INFO:<Node 0>:{"send": false, "recv": true, "to": 0, "from": 7, "vc": [30, 33, 24, 21, 25, 26, 27, 34, 30, 23], "hlc": [921586, 5]}
INFO:<Node 1>:{"send": false, "recv": true, "to": 1, "from": 5, "vc": [26, 36, 22, 24, 26, 29, 25, 30, 28, 27], "hlc": [921587, 1]}
INFO:<Node 4>:{"send": false, "recv": true, "to": 4, "from": 6, "vc": [20, 25, 11, 21, 29, 21, 28, 20, 19, 24], "hlc": [921584, 6]}
INFO:<Node 6>:{"send": false, "recv": true, "to": 6, "from": 1, "vc": [24, 35, 19, 21, 26, 23, 29, 30, 28, 23], "hlc": [921587, 1]}
INFO:<Node 8>:{"send": false, "recv": true, "to": 8, "from": 9, "vc": [28, 30, 22, 21, 25, 25, 27, 27, 31, 29], "hlc": [921585, 10]}
INFO:<Node 0>:{"send": true, "recv": false, "from": 0, "to": 7, "vc": [31, 33, 24, 21, 25, 26, 27, 34, 30, 23], "hlc": [921586, 6]}
INFO:<Node 1>:{"send": true, "recv": false, "from": 1, "to": 2, "vc": [26, 37, 22, 24, 26, 29, 25, 30, 28, 27], "hlc": [921587, 2]}
INFO:<Node 2>:{"send": true, "recv": false, "from": 2, "to": 4, "vc": [24, 30, 26, 16, 28, 23, 25, 27, 30, 24], "hlc": [921585, 8]}
INFO:<Node 4>:{"send": true, "recv": false, "from": 4, "to": 3, "vc": [20, 25, 11, 21, 30, 21, 28, 20, 19, 24], "hlc": [921584, 7]}
INFO:<Node 5>:{"send": true, "recv": false, "from": 5, "to": 4, "vc": [26, 30, 22, 24, 24, 30, 25, 27, 26, 27], "hlc": [921585, 10]}
INFO:<Node 7>:{"send": true, "recv": false, "from": 7, "to": 5, "vc": [24, 33, 19, 19, 20, 26, 24, 35, 28, 23], "hlc": [921586, 5]}
INFO:<Node 8>:{"send": true, "recv": false, "from": 8, "to": 1, "vc": [28, 30, 22, 21, 25, 25, 27, 27, 32, 29], "hlc": [921585, 11]}
INFO:<Node 1>:{"send": false, "recv": true, "to": 1, "from": 8, "vc": [28, 38, 22, 24, 26, 29, 27, 30, 32, 29], "hlc": [921588, 0]}
INFO:<Node 2>:{"send": false, "recv": true, "to": 2, "from": 1, "vc": [26, 37, 27, 24, 28, 29, 25, 30, 30, 27], "hlc": [921587, 3]}
INFO:<Node 3>:{"send": false, "recv": true, "to": 3, "from": 4, "vc": [26, 25, 11, 25, 30, 21, 28, 25, 19, 24], "hlc": [921584, 8]}
INFO:<Node 4>:{"send": false, "recv": true, "to": 4, "from": 2, "vc": [24, 30, 26, 21, 31, 23, 28, 27, 30, 24], "hlc": [921585, 9]}
INFO:<Node 4>:{"send": false, "recv": true, "to": 4, "from": 5, "vc": [26, 30, 26, 24, 32, 30, 28, 27, 30, 27], "hlc": [921585, 11]}
INFO:<Node 5>:{"send": false, "recv": true, "to": 5, "from": 7, "vc": [26, 33, 22, 24, 24, 31, 25, 35, 28, 27], "hlc": [921586, 6]}
INFO:<Node 7>:{"send": false, "recv": true, "to": 7, "from": 0, "vc": [31, 33, 24, 21, 25, 26, 27, 36, 30, 23], "hlc": [921586, 7]}
INFO:<Node 4>:{"send": true, "recv": false, "from": 4, "to": 3, "vc": [26, 30, 26, 24, 33, 30, 28, 27, 30, 27], "hlc": [921585, 12]}
INFO:<Node 5>:{"send": true, "recv": false, "from": 5, "to": 9, "vc": [26, 33, 22, 24, 24, 32, 25, 35, 28, 27], "hlc": [921586, 7]}
INFO:<Node 7>:{"send": true, "recv": false, "from": 7, "to": 4, "vc": [31, 33, 24, 21, 25, 26, 27, 37, 30, 23], "hlc": [921586, 8]}
INFO:<Node 8>:{"send": true, "recv": false, "from": 8, "to": 1, "vc": [28, 30, 22, 21, 25, 25, 27, 27, 33, 29], "hlc": [921585, 12]}
INFO:<Node 1>:{"send": false, "recv": true, "to": 1, "from": 8, "vc": [28, 39, 22, 24, 26, 29, 27, 30, 33, 29], "hlc": [921588, 1]}
INFO:<Node 3>:{"send": false, "recv": true, "to": 3, "from": 4, "vc": [26, 30, 26, 26, 33, 30, 28, 27, 30, 27], "hlc": [921585, 13]}
INFO:<Node 4>:{"send": false, "recv": true, "to": 4, "from": 7, "vc": [31, 33, 26, 24, 34, 30, 28, 37, 30, 27], "hlc": [921586, 9]}
INFO:<Node 9>:{"send": false, "recv": true, "to": 9, "from": 5, "vc": [28, 33, 22, 24, 24, 32, 27, 35, 28, 30], "hlc": [921586, 8]}
INFO:<Node 0>:{"send": true, "recv": false, "from": 0, "to": 1, "vc": [32, 33, 24, 21, 25, 26, 27, 34, 30, 23], "hlc": [921586, 7]}
INFO:<Node 1>:{"send": true, "recv": false, "from": 1, "to": 4, "vc": [28, 40, 22, 24, 26, 29, 27, 30, 33, 29], "hlc": [921588, 2]}
INFO:<Node 2>:{"send": true, "recv": false, "from": 2, "to": 0, "vc": [26, 37, 28, 24, 28, 29, 25, 30, 30, 27], "hlc": [921587, 4]}
INFO:<Node 3>:{"send": true, "recv": false, "from": 3, "to": 5, "vc": [26, 30, 26, 27, 33, 30, 28, 27, 30, 27], "hlc": [921585, 14]}
INFO:<Node 4>:{"send": true, "recv": false, "from": 4, "to": 3, "vc": [31, 33, 26, 24, 35, 30, 28, 37, 30, 27], "hlc": [921586, 10]}
INFO:<Node 5>:{"send": true, "recv": false, "from": 5, "to": 8, "vc": [26, 33, 22, 24, 24, 33, 25, 35, 28, 27], "hlc": [921586, 8]}
INFO:<Node 8>:{"send": true, "recv": false, "from": 8, "to": 1, "vc": [28, 30, 22, 21, 25, 25, 27, 27, 34, 29], "hlc": [921585, 13]}
INFO:<Node 9>:{"send": true, "recv": false, "from": 9, "to": 8, "vc": [28, 33, 22, 24, 24, 32, 27, 35, 28, 31], "hlc": [921586, 9]}
INFO:<Node 0>:{"send": false, "recv": true, "to": 0, "from": 2, "vc": [33, 37, 28, 24, 28, 29, 27, 34, 30, 27], "hlc": [921587, 5]}
INFO:<Node 1>:{"send": false, "recv": true, "to": 1, "from": 0, "vc": [32, 41, 24, 24, 26, 29, 27, 34, 33, 29], "hlc": [921589, 0]}
INFO:<Node 1>:{"send": false, "recv": true, "to": 1, "from": 8, "vc": [32, 42, 24, 24, 26, 29, 27, 34, 34, 29], "hlc": [921589, 1]}
INFO:<Node 3>:{"send": false, "recv": true, "to": 3, "from": 4, "vc": [31, 33, 26, 28, 35, 30, 28, 37, 30, 27], "hlc": [921586, 11]}
INFO:<Node 4>:{"send": false, "recv": true, "to": 4, "from": 1, "vc": [31, 40, 26, 24, 36, 30, 28, 37, 33, 29], "hlc": [921588, 3]}
INFO:<Node 5>:{"send": false, "recv": true, "to": 5, "from": 3, "vc": [26, 33, 26, 27, 33, 34, 28, 35, 30, 27], "hlc": [921586, 9]}
INFO:<Node 8>:{"send": false, "recv": true, "to": 8, "from": 5, "vc": [28, 33, 22, 24, 25, 33, 27, 35, 35, 29], "hlc": [921586, 9]}
INFO:<Node 8>:{"send": false, "recv": true, "to": 8, "from": 9, "vc": [28, 33, 22, 24, 25, 33, 27, 35, 36, 31], "hlc": [921586, 10]}
INFO:<Node 0>:{"send": true, "recv": false, "from": 0, "to": 2, "vc": [34, 37, 28, 24, 28, 29, 27, 34, 30, 27], "hlc": [921587, 6]}
INFO:<Node 2>:{"send": true, "recv": false, "from": 2, "to": 8, "vc": [26, 37, 29, 24, 28, 29, 25, 30, 30, 27], "hlc": [921587, 5]}
INFO:<Node 3>:{"send": true, "recv": false, "from": 3, "to": 7, "vc": [31, 33, 26, 29, 35, 30, 28, 37, 30, 27], "hlc": [921586, 12]}
INFO:<Node 4>:{"send": true, "recv": false, "from": 4, "to": 9, "vc": [31, 40, 26, 24, 37, 30, 28, 37, 33, 29], "hlc": [921588, 4]}
INFO:<Node 6>:{"send": true, "recv": false, "from": 6, "to": 0, "vc": [24, 35, 19, 21, 26, 23, 30, 30, 28, 23], "hlc": [921587, 2]}
INFO:<Node 9>:{"send": true, "recv": false, "from": 9, "to": 4, "vc": [28, 33, 22, 24, 24, 32, 27, 35, 28, 32], "hlc": [921586, 10]}
INFO:<Node 0>:{"send": false, "recv": true, "to": 0, "from": 6, "vc": [35, 37, 28, 24, 28, 29, 30, 34, 30, 27], "hlc": [921587, 7]}
INFO:<Node 2>:{"send": false, "recv": true, "to": 2, "from": 0, "vc": [34, 37, 30, 24, 28, 29, 27, 34, 30, 27], "hlc": [921587, 7]}
INFO:<Node 4>:{"send": false, "recv": true, "to": 4, "from": 9, "vc": [31, 40, 26, 24, 38, 32, 28, 37, 33, 32], "hlc": [921588, 5]}
INFO:<Node 7>:{"send": false, "recv": true, "to": 7, "from": 3, "vc": [31, 33, 26, 29, 35, 30, 28, 38, 30, 27], "hlc": [921586, 13]}
INFO:<Node 8>:{"send": false, "recv": true, "to": 8, "from": 2, "vc": [28, 37, 29, 24, 28, 33, 27, 35, 37, 31], "hlc": [921587, 6]}
INFO:<Node 9>:{"send": false, "recv": true, "to": 9, "from": 4, "vc": [31, 40, 26, 24, 37, 32, 28, 37, 33, 33], "hlc": [921588, 5]}
INFO:<Node 1>:{"send": true, "recv": false, "from": 1, "to": 4, "vc": [32, 43, 24, 24, 26, 29, 27, 34, 34, 29], "hlc": [921589, 2]}
INFO:<Node 2>:{"send": true, "recv": false, "from": 2, "to": 8, "vc": [34, 37, 31, 24, 28, 29, 27, 34, 30, 27], "hlc": [921587, 8]}
INFO:<Node 3>:{"send": true, "recv": false, "from": 3, "to": 8, "vc": [31, 33, 26, 30, 35, 30, 28, 37, 30, 27], "hlc": [921586, 13]}
INFO:<Node 5>:{"send": true, "recv": false, "from": 5, "to": 9, "vc": [26, 33, 26, 27, 33, 35, 28, 35, 30, 27], "hlc": [921586, 10]}
INFO:<Node 8>:{"send": true, "recv": false, "from": 8, "to": 9, "vc": [28, 37, 29, 24, 28, 33, 27, 35, 38, 31], "hlc": [921587, 7]}
INFO:<Node 4>:{"send": false, "recv": true, "to": 4, "from": 1, "vc": [32, 43, 26, 24, 39, 32, 28, 37, 34, 32], "hlc": [921589, 3]}
INFO:<Node 8>:{"send": false, "recv": true, "to": 8, "from": 2, "vc": [34, 37, 31, 24, 28, 33, 27, 35, 39, 31], "hlc": [921587, 9]}
INFO:<Node 8>:{"send": false, "recv": true, "to": 8, "from": 3, "vc": [34, 37, 31, 30, 35, 33, 28, 37, 40, 31], "hlc": [921587, 10]}
INFO:<Node 9>:{"send": false, "recv": true, "to": 9, "from": 5, "vc": [31, 40, 26, 27, 37, 35, 28, 37, 33, 34], "hlc": [921588, 6]}
INFO:<Node 9>:{"send": false, "recv": true, "to": 9, "from": 8, "vc": [31, 40, 29, 27, 37, 35, 28, 37, 38, 35], "hlc": [921588, 7]}
INFO:<Node 0>:{"send": true, "recv": false, "from": 0, "to": 5, "vc": [36, 37, 28, 24, 28, 29, 30, 34, 30, 27], "hlc": [921587, 8]}
INFO:<Node 3>:{"send": true, "recv": false, "from": 3, "to": 6, "vc": [31, 33, 26, 31, 35, 30, 28, 37, 30, 27], "hlc": [921586, 14]}
INFO:<Node 4>:{"send": true, "recv": false, "from": 4, "to": 9, "vc": [32, 43, 26, 24, 40, 32, 28, 37, 34, 32], "hlc": [921589, 4]}
INFO:<Node 5>:{"send": true, "recv": false, "from": 5, "to": 2, "vc": [26, 33, 26, 27, 33, 36, 28, 35, 30, 27], "hlc": [921586, 11]}
INFO:<Node 6>:{"send": true, "recv": false, "from": 6, "to": 4, "vc": [24, 35, 19, 21, 26, 23, 31, 30, 28, 23], "hlc": [921587, 3]}
INFO:<Node 7>:{"send": true, "recv": false, "from": 7, "to": 6, "vc": [31, 33, 26, 29, 35, 30, 28, 39, 30, 27], "hlc": [921586, 14]}
INFO:<Node 8>:{"send": true, "recv": false, "from": 8, "to": 0, "vc": [34, 37, 31, 30, 35, 33, 28, 37, 41, 31], "hlc": [921587, 11]}
INFO:<Node 9>:{"send": true, "recv": false, "from": 9, "to": 1, "vc": [31, 40, 29, 27, 37, 35, 28, 37, 38, 36], "hlc": [921588, 8]}
INFO:<Node 0>:{"send": false, "recv": true, "to": 0, "from": 8, "vc": [37, 37, 31, 30, 35, 33, 30, 37, 41, 31], "hlc": [921587, 12]}
INFO:<Node 1>:{"send": false, "recv": true, "to": 1, "from": 9, "vc": [32, 44, 29, 27, 37, 35, 28, 37, 38, 36], "hlc": [921590, 0]}
INFO:<Node 2>:{"send": false, "recv": true, "to": 2, "from": 5, "vc": [34, 37, 32, 27, 33, 36, 28, 35, 30, 27], "hlc": [921587, 9]}
INFO:<Node 4>:{"send": false, "recv": true, "to": 4, "from": 6, "vc": [32, 43, 26, 24, 41, 32, 31, 37, 34, 32], "hlc": [921589, 5]}
INFO:<Node 5>:{"send": false, "recv": true, "to": 5, "from": 0, "vc": [36, 37, 28, 27, 33, 37, 30, 35, 30, 27], "hlc": [921587, 9]}
INFO:<Node 6>:{"send": false, "recv": true, "to": 6, "from": 3, "vc": [31, 35, 26, 31, 35, 30, 32, 37, 30, 27], "hlc": [921587, 4]}
INFO:<Node 6>:{"send": false, "recv": true, "to": 6, "from": 7, "vc": [31, 35, 26, 31, 35, 30, 33, 39, 30, 27], "hlc": [921587, 5]}
INFO:<Node 9>:{"send": false, "recv": true, "to": 9, "from": 4, "vc": [32, 43, 29, 27, 40, 35, 28, 37, 38, 37], "hlc": [921589, 5]}
INFO:<Node 0>:{"send": true, "recv": false, "from": 0, "to": 9, "vc": [38, 37, 31, 30, 35, 33, 30, 37, 41, 31], "hlc": [921587, 13]}
INFO:<Node 1>:{"send": true, "recv": false, "from": 1, "to": 8, "vc": [32, 45, 29, 27, 37, 35, 28, 37, 38, 36], "hlc": [921590, 1]}
INFO:<Node 2>:{"send": true, "recv": false, "from": 2, "to": 4, "vc": [34, 37, 33, 27, 33, 36, 28, 35, 30, 27], "hlc": [921587, 10]}
INFO:<Node 3>:{"send": true, "recv": false, "from": 3, "to": 8, "vc": [31, 33, 26, 32, 35, 30, 28, 37, 30, 27], "hlc": [921586, 15]}
INFO:<Node 4>:{"send": true, "recv": false, "from": 4, "to": 5, "vc": [32, 43, 26, 24, 42, 32, 31, 37, 34, 32], "hlc": [921589, 6]}
INFO:<Node 5>:{"send": true, "recv": false, "from": 5, "to": 3, "vc": [36, 37, 28, 27, 33, 38, 30, 35, 30, 27], "hlc": [921587, 10]}
INFO:<Node 7>:{"send": true, "recv": false, "from": 7, "to": 8, "vc": [31, 33, 26, 29, 35, 30, 28, 40, 30, 27], "hlc": [921586, 15]}
INFO:<Node 3>:{"send": false, "recv": true, "to": 3, "from": 5, "vc": [36, 37, 28, 33, 35, 38, 30, 37, 30, 27], "hlc": [921587, 11]}
INFO:<Node 4>:{"send": false, "recv": true, "to": 4, "from": 2, "vc": [34, 43, 33, 27, 43, 36, 31, 37, 34, 32], "hlc": [921589, 7]}
INFO:<Node 5>:{"send": false, "recv": true, "to": 5, "from": 4, "vc": [36, 43, 28, 27, 42, 39, 31, 37, 34, 32], "hlc": [921589, 7]}
INFO:<Node 8>:{"send": false, "recv": true, "to": 8, "from": 1, "vc": [34, 45, 31, 30, 37, 35, 28, 37, 42, 36], "hlc": [921590, 2]}
INFO:<Node 8>:{"send": false, "recv": true, "to": 8, "from": 3, "vc": [34, 45, 31, 32, 37, 35, 28, 37, 43, 36], "hlc": [921590, 3]}
INFO:<Node 8>:{"send": false, "recv": true, "to": 8, "from": 7, "vc": [34, 45, 31, 32, 37, 35, 28, 40, 44, 36], "hlc": [921590, 4]}
INFO:<Node 9>:{"send": false, "recv": true, "to": 9, "from": 0, "vc": [38, 43, 31, 30, 40, 35, 30, 37, 41, 38], "hlc": [921589, 6]}
INFO:<Node 1>:{"send": true, "recv": false, "from": 1, "to": 9, "vc": [32, 46, 29, 27, 37, 35, 28, 37, 38, 36], "hlc": [921591, 0]}
INFO:<Node 2>:{"send": true, "recv": false, "from": 2, "to": 4, "vc": [34, 37, 34, 27, 33, 36, 28, 35, 30, 27], "hlc": [921587, 11]}
INFO:<Node 4>:{"send": true, "recv": false, "from": 4, "to": 0, "vc": [34, 43, 33, 27, 44, 36, 31, 37, 34, 32], "hlc": [921589, 8]}
INFO:<Node 5>:{"send": true, "recv": false, "from": 5, "to": 8, "vc": [36, 43, 28, 27, 42, 40, 31, 37, 34, 32], "hlc": [921589, 8]}
INFO:<Node 6>:{"send": true, "recv": false, "from": 6, "to": 9, "vc": [31, 35, 26, 31, 35, 30, 34, 39, 30, 27], "hlc": [921587, 6]}
INFO:<Node 0>:{"send": false, "recv": true, "to": 0, "from": 4, "vc": [39, 43, 33, 30, 44, 36, 31, 37, 41, 32], "hlc": [921589, 9]}
INFO:<Node 4>:{"send": false, "recv": true, "to": 4, "from": 2, "vc": [34, 43, 34, 27, 45, 36, 31, 37, 34, 32], "hlc": [921589, 9]}
INFO:<Node 8>:{"send": false, "recv": true, "to": 8, "from": 5, "vc": [36, 45, 31, 32, 42, 40, 31, 40, 45, 36], "hlc": [921590, 5]}
INFO:<Node 9>:{"send": false, "recv": true, "to": 9, "from": 1, "vc": [38, 46, 31, 30, 40, 35, 30, 37, 41, 39], "hlc": [921591, 1]}
INFO:<Node 9>:{"send": false, "recv": true, "to": 9, "from": 6, "vc": [38, 46, 31, 31, 40, 35, 34, 39, 41, 40], "hlc": [921591, 2]}
INFO:<Node 0>:{"send": true, "recv": false, "from": 0, "to": 7, "vc": [40, 43, 33, 30, 44, 36, 31, 37, 41, 32], "hlc": [921589, 10]}
INFO:<Node 1>:{"send": true, "recv": false, "from": 1, "to": 6, "vc": [32, 47, 29, 27, 37, 35, 28, 37, 38, 36], "hlc": [921591, 1]}
INFO:<Node 4>:{"send": true, "recv": false, "from": 4, "to": 5, "vc": [34, 43, 34, 27, 46, 36, 31, 37, 34, 32], "hlc": [921589, 10]}
INFO:<Node 6>:{"send": true, "recv": false, "from": 6, "to": 7, "vc": [31, 35, 26, 31, 35, 30, 35, 39, 30, 27], "hlc": [921587, 7]}
INFO:<Node 9>:{"send": true, "recv": false, "from": 9, "to": 7, "vc": [38, 46, 31, 31, 40, 35, 34, 39, 41, 41], "hlc": [921591, 3]}
INFO:<Node 5>:{"send": false, "recv": true, "to": 5, "from": 4, "vc": [36, 43, 34, 27, 46, 41, 31, 37, 34, 32], "hlc": [921589, 11]}
INFO:<Node 6>:{"send": false, "recv": true, "to": 6, "from": 1, "vc": [32, 47, 29, 31, 37, 35, 36, 39, 38, 36], "hlc": [921591, 2]}
INFO:<Node 7>:{"send": false, "recv": true, "to": 7, "from": 0, "vc": [40, 43, 33, 30, 44, 36, 31, 41, 41, 32], "hlc": [921589, 11]}
INFO:<Node 7>:{"send": false, "recv": true, "to": 7, "from": 6, "vc": [40, 43, 33, 31, 44, 36, 35, 42, 41, 32], "hlc": [921589, 12]}
INFO:<Node 7>:{"send": false, "recv": true, "to": 7, "from": 9, "vc": [40, 46, 33, 31, 44, 36, 35, 43, 41, 41], "hlc": [921591, 4]}
INFO:<Node 2>:{"send": true, "recv": false, "from": 2, "to": 3, "vc": [34, 37, 35, 27, 33, 36, 28, 35, 30, 27], "hlc": [921587, 12]}
INFO:<Node 3>:{"send": true, "recv": false, "from": 3, "to": 2, "vc": [36, 37, 28, 34, 35, 38, 30, 37, 30, 27], "hlc": [921587, 12]}
INFO:<Node 5>:{"send": true, "recv": false, "from": 5, "to": 4, "vc": [36, 43, 34, 27, 46, 42, 31, 37, 34, 32], "hlc": [921589, 12]}
INFO:<Node 6>:{"send": true, "recv": false, "from": 6, "to": 9, "vc": [32, 47, 29, 31, 37, 35, 37, 39, 38, 36], "hlc": [921591, 3]}
INFO:<Node 8>:{"send": true, "recv": false, "from": 8, "to": 6, "vc": [36, 45, 31, 32, 42, 40, 31, 40, 46, 36], "hlc": [921590, 6]}
INFO:<Node 9>:{"send": true, "recv": false, "from": 9, "to": 2, "vc": [38, 46, 31, 31, 40, 35, 34, 39, 41, 42], "hlc": [921591, 4]}
INFO:<Node 2>:{"send": false, "recv": true, "to": 2, "from": 3, "vc": [36, 37, 36, 34, 35, 38, 30, 37, 30, 27], "hlc": [921587, 13]}
INFO:<Node 2>:{"send": false, "recv": true, "to": 2, "from": 9, "vc": [38, 46, 37, 34, 40, 38, 34, 39, 41, 42], "hlc": [921591, 5]}
INFO:<Node 3>:{"send": false, "recv": true, "to": 3, "from": 2, "vc": [36, 37, 35, 35, 35, 38, 30, 37, 30, 27], "hlc": [921587, 13]}
INFO:<Node 4>:{"send": false, "recv": true, "to": 4, "from": 5, "vc": [36, 43, 34, 27, 47, 42, 31, 37, 34, 32], "hlc": [921589, 13]}
INFO:<Node 6>:{"send": false, "recv": true, "to": 6, "from": 8, "vc": [36, 47, 31, 32, 42, 40, 38, 40, 46, 36], "hlc": [921591, 4]}
INFO:<Node 9>:{"send": false, "recv": true, "to": 9, "from": 6, "vc": [38, 47, 31, 31, 40, 35, 37, 39, 41, 43], "hlc": [921591, 5]}
INFO:<Node 1>:{"send": true, "recv": false, "from": 1, "to": 2, "vc": [32, 48, 29, 27, 37, 35, 28, 37, 38, 36], "hlc": [921592, 0]}
INFO:<Node 3>:{"send": true, "recv": false, "from": 3, "to": 8, "vc": [36, 37, 35, 36, 35, 38, 30, 37, 30, 27], "hlc": [921587, 14]}
INFO:<Node 4>:{"send": true, "recv": false, "from": 4, "to": 7, "vc": [36, 43, 34, 27, 48, 42, 31, 37, 34, 32], "hlc": [921589, 14]}
INFO:<Node 6>:{"send": true, "recv": false, "from": 6, "to": 0, "vc": [36, 47, 31, 32, 42, 40, 39, 40, 46, 36], "hlc": [921591, 5]}
INFO:<Node 7>:{"send": true, "recv": false, "from": 7, "to": 6, "vc": [40, 46, 33, 31, 44, 36, 35, 44, 41, 41], "hlc": [921591, 5]}
INFO:<Node 0>:{"send": false, "recv": true, "to": 0, "from": 6, "vc": [41, 47, 33, 32, 44, 40, 39, 40, 46, 36], "hlc": [921591, 6]}
INFO:<Node 2>:{"send": false, "recv": true, "to": 2, "from": 1, "vc": [38, 48, 38, 34, 40, 38, 34, 39, 41, 42], "hlc": [921592, 1]}
INFO:<Node 6>:{"send": false, "recv": true, "to": 6, "from": 7, "vc": [40, 47, 33, 32, 44, 40, 40, 44, 46, 41], "hlc": [921591, 6]}
INFO:<Node 7>:{"send": false, "recv": true, "to": 7, "from": 4, "vc": [40, 46, 34, 31, 48, 42, 35, 45, 41, 41], "hlc": [921591, 6]}
INFO:<Node 8>:{"send": false, "recv": true, "to": 8, "from": 3, "vc": [36, 45, 35, 36, 42, 40, 31, 40, 47, 36], "hlc": [921590, 7]}
INFO:<Node 0>:{"send": true, "recv": false, "from": 0, "to": 4, "vc": [42, 47, 33, 32, 44, 40, 39, 40, 46, 36], "hlc": [921591, 7]}
INFO:<Node 1>:{"send": true, "recv": false, "from": 1, "to": 4, "vc": [32, 49, 29, 27, 37, 35, 28, 37, 38, 36], "hlc": [921593, 0]}
INFO:<Node 7>:{"send": true, "recv": false, "from": 7, "to": 0, "vc": [40, 46, 34, 31, 48, 42, 35, 46, 41, 41], "hlc": [921591, 7]}
INFO:<Node 8>:{"send": true, "recv": false, "from": 8, "to": 2, "vc": [36, 45, 35, 36, 42, 40, 31, 40, 48, 36], "hlc": [921590, 8]}
INFO:<Node 0>:{"send": false, "recv": true, "to": 0, "from": 7, "vc": [43, 47, 34, 32, 48, 42, 39, 46, 46, 41], "hlc": [921591, 8]}
INFO:<Node 2>:{"send": false, "recv": true, "to": 2, "from": 8, "vc": [38, 48, 39, 36, 42, 40, 34, 40, 48, 42], "hlc": [921592, 2]}
INFO:<Node 4>:{"send": false, "recv": true, "to": 4, "from": 0, "vc": [42, 47, 34, 32, 49, 42, 39, 40, 46, 36], "hlc": [921591, 8]}
INFO:<Node 4>:{"send": false, "recv": true, "to": 4, "from": 1, "vc": [42, 49, 34, 32, 50, 42, 39, 40, 46, 36], "hlc": [921593, 1]}
INFO:<Node 0>:{"send": true, "recv": false, "from": 0, "to": 9, "vc": [44, 47, 34, 32, 48, 42, 39, 46, 46, 41], "hlc": [921591, 9]}
INFO:<Node 1>:{"send": true, "recv": false, "from": 1, "to": 8, "vc": [32, 50, 29, 27, 37, 35, 28, 37, 38, 36], "hlc": [921593, 1]}
INFO:<Node 2>:{"send": true, "recv": false, "from": 2, "to": 5, "vc": [38, 48, 40, 36, 42, 40, 34, 40, 48, 42], "hlc": [921592, 3]}
INFO:<Node 3>:{"send": true, "recv": false, "from": 3, "to": 0, "vc": [36, 37, 35, 37, 35, 38, 30, 37, 30, 27], "hlc": [921587, 15]}
INFO:<Node 4>:{"send": true, "recv": false, "from": 4, "to": 3, "vc": [42, 49, 34, 32, 51, 42, 39, 40, 46, 36], "hlc": [921593, 2]}
INFO:<Node 5>:{"send": true, "recv": false, "from": 5, "to": 4, "vc": [36, 43, 34, 27, 46, 43, 31, 37, 34, 32], "hlc": [921589, 13]}
INFO:<Node 6>:{"send": true, "recv": false, "from": 6, "to": 5, "vc": [40, 47, 33, 32, 44, 40, 41, 44, 46, 41], "hlc": [921591, 7]}
INFO:<Node 9>:{"send": true, "recv": false, "from": 9, "to": 7, "vc": [38, 47, 31, 31, 40, 35, 37, 39, 41, 44], "hlc": [921591, 6]}
INFO:<Node 0>:{"send": false, "recv": true, "to": 0, "from": 3, "vc": [45, 47, 35, 37, 48, 42, 39, 46, 46, 41], "hlc": [921591, 10]}
INFO:<Node 3>:{"send": false, "recv": true, "to": 3, "from": 4, "vc": [42, 49, 35, 38, 51, 42, 39, 40, 46, 36], "hlc": [921593, 3]}
INFO:<Node 4>:{"send": false, "recv": true, "to": 4, "from": 5, "vc": [42, 49, 34, 32, 52, 43, 39, 40, 46, 36], "hlc": [921593, 3]}
INFO:<Node 5>:{"send": false, "recv": true, "to": 5, "from": 2, "vc": [38, 48, 40, 36, 46, 44, 34, 40, 48, 42], "hlc": [921592, 4]}
INFO:<Node 5>:{"send": false, "recv": true, "to": 5, "from": 6, "vc": [40, 48, 40, 36, 46, 45, 41, 44, 48, 42], "hlc": [921592, 5]}
INFO:<Node 7>:{"send": false, "recv": true, "to": 7, "from": 9, "vc": [40, 47, 34, 31, 48, 42, 37, 47, 41, 44], "hlc": [921591, 8]}
INFO:<Node 8>:{"send": false, "recv": true, "to": 8, "from": 1, "vc": [36, 50, 35, 36, 42, 40, 31, 40, 49, 36], "hlc": [921593, 2]}
INFO:<Node 9>:{"send": false, "recv": true, "to": 9, "from": 0, "vc": [44, 47, 34, 32, 48, 42, 39, 46, 46, 45], "hlc": [921591, 10]}
INFO:<Node 0>:{"send": true, "recv": false, "from": 0, "to": 2, "vc": [46, 47, 35, 37, 48, 42, 39, 46, 46, 41], "hlc": [921591, 11]}
INFO:<Node 2>:{"send": true, "recv": false, "from": 2, "to": 7, "vc": [38, 48, 41, 36, 42, 40, 34, 40, 48, 42], "hlc": [921592, 4]}
INFO:<Node 4>:{"send": true, "recv": false, "from": 4, "to": 0, "vc": [42, 49, 34, 32, 53, 43, 39, 40, 46, 36], "hlc": [921593, 4]}
INFO:<Node 5>:{"send": true, "recv": false, "from": 5, "to": 8, "vc": [40, 48, 40, 36, 46, 46, 41, 44, 48, 42], "hlc": [921592, 6]}
INFO:<Node 6>:{"send": true, "recv": false, "from": 6, "to": 5, "vc": [40, 47, 33, 32, 44, 40, 42, 44, 46, 41], "hlc": [921591, 8]}
INFO:<Node 8>:{"send": true, "recv": false, "from": 8, "to": 1, "vc": [36, 50, 35, 36, 42, 40, 31, 40, 50, 36], "hlc": [921593, 3]}
INFO:<Node 0>:{"send": false, "recv": true, "to": 0, "from": 4, "vc": [47, 49, 35, 37, 53, 43, 39, 46, 46, 41], "hlc": [921593, 5]}
INFO:<Node 1>:{"send": false, "recv": true, "to": 1, "from": 8, "vc": [36, 51, 35, 36, 42, 40, 31, 40, 50, 36], "hlc": [921594, 0]}
INFO:<Node 2>:{"send": false, "recv": true, "to": 2, "from": 0, "vc": [46, 48, 42, 37, 48, 42, 39, 46, 48, 42], "hlc": [921592, 5]}
INFO:<Node 5>:{"send": false, "recv": true, "to": 5, "from": 6, "vc": [40, 48, 40, 36, 46, 47, 42, 44, 48, 42], "hlc": [921592, 7]}
INFO:<Node 7>:{"send": false, "recv": true, "to": 7, "from": 2, "vc": [40, 48, 41, 36, 48, 42, 37, 48, 48, 44], "hlc": [921592, 5]}
INFO:<Node 8>:{"send": false, "recv": true, "to": 8, "from": 5, "vc": [40, 50, 40, 36, 46, 46, 41, 44, 51, 42], "hlc": [921593, 4]}
INFO:<Node 0>:{"send": true, "recv": false, "from": 0, "to": 6, "vc": [48, 49, 35, 37, 53, 43, 39, 46, 46, 41], "hlc": [921593, 6]}
INFO:<Node 1>:{"send": true, "recv": false, "from": 1, "to": 4, "vc": [36, 52, 35, 36, 42, 40, 31, 40, 50, 36], "hlc": [921594, 1]}
INFO:<Node 2>:{"send": true, "recv": false, "from": 2, "to": 8, "vc": [46, 48, 43, 37, 48, 42, 39, 46, 48, 42], "hlc": [921592, 6]}
INFO:<Node 4>:{"send": false, "recv": true, "to": 4, "from": 1, "vc": [42, 52, 35, 36, 54, 43, 39, 40, 50, 36], "hlc": [921594, 2]}
INFO:<Node 6>:{"send": false, "recv": true, "to": 6, "from": 0, "vc": [48, 49, 35, 37, 53, 43, 43, 46, 46, 41], "hlc": [921593, 7]}
INFO:<Node 8>:{"send": false, "recv": true, "to": 8, "from": 2, "vc": [46, 50, 43, 37, 48, 46, 41, 46, 52, 42], "hlc": [921593, 5]}
INFO:<Node 0>:{"send": true, "recv": false, "from": 0, "to": 2, "vc": [49, 49, 35, 37, 53, 43, 39, 46, 46, 41], "hlc": [921593, 7]}
INFO:<Node 1>:{"send": true, "recv": false, "from": 1, "to": 4, "vc": [36, 53, 35, 36, 42, 40, 31, 40, 50, 36], "hlc": [921595, 0]}
INFO:<Node 2>:{"send": true, "recv": false, "from": 2, "to": 3, "vc": [46, 48, 44, 37, 48, 42, 39, 46, 48, 42], "hlc": [921592, 7]}
INFO:<Node 3>:{"send": true, "recv": false, "from": 3, "to": 5, "vc": [42, 49, 35, 39, 51, 42, 39, 40, 46, 36], "hlc": [921593, 4]}
INFO:<Node 7>:{"send": true, "recv": false, "from": 7, "to": 4, "vc": [40, 48, 41, 36, 48, 42, 37, 49, 48, 44], "hlc": [921592, 6]}
INFO:<Node 2>:{"send": false, "recv": true, "to": 2, "from": 0, "vc": [49, 49, 45, 37, 53, 43, 39, 46, 48, 42], "hlc": [921593, 8]}
INFO:<Node 3>:{"send": false, "recv": true, "to": 3, "from": 2, "vc": [46, 49, 44, 40, 51, 42, 39, 46, 48, 42], "hlc": [921593, 5]}
INFO:<Node 4>:{"send": false, "recv": true, "to": 4, "from": 1, "vc": [42, 53, 35, 36, 55, 43, 39, 40, 50, 36], "hlc": [921595, 1]}
INFO:<Node 4>:{"send": false, "recv": true, "to": 4, "from": 7, "vc": [42, 53, 41, 36, 56, 43, 39, 49, 50, 44], "hlc": [921595, 2]}
INFO:<Node 5>:{"send": false, "recv": true, "to": 5, "from": 3, "vc": [42, 49, 40, 39, 51, 48, 42, 44, 48, 42], "hlc": [921593, 5]}
INFO:<Node 1>:{"send": true, "recv": false, "from": 1, "to": 6, "vc": [36, 54, 35, 36, 42, 40, 31, 40, 50, 36], "hlc": [921595, 1]}
INFO:<Node 2>:{"send": true, "recv": false, "from": 2, "to": 8, "vc": [49, 49, 46, 37, 53, 43, 39, 46, 48, 42], "hlc": [921593, 9]}
INFO:<Node 4>:{"send": true, "recv": false, "from": 4, "to": 3, "vc": [42, 53, 41, 36, 57, 43, 39, 49, 50, 44], "hlc": [921595, 3]}
INFO:<Node 5>:{"send": true, "recv": false, "from": 5, "to": 0, "vc": [42, 49, 40, 39, 51, 49, 42, 44, 48, 42], "hlc": [921593, 6]}
INFO:<Node 6>:{"send": true, "recv": false, "from": 6, "to": 5, "vc": [48, 49, 35, 37, 53, 43, 44, 46, 46, 41], "hlc": [921593, 8]}
INFO:<Node 9>:{"send": true, "recv": false, "from": 9, "to": 2, "vc": [44, 47, 34, 32, 48, 42, 39, 46, 46, 46], "hlc": [921591, 11]}
INFO:<Node 0>:{"send": false, "recv": true, "to": 0, "from": 5, "vc": [50, 49, 40, 39, 53, 49, 42, 46, 48, 42], "hlc": [921593, 8]}
INFO:<Node 2>:{"send": false, "recv": true, "to": 2, "from": 9, "vc": [49, 49, 47, 37, 53, 43, 39, 46, 48, 46], "hlc": [921593, 10]}
INFO:<Node 3>:{"send": false, "recv": true, "to": 3, "from": 4, "vc": [46, 53, 44, 41, 57, 43, 39, 49, 50, 44], "hlc": [921595, 4]}
INFO:<Node 5>:{"send": false, "recv": true, "to": 5, "from": 6, "vc": [48, 49, 40, 39, 53, 50, 44, 46, 48, 42], "hlc": [921593, 9]}
INFO:<Node 6>:{"send": false, "recv": true, "to": 6, "from": 1, "vc": [48, 54, 35, 37, 53, 43, 45, 46, 50, 41], "hlc": [921595, 2]}
INFO:<Node 8>:{"send": false, "recv": true, "to": 8, "from": 2, "vc": [49, 50, 46, 37, 53, 46, 41, 46, 53, 42], "hlc": [921593, 10]}
INFO:<Node 0>:{"send": true, "recv": false, "from": 0, "to": 7, "vc": [51, 49, 40, 39, 53, 49, 42, 46, 48, 42], "hlc": [921593, 9]}
INFO:<Node 1>:{"send": true, "recv": false, "from": 1, "to": 2, "vc": [36, 55, 35, 36, 42, 40, 31, 40, 50, 36], "hlc": [921596, 0]}
INFO:<Node 2>:{"send": true, "recv": false, "from": 2, "to": 9, "vc": [49, 49, 48, 37, 53, 43, 39, 46, 48, 46], "hlc": [921593, 11]}
INFO:<Node 7>:{"send": true, "recv": false, "from": 7, "to": 9, "vc": [40, 48, 41, 36, 48, 42, 37, 50, 48, 44], "hlc": [921592, 7]}
INFO:<Node 2>:{"send": false, "recv": true, "to": 2, "from": 1, "vc": [49, 55, 49, 37, 53, 43, 39, 46, 50, 46], "hlc": [921596, 1]}
INFO:<Node 7>:{"send": false, "recv": true, "to": 7, "from": 0, "vc": [51, 49, 41, 39, 53, 49, 42, 51, 48, 44], "hlc": [921593, 10]}
INFO:<Node 9>:{"send": false, "recv": true, "to": 9, "from": 2, "vc": [49, 49, 48, 37, 53, 43, 39, 46, 48, 47], "hlc": [921593, 12]}
INFO:<Node 9>:{"send": false, "recv": true, "to": 9, "from": 7, "vc": [49, 49, 48, 37, 53, 43, 39, 50, 48, 48], "hlc": [921593, 13]}
INFO:<Node 3>:{"send": true, "recv": false, "from": 3, "to": 6, "vc": [46, 53, 44, 42, 57, 43, 39, 49, 50, 44], "hlc": [921595, 5]}
INFO:<Node 4>:{"send": true, "recv": false, "from": 4, "to": 0, "vc": [42, 53, 41, 36, 58, 43, 39, 49, 50, 44], "hlc": [921595, 4]}
INFO:<Node 5>:{"send": true, "recv": false, "from": 5, "to": 0, "vc": [48, 49, 40, 39, 53, 51, 44, 46, 48, 42], "hlc": [921593, 10]}
INFO:<Node 6>:{"send": true, "recv": false, "from": 6, "to": 7, "vc": [48, 54, 35, 37, 53, 43, 46, 46, 50, 41], "hlc": [921595, 3]}
INFO:<Node 8>:{"send": true, "recv": false, "from": 8, "to": 2, "vc": [49, 50, 46, 37, 53, 46, 41, 46, 54, 42], "hlc": [921593, 11]}
INFO:<Node 9>:{"send": true, "recv": false, "from": 9, "to": 6, "vc": [49, 49, 48, 37, 53, 43, 39, 50, 48, 49], "hlc": [921593, 14]}
INFO:<Node 0>:{"send": false, "recv": true, "to": 0, "from": 4, "vc": [52, 53, 41, 39, 58, 49, 42, 49, 50, 44], "hlc": [921595, 5]}
INFO:<Node 0>:{"send": false, "recv": true, "to": 0, "from": 5, "vc": [53, 53, 41, 39, 58, 51, 44, 49, 50, 44], "hlc": [921595, 6]}
INFO:<Node 2>:{"send": false, "recv": true, "to": 2, "from": 8, "vc": [49, 55, 50, 37, 53, 46, 41, 46, 54, 46], "hlc": [921596, 2]}
INFO:<Node 6>:{"send": false, "recv": true, "to": 6, "from": 3, "vc": [48, 54, 44, 42, 57, 43, 47, 49, 50, 44], "hlc": [921595, 6]}
INFO:<Node 6>:{"send": false, "recv": true, "to": 6, "from": 9, "vc": [49, 54, 48, 42, 57, 43, 48, 50, 50, 49], "hlc": [921595, 7]}
INFO:<Node 7>:{"send": false, "recv": true, "to": 7, "from": 6, "vc": [51, 54, 41, 39, 53, 49, 46, 52, 50, 44], "hlc": [921595, 4]}
INFO:<Node 1>:{"send": true, "recv": false, "from": 1, "to": 7, "vc": [36, 56, 35, 36, 42, 40, 31, 40, 50, 36], "hlc": [921597, 0]}
INFO:<Node 2>:{"send": true, "recv": false, "from": 2, "to": 8, "vc": [49, 55, 51, 37, 53, 46, 41, 46, 54, 46], "hlc": [921596, 3]}
INFO:<Node 5>:{"send": true, "recv": false, "from": 5, "to": 7, "vc": [48, 49, 40, 39, 53, 52, 44, 46, 48, 42], "hlc": [921593, 11]}
INFO:<Node 6>:{"send": true, "recv": false, "from": 6, "to": 9, "vc": [49, 54, 48, 42, 57, 43, 49, 50, 50, 49], "hlc": [921595, 8]}
INFO:<Node 7>:{"send": true, "recv": false, "from": 7, "to": 6, "vc": [51, 54, 41, 39, 53, 49, 46, 53, 50, 44], "hlc": [921595, 5]}
INFO:<Node 8>:{"send": true, "recv": false, "from": 8, "to": 0, "vc": [49, 50, 46, 37, 53, 46, 41, 46, 55, 42], "hlc": [921593, 12]}
INFO:<Node 9>:{"send": true, "recv": false, "from": 9, "to": 3, "vc": [49, 49, 48, 37, 53, 43, 39, 50, 48, 50], "hlc": [921593, 15]}
INFO:<Node 0>:{"send": false, "recv": true, "to": 0, "from": 8, "vc": [54, 53, 46, 39, 58, 51, 44, 49, 55, 44], "hlc": [921595, 7]}
INFO:<Node 3>:{"send": false, "recv": true, "to": 3, "from": 9, "vc": [49, 53, 48, 43, 57, 43, 39, 50, 50, 50], "hlc": [921595, 6]}
INFO:<Node 6>:{"send": false, "recv": true, "to": 6, "from": 7, "vc": [51, 54, 48, 42, 57, 49, 50, 53, 50, 49], "hlc": [921595, 9]}
INFO:<Node 7>:{"send": false, "recv": true, "to": 7, "from": 1, "vc": [51, 56, 41, 39, 53, 49, 46, 54, 50, 44], "hlc": [921597, 1]}
INFO:<Node 7>:{"send": false, "recv": true, "to": 7, "from": 5, "vc": [51, 56, 41, 39, 53, 52, 46, 55, 50, 44], "hlc": [921597, 2]}
INFO:<Node 8>:{"send": false, "recv": true, "to": 8, "from": 2, "vc": [49, 55, 51, 37, 53, 46, 41, 46, 56, 46], "hlc": [921596, 4]}
INFO:<Node 9>:{"send": false, "recv": true, "to": 9, "from": 6, "vc": [49, 54, 48, 42, 57, 43, 49, 50, 50, 51], "hlc": [921595, 9]}
INFO:<Node 0>:{"send": true, "recv": false, "from": 0, "to": 9, "vc": [55, 53, 46, 39, 58, 51, 44, 49, 55, 44], "hlc": [921595, 8]}
INFO:<Node 1>:{"send": true, "recv": false, "from": 1, "to": 6, "vc": [36, 57, 35, 36, 42, 40, 31, 40, 50, 36], "hlc": [921597, 1]}
INFO:<Node 2>:{"send": true, "recv": false, "from": 2, "to": 5, "vc": [49, 55, 52, 37, 53, 46, 41, 46, 54, 46], "hlc": [921596, 4]}
INFO:<Node 3>:{"send": true, "recv": false, "from": 3, "to": 0, "vc": [49, 53, 48, 44, 57, 43, 39, 50, 50, 50], "hlc": [921595, 7]}
INFO:<Node 6>:{"send": true, "recv": false, "from": 6, "to": 9, "vc": [51, 54, 48, 42, 57, 49, 51, 53, 50, 49], "hlc": [921595, 10]}
INFO:<Node 8>:{"send": true, "recv": false, "from": 8, "to": 5, "vc": [49, 55, 51, 37, 53, 46, 41, 46, 57, 46], "hlc": [921596, 5]}
INFO:<Node 0>:{"send": false, "recv": true, "to": 0, "from": 3, "vc": [56, 53, 48, 44, 58, 51, 44, 50, 55, 50], "hlc": [921595, 9]}
INFO:<Node 5>:{"send": false, "recv": true, "to": 5, "from": 2, "vc": [49, 55, 52, 39, 53, 53, 44, 46, 54, 46], "hlc": [921596, 5]}
INFO:<Node 5>:{"send": false, "recv": true, "to": 5, "from": 8, "vc": [49, 55, 52, 39, 53, 54, 44, 46, 57, 46], "hlc": [921596, 6]}
INFO:<Node 6>:{"send": false, "recv": true, "to": 6, "from": 1, "vc": [51, 57, 48, 42, 57, 49, 52, 53, 50, 49], "hlc": [921597, 2]}
INFO:<Node 9>:{"send": false, "recv": true, "to": 9, "from": 0, "vc": [55, 54, 48, 42, 58, 51, 49, 50, 55, 52], "hlc": [921595, 10]}
INFO:<Node 9>:{"send": false, "recv": true, "to": 9, "from": 6, "vc": [55, 54, 48, 42, 58, 51, 51, 53, 55, 53], "hlc": [921595, 11]}
INFO:<Node 2>:{"send": true, "recv": false, "from": 2, "to": 6, "vc": [49, 55, 53, 37, 53, 46, 41, 46, 54, 46], "hlc": [921596, 5]}
INFO:<Node 3>:{"send": true, "recv": false, "from": 3, "to": 2, "vc": [49, 53, 48, 45, 57, 43, 39, 50, 50, 50], "hlc": [921595, 8]}
INFO:<Node 4>:{"send": true, "recv": false, "from": 4, "to": 0, "vc": [42, 53, 41, 36, 59, 43, 39, 49, 50, 44], "hlc": [921595, 5]}
INFO:<Node 5>:{"send": true, "recv": false, "from": 5, "to": 8, "vc": [49, 55, 52, 39, 53, 55, 44, 46, 57, 46], "hlc": [921596, 7]}
INFO:<Node 6>:{"send": true, "recv": false, "from": 6, "to": 9, "vc": [51, 57, 48, 42, 57, 49, 53, 53, 50, 49], "hlc": [921597, 3]}
INFO:<Node 7>:{"send": true, "recv": false, "from": 7, "to": 5, "vc": [51, 56, 41, 39, 53, 52, 46, 56, 50, 44], "hlc": [921597, 3]}
INFO:<Node 8>:{"send": true, "recv": false, "from": 8, "to": 6, "vc": [49, 55, 51, 37, 53, 46, 41, 46, 58, 46], "hlc": [921596, 6]}
INFO:<Node 9>:{"send": true, "recv": false, "from": 9, "to": 3, "vc": [55, 54, 48, 42, 58, 51, 51, 53, 55, 54], "hlc": [921595, 12]}
INFO:<Node 0>:{"send": false, "recv": true, "to": 0, "from": 4, "vc": [57, 53, 48, 44, 59, 51, 44, 50, 55, 50], "hlc": [921595, 10]}
INFO:<Node 2>:{"send": false, "recv": true, "to": 2, "from": 3, "vc": [49, 55, 54, 45, 57, 46, 41, 50, 54, 50], "hlc": [921596, 6]}
INFO:<Node 3>:{"send": false, "recv": true, "to": 3, "from": 9, "vc": [55, 54, 48, 46, 58, 51, 51, 53, 55, 54], "hlc": [921595, 13]}
INFO:<Node 5>:{"send": false, "recv": true, "to": 5, "from": 7, "vc": [51, 56, 52, 39, 53, 56, 46, 56, 57, 46], "hlc": [921597, 4]}
INFO:<Node 6>:{"send": false, "recv": true, "to": 6, "from": 2, "vc": [51, 57, 53, 42, 57, 49, 54, 53, 54, 49], "hlc": [921597, 4]}
INFO:<Node 6>:{"send": false, "recv": true, "to": 6, "from": 8, "vc": [51, 57, 53, 42, 57, 49, 55, 53, 58, 49], "hlc": [921597, 5]}
INFO:<Node 8>:{"send": false, "recv": true, "to": 8, "from": 5, "vc": [49, 55, 52, 39, 53, 55, 44, 46, 59, 46], "hlc": [921596, 8]}
INFO:<Node 9>:{"send": false, "recv": true, "to": 9, "from": 6, "vc": [55, 57, 48, 42, 58, 51, 53, 53, 55, 55], "hlc": [921597, 4]}
INFO:<Node 0>:{"send": true, "recv": false, "from": 0, "to": 2, "vc": [58, 53, 48, 44, 59, 51, 44, 50, 55, 50], "hlc": [921595, 11]}
INFO:<Node 1>:{"send": true, "recv": false, "from": 1, "to": 0, "vc": [36, 58, 35, 36, 42, 40, 31, 40, 50, 36], "hlc": [921598, 0]}
INFO:<Node 2>:{"send": true, "recv": false, "from": 2, "to": 1, "vc": [49, 55, 55, 45, 57, 46, 41, 50, 54, 50], "hlc": [921596, 7]}
INFO:<Node 6>:{"send": true, "recv": false, "from": 6, "to": 7, "vc": [51, 57, 53, 42, 57, 49, 56, 53, 58, 49], "hlc": [921597, 6]}
INFO:<Node 7>:{"send": true, "recv": false, "from": 7, "to": 5, "vc": [51, 56, 41, 39, 53, 52, 46, 57, 50, 44], "hlc": [921597, 4]}
INFO:<Node 8>:{"send": true, "recv": false, "from": 8, "to": 6, "vc": [49, 55, 52, 39, 53, 55, 44, 46, 60, 46], "hlc": [921596, 9]}
INFO:<Node 9>:{"send": true, "recv": false, "from": 9, "to": 0, "vc": [55, 57, 48, 42, 58, 51, 53, 53, 55, 56], "hlc": [921597, 5]}
INFO:<Node 0>:{"send": false, "recv": true, "to": 0, "from": 1, "vc": [59, 58, 48, 44, 59, 51, 44, 50, 55, 50], "hlc": [921598, 1]}
INFO:<Node 0>:{"send": false, "recv": true, "to": 0, "from": 9, "vc": [60, 58, 48, 44, 59, 51, 53, 53, 55, 56], "hlc": [921598, 2]}
INFO:<Node 1>:{"send": false, "recv": true, "to": 1, "from": 2, "vc": [49, 59, 55, 45, 57, 46, 41, 50, 54, 50], "hlc": [921599, 0]}
INFO:<Node 2>:{"send": false, "recv": true, "to": 2, "from": 0, "vc": [58, 55, 56, 45, 59, 51, 44, 50, 55, 50], "hlc": [921596, 8]}
INFO:<Node 5>:{"send": false, "recv": true, "to": 5, "from": 7, "vc": [51, 56, 52, 39, 53, 57, 46, 57, 57, 46], "hlc": [921597, 5]}
INFO:<Node 6>:{"send": false, "recv": true, "to": 6, "from": 8, "vc": [51, 57, 53, 42, 57, 55, 57, 53, 60, 49], "hlc": [921597, 7]}
INFO:<Node 7>:{"send": false, "recv": true, "to": 7, "from": 6, "vc": [51, 57, 53, 42, 57, 52, 56, 58, 58, 49], "hlc": [921597, 7]}
INFO:<Node 0>:{"send": true, "recv": false, "from": 0, "to": 1, "vc": [61, 58, 48, 44, 59, 51, 53, 53, 55, 56], "hlc": [921598, 3]}
INFO:<Node 1>:{"send": true, "recv": false, "from": 1, "to": 4, "vc": [49, 60, 55, 45, 57, 46, 41, 50, 54, 50], "hlc": [921599, 1]}
INFO:<Node 4>:{"send": true, "recv": false, "from": 4, "to": 0, "vc": [42, 53, 41, 36, 60, 43, 39, 49, 50, 44], "hlc": [921595, 6]}
INFO:<Node 8>:{"send": true, "recv": false, "from": 8, "to": 4, "vc": [49, 55, 52, 39, 53, 55, 44, 46, 61, 46], "hlc": [921596, 10]}
INFO:<Node 0>:{"send": false, "recv": true, "to": 0, "from": 4, "vc": [62, 58, 48, 44, 60, 51, 53, 53, 55, 56], "hlc": [921598, 4]}
INFO:<Node 1>:{"send": false, "recv": true, "to": 1, "from": 0, "vc": [61, 61, 55, 45, 59, 51, 53, 53, 55, 56], "hlc": [921599, 2]}
INFO:<Node 4>:{"send": false, "recv": true, "to": 4, "from": 1, "vc": [49, 60, 55, 45, 61, 46, 41, 50, 54, 50], "hlc": [921599, 2]}
INFO:<Node 4>:{"send": false, "recv": true, "to": 4, "from": 8, "vc": [49, 60, 55, 45, 62, 55, 44, 50, 61, 50], "hlc": [921599, 3]}
INFO:<Node 0>:{"send": true, "recv": false, "from": 0, "to": 7, "vc": [63, 58, 48, 44, 60, 51, 53, 53, 55, 56], "hlc": [921598, 5]}
INFO:<Node 2>:{"send": true, "recv": false, "from": 2, "to": 0, "vc": [58, 55, 57, 45, 59, 51, 44, 50, 55, 50], "hlc": [921596, 9]}
INFO:<Node 7>:{"send": true, "recv": false, "from": 7, "to": 4, "vc": [51, 57, 53, 42, 57, 52, 56, 59, 58, 49], "hlc": [921597, 8]}
INFO:<Node 8>:{"send": true, "recv": false, "from": 8, "to": 1, "vc": [49, 55, 52, 39, 53, 55, 44, 46, 62, 46], "hlc": [921596, 11]}
INFO:<Node 9>:{"send": true, "recv": false, "from": 9, "to": 5, "vc": [55, 57, 48, 42, 58, 51, 53, 53, 55, 57], "hlc": [921597, 6]}
INFO:<Node 0>:{"send": false, "recv": true, "to": 0, "from": 2, "vc": [64, 58, 57, 45, 60, 51, 53, 53, 55, 56], "hlc": [921598, 6]}
INFO:<Node 1>:{"send": false, "recv": true, "to": 1, "from": 8, "vc": [61, 62, 55, 45, 59, 55, 53, 53, 62, 56], "hlc": [921600, 0]}
INFO:<Node 4>:{"send": false, "recv": true, "to": 4, "from": 7, "vc": [51, 60, 55, 45, 63, 55, 56, 59, 61, 50], "hlc": [921599, 4]}
INFO:<Node 5>:{"send": false, "recv": true, "to": 5, "from": 9, "vc": [55, 57, 52, 42, 58, 58, 53, 57, 57, 57], "hlc": [921597, 7]}
INFO:<Node 7>:{"send": false, "recv": true, "to": 7, "from": 0, "vc": [63, 58, 53, 44, 60, 52, 56, 60, 58, 56], "hlc": [921598, 6]}
INFO:<Node 1>:{"send": true, "recv": false, "from": 1, "to": 9, "vc": [61, 63, 55, 45, 59, 55, 53, 53, 62, 56], "hlc": [921600, 1]}
INFO:<Node 2>:{"send": true, "recv": false, "from": 2, "to": 0, "vc": [58, 55, 58, 45, 59, 51, 44, 50, 55, 50], "hlc": [921596, 10]}
INFO:<Node 3>:{"send": true, "recv": false, "from": 3, "to": 6, "vc": [55, 54, 48, 47, 58, 51, 51, 53, 55, 54], "hlc": [921595, 14]}
INFO:<Node 4>:{"send": true, "recv": false, "from": 4, "to": 9, "vc": [51, 60, 55, 45, 64, 55, 56, 59, 61, 50], "hlc": [921599, 5]}
INFO:<Node 5>:{"send": true, "recv": false, "from": 5, "to": 3, "vc": [55, 57, 52, 42, 58, 59, 53, 57, 57, 57], "hlc": [921597, 8]}
INFO:<Node 6>:{"send": true, "recv": false, "from": 6, "to": 8, "vc": [51, 57, 53, 42, 57, 55, 58, 53, 60, 49], "hlc": [921597, 8]}
INFO:<Node 8>:{"send": true, "recv": false, "from": 8, "to": 6, "vc": [49, 55, 52, 39, 53, 55, 44, 46, 63, 46], "hlc": [921596, 12]}
INFO:<Node 9>:{"send": true, "recv": false, "from": 9, "to": 5, "vc": [55, 57, 48, 42, 58, 51, 53, 53, 55, 58], "hlc": [921597, 7]}
INFO:<Node 0>:{"send": false, "recv": true, "to": 0, "from": 2, "vc": [65, 58, 58, 45, 60, 51, 53, 53, 55, 56], "hlc": [921598, 7]}
INFO:<Node 3>:{"send": false, "recv": true, "to": 3, "from": 5, "vc": [55, 57, 52, 48, 58, 59, 53, 57, 57, 57], "hlc": [921597, 9]}
INFO:<Node 5>:{"send": false, "recv": true, "to": 5, "from": 9, "vc": [55, 57, 52, 42, 58, 60, 53, 57, 57, 58], "hlc": [921597, 9]}
INFO:<Node 6>:{"send": false, "recv": true, "to": 6, "from": 3, "vc": [55, 57, 53, 47, 58, 55, 59, 53, 60, 54], "hlc": [921597, 9]}
INFO:<Node 6>:{"send": false, "recv": true, "to": 6, "from": 8, "vc": [55, 57, 53, 47, 58, 55, 60, 53, 63, 54], "hlc": [921597, 10]}
INFO:<Node 8>:{"send": false, "recv": true, "to": 8, "from": 6, "vc": [51, 57, 53, 42, 57, 55, 58, 53, 64, 49], "hlc": [921597, 9]}
INFO:<Node 9>:{"send": false, "recv": true, "to": 9, "from": 1, "vc": [61, 63, 55, 45, 59, 55, 53, 53, 62, 59], "hlc": [921600, 2]}
INFO:<Node 9>:{"send": false, "recv": true, "to": 9, "from": 4, "vc": [61, 63, 55, 45, 64, 55, 56, 59, 62, 60], "hlc": [921600, 3]}
