INFO:root:Random workload: num sockets: 10, num iterations: 50, base address: 40700, chance of send: 3 in 5, round delay (s): 0.5, max clock drift (s): 7.5, actual clock drifts: [4.640363694966606, 1.8115185812980226, -3.4238207720767413, -1.816102556415288, -5.168889847643173, -5.128256371111185, 5.711239680492989, -3.756598256952955, 6.75546973389922, 6.948259109126912]
INFO:<Node 1>:{"send": true, "recv": false, "from": 1, "to": 0, "vc": [0, 1, 0, 0, 0, 0, 0, 0, 0, 0], "hlc": [921704, 0]}
INFO:<Node 2>:{"send": true, "recv": false, "from": 2, "to": 4, "vc": [0, 0, 1, 0, 0, 0, 0, 0, 0, 0], "hlc": [921702, 1]}
INFO:<Node 3>:{"send": true, "recv": false, "from": 3, "to": 0, "vc": [0, 0, 0, 1, 0, 0, 0, 0, 0, 0], "hlc": [921702, 1]}
INFO:<Node 5>:{"send": true, "recv": false, "from": 5, "to": 7, "vc": [0, 0, 0, 0, 0, 1, 0, 0, 0, 0], "hlc": [921702, 1]}
INFO:<Node 7>:{"send": true, "recv": false, "from": 7, "to": 0, "vc": [0, 0, 0, 0, 0, 0, 0, 1, 0, 0], "hlc": [921702, 1]}
INFO:<Node 8>:{"send": true, "recv": false, "from": 8, "to": 5, "vc": [0, 0, 0, 0, 0, 0, 0, 0, 1, 0], "hlc": [921709, 0]}
INFO:<Node 9>:{"send": true, "recv": false, "from": 9, "to": 0, "vc": [0, 0, 0, 0, 0, 0, 0, 0, 0, 1], "hlc": [921709, 0]}
INFO:<Node 0>:{"send": false, "recv": true, "to": 0, "from": 1, "vc": [1, 1, 0, 0, 0, 0, 0, 0, 0, 0], "hlc": [921707, 0]}
INFO:<Node 0>:{"send": false, "recv": true, "to": 0, "from": 3, "vc": [2, 1, 0, 1, 0, 0, 0, 0, 0, 0], "hlc": [921707, 1]}
INFO:<Node 0>:{"send": false, "recv": true, "to": 0, "from": 7, "vc": [3, 1, 0, 1, 0, 0, 0, 1, 0, 0], "hlc": [921707, 2]}
INFO:<Node 0>:{"send": false, "recv": true, "to": 0, "from": 9, "vc": [4, 1, 0, 1, 0, 0, 0, 1, 0, 1], "hlc": [921709, 1]}
INFO:<Node 4>:{"send": false, "recv": true, "to": 4, "from": 2, "vc": [0, 0, 1, 0, 1, 0, 0, 0, 0, 0], "hlc": [921702, 2]}
INFO:<Node 5>:{"send": false, "recv": true, "to": 5, "from": 8, "vc": [0, 0, 0, 0, 0, 2, 0, 0, 1, 0], "hlc": [921709, 1]}
INFO:<Node 7>:{"send": false, "recv": true, "to": 7, "from": 5, "vc": [0, 0, 0, 0, 0, 1, 0, 2, 0, 0], "hlc": [921702, 2]}
INFO:<Node 0>:{"send": true, "recv": false, "from": 0, "to": 9, "vc": [5, 1, 0, 1, 0, 0, 0, 1, 0, 1], "hlc": [921709, 2]}
INFO:<Node 1>:{"send": true, "recv": false, "from": 1, "to": 2, "vc": [0, 2, 0, 0, 0, 0, 0, 0, 0, 0], "hlc": [921705, 0]}
INFO:<Node 2>:{"send": true, "recv": false, "from": 2, "to": 7, "vc": [0, 0, 2, 0, 0, 0, 0, 0, 0, 0], "hlc": [921702, 2]}
INFO:<Node 3>:{"send": true, "recv": false, "from": 3, "to": 5, "vc": [0, 0, 0, 2, 0, 0, 0, 0, 0, 0], "hlc": [921702, 2]}
INFO:<Node 4>:{"send": true, "recv": false, "from": 4, "to": 7, "vc": [0, 0, 1, 0, 2, 0, 0, 0, 0, 0], "hlc": [921702, 3]}
INFO:<Node 6>:{"send": true, "recv": false, "from": 6, "to": 2, "vc": [0, 0, 0, 0, 0, 0, 1, 0, 0, 0], "hlc": [921709, 0]}
INFO:<Node 8>:{"send": true, "recv": false, "from": 8, "to": 7, "vc": [0, 0, 0, 0, 0, 0, 0, 0, 2, 0], "hlc": [921710, 0]}
INFO:<Node 9>:{"send": true, "recv": false, "from": 9, "to": 5, "vc": [0, 0, 0, 0, 0, 0, 0, 0, 0, 2], "hlc": [921710, 0]}
INFO:<Node 2>:{"send": false, "recv": true, "to": 2, "from": 1, "vc": [0, 2, 3, 0, 0, 0, 0, 0, 0, 0], "hlc": [921705, 1]}
INFO:<Node 2>:{"send": false, "recv": true, "to": 2, "from": 6, "vc": [0, 2, 4, 0, 0, 0, 1, 0, 0, 0], "hlc": [921709, 1]}
INFO:<Node 5>:{"send": false, "recv": true, "to": 5, "from": 3, "vc": [0, 0, 0, 2, 0, 3, 0, 0, 1, 0], "hlc": [921709, 2]}
INFO:<Node 5>:{"send": false, "recv": true, "to": 5, "from": 9, "vc": [0, 0, 0, 2, 0, 4, 0, 0, 1, 2], "hlc": [921710, 1]}
INFO:<Node 7>:{"send": false, "recv": true, "to": 7, "from": 2, "vc": [0, 0, 2, 0, 0, 1, 0, 3, 0, 0], "hlc": [921702, 3]}
INFO:<Node 7>:{"send": false, "recv": true, "to": 7, "from": 4, "vc": [0, 0, 2, 0, 2, 1, 0, 4, 0, 0], "hlc": [921702, 4]}
INFO:<Node 7>:{"send": false, "recv": true, "to": 7, "from": 8, "vc": [0, 0, 2, 0, 2, 1, 0, 5, 2, 0], "hlc": [921710, 1]}
INFO:<Node 9>:{"send": false, "recv": true, "to": 9, "from": 0, "vc": [5, 1, 0, 1, 0, 0, 0, 1, 0, 3], "hlc": [921710, 1]}
INFO:<Node 0>:{"send": true, "recv": false, "from": 0, "to": 9, "vc": [6, 1, 0, 1, 0, 0, 0, 1, 0, 1], "hlc": [921709, 3]}
INFO:<Node 1>:{"send": true, "recv": false, "from": 1, "to": 5, "vc": [0, 3, 0, 0, 0, 0, 0, 0, 0, 0], "hlc": [921705, 1]}
INFO:<Node 5>:{"send": true, "recv": false, "from": 5, "to": 1, "vc": [0, 0, 0, 2, 0, 5, 0, 0, 1, 2], "hlc": [921710, 2]}
INFO:<Node 6>:{"send": true, "recv": false, "from": 6, "to": 9, "vc": [0, 0, 0, 0, 0, 0, 2, 0, 0, 0], "hlc": [921709, 1]}
INFO:<Node 8>:{"send": true, "recv": false, "from": 8, "to": 6, "vc": [0, 0, 0, 0, 0, 0, 0, 0, 3, 0], "hlc": [921710, 1]}
INFO:<Node 9>:{"send": true, "recv": false, "from": 9, "to": 6, "vc": [5, 1, 0, 1, 0, 0, 0, 1, 0, 4], "hlc": [921710, 2]}
INFO:<Node 1>:{"send": false, "recv": true, "to": 1, "from": 5, "vc": [0, 4, 0, 2, 0, 5, 0, 0, 1, 2], "hlc": [921710, 3]}
INFO:<Node 5>:{"send": false, "recv": true, "to": 5, "from": 1, "vc": [0, 3, 0, 2, 0, 6, 0, 0, 1, 2], "hlc": [921710, 3]}
INFO:<Node 6>:{"send": false, "recv": true, "to": 6, "from": 8, "vc": [0, 0, 0, 0, 0, 0, 3, 0, 3, 0], "hlc": [921710, 2]}
INFO:<Node 6>:{"send": false, "recv": true, "to": 6, "from": 9, "vc": [5, 1, 0, 1, 0, 0, 4, 1, 3, 4], "hlc": [921710, 3]}
INFO:<Node 9>:{"send": false, "recv": true, "to": 9, "from": 0, "vc": [6, 1, 0, 1, 0, 0, 0, 1, 0, 5], "hlc": [921711, 0]}
INFO:<Node 9>:{"send": false, "recv": true, "to": 9, "from": 6, "vc": [6, 1, 0, 1, 0, 0, 2, 1, 0, 6], "hlc": [921711, 1]}
INFO:<Node 0>:{"send": true, "recv": false, "from": 0, "to": 2, "vc": [7, 1, 0, 1, 0, 0, 0, 1, 0, 1], "hlc": [921709, 4]}
INFO:<Node 1>:{"send": true, "recv": false, "from": 1, "to": 7, "vc": [0, 5, 0, 2, 0, 5, 0, 0, 1, 2], "hlc": [921710, 4]}
INFO:<Node 2>:{"send": true, "recv": false, "from": 2, "to": 1, "vc": [0, 2, 5, 0, 0, 0, 1, 0, 0, 0], "hlc": [921709, 2]}
INFO:<Node 3>:{"send": true, "recv": false, "from": 3, "to": 4, "vc": [0, 0, 0, 3, 0, 0, 0, 0, 0, 0], "hlc": [921702, 3]}
INFO:<Node 4>:{"send": true, "recv": false, "from": 4, "to": 3, "vc": [0, 0, 1, 0, 3, 0, 0, 0, 0, 0], "hlc": [921702, 4]}
INFO:<Node 6>:{"send": true, "recv": false, "from": 6, "to": 7, "vc": [5, 1, 0, 1, 0, 0, 5, 1, 3, 4], "hlc": [921710, 4]}
INFO:<Node 7>:{"send": true, "recv": false, "from": 7, "to": 5, "vc": [0, 0, 2, 0, 2, 1, 0, 6, 2, 0], "hlc": [921710, 2]}
INFO:<Node 1>:{"send": false, "recv": true, "to": 1, "from": 2, "vc": [0, 6, 5, 2, 0, 5, 1, 0, 1, 2], "hlc": [921710, 5]}
INFO:<Node 2>:{"send": false, "recv": true, "to": 2, "from": 0, "vc": [7, 2, 6, 1, 0, 0, 1, 1, 0, 1], "hlc": [921709, 5]}
INFO:<Node 3>:{"send": false, "recv": true, "to": 3, "from": 4, "vc": [0, 0, 1, 4, 3, 0, 0, 0, 0, 0], "hlc": [921703, 0]}
INFO:<Node 4>:{"send": false, "recv": true, "to": 4, "from": 3, "vc": [0, 0, 1, 3, 4, 0, 0, 0, 0, 0], "hlc": [921702, 5]}
INFO:<Node 5>:{"send": false, "recv": true, "to": 5, "from": 7, "vc": [0, 3, 2, 2, 2, 7, 0, 6, 2, 2], "hlc": [921710, 4]}
INFO:<Node 7>:{"send": false, "recv": true, "to": 7, "from": 1, "vc": [0, 5, 2, 2, 2, 5, 0, 7, 2, 2], "hlc": [921710, 5]}
INFO:<Node 7>:{"send": false, "recv": true, "to": 7, "from": 6, "vc": [5, 5, 2, 2, 2, 5, 5, 8, 3, 4], "hlc": [921710, 6]}
INFO:<Node 2>:{"send": true, "recv": false, "from": 2, "to": 7, "vc": [7, 2, 7, 1, 0, 0, 1, 1, 0, 1], "hlc": [921709, 6]}
INFO:<Node 4>:{"send": true, "recv": false, "from": 4, "to": 0, "vc": [0, 0, 1, 3, 5, 0, 0, 0, 0, 0], "hlc": [921702, 6]}
INFO:<Node 5>:{"send": true, "recv": false, "from": 5, "to": 8, "vc": [0, 3, 2, 2, 2, 8, 0, 6, 2, 2], "hlc": [921710, 5]}
INFO:<Node 6>:{"send": true, "recv": false, "from": 6, "to": 1, "vc": [5, 1, 0, 1, 0, 0, 6, 1, 3, 4], "hlc": [921710, 5]}
INFO:<Node 7>:{"send": true, "recv": false, "from": 7, "to": 1, "vc": [5, 5, 2, 2, 2, 5, 5, 9, 3, 4], "hlc": [921710, 7]}
INFO:<Node 9>:{"send": true, "recv": false, "from": 9, "to": 3, "vc": [6, 1, 0, 1, 0, 0, 2, 1, 0, 7], "hlc": [921711, 2]}
INFO:<Node 0>:{"send": false, "recv": true, "to": 0, "from": 4, "vc": [8, 1, 1, 3, 5, 0, 0, 1, 0, 1], "hlc": [921710, 0]}
INFO:<Node 1>:{"send": false, "recv": true, "to": 1, "from": 6, "vc": [5, 7, 5, 2, 0, 5, 6, 1, 3, 4], "hlc": [921710, 6]}
INFO:<Node 1>:{"send": false, "recv": true, "to": 1, "from": 7, "vc": [5, 8, 5, 2, 2, 5, 6, 9, 3, 4], "hlc": [921710, 8]}
INFO:<Node 3>:{"send": false, "recv": true, "to": 3, "from": 9, "vc": [6, 1, 1, 5, 3, 0, 2, 1, 0, 7], "hlc": [921711, 3]}
INFO:<Node 7>:{"send": false, "recv": true, "to": 7, "from": 2, "vc": [7, 5, 7, 2, 2, 5, 5, 10, 3, 4], "hlc": [921710, 8]}
INFO:<Node 8>:{"send": false, "recv": true, "to": 8, "from": 5, "vc": [0, 3, 2, 2, 2, 8, 0, 6, 4, 2], "hlc": [921712, 0]}
INFO:<Node 2>:{"send": true, "recv": false, "from": 2, "to": 1, "vc": [7, 2, 8, 1, 0, 0, 1, 1, 0, 1], "hlc": [921709, 7]}
INFO:<Node 5>:{"send": true, "recv": false, "from": 5, "to": 4, "vc": [0, 3, 2, 2, 2, 9, 0, 6, 2, 2], "hlc": [921710, 6]}
INFO:<Node 7>:{"send": true, "recv": false, "from": 7, "to": 8, "vc": [7, 5, 7, 2, 2, 5, 5, 11, 3, 4], "hlc": [921710, 9]}
INFO:<Node 1>:{"send": false, "recv": true, "to": 1, "from": 2, "vc": [7, 9, 8, 2, 2, 5, 6, 9, 3, 4], "hlc": [921710, 9]}
INFO:<Node 4>:{"send": false, "recv": true, "to": 4, "from": 5, "vc": [0, 3, 2, 3, 6, 9, 0, 6, 2, 2], "hlc": [921710, 7]}
INFO:<Node 8>:{"send": false, "recv": true, "to": 8, "from": 7, "vc": [7, 5, 7, 2, 2, 8, 5, 11, 5, 4], "hlc": [921712, 1]}
INFO:<Node 0>:{"send": true, "recv": false, "from": 0, "to": 8, "vc": [9, 1, 1, 3, 5, 0, 0, 1, 0, 1], "hlc": [921710, 1]}
INFO:<Node 2>:{"send": true, "recv": false, "from": 2, "to": 6, "vc": [7, 2, 9, 1, 0, 0, 1, 1, 0, 1], "hlc": [921709, 8]}
INFO:<Node 4>:{"send": true, "recv": false, "from": 4, "to": 2, "vc": [0, 3, 2, 3, 7, 9, 0, 6, 2, 2], "hlc": [921710, 8]}
INFO:<Node 6>:{"send": true, "recv": false, "from": 6, "to": 0, "vc": [5, 1, 0, 1, 0, 0, 7, 1, 3, 4], "hlc": [921711, 0]}
INFO:<Node 7>:{"send": true, "recv": false, "from": 7, "to": 0, "vc": [7, 5, 7, 2, 2, 5, 5, 12, 3, 4], "hlc": [921710, 10]}
INFO:<Node 8>:{"send": true, "recv": false, "from": 8, "to": 4, "vc": [7, 5, 7, 2, 2, 8, 5, 11, 6, 4], "hlc": [921712, 2]}
INFO:<Node 0>:{"send": false, "recv": true, "to": 0, "from": 6, "vc": [10, 1, 1, 3, 5, 0, 7, 1, 3, 4], "hlc": [921711, 1]}
INFO:<Node 0>:{"send": false, "recv": true, "to": 0, "from": 7, "vc": [11, 5, 7, 3, 5, 5, 7, 12, 3, 4], "hlc": [921711, 2]}
INFO:<Node 2>:{"send": false, "recv": true, "to": 2, "from": 4, "vc": [7, 3, 10, 3, 7, 9, 1, 6, 2, 2], "hlc": [921710, 9]}
INFO:<Node 4>:{"send": false, "recv": true, "to": 4, "from": 8, "vc": [7, 5, 7, 3, 8, 9, 5, 11, 6, 4], "hlc": [921712, 3]}
INFO:<Node 6>:{"send": false, "recv": true, "to": 6, "from": 2, "vc": [7, 2, 9, 1, 0, 0, 8, 1, 3, 4], "hlc": [921712, 0]}
INFO:<Node 8>:{"send": false, "recv": true, "to": 8, "from": 0, "vc": [9, 5, 7, 3, 5, 8, 5, 11, 7, 4], "hlc": [921713, 0]}
INFO:<Node 0>:{"send": true, "recv": false, "from": 0, "to": 1, "vc": [12, 5, 7, 3, 5, 5, 7, 12, 3, 4], "hlc": [921711, 3]}
INFO:<Node 1>:{"send": true, "recv": false, "from": 1, "to": 0, "vc": [7, 10, 8, 2, 2, 5, 6, 9, 3, 4], "hlc": [921710, 10]}
INFO:<Node 2>:{"send": true, "recv": false, "from": 2, "to": 9, "vc": [7, 3, 11, 3, 7, 9, 1, 6, 2, 2], "hlc": [921710, 10]}
INFO:<Node 4>:{"send": true, "recv": false, "from": 4, "to": 5, "vc": [7, 5, 7, 3, 9, 9, 5, 11, 6, 4], "hlc": [921712, 4]}
INFO:<Node 7>:{"send": true, "recv": false, "from": 7, "to": 6, "vc": [7, 5, 7, 2, 2, 5, 5, 13, 3, 4], "hlc": [921710, 11]}
INFO:<Node 8>:{"send": true, "recv": false, "from": 8, "to": 3, "vc": [9, 5, 7, 3, 5, 8, 5, 11, 8, 4], "hlc": [921713, 1]}
INFO:<Node 9>:{"send": true, "recv": false, "from": 9, "to": 4, "vc": [6, 1, 0, 1, 0, 0, 2, 1, 0, 8], "hlc": [921713, 0]}
INFO:<Node 0>:{"send": false, "recv": true, "to": 0, "from": 1, "vc": [13, 10, 8, 3, 5, 5, 7, 12, 3, 4], "hlc": [921711, 4]}
INFO:<Node 1>:{"send": false, "recv": true, "to": 1, "from": 0, "vc": [12, 11, 8, 3, 5, 5, 7, 12, 3, 4], "hlc": [921711, 4]}
INFO:<Node 3>:{"send": false, "recv": true, "to": 3, "from": 8, "vc": [9, 5, 7, 6, 5, 8, 5, 11, 8, 7], "hlc": [921713, 2]}
INFO:<Node 4>:{"send": false, "recv": true, "to": 4, "from": 9, "vc": [7, 5, 7, 3, 10, 9, 5, 11, 6, 8], "hlc": [921713, 1]}
INFO:<Node 5>:{"send": false, "recv": true, "to": 5, "from": 4, "vc": [7, 5, 7, 3, 9, 10, 5, 11, 6, 4], "hlc": [921712, 5]}
INFO:<Node 6>:{"send": false, "recv": true, "to": 6, "from": 7, "vc": [7, 5, 9, 2, 2, 5, 9, 13, 3, 4], "hlc": [921712, 1]}
INFO:<Node 9>:{"send": false, "recv": true, "to": 9, "from": 2, "vc": [7, 3, 11, 3, 7, 9, 2, 6, 2, 9], "hlc": [921713, 1]}
INFO:<Node 0>:{"send": true, "recv": false, "from": 0, "to": 7, "vc": [14, 10, 8, 3, 5, 5, 7, 12, 3, 4], "hlc": [921711, 5]}
INFO:<Node 1>:{"send": true, "recv": false, "from": 1, "to": 6, "vc": [12, 12, 8, 3, 5, 5, 7, 12, 3, 4], "hlc": [921711, 5]}
INFO:<Node 2>:{"send": true, "recv": false, "from": 2, "to": 4, "vc": [7, 3, 12, 3, 7, 9, 1, 6, 2, 2], "hlc": [921710, 11]}
INFO:<Node 5>:{"send": true, "recv": false, "from": 5, "to": 1, "vc": [7, 5, 7, 3, 9, 11, 5, 11, 6, 4], "hlc": [921712, 6]}
INFO:<Node 7>:{"send": true, "recv": false, "from": 7, "to": 3, "vc": [7, 5, 7, 2, 2, 5, 5, 14, 3, 4], "hlc": [921710, 12]}
INFO:<Node 9>:{"send": true, "recv": false, "from": 9, "to": 1, "vc": [7, 3, 11, 3, 7, 9, 2, 6, 2, 10], "hlc": [921713, 2]}
INFO:<Node 1>:{"send": false, "recv": true, "to": 1, "from": 5, "vc": [12, 13, 8, 3, 9, 11, 7, 12, 6, 4], "hlc": [921712, 7]}
INFO:<Node 1>:{"send": false, "recv": true, "to": 1, "from": 9, "vc": [12, 14, 11, 3, 9, 11, 7, 12, 6, 10], "hlc": [921713, 3]}
INFO:<Node 3>:{"send": false, "recv": true, "to": 3, "from": 7, "vc": [9, 5, 7, 7, 5, 8, 5, 14, 8, 7], "hlc": [921713, 3]}
INFO:<Node 4>:{"send": false, "recv": true, "to": 4, "from": 2, "vc": [7, 5, 12, 3, 11, 9, 5, 11, 6, 8], "hlc": [921713, 2]}
INFO:<Node 6>:{"send": false, "recv": true, "to": 6, "from": 1, "vc": [12, 12, 9, 3, 5, 5, 10, 13, 3, 4], "hlc": [921713, 0]}
INFO:<Node 7>:{"send": false, "recv": true, "to": 7, "from": 0, "vc": [14, 10, 8, 3, 5, 5, 7, 15, 3, 4], "hlc": [921711, 6]}
INFO:<Node 0>:{"send": true, "recv": false, "from": 0, "to": 8, "vc": [15, 10, 8, 3, 5, 5, 7, 12, 3, 4], "hlc": [921712, 0]}
INFO:<Node 2>:{"send": true, "recv": false, "from": 2, "to": 8, "vc": [7, 3, 13, 3, 7, 9, 1, 6, 2, 2], "hlc": [921710, 12]}
INFO:<Node 4>:{"send": true, "recv": false, "from": 4, "to": 5, "vc": [7, 5, 12, 3, 12, 9, 5, 11, 6, 8], "hlc": [921713, 3]}
INFO:<Node 5>:{"send": true, "recv": false, "from": 5, "to": 0, "vc": [7, 5, 7, 3, 9, 12, 5, 11, 6, 4], "hlc": [921712, 7]}
INFO:<Node 7>:{"send": true, "recv": false, "from": 7, "to": 5, "vc": [14, 10, 8, 3, 5, 5, 7, 16, 3, 4], "hlc": [921711, 7]}
INFO:<Node 8>:{"send": true, "recv": false, "from": 8, "to": 2, "vc": [9, 5, 7, 3, 5, 8, 5, 11, 9, 4], "hlc": [921714, 0]}
INFO:<Node 0>:{"send": false, "recv": true, "to": 0, "from": 5, "vc": [16, 10, 8, 3, 9, 12, 7, 12, 6, 4], "hlc": [921712, 8]}
INFO:<Node 2>:{"send": false, "recv": true, "to": 2, "from": 8, "vc": [9, 5, 14, 3, 7, 9, 5, 11, 9, 4], "hlc": [921714, 1]}
INFO:<Node 5>:{"send": false, "recv": true, "to": 5, "from": 4, "vc": [7, 5, 12, 3, 12, 13, 5, 11, 6, 8], "hlc": [921713, 4]}
INFO:<Node 5>:{"send": false, "recv": true, "to": 5, "from": 7, "vc": [14, 10, 12, 3, 12, 14, 7, 16, 6, 8], "hlc": [921713, 5]}
INFO:<Node 8>:{"send": false, "recv": true, "to": 8, "from": 0, "vc": [15, 10, 8, 3, 5, 8, 7, 12, 10, 4], "hlc": [921714, 1]}
INFO:<Node 8>:{"send": false, "recv": true, "to": 8, "from": 2, "vc": [15, 10, 13, 3, 7, 9, 7, 12, 11, 4], "hlc": [921714, 2]}
INFO:<Node 0>:{"send": true, "recv": false, "from": 0, "to": 2, "vc": [17, 10, 8, 3, 9, 12, 7, 12, 6, 4], "hlc": [921712, 9]}
INFO:<Node 1>:{"send": true, "recv": false, "from": 1, "to": 9, "vc": [12, 15, 11, 3, 9, 11, 7, 12, 6, 10], "hlc": [921713, 4]}
INFO:<Node 2>:{"send": true, "recv": false, "from": 2, "to": 9, "vc": [9, 5, 15, 3, 7, 9, 5, 11, 9, 4], "hlc": [921714, 2]}
INFO:<Node 4>:{"send": true, "recv": false, "from": 4, "to": 5, "vc": [7, 5, 12, 3, 13, 9, 5, 11, 6, 8], "hlc": [921713, 4]}
INFO:<Node 6>:{"send": true, "recv": false, "from": 6, "to": 2, "vc": [12, 12, 9, 3, 5, 5, 11, 13, 3, 4], "hlc": [921713, 1]}
INFO:<Node 7>:{"send": true, "recv": false, "from": 7, "to": 9, "vc": [14, 10, 8, 3, 5, 5, 7, 17, 3, 4], "hlc": [921711, 8]}
INFO:<Node 8>:{"send": true, "recv": false, "from": 8, "to": 2, "vc": [15, 10, 13, 3, 7, 9, 7, 12, 12, 4], "hlc": [921714, 3]}
INFO:<Node 9>:{"send": true, "recv": false, "from": 9, "to": 2, "vc": [7, 3, 11, 3, 7, 9, 2, 6, 2, 11], "hlc": [921714, 0]}
INFO:<Node 2>:{"send": false, "recv": true, "to": 2, "from": 0, "vc": [17, 10, 16, 3, 9, 12, 7, 12, 9, 4], "hlc": [921714, 3]}
INFO:<Node 2>:{"send": false, "recv": true, "to": 2, "from": 6, "vc": [17, 12, 17, 3, 9, 12, 11, 13, 9, 4], "hlc": [921714, 4]}
INFO:<Node 2>:{"send": false, "recv": true, "to": 2, "from": 8, "vc": [17, 12, 18, 3, 9, 12, 11, 13, 12, 4], "hlc": [921714, 5]}
INFO:<Node 2>:{"send": false, "recv": true, "to": 2, "from": 9, "vc": [17, 12, 19, 3, 9, 12, 11, 13, 12, 11], "hlc": [921714, 6]}
INFO:<Node 5>:{"send": false, "recv": true, "to": 5, "from": 4, "vc": [14, 10, 12, 3, 13, 15, 7, 16, 6, 8], "hlc": [921713, 6]}
INFO:<Node 9>:{"send": false, "recv": true, "to": 9, "from": 1, "vc": [12, 15, 11, 3, 9, 11, 7, 12, 6, 12], "hlc": [921715, 0]}
INFO:<Node 9>:{"send": false, "recv": true, "to": 9, "from": 2, "vc": [12, 15, 15, 3, 9, 11, 7, 12, 9, 13], "hlc": [921715, 1]}
INFO:<Node 9>:{"send": false, "recv": true, "to": 9, "from": 7, "vc": [14, 15, 15, 3, 9, 11, 7, 17, 9, 14], "hlc": [921715, 2]}
INFO:<Node 0>:{"send": true, "recv": false, "from": 0, "to": 6, "vc": [18, 10, 8, 3, 9, 12, 7, 12, 6, 4], "hlc": [921713, 0]}
INFO:<Node 1>:{"send": true, "recv": false, "from": 1, "to": 4, "vc": [12, 16, 11, 3, 9, 11, 7, 12, 6, 10], "hlc": [921713, 5]}
INFO:<Node 2>:{"send": true, "recv": false, "from": 2, "to": 3, "vc": [17, 12, 20, 3, 9, 12, 11, 13, 12, 11], "hlc": [921714, 7]}
INFO:<Node 3>:{"send": true, "recv": false, "from": 3, "to": 2, "vc": [9, 5, 7, 8, 5, 8, 5, 14, 8, 7], "hlc": [921713, 4]}
INFO:<Node 5>:{"send": true, "recv": false, "from": 5, "to": 2, "vc": [14, 10, 12, 3, 13, 16, 7, 16, 6, 8], "hlc": [921713, 7]}
INFO:<Node 6>:{"send": true, "recv": false, "from": 6, "to": 3, "vc": [12, 12, 9, 3, 5, 5, 12, 13, 3, 4], "hlc": [921714, 0]}
INFO:<Node 7>:{"send": true, "recv": false, "from": 7, "to": 4, "vc": [14, 10, 8, 3, 5, 5, 7, 18, 3, 4], "hlc": [921711, 9]}
INFO:<Node 8>:{"send": true, "recv": false, "from": 8, "to": 9, "vc": [15, 10, 13, 3, 7, 9, 7, 12, 13, 4], "hlc": [921715, 0]}
INFO:<Node 2>:{"send": false, "recv": true, "to": 2, "from": 3, "vc": [17, 12, 21, 8, 9, 12, 11, 14, 12, 11], "hlc": [921714, 8]}
INFO:<Node 2>:{"send": false, "recv": true, "to": 2, "from": 5, "vc": [17, 12, 22, 8, 13, 16, 11, 16, 12, 11], "hlc": [921714, 9]}
INFO:<Node 3>:{"send": false, "recv": true, "to": 3, "from": 2, "vc": [17, 12, 20, 9, 9, 12, 11, 14, 12, 11], "hlc": [921714, 8]}
INFO:<Node 3>:{"send": false, "recv": true, "to": 3, "from": 6, "vc": [17, 12, 20, 10, 9, 12, 12, 14, 12, 11], "hlc": [921714, 9]}
INFO:<Node 4>:{"send": false, "recv": true, "to": 4, "from": 1, "vc": [12, 16, 12, 3, 14, 11, 7, 12, 6, 10], "hlc": [921713, 6]}
INFO:<Node 4>:{"send": false, "recv": true, "to": 4, "from": 7, "vc": [14, 16, 12, 3, 15, 11, 7, 18, 6, 10], "hlc": [921713, 7]}
INFO:<Node 6>:{"send": false, "recv": true, "to": 6, "from": 0, "vc": [18, 12, 9, 3, 9, 12, 13, 13, 6, 4], "hlc": [921714, 1]}
INFO:<Node 9>:{"send": false, "recv": true, "to": 9, "from": 8, "vc": [15, 15, 15, 3, 9, 11, 7, 17, 13, 15], "hlc": [921715, 3]}
INFO:<Node 2>:{"send": true, "recv": false, "from": 2, "to": 1, "vc": [17, 12, 23, 8, 13, 16, 11, 16, 12, 11], "hlc": [921714, 10]}
INFO:<Node 4>:{"send": true, "recv": false, "from": 4, "to": 2, "vc": [14, 16, 12, 3, 16, 11, 7, 18, 6, 10], "hlc": [921713, 8]}
INFO:<Node 5>:{"send": true, "recv": false, "from": 5, "to": 7, "vc": [14, 10, 12, 3, 13, 17, 7, 16, 6, 8], "hlc": [921713, 8]}
INFO:<Node 6>:{"send": true, "recv": false, "from": 6, "to": 5, "vc": [18, 12, 9, 3, 9, 12, 14, 13, 6, 4], "hlc": [921714, 2]}
INFO:<Node 7>:{"send": true, "recv": false, "from": 7, "to": 6, "vc": [14, 10, 8, 3, 5, 5, 7, 19, 3, 4], "hlc": [921711, 10]}
INFO:<Node 8>:{"send": true, "recv": false, "from": 8, "to": 7, "vc": [15, 10, 13, 3, 7, 9, 7, 12, 14, 4], "hlc": [921715, 1]}
INFO:<Node 1>:{"send": false, "recv": true, "to": 1, "from": 2, "vc": [17, 17, 23, 8, 13, 16, 11, 16, 12, 11], "hlc": [921714, 11]}
INFO:<Node 2>:{"send": false, "recv": true, "to": 2, "from": 4, "vc": [17, 16, 24, 8, 16, 16, 11, 18, 12, 11], "hlc": [921714, 11]}
INFO:<Node 5>:{"send": false, "recv": true, "to": 5, "from": 6, "vc": [18, 12, 12, 3, 13, 18, 14, 16, 6, 8], "hlc": [921714, 3]}
INFO:<Node 6>:{"send": false, "recv": true, "to": 6, "from": 7, "vc": [18, 12, 9, 3, 9, 12, 15, 19, 6, 4], "hlc": [921715, 0]}
INFO:<Node 7>:{"send": false, "recv": true, "to": 7, "from": 5, "vc": [14, 10, 12, 3, 13, 17, 7, 20, 6, 8], "hlc": [921713, 9]}
INFO:<Node 7>:{"send": false, "recv": true, "to": 7, "from": 8, "vc": [15, 10, 13, 3, 13, 17, 7, 21, 14, 8], "hlc": [921715, 2]}
INFO:<Node 2>:{"send": true, "recv": false, "from": 2, "to": 3, "vc": [17, 16, 25, 8, 16, 16, 11, 18, 12, 11], "hlc": [921714, 12]}
INFO:<Node 3>:{"send": true, "recv": false, "from": 3, "to": 1, "vc": [17, 12, 20, 11, 9, 12, 12, 14, 12, 11], "hlc": [921714, 10]}
INFO:<Node 6>:{"send": true, "recv": false, "from": 6, "to": 8, "vc": [18, 12, 9, 3, 9, 12, 16, 19, 6, 4], "hlc": [921715, 1]}
INFO:<Node 7>:{"send": true, "recv": false, "from": 7, "to": 4, "vc": [15, 10, 13, 3, 13, 17, 7, 22, 14, 8], "hlc": [921715, 3]}
INFO:<Node 9>:{"send": true, "recv": false, "from": 9, "to": 4, "vc": [15, 15, 15, 3, 9, 11, 7, 17, 13, 16], "hlc": [921716, 0]}
INFO:<Node 1>:{"send": false, "recv": true, "to": 1, "from": 3, "vc": [17, 18, 23, 11, 13, 16, 12, 16, 12, 11], "hlc": [921714, 12]}
INFO:<Node 3>:{"send": false, "recv": true, "to": 3, "from": 2, "vc": [17, 16, 25, 12, 16, 16, 12, 18, 12, 11], "hlc": [921714, 13]}
INFO:<Node 4>:{"send": false, "recv": true, "to": 4, "from": 7, "vc": [15, 16, 13, 3, 17, 17, 7, 22, 14, 10], "hlc": [921715, 4]}
INFO:<Node 4>:{"send": false, "recv": true, "to": 4, "from": 9, "vc": [15, 16, 15, 3, 18, 17, 7, 22, 14, 16], "hlc": [921716, 1]}
INFO:<Node 8>:{"send": false, "recv": true, "to": 8, "from": 6, "vc": [18, 12, 13, 3, 9, 12, 16, 19, 15, 4], "hlc": [921716, 0]}
INFO:<Node 1>:{"send": true, "recv": false, "from": 1, "to": 7, "vc": [17, 19, 23, 11, 13, 16, 12, 16, 12, 11], "hlc": [921714, 13]}
INFO:<Node 4>:{"send": true, "recv": false, "from": 4, "to": 9, "vc": [15, 16, 15, 3, 19, 17, 7, 22, 14, 16], "hlc": [921716, 2]}
INFO:<Node 7>:{"send": true, "recv": false, "from": 7, "to": 5, "vc": [15, 10, 13, 3, 13, 17, 7, 23, 14, 8], "hlc": [921715, 4]}
INFO:<Node 8>:{"send": true, "recv": false, "from": 8, "to": 6, "vc": [18, 12, 13, 3, 9, 12, 16, 19, 16, 4], "hlc": [921716, 1]}
INFO:<Node 9>:{"send": true, "recv": false, "from": 9, "to": 0, "vc": [15, 15, 15, 3, 9, 11, 7, 17, 13, 17], "hlc": [921716, 1]}
INFO:<Node 0>:{"send": false, "recv": true, "to": 0, "from": 9, "vc": [19, 15, 15, 3, 9, 12, 7, 17, 13, 17], "hlc": [921716, 2]}
INFO:<Node 5>:{"send": false, "recv": true, "to": 5, "from": 7, "vc": [18, 12, 13, 3, 13, 19, 14, 23, 14, 8], "hlc": [921715, 5]}
INFO:<Node 6>:{"send": false, "recv": true, "to": 6, "from": 8, "vc": [18, 12, 13, 3, 9, 12, 17, 19, 16, 4], "hlc": [921716, 2]}
INFO:<Node 7>:{"send": false, "recv": true, "to": 7, "from": 1, "vc": [17, 19, 23, 11, 13, 17, 12, 24, 14, 11], "hlc": [921715, 5]}
INFO:<Node 9>:{"send": false, "recv": true, "to": 9, "from": 4, "vc": [15, 16, 15, 3, 19, 17, 7, 22, 14, 18], "hlc": [921717, 0]}
INFO:<Node 0>:{"send": true, "recv": false, "from": 0, "to": 6, "vc": [20, 15, 15, 3, 9, 12, 7, 17, 13, 17], "hlc": [921716, 3]}
INFO:<Node 1>:{"send": true, "recv": false, "from": 1, "to": 0, "vc": [17, 20, 23, 11, 13, 16, 12, 16, 12, 11], "hlc": [921714, 14]}
INFO:<Node 3>:{"send": true, "recv": false, "from": 3, "to": 4, "vc": [17, 16, 25, 13, 16, 16, 12, 18, 12, 11], "hlc": [921714, 14]}
INFO:<Node 4>:{"send": true, "recv": false, "from": 4, "to": 0, "vc": [15, 16, 15, 3, 20, 17, 7, 22, 14, 16], "hlc": [921716, 3]}
INFO:<Node 6>:{"send": true, "recv": false, "from": 6, "to": 8, "vc": [18, 12, 13, 3, 9, 12, 18, 19, 16, 4], "hlc": [921716, 3]}
INFO:<Node 7>:{"send": true, "recv": false, "from": 7, "to": 1, "vc": [17, 19, 23, 11, 13, 17, 12, 25, 14, 11], "hlc": [921715, 6]}
INFO:<Node 8>:{"send": true, "recv": false, "from": 8, "to": 9, "vc": [18, 12, 13, 3, 9, 12, 16, 19, 17, 4], "hlc": [921717, 0]}
INFO:<Node 9>:{"send": true, "recv": false, "from": 9, "to": 2, "vc": [15, 16, 15, 3, 19, 17, 7, 22, 14, 19], "hlc": [921717, 1]}
INFO:<Node 0>:{"send": false, "recv": true, "to": 0, "from": 1, "vc": [21, 20, 23, 11, 13, 16, 12, 17, 13, 17], "hlc": [921716, 4]}
INFO:<Node 0>:{"send": false, "recv": true, "to": 0, "from": 4, "vc": [22, 20, 23, 11, 20, 17, 12, 22, 14, 17], "hlc": [921716, 5]}
INFO:<Node 1>:{"send": false, "recv": true, "to": 1, "from": 7, "vc": [17, 21, 23, 11, 13, 17, 12, 25, 14, 11], "hlc": [921715, 7]}
INFO:<Node 2>:{"send": false, "recv": true, "to": 2, "from": 9, "vc": [17, 16, 26, 8, 19, 17, 11, 22, 14, 19], "hlc": [921717, 2]}
INFO:<Node 4>:{"send": false, "recv": true, "to": 4, "from": 3, "vc": [17, 16, 25, 13, 21, 17, 12, 22, 14, 16], "hlc": [921716, 4]}
INFO:<Node 6>:{"send": false, "recv": true, "to": 6, "from": 0, "vc": [20, 15, 15, 3, 9, 12, 19, 19, 16, 17], "hlc": [921716, 4]}
INFO:<Node 8>:{"send": false, "recv": true, "to": 8, "from": 6, "vc": [18, 12, 13, 3, 9, 12, 18, 19, 18, 4], "hlc": [921717, 1]}
INFO:<Node 9>:{"send": false, "recv": true, "to": 9, "from": 8, "vc": [18, 16, 15, 3, 19, 17, 16, 22, 17, 20], "hlc": [921717, 2]}
INFO:<Node 0>:{"send": true, "recv": false, "from": 0, "to": 9, "vc": [23, 20, 23, 11, 20, 17, 12, 22, 14, 17], "hlc": [921716, 6]}
INFO:<Node 1>:{"send": true, "recv": false, "from": 1, "to": 9, "vc": [17, 22, 23, 11, 13, 17, 12, 25, 14, 11], "hlc": [921715, 8]}
INFO:<Node 2>:{"send": true, "recv": false, "from": 2, "to": 7, "vc": [17, 16, 27, 8, 19, 17, 11, 22, 14, 19], "hlc": [921717, 3]}
INFO:<Node 3>:{"send": true, "recv": false, "from": 3, "to": 6, "vc": [17, 16, 25, 14, 16, 16, 12, 18, 12, 11], "hlc": [921714, 15]}
INFO:<Node 4>:{"send": true, "recv": false, "from": 4, "to": 9, "vc": [17, 16, 25, 13, 22, 17, 12, 22, 14, 16], "hlc": [921716, 5]}
INFO:<Node 5>:{"send": true, "recv": false, "from": 5, "to": 1, "vc": [18, 12, 13, 3, 13, 20, 14, 23, 14, 8], "hlc": [921715, 6]}
INFO:<Node 1>:{"send": false, "recv": true, "to": 1, "from": 5, "vc": [18, 23, 23, 11, 13, 20, 14, 25, 14, 11], "hlc": [921715, 9]}
INFO:<Node 6>:{"send": false, "recv": true, "to": 6, "from": 3, "vc": [20, 16, 25, 14, 16, 16, 20, 19, 16, 17], "hlc": [921717, 0]}
INFO:<Node 7>:{"send": false, "recv": true, "to": 7, "from": 2, "vc": [17, 19, 27, 11, 19, 17, 12, 26, 14, 19], "hlc": [921717, 4]}
INFO:<Node 9>:{"send": false, "recv": true, "to": 9, "from": 0, "vc": [23, 20, 23, 11, 20, 17, 16, 22, 17, 21], "hlc": [921718, 0]}
INFO:<Node 9>:{"send": false, "recv": true, "to": 9, "from": 1, "vc": [23, 22, 23, 11, 20, 17, 16, 25, 17, 22], "hlc": [921718, 1]}
INFO:<Node 9>:{"send": false, "recv": true, "to": 9, "from": 4, "vc": [23, 22, 25, 13, 22, 17, 16, 25, 17, 23], "hlc": [921718, 2]}
INFO:<Node 0>:{"send": true, "recv": false, "from": 0, "to": 5, "vc": [24, 20, 23, 11, 20, 17, 12, 22, 14, 17], "hlc": [921716, 7]}
INFO:<Node 2>:{"send": true, "recv": false, "from": 2, "to": 5, "vc": [17, 16, 28, 8, 19, 17, 11, 22, 14, 19], "hlc": [921717, 4]}
INFO:<Node 3>:{"send": true, "recv": false, "from": 3, "to": 0, "vc": [17, 16, 25, 15, 16, 16, 12, 18, 12, 11], "hlc": [921714, 16]}
INFO:<Node 4>:{"send": true, "recv": false, "from": 4, "to": 3, "vc": [17, 16, 25, 13, 23, 17, 12, 22, 14, 16], "hlc": [921716, 6]}
INFO:<Node 5>:{"send": true, "recv": false, "from": 5, "to": 0, "vc": [18, 12, 13, 3, 13, 21, 14, 23, 14, 8], "hlc": [921715, 7]}
INFO:<Node 6>:{"send": true, "recv": false, "from": 6, "to": 5, "vc": [20, 16, 25, 14, 16, 16, 21, 19, 16, 17], "hlc": [921717, 1]}
INFO:<Node 0>:{"send": false, "recv": true, "to": 0, "from": 3, "vc": [25, 20, 25, 15, 20, 17, 12, 22, 14, 17], "hlc": [921716, 8]}
INFO:<Node 0>:{"send": false, "recv": true, "to": 0, "from": 5, "vc": [26, 20, 25, 15, 20, 21, 14, 23, 14, 17], "hlc": [921716, 9]}
INFO:<Node 3>:{"send": false, "recv": true, "to": 3, "from": 4, "vc": [17, 16, 25, 16, 23, 17, 12, 22, 14, 16], "hlc": [921716, 7]}
INFO:<Node 5>:{"send": false, "recv": true, "to": 5, "from": 0, "vc": [24, 20, 23, 11, 20, 22, 14, 23, 14, 17], "hlc": [921716, 8]}
INFO:<Node 5>:{"send": false, "recv": true, "to": 5, "from": 2, "vc": [24, 20, 28, 11, 20, 23, 14, 23, 14, 19], "hlc": [921717, 5]}
INFO:<Node 5>:{"send": false, "recv": true, "to": 5, "from": 6, "vc": [24, 20, 28, 14, 20, 24, 21, 23, 16, 19], "hlc": [921717, 6]}
INFO:<Node 0>:{"send": true, "recv": false, "from": 0, "to": 5, "vc": [27, 20, 25, 15, 20, 21, 14, 23, 14, 17], "hlc": [921716, 10]}
INFO:<Node 1>:{"send": true, "recv": false, "from": 1, "to": 5, "vc": [18, 24, 23, 11, 13, 20, 14, 25, 14, 11], "hlc": [921715, 10]}
INFO:<Node 2>:{"send": true, "recv": false, "from": 2, "to": 0, "vc": [17, 16, 29, 8, 19, 17, 11, 22, 14, 19], "hlc": [921717, 5]}
INFO:<Node 5>:{"send": true, "recv": false, "from": 5, "to": 4, "vc": [24, 20, 28, 14, 20, 25, 21, 23, 16, 19], "hlc": [921717, 7]}
INFO:<Node 7>:{"send": true, "recv": false, "from": 7, "to": 0, "vc": [17, 19, 27, 11, 19, 17, 12, 27, 14, 19], "hlc": [921717, 5]}
INFO:<Node 9>:{"send": true, "recv": false, "from": 9, "to": 8, "vc": [23, 22, 25, 13, 22, 17, 16, 25, 17, 24], "hlc": [921718, 3]}
INFO:<Node 0>:{"send": false, "recv": true, "to": 0, "from": 2, "vc": [28, 20, 29, 15, 20, 21, 14, 23, 14, 19], "hlc": [921717, 6]}
INFO:<Node 0>:{"send": false, "recv": true, "to": 0, "from": 7, "vc": [29, 20, 29, 15, 20, 21, 14, 27, 14, 19], "hlc": [921717, 7]}
INFO:<Node 4>:{"send": false, "recv": true, "to": 4, "from": 5, "vc": [24, 20, 28, 14, 24, 25, 21, 23, 16, 19], "hlc": [921717, 8]}
INFO:<Node 5>:{"send": false, "recv": true, "to": 5, "from": 0, "vc": [27, 20, 28, 15, 20, 26, 21, 23, 16, 19], "hlc": [921717, 8]}
INFO:<Node 5>:{"send": false, "recv": true, "to": 5, "from": 1, "vc": [27, 24, 28, 15, 20, 27, 21, 25, 16, 19], "hlc": [921717, 9]}
INFO:<Node 8>:{"send": false, "recv": true, "to": 8, "from": 9, "vc": [23, 22, 25, 13, 22, 17, 18, 25, 19, 24], "hlc": [921719, 0]}
INFO:<Node 3>:{"send": true, "recv": false, "from": 3, "to": 1, "vc": [17, 16, 25, 17, 23, 17, 12, 22, 14, 16], "hlc": [921716, 8]}
INFO:<Node 4>:{"send": true, "recv": false, "from": 4, "to": 6, "vc": [24, 20, 28, 14, 25, 25, 21, 23, 16, 19], "hlc": [921717, 9]}
INFO:<Node 7>:{"send": true, "recv": false, "from": 7, "to": 3, "vc": [17, 19, 27, 11, 19, 17, 12, 28, 14, 19], "hlc": [921717, 6]}
INFO:<Node 8>:{"send": true, "recv": false, "from": 8, "to": 1, "vc": [23, 22, 25, 13, 22, 17, 18, 25, 20, 24], "hlc": [921719, 1]}
INFO:<Node 9>:{"send": true, "recv": false, "from": 9, "to": 6, "vc": [23, 22, 25, 13, 22, 17, 16, 25, 17, 25], "hlc": [921719, 0]}
INFO:<Node 1>:{"send": false, "recv": true, "to": 1, "from": 3, "vc": [18, 25, 25, 17, 23, 20, 14, 25, 14, 16], "hlc": [921716, 9]}
INFO:<Node 1>:{"send": false, "recv": true, "to": 1, "from": 8, "vc": [23, 26, 25, 17, 23, 20, 18, 25, 20, 24], "hlc": [921719, 2]}
INFO:<Node 3>:{"send": false, "recv": true, "to": 3, "from": 7, "vc": [17, 19, 27, 18, 23, 17, 12, 28, 14, 19], "hlc": [921717, 7]}
INFO:<Node 6>:{"send": false, "recv": true, "to": 6, "from": 4, "vc": [24, 20, 28, 14, 25, 25, 22, 23, 16, 19], "hlc": [921718, 0]}
INFO:<Node 6>:{"send": false, "recv": true, "to": 6, "from": 9, "vc": [24, 22, 28, 14, 25, 25, 23, 25, 17, 25], "hlc": [921719, 1]}
INFO:<Node 0>:{"send": true, "recv": false, "from": 0, "to": 1, "vc": [30, 20, 29, 15, 20, 21, 14, 27, 14, 19], "hlc": [921717, 8]}
INFO:<Node 1>:{"send": true, "recv": false, "from": 1, "to": 2, "vc": [23, 27, 25, 17, 23, 20, 18, 25, 20, 24], "hlc": [921719, 3]}
INFO:<Node 2>:{"send": true, "recv": false, "from": 2, "to": 4, "vc": [17, 16, 30, 8, 19, 17, 11, 22, 14, 19], "hlc": [921717, 6]}
INFO:<Node 5>:{"send": true, "recv": false, "from": 5, "to": 9, "vc": [27, 24, 28, 15, 20, 28, 21, 25, 16, 19], "hlc": [921717, 10]}
INFO:<Node 7>:{"send": true, "recv": false, "from": 7, "to": 9, "vc": [17, 19, 27, 11, 19, 17, 12, 29, 14, 19], "hlc": [921717, 7]}
INFO:<Node 1>:{"send": false, "recv": true, "to": 1, "from": 0, "vc": [30, 28, 29, 17, 23, 21, 18, 27, 20, 24], "hlc": [921719, 4]}
INFO:<Node 2>:{"send": false, "recv": true, "to": 2, "from": 1, "vc": [23, 27, 31, 17, 23, 20, 18, 25, 20, 24], "hlc": [921719, 4]}
INFO:<Node 4>:{"send": false, "recv": true, "to": 4, "from": 2, "vc": [24, 20, 30, 14, 26, 25, 21, 23, 16, 19], "hlc": [921717, 10]}
INFO:<Node 9>:{"send": false, "recv": true, "to": 9, "from": 5, "vc": [27, 24, 28, 15, 22, 28, 21, 25, 17, 26], "hlc": [921720, 0]}
INFO:<Node 9>:{"send": false, "recv": true, "to": 9, "from": 7, "vc": [27, 24, 28, 15, 22, 28, 21, 29, 17, 27], "hlc": [921720, 1]}
INFO:<Node 0>:{"send": true, "recv": false, "from": 0, "to": 6, "vc": [31, 20, 29, 15, 20, 21, 14, 27, 14, 19], "hlc": [921718, 0]}
INFO:<Node 2>:{"send": true, "recv": false, "from": 2, "to": 6, "vc": [23, 27, 32, 17, 23, 20, 18, 25, 20, 24], "hlc": [921719, 5]}
INFO:<Node 3>:{"send": true, "recv": false, "from": 3, "to": 1, "vc": [17, 19, 27, 19, 23, 17, 12, 28, 14, 19], "hlc": [921717, 8]}
INFO:<Node 5>:{"send": true, "recv": false, "from": 5, "to": 4, "vc": [27, 24, 28, 15, 20, 29, 21, 25, 16, 19], "hlc": [921717, 11]}
INFO:<Node 7>:{"send": true, "recv": false, "from": 7, "to": 3, "vc": [17, 19, 27, 11, 19, 17, 12, 30, 14, 19], "hlc": [921717, 8]}
INFO:<Node 9>:{"send": true, "recv": false, "from": 9, "to": 7, "vc": [27, 24, 28, 15, 22, 28, 21, 29, 17, 28], "hlc": [921720, 2]}
INFO:<Node 1>:{"send": false, "recv": true, "to": 1, "from": 3, "vc": [30, 29, 29, 19, 23, 21, 18, 28, 20, 24], "hlc": [921719, 5]}
INFO:<Node 3>:{"send": false, "recv": true, "to": 3, "from": 7, "vc": [17, 19, 27, 20, 23, 17, 12, 30, 14, 19], "hlc": [921717, 9]}
INFO:<Node 4>:{"send": false, "recv": true, "to": 4, "from": 5, "vc": [27, 24, 30, 15, 27, 29, 21, 25, 16, 19], "hlc": [921717, 12]}
INFO:<Node 6>:{"send": false, "recv": true, "to": 6, "from": 0, "vc": [31, 22, 29, 15, 25, 25, 24, 27, 17, 25], "hlc": [921719, 2]}
INFO:<Node 6>:{"send": false, "recv": true, "to": 6, "from": 2, "vc": [31, 27, 32, 17, 25, 25, 25, 27, 20, 25], "hlc": [921719, 6]}
INFO:<Node 7>:{"send": false, "recv": true, "to": 7, "from": 9, "vc": [27, 24, 28, 15, 22, 28, 21, 31, 17, 28], "hlc": [921720, 3]}
INFO:<Node 1>:{"send": true, "recv": false, "from": 1, "to": 6, "vc": [30, 30, 29, 19, 23, 21, 18, 28, 20, 24], "hlc": [921719, 6]}
INFO:<Node 4>:{"send": true, "recv": false, "from": 4, "to": 1, "vc": [27, 24, 30, 15, 28, 29, 21, 25, 16, 19], "hlc": [921717, 13]}
INFO:<Node 5>:{"send": true, "recv": false, "from": 5, "to": 6, "vc": [27, 24, 28, 15, 20, 30, 21, 25, 16, 19], "hlc": [921717, 12]}
INFO:<Node 8>:{"send": true, "recv": false, "from": 8, "to": 7, "vc": [23, 22, 25, 13, 22, 17, 18, 25, 21, 24], "hlc": [921720, 0]}
INFO:<Node 1>:{"send": false, "recv": true, "to": 1, "from": 4, "vc": [30, 31, 30, 19, 28, 29, 21, 28, 20, 24], "hlc": [921719, 7]}
INFO:<Node 6>:{"send": false, "recv": true, "to": 6, "from": 1, "vc": [31, 30, 32, 19, 25, 25, 26, 28, 20, 25], "hlc": [921720, 0]}
INFO:<Node 6>:{"send": false, "recv": true, "to": 6, "from": 5, "vc": [31, 30, 32, 19, 25, 30, 27, 28, 20, 25], "hlc": [921720, 1]}
INFO:<Node 7>:{"send": false, "recv": true, "to": 7, "from": 8, "vc": [27, 24, 28, 15, 22, 28, 21, 32, 21, 28], "hlc": [921720, 4]}
INFO:<Node 0>:{"send": true, "recv": false, "from": 0, "to": 1, "vc": [32, 20, 29, 15, 20, 21, 14, 27, 14, 19], "hlc": [921719, 0]}
INFO:<Node 1>:{"send": true, "recv": false, "from": 1, "to": 5, "vc": [30, 32, 30, 19, 28, 29, 21, 28, 20, 24], "hlc": [921719, 8]}
INFO:<Node 2>:{"send": true, "recv": false, "from": 2, "to": 9, "vc": [23, 27, 33, 17, 23, 20, 18, 25, 20, 24], "hlc": [921719, 6]}
INFO:<Node 4>:{"send": true, "recv": false, "from": 4, "to": 5, "vc": [27, 24, 30, 15, 29, 29, 21, 25, 16, 19], "hlc": [921717, 14]}
INFO:<Node 5>:{"send": true, "recv": false, "from": 5, "to": 8, "vc": [27, 24, 28, 15, 20, 31, 21, 25, 16, 19], "hlc": [921717, 13]}
INFO:<Node 6>:{"send": true, "recv": false, "from": 6, "to": 5, "vc": [31, 30, 32, 19, 25, 30, 28, 28, 20, 25], "hlc": [921720, 2]}
INFO:<Node 9>:{"send": true, "recv": false, "from": 9, "to": 6, "vc": [27, 24, 28, 15, 22, 28, 21, 29, 17, 29], "hlc": [921721, 0]}
INFO:<Node 1>:{"send": false, "recv": true, "to": 1, "from": 0, "vc": [32, 33, 30, 19, 28, 29, 21, 28, 20, 24], "hlc": [921719, 9]}
INFO:<Node 5>:{"send": false, "recv": true, "to": 5, "from": 1, "vc": [30, 32, 30, 19, 28, 32, 21, 28, 20, 24], "hlc": [921719, 9]}
INFO:<Node 5>:{"send": false, "recv": true, "to": 5, "from": 4, "vc": [30, 32, 30, 19, 29, 33, 21, 28, 20, 24], "hlc": [921719, 10]}
INFO:<Node 5>:{"send": false, "recv": true, "to": 5, "from": 6, "vc": [31, 32, 32, 19, 29, 34, 28, 28, 20, 25], "hlc": [921720, 3]}
INFO:<Node 6>:{"send": false, "recv": true, "to": 6, "from": 9, "vc": [31, 30, 32, 19, 25, 30, 29, 29, 20, 29], "hlc": [921721, 1]}
INFO:<Node 8>:{"send": false, "recv": true, "to": 8, "from": 5, "vc": [27, 24, 28, 15, 22, 31, 21, 25, 22, 24], "hlc": [921721, 0]}
INFO:<Node 9>:{"send": false, "recv": true, "to": 9, "from": 2, "vc": [27, 27, 33, 17, 23, 28, 21, 29, 20, 30], "hlc": [921721, 1]}
INFO:<Node 0>:{"send": true, "recv": false, "from": 0, "to": 9, "vc": [33, 20, 29, 15, 20, 21, 14, 27, 14, 19], "hlc": [921719, 1]}
INFO:<Node 2>:{"send": true, "recv": false, "from": 2, "to": 4, "vc": [23, 27, 34, 17, 23, 20, 18, 25, 20, 24], "hlc": [921719, 7]}
INFO:<Node 3>:{"send": true, "recv": false, "from": 3, "to": 9, "vc": [17, 19, 27, 21, 23, 17, 12, 30, 14, 19], "hlc": [921717, 10]}
INFO:<Node 8>:{"send": true, "recv": false, "from": 8, "to": 9, "vc": [27, 24, 28, 15, 22, 31, 21, 25, 23, 24], "hlc": [921721, 1]}
INFO:<Node 4>:{"send": false, "recv": true, "to": 4, "from": 2, "vc": [27, 27, 34, 17, 30, 29, 21, 25, 20, 24], "hlc": [921719, 8]}
INFO:<Node 9>:{"send": false, "recv": true, "to": 9, "from": 0, "vc": [33, 27, 33, 17, 23, 28, 21, 29, 20, 31], "hlc": [921722, 0]}
INFO:<Node 9>:{"send": false, "recv": true, "to": 9, "from": 3, "vc": [33, 27, 33, 21, 23, 28, 21, 30, 20, 32], "hlc": [921722, 1]}
INFO:<Node 9>:{"send": false, "recv": true, "to": 9, "from": 8, "vc": [33, 27, 33, 21, 23, 31, 21, 30, 23, 33], "hlc": [921722, 2]}
INFO:<Node 0>:{"send": true, "recv": false, "from": 0, "to": 3, "vc": [34, 20, 29, 15, 20, 21, 14, 27, 14, 19], "hlc": [921720, 0]}
INFO:<Node 1>:{"send": true, "recv": false, "from": 1, "to": 9, "vc": [32, 34, 30, 19, 28, 29, 21, 28, 20, 24], "hlc": [921719, 10]}
INFO:<Node 2>:{"send": true, "recv": false, "from": 2, "to": 4, "vc": [23, 27, 35, 17, 23, 20, 18, 25, 20, 24], "hlc": [921719, 8]}
INFO:<Node 3>:{"send": true, "recv": false, "from": 3, "to": 4, "vc": [17, 19, 27, 22, 23, 17, 12, 30, 14, 19], "hlc": [921717, 11]}
INFO:<Node 3>:{"send": false, "recv": true, "to": 3, "from": 0, "vc": [34, 20, 29, 23, 23, 21, 14, 30, 14, 19], "hlc": [921720, 1]}
INFO:<Node 4>:{"send": false, "recv": true, "to": 4, "from": 2, "vc": [27, 27, 35, 17, 31, 29, 21, 25, 20, 24], "hlc": [921719, 9]}
INFO:<Node 4>:{"send": false, "recv": true, "to": 4, "from": 3, "vc": [27, 27, 35, 22, 32, 29, 21, 30, 20, 24], "hlc": [921719, 10]}
INFO:<Node 9>:{"send": false, "recv": true, "to": 9, "from": 1, "vc": [33, 34, 33, 21, 28, 31, 21, 30, 23, 34], "hlc": [921722, 3]}
INFO:<Node 0>:{"send": true, "recv": false, "from": 0, "to": 5, "vc": [35, 20, 29, 15, 20, 21, 14, 27, 14, 19], "hlc": [921720, 1]}
INFO:<Node 2>:{"send": true, "recv": false, "from": 2, "to": 7, "vc": [23, 27, 36, 17, 23, 20, 18, 25, 20, 24], "hlc": [921719, 9]}
INFO:<Node 3>:{"send": true, "recv": false, "from": 3, "to": 0, "vc": [34, 20, 29, 24, 23, 21, 14, 30, 14, 19], "hlc": [921720, 2]}
INFO:<Node 4>:{"send": true, "recv": false, "from": 4, "to": 5, "vc": [27, 27, 35, 22, 33, 29, 21, 30, 20, 24], "hlc": [921719, 11]}
INFO:<Node 6>:{"send": true, "recv": false, "from": 6, "to": 2, "vc": [31, 30, 32, 19, 25, 30, 30, 29, 20, 29], "hlc": [921721, 2]}
INFO:<Node 7>:{"send": true, "recv": false, "from": 7, "to": 2, "vc": [27, 24, 28, 15, 22, 28, 21, 33, 21, 28], "hlc": [921720, 5]}
INFO:<Node 0>:{"send": false, "recv": true, "to": 0, "from": 3, "vc": [36, 20, 29, 24, 23, 21, 14, 30, 14, 19], "hlc": [921721, 0]}
INFO:<Node 2>:{"send": false, "recv": true, "to": 2, "from": 6, "vc": [31, 30, 37, 19, 25, 30, 30, 29, 20, 29], "hlc": [921721, 3]}
INFO:<Node 2>:{"send": false, "recv": true, "to": 2, "from": 7, "vc": [31, 30, 38, 19, 25, 30, 30, 33, 21, 29], "hlc": [921721, 4]}
INFO:<Node 5>:{"send": false, "recv": true, "to": 5, "from": 0, "vc": [35, 32, 32, 19, 29, 35, 28, 28, 20, 25], "hlc": [921720, 4]}
INFO:<Node 5>:{"send": false, "recv": true, "to": 5, "from": 4, "vc": [35, 32, 35, 22, 33, 36, 28, 30, 20, 25], "hlc": [921720, 5]}
INFO:<Node 7>:{"send": false, "recv": true, "to": 7, "from": 2, "vc": [27, 27, 36, 17, 23, 28, 21, 34, 21, 28], "hlc": [921720, 6]}
INFO:<Node 0>:{"send": true, "recv": false, "from": 0, "to": 9, "vc": [37, 20, 29, 24, 23, 21, 14, 30, 14, 19], "hlc": [921721, 1]}
INFO:<Node 1>:{"send": true, "recv": false, "from": 1, "to": 5, "vc": [32, 35, 30, 19, 28, 29, 21, 28, 20, 24], "hlc": [921719, 11]}
INFO:<Node 2>:{"send": true, "recv": false, "from": 2, "to": 8, "vc": [31, 30, 39, 19, 25, 30, 30, 33, 21, 29], "hlc": [921721, 5]}
INFO:<Node 3>:{"send": true, "recv": false, "from": 3, "to": 4, "vc": [34, 20, 29, 25, 23, 21, 14, 30, 14, 19], "hlc": [921720, 3]}
INFO:<Node 4>:{"send": true, "recv": false, "from": 4, "to": 9, "vc": [27, 27, 35, 22, 34, 29, 21, 30, 20, 24], "hlc": [921719, 12]}
INFO:<Node 5>:{"send": true, "recv": false, "from": 5, "to": 6, "vc": [35, 32, 35, 22, 33, 37, 28, 30, 20, 25], "hlc": [921720, 6]}
INFO:<Node 6>:{"send": true, "recv": false, "from": 6, "to": 8, "vc": [31, 30, 32, 19, 25, 30, 31, 29, 20, 29], "hlc": [921722, 0]}
INFO:<Node 7>:{"send": true, "recv": false, "from": 7, "to": 6, "vc": [27, 27, 36, 17, 23, 28, 21, 35, 21, 28], "hlc": [921720, 7]}
INFO:<Node 4>:{"send": false, "recv": true, "to": 4, "from": 3, "vc": [34, 27, 35, 25, 35, 29, 21, 30, 20, 24], "hlc": [921720, 4]}
INFO:<Node 5>:{"send": false, "recv": true, "to": 5, "from": 1, "vc": [35, 35, 35, 22, 33, 38, 28, 30, 20, 25], "hlc": [921720, 7]}
INFO:<Node 6>:{"send": false, "recv": true, "to": 6, "from": 5, "vc": [35, 32, 35, 22, 33, 37, 32, 30, 20, 29], "hlc": [921722, 1]}
INFO:<Node 6>:{"send": false, "recv": true, "to": 6, "from": 7, "vc": [35, 32, 36, 22, 33, 37, 33, 35, 21, 29], "hlc": [921722, 2]}
INFO:<Node 8>:{"send": false, "recv": true, "to": 8, "from": 2, "vc": [31, 30, 39, 19, 25, 31, 30, 33, 24, 29], "hlc": [921723, 0]}
INFO:<Node 8>:{"send": false, "recv": true, "to": 8, "from": 6, "vc": [31, 30, 39, 19, 25, 31, 31, 33, 25, 29], "hlc": [921723, 1]}
INFO:<Node 9>:{"send": false, "recv": true, "to": 9, "from": 0, "vc": [37, 34, 33, 24, 28, 31, 21, 30, 23, 35], "hlc": [921723, 0]}
INFO:<Node 9>:{"send": false, "recv": true, "to": 9, "from": 4, "vc": [37, 34, 35, 24, 34, 31, 21, 30, 23, 36], "hlc": [921723, 1]}
INFO:<Node 0>:{"send": true, "recv": false, "from": 0, "to": 7, "vc": [38, 20, 29, 24, 23, 21, 14, 30, 14, 19], "hlc": [921721, 2]}
INFO:<Node 1>:{"send": true, "recv": false, "from": 1, "to": 6, "vc": [32, 36, 30, 19, 28, 29, 21, 28, 20, 24], "hlc": [921719, 12]}
INFO:<Node 5>:{"send": true, "recv": false, "from": 5, "to": 4, "vc": [35, 35, 35, 22, 33, 39, 28, 30, 20, 25], "hlc": [921720, 8]}
INFO:<Node 7>:{"send": true, "recv": false, "from": 7, "to": 2, "vc": [27, 27, 36, 17, 23, 28, 21, 36, 21, 28], "hlc": [921720, 8]}
INFO:<Node 9>:{"send": true, "recv": false, "from": 9, "to": 4, "vc": [37, 34, 35, 24, 34, 31, 21, 30, 23, 37], "hlc": [921723, 2]}
INFO:<Node 2>:{"send": false, "recv": true, "to": 2, "from": 7, "vc": [31, 30, 40, 19, 25, 30, 30, 36, 21, 29], "hlc": [921721, 6]}
INFO:<Node 4>:{"send": false, "recv": true, "to": 4, "from": 5, "vc": [35, 35, 35, 25, 36, 39, 28, 30, 20, 25], "hlc": [921720, 9]}
INFO:<Node 4>:{"send": false, "recv": true, "to": 4, "from": 9, "vc": [37, 35, 35, 25, 37, 39, 28, 30, 23, 37], "hlc": [921723, 3]}
INFO:<Node 6>:{"send": false, "recv": true, "to": 6, "from": 1, "vc": [35, 36, 36, 22, 33, 37, 34, 35, 21, 29], "hlc": [921723, 0]}
INFO:<Node 7>:{"send": false, "recv": true, "to": 7, "from": 0, "vc": [38, 27, 36, 24, 23, 28, 21, 37, 21, 28], "hlc": [921721, 3]}
INFO:<Node 1>:{"send": true, "recv": false, "from": 1, "to": 0, "vc": [32, 37, 30, 19, 28, 29, 21, 28, 20, 24], "hlc": [921719, 13]}
INFO:<Node 3>:{"send": true, "recv": false, "from": 3, "to": 5, "vc": [34, 20, 29, 26, 23, 21, 14, 30, 14, 19], "hlc": [921720, 4]}
INFO:<Node 5>:{"send": true, "recv": false, "from": 5, "to": 0, "vc": [35, 35, 35, 22, 33, 40, 28, 30, 20, 25], "hlc": [921720, 9]}
INFO:<Node 6>:{"send": true, "recv": false, "from": 6, "to": 7, "vc": [35, 36, 36, 22, 33, 37, 35, 35, 21, 29], "hlc": [921723, 1]}
INFO:<Node 7>:{"send": true, "recv": false, "from": 7, "to": 1, "vc": [38, 27, 36, 24, 23, 28, 21, 38, 21, 28], "hlc": [921721, 4]}
INFO:<Node 8>:{"send": true, "recv": false, "from": 8, "to": 4, "vc": [31, 30, 39, 19, 25, 31, 31, 33, 26, 29], "hlc": [921724, 0]}
INFO:<Node 9>:{"send": true, "recv": false, "from": 9, "to": 2, "vc": [37, 34, 35, 24, 34, 31, 21, 30, 23, 38], "hlc": [921724, 0]}
INFO:<Node 0>:{"send": false, "recv": true, "to": 0, "from": 1, "vc": [39, 37, 30, 24, 28, 29, 21, 30, 20, 24], "hlc": [921722, 0]}
INFO:<Node 0>:{"send": false, "recv": true, "to": 0, "from": 5, "vc": [40, 37, 35, 24, 33, 40, 28, 30, 20, 25], "hlc": [921722, 1]}
INFO:<Node 1>:{"send": false, "recv": true, "to": 1, "from": 7, "vc": [38, 38, 36, 24, 28, 29, 21, 38, 21, 28], "hlc": [921721, 5]}
INFO:<Node 2>:{"send": false, "recv": true, "to": 2, "from": 9, "vc": [37, 34, 41, 24, 34, 31, 30, 36, 23, 38], "hlc": [921724, 1]}
INFO:<Node 4>:{"send": false, "recv": true, "to": 4, "from": 8, "vc": [37, 35, 39, 25, 38, 39, 31, 33, 26, 37], "hlc": [921724, 1]}
INFO:<Node 5>:{"send": false, "recv": true, "to": 5, "from": 3, "vc": [35, 35, 35, 26, 33, 41, 28, 30, 20, 25], "hlc": [921720, 10]}
INFO:<Node 7>:{"send": false, "recv": true, "to": 7, "from": 6, "vc": [38, 36, 36, 24, 33, 37, 35, 39, 21, 29], "hlc": [921723, 2]}
INFO:<Node 0>:{"send": true, "recv": false, "from": 0, "to": 1, "vc": [41, 37, 35, 24, 33, 40, 28, 30, 20, 25], "hlc": [921722, 2]}
INFO:<Node 1>:{"send": true, "recv": false, "from": 1, "to": 5, "vc": [38, 39, 36, 24, 28, 29, 21, 38, 21, 28], "hlc": [921721, 6]}
INFO:<Node 2>:{"send": true, "recv": false, "from": 2, "to": 1, "vc": [37, 34, 42, 24, 34, 31, 30, 36, 23, 38], "hlc": [921724, 2]}
INFO:<Node 4>:{"send": true, "recv": false, "from": 4, "to": 3, "vc": [37, 35, 39, 25, 39, 39, 31, 33, 26, 37], "hlc": [921724, 2]}
INFO:<Node 7>:{"send": true, "recv": false, "from": 7, "to": 3, "vc": [38, 36, 36, 24, 33, 37, 35, 40, 21, 29], "hlc": [921723, 3]}
INFO:<Node 8>:{"send": true, "recv": false, "from": 8, "to": 1, "vc": [31, 30, 39, 19, 25, 31, 31, 33, 27, 29], "hlc": [921724, 1]}
INFO:<Node 1>:{"send": false, "recv": true, "to": 1, "from": 0, "vc": [41, 40, 36, 24, 33, 40, 28, 38, 21, 28], "hlc": [921722, 3]}
INFO:<Node 1>:{"send": false, "recv": true, "to": 1, "from": 2, "vc": [41, 41, 42, 24, 34, 40, 30, 38, 23, 38], "hlc": [921724, 3]}
INFO:<Node 1>:{"send": false, "recv": true, "to": 1, "from": 8, "vc": [41, 42, 42, 24, 34, 40, 31, 38, 27, 38], "hlc": [921724, 4]}
INFO:<Node 3>:{"send": false, "recv": true, "to": 3, "from": 4, "vc": [37, 35, 39, 27, 39, 39, 31, 33, 26, 37], "hlc": [921724, 3]}
INFO:<Node 3>:{"send": false, "recv": true, "to": 3, "from": 7, "vc": [38, 36, 39, 28, 39, 39, 35, 40, 26, 37], "hlc": [921724, 4]}
INFO:<Node 5>:{"send": false, "recv": true, "to": 5, "from": 1, "vc": [38, 39, 36, 26, 33, 42, 28, 38, 21, 28], "hlc": [921721, 7]}
INFO:<Node 1>:{"send": true, "recv": false, "from": 1, "to": 0, "vc": [41, 43, 42, 24, 34, 40, 31, 38, 27, 38], "hlc": [921724, 5]}
INFO:<Node 2>:{"send": true, "recv": false, "from": 2, "to": 4, "vc": [37, 34, 43, 24, 34, 31, 30, 36, 23, 38], "hlc": [921724, 3]}
INFO:<Node 3>:{"send": true, "recv": false, "from": 3, "to": 1, "vc": [38, 36, 39, 29, 39, 39, 35, 40, 26, 37], "hlc": [921724, 5]}
INFO:<Node 4>:{"send": true, "recv": false, "from": 4, "to": 8, "vc": [37, 35, 39, 25, 40, 39, 31, 33, 26, 37], "hlc": [921724, 3]}
INFO:<Node 6>:{"send": true, "recv": false, "from": 6, "to": 8, "vc": [35, 36, 36, 22, 33, 37, 36, 35, 21, 29], "hlc": [921724, 0]}
INFO:<Node 7>:{"send": true, "recv": false, "from": 7, "to": 6, "vc": [38, 36, 36, 24, 33, 37, 35, 41, 21, 29], "hlc": [921723, 4]}
INFO:<Node 8>:{"send": true, "recv": false, "from": 8, "to": 2, "vc": [31, 30, 39, 19, 25, 31, 31, 33, 28, 29], "hlc": [921725, 0]}
INFO:<Node 9>:{"send": true, "recv": false, "from": 9, "to": 5, "vc": [37, 34, 35, 24, 34, 31, 21, 30, 23, 39], "hlc": [921725, 0]}
INFO:<Node 0>:{"send": false, "recv": true, "to": 0, "from": 1, "vc": [42, 43, 42, 24, 34, 40, 31, 38, 27, 38], "hlc": [921724, 6]}
INFO:<Node 1>:{"send": false, "recv": true, "to": 1, "from": 3, "vc": [41, 44, 42, 29, 39, 40, 35, 40, 27, 38], "hlc": [921724, 6]}
INFO:<Node 2>:{"send": false, "recv": true, "to": 2, "from": 8, "vc": [37, 34, 44, 24, 34, 31, 31, 36, 28, 38], "hlc": [921725, 1]}
INFO:<Node 4>:{"send": false, "recv": true, "to": 4, "from": 2, "vc": [37, 35, 43, 25, 41, 39, 31, 36, 26, 38], "hlc": [921724, 4]}
INFO:<Node 5>:{"send": false, "recv": true, "to": 5, "from": 9, "vc": [38, 39, 36, 26, 34, 43, 28, 38, 23, 39], "hlc": [921725, 1]}
INFO:<Node 6>:{"send": false, "recv": true, "to": 6, "from": 7, "vc": [38, 36, 36, 24, 33, 37, 37, 41, 21, 29], "hlc": [921724, 1]}
INFO:<Node 8>:{"send": false, "recv": true, "to": 8, "from": 4, "vc": [37, 35, 39, 25, 40, 39, 31, 33, 29, 37], "hlc": [921725, 1]}
INFO:<Node 8>:{"send": false, "recv": true, "to": 8, "from": 6, "vc": [37, 36, 39, 25, 40, 39, 36, 35, 30, 37], "hlc": [921725, 2]}
INFO:<Node 1>:{"send": true, "recv": false, "from": 1, "to": 4, "vc": [41, 45, 42, 29, 39, 40, 35, 40, 27, 38], "hlc": [921724, 7]}
INFO:<Node 2>:{"send": true, "recv": false, "from": 2, "to": 3, "vc": [37, 34, 45, 24, 34, 31, 31, 36, 28, 38], "hlc": [921725, 2]}
INFO:<Node 6>:{"send": true, "recv": false, "from": 6, "to": 0, "vc": [38, 36, 36, 24, 33, 37, 38, 41, 21, 29], "hlc": [921724, 2]}
INFO:<Node 8>:{"send": true, "recv": false, "from": 8, "to": 6, "vc": [37, 36, 39, 25, 40, 39, 36, 35, 31, 37], "hlc": [921725, 3]}
INFO:<Node 0>:{"send": false, "recv": true, "to": 0, "from": 6, "vc": [43, 43, 42, 24, 34, 40, 38, 41, 27, 38], "hlc": [921724, 7]}
INFO:<Node 3>:{"send": false, "recv": true, "to": 3, "from": 2, "vc": [38, 36, 45, 30, 39, 39, 35, 40, 28, 38], "hlc": [921725, 3]}
INFO:<Node 4>:{"send": false, "recv": true, "to": 4, "from": 1, "vc": [41, 45, 43, 29, 42, 40, 35, 40, 27, 38], "hlc": [921724, 8]}
INFO:<Node 6>:{"send": false, "recv": true, "to": 6, "from": 8, "vc": [38, 36, 39, 25, 40, 39, 39, 41, 31, 37], "hlc": [921725, 4]}
INFO:<Node 0>:{"send": true, "recv": false, "from": 0, "to": 9, "vc": [44, 43, 42, 24, 34, 40, 38, 41, 27, 38], "hlc": [921724, 8]}
INFO:<Node 2>:{"send": true, "recv": false, "from": 2, "to": 9, "vc": [37, 34, 46, 24, 34, 31, 31, 36, 28, 38], "hlc": [921725, 3]}
INFO:<Node 3>:{"send": true, "recv": false, "from": 3, "to": 0, "vc": [38, 36, 45, 31, 39, 39, 35, 40, 28, 38], "hlc": [921725, 4]}
INFO:<Node 9>:{"send": true, "recv": false, "from": 9, "to": 0, "vc": [37, 34, 35, 24, 34, 31, 21, 30, 23, 40], "hlc": [921726, 0]}
INFO:<Node 0>:{"send": false, "recv": true, "to": 0, "from": 3, "vc": [45, 43, 45, 31, 39, 40, 38, 41, 28, 38], "hlc": [921725, 5]}
INFO:<Node 0>:{"send": false, "recv": true, "to": 0, "from": 9, "vc": [46, 43, 45, 31, 39, 40, 38, 41, 28, 40], "hlc": [921726, 1]}
INFO:<Node 9>:{"send": false, "recv": true, "to": 9, "from": 0, "vc": [44, 43, 42, 24, 34, 40, 38, 41, 27, 41], "hlc": [921726, 1]}
INFO:<Node 9>:{"send": false, "recv": true, "to": 9, "from": 2, "vc": [44, 43, 46, 24, 34, 40, 38, 41, 28, 42], "hlc": [921726, 2]}
INFO:<Node 0>:{"send": true, "recv": false, "from": 0, "to": 5, "vc": [47, 43, 45, 31, 39, 40, 38, 41, 28, 40], "hlc": [921726, 2]}
INFO:<Node 3>:{"send": true, "recv": false, "from": 3, "to": 5, "vc": [38, 36, 45, 32, 39, 39, 35, 40, 28, 38], "hlc": [921725, 5]}
INFO:<Node 4>:{"send": true, "recv": false, "from": 4, "to": 5, "vc": [41, 45, 43, 29, 43, 40, 35, 40, 27, 38], "hlc": [921724, 9]}
INFO:<Node 5>:{"send": true, "recv": false, "from": 5, "to": 9, "vc": [38, 39, 36, 26, 34, 44, 28, 38, 23, 39], "hlc": [921725, 2]}
INFO:<Node 7>:{"send": true, "recv": false, "from": 7, "to": 1, "vc": [38, 36, 36, 24, 33, 37, 35, 42, 21, 29], "hlc": [921723, 5]}
INFO:<Node 8>:{"send": true, "recv": false, "from": 8, "to": 9, "vc": [37, 36, 39, 25, 40, 39, 36, 35, 32, 37], "hlc": [921726, 0]}
INFO:<Node 9>:{"send": true, "recv": false, "from": 9, "to": 7, "vc": [44, 43, 46, 24, 34, 40, 38, 41, 28, 43], "hlc": [921726, 3]}
INFO:<Node 1>:{"send": false, "recv": true, "to": 1, "from": 7, "vc": [41, 46, 42, 29, 39, 40, 35, 42, 27, 38], "hlc": [921724, 8]}
INFO:<Node 5>:{"send": false, "recv": true, "to": 5, "from": 0, "vc": [47, 43, 45, 31, 39, 45, 38, 41, 28, 40], "hlc": [921726, 3]}
INFO:<Node 5>:{"send": false, "recv": true, "to": 5, "from": 3, "vc": [47, 43, 45, 32, 39, 46, 38, 41, 28, 40], "hlc": [921726, 4]}
INFO:<Node 5>:{"send": false, "recv": true, "to": 5, "from": 4, "vc": [47, 45, 45, 32, 43, 47, 38, 41, 28, 40], "hlc": [921726, 5]}
INFO:<Node 7>:{"send": false, "recv": true, "to": 7, "from": 9, "vc": [44, 43, 46, 24, 34, 40, 38, 43, 28, 43], "hlc": [921726, 4]}
INFO:<Node 9>:{"send": false, "recv": true, "to": 9, "from": 5, "vc": [44, 43, 46, 26, 34, 44, 38, 41, 28, 44], "hlc": [921727, 0]}
INFO:<Node 9>:{"send": false, "recv": true, "to": 9, "from": 8, "vc": [44, 43, 46, 26, 40, 44, 38, 41, 32, 45], "hlc": [921727, 1]}
INFO:<Node 0>:{"send": true, "recv": false, "from": 0, "to": 1, "vc": [48, 43, 45, 31, 39, 40, 38, 41, 28, 40], "hlc": [921726, 3]}
INFO:<Node 1>:{"send": true, "recv": false, "from": 1, "to": 7, "vc": [41, 47, 42, 29, 39, 40, 35, 42, 27, 38], "hlc": [921724, 9]}
INFO:<Node 2>:{"send": true, "recv": false, "from": 2, "to": 7, "vc": [37, 34, 47, 24, 34, 31, 31, 36, 28, 38], "hlc": [921725, 4]}
INFO:<Node 3>:{"send": true, "recv": false, "from": 3, "to": 7, "vc": [38, 36, 45, 33, 39, 39, 35, 40, 28, 38], "hlc": [921725, 6]}
INFO:<Node 4>:{"send": true, "recv": false, "from": 4, "to": 8, "vc": [41, 45, 43, 29, 44, 40, 35, 40, 27, 38], "hlc": [921724, 10]}
INFO:<Node 6>:{"send": true, "recv": false, "from": 6, "to": 0, "vc": [38, 36, 39, 25, 40, 39, 40, 41, 31, 37], "hlc": [921726, 0]}
INFO:<Node 7>:{"send": true, "recv": false, "from": 7, "to": 5, "vc": [44, 43, 46, 24, 34, 40, 38, 44, 28, 43], "hlc": [921726, 5]}
INFO:<Node 8>:{"send": true, "recv": false, "from": 8, "to": 4, "vc": [37, 36, 39, 25, 40, 39, 36, 35, 33, 37], "hlc": [921727, 0]}
INFO:<Node 0>:{"send": false, "recv": true, "to": 0, "from": 6, "vc": [49, 43, 45, 31, 40, 40, 40, 41, 31, 40], "hlc": [921726, 4]}
INFO:<Node 1>:{"send": false, "recv": true, "to": 1, "from": 0, "vc": [48, 48, 45, 31, 39, 40, 38, 42, 28, 40], "hlc": [921726, 4]}
INFO:<Node 4>:{"send": false, "recv": true, "to": 4, "from": 8, "vc": [41, 45, 43, 29, 45, 40, 36, 40, 33, 38], "hlc": [921727, 1]}
INFO:<Node 5>:{"send": false, "recv": true, "to": 5, "from": 7, "vc": [47, 45, 46, 32, 43, 48, 38, 44, 28, 43], "hlc": [921726, 6]}
INFO:<Node 7>:{"send": false, "recv": true, "to": 7, "from": 1, "vc": [44, 47, 46, 29, 39, 40, 38, 45, 28, 43], "hlc": [921726, 6]}
INFO:<Node 7>:{"send": false, "recv": true, "to": 7, "from": 2, "vc": [44, 47, 47, 29, 39, 40, 38, 46, 28, 43], "hlc": [921726, 7]}
INFO:<Node 7>:{"send": false, "recv": true, "to": 7, "from": 3, "vc": [44, 47, 47, 33, 39, 40, 38, 47, 28, 43], "hlc": [921726, 8]}
INFO:<Node 8>:{"send": false, "recv": true, "to": 8, "from": 4, "vc": [41, 45, 43, 29, 44, 40, 36, 40, 34, 38], "hlc": [921727, 1]}
INFO:<Node 0>:{"send": true, "recv": false, "from": 0, "to": 2, "vc": [50, 43, 45, 31, 40, 40, 40, 41, 31, 40], "hlc": [921726, 5]}
INFO:<Node 1>:{"send": true, "recv": false, "from": 1, "to": 2, "vc": [48, 49, 45, 31, 39, 40, 38, 42, 28, 40], "hlc": [921726, 5]}
INFO:<Node 2>:{"send": true, "recv": false, "from": 2, "to": 3, "vc": [37, 34, 48, 24, 34, 31, 31, 36, 28, 38], "hlc": [921725, 5]}
INFO:<Node 6>:{"send": true, "recv": false, "from": 6, "to": 8, "vc": [38, 36, 39, 25, 40, 39, 41, 41, 31, 37], "hlc": [921726, 1]}
INFO:<Node 7>:{"send": true, "recv": false, "from": 7, "to": 1, "vc": [44, 47, 47, 33, 39, 40, 38, 48, 28, 43], "hlc": [921726, 9]}
INFO:<Node 8>:{"send": true, "recv": false, "from": 8, "to": 3, "vc": [41, 45, 43, 29, 44, 40, 36, 40, 35, 38], "hlc": [921727, 2]}
INFO:<Node 9>:{"send": true, "recv": false, "from": 9, "to": 1, "vc": [44, 43, 46, 26, 40, 44, 38, 41, 32, 46], "hlc": [921727, 2]}
INFO:<Node 1>:{"send": false, "recv": true, "to": 1, "from": 7, "vc": [48, 50, 47, 33, 39, 40, 38, 48, 28, 43], "hlc": [921726, 10]}
INFO:<Node 1>:{"send": false, "recv": true, "to": 1, "from": 9, "vc": [48, 51, 47, 33, 40, 44, 38, 48, 32, 46], "hlc": [921727, 3]}
INFO:<Node 2>:{"send": false, "recv": true, "to": 2, "from": 0, "vc": [50, 43, 49, 31, 40, 40, 40, 41, 31, 40], "hlc": [921726, 6]}
INFO:<Node 2>:{"send": false, "recv": true, "to": 2, "from": 1, "vc": [50, 49, 50, 31, 40, 40, 40, 42, 31, 40], "hlc": [921726, 7]}
INFO:<Node 3>:{"send": false, "recv": true, "to": 3, "from": 2, "vc": [38, 36, 48, 34, 39, 39, 35, 40, 28, 38], "hlc": [921725, 7]}
INFO:<Node 3>:{"send": false, "recv": true, "to": 3, "from": 8, "vc": [41, 45, 48, 35, 44, 40, 36, 40, 35, 38], "hlc": [921727, 3]}
INFO:<Node 8>:{"send": false, "recv": true, "to": 8, "from": 6, "vc": [41, 45, 43, 29, 44, 40, 41, 41, 36, 38], "hlc": [921728, 0]}
INFO:<Node 2>:{"send": true, "recv": false, "from": 2, "to": 7, "vc": [50, 49, 51, 31, 40, 40, 40, 42, 31, 40], "hlc": [921726, 8]}
INFO:<Node 4>:{"send": true, "recv": false, "from": 4, "to": 1, "vc": [41, 45, 43, 29, 46, 40, 36, 40, 33, 38], "hlc": [921727, 2]}
INFO:<Node 5>:{"send": true, "recv": false, "from": 5, "to": 7, "vc": [47, 45, 46, 32, 43, 49, 38, 44, 28, 43], "hlc": [921726, 7]}
INFO:<Node 8>:{"send": true, "recv": false, "from": 8, "to": 0, "vc": [41, 45, 43, 29, 44, 40, 41, 41, 37, 38], "hlc": [921728, 1]}
INFO:<Node 9>:{"send": true, "recv": false, "from": 9, "to": 5, "vc": [44, 43, 46, 26, 40, 44, 38, 41, 32, 47], "hlc": [921728, 0]}
INFO:<Node 0>:{"send": false, "recv": true, "to": 0, "from": 8, "vc": [51, 45, 45, 31, 44, 40, 41, 41, 37, 40], "hlc": [921728, 2]}
INFO:<Node 1>:{"send": false, "recv": true, "to": 1, "from": 4, "vc": [48, 52, 47, 33, 46, 44, 38, 48, 33, 46], "hlc": [921727, 4]}
INFO:<Node 5>:{"send": false, "recv": true, "to": 5, "from": 9, "vc": [47, 45, 46, 32, 43, 50, 38, 44, 32, 47], "hlc": [921728, 1]}
INFO:<Node 7>:{"send": false, "recv": true, "to": 7, "from": 2, "vc": [50, 49, 51, 33, 40, 40, 40, 49, 31, 43], "hlc": [921726, 10]}
INFO:<Node 7>:{"send": false, "recv": true, "to": 7, "from": 5, "vc": [50, 49, 51, 33, 43, 49, 40, 50, 31, 43], "hlc": [921726, 11]}
INFO:<Node 0>:{"send": true, "recv": false, "from": 0, "to": 1, "vc": [52, 45, 45, 31, 44, 40, 41, 41, 37, 40], "hlc": [921728, 3]}
INFO:<Node 1>:{"send": true, "recv": false, "from": 1, "to": 4, "vc": [48, 53, 47, 33, 46, 44, 38, 48, 33, 46], "hlc": [921727, 5]}
INFO:<Node 2>:{"send": true, "recv": false, "from": 2, "to": 3, "vc": [50, 49, 52, 31, 40, 40, 40, 42, 31, 40], "hlc": [921726, 9]}
INFO:<Node 3>:{"send": true, "recv": false, "from": 3, "to": 2, "vc": [41, 45, 48, 36, 44, 40, 36, 40, 35, 38], "hlc": [921727, 4]}
INFO:<Node 4>:{"send": true, "recv": false, "from": 4, "to": 0, "vc": [41, 45, 43, 29, 47, 40, 36, 40, 33, 38], "hlc": [921727, 3]}
INFO:<Node 0>:{"send": false, "recv": true, "to": 0, "from": 4, "vc": [53, 45, 45, 31, 47, 40, 41, 41, 37, 40], "hlc": [921728, 4]}
INFO:<Node 1>:{"send": false, "recv": true, "to": 1, "from": 0, "vc": [52, 54, 47, 33, 46, 44, 41, 48, 37, 46], "hlc": [921728, 4]}
INFO:<Node 2>:{"send": false, "recv": true, "to": 2, "from": 3, "vc": [50, 49, 53, 36, 44, 40, 40, 42, 35, 40], "hlc": [921727, 5]}
INFO:<Node 3>:{"send": false, "recv": true, "to": 3, "from": 2, "vc": [50, 49, 52, 37, 44, 40, 40, 42, 35, 40], "hlc": [921727, 5]}
INFO:<Node 4>:{"send": false, "recv": true, "to": 4, "from": 1, "vc": [48, 53, 47, 33, 48, 44, 38, 48, 33, 46], "hlc": [921727, 6]}
INFO:<Node 0>:{"send": true, "recv": false, "from": 0, "to": 9, "vc": [54, 45, 45, 31, 47, 40, 41, 41, 37, 40], "hlc": [921728, 5]}
INFO:<Node 1>:{"send": true, "recv": false, "from": 1, "to": 8, "vc": [52, 55, 47, 33, 46, 44, 41, 48, 37, 46], "hlc": [921728, 5]}
INFO:<Node 4>:{"send": true, "recv": false, "from": 4, "to": 5, "vc": [48, 53, 47, 33, 49, 44, 38, 48, 33, 46], "hlc": [921727, 7]}
INFO:<Node 5>:{"send": true, "recv": false, "from": 5, "to": 2, "vc": [47, 45, 46, 32, 43, 51, 38, 44, 32, 47], "hlc": [921728, 2]}
INFO:<Node 7>:{"send": true, "recv": false, "from": 7, "to": 0, "vc": [50, 49, 51, 33, 43, 49, 40, 51, 31, 43], "hlc": [921726, 12]}
INFO:<Node 0>:{"send": false, "recv": true, "to": 0, "from": 7, "vc": [55, 49, 51, 33, 47, 49, 41, 51, 37, 43], "hlc": [921728, 6]}
INFO:<Node 2>:{"send": false, "recv": true, "to": 2, "from": 5, "vc": [50, 49, 54, 36, 44, 51, 40, 44, 35, 47], "hlc": [921728, 3]}
INFO:<Node 5>:{"send": false, "recv": true, "to": 5, "from": 4, "vc": [48, 53, 47, 33, 49, 52, 38, 48, 33, 47], "hlc": [921728, 3]}
INFO:<Node 8>:{"send": false, "recv": true, "to": 8, "from": 1, "vc": [52, 55, 47, 33, 46, 44, 41, 48, 38, 46], "hlc": [921729, 0]}
INFO:<Node 9>:{"send": false, "recv": true, "to": 9, "from": 0, "vc": [54, 45, 46, 31, 47, 44, 41, 41, 37, 48], "hlc": [921729, 0]}
INFO:<Node 0>:{"send": true, "recv": false, "from": 0, "to": 2, "vc": [56, 49, 51, 33, 47, 49, 41, 51, 37, 43], "hlc": [921728, 7]}
INFO:<Node 1>:{"send": true, "recv": false, "from": 1, "to": 9, "vc": [52, 56, 47, 33, 46, 44, 41, 48, 37, 46], "hlc": [921728, 6]}
INFO:<Node 2>:{"send": true, "recv": false, "from": 2, "to": 9, "vc": [50, 49, 55, 36, 44, 51, 40, 44, 35, 47], "hlc": [921728, 4]}
INFO:<Node 6>:{"send": true, "recv": false, "from": 6, "to": 8, "vc": [38, 36, 39, 25, 40, 39, 42, 41, 31, 37], "hlc": [921729, 0]}
INFO:<Node 7>:{"send": true, "recv": false, "from": 7, "to": 6, "vc": [50, 49, 51, 33, 43, 49, 40, 52, 31, 43], "hlc": [921726, 13]}
INFO:<Node 8>:{"send": true, "recv": false, "from": 8, "to": 9, "vc": [52, 55, 47, 33, 46, 44, 41, 48, 39, 46], "hlc": [921730, 0]}
INFO:<Node 9>:{"send": true, "recv": false, "from": 9, "to": 1, "vc": [54, 45, 46, 31, 47, 44, 41, 41, 37, 49], "hlc": [921730, 0]}
INFO:<Node 1>:{"send": false, "recv": true, "to": 1, "from": 9, "vc": [54, 57, 47, 33, 47, 44, 41, 48, 37, 49], "hlc": [921730, 1]}
INFO:<Node 2>:{"send": false, "recv": true, "to": 2, "from": 0, "vc": [56, 49, 56, 36, 47, 51, 41, 51, 37, 47], "hlc": [921728, 8]}
INFO:<Node 6>:{"send": false, "recv": true, "to": 6, "from": 7, "vc": [50, 49, 51, 33, 43, 49, 43, 52, 31, 43], "hlc": [921729, 1]}
INFO:<Node 8>:{"send": false, "recv": true, "to": 8, "from": 6, "vc": [52, 55, 47, 33, 46, 44, 42, 48, 40, 46], "hlc": [921730, 1]}
INFO:<Node 9>:{"send": false, "recv": true, "to": 9, "from": 1, "vc": [54, 56, 47, 33, 47, 44, 41, 48, 37, 50], "hlc": [921730, 1]}
INFO:<Node 9>:{"send": false, "recv": true, "to": 9, "from": 2, "vc": [54, 56, 55, 36, 47, 51, 41, 48, 37, 51], "hlc": [921730, 2]}
INFO:<Node 9>:{"send": false, "recv": true, "to": 9, "from": 8, "vc": [54, 56, 55, 36, 47, 51, 41, 48, 39, 52], "hlc": [921730, 3]}
INFO:<Node 0>:{"send": true, "recv": false, "from": 0, "to": 3, "vc": [57, 49, 51, 33, 47, 49, 41, 51, 37, 43], "hlc": [921728, 8]}
INFO:<Node 2>:{"send": true, "recv": false, "from": 2, "to": 5, "vc": [56, 49, 57, 36, 47, 51, 41, 51, 37, 47], "hlc": [921728, 9]}
INFO:<Node 3>:{"send": true, "recv": false, "from": 3, "to": 6, "vc": [50, 49, 52, 38, 44, 40, 40, 42, 35, 40], "hlc": [921727, 6]}
INFO:<Node 4>:{"send": true, "recv": false, "from": 4, "to": 0, "vc": [48, 53, 47, 33, 50, 44, 38, 48, 33, 46], "hlc": [921727, 8]}
INFO:<Node 5>:{"send": true, "recv": false, "from": 5, "to": 3, "vc": [48, 53, 47, 33, 49, 53, 38, 48, 33, 47], "hlc": [921728, 4]}
INFO:<Node 6>:{"send": true, "recv": false, "from": 6, "to": 4, "vc": [50, 49, 51, 33, 43, 49, 44, 52, 31, 43], "hlc": [921729, 2]}
INFO:<Node 8>:{"send": true, "recv": false, "from": 8, "to": 6, "vc": [52, 55, 47, 33, 46, 44, 42, 48, 41, 46], "hlc": [921730, 2]}
INFO:<Node 0>:{"send": false, "recv": true, "to": 0, "from": 4, "vc": [58, 53, 51, 33, 50, 49, 41, 51, 37, 46], "hlc": [921729, 0]}
INFO:<Node 3>:{"send": false, "recv": true, "to": 3, "from": 0, "vc": [57, 49, 52, 39, 47, 49, 41, 51, 37, 43], "hlc": [921728, 9]}
INFO:<Node 3>:{"send": false, "recv": true, "to": 3, "from": 5, "vc": [57, 53, 52, 40, 49, 53, 41, 51, 37, 47], "hlc": [921728, 10]}
INFO:<Node 4>:{"send": false, "recv": true, "to": 4, "from": 6, "vc": [50, 53, 51, 33, 51, 49, 44, 52, 33, 46], "hlc": [921729, 3]}
INFO:<Node 5>:{"send": false, "recv": true, "to": 5, "from": 2, "vc": [56, 53, 57, 36, 49, 54, 41, 51, 37, 47], "hlc": [921728, 10]}
INFO:<Node 6>:{"send": false, "recv": true, "to": 6, "from": 3, "vc": [50, 49, 52, 38, 44, 49, 45, 52, 35, 43], "hlc": [921730, 0]}
INFO:<Node 6>:{"send": false, "recv": true, "to": 6, "from": 8, "vc": [52, 55, 52, 38, 46, 49, 46, 52, 41, 46], "hlc": [921730, 3]}
INFO:<Node 0>:{"send": true, "recv": false, "from": 0, "to": 2, "vc": [59, 53, 51, 33, 50, 49, 41, 51, 37, 46], "hlc": [921729, 1]}
INFO:<Node 3>:{"send": true, "recv": false, "from": 3, "to": 8, "vc": [57, 53, 52, 41, 49, 53, 41, 51, 37, 47], "hlc": [921728, 11]}
INFO:<Node 4>:{"send": true, "recv": false, "from": 4, "to": 0, "vc": [50, 53, 51, 33, 52, 49, 44, 52, 33, 46], "hlc": [921729, 4]}
INFO:<Node 7>:{"send": true, "recv": false, "from": 7, "to": 0, "vc": [50, 49, 51, 33, 43, 49, 40, 53, 31, 43], "hlc": [921726, 14]}
INFO:<Node 8>:{"send": true, "recv": false, "from": 8, "to": 0, "vc": [52, 55, 47, 33, 46, 44, 42, 48, 42, 46], "hlc": [921731, 0]}
INFO:<Node 0>:{"send": false, "recv": true, "to": 0, "from": 4, "vc": [60, 53, 51, 33, 52, 49, 44, 52, 37, 46], "hlc": [921729, 5]}
INFO:<Node 0>:{"send": false, "recv": true, "to": 0, "from": 7, "vc": [61, 53, 51, 33, 52, 49, 44, 53, 37, 46], "hlc": [921729, 6]}
INFO:<Node 0>:{"send": false, "recv": true, "to": 0, "from": 8, "vc": [62, 55, 51, 33, 52, 49, 44, 53, 42, 46], "hlc": [921731, 1]}
INFO:<Node 2>:{"send": false, "recv": true, "to": 2, "from": 0, "vc": [59, 53, 58, 36, 50, 51, 41, 51, 37, 47], "hlc": [921729, 2]}
INFO:<Node 8>:{"send": false, "recv": true, "to": 8, "from": 3, "vc": [57, 55, 52, 41, 49, 53, 42, 51, 43, 47], "hlc": [921731, 1]}
INFO:<Node 0>:{"send": true, "recv": false, "from": 0, "to": 9, "vc": [63, 55, 51, 33, 52, 49, 44, 53, 42, 46], "hlc": [921731, 2]}
INFO:<Node 1>:{"send": true, "recv": false, "from": 1, "to": 4, "vc": [54, 58, 47, 33, 47, 44, 41, 48, 37, 49], "hlc": [921730, 2]}
INFO:<Node 4>:{"send": true, "recv": false, "from": 4, "to": 0, "vc": [50, 53, 51, 33, 53, 49, 44, 52, 33, 46], "hlc": [921729, 5]}
INFO:<Node 5>:{"send": true, "recv": false, "from": 5, "to": 3, "vc": [56, 53, 57, 36, 49, 55, 41, 51, 37, 47], "hlc": [921728, 11]}
INFO:<Node 7>:{"send": true, "recv": false, "from": 7, "to": 1, "vc": [50, 49, 51, 33, 43, 49, 40, 54, 31, 43], "hlc": [921726, 15]}
INFO:<Node 8>:{"send": true, "recv": false, "from": 8, "to": 5, "vc": [57, 55, 52, 41, 49, 53, 42, 51, 44, 47], "hlc": [921731, 2]}
INFO:<Node 0>:{"send": false, "recv": true, "to": 0, "from": 4, "vc": [64, 55, 51, 33, 53, 49, 44, 53, 42, 46], "hlc": [921731, 3]}
INFO:<Node 1>:{"send": false, "recv": true, "to": 1, "from": 7, "vc": [54, 59, 51, 33, 47, 49, 41, 54, 37, 49], "hlc": [921730, 3]}
INFO:<Node 3>:{"send": false, "recv": true, "to": 3, "from": 5, "vc": [57, 53, 57, 42, 49, 55, 41, 51, 37, 47], "hlc": [921728, 12]}
INFO:<Node 4>:{"send": false, "recv": true, "to": 4, "from": 1, "vc": [54, 58, 51, 33, 54, 49, 44, 52, 37, 49], "hlc": [921730, 3]}
INFO:<Node 5>:{"send": false, "recv": true, "to": 5, "from": 8, "vc": [57, 55, 57, 41, 49, 56, 42, 51, 44, 47], "hlc": [921731, 3]}
INFO:<Node 9>:{"send": false, "recv": true, "to": 9, "from": 0, "vc": [63, 56, 55, 36, 52, 51, 44, 53, 42, 53], "hlc": [921732, 0]}
INFO:<Node 0>:{"send": true, "recv": false, "from": 0, "to": 5, "vc": [65, 55, 51, 33, 53, 49, 44, 53, 42, 46], "hlc": [921731, 4]}
INFO:<Node 3>:{"send": true, "recv": false, "from": 3, "to": 2, "vc": [57, 53, 57, 43, 49, 55, 41, 51, 37, 47], "hlc": [921728, 13]}
INFO:<Node 6>:{"send": true, "recv": false, "from": 6, "to": 4, "vc": [52, 55, 52, 38, 46, 49, 47, 52, 41, 46], "hlc": [921731, 0]}
INFO:<Node 7>:{"send": true, "recv": false, "from": 7, "to": 5, "vc": [50, 49, 51, 33, 43, 49, 40, 55, 31, 43], "hlc": [921726, 16]}
INFO:<Node 8>:{"send": true, "recv": false, "from": 8, "to": 0, "vc": [57, 55, 52, 41, 49, 53, 42, 51, 45, 47], "hlc": [921732, 0]}
INFO:<Node 9>:{"send": true, "recv": false, "from": 9, "to": 3, "vc": [63, 56, 55, 36, 52, 51, 44, 53, 42, 54], "hlc": [921732, 1]}
INFO:<Node 0>:{"send": false, "recv": true, "to": 0, "from": 8, "vc": [66, 55, 52, 41, 53, 53, 44, 53, 45, 47], "hlc": [921732, 1]}
INFO:<Node 2>:{"send": false, "recv": true, "to": 2, "from": 3, "vc": [59, 53, 59, 43, 50, 55, 41, 51, 37, 47], "hlc": [921729, 3]}
INFO:<Node 3>:{"send": false, "recv": true, "to": 3, "from": 9, "vc": [63, 56, 57, 44, 52, 55, 44, 53, 42, 54], "hlc": [921732, 2]}
INFO:<Node 4>:{"send": false, "recv": true, "to": 4, "from": 6, "vc": [54, 58, 52, 38, 55, 49, 47, 52, 41, 49], "hlc": [921731, 1]}
INFO:<Node 5>:{"send": false, "recv": true, "to": 5, "from": 0, "vc": [65, 55, 57, 41, 53, 57, 44, 53, 44, 47], "hlc": [921731, 5]}
INFO:<Node 5>:{"send": false, "recv": true, "to": 5, "from": 7, "vc": [65, 55, 57, 41, 53, 58, 44, 55, 44, 47], "hlc": [921731, 6]}
INFO:<Node 1>:{"send": true, "recv": false, "from": 1, "to": 3, "vc": [54, 60, 51, 33, 47, 49, 41, 54, 37, 49], "hlc": [921730, 4]}
INFO:<Node 2>:{"send": true, "recv": false, "from": 2, "to": 9, "vc": [59, 53, 60, 43, 50, 55, 41, 51, 37, 47], "hlc": [921729, 4]}
INFO:<Node 4>:{"send": true, "recv": false, "from": 4, "to": 5, "vc": [54, 58, 52, 38, 56, 49, 47, 52, 41, 49], "hlc": [921731, 2]}
INFO:<Node 5>:{"send": true, "recv": false, "from": 5, "to": 9, "vc": [65, 55, 57, 41, 53, 59, 44, 55, 44, 47], "hlc": [921731, 7]}
INFO:<Node 7>:{"send": true, "recv": false, "from": 7, "to": 1, "vc": [50, 49, 51, 33, 43, 49, 40, 56, 31, 43], "hlc": [921726, 17]}
INFO:<Node 8>:{"send": true, "recv": false, "from": 8, "to": 6, "vc": [57, 55, 52, 41, 49, 53, 42, 51, 46, 47], "hlc": [921732, 1]}
INFO:<Node 1>:{"send": false, "recv": true, "to": 1, "from": 7, "vc": [54, 61, 51, 33, 47, 49, 41, 56, 37, 49], "hlc": [921730, 5]}
INFO:<Node 3>:{"send": false, "recv": true, "to": 3, "from": 1, "vc": [63, 60, 57, 45, 52, 55, 44, 54, 42, 54], "hlc": [921732, 3]}
INFO:<Node 5>:{"send": false, "recv": true, "to": 5, "from": 4, "vc": [65, 58, 57, 41, 56, 60, 47, 55, 44, 49], "hlc": [921731, 8]}
INFO:<Node 6>:{"send": false, "recv": true, "to": 6, "from": 8, "vc": [57, 55, 52, 41, 49, 53, 48, 52, 46, 47], "hlc": [921732, 2]}
INFO:<Node 9>:{"send": false, "recv": true, "to": 9, "from": 2, "vc": [63, 56, 60, 43, 52, 55, 44, 53, 42, 55], "hlc": [921733, 0]}
INFO:<Node 9>:{"send": false, "recv": true, "to": 9, "from": 5, "vc": [65, 56, 60, 43, 53, 59, 44, 55, 44, 56], "hlc": [921733, 1]}
INFO:<Node 1>:{"send": true, "recv": false, "from": 1, "to": 9, "vc": [54, 62, 51, 33, 47, 49, 41, 56, 37, 49], "hlc": [921730, 6]}
INFO:<Node 2>:{"send": true, "recv": false, "from": 2, "to": 7, "vc": [59, 53, 61, 43, 50, 55, 41, 51, 37, 47], "hlc": [921729, 5]}
INFO:<Node 3>:{"send": true, "recv": false, "from": 3, "to": 4, "vc": [63, 60, 57, 46, 52, 55, 44, 54, 42, 54], "hlc": [921732, 4]}
INFO:<Node 5>:{"send": true, "recv": false, "from": 5, "to": 8, "vc": [65, 58, 57, 41, 56, 61, 47, 55, 44, 49], "hlc": [921731, 9]}
INFO:<Node 8>:{"send": true, "recv": false, "from": 8, "to": 6, "vc": [57, 55, 52, 41, 49, 53, 42, 51, 47, 47], "hlc": [921733, 0]}
INFO:<Node 9>:{"send": true, "recv": false, "from": 9, "to": 4, "vc": [65, 56, 60, 43, 53, 59, 44, 55, 44, 57], "hlc": [921733, 2]}
INFO:<Node 4>:{"send": false, "recv": true, "to": 4, "from": 3, "vc": [63, 60, 57, 46, 57, 55, 47, 54, 42, 54], "hlc": [921732, 5]}
INFO:<Node 4>:{"send": false, "recv": true, "to": 4, "from": 9, "vc": [65, 60, 60, 46, 58, 59, 47, 55, 44, 57], "hlc": [921733, 3]}
INFO:<Node 6>:{"send": false, "recv": true, "to": 6, "from": 8, "vc": [57, 55, 52, 41, 49, 53, 49, 52, 47, 47], "hlc": [921733, 1]}
INFO:<Node 7>:{"send": false, "recv": true, "to": 7, "from": 2, "vc": [59, 53, 61, 43, 50, 55, 41, 57, 37, 47], "hlc": [921729, 6]}
INFO:<Node 8>:{"send": false, "recv": true, "to": 8, "from": 5, "vc": [65, 58, 57, 41, 56, 61, 47, 55, 48, 49], "hlc": [921733, 1]}
INFO:<Node 9>:{"send": false, "recv": true, "to": 9, "from": 1, "vc": [65, 62, 60, 43, 53, 59, 44, 56, 44, 58], "hlc": [921733, 3]}
INFO:<Node 0>:{"send": true, "recv": false, "from": 0, "to": 5, "vc": [67, 55, 52, 41, 53, 53, 44, 53, 45, 47], "hlc": [921732, 2]}
INFO:<Node 1>:{"send": true, "recv": false, "from": 1, "to": 7, "vc": [54, 63, 51, 33, 47, 49, 41, 56, 37, 49], "hlc": [921730, 7]}
INFO:<Node 2>:{"send": true, "recv": false, "from": 2, "to": 4, "vc": [59, 53, 62, 43, 50, 55, 41, 51, 37, 47], "hlc": [921729, 6]}
INFO:<Node 4>:{"send": true, "recv": false, "from": 4, "to": 7, "vc": [65, 60, 60, 46, 59, 59, 47, 55, 44, 57], "hlc": [921733, 4]}
INFO:<Node 5>:{"send": true, "recv": false, "from": 5, "to": 3, "vc": [65, 58, 57, 41, 56, 62, 47, 55, 44, 49], "hlc": [921731, 10]}
INFO:<Node 6>:{"send": true, "recv": false, "from": 6, "to": 0, "vc": [57, 55, 52, 41, 49, 53, 50, 52, 47, 47], "hlc": [921733, 2]}
INFO:<Node 7>:{"send": true, "recv": false, "from": 7, "to": 2, "vc": [59, 53, 61, 43, 50, 55, 41, 58, 37, 47], "hlc": [921729, 7]}
INFO:<Node 9>:{"send": true, "recv": false, "from": 9, "to": 1, "vc": [65, 62, 60, 43, 53, 59, 44, 56, 44, 59], "hlc": [921733, 4]}
INFO:<Node 0>:{"send": false, "recv": true, "to": 0, "from": 6, "vc": [68, 55, 52, 41, 53, 53, 50, 53, 47, 47], "hlc": [921733, 3]}
INFO:<Node 1>:{"send": false, "recv": true, "to": 1, "from": 9, "vc": [65, 64, 60, 43, 53, 59, 44, 56, 44, 59], "hlc": [921733, 5]}
INFO:<Node 2>:{"send": false, "recv": true, "to": 2, "from": 7, "vc": [59, 53, 63, 43, 50, 55, 41, 58, 37, 47], "hlc": [921729, 8]}
INFO:<Node 3>:{"send": false, "recv": true, "to": 3, "from": 5, "vc": [65, 60, 57, 47, 56, 62, 47, 55, 44, 54], "hlc": [921732, 5]}
INFO:<Node 4>:{"send": false, "recv": true, "to": 4, "from": 2, "vc": [65, 60, 62, 46, 60, 59, 47, 55, 44, 57], "hlc": [921733, 5]}
INFO:<Node 5>:{"send": false, "recv": true, "to": 5, "from": 0, "vc": [67, 58, 57, 41, 56, 63, 47, 55, 45, 49], "hlc": [921732, 3]}
INFO:<Node 7>:{"send": false, "recv": true, "to": 7, "from": 1, "vc": [59, 63, 61, 43, 50, 55, 41, 59, 37, 49], "hlc": [921730, 8]}
INFO:<Node 7>:{"send": false, "recv": true, "to": 7, "from": 4, "vc": [65, 63, 61, 46, 59, 59, 47, 60, 44, 57], "hlc": [921733, 5]}
INFO:<Node 2>:{"send": true, "recv": false, "from": 2, "to": 3, "vc": [59, 53, 64, 43, 50, 55, 41, 58, 37, 47], "hlc": [921729, 9]}
INFO:<Node 3>:{"send": true, "recv": false, "from": 3, "to": 4, "vc": [65, 60, 57, 48, 56, 62, 47, 55, 44, 54], "hlc": [921732, 6]}
INFO:<Node 5>:{"send": true, "recv": false, "from": 5, "to": 2, "vc": [67, 58, 57, 41, 56, 64, 47, 55, 45, 49], "hlc": [921732, 4]}
INFO:<Node 8>:{"send": true, "recv": false, "from": 8, "to": 7, "vc": [65, 58, 57, 41, 56, 61, 47, 55, 49, 49], "hlc": [921734, 0]}
INFO:<Node 9>:{"send": true, "recv": false, "from": 9, "to": 3, "vc": [65, 62, 60, 43, 53, 59, 44, 56, 44, 60], "hlc": [921734, 0]}
INFO:<Node 2>:{"send": false, "recv": true, "to": 2, "from": 5, "vc": [67, 58, 65, 43, 56, 64, 47, 58, 45, 49], "hlc": [921732, 5]}
INFO:<Node 3>:{"send": false, "recv": true, "to": 3, "from": 2, "vc": [65, 60, 64, 49, 56, 62, 47, 58, 44, 54], "hlc": [921732, 7]}
INFO:<Node 3>:{"send": false, "recv": true, "to": 3, "from": 9, "vc": [65, 62, 64, 50, 56, 62, 47, 58, 44, 60], "hlc": [921734, 1]}
INFO:<Node 4>:{"send": false, "recv": true, "to": 4, "from": 3, "vc": [65, 60, 62, 48, 61, 62, 47, 55, 44, 57], "hlc": [921733, 6]}
INFO:<Node 7>:{"send": false, "recv": true, "to": 7, "from": 8, "vc": [65, 63, 61, 46, 59, 61, 47, 61, 49, 57], "hlc": [921734, 1]}
