INFO:root:Random workload: num sockets: 10, num iterations: 50, base address: 40800, chance of send: 3 in 5, round delay (s): 0.5, max clock drift (s): 7.5, actual clock drifts: [-3.9512723402734222, -4.148937916848881, -0.9329400316327217, -4.297257875238561, 1.0199080657976616, -1.292235710970556, 2.033855390776285, -4.105479859037723, 0.6778040998091814, 7.056106039397859]
INFO:<Node 1>:{"send": true, "recv": false, "from": 1, "to": 6, "vc": [0, 1, 0, 0, 0, 0, 0, 0, 0, 0], "hlc": [921702, 1]}
INFO:<Node 2>:{"send": true, "recv": false, "from": 2, "to": 1, "vc": [0, 0, 1, 0, 0, 0, 0, 0, 0, 0], "hlc": [921702, 1]}
INFO:<Node 4>:{"send": true, "recv": false, "from": 4, "to": 2, "vc": [0, 0, 0, 0, 1, 0, 0, 0, 0, 0], "hlc": [921703, 0]}
INFO:<Node 5>:{"send": true, "recv": false, "from": 5, "to": 9, "vc": [0, 0, 0, 0, 0, 1, 0, 0, 0, 0], "hlc": [921702, 1]}
INFO:<Node 6>:{"send": true, "recv": false, "from": 6, "to": 7, "vc": [0, 0, 0, 0, 0, 0, 1, 0, 0, 0], "hlc": [921704, 0]}
INFO:<Node 7>:{"send": true, "recv": false, "from": 7, "to": 2, "vc": [0, 0, 0, 0, 0, 0, 0, 1, 0, 0], "hlc": [921702, 1]}
INFO:<Node 9>:{"send": true, "recv": false, "from": 9, "to": 1, "vc": [0, 0, 0, 0, 0, 0, 0, 0, 0, 1], "hlc": [921709, 0]}
INFO:<Node 1>:{"send": false, "recv": true, "to": 1, "from": 2, "vc": [0, 2, 1, 0, 0, 0, 0, 0, 0, 0], "hlc": [921702, 2]}
INFO:<Node 1>:{"send": false, "recv": true, "to": 1, "from": 9, "vc": [0, 3, 1, 0, 0, 0, 0, 0, 0, 1], "hlc": [921709, 1]}
INFO:<Node 2>:{"send": false, "recv": true, "to": 2, "from": 4, "vc": [0, 0, 2, 0, 1, 0, 0, 0, 0, 0], "hlc": [921703, 1]}
INFO:<Node 2>:{"send": false, "recv": true, "to": 2, "from": 7, "vc": [0, 0, 3, 0, 1, 0, 0, 1, 0, 0], "hlc": [921703, 2]}
INFO:<Node 6>:{"send": false, "recv": true, "to": 6, "from": 1, "vc": [0, 1, 0, 0, 0, 0, 2, 0, 0, 0], "hlc": [921705, 0]}
INFO:<Node 7>:{"send": false, "recv": true, "to": 7, "from": 6, "vc": [0, 0, 0, 0, 0, 0, 1, 2, 0, 0], "hlc": [921704, 1]}
INFO:<Node 9>:{"send": false, "recv": true, "to": 9, "from": 5, "vc": [0, 0, 0, 0, 0, 1, 0, 0, 0, 2], "hlc": [921710, 0]}
INFO:<Node 0>:{"send": true, "recv": false, "from": 0, "to": 8, "vc": [1, 0, 0, 0, 0, 0, 0, 0, 0, 0], "hlc": [921702, 1]}
INFO:<Node 1>:{"send": true, "recv": false, "from": 1, "to": 4, "vc": [0, 4, 1, 0, 0, 0, 0, 0, 0, 1], "hlc": [921709, 2]}
INFO:<Node 2>:{"send": true, "recv": false, "from": 2, "to": 4, "vc": [0, 0, 4, 0, 1, 0, 0, 1, 0, 0], "hlc": [921703, 3]}
INFO:<Node 3>:{"send": true, "recv": false, "from": 3, "to": 8, "vc": [0, 0, 0, 1, 0, 0, 0, 0, 0, 0], "hlc": [921702, 1]}
INFO:<Node 5>:{"send": true, "recv": false, "from": 5, "to": 3, "vc": [0, 0, 0, 0, 0, 2, 0, 0, 0, 0], "hlc": [921702, 2]}
INFO:<Node 6>:{"send": true, "recv": false, "from": 6, "to": 8, "vc": [0, 1, 0, 0, 0, 0, 3, 0, 0, 0], "hlc": [921705, 1]}
INFO:<Node 8>:{"send": true, "recv": false, "from": 8, "to": 2, "vc": [0, 0, 0, 0, 0, 0, 0, 0, 1, 0], "hlc": [921703, 0]}
INFO:<Node 2>:{"send": false, "recv": true, "to": 2, "from": 8, "vc": [0, 0, 5, 0, 1, 0, 0, 1, 1, 0], "hlc": [921703, 4]}
INFO:<Node 3>:{"send": false, "recv": true, "to": 3, "from": 5, "vc": [0, 0, 0, 2, 0, 2, 0, 0, 0, 0], "hlc": [921702, 3]}
INFO:<Node 4>:{"send": false, "recv": true, "to": 4, "from": 1, "vc": [0, 4, 1, 0, 2, 0, 0, 0, 0, 1], "hlc": [921709, 3]}
INFO:<Node 4>:{"send": false, "recv": true, "to": 4, "from": 2, "vc": [0, 4, 4, 0, 3, 0, 0, 1, 0, 1], "hlc": [921709, 4]}
INFO:<Node 8>:{"send": false, "recv": true, "to": 8, "from": 0, "vc": [1, 0, 0, 0, 0, 0, 0, 0, 2, 0], "hlc": [921704, 0]}
INFO:<Node 8>:{"send": false, "recv": true, "to": 8, "from": 3, "vc": [1, 0, 0, 1, 0, 0, 0, 0, 3, 0], "hlc": [921704, 1]}
INFO:<Node 8>:{"send": false, "recv": true, "to": 8, "from": 6, "vc": [1, 1, 0, 1, 0, 0, 3, 0, 4, 0], "hlc": [921705, 2]}
INFO:<Node 1>:{"send": true, "recv": false, "from": 1, "to": 5, "vc": [0, 5, 1, 0, 0, 0, 0, 0, 0, 1], "hlc": [921709, 3]}
INFO:<Node 4>:{"send": true, "recv": false, "from": 4, "to": 9, "vc": [0, 4, 4, 0, 4, 0, 0, 1, 0, 1], "hlc": [921709, 5]}
INFO:<Node 5>:{"send": true, "recv": false, "from": 5, "to": 8, "vc": [0, 0, 0, 0, 0, 3, 0, 0, 0, 0], "hlc": [921702, 3]}
INFO:<Node 7>:{"send": true, "recv": false, "from": 7, "to": 5, "vc": [0, 0, 0, 0, 0, 0, 1, 3, 0, 0], "hlc": [921704, 2]}
INFO:<Node 9>:{"send": true, "recv": false, "from": 9, "to": 5, "vc": [0, 0, 0, 0, 0, 1, 0, 0, 0, 3], "hlc": [921710, 1]}
INFO:<Node 5>:{"send": false, "recv": true, "to": 5, "from": 1, "vc": [0, 5, 1, 0, 0, 4, 0, 0, 0, 1], "hlc": [921709, 4]}
INFO:<Node 5>:{"send": false, "recv": true, "to": 5, "from": 7, "vc": [0, 5, 1, 0, 0, 5, 1, 3, 0, 1], "hlc": [921709, 5]}
INFO:<Node 5>:{"send": false, "recv": true, "to": 5, "from": 9, "vc": [0, 5, 1, 0, 0, 6, 1, 3, 0, 3], "hlc": [921710, 2]}
INFO:<Node 8>:{"send": false, "recv": true, "to": 8, "from": 5, "vc": [1, 1, 0, 1, 0, 3, 3, 0, 5, 0], "hlc": [921705, 3]}
INFO:<Node 9>:{"send": false, "recv": true, "to": 9, "from": 4, "vc": [0, 4, 4, 0, 4, 1, 0, 1, 0, 4], "hlc": [921711, 0]}
INFO:<Node 0>:{"send": true, "recv": false, "from": 0, "to": 8, "vc": [2, 0, 0, 0, 0, 0, 0, 0, 0, 0], "hlc": [921702, 2]}
INFO:<Node 1>:{"send": true, "recv": false, "from": 1, "to": 3, "vc": [0, 6, 1, 0, 0, 0, 0, 0, 0, 1], "hlc": [921709, 4]}
INFO:<Node 2>:{"send": true, "recv": false, "from": 2, "to": 7, "vc": [0, 0, 6, 0, 1, 0, 0, 1, 1, 0], "hlc": [921703, 5]}
INFO:<Node 3>:{"send": true, "recv": false, "from": 3, "to": 9, "vc": [0, 0, 0, 3, 0, 2, 0, 0, 0, 0], "hlc": [921702, 4]}
INFO:<Node 4>:{"send": true, "recv": false, "from": 4, "to": 7, "vc": [0, 4, 4, 0, 5, 0, 0, 1, 0, 1], "hlc": [921709, 6]}
INFO:<Node 5>:{"send": true, "recv": false, "from": 5, "to": 1, "vc": [0, 5, 1, 0, 0, 7, 1, 3, 0, 3], "hlc": [921710, 3]}
INFO:<Node 6>:{"send": true, "recv": false, "from": 6, "to": 0, "vc": [0, 1, 0, 0, 0, 0, 4, 0, 0, 0], "hlc": [921706, 0]}
INFO:<Node 9>:{"send": true, "recv": false, "from": 9, "to": 0, "vc": [0, 4, 4, 0, 4, 1, 0, 1, 0, 5], "hlc": [921711, 1]}
INFO:<Node 0>:{"send": false, "recv": true, "to": 0, "from": 6, "vc": [3, 1, 0, 0, 0, 0, 4, 0, 0, 0], "hlc": [921706, 1]}
INFO:<Node 0>:{"send": false, "recv": true, "to": 0, "from": 9, "vc": [4, 4, 4, 0, 4, 1, 4, 1, 0, 5], "hlc": [921711, 2]}
INFO:<Node 1>:{"send": false, "recv": true, "to": 1, "from": 5, "vc": [0, 7, 1, 0, 0, 7, 1, 3, 0, 3], "hlc": [921710, 4]}
INFO:<Node 3>:{"send": false, "recv": true, "to": 3, "from": 1, "vc": [0, 6, 1, 4, 0, 2, 0, 0, 0, 1], "hlc": [921709, 5]}
INFO:<Node 7>:{"send": false, "recv": true, "to": 7, "from": 2, "vc": [0, 0, 6, 0, 1, 0, 1, 4, 1, 0], "hlc": [921704, 3]}
INFO:<Node 7>:{"send": false, "recv": true, "to": 7, "from": 4, "vc": [0, 4, 6, 0, 5, 0, 1, 5, 1, 1], "hlc": [921709, 7]}
INFO:<Node 8>:{"send": false, "recv": true, "to": 8, "from": 0, "vc": [2, 1, 0, 1, 0, 3, 3, 0, 6, 0], "hlc": [921705, 4]}
INFO:<Node 9>:{"send": false, "recv": true, "to": 9, "from": 3, "vc": [0, 4, 4, 3, 4, 2, 0, 1, 0, 6], "hlc": [921711, 2]}
INFO:<Node 0>:{"send": true, "recv": false, "from": 0, "to": 6, "vc": [5, 4, 4, 0, 4, 1, 4, 1, 0, 5], "hlc": [921711, 3]}
INFO:<Node 1>:{"send": true, "recv": false, "from": 1, "to": 2, "vc": [0, 8, 1, 0, 0, 7, 1, 3, 0, 3], "hlc": [921710, 5]}
INFO:<Node 2>:{"send": true, "recv": false, "from": 2, "to": 5, "vc": [0, 0, 7, 0, 1, 0, 0, 1, 1, 0], "hlc": [921703, 6]}
INFO:<Node 4>:{"send": true, "recv": false, "from": 4, "to": 2, "vc": [0, 4, 4, 0, 6, 0, 0, 1, 0, 1], "hlc": [921709, 7]}
INFO:<Node 6>:{"send": true, "recv": false, "from": 6, "to": 3, "vc": [0, 1, 0, 0, 0, 0, 5, 0, 0, 0], "hlc": [921706, 1]}
INFO:<Node 7>:{"send": true, "recv": false, "from": 7, "to": 2, "vc": [0, 4, 6, 0, 5, 0, 1, 6, 1, 1], "hlc": [921709, 8]}
INFO:<Node 8>:{"send": true, "recv": false, "from": 8, "to": 7, "vc": [2, 1, 0, 1, 0, 3, 3, 0, 7, 0], "hlc": [921705, 5]}
INFO:<Node 2>:{"send": false, "recv": true, "to": 2, "from": 1, "vc": [0, 8, 8, 0, 1, 7, 1, 3, 1, 3], "hlc": [921710, 6]}
INFO:<Node 2>:{"send": false, "recv": true, "to": 2, "from": 4, "vc": [0, 8, 9, 0, 6, 7, 1, 3, 1, 3], "hlc": [921710, 7]}
INFO:<Node 2>:{"send": false, "recv": true, "to": 2, "from": 7, "vc": [0, 8, 10, 0, 6, 7, 1, 6, 1, 3], "hlc": [921710, 8]}
INFO:<Node 3>:{"send": false, "recv": true, "to": 3, "from": 6, "vc": [0, 6, 1, 5, 0, 2, 5, 0, 0, 1], "hlc": [921709, 6]}
INFO:<Node 5>:{"send": false, "recv": true, "to": 5, "from": 2, "vc": [0, 5, 7, 0, 1, 8, 1, 3, 1, 3], "hlc": [921710, 4]}
INFO:<Node 6>:{"send": false, "recv": true, "to": 6, "from": 0, "vc": [5, 4, 4, 0, 4, 1, 6, 1, 0, 5], "hlc": [921711, 4]}
INFO:<Node 7>:{"send": false, "recv": true, "to": 7, "from": 8, "vc": [2, 4, 6, 1, 5, 3, 3, 7, 7, 1], "hlc": [921709, 9]}
INFO:<Node 2>:{"send": true, "recv": false, "from": 2, "to": 6, "vc": [0, 8, 11, 0, 6, 7, 1, 6, 1, 3], "hlc": [921710, 9]}
INFO:<Node 7>:{"send": true, "recv": false, "from": 7, "to": 5, "vc": [2, 4, 6, 1, 5, 3, 3, 8, 7, 1], "hlc": [921709, 10]}
INFO:<Node 8>:{"send": true, "recv": false, "from": 8, "to": 0, "vc": [2, 1, 0, 1, 0, 3, 3, 0, 8, 0], "hlc": [921706, 0]}
INFO:<Node 9>:{"send": true, "recv": false, "from": 9, "to": 5, "vc": [0, 4, 4, 3, 4, 2, 0, 1, 0, 7], "hlc": [921712, 0]}
INFO:<Node 0>:{"send": false, "recv": true, "to": 0, "from": 8, "vc": [6, 4, 4, 1, 4, 3, 4, 1, 8, 5], "hlc": [921711, 4]}
INFO:<Node 5>:{"send": false, "recv": true, "to": 5, "from": 7, "vc": [2, 5, 7, 1, 5, 9, 3, 8, 7, 3], "hlc": [921710, 5]}
INFO:<Node 5>:{"send": false, "recv": true, "to": 5, "from": 9, "vc": [2, 5, 7, 3, 5, 10, 3, 8, 7, 7], "hlc": [921712, 1]}
INFO:<Node 6>:{"send": false, "recv": true, "to": 6, "from": 2, "vc": [5, 8, 11, 0, 6, 7, 7, 6, 1, 5], "hlc": [921711, 5]}
INFO:<Node 1>:{"send": true, "recv": false, "from": 1, "to": 0, "vc": [0, 9, 1, 0, 0, 7, 1, 3, 0, 3], "hlc": [921710, 6]}
INFO:<Node 3>:{"send": true, "recv": false, "from": 3, "to": 1, "vc": [0, 6, 1, 6, 0, 2, 5, 0, 0, 1], "hlc": [921709, 7]}
INFO:<Node 4>:{"send": true, "recv": false, "from": 4, "to": 0, "vc": [0, 4, 4, 0, 7, 0, 0, 1, 0, 1], "hlc": [921709, 8]}
INFO:<Node 6>:{"send": true, "recv": false, "from": 6, "to": 8, "vc": [5, 8, 11, 0, 6, 7, 8, 6, 1, 5], "hlc": [921711, 6]}
INFO:<Node 7>:{"send": true, "recv": false, "from": 7, "to": 3, "vc": [2, 4, 6, 1, 5, 3, 3, 9, 7, 1], "hlc": [921709, 11]}
INFO:<Node 8>:{"send": true, "recv": false, "from": 8, "to": 9, "vc": [2, 1, 0, 1, 0, 3, 3, 0, 9, 0], "hlc": [921706, 1]}
INFO:<Node 9>:{"send": true, "recv": false, "from": 9, "to": 3, "vc": [0, 4, 4, 3, 4, 2, 0, 1, 0, 8], "hlc": [921712, 1]}
INFO:<Node 0>:{"send": false, "recv": true, "to": 0, "from": 1, "vc": [7, 9, 4, 1, 4, 7, 4, 3, 8, 5], "hlc": [921711, 5]}
INFO:<Node 0>:{"send": false, "recv": true, "to": 0, "from": 4, "vc": [8, 9, 4, 1, 7, 7, 4, 3, 8, 5], "hlc": [921711, 6]}
INFO:<Node 1>:{"send": false, "recv": true, "to": 1, "from": 3, "vc": [0, 10, 1, 6, 0, 7, 5, 3, 0, 3], "hlc": [921710, 7]}
INFO:<Node 3>:{"send": false, "recv": true, "to": 3, "from": 7, "vc": [2, 6, 6, 7, 5, 3, 5, 9, 7, 1], "hlc": [921709, 12]}
INFO:<Node 3>:{"send": false, "recv": true, "to": 3, "from": 9, "vc": [2, 6, 6, 8, 5, 3, 5, 9, 7, 8], "hlc": [921712, 2]}
INFO:<Node 8>:{"send": false, "recv": true, "to": 8, "from": 6, "vc": [5, 8, 11, 1, 6, 7, 8, 6, 10, 5], "hlc": [921711, 7]}
INFO:<Node 9>:{"send": false, "recv": true, "to": 9, "from": 8, "vc": [2, 4, 4, 3, 4, 3, 3, 1, 9, 9], "hlc": [921713, 0]}
INFO:<Node 0>:{"send": true, "recv": false, "from": 0, "to": 2, "vc": [9, 9, 4, 1, 7, 7, 4, 3, 8, 5], "hlc": [921711, 7]}
INFO:<Node 1>:{"send": true, "recv": false, "from": 1, "to": 8, "vc": [0, 11, 1, 6, 0, 7, 5, 3, 0, 3], "hlc": [921710, 8]}
INFO:<Node 5>:{"send": true, "recv": false, "from": 5, "to": 0, "vc": [2, 5, 7, 3, 5, 11, 3, 8, 7, 7], "hlc": [921712, 2]}
INFO:<Node 6>:{"send": true, "recv": false, "from": 6, "to": 2, "vc": [5, 8, 11, 0, 6, 7, 9, 6, 1, 5], "hlc": [921711, 7]}
INFO:<Node 8>:{"send": true, "recv": false, "from": 8, "to": 7, "vc": [5, 8, 11, 1, 6, 7, 8, 6, 11, 5], "hlc": [921711, 8]}
INFO:<Node 0>:{"send": false, "recv": true, "to": 0, "from": 5, "vc": [10, 9, 7, 3, 7, 11, 4, 8, 8, 7], "hlc": [921712, 3]}
INFO:<Node 2>:{"send": false, "recv": true, "to": 2, "from": 0, "vc": [9, 9, 12, 1, 7, 7, 4, 6, 8, 5], "hlc": [921711, 8]}
INFO:<Node 2>:{"send": false, "recv": true, "to": 2, "from": 6, "vc": [9, 9, 13, 1, 7, 7, 9, 6, 8, 5], "hlc": [921711, 9]}
INFO:<Node 7>:{"send": false, "recv": true, "to": 7, "from": 8, "vc": [5, 8, 11, 1, 6, 7, 8, 10, 11, 5], "hlc": [921711, 9]}
INFO:<Node 8>:{"send": false, "recv": true, "to": 8, "from": 1, "vc": [5, 11, 11, 6, 6, 7, 8, 6, 12, 5], "hlc": [921711, 9]}
INFO:<Node 0>:{"send": true, "recv": false, "from": 0, "to": 9, "vc": [11, 9, 7, 3, 7, 11, 4, 8, 8, 7], "hlc": [921712, 4]}
INFO:<Node 1>:{"send": true, "recv": false, "from": 1, "to": 6, "vc": [0, 12, 1, 6, 0, 7, 5, 3, 0, 3], "hlc": [921710, 9]}
INFO:<Node 2>:{"send": true, "recv": false, "from": 2, "to": 5, "vc": [9, 9, 14, 1, 7, 7, 9, 6, 8, 5], "hlc": [921711, 10]}
INFO:<Node 4>:{"send": true, "recv": false, "from": 4, "to": 8, "vc": [0, 4, 4, 0, 8, 0, 0, 1, 0, 1], "hlc": [921709, 9]}
INFO:<Node 5>:{"send": true, "recv": false, "from": 5, "to": 2, "vc": [2, 5, 7, 3, 5, 12, 3, 8, 7, 7], "hlc": [921712, 3]}
INFO:<Node 7>:{"send": true, "recv": false, "from": 7, "to": 3, "vc": [5, 8, 11, 1, 6, 7, 8, 11, 11, 5], "hlc": [921711, 10]}
INFO:<Node 8>:{"send": true, "recv": false, "from": 8, "to": 2, "vc": [5, 11, 11, 6, 6, 7, 8, 6, 13, 5], "hlc": [921711, 10]}
INFO:<Node 9>:{"send": true, "recv": false, "from": 9, "to": 6, "vc": [2, 4, 4, 3, 4, 3, 3, 1, 9, 10], "hlc": [921713, 1]}
INFO:<Node 2>:{"send": false, "recv": true, "to": 2, "from": 5, "vc": [9, 9, 15, 3, 7, 12, 9, 8, 8, 7], "hlc": [921712, 4]}
INFO:<Node 2>:{"send": false, "recv": true, "to": 2, "from": 8, "vc": [9, 11, 16, 6, 7, 12, 9, 8, 13, 7], "hlc": [921712, 5]}
INFO:<Node 3>:{"send": false, "recv": true, "to": 3, "from": 7, "vc": [5, 8, 11, 9, 6, 7, 8, 11, 11, 8], "hlc": [921712, 3]}
INFO:<Node 5>:{"send": false, "recv": true, "to": 5, "from": 2, "vc": [9, 9, 14, 3, 7, 13, 9, 8, 8, 7], "hlc": [921712, 4]}
INFO:<Node 6>:{"send": false, "recv": true, "to": 6, "from": 1, "vc": [5, 12, 11, 6, 6, 7, 10, 6, 1, 5], "hlc": [921711, 8]}
INFO:<Node 6>:{"send": false, "recv": true, "to": 6, "from": 9, "vc": [5, 12, 11, 6, 6, 7, 11, 6, 9, 10], "hlc": [921713, 2]}
INFO:<Node 8>:{"send": false, "recv": true, "to": 8, "from": 4, "vc": [5, 11, 11, 6, 8, 7, 8, 6, 14, 5], "hlc": [921711, 11]}
INFO:<Node 9>:{"send": false, "recv": true, "to": 9, "from": 0, "vc": [11, 9, 7, 3, 7, 11, 4, 8, 9, 11], "hlc": [921714, 0]}
INFO:<Node 0>:{"send": true, "recv": false, "from": 0, "to": 4, "vc": [12, 9, 7, 3, 7, 11, 4, 8, 8, 7], "hlc": [921712, 5]}
INFO:<Node 2>:{"send": true, "recv": false, "from": 2, "to": 5, "vc": [9, 11, 17, 6, 7, 12, 9, 8, 13, 7], "hlc": [921712, 6]}
INFO:<Node 3>:{"send": true, "recv": false, "from": 3, "to": 9, "vc": [5, 8, 11, 10, 6, 7, 8, 11, 11, 8], "hlc": [921712, 4]}
INFO:<Node 4>:{"send": true, "recv": false, "from": 4, "to": 5, "vc": [0, 4, 4, 0, 9, 0, 0, 1, 0, 1], "hlc": [921709, 10]}
INFO:<Node 6>:{"send": true, "recv": false, "from": 6, "to": 9, "vc": [5, 12, 11, 6, 6, 7, 12, 6, 9, 10], "hlc": [921713, 3]}
INFO:<Node 8>:{"send": true, "recv": false, "from": 8, "to": 7, "vc": [5, 11, 11, 6, 8, 7, 8, 6, 15, 5], "hlc": [921711, 12]}
INFO:<Node 4>:{"send": false, "recv": true, "to": 4, "from": 0, "vc": [12, 9, 7, 3, 10, 11, 4, 8, 8, 7], "hlc": [921712, 6]}
INFO:<Node 5>:{"send": false, "recv": true, "to": 5, "from": 2, "vc": [9, 11, 17, 6, 7, 14, 9, 8, 13, 7], "hlc": [921712, 7]}
INFO:<Node 5>:{"send": false, "recv": true, "to": 5, "from": 4, "vc": [9, 11, 17, 6, 9, 15, 9, 8, 13, 7], "hlc": [921712, 8]}
INFO:<Node 7>:{"send": false, "recv": true, "to": 7, "from": 8, "vc": [5, 11, 11, 6, 8, 7, 8, 12, 15, 5], "hlc": [921711, 13]}
INFO:<Node 9>:{"send": false, "recv": true, "to": 9, "from": 3, "vc": [11, 9, 11, 10, 7, 11, 8, 11, 11, 12], "hlc": [921714, 1]}
INFO:<Node 9>:{"send": false, "recv": true, "to": 9, "from": 6, "vc": [11, 12, 11, 10, 7, 11, 12, 11, 11, 13], "hlc": [921714, 2]}
INFO:<Node 1>:{"send": true, "recv": false, "from": 1, "to": 0, "vc": [0, 13, 1, 6, 0, 7, 5, 3, 0, 3], "hlc": [921710, 10]}
INFO:<Node 3>:{"send": true, "recv": false, "from": 3, "to": 6, "vc": [5, 8, 11, 11, 6, 7, 8, 11, 11, 8], "hlc": [921712, 5]}
INFO:<Node 4>:{"send": true, "recv": false, "from": 4, "to": 9, "vc": [12, 9, 7, 3, 11, 11, 4, 8, 8, 7], "hlc": [921712, 7]}
INFO:<Node 7>:{"send": true, "recv": false, "from": 7, "to": 9, "vc": [5, 11, 11, 6, 8, 7, 8, 13, 15, 5], "hlc": [921711, 14]}
INFO:<Node 8>:{"send": true, "recv": false, "from": 8, "to": 3, "vc": [5, 11, 11, 6, 8, 7, 8, 6, 16, 5], "hlc": [921711, 13]}
INFO:<Node 0>:{"send": false, "recv": true, "to": 0, "from": 1, "vc": [13, 13, 7, 6, 7, 11, 5, 8, 8, 7], "hlc": [921712, 6]}
INFO:<Node 3>:{"send": false, "recv": true, "to": 3, "from": 8, "vc": [5, 11, 11, 12, 8, 7, 8, 11, 16, 8], "hlc": [921712, 6]}
INFO:<Node 6>:{"send": false, "recv": true, "to": 6, "from": 3, "vc": [5, 12, 11, 11, 6, 7, 13, 11, 11, 10], "hlc": [921713, 4]}
INFO:<Node 9>:{"send": false, "recv": true, "to": 9, "from": 4, "vc": [12, 12, 11, 10, 11, 11, 12, 11, 11, 14], "hlc": [921715, 0]}
INFO:<Node 9>:{"send": false, "recv": true, "to": 9, "from": 7, "vc": [12, 12, 11, 10, 11, 11, 12, 13, 15, 15], "hlc": [921715, 1]}
INFO:<Node 0>:{"send": true, "recv": false, "from": 0, "to": 6, "vc": [14, 13, 7, 6, 7, 11, 5, 8, 8, 7], "hlc": [921712, 7]}
INFO:<Node 1>:{"send": true, "recv": false, "from": 1, "to": 5, "vc": [0, 14, 1, 6, 0, 7, 5, 3, 0, 3], "hlc": [921710, 11]}
INFO:<Node 2>:{"send": true, "recv": false, "from": 2, "to": 4, "vc": [9, 11, 18, 6, 7, 12, 9, 8, 13, 7], "hlc": [921712, 7]}
INFO:<Node 4>:{"send": true, "recv": false, "from": 4, "to": 7, "vc": [12, 9, 7, 3, 12, 11, 4, 8, 8, 7], "hlc": [921712, 8]}
INFO:<Node 5>:{"send": true, "recv": false, "from": 5, "to": 1, "vc": [9, 11, 17, 6, 9, 16, 9, 8, 13, 7], "hlc": [921712, 9]}
INFO:<Node 6>:{"send": true, "recv": false, "from": 6, "to": 2, "vc": [5, 12, 11, 11, 6, 7, 14, 11, 11, 10], "hlc": [921713, 5]}
INFO:<Node 8>:{"send": true, "recv": false, "from": 8, "to": 3, "vc": [5, 11, 11, 6, 8, 7, 8, 6, 17, 5], "hlc": [921711, 14]}
INFO:<Node 9>:{"send": true, "recv": false, "from": 9, "to": 6, "vc": [12, 12, 11, 10, 11, 11, 12, 13, 15, 16], "hlc": [921715, 2]}
INFO:<Node 1>:{"send": false, "recv": true, "to": 1, "from": 5, "vc": [9, 15, 17, 6, 9, 16, 9, 8, 13, 7], "hlc": [921712, 10]}
INFO:<Node 2>:{"send": false, "recv": true, "to": 2, "from": 6, "vc": [9, 12, 19, 11, 7, 12, 14, 11, 13, 10], "hlc": [921713, 6]}
INFO:<Node 3>:{"send": false, "recv": true, "to": 3, "from": 8, "vc": [5, 11, 11, 13, 8, 7, 8, 11, 17, 8], "hlc": [921712, 7]}
INFO:<Node 4>:{"send": false, "recv": true, "to": 4, "from": 2, "vc": [12, 11, 18, 6, 13, 12, 9, 8, 13, 7], "hlc": [921712, 9]}
INFO:<Node 5>:{"send": false, "recv": true, "to": 5, "from": 1, "vc": [9, 14, 17, 6, 9, 17, 9, 8, 13, 7], "hlc": [921712, 10]}
INFO:<Node 6>:{"send": false, "recv": true, "to": 6, "from": 0, "vc": [14, 13, 11, 11, 7, 11, 15, 11, 11, 10], "hlc": [921713, 6]}
INFO:<Node 6>:{"send": false, "recv": true, "to": 6, "from": 9, "vc": [14, 13, 11, 11, 11, 11, 16, 13, 15, 16], "hlc": [921715, 3]}
INFO:<Node 7>:{"send": false, "recv": true, "to": 7, "from": 4, "vc": [12, 11, 11, 6, 12, 11, 8, 14, 15, 7], "hlc": [921712, 9]}
INFO:<Node 0>:{"send": true, "recv": false, "from": 0, "to": 3, "vc": [15, 13, 7, 6, 7, 11, 5, 8, 8, 7], "hlc": [921712, 8]}
INFO:<Node 2>:{"send": true, "recv": false, "from": 2, "to": 0, "vc": [9, 12, 20, 11, 7, 12, 14, 11, 13, 10], "hlc": [921713, 7]}
INFO:<Node 4>:{"send": true, "recv": false, "from": 4, "to": 8, "vc": [12, 11, 18, 6, 14, 12, 9, 8, 13, 7], "hlc": [921712, 10]}
INFO:<Node 5>:{"send": true, "recv": false, "from": 5, "to": 6, "vc": [9, 14, 17, 6, 9, 18, 9, 8, 13, 7], "hlc": [921712, 11]}
INFO:<Node 7>:{"send": true, "recv": false, "from": 7, "to": 9, "vc": [12, 11, 11, 6, 12, 11, 8, 15, 15, 7], "hlc": [921712, 10]}
INFO:<Node 0>:{"send": false, "recv": true, "to": 0, "from": 2, "vc": [16, 13, 20, 11, 7, 12, 14, 11, 13, 10], "hlc": [921713, 8]}
INFO:<Node 3>:{"send": false, "recv": true, "to": 3, "from": 0, "vc": [15, 13, 11, 14, 8, 11, 8, 11, 17, 8], "hlc": [921712, 9]}
INFO:<Node 6>:{"send": false, "recv": true, "to": 6, "from": 5, "vc": [14, 14, 17, 11, 11, 18, 17, 13, 15, 16], "hlc": [921715, 4]}
INFO:<Node 8>:{"send": false, "recv": true, "to": 8, "from": 4, "vc": [12, 11, 18, 6, 14, 12, 9, 8, 18, 7], "hlc": [921712, 11]}
INFO:<Node 9>:{"send": false, "recv": true, "to": 9, "from": 7, "vc": [12, 12, 11, 10, 12, 11, 12, 15, 15, 17], "hlc": [921716, 0]}
INFO:<Node 1>:{"send": true, "recv": false, "from": 1, "to": 0, "vc": [9, 16, 17, 6, 9, 16, 9, 8, 13, 7], "hlc": [921712, 11]}
INFO:<Node 2>:{"send": true, "recv": false, "from": 2, "to": 8, "vc": [9, 12, 21, 11, 7, 12, 14, 11, 13, 10], "hlc": [921713, 8]}
INFO:<Node 3>:{"send": true, "recv": false, "from": 3, "to": 5, "vc": [15, 13, 11, 15, 8, 11, 8, 11, 17, 8], "hlc": [921712, 10]}
INFO:<Node 6>:{"send": true, "recv": false, "from": 6, "to": 4, "vc": [14, 14, 17, 11, 11, 18, 18, 13, 15, 16], "hlc": [921715, 5]}
INFO:<Node 7>:{"send": true, "recv": false, "from": 7, "to": 6, "vc": [12, 11, 11, 6, 12, 11, 8, 16, 15, 7], "hlc": [921712, 11]}
INFO:<Node 8>:{"send": true, "recv": false, "from": 8, "to": 2, "vc": [12, 11, 18, 6, 14, 12, 9, 8, 19, 7], "hlc": [921712, 12]}
INFO:<Node 0>:{"send": false, "recv": true, "to": 0, "from": 1, "vc": [17, 16, 20, 11, 9, 16, 14, 11, 13, 10], "hlc": [921713, 9]}
INFO:<Node 2>:{"send": false, "recv": true, "to": 2, "from": 8, "vc": [12, 12, 22, 11, 14, 12, 14, 11, 19, 10], "hlc": [921713, 9]}
INFO:<Node 4>:{"send": false, "recv": true, "to": 4, "from": 6, "vc": [14, 14, 18, 11, 15, 18, 18, 13, 15, 16], "hlc": [921715, 6]}
INFO:<Node 5>:{"send": false, "recv": true, "to": 5, "from": 3, "vc": [15, 14, 17, 15, 9, 19, 9, 11, 17, 8], "hlc": [921712, 12]}
INFO:<Node 6>:{"send": false, "recv": true, "to": 6, "from": 7, "vc": [14, 14, 17, 11, 12, 18, 19, 16, 15, 16], "hlc": [921715, 6]}
INFO:<Node 8>:{"send": false, "recv": true, "to": 8, "from": 2, "vc": [12, 12, 21, 11, 14, 12, 14, 11, 20, 10], "hlc": [921713, 9]}
INFO:<Node 0>:{"send": true, "recv": false, "from": 0, "to": 1, "vc": [18, 16, 20, 11, 9, 16, 14, 11, 13, 10], "hlc": [921713, 10]}
INFO:<Node 1>:{"send": true, "recv": false, "from": 1, "to": 8, "vc": [9, 17, 17, 6, 9, 16, 9, 8, 13, 7], "hlc": [921712, 12]}
INFO:<Node 2>:{"send": true, "recv": false, "from": 2, "to": 6, "vc": [12, 12, 23, 11, 14, 12, 14, 11, 19, 10], "hlc": [921713, 10]}
INFO:<Node 4>:{"send": true, "recv": false, "from": 4, "to": 0, "vc": [14, 14, 18, 11, 16, 18, 18, 13, 15, 16], "hlc": [921715, 7]}
INFO:<Node 8>:{"send": true, "recv": false, "from": 8, "to": 6, "vc": [12, 12, 21, 11, 14, 12, 14, 11, 21, 10], "hlc": [921713, 10]}
INFO:<Node 9>:{"send": true, "recv": false, "from": 9, "to": 8, "vc": [12, 12, 11, 10, 12, 11, 12, 15, 15, 18], "hlc": [921716, 1]}
INFO:<Node 0>:{"send": false, "recv": true, "to": 0, "from": 4, "vc": [19, 16, 20, 11, 16, 18, 18, 13, 15, 16], "hlc": [921715, 8]}
INFO:<Node 1>:{"send": false, "recv": true, "to": 1, "from": 0, "vc": [18, 18, 20, 11, 9, 16, 14, 11, 13, 10], "hlc": [921713, 11]}
INFO:<Node 6>:{"send": false, "recv": true, "to": 6, "from": 2, "vc": [14, 14, 23, 11, 14, 18, 20, 16, 19, 16], "hlc": [921715, 7]}
INFO:<Node 6>:{"send": false, "recv": true, "to": 6, "from": 8, "vc": [14, 14, 23, 11, 14, 18, 21, 16, 21, 16], "hlc": [921715, 8]}
INFO:<Node 8>:{"send": false, "recv": true, "to": 8, "from": 1, "vc": [12, 17, 21, 11, 14, 16, 14, 11, 22, 10], "hlc": [921713, 11]}
INFO:<Node 8>:{"send": false, "recv": true, "to": 8, "from": 9, "vc": [12, 17, 21, 11, 14, 16, 14, 15, 23, 18], "hlc": [921716, 2]}
INFO:<Node 0>:{"send": true, "recv": false, "from": 0, "to": 7, "vc": [20, 16, 20, 11, 16, 18, 18, 13, 15, 16], "hlc": [921715, 9]}
INFO:<Node 1>:{"send": true, "recv": false, "from": 1, "to": 3, "vc": [18, 19, 20, 11, 9, 16, 14, 11, 13, 10], "hlc": [921713, 12]}
INFO:<Node 2>:{"send": true, "recv": false, "from": 2, "to": 4, "vc": [12, 12, 24, 11, 14, 12, 14, 11, 19, 10], "hlc": [921713, 11]}
INFO:<Node 3>:{"send": true, "recv": false, "from": 3, "to": 7, "vc": [15, 13, 11, 16, 8, 11, 8, 11, 17, 8], "hlc": [921712, 11]}
INFO:<Node 4>:{"send": true, "recv": false, "from": 4, "to": 2, "vc": [14, 14, 18, 11, 17, 18, 18, 13, 15, 16], "hlc": [921715, 8]}
INFO:<Node 5>:{"send": true, "recv": false, "from": 5, "to": 7, "vc": [15, 14, 17, 15, 9, 20, 9, 11, 17, 8], "hlc": [921712, 13]}
INFO:<Node 8>:{"send": true, "recv": false, "from": 8, "to": 9, "vc": [12, 17, 21, 11, 14, 16, 14, 15, 24, 18], "hlc": [921716, 3]}
INFO:<Node 9>:{"send": true, "recv": false, "from": 9, "to": 3, "vc": [12, 12, 11, 10, 12, 11, 12, 15, 15, 19], "hlc": [921717, 0]}
INFO:<Node 2>:{"send": false, "recv": true, "to": 2, "from": 4, "vc": [14, 14, 25, 11, 17, 18, 18, 13, 19, 16], "hlc": [921715, 9]}
INFO:<Node 3>:{"send": false, "recv": true, "to": 3, "from": 1, "vc": [18, 19, 20, 17, 9, 16, 14, 11, 17, 10], "hlc": [921713, 13]}
INFO:<Node 3>:{"send": false, "recv": true, "to": 3, "from": 9, "vc": [18, 19, 20, 18, 12, 16, 14, 15, 17, 19], "hlc": [921717, 1]}
INFO:<Node 4>:{"send": false, "recv": true, "to": 4, "from": 2, "vc": [14, 14, 24, 11, 18, 18, 18, 13, 19, 16], "hlc": [921715, 9]}
INFO:<Node 7>:{"send": false, "recv": true, "to": 7, "from": 0, "vc": [20, 16, 20, 11, 16, 18, 18, 17, 15, 16], "hlc": [921715, 10]}
INFO:<Node 7>:{"send": false, "recv": true, "to": 7, "from": 3, "vc": [20, 16, 20, 16, 16, 18, 18, 18, 17, 16], "hlc": [921715, 11]}
INFO:<Node 7>:{"send": false, "recv": true, "to": 7, "from": 5, "vc": [20, 16, 20, 16, 16, 20, 18, 19, 17, 16], "hlc": [921715, 12]}
INFO:<Node 9>:{"send": false, "recv": true, "to": 9, "from": 8, "vc": [12, 17, 21, 11, 14, 16, 14, 15, 24, 20], "hlc": [921717, 1]}
INFO:<Node 0>:{"send": true, "recv": false, "from": 0, "to": 4, "vc": [21, 16, 20, 11, 16, 18, 18, 13, 15, 16], "hlc": [921715, 10]}
INFO:<Node 1>:{"send": true, "recv": false, "from": 1, "to": 8, "vc": [18, 20, 20, 11, 9, 16, 14, 11, 13, 10], "hlc": [921713, 13]}
INFO:<Node 3>:{"send": true, "recv": false, "from": 3, "to": 0, "vc": [18, 19, 20, 19, 12, 16, 14, 15, 17, 19], "hlc": [921717, 2]}
INFO:<Node 5>:{"send": true, "recv": false, "from": 5, "to": 3, "vc": [15, 14, 17, 15, 9, 21, 9, 11, 17, 8], "hlc": [921712, 14]}
INFO:<Node 8>:{"send": true, "recv": false, "from": 8, "to": 5, "vc": [12, 17, 21, 11, 14, 16, 14, 15, 25, 18], "hlc": [921716, 4]}
INFO:<Node 0>:{"send": false, "recv": true, "to": 0, "from": 3, "vc": [22, 19, 20, 19, 16, 18, 18, 15, 17, 19], "hlc": [921717, 3]}
INFO:<Node 3>:{"send": false, "recv": true, "to": 3, "from": 5, "vc": [18, 19, 20, 20, 12, 21, 14, 15, 17, 19], "hlc": [921717, 3]}
INFO:<Node 4>:{"send": false, "recv": true, "to": 4, "from": 0, "vc": [21, 16, 24, 11, 19, 18, 18, 13, 19, 16], "hlc": [921715, 11]}
INFO:<Node 5>:{"send": false, "recv": true, "to": 5, "from": 8, "vc": [15, 17, 21, 15, 14, 22, 14, 15, 25, 18], "hlc": [921716, 5]}
INFO:<Node 8>:{"send": false, "recv": true, "to": 8, "from": 1, "vc": [18, 20, 21, 11, 14, 16, 14, 15, 26, 18], "hlc": [921716, 5]}
INFO:<Node 0>:{"send": true, "recv": false, "from": 0, "to": 6, "vc": [23, 19, 20, 19, 16, 18, 18, 15, 17, 19], "hlc": [921717, 4]}
INFO:<Node 1>:{"send": true, "recv": false, "from": 1, "to": 2, "vc": [18, 21, 20, 11, 9, 16, 14, 11, 13, 10], "hlc": [921713, 14]}
INFO:<Node 3>:{"send": true, "recv": false, "from": 3, "to": 2, "vc": [18, 19, 20, 21, 12, 21, 14, 15, 17, 19], "hlc": [921717, 4]}
INFO:<Node 4>:{"send": true, "recv": false, "from": 4, "to": 6, "vc": [21, 16, 24, 11, 20, 18, 18, 13, 19, 16], "hlc": [921715, 12]}
INFO:<Node 5>:{"send": true, "recv": false, "from": 5, "to": 0, "vc": [15, 17, 21, 15, 14, 23, 14, 15, 25, 18], "hlc": [921716, 6]}
INFO:<Node 6>:{"send": true, "recv": false, "from": 6, "to": 0, "vc": [14, 14, 23, 11, 14, 18, 22, 16, 21, 16], "hlc": [921715, 9]}
INFO:<Node 7>:{"send": true, "recv": false, "from": 7, "to": 1, "vc": [20, 16, 20, 16, 16, 20, 18, 20, 17, 16], "hlc": [921715, 13]}
INFO:<Node 8>:{"send": true, "recv": false, "from": 8, "to": 7, "vc": [18, 20, 21, 11, 14, 16, 14, 15, 27, 18], "hlc": [921716, 6]}
INFO:<Node 0>:{"send": false, "recv": true, "to": 0, "from": 5, "vc": [24, 19, 21, 19, 16, 23, 18, 15, 25, 19], "hlc": [921717, 5]}
INFO:<Node 0>:{"send": false, "recv": true, "to": 0, "from": 6, "vc": [25, 19, 23, 19, 16, 23, 22, 16, 25, 19], "hlc": [921717, 6]}
INFO:<Node 1>:{"send": false, "recv": true, "to": 1, "from": 7, "vc": [20, 22, 20, 16, 16, 20, 18, 20, 17, 16], "hlc": [921715, 14]}
INFO:<Node 2>:{"send": false, "recv": true, "to": 2, "from": 1, "vc": [18, 21, 26, 11, 17, 18, 18, 13, 19, 16], "hlc": [921715, 10]}
INFO:<Node 2>:{"send": false, "recv": true, "to": 2, "from": 3, "vc": [18, 21, 27, 21, 17, 21, 18, 15, 19, 19], "hlc": [921717, 5]}
INFO:<Node 6>:{"send": false, "recv": true, "to": 6, "from": 0, "vc": [23, 19, 23, 19, 16, 18, 23, 16, 21, 19], "hlc": [921717, 5]}
INFO:<Node 6>:{"send": false, "recv": true, "to": 6, "from": 4, "vc": [23, 19, 24, 19, 20, 18, 24, 16, 21, 19], "hlc": [921717, 6]}
INFO:<Node 7>:{"send": false, "recv": true, "to": 7, "from": 8, "vc": [20, 20, 21, 16, 16, 20, 18, 21, 27, 18], "hlc": [921716, 7]}
INFO:<Node 0>:{"send": true, "recv": false, "from": 0, "to": 8, "vc": [26, 19, 23, 19, 16, 23, 22, 16, 25, 19], "hlc": [921717, 7]}
INFO:<Node 1>:{"send": true, "recv": false, "from": 1, "to": 4, "vc": [20, 23, 20, 16, 16, 20, 18, 20, 17, 16], "hlc": [921715, 15]}
INFO:<Node 2>:{"send": true, "recv": false, "from": 2, "to": 6, "vc": [18, 21, 28, 21, 17, 21, 18, 15, 19, 19], "hlc": [921717, 6]}
INFO:<Node 3>:{"send": true, "recv": false, "from": 3, "to": 7, "vc": [18, 19, 20, 22, 12, 21, 14, 15, 17, 19], "hlc": [921717, 5]}
INFO:<Node 4>:{"send": true, "recv": false, "from": 4, "to": 9, "vc": [21, 16, 24, 11, 21, 18, 18, 13, 19, 16], "hlc": [921715, 13]}
INFO:<Node 5>:{"send": true, "recv": false, "from": 5, "to": 6, "vc": [15, 17, 21, 15, 14, 24, 14, 15, 25, 18], "hlc": [921716, 7]}
INFO:<Node 7>:{"send": true, "recv": false, "from": 7, "to": 6, "vc": [20, 20, 21, 16, 16, 20, 18, 22, 27, 18], "hlc": [921716, 8]}
INFO:<Node 4>:{"send": false, "recv": true, "to": 4, "from": 1, "vc": [21, 23, 24, 16, 22, 20, 18, 20, 19, 16], "hlc": [921715, 16]}
INFO:<Node 6>:{"send": false, "recv": true, "to": 6, "from": 2, "vc": [23, 21, 28, 21, 20, 21, 25, 16, 21, 19], "hlc": [921717, 7]}
INFO:<Node 6>:{"send": false, "recv": true, "to": 6, "from": 5, "vc": [23, 21, 28, 21, 20, 24, 26, 16, 25, 19], "hlc": [921717, 8]}
INFO:<Node 6>:{"send": false, "recv": true, "to": 6, "from": 7, "vc": [23, 21, 28, 21, 20, 24, 27, 22, 27, 19], "hlc": [921717, 9]}
INFO:<Node 7>:{"send": false, "recv": true, "to": 7, "from": 3, "vc": [20, 20, 21, 22, 16, 21, 18, 23, 27, 19], "hlc": [921717, 6]}
INFO:<Node 8>:{"send": false, "recv": true, "to": 8, "from": 0, "vc": [26, 20, 23, 19, 16, 23, 22, 16, 28, 19], "hlc": [921717, 8]}
INFO:<Node 9>:{"send": false, "recv": true, "to": 9, "from": 4, "vc": [21, 17, 24, 11, 21, 18, 18, 15, 24, 21], "hlc": [921719, 0]}
INFO:<Node 0>:{"send": true, "recv": false, "from": 0, "to": 1, "vc": [27, 19, 23, 19, 16, 23, 22, 16, 25, 19], "hlc": [921717, 8]}
INFO:<Node 3>:{"send": true, "recv": false, "from": 3, "to": 5, "vc": [18, 19, 20, 23, 12, 21, 14, 15, 17, 19], "hlc": [921717, 6]}
INFO:<Node 4>:{"send": true, "recv": false, "from": 4, "to": 1, "vc": [21, 23, 24, 16, 23, 20, 18, 20, 19, 16], "hlc": [921715, 17]}
INFO:<Node 5>:{"send": true, "recv": false, "from": 5, "to": 2, "vc": [15, 17, 21, 15, 14, 25, 14, 15, 25, 18], "hlc": [921716, 8]}
INFO:<Node 7>:{"send": true, "recv": false, "from": 7, "to": 4, "vc": [20, 20, 21, 22, 16, 21, 18, 24, 27, 19], "hlc": [921717, 7]}
INFO:<Node 8>:{"send": true, "recv": false, "from": 8, "to": 5, "vc": [26, 20, 23, 19, 16, 23, 22, 16, 29, 19], "hlc": [921717, 9]}
INFO:<Node 1>:{"send": false, "recv": true, "to": 1, "from": 0, "vc": [27, 24, 23, 19, 16, 23, 22, 20, 25, 19], "hlc": [921717, 9]}
INFO:<Node 1>:{"send": false, "recv": true, "to": 1, "from": 4, "vc": [27, 25, 24, 19, 23, 23, 22, 20, 25, 19], "hlc": [921717, 10]}
INFO:<Node 2>:{"send": false, "recv": true, "to": 2, "from": 5, "vc": [18, 21, 29, 21, 17, 25, 18, 15, 25, 19], "hlc": [921717, 7]}
INFO:<Node 4>:{"send": false, "recv": true, "to": 4, "from": 7, "vc": [21, 23, 24, 22, 24, 21, 18, 24, 27, 19], "hlc": [921717, 8]}
INFO:<Node 5>:{"send": false, "recv": true, "to": 5, "from": 3, "vc": [18, 19, 21, 23, 14, 26, 14, 15, 25, 19], "hlc": [921717, 7]}
INFO:<Node 5>:{"send": false, "recv": true, "to": 5, "from": 8, "vc": [26, 20, 23, 23, 16, 27, 22, 16, 29, 19], "hlc": [921717, 10]}
INFO:<Node 0>:{"send": true, "recv": false, "from": 0, "to": 6, "vc": [28, 19, 23, 19, 16, 23, 22, 16, 25, 19], "hlc": [921717, 9]}
INFO:<Node 1>:{"send": true, "recv": false, "from": 1, "to": 9, "vc": [27, 26, 24, 19, 23, 23, 22, 20, 25, 19], "hlc": [921717, 11]}
INFO:<Node 2>:{"send": true, "recv": false, "from": 2, "to": 1, "vc": [18, 21, 30, 21, 17, 25, 18, 15, 25, 19], "hlc": [921717, 8]}
INFO:<Node 5>:{"send": true, "recv": false, "from": 5, "to": 6, "vc": [26, 20, 23, 23, 16, 28, 22, 16, 29, 19], "hlc": [921717, 11]}
INFO:<Node 6>:{"send": true, "recv": false, "from": 6, "to": 5, "vc": [23, 21, 28, 21, 20, 24, 28, 22, 27, 19], "hlc": [921717, 10]}
INFO:<Node 7>:{"send": true, "recv": false, "from": 7, "to": 5, "vc": [20, 20, 21, 22, 16, 21, 18, 25, 27, 19], "hlc": [921717, 8]}
INFO:<Node 8>:{"send": true, "recv": false, "from": 8, "to": 2, "vc": [26, 20, 23, 19, 16, 23, 22, 16, 30, 19], "hlc": [921717, 10]}
INFO:<Node 9>:{"send": true, "recv": false, "from": 9, "to": 5, "vc": [21, 17, 24, 11, 21, 18, 18, 15, 24, 22], "hlc": [921719, 1]}
INFO:<Node 1>:{"send": false, "recv": true, "to": 1, "from": 2, "vc": [27, 27, 30, 21, 23, 25, 22, 20, 25, 19], "hlc": [921717, 12]}
INFO:<Node 2>:{"send": false, "recv": true, "to": 2, "from": 8, "vc": [26, 21, 31, 21, 17, 25, 22, 16, 30, 19], "hlc": [921717, 11]}
INFO:<Node 5>:{"send": false, "recv": true, "to": 5, "from": 6, "vc": [26, 21, 28, 23, 20, 29, 28, 22, 29, 19], "hlc": [921717, 12]}
INFO:<Node 5>:{"send": false, "recv": true, "to": 5, "from": 7, "vc": [26, 21, 28, 23, 20, 30, 28, 25, 29, 19], "hlc": [921717, 13]}
INFO:<Node 5>:{"send": false, "recv": true, "to": 5, "from": 9, "vc": [26, 21, 28, 23, 21, 31, 28, 25, 29, 22], "hlc": [921719, 2]}
INFO:<Node 6>:{"send": false, "recv": true, "to": 6, "from": 0, "vc": [28, 21, 28, 21, 20, 24, 29, 22, 27, 19], "hlc": [921717, 11]}
INFO:<Node 6>:{"send": false, "recv": true, "to": 6, "from": 5, "vc": [28, 21, 28, 23, 20, 28, 30, 22, 29, 19], "hlc": [921717, 12]}
INFO:<Node 9>:{"send": false, "recv": true, "to": 9, "from": 1, "vc": [27, 26, 24, 19, 23, 23, 22, 20, 25, 23], "hlc": [921720, 0]}
INFO:<Node 3>:{"send": true, "recv": false, "from": 3, "to": 7, "vc": [18, 19, 20, 24, 12, 21, 14, 15, 17, 19], "hlc": [921717, 7]}
INFO:<Node 4>:{"send": true, "recv": false, "from": 4, "to": 0, "vc": [21, 23, 24, 22, 25, 21, 18, 24, 27, 19], "hlc": [921717, 9]}
INFO:<Node 6>:{"send": true, "recv": false, "from": 6, "to": 3, "vc": [28, 21, 28, 23, 20, 28, 31, 22, 29, 19], "hlc": [921717, 13]}
INFO:<Node 8>:{"send": true, "recv": false, "from": 8, "to": 4, "vc": [26, 20, 23, 19, 16, 23, 22, 16, 31, 19], "hlc": [921717, 11]}
INFO:<Node 0>:{"send": false, "recv": true, "to": 0, "from": 4, "vc": [29, 23, 24, 22, 25, 23, 22, 24, 27, 19], "hlc": [921717, 10]}
INFO:<Node 3>:{"send": false, "recv": true, "to": 3, "from": 6, "vc": [28, 21, 28, 25, 20, 28, 31, 22, 29, 19], "hlc": [921717, 14]}
INFO:<Node 4>:{"send": false, "recv": true, "to": 4, "from": 8, "vc": [26, 23, 24, 22, 26, 23, 22, 24, 31, 19], "hlc": [921717, 12]}
INFO:<Node 7>:{"send": false, "recv": true, "to": 7, "from": 3, "vc": [20, 20, 21, 24, 16, 21, 18, 26, 27, 19], "hlc": [921717, 9]}
INFO:<Node 0>:{"send": true, "recv": false, "from": 0, "to": 6, "vc": [30, 23, 24, 22, 25, 23, 22, 24, 27, 19], "hlc": [921717, 11]}
INFO:<Node 1>:{"send": true, "recv": false, "from": 1, "to": 0, "vc": [27, 28, 30, 21, 23, 25, 22, 20, 25, 19], "hlc": [921717, 13]}
INFO:<Node 2>:{"send": true, "recv": false, "from": 2, "to": 9, "vc": [26, 21, 32, 21, 17, 25, 22, 16, 30, 19], "hlc": [921717, 12]}
INFO:<Node 4>:{"send": true, "recv": false, "from": 4, "to": 7, "vc": [26, 23, 24, 22, 27, 23, 22, 24, 31, 19], "hlc": [921717, 13]}
INFO:<Node 6>:{"send": true, "recv": false, "from": 6, "to": 0, "vc": [28, 21, 28, 23, 20, 28, 32, 22, 29, 19], "hlc": [921717, 14]}
INFO:<Node 0>:{"send": false, "recv": true, "to": 0, "from": 1, "vc": [31, 28, 30, 22, 25, 25, 22, 24, 27, 19], "hlc": [921717, 14]}
INFO:<Node 0>:{"send": false, "recv": true, "to": 0, "from": 6, "vc": [32, 28, 30, 23, 25, 28, 32, 24, 29, 19], "hlc": [921717, 15]}
INFO:<Node 6>:{"send": false, "recv": true, "to": 6, "from": 0, "vc": [30, 23, 28, 23, 25, 28, 33, 24, 29, 19], "hlc": [921717, 15]}
INFO:<Node 7>:{"send": false, "recv": true, "to": 7, "from": 4, "vc": [26, 23, 24, 24, 27, 23, 22, 27, 31, 19], "hlc": [921717, 14]}
INFO:<Node 9>:{"send": false, "recv": true, "to": 9, "from": 2, "vc": [27, 26, 32, 21, 23, 25, 22, 20, 30, 24], "hlc": [921721, 0]}
INFO:<Node 1>:{"send": true, "recv": false, "from": 1, "to": 5, "vc": [27, 29, 30, 21, 23, 25, 22, 20, 25, 19], "hlc": [921717, 14]}
INFO:<Node 2>:{"send": true, "recv": false, "from": 2, "to": 7, "vc": [26, 21, 33, 21, 17, 25, 22, 16, 30, 19], "hlc": [921717, 13]}
INFO:<Node 3>:{"send": true, "recv": false, "from": 3, "to": 2, "vc": [28, 21, 28, 26, 20, 28, 31, 22, 29, 19], "hlc": [921717, 15]}
INFO:<Node 4>:{"send": true, "recv": false, "from": 4, "to": 7, "vc": [26, 23, 24, 22, 28, 23, 22, 24, 31, 19], "hlc": [921717, 14]}
INFO:<Node 6>:{"send": true, "recv": false, "from": 6, "to": 1, "vc": [30, 23, 28, 23, 25, 28, 34, 24, 29, 19], "hlc": [921717, 16]}
INFO:<Node 9>:{"send": true, "recv": false, "from": 9, "to": 8, "vc": [27, 26, 32, 21, 23, 25, 22, 20, 30, 25], "hlc": [921721, 1]}
INFO:<Node 1>:{"send": false, "recv": true, "to": 1, "from": 6, "vc": [30, 30, 30, 23, 25, 28, 34, 24, 29, 19], "hlc": [921717, 17]}
INFO:<Node 2>:{"send": false, "recv": true, "to": 2, "from": 3, "vc": [28, 21, 34, 26, 20, 28, 31, 22, 30, 19], "hlc": [921717, 16]}
INFO:<Node 5>:{"send": false, "recv": true, "to": 5, "from": 1, "vc": [27, 29, 30, 23, 23, 32, 28, 25, 29, 22], "hlc": [921719, 3]}
INFO:<Node 7>:{"send": false, "recv": true, "to": 7, "from": 2, "vc": [26, 23, 33, 24, 27, 25, 22, 28, 31, 19], "hlc": [921717, 15]}
INFO:<Node 7>:{"send": false, "recv": true, "to": 7, "from": 4, "vc": [26, 23, 33, 24, 28, 25, 22, 29, 31, 19], "hlc": [921717, 16]}
INFO:<Node 8>:{"send": false, "recv": true, "to": 8, "from": 9, "vc": [27, 26, 32, 21, 23, 25, 22, 20, 32, 25], "hlc": [921721, 2]}
INFO:<Node 0>:{"send": true, "recv": false, "from": 0, "to": 1, "vc": [33, 28, 30, 23, 25, 28, 32, 24, 29, 19], "hlc": [921717, 16]}
INFO:<Node 4>:{"send": true, "recv": false, "from": 4, "to": 6, "vc": [26, 23, 24, 22, 29, 23, 22, 24, 31, 19], "hlc": [921717, 15]}
INFO:<Node 5>:{"send": true, "recv": false, "from": 5, "to": 9, "vc": [27, 29, 30, 23, 23, 33, 28, 25, 29, 22], "hlc": [921719, 4]}
INFO:<Node 6>:{"send": true, "recv": false, "from": 6, "to": 7, "vc": [30, 23, 28, 23, 25, 28, 35, 24, 29, 19], "hlc": [921717, 17]}
INFO:<Node 9>:{"send": true, "recv": false, "from": 9, "to": 2, "vc": [27, 26, 32, 21, 23, 25, 22, 20, 30, 26], "hlc": [921721, 2]}
INFO:<Node 1>:{"send": false, "recv": true, "to": 1, "from": 0, "vc": [33, 31, 30, 23, 25, 28, 34, 24, 29, 19], "hlc": [921717, 18]}
INFO:<Node 2>:{"send": false, "recv": true, "to": 2, "from": 9, "vc": [28, 26, 35, 26, 23, 28, 31, 22, 30, 26], "hlc": [921721, 3]}
INFO:<Node 6>:{"send": false, "recv": true, "to": 6, "from": 4, "vc": [30, 23, 28, 23, 29, 28, 36, 24, 31, 19], "hlc": [921717, 18]}
INFO:<Node 7>:{"send": false, "recv": true, "to": 7, "from": 6, "vc": [30, 23, 33, 24, 28, 28, 35, 30, 31, 19], "hlc": [921717, 18]}
INFO:<Node 9>:{"send": false, "recv": true, "to": 9, "from": 5, "vc": [27, 29, 32, 23, 23, 33, 28, 25, 30, 27], "hlc": [921722, 0]}
INFO:<Node 0>:{"send": true, "recv": false, "from": 0, "to": 6, "vc": [34, 28, 30, 23, 25, 28, 32, 24, 29, 19], "hlc": [921717, 17]}
INFO:<Node 1>:{"send": true, "recv": false, "from": 1, "to": 8, "vc": [33, 32, 30, 23, 25, 28, 34, 24, 29, 19], "hlc": [921717, 19]}
INFO:<Node 2>:{"send": true, "recv": false, "from": 2, "to": 8, "vc": [28, 26, 36, 26, 23, 28, 31, 22, 30, 26], "hlc": [921721, 4]}
INFO:<Node 4>:{"send": true, "recv": false, "from": 4, "to": 7, "vc": [26, 23, 24, 22, 30, 23, 22, 24, 31, 19], "hlc": [921717, 16]}
INFO:<Node 5>:{"send": true, "recv": false, "from": 5, "to": 7, "vc": [27, 29, 30, 23, 23, 34, 28, 25, 29, 22], "hlc": [921719, 5]}
INFO:<Node 6>:{"send": true, "recv": false, "from": 6, "to": 9, "vc": [30, 23, 28, 23, 29, 28, 37, 24, 31, 19], "hlc": [921717, 19]}
INFO:<Node 9>:{"send": true, "recv": false, "from": 9, "to": 8, "vc": [27, 29, 32, 23, 23, 33, 28, 25, 30, 28], "hlc": [921722, 1]}
INFO:<Node 6>:{"send": false, "recv": true, "to": 6, "from": 0, "vc": [34, 28, 30, 23, 29, 28, 38, 24, 31, 19], "hlc": [921717, 20]}
INFO:<Node 7>:{"send": false, "recv": true, "to": 7, "from": 4, "vc": [30, 23, 33, 24, 30, 28, 35, 31, 31, 19], "hlc": [921717, 19]}
INFO:<Node 7>:{"send": false, "recv": true, "to": 7, "from": 5, "vc": [30, 29, 33, 24, 30, 34, 35, 32, 31, 22], "hlc": [921719, 6]}
INFO:<Node 8>:{"send": false, "recv": true, "to": 8, "from": 1, "vc": [33, 32, 32, 23, 25, 28, 34, 24, 33, 25], "hlc": [921721, 3]}
INFO:<Node 8>:{"send": false, "recv": true, "to": 8, "from": 2, "vc": [33, 32, 36, 26, 25, 28, 34, 24, 34, 26], "hlc": [921721, 5]}
INFO:<Node 8>:{"send": false, "recv": true, "to": 8, "from": 9, "vc": [33, 32, 36, 26, 25, 33, 34, 25, 35, 28], "hlc": [921722, 2]}
INFO:<Node 9>:{"send": false, "recv": true, "to": 9, "from": 6, "vc": [30, 29, 32, 23, 29, 33, 37, 25, 31, 29], "hlc": [921722, 2]}
INFO:<Node 0>:{"send": true, "recv": false, "from": 0, "to": 3, "vc": [35, 28, 30, 23, 25, 28, 32, 24, 29, 19], "hlc": [921717, 18]}
INFO:<Node 1>:{"send": true, "recv": false, "from": 1, "to": 6, "vc": [33, 33, 30, 23, 25, 28, 34, 24, 29, 19], "hlc": [921717, 20]}
INFO:<Node 2>:{"send": true, "recv": false, "from": 2, "to": 5, "vc": [28, 26, 37, 26, 23, 28, 31, 22, 30, 26], "hlc": [921721, 5]}
INFO:<Node 3>:{"send": true, "recv": false, "from": 3, "to": 2, "vc": [28, 21, 28, 27, 20, 28, 31, 22, 29, 19], "hlc": [921717, 16]}
INFO:<Node 4>:{"send": true, "recv": false, "from": 4, "to": 9, "vc": [26, 23, 24, 22, 31, 23, 22, 24, 31, 19], "hlc": [921717, 17]}
INFO:<Node 5>:{"send": true, "recv": false, "from": 5, "to": 4, "vc": [27, 29, 30, 23, 23, 35, 28, 25, 29, 22], "hlc": [921719, 6]}
INFO:<Node 6>:{"send": true, "recv": false, "from": 6, "to": 3, "vc": [34, 28, 30, 23, 29, 28, 39, 24, 31, 19], "hlc": [921717, 21]}
INFO:<Node 7>:{"send": true, "recv": false, "from": 7, "to": 3, "vc": [30, 29, 33, 24, 30, 34, 35, 33, 31, 22], "hlc": [921719, 7]}
INFO:<Node 9>:{"send": true, "recv": false, "from": 9, "to": 8, "vc": [30, 29, 32, 23, 29, 33, 37, 25, 31, 30], "hlc": [921722, 3]}
INFO:<Node 2>:{"send": false, "recv": true, "to": 2, "from": 3, "vc": [28, 26, 38, 27, 23, 28, 31, 22, 30, 26], "hlc": [921721, 6]}
INFO:<Node 3>:{"send": false, "recv": true, "to": 3, "from": 0, "vc": [35, 28, 30, 28, 25, 28, 32, 24, 29, 19], "hlc": [921717, 19]}
INFO:<Node 3>:{"send": false, "recv": true, "to": 3, "from": 6, "vc": [35, 28, 30, 29, 29, 28, 39, 24, 31, 19], "hlc": [921717, 22]}
INFO:<Node 3>:{"send": false, "recv": true, "to": 3, "from": 7, "vc": [35, 29, 33, 30, 30, 34, 39, 33, 31, 22], "hlc": [921719, 8]}
INFO:<Node 4>:{"send": false, "recv": true, "to": 4, "from": 5, "vc": [27, 29, 30, 23, 32, 35, 28, 25, 31, 22], "hlc": [921719, 7]}
INFO:<Node 5>:{"send": false, "recv": true, "to": 5, "from": 2, "vc": [28, 29, 37, 26, 23, 36, 31, 25, 30, 26], "hlc": [921721, 6]}
INFO:<Node 6>:{"send": false, "recv": true, "to": 6, "from": 1, "vc": [34, 33, 30, 23, 29, 28, 40, 24, 31, 19], "hlc": [921718, 0]}
INFO:<Node 8>:{"send": false, "recv": true, "to": 8, "from": 9, "vc": [33, 32, 36, 26, 29, 33, 37, 25, 36, 30], "hlc": [921722, 4]}
INFO:<Node 9>:{"send": false, "recv": true, "to": 9, "from": 4, "vc": [30, 29, 32, 23, 31, 33, 37, 25, 31, 31], "hlc": [921723, 0]}
INFO:<Node 0>:{"send": true, "recv": false, "from": 0, "to": 8, "vc": [36, 28, 30, 23, 25, 28, 32, 24, 29, 19], "hlc": [921717, 19]}
INFO:<Node 3>:{"send": true, "recv": false, "from": 3, "to": 2, "vc": [35, 29, 33, 31, 30, 34, 39, 33, 31, 22], "hlc": [921719, 9]}
INFO:<Node 4>:{"send": true, "recv": false, "from": 4, "to": 3, "vc": [27, 29, 30, 23, 33, 35, 28, 25, 31, 22], "hlc": [921719, 8]}
INFO:<Node 5>:{"send": true, "recv": false, "from": 5, "to": 4, "vc": [28, 29, 37, 26, 23, 37, 31, 25, 30, 26], "hlc": [921721, 7]}
INFO:<Node 7>:{"send": true, "recv": false, "from": 7, "to": 0, "vc": [30, 29, 33, 24, 30, 34, 35, 34, 31, 22], "hlc": [921719, 8]}
INFO:<Node 0>:{"send": false, "recv": true, "to": 0, "from": 7, "vc": [37, 29, 33, 24, 30, 34, 35, 34, 31, 22], "hlc": [921719, 9]}
INFO:<Node 2>:{"send": false, "recv": true, "to": 2, "from": 3, "vc": [35, 29, 39, 31, 30, 34, 39, 33, 31, 26], "hlc": [921721, 7]}
INFO:<Node 3>:{"send": false, "recv": true, "to": 3, "from": 4, "vc": [35, 29, 33, 32, 33, 35, 39, 33, 31, 22], "hlc": [921719, 10]}
INFO:<Node 4>:{"send": false, "recv": true, "to": 4, "from": 5, "vc": [28, 29, 37, 26, 34, 37, 31, 25, 31, 26], "hlc": [921721, 8]}
INFO:<Node 8>:{"send": false, "recv": true, "to": 8, "from": 0, "vc": [36, 32, 36, 26, 29, 33, 37, 25, 37, 30], "hlc": [921722, 5]}
INFO:<Node 0>:{"send": true, "recv": false, "from": 0, "to": 6, "vc": [38, 29, 33, 24, 30, 34, 35, 34, 31, 22], "hlc": [921719, 10]}
INFO:<Node 1>:{"send": true, "recv": false, "from": 1, "to": 5, "vc": [33, 34, 30, 23, 25, 28, 34, 24, 29, 19], "hlc": [921717, 21]}
INFO:<Node 9>:{"send": true, "recv": false, "from": 9, "to": 2, "vc": [30, 29, 32, 23, 31, 33, 37, 25, 31, 32], "hlc": [921723, 1]}
INFO:<Node 2>:{"send": false, "recv": true, "to": 2, "from": 9, "vc": [35, 29, 40, 31, 31, 34, 39, 33, 31, 32], "hlc": [921723, 2]}
INFO:<Node 5>:{"send": false, "recv": true, "to": 5, "from": 1, "vc": [33, 34, 37, 26, 25, 38, 34, 25, 30, 26], "hlc": [921721, 8]}
INFO:<Node 6>:{"send": false, "recv": true, "to": 6, "from": 0, "vc": [38, 33, 33, 24, 30, 34, 41, 34, 31, 22], "hlc": [921719, 11]}
INFO:<Node 0>:{"send": true, "recv": false, "from": 0, "to": 1, "vc": [39, 29, 33, 24, 30, 34, 35, 34, 31, 22], "hlc": [921719, 11]}
INFO:<Node 2>:{"send": true, "recv": false, "from": 2, "to": 4, "vc": [35, 29, 41, 31, 31, 34, 39, 33, 31, 32], "hlc": [921723, 3]}
INFO:<Node 3>:{"send": true, "recv": false, "from": 3, "to": 1, "vc": [35, 29, 33, 33, 33, 35, 39, 33, 31, 22], "hlc": [921719, 11]}
INFO:<Node 4>:{"send": true, "recv": false, "from": 4, "to": 0, "vc": [28, 29, 37, 26, 35, 37, 31, 25, 31, 26], "hlc": [921721, 9]}
INFO:<Node 6>:{"send": true, "recv": false, "from": 6, "to": 4, "vc": [38, 33, 33, 24, 30, 34, 42, 34, 31, 22], "hlc": [921719, 12]}
INFO:<Node 7>:{"send": true, "recv": false, "from": 7, "to": 4, "vc": [30, 29, 33, 24, 30, 34, 35, 35, 31, 22], "hlc": [921719, 9]}
INFO:<Node 8>:{"send": true, "recv": false, "from": 8, "to": 6, "vc": [36, 32, 36, 26, 29, 33, 37, 25, 38, 30], "hlc": [921722, 6]}
INFO:<Node 9>:{"send": true, "recv": false, "from": 9, "to": 1, "vc": [30, 29, 32, 23, 31, 33, 37, 25, 31, 33], "hlc": [921724, 0]}
INFO:<Node 0>:{"send": false, "recv": true, "to": 0, "from": 4, "vc": [40, 29, 37, 26, 35, 37, 35, 34, 31, 26], "hlc": [921721, 10]}
INFO:<Node 1>:{"send": false, "recv": true, "to": 1, "from": 0, "vc": [39, 35, 33, 24, 30, 34, 35, 34, 31, 22], "hlc": [921719, 12]}
INFO:<Node 1>:{"send": false, "recv": true, "to": 1, "from": 3, "vc": [39, 36, 33, 33, 33, 35, 39, 34, 31, 22], "hlc": [921719, 13]}
INFO:<Node 1>:{"send": false, "recv": true, "to": 1, "from": 9, "vc": [39, 37, 33, 33, 33, 35, 39, 34, 31, 33], "hlc": [921724, 1]}
INFO:<Node 4>:{"send": false, "recv": true, "to": 4, "from": 2, "vc": [35, 29, 41, 31, 36, 37, 39, 33, 31, 32], "hlc": [921723, 4]}
INFO:<Node 4>:{"send": false, "recv": true, "to": 4, "from": 6, "vc": [38, 33, 41, 31, 37, 37, 42, 34, 31, 32], "hlc": [921723, 5]}
INFO:<Node 4>:{"send": false, "recv": true, "to": 4, "from": 7, "vc": [38, 33, 41, 31, 38, 37, 42, 35, 31, 32], "hlc": [921723, 6]}
INFO:<Node 6>:{"send": false, "recv": true, "to": 6, "from": 8, "vc": [38, 33, 36, 26, 30, 34, 43, 34, 38, 30], "hlc": [921722, 7]}
INFO:<Node 0>:{"send": true, "recv": false, "from": 0, "to": 9, "vc": [41, 29, 37, 26, 35, 37, 35, 34, 31, 26], "hlc": [921721, 11]}
INFO:<Node 2>:{"send": true, "recv": false, "from": 2, "to": 7, "vc": [35, 29, 42, 31, 31, 34, 39, 33, 31, 32], "hlc": [921723, 4]}
INFO:<Node 4>:{"send": true, "recv": false, "from": 4, "to": 9, "vc": [38, 33, 41, 31, 39, 37, 42, 35, 31, 32], "hlc": [921723, 7]}
INFO:<Node 9>:{"send": true, "recv": false, "from": 9, "to": 6, "vc": [30, 29, 32, 23, 31, 33, 37, 25, 31, 34], "hlc": [921724, 1]}
INFO:<Node 6>:{"send": false, "recv": true, "to": 6, "from": 9, "vc": [38, 33, 36, 26, 31, 34, 44, 34, 38, 34], "hlc": [921724, 2]}
INFO:<Node 7>:{"send": false, "recv": true, "to": 7, "from": 2, "vc": [35, 29, 42, 31, 31, 34, 39, 36, 31, 32], "hlc": [921723, 5]}
INFO:<Node 9>:{"send": false, "recv": true, "to": 9, "from": 0, "vc": [41, 29, 37, 26, 35, 37, 37, 34, 31, 35], "hlc": [921725, 0]}
INFO:<Node 9>:{"send": false, "recv": true, "to": 9, "from": 4, "vc": [41, 33, 41, 31, 39, 37, 42, 35, 31, 36], "hlc": [921725, 1]}
INFO:<Node 1>:{"send": true, "recv": false, "from": 1, "to": 2, "vc": [39, 38, 33, 33, 33, 35, 39, 34, 31, 33], "hlc": [921724, 2]}
INFO:<Node 2>:{"send": true, "recv": false, "from": 2, "to": 7, "vc": [35, 29, 43, 31, 31, 34, 39, 33, 31, 32], "hlc": [921723, 5]}
INFO:<Node 3>:{"send": true, "recv": false, "from": 3, "to": 0, "vc": [35, 29, 33, 34, 33, 35, 39, 33, 31, 22], "hlc": [921719, 12]}
INFO:<Node 4>:{"send": true, "recv": false, "from": 4, "to": 2, "vc": [38, 33, 41, 31, 40, 37, 42, 35, 31, 32], "hlc": [921723, 8]}
INFO:<Node 5>:{"send": true, "recv": false, "from": 5, "to": 4, "vc": [33, 34, 37, 26, 25, 39, 34, 25, 30, 26], "hlc": [921721, 9]}
INFO:<Node 8>:{"send": true, "recv": false, "from": 8, "to": 2, "vc": [36, 32, 36, 26, 29, 33, 37, 25, 39, 30], "hlc": [921722, 7]}
INFO:<Node 9>:{"send": true, "recv": false, "from": 9, "to": 5, "vc": [41, 33, 41, 31, 39, 37, 42, 35, 31, 37], "hlc": [921725, 2]}
INFO:<Node 0>:{"send": false, "recv": true, "to": 0, "from": 3, "vc": [42, 29, 37, 34, 35, 37, 39, 34, 31, 26], "hlc": [921721, 12]}
INFO:<Node 2>:{"send": false, "recv": true, "to": 2, "from": 1, "vc": [39, 38, 44, 33, 33, 35, 39, 34, 31, 33], "hlc": [921724, 3]}
INFO:<Node 2>:{"send": false, "recv": true, "to": 2, "from": 4, "vc": [39, 38, 45, 33, 40, 37, 42, 35, 31, 33], "hlc": [921724, 4]}
INFO:<Node 2>:{"send": false, "recv": true, "to": 2, "from": 8, "vc": [39, 38, 46, 33, 40, 37, 42, 35, 39, 33], "hlc": [921724, 5]}
INFO:<Node 4>:{"send": false, "recv": true, "to": 4, "from": 5, "vc": [38, 34, 41, 31, 41, 39, 42, 35, 31, 32], "hlc": [921723, 9]}
INFO:<Node 5>:{"send": false, "recv": true, "to": 5, "from": 9, "vc": [41, 34, 41, 31, 39, 40, 42, 35, 31, 37], "hlc": [921725, 3]}
INFO:<Node 7>:{"send": false, "recv": true, "to": 7, "from": 2, "vc": [35, 29, 43, 31, 31, 34, 39, 37, 31, 32], "hlc": [921723, 6]}
INFO:<Node 0>:{"send": true, "recv": false, "from": 0, "to": 6, "vc": [43, 29, 37, 34, 35, 37, 39, 34, 31, 26], "hlc": [921721, 13]}
INFO:<Node 5>:{"send": true, "recv": false, "from": 5, "to": 0, "vc": [41, 34, 41, 31, 39, 41, 42, 35, 31, 37], "hlc": [921725, 4]}
INFO:<Node 0>:{"send": false, "recv": true, "to": 0, "from": 5, "vc": [44, 34, 41, 34, 39, 41, 42, 35, 31, 37], "hlc": [921725, 5]}
INFO:<Node 6>:{"send": false, "recv": true, "to": 6, "from": 0, "vc": [43, 33, 37, 34, 35, 37, 45, 34, 38, 34], "hlc": [921724, 3]}
INFO:<Node 0>:{"send": true, "recv": false, "from": 0, "to": 5, "vc": [45, 34, 41, 34, 39, 41, 42, 35, 31, 37], "hlc": [921725, 6]}
INFO:<Node 1>:{"send": true, "recv": false, "from": 1, "to": 4, "vc": [39, 39, 33, 33, 33, 35, 39, 34, 31, 33], "hlc": [921724, 3]}
INFO:<Node 2>:{"send": true, "recv": false, "from": 2, "to": 3, "vc": [39, 38, 47, 33, 40, 37, 42, 35, 39, 33], "hlc": [921724, 6]}
INFO:<Node 3>:{"send": true, "recv": false, "from": 3, "to": 1, "vc": [35, 29, 33, 35, 33, 35, 39, 33, 31, 22], "hlc": [921719, 13]}
INFO:<Node 5>:{"send": true, "recv": false, "from": 5, "to": 3, "vc": [41, 34, 41, 31, 39, 42, 42, 35, 31, 37], "hlc": [921725, 5]}
INFO:<Node 9>:{"send": true, "recv": false, "from": 9, "to": 1, "vc": [41, 33, 41, 31, 39, 37, 42, 35, 31, 38], "hlc": [921726, 0]}
INFO:<Node 1>:{"send": false, "recv": true, "to": 1, "from": 3, "vc": [39, 40, 33, 35, 33, 35, 39, 34, 31, 33], "hlc": [921724, 4]}
INFO:<Node 1>:{"send": false, "recv": true, "to": 1, "from": 9, "vc": [41, 41, 41, 35, 39, 37, 42, 35, 31, 38], "hlc": [921726, 1]}
INFO:<Node 3>:{"send": false, "recv": true, "to": 3, "from": 2, "vc": [39, 38, 47, 36, 40, 37, 42, 35, 39, 33], "hlc": [921724, 7]}
INFO:<Node 3>:{"send": false, "recv": true, "to": 3, "from": 5, "vc": [41, 38, 47, 37, 40, 42, 42, 35, 39, 37], "hlc": [921725, 6]}
INFO:<Node 4>:{"send": false, "recv": true, "to": 4, "from": 1, "vc": [39, 39, 41, 33, 42, 39, 42, 35, 31, 33], "hlc": [921724, 4]}
INFO:<Node 5>:{"send": false, "recv": true, "to": 5, "from": 0, "vc": [45, 34, 41, 34, 39, 43, 42, 35, 31, 37], "hlc": [921725, 7]}
INFO:<Node 0>:{"send": true, "recv": false, "from": 0, "to": 1, "vc": [46, 34, 41, 34, 39, 41, 42, 35, 31, 37], "hlc": [921725, 7]}
INFO:<Node 1>:{"send": true, "recv": false, "from": 1, "to": 6, "vc": [41, 42, 41, 35, 39, 37, 42, 35, 31, 38], "hlc": [921726, 2]}
INFO:<Node 3>:{"send": true, "recv": false, "from": 3, "to": 1, "vc": [41, 38, 47, 38, 40, 42, 42, 35, 39, 37], "hlc": [921725, 7]}
INFO:<Node 4>:{"send": true, "recv": false, "from": 4, "to": 2, "vc": [39, 39, 41, 33, 43, 39, 42, 35, 31, 33], "hlc": [921724, 5]}
INFO:<Node 8>:{"send": true, "recv": false, "from": 8, "to": 4, "vc": [36, 32, 36, 26, 29, 33, 37, 25, 40, 30], "hlc": [921722, 8]}
INFO:<Node 1>:{"send": false, "recv": true, "to": 1, "from": 0, "vc": [46, 43, 41, 35, 39, 41, 42, 35, 31, 38], "hlc": [921726, 3]}
INFO:<Node 1>:{"send": false, "recv": true, "to": 1, "from": 3, "vc": [46, 44, 47, 38, 40, 42, 42, 35, 39, 38], "hlc": [921726, 4]}
INFO:<Node 2>:{"send": false, "recv": true, "to": 2, "from": 4, "vc": [39, 39, 48, 33, 43, 39, 42, 35, 39, 33], "hlc": [921724, 7]}
INFO:<Node 4>:{"send": false, "recv": true, "to": 4, "from": 8, "vc": [39, 39, 41, 33, 44, 39, 42, 35, 40, 33], "hlc": [921724, 6]}
INFO:<Node 6>:{"send": false, "recv": true, "to": 6, "from": 1, "vc": [43, 42, 41, 35, 39, 37, 46, 35, 38, 38], "hlc": [921726, 3]}
INFO:<Node 2>:{"send": true, "recv": false, "from": 2, "to": 0, "vc": [39, 39, 49, 33, 43, 39, 42, 35, 39, 33], "hlc": [921724, 8]}
INFO:<Node 4>:{"send": true, "recv": false, "from": 4, "to": 1, "vc": [39, 39, 41, 33, 45, 39, 42, 35, 40, 33], "hlc": [921724, 7]}
INFO:<Node 6>:{"send": true, "recv": false, "from": 6, "to": 9, "vc": [43, 42, 41, 35, 39, 37, 47, 35, 38, 38], "hlc": [921726, 4]}
INFO:<Node 7>:{"send": true, "recv": false, "from": 7, "to": 4, "vc": [35, 29, 43, 31, 31, 34, 39, 38, 31, 32], "hlc": [921723, 7]}
INFO:<Node 8>:{"send": true, "recv": false, "from": 8, "to": 9, "vc": [36, 32, 36, 26, 29, 33, 37, 25, 41, 30], "hlc": [921722, 9]}
INFO:<Node 9>:{"send": true, "recv": false, "from": 9, "to": 2, "vc": [41, 33, 41, 31, 39, 37, 42, 35, 31, 39], "hlc": [921727, 0]}
INFO:<Node 0>:{"send": false, "recv": true, "to": 0, "from": 2, "vc": [47, 39, 49, 34, 43, 41, 42, 35, 39, 37], "hlc": [921725, 8]}
INFO:<Node 1>:{"send": false, "recv": true, "to": 1, "from": 4, "vc": [46, 45, 47, 38, 45, 42, 42, 35, 40, 38], "hlc": [921726, 5]}
INFO:<Node 2>:{"send": false, "recv": true, "to": 2, "from": 9, "vc": [41, 39, 50, 33, 43, 39, 42, 35, 39, 39], "hlc": [921727, 1]}
INFO:<Node 4>:{"send": false, "recv": true, "to": 4, "from": 7, "vc": [39, 39, 43, 33, 46, 39, 42, 38, 40, 33], "hlc": [921724, 8]}
INFO:<Node 9>:{"send": false, "recv": true, "to": 9, "from": 6, "vc": [43, 42, 41, 35, 39, 37, 47, 35, 38, 40], "hlc": [921728, 0]}
INFO:<Node 9>:{"send": false, "recv": true, "to": 9, "from": 8, "vc": [43, 42, 41, 35, 39, 37, 47, 35, 41, 41], "hlc": [921728, 1]}
INFO:<Node 0>:{"send": true, "recv": false, "from": 0, "to": 2, "vc": [48, 39, 49, 34, 43, 41, 42, 35, 39, 37], "hlc": [921725, 9]}
INFO:<Node 2>:{"send": true, "recv": false, "from": 2, "to": 9, "vc": [41, 39, 51, 33, 43, 39, 42, 35, 39, 39], "hlc": [921727, 2]}
INFO:<Node 3>:{"send": true, "recv": false, "from": 3, "to": 2, "vc": [41, 38, 47, 39, 40, 42, 42, 35, 39, 37], "hlc": [921725, 8]}
INFO:<Node 5>:{"send": true, "recv": false, "from": 5, "to": 6, "vc": [45, 34, 41, 34, 39, 44, 42, 35, 31, 37], "hlc": [921725, 8]}
INFO:<Node 6>:{"send": true, "recv": false, "from": 6, "to": 7, "vc": [43, 42, 41, 35, 39, 37, 48, 35, 38, 38], "hlc": [921726, 5]}
INFO:<Node 7>:{"send": true, "recv": false, "from": 7, "to": 4, "vc": [35, 29, 43, 31, 31, 34, 39, 39, 31, 32], "hlc": [921723, 8]}
INFO:<Node 2>:{"send": false, "recv": true, "to": 2, "from": 0, "vc": [48, 39, 52, 34, 43, 41, 42, 35, 39, 39], "hlc": [921727, 3]}
INFO:<Node 2>:{"send": false, "recv": true, "to": 2, "from": 3, "vc": [48, 39, 53, 39, 43, 42, 42, 35, 39, 39], "hlc": [921727, 4]}
INFO:<Node 4>:{"send": false, "recv": true, "to": 4, "from": 7, "vc": [39, 39, 43, 33, 47, 39, 42, 39, 40, 33], "hlc": [921724, 9]}
INFO:<Node 6>:{"send": false, "recv": true, "to": 6, "from": 5, "vc": [45, 42, 41, 35, 39, 44, 49, 35, 38, 38], "hlc": [921726, 6]}
INFO:<Node 7>:{"send": false, "recv": true, "to": 7, "from": 6, "vc": [43, 42, 43, 35, 39, 37, 48, 40, 38, 38], "hlc": [921726, 6]}
INFO:<Node 9>:{"send": false, "recv": true, "to": 9, "from": 2, "vc": [43, 42, 51, 35, 43, 39, 47, 35, 41, 42], "hlc": [921728, 2]}
INFO:<Node 0>:{"send": true, "recv": false, "from": 0, "to": 6, "vc": [49, 39, 49, 34, 43, 41, 42, 35, 39, 37], "hlc": [921725, 10]}
INFO:<Node 1>:{"send": true, "recv": false, "from": 1, "to": 7, "vc": [46, 46, 47, 38, 45, 42, 42, 35, 40, 38], "hlc": [921726, 6]}
INFO:<Node 2>:{"send": true, "recv": false, "from": 2, "to": 5, "vc": [48, 39, 54, 39, 43, 42, 42, 35, 39, 39], "hlc": [921727, 5]}
INFO:<Node 4>:{"send": true, "recv": false, "from": 4, "to": 1, "vc": [39, 39, 43, 33, 48, 39, 42, 39, 40, 33], "hlc": [921724, 10]}
INFO:<Node 7>:{"send": true, "recv": false, "from": 7, "to": 5, "vc": [43, 42, 43, 35, 39, 37, 48, 41, 38, 38], "hlc": [921726, 7]}
INFO:<Node 8>:{"send": true, "recv": false, "from": 8, "to": 6, "vc": [36, 32, 36, 26, 29, 33, 37, 25, 42, 30], "hlc": [921722, 10]}
INFO:<Node 9>:{"send": true, "recv": false, "from": 9, "to": 0, "vc": [43, 42, 51, 35, 43, 39, 47, 35, 41, 43], "hlc": [921728, 3]}
INFO:<Node 0>:{"send": false, "recv": true, "to": 0, "from": 9, "vc": [50, 42, 51, 35, 43, 41, 47, 35, 41, 43], "hlc": [921728, 4]}
INFO:<Node 1>:{"send": false, "recv": true, "to": 1, "from": 4, "vc": [46, 47, 47, 38, 48, 42, 42, 39, 40, 38], "hlc": [921726, 7]}
INFO:<Node 5>:{"send": false, "recv": true, "to": 5, "from": 2, "vc": [48, 39, 54, 39, 43, 45, 42, 35, 39, 39], "hlc": [921727, 6]}
INFO:<Node 5>:{"send": false, "recv": true, "to": 5, "from": 7, "vc": [48, 42, 54, 39, 43, 46, 48, 41, 39, 39], "hlc": [921727, 7]}
INFO:<Node 6>:{"send": false, "recv": true, "to": 6, "from": 0, "vc": [49, 42, 49, 35, 43, 44, 50, 35, 39, 38], "hlc": [921726, 7]}
INFO:<Node 6>:{"send": false, "recv": true, "to": 6, "from": 8, "vc": [49, 42, 49, 35, 43, 44, 51, 35, 42, 38], "hlc": [921726, 8]}
INFO:<Node 7>:{"send": false, "recv": true, "to": 7, "from": 1, "vc": [46, 46, 47, 38, 45, 42, 48, 42, 40, 38], "hlc": [921726, 8]}
INFO:<Node 0>:{"send": true, "recv": false, "from": 0, "to": 7, "vc": [51, 42, 51, 35, 43, 41, 47, 35, 41, 43], "hlc": [921728, 5]}
INFO:<Node 1>:{"send": true, "recv": false, "from": 1, "to": 8, "vc": [46, 48, 47, 38, 48, 42, 42, 39, 40, 38], "hlc": [921726, 8]}
INFO:<Node 2>:{"send": true, "recv": false, "from": 2, "to": 0, "vc": [48, 39, 55, 39, 43, 42, 42, 35, 39, 39], "hlc": [921727, 6]}
INFO:<Node 4>:{"send": true, "recv": false, "from": 4, "to": 6, "vc": [39, 39, 43, 33, 49, 39, 42, 39, 40, 33], "hlc": [921724, 11]}
INFO:<Node 8>:{"send": true, "recv": false, "from": 8, "to": 2, "vc": [36, 32, 36, 26, 29, 33, 37, 25, 43, 30], "hlc": [921722, 11]}
INFO:<Node 9>:{"send": true, "recv": false, "from": 9, "to": 1, "vc": [43, 42, 51, 35, 43, 39, 47, 35, 41, 44], "hlc": [921729, 0]}
INFO:<Node 0>:{"send": false, "recv": true, "to": 0, "from": 2, "vc": [52, 42, 55, 39, 43, 42, 47, 35, 41, 43], "hlc": [921728, 6]}
INFO:<Node 1>:{"send": false, "recv": true, "to": 1, "from": 9, "vc": [46, 49, 51, 38, 48, 42, 47, 39, 41, 44], "hlc": [921729, 1]}
INFO:<Node 2>:{"send": false, "recv": true, "to": 2, "from": 8, "vc": [48, 39, 56, 39, 43, 42, 42, 35, 43, 39], "hlc": [921727, 7]}
INFO:<Node 6>:{"send": false, "recv": true, "to": 6, "from": 4, "vc": [49, 42, 49, 35, 49, 44, 52, 39, 42, 38], "hlc": [921726, 9]}
INFO:<Node 7>:{"send": false, "recv": true, "to": 7, "from": 0, "vc": [51, 46, 51, 38, 45, 42, 48, 43, 41, 43], "hlc": [921728, 6]}
INFO:<Node 8>:{"send": false, "recv": true, "to": 8, "from": 1, "vc": [46, 48, 47, 38, 48, 42, 42, 39, 44, 38], "hlc": [921726, 9]}
INFO:<Node 4>:{"send": true, "recv": false, "from": 4, "to": 6, "vc": [39, 39, 43, 33, 50, 39, 42, 39, 40, 33], "hlc": [921724, 12]}
INFO:<Node 5>:{"send": true, "recv": false, "from": 5, "to": 4, "vc": [48, 42, 54, 39, 43, 47, 48, 41, 39, 39], "hlc": [921727, 8]}
INFO:<Node 6>:{"send": true, "recv": false, "from": 6, "to": 2, "vc": [49, 42, 49, 35, 49, 44, 53, 39, 42, 38], "hlc": [921726, 10]}
INFO:<Node 7>:{"send": true, "recv": false, "from": 7, "to": 0, "vc": [51, 46, 51, 38, 45, 42, 48, 44, 41, 43], "hlc": [921728, 7]}
INFO:<Node 0>:{"send": false, "recv": true, "to": 0, "from": 7, "vc": [53, 46, 55, 39, 45, 42, 48, 44, 41, 43], "hlc": [921728, 8]}
INFO:<Node 2>:{"send": false, "recv": true, "to": 2, "from": 6, "vc": [49, 42, 57, 39, 49, 44, 53, 39, 43, 39], "hlc": [921727, 8]}
INFO:<Node 4>:{"send": false, "recv": true, "to": 4, "from": 5, "vc": [48, 42, 54, 39, 51, 47, 48, 41, 40, 39], "hlc": [921727, 9]}
INFO:<Node 6>:{"send": false, "recv": true, "to": 6, "from": 4, "vc": [49, 42, 49, 35, 50, 44, 54, 39, 42, 38], "hlc": [921726, 11]}
INFO:<Node 1>:{"send": true, "recv": false, "from": 1, "to": 9, "vc": [46, 50, 51, 38, 48, 42, 47, 39, 41, 44], "hlc": [921729, 2]}
INFO:<Node 3>:{"send": true, "recv": false, "from": 3, "to": 1, "vc": [41, 38, 47, 40, 40, 42, 42, 35, 39, 37], "hlc": [921725, 9]}
INFO:<Node 4>:{"send": true, "recv": false, "from": 4, "to": 1, "vc": [48, 42, 54, 39, 52, 47, 48, 41, 40, 39], "hlc": [921727, 10]}
INFO:<Node 5>:{"send": true, "recv": false, "from": 5, "to": 1, "vc": [48, 42, 54, 39, 43, 48, 48, 41, 39, 39], "hlc": [921727, 9]}
INFO:<Node 6>:{"send": true, "recv": false, "from": 6, "to": 7, "vc": [49, 42, 49, 35, 50, 44, 55, 39, 42, 38], "hlc": [921726, 12]}
INFO:<Node 8>:{"send": true, "recv": false, "from": 8, "to": 3, "vc": [46, 48, 47, 38, 48, 42, 42, 39, 45, 38], "hlc": [921726, 10]}
INFO:<Node 9>:{"send": true, "recv": false, "from": 9, "to": 5, "vc": [43, 42, 51, 35, 43, 39, 47, 35, 41, 45], "hlc": [921730, 0]}
INFO:<Node 1>:{"send": false, "recv": true, "to": 1, "from": 3, "vc": [46, 51, 51, 40, 48, 42, 47, 39, 41, 44], "hlc": [921729, 3]}
INFO:<Node 1>:{"send": false, "recv": true, "to": 1, "from": 4, "vc": [48, 52, 54, 40, 52, 47, 48, 41, 41, 44], "hlc": [921729, 4]}
INFO:<Node 1>:{"send": false, "recv": true, "to": 1, "from": 5, "vc": [48, 53, 54, 40, 52, 48, 48, 41, 41, 44], "hlc": [921729, 5]}
INFO:<Node 3>:{"send": false, "recv": true, "to": 3, "from": 8, "vc": [46, 48, 47, 41, 48, 42, 42, 39, 45, 38], "hlc": [921726, 11]}
INFO:<Node 5>:{"send": false, "recv": true, "to": 5, "from": 9, "vc": [48, 42, 54, 39, 43, 49, 48, 41, 41, 45], "hlc": [921730, 1]}
INFO:<Node 7>:{"send": false, "recv": true, "to": 7, "from": 6, "vc": [51, 46, 51, 38, 50, 44, 55, 45, 42, 43], "hlc": [921728, 8]}
INFO:<Node 9>:{"send": false, "recv": true, "to": 9, "from": 1, "vc": [46, 50, 51, 38, 48, 42, 47, 39, 41, 46], "hlc": [921730, 1]}
INFO:<Node 0>:{"send": true, "recv": false, "from": 0, "to": 3, "vc": [54, 46, 55, 39, 45, 42, 48, 44, 41, 43], "hlc": [921728, 9]}
INFO:<Node 1>:{"send": true, "recv": false, "from": 1, "to": 0, "vc": [48, 54, 54, 40, 52, 48, 48, 41, 41, 44], "hlc": [921729, 6]}
INFO:<Node 2>:{"send": true, "recv": false, "from": 2, "to": 7, "vc": [49, 42, 58, 39, 49, 44, 53, 39, 43, 39], "hlc": [921727, 9]}
INFO:<Node 3>:{"send": true, "recv": false, "from": 3, "to": 9, "vc": [46, 48, 47, 42, 48, 42, 42, 39, 45, 38], "hlc": [921726, 12]}
INFO:<Node 4>:{"send": true, "recv": false, "from": 4, "to": 8, "vc": [48, 42, 54, 39, 53, 47, 48, 41, 40, 39], "hlc": [921727, 11]}
INFO:<Node 7>:{"send": true, "recv": false, "from": 7, "to": 0, "vc": [51, 46, 51, 38, 50, 44, 55, 46, 42, 43], "hlc": [921728, 9]}
INFO:<Node 8>:{"send": true, "recv": false, "from": 8, "to": 7, "vc": [46, 48, 47, 38, 48, 42, 42, 39, 46, 38], "hlc": [921726, 11]}
INFO:<Node 9>:{"send": true, "recv": false, "from": 9, "to": 1, "vc": [46, 50, 51, 38, 48, 42, 47, 39, 41, 47], "hlc": [921730, 2]}
INFO:<Node 0>:{"send": false, "recv": true, "to": 0, "from": 1, "vc": [55, 54, 55, 40, 52, 48, 48, 44, 41, 44], "hlc": [921729, 7]}
INFO:<Node 0>:{"send": false, "recv": true, "to": 0, "from": 7, "vc": [56, 54, 55, 40, 52, 48, 55, 46, 42, 44], "hlc": [921729, 8]}
INFO:<Node 1>:{"send": false, "recv": true, "to": 1, "from": 9, "vc": [48, 55, 54, 40, 52, 48, 48, 41, 41, 47], "hlc": [921730, 3]}
INFO:<Node 3>:{"send": false, "recv": true, "to": 3, "from": 0, "vc": [54, 48, 55, 43, 48, 42, 48, 44, 45, 43], "hlc": [921728, 10]}
INFO:<Node 7>:{"send": false, "recv": true, "to": 7, "from": 2, "vc": [51, 46, 58, 39, 50, 44, 55, 47, 43, 43], "hlc": [921728, 10]}
INFO:<Node 7>:{"send": false, "recv": true, "to": 7, "from": 8, "vc": [51, 48, 58, 39, 50, 44, 55, 48, 46, 43], "hlc": [921728, 11]}
INFO:<Node 8>:{"send": false, "recv": true, "to": 8, "from": 4, "vc": [48, 48, 54, 39, 53, 47, 48, 41, 47, 39], "hlc": [921727, 12]}
INFO:<Node 9>:{"send": false, "recv": true, "to": 9, "from": 3, "vc": [46, 50, 51, 42, 48, 42, 47, 39, 45, 48], "hlc": [921731, 0]}
INFO:<Node 3>:{"send": true, "recv": false, "from": 3, "to": 6, "vc": [54, 48, 55, 44, 48, 42, 48, 44, 45, 43], "hlc": [921728, 11]}
INFO:<Node 4>:{"send": true, "recv": false, "from": 4, "to": 5, "vc": [48, 42, 54, 39, 54, 47, 48, 41, 40, 39], "hlc": [921727, 12]}
INFO:<Node 7>:{"send": true, "recv": false, "from": 7, "to": 1, "vc": [51, 48, 58, 39, 50, 44, 55, 49, 46, 43], "hlc": [921728, 12]}
INFO:<Node 8>:{"send": true, "recv": false, "from": 8, "to": 1, "vc": [48, 48, 54, 39, 53, 47, 48, 41, 48, 39], "hlc": [921727, 13]}
INFO:<Node 9>:{"send": true, "recv": false, "from": 9, "to": 7, "vc": [46, 50, 51, 42, 48, 42, 47, 39, 45, 49], "hlc": [921731, 1]}
INFO:<Node 1>:{"send": false, "recv": true, "to": 1, "from": 7, "vc": [51, 56, 58, 40, 52, 48, 55, 49, 46, 47], "hlc": [921730, 4]}
INFO:<Node 1>:{"send": false, "recv": true, "to": 1, "from": 8, "vc": [51, 57, 58, 40, 53, 48, 55, 49, 48, 47], "hlc": [921730, 5]}
INFO:<Node 5>:{"send": false, "recv": true, "to": 5, "from": 4, "vc": [48, 42, 54, 39, 54, 50, 48, 41, 41, 45], "hlc": [921730, 2]}
INFO:<Node 6>:{"send": false, "recv": true, "to": 6, "from": 3, "vc": [54, 48, 55, 44, 50, 44, 56, 44, 45, 43], "hlc": [921728, 12]}
INFO:<Node 7>:{"send": false, "recv": true, "to": 7, "from": 9, "vc": [51, 50, 58, 42, 50, 44, 55, 50, 46, 49], "hlc": [921731, 2]}
INFO:<Node 2>:{"send": true, "recv": false, "from": 2, "to": 3, "vc": [49, 42, 59, 39, 49, 44, 53, 39, 43, 39], "hlc": [921727, 10]}
INFO:<Node 3>:{"send": true, "recv": false, "from": 3, "to": 8, "vc": [54, 48, 55, 45, 48, 42, 48, 44, 45, 43], "hlc": [921728, 12]}
INFO:<Node 4>:{"send": true, "recv": false, "from": 4, "to": 9, "vc": [48, 42, 54, 39, 55, 47, 48, 41, 40, 39], "hlc": [921727, 13]}
INFO:<Node 5>:{"send": true, "recv": false, "from": 5, "to": 8, "vc": [48, 42, 54, 39, 54, 51, 48, 41, 41, 45], "hlc": [921730, 3]}
INFO:<Node 6>:{"send": true, "recv": false, "from": 6, "to": 3, "vc": [54, 48, 55, 44, 50, 44, 57, 44, 45, 43], "hlc": [921728, 13]}
INFO:<Node 7>:{"send": true, "recv": false, "from": 7, "to": 9, "vc": [51, 50, 58, 42, 50, 44, 55, 51, 46, 49], "hlc": [921731, 3]}
INFO:<Node 9>:{"send": true, "recv": false, "from": 9, "to": 1, "vc": [46, 50, 51, 42, 48, 42, 47, 39, 45, 50], "hlc": [921731, 2]}
INFO:<Node 1>:{"send": false, "recv": true, "to": 1, "from": 9, "vc": [51, 58, 58, 42, 53, 48, 55, 49, 48, 50], "hlc": [921731, 3]}
INFO:<Node 3>:{"send": false, "recv": true, "to": 3, "from": 2, "vc": [54, 48, 59, 46, 49, 44, 53, 44, 45, 43], "hlc": [921728, 13]}
INFO:<Node 3>:{"send": false, "recv": true, "to": 3, "from": 6, "vc": [54, 48, 59, 47, 50, 44, 57, 44, 45, 43], "hlc": [921728, 14]}
INFO:<Node 8>:{"send": false, "recv": true, "to": 8, "from": 3, "vc": [54, 48, 55, 45, 53, 47, 48, 44, 49, 43], "hlc": [921728, 13]}
INFO:<Node 8>:{"send": false, "recv": true, "to": 8, "from": 5, "vc": [54, 48, 55, 45, 54, 51, 48, 44, 50, 45], "hlc": [921730, 4]}
INFO:<Node 9>:{"send": false, "recv": true, "to": 9, "from": 4, "vc": [48, 50, 54, 42, 55, 47, 48, 41, 45, 51], "hlc": [921732, 0]}
INFO:<Node 9>:{"send": false, "recv": true, "to": 9, "from": 7, "vc": [51, 50, 58, 42, 55, 47, 55, 51, 46, 52], "hlc": [921732, 1]}
INFO:<Node 2>:{"send": true, "recv": false, "from": 2, "to": 8, "vc": [49, 42, 60, 39, 49, 44, 53, 39, 43, 39], "hlc": [921727, 11]}
INFO:<Node 3>:{"send": true, "recv": false, "from": 3, "to": 5, "vc": [54, 48, 59, 48, 50, 44, 57, 44, 45, 43], "hlc": [921728, 15]}
INFO:<Node 4>:{"send": true, "recv": false, "from": 4, "to": 9, "vc": [48, 42, 54, 39, 56, 47, 48, 41, 40, 39], "hlc": [921727, 14]}
INFO:<Node 7>:{"send": true, "recv": false, "from": 7, "to": 4, "vc": [51, 50, 58, 42, 50, 44, 55, 52, 46, 49], "hlc": [921731, 4]}
INFO:<Node 9>:{"send": true, "recv": false, "from": 9, "to": 4, "vc": [51, 50, 58, 42, 55, 47, 55, 51, 46, 53], "hlc": [921732, 2]}
INFO:<Node 4>:{"send": false, "recv": true, "to": 4, "from": 7, "vc": [51, 50, 58, 42, 57, 47, 55, 52, 46, 49], "hlc": [921731, 5]}
INFO:<Node 4>:{"send": false, "recv": true, "to": 4, "from": 9, "vc": [51, 50, 58, 42, 58, 47, 55, 52, 46, 53], "hlc": [921732, 3]}
INFO:<Node 5>:{"send": false, "recv": true, "to": 5, "from": 3, "vc": [54, 48, 59, 48, 54, 52, 57, 44, 45, 45], "hlc": [921730, 4]}
INFO:<Node 8>:{"send": false, "recv": true, "to": 8, "from": 2, "vc": [54, 48, 60, 45, 54, 51, 53, 44, 51, 45], "hlc": [921730, 5]}
INFO:<Node 9>:{"send": false, "recv": true, "to": 9, "from": 4, "vc": [51, 50, 58, 42, 56, 47, 55, 51, 46, 54], "hlc": [921732, 3]}
INFO:<Node 0>:{"send": true, "recv": false, "from": 0, "to": 2, "vc": [57, 54, 55, 40, 52, 48, 55, 46, 42, 44], "hlc": [921729, 9]}
INFO:<Node 2>:{"send": true, "recv": false, "from": 2, "to": 5, "vc": [49, 42, 61, 39, 49, 44, 53, 39, 43, 39], "hlc": [921727, 12]}
INFO:<Node 3>:{"send": true, "recv": false, "from": 3, "to": 5, "vc": [54, 48, 59, 49, 50, 44, 57, 44, 45, 43], "hlc": [921728, 16]}
INFO:<Node 4>:{"send": true, "recv": false, "from": 4, "to": 6, "vc": [51, 50, 58, 42, 59, 47, 55, 52, 46, 53], "hlc": [921732, 4]}
INFO:<Node 6>:{"send": true, "recv": false, "from": 6, "to": 2, "vc": [54, 48, 55, 44, 50, 44, 58, 44, 45, 43], "hlc": [921728, 14]}
INFO:<Node 8>:{"send": true, "recv": false, "from": 8, "to": 3, "vc": [54, 48, 60, 45, 54, 51, 53, 44, 52, 45], "hlc": [921730, 6]}
INFO:<Node 2>:{"send": false, "recv": true, "to": 2, "from": 0, "vc": [57, 54, 62, 40, 52, 48, 55, 46, 43, 44], "hlc": [921729, 10]}
INFO:<Node 2>:{"send": false, "recv": true, "to": 2, "from": 6, "vc": [57, 54, 63, 44, 52, 48, 58, 46, 45, 44], "hlc": [921729, 11]}
INFO:<Node 3>:{"send": false, "recv": true, "to": 3, "from": 8, "vc": [54, 48, 60, 50, 54, 51, 57, 44, 52, 45], "hlc": [921730, 7]}
INFO:<Node 5>:{"send": false, "recv": true, "to": 5, "from": 2, "vc": [54, 48, 61, 48, 54, 53, 57, 44, 45, 45], "hlc": [921730, 5]}
INFO:<Node 5>:{"send": false, "recv": true, "to": 5, "from": 3, "vc": [54, 48, 61, 49, 54, 54, 57, 44, 45, 45], "hlc": [921730, 6]}
INFO:<Node 6>:{"send": false, "recv": true, "to": 6, "from": 4, "vc": [54, 50, 58, 44, 59, 47, 59, 52, 46, 53], "hlc": [921732, 5]}
INFO:<Node 0>:{"send": true, "recv": false, "from": 0, "to": 6, "vc": [58, 54, 55, 40, 52, 48, 55, 46, 42, 44], "hlc": [921729, 10]}
INFO:<Node 1>:{"send": true, "recv": false, "from": 1, "to": 0, "vc": [51, 59, 58, 42, 53, 48, 55, 49, 48, 50], "hlc": [921731, 4]}
INFO:<Node 2>:{"send": true, "recv": false, "from": 2, "to": 8, "vc": [57, 54, 64, 44, 52, 48, 58, 46, 45, 44], "hlc": [921729, 12]}
INFO:<Node 3>:{"send": true, "recv": false, "from": 3, "to": 4, "vc": [54, 48, 60, 51, 54, 51, 57, 44, 52, 45], "hlc": [921730, 8]}
INFO:<Node 4>:{"send": true, "recv": false, "from": 4, "to": 0, "vc": [51, 50, 58, 42, 60, 47, 55, 52, 46, 53], "hlc": [921732, 5]}
INFO:<Node 6>:{"send": true, "recv": false, "from": 6, "to": 0, "vc": [54, 50, 58, 44, 59, 47, 60, 52, 46, 53], "hlc": [921732, 6]}
INFO:<Node 7>:{"send": true, "recv": false, "from": 7, "to": 0, "vc": [51, 50, 58, 42, 50, 44, 55, 53, 46, 49], "hlc": [921731, 5]}
INFO:<Node 8>:{"send": true, "recv": false, "from": 8, "to": 0, "vc": [54, 48, 60, 45, 54, 51, 53, 44, 53, 45], "hlc": [921730, 7]}
INFO:<Node 9>:{"send": true, "recv": false, "from": 9, "to": 8, "vc": [51, 50, 58, 42, 56, 47, 55, 51, 46, 55], "hlc": [921733, 0]}
INFO:<Node 0>:{"send": false, "recv": true, "to": 0, "from": 1, "vc": [59, 59, 58, 42, 53, 48, 55, 49, 48, 50], "hlc": [921731, 5]}
INFO:<Node 0>:{"send": false, "recv": true, "to": 0, "from": 4, "vc": [60, 59, 58, 42, 60, 48, 55, 52, 48, 53], "hlc": [921732, 6]}
INFO:<Node 0>:{"send": false, "recv": true, "to": 0, "from": 6, "vc": [61, 59, 58, 44, 60, 48, 60, 52, 48, 53], "hlc": [921732, 7]}
INFO:<Node 0>:{"send": false, "recv": true, "to": 0, "from": 7, "vc": [62, 59, 58, 44, 60, 48, 60, 53, 48, 53], "hlc": [921732, 8]}
INFO:<Node 0>:{"send": false, "recv": true, "to": 0, "from": 8, "vc": [63, 59, 60, 45, 60, 51, 60, 53, 53, 53], "hlc": [921732, 9]}
INFO:<Node 4>:{"send": false, "recv": true, "to": 4, "from": 3, "vc": [54, 50, 60, 51, 61, 51, 57, 52, 52, 53], "hlc": [921732, 6]}
INFO:<Node 6>:{"send": false, "recv": true, "to": 6, "from": 0, "vc": [58, 54, 58, 44, 59, 48, 61, 52, 46, 53], "hlc": [921732, 7]}
INFO:<Node 8>:{"send": false, "recv": true, "to": 8, "from": 2, "vc": [57, 54, 64, 45, 54, 51, 58, 46, 54, 45], "hlc": [921730, 8]}
INFO:<Node 8>:{"send": false, "recv": true, "to": 8, "from": 9, "vc": [57, 54, 64, 45, 56, 51, 58, 51, 55, 55], "hlc": [921733, 1]}
INFO:<Node 0>:{"send": true, "recv": false, "from": 0, "to": 5, "vc": [64, 59, 60, 45, 60, 51, 60, 53, 53, 53], "hlc": [921732, 10]}
INFO:<Node 1>:{"send": true, "recv": false, "from": 1, "to": 6, "vc": [51, 60, 58, 42, 53, 48, 55, 49, 48, 50], "hlc": [921731, 5]}
INFO:<Node 3>:{"send": true, "recv": false, "from": 3, "to": 1, "vc": [54, 48, 60, 52, 54, 51, 57, 44, 52, 45], "hlc": [921730, 9]}
INFO:<Node 5>:{"send": true, "recv": false, "from": 5, "to": 4, "vc": [54, 48, 61, 49, 54, 55, 57, 44, 45, 45], "hlc": [921730, 7]}
INFO:<Node 8>:{"send": true, "recv": false, "from": 8, "to": 2, "vc": [57, 54, 64, 45, 56, 51, 58, 51, 56, 55], "hlc": [921733, 2]}
INFO:<Node 1>:{"send": false, "recv": true, "to": 1, "from": 3, "vc": [54, 61, 60, 52, 54, 51, 57, 49, 52, 50], "hlc": [921731, 6]}
INFO:<Node 2>:{"send": false, "recv": true, "to": 2, "from": 8, "vc": [57, 54, 65, 45, 56, 51, 58, 51, 56, 55], "hlc": [921733, 3]}
INFO:<Node 4>:{"send": false, "recv": true, "to": 4, "from": 5, "vc": [54, 50, 61, 51, 62, 55, 57, 52, 52, 53], "hlc": [921732, 7]}
INFO:<Node 5>:{"send": false, "recv": true, "to": 5, "from": 0, "vc": [64, 59, 61, 49, 60, 56, 60, 53, 53, 53], "hlc": [921732, 11]}
INFO:<Node 6>:{"send": false, "recv": true, "to": 6, "from": 1, "vc": [58, 60, 58, 44, 59, 48, 62, 52, 48, 53], "hlc": [921732, 8]}
INFO:<Node 0>:{"send": true, "recv": false, "from": 0, "to": 7, "vc": [65, 59, 60, 45, 60, 51, 60, 53, 53, 53], "hlc": [921732, 11]}
INFO:<Node 1>:{"send": true, "recv": false, "from": 1, "to": 5, "vc": [54, 62, 60, 52, 54, 51, 57, 49, 52, 50], "hlc": [921731, 7]}
INFO:<Node 3>:{"send": true, "recv": false, "from": 3, "to": 7, "vc": [54, 48, 60, 53, 54, 51, 57, 44, 52, 45], "hlc": [921730, 10]}
INFO:<Node 5>:{"send": true, "recv": false, "from": 5, "to": 7, "vc": [64, 59, 61, 49, 60, 57, 60, 53, 53, 53], "hlc": [921732, 12]}
INFO:<Node 7>:{"send": true, "recv": false, "from": 7, "to": 5, "vc": [51, 50, 58, 42, 50, 44, 55, 54, 46, 49], "hlc": [921731, 6]}
INFO:<Node 8>:{"send": true, "recv": false, "from": 8, "to": 4, "vc": [57, 54, 64, 45, 56, 51, 58, 51, 57, 55], "hlc": [921733, 3]}
INFO:<Node 4>:{"send": false, "recv": true, "to": 4, "from": 8, "vc": [57, 54, 64, 51, 63, 55, 58, 52, 57, 55], "hlc": [921733, 4]}
INFO:<Node 5>:{"send": false, "recv": true, "to": 5, "from": 1, "vc": [64, 62, 61, 52, 60, 58, 60, 53, 53, 53], "hlc": [921732, 13]}
INFO:<Node 5>:{"send": false, "recv": true, "to": 5, "from": 7, "vc": [64, 62, 61, 52, 60, 59, 60, 54, 53, 53], "hlc": [921732, 14]}
INFO:<Node 7>:{"send": false, "recv": true, "to": 7, "from": 0, "vc": [65, 59, 60, 45, 60, 51, 60, 55, 53, 53], "hlc": [921732, 12]}
INFO:<Node 7>:{"send": false, "recv": true, "to": 7, "from": 3, "vc": [65, 59, 60, 53, 60, 51, 60, 56, 53, 53], "hlc": [921732, 13]}
INFO:<Node 7>:{"send": false, "recv": true, "to": 7, "from": 5, "vc": [65, 59, 61, 53, 60, 57, 60, 57, 53, 53], "hlc": [921732, 14]}
INFO:<Node 2>:{"send": true, "recv": false, "from": 2, "to": 8, "vc": [57, 54, 66, 45, 56, 51, 58, 51, 56, 55], "hlc": [921733, 4]}
INFO:<Node 3>:{"send": true, "recv": false, "from": 3, "to": 0, "vc": [54, 48, 60, 54, 54, 51, 57, 44, 52, 45], "hlc": [921730, 11]}
INFO:<Node 8>:{"send": true, "recv": false, "from": 8, "to": 0, "vc": [57, 54, 64, 45, 56, 51, 58, 51, 58, 55], "hlc": [921733, 4]}
INFO:<Node 9>:{"send": true, "recv": false, "from": 9, "to": 0, "vc": [51, 50, 58, 42, 56, 47, 55, 51, 46, 56], "hlc": [921734, 0]}
INFO:<Node 0>:{"send": false, "recv": true, "to": 0, "from": 3, "vc": [66, 59, 60, 54, 60, 51, 60, 53, 53, 53], "hlc": [921732, 12]}
INFO:<Node 0>:{"send": false, "recv": true, "to": 0, "from": 8, "vc": [67, 59, 64, 54, 60, 51, 60, 53, 58, 55], "hlc": [921733, 5]}
INFO:<Node 0>:{"send": false, "recv": true, "to": 0, "from": 9, "vc": [68, 59, 64, 54, 60, 51, 60, 53, 58, 56], "hlc": [921734, 1]}
INFO:<Node 8>:{"send": false, "recv": true, "to": 8, "from": 2, "vc": [57, 54, 66, 45, 56, 51, 58, 51, 59, 55], "hlc": [921733, 5]}
