INFO:root:Random workload: num sockets: 10, num iterations: 50, base address: 39500, chance of send: 3 in 5, round delay (s): 0.5, max clock drift (s): 3.5, actual clock drifts: [-0.48313919518143633, -3.118698743003673, 2.820022420439673, 0.6018766187339608, 1.3632902781589111, 2.3712916049753687, -1.1797308063677479, -1.8421866366211952, -2.933293312555869, 1.508420287669197]
INFO:<Node 0>:{"send": true, "recv": false, "from": 0, "to": 6, "vc": [1, 0, 0, 0, 0, 0, 0, 0, 0, 0], "hlc": [921536, 1]}
INFO:<Node 1>:{"send": true, "recv": false, "from": 1, "to": 3, "vc": [0, 1, 0, 0, 0, 0, 0, 0, 0, 0], "hlc": [921536, 1]}
INFO:<Node 5>:{"send": true, "recv": false, "from": 5, "to": 3, "vc": [0, 0, 0, 0, 0, 1, 0, 0, 0, 0], "hlc": [921538, 0]}
INFO:<Node 6>:{"send": true, "recv": false, "from": 6, "to": 2, "vc": [0, 0, 0, 0, 0, 0, 1, 0, 0, 0], "hlc": [921536, 1]}
INFO:<Node 7>:{"send": true, "recv": false, "from": 7, "to": 3, "vc": [0, 0, 0, 0, 0, 0, 0, 1, 0, 0], "hlc": [921536, 1]}
INFO:<Node 9>:{"send": true, "recv": false, "from": 9, "to": 2, "vc": [0, 0, 0, 0, 0, 0, 0, 0, 0, 1], "hlc": [921538, 0]}
INFO:<Node 2>:{"send": false, "recv": true, "to": 2, "from": 6, "vc": [0, 0, 1, 0, 0, 0, 1, 0, 0, 0], "hlc": [921539, 0]}
INFO:<Node 2>:{"send": false, "recv": true, "to": 2, "from": 9, "vc": [0, 0, 2, 0, 0, 0, 1, 0, 0, 1], "hlc": [921539, 1]}
INFO:<Node 3>:{"send": false, "recv": true, "to": 3, "from": 1, "vc": [0, 1, 0, 1, 0, 0, 0, 0, 0, 0], "hlc": [921537, 0]}
INFO:<Node 3>:{"send": false, "recv": true, "to": 3, "from": 5, "vc": [0, 1, 0, 2, 0, 1, 0, 0, 0, 0], "hlc": [921538, 1]}
INFO:<Node 3>:{"send": false, "recv": true, "to": 3, "from": 7, "vc": [0, 1, 0, 3, 0, 1, 0, 1, 0, 0], "hlc": [921538, 2]}
INFO:<Node 6>:{"send": false, "recv": true, "to": 6, "from": 0, "vc": [1, 0, 0, 0, 0, 0, 2, 0, 0, 0], "hlc": [921536, 2]}
INFO:<Node 0>:{"send": true, "recv": false, "from": 0, "to": 4, "vc": [2, 0, 0, 0, 0, 0, 0, 0, 0, 0], "hlc": [921536, 2]}
INFO:<Node 1>:{"send": true, "recv": false, "from": 1, "to": 9, "vc": [0, 2, 0, 0, 0, 0, 0, 0, 0, 0], "hlc": [921536, 2]}
INFO:<Node 6>:{"send": true, "recv": false, "from": 6, "to": 9, "vc": [1, 0, 0, 0, 0, 0, 3, 0, 0, 0], "hlc": [921536, 3]}
INFO:<Node 7>:{"send": true, "recv": false, "from": 7, "to": 6, "vc": [0, 0, 0, 0, 0, 0, 0, 2, 0, 0], "hlc": [921536, 2]}
INFO:<Node 8>:{"send": true, "recv": false, "from": 8, "to": 3, "vc": [0, 0, 0, 0, 0, 0, 0, 0, 1, 0], "hlc": [921536, 1]}
INFO:<Node 3>:{"send": false, "recv": true, "to": 3, "from": 8, "vc": [0, 1, 0, 4, 0, 1, 0, 1, 1, 0], "hlc": [921538, 3]}
INFO:<Node 4>:{"send": false, "recv": true, "to": 4, "from": 0, "vc": [2, 0, 0, 0, 1, 0, 0, 0, 0, 0], "hlc": [921538, 0]}
INFO:<Node 6>:{"send": false, "recv": true, "to": 6, "from": 7, "vc": [1, 0, 0, 0, 0, 0, 4, 2, 0, 0], "hlc": [921536, 4]}
INFO:<Node 9>:{"send": false, "recv": true, "to": 9, "from": 1, "vc": [0, 2, 0, 0, 0, 0, 0, 0, 0, 2], "hlc": [921539, 0]}
INFO:<Node 9>:{"send": false, "recv": true, "to": 9, "from": 6, "vc": [1, 2, 0, 0, 0, 0, 3, 0, 0, 3], "hlc": [921539, 1]}
INFO:<Node 1>:{"send": true, "recv": false, "from": 1, "to": 9, "vc": [0, 3, 0, 0, 0, 0, 0, 0, 0, 0], "hlc": [921536, 3]}
INFO:<Node 2>:{"send": true, "recv": false, "from": 2, "to": 6, "vc": [0, 0, 3, 0, 0, 0, 1, 0, 0, 1], "hlc": [921540, 0]}
INFO:<Node 4>:{"send": true, "recv": false, "from": 4, "to": 1, "vc": [2, 0, 0, 0, 2, 0, 0, 0, 0, 0], "hlc": [921538, 1]}
INFO:<Node 5>:{"send": true, "recv": false, "from": 5, "to": 6, "vc": [0, 0, 0, 0, 0, 2, 0, 0, 0, 0], "hlc": [921539, 0]}
INFO:<Node 6>:{"send": true, "recv": false, "from": 6, "to": 4, "vc": [1, 0, 0, 0, 0, 0, 5, 2, 0, 0], "hlc": [921536, 5]}
INFO:<Node 9>:{"send": true, "recv": false, "from": 9, "to": 8, "vc": [1, 2, 0, 0, 0, 0, 3, 0, 0, 4], "hlc": [921539, 2]}
INFO:<Node 1>:{"send": false, "recv": true, "to": 1, "from": 4, "vc": [2, 4, 0, 0, 2, 0, 0, 0, 0, 0], "hlc": [921538, 2]}
INFO:<Node 4>:{"send": false, "recv": true, "to": 4, "from": 6, "vc": [2, 0, 0, 0, 3, 0, 5, 2, 0, 0], "hlc": [921539, 0]}
INFO:<Node 6>:{"send": false, "recv": true, "to": 6, "from": 2, "vc": [1, 0, 3, 0, 0, 0, 6, 2, 0, 1], "hlc": [921540, 1]}
INFO:<Node 6>:{"send": false, "recv": true, "to": 6, "from": 5, "vc": [1, 0, 3, 0, 0, 2, 7, 2, 0, 1], "hlc": [921540, 2]}
INFO:<Node 8>:{"send": false, "recv": true, "to": 8, "from": 9, "vc": [1, 2, 0, 0, 0, 0, 3, 0, 2, 4], "hlc": [921539, 3]}
INFO:<Node 9>:{"send": false, "recv": true, "to": 9, "from": 1, "vc": [1, 3, 0, 0, 0, 0, 3, 0, 0, 5], "hlc": [921539, 3]}
INFO:<Node 1>:{"send": true, "recv": false, "from": 1, "to": 3, "vc": [2, 5, 0, 0, 2, 0, 0, 0, 0, 0], "hlc": [921538, 3]}
INFO:<Node 3>:{"send": true, "recv": false, "from": 3, "to": 4, "vc": [0, 1, 0, 5, 0, 1, 0, 1, 1, 0], "hlc": [921538, 4]}
INFO:<Node 4>:{"send": true, "recv": false, "from": 4, "to": 9, "vc": [2, 0, 0, 0, 4, 0, 5, 2, 0, 0], "hlc": [921539, 1]}
INFO:<Node 6>:{"send": true, "recv": false, "from": 6, "to": 2, "vc": [1, 0, 3, 0, 0, 2, 8, 2, 0, 1], "hlc": [921540, 3]}
INFO:<Node 2>:{"send": false, "recv": true, "to": 2, "from": 6, "vc": [1, 0, 4, 0, 0, 2, 8, 2, 0, 1], "hlc": [921541, 0]}
INFO:<Node 3>:{"send": false, "recv": true, "to": 3, "from": 1, "vc": [2, 5, 0, 6, 2, 1, 0, 1, 1, 0], "hlc": [921539, 0]}
INFO:<Node 4>:{"send": false, "recv": true, "to": 4, "from": 3, "vc": [2, 1, 0, 5, 5, 1, 5, 2, 1, 0], "hlc": [921539, 2]}
INFO:<Node 9>:{"send": false, "recv": true, "to": 9, "from": 4, "vc": [2, 3, 0, 0, 4, 0, 5, 2, 0, 6], "hlc": [921540, 0]}
INFO:<Node 0>:{"send": true, "recv": false, "from": 0, "to": 2, "vc": [3, 0, 0, 0, 0, 0, 0, 0, 0, 0], "hlc": [921538, 0]}
INFO:<Node 2>:{"send": true, "recv": false, "from": 2, "to": 1, "vc": [1, 0, 5, 0, 0, 2, 8, 2, 0, 1], "hlc": [921541, 1]}
INFO:<Node 3>:{"send": true, "recv": false, "from": 3, "to": 0, "vc": [2, 5, 0, 7, 2, 1, 0, 1, 1, 0], "hlc": [921539, 1]}
INFO:<Node 4>:{"send": true, "recv": false, "from": 4, "to": 2, "vc": [2, 1, 0, 5, 6, 1, 5, 2, 1, 0], "hlc": [921539, 3]}
INFO:<Node 5>:{"send": true, "recv": false, "from": 5, "to": 1, "vc": [0, 0, 0, 0, 0, 3, 0, 0, 0, 0], "hlc": [921540, 0]}
INFO:<Node 6>:{"send": true, "recv": false, "from": 6, "to": 7, "vc": [1, 0, 3, 0, 0, 2, 9, 2, 0, 1], "hlc": [921540, 4]}
INFO:<Node 7>:{"send": true, "recv": false, "from": 7, "to": 8, "vc": [0, 0, 0, 0, 0, 0, 0, 3, 0, 0], "hlc": [921536, 3]}
INFO:<Node 8>:{"send": true, "recv": false, "from": 8, "to": 3, "vc": [1, 2, 0, 0, 0, 0, 3, 0, 3, 4], "hlc": [921539, 4]}
INFO:<Node 0>:{"send": false, "recv": true, "to": 0, "from": 3, "vc": [4, 5, 0, 7, 2, 1, 0, 1, 1, 0], "hlc": [921539, 2]}
INFO:<Node 1>:{"send": false, "recv": true, "to": 1, "from": 2, "vc": [2, 6, 5, 0, 2, 2, 8, 2, 0, 1], "hlc": [921541, 2]}
INFO:<Node 1>:{"send": false, "recv": true, "to": 1, "from": 5, "vc": [2, 7, 5, 0, 2, 3, 8, 2, 0, 1], "hlc": [921541, 3]}
INFO:<Node 2>:{"send": false, "recv": true, "to": 2, "from": 0, "vc": [3, 0, 6, 0, 0, 2, 8, 2, 0, 1], "hlc": [921541, 2]}
INFO:<Node 2>:{"send": false, "recv": true, "to": 2, "from": 4, "vc": [3, 1, 7, 5, 6, 2, 8, 2, 1, 1], "hlc": [921541, 3]}
INFO:<Node 3>:{"send": false, "recv": true, "to": 3, "from": 8, "vc": [2, 5, 0, 8, 2, 1, 3, 1, 3, 4], "hlc": [921539, 5]}
INFO:<Node 7>:{"send": false, "recv": true, "to": 7, "from": 6, "vc": [1, 0, 3, 0, 0, 2, 9, 4, 0, 1], "hlc": [921540, 5]}
INFO:<Node 8>:{"send": false, "recv": true, "to": 8, "from": 7, "vc": [1, 2, 0, 0, 0, 0, 3, 3, 4, 4], "hlc": [921539, 5]}
INFO:<Node 0>:{"send": true, "recv": false, "from": 0, "to": 2, "vc": [5, 5, 0, 7, 2, 1, 0, 1, 1, 0], "hlc": [921539, 3]}
INFO:<Node 1>:{"send": true, "recv": false, "from": 1, "to": 0, "vc": [2, 8, 5, 0, 2, 3, 8, 2, 0, 1], "hlc": [921541, 4]}
INFO:<Node 2>:{"send": true, "recv": false, "from": 2, "to": 6, "vc": [3, 1, 8, 5, 6, 2, 8, 2, 1, 1], "hlc": [921541, 4]}
INFO:<Node 4>:{"send": true, "recv": false, "from": 4, "to": 2, "vc": [2, 1, 0, 5, 7, 1, 5, 2, 1, 0], "hlc": [921540, 0]}
INFO:<Node 5>:{"send": true, "recv": false, "from": 5, "to": 7, "vc": [0, 0, 0, 0, 0, 4, 0, 0, 0, 0], "hlc": [921541, 0]}
INFO:<Node 6>:{"send": true, "recv": false, "from": 6, "to": 1, "vc": [1, 0, 3, 0, 0, 2, 10, 2, 0, 1], "hlc": [921540, 5]}
INFO:<Node 7>:{"send": true, "recv": false, "from": 7, "to": 6, "vc": [1, 0, 3, 0, 0, 2, 9, 5, 0, 1], "hlc": [921540, 6]}
INFO:<Node 9>:{"send": true, "recv": false, "from": 9, "to": 2, "vc": [2, 3, 0, 0, 4, 0, 5, 2, 0, 7], "hlc": [921540, 1]}
INFO:<Node 0>:{"send": false, "recv": true, "to": 0, "from": 1, "vc": [6, 8, 5, 7, 2, 3, 8, 2, 1, 1], "hlc": [921541, 5]}
INFO:<Node 1>:{"send": false, "recv": true, "to": 1, "from": 6, "vc": [2, 9, 5, 0, 2, 3, 10, 2, 0, 1], "hlc": [921541, 5]}
INFO:<Node 2>:{"send": false, "recv": true, "to": 2, "from": 0, "vc": [5, 5, 9, 7, 6, 2, 8, 2, 1, 1], "hlc": [921542, 0]}
INFO:<Node 2>:{"send": false, "recv": true, "to": 2, "from": 4, "vc": [5, 5, 10, 7, 7, 2, 8, 2, 1, 1], "hlc": [921542, 1]}
INFO:<Node 2>:{"send": false, "recv": true, "to": 2, "from": 9, "vc": [5, 5, 11, 7, 7, 2, 8, 2, 1, 7], "hlc": [921542, 2]}
INFO:<Node 6>:{"send": false, "recv": true, "to": 6, "from": 2, "vc": [3, 1, 8, 5, 6, 2, 11, 2, 1, 1], "hlc": [921541, 5]}
INFO:<Node 6>:{"send": false, "recv": true, "to": 6, "from": 7, "vc": [3, 1, 8, 5, 6, 2, 12, 5, 1, 1], "hlc": [921541, 6]}
INFO:<Node 7>:{"send": false, "recv": true, "to": 7, "from": 5, "vc": [1, 0, 3, 0, 0, 4, 9, 6, 0, 1], "hlc": [921541, 1]}
INFO:<Node 0>:{"send": true, "recv": false, "from": 0, "to": 4, "vc": [7, 8, 5, 7, 2, 3, 8, 2, 1, 1], "hlc": [921541, 6]}
INFO:<Node 2>:{"send": true, "recv": false, "from": 2, "to": 4, "vc": [5, 5, 12, 7, 7, 2, 8, 2, 1, 7], "hlc": [921542, 3]}
INFO:<Node 3>:{"send": true, "recv": false, "from": 3, "to": 1, "vc": [2, 5, 0, 9, 2, 1, 3, 1, 3, 4], "hlc": [921540, 0]}
INFO:<Node 4>:{"send": true, "recv": false, "from": 4, "to": 5, "vc": [2, 1, 0, 5, 8, 1, 5, 2, 1, 0], "hlc": [921540, 1]}
INFO:<Node 6>:{"send": true, "recv": false, "from": 6, "to": 2, "vc": [3, 1, 8, 5, 6, 2, 13, 5, 1, 1], "hlc": [921541, 7]}
INFO:<Node 7>:{"send": true, "recv": false, "from": 7, "to": 0, "vc": [1, 0, 3, 0, 0, 4, 9, 7, 0, 1], "hlc": [921541, 2]}
INFO:<Node 8>:{"send": true, "recv": false, "from": 8, "to": 1, "vc": [1, 2, 0, 0, 0, 0, 3, 3, 5, 4], "hlc": [921539, 6]}
INFO:<Node 0>:{"send": false, "recv": true, "to": 0, "from": 7, "vc": [8, 8, 5, 7, 2, 4, 9, 7, 1, 1], "hlc": [921541, 7]}
INFO:<Node 1>:{"send": false, "recv": true, "to": 1, "from": 3, "vc": [2, 10, 5, 9, 2, 3, 10, 2, 3, 4], "hlc": [921541, 6]}
INFO:<Node 1>:{"send": false, "recv": true, "to": 1, "from": 8, "vc": [2, 11, 5, 9, 2, 3, 10, 3, 5, 4], "hlc": [921541, 7]}
INFO:<Node 2>:{"send": false, "recv": true, "to": 2, "from": 6, "vc": [5, 5, 13, 7, 7, 2, 13, 5, 1, 7], "hlc": [921542, 4]}
INFO:<Node 4>:{"send": false, "recv": true, "to": 4, "from": 0, "vc": [7, 8, 5, 7, 9, 3, 8, 2, 1, 1], "hlc": [921541, 7]}
INFO:<Node 4>:{"send": false, "recv": true, "to": 4, "from": 2, "vc": [7, 8, 12, 7, 10, 3, 8, 2, 1, 7], "hlc": [921542, 4]}
INFO:<Node 5>:{"send": false, "recv": true, "to": 5, "from": 4, "vc": [2, 1, 0, 5, 8, 5, 5, 2, 1, 0], "hlc": [921542, 0]}
INFO:<Node 0>:{"send": true, "recv": false, "from": 0, "to": 9, "vc": [9, 8, 5, 7, 2, 4, 9, 7, 1, 1], "hlc": [921541, 8]}
INFO:<Node 1>:{"send": true, "recv": false, "from": 1, "to": 9, "vc": [2, 12, 5, 9, 2, 3, 10, 3, 5, 4], "hlc": [921541, 8]}
INFO:<Node 3>:{"send": true, "recv": false, "from": 3, "to": 5, "vc": [2, 5, 0, 10, 2, 1, 3, 1, 3, 4], "hlc": [921540, 1]}
INFO:<Node 4>:{"send": true, "recv": false, "from": 4, "to": 5, "vc": [7, 8, 12, 7, 11, 3, 8, 2, 1, 7], "hlc": [921542, 5]}
INFO:<Node 6>:{"send": true, "recv": false, "from": 6, "to": 3, "vc": [3, 1, 8, 5, 6, 2, 14, 5, 1, 1], "hlc": [921541, 8]}
INFO:<Node 7>:{"send": true, "recv": false, "from": 7, "to": 1, "vc": [1, 0, 3, 0, 0, 4, 9, 8, 0, 1], "hlc": [921541, 3]}
INFO:<Node 9>:{"send": true, "recv": false, "from": 9, "to": 2, "vc": [2, 3, 0, 0, 4, 0, 5, 2, 0, 8], "hlc": [921541, 0]}
INFO:<Node 1>:{"send": false, "recv": true, "to": 1, "from": 7, "vc": [2, 13, 5, 9, 2, 4, 10, 8, 5, 4], "hlc": [921541, 9]}
INFO:<Node 2>:{"send": false, "recv": true, "to": 2, "from": 9, "vc": [5, 5, 14, 7, 7, 2, 13, 5, 1, 8], "hlc": [921543, 0]}
INFO:<Node 3>:{"send": false, "recv": true, "to": 3, "from": 6, "vc": [3, 5, 8, 11, 6, 2, 14, 5, 3, 4], "hlc": [921541, 9]}
INFO:<Node 5>:{"send": false, "recv": true, "to": 5, "from": 3, "vc": [2, 5, 0, 10, 8, 6, 5, 2, 3, 4], "hlc": [921542, 1]}
INFO:<Node 5>:{"send": false, "recv": true, "to": 5, "from": 4, "vc": [7, 8, 12, 10, 11, 7, 8, 2, 3, 7], "hlc": [921542, 6]}
INFO:<Node 9>:{"send": false, "recv": true, "to": 9, "from": 0, "vc": [9, 8, 5, 7, 4, 4, 9, 7, 1, 9], "hlc": [921542, 0]}
INFO:<Node 9>:{"send": false, "recv": true, "to": 9, "from": 1, "vc": [9, 12, 5, 9, 4, 4, 10, 7, 5, 10], "hlc": [921542, 1]}
INFO:<Node 0>:{"send": true, "recv": false, "from": 0, "to": 7, "vc": [10, 8, 5, 7, 2, 4, 9, 7, 1, 1], "hlc": [921541, 9]}
INFO:<Node 1>:{"send": true, "recv": false, "from": 1, "to": 0, "vc": [2, 14, 5, 9, 2, 4, 10, 8, 5, 4], "hlc": [921541, 10]}
INFO:<Node 2>:{"send": true, "recv": false, "from": 2, "to": 4, "vc": [5, 5, 15, 7, 7, 2, 13, 5, 1, 8], "hlc": [921543, 1]}
INFO:<Node 5>:{"send": true, "recv": false, "from": 5, "to": 9, "vc": [7, 8, 12, 10, 11, 8, 8, 2, 3, 7], "hlc": [921542, 7]}
INFO:<Node 6>:{"send": true, "recv": false, "from": 6, "to": 8, "vc": [3, 1, 8, 5, 6, 2, 15, 5, 1, 1], "hlc": [921541, 9]}
INFO:<Node 0>:{"send": false, "recv": true, "to": 0, "from": 1, "vc": [11, 14, 5, 9, 2, 4, 10, 8, 5, 4], "hlc": [921541, 11]}
INFO:<Node 4>:{"send": false, "recv": true, "to": 4, "from": 2, "vc": [7, 8, 15, 7, 12, 3, 13, 5, 1, 8], "hlc": [921543, 2]}
INFO:<Node 7>:{"send": false, "recv": true, "to": 7, "from": 0, "vc": [10, 8, 5, 7, 2, 4, 9, 9, 1, 1], "hlc": [921541, 10]}
INFO:<Node 8>:{"send": false, "recv": true, "to": 8, "from": 6, "vc": [3, 2, 8, 5, 6, 2, 15, 5, 6, 4], "hlc": [921541, 10]}
INFO:<Node 9>:{"send": false, "recv": true, "to": 9, "from": 5, "vc": [9, 12, 12, 10, 11, 8, 10, 7, 5, 11], "hlc": [921542, 8]}
INFO:<Node 0>:{"send": true, "recv": false, "from": 0, "to": 7, "vc": [12, 14, 5, 9, 2, 4, 10, 8, 5, 4], "hlc": [921541, 12]}
INFO:<Node 1>:{"send": true, "recv": false, "from": 1, "to": 7, "vc": [2, 15, 5, 9, 2, 4, 10, 8, 5, 4], "hlc": [921541, 11]}
INFO:<Node 2>:{"send": true, "recv": false, "from": 2, "to": 4, "vc": [5, 5, 16, 7, 7, 2, 13, 5, 1, 8], "hlc": [921543, 2]}
INFO:<Node 4>:{"send": true, "recv": false, "from": 4, "to": 7, "vc": [7, 8, 15, 7, 13, 3, 13, 5, 1, 8], "hlc": [921543, 3]}
INFO:<Node 5>:{"send": true, "recv": false, "from": 5, "to": 2, "vc": [7, 8, 12, 10, 11, 9, 8, 2, 3, 7], "hlc": [921543, 0]}
INFO:<Node 6>:{"send": true, "recv": false, "from": 6, "to": 9, "vc": [3, 1, 8, 5, 6, 2, 16, 5, 1, 1], "hlc": [921541, 10]}
INFO:<Node 8>:{"send": true, "recv": false, "from": 8, "to": 2, "vc": [3, 2, 8, 5, 6, 2, 15, 5, 7, 4], "hlc": [921541, 11]}
INFO:<Node 2>:{"send": false, "recv": true, "to": 2, "from": 5, "vc": [7, 8, 17, 10, 11, 9, 13, 5, 3, 8], "hlc": [921544, 0]}
INFO:<Node 2>:{"send": false, "recv": true, "to": 2, "from": 8, "vc": [7, 8, 18, 10, 11, 9, 15, 5, 7, 8], "hlc": [921544, 1]}
INFO:<Node 4>:{"send": false, "recv": true, "to": 4, "from": 2, "vc": [7, 8, 16, 7, 14, 3, 13, 5, 1, 8], "hlc": [921543, 4]}
INFO:<Node 7>:{"send": false, "recv": true, "to": 7, "from": 0, "vc": [12, 14, 5, 9, 2, 4, 10, 10, 5, 4], "hlc": [921541, 13]}
INFO:<Node 7>:{"send": false, "recv": true, "to": 7, "from": 1, "vc": [12, 15, 5, 9, 2, 4, 10, 11, 5, 4], "hlc": [921541, 14]}
INFO:<Node 7>:{"send": false, "recv": true, "to": 7, "from": 4, "vc": [12, 15, 15, 9, 13, 4, 13, 12, 5, 8], "hlc": [921543, 4]}
INFO:<Node 9>:{"send": false, "recv": true, "to": 9, "from": 6, "vc": [9, 12, 12, 10, 11, 8, 16, 7, 5, 12], "hlc": [921543, 0]}
INFO:<Node 0>:{"send": true, "recv": false, "from": 0, "to": 6, "vc": [13, 14, 5, 9, 2, 4, 10, 8, 5, 4], "hlc": [921541, 13]}
INFO:<Node 1>:{"send": true, "recv": false, "from": 1, "to": 2, "vc": [2, 16, 5, 9, 2, 4, 10, 8, 5, 4], "hlc": [921541, 12]}
INFO:<Node 2>:{"send": true, "recv": false, "from": 2, "to": 8, "vc": [7, 8, 19, 10, 11, 9, 15, 5, 7, 8], "hlc": [921544, 2]}
INFO:<Node 3>:{"send": true, "recv": false, "from": 3, "to": 9, "vc": [3, 5, 8, 12, 6, 2, 14, 5, 3, 4], "hlc": [921542, 0]}
INFO:<Node 5>:{"send": true, "recv": false, "from": 5, "to": 6, "vc": [7, 8, 12, 10, 11, 10, 8, 2, 3, 7], "hlc": [921543, 1]}
INFO:<Node 6>:{"send": true, "recv": false, "from": 6, "to": 2, "vc": [3, 1, 8, 5, 6, 2, 17, 5, 1, 1], "hlc": [921541, 11]}
INFO:<Node 9>:{"send": true, "recv": false, "from": 9, "to": 5, "vc": [9, 12, 12, 10, 11, 8, 16, 7, 5, 13], "hlc": [921543, 1]}
INFO:<Node 2>:{"send": false, "recv": true, "to": 2, "from": 1, "vc": [7, 16, 20, 10, 11, 9, 15, 8, 7, 8], "hlc": [921544, 3]}
INFO:<Node 2>:{"send": false, "recv": true, "to": 2, "from": 6, "vc": [7, 16, 21, 10, 11, 9, 17, 8, 7, 8], "hlc": [921544, 4]}
INFO:<Node 5>:{"send": false, "recv": true, "to": 5, "from": 9, "vc": [9, 12, 12, 10, 11, 11, 16, 7, 5, 13], "hlc": [921544, 0]}
INFO:<Node 6>:{"send": false, "recv": true, "to": 6, "from": 0, "vc": [13, 14, 8, 9, 6, 4, 18, 8, 5, 4], "hlc": [921541, 14]}
INFO:<Node 6>:{"send": false, "recv": true, "to": 6, "from": 5, "vc": [13, 14, 12, 10, 11, 10, 19, 8, 5, 7], "hlc": [921543, 2]}
INFO:<Node 8>:{"send": false, "recv": true, "to": 8, "from": 2, "vc": [7, 8, 19, 10, 11, 9, 15, 5, 8, 8], "hlc": [921544, 3]}
INFO:<Node 9>:{"send": false, "recv": true, "to": 9, "from": 3, "vc": [9, 12, 12, 12, 11, 8, 16, 7, 5, 14], "hlc": [921543, 2]}
INFO:<Node 1>:{"send": true, "recv": false, "from": 1, "to": 6, "vc": [2, 17, 5, 9, 2, 4, 10, 8, 5, 4], "hlc": [921541, 13]}
INFO:<Node 4>:{"send": true, "recv": false, "from": 4, "to": 5, "vc": [7, 8, 16, 7, 15, 3, 13, 5, 1, 8], "hlc": [921543, 5]}
INFO:<Node 7>:{"send": true, "recv": false, "from": 7, "to": 2, "vc": [12, 15, 15, 9, 13, 4, 13, 13, 5, 8], "hlc": [921543, 5]}
INFO:<Node 9>:{"send": true, "recv": false, "from": 9, "to": 6, "vc": [9, 12, 12, 12, 11, 8, 16, 7, 5, 15], "hlc": [921543, 3]}
INFO:<Node 2>:{"send": false, "recv": true, "to": 2, "from": 7, "vc": [12, 16, 22, 10, 13, 9, 17, 13, 7, 8], "hlc": [921545, 0]}
INFO:<Node 5>:{"send": false, "recv": true, "to": 5, "from": 4, "vc": [9, 12, 16, 10, 15, 12, 16, 7, 5, 13], "hlc": [921544, 1]}
INFO:<Node 6>:{"send": false, "recv": true, "to": 6, "from": 1, "vc": [13, 17, 12, 10, 11, 10, 20, 8, 5, 7], "hlc": [921543, 3]}
INFO:<Node 6>:{"send": false, "recv": true, "to": 6, "from": 9, "vc": [13, 17, 12, 12, 11, 10, 21, 8, 5, 15], "hlc": [921543, 4]}
INFO:<Node 1>:{"send": true, "recv": false, "from": 1, "to": 2, "vc": [2, 18, 5, 9, 2, 4, 10, 8, 5, 4], "hlc": [921541, 14]}
INFO:<Node 2>:{"send": true, "recv": false, "from": 2, "to": 9, "vc": [12, 16, 23, 10, 13, 9, 17, 13, 7, 8], "hlc": [921545, 1]}
INFO:<Node 3>:{"send": true, "recv": false, "from": 3, "to": 2, "vc": [3, 5, 8, 13, 6, 2, 14, 5, 3, 4], "hlc": [921543, 0]}
INFO:<Node 4>:{"send": true, "recv": false, "from": 4, "to": 8, "vc": [7, 8, 16, 7, 16, 3, 13, 5, 1, 8], "hlc": [921543, 6]}
INFO:<Node 6>:{"send": true, "recv": false, "from": 6, "to": 3, "vc": [13, 17, 12, 12, 11, 10, 22, 8, 5, 15], "hlc": [921543, 5]}
INFO:<Node 8>:{"send": true, "recv": false, "from": 8, "to": 0, "vc": [7, 8, 19, 10, 11, 9, 15, 5, 9, 8], "hlc": [921544, 4]}
INFO:<Node 0>:{"send": false, "recv": true, "to": 0, "from": 8, "vc": [14, 14, 19, 10, 11, 9, 15, 8, 9, 8], "hlc": [921544, 5]}
INFO:<Node 2>:{"send": false, "recv": true, "to": 2, "from": 1, "vc": [12, 18, 24, 10, 13, 9, 17, 13, 7, 8], "hlc": [921545, 2]}
INFO:<Node 2>:{"send": false, "recv": true, "to": 2, "from": 3, "vc": [12, 18, 25, 13, 13, 9, 17, 13, 7, 8], "hlc": [921545, 3]}
INFO:<Node 3>:{"send": false, "recv": true, "to": 3, "from": 6, "vc": [13, 17, 12, 14, 11, 10, 22, 8, 5, 15], "hlc": [921543, 6]}
INFO:<Node 8>:{"send": false, "recv": true, "to": 8, "from": 4, "vc": [7, 8, 19, 10, 16, 9, 15, 5, 10, 8], "hlc": [921544, 5]}
INFO:<Node 9>:{"send": false, "recv": true, "to": 9, "from": 2, "vc": [12, 16, 23, 12, 13, 9, 17, 13, 7, 16], "hlc": [921545, 2]}
INFO:<Node 0>:{"send": true, "recv": false, "from": 0, "to": 8, "vc": [15, 14, 19, 10, 11, 9, 15, 8, 9, 8], "hlc": [921544, 6]}
INFO:<Node 2>:{"send": true, "recv": false, "from": 2, "to": 7, "vc": [12, 18, 26, 13, 13, 9, 17, 13, 7, 8], "hlc": [921545, 4]}
INFO:<Node 4>:{"send": true, "recv": false, "from": 4, "to": 8, "vc": [7, 8, 16, 7, 17, 3, 13, 5, 1, 8], "hlc": [921544, 0]}
INFO:<Node 5>:{"send": true, "recv": false, "from": 5, "to": 8, "vc": [9, 12, 16, 10, 15, 13, 16, 7, 5, 13], "hlc": [921545, 0]}
INFO:<Node 6>:{"send": true, "recv": false, "from": 6, "to": 7, "vc": [13, 17, 12, 12, 11, 10, 23, 8, 5, 15], "hlc": [921543, 6]}
INFO:<Node 7>:{"send": true, "recv": false, "from": 7, "to": 0, "vc": [12, 15, 15, 9, 13, 4, 13, 14, 5, 8], "hlc": [921543, 6]}
INFO:<Node 9>:{"send": true, "recv": false, "from": 9, "to": 4, "vc": [12, 16, 23, 12, 13, 9, 17, 13, 7, 17], "hlc": [921545, 3]}
INFO:<Node 0>:{"send": false, "recv": true, "to": 0, "from": 7, "vc": [16, 15, 19, 10, 13, 9, 15, 14, 9, 8], "hlc": [921544, 7]}
INFO:<Node 4>:{"send": false, "recv": true, "to": 4, "from": 9, "vc": [12, 16, 23, 12, 18, 9, 17, 13, 7, 17], "hlc": [921545, 4]}
INFO:<Node 7>:{"send": false, "recv": true, "to": 7, "from": 2, "vc": [12, 18, 26, 13, 13, 9, 17, 15, 7, 8], "hlc": [921545, 5]}
INFO:<Node 7>:{"send": false, "recv": true, "to": 7, "from": 6, "vc": [13, 18, 26, 13, 13, 10, 23, 16, 7, 15], "hlc": [921545, 6]}
INFO:<Node 8>:{"send": false, "recv": true, "to": 8, "from": 0, "vc": [15, 14, 19, 10, 16, 9, 15, 8, 11, 8], "hlc": [921544, 7]}
INFO:<Node 8>:{"send": false, "recv": true, "to": 8, "from": 4, "vc": [15, 14, 19, 10, 17, 9, 15, 8, 12, 8], "hlc": [921544, 8]}
INFO:<Node 8>:{"send": false, "recv": true, "to": 8, "from": 5, "vc": [15, 14, 19, 10, 17, 13, 16, 8, 13, 13], "hlc": [921545, 1]}
INFO:<Node 0>:{"send": true, "recv": false, "from": 0, "to": 6, "vc": [17, 15, 19, 10, 13, 9, 15, 14, 9, 8], "hlc": [921544, 8]}
INFO:<Node 4>:{"send": true, "recv": false, "from": 4, "to": 7, "vc": [12, 16, 23, 12, 19, 9, 17, 13, 7, 17], "hlc": [921545, 5]}
INFO:<Node 5>:{"send": true, "recv": false, "from": 5, "to": 0, "vc": [9, 12, 16, 10, 15, 14, 16, 7, 5, 13], "hlc": [921545, 1]}
INFO:<Node 6>:{"send": true, "recv": false, "from": 6, "to": 9, "vc": [13, 17, 12, 12, 11, 10, 24, 8, 5, 15], "hlc": [921543, 7]}
INFO:<Node 7>:{"send": true, "recv": false, "from": 7, "to": 5, "vc": [13, 18, 26, 13, 13, 10, 23, 17, 7, 15], "hlc": [921545, 7]}
INFO:<Node 8>:{"send": true, "recv": false, "from": 8, "to": 9, "vc": [15, 14, 19, 10, 17, 13, 16, 8, 14, 13], "hlc": [921545, 2]}
INFO:<Node 9>:{"send": true, "recv": false, "from": 9, "to": 4, "vc": [12, 16, 23, 12, 13, 9, 17, 13, 7, 18], "hlc": [921545, 4]}
INFO:<Node 0>:{"send": false, "recv": true, "to": 0, "from": 5, "vc": [18, 15, 19, 10, 15, 14, 16, 14, 9, 13], "hlc": [921545, 2]}
INFO:<Node 4>:{"send": false, "recv": true, "to": 4, "from": 9, "vc": [12, 16, 23, 12, 20, 9, 17, 13, 7, 18], "hlc": [921545, 6]}
INFO:<Node 5>:{"send": false, "recv": true, "to": 5, "from": 7, "vc": [13, 18, 26, 13, 15, 15, 23, 17, 7, 15], "hlc": [921546, 0]}
INFO:<Node 6>:{"send": false, "recv": true, "to": 6, "from": 0, "vc": [17, 17, 19, 12, 13, 10, 25, 14, 9, 15], "hlc": [921544, 9]}
INFO:<Node 7>:{"send": false, "recv": true, "to": 7, "from": 4, "vc": [13, 18, 26, 13, 19, 10, 23, 18, 7, 17], "hlc": [921545, 8]}
INFO:<Node 9>:{"send": false, "recv": true, "to": 9, "from": 6, "vc": [13, 17, 23, 12, 13, 10, 24, 13, 7, 19], "hlc": [921545, 5]}
INFO:<Node 9>:{"send": false, "recv": true, "to": 9, "from": 8, "vc": [15, 17, 23, 12, 17, 13, 24, 13, 14, 20], "hlc": [921545, 6]}
INFO:<Node 1>:{"send": true, "recv": false, "from": 1, "to": 7, "vc": [2, 19, 5, 9, 2, 4, 10, 8, 5, 4], "hlc": [921541, 15]}
INFO:<Node 2>:{"send": true, "recv": false, "from": 2, "to": 8, "vc": [12, 18, 27, 13, 13, 9, 17, 13, 7, 8], "hlc": [921546, 0]}
INFO:<Node 3>:{"send": true, "recv": false, "from": 3, "to": 8, "vc": [13, 17, 12, 15, 11, 10, 22, 8, 5, 15], "hlc": [921544, 0]}
INFO:<Node 4>:{"send": true, "recv": false, "from": 4, "to": 5, "vc": [12, 16, 23, 12, 21, 9, 17, 13, 7, 18], "hlc": [921545, 7]}
INFO:<Node 8>:{"send": true, "recv": false, "from": 8, "to": 1, "vc": [15, 14, 19, 10, 17, 13, 16, 8, 15, 13], "hlc": [921545, 3]}
INFO:<Node 1>:{"send": false, "recv": true, "to": 1, "from": 8, "vc": [15, 20, 19, 10, 17, 13, 16, 8, 15, 13], "hlc": [921545, 4]}
INFO:<Node 5>:{"send": false, "recv": true, "to": 5, "from": 4, "vc": [13, 18, 26, 13, 21, 16, 23, 17, 7, 18], "hlc": [921546, 1]}
INFO:<Node 7>:{"send": false, "recv": true, "to": 7, "from": 1, "vc": [13, 19, 26, 13, 19, 10, 23, 19, 7, 17], "hlc": [921545, 9]}
INFO:<Node 8>:{"send": false, "recv": true, "to": 8, "from": 2, "vc": [15, 18, 27, 13, 17, 13, 17, 13, 16, 13], "hlc": [921546, 1]}
INFO:<Node 8>:{"send": false, "recv": true, "to": 8, "from": 3, "vc": [15, 18, 27, 15, 17, 13, 22, 13, 17, 15], "hlc": [921546, 2]}
INFO:<Node 0>:{"send": true, "recv": false, "from": 0, "to": 5, "vc": [19, 15, 19, 10, 15, 14, 16, 14, 9, 13], "hlc": [921545, 3]}
INFO:<Node 3>:{"send": true, "recv": false, "from": 3, "to": 8, "vc": [13, 17, 12, 16, 11, 10, 22, 8, 5, 15], "hlc": [921545, 0]}
INFO:<Node 4>:{"send": true, "recv": false, "from": 4, "to": 7, "vc": [12, 16, 23, 12, 22, 9, 17, 13, 7, 18], "hlc": [921545, 8]}
INFO:<Node 6>:{"send": true, "recv": false, "from": 6, "to": 2, "vc": [17, 17, 19, 12, 13, 10, 26, 14, 9, 15], "hlc": [921544, 10]}
INFO:<Node 7>:{"send": true, "recv": false, "from": 7, "to": 4, "vc": [13, 19, 26, 13, 19, 10, 23, 20, 7, 17], "hlc": [921545, 10]}
INFO:<Node 8>:{"send": true, "recv": false, "from": 8, "to": 4, "vc": [15, 18, 27, 15, 17, 13, 22, 13, 18, 15], "hlc": [921546, 3]}
INFO:<Node 2>:{"send": false, "recv": true, "to": 2, "from": 6, "vc": [17, 18, 28, 13, 13, 10, 26, 14, 9, 15], "hlc": [921547, 0]}
INFO:<Node 4>:{"send": false, "recv": true, "to": 4, "from": 7, "vc": [13, 19, 26, 13, 23, 10, 23, 20, 7, 18], "hlc": [921546, 0]}
INFO:<Node 4>:{"send": false, "recv": true, "to": 4, "from": 8, "vc": [15, 19, 27, 15, 24, 13, 23, 20, 18, 18], "hlc": [921546, 4]}
INFO:<Node 5>:{"send": false, "recv": true, "to": 5, "from": 0, "vc": [19, 18, 26, 13, 21, 17, 23, 17, 9, 18], "hlc": [921547, 0]}
INFO:<Node 7>:{"send": false, "recv": true, "to": 7, "from": 4, "vc": [13, 19, 26, 13, 22, 10, 23, 21, 7, 18], "hlc": [921545, 11]}
INFO:<Node 8>:{"send": false, "recv": true, "to": 8, "from": 3, "vc": [15, 18, 27, 16, 17, 13, 22, 13, 19, 15], "hlc": [921546, 4]}
INFO:<Node 0>:{"send": true, "recv": false, "from": 0, "to": 9, "vc": [20, 15, 19, 10, 15, 14, 16, 14, 9, 13], "hlc": [921545, 4]}
INFO:<Node 1>:{"send": true, "recv": false, "from": 1, "to": 7, "vc": [15, 21, 19, 10, 17, 13, 16, 8, 15, 13], "hlc": [921545, 5]}
INFO:<Node 2>:{"send": true, "recv": false, "from": 2, "to": 4, "vc": [17, 18, 29, 13, 13, 10, 26, 14, 9, 15], "hlc": [921547, 1]}
INFO:<Node 3>:{"send": true, "recv": false, "from": 3, "to": 6, "vc": [13, 17, 12, 17, 11, 10, 22, 8, 5, 15], "hlc": [921545, 1]}
INFO:<Node 7>:{"send": true, "recv": false, "from": 7, "to": 2, "vc": [13, 19, 26, 13, 22, 10, 23, 22, 7, 18], "hlc": [921545, 12]}
INFO:<Node 9>:{"send": true, "recv": false, "from": 9, "to": 6, "vc": [15, 17, 23, 12, 17, 13, 24, 13, 14, 21], "hlc": [921546, 0]}
INFO:<Node 2>:{"send": false, "recv": true, "to": 2, "from": 7, "vc": [17, 19, 30, 13, 22, 10, 26, 22, 9, 18], "hlc": [921548, 0]}
INFO:<Node 4>:{"send": false, "recv": true, "to": 4, "from": 2, "vc": [17, 19, 29, 15, 25, 13, 26, 20, 18, 18], "hlc": [921547, 2]}
INFO:<Node 6>:{"send": false, "recv": true, "to": 6, "from": 3, "vc": [17, 17, 19, 17, 13, 10, 27, 14, 9, 15], "hlc": [921545, 2]}
INFO:<Node 6>:{"send": false, "recv": true, "to": 6, "from": 9, "vc": [17, 17, 23, 17, 17, 13, 28, 14, 14, 21], "hlc": [921546, 1]}
INFO:<Node 7>:{"send": false, "recv": true, "to": 7, "from": 1, "vc": [15, 21, 26, 13, 22, 13, 23, 23, 15, 18], "hlc": [921545, 13]}
INFO:<Node 9>:{"send": false, "recv": true, "to": 9, "from": 0, "vc": [20, 17, 23, 12, 17, 14, 24, 14, 14, 22], "hlc": [921547, 0]}
INFO:<Node 2>:{"send": true, "recv": false, "from": 2, "to": 1, "vc": [17, 19, 31, 13, 22, 10, 26, 22, 9, 18], "hlc": [921548, 1]}
INFO:<Node 6>:{"send": true, "recv": false, "from": 6, "to": 4, "vc": [17, 17, 23, 17, 17, 13, 29, 14, 14, 21], "hlc": [921546, 2]}
INFO:<Node 7>:{"send": true, "recv": false, "from": 7, "to": 9, "vc": [15, 21, 26, 13, 22, 13, 23, 24, 15, 18], "hlc": [921545, 14]}
INFO:<Node 8>:{"send": true, "recv": false, "from": 8, "to": 9, "vc": [15, 18, 27, 16, 17, 13, 22, 13, 20, 15], "hlc": [921546, 5]}
INFO:<Node 9>:{"send": true, "recv": false, "from": 9, "to": 6, "vc": [20, 17, 23, 12, 17, 14, 24, 14, 14, 23], "hlc": [921547, 1]}
INFO:<Node 1>:{"send": false, "recv": true, "to": 1, "from": 2, "vc": [17, 22, 31, 13, 22, 13, 26, 22, 15, 18], "hlc": [921548, 2]}
INFO:<Node 4>:{"send": false, "recv": true, "to": 4, "from": 6, "vc": [17, 19, 29, 17, 26, 13, 29, 20, 18, 21], "hlc": [921547, 3]}
INFO:<Node 6>:{"send": false, "recv": true, "to": 6, "from": 9, "vc": [20, 17, 23, 17, 17, 14, 30, 14, 14, 23], "hlc": [921547, 2]}
INFO:<Node 9>:{"send": false, "recv": true, "to": 9, "from": 7, "vc": [20, 21, 26, 13, 22, 14, 24, 24, 15, 24], "hlc": [921547, 2]}
INFO:<Node 9>:{"send": false, "recv": true, "to": 9, "from": 8, "vc": [20, 21, 27, 16, 22, 14, 24, 24, 20, 25], "hlc": [921547, 3]}
INFO:<Node 2>:{"send": true, "recv": false, "from": 2, "to": 0, "vc": [17, 19, 32, 13, 22, 10, 26, 22, 9, 18], "hlc": [921548, 2]}
INFO:<Node 3>:{"send": true, "recv": false, "from": 3, "to": 5, "vc": [13, 17, 12, 18, 11, 10, 22, 8, 5, 15], "hlc": [921546, 0]}
INFO:<Node 5>:{"send": true, "recv": false, "from": 5, "to": 6, "vc": [19, 18, 26, 13, 21, 18, 23, 17, 9, 18], "hlc": [921548, 0]}
INFO:<Node 6>:{"send": true, "recv": false, "from": 6, "to": 9, "vc": [20, 17, 23, 17, 17, 14, 31, 14, 14, 23], "hlc": [921547, 3]}
INFO:<Node 8>:{"send": true, "recv": false, "from": 8, "to": 5, "vc": [15, 18, 27, 16, 17, 13, 22, 13, 21, 15], "hlc": [921546, 6]}
INFO:<Node 9>:{"send": true, "recv": false, "from": 9, "to": 2, "vc": [20, 21, 27, 16, 22, 14, 24, 24, 20, 26], "hlc": [921547, 4]}
INFO:<Node 0>:{"send": false, "recv": true, "to": 0, "from": 2, "vc": [21, 19, 32, 13, 22, 14, 26, 22, 9, 18], "hlc": [921548, 3]}
INFO:<Node 2>:{"send": false, "recv": true, "to": 2, "from": 9, "vc": [20, 21, 33, 16, 22, 14, 26, 24, 20, 26], "hlc": [921549, 0]}
INFO:<Node 5>:{"send": false, "recv": true, "to": 5, "from": 3, "vc": [19, 18, 26, 18, 21, 19, 23, 17, 9, 18], "hlc": [921548, 1]}
INFO:<Node 5>:{"send": false, "recv": true, "to": 5, "from": 8, "vc": [19, 18, 27, 18, 21, 20, 23, 17, 21, 18], "hlc": [921548, 2]}
INFO:<Node 6>:{"send": false, "recv": true, "to": 6, "from": 5, "vc": [20, 18, 26, 17, 21, 18, 32, 17, 14, 23], "hlc": [921548, 1]}
INFO:<Node 9>:{"send": false, "recv": true, "to": 9, "from": 6, "vc": [20, 21, 27, 17, 22, 14, 31, 24, 20, 27], "hlc": [921548, 0]}
INFO:<Node 1>:{"send": true, "recv": false, "from": 1, "to": 6, "vc": [17, 23, 31, 13, 22, 13, 26, 22, 15, 18], "hlc": [921548, 3]}
INFO:<Node 4>:{"send": true, "recv": false, "from": 4, "to": 6, "vc": [17, 19, 29, 17, 27, 13, 29, 20, 18, 21], "hlc": [921547, 4]}
INFO:<Node 5>:{"send": true, "recv": false, "from": 5, "to": 8, "vc": [19, 18, 27, 18, 21, 21, 23, 17, 21, 18], "hlc": [921548, 3]}
INFO:<Node 6>:{"send": true, "recv": false, "from": 6, "to": 1, "vc": [20, 18, 26, 17, 21, 18, 33, 17, 14, 23], "hlc": [921548, 2]}
INFO:<Node 9>:{"send": true, "recv": false, "from": 9, "to": 3, "vc": [20, 21, 27, 17, 22, 14, 31, 24, 20, 28], "hlc": [921548, 1]}
INFO:<Node 1>:{"send": false, "recv": true, "to": 1, "from": 6, "vc": [20, 24, 31, 17, 22, 18, 33, 22, 15, 23], "hlc": [921548, 4]}
INFO:<Node 3>:{"send": false, "recv": true, "to": 3, "from": 9, "vc": [20, 21, 27, 19, 22, 14, 31, 24, 20, 28], "hlc": [921548, 2]}
INFO:<Node 6>:{"send": false, "recv": true, "to": 6, "from": 1, "vc": [20, 23, 31, 17, 22, 18, 34, 22, 15, 23], "hlc": [921548, 4]}
INFO:<Node 6>:{"send": false, "recv": true, "to": 6, "from": 4, "vc": [20, 23, 31, 17, 27, 18, 35, 22, 18, 23], "hlc": [921548, 5]}
INFO:<Node 8>:{"send": false, "recv": true, "to": 8, "from": 5, "vc": [19, 18, 27, 18, 21, 21, 23, 17, 22, 18], "hlc": [921548, 4]}
INFO:<Node 0>:{"send": true, "recv": false, "from": 0, "to": 2, "vc": [22, 19, 32, 13, 22, 14, 26, 22, 9, 18], "hlc": [921548, 4]}
INFO:<Node 4>:{"send": true, "recv": false, "from": 4, "to": 1, "vc": [17, 19, 29, 17, 28, 13, 29, 20, 18, 21], "hlc": [921548, 0]}
INFO:<Node 5>:{"send": true, "recv": false, "from": 5, "to": 6, "vc": [19, 18, 27, 18, 21, 22, 23, 17, 21, 18], "hlc": [921549, 0]}
INFO:<Node 6>:{"send": true, "recv": false, "from": 6, "to": 7, "vc": [20, 23, 31, 17, 27, 18, 36, 22, 18, 23], "hlc": [921548, 6]}
INFO:<Node 7>:{"send": true, "recv": false, "from": 7, "to": 5, "vc": [15, 21, 26, 13, 22, 13, 23, 25, 15, 18], "hlc": [921545, 15]}
INFO:<Node 8>:{"send": true, "recv": false, "from": 8, "to": 5, "vc": [19, 18, 27, 18, 21, 21, 23, 17, 23, 18], "hlc": [921548, 5]}
INFO:<Node 1>:{"send": false, "recv": true, "to": 1, "from": 4, "vc": [20, 25, 31, 17, 28, 18, 33, 22, 18, 23], "hlc": [921548, 5]}
INFO:<Node 2>:{"send": false, "recv": true, "to": 2, "from": 0, "vc": [22, 21, 34, 16, 22, 14, 26, 24, 20, 26], "hlc": [921550, 0]}
INFO:<Node 5>:{"send": false, "recv": true, "to": 5, "from": 7, "vc": [19, 21, 27, 18, 22, 23, 23, 25, 21, 18], "hlc": [921549, 1]}
INFO:<Node 5>:{"send": false, "recv": true, "to": 5, "from": 8, "vc": [19, 21, 27, 18, 22, 24, 23, 25, 23, 18], "hlc": [921549, 2]}
INFO:<Node 6>:{"send": false, "recv": true, "to": 6, "from": 5, "vc": [20, 23, 31, 18, 27, 22, 37, 22, 21, 23], "hlc": [921549, 1]}
INFO:<Node 7>:{"send": false, "recv": true, "to": 7, "from": 6, "vc": [20, 23, 31, 17, 27, 18, 36, 26, 18, 23], "hlc": [921548, 7]}
INFO:<Node 0>:{"send": true, "recv": false, "from": 0, "to": 2, "vc": [23, 19, 32, 13, 22, 14, 26, 22, 9, 18], "hlc": [921548, 5]}
INFO:<Node 2>:{"send": true, "recv": false, "from": 2, "to": 3, "vc": [22, 21, 35, 16, 22, 14, 26, 24, 20, 26], "hlc": [921550, 1]}
INFO:<Node 3>:{"send": true, "recv": false, "from": 3, "to": 7, "vc": [20, 21, 27, 20, 22, 14, 31, 24, 20, 28], "hlc": [921548, 3]}
INFO:<Node 4>:{"send": true, "recv": false, "from": 4, "to": 6, "vc": [17, 19, 29, 17, 29, 13, 29, 20, 18, 21], "hlc": [921548, 1]}
INFO:<Node 8>:{"send": true, "recv": false, "from": 8, "to": 7, "vc": [19, 18, 27, 18, 21, 21, 23, 17, 24, 18], "hlc": [921548, 6]}
INFO:<Node 9>:{"send": true, "recv": false, "from": 9, "to": 1, "vc": [20, 21, 27, 17, 22, 14, 31, 24, 20, 29], "hlc": [921549, 0]}
INFO:<Node 1>:{"send": false, "recv": true, "to": 1, "from": 9, "vc": [20, 26, 31, 17, 28, 18, 33, 24, 20, 29], "hlc": [921549, 1]}
INFO:<Node 2>:{"send": false, "recv": true, "to": 2, "from": 0, "vc": [23, 21, 36, 16, 22, 14, 26, 24, 20, 26], "hlc": [921550, 2]}
INFO:<Node 3>:{"send": false, "recv": true, "to": 3, "from": 2, "vc": [22, 21, 35, 21, 22, 14, 31, 24, 20, 28], "hlc": [921550, 2]}
INFO:<Node 6>:{"send": false, "recv": true, "to": 6, "from": 4, "vc": [20, 23, 31, 18, 29, 22, 38, 22, 21, 23], "hlc": [921549, 2]}
INFO:<Node 7>:{"send": false, "recv": true, "to": 7, "from": 3, "vc": [20, 23, 31, 20, 27, 18, 36, 27, 20, 28], "hlc": [921548, 8]}
INFO:<Node 7>:{"send": false, "recv": true, "to": 7, "from": 8, "vc": [20, 23, 31, 20, 27, 21, 36, 28, 24, 28], "hlc": [921548, 9]}
INFO:<Node 0>:{"send": true, "recv": false, "from": 0, "to": 8, "vc": [24, 19, 32, 13, 22, 14, 26, 22, 9, 18], "hlc": [921548, 6]}
INFO:<Node 1>:{"send": true, "recv": false, "from": 1, "to": 6, "vc": [20, 27, 31, 17, 28, 18, 33, 24, 20, 29], "hlc": [921549, 2]}
INFO:<Node 3>:{"send": true, "recv": false, "from": 3, "to": 1, "vc": [22, 21, 35, 22, 22, 14, 31, 24, 20, 28], "hlc": [921550, 3]}
INFO:<Node 4>:{"send": true, "recv": false, "from": 4, "to": 9, "vc": [17, 19, 29, 17, 30, 13, 29, 20, 18, 21], "hlc": [921549, 0]}
INFO:<Node 5>:{"send": true, "recv": false, "from": 5, "to": 9, "vc": [19, 21, 27, 18, 22, 25, 23, 25, 23, 18], "hlc": [921550, 0]}
INFO:<Node 6>:{"send": true, "recv": false, "from": 6, "to": 5, "vc": [20, 23, 31, 18, 29, 22, 39, 22, 21, 23], "hlc": [921549, 3]}
INFO:<Node 7>:{"send": true, "recv": false, "from": 7, "to": 2, "vc": [20, 23, 31, 20, 27, 21, 36, 29, 24, 28], "hlc": [921548, 10]}
INFO:<Node 9>:{"send": true, "recv": false, "from": 9, "to": 6, "vc": [20, 21, 27, 17, 22, 14, 31, 24, 20, 30], "hlc": [921549, 1]}
INFO:<Node 1>:{"send": false, "recv": true, "to": 1, "from": 3, "vc": [22, 28, 35, 22, 28, 18, 33, 24, 20, 29], "hlc": [921550, 4]}
INFO:<Node 2>:{"send": false, "recv": true, "to": 2, "from": 7, "vc": [23, 23, 37, 20, 27, 21, 36, 29, 24, 28], "hlc": [921551, 0]}
INFO:<Node 5>:{"send": false, "recv": true, "to": 5, "from": 6, "vc": [20, 23, 31, 18, 29, 26, 39, 25, 23, 23], "hlc": [921550, 1]}
INFO:<Node 6>:{"send": false, "recv": true, "to": 6, "from": 1, "vc": [20, 27, 31, 18, 29, 22, 40, 24, 21, 29], "hlc": [921549, 4]}
INFO:<Node 6>:{"send": false, "recv": true, "to": 6, "from": 9, "vc": [20, 27, 31, 18, 29, 22, 41, 24, 21, 30], "hlc": [921549, 5]}
INFO:<Node 8>:{"send": false, "recv": true, "to": 8, "from": 0, "vc": [24, 19, 32, 18, 22, 21, 26, 22, 25, 18], "hlc": [921548, 7]}
INFO:<Node 9>:{"send": false, "recv": true, "to": 9, "from": 4, "vc": [20, 21, 29, 17, 30, 14, 31, 24, 20, 31], "hlc": [921550, 0]}
INFO:<Node 9>:{"send": false, "recv": true, "to": 9, "from": 5, "vc": [20, 21, 29, 18, 30, 25, 31, 25, 23, 32], "hlc": [921550, 1]}
INFO:<Node 0>:{"send": true, "recv": false, "from": 0, "to": 6, "vc": [25, 19, 32, 13, 22, 14, 26, 22, 9, 18], "hlc": [921548, 7]}
INFO:<Node 1>:{"send": true, "recv": false, "from": 1, "to": 5, "vc": [22, 29, 35, 22, 28, 18, 33, 24, 20, 29], "hlc": [921550, 5]}
INFO:<Node 2>:{"send": true, "recv": false, "from": 2, "to": 1, "vc": [23, 23, 38, 20, 27, 21, 36, 29, 24, 28], "hlc": [921551, 1]}
INFO:<Node 3>:{"send": true, "recv": false, "from": 3, "to": 7, "vc": [22, 21, 35, 23, 22, 14, 31, 24, 20, 28], "hlc": [921550, 4]}
INFO:<Node 4>:{"send": true, "recv": false, "from": 4, "to": 9, "vc": [17, 19, 29, 17, 31, 13, 29, 20, 18, 21], "hlc": [921549, 1]}
INFO:<Node 5>:{"send": true, "recv": false, "from": 5, "to": 3, "vc": [20, 23, 31, 18, 29, 27, 39, 25, 23, 23], "hlc": [921550, 2]}
INFO:<Node 7>:{"send": true, "recv": false, "from": 7, "to": 6, "vc": [20, 23, 31, 20, 27, 21, 36, 30, 24, 28], "hlc": [921548, 11]}
INFO:<Node 9>:{"send": true, "recv": false, "from": 9, "to": 4, "vc": [20, 21, 29, 18, 30, 25, 31, 25, 23, 33], "hlc": [921550, 2]}
INFO:<Node 1>:{"send": false, "recv": true, "to": 1, "from": 2, "vc": [23, 30, 38, 22, 28, 21, 36, 29, 24, 29], "hlc": [921551, 2]}
INFO:<Node 3>:{"send": false, "recv": true, "to": 3, "from": 5, "vc": [22, 23, 35, 24, 29, 27, 39, 25, 23, 28], "hlc": [921550, 5]}
INFO:<Node 4>:{"send": false, "recv": true, "to": 4, "from": 9, "vc": [20, 21, 29, 18, 32, 25, 31, 25, 23, 33], "hlc": [921550, 3]}
INFO:<Node 5>:{"send": false, "recv": true, "to": 5, "from": 1, "vc": [22, 29, 35, 22, 29, 28, 39, 25, 23, 29], "hlc": [921551, 0]}
INFO:<Node 6>:{"send": false, "recv": true, "to": 6, "from": 0, "vc": [25, 27, 32, 18, 29, 22, 42, 24, 21, 30], "hlc": [921549, 6]}
INFO:<Node 6>:{"send": false, "recv": true, "to": 6, "from": 7, "vc": [25, 27, 32, 20, 29, 22, 43, 30, 24, 30], "hlc": [921549, 7]}
INFO:<Node 7>:{"send": false, "recv": true, "to": 7, "from": 3, "vc": [22, 23, 35, 23, 27, 21, 36, 31, 24, 28], "hlc": [921550, 5]}
INFO:<Node 9>:{"send": false, "recv": true, "to": 9, "from": 4, "vc": [20, 21, 29, 18, 31, 25, 31, 25, 23, 34], "hlc": [921550, 3]}
INFO:<Node 4>:{"send": true, "recv": false, "from": 4, "to": 7, "vc": [20, 21, 29, 18, 33, 25, 31, 25, 23, 33], "hlc": [921550, 4]}
INFO:<Node 7>:{"send": true, "recv": false, "from": 7, "to": 4, "vc": [22, 23, 35, 23, 27, 21, 36, 32, 24, 28], "hlc": [921550, 6]}
INFO:<Node 9>:{"send": true, "recv": false, "from": 9, "to": 0, "vc": [20, 21, 29, 18, 31, 25, 31, 25, 23, 35], "hlc": [921550, 4]}
INFO:<Node 0>:{"send": false, "recv": true, "to": 0, "from": 9, "vc": [26, 21, 32, 18, 31, 25, 31, 25, 23, 35], "hlc": [921550, 5]}
INFO:<Node 4>:{"send": false, "recv": true, "to": 4, "from": 7, "vc": [22, 23, 35, 23, 34, 25, 36, 32, 24, 33], "hlc": [921550, 7]}
INFO:<Node 7>:{"send": false, "recv": true, "to": 7, "from": 4, "vc": [22, 23, 35, 23, 33, 25, 36, 33, 24, 33], "hlc": [921550, 7]}
INFO:<Node 0>:{"send": true, "recv": false, "from": 0, "to": 6, "vc": [27, 21, 32, 18, 31, 25, 31, 25, 23, 35], "hlc": [921550, 6]}
INFO:<Node 1>:{"send": true, "recv": false, "from": 1, "to": 8, "vc": [23, 31, 38, 22, 28, 21, 36, 29, 24, 29], "hlc": [921551, 3]}
INFO:<Node 2>:{"send": true, "recv": false, "from": 2, "to": 6, "vc": [23, 23, 39, 20, 27, 21, 36, 29, 24, 28], "hlc": [921552, 0]}
INFO:<Node 3>:{"send": true, "recv": false, "from": 3, "to": 7, "vc": [22, 23, 35, 25, 29, 27, 39, 25, 23, 28], "hlc": [921550, 6]}
INFO:<Node 4>:{"send": true, "recv": false, "from": 4, "to": 6, "vc": [22, 23, 35, 23, 35, 25, 36, 32, 24, 33], "hlc": [921550, 8]}
INFO:<Node 5>:{"send": true, "recv": false, "from": 5, "to": 7, "vc": [22, 29, 35, 22, 29, 29, 39, 25, 23, 29], "hlc": [921551, 1]}
INFO:<Node 6>:{"send": true, "recv": false, "from": 6, "to": 7, "vc": [25, 27, 32, 20, 29, 22, 44, 30, 24, 30], "hlc": [921549, 8]}
INFO:<Node 7>:{"send": true, "recv": false, "from": 7, "to": 1, "vc": [22, 23, 35, 23, 33, 25, 36, 34, 24, 33], "hlc": [921550, 8]}
INFO:<Node 8>:{"send": true, "recv": false, "from": 8, "to": 0, "vc": [24, 19, 32, 18, 22, 21, 26, 22, 26, 18], "hlc": [921548, 8]}
INFO:<Node 0>:{"send": false, "recv": true, "to": 0, "from": 8, "vc": [28, 21, 32, 18, 31, 25, 31, 25, 26, 35], "hlc": [921550, 7]}
INFO:<Node 1>:{"send": false, "recv": true, "to": 1, "from": 7, "vc": [23, 32, 38, 23, 33, 25, 36, 34, 24, 33], "hlc": [921551, 4]}
INFO:<Node 6>:{"send": false, "recv": true, "to": 6, "from": 0, "vc": [27, 27, 32, 20, 31, 25, 45, 30, 24, 35], "hlc": [921550, 7]}
INFO:<Node 6>:{"send": false, "recv": true, "to": 6, "from": 2, "vc": [27, 27, 39, 20, 31, 25, 46, 30, 24, 35], "hlc": [921552, 1]}
INFO:<Node 6>:{"send": false, "recv": true, "to": 6, "from": 4, "vc": [27, 27, 39, 23, 35, 25, 47, 32, 24, 35], "hlc": [921552, 2]}
INFO:<Node 7>:{"send": false, "recv": true, "to": 7, "from": 3, "vc": [22, 23, 35, 25, 33, 27, 39, 35, 24, 33], "hlc": [921550, 9]}
INFO:<Node 7>:{"send": false, "recv": true, "to": 7, "from": 5, "vc": [22, 29, 35, 25, 33, 29, 39, 36, 24, 33], "hlc": [921551, 2]}
INFO:<Node 7>:{"send": false, "recv": true, "to": 7, "from": 6, "vc": [25, 29, 35, 25, 33, 29, 44, 37, 24, 33], "hlc": [921551, 3]}
INFO:<Node 8>:{"send": false, "recv": true, "to": 8, "from": 1, "vc": [24, 31, 38, 22, 28, 21, 36, 29, 27, 29], "hlc": [921551, 4]}
INFO:<Node 0>:{"send": true, "recv": false, "from": 0, "to": 5, "vc": [29, 21, 32, 18, 31, 25, 31, 25, 26, 35], "hlc": [921550, 8]}
INFO:<Node 1>:{"send": true, "recv": false, "from": 1, "to": 8, "vc": [23, 33, 38, 23, 33, 25, 36, 34, 24, 33], "hlc": [921551, 5]}
INFO:<Node 5>:{"send": true, "recv": false, "from": 5, "to": 6, "vc": [22, 29, 35, 22, 29, 30, 39, 25, 23, 29], "hlc": [921552, 0]}
INFO:<Node 8>:{"send": true, "recv": false, "from": 8, "to": 2, "vc": [24, 31, 38, 22, 28, 21, 36, 29, 28, 29], "hlc": [921551, 5]}
INFO:<Node 2>:{"send": false, "recv": true, "to": 2, "from": 8, "vc": [24, 31, 40, 22, 28, 21, 36, 29, 28, 29], "hlc": [921553, 0]}
INFO:<Node 5>:{"send": false, "recv": true, "to": 5, "from": 0, "vc": [29, 29, 35, 22, 31, 31, 39, 25, 26, 35], "hlc": [921552, 1]}
INFO:<Node 6>:{"send": false, "recv": true, "to": 6, "from": 5, "vc": [27, 29, 39, 23, 35, 30, 48, 32, 24, 35], "hlc": [921552, 3]}
INFO:<Node 8>:{"send": false, "recv": true, "to": 8, "from": 1, "vc": [24, 33, 38, 23, 33, 25, 36, 34, 29, 33], "hlc": [921551, 6]}
INFO:<Node 0>:{"send": true, "recv": false, "from": 0, "to": 8, "vc": [30, 21, 32, 18, 31, 25, 31, 25, 26, 35], "hlc": [921550, 9]}
INFO:<Node 3>:{"send": true, "recv": false, "from": 3, "to": 0, "vc": [22, 23, 35, 26, 29, 27, 39, 25, 23, 28], "hlc": [921551, 0]}
INFO:<Node 4>:{"send": true, "recv": false, "from": 4, "to": 9, "vc": [22, 23, 35, 23, 36, 25, 36, 32, 24, 33], "hlc": [921551, 0]}
INFO:<Node 7>:{"send": true, "recv": false, "from": 7, "to": 3, "vc": [25, 29, 35, 25, 33, 29, 44, 38, 24, 33], "hlc": [921551, 4]}
INFO:<Node 8>:{"send": true, "recv": false, "from": 8, "to": 9, "vc": [24, 33, 38, 23, 33, 25, 36, 34, 30, 33], "hlc": [921551, 7]}
INFO:<Node 9>:{"send": true, "recv": false, "from": 9, "to": 5, "vc": [20, 21, 29, 18, 31, 25, 31, 25, 23, 36], "hlc": [921552, 0]}
INFO:<Node 0>:{"send": false, "recv": true, "to": 0, "from": 3, "vc": [31, 23, 35, 26, 31, 27, 39, 25, 26, 35], "hlc": [921551, 1]}
INFO:<Node 3>:{"send": false, "recv": true, "to": 3, "from": 7, "vc": [25, 29, 35, 27, 33, 29, 44, 38, 24, 33], "hlc": [921551, 5]}
INFO:<Node 5>:{"send": false, "recv": true, "to": 5, "from": 9, "vc": [29, 29, 35, 22, 31, 32, 39, 25, 26, 36], "hlc": [921553, 0]}
INFO:<Node 8>:{"send": false, "recv": true, "to": 8, "from": 0, "vc": [30, 33, 38, 23, 33, 25, 36, 34, 31, 35], "hlc": [921551, 8]}
INFO:<Node 9>:{"send": false, "recv": true, "to": 9, "from": 4, "vc": [22, 23, 35, 23, 36, 25, 36, 32, 24, 37], "hlc": [921552, 1]}
INFO:<Node 9>:{"send": false, "recv": true, "to": 9, "from": 8, "vc": [24, 33, 38, 23, 36, 25, 36, 34, 30, 38], "hlc": [921552, 2]}
INFO:<Node 1>:{"send": true, "recv": false, "from": 1, "to": 3, "vc": [23, 34, 38, 23, 33, 25, 36, 34, 24, 33], "hlc": [921551, 6]}
INFO:<Node 3>:{"send": true, "recv": false, "from": 3, "to": 2, "vc": [25, 29, 35, 28, 33, 29, 44, 38, 24, 33], "hlc": [921551, 6]}
INFO:<Node 4>:{"send": true, "recv": false, "from": 4, "to": 0, "vc": [22, 23, 35, 23, 37, 25, 36, 32, 24, 33], "hlc": [921552, 0]}
INFO:<Node 7>:{"send": true, "recv": false, "from": 7, "to": 1, "vc": [25, 29, 35, 25, 33, 29, 44, 39, 24, 33], "hlc": [921551, 5]}
INFO:<Node 8>:{"send": true, "recv": false, "from": 8, "to": 7, "vc": [30, 33, 38, 23, 33, 25, 36, 34, 32, 35], "hlc": [921551, 9]}
INFO:<Node 9>:{"send": true, "recv": false, "from": 9, "to": 6, "vc": [24, 33, 38, 23, 36, 25, 36, 34, 30, 39], "hlc": [921552, 3]}
INFO:<Node 0>:{"send": false, "recv": true, "to": 0, "from": 4, "vc": [32, 23, 35, 26, 37, 27, 39, 32, 26, 35], "hlc": [921552, 1]}
INFO:<Node 1>:{"send": false, "recv": true, "to": 1, "from": 7, "vc": [25, 35, 38, 25, 33, 29, 44, 39, 24, 33], "hlc": [921551, 7]}
INFO:<Node 2>:{"send": false, "recv": true, "to": 2, "from": 3, "vc": [25, 31, 41, 28, 33, 29, 44, 38, 28, 33], "hlc": [921554, 0]}
INFO:<Node 3>:{"send": false, "recv": true, "to": 3, "from": 1, "vc": [25, 34, 38, 29, 33, 29, 44, 38, 24, 33], "hlc": [921552, 0]}
INFO:<Node 6>:{"send": false, "recv": true, "to": 6, "from": 9, "vc": [27, 33, 39, 23, 36, 30, 49, 34, 30, 39], "hlc": [921552, 4]}
INFO:<Node 7>:{"send": false, "recv": true, "to": 7, "from": 8, "vc": [30, 33, 38, 25, 33, 29, 44, 40, 32, 35], "hlc": [921551, 10]}
INFO:<Node 0>:{"send": true, "recv": false, "from": 0, "to": 2, "vc": [33, 23, 35, 26, 37, 27, 39, 32, 26, 35], "hlc": [921552, 2]}
INFO:<Node 1>:{"send": true, "recv": false, "from": 1, "to": 5, "vc": [25, 36, 38, 25, 33, 29, 44, 39, 24, 33], "hlc": [921551, 8]}
INFO:<Node 3>:{"send": true, "recv": false, "from": 3, "to": 8, "vc": [25, 34, 38, 30, 33, 29, 44, 38, 24, 33], "hlc": [921552, 1]}
INFO:<Node 7>:{"send": true, "recv": false, "from": 7, "to": 3, "vc": [30, 33, 38, 25, 33, 29, 44, 41, 32, 35], "hlc": [921551, 11]}
INFO:<Node 8>:{"send": true, "recv": false, "from": 8, "to": 9, "vc": [30, 33, 38, 23, 33, 25, 36, 34, 33, 35], "hlc": [921551, 10]}
INFO:<Node 2>:{"send": false, "recv": true, "to": 2, "from": 0, "vc": [33, 31, 42, 28, 37, 29, 44, 38, 28, 35], "hlc": [921554, 1]}
INFO:<Node 3>:{"send": false, "recv": true, "to": 3, "from": 7, "vc": [30, 34, 38, 31, 33, 29, 44, 41, 32, 35], "hlc": [921552, 2]}
INFO:<Node 5>:{"send": false, "recv": true, "to": 5, "from": 1, "vc": [29, 36, 38, 25, 33, 33, 44, 39, 26, 36], "hlc": [921554, 0]}
INFO:<Node 8>:{"send": false, "recv": true, "to": 8, "from": 3, "vc": [30, 34, 38, 30, 33, 29, 44, 38, 34, 35], "hlc": [921552, 2]}
INFO:<Node 9>:{"send": false, "recv": true, "to": 9, "from": 8, "vc": [30, 33, 38, 23, 36, 25, 36, 34, 33, 40], "hlc": [921553, 0]}
INFO:<Node 0>:{"send": true, "recv": false, "from": 0, "to": 3, "vc": [34, 23, 35, 26, 37, 27, 39, 32, 26, 35], "hlc": [921552, 3]}
INFO:<Node 2>:{"send": true, "recv": false, "from": 2, "to": 3, "vc": [33, 31, 43, 28, 37, 29, 44, 38, 28, 35], "hlc": [921554, 2]}
INFO:<Node 4>:{"send": true, "recv": false, "from": 4, "to": 3, "vc": [22, 23, 35, 23, 38, 25, 36, 32, 24, 33], "hlc": [921553, 0]}
INFO:<Node 5>:{"send": true, "recv": false, "from": 5, "to": 7, "vc": [29, 36, 38, 25, 33, 34, 44, 39, 26, 36], "hlc": [921554, 1]}
INFO:<Node 6>:{"send": true, "recv": false, "from": 6, "to": 2, "vc": [27, 33, 39, 23, 36, 30, 50, 34, 30, 39], "hlc": [921552, 5]}
INFO:<Node 7>:{"send": true, "recv": false, "from": 7, "to": 8, "vc": [30, 33, 38, 25, 33, 29, 44, 42, 32, 35], "hlc": [921551, 12]}
INFO:<Node 2>:{"send": false, "recv": true, "to": 2, "from": 6, "vc": [33, 33, 44, 28, 37, 30, 50, 38, 30, 39], "hlc": [921555, 0]}
INFO:<Node 3>:{"send": false, "recv": true, "to": 3, "from": 0, "vc": [34, 34, 38, 32, 37, 29, 44, 41, 32, 35], "hlc": [921553, 0]}
INFO:<Node 3>:{"send": false, "recv": true, "to": 3, "from": 2, "vc": [34, 34, 43, 33, 37, 29, 44, 41, 32, 35], "hlc": [921554, 3]}
INFO:<Node 3>:{"send": false, "recv": true, "to": 3, "from": 4, "vc": [34, 34, 43, 34, 38, 29, 44, 41, 32, 35], "hlc": [921554, 4]}
INFO:<Node 7>:{"send": false, "recv": true, "to": 7, "from": 5, "vc": [30, 36, 38, 25, 33, 34, 44, 43, 32, 36], "hlc": [921554, 2]}
INFO:<Node 8>:{"send": false, "recv": true, "to": 8, "from": 7, "vc": [30, 34, 38, 30, 33, 29, 44, 42, 35, 35], "hlc": [921552, 3]}
INFO:<Node 0>:{"send": true, "recv": false, "from": 0, "to": 8, "vc": [35, 23, 35, 26, 37, 27, 39, 32, 26, 35], "hlc": [921552, 4]}
INFO:<Node 2>:{"send": true, "recv": false, "from": 2, "to": 6, "vc": [33, 33, 45, 28, 37, 30, 50, 38, 30, 39], "hlc": [921555, 1]}
INFO:<Node 7>:{"send": true, "recv": false, "from": 7, "to": 3, "vc": [30, 36, 38, 25, 33, 34, 44, 44, 32, 36], "hlc": [921554, 3]}
INFO:<Node 8>:{"send": true, "recv": false, "from": 8, "to": 0, "vc": [30, 34, 38, 30, 33, 29, 44, 42, 36, 35], "hlc": [921552, 4]}
INFO:<Node 0>:{"send": false, "recv": true, "to": 0, "from": 8, "vc": [36, 34, 38, 30, 37, 29, 44, 42, 36, 35], "hlc": [921552, 5]}
INFO:<Node 3>:{"send": false, "recv": true, "to": 3, "from": 7, "vc": [34, 36, 43, 35, 38, 34, 44, 44, 32, 36], "hlc": [921554, 5]}
INFO:<Node 6>:{"send": false, "recv": true, "to": 6, "from": 2, "vc": [33, 33, 45, 28, 37, 30, 51, 38, 30, 39], "hlc": [921555, 2]}
INFO:<Node 8>:{"send": false, "recv": true, "to": 8, "from": 0, "vc": [35, 34, 38, 30, 37, 29, 44, 42, 37, 35], "hlc": [921552, 5]}
INFO:<Node 0>:{"send": true, "recv": false, "from": 0, "to": 2, "vc": [37, 34, 38, 30, 37, 29, 44, 42, 36, 35], "hlc": [921552, 6]}
INFO:<Node 2>:{"send": true, "recv": false, "from": 2, "to": 0, "vc": [33, 33, 46, 28, 37, 30, 50, 38, 30, 39], "hlc": [921555, 2]}
INFO:<Node 3>:{"send": true, "recv": false, "from": 3, "to": 1, "vc": [34, 36, 43, 36, 38, 34, 44, 44, 32, 36], "hlc": [921554, 6]}
INFO:<Node 4>:{"send": true, "recv": false, "from": 4, "to": 9, "vc": [22, 23, 35, 23, 39, 25, 36, 32, 24, 33], "hlc": [921554, 0]}
INFO:<Node 6>:{"send": true, "recv": false, "from": 6, "to": 1, "vc": [33, 33, 45, 28, 37, 30, 52, 38, 30, 39], "hlc": [921555, 3]}
INFO:<Node 0>:{"send": false, "recv": true, "to": 0, "from": 2, "vc": [38, 34, 46, 30, 37, 30, 50, 42, 36, 39], "hlc": [921555, 3]}
INFO:<Node 1>:{"send": false, "recv": true, "to": 1, "from": 3, "vc": [34, 37, 43, 36, 38, 34, 44, 44, 32, 36], "hlc": [921554, 7]}
INFO:<Node 1>:{"send": false, "recv": true, "to": 1, "from": 6, "vc": [34, 38, 45, 36, 38, 34, 52, 44, 32, 39], "hlc": [921555, 4]}
INFO:<Node 2>:{"send": false, "recv": true, "to": 2, "from": 0, "vc": [37, 34, 47, 30, 37, 30, 50, 42, 36, 39], "hlc": [921556, 0]}
INFO:<Node 9>:{"send": false, "recv": true, "to": 9, "from": 4, "vc": [30, 33, 38, 23, 39, 25, 36, 34, 33, 41], "hlc": [921555, 0]}
INFO:<Node 0>:{"send": true, "recv": false, "from": 0, "to": 5, "vc": [39, 34, 46, 30, 37, 30, 50, 42, 36, 39], "hlc": [921555, 4]}
INFO:<Node 1>:{"send": true, "recv": false, "from": 1, "to": 6, "vc": [34, 39, 45, 36, 38, 34, 52, 44, 32, 39], "hlc": [921555, 5]}
INFO:<Node 3>:{"send": true, "recv": false, "from": 3, "to": 7, "vc": [34, 36, 43, 37, 38, 34, 44, 44, 32, 36], "hlc": [921554, 7]}
INFO:<Node 4>:{"send": true, "recv": false, "from": 4, "to": 6, "vc": [22, 23, 35, 23, 40, 25, 36, 32, 24, 33], "hlc": [921555, 0]}
INFO:<Node 5>:{"send": true, "recv": false, "from": 5, "to": 1, "vc": [29, 36, 38, 25, 33, 35, 44, 39, 26, 36], "hlc": [921556, 0]}
INFO:<Node 7>:{"send": true, "recv": false, "from": 7, "to": 9, "vc": [30, 36, 38, 25, 33, 34, 44, 45, 32, 36], "hlc": [921554, 4]}
INFO:<Node 8>:{"send": true, "recv": false, "from": 8, "to": 7, "vc": [35, 34, 38, 30, 37, 29, 44, 42, 38, 35], "hlc": [921552, 6]}
INFO:<Node 1>:{"send": false, "recv": true, "to": 1, "from": 5, "vc": [34, 40, 45, 36, 38, 35, 52, 44, 32, 39], "hlc": [921556, 1]}
INFO:<Node 5>:{"send": false, "recv": true, "to": 5, "from": 0, "vc": [39, 36, 46, 30, 37, 36, 50, 42, 36, 39], "hlc": [921556, 1]}
INFO:<Node 6>:{"send": false, "recv": true, "to": 6, "from": 1, "vc": [34, 39, 45, 36, 38, 34, 53, 44, 32, 39], "hlc": [921555, 6]}
INFO:<Node 6>:{"send": false, "recv": true, "to": 6, "from": 4, "vc": [34, 39, 45, 36, 40, 34, 54, 44, 32, 39], "hlc": [921555, 7]}
INFO:<Node 7>:{"send": false, "recv": true, "to": 7, "from": 3, "vc": [34, 36, 43, 37, 38, 34, 44, 46, 32, 36], "hlc": [921554, 8]}
INFO:<Node 7>:{"send": false, "recv": true, "to": 7, "from": 8, "vc": [35, 36, 43, 37, 38, 34, 44, 47, 38, 36], "hlc": [921554, 9]}
INFO:<Node 9>:{"send": false, "recv": true, "to": 9, "from": 7, "vc": [30, 36, 38, 25, 39, 34, 44, 45, 33, 42], "hlc": [921555, 1]}
INFO:<Node 0>:{"send": true, "recv": false, "from": 0, "to": 2, "vc": [40, 34, 46, 30, 37, 30, 50, 42, 36, 39], "hlc": [921555, 5]}
INFO:<Node 1>:{"send": true, "recv": false, "from": 1, "to": 5, "vc": [34, 41, 45, 36, 38, 35, 52, 44, 32, 39], "hlc": [921556, 2]}
INFO:<Node 2>:{"send": true, "recv": false, "from": 2, "to": 1, "vc": [37, 34, 48, 30, 37, 30, 50, 42, 36, 39], "hlc": [921556, 1]}
INFO:<Node 6>:{"send": true, "recv": false, "from": 6, "to": 8, "vc": [34, 39, 45, 36, 40, 34, 55, 44, 32, 39], "hlc": [921555, 8]}
INFO:<Node 7>:{"send": true, "recv": false, "from": 7, "to": 6, "vc": [35, 36, 43, 37, 38, 34, 44, 48, 38, 36], "hlc": [921554, 10]}
INFO:<Node 8>:{"send": true, "recv": false, "from": 8, "to": 0, "vc": [35, 34, 38, 30, 37, 29, 44, 42, 39, 35], "hlc": [921552, 7]}
INFO:<Node 0>:{"send": false, "recv": true, "to": 0, "from": 8, "vc": [41, 34, 46, 30, 37, 30, 50, 42, 39, 39], "hlc": [921555, 6]}
INFO:<Node 1>:{"send": false, "recv": true, "to": 1, "from": 2, "vc": [37, 42, 48, 36, 38, 35, 52, 44, 36, 39], "hlc": [921556, 3]}
INFO:<Node 2>:{"send": false, "recv": true, "to": 2, "from": 0, "vc": [40, 34, 49, 30, 37, 30, 50, 42, 36, 39], "hlc": [921557, 0]}
INFO:<Node 5>:{"send": false, "recv": true, "to": 5, "from": 1, "vc": [39, 41, 46, 36, 38, 37, 52, 44, 36, 39], "hlc": [921557, 0]}
INFO:<Node 6>:{"send": false, "recv": true, "to": 6, "from": 7, "vc": [35, 39, 45, 37, 40, 34, 56, 48, 38, 39], "hlc": [921555, 9]}
INFO:<Node 8>:{"send": false, "recv": true, "to": 8, "from": 6, "vc": [35, 39, 45, 36, 40, 34, 55, 44, 40, 39], "hlc": [921555, 9]}
INFO:<Node 1>:{"send": true, "recv": false, "from": 1, "to": 0, "vc": [37, 43, 48, 36, 38, 35, 52, 44, 36, 39], "hlc": [921556, 4]}
INFO:<Node 2>:{"send": true, "recv": false, "from": 2, "to": 9, "vc": [40, 34, 50, 30, 37, 30, 50, 42, 36, 39], "hlc": [921557, 1]}
INFO:<Node 5>:{"send": true, "recv": false, "from": 5, "to": 9, "vc": [39, 41, 46, 36, 38, 38, 52, 44, 36, 39], "hlc": [921557, 1]}
INFO:<Node 6>:{"send": true, "recv": false, "from": 6, "to": 5, "vc": [35, 39, 45, 37, 40, 34, 57, 48, 38, 39], "hlc": [921555, 10]}
INFO:<Node 7>:{"send": true, "recv": false, "from": 7, "to": 0, "vc": [35, 36, 43, 37, 38, 34, 44, 49, 38, 36], "hlc": [921554, 11]}
INFO:<Node 0>:{"send": false, "recv": true, "to": 0, "from": 1, "vc": [42, 43, 48, 36, 38, 35, 52, 44, 39, 39], "hlc": [921556, 5]}
INFO:<Node 0>:{"send": false, "recv": true, "to": 0, "from": 7, "vc": [43, 43, 48, 37, 38, 35, 52, 49, 39, 39], "hlc": [921556, 6]}
INFO:<Node 5>:{"send": false, "recv": true, "to": 5, "from": 6, "vc": [39, 41, 46, 37, 40, 39, 57, 48, 38, 39], "hlc": [921557, 2]}
INFO:<Node 9>:{"send": false, "recv": true, "to": 9, "from": 2, "vc": [40, 36, 50, 30, 39, 34, 50, 45, 36, 43], "hlc": [921557, 2]}
INFO:<Node 9>:{"send": false, "recv": true, "to": 9, "from": 5, "vc": [40, 41, 50, 36, 39, 38, 52, 45, 36, 44], "hlc": [921557, 3]}
INFO:<Node 0>:{"send": true, "recv": false, "from": 0, "to": 2, "vc": [44, 43, 48, 37, 38, 35, 52, 49, 39, 39], "hlc": [921556, 7]}
INFO:<Node 1>:{"send": true, "recv": false, "from": 1, "to": 9, "vc": [37, 44, 48, 36, 38, 35, 52, 44, 36, 39], "hlc": [921556, 5]}
INFO:<Node 6>:{"send": true, "recv": false, "from": 6, "to": 8, "vc": [35, 39, 45, 37, 40, 34, 58, 48, 38, 39], "hlc": [921555, 11]}
INFO:<Node 7>:{"send": true, "recv": false, "from": 7, "to": 5, "vc": [35, 36, 43, 37, 38, 34, 44, 50, 38, 36], "hlc": [921554, 12]}
INFO:<Node 9>:{"send": true, "recv": false, "from": 9, "to": 3, "vc": [40, 41, 50, 36, 39, 38, 52, 45, 36, 45], "hlc": [921557, 4]}
INFO:<Node 2>:{"send": false, "recv": true, "to": 2, "from": 0, "vc": [44, 43, 51, 37, 38, 35, 52, 49, 39, 39], "hlc": [921558, 0]}
INFO:<Node 3>:{"send": false, "recv": true, "to": 3, "from": 9, "vc": [40, 41, 50, 38, 39, 38, 52, 45, 36, 45], "hlc": [921557, 5]}
INFO:<Node 5>:{"send": false, "recv": true, "to": 5, "from": 7, "vc": [39, 41, 46, 37, 40, 40, 57, 50, 38, 39], "hlc": [921558, 0]}
INFO:<Node 8>:{"send": false, "recv": true, "to": 8, "from": 6, "vc": [35, 39, 45, 37, 40, 34, 58, 48, 41, 39], "hlc": [921555, 12]}
INFO:<Node 9>:{"send": false, "recv": true, "to": 9, "from": 1, "vc": [40, 44, 50, 36, 39, 38, 52, 45, 36, 46], "hlc": [921557, 5]}
INFO:<Node 0>:{"send": true, "recv": false, "from": 0, "to": 8, "vc": [45, 43, 48, 37, 38, 35, 52, 49, 39, 39], "hlc": [921556, 8]}
INFO:<Node 1>:{"send": true, "recv": false, "from": 1, "to": 3, "vc": [37, 45, 48, 36, 38, 35, 52, 44, 36, 39], "hlc": [921556, 6]}
INFO:<Node 5>:{"send": true, "recv": false, "from": 5, "to": 9, "vc": [39, 41, 46, 37, 40, 41, 57, 50, 38, 39], "hlc": [921558, 1]}
INFO:<Node 7>:{"send": true, "recv": false, "from": 7, "to": 0, "vc": [35, 36, 43, 37, 38, 34, 44, 51, 38, 36], "hlc": [921554, 13]}
INFO:<Node 8>:{"send": true, "recv": false, "from": 8, "to": 7, "vc": [35, 39, 45, 37, 40, 34, 58, 48, 42, 39], "hlc": [921555, 13]}
INFO:<Node 9>:{"send": true, "recv": false, "from": 9, "to": 3, "vc": [40, 44, 50, 36, 39, 38, 52, 45, 36, 47], "hlc": [921557, 6]}
INFO:<Node 0>:{"send": false, "recv": true, "to": 0, "from": 7, "vc": [46, 43, 48, 37, 38, 35, 52, 51, 39, 39], "hlc": [921556, 9]}
INFO:<Node 3>:{"send": false, "recv": true, "to": 3, "from": 1, "vc": [40, 45, 50, 39, 39, 38, 52, 45, 36, 45], "hlc": [921557, 6]}
INFO:<Node 3>:{"send": false, "recv": true, "to": 3, "from": 9, "vc": [40, 45, 50, 40, 39, 38, 52, 45, 36, 47], "hlc": [921557, 7]}
INFO:<Node 7>:{"send": false, "recv": true, "to": 7, "from": 8, "vc": [35, 39, 45, 37, 40, 34, 58, 52, 42, 39], "hlc": [921555, 14]}
INFO:<Node 8>:{"send": false, "recv": true, "to": 8, "from": 0, "vc": [45, 43, 48, 37, 40, 35, 58, 49, 43, 39], "hlc": [921556, 9]}
INFO:<Node 9>:{"send": false, "recv": true, "to": 9, "from": 5, "vc": [40, 44, 50, 37, 40, 41, 57, 50, 38, 48], "hlc": [921558, 2]}
INFO:<Node 1>:{"send": true, "recv": false, "from": 1, "to": 8, "vc": [37, 46, 48, 36, 38, 35, 52, 44, 36, 39], "hlc": [921556, 7]}
INFO:<Node 3>:{"send": true, "recv": false, "from": 3, "to": 4, "vc": [40, 45, 50, 41, 39, 38, 52, 45, 36, 47], "hlc": [921557, 8]}
INFO:<Node 4>:{"send": true, "recv": false, "from": 4, "to": 0, "vc": [22, 23, 35, 23, 41, 25, 36, 32, 24, 33], "hlc": [921557, 0]}
INFO:<Node 8>:{"send": true, "recv": false, "from": 8, "to": 9, "vc": [45, 43, 48, 37, 40, 35, 58, 49, 44, 39], "hlc": [921556, 10]}
INFO:<Node 9>:{"send": true, "recv": false, "from": 9, "to": 1, "vc": [40, 44, 50, 37, 40, 41, 57, 50, 38, 49], "hlc": [921558, 3]}
INFO:<Node 0>:{"send": false, "recv": true, "to": 0, "from": 4, "vc": [47, 43, 48, 37, 41, 35, 52, 51, 39, 39], "hlc": [921557, 1]}
INFO:<Node 1>:{"send": false, "recv": true, "to": 1, "from": 9, "vc": [40, 47, 50, 37, 40, 41, 57, 50, 38, 49], "hlc": [921558, 4]}
INFO:<Node 4>:{"send": false, "recv": true, "to": 4, "from": 3, "vc": [40, 45, 50, 41, 42, 38, 52, 45, 36, 47], "hlc": [921558, 0]}
INFO:<Node 8>:{"send": false, "recv": true, "to": 8, "from": 1, "vc": [45, 46, 48, 37, 40, 35, 58, 49, 45, 39], "hlc": [921556, 11]}
INFO:<Node 9>:{"send": false, "recv": true, "to": 9, "from": 8, "vc": [45, 44, 50, 37, 40, 41, 58, 50, 44, 50], "hlc": [921558, 4]}
INFO:<Node 1>:{"send": true, "recv": false, "from": 1, "to": 3, "vc": [40, 48, 50, 37, 40, 41, 57, 50, 38, 49], "hlc": [921558, 5]}
INFO:<Node 2>:{"send": true, "recv": false, "from": 2, "to": 1, "vc": [44, 43, 52, 37, 38, 35, 52, 49, 39, 39], "hlc": [921559, 0]}
INFO:<Node 3>:{"send": true, "recv": false, "from": 3, "to": 9, "vc": [40, 45, 50, 42, 39, 38, 52, 45, 36, 47], "hlc": [921557, 9]}
INFO:<Node 4>:{"send": true, "recv": false, "from": 4, "to": 7, "vc": [40, 45, 50, 41, 43, 38, 52, 45, 36, 47], "hlc": [921558, 1]}
INFO:<Node 8>:{"send": true, "recv": false, "from": 8, "to": 2, "vc": [45, 46, 48, 37, 40, 35, 58, 49, 46, 39], "hlc": [921556, 12]}
INFO:<Node 9>:{"send": true, "recv": false, "from": 9, "to": 8, "vc": [45, 44, 50, 37, 40, 41, 58, 50, 44, 51], "hlc": [921558, 5]}
INFO:<Node 1>:{"send": false, "recv": true, "to": 1, "from": 2, "vc": [44, 49, 52, 37, 40, 41, 57, 50, 39, 49], "hlc": [921559, 1]}
INFO:<Node 2>:{"send": false, "recv": true, "to": 2, "from": 8, "vc": [45, 46, 53, 37, 40, 35, 58, 49, 46, 39], "hlc": [921559, 1]}
INFO:<Node 3>:{"send": false, "recv": true, "to": 3, "from": 1, "vc": [40, 48, 50, 43, 40, 41, 57, 50, 38, 49], "hlc": [921558, 6]}
INFO:<Node 7>:{"send": false, "recv": true, "to": 7, "from": 4, "vc": [40, 45, 50, 41, 43, 38, 58, 53, 42, 47], "hlc": [921558, 2]}
INFO:<Node 8>:{"send": false, "recv": true, "to": 8, "from": 9, "vc": [45, 46, 50, 37, 40, 41, 58, 50, 47, 51], "hlc": [921558, 6]}
INFO:<Node 9>:{"send": false, "recv": true, "to": 9, "from": 3, "vc": [45, 45, 50, 42, 40, 41, 58, 50, 44, 52], "hlc": [921558, 6]}
INFO:<Node 0>:{"send": true, "recv": false, "from": 0, "to": 8, "vc": [48, 43, 48, 37, 41, 35, 52, 51, 39, 39], "hlc": [921557, 2]}
INFO:<Node 1>:{"send": true, "recv": false, "from": 1, "to": 4, "vc": [44, 50, 52, 37, 40, 41, 57, 50, 39, 49], "hlc": [921559, 2]}
INFO:<Node 3>:{"send": true, "recv": false, "from": 3, "to": 7, "vc": [40, 48, 50, 44, 40, 41, 57, 50, 38, 49], "hlc": [921558, 7]}
INFO:<Node 5>:{"send": true, "recv": false, "from": 5, "to": 6, "vc": [39, 41, 46, 37, 40, 42, 57, 50, 38, 39], "hlc": [921559, 0]}
INFO:<Node 6>:{"send": true, "recv": false, "from": 6, "to": 0, "vc": [35, 39, 45, 37, 40, 34, 59, 48, 38, 39], "hlc": [921555, 12]}
INFO:<Node 7>:{"send": true, "recv": false, "from": 7, "to": 1, "vc": [40, 45, 50, 41, 43, 38, 58, 54, 42, 47], "hlc": [921558, 3]}
INFO:<Node 9>:{"send": true, "recv": false, "from": 9, "to": 8, "vc": [45, 45, 50, 42, 40, 41, 58, 50, 44, 53], "hlc": [921558, 7]}
INFO:<Node 0>:{"send": false, "recv": true, "to": 0, "from": 6, "vc": [49, 43, 48, 37, 41, 35, 59, 51, 39, 39], "hlc": [921557, 3]}
INFO:<Node 1>:{"send": false, "recv": true, "to": 1, "from": 7, "vc": [44, 51, 52, 41, 43, 41, 58, 54, 42, 49], "hlc": [921559, 3]}
INFO:<Node 4>:{"send": false, "recv": true, "to": 4, "from": 1, "vc": [44, 50, 52, 41, 44, 41, 57, 50, 39, 49], "hlc": [921559, 3]}
INFO:<Node 6>:{"send": false, "recv": true, "to": 6, "from": 5, "vc": [39, 41, 46, 37, 40, 42, 60, 50, 38, 39], "hlc": [921559, 1]}
INFO:<Node 7>:{"send": false, "recv": true, "to": 7, "from": 3, "vc": [40, 48, 50, 44, 43, 41, 58, 55, 42, 49], "hlc": [921558, 8]}
INFO:<Node 8>:{"send": false, "recv": true, "to": 8, "from": 0, "vc": [48, 46, 50, 37, 41, 41, 58, 51, 48, 51], "hlc": [921558, 7]}
INFO:<Node 8>:{"send": false, "recv": true, "to": 8, "from": 9, "vc": [48, 46, 50, 42, 41, 41, 58, 51, 49, 53], "hlc": [921558, 8]}
INFO:<Node 1>:{"send": true, "recv": false, "from": 1, "to": 0, "vc": [44, 52, 52, 41, 43, 41, 58, 54, 42, 49], "hlc": [921559, 4]}
INFO:<Node 2>:{"send": true, "recv": false, "from": 2, "to": 5, "vc": [45, 46, 54, 37, 40, 35, 58, 49, 46, 39], "hlc": [921560, 0]}
INFO:<Node 4>:{"send": true, "recv": false, "from": 4, "to": 9, "vc": [44, 50, 52, 41, 45, 41, 57, 50, 39, 49], "hlc": [921559, 4]}
INFO:<Node 6>:{"send": true, "recv": false, "from": 6, "to": 7, "vc": [39, 41, 46, 37, 40, 42, 61, 50, 38, 39], "hlc": [921559, 2]}
INFO:<Node 7>:{"send": true, "recv": false, "from": 7, "to": 6, "vc": [40, 48, 50, 44, 43, 41, 58, 56, 42, 49], "hlc": [921558, 9]}
INFO:<Node 0>:{"send": false, "recv": true, "to": 0, "from": 1, "vc": [50, 52, 52, 41, 43, 41, 59, 54, 42, 49], "hlc": [921559, 5]}
INFO:<Node 5>:{"send": false, "recv": true, "to": 5, "from": 2, "vc": [45, 46, 54, 37, 40, 43, 58, 50, 46, 39], "hlc": [921560, 1]}
INFO:<Node 6>:{"send": false, "recv": true, "to": 6, "from": 7, "vc": [40, 48, 50, 44, 43, 42, 62, 56, 42, 49], "hlc": [921559, 3]}
INFO:<Node 7>:{"send": false, "recv": true, "to": 7, "from": 6, "vc": [40, 48, 50, 44, 43, 42, 61, 57, 42, 49], "hlc": [921559, 3]}
INFO:<Node 9>:{"send": false, "recv": true, "to": 9, "from": 4, "vc": [45, 50, 52, 42, 45, 41, 58, 50, 44, 54], "hlc": [921559, 5]}
INFO:<Node 0>:{"send": true, "recv": false, "from": 0, "to": 9, "vc": [51, 52, 52, 41, 43, 41, 59, 54, 42, 49], "hlc": [921559, 6]}
INFO:<Node 2>:{"send": true, "recv": false, "from": 2, "to": 1, "vc": [45, 46, 55, 37, 40, 35, 58, 49, 46, 39], "hlc": [921561, 0]}
INFO:<Node 3>:{"send": true, "recv": false, "from": 3, "to": 5, "vc": [40, 48, 50, 45, 40, 41, 57, 50, 38, 49], "hlc": [921558, 8]}
INFO:<Node 4>:{"send": true, "recv": false, "from": 4, "to": 7, "vc": [44, 50, 52, 41, 46, 41, 57, 50, 39, 49], "hlc": [921559, 5]}
INFO:<Node 5>:{"send": true, "recv": false, "from": 5, "to": 9, "vc": [45, 46, 54, 37, 40, 44, 58, 50, 46, 39], "hlc": [921560, 2]}
INFO:<Node 6>:{"send": true, "recv": false, "from": 6, "to": 4, "vc": [40, 48, 50, 44, 43, 42, 63, 56, 42, 49], "hlc": [921559, 4]}
INFO:<Node 7>:{"send": true, "recv": false, "from": 7, "to": 3, "vc": [40, 48, 50, 44, 43, 42, 61, 58, 42, 49], "hlc": [921559, 4]}
INFO:<Node 1>:{"send": false, "recv": true, "to": 1, "from": 2, "vc": [45, 53, 55, 41, 43, 41, 58, 54, 46, 49], "hlc": [921561, 1]}
INFO:<Node 3>:{"send": false, "recv": true, "to": 3, "from": 7, "vc": [40, 48, 50, 46, 43, 42, 61, 58, 42, 49], "hlc": [921559, 5]}
INFO:<Node 4>:{"send": false, "recv": true, "to": 4, "from": 6, "vc": [44, 50, 52, 44, 47, 42, 63, 56, 42, 49], "hlc": [921560, 0]}
INFO:<Node 5>:{"send": false, "recv": true, "to": 5, "from": 3, "vc": [45, 48, 54, 45, 40, 45, 58, 50, 46, 49], "hlc": [921561, 0]}
INFO:<Node 7>:{"send": false, "recv": true, "to": 7, "from": 4, "vc": [44, 50, 52, 44, 46, 42, 61, 59, 42, 49], "hlc": [921559, 6]}
INFO:<Node 9>:{"send": false, "recv": true, "to": 9, "from": 0, "vc": [51, 52, 52, 42, 45, 41, 59, 54, 44, 55], "hlc": [921560, 0]}
INFO:<Node 9>:{"send": false, "recv": true, "to": 9, "from": 5, "vc": [51, 52, 54, 42, 45, 44, 59, 54, 46, 56], "hlc": [921560, 3]}
INFO:<Node 1>:{"send": true, "recv": false, "from": 1, "to": 0, "vc": [45, 54, 55, 41, 43, 41, 58, 54, 46, 49], "hlc": [921561, 2]}
INFO:<Node 4>:{"send": true, "recv": false, "from": 4, "to": 5, "vc": [44, 50, 52, 44, 48, 42, 63, 56, 42, 49], "hlc": [921560, 1]}
INFO:<Node 5>:{"send": true, "recv": false, "from": 5, "to": 9, "vc": [45, 48, 54, 45, 40, 46, 58, 50, 46, 49], "hlc": [921561, 1]}
INFO:<Node 6>:{"send": true, "recv": false, "from": 6, "to": 0, "vc": [40, 48, 50, 44, 43, 42, 64, 56, 42, 49], "hlc": [921559, 5]}
INFO:<Node 7>:{"send": true, "recv": false, "from": 7, "to": 6, "vc": [44, 50, 52, 44, 46, 42, 61, 60, 42, 49], "hlc": [921559, 7]}
INFO:<Node 9>:{"send": true, "recv": false, "from": 9, "to": 6, "vc": [51, 52, 54, 42, 45, 44, 59, 54, 46, 57], "hlc": [921560, 4]}
INFO:<Node 0>:{"send": false, "recv": true, "to": 0, "from": 1, "vc": [52, 54, 55, 41, 43, 41, 59, 54, 46, 49], "hlc": [921561, 3]}
INFO:<Node 0>:{"send": false, "recv": true, "to": 0, "from": 6, "vc": [53, 54, 55, 44, 43, 42, 64, 56, 46, 49], "hlc": [921561, 4]}
INFO:<Node 5>:{"send": false, "recv": true, "to": 5, "from": 4, "vc": [45, 50, 54, 45, 48, 47, 63, 56, 46, 49], "hlc": [921561, 2]}
INFO:<Node 6>:{"send": false, "recv": true, "to": 6, "from": 7, "vc": [44, 50, 52, 44, 46, 42, 65, 60, 42, 49], "hlc": [921559, 8]}
INFO:<Node 6>:{"send": false, "recv": true, "to": 6, "from": 9, "vc": [51, 52, 54, 44, 46, 44, 66, 60, 46, 57], "hlc": [921560, 5]}
INFO:<Node 9>:{"send": false, "recv": true, "to": 9, "from": 5, "vc": [51, 52, 54, 45, 45, 46, 59, 54, 46, 58], "hlc": [921561, 2]}
INFO:<Node 0>:{"send": true, "recv": false, "from": 0, "to": 9, "vc": [54, 54, 55, 44, 43, 42, 64, 56, 46, 49], "hlc": [921561, 5]}
INFO:<Node 1>:{"send": true, "recv": false, "from": 1, "to": 0, "vc": [45, 55, 55, 41, 43, 41, 58, 54, 46, 49], "hlc": [921561, 3]}
INFO:<Node 3>:{"send": true, "recv": false, "from": 3, "to": 5, "vc": [40, 48, 50, 47, 43, 42, 61, 58, 42, 49], "hlc": [921559, 6]}
INFO:<Node 6>:{"send": true, "recv": false, "from": 6, "to": 1, "vc": [51, 52, 54, 44, 46, 44, 67, 60, 46, 57], "hlc": [921560, 6]}
INFO:<Node 7>:{"send": true, "recv": false, "from": 7, "to": 2, "vc": [44, 50, 52, 44, 46, 42, 61, 61, 42, 49], "hlc": [921559, 8]}
INFO:<Node 0>:{"send": false, "recv": true, "to": 0, "from": 1, "vc": [55, 55, 55, 44, 43, 42, 64, 56, 46, 49], "hlc": [921561, 6]}
INFO:<Node 1>:{"send": false, "recv": true, "to": 1, "from": 6, "vc": [51, 56, 55, 44, 46, 44, 67, 60, 46, 57], "hlc": [921561, 4]}
INFO:<Node 2>:{"send": false, "recv": true, "to": 2, "from": 7, "vc": [45, 50, 56, 44, 46, 42, 61, 61, 46, 49], "hlc": [921562, 0]}
INFO:<Node 5>:{"send": false, "recv": true, "to": 5, "from": 3, "vc": [45, 50, 54, 47, 48, 48, 63, 58, 46, 49], "hlc": [921562, 0]}
INFO:<Node 9>:{"send": false, "recv": true, "to": 9, "from": 0, "vc": [54, 54, 55, 45, 45, 46, 64, 56, 46, 59], "hlc": [921561, 6]}
INFO:<Node 0>:{"send": true, "recv": false, "from": 0, "to": 7, "vc": [56, 55, 55, 44, 43, 42, 64, 56, 46, 49], "hlc": [921561, 7]}
INFO:<Node 1>:{"send": true, "recv": false, "from": 1, "to": 8, "vc": [51, 57, 55, 44, 46, 44, 67, 60, 46, 57], "hlc": [921561, 5]}
INFO:<Node 3>:{"send": true, "recv": false, "from": 3, "to": 8, "vc": [40, 48, 50, 48, 43, 42, 61, 58, 42, 49], "hlc": [921560, 0]}
INFO:<Node 4>:{"send": true, "recv": false, "from": 4, "to": 9, "vc": [44, 50, 52, 44, 49, 42, 63, 56, 42, 49], "hlc": [921561, 0]}
INFO:<Node 5>:{"send": true, "recv": false, "from": 5, "to": 0, "vc": [45, 50, 54, 47, 48, 49, 63, 58, 46, 49], "hlc": [921562, 1]}
INFO:<Node 6>:{"send": true, "recv": false, "from": 6, "to": 9, "vc": [51, 52, 54, 44, 46, 44, 68, 60, 46, 57], "hlc": [921560, 7]}
INFO:<Node 8>:{"send": true, "recv": false, "from": 8, "to": 9, "vc": [48, 46, 50, 42, 41, 41, 58, 51, 50, 53], "hlc": [921558, 9]}
INFO:<Node 0>:{"send": false, "recv": true, "to": 0, "from": 5, "vc": [57, 55, 55, 47, 48, 49, 64, 58, 46, 49], "hlc": [921562, 2]}
INFO:<Node 7>:{"send": false, "recv": true, "to": 7, "from": 0, "vc": [56, 55, 55, 44, 46, 42, 64, 62, 46, 49], "hlc": [921561, 8]}
INFO:<Node 8>:{"send": false, "recv": true, "to": 8, "from": 1, "vc": [51, 57, 55, 44, 46, 44, 67, 60, 51, 57], "hlc": [921561, 6]}
INFO:<Node 8>:{"send": false, "recv": true, "to": 8, "from": 3, "vc": [51, 57, 55, 48, 46, 44, 67, 60, 52, 57], "hlc": [921561, 7]}
INFO:<Node 9>:{"send": false, "recv": true, "to": 9, "from": 4, "vc": [54, 54, 55, 45, 49, 46, 64, 56, 46, 60], "hlc": [921561, 7]}
INFO:<Node 9>:{"send": false, "recv": true, "to": 9, "from": 6, "vc": [54, 54, 55, 45, 49, 46, 68, 60, 46, 61], "hlc": [921561, 8]}
INFO:<Node 9>:{"send": false, "recv": true, "to": 9, "from": 8, "vc": [54, 54, 55, 45, 49, 46, 68, 60, 50, 62], "hlc": [921561, 9]}
INFO:<Node 0>:{"send": true, "recv": false, "from": 0, "to": 3, "vc": [58, 55, 55, 47, 48, 49, 64, 58, 46, 49], "hlc": [921562, 3]}
INFO:<Node 3>:{"send": true, "recv": false, "from": 3, "to": 1, "vc": [40, 48, 50, 49, 43, 42, 61, 58, 42, 49], "hlc": [921560, 1]}
INFO:<Node 5>:{"send": true, "recv": false, "from": 5, "to": 4, "vc": [45, 50, 54, 47, 48, 50, 63, 58, 46, 49], "hlc": [921562, 2]}
INFO:<Node 6>:{"send": true, "recv": false, "from": 6, "to": 0, "vc": [51, 52, 54, 44, 46, 44, 69, 60, 46, 57], "hlc": [921560, 8]}
INFO:<Node 0>:{"send": false, "recv": true, "to": 0, "from": 6, "vc": [59, 55, 55, 47, 48, 49, 69, 60, 46, 57], "hlc": [921562, 4]}
INFO:<Node 1>:{"send": false, "recv": true, "to": 1, "from": 3, "vc": [51, 58, 55, 49, 46, 44, 67, 60, 46, 57], "hlc": [921561, 6]}
INFO:<Node 3>:{"send": false, "recv": true, "to": 3, "from": 0, "vc": [58, 55, 55, 50, 48, 49, 64, 58, 46, 49], "hlc": [921562, 4]}
INFO:<Node 4>:{"send": false, "recv": true, "to": 4, "from": 5, "vc": [45, 50, 54, 47, 50, 50, 63, 58, 46, 49], "hlc": [921562, 3]}
INFO:<Node 0>:{"send": true, "recv": false, "from": 0, "to": 9, "vc": [60, 55, 55, 47, 48, 49, 69, 60, 46, 57], "hlc": [921562, 5]}
INFO:<Node 3>:{"send": true, "recv": false, "from": 3, "to": 2, "vc": [58, 55, 55, 51, 48, 49, 64, 58, 46, 49], "hlc": [921562, 5]}
INFO:<Node 4>:{"send": true, "recv": false, "from": 4, "to": 8, "vc": [45, 50, 54, 47, 51, 50, 63, 58, 46, 49], "hlc": [921562, 4]}
INFO:<Node 6>:{"send": true, "recv": false, "from": 6, "to": 9, "vc": [51, 52, 54, 44, 46, 44, 70, 60, 46, 57], "hlc": [921560, 9]}
INFO:<Node 7>:{"send": true, "recv": false, "from": 7, "to": 8, "vc": [56, 55, 55, 44, 46, 42, 64, 63, 46, 49], "hlc": [921561, 9]}
INFO:<Node 8>:{"send": true, "recv": false, "from": 8, "to": 1, "vc": [51, 57, 55, 48, 46, 44, 67, 60, 53, 57], "hlc": [921561, 8]}
INFO:<Node 9>:{"send": true, "recv": false, "from": 9, "to": 2, "vc": [54, 54, 55, 45, 49, 46, 68, 60, 50, 63], "hlc": [921562, 0]}
INFO:<Node 1>:{"send": false, "recv": true, "to": 1, "from": 8, "vc": [51, 59, 55, 49, 46, 44, 67, 60, 53, 57], "hlc": [921561, 9]}
INFO:<Node 2>:{"send": false, "recv": true, "to": 2, "from": 3, "vc": [58, 55, 57, 51, 48, 49, 64, 61, 46, 49], "hlc": [921564, 0]}
INFO:<Node 2>:{"send": false, "recv": true, "to": 2, "from": 9, "vc": [58, 55, 58, 51, 49, 49, 68, 61, 50, 63], "hlc": [921564, 1]}
INFO:<Node 8>:{"send": false, "recv": true, "to": 8, "from": 4, "vc": [51, 57, 55, 48, 51, 50, 67, 60, 54, 57], "hlc": [921562, 5]}
INFO:<Node 8>:{"send": false, "recv": true, "to": 8, "from": 7, "vc": [56, 57, 55, 48, 51, 50, 67, 63, 55, 57], "hlc": [921562, 6]}
INFO:<Node 9>:{"send": false, "recv": true, "to": 9, "from": 0, "vc": [60, 55, 55, 47, 49, 49, 69, 60, 50, 64], "hlc": [921562, 6]}
INFO:<Node 9>:{"send": false, "recv": true, "to": 9, "from": 6, "vc": [60, 55, 55, 47, 49, 49, 70, 60, 50, 65], "hlc": [921562, 7]}
INFO:<Node 0>:{"send": true, "recv": false, "from": 0, "to": 5, "vc": [61, 55, 55, 47, 48, 49, 69, 60, 46, 57], "hlc": [921562, 6]}
INFO:<Node 2>:{"send": true, "recv": false, "from": 2, "to": 0, "vc": [58, 55, 59, 51, 49, 49, 68, 61, 50, 63], "hlc": [921564, 2]}
INFO:<Node 4>:{"send": true, "recv": false, "from": 4, "to": 2, "vc": [45, 50, 54, 47, 52, 50, 63, 58, 46, 49], "hlc": [921562, 5]}
INFO:<Node 6>:{"send": true, "recv": false, "from": 6, "to": 2, "vc": [51, 52, 54, 44, 46, 44, 71, 60, 46, 57], "hlc": [921560, 10]}
INFO:<Node 8>:{"send": true, "recv": false, "from": 8, "to": 4, "vc": [56, 57, 55, 48, 51, 50, 67, 63, 56, 57], "hlc": [921562, 7]}
INFO:<Node 9>:{"send": true, "recv": false, "from": 9, "to": 5, "vc": [60, 55, 55, 47, 49, 49, 70, 60, 50, 66], "hlc": [921562, 8]}
INFO:<Node 0>:{"send": false, "recv": true, "to": 0, "from": 2, "vc": [62, 55, 59, 51, 49, 49, 69, 61, 50, 63], "hlc": [921564, 3]}
INFO:<Node 2>:{"send": false, "recv": true, "to": 2, "from": 4, "vc": [58, 55, 60, 51, 52, 50, 68, 61, 50, 63], "hlc": [921564, 3]}
INFO:<Node 2>:{"send": false, "recv": true, "to": 2, "from": 6, "vc": [58, 55, 61, 51, 52, 50, 71, 61, 50, 63], "hlc": [921564, 4]}
INFO:<Node 4>:{"send": false, "recv": true, "to": 4, "from": 8, "vc": [56, 57, 55, 48, 53, 50, 67, 63, 56, 57], "hlc": [921563, 0]}
INFO:<Node 5>:{"send": false, "recv": true, "to": 5, "from": 0, "vc": [61, 55, 55, 47, 48, 51, 69, 60, 46, 57], "hlc": [921564, 0]}
INFO:<Node 5>:{"send": false, "recv": true, "to": 5, "from": 9, "vc": [61, 55, 55, 47, 49, 52, 70, 60, 50, 66], "hlc": [921564, 1]}
