INFO:root:Random workload: num sockets: 10, num iterations: 50, base address: 45300, chance of send: 3 in 5, round delay (s): 0.5, max clock drift (s): 8.5, actual clock drifts: [6.760482230689249, -4.441189340036358, -3.122817814409686, -7.743797605351407, 3.0601919890370954, -3.116048654213432, 1.3556173456924725, 7.127247790925583, -2.8842029157658082, 2.856063253462537]
INFO:<Node 0>:{"send": true, "recv": false, "from": 0, "to": 8, "vc": [1, 0, 0, 0, 0, 0, 0, 0, 0, 0], "hlc": [921722, 0]}
INFO:<Node 1>:{"send": true, "recv": false, "from": 1, "to": 2, "vc": [0, 1, 0, 0, 0, 0, 0, 0, 0, 0], "hlc": [921715, 1]}
INFO:<Node 2>:{"send": true, "recv": false, "from": 2, "to": 5, "vc": [0, 0, 1, 0, 0, 0, 0, 0, 0, 0], "hlc": [921715, 1]}
INFO:<Node 4>:{"send": true, "recv": false, "from": 4, "to": 5, "vc": [0, 0, 0, 0, 1, 0, 0, 0, 0, 0], "hlc": [921718, 0]}
INFO:<Node 7>:{"send": true, "recv": false, "from": 7, "to": 1, "vc": [0, 0, 0, 0, 0, 0, 0, 1, 0, 0], "hlc": [921722, 0]}
INFO:<Node 1>:{"send": false, "recv": true, "to": 1, "from": 7, "vc": [0, 2, 0, 0, 0, 0, 0, 1, 0, 0], "hlc": [921722, 1]}
INFO:<Node 2>:{"send": false, "recv": true, "to": 2, "from": 1, "vc": [0, 1, 2, 0, 0, 0, 0, 0, 0, 0], "hlc": [921715, 2]}
INFO:<Node 5>:{"send": false, "recv": true, "to": 5, "from": 2, "vc": [0, 0, 1, 0, 0, 1, 0, 0, 0, 0], "hlc": [921715, 2]}
INFO:<Node 5>:{"send": false, "recv": true, "to": 5, "from": 4, "vc": [0, 0, 1, 0, 1, 2, 0, 0, 0, 0], "hlc": [921718, 1]}
INFO:<Node 8>:{"send": false, "recv": true, "to": 8, "from": 0, "vc": [1, 0, 0, 0, 0, 0, 0, 0, 1, 0], "hlc": [921722, 1]}
INFO:<Node 0>:{"send": true, "recv": false, "from": 0, "to": 1, "vc": [2, 0, 0, 0, 0, 0, 0, 0, 0, 0], "hlc": [921722, 1]}
INFO:<Node 1>:{"send": true, "recv": false, "from": 1, "to": 3, "vc": [0, 3, 0, 0, 0, 0, 0, 1, 0, 0], "hlc": [921722, 2]}
INFO:<Node 2>:{"send": true, "recv": false, "from": 2, "to": 5, "vc": [0, 1, 3, 0, 0, 0, 0, 0, 0, 0], "hlc": [921715, 3]}
INFO:<Node 3>:{"send": true, "recv": false, "from": 3, "to": 9, "vc": [0, 0, 0, 1, 0, 0, 0, 0, 0, 0], "hlc": [921715, 1]}
INFO:<Node 4>:{"send": true, "recv": false, "from": 4, "to": 9, "vc": [0, 0, 0, 0, 2, 0, 0, 0, 0, 0], "hlc": [921719, 0]}
INFO:<Node 6>:{"send": true, "recv": false, "from": 6, "to": 0, "vc": [0, 0, 0, 0, 0, 0, 1, 0, 0, 0], "hlc": [921717, 0]}
INFO:<Node 7>:{"send": true, "recv": false, "from": 7, "to": 2, "vc": [0, 0, 0, 0, 0, 0, 0, 2, 0, 0], "hlc": [921723, 0]}
INFO:<Node 8>:{"send": true, "recv": false, "from": 8, "to": 4, "vc": [1, 0, 0, 0, 0, 0, 0, 0, 2, 0], "hlc": [921722, 2]}
INFO:<Node 0>:{"send": false, "recv": true, "to": 0, "from": 6, "vc": [3, 0, 0, 0, 0, 0, 1, 0, 0, 0], "hlc": [921723, 0]}
INFO:<Node 1>:{"send": false, "recv": true, "to": 1, "from": 0, "vc": [2, 4, 0, 0, 0, 0, 0, 1, 0, 0], "hlc": [921722, 3]}
INFO:<Node 2>:{"send": false, "recv": true, "to": 2, "from": 7, "vc": [0, 1, 4, 0, 0, 0, 0, 2, 0, 0], "hlc": [921723, 1]}
INFO:<Node 3>:{"send": false, "recv": true, "to": 3, "from": 1, "vc": [0, 3, 0, 2, 0, 0, 0, 1, 0, 0], "hlc": [921722, 3]}
INFO:<Node 4>:{"send": false, "recv": true, "to": 4, "from": 8, "vc": [1, 0, 0, 0, 3, 0, 0, 0, 2, 0], "hlc": [921722, 3]}
INFO:<Node 5>:{"send": false, "recv": true, "to": 5, "from": 2, "vc": [0, 1, 3, 0, 1, 3, 0, 0, 0, 0], "hlc": [921718, 2]}
INFO:<Node 9>:{"send": false, "recv": true, "to": 9, "from": 3, "vc": [0, 0, 0, 1, 0, 0, 0, 0, 0, 1], "hlc": [921719, 0]}
INFO:<Node 9>:{"send": false, "recv": true, "to": 9, "from": 4, "vc": [0, 0, 0, 1, 2, 0, 0, 0, 0, 2], "hlc": [921719, 1]}
INFO:<Node 1>:{"send": true, "recv": false, "from": 1, "to": 2, "vc": [2, 5, 0, 0, 0, 0, 0, 1, 0, 0], "hlc": [921722, 4]}
INFO:<Node 5>:{"send": true, "recv": false, "from": 5, "to": 8, "vc": [0, 1, 3, 0, 1, 4, 0, 0, 0, 0], "hlc": [921718, 3]}
INFO:<Node 7>:{"send": true, "recv": false, "from": 7, "to": 8, "vc": [0, 0, 0, 0, 0, 0, 0, 3, 0, 0], "hlc": [921723, 1]}
INFO:<Node 8>:{"send": true, "recv": false, "from": 8, "to": 1, "vc": [1, 0, 0, 0, 0, 0, 0, 0, 3, 0], "hlc": [921722, 3]}
INFO:<Node 9>:{"send": true, "recv": false, "from": 9, "to": 2, "vc": [0, 0, 0, 1, 2, 0, 0, 0, 0, 3], "hlc": [921719, 2]}
INFO:<Node 1>:{"send": false, "recv": true, "to": 1, "from": 8, "vc": [2, 6, 0, 0, 0, 0, 0, 1, 3, 0], "hlc": [921722, 5]}
INFO:<Node 2>:{"send": false, "recv": true, "to": 2, "from": 1, "vc": [2, 5, 5, 0, 0, 0, 0, 2, 0, 0], "hlc": [921723, 2]}
INFO:<Node 2>:{"send": false, "recv": true, "to": 2, "from": 9, "vc": [2, 5, 6, 1, 2, 0, 0, 2, 0, 3], "hlc": [921723, 3]}
INFO:<Node 8>:{"send": false, "recv": true, "to": 8, "from": 5, "vc": [1, 1, 3, 0, 1, 4, 0, 0, 4, 0], "hlc": [921722, 4]}
INFO:<Node 8>:{"send": false, "recv": true, "to": 8, "from": 7, "vc": [1, 1, 3, 0, 1, 4, 0, 3, 5, 0], "hlc": [921723, 2]}
INFO:<Node 0>:{"send": true, "recv": false, "from": 0, "to": 1, "vc": [4, 0, 0, 0, 0, 0, 1, 0, 0, 0], "hlc": [921723, 1]}
INFO:<Node 2>:{"send": true, "recv": false, "from": 2, "to": 8, "vc": [2, 5, 7, 1, 2, 0, 0, 2, 0, 3], "hlc": [921723, 4]}
INFO:<Node 3>:{"send": true, "recv": false, "from": 3, "to": 0, "vc": [0, 3, 0, 3, 0, 0, 0, 1, 0, 0], "hlc": [921722, 4]}
INFO:<Node 4>:{"send": true, "recv": false, "from": 4, "to": 3, "vc": [1, 0, 0, 0, 4, 0, 0, 0, 2, 0], "hlc": [921722, 4]}
INFO:<Node 5>:{"send": true, "recv": false, "from": 5, "to": 4, "vc": [0, 1, 3, 0, 1, 5, 0, 0, 0, 0], "hlc": [921718, 4]}
INFO:<Node 6>:{"send": true, "recv": false, "from": 6, "to": 1, "vc": [0, 0, 0, 0, 0, 0, 2, 0, 0, 0], "hlc": [921718, 0]}
INFO:<Node 7>:{"send": true, "recv": false, "from": 7, "to": 2, "vc": [0, 0, 0, 0, 0, 0, 0, 4, 0, 0], "hlc": [921724, 0]}
INFO:<Node 8>:{"send": true, "recv": false, "from": 8, "to": 7, "vc": [1, 1, 3, 0, 1, 4, 0, 3, 6, 0], "hlc": [921723, 3]}
INFO:<Node 9>:{"send": true, "recv": false, "from": 9, "to": 0, "vc": [0, 0, 0, 1, 2, 0, 0, 0, 0, 4], "hlc": [921719, 3]}
INFO:<Node 0>:{"send": false, "recv": true, "to": 0, "from": 3, "vc": [5, 3, 0, 3, 0, 0, 1, 1, 0, 0], "hlc": [921724, 0]}
INFO:<Node 0>:{"send": false, "recv": true, "to": 0, "from": 9, "vc": [6, 3, 0, 3, 2, 0, 1, 1, 0, 4], "hlc": [921724, 1]}
INFO:<Node 1>:{"send": false, "recv": true, "to": 1, "from": 0, "vc": [4, 7, 0, 0, 0, 0, 1, 1, 3, 0], "hlc": [921723, 2]}
INFO:<Node 1>:{"send": false, "recv": true, "to": 1, "from": 6, "vc": [4, 8, 0, 0, 0, 0, 2, 1, 3, 0], "hlc": [921723, 3]}
INFO:<Node 2>:{"send": false, "recv": true, "to": 2, "from": 7, "vc": [2, 5, 8, 1, 2, 0, 0, 4, 0, 3], "hlc": [921724, 1]}
INFO:<Node 3>:{"send": false, "recv": true, "to": 3, "from": 4, "vc": [1, 3, 0, 4, 4, 0, 0, 1, 2, 0], "hlc": [921722, 5]}
INFO:<Node 4>:{"send": false, "recv": true, "to": 4, "from": 5, "vc": [1, 1, 3, 0, 5, 5, 0, 0, 2, 0], "hlc": [921722, 5]}
INFO:<Node 7>:{"send": false, "recv": true, "to": 7, "from": 8, "vc": [1, 1, 3, 0, 1, 4, 0, 5, 6, 0], "hlc": [921724, 1]}
INFO:<Node 8>:{"send": false, "recv": true, "to": 8, "from": 2, "vc": [2, 5, 7, 1, 2, 4, 0, 3, 7, 3], "hlc": [921723, 5]}
INFO:<Node 0>:{"send": true, "recv": false, "from": 0, "to": 4, "vc": [7, 3, 0, 3, 2, 0, 1, 1, 0, 4], "hlc": [921724, 2]}
INFO:<Node 1>:{"send": true, "recv": false, "from": 1, "to": 0, "vc": [4, 9, 0, 0, 0, 0, 2, 1, 3, 0], "hlc": [921723, 4]}
INFO:<Node 3>:{"send": true, "recv": false, "from": 3, "to": 2, "vc": [1, 3, 0, 5, 4, 0, 0, 1, 2, 0], "hlc": [921722, 6]}
INFO:<Node 5>:{"send": true, "recv": false, "from": 5, "to": 3, "vc": [0, 1, 3, 0, 1, 6, 0, 0, 0, 0], "hlc": [921718, 5]}
INFO:<Node 8>:{"send": true, "recv": false, "from": 8, "to": 0, "vc": [2, 5, 7, 1, 2, 4, 0, 3, 8, 3], "hlc": [921723, 6]}
INFO:<Node 0>:{"send": false, "recv": true, "to": 0, "from": 1, "vc": [8, 9, 0, 3, 2, 0, 2, 1, 3, 4], "hlc": [921724, 3]}
INFO:<Node 0>:{"send": false, "recv": true, "to": 0, "from": 8, "vc": [9, 9, 7, 3, 2, 4, 2, 3, 8, 4], "hlc": [921724, 4]}
INFO:<Node 2>:{"send": false, "recv": true, "to": 2, "from": 3, "vc": [2, 5, 9, 5, 4, 0, 0, 4, 2, 3], "hlc": [921724, 2]}
INFO:<Node 3>:{"send": false, "recv": true, "to": 3, "from": 5, "vc": [1, 3, 3, 6, 4, 6, 0, 1, 2, 0], "hlc": [921722, 7]}
INFO:<Node 4>:{"send": false, "recv": true, "to": 4, "from": 0, "vc": [7, 3, 3, 3, 6, 5, 1, 1, 2, 4], "hlc": [921724, 3]}
INFO:<Node 3>:{"send": true, "recv": false, "from": 3, "to": 8, "vc": [1, 3, 3, 7, 4, 6, 0, 1, 2, 0], "hlc": [921722, 8]}
INFO:<Node 4>:{"send": true, "recv": false, "from": 4, "to": 6, "vc": [7, 3, 3, 3, 7, 5, 1, 1, 2, 4], "hlc": [921724, 4]}
INFO:<Node 5>:{"send": true, "recv": false, "from": 5, "to": 0, "vc": [0, 1, 3, 0, 1, 7, 0, 0, 0, 0], "hlc": [921718, 6]}
INFO:<Node 9>:{"send": true, "recv": false, "from": 9, "to": 3, "vc": [0, 0, 0, 1, 2, 0, 0, 0, 0, 5], "hlc": [921720, 0]}
INFO:<Node 0>:{"send": false, "recv": true, "to": 0, "from": 5, "vc": [10, 9, 7, 3, 2, 7, 2, 3, 8, 4], "hlc": [921725, 0]}
INFO:<Node 3>:{"send": false, "recv": true, "to": 3, "from": 9, "vc": [1, 3, 3, 8, 4, 6, 0, 1, 2, 5], "hlc": [921722, 9]}
INFO:<Node 6>:{"send": false, "recv": true, "to": 6, "from": 4, "vc": [7, 3, 3, 3, 7, 5, 3, 1, 2, 4], "hlc": [921724, 5]}
INFO:<Node 8>:{"send": false, "recv": true, "to": 8, "from": 3, "vc": [2, 5, 7, 7, 4, 6, 0, 3, 9, 3], "hlc": [921723, 7]}
INFO:<Node 0>:{"send": true, "recv": false, "from": 0, "to": 4, "vc": [11, 9, 7, 3, 2, 7, 2, 3, 8, 4], "hlc": [921725, 1]}
INFO:<Node 4>:{"send": true, "recv": false, "from": 4, "to": 5, "vc": [7, 3, 3, 3, 8, 5, 1, 1, 2, 4], "hlc": [921724, 5]}
INFO:<Node 5>:{"send": true, "recv": false, "from": 5, "to": 2, "vc": [0, 1, 3, 0, 1, 8, 0, 0, 0, 0], "hlc": [921718, 7]}
INFO:<Node 8>:{"send": true, "recv": false, "from": 8, "to": 5, "vc": [2, 5, 7, 7, 4, 6, 0, 3, 10, 3], "hlc": [921723, 8]}
INFO:<Node 9>:{"send": true, "recv": false, "from": 9, "to": 8, "vc": [0, 0, 0, 1, 2, 0, 0, 0, 0, 6], "hlc": [921721, 0]}
INFO:<Node 2>:{"send": false, "recv": true, "to": 2, "from": 5, "vc": [2, 5, 10, 5, 4, 8, 0, 4, 2, 3], "hlc": [921724, 3]}
INFO:<Node 4>:{"send": false, "recv": true, "to": 4, "from": 0, "vc": [11, 9, 7, 3, 9, 7, 2, 3, 8, 4], "hlc": [921725, 2]}
INFO:<Node 5>:{"send": false, "recv": true, "to": 5, "from": 4, "vc": [7, 3, 3, 3, 8, 9, 1, 1, 2, 4], "hlc": [921724, 6]}
INFO:<Node 5>:{"send": false, "recv": true, "to": 5, "from": 8, "vc": [7, 5, 7, 7, 8, 10, 1, 3, 10, 4], "hlc": [921724, 7]}
INFO:<Node 8>:{"send": false, "recv": true, "to": 8, "from": 9, "vc": [2, 5, 7, 7, 4, 6, 0, 3, 11, 6], "hlc": [921723, 9]}
INFO:<Node 0>:{"send": true, "recv": false, "from": 0, "to": 3, "vc": [12, 9, 7, 3, 2, 7, 2, 3, 8, 4], "hlc": [921725, 2]}
INFO:<Node 3>:{"send": true, "recv": false, "from": 3, "to": 1, "vc": [1, 3, 3, 9, 4, 6, 0, 1, 2, 5], "hlc": [921722, 10]}
INFO:<Node 5>:{"send": true, "recv": false, "from": 5, "to": 9, "vc": [7, 5, 7, 7, 8, 11, 1, 3, 10, 4], "hlc": [921724, 8]}
INFO:<Node 6>:{"send": true, "recv": false, "from": 6, "to": 5, "vc": [7, 3, 3, 3, 7, 5, 4, 1, 2, 4], "hlc": [921724, 6]}
INFO:<Node 7>:{"send": true, "recv": false, "from": 7, "to": 1, "vc": [1, 1, 3, 0, 1, 4, 0, 6, 6, 0], "hlc": [921726, 0]}
INFO:<Node 1>:{"send": false, "recv": true, "to": 1, "from": 3, "vc": [4, 10, 3, 9, 4, 6, 2, 1, 3, 5], "hlc": [921723, 5]}
INFO:<Node 1>:{"send": false, "recv": true, "to": 1, "from": 7, "vc": [4, 11, 3, 9, 4, 6, 2, 6, 6, 5], "hlc": [921726, 1]}
INFO:<Node 3>:{"send": false, "recv": true, "to": 3, "from": 0, "vc": [12, 9, 7, 10, 4, 7, 2, 3, 8, 5], "hlc": [921725, 3]}
INFO:<Node 5>:{"send": false, "recv": true, "to": 5, "from": 6, "vc": [7, 5, 7, 7, 8, 12, 4, 3, 10, 4], "hlc": [921724, 9]}
INFO:<Node 9>:{"send": false, "recv": true, "to": 9, "from": 5, "vc": [7, 5, 7, 7, 8, 11, 1, 3, 10, 7], "hlc": [921724, 9]}
INFO:<Node 0>:{"send": true, "recv": false, "from": 0, "to": 1, "vc": [13, 9, 7, 3, 2, 7, 2, 3, 8, 4], "hlc": [921726, 0]}
INFO:<Node 1>:{"send": true, "recv": false, "from": 1, "to": 9, "vc": [4, 12, 3, 9, 4, 6, 2, 6, 6, 5], "hlc": [921726, 2]}
INFO:<Node 3>:{"send": true, "recv": false, "from": 3, "to": 6, "vc": [12, 9, 7, 11, 4, 7, 2, 3, 8, 5], "hlc": [921725, 4]}
INFO:<Node 4>:{"send": true, "recv": false, "from": 4, "to": 2, "vc": [11, 9, 7, 3, 10, 7, 2, 3, 8, 4], "hlc": [921725, 3]}
INFO:<Node 5>:{"send": true, "recv": false, "from": 5, "to": 4, "vc": [7, 5, 7, 7, 8, 13, 4, 3, 10, 4], "hlc": [921724, 10]}
INFO:<Node 6>:{"send": true, "recv": false, "from": 6, "to": 0, "vc": [7, 3, 3, 3, 7, 5, 5, 1, 2, 4], "hlc": [921724, 7]}
INFO:<Node 7>:{"send": true, "recv": false, "from": 7, "to": 5, "vc": [1, 1, 3, 0, 1, 4, 0, 7, 6, 0], "hlc": [921726, 1]}
INFO:<Node 8>:{"send": true, "recv": false, "from": 8, "to": 4, "vc": [2, 5, 7, 7, 4, 6, 0, 3, 12, 6], "hlc": [921723, 10]}
INFO:<Node 9>:{"send": true, "recv": false, "from": 9, "to": 2, "vc": [7, 5, 7, 7, 8, 11, 1, 3, 10, 8], "hlc": [921724, 10]}
INFO:<Node 0>:{"send": false, "recv": true, "to": 0, "from": 6, "vc": [14, 9, 7, 3, 7, 7, 5, 3, 8, 4], "hlc": [921726, 1]}
INFO:<Node 1>:{"send": false, "recv": true, "to": 1, "from": 0, "vc": [13, 13, 7, 9, 4, 7, 2, 6, 8, 5], "hlc": [921726, 3]}
INFO:<Node 2>:{"send": false, "recv": true, "to": 2, "from": 4, "vc": [11, 9, 11, 5, 10, 8, 2, 4, 8, 4], "hlc": [921725, 4]}
INFO:<Node 2>:{"send": false, "recv": true, "to": 2, "from": 9, "vc": [11, 9, 12, 7, 10, 11, 2, 4, 10, 8], "hlc": [921725, 5]}
INFO:<Node 4>:{"send": false, "recv": true, "to": 4, "from": 5, "vc": [11, 9, 7, 7, 11, 13, 4, 3, 10, 4], "hlc": [921725, 4]}
INFO:<Node 4>:{"send": false, "recv": true, "to": 4, "from": 8, "vc": [11, 9, 7, 7, 12, 13, 4, 3, 12, 6], "hlc": [921725, 5]}
INFO:<Node 5>:{"send": false, "recv": true, "to": 5, "from": 7, "vc": [7, 5, 7, 7, 8, 14, 4, 7, 10, 4], "hlc": [921726, 2]}
INFO:<Node 6>:{"send": false, "recv": true, "to": 6, "from": 3, "vc": [12, 9, 7, 11, 7, 7, 6, 3, 8, 5], "hlc": [921725, 5]}
INFO:<Node 9>:{"send": false, "recv": true, "to": 9, "from": 1, "vc": [7, 12, 7, 9, 8, 11, 2, 6, 10, 9], "hlc": [921726, 3]}
INFO:<Node 0>:{"send": true, "recv": false, "from": 0, "to": 6, "vc": [15, 9, 7, 3, 7, 7, 5, 3, 8, 4], "hlc": [921726, 2]}
INFO:<Node 1>:{"send": true, "recv": false, "from": 1, "to": 2, "vc": [13, 14, 7, 9, 4, 7, 2, 6, 8, 5], "hlc": [921726, 4]}
INFO:<Node 3>:{"send": true, "recv": false, "from": 3, "to": 8, "vc": [12, 9, 7, 12, 4, 7, 2, 3, 8, 5], "hlc": [921725, 5]}
INFO:<Node 4>:{"send": true, "recv": false, "from": 4, "to": 3, "vc": [11, 9, 7, 7, 13, 13, 4, 3, 12, 6], "hlc": [921725, 6]}
INFO:<Node 5>:{"send": true, "recv": false, "from": 5, "to": 1, "vc": [7, 5, 7, 7, 8, 15, 4, 7, 10, 4], "hlc": [921726, 3]}
INFO:<Node 8>:{"send": true, "recv": false, "from": 8, "to": 2, "vc": [2, 5, 7, 7, 4, 6, 0, 3, 13, 6], "hlc": [921723, 11]}
INFO:<Node 9>:{"send": true, "recv": false, "from": 9, "to": 0, "vc": [7, 12, 7, 9, 8, 11, 2, 6, 10, 10], "hlc": [921726, 4]}
INFO:<Node 0>:{"send": false, "recv": true, "to": 0, "from": 9, "vc": [16, 12, 7, 9, 8, 11, 5, 6, 10, 10], "hlc": [921727, 0]}
INFO:<Node 1>:{"send": false, "recv": true, "to": 1, "from": 5, "vc": [13, 15, 7, 9, 8, 15, 4, 7, 10, 5], "hlc": [921726, 5]}
INFO:<Node 2>:{"send": false, "recv": true, "to": 2, "from": 1, "vc": [13, 14, 13, 9, 10, 11, 2, 6, 10, 8], "hlc": [921726, 5]}
INFO:<Node 2>:{"send": false, "recv": true, "to": 2, "from": 8, "vc": [13, 14, 14, 9, 10, 11, 2, 6, 13, 8], "hlc": [921726, 6]}
INFO:<Node 3>:{"send": false, "recv": true, "to": 3, "from": 4, "vc": [12, 9, 7, 13, 13, 13, 4, 3, 12, 6], "hlc": [921725, 7]}
INFO:<Node 6>:{"send": false, "recv": true, "to": 6, "from": 0, "vc": [15, 9, 7, 11, 7, 7, 7, 3, 8, 5], "hlc": [921726, 3]}
INFO:<Node 8>:{"send": false, "recv": true, "to": 8, "from": 3, "vc": [12, 9, 7, 12, 4, 7, 2, 3, 14, 6], "hlc": [921725, 6]}
INFO:<Node 1>:{"send": true, "recv": false, "from": 1, "to": 0, "vc": [13, 16, 7, 9, 8, 15, 4, 7, 10, 5], "hlc": [921726, 6]}
INFO:<Node 3>:{"send": true, "recv": false, "from": 3, "to": 4, "vc": [12, 9, 7, 14, 13, 13, 4, 3, 12, 6], "hlc": [921725, 8]}
INFO:<Node 4>:{"send": true, "recv": false, "from": 4, "to": 3, "vc": [11, 9, 7, 7, 14, 13, 4, 3, 12, 6], "hlc": [921725, 7]}
INFO:<Node 5>:{"send": true, "recv": false, "from": 5, "to": 6, "vc": [7, 5, 7, 7, 8, 16, 4, 7, 10, 4], "hlc": [921726, 4]}
INFO:<Node 6>:{"send": true, "recv": false, "from": 6, "to": 4, "vc": [15, 9, 7, 11, 7, 7, 8, 3, 8, 5], "hlc": [921726, 4]}
INFO:<Node 8>:{"send": true, "recv": false, "from": 8, "to": 6, "vc": [12, 9, 7, 12, 4, 7, 2, 3, 15, 6], "hlc": [921725, 7]}
INFO:<Node 0>:{"send": false, "recv": true, "to": 0, "from": 1, "vc": [17, 16, 7, 9, 8, 15, 5, 7, 10, 10], "hlc": [921727, 1]}
INFO:<Node 3>:{"send": false, "recv": true, "to": 3, "from": 4, "vc": [12, 9, 7, 15, 14, 13, 4, 3, 12, 6], "hlc": [921725, 9]}
INFO:<Node 4>:{"send": false, "recv": true, "to": 4, "from": 3, "vc": [12, 9, 7, 14, 15, 13, 4, 3, 12, 6], "hlc": [921725, 9]}
INFO:<Node 4>:{"send": false, "recv": true, "to": 4, "from": 6, "vc": [15, 9, 7, 14, 16, 13, 8, 3, 12, 6], "hlc": [921726, 5]}
INFO:<Node 6>:{"send": false, "recv": true, "to": 6, "from": 5, "vc": [15, 9, 7, 11, 8, 16, 9, 7, 10, 5], "hlc": [921726, 5]}
INFO:<Node 6>:{"send": false, "recv": true, "to": 6, "from": 8, "vc": [15, 9, 7, 12, 8, 16, 10, 7, 15, 6], "hlc": [921726, 6]}
INFO:<Node 1>:{"send": true, "recv": false, "from": 1, "to": 9, "vc": [13, 17, 7, 9, 8, 15, 4, 7, 10, 5], "hlc": [921726, 7]}
INFO:<Node 2>:{"send": true, "recv": false, "from": 2, "to": 1, "vc": [13, 14, 15, 9, 10, 11, 2, 6, 13, 8], "hlc": [921726, 7]}
INFO:<Node 3>:{"send": true, "recv": false, "from": 3, "to": 7, "vc": [12, 9, 7, 16, 14, 13, 4, 3, 12, 6], "hlc": [921725, 10]}
INFO:<Node 4>:{"send": true, "recv": false, "from": 4, "to": 3, "vc": [15, 9, 7, 14, 17, 13, 8, 3, 12, 6], "hlc": [921726, 6]}
INFO:<Node 5>:{"send": true, "recv": false, "from": 5, "to": 7, "vc": [7, 5, 7, 7, 8, 17, 4, 7, 10, 4], "hlc": [921726, 5]}
INFO:<Node 6>:{"send": true, "recv": false, "from": 6, "to": 8, "vc": [15, 9, 7, 12, 8, 16, 11, 7, 15, 6], "hlc": [921726, 7]}
INFO:<Node 7>:{"send": true, "recv": false, "from": 7, "to": 1, "vc": [1, 1, 3, 0, 1, 4, 0, 8, 6, 0], "hlc": [921728, 0]}
INFO:<Node 9>:{"send": true, "recv": false, "from": 9, "to": 4, "vc": [7, 12, 7, 9, 8, 11, 2, 6, 10, 11], "hlc": [921726, 5]}
INFO:<Node 1>:{"send": false, "recv": true, "to": 1, "from": 2, "vc": [13, 18, 15, 9, 10, 15, 4, 7, 13, 8], "hlc": [921726, 8]}
INFO:<Node 1>:{"send": false, "recv": true, "to": 1, "from": 7, "vc": [13, 19, 15, 9, 10, 15, 4, 8, 13, 8], "hlc": [921728, 1]}
INFO:<Node 3>:{"send": false, "recv": true, "to": 3, "from": 4, "vc": [15, 9, 7, 17, 17, 13, 8, 3, 12, 6], "hlc": [921726, 7]}
INFO:<Node 4>:{"send": false, "recv": true, "to": 4, "from": 9, "vc": [15, 12, 7, 14, 18, 13, 8, 6, 12, 11], "hlc": [921726, 7]}
INFO:<Node 7>:{"send": false, "recv": true, "to": 7, "from": 3, "vc": [12, 9, 7, 16, 14, 13, 4, 9, 12, 6], "hlc": [921728, 1]}
INFO:<Node 7>:{"send": false, "recv": true, "to": 7, "from": 5, "vc": [12, 9, 7, 16, 14, 17, 4, 10, 12, 6], "hlc": [921728, 2]}
INFO:<Node 8>:{"send": false, "recv": true, "to": 8, "from": 6, "vc": [15, 9, 7, 12, 8, 16, 11, 7, 16, 6], "hlc": [921726, 8]}
INFO:<Node 9>:{"send": false, "recv": true, "to": 9, "from": 1, "vc": [13, 17, 7, 9, 8, 15, 4, 7, 10, 12], "hlc": [921726, 8]}
INFO:<Node 1>:{"send": true, "recv": false, "from": 1, "to": 6, "vc": [13, 20, 15, 9, 10, 15, 4, 8, 13, 8], "hlc": [921728, 2]}
INFO:<Node 2>:{"send": true, "recv": false, "from": 2, "to": 5, "vc": [13, 14, 16, 9, 10, 11, 2, 6, 13, 8], "hlc": [921726, 8]}
INFO:<Node 3>:{"send": true, "recv": false, "from": 3, "to": 5, "vc": [15, 9, 7, 18, 17, 13, 8, 3, 12, 6], "hlc": [921726, 8]}
INFO:<Node 4>:{"send": true, "recv": false, "from": 4, "to": 7, "vc": [15, 12, 7, 14, 19, 13, 8, 6, 12, 11], "hlc": [921726, 8]}
INFO:<Node 6>:{"send": true, "recv": false, "from": 6, "to": 4, "vc": [15, 9, 7, 12, 8, 16, 12, 7, 15, 6], "hlc": [921726, 8]}
INFO:<Node 7>:{"send": true, "recv": false, "from": 7, "to": 5, "vc": [12, 9, 7, 16, 14, 17, 4, 11, 12, 6], "hlc": [921728, 3]}
INFO:<Node 8>:{"send": true, "recv": false, "from": 8, "to": 1, "vc": [15, 9, 7, 12, 8, 16, 11, 7, 17, 6], "hlc": [921726, 9]}
INFO:<Node 9>:{"send": true, "recv": false, "from": 9, "to": 0, "vc": [13, 17, 7, 9, 8, 15, 4, 7, 10, 13], "hlc": [921726, 9]}
INFO:<Node 0>:{"send": false, "recv": true, "to": 0, "from": 9, "vc": [18, 17, 7, 9, 8, 15, 5, 7, 10, 13], "hlc": [921728, 0]}
INFO:<Node 1>:{"send": false, "recv": true, "to": 1, "from": 8, "vc": [15, 21, 15, 12, 10, 16, 11, 8, 17, 8], "hlc": [921728, 3]}
INFO:<Node 4>:{"send": false, "recv": true, "to": 4, "from": 6, "vc": [15, 12, 7, 14, 20, 16, 12, 7, 15, 11], "hlc": [921726, 9]}
INFO:<Node 5>:{"send": false, "recv": true, "to": 5, "from": 2, "vc": [13, 14, 16, 9, 10, 18, 4, 7, 13, 8], "hlc": [921726, 9]}
INFO:<Node 5>:{"send": false, "recv": true, "to": 5, "from": 3, "vc": [15, 14, 16, 18, 17, 19, 8, 7, 13, 8], "hlc": [921726, 10]}
INFO:<Node 5>:{"send": false, "recv": true, "to": 5, "from": 7, "vc": [15, 14, 16, 18, 17, 20, 8, 11, 13, 8], "hlc": [921728, 4]}
INFO:<Node 6>:{"send": false, "recv": true, "to": 6, "from": 1, "vc": [15, 20, 15, 12, 10, 16, 13, 8, 15, 8], "hlc": [921728, 3]}
INFO:<Node 7>:{"send": false, "recv": true, "to": 7, "from": 4, "vc": [15, 12, 7, 16, 19, 17, 8, 12, 12, 11], "hlc": [921729, 0]}
INFO:<Node 0>:{"send": true, "recv": false, "from": 0, "to": 6, "vc": [19, 17, 7, 9, 8, 15, 5, 7, 10, 13], "hlc": [921728, 1]}
INFO:<Node 2>:{"send": true, "recv": false, "from": 2, "to": 5, "vc": [13, 14, 17, 9, 10, 11, 2, 6, 13, 8], "hlc": [921726, 9]}
INFO:<Node 3>:{"send": true, "recv": false, "from": 3, "to": 8, "vc": [15, 9, 7, 19, 17, 13, 8, 3, 12, 6], "hlc": [921726, 9]}
INFO:<Node 4>:{"send": true, "recv": false, "from": 4, "to": 9, "vc": [15, 12, 7, 14, 21, 16, 12, 7, 15, 11], "hlc": [921726, 10]}
INFO:<Node 6>:{"send": true, "recv": false, "from": 6, "to": 0, "vc": [15, 20, 15, 12, 10, 16, 14, 8, 15, 8], "hlc": [921728, 4]}
INFO:<Node 7>:{"send": true, "recv": false, "from": 7, "to": 4, "vc": [15, 12, 7, 16, 19, 17, 8, 13, 12, 11], "hlc": [921729, 1]}
INFO:<Node 8>:{"send": true, "recv": false, "from": 8, "to": 1, "vc": [15, 9, 7, 12, 8, 16, 11, 7, 18, 6], "hlc": [921726, 10]}
INFO:<Node 0>:{"send": false, "recv": true, "to": 0, "from": 6, "vc": [20, 20, 15, 12, 10, 16, 14, 8, 15, 13], "hlc": [921729, 0]}
INFO:<Node 1>:{"send": false, "recv": true, "to": 1, "from": 8, "vc": [15, 22, 15, 12, 10, 16, 11, 8, 18, 8], "hlc": [921728, 4]}
INFO:<Node 4>:{"send": false, "recv": true, "to": 4, "from": 7, "vc": [15, 12, 7, 16, 22, 17, 12, 13, 15, 11], "hlc": [921729, 2]}
INFO:<Node 5>:{"send": false, "recv": true, "to": 5, "from": 2, "vc": [15, 14, 17, 18, 17, 21, 8, 11, 13, 8], "hlc": [921728, 5]}
INFO:<Node 6>:{"send": false, "recv": true, "to": 6, "from": 0, "vc": [19, 20, 15, 12, 10, 16, 15, 8, 15, 13], "hlc": [921728, 5]}
INFO:<Node 8>:{"send": false, "recv": true, "to": 8, "from": 3, "vc": [15, 9, 7, 19, 17, 16, 11, 7, 19, 6], "hlc": [921726, 11]}
INFO:<Node 9>:{"send": false, "recv": true, "to": 9, "from": 4, "vc": [15, 17, 7, 14, 21, 16, 12, 7, 15, 14], "hlc": [921726, 11]}
INFO:<Node 0>:{"send": true, "recv": false, "from": 0, "to": 9, "vc": [21, 20, 15, 12, 10, 16, 14, 8, 15, 13], "hlc": [921729, 1]}
INFO:<Node 3>:{"send": true, "recv": false, "from": 3, "to": 7, "vc": [15, 9, 7, 20, 17, 13, 8, 3, 12, 6], "hlc": [921726, 10]}
INFO:<Node 4>:{"send": true, "recv": false, "from": 4, "to": 7, "vc": [15, 12, 7, 16, 23, 17, 12, 13, 15, 11], "hlc": [921729, 3]}
INFO:<Node 6>:{"send": true, "recv": false, "from": 6, "to": 0, "vc": [19, 20, 15, 12, 10, 16, 16, 8, 15, 13], "hlc": [921728, 6]}
INFO:<Node 7>:{"send": true, "recv": false, "from": 7, "to": 6, "vc": [15, 12, 7, 16, 19, 17, 8, 14, 12, 11], "hlc": [921729, 2]}
INFO:<Node 8>:{"send": true, "recv": false, "from": 8, "to": 2, "vc": [15, 9, 7, 19, 17, 16, 11, 7, 20, 6], "hlc": [921726, 12]}
INFO:<Node 0>:{"send": false, "recv": true, "to": 0, "from": 6, "vc": [22, 20, 15, 12, 10, 16, 16, 8, 15, 13], "hlc": [921729, 2]}
INFO:<Node 2>:{"send": false, "recv": true, "to": 2, "from": 8, "vc": [15, 14, 18, 19, 17, 16, 11, 7, 20, 8], "hlc": [921726, 13]}
INFO:<Node 6>:{"send": false, "recv": true, "to": 6, "from": 7, "vc": [19, 20, 15, 16, 19, 17, 17, 14, 15, 13], "hlc": [921729, 3]}
INFO:<Node 7>:{"send": false, "recv": true, "to": 7, "from": 3, "vc": [15, 12, 7, 20, 19, 17, 8, 15, 12, 11], "hlc": [921730, 0]}
INFO:<Node 7>:{"send": false, "recv": true, "to": 7, "from": 4, "vc": [15, 12, 7, 20, 23, 17, 12, 16, 15, 11], "hlc": [921730, 1]}
INFO:<Node 9>:{"send": false, "recv": true, "to": 9, "from": 0, "vc": [21, 20, 15, 14, 21, 16, 14, 8, 15, 15], "hlc": [921729, 2]}
INFO:<Node 0>:{"send": true, "recv": false, "from": 0, "to": 8, "vc": [23, 20, 15, 12, 10, 16, 16, 8, 15, 13], "hlc": [921729, 3]}
INFO:<Node 1>:{"send": true, "recv": false, "from": 1, "to": 4, "vc": [15, 23, 15, 12, 10, 16, 11, 8, 18, 8], "hlc": [921728, 5]}
INFO:<Node 3>:{"send": true, "recv": false, "from": 3, "to": 4, "vc": [15, 9, 7, 21, 17, 13, 8, 3, 12, 6], "hlc": [921726, 11]}
INFO:<Node 6>:{"send": true, "recv": false, "from": 6, "to": 8, "vc": [19, 20, 15, 16, 19, 17, 18, 14, 15, 13], "hlc": [921729, 4]}
INFO:<Node 7>:{"send": true, "recv": false, "from": 7, "to": 9, "vc": [15, 12, 7, 20, 23, 17, 12, 17, 15, 11], "hlc": [921730, 2]}
INFO:<Node 8>:{"send": true, "recv": false, "from": 8, "to": 0, "vc": [15, 9, 7, 19, 17, 16, 11, 7, 21, 6], "hlc": [921726, 13]}
INFO:<Node 9>:{"send": true, "recv": false, "from": 9, "to": 8, "vc": [21, 20, 15, 14, 21, 16, 14, 8, 15, 16], "hlc": [921729, 3]}
INFO:<Node 0>:{"send": false, "recv": true, "to": 0, "from": 8, "vc": [24, 20, 15, 19, 17, 16, 16, 8, 21, 13], "hlc": [921730, 0]}
INFO:<Node 4>:{"send": false, "recv": true, "to": 4, "from": 1, "vc": [15, 23, 15, 16, 24, 17, 12, 13, 18, 11], "hlc": [921729, 4]}
INFO:<Node 4>:{"send": false, "recv": true, "to": 4, "from": 3, "vc": [15, 23, 15, 21, 25, 17, 12, 13, 18, 11], "hlc": [921729, 5]}
INFO:<Node 8>:{"send": false, "recv": true, "to": 8, "from": 0, "vc": [23, 20, 15, 19, 17, 16, 16, 8, 22, 13], "hlc": [921729, 4]}
INFO:<Node 8>:{"send": false, "recv": true, "to": 8, "from": 6, "vc": [23, 20, 15, 19, 19, 17, 18, 14, 23, 13], "hlc": [921729, 5]}
INFO:<Node 8>:{"send": false, "recv": true, "to": 8, "from": 9, "vc": [23, 20, 15, 19, 21, 17, 18, 14, 24, 16], "hlc": [921729, 6]}
INFO:<Node 9>:{"send": false, "recv": true, "to": 9, "from": 7, "vc": [21, 20, 15, 20, 23, 17, 14, 17, 15, 17], "hlc": [921730, 3]}
INFO:<Node 3>:{"send": true, "recv": false, "from": 3, "to": 0, "vc": [15, 9, 7, 22, 17, 13, 8, 3, 12, 6], "hlc": [921726, 12]}
INFO:<Node 4>:{"send": true, "recv": false, "from": 4, "to": 1, "vc": [15, 23, 15, 21, 26, 17, 12, 13, 18, 11], "hlc": [921729, 6]}
INFO:<Node 7>:{"send": true, "recv": false, "from": 7, "to": 4, "vc": [15, 12, 7, 20, 23, 17, 12, 18, 15, 11], "hlc": [921730, 3]}
INFO:<Node 9>:{"send": true, "recv": false, "from": 9, "to": 2, "vc": [21, 20, 15, 20, 23, 17, 14, 17, 15, 18], "hlc": [921730, 4]}
INFO:<Node 0>:{"send": false, "recv": true, "to": 0, "from": 3, "vc": [25, 20, 15, 22, 17, 16, 16, 8, 21, 13], "hlc": [921730, 1]}
INFO:<Node 1>:{"send": false, "recv": true, "to": 1, "from": 4, "vc": [15, 24, 15, 21, 26, 17, 12, 13, 18, 11], "hlc": [921729, 7]}
INFO:<Node 2>:{"send": false, "recv": true, "to": 2, "from": 9, "vc": [21, 20, 19, 20, 23, 17, 14, 17, 20, 18], "hlc": [921730, 5]}
INFO:<Node 4>:{"send": false, "recv": true, "to": 4, "from": 7, "vc": [15, 23, 15, 21, 27, 17, 12, 18, 18, 11], "hlc": [921730, 4]}
INFO:<Node 0>:{"send": true, "recv": false, "from": 0, "to": 8, "vc": [26, 20, 15, 22, 17, 16, 16, 8, 21, 13], "hlc": [921730, 2]}
INFO:<Node 2>:{"send": true, "recv": false, "from": 2, "to": 9, "vc": [21, 20, 20, 20, 23, 17, 14, 17, 20, 18], "hlc": [921730, 6]}
INFO:<Node 3>:{"send": true, "recv": false, "from": 3, "to": 1, "vc": [15, 9, 7, 23, 17, 13, 8, 3, 12, 6], "hlc": [921726, 13]}
INFO:<Node 5>:{"send": true, "recv": false, "from": 5, "to": 6, "vc": [15, 14, 17, 18, 17, 22, 8, 11, 13, 8], "hlc": [921728, 6]}
INFO:<Node 6>:{"send": true, "recv": false, "from": 6, "to": 8, "vc": [19, 20, 15, 16, 19, 17, 19, 14, 15, 13], "hlc": [921729, 5]}
INFO:<Node 1>:{"send": false, "recv": true, "to": 1, "from": 3, "vc": [15, 25, 15, 23, 26, 17, 12, 13, 18, 11], "hlc": [921729, 8]}
INFO:<Node 6>:{"send": false, "recv": true, "to": 6, "from": 5, "vc": [19, 20, 17, 18, 19, 22, 20, 14, 15, 13], "hlc": [921729, 6]}
INFO:<Node 8>:{"send": false, "recv": true, "to": 8, "from": 0, "vc": [26, 20, 15, 22, 21, 17, 18, 14, 25, 16], "hlc": [921730, 3]}
INFO:<Node 8>:{"send": false, "recv": true, "to": 8, "from": 6, "vc": [26, 20, 15, 22, 21, 17, 19, 14, 26, 16], "hlc": [921730, 4]}
INFO:<Node 9>:{"send": false, "recv": true, "to": 9, "from": 2, "vc": [21, 20, 20, 20, 23, 17, 14, 17, 20, 19], "hlc": [921730, 7]}
INFO:<Node 0>:{"send": true, "recv": false, "from": 0, "to": 6, "vc": [27, 20, 15, 22, 17, 16, 16, 8, 21, 13], "hlc": [921731, 0]}
INFO:<Node 1>:{"send": true, "recv": false, "from": 1, "to": 3, "vc": [15, 26, 15, 23, 26, 17, 12, 13, 18, 11], "hlc": [921729, 9]}
INFO:<Node 7>:{"send": true, "recv": false, "from": 7, "to": 5, "vc": [15, 12, 7, 20, 23, 17, 12, 19, 15, 11], "hlc": [921731, 0]}
INFO:<Node 9>:{"send": true, "recv": false, "from": 9, "to": 4, "vc": [21, 20, 20, 20, 23, 17, 14, 17, 20, 20], "hlc": [921730, 8]}
INFO:<Node 3>:{"send": false, "recv": true, "to": 3, "from": 1, "vc": [15, 26, 15, 24, 26, 17, 12, 13, 18, 11], "hlc": [921729, 10]}
INFO:<Node 4>:{"send": false, "recv": true, "to": 4, "from": 9, "vc": [21, 23, 20, 21, 28, 17, 14, 18, 20, 20], "hlc": [921730, 9]}
INFO:<Node 5>:{"send": false, "recv": true, "to": 5, "from": 7, "vc": [15, 14, 17, 20, 23, 23, 12, 19, 15, 11], "hlc": [921731, 1]}
INFO:<Node 6>:{"send": false, "recv": true, "to": 6, "from": 0, "vc": [27, 20, 17, 22, 19, 22, 21, 14, 21, 13], "hlc": [921731, 1]}
INFO:<Node 0>:{"send": true, "recv": false, "from": 0, "to": 4, "vc": [28, 20, 15, 22, 17, 16, 16, 8, 21, 13], "hlc": [921731, 1]}
INFO:<Node 1>:{"send": true, "recv": false, "from": 1, "to": 5, "vc": [15, 27, 15, 23, 26, 17, 12, 13, 18, 11], "hlc": [921729, 10]}
INFO:<Node 2>:{"send": true, "recv": false, "from": 2, "to": 5, "vc": [21, 20, 21, 20, 23, 17, 14, 17, 20, 18], "hlc": [921730, 7]}
INFO:<Node 6>:{"send": true, "recv": false, "from": 6, "to": 3, "vc": [27, 20, 17, 22, 19, 22, 22, 14, 21, 13], "hlc": [921731, 2]}
INFO:<Node 7>:{"send": true, "recv": false, "from": 7, "to": 2, "vc": [15, 12, 7, 20, 23, 17, 12, 20, 15, 11], "hlc": [921732, 0]}
INFO:<Node 8>:{"send": true, "recv": false, "from": 8, "to": 1, "vc": [26, 20, 15, 22, 21, 17, 19, 14, 27, 16], "hlc": [921730, 5]}
INFO:<Node 9>:{"send": true, "recv": false, "from": 9, "to": 3, "vc": [21, 20, 20, 20, 23, 17, 14, 17, 20, 21], "hlc": [921730, 9]}
INFO:<Node 1>:{"send": false, "recv": true, "to": 1, "from": 8, "vc": [26, 28, 15, 23, 26, 17, 19, 14, 27, 16], "hlc": [921730, 6]}
INFO:<Node 2>:{"send": false, "recv": true, "to": 2, "from": 7, "vc": [21, 20, 22, 20, 23, 17, 14, 20, 20, 18], "hlc": [921732, 1]}
INFO:<Node 3>:{"send": false, "recv": true, "to": 3, "from": 6, "vc": [27, 26, 17, 25, 26, 22, 22, 14, 21, 13], "hlc": [921731, 3]}
INFO:<Node 3>:{"send": false, "recv": true, "to": 3, "from": 9, "vc": [27, 26, 20, 26, 26, 22, 22, 17, 21, 21], "hlc": [921731, 4]}
INFO:<Node 4>:{"send": false, "recv": true, "to": 4, "from": 0, "vc": [28, 23, 20, 22, 29, 17, 16, 18, 21, 20], "hlc": [921731, 2]}
INFO:<Node 5>:{"send": false, "recv": true, "to": 5, "from": 1, "vc": [15, 27, 17, 23, 26, 24, 12, 19, 18, 11], "hlc": [921731, 2]}
INFO:<Node 5>:{"send": false, "recv": true, "to": 5, "from": 2, "vc": [21, 27, 21, 23, 26, 25, 14, 19, 20, 18], "hlc": [921731, 3]}
INFO:<Node 1>:{"send": true, "recv": false, "from": 1, "to": 9, "vc": [26, 29, 15, 23, 26, 17, 19, 14, 27, 16], "hlc": [921730, 7]}
INFO:<Node 2>:{"send": true, "recv": false, "from": 2, "to": 7, "vc": [21, 20, 23, 20, 23, 17, 14, 20, 20, 18], "hlc": [921732, 2]}
INFO:<Node 3>:{"send": true, "recv": false, "from": 3, "to": 5, "vc": [27, 26, 20, 27, 26, 22, 22, 17, 21, 21], "hlc": [921731, 5]}
INFO:<Node 4>:{"send": true, "recv": false, "from": 4, "to": 1, "vc": [28, 23, 20, 22, 30, 17, 16, 18, 21, 20], "hlc": [921731, 3]}
INFO:<Node 7>:{"send": true, "recv": false, "from": 7, "to": 4, "vc": [15, 12, 7, 20, 23, 17, 12, 21, 15, 11], "hlc": [921732, 1]}
INFO:<Node 1>:{"send": false, "recv": true, "to": 1, "from": 4, "vc": [28, 30, 20, 23, 30, 17, 19, 18, 27, 20], "hlc": [921731, 4]}
INFO:<Node 4>:{"send": false, "recv": true, "to": 4, "from": 7, "vc": [28, 23, 20, 22, 31, 17, 16, 21, 21, 20], "hlc": [921732, 2]}
INFO:<Node 5>:{"send": false, "recv": true, "to": 5, "from": 3, "vc": [27, 27, 21, 27, 26, 26, 22, 19, 21, 21], "hlc": [921731, 6]}
INFO:<Node 7>:{"send": false, "recv": true, "to": 7, "from": 2, "vc": [21, 20, 23, 20, 23, 17, 14, 22, 20, 18], "hlc": [921733, 0]}
INFO:<Node 9>:{"send": false, "recv": true, "to": 9, "from": 1, "vc": [26, 29, 20, 23, 26, 17, 19, 17, 27, 22], "hlc": [921730, 10]}
INFO:<Node 0>:{"send": true, "recv": false, "from": 0, "to": 1, "vc": [29, 20, 15, 22, 17, 16, 16, 8, 21, 13], "hlc": [921732, 0]}
INFO:<Node 1>:{"send": true, "recv": false, "from": 1, "to": 2, "vc": [28, 31, 20, 23, 30, 17, 19, 18, 27, 20], "hlc": [921731, 5]}
INFO:<Node 4>:{"send": true, "recv": false, "from": 4, "to": 7, "vc": [28, 23, 20, 22, 32, 17, 16, 21, 21, 20], "hlc": [921732, 3]}
INFO:<Node 6>:{"send": true, "recv": false, "from": 6, "to": 7, "vc": [27, 20, 17, 22, 19, 22, 23, 14, 21, 13], "hlc": [921731, 3]}
INFO:<Node 1>:{"send": false, "recv": true, "to": 1, "from": 0, "vc": [29, 32, 20, 23, 30, 17, 19, 18, 27, 20], "hlc": [921732, 1]}
INFO:<Node 2>:{"send": false, "recv": true, "to": 2, "from": 1, "vc": [28, 31, 24, 23, 30, 17, 19, 20, 27, 20], "hlc": [921732, 3]}
INFO:<Node 7>:{"send": false, "recv": true, "to": 7, "from": 4, "vc": [28, 23, 23, 22, 32, 17, 16, 23, 21, 20], "hlc": [921733, 1]}
INFO:<Node 7>:{"send": false, "recv": true, "to": 7, "from": 6, "vc": [28, 23, 23, 22, 32, 22, 23, 24, 21, 20], "hlc": [921733, 2]}
INFO:<Node 0>:{"send": true, "recv": false, "from": 0, "to": 5, "vc": [30, 20, 15, 22, 17, 16, 16, 8, 21, 13], "hlc": [921733, 0]}
INFO:<Node 1>:{"send": true, "recv": false, "from": 1, "to": 3, "vc": [29, 33, 20, 23, 30, 17, 19, 18, 27, 20], "hlc": [921732, 2]}
INFO:<Node 3>:{"send": true, "recv": false, "from": 3, "to": 6, "vc": [27, 26, 20, 28, 26, 22, 22, 17, 21, 21], "hlc": [921731, 6]}
INFO:<Node 4>:{"send": true, "recv": false, "from": 4, "to": 5, "vc": [28, 23, 20, 22, 33, 17, 16, 21, 21, 20], "hlc": [921732, 4]}
INFO:<Node 6>:{"send": true, "recv": false, "from": 6, "to": 1, "vc": [27, 20, 17, 22, 19, 22, 24, 14, 21, 13], "hlc": [921731, 4]}
INFO:<Node 7>:{"send": true, "recv": false, "from": 7, "to": 1, "vc": [28, 23, 23, 22, 32, 22, 23, 25, 21, 20], "hlc": [921733, 3]}
INFO:<Node 8>:{"send": true, "recv": false, "from": 8, "to": 1, "vc": [26, 20, 15, 22, 21, 17, 19, 14, 28, 16], "hlc": [921730, 6]}
INFO:<Node 1>:{"send": false, "recv": true, "to": 1, "from": 6, "vc": [29, 34, 20, 23, 30, 22, 24, 18, 27, 20], "hlc": [921732, 3]}
INFO:<Node 1>:{"send": false, "recv": true, "to": 1, "from": 7, "vc": [29, 35, 23, 23, 32, 22, 24, 25, 27, 20], "hlc": [921733, 4]}
INFO:<Node 1>:{"send": false, "recv": true, "to": 1, "from": 8, "vc": [29, 36, 23, 23, 32, 22, 24, 25, 28, 20], "hlc": [921733, 5]}
INFO:<Node 3>:{"send": false, "recv": true, "to": 3, "from": 1, "vc": [29, 33, 20, 29, 30, 22, 22, 18, 27, 21], "hlc": [921732, 3]}
INFO:<Node 5>:{"send": false, "recv": true, "to": 5, "from": 0, "vc": [30, 27, 21, 27, 26, 27, 22, 19, 21, 21], "hlc": [921733, 1]}
INFO:<Node 5>:{"send": false, "recv": true, "to": 5, "from": 4, "vc": [30, 27, 21, 27, 33, 28, 22, 21, 21, 21], "hlc": [921733, 2]}
INFO:<Node 6>:{"send": false, "recv": true, "to": 6, "from": 3, "vc": [27, 26, 20, 28, 26, 22, 25, 17, 21, 21], "hlc": [921731, 7]}
INFO:<Node 1>:{"send": true, "recv": false, "from": 1, "to": 3, "vc": [29, 37, 23, 23, 32, 22, 24, 25, 28, 20], "hlc": [921733, 6]}
INFO:<Node 2>:{"send": true, "recv": false, "from": 2, "to": 0, "vc": [28, 31, 25, 23, 30, 17, 19, 20, 27, 20], "hlc": [921732, 4]}
INFO:<Node 3>:{"send": true, "recv": false, "from": 3, "to": 1, "vc": [29, 33, 20, 30, 30, 22, 22, 18, 27, 21], "hlc": [921732, 4]}
INFO:<Node 5>:{"send": true, "recv": false, "from": 5, "to": 9, "vc": [30, 27, 21, 27, 33, 29, 22, 21, 21, 21], "hlc": [921733, 3]}
INFO:<Node 8>:{"send": true, "recv": false, "from": 8, "to": 3, "vc": [26, 20, 15, 22, 21, 17, 19, 14, 29, 16], "hlc": [921730, 7]}
INFO:<Node 0>:{"send": false, "recv": true, "to": 0, "from": 2, "vc": [31, 31, 25, 23, 30, 17, 19, 20, 27, 20], "hlc": [921734, 0]}
INFO:<Node 1>:{"send": false, "recv": true, "to": 1, "from": 3, "vc": [29, 38, 23, 30, 32, 22, 24, 25, 28, 21], "hlc": [921733, 7]}
INFO:<Node 3>:{"send": false, "recv": true, "to": 3, "from": 1, "vc": [29, 37, 23, 31, 32, 22, 24, 25, 28, 21], "hlc": [921733, 7]}
INFO:<Node 3>:{"send": false, "recv": true, "to": 3, "from": 8, "vc": [29, 37, 23, 32, 32, 22, 24, 25, 29, 21], "hlc": [921733, 8]}
INFO:<Node 9>:{"send": false, "recv": true, "to": 9, "from": 5, "vc": [30, 29, 21, 27, 33, 29, 22, 21, 27, 23], "hlc": [921733, 4]}
INFO:<Node 0>:{"send": true, "recv": false, "from": 0, "to": 9, "vc": [32, 31, 25, 23, 30, 17, 19, 20, 27, 20], "hlc": [921734, 1]}
INFO:<Node 1>:{"send": true, "recv": false, "from": 1, "to": 4, "vc": [29, 39, 23, 30, 32, 22, 24, 25, 28, 21], "hlc": [921733, 8]}
INFO:<Node 2>:{"send": true, "recv": false, "from": 2, "to": 1, "vc": [28, 31, 26, 23, 30, 17, 19, 20, 27, 20], "hlc": [921732, 5]}
INFO:<Node 6>:{"send": true, "recv": false, "from": 6, "to": 9, "vc": [27, 26, 20, 28, 26, 22, 26, 17, 21, 21], "hlc": [921731, 8]}
INFO:<Node 7>:{"send": true, "recv": false, "from": 7, "to": 4, "vc": [28, 23, 23, 22, 32, 22, 23, 26, 21, 20], "hlc": [921734, 0]}
INFO:<Node 8>:{"send": true, "recv": false, "from": 8, "to": 1, "vc": [26, 20, 15, 22, 21, 17, 19, 14, 30, 16], "hlc": [921730, 8]}
INFO:<Node 9>:{"send": true, "recv": false, "from": 9, "to": 6, "vc": [30, 29, 21, 27, 33, 29, 22, 21, 27, 24], "hlc": [921733, 5]}
INFO:<Node 1>:{"send": false, "recv": true, "to": 1, "from": 2, "vc": [29, 40, 26, 30, 32, 22, 24, 25, 28, 21], "hlc": [921733, 9]}
INFO:<Node 1>:{"send": false, "recv": true, "to": 1, "from": 8, "vc": [29, 41, 26, 30, 32, 22, 24, 25, 30, 21], "hlc": [921733, 10]}
INFO:<Node 4>:{"send": false, "recv": true, "to": 4, "from": 1, "vc": [29, 39, 23, 30, 34, 22, 24, 25, 28, 21], "hlc": [921733, 9]}
INFO:<Node 4>:{"send": false, "recv": true, "to": 4, "from": 7, "vc": [29, 39, 23, 30, 35, 22, 24, 26, 28, 21], "hlc": [921734, 1]}
INFO:<Node 6>:{"send": false, "recv": true, "to": 6, "from": 9, "vc": [30, 29, 21, 28, 33, 29, 27, 21, 27, 24], "hlc": [921733, 6]}
INFO:<Node 9>:{"send": false, "recv": true, "to": 9, "from": 0, "vc": [32, 31, 25, 27, 33, 29, 22, 21, 27, 25], "hlc": [921734, 2]}
INFO:<Node 9>:{"send": false, "recv": true, "to": 9, "from": 6, "vc": [32, 31, 25, 28, 33, 29, 26, 21, 27, 26], "hlc": [921734, 3]}
INFO:<Node 0>:{"send": true, "recv": false, "from": 0, "to": 9, "vc": [33, 31, 25, 23, 30, 17, 19, 20, 27, 20], "hlc": [921734, 2]}
INFO:<Node 1>:{"send": true, "recv": false, "from": 1, "to": 6, "vc": [29, 42, 26, 30, 32, 22, 24, 25, 30, 21], "hlc": [921733, 11]}
INFO:<Node 4>:{"send": true, "recv": false, "from": 4, "to": 0, "vc": [29, 39, 23, 30, 36, 22, 24, 26, 28, 21], "hlc": [921734, 2]}
INFO:<Node 6>:{"send": true, "recv": false, "from": 6, "to": 7, "vc": [30, 29, 21, 28, 33, 29, 28, 21, 27, 24], "hlc": [921733, 7]}
INFO:<Node 9>:{"send": true, "recv": false, "from": 9, "to": 2, "vc": [32, 31, 25, 28, 33, 29, 26, 21, 27, 27], "hlc": [921734, 4]}
INFO:<Node 0>:{"send": false, "recv": true, "to": 0, "from": 4, "vc": [34, 39, 25, 30, 36, 22, 24, 26, 28, 21], "hlc": [921735, 0]}
INFO:<Node 2>:{"send": false, "recv": true, "to": 2, "from": 9, "vc": [32, 31, 27, 28, 33, 29, 26, 21, 27, 27], "hlc": [921734, 5]}
INFO:<Node 6>:{"send": false, "recv": true, "to": 6, "from": 1, "vc": [30, 42, 26, 30, 33, 29, 29, 25, 30, 24], "hlc": [921733, 12]}
INFO:<Node 7>:{"send": false, "recv": true, "to": 7, "from": 6, "vc": [30, 29, 23, 28, 33, 29, 28, 27, 27, 24], "hlc": [921735, 0]}
INFO:<Node 9>:{"send": false, "recv": true, "to": 9, "from": 0, "vc": [33, 31, 25, 28, 33, 29, 26, 21, 27, 28], "hlc": [921734, 5]}
INFO:<Node 0>:{"send": true, "recv": false, "from": 0, "to": 3, "vc": [35, 39, 25, 30, 36, 22, 24, 26, 28, 21], "hlc": [921735, 1]}
INFO:<Node 2>:{"send": true, "recv": false, "from": 2, "to": 6, "vc": [32, 31, 28, 28, 33, 29, 26, 21, 27, 27], "hlc": [921734, 6]}
INFO:<Node 5>:{"send": true, "recv": false, "from": 5, "to": 3, "vc": [30, 27, 21, 27, 33, 30, 22, 21, 21, 21], "hlc": [921733, 4]}
INFO:<Node 6>:{"send": true, "recv": false, "from": 6, "to": 3, "vc": [30, 42, 26, 30, 33, 29, 30, 25, 30, 24], "hlc": [921733, 13]}
INFO:<Node 8>:{"send": true, "recv": false, "from": 8, "to": 2, "vc": [26, 20, 15, 22, 21, 17, 19, 14, 31, 16], "hlc": [921730, 9]}
INFO:<Node 9>:{"send": true, "recv": false, "from": 9, "to": 1, "vc": [33, 31, 25, 28, 33, 29, 26, 21, 27, 29], "hlc": [921734, 6]}
INFO:<Node 1>:{"send": false, "recv": true, "to": 1, "from": 9, "vc": [33, 43, 26, 30, 33, 29, 26, 25, 30, 29], "hlc": [921734, 7]}
INFO:<Node 2>:{"send": false, "recv": true, "to": 2, "from": 8, "vc": [32, 31, 29, 28, 33, 29, 26, 21, 31, 27], "hlc": [921734, 7]}
INFO:<Node 3>:{"send": false, "recv": true, "to": 3, "from": 0, "vc": [35, 39, 25, 33, 36, 22, 24, 26, 29, 21], "hlc": [921735, 2]}
INFO:<Node 3>:{"send": false, "recv": true, "to": 3, "from": 5, "vc": [35, 39, 25, 34, 36, 30, 24, 26, 29, 21], "hlc": [921735, 3]}
INFO:<Node 3>:{"send": false, "recv": true, "to": 3, "from": 6, "vc": [35, 42, 26, 35, 36, 30, 30, 26, 30, 24], "hlc": [921735, 4]}
INFO:<Node 6>:{"send": false, "recv": true, "to": 6, "from": 2, "vc": [32, 42, 28, 30, 33, 29, 31, 25, 30, 27], "hlc": [921734, 7]}
INFO:<Node 0>:{"send": true, "recv": false, "from": 0, "to": 8, "vc": [36, 39, 25, 30, 36, 22, 24, 26, 28, 21], "hlc": [921735, 2]}
INFO:<Node 1>:{"send": true, "recv": false, "from": 1, "to": 2, "vc": [33, 44, 26, 30, 33, 29, 26, 25, 30, 29], "hlc": [921734, 8]}
INFO:<Node 2>:{"send": true, "recv": false, "from": 2, "to": 8, "vc": [32, 31, 30, 28, 33, 29, 26, 21, 31, 27], "hlc": [921734, 8]}
INFO:<Node 4>:{"send": true, "recv": false, "from": 4, "to": 2, "vc": [29, 39, 23, 30, 37, 22, 24, 26, 28, 21], "hlc": [921734, 3]}
INFO:<Node 5>:{"send": true, "recv": false, "from": 5, "to": 9, "vc": [30, 27, 21, 27, 33, 31, 22, 21, 21, 21], "hlc": [921733, 5]}
INFO:<Node 6>:{"send": true, "recv": false, "from": 6, "to": 8, "vc": [32, 42, 28, 30, 33, 29, 32, 25, 30, 27], "hlc": [921734, 8]}
INFO:<Node 7>:{"send": true, "recv": false, "from": 7, "to": 8, "vc": [30, 29, 23, 28, 33, 29, 28, 28, 27, 24], "hlc": [921736, 0]}
INFO:<Node 8>:{"send": true, "recv": false, "from": 8, "to": 3, "vc": [26, 20, 15, 22, 21, 17, 19, 14, 32, 16], "hlc": [921730, 10]}
INFO:<Node 2>:{"send": false, "recv": true, "to": 2, "from": 1, "vc": [33, 44, 31, 30, 33, 29, 26, 25, 31, 29], "hlc": [921734, 9]}
INFO:<Node 2>:{"send": false, "recv": true, "to": 2, "from": 4, "vc": [33, 44, 32, 30, 37, 29, 26, 26, 31, 29], "hlc": [921734, 10]}
INFO:<Node 3>:{"send": false, "recv": true, "to": 3, "from": 8, "vc": [35, 42, 26, 36, 36, 30, 30, 26, 32, 24], "hlc": [921735, 5]}
INFO:<Node 8>:{"send": false, "recv": true, "to": 8, "from": 0, "vc": [36, 39, 25, 30, 36, 22, 24, 26, 33, 21], "hlc": [921735, 3]}
INFO:<Node 8>:{"send": false, "recv": true, "to": 8, "from": 2, "vc": [36, 39, 30, 30, 36, 29, 26, 26, 34, 27], "hlc": [921735, 4]}
INFO:<Node 8>:{"send": false, "recv": true, "to": 8, "from": 6, "vc": [36, 42, 30, 30, 36, 29, 32, 26, 35, 27], "hlc": [921735, 5]}
INFO:<Node 8>:{"send": false, "recv": true, "to": 8, "from": 7, "vc": [36, 42, 30, 30, 36, 29, 32, 28, 36, 27], "hlc": [921736, 1]}
INFO:<Node 9>:{"send": false, "recv": true, "to": 9, "from": 5, "vc": [33, 31, 25, 28, 33, 31, 26, 21, 27, 30], "hlc": [921734, 7]}
INFO:<Node 0>:{"send": true, "recv": false, "from": 0, "to": 3, "vc": [37, 39, 25, 30, 36, 22, 24, 26, 28, 21], "hlc": [921736, 0]}
INFO:<Node 2>:{"send": true, "recv": false, "from": 2, "to": 0, "vc": [33, 44, 33, 30, 37, 29, 26, 26, 31, 29], "hlc": [921734, 11]}
INFO:<Node 3>:{"send": true, "recv": false, "from": 3, "to": 9, "vc": [35, 42, 26, 37, 36, 30, 30, 26, 32, 24], "hlc": [921735, 6]}
INFO:<Node 8>:{"send": true, "recv": false, "from": 8, "to": 7, "vc": [36, 42, 30, 30, 36, 29, 32, 28, 37, 27], "hlc": [921736, 2]}
INFO:<Node 9>:{"send": true, "recv": false, "from": 9, "to": 1, "vc": [33, 31, 25, 28, 33, 31, 26, 21, 27, 31], "hlc": [921734, 8]}
INFO:<Node 0>:{"send": false, "recv": true, "to": 0, "from": 2, "vc": [38, 44, 33, 30, 37, 29, 26, 26, 31, 29], "hlc": [921736, 1]}
INFO:<Node 1>:{"send": false, "recv": true, "to": 1, "from": 9, "vc": [33, 45, 26, 30, 33, 31, 26, 25, 30, 31], "hlc": [921734, 9]}
INFO:<Node 3>:{"send": false, "recv": true, "to": 3, "from": 0, "vc": [37, 42, 26, 38, 36, 30, 30, 26, 32, 24], "hlc": [921736, 1]}
INFO:<Node 7>:{"send": false, "recv": true, "to": 7, "from": 8, "vc": [36, 42, 30, 30, 36, 29, 32, 29, 37, 27], "hlc": [921737, 0]}
INFO:<Node 9>:{"send": false, "recv": true, "to": 9, "from": 3, "vc": [35, 42, 26, 37, 36, 31, 30, 26, 32, 32], "hlc": [921735, 7]}
INFO:<Node 2>:{"send": true, "recv": false, "from": 2, "to": 7, "vc": [33, 44, 34, 30, 37, 29, 26, 26, 31, 29], "hlc": [921734, 12]}
INFO:<Node 4>:{"send": true, "recv": false, "from": 4, "to": 1, "vc": [29, 39, 23, 30, 38, 22, 24, 26, 28, 21], "hlc": [921734, 4]}
INFO:<Node 5>:{"send": true, "recv": false, "from": 5, "to": 0, "vc": [30, 27, 21, 27, 33, 32, 22, 21, 21, 21], "hlc": [921733, 6]}
INFO:<Node 7>:{"send": true, "recv": false, "from": 7, "to": 1, "vc": [36, 42, 30, 30, 36, 29, 32, 30, 37, 27], "hlc": [921737, 1]}
INFO:<Node 8>:{"send": true, "recv": false, "from": 8, "to": 9, "vc": [36, 42, 30, 30, 36, 29, 32, 28, 38, 27], "hlc": [921736, 3]}
INFO:<Node 0>:{"send": false, "recv": true, "to": 0, "from": 5, "vc": [39, 44, 33, 30, 37, 32, 26, 26, 31, 29], "hlc": [921737, 0]}
INFO:<Node 1>:{"send": false, "recv": true, "to": 1, "from": 4, "vc": [33, 46, 26, 30, 38, 31, 26, 26, 30, 31], "hlc": [921734, 10]}
INFO:<Node 1>:{"send": false, "recv": true, "to": 1, "from": 7, "vc": [36, 47, 30, 30, 38, 31, 32, 30, 37, 31], "hlc": [921737, 2]}
INFO:<Node 7>:{"send": false, "recv": true, "to": 7, "from": 2, "vc": [36, 44, 34, 30, 37, 29, 32, 31, 37, 29], "hlc": [921737, 2]}
INFO:<Node 9>:{"send": false, "recv": true, "to": 9, "from": 8, "vc": [36, 42, 30, 37, 36, 31, 32, 28, 38, 33], "hlc": [921736, 4]}
INFO:<Node 0>:{"send": true, "recv": false, "from": 0, "to": 8, "vc": [40, 44, 33, 30, 37, 32, 26, 26, 31, 29], "hlc": [921737, 1]}
INFO:<Node 2>:{"send": true, "recv": false, "from": 2, "to": 0, "vc": [33, 44, 35, 30, 37, 29, 26, 26, 31, 29], "hlc": [921734, 13]}
INFO:<Node 6>:{"send": true, "recv": false, "from": 6, "to": 0, "vc": [32, 42, 28, 30, 33, 29, 33, 25, 30, 27], "hlc": [921734, 9]}
INFO:<Node 7>:{"send": true, "recv": false, "from": 7, "to": 6, "vc": [36, 44, 34, 30, 37, 29, 32, 32, 37, 29], "hlc": [921737, 3]}
INFO:<Node 0>:{"send": false, "recv": true, "to": 0, "from": 2, "vc": [41, 44, 35, 30, 37, 32, 26, 26, 31, 29], "hlc": [921737, 2]}
INFO:<Node 0>:{"send": false, "recv": true, "to": 0, "from": 6, "vc": [42, 44, 35, 30, 37, 32, 33, 26, 31, 29], "hlc": [921737, 3]}
INFO:<Node 6>:{"send": false, "recv": true, "to": 6, "from": 7, "vc": [36, 44, 34, 30, 37, 29, 34, 32, 37, 29], "hlc": [921737, 4]}
INFO:<Node 8>:{"send": false, "recv": true, "to": 8, "from": 0, "vc": [40, 44, 33, 30, 37, 32, 32, 28, 39, 29], "hlc": [921737, 2]}
INFO:<Node 1>:{"send": true, "recv": false, "from": 1, "to": 7, "vc": [36, 48, 30, 30, 38, 31, 32, 30, 37, 31], "hlc": [921737, 3]}
INFO:<Node 3>:{"send": true, "recv": false, "from": 3, "to": 1, "vc": [37, 42, 26, 39, 36, 30, 30, 26, 32, 24], "hlc": [921736, 2]}
INFO:<Node 5>:{"send": true, "recv": false, "from": 5, "to": 9, "vc": [30, 27, 21, 27, 33, 33, 22, 21, 21, 21], "hlc": [921733, 7]}
INFO:<Node 6>:{"send": true, "recv": false, "from": 6, "to": 5, "vc": [36, 44, 34, 30, 37, 29, 35, 32, 37, 29], "hlc": [921737, 5]}
INFO:<Node 7>:{"send": true, "recv": false, "from": 7, "to": 3, "vc": [36, 44, 34, 30, 37, 29, 32, 33, 37, 29], "hlc": [921738, 0]}
INFO:<Node 9>:{"send": true, "recv": false, "from": 9, "to": 3, "vc": [36, 42, 30, 37, 36, 31, 32, 28, 38, 34], "hlc": [921736, 5]}
INFO:<Node 1>:{"send": false, "recv": true, "to": 1, "from": 3, "vc": [37, 49, 30, 39, 38, 31, 32, 30, 37, 31], "hlc": [921737, 4]}
INFO:<Node 3>:{"send": false, "recv": true, "to": 3, "from": 7, "vc": [37, 44, 34, 40, 37, 30, 32, 33, 37, 29], "hlc": [921738, 1]}
INFO:<Node 3>:{"send": false, "recv": true, "to": 3, "from": 9, "vc": [37, 44, 34, 41, 37, 31, 32, 33, 38, 34], "hlc": [921738, 2]}
INFO:<Node 5>:{"send": false, "recv": true, "to": 5, "from": 6, "vc": [36, 44, 34, 30, 37, 34, 35, 32, 37, 29], "hlc": [921737, 6]}
INFO:<Node 7>:{"send": false, "recv": true, "to": 7, "from": 1, "vc": [36, 48, 34, 30, 38, 31, 32, 34, 37, 31], "hlc": [921738, 1]}
INFO:<Node 9>:{"send": false, "recv": true, "to": 9, "from": 5, "vc": [36, 42, 30, 37, 36, 33, 32, 28, 38, 35], "hlc": [921736, 6]}
INFO:<Node 0>:{"send": true, "recv": false, "from": 0, "to": 5, "vc": [43, 44, 35, 30, 37, 32, 33, 26, 31, 29], "hlc": [921738, 0]}
INFO:<Node 1>:{"send": true, "recv": false, "from": 1, "to": 7, "vc": [37, 50, 30, 39, 38, 31, 32, 30, 37, 31], "hlc": [921737, 5]}
INFO:<Node 6>:{"send": true, "recv": false, "from": 6, "to": 8, "vc": [36, 44, 34, 30, 37, 29, 36, 32, 37, 29], "hlc": [921737, 6]}
INFO:<Node 8>:{"send": true, "recv": false, "from": 8, "to": 3, "vc": [40, 44, 33, 30, 37, 32, 32, 28, 40, 29], "hlc": [921737, 3]}
INFO:<Node 9>:{"send": true, "recv": false, "from": 9, "to": 5, "vc": [36, 42, 30, 37, 36, 33, 32, 28, 38, 36], "hlc": [921736, 7]}
INFO:<Node 3>:{"send": false, "recv": true, "to": 3, "from": 8, "vc": [40, 44, 34, 42, 37, 32, 32, 33, 40, 34], "hlc": [921738, 3]}
INFO:<Node 5>:{"send": false, "recv": true, "to": 5, "from": 0, "vc": [43, 44, 35, 30, 37, 35, 35, 32, 37, 29], "hlc": [921738, 1]}
INFO:<Node 5>:{"send": false, "recv": true, "to": 5, "from": 9, "vc": [43, 44, 35, 37, 37, 36, 35, 32, 38, 36], "hlc": [921738, 2]}
INFO:<Node 7>:{"send": false, "recv": true, "to": 7, "from": 1, "vc": [37, 50, 34, 39, 38, 31, 32, 35, 37, 31], "hlc": [921739, 0]}
INFO:<Node 8>:{"send": false, "recv": true, "to": 8, "from": 6, "vc": [40, 44, 34, 30, 37, 32, 36, 32, 41, 29], "hlc": [921737, 7]}
INFO:<Node 0>:{"send": true, "recv": false, "from": 0, "to": 9, "vc": [44, 44, 35, 30, 37, 32, 33, 26, 31, 29], "hlc": [921738, 1]}
INFO:<Node 2>:{"send": true, "recv": false, "from": 2, "to": 9, "vc": [33, 44, 36, 30, 37, 29, 26, 26, 31, 29], "hlc": [921734, 14]}
INFO:<Node 3>:{"send": true, "recv": false, "from": 3, "to": 0, "vc": [40, 44, 34, 43, 37, 32, 32, 33, 40, 34], "hlc": [921738, 4]}
INFO:<Node 7>:{"send": true, "recv": false, "from": 7, "to": 1, "vc": [37, 50, 34, 39, 38, 31, 32, 36, 37, 31], "hlc": [921739, 1]}
INFO:<Node 8>:{"send": true, "recv": false, "from": 8, "to": 6, "vc": [40, 44, 34, 30, 37, 32, 36, 32, 42, 29], "hlc": [921737, 8]}
INFO:<Node 0>:{"send": false, "recv": true, "to": 0, "from": 3, "vc": [45, 44, 35, 43, 37, 32, 33, 33, 40, 34], "hlc": [921739, 0]}
INFO:<Node 1>:{"send": false, "recv": true, "to": 1, "from": 7, "vc": [37, 51, 34, 39, 38, 31, 32, 36, 37, 31], "hlc": [921739, 2]}
INFO:<Node 6>:{"send": false, "recv": true, "to": 6, "from": 8, "vc": [40, 44, 34, 30, 37, 32, 37, 32, 42, 29], "hlc": [921737, 9]}
INFO:<Node 9>:{"send": false, "recv": true, "to": 9, "from": 0, "vc": [44, 44, 35, 37, 37, 33, 33, 28, 38, 37], "hlc": [921738, 2]}
INFO:<Node 9>:{"send": false, "recv": true, "to": 9, "from": 2, "vc": [44, 44, 36, 37, 37, 33, 33, 28, 38, 38], "hlc": [921738, 3]}
INFO:<Node 2>:{"send": true, "recv": false, "from": 2, "to": 5, "vc": [33, 44, 37, 30, 37, 29, 26, 26, 31, 29], "hlc": [921734, 15]}
INFO:<Node 3>:{"send": true, "recv": false, "from": 3, "to": 8, "vc": [40, 44, 34, 44, 37, 32, 32, 33, 40, 34], "hlc": [921738, 5]}
INFO:<Node 4>:{"send": true, "recv": false, "from": 4, "to": 1, "vc": [29, 39, 23, 30, 39, 22, 24, 26, 28, 21], "hlc": [921735, 0]}
INFO:<Node 7>:{"send": true, "recv": false, "from": 7, "to": 3, "vc": [37, 50, 34, 39, 38, 31, 32, 37, 37, 31], "hlc": [921739, 2]}
INFO:<Node 8>:{"send": true, "recv": false, "from": 8, "to": 0, "vc": [40, 44, 34, 30, 37, 32, 36, 32, 43, 29], "hlc": [921737, 9]}
INFO:<Node 0>:{"send": false, "recv": true, "to": 0, "from": 8, "vc": [46, 44, 35, 43, 37, 32, 36, 33, 43, 34], "hlc": [921739, 1]}
INFO:<Node 1>:{"send": false, "recv": true, "to": 1, "from": 4, "vc": [37, 52, 34, 39, 39, 31, 32, 36, 37, 31], "hlc": [921739, 3]}
INFO:<Node 3>:{"send": false, "recv": true, "to": 3, "from": 7, "vc": [40, 50, 34, 45, 38, 32, 32, 37, 40, 34], "hlc": [921739, 3]}
INFO:<Node 5>:{"send": false, "recv": true, "to": 5, "from": 2, "vc": [43, 44, 37, 37, 37, 37, 35, 32, 38, 36], "hlc": [921738, 3]}
INFO:<Node 8>:{"send": false, "recv": true, "to": 8, "from": 3, "vc": [40, 44, 34, 44, 37, 32, 36, 33, 44, 34], "hlc": [921738, 6]}
INFO:<Node 0>:{"send": true, "recv": false, "from": 0, "to": 7, "vc": [47, 44, 35, 43, 37, 32, 36, 33, 43, 34], "hlc": [921739, 2]}
INFO:<Node 4>:{"send": true, "recv": false, "from": 4, "to": 3, "vc": [29, 39, 23, 30, 40, 22, 24, 26, 28, 21], "hlc": [921736, 0]}
INFO:<Node 5>:{"send": true, "recv": false, "from": 5, "to": 3, "vc": [43, 44, 37, 37, 37, 38, 35, 32, 38, 36], "hlc": [921738, 4]}
INFO:<Node 6>:{"send": true, "recv": false, "from": 6, "to": 9, "vc": [40, 44, 34, 30, 37, 32, 38, 32, 42, 29], "hlc": [921737, 10]}
INFO:<Node 7>:{"send": true, "recv": false, "from": 7, "to": 6, "vc": [37, 50, 34, 39, 38, 31, 32, 38, 37, 31], "hlc": [921740, 0]}
INFO:<Node 3>:{"send": false, "recv": true, "to": 3, "from": 4, "vc": [40, 50, 34, 46, 40, 32, 32, 37, 40, 34], "hlc": [921739, 4]}
INFO:<Node 3>:{"send": false, "recv": true, "to": 3, "from": 5, "vc": [43, 50, 37, 47, 40, 38, 35, 37, 40, 36], "hlc": [921739, 5]}
INFO:<Node 6>:{"send": false, "recv": true, "to": 6, "from": 7, "vc": [40, 50, 34, 39, 38, 32, 39, 38, 42, 31], "hlc": [921740, 1]}
INFO:<Node 7>:{"send": false, "recv": true, "to": 7, "from": 0, "vc": [47, 50, 35, 43, 38, 32, 36, 39, 43, 34], "hlc": [921740, 1]}
INFO:<Node 9>:{"send": false, "recv": true, "to": 9, "from": 6, "vc": [44, 44, 36, 37, 37, 33, 38, 32, 42, 39], "hlc": [921738, 4]}
INFO:<Node 0>:{"send": true, "recv": false, "from": 0, "to": 8, "vc": [48, 44, 35, 43, 37, 32, 36, 33, 43, 34], "hlc": [921740, 0]}
INFO:<Node 2>:{"send": true, "recv": false, "from": 2, "to": 1, "vc": [33, 44, 38, 30, 37, 29, 26, 26, 31, 29], "hlc": [921734, 16]}
INFO:<Node 6>:{"send": true, "recv": false, "from": 6, "to": 1, "vc": [40, 50, 34, 39, 38, 32, 40, 38, 42, 31], "hlc": [921740, 2]}
INFO:<Node 7>:{"send": true, "recv": false, "from": 7, "to": 2, "vc": [47, 50, 35, 43, 38, 32, 36, 40, 43, 34], "hlc": [921740, 2]}
INFO:<Node 8>:{"send": true, "recv": false, "from": 8, "to": 4, "vc": [40, 44, 34, 44, 37, 32, 36, 33, 45, 34], "hlc": [921738, 7]}
INFO:<Node 9>:{"send": true, "recv": false, "from": 9, "to": 5, "vc": [44, 44, 36, 37, 37, 33, 38, 32, 42, 40], "hlc": [921738, 5]}
INFO:<Node 1>:{"send": false, "recv": true, "to": 1, "from": 2, "vc": [37, 53, 38, 39, 39, 31, 32, 36, 37, 31], "hlc": [921739, 4]}
INFO:<Node 1>:{"send": false, "recv": true, "to": 1, "from": 6, "vc": [40, 54, 38, 39, 39, 32, 40, 38, 42, 31], "hlc": [921740, 3]}
INFO:<Node 2>:{"send": false, "recv": true, "to": 2, "from": 7, "vc": [47, 50, 39, 43, 38, 32, 36, 40, 43, 34], "hlc": [921740, 3]}
INFO:<Node 4>:{"send": false, "recv": true, "to": 4, "from": 8, "vc": [40, 44, 34, 44, 41, 32, 36, 33, 45, 34], "hlc": [921738, 8]}
INFO:<Node 5>:{"send": false, "recv": true, "to": 5, "from": 9, "vc": [44, 44, 37, 37, 37, 39, 38, 32, 42, 40], "hlc": [921738, 6]}
INFO:<Node 8>:{"send": false, "recv": true, "to": 8, "from": 0, "vc": [48, 44, 35, 44, 37, 32, 36, 33, 46, 34], "hlc": [921740, 1]}
INFO:<Node 0>:{"send": true, "recv": false, "from": 0, "to": 3, "vc": [49, 44, 35, 43, 37, 32, 36, 33, 43, 34], "hlc": [921740, 1]}
INFO:<Node 3>:{"send": true, "recv": false, "from": 3, "to": 7, "vc": [43, 50, 37, 48, 40, 38, 35, 37, 40, 36], "hlc": [921739, 6]}
INFO:<Node 4>:{"send": true, "recv": false, "from": 4, "to": 1, "vc": [40, 44, 34, 44, 42, 32, 36, 33, 45, 34], "hlc": [921738, 9]}
INFO:<Node 5>:{"send": true, "recv": false, "from": 5, "to": 2, "vc": [44, 44, 37, 37, 37, 40, 38, 32, 42, 40], "hlc": [921738, 7]}
INFO:<Node 6>:{"send": true, "recv": false, "from": 6, "to": 1, "vc": [40, 50, 34, 39, 38, 32, 41, 38, 42, 31], "hlc": [921740, 3]}
INFO:<Node 7>:{"send": true, "recv": false, "from": 7, "to": 8, "vc": [47, 50, 35, 43, 38, 32, 36, 41, 43, 34], "hlc": [921741, 0]}
INFO:<Node 9>:{"send": true, "recv": false, "from": 9, "to": 8, "vc": [44, 44, 36, 37, 37, 33, 38, 32, 42, 41], "hlc": [921738, 6]}
INFO:<Node 1>:{"send": false, "recv": true, "to": 1, "from": 4, "vc": [40, 55, 38, 44, 42, 32, 40, 38, 45, 34], "hlc": [921740, 4]}
INFO:<Node 1>:{"send": false, "recv": true, "to": 1, "from": 6, "vc": [40, 56, 38, 44, 42, 32, 41, 38, 45, 34], "hlc": [921740, 5]}
INFO:<Node 2>:{"send": false, "recv": true, "to": 2, "from": 5, "vc": [47, 50, 40, 43, 38, 40, 38, 40, 43, 40], "hlc": [921740, 4]}
INFO:<Node 3>:{"send": false, "recv": true, "to": 3, "from": 0, "vc": [49, 50, 37, 49, 40, 38, 36, 37, 43, 36], "hlc": [921740, 2]}
INFO:<Node 7>:{"send": false, "recv": true, "to": 7, "from": 3, "vc": [47, 50, 37, 48, 40, 38, 36, 42, 43, 36], "hlc": [921741, 1]}
INFO:<Node 8>:{"send": false, "recv": true, "to": 8, "from": 7, "vc": [48, 50, 35, 44, 38, 32, 36, 41, 47, 34], "hlc": [921741, 1]}
INFO:<Node 8>:{"send": false, "recv": true, "to": 8, "from": 9, "vc": [48, 50, 36, 44, 38, 33, 38, 41, 48, 41], "hlc": [921741, 2]}
INFO:<Node 1>:{"send": true, "recv": false, "from": 1, "to": 4, "vc": [40, 57, 38, 44, 42, 32, 41, 38, 45, 34], "hlc": [921740, 6]}
INFO:<Node 3>:{"send": true, "recv": false, "from": 3, "to": 2, "vc": [49, 50, 37, 50, 40, 38, 36, 37, 43, 36], "hlc": [921740, 3]}
INFO:<Node 4>:{"send": true, "recv": false, "from": 4, "to": 0, "vc": [40, 44, 34, 44, 43, 32, 36, 33, 45, 34], "hlc": [921738, 10]}
INFO:<Node 5>:{"send": true, "recv": false, "from": 5, "to": 6, "vc": [44, 44, 37, 37, 37, 41, 38, 32, 42, 40], "hlc": [921738, 8]}
INFO:<Node 6>:{"send": true, "recv": false, "from": 6, "to": 7, "vc": [40, 50, 34, 39, 38, 32, 42, 38, 42, 31], "hlc": [921740, 4]}
INFO:<Node 7>:{"send": true, "recv": false, "from": 7, "to": 0, "vc": [47, 50, 37, 48, 40, 38, 36, 43, 43, 36], "hlc": [921741, 2]}
INFO:<Node 8>:{"send": true, "recv": false, "from": 8, "to": 6, "vc": [48, 50, 36, 44, 38, 33, 38, 41, 49, 41], "hlc": [921741, 3]}
INFO:<Node 9>:{"send": true, "recv": false, "from": 9, "to": 0, "vc": [44, 44, 36, 37, 37, 33, 38, 32, 42, 42], "hlc": [921738, 7]}
INFO:<Node 0>:{"send": false, "recv": true, "to": 0, "from": 4, "vc": [50, 44, 35, 44, 43, 32, 36, 33, 45, 34], "hlc": [921741, 0]}
INFO:<Node 0>:{"send": false, "recv": true, "to": 0, "from": 7, "vc": [51, 50, 37, 48, 43, 38, 36, 43, 45, 36], "hlc": [921741, 3]}
INFO:<Node 0>:{"send": false, "recv": true, "to": 0, "from": 9, "vc": [52, 50, 37, 48, 43, 38, 38, 43, 45, 42], "hlc": [921741, 4]}
INFO:<Node 2>:{"send": false, "recv": true, "to": 2, "from": 3, "vc": [49, 50, 41, 50, 40, 40, 38, 40, 43, 40], "hlc": [921740, 5]}
INFO:<Node 4>:{"send": false, "recv": true, "to": 4, "from": 1, "vc": [40, 57, 38, 44, 44, 32, 41, 38, 45, 34], "hlc": [921740, 7]}
INFO:<Node 6>:{"send": false, "recv": true, "to": 6, "from": 5, "vc": [44, 50, 37, 39, 38, 41, 43, 38, 42, 40], "hlc": [921740, 5]}
INFO:<Node 6>:{"send": false, "recv": true, "to": 6, "from": 8, "vc": [48, 50, 37, 44, 38, 41, 44, 41, 49, 41], "hlc": [921741, 4]}
INFO:<Node 7>:{"send": false, "recv": true, "to": 7, "from": 6, "vc": [47, 50, 37, 48, 40, 38, 42, 44, 43, 36], "hlc": [921742, 0]}
INFO:<Node 0>:{"send": true, "recv": false, "from": 0, "to": 3, "vc": [53, 50, 37, 48, 43, 38, 38, 43, 45, 42], "hlc": [921741, 5]}
INFO:<Node 4>:{"send": true, "recv": false, "from": 4, "to": 5, "vc": [40, 57, 38, 44, 45, 32, 41, 38, 45, 34], "hlc": [921740, 8]}
INFO:<Node 6>:{"send": true, "recv": false, "from": 6, "to": 3, "vc": [48, 50, 37, 44, 38, 41, 45, 41, 49, 41], "hlc": [921741, 5]}
INFO:<Node 7>:{"send": true, "recv": false, "from": 7, "to": 6, "vc": [47, 50, 37, 48, 40, 38, 42, 45, 43, 36], "hlc": [921742, 1]}
INFO:<Node 9>:{"send": true, "recv": false, "from": 9, "to": 3, "vc": [44, 44, 36, 37, 37, 33, 38, 32, 42, 43], "hlc": [921738, 8]}
INFO:<Node 3>:{"send": false, "recv": true, "to": 3, "from": 0, "vc": [53, 50, 37, 51, 43, 38, 38, 43, 45, 42], "hlc": [921741, 6]}
INFO:<Node 3>:{"send": false, "recv": true, "to": 3, "from": 6, "vc": [53, 50, 37, 52, 43, 41, 45, 43, 49, 42], "hlc": [921741, 7]}
INFO:<Node 3>:{"send": false, "recv": true, "to": 3, "from": 9, "vc": [53, 50, 37, 53, 43, 41, 45, 43, 49, 43], "hlc": [921741, 8]}
INFO:<Node 5>:{"send": false, "recv": true, "to": 5, "from": 4, "vc": [44, 57, 38, 44, 45, 42, 41, 38, 45, 40], "hlc": [921740, 9]}
INFO:<Node 6>:{"send": false, "recv": true, "to": 6, "from": 7, "vc": [48, 50, 37, 48, 40, 41, 46, 45, 49, 41], "hlc": [921742, 2]}
INFO:<Node 0>:{"send": true, "recv": false, "from": 0, "to": 8, "vc": [54, 50, 37, 48, 43, 38, 38, 43, 45, 42], "hlc": [921742, 0]}
INFO:<Node 1>:{"send": true, "recv": false, "from": 1, "to": 6, "vc": [40, 58, 38, 44, 42, 32, 41, 38, 45, 34], "hlc": [921740, 7]}
INFO:<Node 2>:{"send": true, "recv": false, "from": 2, "to": 7, "vc": [49, 50, 42, 50, 40, 40, 38, 40, 43, 40], "hlc": [921740, 6]}
INFO:<Node 3>:{"send": true, "recv": false, "from": 3, "to": 4, "vc": [53, 50, 37, 54, 43, 41, 45, 43, 49, 43], "hlc": [921741, 9]}
INFO:<Node 4>:{"send": true, "recv": false, "from": 4, "to": 6, "vc": [40, 57, 38, 44, 46, 32, 41, 38, 45, 34], "hlc": [921740, 9]}
INFO:<Node 5>:{"send": true, "recv": false, "from": 5, "to": 9, "vc": [44, 57, 38, 44, 45, 43, 41, 38, 45, 40], "hlc": [921740, 10]}
INFO:<Node 7>:{"send": true, "recv": false, "from": 7, "to": 5, "vc": [47, 50, 37, 48, 40, 38, 42, 46, 43, 36], "hlc": [921742, 2]}
INFO:<Node 9>:{"send": true, "recv": false, "from": 9, "to": 1, "vc": [44, 44, 36, 37, 37, 33, 38, 32, 42, 44], "hlc": [921738, 9]}
INFO:<Node 1>:{"send": false, "recv": true, "to": 1, "from": 9, "vc": [44, 59, 38, 44, 42, 33, 41, 38, 45, 44], "hlc": [921740, 8]}
INFO:<Node 4>:{"send": false, "recv": true, "to": 4, "from": 3, "vc": [53, 57, 38, 54, 47, 41, 45, 43, 49, 43], "hlc": [921741, 10]}
INFO:<Node 5>:{"send": false, "recv": true, "to": 5, "from": 7, "vc": [47, 57, 38, 48, 45, 44, 42, 46, 45, 40], "hlc": [921742, 3]}
INFO:<Node 6>:{"send": false, "recv": true, "to": 6, "from": 1, "vc": [48, 58, 38, 48, 42, 41, 47, 45, 49, 41], "hlc": [921742, 3]}
INFO:<Node 6>:{"send": false, "recv": true, "to": 6, "from": 4, "vc": [48, 58, 38, 48, 46, 41, 48, 45, 49, 41], "hlc": [921742, 4]}
INFO:<Node 7>:{"send": false, "recv": true, "to": 7, "from": 2, "vc": [49, 50, 42, 50, 40, 40, 42, 47, 43, 40], "hlc": [921743, 0]}
INFO:<Node 8>:{"send": false, "recv": true, "to": 8, "from": 0, "vc": [54, 50, 37, 48, 43, 38, 38, 43, 50, 42], "hlc": [921742, 1]}
INFO:<Node 9>:{"send": false, "recv": true, "to": 9, "from": 5, "vc": [44, 57, 38, 44, 45, 43, 41, 38, 45, 45], "hlc": [921740, 11]}
INFO:<Node 0>:{"send": true, "recv": false, "from": 0, "to": 5, "vc": [55, 50, 37, 48, 43, 38, 38, 43, 45, 42], "hlc": [921742, 1]}
INFO:<Node 1>:{"send": true, "recv": false, "from": 1, "to": 9, "vc": [44, 60, 38, 44, 42, 33, 41, 38, 45, 44], "hlc": [921740, 9]}
INFO:<Node 2>:{"send": true, "recv": false, "from": 2, "to": 5, "vc": [49, 50, 43, 50, 40, 40, 38, 40, 43, 40], "hlc": [921740, 7]}
INFO:<Node 3>:{"send": true, "recv": false, "from": 3, "to": 9, "vc": [53, 50, 37, 55, 43, 41, 45, 43, 49, 43], "hlc": [921741, 10]}
INFO:<Node 8>:{"send": true, "recv": false, "from": 8, "to": 5, "vc": [54, 50, 37, 48, 43, 38, 38, 43, 51, 42], "hlc": [921742, 2]}
INFO:<Node 9>:{"send": true, "recv": false, "from": 9, "to": 5, "vc": [44, 57, 38, 44, 45, 43, 41, 38, 45, 46], "hlc": [921740, 12]}
INFO:<Node 5>:{"send": false, "recv": true, "to": 5, "from": 0, "vc": [55, 57, 38, 48, 45, 45, 42, 46, 45, 42], "hlc": [921742, 4]}
INFO:<Node 5>:{"send": false, "recv": true, "to": 5, "from": 2, "vc": [55, 57, 43, 50, 45, 46, 42, 46, 45, 42], "hlc": [921742, 5]}
INFO:<Node 5>:{"send": false, "recv": true, "to": 5, "from": 8, "vc": [55, 57, 43, 50, 45, 47, 42, 46, 51, 42], "hlc": [921742, 6]}
INFO:<Node 5>:{"send": false, "recv": true, "to": 5, "from": 9, "vc": [55, 57, 43, 50, 45, 48, 42, 46, 51, 46], "hlc": [921742, 7]}
INFO:<Node 9>:{"send": false, "recv": true, "to": 9, "from": 1, "vc": [44, 60, 38, 44, 45, 43, 41, 38, 45, 47], "hlc": [921740, 13]}
INFO:<Node 9>:{"send": false, "recv": true, "to": 9, "from": 3, "vc": [53, 60, 38, 55, 45, 43, 45, 43, 49, 48], "hlc": [921741, 11]}
INFO:<Node 0>:{"send": true, "recv": false, "from": 0, "to": 7, "vc": [56, 50, 37, 48, 43, 38, 38, 43, 45, 42], "hlc": [921743, 0]}
INFO:<Node 1>:{"send": true, "recv": false, "from": 1, "to": 8, "vc": [44, 61, 38, 44, 42, 33, 41, 38, 45, 44], "hlc": [921740, 10]}
INFO:<Node 7>:{"send": true, "recv": false, "from": 7, "to": 2, "vc": [49, 50, 42, 50, 40, 40, 42, 48, 43, 40], "hlc": [921743, 1]}
INFO:<Node 8>:{"send": true, "recv": false, "from": 8, "to": 3, "vc": [54, 50, 37, 48, 43, 38, 38, 43, 52, 42], "hlc": [921742, 3]}
INFO:<Node 2>:{"send": false, "recv": true, "to": 2, "from": 7, "vc": [49, 50, 44, 50, 40, 40, 42, 48, 43, 40], "hlc": [921743, 2]}
INFO:<Node 3>:{"send": false, "recv": true, "to": 3, "from": 8, "vc": [54, 50, 37, 56, 43, 41, 45, 43, 52, 43], "hlc": [921742, 4]}
INFO:<Node 7>:{"send": false, "recv": true, "to": 7, "from": 0, "vc": [56, 50, 42, 50, 43, 40, 42, 49, 45, 42], "hlc": [921744, 0]}
INFO:<Node 8>:{"send": false, "recv": true, "to": 8, "from": 1, "vc": [54, 61, 38, 48, 43, 38, 41, 43, 53, 44], "hlc": [921742, 4]}
INFO:<Node 1>:{"send": true, "recv": false, "from": 1, "to": 2, "vc": [44, 62, 38, 44, 42, 33, 41, 38, 45, 44], "hlc": [921740, 11]}
INFO:<Node 2>:{"send": true, "recv": false, "from": 2, "to": 5, "vc": [49, 50, 45, 50, 40, 40, 42, 48, 43, 40], "hlc": [921743, 3]}
INFO:<Node 3>:{"send": true, "recv": false, "from": 3, "to": 2, "vc": [54, 50, 37, 57, 43, 41, 45, 43, 52, 43], "hlc": [921742, 5]}
INFO:<Node 4>:{"send": true, "recv": false, "from": 4, "to": 7, "vc": [53, 57, 38, 54, 48, 41, 45, 43, 49, 43], "hlc": [921741, 11]}
INFO:<Node 7>:{"send": true, "recv": false, "from": 7, "to": 8, "vc": [56, 50, 42, 50, 43, 40, 42, 50, 45, 42], "hlc": [921744, 1]}
INFO:<Node 8>:{"send": true, "recv": false, "from": 8, "to": 7, "vc": [54, 61, 38, 48, 43, 38, 41, 43, 54, 44], "hlc": [921742, 5]}
INFO:<Node 9>:{"send": true, "recv": false, "from": 9, "to": 6, "vc": [53, 60, 38, 55, 45, 43, 45, 43, 49, 49], "hlc": [921741, 12]}
INFO:<Node 2>:{"send": false, "recv": true, "to": 2, "from": 1, "vc": [49, 62, 46, 50, 42, 40, 42, 48, 45, 44], "hlc": [921743, 4]}
INFO:<Node 2>:{"send": false, "recv": true, "to": 2, "from": 3, "vc": [54, 62, 47, 57, 43, 41, 45, 48, 52, 44], "hlc": [921743, 5]}
INFO:<Node 5>:{"send": false, "recv": true, "to": 5, "from": 2, "vc": [55, 57, 45, 50, 45, 49, 42, 48, 51, 46], "hlc": [921743, 4]}
INFO:<Node 6>:{"send": false, "recv": true, "to": 6, "from": 9, "vc": [53, 60, 38, 55, 46, 43, 49, 45, 49, 49], "hlc": [921742, 5]}
INFO:<Node 7>:{"send": false, "recv": true, "to": 7, "from": 4, "vc": [56, 57, 42, 54, 48, 41, 45, 51, 49, 43], "hlc": [921744, 2]}
INFO:<Node 7>:{"send": false, "recv": true, "to": 7, "from": 8, "vc": [56, 61, 42, 54, 48, 41, 45, 52, 54, 44], "hlc": [921744, 3]}
INFO:<Node 8>:{"send": false, "recv": true, "to": 8, "from": 7, "vc": [56, 61, 42, 50, 43, 40, 42, 50, 55, 44], "hlc": [921744, 2]}
INFO:<Node 5>:{"send": true, "recv": false, "from": 5, "to": 1, "vc": [55, 57, 45, 50, 45, 50, 42, 48, 51, 46], "hlc": [921743, 5]}
INFO:<Node 6>:{"send": true, "recv": false, "from": 6, "to": 1, "vc": [53, 60, 38, 55, 46, 43, 50, 45, 49, 49], "hlc": [921742, 6]}
INFO:<Node 7>:{"send": true, "recv": false, "from": 7, "to": 0, "vc": [56, 61, 42, 54, 48, 41, 45, 53, 54, 44], "hlc": [921744, 4]}
INFO:<Node 9>:{"send": true, "recv": false, "from": 9, "to": 2, "vc": [53, 60, 38, 55, 45, 43, 45, 43, 49, 50], "hlc": [921741, 13]}
INFO:<Node 0>:{"send": false, "recv": true, "to": 0, "from": 7, "vc": [57, 61, 42, 54, 48, 41, 45, 53, 54, 44], "hlc": [921744, 5]}
INFO:<Node 1>:{"send": false, "recv": true, "to": 1, "from": 5, "vc": [55, 63, 45, 50, 45, 50, 42, 48, 51, 46], "hlc": [921743, 6]}
INFO:<Node 1>:{"send": false, "recv": true, "to": 1, "from": 6, "vc": [55, 64, 45, 55, 46, 50, 50, 48, 51, 49], "hlc": [921743, 7]}
INFO:<Node 2>:{"send": false, "recv": true, "to": 2, "from": 9, "vc": [54, 62, 48, 57, 45, 43, 45, 48, 52, 50], "hlc": [921743, 6]}
INFO:<Node 1>:{"send": true, "recv": false, "from": 1, "to": 3, "vc": [55, 65, 45, 55, 46, 50, 50, 48, 51, 49], "hlc": [921743, 8]}
INFO:<Node 3>:{"send": true, "recv": false, "from": 3, "to": 5, "vc": [54, 50, 37, 58, 43, 41, 45, 43, 52, 43], "hlc": [921742, 6]}
INFO:<Node 4>:{"send": true, "recv": false, "from": 4, "to": 7, "vc": [53, 57, 38, 54, 49, 41, 45, 43, 49, 43], "hlc": [921741, 12]}
INFO:<Node 6>:{"send": true, "recv": false, "from": 6, "to": 5, "vc": [53, 60, 38, 55, 46, 43, 51, 45, 49, 49], "hlc": [921742, 7]}
INFO:<Node 7>:{"send": true, "recv": false, "from": 7, "to": 8, "vc": [56, 61, 42, 54, 48, 41, 45, 54, 54, 44], "hlc": [921745, 0]}
INFO:<Node 8>:{"send": true, "recv": false, "from": 8, "to": 0, "vc": [56, 61, 42, 50, 43, 40, 42, 50, 56, 44], "hlc": [921744, 3]}
INFO:<Node 0>:{"send": false, "recv": true, "to": 0, "from": 8, "vc": [58, 61, 42, 54, 48, 41, 45, 53, 56, 44], "hlc": [921745, 0]}
INFO:<Node 3>:{"send": false, "recv": true, "to": 3, "from": 1, "vc": [55, 65, 45, 59, 46, 50, 50, 48, 52, 49], "hlc": [921743, 9]}
INFO:<Node 5>:{"send": false, "recv": true, "to": 5, "from": 3, "vc": [55, 57, 45, 58, 45, 51, 45, 48, 52, 46], "hlc": [921743, 6]}
INFO:<Node 5>:{"send": false, "recv": true, "to": 5, "from": 6, "vc": [55, 60, 45, 58, 46, 52, 51, 48, 52, 49], "hlc": [921743, 7]}
INFO:<Node 7>:{"send": false, "recv": true, "to": 7, "from": 4, "vc": [56, 61, 42, 54, 49, 41, 45, 55, 54, 44], "hlc": [921745, 1]}
INFO:<Node 8>:{"send": false, "recv": true, "to": 8, "from": 7, "vc": [56, 61, 42, 54, 48, 41, 45, 54, 57, 44], "hlc": [921745, 1]}
INFO:<Node 0>:{"send": true, "recv": false, "from": 0, "to": 6, "vc": [59, 61, 42, 54, 48, 41, 45, 53, 56, 44], "hlc": [921745, 1]}
INFO:<Node 2>:{"send": true, "recv": false, "from": 2, "to": 9, "vc": [54, 62, 49, 57, 45, 43, 45, 48, 52, 50], "hlc": [921743, 7]}
INFO:<Node 5>:{"send": true, "recv": false, "from": 5, "to": 4, "vc": [55, 60, 45, 58, 46, 53, 51, 48, 52, 49], "hlc": [921743, 8]}
INFO:<Node 7>:{"send": true, "recv": false, "from": 7, "to": 8, "vc": [56, 61, 42, 54, 49, 41, 45, 56, 54, 44], "hlc": [921745, 2]}
INFO:<Node 8>:{"send": true, "recv": false, "from": 8, "to": 1, "vc": [56, 61, 42, 54, 48, 41, 45, 54, 58, 44], "hlc": [921745, 2]}
INFO:<Node 1>:{"send": false, "recv": true, "to": 1, "from": 8, "vc": [56, 66, 45, 55, 48, 50, 50, 54, 58, 49], "hlc": [921745, 3]}
INFO:<Node 4>:{"send": false, "recv": true, "to": 4, "from": 5, "vc": [55, 60, 45, 58, 50, 53, 51, 48, 52, 49], "hlc": [921743, 9]}
INFO:<Node 6>:{"send": false, "recv": true, "to": 6, "from": 0, "vc": [59, 61, 42, 55, 48, 43, 52, 53, 56, 49], "hlc": [921745, 2]}
INFO:<Node 8>:{"send": false, "recv": true, "to": 8, "from": 7, "vc": [56, 61, 42, 54, 49, 41, 45, 56, 59, 44], "hlc": [921745, 3]}
INFO:<Node 9>:{"send": false, "recv": true, "to": 9, "from": 2, "vc": [54, 62, 49, 57, 45, 43, 45, 48, 52, 51], "hlc": [921743, 8]}
INFO:<Node 2>:{"send": true, "recv": false, "from": 2, "to": 7, "vc": [54, 62, 50, 57, 45, 43, 45, 48, 52, 50], "hlc": [921743, 8]}
INFO:<Node 3>:{"send": true, "recv": false, "from": 3, "to": 6, "vc": [55, 65, 45, 60, 46, 50, 50, 48, 52, 49], "hlc": [921743, 10]}
INFO:<Node 7>:{"send": true, "recv": false, "from": 7, "to": 6, "vc": [56, 61, 42, 54, 49, 41, 45, 57, 54, 44], "hlc": [921746, 0]}
INFO:<Node 9>:{"send": true, "recv": false, "from": 9, "to": 0, "vc": [54, 62, 49, 57, 45, 43, 45, 48, 52, 52], "hlc": [921743, 9]}
INFO:<Node 0>:{"send": false, "recv": true, "to": 0, "from": 9, "vc": [60, 62, 49, 57, 48, 43, 45, 53, 56, 52], "hlc": [921746, 0]}
INFO:<Node 6>:{"send": false, "recv": true, "to": 6, "from": 3, "vc": [59, 65, 45, 60, 48, 50, 53, 53, 56, 49], "hlc": [921745, 3]}
INFO:<Node 6>:{"send": false, "recv": true, "to": 6, "from": 7, "vc": [59, 65, 45, 60, 49, 50, 54, 57, 56, 49], "hlc": [921746, 1]}
INFO:<Node 7>:{"send": false, "recv": true, "to": 7, "from": 2, "vc": [56, 62, 50, 57, 49, 43, 45, 58, 54, 50], "hlc": [921746, 1]}
INFO:<Node 0>:{"send": true, "recv": false, "from": 0, "to": 9, "vc": [61, 62, 49, 57, 48, 43, 45, 53, 56, 52], "hlc": [921746, 1]}
INFO:<Node 1>:{"send": true, "recv": false, "from": 1, "to": 5, "vc": [56, 67, 45, 55, 48, 50, 50, 54, 58, 49], "hlc": [921745, 4]}
INFO:<Node 2>:{"send": true, "recv": false, "from": 2, "to": 0, "vc": [54, 62, 51, 57, 45, 43, 45, 48, 52, 50], "hlc": [921743, 9]}
INFO:<Node 3>:{"send": true, "recv": false, "from": 3, "to": 0, "vc": [55, 65, 45, 61, 46, 50, 50, 48, 52, 49], "hlc": [921743, 11]}
INFO:<Node 4>:{"send": true, "recv": false, "from": 4, "to": 2, "vc": [55, 60, 45, 58, 51, 53, 51, 48, 52, 49], "hlc": [921743, 10]}
INFO:<Node 5>:{"send": true, "recv": false, "from": 5, "to": 9, "vc": [55, 60, 45, 58, 46, 54, 51, 48, 52, 49], "hlc": [921743, 9]}
INFO:<Node 6>:{"send": true, "recv": false, "from": 6, "to": 4, "vc": [59, 65, 45, 60, 49, 50, 55, 57, 56, 49], "hlc": [921746, 2]}
INFO:<Node 7>:{"send": true, "recv": false, "from": 7, "to": 6, "vc": [56, 62, 50, 57, 49, 43, 45, 59, 54, 50], "hlc": [921746, 2]}
INFO:<Node 0>:{"send": false, "recv": true, "to": 0, "from": 2, "vc": [62, 62, 51, 57, 48, 43, 45, 53, 56, 52], "hlc": [921746, 2]}
INFO:<Node 0>:{"send": false, "recv": true, "to": 0, "from": 3, "vc": [63, 65, 51, 61, 48, 50, 50, 53, 56, 52], "hlc": [921746, 3]}
INFO:<Node 2>:{"send": false, "recv": true, "to": 2, "from": 4, "vc": [55, 62, 52, 58, 51, 53, 51, 48, 52, 50], "hlc": [921743, 11]}
INFO:<Node 4>:{"send": false, "recv": true, "to": 4, "from": 6, "vc": [59, 65, 45, 60, 52, 53, 55, 57, 56, 49], "hlc": [921746, 3]}
INFO:<Node 5>:{"send": false, "recv": true, "to": 5, "from": 1, "vc": [56, 67, 45, 58, 48, 55, 51, 54, 58, 49], "hlc": [921745, 5]}
INFO:<Node 6>:{"send": false, "recv": true, "to": 6, "from": 7, "vc": [59, 65, 50, 60, 49, 50, 56, 59, 56, 50], "hlc": [921746, 3]}
INFO:<Node 9>:{"send": false, "recv": true, "to": 9, "from": 0, "vc": [61, 62, 49, 57, 48, 43, 45, 53, 56, 53], "hlc": [921746, 2]}
INFO:<Node 9>:{"send": false, "recv": true, "to": 9, "from": 5, "vc": [61, 62, 49, 58, 48, 54, 51, 53, 56, 54], "hlc": [921746, 3]}
INFO:<Node 0>:{"send": true, "recv": false, "from": 0, "to": 5, "vc": [64, 65, 51, 61, 48, 50, 50, 53, 56, 52], "hlc": [921746, 4]}
INFO:<Node 1>:{"send": true, "recv": false, "from": 1, "to": 2, "vc": [56, 68, 45, 55, 48, 50, 50, 54, 58, 49], "hlc": [921745, 5]}
INFO:<Node 4>:{"send": true, "recv": false, "from": 4, "to": 2, "vc": [59, 65, 45, 60, 53, 53, 55, 57, 56, 49], "hlc": [921746, 4]}
INFO:<Node 6>:{"send": true, "recv": false, "from": 6, "to": 0, "vc": [59, 65, 50, 60, 49, 50, 57, 59, 56, 50], "hlc": [921746, 4]}
INFO:<Node 7>:{"send": true, "recv": false, "from": 7, "to": 6, "vc": [56, 62, 50, 57, 49, 43, 45, 60, 54, 50], "hlc": [921747, 0]}
INFO:<Node 0>:{"send": false, "recv": true, "to": 0, "from": 6, "vc": [65, 65, 51, 61, 49, 50, 57, 59, 56, 52], "hlc": [921747, 0]}
INFO:<Node 2>:{"send": false, "recv": true, "to": 2, "from": 1, "vc": [56, 68, 53, 58, 51, 53, 51, 54, 58, 50], "hlc": [921745, 6]}
INFO:<Node 2>:{"send": false, "recv": true, "to": 2, "from": 4, "vc": [59, 68, 54, 60, 53, 53, 55, 57, 58, 50], "hlc": [921746, 5]}
INFO:<Node 5>:{"send": false, "recv": true, "to": 5, "from": 0, "vc": [64, 67, 51, 61, 48, 56, 51, 54, 58, 52], "hlc": [921746, 5]}
INFO:<Node 6>:{"send": false, "recv": true, "to": 6, "from": 7, "vc": [59, 65, 50, 60, 49, 50, 58, 60, 56, 50], "hlc": [921747, 1]}
