INFO:root:Random workload: num sockets: 10, num iterations: 50, base address: 49100, chance of send: 3 in 5, round delay (s): 0.5, max clock drift (s): 2.5, actual clock drifts: [-0.6979859381167541, 0.07343014331900832, 1.7743376290544859, -2.1576582381870546, 1.6639435866490029, 0.4983786059188091, 1.6505752642690705, 0.5750184946118004, -1.7088335991025794, -2.1444228598632984]
INFO:<Node 0>:{"send": true, "recv": false, "from": 0, "to": 4, "vc": [1, 0, 0, 0, 0, 0, 0, 0, 0, 0], "hlc": [921523, 1]}
INFO:<Node 2>:{"send": true, "recv": false, "from": 2, "to": 6, "vc": [0, 0, 1, 0, 0, 0, 0, 0, 0, 0], "hlc": [921525, 0]}
INFO:<Node 3>:{"send": true, "recv": false, "from": 3, "to": 0, "vc": [0, 0, 0, 1, 0, 0, 0, 0, 0, 0], "hlc": [921523, 1]}
INFO:<Node 7>:{"send": true, "recv": false, "from": 7, "to": 5, "vc": [0, 0, 0, 0, 0, 0, 0, 1, 0, 0], "hlc": [921524, 0]}
INFO:<Node 0>:{"send": false, "recv": true, "to": 0, "from": 3, "vc": [2, 0, 0, 1, 0, 0, 0, 0, 0, 0], "hlc": [921523, 2]}
INFO:<Node 4>:{"send": false, "recv": true, "to": 4, "from": 0, "vc": [1, 0, 0, 0, 1, 0, 0, 0, 0, 0], "hlc": [921525, 0]}
INFO:<Node 5>:{"send": false, "recv": true, "to": 5, "from": 7, "vc": [0, 0, 0, 0, 0, 1, 0, 1, 0, 0], "hlc": [921524, 1]}
INFO:<Node 6>:{"send": false, "recv": true, "to": 6, "from": 2, "vc": [0, 0, 1, 0, 0, 0, 1, 0, 0, 0], "hlc": [921525, 1]}
INFO:<Node 0>:{"send": true, "recv": false, "from": 0, "to": 8, "vc": [3, 0, 0, 1, 0, 0, 0, 0, 0, 0], "hlc": [921523, 3]}
INFO:<Node 1>:{"send": true, "recv": false, "from": 1, "to": 7, "vc": [0, 1, 0, 0, 0, 0, 0, 0, 0, 0], "hlc": [921524, 0]}
INFO:<Node 2>:{"send": true, "recv": false, "from": 2, "to": 7, "vc": [0, 0, 2, 0, 0, 0, 0, 0, 0, 0], "hlc": [921525, 1]}
INFO:<Node 3>:{"send": true, "recv": false, "from": 3, "to": 0, "vc": [0, 0, 0, 2, 0, 0, 0, 0, 0, 0], "hlc": [921523, 2]}
INFO:<Node 5>:{"send": true, "recv": false, "from": 5, "to": 0, "vc": [0, 0, 0, 0, 0, 2, 0, 1, 0, 0], "hlc": [921524, 2]}
INFO:<Node 7>:{"send": true, "recv": false, "from": 7, "to": 8, "vc": [0, 0, 0, 0, 0, 0, 0, 2, 0, 0], "hlc": [921524, 1]}
INFO:<Node 0>:{"send": false, "recv": true, "to": 0, "from": 3, "vc": [4, 0, 0, 2, 0, 0, 0, 0, 0, 0], "hlc": [921524, 0]}
INFO:<Node 0>:{"send": false, "recv": true, "to": 0, "from": 5, "vc": [5, 0, 0, 2, 0, 2, 0, 1, 0, 0], "hlc": [921524, 3]}
INFO:<Node 7>:{"send": false, "recv": true, "to": 7, "from": 1, "vc": [0, 1, 0, 0, 0, 0, 0, 3, 0, 0], "hlc": [921525, 0]}
INFO:<Node 7>:{"send": false, "recv": true, "to": 7, "from": 2, "vc": [0, 1, 2, 0, 0, 0, 0, 4, 0, 0], "hlc": [921525, 2]}
INFO:<Node 8>:{"send": false, "recv": true, "to": 8, "from": 0, "vc": [3, 0, 0, 1, 0, 0, 0, 0, 1, 0], "hlc": [921523, 4]}
INFO:<Node 8>:{"send": false, "recv": true, "to": 8, "from": 7, "vc": [3, 0, 0, 1, 0, 0, 0, 2, 2, 0], "hlc": [921524, 2]}
INFO:<Node 2>:{"send": true, "recv": false, "from": 2, "to": 5, "vc": [0, 0, 3, 0, 0, 0, 0, 0, 0, 0], "hlc": [921526, 0]}
INFO:<Node 3>:{"send": true, "recv": false, "from": 3, "to": 9, "vc": [0, 0, 0, 3, 0, 0, 0, 0, 0, 0], "hlc": [921523, 3]}
INFO:<Node 7>:{"send": true, "recv": false, "from": 7, "to": 5, "vc": [0, 1, 2, 0, 0, 0, 0, 5, 0, 0], "hlc": [921525, 3]}
INFO:<Node 9>:{"send": true, "recv": false, "from": 9, "to": 4, "vc": [0, 0, 0, 0, 0, 0, 0, 0, 0, 1], "hlc": [921523, 1]}
INFO:<Node 4>:{"send": false, "recv": true, "to": 4, "from": 9, "vc": [1, 0, 0, 0, 2, 0, 0, 0, 0, 1], "hlc": [921526, 0]}
INFO:<Node 5>:{"send": false, "recv": true, "to": 5, "from": 2, "vc": [0, 0, 3, 0, 0, 3, 0, 1, 0, 0], "hlc": [921526, 1]}
INFO:<Node 5>:{"send": false, "recv": true, "to": 5, "from": 7, "vc": [0, 1, 3, 0, 0, 4, 0, 5, 0, 0], "hlc": [921526, 2]}
INFO:<Node 9>:{"send": false, "recv": true, "to": 9, "from": 3, "vc": [0, 0, 0, 3, 0, 0, 0, 0, 0, 2], "hlc": [921523, 4]}
INFO:<Node 0>:{"send": true, "recv": false, "from": 0, "to": 4, "vc": [6, 0, 0, 2, 0, 2, 0, 1, 0, 0], "hlc": [921524, 4]}
INFO:<Node 5>:{"send": true, "recv": false, "from": 5, "to": 4, "vc": [0, 1, 3, 0, 0, 5, 0, 5, 0, 0], "hlc": [921526, 3]}
INFO:<Node 8>:{"send": true, "recv": false, "from": 8, "to": 0, "vc": [3, 0, 0, 1, 0, 0, 0, 2, 3, 0], "hlc": [921524, 3]}
INFO:<Node 0>:{"send": false, "recv": true, "to": 0, "from": 8, "vc": [7, 0, 0, 2, 0, 2, 0, 2, 3, 0], "hlc": [921525, 0]}
INFO:<Node 4>:{"send": false, "recv": true, "to": 4, "from": 0, "vc": [6, 0, 0, 2, 3, 2, 0, 1, 0, 1], "hlc": [921527, 0]}
INFO:<Node 4>:{"send": false, "recv": true, "to": 4, "from": 5, "vc": [6, 1, 3, 2, 4, 5, 0, 5, 0, 1], "hlc": [921527, 1]}
INFO:<Node 0>:{"send": true, "recv": false, "from": 0, "to": 6, "vc": [8, 0, 0, 2, 0, 2, 0, 2, 3, 0], "hlc": [921525, 1]}
INFO:<Node 3>:{"send": true, "recv": false, "from": 3, "to": 7, "vc": [0, 0, 0, 4, 0, 0, 0, 0, 0, 0], "hlc": [921523, 4]}
INFO:<Node 4>:{"send": true, "recv": false, "from": 4, "to": 8, "vc": [6, 1, 3, 2, 5, 5, 0, 5, 0, 1], "hlc": [921527, 2]}
INFO:<Node 7>:{"send": true, "recv": false, "from": 7, "to": 9, "vc": [0, 1, 2, 0, 0, 0, 0, 6, 0, 0], "hlc": [921526, 0]}
INFO:<Node 6>:{"send": false, "recv": true, "to": 6, "from": 0, "vc": [8, 0, 1, 2, 0, 2, 2, 2, 3, 0], "hlc": [921527, 0]}
INFO:<Node 7>:{"send": false, "recv": true, "to": 7, "from": 3, "vc": [0, 1, 2, 4, 0, 0, 0, 7, 0, 0], "hlc": [921526, 1]}
INFO:<Node 8>:{"send": false, "recv": true, "to": 8, "from": 4, "vc": [6, 1, 3, 2, 5, 5, 0, 5, 4, 1], "hlc": [921527, 3]}
INFO:<Node 9>:{"send": false, "recv": true, "to": 9, "from": 7, "vc": [0, 1, 2, 3, 0, 0, 0, 6, 0, 3], "hlc": [921526, 1]}
INFO:<Node 0>:{"send": true, "recv": false, "from": 0, "to": 8, "vc": [9, 0, 0, 2, 0, 2, 0, 2, 3, 0], "hlc": [921525, 2]}
INFO:<Node 2>:{"send": true, "recv": false, "from": 2, "to": 5, "vc": [0, 0, 4, 0, 0, 0, 0, 0, 0, 0], "hlc": [921527, 0]}
INFO:<Node 5>:{"send": true, "recv": false, "from": 5, "to": 1, "vc": [0, 1, 3, 0, 0, 6, 0, 5, 0, 0], "hlc": [921526, 4]}
INFO:<Node 7>:{"send": true, "recv": false, "from": 7, "to": 6, "vc": [0, 1, 2, 4, 0, 0, 0, 8, 0, 0], "hlc": [921526, 2]}
INFO:<Node 8>:{"send": true, "recv": false, "from": 8, "to": 5, "vc": [6, 1, 3, 2, 5, 5, 0, 5, 5, 1], "hlc": [921527, 4]}
INFO:<Node 9>:{"send": true, "recv": false, "from": 9, "to": 3, "vc": [0, 1, 2, 3, 0, 0, 0, 6, 0, 4], "hlc": [921526, 2]}
INFO:<Node 1>:{"send": false, "recv": true, "to": 1, "from": 5, "vc": [0, 2, 3, 0, 0, 6, 0, 5, 0, 0], "hlc": [921526, 5]}
INFO:<Node 3>:{"send": false, "recv": true, "to": 3, "from": 9, "vc": [0, 1, 2, 5, 0, 0, 0, 6, 0, 4], "hlc": [921526, 3]}
INFO:<Node 5>:{"send": false, "recv": true, "to": 5, "from": 2, "vc": [0, 1, 4, 0, 0, 7, 0, 5, 0, 0], "hlc": [921527, 1]}
INFO:<Node 5>:{"send": false, "recv": true, "to": 5, "from": 8, "vc": [6, 1, 4, 2, 5, 8, 0, 5, 5, 1], "hlc": [921527, 5]}
INFO:<Node 6>:{"send": false, "recv": true, "to": 6, "from": 7, "vc": [8, 1, 2, 4, 0, 2, 3, 8, 3, 0], "hlc": [921528, 0]}
INFO:<Node 8>:{"send": false, "recv": true, "to": 8, "from": 0, "vc": [9, 1, 3, 2, 5, 5, 0, 5, 6, 1], "hlc": [921527, 5]}
INFO:<Node 0>:{"send": true, "recv": false, "from": 0, "to": 1, "vc": [10, 0, 0, 2, 0, 2, 0, 2, 3, 0], "hlc": [921526, 0]}
INFO:<Node 2>:{"send": true, "recv": false, "from": 2, "to": 7, "vc": [0, 0, 5, 0, 0, 0, 0, 0, 0, 0], "hlc": [921528, 0]}
INFO:<Node 3>:{"send": true, "recv": false, "from": 3, "to": 9, "vc": [0, 1, 2, 6, 0, 0, 0, 6, 0, 4], "hlc": [921526, 4]}
INFO:<Node 4>:{"send": true, "recv": false, "from": 4, "to": 1, "vc": [6, 1, 3, 2, 6, 5, 0, 5, 0, 1], "hlc": [921528, 0]}
INFO:<Node 6>:{"send": true, "recv": false, "from": 6, "to": 3, "vc": [8, 1, 2, 4, 0, 2, 4, 8, 3, 0], "hlc": [921528, 1]}
INFO:<Node 8>:{"send": true, "recv": false, "from": 8, "to": 5, "vc": [9, 1, 3, 2, 5, 5, 0, 5, 7, 1], "hlc": [921527, 6]}
INFO:<Node 9>:{"send": true, "recv": false, "from": 9, "to": 0, "vc": [0, 1, 2, 3, 0, 0, 0, 6, 0, 5], "hlc": [921526, 3]}
INFO:<Node 0>:{"send": false, "recv": true, "to": 0, "from": 9, "vc": [11, 1, 2, 3, 0, 2, 0, 6, 3, 5], "hlc": [921526, 4]}
INFO:<Node 1>:{"send": false, "recv": true, "to": 1, "from": 0, "vc": [10, 3, 3, 2, 0, 6, 0, 5, 3, 0], "hlc": [921527, 0]}
INFO:<Node 1>:{"send": false, "recv": true, "to": 1, "from": 4, "vc": [10, 4, 3, 2, 6, 6, 0, 5, 3, 1], "hlc": [921528, 1]}
INFO:<Node 3>:{"send": false, "recv": true, "to": 3, "from": 6, "vc": [8, 1, 2, 7, 0, 2, 4, 8, 3, 4], "hlc": [921528, 2]}
INFO:<Node 5>:{"send": false, "recv": true, "to": 5, "from": 8, "vc": [9, 1, 4, 2, 5, 9, 0, 5, 7, 1], "hlc": [921527, 7]}
INFO:<Node 7>:{"send": false, "recv": true, "to": 7, "from": 2, "vc": [0, 1, 5, 4, 0, 0, 0, 9, 0, 0], "hlc": [921528, 1]}
INFO:<Node 9>:{"send": false, "recv": true, "to": 9, "from": 3, "vc": [0, 1, 2, 6, 0, 0, 0, 6, 0, 6], "hlc": [921526, 5]}
INFO:<Node 0>:{"send": true, "recv": false, "from": 0, "to": 5, "vc": [12, 1, 2, 3, 0, 2, 0, 6, 3, 5], "hlc": [921526, 5]}
INFO:<Node 3>:{"send": true, "recv": false, "from": 3, "to": 7, "vc": [8, 1, 2, 8, 0, 2, 4, 8, 3, 4], "hlc": [921528, 3]}
INFO:<Node 5>:{"send": true, "recv": false, "from": 5, "to": 6, "vc": [9, 1, 4, 2, 5, 10, 0, 5, 7, 1], "hlc": [921527, 8]}
INFO:<Node 7>:{"send": true, "recv": false, "from": 7, "to": 8, "vc": [0, 1, 5, 4, 0, 0, 0, 10, 0, 0], "hlc": [921528, 2]}
INFO:<Node 8>:{"send": true, "recv": false, "from": 8, "to": 7, "vc": [9, 1, 3, 2, 5, 5, 0, 5, 8, 1], "hlc": [921527, 7]}
INFO:<Node 5>:{"send": false, "recv": true, "to": 5, "from": 0, "vc": [12, 1, 4, 3, 5, 11, 0, 6, 7, 5], "hlc": [921528, 0]}
INFO:<Node 6>:{"send": false, "recv": true, "to": 6, "from": 5, "vc": [9, 1, 4, 4, 5, 10, 5, 8, 7, 1], "hlc": [921529, 0]}
INFO:<Node 7>:{"send": false, "recv": true, "to": 7, "from": 3, "vc": [8, 1, 5, 8, 0, 2, 4, 11, 3, 4], "hlc": [921528, 4]}
INFO:<Node 7>:{"send": false, "recv": true, "to": 7, "from": 8, "vc": [9, 1, 5, 8, 5, 5, 4, 12, 8, 4], "hlc": [921528, 5]}
INFO:<Node 8>:{"send": false, "recv": true, "to": 8, "from": 7, "vc": [9, 1, 5, 4, 5, 5, 0, 10, 9, 1], "hlc": [921528, 3]}
INFO:<Node 3>:{"send": true, "recv": false, "from": 3, "to": 4, "vc": [8, 1, 2, 9, 0, 2, 4, 8, 3, 4], "hlc": [921528, 4]}
INFO:<Node 6>:{"send": true, "recv": false, "from": 6, "to": 9, "vc": [9, 1, 4, 4, 5, 10, 6, 8, 7, 1], "hlc": [921529, 1]}
INFO:<Node 9>:{"send": true, "recv": false, "from": 9, "to": 6, "vc": [0, 1, 2, 6, 0, 0, 0, 6, 0, 7], "hlc": [921526, 6]}
INFO:<Node 4>:{"send": false, "recv": true, "to": 4, "from": 3, "vc": [8, 1, 3, 9, 7, 5, 4, 8, 3, 4], "hlc": [921529, 0]}
INFO:<Node 6>:{"send": false, "recv": true, "to": 6, "from": 9, "vc": [9, 1, 4, 6, 5, 10, 7, 8, 7, 7], "hlc": [921529, 2]}
INFO:<Node 9>:{"send": false, "recv": true, "to": 9, "from": 6, "vc": [9, 1, 4, 6, 5, 10, 6, 8, 7, 8], "hlc": [921529, 2]}
INFO:<Node 0>:{"send": true, "recv": false, "from": 0, "to": 4, "vc": [13, 1, 2, 3, 0, 2, 0, 6, 3, 5], "hlc": [921527, 0]}
INFO:<Node 1>:{"send": true, "recv": false, "from": 1, "to": 2, "vc": [10, 5, 3, 2, 6, 6, 0, 5, 3, 1], "hlc": [921528, 2]}
INFO:<Node 3>:{"send": true, "recv": false, "from": 3, "to": 7, "vc": [8, 1, 2, 10, 0, 2, 4, 8, 3, 4], "hlc": [921528, 5]}
INFO:<Node 5>:{"send": true, "recv": false, "from": 5, "to": 2, "vc": [12, 1, 4, 3, 5, 12, 0, 6, 7, 5], "hlc": [921528, 1]}
INFO:<Node 6>:{"send": true, "recv": false, "from": 6, "to": 7, "vc": [9, 1, 4, 6, 5, 10, 8, 8, 7, 7], "hlc": [921529, 3]}
INFO:<Node 9>:{"send": true, "recv": false, "from": 9, "to": 8, "vc": [9, 1, 4, 6, 5, 10, 6, 8, 7, 9], "hlc": [921529, 3]}
INFO:<Node 2>:{"send": false, "recv": true, "to": 2, "from": 1, "vc": [10, 5, 6, 2, 6, 6, 0, 5, 3, 1], "hlc": [921530, 0]}
INFO:<Node 2>:{"send": false, "recv": true, "to": 2, "from": 5, "vc": [12, 5, 7, 3, 6, 12, 0, 6, 7, 5], "hlc": [921530, 1]}
INFO:<Node 4>:{"send": false, "recv": true, "to": 4, "from": 0, "vc": [13, 1, 3, 9, 8, 5, 4, 8, 3, 5], "hlc": [921530, 0]}
INFO:<Node 7>:{"send": false, "recv": true, "to": 7, "from": 3, "vc": [9, 1, 5, 10, 5, 5, 4, 13, 8, 4], "hlc": [921529, 0]}
INFO:<Node 7>:{"send": false, "recv": true, "to": 7, "from": 6, "vc": [9, 1, 5, 10, 5, 10, 8, 14, 8, 7], "hlc": [921529, 4]}
INFO:<Node 8>:{"send": false, "recv": true, "to": 8, "from": 9, "vc": [9, 1, 5, 6, 5, 10, 6, 10, 10, 9], "hlc": [921529, 4]}
INFO:<Node 0>:{"send": true, "recv": false, "from": 0, "to": 1, "vc": [14, 1, 2, 3, 0, 2, 0, 6, 3, 5], "hlc": [921528, 0]}
INFO:<Node 2>:{"send": true, "recv": false, "from": 2, "to": 6, "vc": [12, 5, 8, 3, 6, 12, 0, 6, 7, 5], "hlc": [921530, 2]}
INFO:<Node 4>:{"send": true, "recv": false, "from": 4, "to": 1, "vc": [13, 1, 3, 9, 9, 5, 4, 8, 3, 5], "hlc": [921530, 1]}
INFO:<Node 5>:{"send": true, "recv": false, "from": 5, "to": 8, "vc": [12, 1, 4, 3, 5, 13, 0, 6, 7, 5], "hlc": [921529, 0]}
INFO:<Node 6>:{"send": true, "recv": false, "from": 6, "to": 0, "vc": [9, 1, 4, 6, 5, 10, 9, 8, 7, 7], "hlc": [921530, 0]}
INFO:<Node 7>:{"send": true, "recv": false, "from": 7, "to": 3, "vc": [9, 1, 5, 10, 5, 10, 8, 15, 8, 7], "hlc": [921529, 5]}
INFO:<Node 8>:{"send": true, "recv": false, "from": 8, "to": 9, "vc": [9, 1, 5, 6, 5, 10, 6, 10, 11, 9], "hlc": [921529, 5]}
INFO:<Node 9>:{"send": true, "recv": false, "from": 9, "to": 3, "vc": [9, 1, 4, 6, 5, 10, 6, 8, 7, 10], "hlc": [921529, 4]}
INFO:<Node 0>:{"send": false, "recv": true, "to": 0, "from": 6, "vc": [15, 1, 4, 6, 5, 10, 9, 8, 7, 7], "hlc": [921530, 1]}
INFO:<Node 1>:{"send": false, "recv": true, "to": 1, "from": 0, "vc": [14, 6, 3, 3, 6, 6, 0, 6, 3, 5], "hlc": [921529, 0]}
INFO:<Node 1>:{"send": false, "recv": true, "to": 1, "from": 4, "vc": [14, 7, 3, 9, 9, 6, 4, 8, 3, 5], "hlc": [921530, 2]}
INFO:<Node 3>:{"send": false, "recv": true, "to": 3, "from": 7, "vc": [9, 1, 5, 11, 5, 10, 8, 15, 8, 7], "hlc": [921529, 6]}
INFO:<Node 3>:{"send": false, "recv": true, "to": 3, "from": 9, "vc": [9, 1, 5, 12, 5, 10, 8, 15, 8, 10], "hlc": [921529, 7]}
INFO:<Node 6>:{"send": false, "recv": true, "to": 6, "from": 2, "vc": [12, 5, 8, 6, 6, 12, 10, 8, 7, 7], "hlc": [921530, 3]}
INFO:<Node 8>:{"send": false, "recv": true, "to": 8, "from": 5, "vc": [12, 1, 5, 6, 5, 13, 6, 10, 12, 9], "hlc": [921529, 6]}
INFO:<Node 9>:{"send": false, "recv": true, "to": 9, "from": 8, "vc": [9, 1, 5, 6, 5, 10, 6, 10, 11, 11], "hlc": [921529, 6]}
INFO:<Node 1>:{"send": true, "recv": false, "from": 1, "to": 5, "vc": [14, 8, 3, 9, 9, 6, 4, 8, 3, 5], "hlc": [921530, 3]}
INFO:<Node 2>:{"send": true, "recv": false, "from": 2, "to": 6, "vc": [12, 5, 9, 3, 6, 12, 0, 6, 7, 5], "hlc": [921531, 0]}
INFO:<Node 4>:{"send": true, "recv": false, "from": 4, "to": 6, "vc": [13, 1, 3, 9, 10, 5, 4, 8, 3, 5], "hlc": [921530, 2]}
INFO:<Node 6>:{"send": true, "recv": false, "from": 6, "to": 9, "vc": [12, 5, 8, 6, 6, 12, 11, 8, 7, 7], "hlc": [921530, 4]}
INFO:<Node 7>:{"send": true, "recv": false, "from": 7, "to": 4, "vc": [9, 1, 5, 10, 5, 10, 8, 16, 8, 7], "hlc": [921529, 6]}
INFO:<Node 8>:{"send": true, "recv": false, "from": 8, "to": 5, "vc": [12, 1, 5, 6, 5, 13, 6, 10, 13, 9], "hlc": [921529, 7]}
INFO:<Node 4>:{"send": false, "recv": true, "to": 4, "from": 7, "vc": [13, 1, 5, 10, 11, 10, 8, 16, 8, 7], "hlc": [921531, 0]}
INFO:<Node 5>:{"send": false, "recv": true, "to": 5, "from": 1, "vc": [14, 8, 4, 9, 9, 14, 4, 8, 7, 5], "hlc": [921530, 4]}
INFO:<Node 5>:{"send": false, "recv": true, "to": 5, "from": 8, "vc": [14, 8, 5, 9, 9, 15, 6, 10, 13, 9], "hlc": [921530, 5]}
INFO:<Node 6>:{"send": false, "recv": true, "to": 6, "from": 2, "vc": [12, 5, 9, 6, 6, 12, 12, 8, 7, 7], "hlc": [921531, 1]}
INFO:<Node 6>:{"send": false, "recv": true, "to": 6, "from": 4, "vc": [13, 5, 9, 9, 10, 12, 13, 8, 7, 7], "hlc": [921531, 2]}
INFO:<Node 9>:{"send": false, "recv": true, "to": 9, "from": 6, "vc": [12, 5, 8, 6, 6, 12, 11, 10, 11, 12], "hlc": [921530, 5]}
INFO:<Node 2>:{"send": true, "recv": false, "from": 2, "to": 7, "vc": [12, 5, 10, 3, 6, 12, 0, 6, 7, 5], "hlc": [921531, 1]}
INFO:<Node 3>:{"send": true, "recv": false, "from": 3, "to": 2, "vc": [9, 1, 5, 13, 5, 10, 8, 15, 8, 10], "hlc": [921529, 8]}
INFO:<Node 4>:{"send": true, "recv": false, "from": 4, "to": 3, "vc": [13, 1, 5, 10, 12, 10, 8, 16, 8, 7], "hlc": [921531, 1]}
INFO:<Node 5>:{"send": true, "recv": false, "from": 5, "to": 0, "vc": [14, 8, 5, 9, 9, 16, 6, 10, 13, 9], "hlc": [921530, 6]}
INFO:<Node 6>:{"send": true, "recv": false, "from": 6, "to": 8, "vc": [13, 5, 9, 9, 10, 12, 14, 8, 7, 7], "hlc": [921531, 3]}
INFO:<Node 7>:{"send": true, "recv": false, "from": 7, "to": 2, "vc": [9, 1, 5, 10, 5, 10, 8, 17, 8, 7], "hlc": [921530, 0]}
INFO:<Node 8>:{"send": true, "recv": false, "from": 8, "to": 7, "vc": [12, 1, 5, 6, 5, 13, 6, 10, 14, 9], "hlc": [921529, 8]}
INFO:<Node 0>:{"send": false, "recv": true, "to": 0, "from": 5, "vc": [16, 8, 5, 9, 9, 16, 9, 10, 13, 9], "hlc": [921530, 7]}
INFO:<Node 2>:{"send": false, "recv": true, "to": 2, "from": 3, "vc": [12, 5, 11, 13, 6, 12, 8, 15, 8, 10], "hlc": [921532, 0]}
INFO:<Node 2>:{"send": false, "recv": true, "to": 2, "from": 7, "vc": [12, 5, 12, 13, 6, 12, 8, 17, 8, 10], "hlc": [921532, 1]}
INFO:<Node 3>:{"send": false, "recv": true, "to": 3, "from": 4, "vc": [13, 1, 5, 14, 12, 10, 8, 16, 8, 10], "hlc": [921531, 2]}
INFO:<Node 7>:{"send": false, "recv": true, "to": 7, "from": 2, "vc": [12, 5, 10, 10, 6, 12, 8, 18, 8, 7], "hlc": [921531, 2]}
INFO:<Node 7>:{"send": false, "recv": true, "to": 7, "from": 8, "vc": [12, 5, 10, 10, 6, 13, 8, 19, 14, 9], "hlc": [921531, 3]}
INFO:<Node 8>:{"send": false, "recv": true, "to": 8, "from": 6, "vc": [13, 5, 9, 9, 10, 13, 14, 10, 15, 9], "hlc": [921531, 4]}
INFO:<Node 0>:{"send": true, "recv": false, "from": 0, "to": 4, "vc": [17, 8, 5, 9, 9, 16, 9, 10, 13, 9], "hlc": [921530, 8]}
INFO:<Node 1>:{"send": true, "recv": false, "from": 1, "to": 6, "vc": [14, 9, 3, 9, 9, 6, 4, 8, 3, 5], "hlc": [921530, 4]}
INFO:<Node 2>:{"send": true, "recv": false, "from": 2, "to": 0, "vc": [12, 5, 13, 13, 6, 12, 8, 17, 8, 10], "hlc": [921532, 2]}
INFO:<Node 3>:{"send": true, "recv": false, "from": 3, "to": 6, "vc": [13, 1, 5, 15, 12, 10, 8, 16, 8, 10], "hlc": [921531, 3]}
INFO:<Node 4>:{"send": true, "recv": false, "from": 4, "to": 6, "vc": [13, 1, 5, 10, 13, 10, 8, 16, 8, 7], "hlc": [921531, 2]}
INFO:<Node 5>:{"send": true, "recv": false, "from": 5, "to": 0, "vc": [14, 8, 5, 9, 9, 17, 6, 10, 13, 9], "hlc": [921530, 7]}
INFO:<Node 7>:{"send": true, "recv": false, "from": 7, "to": 5, "vc": [12, 5, 10, 10, 6, 13, 8, 20, 14, 9], "hlc": [921531, 4]}
INFO:<Node 9>:{"send": true, "recv": false, "from": 9, "to": 4, "vc": [12, 5, 8, 6, 6, 12, 11, 10, 11, 13], "hlc": [921530, 6]}
INFO:<Node 0>:{"send": false, "recv": true, "to": 0, "from": 2, "vc": [18, 8, 13, 13, 9, 16, 9, 17, 13, 10], "hlc": [921532, 3]}
INFO:<Node 0>:{"send": false, "recv": true, "to": 0, "from": 5, "vc": [19, 8, 13, 13, 9, 17, 9, 17, 13, 10], "hlc": [921532, 4]}
INFO:<Node 4>:{"send": false, "recv": true, "to": 4, "from": 0, "vc": [17, 8, 5, 10, 14, 16, 9, 16, 13, 9], "hlc": [921532, 0]}
INFO:<Node 4>:{"send": false, "recv": true, "to": 4, "from": 9, "vc": [17, 8, 8, 10, 15, 16, 11, 16, 13, 13], "hlc": [921532, 1]}
INFO:<Node 5>:{"send": false, "recv": true, "to": 5, "from": 7, "vc": [14, 8, 10, 10, 9, 18, 8, 20, 14, 9], "hlc": [921531, 5]}
INFO:<Node 6>:{"send": false, "recv": true, "to": 6, "from": 1, "vc": [14, 9, 9, 9, 10, 12, 15, 8, 7, 7], "hlc": [921532, 0]}
INFO:<Node 6>:{"send": false, "recv": true, "to": 6, "from": 3, "vc": [14, 9, 9, 15, 12, 12, 16, 16, 8, 10], "hlc": [921532, 1]}
INFO:<Node 6>:{"send": false, "recv": true, "to": 6, "from": 4, "vc": [14, 9, 9, 15, 13, 12, 17, 16, 8, 10], "hlc": [921532, 2]}
INFO:<Node 0>:{"send": true, "recv": false, "from": 0, "to": 9, "vc": [20, 8, 13, 13, 9, 17, 9, 17, 13, 10], "hlc": [921532, 5]}
INFO:<Node 1>:{"send": true, "recv": false, "from": 1, "to": 6, "vc": [14, 10, 3, 9, 9, 6, 4, 8, 3, 5], "hlc": [921530, 5]}
INFO:<Node 2>:{"send": true, "recv": false, "from": 2, "to": 3, "vc": [12, 5, 14, 13, 6, 12, 8, 17, 8, 10], "hlc": [921532, 3]}
INFO:<Node 5>:{"send": true, "recv": false, "from": 5, "to": 4, "vc": [14, 8, 10, 10, 9, 19, 8, 20, 14, 9], "hlc": [921531, 6]}
INFO:<Node 7>:{"send": true, "recv": false, "from": 7, "to": 5, "vc": [12, 5, 10, 10, 6, 13, 8, 21, 14, 9], "hlc": [921531, 5]}
INFO:<Node 8>:{"send": true, "recv": false, "from": 8, "to": 6, "vc": [13, 5, 9, 9, 10, 13, 14, 10, 16, 9], "hlc": [921531, 5]}
INFO:<Node 9>:{"send": true, "recv": false, "from": 9, "to": 3, "vc": [12, 5, 8, 6, 6, 12, 11, 10, 11, 14], "hlc": [921530, 7]}
INFO:<Node 3>:{"send": false, "recv": true, "to": 3, "from": 2, "vc": [13, 5, 14, 16, 12, 12, 8, 17, 8, 10], "hlc": [921532, 4]}
INFO:<Node 3>:{"send": false, "recv": true, "to": 3, "from": 9, "vc": [13, 5, 14, 17, 12, 12, 11, 17, 11, 14], "hlc": [921532, 5]}
INFO:<Node 4>:{"send": false, "recv": true, "to": 4, "from": 5, "vc": [17, 8, 10, 10, 16, 19, 11, 20, 14, 13], "hlc": [921532, 2]}
INFO:<Node 5>:{"send": false, "recv": true, "to": 5, "from": 7, "vc": [14, 8, 10, 10, 9, 20, 8, 21, 14, 9], "hlc": [921531, 7]}
INFO:<Node 6>:{"send": false, "recv": true, "to": 6, "from": 1, "vc": [14, 10, 9, 15, 13, 12, 18, 16, 8, 10], "hlc": [921532, 3]}
INFO:<Node 6>:{"send": false, "recv": true, "to": 6, "from": 8, "vc": [14, 10, 9, 15, 13, 13, 19, 16, 16, 10], "hlc": [921532, 4]}
INFO:<Node 9>:{"send": false, "recv": true, "to": 9, "from": 0, "vc": [20, 8, 13, 13, 9, 17, 11, 17, 13, 15], "hlc": [921532, 6]}
INFO:<Node 0>:{"send": true, "recv": false, "from": 0, "to": 8, "vc": [21, 8, 13, 13, 9, 17, 9, 17, 13, 10], "hlc": [921532, 6]}
INFO:<Node 2>:{"send": true, "recv": false, "from": 2, "to": 8, "vc": [12, 5, 15, 13, 6, 12, 8, 17, 8, 10], "hlc": [921533, 0]}
INFO:<Node 4>:{"send": true, "recv": false, "from": 4, "to": 2, "vc": [17, 8, 10, 10, 17, 19, 11, 20, 14, 13], "hlc": [921532, 3]}
INFO:<Node 5>:{"send": true, "recv": false, "from": 5, "to": 6, "vc": [14, 8, 10, 10, 9, 21, 8, 21, 14, 9], "hlc": [921531, 8]}
INFO:<Node 7>:{"send": true, "recv": false, "from": 7, "to": 3, "vc": [12, 5, 10, 10, 6, 13, 8, 22, 14, 9], "hlc": [921531, 6]}
INFO:<Node 9>:{"send": true, "recv": false, "from": 9, "to": 1, "vc": [20, 8, 13, 13, 9, 17, 11, 17, 13, 16], "hlc": [921532, 7]}
INFO:<Node 1>:{"send": false, "recv": true, "to": 1, "from": 9, "vc": [20, 11, 13, 13, 9, 17, 11, 17, 13, 16], "hlc": [921532, 8]}
INFO:<Node 2>:{"send": false, "recv": true, "to": 2, "from": 4, "vc": [17, 8, 16, 13, 17, 19, 11, 20, 14, 13], "hlc": [921533, 1]}
INFO:<Node 3>:{"send": false, "recv": true, "to": 3, "from": 7, "vc": [13, 5, 14, 18, 12, 13, 11, 22, 14, 14], "hlc": [921532, 6]}
INFO:<Node 6>:{"send": false, "recv": true, "to": 6, "from": 5, "vc": [14, 10, 10, 15, 13, 21, 20, 21, 16, 10], "hlc": [921533, 0]}
INFO:<Node 8>:{"send": false, "recv": true, "to": 8, "from": 0, "vc": [21, 8, 13, 13, 10, 17, 14, 17, 17, 10], "hlc": [921532, 7]}
INFO:<Node 8>:{"send": false, "recv": true, "to": 8, "from": 2, "vc": [21, 8, 15, 13, 10, 17, 14, 17, 18, 10], "hlc": [921533, 1]}
INFO:<Node 0>:{"send": true, "recv": false, "from": 0, "to": 1, "vc": [22, 8, 13, 13, 9, 17, 9, 17, 13, 10], "hlc": [921532, 7]}
INFO:<Node 1>:{"send": true, "recv": false, "from": 1, "to": 7, "vc": [20, 12, 13, 13, 9, 17, 11, 17, 13, 16], "hlc": [921532, 9]}
INFO:<Node 2>:{"send": true, "recv": false, "from": 2, "to": 0, "vc": [17, 8, 17, 13, 17, 19, 11, 20, 14, 13], "hlc": [921533, 2]}
INFO:<Node 4>:{"send": true, "recv": false, "from": 4, "to": 3, "vc": [17, 8, 10, 10, 18, 19, 11, 20, 14, 13], "hlc": [921533, 0]}
INFO:<Node 5>:{"send": true, "recv": false, "from": 5, "to": 3, "vc": [14, 8, 10, 10, 9, 22, 8, 21, 14, 9], "hlc": [921532, 0]}
INFO:<Node 6>:{"send": true, "recv": false, "from": 6, "to": 1, "vc": [14, 10, 10, 15, 13, 21, 21, 21, 16, 10], "hlc": [921533, 1]}
INFO:<Node 7>:{"send": true, "recv": false, "from": 7, "to": 1, "vc": [12, 5, 10, 10, 6, 13, 8, 23, 14, 9], "hlc": [921532, 0]}
INFO:<Node 8>:{"send": true, "recv": false, "from": 8, "to": 2, "vc": [21, 8, 15, 13, 10, 17, 14, 17, 19, 10], "hlc": [921533, 2]}
INFO:<Node 9>:{"send": true, "recv": false, "from": 9, "to": 5, "vc": [20, 8, 13, 13, 9, 17, 11, 17, 13, 17], "hlc": [921532, 8]}
INFO:<Node 0>:{"send": false, "recv": true, "to": 0, "from": 2, "vc": [23, 8, 17, 13, 17, 19, 11, 20, 14, 13], "hlc": [921533, 3]}
INFO:<Node 1>:{"send": false, "recv": true, "to": 1, "from": 0, "vc": [22, 13, 13, 13, 9, 17, 11, 17, 13, 16], "hlc": [921532, 10]}
INFO:<Node 1>:{"send": false, "recv": true, "to": 1, "from": 6, "vc": [22, 14, 13, 15, 13, 21, 21, 21, 16, 16], "hlc": [921533, 2]}
INFO:<Node 1>:{"send": false, "recv": true, "to": 1, "from": 7, "vc": [22, 15, 13, 15, 13, 21, 21, 23, 16, 16], "hlc": [921533, 3]}
INFO:<Node 2>:{"send": false, "recv": true, "to": 2, "from": 8, "vc": [21, 8, 18, 13, 17, 19, 14, 20, 19, 13], "hlc": [921534, 0]}
INFO:<Node 3>:{"send": false, "recv": true, "to": 3, "from": 4, "vc": [17, 8, 14, 19, 18, 19, 11, 22, 14, 14], "hlc": [921533, 1]}
INFO:<Node 3>:{"send": false, "recv": true, "to": 3, "from": 5, "vc": [17, 8, 14, 20, 18, 22, 11, 22, 14, 14], "hlc": [921533, 2]}
INFO:<Node 5>:{"send": false, "recv": true, "to": 5, "from": 9, "vc": [20, 8, 13, 13, 9, 23, 11, 21, 14, 17], "hlc": [921532, 9]}
INFO:<Node 7>:{"send": false, "recv": true, "to": 7, "from": 1, "vc": [20, 12, 13, 13, 9, 17, 11, 24, 14, 16], "hlc": [921532, 10]}
INFO:<Node 0>:{"send": true, "recv": false, "from": 0, "to": 4, "vc": [24, 8, 17, 13, 17, 19, 11, 20, 14, 13], "hlc": [921533, 4]}
INFO:<Node 2>:{"send": true, "recv": false, "from": 2, "to": 0, "vc": [21, 8, 19, 13, 17, 19, 14, 20, 19, 13], "hlc": [921534, 1]}
INFO:<Node 5>:{"send": true, "recv": false, "from": 5, "to": 1, "vc": [20, 8, 13, 13, 9, 24, 11, 21, 14, 17], "hlc": [921532, 10]}
INFO:<Node 6>:{"send": true, "recv": false, "from": 6, "to": 7, "vc": [14, 10, 10, 15, 13, 21, 22, 21, 16, 10], "hlc": [921533, 2]}
INFO:<Node 7>:{"send": true, "recv": false, "from": 7, "to": 2, "vc": [20, 12, 13, 13, 9, 17, 11, 25, 14, 16], "hlc": [921532, 11]}
INFO:<Node 8>:{"send": true, "recv": false, "from": 8, "to": 3, "vc": [21, 8, 15, 13, 10, 17, 14, 17, 20, 10], "hlc": [921533, 3]}
INFO:<Node 0>:{"send": false, "recv": true, "to": 0, "from": 2, "vc": [25, 8, 19, 13, 17, 19, 14, 20, 19, 13], "hlc": [921534, 2]}
INFO:<Node 1>:{"send": false, "recv": true, "to": 1, "from": 5, "vc": [22, 16, 13, 15, 13, 24, 21, 23, 16, 17], "hlc": [921533, 4]}
INFO:<Node 2>:{"send": false, "recv": true, "to": 2, "from": 7, "vc": [21, 12, 20, 13, 17, 19, 14, 25, 19, 16], "hlc": [921534, 2]}
INFO:<Node 3>:{"send": false, "recv": true, "to": 3, "from": 8, "vc": [21, 8, 15, 21, 18, 22, 14, 22, 20, 14], "hlc": [921533, 4]}
INFO:<Node 4>:{"send": false, "recv": true, "to": 4, "from": 0, "vc": [24, 8, 17, 13, 19, 19, 11, 20, 14, 13], "hlc": [921534, 0]}
INFO:<Node 7>:{"send": false, "recv": true, "to": 7, "from": 6, "vc": [20, 12, 13, 15, 13, 21, 22, 26, 16, 16], "hlc": [921533, 3]}
INFO:<Node 0>:{"send": true, "recv": false, "from": 0, "to": 3, "vc": [26, 8, 19, 13, 17, 19, 14, 20, 19, 13], "hlc": [921534, 3]}
INFO:<Node 1>:{"send": true, "recv": false, "from": 1, "to": 6, "vc": [22, 17, 13, 15, 13, 24, 21, 23, 16, 17], "hlc": [921533, 5]}
INFO:<Node 3>:{"send": true, "recv": false, "from": 3, "to": 6, "vc": [21, 8, 15, 22, 18, 22, 14, 22, 20, 14], "hlc": [921533, 5]}
INFO:<Node 5>:{"send": true, "recv": false, "from": 5, "to": 8, "vc": [20, 8, 13, 13, 9, 25, 11, 21, 14, 17], "hlc": [921533, 0]}
INFO:<Node 6>:{"send": true, "recv": false, "from": 6, "to": 8, "vc": [14, 10, 10, 15, 13, 21, 23, 21, 16, 10], "hlc": [921534, 0]}
INFO:<Node 8>:{"send": true, "recv": false, "from": 8, "to": 1, "vc": [21, 8, 15, 13, 10, 17, 14, 17, 21, 10], "hlc": [921533, 4]}
INFO:<Node 9>:{"send": true, "recv": false, "from": 9, "to": 6, "vc": [20, 8, 13, 13, 9, 17, 11, 17, 13, 18], "hlc": [921532, 9]}
INFO:<Node 1>:{"send": false, "recv": true, "to": 1, "from": 8, "vc": [22, 18, 15, 15, 13, 24, 21, 23, 21, 17], "hlc": [921533, 6]}
INFO:<Node 3>:{"send": false, "recv": true, "to": 3, "from": 0, "vc": [26, 8, 19, 23, 18, 22, 14, 22, 20, 14], "hlc": [921534, 4]}
INFO:<Node 6>:{"send": false, "recv": true, "to": 6, "from": 1, "vc": [22, 17, 13, 15, 13, 24, 24, 23, 16, 17], "hlc": [921534, 1]}
INFO:<Node 6>:{"send": false, "recv": true, "to": 6, "from": 3, "vc": [22, 17, 15, 22, 18, 24, 25, 23, 20, 17], "hlc": [921534, 2]}
INFO:<Node 6>:{"send": false, "recv": true, "to": 6, "from": 9, "vc": [22, 17, 15, 22, 18, 24, 26, 23, 20, 18], "hlc": [921534, 3]}
INFO:<Node 8>:{"send": false, "recv": true, "to": 8, "from": 5, "vc": [21, 8, 15, 13, 10, 25, 14, 21, 22, 17], "hlc": [921533, 5]}
INFO:<Node 8>:{"send": false, "recv": true, "to": 8, "from": 6, "vc": [21, 10, 15, 15, 13, 25, 23, 21, 23, 17], "hlc": [921534, 1]}
INFO:<Node 0>:{"send": true, "recv": false, "from": 0, "to": 1, "vc": [27, 8, 19, 13, 17, 19, 14, 20, 19, 13], "hlc": [921534, 4]}
INFO:<Node 2>:{"send": true, "recv": false, "from": 2, "to": 5, "vc": [21, 12, 21, 13, 17, 19, 14, 25, 19, 16], "hlc": [921535, 0]}
INFO:<Node 3>:{"send": true, "recv": false, "from": 3, "to": 8, "vc": [26, 8, 19, 24, 18, 22, 14, 22, 20, 14], "hlc": [921534, 5]}
INFO:<Node 4>:{"send": true, "recv": false, "from": 4, "to": 9, "vc": [24, 8, 17, 13, 20, 19, 11, 20, 14, 13], "hlc": [921534, 1]}
INFO:<Node 5>:{"send": true, "recv": false, "from": 5, "to": 9, "vc": [20, 8, 13, 13, 9, 26, 11, 21, 14, 17], "hlc": [921533, 1]}
INFO:<Node 7>:{"send": true, "recv": false, "from": 7, "to": 2, "vc": [20, 12, 13, 15, 13, 21, 22, 27, 16, 16], "hlc": [921533, 4]}
INFO:<Node 9>:{"send": true, "recv": false, "from": 9, "to": 6, "vc": [20, 8, 13, 13, 9, 17, 11, 17, 13, 19], "hlc": [921532, 10]}
INFO:<Node 1>:{"send": false, "recv": true, "to": 1, "from": 0, "vc": [27, 19, 19, 15, 17, 24, 21, 23, 21, 17], "hlc": [921534, 5]}
INFO:<Node 2>:{"send": false, "recv": true, "to": 2, "from": 7, "vc": [21, 12, 22, 15, 17, 21, 22, 27, 19, 16], "hlc": [921535, 1]}
INFO:<Node 5>:{"send": false, "recv": true, "to": 5, "from": 2, "vc": [21, 12, 21, 13, 17, 27, 14, 25, 19, 17], "hlc": [921535, 1]}
INFO:<Node 6>:{"send": false, "recv": true, "to": 6, "from": 9, "vc": [22, 17, 15, 22, 18, 24, 27, 23, 20, 19], "hlc": [921535, 0]}
INFO:<Node 8>:{"send": false, "recv": true, "to": 8, "from": 3, "vc": [26, 10, 19, 24, 18, 25, 23, 22, 24, 17], "hlc": [921534, 6]}
INFO:<Node 9>:{"send": false, "recv": true, "to": 9, "from": 4, "vc": [24, 8, 17, 13, 20, 19, 11, 20, 14, 20], "hlc": [921534, 2]}
INFO:<Node 9>:{"send": false, "recv": true, "to": 9, "from": 5, "vc": [24, 8, 17, 13, 20, 26, 11, 21, 14, 21], "hlc": [921534, 3]}
INFO:<Node 0>:{"send": true, "recv": false, "from": 0, "to": 6, "vc": [28, 8, 19, 13, 17, 19, 14, 20, 19, 13], "hlc": [921534, 5]}
INFO:<Node 2>:{"send": true, "recv": false, "from": 2, "to": 5, "vc": [21, 12, 23, 15, 17, 21, 22, 27, 19, 16], "hlc": [921535, 2]}
INFO:<Node 3>:{"send": true, "recv": false, "from": 3, "to": 1, "vc": [26, 8, 19, 25, 18, 22, 14, 22, 20, 14], "hlc": [921534, 6]}
INFO:<Node 5>:{"send": true, "recv": false, "from": 5, "to": 3, "vc": [21, 12, 21, 13, 17, 28, 14, 25, 19, 17], "hlc": [921535, 2]}
INFO:<Node 6>:{"send": true, "recv": false, "from": 6, "to": 4, "vc": [22, 17, 15, 22, 18, 24, 28, 23, 20, 19], "hlc": [921535, 1]}
INFO:<Node 7>:{"send": true, "recv": false, "from": 7, "to": 5, "vc": [20, 12, 13, 15, 13, 21, 22, 28, 16, 16], "hlc": [921534, 0]}
INFO:<Node 8>:{"send": true, "recv": false, "from": 8, "to": 7, "vc": [26, 10, 19, 24, 18, 25, 23, 22, 25, 17], "hlc": [921534, 7]}
INFO:<Node 1>:{"send": false, "recv": true, "to": 1, "from": 3, "vc": [27, 20, 19, 25, 18, 24, 21, 23, 21, 17], "hlc": [921534, 7]}
INFO:<Node 3>:{"send": false, "recv": true, "to": 3, "from": 5, "vc": [26, 12, 21, 26, 18, 28, 14, 25, 20, 17], "hlc": [921535, 3]}
INFO:<Node 4>:{"send": false, "recv": true, "to": 4, "from": 6, "vc": [24, 17, 17, 22, 21, 24, 28, 23, 20, 19], "hlc": [921535, 2]}
INFO:<Node 5>:{"send": false, "recv": true, "to": 5, "from": 2, "vc": [21, 12, 23, 15, 17, 29, 22, 27, 19, 17], "hlc": [921535, 3]}
INFO:<Node 5>:{"send": false, "recv": true, "to": 5, "from": 7, "vc": [21, 12, 23, 15, 17, 30, 22, 28, 19, 17], "hlc": [921535, 4]}
INFO:<Node 6>:{"send": false, "recv": true, "to": 6, "from": 0, "vc": [28, 17, 19, 22, 18, 24, 29, 23, 20, 19], "hlc": [921535, 2]}
INFO:<Node 7>:{"send": false, "recv": true, "to": 7, "from": 8, "vc": [26, 12, 19, 24, 18, 25, 23, 29, 25, 17], "hlc": [921534, 8]}
INFO:<Node 1>:{"send": true, "recv": false, "from": 1, "to": 7, "vc": [27, 21, 19, 25, 18, 24, 21, 23, 21, 17], "hlc": [921534, 8]}
INFO:<Node 3>:{"send": true, "recv": false, "from": 3, "to": 6, "vc": [26, 12, 21, 27, 18, 28, 14, 25, 20, 17], "hlc": [921535, 4]}
INFO:<Node 4>:{"send": true, "recv": false, "from": 4, "to": 0, "vc": [24, 17, 17, 22, 22, 24, 28, 23, 20, 19], "hlc": [921535, 3]}
INFO:<Node 5>:{"send": true, "recv": false, "from": 5, "to": 3, "vc": [21, 12, 23, 15, 17, 31, 22, 28, 19, 17], "hlc": [921535, 5]}
INFO:<Node 6>:{"send": true, "recv": false, "from": 6, "to": 4, "vc": [28, 17, 19, 22, 18, 24, 30, 23, 20, 19], "hlc": [921535, 3]}
INFO:<Node 7>:{"send": true, "recv": false, "from": 7, "to": 3, "vc": [26, 12, 19, 24, 18, 25, 23, 30, 25, 17], "hlc": [921534, 9]}
INFO:<Node 0>:{"send": false, "recv": true, "to": 0, "from": 4, "vc": [29, 17, 19, 22, 22, 24, 28, 23, 20, 19], "hlc": [921535, 4]}
INFO:<Node 3>:{"send": false, "recv": true, "to": 3, "from": 5, "vc": [26, 12, 23, 28, 18, 31, 22, 28, 20, 17], "hlc": [921535, 6]}
INFO:<Node 3>:{"send": false, "recv": true, "to": 3, "from": 7, "vc": [26, 12, 23, 29, 18, 31, 23, 30, 25, 17], "hlc": [921535, 7]}
INFO:<Node 4>:{"send": false, "recv": true, "to": 4, "from": 6, "vc": [28, 17, 19, 22, 23, 24, 30, 23, 20, 19], "hlc": [921536, 0]}
INFO:<Node 6>:{"send": false, "recv": true, "to": 6, "from": 3, "vc": [28, 17, 21, 27, 18, 28, 31, 25, 20, 19], "hlc": [921536, 0]}
INFO:<Node 7>:{"send": false, "recv": true, "to": 7, "from": 1, "vc": [27, 21, 19, 25, 18, 25, 23, 31, 25, 17], "hlc": [921535, 0]}
INFO:<Node 0>:{"send": true, "recv": false, "from": 0, "to": 9, "vc": [30, 17, 19, 22, 22, 24, 28, 23, 20, 19], "hlc": [921535, 5]}
INFO:<Node 1>:{"send": true, "recv": false, "from": 1, "to": 5, "vc": [27, 22, 19, 25, 18, 24, 21, 23, 21, 17], "hlc": [921534, 9]}
INFO:<Node 2>:{"send": true, "recv": false, "from": 2, "to": 6, "vc": [21, 12, 24, 15, 17, 21, 22, 27, 19, 16], "hlc": [921536, 0]}
INFO:<Node 3>:{"send": true, "recv": false, "from": 3, "to": 9, "vc": [26, 12, 23, 30, 18, 31, 23, 30, 25, 17], "hlc": [921535, 8]}
INFO:<Node 4>:{"send": true, "recv": false, "from": 4, "to": 0, "vc": [28, 17, 19, 22, 24, 24, 30, 23, 20, 19], "hlc": [921536, 1]}
INFO:<Node 5>:{"send": true, "recv": false, "from": 5, "to": 2, "vc": [21, 12, 23, 15, 17, 32, 22, 28, 19, 17], "hlc": [921535, 6]}
INFO:<Node 6>:{"send": true, "recv": false, "from": 6, "to": 4, "vc": [28, 17, 21, 27, 18, 28, 32, 25, 20, 19], "hlc": [921536, 1]}
INFO:<Node 8>:{"send": true, "recv": false, "from": 8, "to": 1, "vc": [26, 10, 19, 24, 18, 25, 23, 22, 26, 17], "hlc": [921534, 8]}
INFO:<Node 9>:{"send": true, "recv": false, "from": 9, "to": 7, "vc": [24, 8, 17, 13, 20, 26, 11, 21, 14, 22], "hlc": [921534, 4]}
INFO:<Node 0>:{"send": false, "recv": true, "to": 0, "from": 4, "vc": [31, 17, 19, 22, 24, 24, 30, 23, 20, 19], "hlc": [921536, 2]}
INFO:<Node 1>:{"send": false, "recv": true, "to": 1, "from": 8, "vc": [27, 23, 19, 25, 18, 25, 23, 23, 26, 17], "hlc": [921535, 0]}
INFO:<Node 2>:{"send": false, "recv": true, "to": 2, "from": 5, "vc": [21, 12, 25, 15, 17, 32, 22, 28, 19, 17], "hlc": [921537, 0]}
INFO:<Node 4>:{"send": false, "recv": true, "to": 4, "from": 6, "vc": [28, 17, 21, 27, 25, 28, 32, 25, 20, 19], "hlc": [921536, 2]}
INFO:<Node 5>:{"send": false, "recv": true, "to": 5, "from": 1, "vc": [27, 22, 23, 25, 18, 33, 22, 28, 21, 17], "hlc": [921535, 7]}
INFO:<Node 6>:{"send": false, "recv": true, "to": 6, "from": 2, "vc": [28, 17, 24, 27, 18, 28, 33, 27, 20, 19], "hlc": [921536, 2]}
INFO:<Node 7>:{"send": false, "recv": true, "to": 7, "from": 9, "vc": [27, 21, 19, 25, 20, 26, 23, 32, 25, 22], "hlc": [921535, 1]}
INFO:<Node 9>:{"send": false, "recv": true, "to": 9, "from": 0, "vc": [30, 17, 19, 22, 22, 26, 28, 23, 20, 23], "hlc": [921535, 6]}
INFO:<Node 9>:{"send": false, "recv": true, "to": 9, "from": 3, "vc": [30, 17, 23, 30, 22, 31, 28, 30, 25, 24], "hlc": [921535, 9]}
INFO:<Node 0>:{"send": true, "recv": false, "from": 0, "to": 1, "vc": [32, 17, 19, 22, 24, 24, 30, 23, 20, 19], "hlc": [921536, 3]}
INFO:<Node 1>:{"send": true, "recv": false, "from": 1, "to": 6, "vc": [27, 24, 19, 25, 18, 25, 23, 23, 26, 17], "hlc": [921535, 1]}
INFO:<Node 2>:{"send": true, "recv": false, "from": 2, "to": 5, "vc": [21, 12, 26, 15, 17, 32, 22, 28, 19, 17], "hlc": [921537, 1]}
INFO:<Node 7>:{"send": true, "recv": false, "from": 7, "to": 5, "vc": [27, 21, 19, 25, 20, 26, 23, 33, 25, 22], "hlc": [921535, 2]}
INFO:<Node 9>:{"send": true, "recv": false, "from": 9, "to": 7, "vc": [30, 17, 23, 30, 22, 31, 28, 30, 25, 25], "hlc": [921535, 10]}
INFO:<Node 1>:{"send": false, "recv": true, "to": 1, "from": 0, "vc": [32, 25, 19, 25, 24, 25, 30, 23, 26, 19], "hlc": [921536, 4]}
INFO:<Node 5>:{"send": false, "recv": true, "to": 5, "from": 2, "vc": [27, 22, 26, 25, 18, 34, 22, 28, 21, 17], "hlc": [921537, 2]}
INFO:<Node 5>:{"send": false, "recv": true, "to": 5, "from": 7, "vc": [27, 22, 26, 25, 20, 35, 23, 33, 25, 22], "hlc": [921537, 3]}
INFO:<Node 6>:{"send": false, "recv": true, "to": 6, "from": 1, "vc": [28, 24, 24, 27, 18, 28, 34, 27, 26, 19], "hlc": [921537, 0]}
INFO:<Node 7>:{"send": false, "recv": true, "to": 7, "from": 9, "vc": [30, 21, 23, 30, 22, 31, 28, 34, 25, 25], "hlc": [921536, 0]}
INFO:<Node 0>:{"send": true, "recv": false, "from": 0, "to": 7, "vc": [33, 17, 19, 22, 24, 24, 30, 23, 20, 19], "hlc": [921536, 4]}
INFO:<Node 2>:{"send": true, "recv": false, "from": 2, "to": 7, "vc": [21, 12, 27, 15, 17, 32, 22, 28, 19, 17], "hlc": [921537, 2]}
INFO:<Node 4>:{"send": true, "recv": false, "from": 4, "to": 3, "vc": [28, 17, 21, 27, 26, 28, 32, 25, 20, 19], "hlc": [921537, 0]}
INFO:<Node 7>:{"send": true, "recv": false, "from": 7, "to": 9, "vc": [30, 21, 23, 30, 22, 31, 28, 35, 25, 25], "hlc": [921536, 1]}
INFO:<Node 9>:{"send": true, "recv": false, "from": 9, "to": 0, "vc": [30, 17, 23, 30, 22, 31, 28, 30, 25, 26], "hlc": [921535, 11]}
INFO:<Node 0>:{"send": false, "recv": true, "to": 0, "from": 9, "vc": [34, 17, 23, 30, 24, 31, 30, 30, 25, 26], "hlc": [921536, 5]}
INFO:<Node 3>:{"send": false, "recv": true, "to": 3, "from": 4, "vc": [28, 17, 23, 31, 26, 31, 32, 30, 25, 19], "hlc": [921537, 1]}
INFO:<Node 7>:{"send": false, "recv": true, "to": 7, "from": 0, "vc": [33, 21, 23, 30, 24, 31, 30, 36, 25, 25], "hlc": [921536, 5]}
INFO:<Node 7>:{"send": false, "recv": true, "to": 7, "from": 2, "vc": [33, 21, 27, 30, 24, 32, 30, 37, 25, 25], "hlc": [921537, 3]}
INFO:<Node 9>:{"send": false, "recv": true, "to": 9, "from": 7, "vc": [30, 21, 23, 30, 22, 31, 28, 35, 25, 27], "hlc": [921536, 2]}
INFO:<Node 0>:{"send": true, "recv": false, "from": 0, "to": 4, "vc": [35, 17, 23, 30, 24, 31, 30, 30, 25, 26], "hlc": [921536, 6]}
INFO:<Node 1>:{"send": true, "recv": false, "from": 1, "to": 7, "vc": [32, 26, 19, 25, 24, 25, 30, 23, 26, 19], "hlc": [921536, 5]}
INFO:<Node 6>:{"send": true, "recv": false, "from": 6, "to": 3, "vc": [28, 24, 24, 27, 18, 28, 35, 27, 26, 19], "hlc": [921537, 1]}
INFO:<Node 8>:{"send": true, "recv": false, "from": 8, "to": 1, "vc": [26, 10, 19, 24, 18, 25, 23, 22, 27, 17], "hlc": [921534, 9]}
INFO:<Node 9>:{"send": true, "recv": false, "from": 9, "to": 1, "vc": [30, 21, 23, 30, 22, 31, 28, 35, 25, 28], "hlc": [921536, 3]}
INFO:<Node 1>:{"send": false, "recv": true, "to": 1, "from": 8, "vc": [32, 27, 19, 25, 24, 25, 30, 23, 27, 19], "hlc": [921536, 6]}
INFO:<Node 1>:{"send": false, "recv": true, "to": 1, "from": 9, "vc": [32, 28, 23, 30, 24, 31, 30, 35, 27, 28], "hlc": [921536, 7]}
INFO:<Node 3>:{"send": false, "recv": true, "to": 3, "from": 6, "vc": [28, 24, 24, 32, 26, 31, 35, 30, 26, 19], "hlc": [921537, 2]}
INFO:<Node 4>:{"send": false, "recv": true, "to": 4, "from": 0, "vc": [35, 17, 23, 30, 27, 31, 32, 30, 25, 26], "hlc": [921538, 0]}
INFO:<Node 7>:{"send": false, "recv": true, "to": 7, "from": 1, "vc": [33, 26, 27, 30, 24, 32, 30, 38, 26, 25], "hlc": [921537, 4]}
INFO:<Node 0>:{"send": true, "recv": false, "from": 0, "to": 9, "vc": [36, 17, 23, 30, 24, 31, 30, 30, 25, 26], "hlc": [921536, 7]}
INFO:<Node 2>:{"send": true, "recv": false, "from": 2, "to": 6, "vc": [21, 12, 28, 15, 17, 32, 22, 28, 19, 17], "hlc": [921538, 0]}
INFO:<Node 3>:{"send": true, "recv": false, "from": 3, "to": 7, "vc": [28, 24, 24, 33, 26, 31, 35, 30, 26, 19], "hlc": [921537, 3]}
INFO:<Node 5>:{"send": true, "recv": false, "from": 5, "to": 1, "vc": [27, 22, 26, 25, 20, 36, 23, 33, 25, 22], "hlc": [921537, 4]}
INFO:<Node 6>:{"send": true, "recv": false, "from": 6, "to": 9, "vc": [28, 24, 24, 27, 18, 28, 36, 27, 26, 19], "hlc": [921538, 0]}
INFO:<Node 7>:{"send": true, "recv": false, "from": 7, "to": 9, "vc": [33, 26, 27, 30, 24, 32, 30, 39, 26, 25], "hlc": [921537, 5]}
INFO:<Node 9>:{"send": true, "recv": false, "from": 9, "to": 7, "vc": [30, 21, 23, 30, 22, 31, 28, 35, 25, 29], "hlc": [921536, 4]}
INFO:<Node 1>:{"send": false, "recv": true, "to": 1, "from": 5, "vc": [32, 29, 26, 30, 24, 36, 30, 35, 27, 28], "hlc": [921537, 5]}
INFO:<Node 6>:{"send": false, "recv": true, "to": 6, "from": 2, "vc": [28, 24, 28, 27, 18, 32, 37, 28, 26, 19], "hlc": [921538, 1]}
INFO:<Node 7>:{"send": false, "recv": true, "to": 7, "from": 3, "vc": [33, 26, 27, 33, 26, 32, 35, 40, 26, 25], "hlc": [921537, 6]}
INFO:<Node 7>:{"send": false, "recv": true, "to": 7, "from": 9, "vc": [33, 26, 27, 33, 26, 32, 35, 41, 26, 29], "hlc": [921537, 7]}
INFO:<Node 9>:{"send": false, "recv": true, "to": 9, "from": 0, "vc": [36, 21, 23, 30, 24, 31, 30, 35, 25, 30], "hlc": [921536, 8]}
INFO:<Node 9>:{"send": false, "recv": true, "to": 9, "from": 6, "vc": [36, 24, 24, 30, 24, 31, 36, 35, 26, 31], "hlc": [921538, 1]}
INFO:<Node 9>:{"send": false, "recv": true, "to": 9, "from": 7, "vc": [36, 26, 27, 30, 24, 32, 36, 39, 26, 32], "hlc": [921538, 2]}
INFO:<Node 0>:{"send": true, "recv": false, "from": 0, "to": 8, "vc": [37, 17, 23, 30, 24, 31, 30, 30, 25, 26], "hlc": [921536, 8]}
INFO:<Node 3>:{"send": true, "recv": false, "from": 3, "to": 1, "vc": [28, 24, 24, 34, 26, 31, 35, 30, 26, 19], "hlc": [921537, 4]}
INFO:<Node 4>:{"send": true, "recv": false, "from": 4, "to": 7, "vc": [35, 17, 23, 30, 28, 31, 32, 30, 25, 26], "hlc": [921538, 1]}
INFO:<Node 5>:{"send": true, "recv": false, "from": 5, "to": 8, "vc": [27, 22, 26, 25, 20, 37, 23, 33, 25, 22], "hlc": [921537, 5]}
INFO:<Node 6>:{"send": true, "recv": false, "from": 6, "to": 5, "vc": [28, 24, 28, 27, 18, 32, 38, 28, 26, 19], "hlc": [921538, 2]}
INFO:<Node 7>:{"send": true, "recv": false, "from": 7, "to": 9, "vc": [33, 26, 27, 33, 26, 32, 35, 42, 26, 29], "hlc": [921537, 8]}
INFO:<Node 8>:{"send": true, "recv": false, "from": 8, "to": 6, "vc": [26, 10, 19, 24, 18, 25, 23, 22, 28, 17], "hlc": [921535, 0]}
INFO:<Node 9>:{"send": true, "recv": false, "from": 9, "to": 0, "vc": [36, 26, 27, 30, 24, 32, 36, 39, 26, 33], "hlc": [921538, 3]}
INFO:<Node 0>:{"send": false, "recv": true, "to": 0, "from": 9, "vc": [38, 26, 27, 30, 24, 32, 36, 39, 26, 33], "hlc": [921538, 4]}
INFO:<Node 1>:{"send": false, "recv": true, "to": 1, "from": 3, "vc": [32, 30, 26, 34, 26, 36, 35, 35, 27, 28], "hlc": [921537, 6]}
INFO:<Node 5>:{"send": false, "recv": true, "to": 5, "from": 6, "vc": [28, 24, 28, 27, 20, 38, 38, 33, 26, 22], "hlc": [921538, 3]}
INFO:<Node 6>:{"send": false, "recv": true, "to": 6, "from": 8, "vc": [28, 24, 28, 27, 18, 32, 39, 28, 28, 19], "hlc": [921539, 0]}
INFO:<Node 7>:{"send": false, "recv": true, "to": 7, "from": 4, "vc": [35, 26, 27, 33, 28, 32, 35, 43, 26, 29], "hlc": [921538, 2]}
INFO:<Node 8>:{"send": false, "recv": true, "to": 8, "from": 0, "vc": [37, 17, 23, 30, 24, 31, 30, 30, 29, 26], "hlc": [921536, 9]}
INFO:<Node 8>:{"send": false, "recv": true, "to": 8, "from": 5, "vc": [37, 22, 26, 30, 24, 37, 30, 33, 30, 26], "hlc": [921537, 6]}
INFO:<Node 9>:{"send": false, "recv": true, "to": 9, "from": 7, "vc": [36, 26, 27, 33, 26, 32, 36, 42, 26, 34], "hlc": [921538, 4]}
INFO:<Node 0>:{"send": true, "recv": false, "from": 0, "to": 8, "vc": [39, 26, 27, 30, 24, 32, 36, 39, 26, 33], "hlc": [921538, 5]}
INFO:<Node 1>:{"send": true, "recv": false, "from": 1, "to": 6, "vc": [32, 31, 26, 34, 26, 36, 35, 35, 27, 28], "hlc": [921537, 7]}
INFO:<Node 2>:{"send": true, "recv": false, "from": 2, "to": 1, "vc": [21, 12, 29, 15, 17, 32, 22, 28, 19, 17], "hlc": [921539, 0]}
INFO:<Node 3>:{"send": true, "recv": false, "from": 3, "to": 5, "vc": [28, 24, 24, 35, 26, 31, 35, 30, 26, 19], "hlc": [921537, 5]}
INFO:<Node 5>:{"send": true, "recv": false, "from": 5, "to": 1, "vc": [28, 24, 28, 27, 20, 39, 38, 33, 26, 22], "hlc": [921538, 4]}
INFO:<Node 7>:{"send": true, "recv": false, "from": 7, "to": 9, "vc": [35, 26, 27, 33, 28, 32, 35, 44, 26, 29], "hlc": [921538, 3]}
INFO:<Node 8>:{"send": true, "recv": false, "from": 8, "to": 3, "vc": [37, 22, 26, 30, 24, 37, 30, 33, 31, 26], "hlc": [921537, 7]}
INFO:<Node 1>:{"send": false, "recv": true, "to": 1, "from": 2, "vc": [32, 32, 29, 34, 26, 36, 35, 35, 27, 28], "hlc": [921539, 1]}
INFO:<Node 1>:{"send": false, "recv": true, "to": 1, "from": 5, "vc": [32, 33, 29, 34, 26, 39, 38, 35, 27, 28], "hlc": [921539, 2]}
INFO:<Node 3>:{"send": false, "recv": true, "to": 3, "from": 8, "vc": [37, 24, 26, 36, 26, 37, 35, 33, 31, 26], "hlc": [921537, 8]}
INFO:<Node 5>:{"send": false, "recv": true, "to": 5, "from": 3, "vc": [28, 24, 28, 35, 26, 40, 38, 33, 26, 22], "hlc": [921538, 5]}
INFO:<Node 6>:{"send": false, "recv": true, "to": 6, "from": 1, "vc": [32, 31, 28, 34, 26, 36, 40, 35, 28, 28], "hlc": [921539, 1]}
INFO:<Node 8>:{"send": false, "recv": true, "to": 8, "from": 0, "vc": [39, 26, 27, 30, 24, 37, 36, 39, 32, 33], "hlc": [921538, 6]}
INFO:<Node 9>:{"send": false, "recv": true, "to": 9, "from": 7, "vc": [36, 26, 27, 33, 28, 32, 36, 44, 26, 35], "hlc": [921538, 5]}
INFO:<Node 0>:{"send": true, "recv": false, "from": 0, "to": 5, "vc": [40, 26, 27, 30, 24, 32, 36, 39, 26, 33], "hlc": [921538, 6]}
INFO:<Node 1>:{"send": true, "recv": false, "from": 1, "to": 4, "vc": [32, 34, 29, 34, 26, 39, 38, 35, 27, 28], "hlc": [921539, 3]}
INFO:<Node 4>:{"send": true, "recv": false, "from": 4, "to": 6, "vc": [35, 17, 23, 30, 29, 31, 32, 30, 25, 26], "hlc": [921539, 0]}
INFO:<Node 6>:{"send": true, "recv": false, "from": 6, "to": 5, "vc": [32, 31, 28, 34, 26, 36, 41, 35, 28, 28], "hlc": [921539, 2]}
INFO:<Node 7>:{"send": true, "recv": false, "from": 7, "to": 2, "vc": [35, 26, 27, 33, 28, 32, 35, 45, 26, 29], "hlc": [921538, 4]}
INFO:<Node 9>:{"send": true, "recv": false, "from": 9, "to": 6, "vc": [36, 26, 27, 33, 28, 32, 36, 44, 26, 36], "hlc": [921538, 6]}
INFO:<Node 2>:{"send": false, "recv": true, "to": 2, "from": 7, "vc": [35, 26, 30, 33, 28, 32, 35, 45, 26, 29], "hlc": [921540, 0]}
INFO:<Node 4>:{"send": false, "recv": true, "to": 4, "from": 1, "vc": [35, 34, 29, 34, 30, 39, 38, 35, 27, 28], "hlc": [921540, 0]}
INFO:<Node 5>:{"send": false, "recv": true, "to": 5, "from": 0, "vc": [40, 26, 28, 35, 26, 41, 38, 39, 26, 33], "hlc": [921539, 0]}
INFO:<Node 5>:{"send": false, "recv": true, "to": 5, "from": 6, "vc": [40, 31, 28, 35, 26, 42, 41, 39, 28, 33], "hlc": [921539, 3]}
INFO:<Node 6>:{"send": false, "recv": true, "to": 6, "from": 4, "vc": [35, 31, 28, 34, 29, 36, 42, 35, 28, 28], "hlc": [921540, 0]}
INFO:<Node 6>:{"send": false, "recv": true, "to": 6, "from": 9, "vc": [36, 31, 28, 34, 29, 36, 43, 44, 28, 36], "hlc": [921540, 1]}
INFO:<Node 0>:{"send": true, "recv": false, "from": 0, "to": 6, "vc": [41, 26, 27, 30, 24, 32, 36, 39, 26, 33], "hlc": [921538, 7]}
INFO:<Node 1>:{"send": true, "recv": false, "from": 1, "to": 2, "vc": [32, 35, 29, 34, 26, 39, 38, 35, 27, 28], "hlc": [921539, 4]}
INFO:<Node 2>:{"send": true, "recv": false, "from": 2, "to": 8, "vc": [35, 26, 31, 33, 28, 32, 35, 45, 26, 29], "hlc": [921540, 1]}
INFO:<Node 3>:{"send": true, "recv": false, "from": 3, "to": 9, "vc": [37, 24, 26, 37, 26, 37, 35, 33, 31, 26], "hlc": [921537, 9]}
INFO:<Node 5>:{"send": true, "recv": false, "from": 5, "to": 2, "vc": [40, 31, 28, 35, 26, 43, 41, 39, 28, 33], "hlc": [921539, 4]}
INFO:<Node 7>:{"send": true, "recv": false, "from": 7, "to": 5, "vc": [35, 26, 27, 33, 28, 32, 35, 46, 26, 29], "hlc": [921539, 0]}
INFO:<Node 8>:{"send": true, "recv": false, "from": 8, "to": 5, "vc": [39, 26, 27, 30, 24, 37, 36, 39, 33, 33], "hlc": [921538, 7]}
INFO:<Node 9>:{"send": true, "recv": false, "from": 9, "to": 1, "vc": [36, 26, 27, 33, 28, 32, 36, 44, 26, 37], "hlc": [921538, 7]}
INFO:<Node 1>:{"send": false, "recv": true, "to": 1, "from": 9, "vc": [36, 36, 29, 34, 28, 39, 38, 44, 27, 37], "hlc": [921539, 5]}
INFO:<Node 2>:{"send": false, "recv": true, "to": 2, "from": 1, "vc": [35, 35, 32, 34, 28, 39, 38, 45, 27, 29], "hlc": [921541, 0]}
INFO:<Node 2>:{"send": false, "recv": true, "to": 2, "from": 5, "vc": [40, 35, 33, 35, 28, 43, 41, 45, 28, 33], "hlc": [921541, 1]}
INFO:<Node 5>:{"send": false, "recv": true, "to": 5, "from": 7, "vc": [40, 31, 28, 35, 28, 44, 41, 46, 28, 33], "hlc": [921539, 5]}
INFO:<Node 5>:{"send": false, "recv": true, "to": 5, "from": 8, "vc": [40, 31, 28, 35, 28, 45, 41, 46, 33, 33], "hlc": [921539, 6]}
INFO:<Node 6>:{"send": false, "recv": true, "to": 6, "from": 0, "vc": [41, 31, 28, 34, 29, 36, 44, 44, 28, 36], "hlc": [921540, 2]}
INFO:<Node 8>:{"send": false, "recv": true, "to": 8, "from": 2, "vc": [39, 26, 31, 33, 28, 37, 36, 45, 34, 33], "hlc": [921540, 2]}
INFO:<Node 9>:{"send": false, "recv": true, "to": 9, "from": 3, "vc": [37, 26, 27, 37, 28, 37, 36, 44, 31, 38], "hlc": [921538, 8]}
INFO:<Node 0>:{"send": true, "recv": false, "from": 0, "to": 8, "vc": [42, 26, 27, 30, 24, 32, 36, 39, 26, 33], "hlc": [921538, 8]}
INFO:<Node 1>:{"send": true, "recv": false, "from": 1, "to": 4, "vc": [36, 37, 29, 34, 28, 39, 38, 44, 27, 37], "hlc": [921539, 6]}
INFO:<Node 2>:{"send": true, "recv": false, "from": 2, "to": 0, "vc": [40, 35, 34, 35, 28, 43, 41, 45, 28, 33], "hlc": [921541, 2]}
INFO:<Node 4>:{"send": true, "recv": false, "from": 4, "to": 7, "vc": [35, 34, 29, 34, 31, 39, 38, 35, 27, 28], "hlc": [921540, 1]}
INFO:<Node 5>:{"send": true, "recv": false, "from": 5, "to": 0, "vc": [40, 31, 28, 35, 28, 46, 41, 46, 33, 33], "hlc": [921539, 7]}
INFO:<Node 7>:{"send": true, "recv": false, "from": 7, "to": 2, "vc": [35, 26, 27, 33, 28, 32, 35, 47, 26, 29], "hlc": [921539, 1]}
INFO:<Node 8>:{"send": true, "recv": false, "from": 8, "to": 9, "vc": [39, 26, 31, 33, 28, 37, 36, 45, 35, 33], "hlc": [921540, 3]}
INFO:<Node 9>:{"send": true, "recv": false, "from": 9, "to": 5, "vc": [37, 26, 27, 37, 28, 37, 36, 44, 31, 39], "hlc": [921538, 9]}
INFO:<Node 0>:{"send": false, "recv": true, "to": 0, "from": 2, "vc": [43, 35, 34, 35, 28, 43, 41, 45, 28, 33], "hlc": [921541, 3]}
INFO:<Node 0>:{"send": false, "recv": true, "to": 0, "from": 5, "vc": [44, 35, 34, 35, 28, 46, 41, 46, 33, 33], "hlc": [921541, 4]}
INFO:<Node 2>:{"send": false, "recv": true, "to": 2, "from": 7, "vc": [40, 35, 35, 35, 28, 43, 41, 47, 28, 33], "hlc": [921541, 3]}
INFO:<Node 4>:{"send": false, "recv": true, "to": 4, "from": 1, "vc": [36, 37, 29, 34, 32, 39, 38, 44, 27, 37], "hlc": [921541, 0]}
INFO:<Node 5>:{"send": false, "recv": true, "to": 5, "from": 9, "vc": [40, 31, 28, 37, 28, 47, 41, 46, 33, 39], "hlc": [921540, 0]}
INFO:<Node 7>:{"send": false, "recv": true, "to": 7, "from": 4, "vc": [35, 34, 29, 34, 31, 39, 38, 48, 27, 29], "hlc": [921540, 2]}
INFO:<Node 8>:{"send": false, "recv": true, "to": 8, "from": 0, "vc": [42, 26, 31, 33, 28, 37, 36, 45, 36, 33], "hlc": [921540, 4]}
INFO:<Node 9>:{"send": false, "recv": true, "to": 9, "from": 8, "vc": [39, 26, 31, 37, 28, 37, 36, 45, 35, 40], "hlc": [921540, 4]}
INFO:<Node 2>:{"send": true, "recv": false, "from": 2, "to": 3, "vc": [40, 35, 36, 35, 28, 43, 41, 47, 28, 33], "hlc": [921541, 4]}
INFO:<Node 3>:{"send": true, "recv": false, "from": 3, "to": 8, "vc": [37, 24, 26, 38, 26, 37, 35, 33, 31, 26], "hlc": [921537, 10]}
INFO:<Node 4>:{"send": true, "recv": false, "from": 4, "to": 2, "vc": [36, 37, 29, 34, 33, 39, 38, 44, 27, 37], "hlc": [921541, 1]}
INFO:<Node 6>:{"send": true, "recv": false, "from": 6, "to": 3, "vc": [41, 31, 28, 34, 29, 36, 45, 44, 28, 36], "hlc": [921541, 0]}
INFO:<Node 7>:{"send": true, "recv": false, "from": 7, "to": 1, "vc": [35, 34, 29, 34, 31, 39, 38, 49, 27, 29], "hlc": [921540, 3]}
INFO:<Node 9>:{"send": true, "recv": false, "from": 9, "to": 6, "vc": [39, 26, 31, 37, 28, 37, 36, 45, 35, 41], "hlc": [921540, 5]}
INFO:<Node 1>:{"send": false, "recv": true, "to": 1, "from": 7, "vc": [36, 38, 29, 34, 31, 39, 38, 49, 27, 37], "hlc": [921540, 4]}
INFO:<Node 2>:{"send": false, "recv": true, "to": 2, "from": 4, "vc": [40, 37, 37, 35, 33, 43, 41, 47, 28, 37], "hlc": [921542, 0]}
INFO:<Node 3>:{"send": false, "recv": true, "to": 3, "from": 2, "vc": [40, 35, 36, 39, 28, 43, 41, 47, 31, 33], "hlc": [921541, 5]}
INFO:<Node 3>:{"send": false, "recv": true, "to": 3, "from": 6, "vc": [41, 35, 36, 40, 29, 43, 45, 47, 31, 36], "hlc": [921541, 6]}
INFO:<Node 6>:{"send": false, "recv": true, "to": 6, "from": 9, "vc": [41, 31, 31, 37, 29, 37, 46, 45, 35, 41], "hlc": [921541, 1]}
INFO:<Node 8>:{"send": false, "recv": true, "to": 8, "from": 3, "vc": [42, 26, 31, 38, 28, 37, 36, 45, 37, 33], "hlc": [921540, 5]}
INFO:<Node 0>:{"send": true, "recv": false, "from": 0, "to": 1, "vc": [45, 35, 34, 35, 28, 46, 41, 46, 33, 33], "hlc": [921541, 5]}
INFO:<Node 1>:{"send": true, "recv": false, "from": 1, "to": 6, "vc": [36, 39, 29, 34, 31, 39, 38, 49, 27, 37], "hlc": [921540, 5]}
INFO:<Node 3>:{"send": true, "recv": false, "from": 3, "to": 6, "vc": [41, 35, 36, 41, 29, 43, 45, 47, 31, 36], "hlc": [921541, 7]}
INFO:<Node 4>:{"send": true, "recv": false, "from": 4, "to": 2, "vc": [36, 37, 29, 34, 34, 39, 38, 44, 27, 37], "hlc": [921541, 2]}
INFO:<Node 5>:{"send": true, "recv": false, "from": 5, "to": 4, "vc": [40, 31, 28, 37, 28, 48, 41, 46, 33, 39], "hlc": [921540, 1]}
INFO:<Node 6>:{"send": true, "recv": false, "from": 6, "to": 7, "vc": [41, 31, 31, 37, 29, 37, 47, 45, 35, 41], "hlc": [921541, 2]}
INFO:<Node 9>:{"send": true, "recv": false, "from": 9, "to": 7, "vc": [39, 26, 31, 37, 28, 37, 36, 45, 35, 42], "hlc": [921540, 6]}
INFO:<Node 1>:{"send": false, "recv": true, "to": 1, "from": 0, "vc": [45, 40, 34, 35, 31, 46, 41, 49, 33, 37], "hlc": [921541, 6]}
INFO:<Node 2>:{"send": false, "recv": true, "to": 2, "from": 4, "vc": [40, 37, 38, 35, 34, 43, 41, 47, 28, 37], "hlc": [921542, 1]}
INFO:<Node 4>:{"send": false, "recv": true, "to": 4, "from": 5, "vc": [40, 37, 29, 37, 35, 48, 41, 46, 33, 39], "hlc": [921542, 0]}
INFO:<Node 6>:{"send": false, "recv": true, "to": 6, "from": 1, "vc": [41, 39, 31, 37, 31, 39, 48, 49, 35, 41], "hlc": [921542, 0]}
INFO:<Node 6>:{"send": false, "recv": true, "to": 6, "from": 3, "vc": [41, 39, 36, 41, 31, 43, 49, 49, 35, 41], "hlc": [921542, 1]}
INFO:<Node 7>:{"send": false, "recv": true, "to": 7, "from": 6, "vc": [41, 34, 31, 37, 31, 39, 47, 50, 35, 41], "hlc": [921541, 3]}
INFO:<Node 7>:{"send": false, "recv": true, "to": 7, "from": 9, "vc": [41, 34, 31, 37, 31, 39, 47, 51, 35, 42], "hlc": [921541, 4]}
INFO:<Node 0>:{"send": true, "recv": false, "from": 0, "to": 2, "vc": [46, 35, 34, 35, 28, 46, 41, 46, 33, 33], "hlc": [921541, 6]}
INFO:<Node 1>:{"send": true, "recv": false, "from": 1, "to": 7, "vc": [45, 41, 34, 35, 31, 46, 41, 49, 33, 37], "hlc": [921541, 7]}
INFO:<Node 2>:{"send": true, "recv": false, "from": 2, "to": 8, "vc": [40, 37, 39, 35, 34, 43, 41, 47, 28, 37], "hlc": [921542, 2]}
INFO:<Node 3>:{"send": true, "recv": false, "from": 3, "to": 4, "vc": [41, 35, 36, 42, 29, 43, 45, 47, 31, 36], "hlc": [921541, 8]}
INFO:<Node 4>:{"send": true, "recv": false, "from": 4, "to": 7, "vc": [40, 37, 29, 37, 36, 48, 41, 46, 33, 39], "hlc": [921542, 1]}
INFO:<Node 5>:{"send": true, "recv": false, "from": 5, "to": 8, "vc": [40, 31, 28, 37, 28, 49, 41, 46, 33, 39], "hlc": [921541, 0]}
INFO:<Node 6>:{"send": true, "recv": false, "from": 6, "to": 0, "vc": [41, 39, 36, 41, 31, 43, 50, 49, 35, 41], "hlc": [921542, 2]}
INFO:<Node 7>:{"send": true, "recv": false, "from": 7, "to": 5, "vc": [41, 34, 31, 37, 31, 39, 47, 52, 35, 42], "hlc": [921541, 5]}
INFO:<Node 8>:{"send": true, "recv": false, "from": 8, "to": 1, "vc": [42, 26, 31, 38, 28, 37, 36, 45, 38, 33], "hlc": [921540, 6]}
INFO:<Node 0>:{"send": false, "recv": true, "to": 0, "from": 6, "vc": [47, 39, 36, 41, 31, 46, 50, 49, 35, 41], "hlc": [921542, 3]}
INFO:<Node 1>:{"send": false, "recv": true, "to": 1, "from": 8, "vc": [45, 42, 34, 38, 31, 46, 41, 49, 38, 37], "hlc": [921541, 8]}
INFO:<Node 2>:{"send": false, "recv": true, "to": 2, "from": 0, "vc": [46, 37, 40, 35, 34, 46, 41, 47, 33, 37], "hlc": [921543, 0]}
INFO:<Node 4>:{"send": false, "recv": true, "to": 4, "from": 3, "vc": [41, 37, 36, 42, 37, 48, 45, 47, 33, 39], "hlc": [921543, 0]}
INFO:<Node 5>:{"send": false, "recv": true, "to": 5, "from": 7, "vc": [41, 34, 31, 37, 31, 50, 47, 52, 35, 42], "hlc": [921541, 6]}
INFO:<Node 7>:{"send": false, "recv": true, "to": 7, "from": 1, "vc": [45, 41, 34, 37, 31, 46, 47, 53, 35, 42], "hlc": [921541, 8]}
INFO:<Node 7>:{"send": false, "recv": true, "to": 7, "from": 4, "vc": [45, 41, 34, 37, 36, 48, 47, 54, 35, 42], "hlc": [921542, 2]}
INFO:<Node 8>:{"send": false, "recv": true, "to": 8, "from": 2, "vc": [42, 37, 39, 38, 34, 43, 41, 47, 39, 37], "hlc": [921542, 3]}
INFO:<Node 8>:{"send": false, "recv": true, "to": 8, "from": 5, "vc": [42, 37, 39, 38, 34, 49, 41, 47, 40, 39], "hlc": [921542, 4]}
INFO:<Node 1>:{"send": true, "recv": false, "from": 1, "to": 9, "vc": [45, 43, 34, 38, 31, 46, 41, 49, 38, 37], "hlc": [921541, 9]}
INFO:<Node 2>:{"send": true, "recv": false, "from": 2, "to": 0, "vc": [46, 37, 41, 35, 34, 46, 41, 47, 33, 37], "hlc": [921543, 1]}
INFO:<Node 3>:{"send": true, "recv": false, "from": 3, "to": 8, "vc": [41, 35, 36, 43, 29, 43, 45, 47, 31, 36], "hlc": [921541, 9]}
INFO:<Node 4>:{"send": true, "recv": false, "from": 4, "to": 2, "vc": [41, 37, 36, 42, 38, 48, 45, 47, 33, 39], "hlc": [921543, 1]}
INFO:<Node 8>:{"send": true, "recv": false, "from": 8, "to": 7, "vc": [42, 37, 39, 38, 34, 49, 41, 47, 41, 39], "hlc": [921542, 5]}
INFO:<Node 0>:{"send": false, "recv": true, "to": 0, "from": 2, "vc": [48, 39, 41, 41, 34, 46, 50, 49, 35, 41], "hlc": [921543, 2]}
INFO:<Node 2>:{"send": false, "recv": true, "to": 2, "from": 4, "vc": [46, 37, 42, 42, 38, 48, 45, 47, 33, 39], "hlc": [921543, 2]}
INFO:<Node 7>:{"send": false, "recv": true, "to": 7, "from": 8, "vc": [45, 41, 39, 38, 36, 49, 47, 55, 41, 42], "hlc": [921542, 6]}
INFO:<Node 8>:{"send": false, "recv": true, "to": 8, "from": 3, "vc": [42, 37, 39, 43, 34, 49, 45, 47, 42, 39], "hlc": [921542, 6]}
INFO:<Node 9>:{"send": false, "recv": true, "to": 9, "from": 1, "vc": [45, 43, 34, 38, 31, 46, 41, 49, 38, 43], "hlc": [921541, 10]}
INFO:<Node 1>:{"send": true, "recv": false, "from": 1, "to": 0, "vc": [45, 44, 34, 38, 31, 46, 41, 49, 38, 37], "hlc": [921541, 10]}
INFO:<Node 3>:{"send": true, "recv": false, "from": 3, "to": 0, "vc": [41, 35, 36, 44, 29, 43, 45, 47, 31, 36], "hlc": [921541, 10]}
INFO:<Node 4>:{"send": true, "recv": false, "from": 4, "to": 6, "vc": [41, 37, 36, 42, 39, 48, 45, 47, 33, 39], "hlc": [921543, 2]}
INFO:<Node 6>:{"send": true, "recv": false, "from": 6, "to": 5, "vc": [41, 39, 36, 41, 31, 43, 51, 49, 35, 41], "hlc": [921543, 0]}
INFO:<Node 9>:{"send": true, "recv": false, "from": 9, "to": 6, "vc": [45, 43, 34, 38, 31, 46, 41, 49, 38, 44], "hlc": [921541, 11]}
INFO:<Node 0>:{"send": false, "recv": true, "to": 0, "from": 1, "vc": [49, 44, 41, 41, 34, 46, 50, 49, 38, 41], "hlc": [921543, 3]}
INFO:<Node 0>:{"send": false, "recv": true, "to": 0, "from": 3, "vc": [50, 44, 41, 44, 34, 46, 50, 49, 38, 41], "hlc": [921543, 4]}
INFO:<Node 5>:{"send": false, "recv": true, "to": 5, "from": 6, "vc": [41, 39, 36, 41, 31, 51, 51, 52, 35, 42], "hlc": [921543, 1]}
INFO:<Node 6>:{"send": false, "recv": true, "to": 6, "from": 4, "vc": [41, 39, 36, 42, 39, 48, 52, 49, 35, 41], "hlc": [921543, 3]}
INFO:<Node 6>:{"send": false, "recv": true, "to": 6, "from": 9, "vc": [45, 43, 36, 42, 39, 48, 53, 49, 38, 44], "hlc": [921543, 4]}
INFO:<Node 0>:{"send": true, "recv": false, "from": 0, "to": 4, "vc": [51, 44, 41, 44, 34, 46, 50, 49, 38, 41], "hlc": [921543, 5]}
INFO:<Node 1>:{"send": true, "recv": false, "from": 1, "to": 7, "vc": [45, 45, 34, 38, 31, 46, 41, 49, 38, 37], "hlc": [921542, 0]}
INFO:<Node 2>:{"send": true, "recv": false, "from": 2, "to": 4, "vc": [46, 37, 43, 42, 38, 48, 45, 47, 33, 39], "hlc": [921544, 0]}
INFO:<Node 3>:{"send": true, "recv": false, "from": 3, "to": 5, "vc": [41, 35, 36, 45, 29, 43, 45, 47, 31, 36], "hlc": [921541, 11]}
INFO:<Node 7>:{"send": true, "recv": false, "from": 7, "to": 2, "vc": [45, 41, 39, 38, 36, 49, 47, 56, 41, 42], "hlc": [921542, 7]}
INFO:<Node 8>:{"send": true, "recv": false, "from": 8, "to": 1, "vc": [42, 37, 39, 43, 34, 49, 45, 47, 43, 39], "hlc": [921542, 7]}
INFO:<Node 9>:{"send": true, "recv": false, "from": 9, "to": 5, "vc": [45, 43, 34, 38, 31, 46, 41, 49, 38, 45], "hlc": [921541, 12]}
INFO:<Node 1>:{"send": false, "recv": true, "to": 1, "from": 8, "vc": [45, 46, 39, 43, 34, 49, 45, 49, 43, 39], "hlc": [921542, 8]}
INFO:<Node 2>:{"send": false, "recv": true, "to": 2, "from": 7, "vc": [46, 41, 44, 42, 38, 49, 47, 56, 41, 42], "hlc": [921544, 1]}
INFO:<Node 4>:{"send": false, "recv": true, "to": 4, "from": 0, "vc": [51, 44, 41, 44, 40, 48, 50, 49, 38, 41], "hlc": [921544, 0]}
INFO:<Node 4>:{"send": false, "recv": true, "to": 4, "from": 2, "vc": [51, 44, 43, 44, 41, 48, 50, 49, 38, 41], "hlc": [921544, 1]}
INFO:<Node 5>:{"send": false, "recv": true, "to": 5, "from": 3, "vc": [41, 39, 36, 45, 31, 52, 51, 52, 35, 42], "hlc": [921543, 2]}
INFO:<Node 5>:{"send": false, "recv": true, "to": 5, "from": 9, "vc": [45, 43, 36, 45, 31, 53, 51, 52, 38, 45], "hlc": [921543, 3]}
INFO:<Node 7>:{"send": false, "recv": true, "to": 7, "from": 1, "vc": [45, 45, 39, 38, 36, 49, 47, 57, 41, 42], "hlc": [921543, 0]}
INFO:<Node 0>:{"send": true, "recv": false, "from": 0, "to": 8, "vc": [52, 44, 41, 44, 34, 46, 50, 49, 38, 41], "hlc": [921543, 6]}
INFO:<Node 1>:{"send": true, "recv": false, "from": 1, "to": 2, "vc": [45, 47, 39, 43, 34, 49, 45, 49, 43, 39], "hlc": [921542, 9]}
INFO:<Node 2>:{"send": true, "recv": false, "from": 2, "to": 5, "vc": [46, 41, 45, 42, 38, 49, 47, 56, 41, 42], "hlc": [921544, 2]}
INFO:<Node 5>:{"send": true, "recv": false, "from": 5, "to": 2, "vc": [45, 43, 36, 45, 31, 54, 51, 52, 38, 45], "hlc": [921543, 4]}
INFO:<Node 6>:{"send": true, "recv": false, "from": 6, "to": 3, "vc": [45, 43, 36, 42, 39, 48, 54, 49, 38, 44], "hlc": [921544, 0]}
INFO:<Node 7>:{"send": true, "recv": false, "from": 7, "to": 8, "vc": [45, 45, 39, 38, 36, 49, 47, 58, 41, 42], "hlc": [921543, 1]}
INFO:<Node 8>:{"send": true, "recv": false, "from": 8, "to": 5, "vc": [42, 37, 39, 43, 34, 49, 45, 47, 44, 39], "hlc": [921542, 8]}
INFO:<Node 9>:{"send": true, "recv": false, "from": 9, "to": 4, "vc": [45, 43, 34, 38, 31, 46, 41, 49, 38, 46], "hlc": [921541, 13]}
INFO:<Node 2>:{"send": false, "recv": true, "to": 2, "from": 1, "vc": [46, 47, 46, 43, 38, 49, 47, 56, 43, 42], "hlc": [921545, 0]}
INFO:<Node 2>:{"send": false, "recv": true, "to": 2, "from": 5, "vc": [46, 47, 47, 45, 38, 54, 51, 56, 43, 45], "hlc": [921545, 1]}
INFO:<Node 3>:{"send": false, "recv": true, "to": 3, "from": 6, "vc": [45, 43, 36, 46, 39, 48, 54, 49, 38, 44], "hlc": [921544, 1]}
INFO:<Node 4>:{"send": false, "recv": true, "to": 4, "from": 9, "vc": [51, 44, 43, 44, 42, 48, 50, 49, 38, 46], "hlc": [921545, 0]}
INFO:<Node 5>:{"send": false, "recv": true, "to": 5, "from": 2, "vc": [46, 43, 45, 45, 38, 55, 51, 56, 41, 45], "hlc": [921544, 3]}
INFO:<Node 5>:{"send": false, "recv": true, "to": 5, "from": 8, "vc": [46, 43, 45, 45, 38, 56, 51, 56, 44, 45], "hlc": [921544, 4]}
INFO:<Node 8>:{"send": false, "recv": true, "to": 8, "from": 0, "vc": [52, 44, 41, 44, 34, 49, 50, 49, 45, 41], "hlc": [921543, 7]}
INFO:<Node 8>:{"send": false, "recv": true, "to": 8, "from": 7, "vc": [52, 45, 41, 44, 36, 49, 50, 58, 46, 42], "hlc": [921543, 8]}
INFO:<Node 0>:{"send": true, "recv": false, "from": 0, "to": 5, "vc": [53, 44, 41, 44, 34, 46, 50, 49, 38, 41], "hlc": [921543, 7]}
INFO:<Node 5>:{"send": true, "recv": false, "from": 5, "to": 7, "vc": [46, 43, 45, 45, 38, 57, 51, 56, 44, 45], "hlc": [921544, 5]}
INFO:<Node 7>:{"send": true, "recv": false, "from": 7, "to": 1, "vc": [45, 45, 39, 38, 36, 49, 47, 59, 41, 42], "hlc": [921543, 2]}
INFO:<Node 1>:{"send": false, "recv": true, "to": 1, "from": 7, "vc": [45, 48, 39, 43, 36, 49, 47, 59, 43, 42], "hlc": [921543, 3]}
INFO:<Node 5>:{"send": false, "recv": true, "to": 5, "from": 0, "vc": [53, 44, 45, 45, 38, 58, 51, 56, 44, 45], "hlc": [921544, 6]}
INFO:<Node 7>:{"send": false, "recv": true, "to": 7, "from": 5, "vc": [46, 45, 45, 45, 38, 57, 51, 60, 44, 45], "hlc": [921544, 6]}
INFO:<Node 0>:{"send": true, "recv": false, "from": 0, "to": 1, "vc": [54, 44, 41, 44, 34, 46, 50, 49, 38, 41], "hlc": [921543, 8]}
INFO:<Node 1>:{"send": true, "recv": false, "from": 1, "to": 4, "vc": [45, 49, 39, 43, 36, 49, 47, 59, 43, 42], "hlc": [921543, 4]}
INFO:<Node 2>:{"send": true, "recv": false, "from": 2, "to": 6, "vc": [46, 47, 48, 45, 38, 54, 51, 56, 43, 45], "hlc": [921545, 2]}
INFO:<Node 3>:{"send": true, "recv": false, "from": 3, "to": 2, "vc": [45, 43, 36, 47, 39, 48, 54, 49, 38, 44], "hlc": [921544, 2]}
INFO:<Node 5>:{"send": true, "recv": false, "from": 5, "to": 2, "vc": [53, 44, 45, 45, 38, 59, 51, 56, 44, 45], "hlc": [921544, 7]}
INFO:<Node 1>:{"send": false, "recv": true, "to": 1, "from": 0, "vc": [54, 50, 41, 44, 36, 49, 50, 59, 43, 42], "hlc": [921544, 0]}
INFO:<Node 2>:{"send": false, "recv": true, "to": 2, "from": 3, "vc": [46, 47, 49, 47, 39, 54, 54, 56, 43, 45], "hlc": [921546, 0]}
INFO:<Node 2>:{"send": false, "recv": true, "to": 2, "from": 5, "vc": [53, 47, 50, 47, 39, 59, 54, 56, 44, 45], "hlc": [921546, 1]}
INFO:<Node 4>:{"send": false, "recv": true, "to": 4, "from": 1, "vc": [51, 49, 43, 44, 43, 49, 50, 59, 43, 46], "hlc": [921546, 0]}
INFO:<Node 6>:{"send": false, "recv": true, "to": 6, "from": 2, "vc": [46, 47, 48, 45, 39, 54, 55, 56, 43, 45], "hlc": [921546, 0]}
INFO:<Node 0>:{"send": true, "recv": false, "from": 0, "to": 9, "vc": [55, 44, 41, 44, 34, 46, 50, 49, 38, 41], "hlc": [921543, 9]}
INFO:<Node 2>:{"send": true, "recv": false, "from": 2, "to": 0, "vc": [53, 47, 51, 47, 39, 59, 54, 56, 44, 45], "hlc": [921546, 2]}
INFO:<Node 3>:{"send": true, "recv": false, "from": 3, "to": 0, "vc": [45, 43, 36, 48, 39, 48, 54, 49, 38, 44], "hlc": [921544, 3]}
INFO:<Node 4>:{"send": true, "recv": false, "from": 4, "to": 9, "vc": [51, 49, 43, 44, 44, 49, 50, 59, 43, 46], "hlc": [921546, 1]}
INFO:<Node 5>:{"send": true, "recv": false, "from": 5, "to": 6, "vc": [53, 44, 45, 45, 38, 60, 51, 56, 44, 45], "hlc": [921544, 8]}
INFO:<Node 6>:{"send": true, "recv": false, "from": 6, "to": 1, "vc": [46, 47, 48, 45, 39, 54, 56, 56, 43, 45], "hlc": [921546, 1]}
INFO:<Node 8>:{"send": true, "recv": false, "from": 8, "to": 7, "vc": [52, 45, 41, 44, 36, 49, 50, 58, 47, 42], "hlc": [921543, 9]}
INFO:<Node 0>:{"send": false, "recv": true, "to": 0, "from": 2, "vc": [56, 47, 51, 47, 39, 59, 54, 56, 44, 45], "hlc": [921546, 3]}
INFO:<Node 0>:{"send": false, "recv": true, "to": 0, "from": 3, "vc": [57, 47, 51, 48, 39, 59, 54, 56, 44, 45], "hlc": [921546, 4]}
INFO:<Node 1>:{"send": false, "recv": true, "to": 1, "from": 6, "vc": [54, 51, 48, 45, 39, 54, 56, 59, 43, 45], "hlc": [921546, 2]}
INFO:<Node 6>:{"send": false, "recv": true, "to": 6, "from": 5, "vc": [53, 47, 48, 45, 39, 60, 57, 56, 44, 45], "hlc": [921546, 2]}
INFO:<Node 7>:{"send": false, "recv": true, "to": 7, "from": 8, "vc": [52, 45, 45, 45, 38, 57, 51, 61, 47, 45], "hlc": [921545, 0]}
INFO:<Node 9>:{"send": false, "recv": true, "to": 9, "from": 0, "vc": [55, 44, 41, 44, 34, 46, 50, 49, 38, 47], "hlc": [921543, 10]}
INFO:<Node 9>:{"send": false, "recv": true, "to": 9, "from": 4, "vc": [55, 49, 43, 44, 44, 49, 50, 59, 43, 48], "hlc": [921546, 2]}
INFO:<Node 3>:{"send": true, "recv": false, "from": 3, "to": 8, "vc": [45, 43, 36, 49, 39, 48, 54, 49, 38, 44], "hlc": [921544, 4]}
INFO:<Node 4>:{"send": true, "recv": false, "from": 4, "to": 9, "vc": [51, 49, 43, 44, 45, 49, 50, 59, 43, 46], "hlc": [921546, 2]}
INFO:<Node 8>:{"send": false, "recv": true, "to": 8, "from": 3, "vc": [52, 45, 41, 49, 39, 49, 54, 58, 48, 44], "hlc": [921544, 5]}
INFO:<Node 9>:{"send": false, "recv": true, "to": 9, "from": 4, "vc": [55, 49, 43, 44, 45, 49, 50, 59, 43, 49], "hlc": [921546, 3]}
INFO:<Node 0>:{"send": true, "recv": false, "from": 0, "to": 8, "vc": [58, 47, 51, 48, 39, 59, 54, 56, 44, 45], "hlc": [921546, 5]}
INFO:<Node 2>:{"send": true, "recv": false, "from": 2, "to": 1, "vc": [53, 47, 52, 47, 39, 59, 54, 56, 44, 45], "hlc": [921547, 0]}
INFO:<Node 6>:{"send": true, "recv": false, "from": 6, "to": 5, "vc": [53, 47, 48, 45, 39, 60, 58, 56, 44, 45], "hlc": [921547, 0]}
INFO:<Node 8>:{"send": true, "recv": false, "from": 8, "to": 5, "vc": [52, 45, 41, 49, 39, 49, 54, 58, 49, 44], "hlc": [921544, 6]}
INFO:<Node 1>:{"send": false, "recv": true, "to": 1, "from": 2, "vc": [54, 52, 52, 47, 39, 59, 56, 59, 44, 45], "hlc": [921547, 1]}
INFO:<Node 5>:{"send": false, "recv": true, "to": 5, "from": 6, "vc": [53, 47, 48, 45, 39, 61, 58, 56, 44, 45], "hlc": [921547, 1]}
INFO:<Node 5>:{"send": false, "recv": true, "to": 5, "from": 8, "vc": [53, 47, 48, 49, 39, 62, 58, 58, 49, 45], "hlc": [921547, 2]}
INFO:<Node 8>:{"send": false, "recv": true, "to": 8, "from": 0, "vc": [58, 47, 51, 49, 39, 59, 54, 58, 50, 45], "hlc": [921546, 6]}
INFO:<Node 3>:{"send": true, "recv": false, "from": 3, "to": 6, "vc": [45, 43, 36, 50, 39, 48, 54, 49, 38, 44], "hlc": [921544, 5]}
INFO:<Node 4>:{"send": true, "recv": false, "from": 4, "to": 3, "vc": [51, 49, 43, 44, 46, 49, 50, 59, 43, 46], "hlc": [921547, 0]}
INFO:<Node 5>:{"send": true, "recv": false, "from": 5, "to": 1, "vc": [53, 47, 48, 49, 39, 63, 58, 58, 49, 45], "hlc": [921547, 3]}
INFO:<Node 7>:{"send": true, "recv": false, "from": 7, "to": 2, "vc": [52, 45, 45, 45, 38, 57, 51, 62, 47, 45], "hlc": [921546, 0]}
INFO:<Node 9>:{"send": true, "recv": false, "from": 9, "to": 1, "vc": [55, 49, 43, 44, 45, 49, 50, 59, 43, 50], "hlc": [921546, 4]}
INFO:<Node 1>:{"send": false, "recv": true, "to": 1, "from": 5, "vc": [54, 53, 52, 49, 39, 63, 58, 59, 49, 45], "hlc": [921547, 4]}
INFO:<Node 1>:{"send": false, "recv": true, "to": 1, "from": 9, "vc": [55, 54, 52, 49, 45, 63, 58, 59, 49, 50], "hlc": [921547, 5]}
INFO:<Node 2>:{"send": false, "recv": true, "to": 2, "from": 7, "vc": [53, 47, 53, 47, 39, 59, 54, 62, 47, 45], "hlc": [921548, 0]}
INFO:<Node 3>:{"send": false, "recv": true, "to": 3, "from": 4, "vc": [51, 49, 43, 51, 46, 49, 54, 59, 43, 46], "hlc": [921547, 1]}
INFO:<Node 6>:{"send": false, "recv": true, "to": 6, "from": 3, "vc": [53, 47, 48, 50, 39, 60, 59, 56, 44, 45], "hlc": [921548, 0]}
INFO:<Node 0>:{"send": true, "recv": false, "from": 0, "to": 5, "vc": [59, 47, 51, 48, 39, 59, 54, 56, 44, 45], "hlc": [921546, 6]}
INFO:<Node 1>:{"send": true, "recv": false, "from": 1, "to": 2, "vc": [55, 55, 52, 49, 45, 63, 58, 59, 49, 50], "hlc": [921547, 6]}
INFO:<Node 3>:{"send": true, "recv": false, "from": 3, "to": 5, "vc": [51, 49, 43, 52, 46, 49, 54, 59, 43, 46], "hlc": [921547, 2]}
INFO:<Node 4>:{"send": true, "recv": false, "from": 4, "to": 0, "vc": [51, 49, 43, 44, 47, 49, 50, 59, 43, 46], "hlc": [921548, 0]}
INFO:<Node 5>:{"send": true, "recv": false, "from": 5, "to": 0, "vc": [53, 47, 48, 49, 39, 64, 58, 58, 49, 45], "hlc": [921547, 4]}
INFO:<Node 8>:{"send": true, "recv": false, "from": 8, "to": 4, "vc": [58, 47, 51, 49, 39, 59, 54, 58, 51, 45], "hlc": [921546, 7]}
INFO:<Node 9>:{"send": true, "recv": false, "from": 9, "to": 6, "vc": [55, 49, 43, 44, 45, 49, 50, 59, 43, 51], "hlc": [921546, 5]}
INFO:<Node 0>:{"send": false, "recv": true, "to": 0, "from": 4, "vc": [60, 49, 51, 48, 47, 59, 54, 59, 44, 46], "hlc": [921548, 1]}
INFO:<Node 0>:{"send": false, "recv": true, "to": 0, "from": 5, "vc": [61, 49, 51, 49, 47, 64, 58, 59, 49, 46], "hlc": [921548, 2]}
INFO:<Node 2>:{"send": false, "recv": true, "to": 2, "from": 1, "vc": [55, 55, 54, 49, 45, 63, 58, 62, 49, 50], "hlc": [921548, 1]}
INFO:<Node 4>:{"send": false, "recv": true, "to": 4, "from": 8, "vc": [58, 49, 51, 49, 48, 59, 54, 59, 51, 46], "hlc": [921548, 1]}
INFO:<Node 5>:{"send": false, "recv": true, "to": 5, "from": 0, "vc": [59, 47, 51, 49, 39, 65, 58, 58, 49, 45], "hlc": [921547, 5]}
INFO:<Node 5>:{"send": false, "recv": true, "to": 5, "from": 3, "vc": [59, 49, 51, 52, 46, 66, 58, 59, 49, 46], "hlc": [921547, 6]}
INFO:<Node 6>:{"send": false, "recv": true, "to": 6, "from": 9, "vc": [55, 49, 48, 50, 45, 60, 60, 59, 44, 51], "hlc": [921548, 1]}
INFO:<Node 1>:{"send": true, "recv": false, "from": 1, "to": 4, "vc": [55, 56, 52, 49, 45, 63, 58, 59, 49, 50], "hlc": [921547, 7]}
INFO:<Node 3>:{"send": true, "recv": false, "from": 3, "to": 7, "vc": [51, 49, 43, 53, 46, 49, 54, 59, 43, 46], "hlc": [921547, 3]}
INFO:<Node 6>:{"send": true, "recv": false, "from": 6, "to": 0, "vc": [55, 49, 48, 50, 45, 60, 61, 59, 44, 51], "hlc": [921548, 2]}
INFO:<Node 0>:{"send": false, "recv": true, "to": 0, "from": 6, "vc": [62, 49, 51, 50, 47, 64, 61, 59, 49, 51], "hlc": [921548, 3]}
INFO:<Node 4>:{"send": false, "recv": true, "to": 4, "from": 1, "vc": [58, 56, 52, 49, 49, 63, 58, 59, 51, 50], "hlc": [921549, 0]}
INFO:<Node 7>:{"send": false, "recv": true, "to": 7, "from": 3, "vc": [52, 49, 45, 53, 46, 57, 54, 63, 47, 46], "hlc": [921547, 4]}
INFO:<Node 0>:{"send": true, "recv": false, "from": 0, "to": 7, "vc": [63, 49, 51, 50, 47, 64, 61, 59, 49, 51], "hlc": [921548, 4]}
INFO:<Node 2>:{"send": true, "recv": false, "from": 2, "to": 1, "vc": [55, 55, 55, 49, 45, 63, 58, 62, 49, 50], "hlc": [921549, 0]}
INFO:<Node 4>:{"send": true, "recv": false, "from": 4, "to": 3, "vc": [58, 56, 52, 49, 50, 63, 58, 59, 51, 50], "hlc": [921549, 1]}
INFO:<Node 5>:{"send": true, "recv": false, "from": 5, "to": 7, "vc": [59, 49, 51, 52, 46, 67, 58, 59, 49, 46], "hlc": [921547, 7]}
INFO:<Node 7>:{"send": true, "recv": false, "from": 7, "to": 1, "vc": [52, 49, 45, 53, 46, 57, 54, 64, 47, 46], "hlc": [921547, 5]}
INFO:<Node 1>:{"send": false, "recv": true, "to": 1, "from": 2, "vc": [55, 57, 55, 49, 45, 63, 58, 62, 49, 50], "hlc": [921549, 1]}
INFO:<Node 1>:{"send": false, "recv": true, "to": 1, "from": 7, "vc": [55, 58, 55, 53, 46, 63, 58, 64, 49, 50], "hlc": [921549, 2]}
INFO:<Node 3>:{"send": false, "recv": true, "to": 3, "from": 4, "vc": [58, 56, 52, 54, 50, 63, 58, 59, 51, 50], "hlc": [921549, 2]}
INFO:<Node 7>:{"send": false, "recv": true, "to": 7, "from": 0, "vc": [63, 49, 51, 53, 47, 64, 61, 65, 49, 51], "hlc": [921548, 5]}
INFO:<Node 7>:{"send": false, "recv": true, "to": 7, "from": 5, "vc": [63, 49, 51, 53, 47, 67, 61, 66, 49, 51], "hlc": [921548, 6]}
INFO:<Node 0>:{"send": true, "recv": false, "from": 0, "to": 4, "vc": [64, 49, 51, 50, 47, 64, 61, 59, 49, 51], "hlc": [921548, 5]}
INFO:<Node 1>:{"send": true, "recv": false, "from": 1, "to": 4, "vc": [55, 59, 55, 53, 46, 63, 58, 64, 49, 50], "hlc": [921549, 3]}
INFO:<Node 3>:{"send": true, "recv": false, "from": 3, "to": 7, "vc": [58, 56, 52, 55, 50, 63, 58, 59, 51, 50], "hlc": [921549, 3]}
INFO:<Node 4>:{"send": true, "recv": false, "from": 4, "to": 6, "vc": [58, 56, 52, 49, 51, 63, 58, 59, 51, 50], "hlc": [921549, 2]}
INFO:<Node 5>:{"send": true, "recv": false, "from": 5, "to": 8, "vc": [59, 49, 51, 52, 46, 68, 58, 59, 49, 46], "hlc": [921548, 0]}
INFO:<Node 7>:{"send": true, "recv": false, "from": 7, "to": 2, "vc": [63, 49, 51, 53, 47, 67, 61, 67, 49, 51], "hlc": [921548, 7]}
INFO:<Node 8>:{"send": true, "recv": false, "from": 8, "to": 6, "vc": [58, 47, 51, 49, 39, 59, 54, 58, 52, 45], "hlc": [921546, 8]}
INFO:<Node 2>:{"send": false, "recv": true, "to": 2, "from": 7, "vc": [63, 55, 56, 53, 47, 67, 61, 67, 49, 51], "hlc": [921550, 0]}
INFO:<Node 4>:{"send": false, "recv": true, "to": 4, "from": 0, "vc": [64, 56, 52, 50, 52, 64, 61, 59, 51, 51], "hlc": [921550, 0]}
INFO:<Node 4>:{"send": false, "recv": true, "to": 4, "from": 1, "vc": [64, 59, 55, 53, 53, 64, 61, 64, 51, 51], "hlc": [921550, 1]}
INFO:<Node 6>:{"send": false, "recv": true, "to": 6, "from": 4, "vc": [58, 56, 52, 50, 51, 63, 62, 59, 51, 51], "hlc": [921550, 0]}
INFO:<Node 6>:{"send": false, "recv": true, "to": 6, "from": 8, "vc": [58, 56, 52, 50, 51, 63, 63, 59, 52, 51], "hlc": [921550, 1]}
INFO:<Node 7>:{"send": false, "recv": true, "to": 7, "from": 3, "vc": [63, 56, 52, 55, 50, 67, 61, 68, 51, 51], "hlc": [921549, 4]}
INFO:<Node 8>:{"send": false, "recv": true, "to": 8, "from": 5, "vc": [59, 49, 51, 52, 46, 68, 58, 59, 53, 46], "hlc": [921548, 1]}
INFO:<Node 2>:{"send": true, "recv": false, "from": 2, "to": 9, "vc": [63, 55, 57, 53, 47, 67, 61, 67, 49, 51], "hlc": [921550, 1]}
INFO:<Node 3>:{"send": true, "recv": false, "from": 3, "to": 7, "vc": [58, 56, 52, 56, 50, 63, 58, 59, 51, 50], "hlc": [921549, 4]}
INFO:<Node 4>:{"send": true, "recv": false, "from": 4, "to": 8, "vc": [64, 59, 55, 53, 54, 64, 61, 64, 51, 51], "hlc": [921550, 2]}
INFO:<Node 7>:{"send": true, "recv": false, "from": 7, "to": 6, "vc": [63, 56, 52, 55, 50, 67, 61, 69, 51, 51], "hlc": [921549, 5]}
INFO:<Node 8>:{"send": true, "recv": false, "from": 8, "to": 5, "vc": [59, 49, 51, 52, 46, 68, 58, 59, 54, 46], "hlc": [921548, 2]}
INFO:<Node 5>:{"send": false, "recv": true, "to": 5, "from": 8, "vc": [59, 49, 51, 52, 46, 69, 58, 59, 54, 46], "hlc": [921549, 0]}
INFO:<Node 6>:{"send": false, "recv": true, "to": 6, "from": 7, "vc": [63, 56, 52, 55, 51, 67, 64, 69, 52, 51], "hlc": [921550, 2]}
INFO:<Node 7>:{"send": false, "recv": true, "to": 7, "from": 3, "vc": [63, 56, 52, 56, 50, 67, 61, 70, 51, 51], "hlc": [921549, 6]}
INFO:<Node 8>:{"send": false, "recv": true, "to": 8, "from": 4, "vc": [64, 59, 55, 53, 54, 68, 61, 64, 55, 51], "hlc": [921550, 3]}
INFO:<Node 9>:{"send": false, "recv": true, "to": 9, "from": 2, "vc": [63, 55, 57, 53, 47, 67, 61, 67, 49, 52], "hlc": [921550, 2]}
