INFO:root:Random workload: num sockets: 10, num iterations: 50, base address: 46200, chance of send: 3 in 5, round delay (s): 0.5, max clock drift (s): 8.5, actual clock drifts: [-7.536874221170184, -2.163102902069852, -0.49158393818458634, -2.4032800307980526, -6.177854574311581, -0.2822988132730373, 3.0873247499191105, 2.6639909519822567, -4.7618092520009085, 3.4190457986216174]
INFO:<Node 0>:{"send": true, "recv": false, "from": 0, "to": 3, "vc": [1, 0, 0, 0, 0, 0, 0, 0, 0, 0], "hlc": [921715, 1]}
INFO:<Node 1>:{"send": true, "recv": false, "from": 1, "to": 8, "vc": [0, 1, 0, 0, 0, 0, 0, 0, 0, 0], "hlc": [921715, 1]}
INFO:<Node 2>:{"send": true, "recv": false, "from": 2, "to": 8, "vc": [0, 0, 1, 0, 0, 0, 0, 0, 0, 0], "hlc": [921715, 1]}
INFO:<Node 3>:{"send": true, "recv": false, "from": 3, "to": 6, "vc": [0, 0, 0, 1, 0, 0, 0, 0, 0, 0], "hlc": [921715, 1]}
INFO:<Node 6>:{"send": true, "recv": false, "from": 6, "to": 9, "vc": [0, 0, 0, 0, 0, 0, 1, 0, 0, 0], "hlc": [921718, 0]}
INFO:<Node 7>:{"send": true, "recv": false, "from": 7, "to": 2, "vc": [0, 0, 0, 0, 0, 0, 0, 1, 0, 0], "hlc": [921718, 0]}
INFO:<Node 8>:{"send": true, "recv": false, "from": 8, "to": 5, "vc": [0, 0, 0, 0, 0, 0, 0, 0, 1, 0], "hlc": [921715, 1]}
INFO:<Node 9>:{"send": true, "recv": false, "from": 9, "to": 5, "vc": [0, 0, 0, 0, 0, 0, 0, 0, 0, 1], "hlc": [921718, 0]}
INFO:<Node 2>:{"send": false, "recv": true, "to": 2, "from": 7, "vc": [0, 0, 2, 0, 0, 0, 0, 1, 0, 0], "hlc": [921718, 1]}
INFO:<Node 3>:{"send": false, "recv": true, "to": 3, "from": 0, "vc": [1, 0, 0, 2, 0, 0, 0, 0, 0, 0], "hlc": [921715, 2]}
INFO:<Node 5>:{"send": false, "recv": true, "to": 5, "from": 8, "vc": [0, 0, 0, 0, 0, 1, 0, 0, 1, 0], "hlc": [921715, 2]}
INFO:<Node 5>:{"send": false, "recv": true, "to": 5, "from": 9, "vc": [0, 0, 0, 0, 0, 2, 0, 0, 1, 1], "hlc": [921718, 1]}
INFO:<Node 6>:{"send": false, "recv": true, "to": 6, "from": 3, "vc": [0, 0, 0, 1, 0, 0, 2, 0, 0, 0], "hlc": [921718, 1]}
INFO:<Node 8>:{"send": false, "recv": true, "to": 8, "from": 1, "vc": [0, 1, 0, 0, 0, 0, 0, 0, 2, 0], "hlc": [921715, 2]}
INFO:<Node 8>:{"send": false, "recv": true, "to": 8, "from": 2, "vc": [0, 1, 1, 0, 0, 0, 0, 0, 3, 0], "hlc": [921715, 3]}
INFO:<Node 9>:{"send": false, "recv": true, "to": 9, "from": 6, "vc": [0, 0, 0, 0, 0, 0, 1, 0, 0, 2], "hlc": [921719, 0]}
INFO:<Node 0>:{"send": true, "recv": false, "from": 0, "to": 3, "vc": [2, 0, 0, 0, 0, 0, 0, 0, 0, 0], "hlc": [921715, 2]}
INFO:<Node 2>:{"send": true, "recv": false, "from": 2, "to": 8, "vc": [0, 0, 3, 0, 0, 0, 0, 1, 0, 0], "hlc": [921718, 2]}
INFO:<Node 3>:{"send": true, "recv": false, "from": 3, "to": 8, "vc": [1, 0, 0, 3, 0, 0, 0, 0, 0, 0], "hlc": [921715, 3]}
INFO:<Node 4>:{"send": true, "recv": false, "from": 4, "to": 5, "vc": [0, 0, 0, 0, 1, 0, 0, 0, 0, 0], "hlc": [921715, 1]}
INFO:<Node 7>:{"send": true, "recv": false, "from": 7, "to": 0, "vc": [0, 0, 0, 0, 0, 0, 0, 2, 0, 0], "hlc": [921718, 1]}
INFO:<Node 8>:{"send": true, "recv": false, "from": 8, "to": 5, "vc": [0, 1, 1, 0, 0, 0, 0, 0, 4, 0], "hlc": [921715, 4]}
INFO:<Node 9>:{"send": true, "recv": false, "from": 9, "to": 7, "vc": [0, 0, 0, 0, 0, 0, 1, 0, 0, 3], "hlc": [921719, 1]}
INFO:<Node 0>:{"send": false, "recv": true, "to": 0, "from": 7, "vc": [3, 0, 0, 0, 0, 0, 0, 2, 0, 0], "hlc": [921718, 2]}
INFO:<Node 3>:{"send": false, "recv": true, "to": 3, "from": 0, "vc": [2, 0, 0, 4, 0, 0, 0, 0, 0, 0], "hlc": [921715, 4]}
INFO:<Node 5>:{"send": false, "recv": true, "to": 5, "from": 4, "vc": [0, 0, 0, 0, 1, 3, 0, 0, 1, 1], "hlc": [921718, 2]}
INFO:<Node 5>:{"send": false, "recv": true, "to": 5, "from": 8, "vc": [0, 1, 1, 0, 1, 4, 0, 0, 4, 1], "hlc": [921718, 3]}
INFO:<Node 7>:{"send": false, "recv": true, "to": 7, "from": 9, "vc": [0, 0, 0, 0, 0, 0, 1, 3, 0, 3], "hlc": [921719, 2]}
INFO:<Node 8>:{"send": false, "recv": true, "to": 8, "from": 2, "vc": [0, 1, 3, 0, 0, 0, 0, 1, 5, 0], "hlc": [921718, 3]}
INFO:<Node 8>:{"send": false, "recv": true, "to": 8, "from": 3, "vc": [1, 1, 3, 3, 0, 0, 0, 1, 6, 0], "hlc": [921718, 4]}
INFO:<Node 0>:{"send": true, "recv": false, "from": 0, "to": 3, "vc": [4, 0, 0, 0, 0, 0, 0, 2, 0, 0], "hlc": [921718, 3]}
INFO:<Node 1>:{"send": true, "recv": false, "from": 1, "to": 7, "vc": [0, 2, 0, 0, 0, 0, 0, 0, 0, 0], "hlc": [921715, 2]}
INFO:<Node 4>:{"send": true, "recv": false, "from": 4, "to": 1, "vc": [0, 0, 0, 0, 2, 0, 0, 0, 0, 0], "hlc": [921715, 2]}
INFO:<Node 6>:{"send": true, "recv": false, "from": 6, "to": 2, "vc": [0, 0, 0, 1, 0, 0, 3, 0, 0, 0], "hlc": [921719, 0]}
INFO:<Node 7>:{"send": true, "recv": false, "from": 7, "to": 2, "vc": [0, 0, 0, 0, 0, 0, 1, 4, 0, 3], "hlc": [921719, 3]}
INFO:<Node 8>:{"send": true, "recv": false, "from": 8, "to": 2, "vc": [1, 1, 3, 3, 0, 0, 0, 1, 7, 0], "hlc": [921718, 5]}
INFO:<Node 9>:{"send": true, "recv": false, "from": 9, "to": 3, "vc": [0, 0, 0, 0, 0, 0, 1, 0, 0, 4], "hlc": [921719, 2]}
INFO:<Node 1>:{"send": false, "recv": true, "to": 1, "from": 4, "vc": [0, 3, 0, 0, 2, 0, 0, 0, 0, 0], "hlc": [921715, 3]}
INFO:<Node 2>:{"send": false, "recv": true, "to": 2, "from": 6, "vc": [0, 0, 4, 1, 0, 0, 3, 1, 0, 0], "hlc": [921719, 1]}
INFO:<Node 2>:{"send": false, "recv": true, "to": 2, "from": 7, "vc": [0, 0, 5, 1, 0, 0, 3, 4, 0, 3], "hlc": [921719, 4]}
INFO:<Node 2>:{"send": false, "recv": true, "to": 2, "from": 8, "vc": [1, 1, 6, 3, 0, 0, 3, 4, 7, 3], "hlc": [921719, 5]}
INFO:<Node 3>:{"send": false, "recv": true, "to": 3, "from": 0, "vc": [4, 0, 0, 5, 0, 0, 0, 2, 0, 0], "hlc": [921718, 4]}
INFO:<Node 3>:{"send": false, "recv": true, "to": 3, "from": 9, "vc": [4, 0, 0, 6, 0, 0, 1, 2, 0, 4], "hlc": [921719, 3]}
INFO:<Node 7>:{"send": false, "recv": true, "to": 7, "from": 1, "vc": [0, 2, 0, 0, 0, 0, 1, 5, 0, 3], "hlc": [921719, 4]}
INFO:<Node 0>:{"send": true, "recv": false, "from": 0, "to": 5, "vc": [5, 0, 0, 0, 0, 0, 0, 2, 0, 0], "hlc": [921718, 4]}
INFO:<Node 1>:{"send": true, "recv": false, "from": 1, "to": 6, "vc": [0, 4, 0, 0, 2, 0, 0, 0, 0, 0], "hlc": [921715, 4]}
INFO:<Node 6>:{"send": true, "recv": false, "from": 6, "to": 3, "vc": [0, 0, 0, 1, 0, 0, 4, 0, 0, 0], "hlc": [921720, 0]}
INFO:<Node 3>:{"send": false, "recv": true, "to": 3, "from": 6, "vc": [4, 0, 0, 7, 0, 0, 4, 2, 0, 4], "hlc": [921720, 1]}
INFO:<Node 5>:{"send": false, "recv": true, "to": 5, "from": 0, "vc": [5, 1, 1, 0, 1, 5, 0, 2, 4, 1], "hlc": [921718, 5]}
INFO:<Node 6>:{"send": false, "recv": true, "to": 6, "from": 1, "vc": [0, 4, 0, 1, 2, 0, 5, 0, 0, 0], "hlc": [921720, 1]}
INFO:<Node 2>:{"send": true, "recv": false, "from": 2, "to": 3, "vc": [1, 1, 7, 3, 0, 0, 3, 4, 7, 3], "hlc": [921719, 6]}
INFO:<Node 4>:{"send": true, "recv": false, "from": 4, "to": 0, "vc": [0, 0, 0, 0, 3, 0, 0, 0, 0, 0], "hlc": [921715, 3]}
INFO:<Node 5>:{"send": true, "recv": false, "from": 5, "to": 1, "vc": [5, 1, 1, 0, 1, 6, 0, 2, 4, 1], "hlc": [921718, 6]}
INFO:<Node 7>:{"send": true, "recv": false, "from": 7, "to": 0, "vc": [0, 2, 0, 0, 0, 0, 1, 6, 0, 3], "hlc": [921720, 0]}
INFO:<Node 9>:{"send": true, "recv": false, "from": 9, "to": 6, "vc": [0, 0, 0, 0, 0, 0, 1, 0, 0, 5], "hlc": [921720, 0]}
INFO:<Node 0>:{"send": false, "recv": true, "to": 0, "from": 4, "vc": [6, 0, 0, 0, 3, 0, 0, 2, 0, 0], "hlc": [921718, 5]}
INFO:<Node 0>:{"send": false, "recv": true, "to": 0, "from": 7, "vc": [7, 2, 0, 0, 3, 0, 1, 6, 0, 3], "hlc": [921720, 1]}
INFO:<Node 1>:{"send": false, "recv": true, "to": 1, "from": 5, "vc": [5, 5, 1, 0, 2, 6, 0, 2, 4, 1], "hlc": [921718, 7]}
INFO:<Node 3>:{"send": false, "recv": true, "to": 3, "from": 2, "vc": [4, 1, 7, 8, 0, 0, 4, 4, 7, 4], "hlc": [921720, 2]}
INFO:<Node 6>:{"send": false, "recv": true, "to": 6, "from": 9, "vc": [0, 4, 0, 1, 2, 0, 6, 0, 0, 5], "hlc": [921721, 0]}
INFO:<Node 2>:{"send": true, "recv": false, "from": 2, "to": 4, "vc": [1, 1, 8, 3, 0, 0, 3, 4, 7, 3], "hlc": [921719, 7]}
INFO:<Node 3>:{"send": true, "recv": false, "from": 3, "to": 8, "vc": [4, 1, 7, 9, 0, 0, 4, 4, 7, 4], "hlc": [921720, 3]}
INFO:<Node 5>:{"send": true, "recv": false, "from": 5, "to": 7, "vc": [5, 1, 1, 0, 1, 7, 0, 2, 4, 1], "hlc": [921718, 7]}
INFO:<Node 6>:{"send": true, "recv": false, "from": 6, "to": 0, "vc": [0, 4, 0, 1, 2, 0, 7, 0, 0, 5], "hlc": [921721, 1]}
INFO:<Node 7>:{"send": true, "recv": false, "from": 7, "to": 4, "vc": [0, 2, 0, 0, 0, 0, 1, 7, 0, 3], "hlc": [921720, 1]}
INFO:<Node 9>:{"send": true, "recv": false, "from": 9, "to": 6, "vc": [0, 0, 0, 0, 0, 0, 1, 0, 0, 6], "hlc": [921721, 0]}
INFO:<Node 0>:{"send": false, "recv": true, "to": 0, "from": 6, "vc": [8, 4, 0, 1, 3, 0, 7, 6, 0, 5], "hlc": [921721, 2]}
INFO:<Node 4>:{"send": false, "recv": true, "to": 4, "from": 2, "vc": [1, 1, 8, 3, 4, 0, 3, 4, 7, 3], "hlc": [921719, 8]}
INFO:<Node 4>:{"send": false, "recv": true, "to": 4, "from": 7, "vc": [1, 2, 8, 3, 5, 0, 3, 7, 7, 3], "hlc": [921720, 2]}
INFO:<Node 6>:{"send": false, "recv": true, "to": 6, "from": 9, "vc": [0, 4, 0, 1, 2, 0, 8, 0, 0, 6], "hlc": [921721, 2]}
INFO:<Node 7>:{"send": false, "recv": true, "to": 7, "from": 5, "vc": [5, 2, 1, 0, 1, 7, 1, 8, 4, 3], "hlc": [921721, 0]}
INFO:<Node 8>:{"send": false, "recv": true, "to": 8, "from": 3, "vc": [4, 1, 7, 9, 0, 0, 4, 4, 8, 4], "hlc": [921720, 4]}
INFO:<Node 0>:{"send": true, "recv": false, "from": 0, "to": 6, "vc": [9, 4, 0, 1, 3, 0, 7, 6, 0, 5], "hlc": [921721, 3]}
INFO:<Node 2>:{"send": true, "recv": false, "from": 2, "to": 4, "vc": [1, 1, 9, 3, 0, 0, 3, 4, 7, 3], "hlc": [921719, 8]}
INFO:<Node 3>:{"send": true, "recv": false, "from": 3, "to": 2, "vc": [4, 1, 7, 10, 0, 0, 4, 4, 7, 4], "hlc": [921720, 4]}
INFO:<Node 5>:{"send": true, "recv": false, "from": 5, "to": 8, "vc": [5, 1, 1, 0, 1, 8, 0, 2, 4, 1], "hlc": [921718, 8]}
INFO:<Node 6>:{"send": true, "recv": false, "from": 6, "to": 7, "vc": [0, 4, 0, 1, 2, 0, 9, 0, 0, 6], "hlc": [921721, 3]}
INFO:<Node 7>:{"send": true, "recv": false, "from": 7, "to": 8, "vc": [5, 2, 1, 0, 1, 7, 1, 9, 4, 3], "hlc": [921721, 1]}
INFO:<Node 8>:{"send": true, "recv": false, "from": 8, "to": 0, "vc": [4, 1, 7, 9, 0, 0, 4, 4, 9, 4], "hlc": [921720, 5]}
INFO:<Node 9>:{"send": true, "recv": false, "from": 9, "to": 8, "vc": [0, 0, 0, 0, 0, 0, 1, 0, 0, 7], "hlc": [921721, 1]}
INFO:<Node 0>:{"send": false, "recv": true, "to": 0, "from": 8, "vc": [10, 4, 7, 9, 3, 0, 7, 6, 9, 5], "hlc": [921721, 4]}
INFO:<Node 2>:{"send": false, "recv": true, "to": 2, "from": 3, "vc": [4, 1, 10, 10, 0, 0, 4, 4, 7, 4], "hlc": [921720, 5]}
INFO:<Node 4>:{"send": false, "recv": true, "to": 4, "from": 2, "vc": [1, 2, 9, 3, 6, 0, 3, 7, 7, 3], "hlc": [921720, 3]}
INFO:<Node 6>:{"send": false, "recv": true, "to": 6, "from": 0, "vc": [9, 4, 0, 1, 3, 0, 10, 6, 0, 6], "hlc": [921722, 0]}
INFO:<Node 7>:{"send": false, "recv": true, "to": 7, "from": 6, "vc": [5, 4, 1, 1, 2, 7, 9, 10, 4, 6], "hlc": [921721, 4]}
INFO:<Node 8>:{"send": false, "recv": true, "to": 8, "from": 5, "vc": [5, 1, 7, 9, 1, 8, 4, 4, 10, 4], "hlc": [921720, 6]}
INFO:<Node 8>:{"send": false, "recv": true, "to": 8, "from": 7, "vc": [5, 2, 7, 9, 1, 8, 4, 9, 11, 4], "hlc": [921721, 2]}
INFO:<Node 8>:{"send": false, "recv": true, "to": 8, "from": 9, "vc": [5, 2, 7, 9, 1, 8, 4, 9, 12, 7], "hlc": [921721, 3]}
INFO:<Node 1>:{"send": true, "recv": false, "from": 1, "to": 6, "vc": [5, 6, 1, 0, 2, 6, 0, 2, 4, 1], "hlc": [921718, 8]}
INFO:<Node 3>:{"send": true, "recv": false, "from": 3, "to": 9, "vc": [4, 1, 7, 11, 0, 0, 4, 4, 7, 4], "hlc": [921720, 5]}
INFO:<Node 6>:{"send": true, "recv": false, "from": 6, "to": 2, "vc": [9, 4, 0, 1, 3, 0, 11, 6, 0, 6], "hlc": [921722, 1]}
INFO:<Node 9>:{"send": true, "recv": false, "from": 9, "to": 8, "vc": [0, 0, 0, 0, 0, 0, 1, 0, 0, 8], "hlc": [921722, 0]}
INFO:<Node 2>:{"send": false, "recv": true, "to": 2, "from": 6, "vc": [9, 4, 11, 10, 3, 0, 11, 6, 7, 6], "hlc": [921722, 2]}
INFO:<Node 6>:{"send": false, "recv": true, "to": 6, "from": 1, "vc": [9, 6, 1, 1, 3, 6, 12, 6, 4, 6], "hlc": [921722, 2]}
INFO:<Node 8>:{"send": false, "recv": true, "to": 8, "from": 9, "vc": [5, 2, 7, 9, 1, 8, 4, 9, 13, 8], "hlc": [921722, 1]}
INFO:<Node 9>:{"send": false, "recv": true, "to": 9, "from": 3, "vc": [4, 1, 7, 11, 0, 0, 4, 4, 7, 9], "hlc": [921722, 1]}
INFO:<Node 0>:{"send": true, "recv": false, "from": 0, "to": 6, "vc": [11, 4, 7, 9, 3, 0, 7, 6, 9, 5], "hlc": [921721, 5]}
INFO:<Node 1>:{"send": true, "recv": false, "from": 1, "to": 7, "vc": [5, 7, 1, 0, 2, 6, 0, 2, 4, 1], "hlc": [921718, 9]}
INFO:<Node 2>:{"send": true, "recv": false, "from": 2, "to": 6, "vc": [9, 4, 12, 10, 3, 0, 11, 6, 7, 6], "hlc": [921722, 3]}
INFO:<Node 4>:{"send": true, "recv": false, "from": 4, "to": 8, "vc": [1, 2, 9, 3, 7, 0, 3, 7, 7, 3], "hlc": [921720, 4]}
INFO:<Node 8>:{"send": true, "recv": false, "from": 8, "to": 5, "vc": [5, 2, 7, 9, 1, 8, 4, 9, 14, 8], "hlc": [921722, 2]}
INFO:<Node 9>:{"send": true, "recv": false, "from": 9, "to": 3, "vc": [4, 1, 7, 11, 0, 0, 4, 4, 7, 10], "hlc": [921722, 2]}
INFO:<Node 3>:{"send": false, "recv": true, "to": 3, "from": 9, "vc": [4, 1, 7, 12, 0, 0, 4, 4, 7, 10], "hlc": [921722, 3]}
INFO:<Node 5>:{"send": false, "recv": true, "to": 5, "from": 8, "vc": [5, 2, 7, 9, 1, 9, 4, 9, 14, 8], "hlc": [921722, 3]}
INFO:<Node 6>:{"send": false, "recv": true, "to": 6, "from": 0, "vc": [11, 6, 7, 9, 3, 6, 13, 6, 9, 6], "hlc": [921723, 0]}
INFO:<Node 6>:{"send": false, "recv": true, "to": 6, "from": 2, "vc": [11, 6, 12, 10, 3, 6, 14, 6, 9, 6], "hlc": [921723, 1]}
INFO:<Node 7>:{"send": false, "recv": true, "to": 7, "from": 1, "vc": [5, 7, 1, 1, 2, 7, 9, 11, 4, 6], "hlc": [921722, 0]}
INFO:<Node 8>:{"send": false, "recv": true, "to": 8, "from": 4, "vc": [5, 2, 9, 9, 7, 8, 4, 9, 15, 8], "hlc": [921722, 3]}
INFO:<Node 0>:{"send": true, "recv": false, "from": 0, "to": 7, "vc": [12, 4, 7, 9, 3, 0, 7, 6, 9, 5], "hlc": [921721, 6]}
INFO:<Node 2>:{"send": true, "recv": false, "from": 2, "to": 4, "vc": [9, 4, 13, 10, 3, 0, 11, 6, 7, 6], "hlc": [921722, 4]}
INFO:<Node 6>:{"send": true, "recv": false, "from": 6, "to": 3, "vc": [11, 6, 12, 10, 3, 6, 15, 6, 9, 6], "hlc": [921723, 2]}
INFO:<Node 8>:{"send": true, "recv": false, "from": 8, "to": 6, "vc": [5, 2, 9, 9, 7, 8, 4, 9, 16, 8], "hlc": [921722, 4]}
INFO:<Node 3>:{"send": false, "recv": true, "to": 3, "from": 6, "vc": [11, 6, 12, 13, 3, 6, 15, 6, 9, 10], "hlc": [921723, 3]}
INFO:<Node 4>:{"send": false, "recv": true, "to": 4, "from": 2, "vc": [9, 4, 13, 10, 8, 0, 11, 7, 7, 6], "hlc": [921722, 5]}
INFO:<Node 6>:{"send": false, "recv": true, "to": 6, "from": 8, "vc": [11, 6, 12, 10, 7, 8, 16, 9, 16, 8], "hlc": [921723, 3]}
INFO:<Node 7>:{"send": false, "recv": true, "to": 7, "from": 0, "vc": [12, 7, 7, 9, 3, 7, 9, 12, 9, 6], "hlc": [921723, 0]}
INFO:<Node 2>:{"send": true, "recv": false, "from": 2, "to": 6, "vc": [9, 4, 14, 10, 3, 0, 11, 6, 7, 6], "hlc": [921722, 5]}
INFO:<Node 3>:{"send": true, "recv": false, "from": 3, "to": 0, "vc": [11, 6, 12, 14, 3, 6, 15, 6, 9, 10], "hlc": [921723, 4]}
INFO:<Node 4>:{"send": true, "recv": false, "from": 4, "to": 2, "vc": [9, 4, 13, 10, 9, 0, 11, 7, 7, 6], "hlc": [921722, 6]}
INFO:<Node 6>:{"send": true, "recv": false, "from": 6, "to": 7, "vc": [11, 6, 12, 10, 7, 8, 17, 9, 16, 8], "hlc": [921723, 4]}
INFO:<Node 7>:{"send": true, "recv": false, "from": 7, "to": 6, "vc": [12, 7, 7, 9, 3, 7, 9, 13, 9, 6], "hlc": [921723, 1]}
INFO:<Node 8>:{"send": true, "recv": false, "from": 8, "to": 7, "vc": [5, 2, 9, 9, 7, 8, 4, 9, 17, 8], "hlc": [921722, 5]}
INFO:<Node 9>:{"send": true, "recv": false, "from": 9, "to": 4, "vc": [4, 1, 7, 11, 0, 0, 4, 4, 7, 11], "hlc": [921723, 0]}
INFO:<Node 0>:{"send": false, "recv": true, "to": 0, "from": 3, "vc": [13, 6, 12, 14, 3, 6, 15, 6, 9, 10], "hlc": [921723, 5]}
INFO:<Node 2>:{"send": false, "recv": true, "to": 2, "from": 4, "vc": [9, 4, 15, 10, 9, 0, 11, 7, 7, 6], "hlc": [921722, 7]}
INFO:<Node 4>:{"send": false, "recv": true, "to": 4, "from": 9, "vc": [9, 4, 13, 11, 10, 0, 11, 7, 7, 11], "hlc": [921723, 1]}
INFO:<Node 6>:{"send": false, "recv": true, "to": 6, "from": 2, "vc": [11, 6, 14, 10, 7, 8, 18, 9, 16, 8], "hlc": [921724, 0]}
INFO:<Node 6>:{"send": false, "recv": true, "to": 6, "from": 7, "vc": [12, 7, 14, 10, 7, 8, 19, 13, 16, 8], "hlc": [921724, 1]}
INFO:<Node 7>:{"send": false, "recv": true, "to": 7, "from": 6, "vc": [12, 7, 12, 10, 7, 8, 17, 14, 16, 8], "hlc": [921723, 5]}
INFO:<Node 7>:{"send": false, "recv": true, "to": 7, "from": 8, "vc": [12, 7, 12, 10, 7, 8, 17, 15, 17, 8], "hlc": [921723, 6]}
INFO:<Node 0>:{"send": true, "recv": false, "from": 0, "to": 7, "vc": [14, 6, 12, 14, 3, 6, 15, 6, 9, 10], "hlc": [921723, 6]}
INFO:<Node 1>:{"send": true, "recv": false, "from": 1, "to": 8, "vc": [5, 8, 1, 0, 2, 6, 0, 2, 4, 1], "hlc": [921718, 10]}
INFO:<Node 2>:{"send": true, "recv": false, "from": 2, "to": 1, "vc": [9, 4, 16, 10, 9, 0, 11, 7, 7, 6], "hlc": [921722, 8]}
INFO:<Node 5>:{"send": true, "recv": false, "from": 5, "to": 8, "vc": [5, 2, 7, 9, 1, 10, 4, 9, 14, 8], "hlc": [921722, 4]}
INFO:<Node 7>:{"send": true, "recv": false, "from": 7, "to": 9, "vc": [12, 7, 12, 10, 7, 8, 17, 16, 17, 8], "hlc": [921723, 7]}
INFO:<Node 8>:{"send": true, "recv": false, "from": 8, "to": 9, "vc": [5, 2, 9, 9, 7, 8, 4, 9, 18, 8], "hlc": [921722, 6]}
INFO:<Node 1>:{"send": false, "recv": true, "to": 1, "from": 2, "vc": [9, 9, 16, 10, 9, 6, 11, 7, 7, 6], "hlc": [921722, 9]}
INFO:<Node 7>:{"send": false, "recv": true, "to": 7, "from": 0, "vc": [14, 7, 12, 14, 7, 8, 17, 17, 17, 10], "hlc": [921724, 0]}
INFO:<Node 8>:{"send": false, "recv": true, "to": 8, "from": 1, "vc": [5, 8, 9, 9, 7, 8, 4, 9, 19, 8], "hlc": [921722, 7]}
INFO:<Node 8>:{"send": false, "recv": true, "to": 8, "from": 5, "vc": [5, 8, 9, 9, 7, 10, 4, 9, 20, 8], "hlc": [921722, 8]}
INFO:<Node 9>:{"send": false, "recv": true, "to": 9, "from": 7, "vc": [12, 7, 12, 11, 7, 8, 17, 16, 17, 12], "hlc": [921724, 0]}
INFO:<Node 9>:{"send": false, "recv": true, "to": 9, "from": 8, "vc": [12, 7, 12, 11, 7, 8, 17, 16, 18, 13], "hlc": [921724, 1]}
INFO:<Node 0>:{"send": true, "recv": false, "from": 0, "to": 2, "vc": [15, 6, 12, 14, 3, 6, 15, 6, 9, 10], "hlc": [921723, 7]}
INFO:<Node 1>:{"send": true, "recv": false, "from": 1, "to": 4, "vc": [9, 10, 16, 10, 9, 6, 11, 7, 7, 6], "hlc": [921722, 10]}
INFO:<Node 2>:{"send": true, "recv": false, "from": 2, "to": 4, "vc": [9, 4, 17, 10, 9, 0, 11, 7, 7, 6], "hlc": [921722, 9]}
INFO:<Node 4>:{"send": true, "recv": false, "from": 4, "to": 9, "vc": [9, 4, 13, 11, 11, 0, 11, 7, 7, 11], "hlc": [921723, 2]}
INFO:<Node 5>:{"send": true, "recv": false, "from": 5, "to": 6, "vc": [5, 2, 7, 9, 1, 11, 4, 9, 14, 8], "hlc": [921722, 5]}
INFO:<Node 6>:{"send": true, "recv": false, "from": 6, "to": 7, "vc": [12, 7, 14, 10, 7, 8, 20, 13, 16, 8], "hlc": [921724, 2]}
INFO:<Node 7>:{"send": true, "recv": false, "from": 7, "to": 9, "vc": [14, 7, 12, 14, 7, 8, 17, 18, 17, 10], "hlc": [921724, 1]}
INFO:<Node 2>:{"send": false, "recv": true, "to": 2, "from": 0, "vc": [15, 6, 18, 14, 9, 6, 15, 7, 9, 10], "hlc": [921723, 8]}
INFO:<Node 4>:{"send": false, "recv": true, "to": 4, "from": 1, "vc": [9, 10, 16, 11, 12, 6, 11, 7, 7, 11], "hlc": [921723, 3]}
INFO:<Node 4>:{"send": false, "recv": true, "to": 4, "from": 2, "vc": [9, 10, 17, 11, 13, 6, 11, 7, 7, 11], "hlc": [921723, 4]}
INFO:<Node 6>:{"send": false, "recv": true, "to": 6, "from": 5, "vc": [12, 7, 14, 10, 7, 11, 21, 13, 16, 8], "hlc": [921725, 0]}
INFO:<Node 7>:{"send": false, "recv": true, "to": 7, "from": 6, "vc": [14, 7, 14, 14, 7, 8, 20, 19, 17, 10], "hlc": [921724, 3]}
INFO:<Node 9>:{"send": false, "recv": true, "to": 9, "from": 4, "vc": [12, 7, 13, 11, 11, 8, 17, 16, 18, 14], "hlc": [921725, 0]}
INFO:<Node 9>:{"send": false, "recv": true, "to": 9, "from": 7, "vc": [14, 7, 13, 14, 11, 8, 17, 18, 18, 15], "hlc": [921725, 1]}
INFO:<Node 2>:{"send": true, "recv": false, "from": 2, "to": 8, "vc": [15, 6, 19, 14, 9, 6, 15, 7, 9, 10], "hlc": [921723, 9]}
INFO:<Node 4>:{"send": true, "recv": false, "from": 4, "to": 5, "vc": [9, 10, 17, 11, 14, 6, 11, 7, 7, 11], "hlc": [921723, 5]}
INFO:<Node 5>:{"send": true, "recv": false, "from": 5, "to": 9, "vc": [5, 2, 7, 9, 1, 12, 4, 9, 14, 8], "hlc": [921722, 6]}
INFO:<Node 6>:{"send": true, "recv": false, "from": 6, "to": 0, "vc": [12, 7, 14, 10, 7, 11, 22, 13, 16, 8], "hlc": [921725, 1]}
INFO:<Node 7>:{"send": true, "recv": false, "from": 7, "to": 3, "vc": [14, 7, 14, 14, 7, 8, 20, 20, 17, 10], "hlc": [921724, 4]}
INFO:<Node 9>:{"send": true, "recv": false, "from": 9, "to": 5, "vc": [14, 7, 13, 14, 11, 8, 17, 18, 18, 16], "hlc": [921725, 2]}
INFO:<Node 0>:{"send": false, "recv": true, "to": 0, "from": 6, "vc": [16, 7, 14, 14, 7, 11, 22, 13, 16, 10], "hlc": [921725, 2]}
INFO:<Node 3>:{"send": false, "recv": true, "to": 3, "from": 7, "vc": [14, 7, 14, 15, 7, 8, 20, 20, 17, 10], "hlc": [921724, 5]}
INFO:<Node 5>:{"send": false, "recv": true, "to": 5, "from": 4, "vc": [9, 10, 17, 11, 14, 13, 11, 9, 14, 11], "hlc": [921723, 6]}
INFO:<Node 5>:{"send": false, "recv": true, "to": 5, "from": 9, "vc": [14, 10, 17, 14, 14, 14, 17, 18, 18, 16], "hlc": [921725, 3]}
INFO:<Node 8>:{"send": false, "recv": true, "to": 8, "from": 2, "vc": [15, 8, 19, 14, 9, 10, 15, 9, 21, 10], "hlc": [921723, 10]}
INFO:<Node 9>:{"send": false, "recv": true, "to": 9, "from": 5, "vc": [14, 7, 13, 14, 11, 12, 17, 18, 18, 17], "hlc": [921725, 3]}
INFO:<Node 0>:{"send": true, "recv": false, "from": 0, "to": 3, "vc": [17, 7, 14, 14, 7, 11, 22, 13, 16, 10], "hlc": [921725, 3]}
INFO:<Node 3>:{"send": true, "recv": false, "from": 3, "to": 5, "vc": [14, 7, 14, 16, 7, 8, 20, 20, 17, 10], "hlc": [921724, 6]}
INFO:<Node 4>:{"send": true, "recv": false, "from": 4, "to": 1, "vc": [9, 10, 17, 11, 15, 6, 11, 7, 7, 11], "hlc": [921723, 6]}
INFO:<Node 6>:{"send": true, "recv": false, "from": 6, "to": 7, "vc": [12, 7, 14, 10, 7, 11, 23, 13, 16, 8], "hlc": [921725, 2]}
INFO:<Node 7>:{"send": true, "recv": false, "from": 7, "to": 9, "vc": [14, 7, 14, 14, 7, 8, 20, 21, 17, 10], "hlc": [921725, 0]}
INFO:<Node 1>:{"send": false, "recv": true, "to": 1, "from": 4, "vc": [9, 11, 17, 11, 15, 6, 11, 7, 7, 11], "hlc": [921723, 7]}
INFO:<Node 3>:{"send": false, "recv": true, "to": 3, "from": 0, "vc": [17, 7, 14, 17, 7, 11, 22, 20, 17, 10], "hlc": [921725, 4]}
INFO:<Node 5>:{"send": false, "recv": true, "to": 5, "from": 3, "vc": [14, 10, 17, 16, 14, 15, 20, 20, 18, 16], "hlc": [921725, 4]}
INFO:<Node 7>:{"send": false, "recv": true, "to": 7, "from": 6, "vc": [14, 7, 14, 14, 7, 11, 23, 22, 17, 10], "hlc": [921725, 3]}
INFO:<Node 9>:{"send": false, "recv": true, "to": 9, "from": 7, "vc": [14, 7, 14, 14, 11, 12, 20, 21, 18, 18], "hlc": [921726, 0]}
INFO:<Node 0>:{"send": true, "recv": false, "from": 0, "to": 4, "vc": [18, 7, 14, 14, 7, 11, 22, 13, 16, 10], "hlc": [921725, 4]}
INFO:<Node 2>:{"send": true, "recv": false, "from": 2, "to": 6, "vc": [15, 6, 20, 14, 9, 6, 15, 7, 9, 10], "hlc": [921723, 10]}
INFO:<Node 3>:{"send": true, "recv": false, "from": 3, "to": 9, "vc": [17, 7, 14, 18, 7, 11, 22, 20, 17, 10], "hlc": [921725, 5]}
INFO:<Node 4>:{"send": true, "recv": false, "from": 4, "to": 3, "vc": [9, 10, 17, 11, 16, 6, 11, 7, 7, 11], "hlc": [921723, 7]}
INFO:<Node 5>:{"send": true, "recv": false, "from": 5, "to": 4, "vc": [14, 10, 17, 16, 14, 16, 20, 20, 18, 16], "hlc": [921725, 5]}
INFO:<Node 7>:{"send": true, "recv": false, "from": 7, "to": 8, "vc": [14, 7, 14, 14, 7, 11, 23, 23, 17, 10], "hlc": [921725, 4]}
INFO:<Node 8>:{"send": true, "recv": false, "from": 8, "to": 1, "vc": [15, 8, 19, 14, 9, 10, 15, 9, 22, 10], "hlc": [921723, 11]}
INFO:<Node 9>:{"send": true, "recv": false, "from": 9, "to": 5, "vc": [14, 7, 14, 14, 11, 12, 20, 21, 18, 19], "hlc": [921726, 1]}
INFO:<Node 1>:{"send": false, "recv": true, "to": 1, "from": 8, "vc": [15, 12, 19, 14, 15, 10, 15, 9, 22, 11], "hlc": [921723, 12]}
INFO:<Node 3>:{"send": false, "recv": true, "to": 3, "from": 4, "vc": [17, 10, 17, 19, 16, 11, 22, 20, 17, 11], "hlc": [921725, 6]}
INFO:<Node 4>:{"send": false, "recv": true, "to": 4, "from": 0, "vc": [18, 10, 17, 14, 17, 11, 22, 13, 16, 11], "hlc": [921725, 5]}
INFO:<Node 4>:{"send": false, "recv": true, "to": 4, "from": 5, "vc": [18, 10, 17, 16, 18, 16, 22, 20, 18, 16], "hlc": [921725, 6]}
INFO:<Node 5>:{"send": false, "recv": true, "to": 5, "from": 9, "vc": [14, 10, 17, 16, 14, 17, 20, 21, 18, 19], "hlc": [921726, 2]}
INFO:<Node 6>:{"send": false, "recv": true, "to": 6, "from": 2, "vc": [15, 7, 20, 14, 9, 11, 24, 13, 16, 10], "hlc": [921726, 0]}
INFO:<Node 8>:{"send": false, "recv": true, "to": 8, "from": 7, "vc": [15, 8, 19, 14, 9, 11, 23, 23, 23, 10], "hlc": [921725, 5]}
INFO:<Node 9>:{"send": false, "recv": true, "to": 9, "from": 3, "vc": [17, 7, 14, 18, 11, 12, 22, 21, 18, 20], "hlc": [921726, 2]}
INFO:<Node 6>:{"send": true, "recv": false, "from": 6, "to": 1, "vc": [15, 7, 20, 14, 9, 11, 25, 13, 16, 10], "hlc": [921726, 1]}
INFO:<Node 7>:{"send": true, "recv": false, "from": 7, "to": 8, "vc": [14, 7, 14, 14, 7, 11, 23, 24, 17, 10], "hlc": [921726, 0]}
INFO:<Node 8>:{"send": true, "recv": false, "from": 8, "to": 3, "vc": [15, 8, 19, 14, 9, 11, 23, 23, 24, 10], "hlc": [921725, 6]}
INFO:<Node 1>:{"send": false, "recv": true, "to": 1, "from": 6, "vc": [15, 13, 20, 14, 15, 11, 25, 13, 22, 11], "hlc": [921726, 2]}
INFO:<Node 3>:{"send": false, "recv": true, "to": 3, "from": 8, "vc": [17, 10, 19, 20, 16, 11, 23, 23, 24, 11], "hlc": [921725, 7]}
INFO:<Node 8>:{"send": false, "recv": true, "to": 8, "from": 7, "vc": [15, 8, 19, 14, 9, 11, 23, 24, 25, 10], "hlc": [921726, 1]}
INFO:<Node 0>:{"send": true, "recv": false, "from": 0, "to": 9, "vc": [19, 7, 14, 14, 7, 11, 22, 13, 16, 10], "hlc": [921725, 5]}
INFO:<Node 3>:{"send": true, "recv": false, "from": 3, "to": 8, "vc": [17, 10, 19, 21, 16, 11, 23, 23, 24, 11], "hlc": [921725, 8]}
INFO:<Node 4>:{"send": true, "recv": false, "from": 4, "to": 1, "vc": [18, 10, 17, 16, 19, 16, 22, 20, 18, 16], "hlc": [921725, 7]}
INFO:<Node 5>:{"send": true, "recv": false, "from": 5, "to": 2, "vc": [14, 10, 17, 16, 14, 18, 20, 21, 18, 19], "hlc": [921726, 3]}
INFO:<Node 6>:{"send": true, "recv": false, "from": 6, "to": 9, "vc": [15, 7, 20, 14, 9, 11, 26, 13, 16, 10], "hlc": [921727, 0]}
INFO:<Node 7>:{"send": true, "recv": false, "from": 7, "to": 6, "vc": [14, 7, 14, 14, 7, 11, 23, 25, 17, 10], "hlc": [921726, 1]}
INFO:<Node 8>:{"send": true, "recv": false, "from": 8, "to": 7, "vc": [15, 8, 19, 14, 9, 11, 23, 24, 26, 10], "hlc": [921726, 2]}
INFO:<Node 9>:{"send": true, "recv": false, "from": 9, "to": 5, "vc": [17, 7, 14, 18, 11, 12, 22, 21, 18, 21], "hlc": [921727, 0]}
INFO:<Node 1>:{"send": false, "recv": true, "to": 1, "from": 4, "vc": [18, 14, 20, 16, 19, 16, 25, 20, 22, 16], "hlc": [921726, 3]}
INFO:<Node 2>:{"send": false, "recv": true, "to": 2, "from": 5, "vc": [15, 10, 21, 16, 14, 18, 20, 21, 18, 19], "hlc": [921726, 4]}
INFO:<Node 5>:{"send": false, "recv": true, "to": 5, "from": 9, "vc": [17, 10, 17, 18, 14, 19, 22, 21, 18, 21], "hlc": [921727, 1]}
INFO:<Node 6>:{"send": false, "recv": true, "to": 6, "from": 7, "vc": [15, 7, 20, 14, 9, 11, 27, 25, 17, 10], "hlc": [921727, 1]}
INFO:<Node 7>:{"send": false, "recv": true, "to": 7, "from": 8, "vc": [15, 8, 19, 14, 9, 11, 23, 26, 26, 10], "hlc": [921727, 0]}
INFO:<Node 8>:{"send": false, "recv": true, "to": 8, "from": 3, "vc": [17, 10, 19, 21, 16, 11, 23, 24, 27, 11], "hlc": [921726, 3]}
INFO:<Node 9>:{"send": false, "recv": true, "to": 9, "from": 0, "vc": [19, 7, 14, 18, 11, 12, 22, 21, 18, 22], "hlc": [921727, 1]}
INFO:<Node 9>:{"send": false, "recv": true, "to": 9, "from": 6, "vc": [19, 7, 20, 18, 11, 12, 26, 21, 18, 23], "hlc": [921727, 2]}
INFO:<Node 1>:{"send": true, "recv": false, "from": 1, "to": 5, "vc": [18, 15, 20, 16, 19, 16, 25, 20, 22, 16], "hlc": [921726, 4]}
INFO:<Node 2>:{"send": true, "recv": false, "from": 2, "to": 6, "vc": [15, 10, 22, 16, 14, 18, 20, 21, 18, 19], "hlc": [921726, 5]}
INFO:<Node 8>:{"send": true, "recv": false, "from": 8, "to": 6, "vc": [17, 10, 19, 21, 16, 11, 23, 24, 28, 11], "hlc": [921726, 4]}
INFO:<Node 9>:{"send": true, "recv": false, "from": 9, "to": 1, "vc": [19, 7, 20, 18, 11, 12, 26, 21, 18, 24], "hlc": [921727, 3]}
INFO:<Node 1>:{"send": false, "recv": true, "to": 1, "from": 9, "vc": [19, 16, 20, 18, 19, 16, 26, 21, 22, 24], "hlc": [921727, 4]}
INFO:<Node 5>:{"send": false, "recv": true, "to": 5, "from": 1, "vc": [18, 15, 20, 18, 19, 20, 25, 21, 22, 21], "hlc": [921727, 2]}
INFO:<Node 6>:{"send": false, "recv": true, "to": 6, "from": 2, "vc": [15, 10, 22, 16, 14, 18, 28, 25, 18, 19], "hlc": [921728, 0]}
INFO:<Node 6>:{"send": false, "recv": true, "to": 6, "from": 8, "vc": [17, 10, 22, 21, 16, 18, 29, 25, 28, 19], "hlc": [921728, 1]}
INFO:<Node 1>:{"send": true, "recv": false, "from": 1, "to": 5, "vc": [19, 17, 20, 18, 19, 16, 26, 21, 22, 24], "hlc": [921727, 5]}
INFO:<Node 3>:{"send": true, "recv": false, "from": 3, "to": 6, "vc": [17, 10, 19, 22, 16, 11, 23, 23, 24, 11], "hlc": [921725, 9]}
INFO:<Node 5>:{"send": true, "recv": false, "from": 5, "to": 0, "vc": [18, 15, 20, 18, 19, 21, 25, 21, 22, 21], "hlc": [921727, 3]}
INFO:<Node 6>:{"send": true, "recv": false, "from": 6, "to": 5, "vc": [17, 10, 22, 21, 16, 18, 30, 25, 28, 19], "hlc": [921728, 2]}
INFO:<Node 7>:{"send": true, "recv": false, "from": 7, "to": 6, "vc": [15, 8, 19, 14, 9, 11, 23, 27, 26, 10], "hlc": [921727, 1]}
INFO:<Node 0>:{"send": false, "recv": true, "to": 0, "from": 5, "vc": [20, 15, 20, 18, 19, 21, 25, 21, 22, 21], "hlc": [921727, 4]}
INFO:<Node 5>:{"send": false, "recv": true, "to": 5, "from": 1, "vc": [19, 17, 20, 18, 19, 22, 26, 21, 22, 24], "hlc": [921727, 6]}
INFO:<Node 5>:{"send": false, "recv": true, "to": 5, "from": 6, "vc": [19, 17, 22, 21, 19, 23, 30, 25, 28, 24], "hlc": [921728, 3]}
INFO:<Node 6>:{"send": false, "recv": true, "to": 6, "from": 3, "vc": [17, 10, 22, 22, 16, 18, 31, 25, 28, 19], "hlc": [921728, 3]}
INFO:<Node 6>:{"send": false, "recv": true, "to": 6, "from": 7, "vc": [17, 10, 22, 22, 16, 18, 32, 27, 28, 19], "hlc": [921728, 4]}
INFO:<Node 1>:{"send": true, "recv": false, "from": 1, "to": 8, "vc": [19, 18, 20, 18, 19, 16, 26, 21, 22, 24], "hlc": [921727, 6]}
INFO:<Node 3>:{"send": true, "recv": false, "from": 3, "to": 4, "vc": [17, 10, 19, 23, 16, 11, 23, 23, 24, 11], "hlc": [921725, 10]}
INFO:<Node 4>:{"send": true, "recv": false, "from": 4, "to": 1, "vc": [18, 10, 17, 16, 20, 16, 22, 20, 18, 16], "hlc": [921725, 8]}
INFO:<Node 6>:{"send": true, "recv": false, "from": 6, "to": 8, "vc": [17, 10, 22, 22, 16, 18, 33, 27, 28, 19], "hlc": [921728, 5]}
INFO:<Node 8>:{"send": true, "recv": false, "from": 8, "to": 6, "vc": [17, 10, 19, 21, 16, 11, 23, 24, 29, 11], "hlc": [921726, 5]}
INFO:<Node 9>:{"send": true, "recv": false, "from": 9, "to": 1, "vc": [19, 7, 20, 18, 11, 12, 26, 21, 18, 25], "hlc": [921728, 0]}
INFO:<Node 1>:{"send": false, "recv": true, "to": 1, "from": 4, "vc": [19, 19, 20, 18, 20, 16, 26, 21, 22, 24], "hlc": [921727, 7]}
INFO:<Node 1>:{"send": false, "recv": true, "to": 1, "from": 9, "vc": [19, 20, 20, 18, 20, 16, 26, 21, 22, 25], "hlc": [921728, 1]}
INFO:<Node 4>:{"send": false, "recv": true, "to": 4, "from": 3, "vc": [18, 10, 19, 23, 21, 16, 23, 23, 24, 16], "hlc": [921725, 11]}
INFO:<Node 6>:{"send": false, "recv": true, "to": 6, "from": 8, "vc": [17, 10, 22, 22, 16, 18, 34, 27, 29, 19], "hlc": [921729, 0]}
INFO:<Node 8>:{"send": false, "recv": true, "to": 8, "from": 1, "vc": [19, 18, 20, 21, 19, 16, 26, 24, 30, 24], "hlc": [921727, 7]}
INFO:<Node 8>:{"send": false, "recv": true, "to": 8, "from": 6, "vc": [19, 18, 22, 22, 19, 18, 33, 27, 31, 24], "hlc": [921728, 6]}
INFO:<Node 0>:{"send": true, "recv": false, "from": 0, "to": 6, "vc": [21, 15, 20, 18, 19, 21, 25, 21, 22, 21], "hlc": [921727, 5]}
INFO:<Node 1>:{"send": true, "recv": false, "from": 1, "to": 2, "vc": [19, 21, 20, 18, 20, 16, 26, 21, 22, 25], "hlc": [921728, 2]}
INFO:<Node 5>:{"send": true, "recv": false, "from": 5, "to": 9, "vc": [19, 17, 22, 21, 19, 24, 30, 25, 28, 24], "hlc": [921728, 4]}
INFO:<Node 2>:{"send": false, "recv": true, "to": 2, "from": 1, "vc": [19, 21, 23, 18, 20, 18, 26, 21, 22, 25], "hlc": [921728, 3]}
INFO:<Node 6>:{"send": false, "recv": true, "to": 6, "from": 0, "vc": [21, 15, 22, 22, 19, 21, 35, 27, 29, 21], "hlc": [921729, 1]}
INFO:<Node 9>:{"send": false, "recv": true, "to": 9, "from": 5, "vc": [19, 17, 22, 21, 19, 24, 30, 25, 28, 26], "hlc": [921729, 0]}
INFO:<Node 0>:{"send": true, "recv": false, "from": 0, "to": 2, "vc": [22, 15, 20, 18, 19, 21, 25, 21, 22, 21], "hlc": [921727, 6]}
INFO:<Node 6>:{"send": true, "recv": false, "from": 6, "to": 2, "vc": [21, 15, 22, 22, 19, 21, 36, 27, 29, 21], "hlc": [921729, 2]}
INFO:<Node 8>:{"send": true, "recv": false, "from": 8, "to": 1, "vc": [19, 18, 22, 22, 19, 18, 33, 27, 32, 24], "hlc": [921728, 7]}
INFO:<Node 1>:{"send": false, "recv": true, "to": 1, "from": 8, "vc": [19, 22, 22, 22, 20, 18, 33, 27, 32, 25], "hlc": [921728, 8]}
INFO:<Node 2>:{"send": false, "recv": true, "to": 2, "from": 0, "vc": [22, 21, 24, 18, 20, 21, 26, 21, 22, 25], "hlc": [921728, 4]}
INFO:<Node 2>:{"send": false, "recv": true, "to": 2, "from": 6, "vc": [22, 21, 25, 22, 20, 21, 36, 27, 29, 25], "hlc": [921729, 3]}
INFO:<Node 2>:{"send": true, "recv": false, "from": 2, "to": 4, "vc": [22, 21, 26, 22, 20, 21, 36, 27, 29, 25], "hlc": [921729, 4]}
INFO:<Node 5>:{"send": true, "recv": false, "from": 5, "to": 0, "vc": [19, 17, 22, 21, 19, 25, 30, 25, 28, 24], "hlc": [921728, 5]}
INFO:<Node 8>:{"send": true, "recv": false, "from": 8, "to": 1, "vc": [19, 18, 22, 22, 19, 18, 33, 27, 33, 24], "hlc": [921728, 8]}
INFO:<Node 9>:{"send": true, "recv": false, "from": 9, "to": 4, "vc": [19, 17, 22, 21, 19, 24, 30, 25, 28, 27], "hlc": [921730, 0]}
INFO:<Node 0>:{"send": false, "recv": true, "to": 0, "from": 5, "vc": [23, 17, 22, 21, 19, 25, 30, 25, 28, 24], "hlc": [921728, 6]}
INFO:<Node 1>:{"send": false, "recv": true, "to": 1, "from": 8, "vc": [19, 23, 22, 22, 20, 18, 33, 27, 33, 25], "hlc": [921728, 9]}
INFO:<Node 4>:{"send": false, "recv": true, "to": 4, "from": 2, "vc": [22, 21, 26, 23, 22, 21, 36, 27, 29, 25], "hlc": [921729, 5]}
INFO:<Node 4>:{"send": false, "recv": true, "to": 4, "from": 9, "vc": [22, 21, 26, 23, 23, 24, 36, 27, 29, 27], "hlc": [921730, 1]}
INFO:<Node 5>:{"send": true, "recv": false, "from": 5, "to": 1, "vc": [19, 17, 22, 21, 19, 26, 30, 25, 28, 24], "hlc": [921728, 6]}
INFO:<Node 9>:{"send": true, "recv": false, "from": 9, "to": 4, "vc": [19, 17, 22, 21, 19, 24, 30, 25, 28, 28], "hlc": [921730, 1]}
INFO:<Node 1>:{"send": false, "recv": true, "to": 1, "from": 5, "vc": [19, 24, 22, 22, 20, 26, 33, 27, 33, 25], "hlc": [921728, 10]}
INFO:<Node 4>:{"send": false, "recv": true, "to": 4, "from": 9, "vc": [22, 21, 26, 23, 24, 24, 36, 27, 29, 28], "hlc": [921730, 2]}
INFO:<Node 0>:{"send": true, "recv": false, "from": 0, "to": 7, "vc": [24, 17, 22, 21, 19, 25, 30, 25, 28, 24], "hlc": [921728, 7]}
INFO:<Node 3>:{"send": true, "recv": false, "from": 3, "to": 7, "vc": [17, 10, 19, 24, 16, 11, 23, 23, 24, 11], "hlc": [921725, 11]}
INFO:<Node 7>:{"send": true, "recv": false, "from": 7, "to": 5, "vc": [15, 8, 19, 14, 9, 11, 23, 28, 26, 10], "hlc": [921730, 0]}
INFO:<Node 8>:{"send": true, "recv": false, "from": 8, "to": 9, "vc": [19, 18, 22, 22, 19, 18, 33, 27, 34, 24], "hlc": [921728, 9]}
INFO:<Node 5>:{"send": false, "recv": true, "to": 5, "from": 7, "vc": [19, 17, 22, 21, 19, 27, 30, 28, 28, 24], "hlc": [921730, 1]}
INFO:<Node 7>:{"send": false, "recv": true, "to": 7, "from": 0, "vc": [24, 17, 22, 21, 19, 25, 30, 29, 28, 24], "hlc": [921731, 0]}
INFO:<Node 7>:{"send": false, "recv": true, "to": 7, "from": 3, "vc": [24, 17, 22, 24, 19, 25, 30, 30, 28, 24], "hlc": [921731, 1]}
INFO:<Node 9>:{"send": false, "recv": true, "to": 9, "from": 8, "vc": [19, 18, 22, 22, 19, 24, 33, 27, 34, 29], "hlc": [921731, 0]}
INFO:<Node 1>:{"send": true, "recv": false, "from": 1, "to": 0, "vc": [19, 25, 22, 22, 20, 26, 33, 27, 33, 25], "hlc": [921728, 11]}
INFO:<Node 2>:{"send": true, "recv": false, "from": 2, "to": 0, "vc": [22, 21, 27, 22, 20, 21, 36, 27, 29, 25], "hlc": [921729, 5]}
INFO:<Node 4>:{"send": true, "recv": false, "from": 4, "to": 6, "vc": [22, 21, 26, 23, 25, 24, 36, 27, 29, 28], "hlc": [921730, 3]}
INFO:<Node 5>:{"send": true, "recv": false, "from": 5, "to": 9, "vc": [19, 17, 22, 21, 19, 28, 30, 28, 28, 24], "hlc": [921730, 2]}
INFO:<Node 8>:{"send": true, "recv": false, "from": 8, "to": 1, "vc": [19, 18, 22, 22, 19, 18, 33, 27, 35, 24], "hlc": [921728, 10]}
INFO:<Node 9>:{"send": true, "recv": false, "from": 9, "to": 1, "vc": [19, 18, 22, 22, 19, 24, 33, 27, 34, 30], "hlc": [921731, 1]}
INFO:<Node 0>:{"send": false, "recv": true, "to": 0, "from": 1, "vc": [25, 25, 22, 22, 20, 26, 33, 27, 33, 25], "hlc": [921728, 12]}
INFO:<Node 0>:{"send": false, "recv": true, "to": 0, "from": 2, "vc": [26, 25, 27, 22, 20, 26, 36, 27, 33, 25], "hlc": [921729, 6]}
INFO:<Node 1>:{"send": false, "recv": true, "to": 1, "from": 8, "vc": [19, 26, 22, 22, 20, 26, 33, 27, 35, 25], "hlc": [921728, 12]}
INFO:<Node 1>:{"send": false, "recv": true, "to": 1, "from": 9, "vc": [19, 27, 22, 22, 20, 26, 33, 27, 35, 30], "hlc": [921731, 2]}
INFO:<Node 6>:{"send": false, "recv": true, "to": 6, "from": 4, "vc": [22, 21, 26, 23, 25, 24, 37, 27, 29, 28], "hlc": [921732, 0]}
INFO:<Node 9>:{"send": false, "recv": true, "to": 9, "from": 5, "vc": [19, 18, 22, 22, 19, 28, 33, 28, 34, 31], "hlc": [921732, 0]}
INFO:<Node 1>:{"send": true, "recv": false, "from": 1, "to": 2, "vc": [19, 28, 22, 22, 20, 26, 33, 27, 35, 30], "hlc": [921731, 3]}
INFO:<Node 2>:{"send": true, "recv": false, "from": 2, "to": 6, "vc": [22, 21, 28, 22, 20, 21, 36, 27, 29, 25], "hlc": [921729, 6]}
INFO:<Node 3>:{"send": true, "recv": false, "from": 3, "to": 4, "vc": [17, 10, 19, 25, 16, 11, 23, 23, 24, 11], "hlc": [921726, 0]}
INFO:<Node 6>:{"send": true, "recv": false, "from": 6, "to": 0, "vc": [22, 21, 26, 23, 25, 24, 38, 27, 29, 28], "hlc": [921732, 1]}
INFO:<Node 7>:{"send": true, "recv": false, "from": 7, "to": 8, "vc": [24, 17, 22, 24, 19, 25, 30, 31, 28, 24], "hlc": [921731, 2]}
INFO:<Node 9>:{"send": true, "recv": false, "from": 9, "to": 2, "vc": [19, 18, 22, 22, 19, 28, 33, 28, 34, 32], "hlc": [921732, 1]}
INFO:<Node 0>:{"send": false, "recv": true, "to": 0, "from": 6, "vc": [27, 25, 27, 23, 25, 26, 38, 27, 33, 28], "hlc": [921732, 2]}
INFO:<Node 2>:{"send": false, "recv": true, "to": 2, "from": 1, "vc": [22, 28, 29, 22, 20, 26, 36, 27, 35, 30], "hlc": [921731, 4]}
INFO:<Node 2>:{"send": false, "recv": true, "to": 2, "from": 9, "vc": [22, 28, 30, 22, 20, 28, 36, 28, 35, 32], "hlc": [921732, 2]}
INFO:<Node 4>:{"send": false, "recv": true, "to": 4, "from": 3, "vc": [22, 21, 26, 25, 26, 24, 36, 27, 29, 28], "hlc": [921730, 4]}
INFO:<Node 6>:{"send": false, "recv": true, "to": 6, "from": 2, "vc": [22, 21, 28, 23, 25, 24, 39, 27, 29, 28], "hlc": [921732, 2]}
INFO:<Node 8>:{"send": false, "recv": true, "to": 8, "from": 7, "vc": [24, 18, 22, 24, 19, 25, 33, 31, 36, 24], "hlc": [921731, 3]}
INFO:<Node 0>:{"send": true, "recv": false, "from": 0, "to": 5, "vc": [28, 25, 27, 23, 25, 26, 38, 27, 33, 28], "hlc": [921732, 3]}
INFO:<Node 2>:{"send": true, "recv": false, "from": 2, "to": 1, "vc": [22, 28, 31, 22, 20, 28, 36, 28, 35, 32], "hlc": [921732, 3]}
INFO:<Node 3>:{"send": true, "recv": false, "from": 3, "to": 8, "vc": [17, 10, 19, 26, 16, 11, 23, 23, 24, 11], "hlc": [921727, 0]}
INFO:<Node 4>:{"send": true, "recv": false, "from": 4, "to": 6, "vc": [22, 21, 26, 25, 27, 24, 36, 27, 29, 28], "hlc": [921730, 5]}
INFO:<Node 5>:{"send": true, "recv": false, "from": 5, "to": 9, "vc": [19, 17, 22, 21, 19, 29, 30, 28, 28, 24], "hlc": [921730, 3]}
INFO:<Node 6>:{"send": true, "recv": false, "from": 6, "to": 3, "vc": [22, 21, 28, 23, 25, 24, 40, 27, 29, 28], "hlc": [921732, 3]}
INFO:<Node 8>:{"send": true, "recv": false, "from": 8, "to": 3, "vc": [24, 18, 22, 24, 19, 25, 33, 31, 37, 24], "hlc": [921731, 4]}
INFO:<Node 1>:{"send": false, "recv": true, "to": 1, "from": 2, "vc": [22, 29, 31, 22, 20, 28, 36, 28, 35, 32], "hlc": [921732, 4]}
INFO:<Node 3>:{"send": false, "recv": true, "to": 3, "from": 6, "vc": [22, 21, 28, 27, 25, 24, 40, 27, 29, 28], "hlc": [921732, 4]}
INFO:<Node 3>:{"send": false, "recv": true, "to": 3, "from": 8, "vc": [24, 21, 28, 28, 25, 25, 40, 31, 37, 28], "hlc": [921732, 5]}
INFO:<Node 5>:{"send": false, "recv": true, "to": 5, "from": 0, "vc": [28, 25, 27, 23, 25, 30, 38, 28, 33, 28], "hlc": [921732, 4]}
INFO:<Node 6>:{"send": false, "recv": true, "to": 6, "from": 4, "vc": [22, 21, 28, 25, 27, 24, 41, 27, 29, 28], "hlc": [921733, 0]}
INFO:<Node 8>:{"send": false, "recv": true, "to": 8, "from": 3, "vc": [24, 18, 22, 26, 19, 25, 33, 31, 38, 24], "hlc": [921731, 5]}
INFO:<Node 9>:{"send": false, "recv": true, "to": 9, "from": 5, "vc": [19, 18, 22, 22, 19, 29, 33, 28, 34, 33], "hlc": [921733, 0]}
INFO:<Node 0>:{"send": true, "recv": false, "from": 0, "to": 6, "vc": [29, 25, 27, 23, 25, 26, 38, 27, 33, 28], "hlc": [921732, 4]}
INFO:<Node 1>:{"send": true, "recv": false, "from": 1, "to": 4, "vc": [22, 30, 31, 22, 20, 28, 36, 28, 35, 32], "hlc": [921732, 5]}
INFO:<Node 2>:{"send": true, "recv": false, "from": 2, "to": 7, "vc": [22, 28, 32, 22, 20, 28, 36, 28, 35, 32], "hlc": [921732, 4]}
INFO:<Node 4>:{"send": true, "recv": false, "from": 4, "to": 6, "vc": [22, 21, 26, 25, 28, 24, 36, 27, 29, 28], "hlc": [921730, 6]}
INFO:<Node 5>:{"send": true, "recv": false, "from": 5, "to": 8, "vc": [28, 25, 27, 23, 25, 31, 38, 28, 33, 28], "hlc": [921732, 5]}
INFO:<Node 6>:{"send": true, "recv": false, "from": 6, "to": 8, "vc": [22, 21, 28, 25, 27, 24, 42, 27, 29, 28], "hlc": [921733, 1]}
INFO:<Node 7>:{"send": true, "recv": false, "from": 7, "to": 0, "vc": [24, 17, 22, 24, 19, 25, 30, 32, 28, 24], "hlc": [921732, 0]}
INFO:<Node 8>:{"send": true, "recv": false, "from": 8, "to": 7, "vc": [24, 18, 22, 26, 19, 25, 33, 31, 39, 24], "hlc": [921731, 6]}
INFO:<Node 9>:{"send": true, "recv": false, "from": 9, "to": 1, "vc": [19, 18, 22, 22, 19, 29, 33, 28, 34, 34], "hlc": [921733, 1]}
INFO:<Node 0>:{"send": false, "recv": true, "to": 0, "from": 7, "vc": [30, 25, 27, 24, 25, 26, 38, 32, 33, 28], "hlc": [921732, 5]}
INFO:<Node 1>:{"send": false, "recv": true, "to": 1, "from": 9, "vc": [22, 31, 31, 22, 20, 29, 36, 28, 35, 34], "hlc": [921733, 2]}
INFO:<Node 4>:{"send": false, "recv": true, "to": 4, "from": 1, "vc": [22, 30, 31, 25, 29, 28, 36, 28, 35, 32], "hlc": [921732, 6]}
INFO:<Node 6>:{"send": false, "recv": true, "to": 6, "from": 0, "vc": [29, 25, 28, 25, 27, 26, 43, 27, 33, 28], "hlc": [921733, 2]}
INFO:<Node 6>:{"send": false, "recv": true, "to": 6, "from": 4, "vc": [29, 25, 28, 25, 28, 26, 44, 27, 33, 28], "hlc": [921733, 3]}
INFO:<Node 7>:{"send": false, "recv": true, "to": 7, "from": 2, "vc": [24, 28, 32, 24, 20, 28, 36, 33, 35, 32], "hlc": [921733, 0]}
INFO:<Node 7>:{"send": false, "recv": true, "to": 7, "from": 8, "vc": [24, 28, 32, 26, 20, 28, 36, 34, 39, 32], "hlc": [921733, 1]}
INFO:<Node 8>:{"send": false, "recv": true, "to": 8, "from": 5, "vc": [28, 25, 27, 26, 25, 31, 38, 31, 40, 28], "hlc": [921732, 6]}
INFO:<Node 8>:{"send": false, "recv": true, "to": 8, "from": 6, "vc": [28, 25, 28, 26, 27, 31, 42, 31, 41, 28], "hlc": [921733, 2]}
INFO:<Node 0>:{"send": true, "recv": false, "from": 0, "to": 6, "vc": [31, 25, 27, 24, 25, 26, 38, 32, 33, 28], "hlc": [921732, 6]}
INFO:<Node 2>:{"send": true, "recv": false, "from": 2, "to": 8, "vc": [22, 28, 33, 22, 20, 28, 36, 28, 35, 32], "hlc": [921732, 5]}
INFO:<Node 3>:{"send": true, "recv": false, "from": 3, "to": 2, "vc": [24, 21, 28, 29, 25, 25, 40, 31, 37, 28], "hlc": [921732, 6]}
INFO:<Node 4>:{"send": true, "recv": false, "from": 4, "to": 0, "vc": [22, 30, 31, 25, 30, 28, 36, 28, 35, 32], "hlc": [921732, 7]}
INFO:<Node 8>:{"send": true, "recv": false, "from": 8, "to": 6, "vc": [28, 25, 28, 26, 27, 31, 42, 31, 42, 28], "hlc": [921733, 3]}
INFO:<Node 9>:{"send": true, "recv": false, "from": 9, "to": 4, "vc": [19, 18, 22, 22, 19, 29, 33, 28, 34, 35], "hlc": [921733, 2]}
INFO:<Node 0>:{"send": false, "recv": true, "to": 0, "from": 4, "vc": [32, 30, 31, 25, 30, 28, 38, 32, 35, 32], "hlc": [921732, 8]}
INFO:<Node 2>:{"send": false, "recv": true, "to": 2, "from": 3, "vc": [24, 28, 34, 29, 25, 28, 40, 31, 37, 32], "hlc": [921732, 7]}
INFO:<Node 4>:{"send": false, "recv": true, "to": 4, "from": 9, "vc": [22, 30, 31, 25, 31, 29, 36, 28, 35, 35], "hlc": [921733, 3]}
INFO:<Node 6>:{"send": false, "recv": true, "to": 6, "from": 0, "vc": [31, 25, 28, 25, 28, 26, 45, 32, 33, 28], "hlc": [921734, 0]}
INFO:<Node 6>:{"send": false, "recv": true, "to": 6, "from": 8, "vc": [31, 25, 28, 26, 28, 31, 46, 32, 42, 28], "hlc": [921734, 1]}
INFO:<Node 8>:{"send": false, "recv": true, "to": 8, "from": 2, "vc": [28, 28, 33, 26, 27, 31, 42, 31, 43, 32], "hlc": [921733, 4]}
INFO:<Node 0>:{"send": true, "recv": false, "from": 0, "to": 4, "vc": [33, 30, 31, 25, 30, 28, 38, 32, 35, 32], "hlc": [921732, 9]}
INFO:<Node 5>:{"send": true, "recv": false, "from": 5, "to": 3, "vc": [28, 25, 27, 23, 25, 32, 38, 28, 33, 28], "hlc": [921732, 6]}
INFO:<Node 9>:{"send": true, "recv": false, "from": 9, "to": 6, "vc": [19, 18, 22, 22, 19, 29, 33, 28, 34, 36], "hlc": [921734, 0]}
INFO:<Node 3>:{"send": false, "recv": true, "to": 3, "from": 5, "vc": [28, 25, 28, 30, 25, 32, 40, 31, 37, 28], "hlc": [921732, 7]}
INFO:<Node 4>:{"send": false, "recv": true, "to": 4, "from": 0, "vc": [33, 30, 31, 25, 32, 29, 38, 32, 35, 35], "hlc": [921733, 4]}
INFO:<Node 6>:{"send": false, "recv": true, "to": 6, "from": 9, "vc": [31, 25, 28, 26, 28, 31, 47, 32, 42, 36], "hlc": [921734, 2]}
INFO:<Node 1>:{"send": true, "recv": false, "from": 1, "to": 8, "vc": [22, 32, 31, 22, 20, 29, 36, 28, 35, 34], "hlc": [921733, 3]}
INFO:<Node 6>:{"send": true, "recv": false, "from": 6, "to": 3, "vc": [31, 25, 28, 26, 28, 31, 48, 32, 42, 36], "hlc": [921734, 3]}
INFO:<Node 8>:{"send": true, "recv": false, "from": 8, "to": 5, "vc": [28, 28, 33, 26, 27, 31, 42, 31, 44, 32], "hlc": [921733, 5]}
INFO:<Node 9>:{"send": true, "recv": false, "from": 9, "to": 8, "vc": [19, 18, 22, 22, 19, 29, 33, 28, 34, 37], "hlc": [921734, 1]}
INFO:<Node 3>:{"send": false, "recv": true, "to": 3, "from": 6, "vc": [31, 25, 28, 31, 28, 32, 48, 32, 42, 36], "hlc": [921734, 4]}
INFO:<Node 5>:{"send": false, "recv": true, "to": 5, "from": 8, "vc": [28, 28, 33, 26, 27, 33, 42, 31, 44, 32], "hlc": [921733, 6]}
INFO:<Node 8>:{"send": false, "recv": true, "to": 8, "from": 1, "vc": [28, 32, 33, 26, 27, 31, 42, 31, 45, 34], "hlc": [921733, 6]}
INFO:<Node 8>:{"send": false, "recv": true, "to": 8, "from": 9, "vc": [28, 32, 33, 26, 27, 31, 42, 31, 46, 37], "hlc": [921734, 2]}
INFO:<Node 0>:{"send": true, "recv": false, "from": 0, "to": 4, "vc": [34, 30, 31, 25, 30, 28, 38, 32, 35, 32], "hlc": [921732, 10]}
INFO:<Node 1>:{"send": true, "recv": false, "from": 1, "to": 9, "vc": [22, 33, 31, 22, 20, 29, 36, 28, 35, 34], "hlc": [921733, 4]}
INFO:<Node 2>:{"send": true, "recv": false, "from": 2, "to": 9, "vc": [24, 28, 35, 29, 25, 28, 40, 31, 37, 32], "hlc": [921732, 8]}
INFO:<Node 3>:{"send": true, "recv": false, "from": 3, "to": 6, "vc": [31, 25, 28, 32, 28, 32, 48, 32, 42, 36], "hlc": [921734, 5]}
INFO:<Node 5>:{"send": true, "recv": false, "from": 5, "to": 7, "vc": [28, 28, 33, 26, 27, 34, 42, 31, 44, 32], "hlc": [921733, 7]}
INFO:<Node 6>:{"send": true, "recv": false, "from": 6, "to": 7, "vc": [31, 25, 28, 26, 28, 31, 49, 32, 42, 36], "hlc": [921735, 0]}
INFO:<Node 8>:{"send": true, "recv": false, "from": 8, "to": 6, "vc": [28, 32, 33, 26, 27, 31, 42, 31, 47, 37], "hlc": [921734, 3]}
INFO:<Node 9>:{"send": true, "recv": false, "from": 9, "to": 0, "vc": [19, 18, 22, 22, 19, 29, 33, 28, 34, 38], "hlc": [921735, 0]}
INFO:<Node 0>:{"send": false, "recv": true, "to": 0, "from": 9, "vc": [35, 30, 31, 25, 30, 29, 38, 32, 35, 38], "hlc": [921735, 1]}
INFO:<Node 4>:{"send": false, "recv": true, "to": 4, "from": 0, "vc": [34, 30, 31, 25, 33, 29, 38, 32, 35, 35], "hlc": [921733, 5]}
INFO:<Node 6>:{"send": false, "recv": true, "to": 6, "from": 3, "vc": [31, 25, 28, 32, 28, 32, 50, 32, 42, 36], "hlc": [921735, 1]}
INFO:<Node 6>:{"send": false, "recv": true, "to": 6, "from": 8, "vc": [31, 32, 33, 32, 28, 32, 51, 32, 47, 37], "hlc": [921735, 2]}
INFO:<Node 7>:{"send": false, "recv": true, "to": 7, "from": 5, "vc": [28, 28, 33, 26, 27, 34, 42, 35, 44, 32], "hlc": [921735, 0]}
INFO:<Node 7>:{"send": false, "recv": true, "to": 7, "from": 6, "vc": [31, 28, 33, 26, 28, 34, 49, 36, 44, 36], "hlc": [921735, 1]}
INFO:<Node 9>:{"send": false, "recv": true, "to": 9, "from": 1, "vc": [22, 33, 31, 22, 20, 29, 36, 28, 35, 39], "hlc": [921735, 1]}
INFO:<Node 9>:{"send": false, "recv": true, "to": 9, "from": 2, "vc": [24, 33, 35, 29, 25, 29, 40, 31, 37, 40], "hlc": [921735, 2]}
INFO:<Node 1>:{"send": true, "recv": false, "from": 1, "to": 8, "vc": [22, 34, 31, 22, 20, 29, 36, 28, 35, 34], "hlc": [921733, 5]}
INFO:<Node 2>:{"send": true, "recv": false, "from": 2, "to": 9, "vc": [24, 28, 36, 29, 25, 28, 40, 31, 37, 32], "hlc": [921732, 9]}
INFO:<Node 3>:{"send": true, "recv": false, "from": 3, "to": 2, "vc": [31, 25, 28, 33, 28, 32, 48, 32, 42, 36], "hlc": [921734, 6]}
INFO:<Node 4>:{"send": true, "recv": false, "from": 4, "to": 3, "vc": [34, 30, 31, 25, 34, 29, 38, 32, 35, 35], "hlc": [921733, 6]}
INFO:<Node 5>:{"send": true, "recv": false, "from": 5, "to": 6, "vc": [28, 28, 33, 26, 27, 35, 42, 31, 44, 32], "hlc": [921733, 8]}
INFO:<Node 7>:{"send": true, "recv": false, "from": 7, "to": 2, "vc": [31, 28, 33, 26, 28, 34, 49, 37, 44, 36], "hlc": [921735, 2]}
INFO:<Node 8>:{"send": true, "recv": false, "from": 8, "to": 7, "vc": [28, 32, 33, 26, 27, 31, 42, 31, 48, 37], "hlc": [921734, 4]}
INFO:<Node 9>:{"send": true, "recv": false, "from": 9, "to": 8, "vc": [24, 33, 35, 29, 25, 29, 40, 31, 37, 41], "hlc": [921735, 3]}
INFO:<Node 2>:{"send": false, "recv": true, "to": 2, "from": 3, "vc": [31, 28, 37, 33, 28, 32, 48, 32, 42, 36], "hlc": [921734, 7]}
INFO:<Node 2>:{"send": false, "recv": true, "to": 2, "from": 7, "vc": [31, 28, 38, 33, 28, 34, 49, 37, 44, 36], "hlc": [921735, 3]}
INFO:<Node 3>:{"send": false, "recv": true, "to": 3, "from": 4, "vc": [34, 30, 31, 34, 34, 32, 48, 32, 42, 36], "hlc": [921734, 7]}
INFO:<Node 6>:{"send": false, "recv": true, "to": 6, "from": 5, "vc": [31, 32, 33, 32, 28, 35, 52, 32, 47, 37], "hlc": [921736, 0]}
INFO:<Node 7>:{"send": false, "recv": true, "to": 7, "from": 8, "vc": [31, 32, 33, 26, 28, 34, 49, 38, 48, 37], "hlc": [921735, 3]}
INFO:<Node 8>:{"send": false, "recv": true, "to": 8, "from": 1, "vc": [28, 34, 33, 26, 27, 31, 42, 31, 49, 37], "hlc": [921734, 5]}
INFO:<Node 8>:{"send": false, "recv": true, "to": 8, "from": 9, "vc": [28, 34, 35, 29, 27, 31, 42, 31, 50, 41], "hlc": [921735, 4]}
INFO:<Node 9>:{"send": false, "recv": true, "to": 9, "from": 2, "vc": [24, 33, 36, 29, 25, 29, 40, 31, 37, 42], "hlc": [921736, 0]}
INFO:<Node 1>:{"send": true, "recv": false, "from": 1, "to": 0, "vc": [22, 35, 31, 22, 20, 29, 36, 28, 35, 34], "hlc": [921733, 6]}
INFO:<Node 2>:{"send": true, "recv": false, "from": 2, "to": 6, "vc": [31, 28, 39, 33, 28, 34, 49, 37, 44, 36], "hlc": [921735, 4]}
INFO:<Node 3>:{"send": true, "recv": false, "from": 3, "to": 5, "vc": [34, 30, 31, 35, 34, 32, 48, 32, 42, 36], "hlc": [921734, 8]}
INFO:<Node 4>:{"send": true, "recv": false, "from": 4, "to": 2, "vc": [34, 30, 31, 25, 35, 29, 38, 32, 35, 35], "hlc": [921733, 7]}
INFO:<Node 5>:{"send": true, "recv": false, "from": 5, "to": 6, "vc": [28, 28, 33, 26, 27, 36, 42, 31, 44, 32], "hlc": [921733, 9]}
INFO:<Node 7>:{"send": true, "recv": false, "from": 7, "to": 0, "vc": [31, 32, 33, 26, 28, 34, 49, 39, 48, 37], "hlc": [921735, 4]}
INFO:<Node 8>:{"send": true, "recv": false, "from": 8, "to": 9, "vc": [28, 34, 35, 29, 27, 31, 42, 31, 51, 41], "hlc": [921735, 5]}
INFO:<Node 0>:{"send": false, "recv": true, "to": 0, "from": 1, "vc": [36, 35, 31, 25, 30, 29, 38, 32, 35, 38], "hlc": [921735, 2]}
INFO:<Node 0>:{"send": false, "recv": true, "to": 0, "from": 7, "vc": [37, 35, 33, 26, 30, 34, 49, 39, 48, 38], "hlc": [921735, 5]}
INFO:<Node 2>:{"send": false, "recv": true, "to": 2, "from": 4, "vc": [34, 30, 40, 33, 35, 34, 49, 37, 44, 36], "hlc": [921735, 5]}
INFO:<Node 5>:{"send": false, "recv": true, "to": 5, "from": 3, "vc": [34, 30, 33, 35, 34, 37, 48, 32, 44, 36], "hlc": [921734, 9]}
INFO:<Node 6>:{"send": false, "recv": true, "to": 6, "from": 2, "vc": [31, 32, 39, 33, 28, 35, 53, 37, 47, 37], "hlc": [921736, 1]}
INFO:<Node 6>:{"send": false, "recv": true, "to": 6, "from": 5, "vc": [31, 32, 39, 33, 28, 36, 54, 37, 47, 37], "hlc": [921736, 2]}
INFO:<Node 9>:{"send": false, "recv": true, "to": 9, "from": 8, "vc": [28, 34, 36, 29, 27, 31, 42, 31, 51, 43], "hlc": [921736, 1]}
INFO:<Node 0>:{"send": true, "recv": false, "from": 0, "to": 3, "vc": [38, 35, 33, 26, 30, 34, 49, 39, 48, 38], "hlc": [921735, 6]}
INFO:<Node 1>:{"send": true, "recv": false, "from": 1, "to": 5, "vc": [22, 36, 31, 22, 20, 29, 36, 28, 35, 34], "hlc": [921733, 7]}
INFO:<Node 2>:{"send": true, "recv": false, "from": 2, "to": 5, "vc": [34, 30, 41, 33, 35, 34, 49, 37, 44, 36], "hlc": [921735, 6]}
INFO:<Node 3>:{"send": true, "recv": false, "from": 3, "to": 2, "vc": [34, 30, 31, 36, 34, 32, 48, 32, 42, 36], "hlc": [921734, 9]}
INFO:<Node 6>:{"send": true, "recv": false, "from": 6, "to": 9, "vc": [31, 32, 39, 33, 28, 36, 55, 37, 47, 37], "hlc": [921736, 3]}
INFO:<Node 7>:{"send": true, "recv": false, "from": 7, "to": 3, "vc": [31, 32, 33, 26, 28, 34, 49, 40, 48, 37], "hlc": [921736, 0]}
INFO:<Node 8>:{"send": true, "recv": false, "from": 8, "to": 9, "vc": [28, 34, 35, 29, 27, 31, 42, 31, 52, 41], "hlc": [921735, 6]}
INFO:<Node 9>:{"send": true, "recv": false, "from": 9, "to": 4, "vc": [28, 34, 36, 29, 27, 31, 42, 31, 51, 44], "hlc": [921736, 2]}
INFO:<Node 2>:{"send": false, "recv": true, "to": 2, "from": 3, "vc": [34, 30, 42, 36, 35, 34, 49, 37, 44, 36], "hlc": [921735, 7]}
INFO:<Node 3>:{"send": false, "recv": true, "to": 3, "from": 0, "vc": [38, 35, 33, 37, 34, 34, 49, 39, 48, 38], "hlc": [921735, 7]}
INFO:<Node 3>:{"send": false, "recv": true, "to": 3, "from": 7, "vc": [38, 35, 33, 38, 34, 34, 49, 40, 48, 38], "hlc": [921736, 1]}
INFO:<Node 4>:{"send": false, "recv": true, "to": 4, "from": 9, "vc": [34, 34, 36, 29, 36, 31, 42, 32, 51, 44], "hlc": [921736, 3]}
INFO:<Node 5>:{"send": false, "recv": true, "to": 5, "from": 1, "vc": [34, 36, 33, 35, 34, 38, 48, 32, 44, 36], "hlc": [921734, 10]}
INFO:<Node 5>:{"send": false, "recv": true, "to": 5, "from": 2, "vc": [34, 36, 41, 35, 35, 39, 49, 37, 44, 36], "hlc": [921735, 7]}
INFO:<Node 9>:{"send": false, "recv": true, "to": 9, "from": 6, "vc": [31, 34, 39, 33, 28, 36, 55, 37, 51, 45], "hlc": [921737, 0]}
INFO:<Node 9>:{"send": false, "recv": true, "to": 9, "from": 8, "vc": [31, 34, 39, 33, 28, 36, 55, 37, 52, 46], "hlc": [921737, 1]}
INFO:<Node 2>:{"send": true, "recv": false, "from": 2, "to": 4, "vc": [34, 30, 43, 36, 35, 34, 49, 37, 44, 36], "hlc": [921735, 8]}
INFO:<Node 3>:{"send": true, "recv": false, "from": 3, "to": 0, "vc": [38, 35, 33, 39, 34, 34, 49, 40, 48, 38], "hlc": [921736, 2]}
INFO:<Node 0>:{"send": false, "recv": true, "to": 0, "from": 3, "vc": [39, 35, 33, 39, 34, 34, 49, 40, 48, 38], "hlc": [921736, 3]}
INFO:<Node 4>:{"send": false, "recv": true, "to": 4, "from": 2, "vc": [34, 34, 43, 36, 37, 34, 49, 37, 51, 44], "hlc": [921736, 4]}
INFO:<Node 0>:{"send": true, "recv": false, "from": 0, "to": 4, "vc": [40, 35, 33, 39, 34, 34, 49, 40, 48, 38], "hlc": [921736, 4]}
INFO:<Node 1>:{"send": true, "recv": false, "from": 1, "to": 5, "vc": [22, 37, 31, 22, 20, 29, 36, 28, 35, 34], "hlc": [921733, 8]}
INFO:<Node 2>:{"send": true, "recv": false, "from": 2, "to": 1, "vc": [34, 30, 44, 36, 35, 34, 49, 37, 44, 36], "hlc": [921735, 9]}
INFO:<Node 4>:{"send": true, "recv": false, "from": 4, "to": 3, "vc": [34, 34, 43, 36, 38, 34, 49, 37, 51, 44], "hlc": [921736, 5]}
INFO:<Node 5>:{"send": true, "recv": false, "from": 5, "to": 1, "vc": [34, 36, 41, 35, 35, 40, 49, 37, 44, 36], "hlc": [921735, 8]}
INFO:<Node 6>:{"send": true, "recv": false, "from": 6, "to": 3, "vc": [31, 32, 39, 33, 28, 36, 56, 37, 47, 37], "hlc": [921737, 0]}
INFO:<Node 7>:{"send": true, "recv": false, "from": 7, "to": 5, "vc": [31, 32, 33, 26, 28, 34, 49, 41, 48, 37], "hlc": [921737, 0]}
INFO:<Node 8>:{"send": true, "recv": false, "from": 8, "to": 2, "vc": [28, 34, 35, 29, 27, 31, 42, 31, 53, 41], "hlc": [921735, 7]}
INFO:<Node 1>:{"send": false, "recv": true, "to": 1, "from": 2, "vc": [34, 38, 44, 36, 35, 34, 49, 37, 44, 36], "hlc": [921735, 10]}
INFO:<Node 1>:{"send": false, "recv": true, "to": 1, "from": 5, "vc": [34, 39, 44, 36, 35, 40, 49, 37, 44, 36], "hlc": [921735, 11]}
INFO:<Node 2>:{"send": false, "recv": true, "to": 2, "from": 8, "vc": [34, 34, 45, 36, 35, 34, 49, 37, 53, 41], "hlc": [921735, 10]}
INFO:<Node 3>:{"send": false, "recv": true, "to": 3, "from": 4, "vc": [38, 35, 43, 40, 38, 34, 49, 40, 51, 44], "hlc": [921736, 6]}
INFO:<Node 3>:{"send": false, "recv": true, "to": 3, "from": 6, "vc": [38, 35, 43, 41, 38, 36, 56, 40, 51, 44], "hlc": [921737, 1]}
INFO:<Node 4>:{"send": false, "recv": true, "to": 4, "from": 0, "vc": [40, 35, 43, 39, 39, 34, 49, 40, 51, 44], "hlc": [921736, 6]}
INFO:<Node 5>:{"send": false, "recv": true, "to": 5, "from": 1, "vc": [34, 37, 41, 35, 35, 41, 49, 37, 44, 36], "hlc": [921735, 9]}
INFO:<Node 5>:{"send": false, "recv": true, "to": 5, "from": 7, "vc": [34, 37, 41, 35, 35, 42, 49, 41, 48, 37], "hlc": [921737, 1]}
INFO:<Node 1>:{"send": true, "recv": false, "from": 1, "to": 3, "vc": [34, 40, 44, 36, 35, 40, 49, 37, 44, 36], "hlc": [921735, 12]}
INFO:<Node 2>:{"send": true, "recv": false, "from": 2, "to": 1, "vc": [34, 34, 46, 36, 35, 34, 49, 37, 53, 41], "hlc": [921735, 11]}
INFO:<Node 4>:{"send": true, "recv": false, "from": 4, "to": 0, "vc": [40, 35, 43, 39, 40, 34, 49, 40, 51, 44], "hlc": [921736, 7]}
INFO:<Node 6>:{"send": true, "recv": false, "from": 6, "to": 5, "vc": [31, 32, 39, 33, 28, 36, 57, 37, 47, 37], "hlc": [921738, 0]}
INFO:<Node 7>:{"send": true, "recv": false, "from": 7, "to": 1, "vc": [31, 32, 33, 26, 28, 34, 49, 42, 48, 37], "hlc": [921737, 1]}
INFO:<Node 9>:{"send": true, "recv": false, "from": 9, "to": 8, "vc": [31, 34, 39, 33, 28, 36, 55, 37, 52, 47], "hlc": [921738, 0]}
INFO:<Node 0>:{"send": false, "recv": true, "to": 0, "from": 4, "vc": [41, 35, 43, 39, 40, 34, 49, 40, 51, 44], "hlc": [921736, 8]}
INFO:<Node 1>:{"send": false, "recv": true, "to": 1, "from": 2, "vc": [34, 41, 46, 36, 35, 40, 49, 37, 53, 41], "hlc": [921735, 13]}
INFO:<Node 1>:{"send": false, "recv": true, "to": 1, "from": 7, "vc": [34, 42, 46, 36, 35, 40, 49, 42, 53, 41], "hlc": [921737, 2]}
INFO:<Node 3>:{"send": false, "recv": true, "to": 3, "from": 1, "vc": [38, 40, 44, 42, 38, 40, 56, 40, 51, 44], "hlc": [921737, 2]}
INFO:<Node 5>:{"send": false, "recv": true, "to": 5, "from": 6, "vc": [34, 37, 41, 35, 35, 43, 57, 41, 48, 37], "hlc": [921738, 1]}
INFO:<Node 8>:{"send": false, "recv": true, "to": 8, "from": 9, "vc": [31, 34, 39, 33, 28, 36, 55, 37, 54, 47], "hlc": [921738, 1]}
INFO:<Node 1>:{"send": true, "recv": false, "from": 1, "to": 6, "vc": [34, 43, 46, 36, 35, 40, 49, 42, 53, 41], "hlc": [921737, 3]}
INFO:<Node 3>:{"send": true, "recv": false, "from": 3, "to": 4, "vc": [38, 40, 44, 43, 38, 40, 56, 40, 51, 44], "hlc": [921737, 3]}
INFO:<Node 4>:{"send": true, "recv": false, "from": 4, "to": 7, "vc": [40, 35, 43, 39, 41, 34, 49, 40, 51, 44], "hlc": [921736, 8]}
INFO:<Node 5>:{"send": true, "recv": false, "from": 5, "to": 9, "vc": [34, 37, 41, 35, 35, 44, 57, 41, 48, 37], "hlc": [921738, 2]}
INFO:<Node 6>:{"send": true, "recv": false, "from": 6, "to": 1, "vc": [31, 32, 39, 33, 28, 36, 58, 37, 47, 37], "hlc": [921738, 1]}
INFO:<Node 7>:{"send": true, "recv": false, "from": 7, "to": 3, "vc": [31, 32, 33, 26, 28, 34, 49, 43, 48, 37], "hlc": [921738, 0]}
INFO:<Node 8>:{"send": true, "recv": false, "from": 8, "to": 2, "vc": [31, 34, 39, 33, 28, 36, 55, 37, 55, 47], "hlc": [921738, 2]}
INFO:<Node 1>:{"send": false, "recv": true, "to": 1, "from": 6, "vc": [34, 44, 46, 36, 35, 40, 58, 42, 53, 41], "hlc": [921738, 2]}
INFO:<Node 2>:{"send": false, "recv": true, "to": 2, "from": 8, "vc": [34, 34, 47, 36, 35, 36, 55, 37, 55, 47], "hlc": [921738, 3]}
INFO:<Node 3>:{"send": false, "recv": true, "to": 3, "from": 7, "vc": [38, 40, 44, 44, 38, 40, 56, 43, 51, 44], "hlc": [921738, 1]}
INFO:<Node 4>:{"send": false, "recv": true, "to": 4, "from": 3, "vc": [40, 40, 44, 43, 42, 40, 56, 40, 51, 44], "hlc": [921737, 4]}
INFO:<Node 6>:{"send": false, "recv": true, "to": 6, "from": 1, "vc": [34, 43, 46, 36, 35, 40, 59, 42, 53, 41], "hlc": [921739, 0]}
INFO:<Node 7>:{"send": false, "recv": true, "to": 7, "from": 4, "vc": [40, 35, 43, 39, 41, 34, 49, 44, 51, 44], "hlc": [921738, 1]}
INFO:<Node 9>:{"send": false, "recv": true, "to": 9, "from": 5, "vc": [34, 37, 41, 35, 35, 44, 57, 41, 52, 48], "hlc": [921739, 0]}
INFO:<Node 0>:{"send": true, "recv": false, "from": 0, "to": 2, "vc": [42, 35, 43, 39, 40, 34, 49, 40, 51, 44], "hlc": [921736, 9]}
INFO:<Node 1>:{"send": true, "recv": false, "from": 1, "to": 2, "vc": [34, 45, 46, 36, 35, 40, 58, 42, 53, 41], "hlc": [921738, 3]}
INFO:<Node 7>:{"send": true, "recv": false, "from": 7, "to": 5, "vc": [40, 35, 43, 39, 41, 34, 49, 45, 51, 44], "hlc": [921738, 2]}
INFO:<Node 2>:{"send": false, "recv": true, "to": 2, "from": 0, "vc": [42, 35, 48, 39, 40, 36, 55, 40, 55, 47], "hlc": [921738, 4]}
INFO:<Node 2>:{"send": false, "recv": true, "to": 2, "from": 1, "vc": [42, 45, 49, 39, 40, 40, 58, 42, 55, 47], "hlc": [921738, 5]}
INFO:<Node 5>:{"send": false, "recv": true, "to": 5, "from": 7, "vc": [40, 37, 43, 39, 41, 45, 57, 45, 51, 44], "hlc": [921738, 3]}
INFO:<Node 3>:{"send": true, "recv": false, "from": 3, "to": 8, "vc": [38, 40, 44, 45, 38, 40, 56, 43, 51, 44], "hlc": [921738, 2]}
INFO:<Node 5>:{"send": true, "recv": false, "from": 5, "to": 8, "vc": [40, 37, 43, 39, 41, 46, 57, 45, 51, 44], "hlc": [921738, 4]}
INFO:<Node 8>:{"send": true, "recv": false, "from": 8, "to": 6, "vc": [31, 34, 39, 33, 28, 36, 55, 37, 56, 47], "hlc": [921738, 3]}
INFO:<Node 6>:{"send": false, "recv": true, "to": 6, "from": 8, "vc": [34, 43, 46, 36, 35, 40, 60, 42, 56, 47], "hlc": [921740, 0]}
INFO:<Node 8>:{"send": false, "recv": true, "to": 8, "from": 3, "vc": [38, 40, 44, 45, 38, 40, 56, 43, 57, 47], "hlc": [921738, 4]}
INFO:<Node 8>:{"send": false, "recv": true, "to": 8, "from": 5, "vc": [40, 40, 44, 45, 41, 46, 57, 45, 58, 47], "hlc": [921738, 5]}
INFO:<Node 1>:{"send": true, "recv": false, "from": 1, "to": 6, "vc": [34, 46, 46, 36, 35, 40, 58, 42, 53, 41], "hlc": [921738, 4]}
INFO:<Node 3>:{"send": true, "recv": false, "from": 3, "to": 4, "vc": [38, 40, 44, 46, 38, 40, 56, 43, 51, 44], "hlc": [921738, 3]}
INFO:<Node 4>:{"send": true, "recv": false, "from": 4, "to": 7, "vc": [40, 40, 44, 43, 43, 40, 56, 40, 51, 44], "hlc": [921737, 5]}
INFO:<Node 8>:{"send": true, "recv": false, "from": 8, "to": 9, "vc": [40, 40, 44, 45, 41, 46, 57, 45, 59, 47], "hlc": [921738, 6]}
INFO:<Node 9>:{"send": true, "recv": false, "from": 9, "to": 8, "vc": [34, 37, 41, 35, 35, 44, 57, 41, 52, 49], "hlc": [921740, 0]}
INFO:<Node 4>:{"send": false, "recv": true, "to": 4, "from": 3, "vc": [40, 40, 44, 46, 44, 40, 56, 43, 51, 44], "hlc": [921738, 4]}
INFO:<Node 6>:{"send": false, "recv": true, "to": 6, "from": 1, "vc": [34, 46, 46, 36, 35, 40, 61, 42, 56, 47], "hlc": [921740, 1]}
INFO:<Node 7>:{"send": false, "recv": true, "to": 7, "from": 4, "vc": [40, 40, 44, 43, 43, 40, 56, 46, 51, 44], "hlc": [921740, 0]}
INFO:<Node 8>:{"send": false, "recv": true, "to": 8, "from": 9, "vc": [40, 40, 44, 45, 41, 46, 57, 45, 60, 49], "hlc": [921740, 1]}
INFO:<Node 9>:{"send": false, "recv": true, "to": 9, "from": 8, "vc": [40, 40, 44, 45, 41, 46, 57, 45, 59, 50], "hlc": [921740, 1]}
INFO:<Node 0>:{"send": true, "recv": false, "from": 0, "to": 8, "vc": [43, 35, 43, 39, 40, 34, 49, 40, 51, 44], "hlc": [921736, 10]}
INFO:<Node 1>:{"send": true, "recv": false, "from": 1, "to": 6, "vc": [34, 47, 46, 36, 35, 40, 58, 42, 53, 41], "hlc": [921738, 5]}
INFO:<Node 2>:{"send": true, "recv": false, "from": 2, "to": 9, "vc": [42, 45, 50, 39, 40, 40, 58, 42, 55, 47], "hlc": [921738, 6]}
INFO:<Node 3>:{"send": true, "recv": false, "from": 3, "to": 0, "vc": [38, 40, 44, 47, 38, 40, 56, 43, 51, 44], "hlc": [921738, 4]}
INFO:<Node 8>:{"send": true, "recv": false, "from": 8, "to": 1, "vc": [40, 40, 44, 45, 41, 46, 57, 45, 61, 49], "hlc": [921740, 2]}
INFO:<Node 0>:{"send": false, "recv": true, "to": 0, "from": 3, "vc": [44, 40, 44, 47, 40, 40, 56, 43, 51, 44], "hlc": [921738, 5]}
INFO:<Node 1>:{"send": false, "recv": true, "to": 1, "from": 8, "vc": [40, 48, 46, 45, 41, 46, 58, 45, 61, 49], "hlc": [921740, 3]}
INFO:<Node 6>:{"send": false, "recv": true, "to": 6, "from": 1, "vc": [34, 47, 46, 36, 35, 40, 62, 42, 56, 47], "hlc": [921741, 0]}
INFO:<Node 8>:{"send": false, "recv": true, "to": 8, "from": 0, "vc": [43, 40, 44, 45, 41, 46, 57, 45, 62, 49], "hlc": [921740, 3]}
INFO:<Node 9>:{"send": false, "recv": true, "to": 9, "from": 2, "vc": [42, 45, 50, 45, 41, 46, 58, 45, 59, 51], "hlc": [921741, 0]}
INFO:<Node 0>:{"send": true, "recv": false, "from": 0, "to": 6, "vc": [45, 40, 44, 47, 40, 40, 56, 43, 51, 44], "hlc": [921738, 6]}
INFO:<Node 1>:{"send": true, "recv": false, "from": 1, "to": 9, "vc": [40, 49, 46, 45, 41, 46, 58, 45, 61, 49], "hlc": [921740, 4]}
INFO:<Node 2>:{"send": true, "recv": false, "from": 2, "to": 3, "vc": [42, 45, 51, 39, 40, 40, 58, 42, 55, 47], "hlc": [921738, 7]}
INFO:<Node 3>:{"send": true, "recv": false, "from": 3, "to": 0, "vc": [38, 40, 44, 48, 38, 40, 56, 43, 51, 44], "hlc": [921738, 5]}
INFO:<Node 4>:{"send": true, "recv": false, "from": 4, "to": 1, "vc": [40, 40, 44, 46, 45, 40, 56, 43, 51, 44], "hlc": [921738, 5]}
INFO:<Node 5>:{"send": true, "recv": false, "from": 5, "to": 7, "vc": [40, 37, 43, 39, 41, 47, 57, 45, 51, 44], "hlc": [921738, 5]}
INFO:<Node 7>:{"send": true, "recv": false, "from": 7, "to": 5, "vc": [40, 40, 44, 43, 43, 40, 56, 47, 51, 44], "hlc": [921740, 1]}
INFO:<Node 9>:{"send": true, "recv": false, "from": 9, "to": 7, "vc": [42, 45, 50, 45, 41, 46, 58, 45, 59, 52], "hlc": [921741, 1]}
INFO:<Node 0>:{"send": false, "recv": true, "to": 0, "from": 3, "vc": [46, 40, 44, 48, 40, 40, 56, 43, 51, 44], "hlc": [921738, 7]}
INFO:<Node 1>:{"send": false, "recv": true, "to": 1, "from": 4, "vc": [40, 50, 46, 46, 45, 46, 58, 45, 61, 49], "hlc": [921740, 5]}
INFO:<Node 3>:{"send": false, "recv": true, "to": 3, "from": 2, "vc": [42, 45, 51, 49, 40, 40, 58, 43, 55, 47], "hlc": [921738, 8]}
INFO:<Node 5>:{"send": false, "recv": true, "to": 5, "from": 7, "vc": [40, 40, 44, 43, 43, 48, 57, 47, 51, 44], "hlc": [921740, 2]}
INFO:<Node 6>:{"send": false, "recv": true, "to": 6, "from": 0, "vc": [45, 47, 46, 47, 40, 40, 63, 43, 56, 47], "hlc": [921741, 1]}
INFO:<Node 7>:{"send": false, "recv": true, "to": 7, "from": 5, "vc": [40, 40, 44, 43, 43, 47, 57, 48, 51, 44], "hlc": [921741, 0]}
INFO:<Node 7>:{"send": false, "recv": true, "to": 7, "from": 9, "vc": [42, 45, 50, 45, 43, 47, 58, 49, 59, 52], "hlc": [921741, 2]}
INFO:<Node 9>:{"send": false, "recv": true, "to": 9, "from": 1, "vc": [42, 49, 50, 45, 41, 46, 58, 45, 61, 53], "hlc": [921741, 2]}
INFO:<Node 0>:{"send": true, "recv": false, "from": 0, "to": 3, "vc": [47, 40, 44, 48, 40, 40, 56, 43, 51, 44], "hlc": [921738, 8]}
INFO:<Node 4>:{"send": true, "recv": false, "from": 4, "to": 7, "vc": [40, 40, 44, 46, 46, 40, 56, 43, 51, 44], "hlc": [921738, 6]}
INFO:<Node 5>:{"send": true, "recv": false, "from": 5, "to": 7, "vc": [40, 40, 44, 43, 43, 49, 57, 47, 51, 44], "hlc": [921740, 3]}
INFO:<Node 6>:{"send": true, "recv": false, "from": 6, "to": 7, "vc": [45, 47, 46, 47, 40, 40, 64, 43, 56, 47], "hlc": [921741, 2]}
INFO:<Node 7>:{"send": true, "recv": false, "from": 7, "to": 0, "vc": [42, 45, 50, 45, 43, 47, 58, 50, 59, 52], "hlc": [921741, 3]}
INFO:<Node 0>:{"send": false, "recv": true, "to": 0, "from": 7, "vc": [48, 45, 50, 48, 43, 47, 58, 50, 59, 52], "hlc": [921741, 4]}
INFO:<Node 3>:{"send": false, "recv": true, "to": 3, "from": 0, "vc": [47, 45, 51, 50, 40, 40, 58, 43, 55, 47], "hlc": [921738, 9]}
INFO:<Node 7>:{"send": false, "recv": true, "to": 7, "from": 4, "vc": [42, 45, 50, 46, 46, 47, 58, 51, 59, 52], "hlc": [921741, 4]}
INFO:<Node 7>:{"send": false, "recv": true, "to": 7, "from": 5, "vc": [42, 45, 50, 46, 46, 49, 58, 52, 59, 52], "hlc": [921741, 5]}
INFO:<Node 7>:{"send": false, "recv": true, "to": 7, "from": 6, "vc": [45, 47, 50, 47, 46, 49, 64, 53, 59, 52], "hlc": [921741, 6]}
INFO:<Node 4>:{"send": true, "recv": false, "from": 4, "to": 9, "vc": [40, 40, 44, 46, 47, 40, 56, 43, 51, 44], "hlc": [921738, 7]}
INFO:<Node 5>:{"send": true, "recv": false, "from": 5, "to": 2, "vc": [40, 40, 44, 43, 43, 50, 57, 47, 51, 44], "hlc": [921740, 4]}
INFO:<Node 6>:{"send": true, "recv": false, "from": 6, "to": 3, "vc": [45, 47, 46, 47, 40, 40, 65, 43, 56, 47], "hlc": [921742, 0]}
INFO:<Node 7>:{"send": true, "recv": false, "from": 7, "to": 2, "vc": [45, 47, 50, 47, 46, 49, 64, 54, 59, 52], "hlc": [921741, 7]}
INFO:<Node 8>:{"send": true, "recv": false, "from": 8, "to": 1, "vc": [43, 40, 44, 45, 41, 46, 57, 45, 63, 49], "hlc": [921740, 4]}
INFO:<Node 9>:{"send": true, "recv": false, "from": 9, "to": 4, "vc": [42, 49, 50, 45, 41, 46, 58, 45, 61, 54], "hlc": [921742, 0]}
INFO:<Node 1>:{"send": false, "recv": true, "to": 1, "from": 8, "vc": [43, 51, 46, 46, 45, 46, 58, 45, 63, 49], "hlc": [921740, 6]}
INFO:<Node 2>:{"send": false, "recv": true, "to": 2, "from": 5, "vc": [42, 45, 52, 43, 43, 50, 58, 47, 55, 47], "hlc": [921740, 5]}
INFO:<Node 2>:{"send": false, "recv": true, "to": 2, "from": 7, "vc": [45, 47, 53, 47, 46, 50, 64, 54, 59, 52], "hlc": [921741, 8]}
INFO:<Node 3>:{"send": false, "recv": true, "to": 3, "from": 6, "vc": [47, 47, 51, 51, 40, 40, 65, 43, 56, 47], "hlc": [921742, 1]}
INFO:<Node 4>:{"send": false, "recv": true, "to": 4, "from": 9, "vc": [42, 49, 50, 46, 48, 46, 58, 45, 61, 54], "hlc": [921742, 1]}
INFO:<Node 9>:{"send": false, "recv": true, "to": 9, "from": 4, "vc": [42, 49, 50, 46, 47, 46, 58, 45, 61, 55], "hlc": [921742, 1]}
INFO:<Node 0>:{"send": true, "recv": false, "from": 0, "to": 9, "vc": [49, 45, 50, 48, 43, 47, 58, 50, 59, 52], "hlc": [921741, 5]}
INFO:<Node 1>:{"send": true, "recv": false, "from": 1, "to": 6, "vc": [43, 52, 46, 46, 45, 46, 58, 45, 63, 49], "hlc": [921740, 7]}
INFO:<Node 2>:{"send": true, "recv": false, "from": 2, "to": 0, "vc": [45, 47, 54, 47, 46, 50, 64, 54, 59, 52], "hlc": [921741, 9]}
INFO:<Node 3>:{"send": true, "recv": false, "from": 3, "to": 1, "vc": [47, 47, 51, 52, 40, 40, 65, 43, 56, 47], "hlc": [921742, 2]}
INFO:<Node 4>:{"send": true, "recv": false, "from": 4, "to": 1, "vc": [42, 49, 50, 46, 49, 46, 58, 45, 61, 54], "hlc": [921742, 2]}
INFO:<Node 5>:{"send": true, "recv": false, "from": 5, "to": 7, "vc": [40, 40, 44, 43, 43, 51, 57, 47, 51, 44], "hlc": [921740, 5]}
INFO:<Node 6>:{"send": true, "recv": false, "from": 6, "to": 2, "vc": [45, 47, 46, 47, 40, 40, 66, 43, 56, 47], "hlc": [921742, 1]}
INFO:<Node 7>:{"send": true, "recv": false, "from": 7, "to": 3, "vc": [45, 47, 50, 47, 46, 49, 64, 55, 59, 52], "hlc": [921742, 0]}
INFO:<Node 8>:{"send": true, "recv": false, "from": 8, "to": 7, "vc": [43, 40, 44, 45, 41, 46, 57, 45, 64, 49], "hlc": [921740, 5]}
INFO:<Node 9>:{"send": true, "recv": false, "from": 9, "to": 0, "vc": [42, 49, 50, 46, 47, 46, 58, 45, 61, 56], "hlc": [921742, 2]}
INFO:<Node 0>:{"send": false, "recv": true, "to": 0, "from": 2, "vc": [50, 47, 54, 48, 46, 50, 64, 54, 59, 52], "hlc": [921741, 10]}
INFO:<Node 0>:{"send": false, "recv": true, "to": 0, "from": 9, "vc": [51, 49, 54, 48, 47, 50, 64, 54, 61, 56], "hlc": [921742, 3]}
INFO:<Node 1>:{"send": false, "recv": true, "to": 1, "from": 3, "vc": [47, 53, 51, 52, 45, 46, 65, 45, 63, 49], "hlc": [921742, 3]}
INFO:<Node 1>:{"send": false, "recv": true, "to": 1, "from": 4, "vc": [47, 54, 51, 52, 49, 46, 65, 45, 63, 54], "hlc": [921742, 4]}
INFO:<Node 2>:{"send": false, "recv": true, "to": 2, "from": 6, "vc": [45, 47, 55, 47, 46, 50, 66, 54, 59, 52], "hlc": [921742, 2]}
INFO:<Node 3>:{"send": false, "recv": true, "to": 3, "from": 7, "vc": [47, 47, 51, 53, 46, 49, 65, 55, 59, 52], "hlc": [921742, 3]}
INFO:<Node 6>:{"send": false, "recv": true, "to": 6, "from": 1, "vc": [45, 52, 46, 47, 45, 46, 67, 45, 63, 49], "hlc": [921743, 0]}
INFO:<Node 7>:{"send": false, "recv": true, "to": 7, "from": 5, "vc": [45, 47, 50, 47, 46, 51, 64, 56, 59, 52], "hlc": [921742, 1]}
INFO:<Node 7>:{"send": false, "recv": true, "to": 7, "from": 8, "vc": [45, 47, 50, 47, 46, 51, 64, 57, 64, 52], "hlc": [921742, 2]}
INFO:<Node 9>:{"send": false, "recv": true, "to": 9, "from": 0, "vc": [49, 49, 50, 48, 47, 47, 58, 50, 61, 57], "hlc": [921743, 0]}
INFO:<Node 3>:{"send": true, "recv": false, "from": 3, "to": 7, "vc": [47, 47, 51, 54, 46, 49, 65, 55, 59, 52], "hlc": [921742, 4]}
INFO:<Node 4>:{"send": true, "recv": false, "from": 4, "to": 9, "vc": [42, 49, 50, 46, 50, 46, 58, 45, 61, 54], "hlc": [921742, 3]}
INFO:<Node 5>:{"send": true, "recv": false, "from": 5, "to": 4, "vc": [40, 40, 44, 43, 43, 52, 57, 47, 51, 44], "hlc": [921740, 6]}
INFO:<Node 7>:{"send": true, "recv": false, "from": 7, "to": 4, "vc": [45, 47, 50, 47, 46, 51, 64, 58, 64, 52], "hlc": [921742, 3]}
INFO:<Node 9>:{"send": true, "recv": false, "from": 9, "to": 1, "vc": [49, 49, 50, 48, 47, 47, 58, 50, 61, 58], "hlc": [921743, 1]}
INFO:<Node 1>:{"send": false, "recv": true, "to": 1, "from": 9, "vc": [49, 55, 51, 52, 49, 47, 65, 50, 63, 58], "hlc": [921743, 2]}
INFO:<Node 4>:{"send": false, "recv": true, "to": 4, "from": 5, "vc": [42, 49, 50, 46, 51, 52, 58, 47, 61, 54], "hlc": [921742, 4]}
INFO:<Node 4>:{"send": false, "recv": true, "to": 4, "from": 7, "vc": [45, 49, 50, 47, 52, 52, 64, 58, 64, 54], "hlc": [921742, 5]}
INFO:<Node 7>:{"send": false, "recv": true, "to": 7, "from": 3, "vc": [47, 47, 51, 54, 46, 51, 65, 59, 64, 52], "hlc": [921743, 0]}
INFO:<Node 9>:{"send": false, "recv": true, "to": 9, "from": 4, "vc": [49, 49, 50, 48, 50, 47, 58, 50, 61, 59], "hlc": [921743, 2]}
